phonon_position
0.43795081
0.81134809
0.08339529
-0.02249653
0.36531812
0.27287223
0.10682651
0.04377108
-0.02009231
-0.01081859
0.19139540
-0.02111866
-0.15931631
-0.01867941
-0.15416772
-0.13650418
-0.00070881
0.10741985
0.21223660
0.46852046
-0.48943845
-0.11870535
-0.12537141
-0.06588432
-0.09893756
-0.07768938
-0.16775849
-0.60680501
-0.87380507
-0.74218250
-0.47042898
-0.45511377
-0.30194745
-0.21822211
-0.19123928
-0.08837826
-0.51467737
-0.56418915
-0.66708185
-0.53595119
-2.73217964
-2.66143700
-2.39684883
-2.37951016
-2.64202515
-2.20764118
-2.32328233
-2.50350166
-2.15720496
-2.12750638
-2.23735013
-2.54665652
-2.68439879
-2.52216362
-2.74784553
-2.70140298
-2.56144070
-2.23444062
-2.21028508
-2.18668856
1.17053002
1.22027969
1.11940825
0.93146693
0.70263793
0.59744385
0.59648754
0.55695386
0.54285026
0.60157189
0.51450862
0.70299621
0.83728593
0.68600116
0.80990292
1.10753764
1.22019161
1.33806226
1.23029905
1.14148789
-0.98268062
-1.12312851
-0.99871454
-1.06427112
-1.01652020
-0.95214771
-1.07567108
-1.05141205
-1.22362604
-1.27797381
-1.52852543
-1.50490937
-0.93255908
-1.15616433
-0.91155345
-0.84137924
-1.24172065
-1.31999324
-0.93646122
-0.81661668
0.21593732
0.13928983
-0.08530927
0.08769031
0.17137267
-0.08060307
0.06222129
0.03312097
-0.02364123
-0.13300865
-0.22496164
-0.36496201
-0.35668121
0.31255084
0.55451988
0.61442737
0.65634532
0.37243127
0.29948394
0.09249938
0.11223941
0.20272413
0.22529422
-0.14953241
-0.29505204
-0.30180140
-0.42964039
-0.26871373
-0.41481224
-0.39989819
-0.40525527
-0.63154848
-0.90062166
-0.94585589
-0.86959860
-0.54229037
-0.47797901
-0.20835845
-0.19874364
-0.17191561
-1.81097174
-1.56920645
-1.36102721
-1.59177611
-1.20789362
-1.19046550
-1.43950927
-1.07201148
-0.97416946
-1.00641389
-1.16525772
-0.93253395
-1.07088866
-1.39866360
-1.47535474
-1.34818244
-1.31790247
-1.32239056
-1.67822024
-1.84221617
1.05757334
0.94070292
0.66996508
0.41161903
0.39523624
0.20725885
0.64858686
0.61620224
0.57314647
0.51391146
0.56907257
0.44945728
0.67413615
0.90179539
0.80563869
0.92480325
1.20171930
0.97853215
1.21460548
1.26947103
2.90630055
3.14734470
2.94833503
2.92701652
2.69483338
2.42614284
2.71086563
2.81607772
3.08760391
2.97555503
3.23725103
3.08787103
2.87805054
3.09378282
3.21946849
3.27022538
3.30967551
3.35447567
3.16501618
3.02738778
-0.07061818
-0.08135290
0.07054733
0.24755184
0.21796071
0.01977894
0.61275652
0.51942750
-0.10624155
-0.05417869
-0.13396123
0.04277387
-0.05135189
-0.41384145
-0.25864467
-0.09611937
-0.14204500
-0.24899895
-0.05283136
0.15861638
0.65035296
0.88820548
0.44789090
0.69745234
0.50413133
0.71840114
0.45874369
0.60111729
0.82929986
1.19056055
1.20604700
1.46551396
1.21476032
0.98056800
1.06586937
0.86504119
0.97655583
0.80768512
0.71341579
0.85900795
1.81797775
1.84108725
1.76840537
1.98158621
1.95145701
2.14381568
2.25433374
2.06584035
2.39504461
2.35327473
1.90420318
2.01075674
1.80157017
2.13281502
2.02376244
2.28949247
2.05722822
2.38695210
2.09084386
2.07187468
-1.43902472
-1.46045545
-1.35006145
-1.29932399
-1.18981118
-1.33268020
-1.36591569
-1.39082347
-1.50592355
-1.56359346
-1.75750126
-1.70259830
-1.56465051
-2.10943382
-2.20075847
-2.04091727
-2.05420460
-2.00829674
-1.72261836
-1.48948706
0.25816266
-0.14267049
-0.18392867
-0.38736081
-0.51759012
-0.30504123
-0.13195401
-0.23091378
0.11591737
0.51884746
0.38090140
0.33292647
-0.16196800
-0.66079517
-0.60533320
-0.57038044
-0.40119862
-0.29454174
-0.11562169
-0.19549792
1.42111738
1.47716331
1.33789523
1.38733113
1.18179625
1.04587275
0.97619117
0.96880397
0.89737016
1.02606206
0.90685462
0.95126587
0.90622884
1.00748515
1.04484373
1.40553761
1.14801128
1.17561328
1.02694799
1.14045052
-0.54024725
-0.32188646
-0.47838537
-0.93878681
-1.02183530
-1.07163132
-0.94279444
-0.80717679
-0.77431744
-0.84509262
-0.77159489
-0.71118709
-1.10160507
-1.46204736
-1.34096696
-1.37159691
-1.14657721
-0.98847515
-1.05832373
-0.93483070
1.38181992
1.15920681
1.06505634
1.10723077
1.05499452
1.11847402
0.68911575
0.49057944
0.77491819
0.72387664
1.06045946
0.64361298
1.07109874
0.98778366
0.97864047
0.86409252
1.05937052
1.02098099
1.11560821
1.31860554
-0.50874619
-0.39686749
-0.61600839
-0.49003728
-0.37140756
-0.50742679
-0.32355121
-0.33255254
-0.56104528
-0.37441825
-0.33387928
-0.47458523
-0.11479230
-0.04143367
-0.48748782
-0.50669158
-0.59853082
-0.21747052
-0.52534029
-0.86705741
0.15168635
-0.15220476
-0.15396389
-0.08482546
-0.31450502
-0.15198191
-0.31978268
-0.43364190
-0.28832138
-0.23421879
0.14765310
0.02572145
0.12410993
0.25963616
-0.08320126
-0.27432297
-0.38685220
0.17597080
-0.04135476
-0.25033704
-1.69829768
-1.68679148
-1.63522245
-1.45640412
-1.64776363
-1.61412815
-1.74228693
-1.76761139
-1.42203494
-2.09554836
-1.91253140
-2.04226599
-2.00589670
-2.26710778
-2.16464455
-2.08482269
-2.44377432
-1.84123012
-1.87565764
-1.84573378
-0.85800488
-0.61670956
-0.55886531
-0.51577618
-0.34347210
-0.57524165
-0.75358313
-0.72066837
-0.93837916
-1.39874017
-1.32579345
-0.91836580
-0.90663419
-0.70478928
-0.89100805
-0.98960455
-1.09238935
-0.99804020
-1.16917722
-1.14613473
-0.52692801
-0.86746487
-0.79417208
-0.78549350
-0.68623225
-0.13783618
0.15207841
0.19086988
0.55025188
0.23617525
0.17439950
-0.08109096
-0.10627771
0.05761739
0.03132362
0.10354001
-0.16202573
-0.38316718
-0.20841904
-0.85964513
0.65715634
0.69140061
0.41503586
0.60987287
0.75925572
0.74227074
0.76401941
0.75368458
1.06153107
0.60281538
0.66740905
0.36240508
0.50117414
0.58180205
0.57759454
0.50693097
0.66919859
0.61169297
0.45529758
0.60454923
-1.16620119
-1.11666885
-1.52715428
-1.64858744
-1.76232819
-1.42817026
-1.38136186
-1.51633619
-1.72243256
-2.06163444
-1.73975151
-1.91170468
-1.89765907
-1.79784337
-1.46317973
-1.46356421
-1.64615951
-1.73950370
-1.47901001
-0.99215753
0.59366850
0.62831404
0.80420711
0.80836014
0.35621423
0.37979370
0.70408095
0.55842922
0.54611059
0.23735345
0.10181794
0.22518299
0.11679414
0.42464904
0.36388546
0.76588164
0.67612984
0.68890314
0.33406205
0.61227595
-2.36384316
-2.31053137
-2.00978411
-2.16858849
-2.13978854
-2.16162766
-2.16674343
-2.16210803
-1.91190032
-1.89098400
-2.03685871
-2.06118263
-1.92339105
-2.27758517
-2.55528748
-2.57430658
-2.48945740
-2.42958353
-2.24097917
-2.51425862
-0.49890021
-0.32320420
-0.41223264
-0.33407437
-0.63574931
-0.16912197
-0.25487992
-0.22498412
-0.49160172
-0.36983938
-0.20387175
-0.29169112
-0.50693338
-0.55354392
-0.32982142
-0.46203788
-0.42322179
-0.20852394
-0.05343399
0.08554135
1.47092173
1.29456386
1.46766081
1.44025751
1.35657352
1.57218256
1.91157410
1.76006567
1.73472557
1.79759539
1.85386119
1.91927446
1.78397166
1.58314507
1.22093681
1.19453316
1.11978492
0.97979401
1.00597314
1.42461159
-1.66472502
-1.52621070
-1.42525726
-1.22814181
-1.13842017
-1.16872611
-1.52764426
-1.35368247
-1.17107374
-1.30389893
-1.92126512
-1.99431612
-1.72349123
-1.70542853
-1.68203747
-1.57528016
-1.95819539
-1.60926339
-1.75062250
-1.91976290
-1.18986860
-1.37248710
-1.48800503
-1.65840356
-1.57110701
-1.40556317
-1.72328474
-1.51863860
-1.26454876
-0.53447953
-0.28316572
-0.45527091
-0.69025909
-0.91948794
-1.01406618
-0.81749190
-0.94559266
-1.08089201
-0.79792161
-0.96754917
0.50034829
0.51585603
0.38935685
0.53226005
0.76008547
0.55858689
0.42641549
0.52752564
0.81960232
1.04725878
0.87130582
0.79426305
0.80862762
0.94777949
0.84620622
0.63267455
0.40094664
0.21224532
0.79548583
0.55410345
-0.84633800
-0.95896185
-0.75554340
-0.97364548
-0.79591099
-0.95486974
-1.11558874
-0.77965917
-0.77548372
-0.72915993
-0.84975488
-0.77896954
-0.94115882
-0.68527368
-1.03375755
-0.78968856
-0.74544766
-0.76674573
-0.78368082
-0.99318851
1.39574603
1.58110317
1.54679199
1.53431502
1.59478420
1.70567523
1.85397544
2.33037653
1.92798898
1.66838134
1.76504242
1.73320046
1.67562675
1.79989438
1.93969134
1.69131746
1.57721758
1.73774229
1.66641450
1.66080568
-0.38211948
-0.36587186
0.09576479
0.13937407
0.03951438
-0.24365873
0.12765318
-0.06410771
0.02350760
-0.18940809
-0.16848761
0.12256390
-0.05813491
-0.17639398
-0.18181571
-0.51713870
-0.52388380
-0.72499217
-0.46397139
-0.40887194
0.45939083
0.52027609
0.59058327
0.78254578
0.98669192
1.07501721
0.81597696
0.86150697
0.31226420
0.40508119
0.58007410
0.54142726
0.73777070
0.57311959
0.27874629
0.12029880
0.07429474
0.55535438
0.90215521
0.86044040
1.80086392
1.64384896
1.73815200
2.01584923
1.81362615
1.93717009
1.61171749
1.38512424
1.37875456
1.44048733
1.61777409
1.60011317
1.50839042
1.53695100
1.83533896
1.82867520
2.07061669
2.34932408
2.35774101
2.10047153
1.83377561
1.57799369
1.79315120
1.81075346
1.90832130
2.36524554
2.23544060
2.27857150
2.40626426
2.33789613
2.01191239
1.95635969
1.85843748
1.64340083
1.61706806
1.65901490
1.44011012
1.34612569
1.39537122
1.67604932
0.44666561
0.52682452
0.26432456
0.20971910
0.28627588
0.10953684
0.06880113
0.11048079
0.10153686
0.05034906
0.27718158
0.31885438
0.10658740
0.05460896
0.27259286
0.25959041
-0.00189301
-0.03549646
0.20262144
0.34525366
-2.04024379
-1.73487339
-2.07334660
-1.85791723
-1.57518150
-1.81007418
-1.78594120
-2.28431658
-2.46166884
-2.59509830
-2.59076668
-2.45433811
-2.28216153
-2.00157196
-1.75855690
-1.61640163
-1.65568688
-1.81437217
-1.80297939
-1.95866254
1.32988696
1.53275868
1.46191884
1.12446492
0.95944143
0.87148622
1.12405191
1.31993027
1.47903928
1.51329223
1.30880091
1.16455812
1.40986942
1.36671898
1.36786887
1.30267118
1.15106465
1.13280949
1.31053104
1.30963436
0.09590002
0.13315853
0.17194072
-0.03015558
-0.01035789
-0.13148428
-0.14171061
-0.35088150
-0.66804122
-0.23649065
-0.13377921
-0.61002923
-0.56696545
-0.37721212
-0.29472716
-0.13620215
-0.15911749
-0.09796427
-0.10739569
0.11202452
-2.53703112
-2.31758351
-2.31208520
-2.20677859
-2.08684937
-1.98302807
-1.73919537
-2.20995382
-1.87986599
-1.72207053
-1.66808206
-1.64040485
-1.91015214
-2.26606122
-2.10104906
-2.76189963
-2.74889790
-2.44445860
-2.30073685
-2.28038826
0.92874444
1.09551250
0.81447078
0.95544420
0.87573213
0.95537965
0.72741577
0.72364032
1.27118589
1.39375291
1.12354717
1.16317333
1.37640469
1.04997468
1.06593719
1.09321764
1.04408300
1.14841066
1.13334910
1.32887834
0.81879934
0.76455292
0.57945139
0.71699355
0.37602686
0.49447401
0.65038643
0.54438343
0.76698927
0.76912658
0.82685423
0.82132752
0.89117725
0.67771304
1.07711065
1.24184165
1.17807694
1.05786441
0.85717353
0.82738955
-1.76407389
-2.31677215
-2.12276529
-2.40798157
-2.59267214
-2.63239977
-2.88616997
-2.68638840
-2.27835217
-2.15424964
-1.87922644
-1.93580114
-1.57425788
-1.70702180
-1.62692075
-1.79214382
-1.67428618
-1.70769632
-1.79972315
-1.92822029
1.69695831
1.66403307
2.02890564
1.97291992
1.99595270
1.90129891
2.03239512
1.86351457
1.83090977
1.75041873
2.15663761
1.87741501
1.88820485
1.76849489
2.33372500
2.38437761
2.04209782
1.80932893
1.89668068
1.66773786
0.91297138
1.27583451
1.68797127
1.59483965
1.62908551
1.41642491
1.49528351
1.53798111
1.60196442
1.33594591
1.58848101
1.30713406
1.46486345
1.24433500
1.55157038
1.52464370
1.63967955
1.43179218
1.14252802
1.06277356
-1.48826387
-1.56943926
-1.49621303
-1.19551967
-1.39983868
-1.03440392
-0.95800881
-0.61870365
-0.37714079
-0.49602601
-0.48870513
-0.47573190
-0.44372234
-0.31011597
-0.48535495
-1.12540115
-0.99395223
-1.06119137
-1.43468531
-1.65409093
-1.62597700
-1.95635621
-1.57717812
-1.75608105
-1.43483286
-1.22965961
-1.03692440
-1.03435969
-1.02576493
-1.36705569
-1.56423668
-1.76753802
-1.71959423
-1.65643892
-1.63258751
-1.68001912
-1.83966752
-1.84856770
-1.98619109
-1.94478995
0.88377542
1.16787204
1.75915341
1.44496746
1.21715911
1.69556787
1.82023634
1.59568542
1.92471892
1.63873713
1.88073258
1.93715207
1.57246772
1.15221005
0.88999062
0.92626655
1.12658171
1.03502040
1.11887873
1.13464931
0.54886376
0.56994217
0.40543893
0.46960170
0.50528605
0.56778320
0.57378457
0.61880537
0.41147586
0.43966731
0.41353308
0.09276058
-0.19367059
-0.28550711
-0.08806719
0.06166133
0.08195545
0.24722540
0.26525037
0.31066697
-1.22123793
-1.28380754
-1.29323931
-1.16434809
-1.26571635
-1.15529127
-1.50609052
-1.77539705
-1.48309829
-1.49417270
-1.01505864
-1.18079282
-1.07394154
-1.46665929
-1.15818647
-1.35287853
-1.16291449
-1.22596867
-1.53171527
-1.50342616
3.16089331
3.44099480
3.52012881
3.53930318
3.82407148
3.78449918
3.51844434
3.33199819
3.25043123
3.53275129
4.00305801
4.28657251
4.35075163
3.89299209
3.92894069
3.84859045
3.54623651
3.44415732
2.98248421
2.96640825
3.21707217
3.11033417
3.00113139
3.03743974
2.75512235
2.81838533
2.83328332
2.56459526
2.37797555
1.84268137
1.56820732
1.54296375
1.75821682
1.86128763
2.21979507
2.22817439
2.39382902
2.41254324
2.58417163
2.76211626
-0.60785327
-1.14304728
-0.99998485
-0.90469431
-1.07791383
-1.01602499
-1.26851110
-1.10431291
-0.89556425
-0.86751190
-1.11006254
-0.94125430
-1.18854409
-1.62860478
-1.36187645
-1.18283598
-1.16770724
-1.04909668
-0.84552745
-0.51676856
-0.60678864
-0.65880787
-0.75175338
-0.68764311
-0.54874717
-0.40141091
-0.43436766
-0.44581674
-0.31901898
-0.24310405
-0.58434674
-0.24072844
-0.41690044
-0.19373960
-0.20087769
-0.53503978
-0.65695173
-0.13977101
0.04504885
-0.52683300
0.81455709
0.82735150
0.54389727
0.85439990
1.20536998
1.21093786
1.23152634
1.20818333
1.01875186
0.91043854
1.01771461
0.96794116
0.82819428
0.77205890
0.72827189
1.21228819
1.15068505
1.22215933
1.08000323
0.96786924
0.67855905
0.88492694
0.74184060
0.48434980
0.18015308
0.26456264
0.56353224
0.49083012
-0.00395334
0.07821250
0.16631453
0.02746024
0.15761338
0.45352213
0.13859650
-0.20249671
-0.00553476
0.11158506
0.24283306
0.56064979
-2.49948302
-2.48869408
-2.05824864
-2.05289349
-2.23272000
-1.91248902
-1.88760138
-2.16721256
-2.45231933
-2.33636776
-2.48886562
-2.45063720
-2.75081518
-2.81321084
-2.40367348
-2.33974791
-2.47410329
-2.34053910
-2.55228365
-2.44595821
1.46498745
1.49209966
1.52214252
1.48426312
1.33297272
0.91320180
0.77299485
0.86176986
0.99699319
0.91850119
1.10702212
1.14852797
1.08712813
0.85085802
0.91189000
1.20031415
0.90365005
1.27385728
1.36302748
1.36903035
-1.85462486
-1.54338416
-1.45486418
-1.32936923
-1.32894559
-1.16067659
-1.68611081
-1.71344649
-1.78675100
-1.92846994
-1.69120827
-1.35677106
-1.08702685
-1.34082751
-1.37366603
-1.77313241
-1.77942609
-1.94683915
-1.90228240
-1.51764439
0.06009035
0.09036841
0.18657185
0.15872426
0.50195377
0.45862668
0.47823553
0.46009204
0.06350635
0.19188825
0.35130241
0.20498032
-0.13849692
-0.09899557
-0.10661532
-0.78509792
-1.14686386
-0.67372713
-0.71800488
-0.39482001
-0.54367507
-0.39656473
-0.33723534
-0.45041364
-0.45827714
-0.49116339
-0.58936945
-0.79585779
-0.82332744
-1.12390398
-1.19002398
-1.30837649
-1.08108450
-1.11968362
-1.31289071
-1.08014028
-1.18963614
-1.01696384
-0.79899085
-0.51023898
1.36685614
1.27461746
1.38185388
1.07775657
0.95212321
0.66349731
0.72140072
0.68540487
0.54334164
0.53645774
0.73672437
1.27152649
1.18315976
0.95759967
1.29183146
1.55902470
1.64248025
1.18344854
1.27171768
1.13726833
-0.00583251
0.22818632
-0.04677980
0.03179059
0.26628077
0.31083939
0.47498547
0.42598163
0.01392150
-0.29004147
0.07917295
0.02343919
-0.05932894
0.23885627
0.39751712
0.29027515
0.28187333
-0.02973503
0.24972062
0.39668635
-1.98250589
-1.74181354
-1.87924418
-1.82292128
-2.12292308
-1.96130396
-1.79134923
-1.76602894
-1.76663219
-1.53234609
-1.63290062
-1.51610488
-1.46856980
-1.54765978
-1.63799603
-1.42107672
-1.34532910
-1.24463392
-1.55523291
-1.88458120
1.29609063
0.96466850
0.67356378
0.64937873
0.24899273
0.15123890
0.04143849
-0.04500036
0.14595258
0.19404839
0.43296746
0.79392357
1.41995069
1.38447749
1.10227680
1.13741123
1.16295915
1.31979004
1.17730550
1.13893563
0.48216615
0.80884888
0.50608322
0.54507423
0.81506183
0.79606189
0.97919748
0.71112160
0.63671997
0.34950791
0.56832739
0.15351829
0.15048101
0.04344837
-0.13407553
0.08423255
0.02104900
0.44454924
0.45609168
0.48388208
-0.44952982
-0.65504439
-0.89798050
-0.80458966
-0.78064212
-0.44697011
-0.74314287
-0.49455499
-0.24570325
-0.20411532
-0.35386491
-0.12119475
0.13354561
-0.14581585
-0.13703332
-0.17457250
-0.29372015
-0.56645251
-0.73734000
-0.31607025
1.10083544
1.31449311
1.36207543
0.85343302
1.05956398
1.28168615
1.09276216
1.41415336
1.36326778
1.09246328
1.56429014
1.67119875
1.55857306
1.87889722
1.53285745
1.07937819
1.15760189
0.98962976
1.09636103
1.09648083
-0.32460313
-0.28901465
-0.65691085
-1.23984329
-1.51449347
-1.54331541
-1.57141889
-1.53804408
-1.58365562
-1.49342562
-1.75346049
-1.35926077
-1.77498567
-1.51057893
-1.33788611
-1.51108348
-1.41438017
-1.25230763
-0.70028041
-0.60462790
0.98731216
0.55999689
0.34771576
0.59288035
0.36334908
0.76526880
0.77413802
0.92223518
1.23292097
1.31704876
1.57448597
1.36468371
1.17589865
1.49094826
1.28417709
0.95317168
0.99525184
0.72218420
0.64712239
0.55816949
-0.56113849
-0.83883492
-0.71192565
-0.83465524
-0.43129061
-0.29556341
-0.13479953
-0.30854053
-0.17458918
-0.45658862
-0.75730641
-0.74952452
-0.51619836
-0.46638593
-0.43558275
-0.48728226
-0.63813179
-0.57184130
-0.34336559
-0.70321399
-1.50311727
-1.52864175
-1.76460137
-1.68837867
-1.51774511
-1.39676375
-1.29508113
-1.52554239
-1.73978352
-1.64738355
-1.94964246
-2.10819928
-2.07547508
-2.18413649
-2.61445472
-2.46461131
-2.28777298
-2.16032843
-2.02506153
-1.87729102
-4.60663195
-4.87119405
-4.63329044
-4.56052489
-4.64026660
-4.71332880
-4.96442215
-4.97152677
-4.55833369
-4.75336201
-4.68970296
-4.75068956
-4.55395689
-4.34426435
-4.48550633
-4.76137676
-5.16945401
-5.10642423
-4.91909479
-4.98750980
0.59622023
0.45467371
0.52296940
0.90046132
0.72107009
0.83666427
1.16911955
1.04472129
0.90777404
0.82438646
0.71187972
0.52720552
1.01033019
0.84203820
0.99791120
0.37376132
0.67699410
0.84050273
0.59036332
0.60466109
-0.54744046
-0.53774187
-0.60940856
-0.44602712
-0.60944518
-0.45412828
-0.47025272
-0.63913093
-0.49991675
-0.58326599
-0.49152444
-0.83653368
-0.76746377
-0.79623416
-0.84910494
-0.47739323
-0.92220123
-0.64063061
-0.83838880
-0.83675470
-0.06077916
-0.01849491
-0.02812277
0.00993026
0.06844859
-0.00185162
-0.00915516
-0.09706355
-0.56201523
-0.79652240
-0.71223106
-0.31454101
-0.62699591
-0.58570977
-0.53837600
-0.72740391
-0.65795392
-0.96914761
-0.46282331
-0.32992559
-1.04324854
-0.99215658
-1.19611500
-0.93724193
-1.12650406
-0.98286332
-1.28150753
-1.11704698
-0.87575559
-1.26308735
-1.12412809
-0.91140130
-0.95778617
-1.01674058
-0.84341473
-0.95983350
-0.76995601
-0.78620909
-0.87849576
-0.82761553
0.85596345
0.61215967
0.27514395
0.20399291
0.15168144
0.67869997
0.86576425
0.71528159
0.70135479
0.65241117
0.70444998
0.79273334
1.43304702
1.01474928
1.05224627
1.10412526
0.98804382
1.19179659
1.22932831
1.23979693
0.01473465
0.14507702
-0.18006254
-0.24430584
0.01204565
-0.18796435
-0.18465149
0.08502643
-0.34089451
-0.68968326
-0.21708813
-0.07776512
-0.43747275
-0.52699184
-0.46539412
-0.44100221
-0.36468771
-0.14563480
-0.30167564
-0.10752914
-0.23822787
-0.60569189
-0.91544292
-0.88947249
-1.42820570
-1.66641823
-1.78562198
-1.80999625
-1.61536620
-1.33362369
-0.80450591
-0.69164309
-0.89009711
-0.94298714
-0.93859448
-0.66575225
-0.42794006
-0.36167274
-0.39110330
-0.26402758
1.59512950
1.83704191
2.11987384
1.92279895
1.56634391
1.39760835
1.14516731
1.37336847
1.31233434
0.95660378
1.06285487
0.91564142
0.61814976
1.02388901
1.23396755
1.31295436
1.35634620
1.65753387
1.79921665
1.66600100
1.36438186
1.34285582
1.54858333
1.75748656
1.68126587
1.65902403
1.40579528
1.63826469
1.71316666
1.71832839
1.41452989
1.09756446
1.30135668
1.08676480
0.90448795
1.03073683
0.79949485
0.88487380
1.14921917
1.21457800
0.83917717
0.85699660
0.82677262
0.55817507
0.55480652
0.59388199
0.41874505
0.42258709
0.30775479
0.31427529
0.15658160
0.61586073
0.85255707
0.84081718
0.78170207
0.55524957
0.65715450
1.10743551
1.12176278
0.97025401
1.87829178
1.71126573
1.93821470
2.15874918
2.19285122
2.18049694
1.96892463
1.91283181
2.00642761
2.29715300
2.23208744
2.07001666
2.22831713
2.60937264
2.50849363
2.19183142
2.19950037
2.10522536
2.36925117
2.25886933
-0.49864374
-0.41334212
-0.14390015
-0.04224663
0.11546247
0.04248696
0.19490307
-0.13448620
0.14725389
-0.14593365
-0.11397337
-0.44532382
-0.41057797
-0.58232709
-0.39088664
-0.32966399
-0.17246116
-0.34807968
-0.31093813
-0.38502747
-0.92368133
-1.32676565
-1.14589506
-1.06734981
-0.98508247
-1.05607461
-0.97011148
-1.32865039
-1.50076943
-1.38354575
-1.21695794
-1.00879731
-0.66923040
-0.64122652
-0.60400201
-0.78959865
-0.58081747
-0.52367497
-0.80470923
-0.98276239
0.23255101
0.28133084
0.26884657
0.29032115
0.54180822
0.57369931
0.08408203
-0.27312547
-0.46580449
-0.49887614
-0.19800143
-0.02307517
0.04451556
0.04167088
0.26983653
0.10455972
0.31070036
0.05622008
-0.10407448
0.29137363
-0.70401286
-0.37677267
-0.69968071
-0.65184384
-0.87604105
-0.75620960
-0.54558440
-0.80989808
-0.72168230
-0.79087503
-0.85097765
-0.88646707
-0.83251673
-0.90624487
-1.05646581
-0.88933408
-0.53125828
-0.63791079
-0.47658351
-0.54750842
2.76290603
2.55705267
2.55217666
2.63116112
2.38600889
2.34635318
2.67715197
2.66413267
2.62435121
2.49684678
2.38532261
2.47344762
2.43644203
2.55057878
2.83240488
2.91691085
2.84150344
3.00387110
3.20825699
2.81541616
-0.21261141
-0.23059586
-0.01500920
0.02590839
-0.36798265
-0.20147358
0.30643092
0.29093337
0.12178138
-0.53740297
-0.66671195
-1.07926692
-0.59045199
-0.69625874
-0.72887637
-0.30360764
0.10301099
-0.16008923
0.01216126
0.00556886
-1.96893171
-2.09852173
-1.59016134
-1.51132202
-1.69816674
-1.81138272
-1.70662221
-1.53900775
-1.60229440
-1.80974108
-1.97246739
-1.75809103
-2.03941383
-1.87307906
-1.60164822
-1.46405443
-1.27662023
-1.63119199
-1.39852827
-1.83439628
-0.97056061
-0.44654018
-0.57578518
-0.18011521
-0.18089182
-0.14177646
-0.12600456
0.33426160
0.08868870
0.16234350
-0.22579905
-0.50150285
-0.47206969
-0.58854647
-0.75492005
-0.84910199
-0.92954552
-0.83670230
-0.69175036
-0.61424038
1.07969659
1.00325289
0.98688867
0.78730295
0.92031704
0.45794025
0.57934088
0.61789804
0.95747330
0.95675591
0.58066731
0.46722415
0.57462469
0.70164408
0.74968307
0.52230989
0.72465365
0.67004798
1.06477723
1.11664404
-1.96258798
-2.07933896
-1.90275164
-1.81213438
-1.91681264
-2.11792085
-2.14584990
-2.50655386
-2.73555493
-2.75653140
-2.49171338
-2.42050495
-2.27556227
-2.40140321
-2.56551918
-2.55382511
-2.28335846
-2.45726459
-2.39164049
-2.21649698
-0.55296562
-0.73965264
-0.82073332
-0.77441937
-0.90665214
-1.03200876
-1.08202670
-0.71162504
-1.00245819
-0.95375728
-0.86577475
-0.77349039
-0.35206541
-0.03153567
0.04394439
-0.06027408
0.11026595
0.07286352
-0.09493043
-0.21718994
0.55625988
0.57182773
0.67855513
0.65065329
0.76701105
0.43796008
0.47389121
0.73210551
0.62591319
0.55549213
0.49767463
0.51442843
0.42580891
0.61165680
0.53420402
0.67177095
0.38671250
0.25532974
0.49510673
0.43504066
0.09872211
0.26726386
0.28449371
0.27371436
0.53370307
0.44418953
0.60136052
0.60119949
0.58626291
0.28187924
0.41919842
0.26783733
0.39364901
0.29037415
0.18186508
-0.02145604
0.32342672
0.30044046
0.23189617
0.18008725
2.26746080
2.13809900
1.82481586
2.14170833
1.79252022
1.54699447
1.52896772
1.01043565
1.14811068
1.07907333
1.26319246
0.79330407
1.09357919
1.24075998
1.19970162
1.48375171
1.64460807
1.91834498
1.93973107
1.88062250
0.66966371
0.39802495
0.56375766
0.24209811
0.11085502
0.34293224
0.41708642
0.31647345
0.51079622
0.53337047
0.81080413
0.75368657
0.88139200
0.78355797
0.55291750
0.69171156
0.81967681
1.02097316
0.91864472
0.65212897
-1.57251041
-1.71784794
-1.28856519
-1.48693175
-1.68651131
-1.74311172
-1.80559842
-1.55641412
-1.41639395
-1.29862113
-1.34844294
-1.53803558
-1.76431782
-1.85749599
-1.46951531
-1.48647927
-1.46215967
-1.57873983
-1.62575565
-1.39384190
-0.35315217
-0.48528787
-0.38701461
-0.35927371
-0.53136019
-0.40493074
-0.08147405
-0.24354317
0.14895133
-0.33062374
-0.00866041
0.34805720
0.20363239
0.29164718
0.48748573
0.52900574
0.21638810
0.01586900
-0.17834136
-0.25477243
-2.19409112
-2.08246801
-2.09190773
-2.21283731
-2.31219396
-2.06096802
-2.11708969
-2.08762685
-1.72518298
-1.95589908
-1.99268320
-1.69228075
-1.58032721
-1.83393750
-2.13602640
-2.06057149
-2.06198468
-1.83658893
-2.09614823
-2.17269714
-1.43144932
-1.38007841
-1.50795173
-1.58882276
-0.93880918
-1.32031515
-1.15787892
-1.16838546
-0.96385124
-1.43084788
-1.36077527
-0.99889112
-0.72779165
-1.19664273
-0.67557635
-0.48814978
-0.64591787
-0.66264777
-1.28594022
-1.56353520
-2.53871475
-2.76105235
-2.21327061
-2.26147967
-2.31252413
-2.48022035
-2.10077019
-2.31301415
-2.21336609
-2.45646744
-2.43986840
-2.70251103
-2.81543596
-2.65492427
-2.40719701
-2.45273690
-2.34080363
-2.68947090
-2.51956068
-2.44567372
2.31556757
2.49174341
2.05013281
1.60487868
1.31879891
1.40624554
1.45516703
0.95005218
1.32184022
1.18007863
1.45708291
1.57412828
1.89420397
2.06852969
1.99279737
2.30538438
2.31804978
2.46283833
2.16902718
2.02080243
1.41885878
1.21408174
0.99440888
1.06453170
1.30453273
1.17655463
1.03736212
0.88327758
1.09532001
1.07358863
1.19654232
0.93198683
1.13777124
1.27494503
1.16219204
1.02424732
1.16108235
1.21197594
1.35296555
1.35437260
-1.12174010
-1.25259788
-1.16516436
-1.21646238
-0.98790966
-0.94187039
-1.07987780
-1.06993105
-1.18792257
-1.43315142
-1.57585636
-1.57225936
-1.28446041
-1.01216756
-0.89712891
-0.58139412
-0.64028053
-1.05175318
-0.96277323
-0.87733127
0.03508196
0.18933860
0.18956338
-0.00067518
0.24169516
0.44452071
0.23065212
0.36759138
-0.43917382
-0.44065310
-0.02010486
0.01315138
0.07732933
0.49880754
0.40200278
0.31197229
0.12650591
0.09771218
0.35768119
0.22524242
-1.10612375
-0.93950742
-0.68111662
-0.65622440
-0.91591286
-1.34213349
-1.55150995
-1.63645361
-1.72858502
-1.40345770
-1.38419825
-1.01583211
-0.95631563
-1.17328698
-1.60926575
-1.24741041
-1.09107736
-1.02421198
-1.24914168
-1.32572059
0.19842678
0.36351053
0.30996792
0.24947672
0.16036548
0.30139733
0.20859635
-0.15797919
0.03054876
-0.11193930
0.09893865
0.21958201
0.48437476
0.47442135
0.95324067
0.83063842
0.50791535
0.26036671
-0.07885232
-0.19455777
0.85763903
1.18801203
1.29251234
1.58665208
1.49620919
1.47449745
1.69003186
1.73312929
1.24396288
0.96982094
1.18048675
1.68748677
1.67326960
1.64886545
1.66400275
1.55360101
1.24935868
1.09711602
0.94755609
1.13213665
-0.38629028
-0.53626588
-0.61801763
-0.72779493
-0.83291910
-0.67604116
-0.46392323
-0.22106979
-0.32601656
-0.47979607
-0.40936563
-0.43770900
-0.66783817
-0.70071258
-1.05214364
-1.06400588
-1.08377378
-0.80934774
-0.83940550
-0.71222188
0.47053706
1.11849575
0.99139794
0.86119234
0.94561184
0.88950547
0.81939349
0.81121768
1.09135019
0.84766009
0.79070846
0.82881149
0.84020187
0.53165409
0.41840231
0.64145737
0.73127636
0.56065498
0.62182491
0.44097829
-1.01398869
-1.06334161
-1.14043831
-0.98544692
-1.05944360
-0.77723945
-0.41359406
-0.00191080
-0.09689151
-0.32198058
-0.47839002
-0.52503103
-0.76728378
-0.30703954
-0.50424212
-0.63902168
-0.61618409
-0.88942557
-0.92782394
-0.67808858
-0.78483555
-0.65432111
-0.65688502
-1.05068147
-1.43527248
-1.51498355
-1.36233887
-0.72138927
-0.85913821
-0.87625812
-0.90511838
-0.93508986
-1.01488613
-1.10149451
-0.88373935
-0.66688428
-0.72574170
-0.60603778
-0.52622785
-0.67757108
1.40223308
1.34335227
1.50110260
1.26048327
1.49426616
1.42632063
1.45541871
1.88713619
1.87463704
1.94213945
2.16478101
2.06158124
1.86608525
1.89082959
1.64638055
1.73680240
1.79057367
1.62678663
1.80526880
1.53522460
0.22156433
0.13290954
-0.19203153
-0.14189252
-0.15535743
0.13468204
0.25686616
-0.00419582
-0.07042214
0.43280086
0.59488898
1.09927721
0.92432558
0.76789758
0.44966025
0.59061839
0.52712388
0.02948413
0.00814100
0.00839617
-3.34089365
-3.35383180
-3.18761200
-3.27045984
-3.01248383
-2.77975184
-2.85068310
-2.64992949
-2.78322112
-3.17800300
-3.06575863
-3.05362935
-2.96128293
-3.03874076
-3.17856729
-3.29953181
-3.25279194
-2.79133689
-2.91179248
-2.97417943
-1.43527036
-1.76322752
-1.80443092
-1.82658065
-1.82414156
-1.16125074
-0.99231581
-1.18701139
-0.90606864
-0.87633686
-0.87706638
-0.79003863
-0.81684760
-0.98439664
-0.90261540
-0.93921967
-1.39873236
-1.34150822
-1.30652481
-1.60077968
-2.38446481
-2.08589037
-2.02247256
-2.30308970
-2.56113336
-2.31293187
-2.52101483
-2.77966948
-3.02341322
-2.99375082
-3.20862830
-2.75011414
-2.70684361
-2.78075924
-2.47153197
-2.62324699
-2.51268197
-2.28390441
-2.34849310
-2.47068426
0.21668094
0.51270588
0.53791264
0.73166517
1.31976553
1.25587054
1.24928533
1.15224025
0.92579171
0.67513101
0.66293758
0.39252973
0.53565025
0.41156702
0.15591955
0.19820450
0.21597848
0.08708453
-0.26730364
0.19671563
-1.02079402
-0.76605503
-0.64139023
-0.79477320
-0.96104420
-0.82232428
-0.64617427
-0.60845918
-0.46226416
-0.81568537
-1.08456135
-0.66664980
-0.41991238
-1.14652872
-0.93180155
-1.26851235
-1.07528097
-0.78776903
-0.94498136
-1.05862036
-0.96512960
-0.90074288
-0.84712998
-1.07670051
-1.39612487
-1.02376108
-1.22325135
-1.04724390
-0.85310258
-0.95259545
-0.90892345
-1.04105415
-1.19604018
-1.15162791
-1.31579429
-1.37884238
-1.21783418
-1.61246379
-1.43043310
-1.29924856
-0.93163035
-0.75891553
-1.05078887
-1.01649701
-1.30075501
-1.10086881
-0.89114256
-1.04373662
-1.04832996
-1.15170088
-1.07140298
-1.06536394
-1.15791946
-1.21910446
-0.91507063
-0.86085182
-1.00149818
-1.25433743
-1.10427550
-1.13538176
-3.17127507
-3.33829283
-3.02726922
-3.14519509
-3.16473719
-3.05182177
-3.40979212
-3.29313646
-3.21476452
-3.63711501
-4.08739997
-3.84093435
-3.73146805
-3.67302952
-3.65000338
-2.91517691
-3.12613051
-3.08052913
-3.25724084
-3.13461950
0.79808551
0.78998520
1.38075285
1.63976680
1.66991725
1.74681887
1.90004343
1.75016652
1.96953204
1.87788214
1.41798396
1.34630745
1.31839704
1.18966253
1.11045399
0.71660812
0.96235480
0.90909603
0.89681310
1.00426902
0.78093741
0.70253566
0.63201384
0.48433901
0.46640573
0.40363586
0.43490089
0.64208668
0.40175059
0.32768926
0.27570757
0.11958555
0.20237604
0.02963345
0.22441191
0.48225152
0.41971292
0.49347921
0.68048873
0.57516230
0.66278278
0.55865369
0.30504935
0.09276587
-0.13761835
-0.02055775
-0.00924297
0.00901773
-0.02944061
-0.05655528
-0.09287335
-0.46833404
-0.29934358
-0.21436638
-0.39424644
-0.15832527
-0.19440414
0.42858460
0.50706695
0.57425706
0.61412976
0.29351457
0.32430809
0.36870936
0.67796290
0.80241325
0.67639678
0.36121214
0.31922215
0.06327428
-0.10199583
-0.18889960
-0.21942692
-0.04946575
0.01658193
0.42468302
0.56735224
0.84285231
1.14909397
0.90848708
1.72763527
1.38116453
1.97821169
2.03183548
1.79380930
1.40351092
1.76650770
1.91473438
2.12411663
1.90723923
2.06867416
1.87346553
1.99578393
2.00021322
1.76295049
1.58656117
1.62231093
1.51078979
1.57436764
1.74492507
0.99751129
1.08443753
0.51634957
0.43998941
0.69367988
0.51503668
0.78822770
1.08949214
1.39769638
1.41067978
1.13534738
1.32255577
1.28515522
0.94404689
0.99560053
0.54396400
0.87438028
0.83513999
0.80252759
1.08361729
1.23371833
1.03689305
1.38474762
1.63320221
1.58826500
1.81001440
1.84112738
1.72345043
1.77792494
2.12664604
2.33614188
2.17657568
2.23438665
2.27681872
1.87224196
1.63766290
1.72582252
1.19205481
1.56227254
1.08532960
-1.70762117
-1.36587572
-1.36115683
-1.42245052
-1.34965117
-1.74789013
-1.66453912
-1.87348653
-2.01407711
-2.17720977
-1.82756061
-1.55079357
-1.26265605
-1.08905828
-1.11978632
-1.00761395
-1.12416386
-1.48338027
-1.36453669
-1.51436616
0.22234596
0.37902766
0.36766926
0.32806424
0.18769881
0.02759474
0.16101783
0.40084293
0.22295433
0.16221355
0.35653960
0.38347055
0.34176092
0.42959971
0.58842522
0.53723011
0.46920337
0.39062548
0.06834503
0.16757095
2.13641733
1.73662149
2.23190659
2.16708720
2.25325814
2.09093687
2.16850207
2.50947733
2.46222847
2.13320821
1.91573144
1.99936912
2.03877928
2.28906797
2.25097880
2.18430994
1.87321568
1.78276816
1.73114840
1.52883385
-0.86016290
-1.37594137
-1.07255172
-0.65446604
-0.53633406
-0.75023743
-0.56670682
-0.66200560
-0.77696247
-0.48220636
-0.49219401
-0.39643800
-0.90091948
-1.12405425
-1.21283888
-0.92691720
-1.41078844
-0.79173231
-0.60239231
-0.85604125
0.06198599
-0.05048345
0.28344648
0.42017677
0.85228923
0.89174016
0.67789745
0.45838874
0.14018431
0.17971236
0.41543503
0.20617614
-0.14911858
-0.37316380
-0.02586300
-0.38750057
0.04088041
0.04243545
-0.02592763
-0.30340018
-1.16075974
-1.31721110
-1.05044522
-0.86843425
-0.89077322
-0.62545376
-0.76334480
-0.94308076
-1.24826973
-1.28556930
-1.41219110
-1.33347088
-1.40775961
-1.74224160
-1.92742917
-1.67089796
-2.11411322
-2.32800426
-1.61501557
-1.43890193
-0.38751723
-0.31886872
-0.27589977
-0.24444530
-0.63405707
-0.09700844
0.27814573
0.14437931
0.00069658
0.25985920
0.05164943
-0.03185090
-0.04499681
0.05830924
-0.29647966
-0.41540610
-0.76843310
-0.75503058
-0.84510908
-0.61163292
-1.05334918
-0.67868197
-1.22299484
-1.38063269
-1.44381800
-1.05460228
-0.82648274
-0.93941254
-0.83984189
-0.71133799
-0.60259466
-0.86250418
-0.82887690
-0.61437396
-0.90334553
-1.34787512
-1.20752117
-1.16588429
-1.10179109
-0.80431513
2.84154355
2.89852432
2.84146993
2.50508165
2.48753088
2.52426529
2.61627990
2.78540447
2.63945159
3.04849351
2.51498518
3.05050635
2.65056321
2.71158313
2.67739675
3.12868844
3.19568043
3.21429542
3.08929477
3.06570655
