phonon_position
1.81272760
1.66437967
1.51964525
1.41051856
1.29027938
1.09867506
1.51516955
1.59767500
1.63915403
1.32419579
1.33117098
1.35017866
1.12841963
1.16779223
1.16333061
1.23517141
1.08084708
1.15544372
1.31867407
1.36080963
0.39418592
0.65262345
0.80041201
0.98506594
0.75823634
0.87494337
0.64685502
0.47938243
0.95860701
0.88717715
1.12279923
0.85880642
0.65212039
0.36381837
0.37599469
0.74840160
0.55308874
0.59252578
0.54016945
0.36087983
0.46516784
0.22966195
0.23139656
0.54967856
0.54827514
0.43084141
0.64891545
0.27125118
0.23851578
0.55412250
0.49806175
0.01200770
0.32007923
-0.09612988
0.12505527
0.21945922
0.53057475
0.63755760
0.25566733
0.23176586
1.23745718
1.36984607
1.21624929
1.10236195
0.84856677
0.57195690
0.52376624
0.13318104
0.01609119
0.33439879
0.45352957
0.55686967
0.70603651
0.40345625
0.22939091
0.08125607
0.63281544
0.93938999
1.33178609
1.07420282
-2.27168431
-2.56890294
-2.61394669
-2.86248386
-2.64529027
-2.29141214
-2.54104097
-2.93882476
-2.82239576
-2.67177400
-2.54276471
-2.49482567
-2.35424504
-1.99172600
-1.99418422
-2.08851440
-2.06536804
-2.26482057
-2.26850395
-2.41800078
-1.79431886
-2.02433867
-2.23558218
-2.24271991
-1.98778899
-2.12241109
-2.40280221
-2.51972284
-2.12534770
-2.17772045
-1.95155441
-2.22635008
-2.14000213
-2.09201345
-2.12999188
-1.88493687
-1.87526551
-2.03087245
-2.06368053
-2.05204892
0.44959835
0.28519308
0.15269947
0.50327614
0.82689702
0.46835369
0.68193896
0.74063456
0.91402203
1.02062207
1.51760857
1.00393507
0.77231207
0.50231074
0.79090957
0.47047278
0.71661690
0.90129012
-0.06161614
0.20767563
-0.96956918
-1.01164252
-0.87679618
-0.80536218
-0.51180824
-0.61590997
-1.05151827
-0.73104357
-0.76753917
-0.95710595
-0.96813792
-0.83079994
-0.84531988
-1.03540965
-0.84011408
-0.72376462
-0.56050402
-0.71169279
-0.62550177
-0.67331181
-1.87564343
-1.65375306
-1.65552991
-1.59551651
-1.39283040
-1.68155670
-1.56927164
-1.52884939
-1.89352915
-1.86604945
-1.95741374
-2.03206439
-1.94536917
-2.38991543
-2.21918991
-1.78638920
-1.96943401
-1.92236649
-2.15180078
-2.16314831
-1.22665957
-1.37746324
-1.11380603
-1.16685296
-1.05878625
-0.88109502
-0.69241378
-0.67674492
-0.69443629
-0.54730641
-0.35004147
-0.74926945
-0.31347605
-0.36794230
-0.54937952
-0.66705250
-1.08853832
-0.89629047
-1.41204875
-1.33570081
1.14710103
1.29663850
1.28389352
1.75475887
2.03582144
1.66430586
1.45886504
1.31818742
1.27323143
1.21875067
0.95658005
0.95487573
1.15428337
0.96285277
1.00812768
1.32246212
1.03348022
0.85172301
0.84594173
1.05804946
-2.43278326
-2.02087589
-1.94354752
-1.88236056
-1.87708250
-2.12798047
-2.07306041
-2.31829910
-2.49126022
-2.29768912
-2.20557008
-2.17366452
-2.09804597
-2.04809861
-2.09294910
-1.85667979
-1.94694106
-2.02457648
-1.90428881
-2.12604727
2.48348998
2.72744940
2.78948599
2.65083204
2.70336440
2.34861680
2.30641194
2.05383214
2.21754384
2.44197964
2.24256605
2.05460959
2.02445016
1.84268552
1.90927346
1.70520450
1.61373297
2.10884044
2.09374561
1.90880247
1.44814990
1.39651731
1.26431816
0.80954692
0.88005386
0.97196914
0.92306389
0.91626728
0.89301948
0.85281670
0.94617925
0.97712833
0.73652407
0.77404952
0.89896021
1.29176562
1.53951179
1.71831709
1.62930751
1.54940468
0.40510075
0.61633320
0.74320961
0.80395668
0.70446746
1.08344933
0.96881902
0.43126774
-0.17656596
0.06523130
0.28884108
0.25834372
0.51227926
0.31264017
0.45607948
0.48130337
0.50913339
0.43742887
0.43252395
0.46591308
1.70872451
2.33664215
2.47904282
2.02595084
1.85627082
2.17841739
2.24803769
2.16532189
2.24867530
2.34263866
1.95065006
1.92731364
2.16164986
2.12869707
2.16343468
1.79530240
1.95934376
1.92594678
1.72943923
1.65866688
1.22561443
1.15006485
1.28811138
1.24224102
1.55319954
1.29842545
1.08790981
1.00190082
1.21583868
1.32959247
1.38695381
1.64154342
1.70476883
1.89231427
1.68107195
1.41247173
1.18898220
1.36118731
1.55095561
1.24829820
-1.26927709
-1.21309105
-1.10403073
-1.32592675
-1.22028144
-0.80799428
-0.88808964
-0.99691139
-1.08942130
-1.16734029
-1.07612748
-1.13696111
-1.20449936
-1.01966488
-1.12996207
-1.23973673
-1.43554926
-1.63245543
-1.50019749
-1.72496581
0.58073133
0.54268748
0.53234502
0.18049560
-0.16247567
-0.02346793
-0.02056346
0.19843415
-0.12196078
-0.10865562
0.23774520
0.42417491
0.29272886
0.32086390
0.40224280
0.53914349
0.29695803
0.31678072
0.63805743
0.46481541
2.27444309
2.25342763
1.96493174
1.73846518
1.64396055
1.95269659
2.05309889
2.20158352
1.99402241
2.09658040
1.91328679
2.05755557
1.81321707
1.58334051
1.81653263
1.94305267
1.90052580
1.74066069
1.99589865
1.96592310
1.19455949
1.36934091
1.43471793
1.45564834
1.42074213
1.38749077
1.44132859
1.22019603
1.23967692
1.49322687
1.80717052
1.88103090
1.65007026
1.69932256
1.38377541
1.23622302
1.02866238
1.06099393
1.15323585
1.21423904
-0.91214750
-0.83328333
-0.90430603
-0.96508933
-1.37310245
-1.13702208
-0.96703960
-0.82357998
-0.62656361
-0.70045084
-0.21991810
-0.30310987
-0.68411620
-0.79156516
-1.00641718
-1.31126126
-1.09779155
-0.82123333
-1.27771211
-1.11802928
0.80356795
0.78356030
0.74171843
0.54118369
0.43101389
0.20171591
0.25405305
0.30008124
0.41648493
0.47956272
0.69334393
0.51396627
0.34368937
0.38645114
0.56188675
0.64575711
0.66120056
0.53157377
0.58231446
0.63912990
-0.07056613
-0.24042783
-0.39630160
-0.35612729
-0.34215326
-0.32954381
-0.33420723
-0.32575686
-0.35400883
-0.36774243
0.21336231
0.35655866
0.55568959
0.28956875
0.25200435
0.04151886
-0.01179932
0.29022696
0.21089916
0.04702869
0.68476604
0.94811507
0.95270155
1.08239924
1.12366893
1.30373974
1.53759117
1.73405750
1.69503882
1.47940857
1.30417158
1.52368013
1.21320963
1.26749529
1.26652141
1.00150050
1.23072288
1.11395971
1.09428879
0.93740158
0.41608574
0.12630848
0.39784475
0.12872311
0.02287303
0.34211723
-0.04344095
-0.02457197
0.07614723
-0.28288319
-0.11881885
-0.44978178
-0.39440792
-0.24705528
0.16766803
0.57112782
0.56622592
0.50190226
0.50614619
0.58280441
1.88982233
2.21985500
1.92568152
1.69670070
1.90221739
1.75184058
1.75727391
1.42383083
1.75464470
1.67843419
1.70249046
1.91056235
2.12915986
2.09026181
1.81785870
1.61753229
1.88410438
1.91924961
1.75790336
2.00103525
-0.70373065
-0.71676580
-0.80593305
-0.37002716
0.04447721
-0.26516819
-0.44704728
-0.68434356
-0.83298921
-0.89186167
-0.84373144
-1.23458207
-1.28684308
-1.13007723
-1.32683939
-1.05094826
-1.05828878
-1.09619481
-1.05674402
-0.96103456
-2.08822972
-1.81188067
-2.15729411
-1.88049380
-1.78520488
-1.73492381
-1.64727075
-1.42401528
-1.62308424
-1.73367008
-1.76195274
-1.95344154
-1.84355218
-2.07011250
-2.35027534
-2.48746281
-2.79643258
-2.72794624
-2.49197576
-2.29810016
1.70102991
1.63150223
1.55732205
1.59570417
1.48149014
1.48765317
1.96336537
1.80653188
1.94173484
1.85138887
1.85307906
1.78023270
1.63723712
1.72402038
1.90667099
2.03167581
2.15057006
2.50475591
2.23487303
1.69858689
-1.03728322
-0.99206723
-1.30445997
-1.18668054
-1.34101650
-1.52511259
-1.27038989
-1.62187530
-1.30196915
-1.45482417
-1.31578086
-1.61782138
-1.68856396
-1.41970823
-1.24226421
-1.17246298
-1.53131859
-1.20464326
-1.34564586
-1.08413172
1.54205519
1.57556722
1.68025465
1.34226157
1.08108739
1.24131491
0.99618527
1.30413425
1.38109451
1.39240484
1.33532485
1.33940043
1.67013149
1.82858375
1.59839410
1.50630781
1.57392699
1.68510919
1.68320535
1.35990149
1.47860428
1.51002852
1.53014087
1.46393060
1.34110283
1.58917005
1.57393588
1.21688764
1.36950100
1.85883744
2.04220955
2.14553706
2.07601812
2.37127289
2.22224298
2.31303740
2.67785454
2.40062380
1.86626480
1.52523402
1.73991036
2.09316700
2.46963510
2.33016416
2.62428998
2.35724104
2.56367282
2.26628167
2.16360972
2.07899256
2.18352829
1.96227011
1.96858438
1.81969820
1.89405210
1.99395258
2.01875597
1.93836468
1.84634781
1.73172910
-0.74956162
-0.80256403
-0.91741205
-1.23717793
-1.34231339
-1.09697370
-1.09868990
-0.86016863
-0.85097696
-0.46623931
-0.62580674
-0.37653640
-0.55016699
-0.27522410
-0.55305016
-0.53882776
-0.15295285
0.04611006
-0.04749729
-0.55226968
-0.83928190
-0.55450287
-0.72469056
-0.87377466
-0.86271479
-0.97095662
-1.20057422
-0.82753156
-0.90974188
-0.96470252
-1.34145932
-1.66474384
-1.85643464
-1.52215638
-1.15411658
-1.22492840
-1.12295917
-1.05342452
-0.98871324
-0.98140895
-1.53895190
-1.65659127
-1.47102627
-1.02484389
-1.06846872
-0.68371674
-0.67850975
-0.95522537
-0.99953944
-0.74029385
-0.76775964
-1.39109612
-1.13862618
-1.16801368
-1.23918654
-1.13065123
-1.00882840
-1.49769550
-1.78622328
-1.85143963
2.14130523
2.02878220
2.27301040
1.88373472
1.94517392
2.14801862
2.31259732
2.36388275
2.37586621
2.26250271
2.35497217
2.28946975
2.37232473
2.05347843
1.99815978
1.80253604
1.49901063
1.67601700
1.92774142
2.01129914
-0.47343885
-0.50809785
-0.52939635
-0.92494178
-0.43256813
-0.48119765
-0.20746543
-0.55277624
-0.45247673
-0.49148999
-0.44260512
0.10692679
0.09700442
0.32950468
0.36053553
0.35240954
0.49641974
-0.11701375
-0.73845754
-0.63104456
2.91945884
2.98077340
2.99144712
2.85029527
3.10943284
3.08123592
2.86667749
2.82756881
2.87343382
2.88796918
2.87717031
2.34994573
2.41789490
2.76922819
2.58479854
2.56441566
2.29210782
2.12902605
2.34989805
2.75332268
1.62436869
1.75145426
2.07960591
1.93757876
1.94446133
1.75794182
2.19150848
2.28504144
2.20924765
1.89737978
1.76137442
1.59657563
1.91859939
1.77966797
1.93256531
1.44166527
1.36735328
1.57674405
1.81193153
1.68553200
-1.42115543
-1.76602770
-1.85399094
-1.71998301
-1.85574602
-1.68559656
-1.61402996
-1.75038724
-1.79290509
-1.51644704
-1.38291832
-1.59463859
-1.68753136
-1.82091040
-1.63533315
-1.52082675
-1.44748845
-1.44223312
-1.64856784
-1.33968191
1.41325912
1.40987316
1.64571346
1.68847761
1.50058682
1.56022252
1.56267404
1.98695295
1.77174080
1.86131787
1.91609929
1.73113232
1.32563095
1.50299434
1.51529075
1.43855324
1.58468526
1.70412189
1.43047865
1.40199186
2.55446746
2.47508475
2.24233133
2.55902073
2.78740354
2.60340809
2.57255932
2.94103599
2.79840900
2.86003932
2.74908816
2.58632092
3.19934294
3.22273057
3.42560875
3.28620499
2.99915170
2.82283954
2.43702895
2.57417822
0.06149114
0.25634510
0.10022792
0.10340436
-0.01869295
-0.18207807
-0.20122477
-0.21996423
-0.25654555
-0.09222207
-0.21734950
-0.33697223
-0.00756782
0.30484149
0.35089045
0.45213027
0.76602762
0.67943990
0.28445962
-0.02544903
-1.14569968
-1.35604509
-1.62055199
-1.34132050
-1.58809753
-1.57341972
-1.38410602
-1.43963452
-1.23793303
-1.02843675
-1.12313072
-1.18360892
-0.81640289
-0.65993576
-0.81880163
-1.24717148
-1.04768143
-1.33701526
-1.20871243
-1.08972104
0.75528294
0.92388545
1.05171699
0.83371295
0.68040755
0.42497488
0.70441626
0.68308599
0.72389972
0.60379548
0.71687870
0.68272645
0.61102652
0.67586159
0.51428727
0.70758810
0.50864619
0.58074897
0.70585033
0.59775483
-1.67237108
-1.59101916
-1.75231884
-2.49614569
-2.56866738
-2.17785049
-2.02243646
-2.33185019
-2.30746815
-2.00089185
-1.75196939
-1.80644701
-1.53307832
-1.34312543
-1.11862912
-0.92233741
-1.16465107
-1.55525971
-1.29846947
-1.47678461
0.39013733
0.23816799
0.64856136
0.45788053
0.43912836
0.72227917
0.81286675
0.74284050
0.75129813
0.61329628
0.45501349
0.11005236
0.04724174
0.43585209
0.48942063
0.70062305
0.82567803
0.78642154
0.67935645
0.64177284
1.09567041
0.90886735
0.83175600
0.87539937
0.91624571
1.00693296
0.64994473
0.82871216
0.92115457
1.04265970
0.80603726
0.78606871
0.94253459
0.94680808
1.00420309
1.00322149
1.08966570
1.27954403
0.98936015
0.79728186
0.97916511
0.81781828
0.99629817
0.92060404
0.67169933
0.84766490
0.73788750
0.52863516
0.68680494
0.94543917
0.91587223
1.10742453
1.25168013
1.28781693
1.37344608
1.34407594
1.29588923
1.22755349
1.17255065
0.83688634
-1.08811075
-0.72584834
-0.63401069
-0.66878853
-0.92010352
-0.54125123
-0.27615037
-0.18019240
-0.20076227
0.03321402
-0.03388727
-0.21013329
-0.47516970
-0.52139164
-0.59391660
-0.60491992
-0.99575544
-1.04092544
-0.89408680
-1.16858084
-2.24280350
-1.96007062
-2.09335318
-2.06249036
-1.86836305
-1.77836942
-1.58661915
-1.54278402
-1.75515608
-1.68812324
-1.86494788
-1.88820700
-1.99358558
-1.94942826
-1.92390077
-1.87490987
-2.15387216
-2.11525331
-2.24423120
-2.54049479
-2.03735719
-2.12544326
-1.92692590
-2.11851332
-1.86104909
-1.71229378
-1.85100007
-1.69818619
-1.91123553
-2.01934218
-1.95649151
-2.03049465
-1.84120558
-1.74310841
-1.81297284
-1.77105913
-1.92045901
-1.86950860
-2.20117435
-2.07886290
-1.20288628
-1.23323263
-1.30650368
-1.23445154
-1.24549860
-1.28668108
-1.04521509
-1.06379825
-1.36000084
-1.36434499
-1.27616830
-1.41051275
-1.62931804
-1.95889701
-1.94096962
-1.77117167
-1.53435498
-1.31302162
-1.50231612
-1.49219205
-2.61483755
-2.40537371
-2.52084629
-2.66915436
-3.23353160
-2.95425330
-2.80678128
-2.81366459
-2.51043192
-2.25247046
-1.83211786
-2.14087831
-2.28838097
-2.54250079
-2.83966095
-2.55192209
-2.51016437
-2.49890404
-2.71786765
-2.66492687
-1.90318656
-1.98230984
-1.79838117
-2.08123078
-1.73266718
-1.91323081
-1.75065785
-1.51011675
-1.47603862
-1.54313901
-1.40665081
-1.45749211
-0.98569790
-1.08157023
-1.29861763
-1.49427128
-1.57277907
-1.75586619
-1.93739891
-1.95066067
-2.27276772
-2.41379723
-2.73553857
-2.85356746
-2.73261572
-2.59556569
-2.34201052
-2.26680196
-1.90113256
-1.90349782
-1.83496732
-1.66907816
-1.69053741
-1.73445295
-1.83744035
-1.88860752
-2.11990507
-2.29028539
-2.07102606
-2.00068116
0.14374148
-0.29491868
-0.26077660
-0.37918009
-0.31734064
-0.50589347
-0.76599361
-0.22907898
-0.40392276
-0.61020135
-0.77526757
-0.53496652
-0.26001596
-0.02362922
0.24248669
0.41353916
0.63719758
0.47509548
0.19674643
0.23345168
-0.21597132
-0.26155636
-0.67566429
-0.65270880
-0.93202486
-0.55048449
-0.26561506
-0.13676795
-0.20745748
-0.19435132
-0.58937804
-0.43819181
-0.68932664
-0.85251188
-0.79652638
-0.74863090
-0.71358395
-0.57234904
-0.63650924
-0.59931161
0.68444442
0.40573140
0.53676878
0.59950091
0.72830982
0.55044652
0.59068919
0.65521229
0.56841162
0.46789514
0.09167083
-0.32172403
-0.42890894
-0.07511823
0.30142279
0.30817893
0.02184251
-0.00871841
-0.16732813
0.16336189
-2.16125058
-2.03750118
-2.15784850
-2.24363458
-2.40433882
-2.69942664
-2.67688311
-2.70578917
-2.60456719
-2.31102497
-2.25153977
-2.46801500
-2.43773240
-2.68111207
-2.91809026
-2.54739765
-2.32333289
-2.43500363
-2.31326117
-2.35356326
2.08766903
2.23098199
1.82883156
1.65424246
1.52058227
1.45554435
1.53718193
1.40222478
1.55674619
1.71495644
1.50258320
1.50448037
1.71619484
1.92866659
1.95421343
1.94103290
2.15462311
2.03263448
1.51883133
1.85460649
-1.99097645
-1.86576831
-2.24145522
-2.04591572
-1.91034359
-2.03406848
-2.07859271
-1.82108017
-2.09621690
-1.49513421
-1.55676066
-1.53926976
-1.89983490
-1.79322019
-1.67510246
-1.63769111
-1.74757881
-1.97445353
-1.80640292
-2.09047244
2.35504543
2.45751950
2.44536336
2.38208049
2.57915518
2.59775555
2.63954020
2.34340544
2.40284771
2.33681186
2.27328084
2.57433627
2.48859930
2.69058579
2.23955665
1.95931594
2.09432415
2.01446630
2.14151208
2.15898595
1.41541518
1.20154747
1.66556037
1.67489806
1.59749857
1.64114498
2.19006301
2.27588748
2.85538819
2.84263678
2.54531481
2.36988814
2.19414005
1.95276204
1.67186538
1.56570426
1.69414962
1.73641047
1.15668839
1.50336895
-0.41320456
-0.55695693
-0.04286526
-0.11077582
0.13669401
-0.14063172
0.28201717
-0.13243429
-0.61951104
-0.67211640
-0.85588127
-1.07653776
-0.80362662
-1.15101058
-1.44816931
-1.14687060
-0.76759423
-0.79464397
-0.60704794
-0.54743043
1.42643625
1.58128688
1.61508324
1.69455278
1.74637437
1.81068077
2.16039181
1.99512455
1.99967717
1.90795665
1.96502036
1.95668421
1.76071441
1.70282355
1.29309750
1.33075798
1.37375574
1.55410500
1.67842234
1.44238014
0.56511262
0.52568777
0.80293246
0.53536477
0.12507308
-0.24930758
0.06865992
0.16165460
0.42214581
0.55824412
0.39247437
0.06199757
0.10697651
0.03157640
-0.09063602
-0.02647198
0.18973317
0.38867835
0.50663050
0.58645774
0.85033502
1.11678110
1.51332669
1.50286301
1.43449010
1.40393281
1.42983644
1.48436336
1.46176718
1.35053952
1.24550968
1.13817586
1.36334997
1.50449029
1.49665163
1.63797838
1.60078287
1.59654324
1.09609054
0.89983211
-2.14914176
-1.90058143
-2.12280708
-2.36725884
-2.73941412
-2.99705680
-2.69796142
-2.61139242
-2.63880954
-2.28059068
-2.25309298
-2.36567029
-2.29275345
-2.25491183
-2.36773039
-2.39499830
-2.81456678
-2.81174202
-2.59874840
-2.53434148
1.84082497
1.50054890
1.92829497
2.19515695
2.17083155
2.00176099
1.92797980
1.51766843
1.87245405
1.91678446
1.73303479
1.84356876
1.48575163
1.74041961
1.78279591
2.19921733
1.96687409
1.99786670
2.14458288
1.83429825
0.35270656
0.58286511
0.96887344
0.62486906
0.33731147
0.36372257
0.15220376
-0.05776034
0.14179932
0.33972471
0.62124922
0.51721041
0.62970361
0.49056833
0.68914501
0.27654347
0.43805869
0.07826770
0.04840376
-0.00441420
3.18412406
3.48880038
3.62631487
3.55290029
3.61777027
3.47804054
3.50879784
3.15708442
2.98109833
3.20659670
3.30073420
2.87837151
2.76048034
2.87901752
3.26508964
3.22553130
3.13845735
2.99540558
3.17944220
2.99892419
0.79913284
0.96659601
0.83509181
1.02408203
0.76515924
0.61943936
0.30545014
0.35513806
0.26804912
0.59069354
0.74083724
0.86488187
1.01024736
0.51149098
0.54992123
0.91721800
1.34640880
0.82317565
0.78495450
0.94112066
1.69262360
1.32778362
1.35313973
1.35202708
1.31236355
1.41040965
1.11314806
0.84138123
0.91090541
0.83733241
0.62734242
1.11235773
1.22942695
1.15405746
1.02003758
1.13871664
1.36486285
1.17875381
1.53727802
1.67914704
-3.87383748
-3.82926354
-4.01596987
-3.88272639
-4.04434953
-4.15459176
-4.61521783
-4.86711989
-4.91435436
-4.97649903
-4.81804693
-4.48682064
-4.44644833
-4.44654108
-4.69241885
-4.72123390
-4.38466498
-4.25958219
-4.13623634
-3.87037050
1.33586650
1.20806816
1.06532191
1.15038467
1.39403921
1.28483682
1.13887340
0.94771758
1.17090585
1.07573707
1.33632602
1.72259827
1.90256746
1.64584084
1.28748726
1.20391604
1.17474199
1.03670614
1.26062327
1.47633532
1.32695039
1.39524450
1.24209616
0.94914386
0.88182458
0.98851158
1.31952699
1.11982530
1.00520828
0.99506354
1.05523613
0.94232529
0.86172009
0.87183643
0.83536555
0.78911045
0.96755188
0.95371575
1.14108791
1.21675304
0.27706630
0.50062633
0.19579693
0.01477331
0.19015375
0.19817613
0.18054447
0.21844295
0.29579050
-0.21434011
-0.20054030
-0.28774177
-0.08536982
-0.69321390
-0.40653374
-0.41830344
-0.22842185
-0.03832513
0.17664606
0.34586906
-2.68527762
-2.77994322
-2.90523047
-2.92518813
-3.06313395
-2.71550921
-2.56217214
-2.26008493
-2.37306513
-1.87031559
-1.59790626
-1.80331474
-1.88364645
-2.14817370
-2.13538292
-2.07226294
-2.14900643
-2.38830856
-2.51365736
-2.75242936
1.43107757
1.87970963
1.83125685
1.59593823
1.64464533
1.89770967
2.15757252
2.35665840
2.17397762
2.33226065
1.94164154
2.10289034
2.21907370
1.99856228
1.96893066
1.79653878
1.76270466
1.86944158
1.76173726
1.41257663
-2.65858625
-2.71830435
-2.78730992
-2.83896295
-2.86620316
-2.81907438
-3.41742530
-3.15888119
-2.87446577
-2.72721021
-3.07298060
-3.07662180
-3.13626334
-3.06251522
-2.90697640
-2.76530719
-2.85802139
-2.85822385
-2.86594369
-2.72020129
-1.51143836
-1.15287446
-0.78952981
-0.64601906
-0.37090337
-0.64824055
-0.89856567
-1.04415470
-1.21500882
-1.20859859
-1.08214787
-1.30099518
-1.22068361
-1.20449990
-1.43195289
-1.24615125
-1.52686515
-1.30678986
-1.28577268
-1.27266820
2.40929754
1.98312537
1.84916885
1.81077625
1.59590538
1.69192469
1.68056415
2.09461133
2.29093596
2.00760501
1.67002402
1.52535453
1.80794144
2.04578339
2.10663687
1.66704753
1.93335320
2.24006264
1.86100067
2.11829618
-1.58654709
-1.78787961
-1.81332070
-1.51229305
-1.59686255
-1.71887102
-1.59023900
-1.55161174
-1.27477779
-1.61568387
-1.45515992
-1.29302712
-1.56423380
-1.47034883
-1.34575332
-1.62699059
-1.64532364
-1.44788281
-1.63662135
-1.47448068
-0.64194154
-1.06031257
-1.50179533
-1.30649740
-1.63547182
-1.92670441
-1.65133991
-1.66632947
-1.39921074
-1.44763829
-1.64812382
-1.44354738
-1.30329857
-0.97137545
-0.45214379
-0.38840671
-0.02221378
-0.34748382
-0.79010571
-0.70377617
0.64890006
1.05822829
1.25284697
1.28153294
0.86121402
1.36327413
1.69077447
1.78072212
1.89816699
1.73428616
1.47320234
1.16821624
1.08464056
0.81580839
0.56866572
0.81597545
0.81384829
0.97973289
0.93219058
0.68209303
-1.18987656
-1.66005898
-1.56850646
-1.10628967
-1.11409207
-1.31754302
-1.42996102
-1.99488958
-1.75090871
-1.78294478
-1.76279497
-1.58013002
-1.25953042
-1.51133437
-1.69232949
-1.98022404
-1.93611609
-1.64476984
-1.63553915
-1.42343085
-1.93787309
-1.82825736
-2.15499950
-2.39044563
-2.30457647
-2.50387627
-2.43409141
-2.25097867
-2.56611275
-2.27265139
-2.41303410
-2.10260869
-2.12009564
-1.83006074
-1.80284416
-1.65268862
-1.69388450
-1.61469635
-1.88135919
-1.79494239
2.08637594
2.23594774
2.36848980
2.15805052
1.91436767
1.83374240
1.41128282
1.36534921
1.25930203
0.93246931
0.98584399
0.89384105
1.16830266
1.01829763
1.28588927
2.31660795
2.29979596
2.12758601
2.36544273
2.22688905
-1.23256711
-1.18900401
-0.93854242
-1.25069070
-1.46277117
-1.46332300
-1.70748651
-1.73606281
-2.05536818
-1.60977522
-1.79007462
-1.84680659
-1.58587770
-1.51931464
-1.38976852
-0.81418170
-0.74383966
-1.16517352
-1.12386042
-1.19709816
1.33890142
1.40687070
1.40338364
1.17980115
1.16576700
1.43922483
1.29589854
1.51631339
1.56646731
1.51149047
1.43699050
1.22315235
1.18341474
0.87828862
0.80710342
0.96081300
0.82467926
1.24989285
1.35640110
1.28833789
-2.84380054
-2.95317706
-2.86391854
-3.17308919
-2.88450999
-2.87550656
-3.02211242
-2.68594659
-2.47781324
-2.97919337
-3.15162866
-2.76702936
-2.66423528
-2.76545108
-2.64621083
-2.46568228
-2.14834438
-2.29613193
-2.75442557
-2.81242066
1.42089397
1.37765885
1.45285078
1.57412937
1.46539121
1.63002745
1.39945333
1.39769928
1.59468407
2.03395879
1.75972694
1.76694580
1.36418717
1.35445952
1.05535857
1.16527968
1.29812245
1.17663115
1.11005637
1.26914708
-1.20512978
-1.37357776
-1.04379501
-1.24892074
-0.86127382
-0.62429413
-0.53941564
-0.63486922
-0.79636793
-0.84007508
-0.83570635
-1.02906973
-1.42343291
-1.23468009
-1.19793164
-1.19494409
-1.36396343
-1.55149910
-1.43143215
-1.38221023
1.07797243
1.04062591
0.77125902
0.67225684
0.66896949
0.78020576
0.73918213
0.30916573
0.47447474
-0.01369522
0.23221005
0.33014735
0.34098828
0.44602936
0.45496870
1.00140853
0.91493145
1.04121838
0.97080036
1.04814808
1.80271152
2.00518024
1.94820887
2.48367964
2.82965430
2.93815360
2.75211336
2.96769755
3.00466514
2.47864717
2.35869443
1.93164275
1.93173803
2.10722364
1.89219246
1.88814937
1.95131513
1.80876188
2.14938496
2.11182915
0.34775747
0.43767915
0.38144296
0.18433266
0.10242549
-0.33925781
-0.49414938
-0.00058134
0.17538130
-0.27654180
-0.36285779
-0.07167602
0.00568376
0.49010720
0.39313913
0.51962788
0.58137033
0.62631170
0.62386844
0.40681572
-0.95625964
-1.15304705
-1.35840250
-1.36033274
-1.33074835
-1.29569565
-1.13823032
-1.02297039
-1.01664457
-1.03702330
-1.04234139
-1.32550367
-1.40945434
-1.26177344
-1.10128276
-1.06632692
-0.74479320
-0.92013613
-0.97997287
-1.11144016
-1.27345067
-1.22184676
-1.10348046
-1.30425579
-1.24137246
-0.84077648
-0.88169527
-0.88926613
-0.47948750
-0.34957987
-0.25651234
-0.30738509
-0.56944776
-0.75085801
-0.90002170
-0.63369783
-0.93937172
-0.69497168
-0.96716121
-0.98332960
0.63416737
0.45218748
0.63506370
0.49895599
0.26828574
0.39477231
0.43773569
0.67382789
0.41414595
0.74577526
0.93826459
1.00169925
0.73608223
0.60200933
1.13753836
1.02522010
1.20528406
1.00532831
0.95766871
0.71316812
3.39625652
3.08135394
3.04404669
2.85796803
3.20308674
3.21560714
3.36246660
3.31685235
3.09592588
3.28973934
3.65931335
3.38580083
3.30190514
3.13287702
3.14763885
3.06969660
3.09234640
3.15928530
3.49293286
3.52416807
1.92311992
1.74722195
2.02488117
1.35100177
1.76925919
1.91026491
2.10629016
2.26631544
2.23806610
2.47099208
2.32090518
2.35447361
2.35444395
2.58548006
2.06507489
2.38137178
2.59435284
2.29306018
2.04356983
2.25061117
1.20888298
0.78873602
0.82565557
0.89867543
1.42504179
1.33250259
1.22983869
1.05449190
1.00576351
0.94093683
1.22915480
0.87706647
0.77097558
0.75725461
0.92989675
1.28199300
1.14765825
1.28102073
1.27257298
1.41105753
-1.17566181
-0.82217871
-1.04271843
-1.21613733
-0.98992585
-1.20153634
-1.01562411
-1.09552988
-1.19153266
-1.46411276
-1.10257102
-1.37706538
-1.41093945
-1.58472968
-1.79783247
-2.01917034
-1.58226221
-1.13467679
-1.09663395
-1.30745046
-1.54951595
-1.52490292
-1.47288368
-1.64622840
-1.81649234
-1.99220970
-1.95508846
-2.18998098
-2.04771758
-2.10322104
-2.21923732
-2.31764477
-2.19493193
-2.31608887
-2.21017056
-2.22631250
-2.10854013
-2.10414338
-2.11682829
-1.98595142
-2.38316720
-2.06725644
-1.62691490
-2.12444101
-2.02042504
-1.80973654
-2.17774201
-2.64854014
-2.92863202
-2.62378158
-2.17512938
-1.98763612
-2.21998469
-1.73285900
-1.63592978
-1.71042586
-1.41685893
-1.53449660
-1.78086440
-1.81574786
1.90820719
1.58563048
1.10372378
1.48050316
1.30659564
0.87374531
1.27159438
1.51403819
1.59313605
1.39635096
1.42472278
1.32472206
1.43821502
1.22320751
1.40169744
1.86056423
2.19093287
2.08092362
2.03338193
1.79223515
0.73406353
0.63116964
0.48121025
0.91139962
0.88656738
0.95124041
1.00044256
1.05454683
1.08423434
1.37620542
1.22700261
1.62335219
1.65384336
1.44663412
1.47623828
1.05556837
1.26146876
1.05720834
0.81785054
0.40768757
0.44422357
0.61536603
0.69132678
0.78733666
1.24891496
0.84723560
1.25043288
1.06668777
1.29637636
1.39631907
1.30636690
1.15137296
1.06132793
1.05209438
0.96081398
0.81237930
0.93807861
1.02878876
0.86718482
0.71911971
1.77529419
1.67804199
1.37579219
1.60631367
1.26031838
1.15600882
1.07137483
1.12658208
0.65089443
0.76013628
1.09605025
1.12452569
0.99459744
1.19029725
1.28226336
1.38969987
1.17064571
1.43148103
1.46638778
1.52353061
-0.63592998
-0.37504877
-0.69696591
-0.34495257
-0.16290937
-0.23628767
-0.04113416
-0.12376119
-0.10313428
-0.70358885
-0.59304063
-0.67967347
-0.79366176
-0.67740478
-0.65725473
-0.28593286
-0.42346591
-0.25916498
-0.24903098
-0.64443189
0.93872702
0.94376300
0.83179681
1.19225712
1.13117194
0.62533846
0.78367822
0.72601737
0.66757193
0.69176584
0.85372799
1.15127166
0.89675505
0.89827704
0.94412013
0.85649890
0.84843827
0.80447790
0.79319345
0.99833164
-0.11411966
-0.25188238
0.05661781
0.01522256
-0.48928479
-0.19291541
-0.09672868
-0.07967724
-0.23445491
0.02433676
-0.08624056
0.13480647
0.02428676
-0.05737653
-0.20780871
-0.81880963
-0.79389771
-0.69820118
-0.32272102
-0.43351755
0.33154805
0.55177054
0.92945280
1.00846546
1.22203595
1.30149524
1.62955131
1.61324935
1.62081467
1.08888871
0.83757997
0.77991074
0.63065794
0.69116836
0.65148396
0.54622955
0.74869373
0.75414864
0.44424239
0.32022305
-0.53608391
-0.46798985
-0.41894054
-0.34082157
-0.31672005
-0.34676170
-0.36653793
-0.29231449
0.19332687
0.36578040
0.51617994
0.52274290
0.16885304
0.06230758
-0.19102618
-0.38066042
-0.32106438
-0.51621677
-0.63845793
-0.50548719
0.31524121
0.34701135
0.06230460
0.06321981
-0.05945884
-0.09136478
-0.13947590
0.05177236
-0.02442720
-0.01666080
-0.06249366
0.05609835
-0.02253111
0.45249999
0.71265550
0.75892296
0.53968764
0.46909336
0.40395120
0.50517501
1.39105651
1.49816842
1.91758951
2.44863948
2.44508515
2.41916641
2.59852090
2.58499895
2.47736717
2.17522819
2.13251249
2.27197004
2.22169775
2.01446771
2.25971214
2.39766117
2.09100930
1.45535480
1.62674846
1.46208240
0.47377223
0.27517612
-0.22975231
0.15214733
-0.11428033
-0.25736592
-0.66062839
-0.14588379
-0.12263903
-0.12106251
-0.12321298
0.02676256
0.08160800
0.27534055
-0.08487045
0.00001318
-0.28373524
-0.33698378
-0.01281065
0.39025612
-0.05393935
-0.25052840
-0.22027993
0.17384051
0.34871331
0.82384962
0.88852460
0.63421752
0.53389503
0.52872279
0.64552446
0.54634483
0.28986705
0.15619027
0.18150757
-0.00103779
0.04982901
0.29907969
0.24656115
-0.14409156
-1.02719481
-1.11391488
-0.61665994
-0.47947349
-0.55388546
-0.50337378
-0.54921773
-0.36850927
-0.26640608
0.17299821
0.10845122
-0.06587578
0.13783250
0.00214880
-0.42409207
-0.40273623
-0.58877562
-0.66849416
-0.74920131
-0.78212095
-0.27678783
-0.51632382
-0.45339027
-0.35077760
-0.42039664
-0.51770317
-0.63053015
-0.45982562
-0.36977699
-0.29029923
-0.26779607
0.12537925
0.10807931
0.22989273
0.71849310
0.41773913
0.45858038
0.16812353
-0.00804166
-0.08197962
0.61557464
0.49496160
0.59460220
0.46130717
0.39153134
0.24096596
0.19171724
0.16447780
0.09985748
0.07696279
0.44105836
0.42291676
0.78054068
0.29067387
0.35777942
0.51648034
0.56868157
0.67480884
0.95046714
0.93365393
-0.68019011
-0.98427373
-1.01635264
-1.07138338
-1.55093213
-1.36568022
-0.97907509
-1.14089284
-0.74445119
-0.75038426
-0.74135463
-0.69778389
-1.04544765
-1.08956089
-1.30281740
-1.42499598
-1.47102647
-1.55753363
-1.65009783
-0.78871620
1.33270906
1.46967273
1.55173379
1.76906388
1.69637257
1.88476689
1.36588832
1.80152582
1.63320326
1.82425872
1.83850214
1.35507834
1.40387711
1.19809499
0.99861163
1.30772994
1.17736908
1.06732697
1.00096285
0.91024848
0.34769516
-0.10156036
0.22578684
0.21064551
0.13846068
-0.16021514
-0.10751804
0.31679635
0.68492982
0.50991270
0.68348062
0.65775999
0.65694892
0.45445984
0.22296963
0.28547133
0.74872366
0.83699876
0.64939881
0.54161850
0.93587678
1.20257254
0.66367063
1.01669878
0.78219771
0.98748186
0.84237243
0.55770202
0.74781698
0.31317910
0.38716734
0.47113117
0.55776012
0.42897788
0.35488393
0.38281433
0.78240141
0.70353315
0.60839027
0.71132460
-0.50149228
-0.28591975
-0.61745082
-0.96401186
-0.80823587
-0.76542819
-0.71469734
-0.56229841
-0.24768512
-0.27514142
-0.00632001
0.06023584
-0.11846024
-0.22556771
-0.38589831
-0.04657265
0.10829325
-0.08021433
-0.19511740
-0.53076087
2.02712319
1.70293657
1.66488825
1.89720824
1.80065121
1.73288487
1.50190337
1.50757609
1.91291815
1.88079163
2.08317321
2.19909437
2.52502989
2.61191319
2.79333770
2.78244871
2.63998706
2.75557138
2.13321009
2.23702057
-1.99477804
-1.61597414
-1.81912730
-1.65497106
-1.69246539
-1.90686120
-1.87993472
-2.02270728
-2.00613776
-2.18668113
-2.30375436
-2.35649005
-2.66980608
-2.41417705
-2.36907026
-2.13446531
-2.17692188
-2.14580399
-2.18009271
-2.24108728
-0.46340702
-0.69398264
-0.85036896
-0.78449515
-0.63098959
-0.69677663
-0.89661664
-1.04621750
-0.91879837
-1.17216039
-1.34129483
-1.37262597
-1.04901034
-0.64992389
-0.56791692
-0.19598740
-0.18058734
-0.44062028
-0.55685315
-0.52621687
-0.41387476
-0.68689814
-0.91934647
-0.74520011
-0.87253193
-0.74662516
-0.81971205
-0.80694641
-0.75824767
-0.96728440
-1.07184089
-1.22310792
-1.23863734
-1.17193805
-1.10474028
-1.16518055
-1.18021654
-0.84771773
-0.62607910
-0.35910127
0.71517325
0.98781416
0.42409659
0.27528763
0.46059910
0.26270882
0.69027395
0.72404163
0.68861278
0.64645259
0.46356688
0.26652006
0.49107131
1.11413955
0.79760241
1.08067026
1.46678460
1.41737104
1.19638184
0.88054218
-0.41557360
-0.60893029
-0.61796396
-0.54882502
-0.15533524
-0.53741321
-0.39252542
-0.47695712
-0.89457204
-1.18824218
-0.69579608
-1.19158325
-0.90946407
-0.88982211
-0.96617370
-0.97397236
-1.03849046
-0.63644793
-0.84807046
-0.81481916
0.25123370
0.11076067
0.08381705
0.08136229
-0.15339379
-0.10089989
0.20390528
0.17937490
0.00152484
-0.15908902
-0.05817052
0.01305347
0.10597496
0.02614118
0.24985022
0.05033428
0.11697409
0.02716350
0.01909681
0.30252962
0.21555411
0.12627768
0.05749214
-0.20560502
-0.26374084
-0.28392482
0.09381776
0.00683838
-0.07844894
0.07531525
-0.03840311
-0.01623898
-0.07363361
0.45202188
0.38121107
0.15994690
0.11638452
0.37143019
0.37869725
0.10545057
2.97856002
3.05080878
2.80291376
2.84721951
2.66314578
2.85338729
2.81609189
2.53185219
2.93479811
3.14339896
3.31667633
3.52171259
3.37190910
3.37361845
3.29892256
3.12465372
3.34711381
3.06071263
3.10425776
2.91313322
-1.33968642
-1.17143879
-1.11209869
-1.03577674
-1.19528516
-1.22536452
-1.00061644
-1.39912590
-1.04206735
-0.59893402
-0.76170293
-0.52567427
-0.28381169
-0.40834973
-0.41010918
-0.27205481
-0.09020638
-0.44193919
-0.84579597
-1.33053845
-0.57898614
-0.57418267
-0.43219173
-0.39430505
-0.60858601
-0.50725022
-0.52073563
-0.36918489
-0.50018078
-0.89055607
-0.45047196
-0.43130653
-0.45411594
-0.46489922
-0.59688725
-0.69843882
-0.78538076
-0.78008175
-0.64185565
-0.56932784
1.51316793
1.53507590
1.58419596
1.69664755
1.66436818
1.70515542
1.90145731
1.29117323
1.43373782
1.27072589
1.06456727
1.01573596
0.99944944
1.34557254
1.38522423
1.15219164
1.07420244
1.28471737
1.50743374
1.54062919
-2.27896979
-2.28884212
-1.88624940
-2.21356796
-2.16890083
-2.38310049
-1.99611876
-1.92910102
-1.88475362
-2.08170336
-2.58101983
-2.57312384
-2.76939180
-2.87479134
-2.91506207
-2.49649115
-2.51381396
-2.71851887
-2.39335797
-2.28364647
2.24561329
1.59575735
1.51531009
1.21922232
1.30306528
1.63816581
1.61446859
1.95991804
2.03512496
2.08763313
2.33568807
2.02073630
2.50602855
2.52002748
2.26104196
2.11690939
1.96659262
1.87265833
2.01097163
2.05005289
0.82261422
0.76915859
0.73510910
0.40637448
0.79876985
0.93514892
0.84627039
1.04361960
0.89717593
1.03598319
1.09014725
1.32911891
1.10698396
0.95000579
0.95319440
0.58829771
0.80025763
0.83712074
1.09125484
1.18623563
