phonon_position
-0.22734264
-0.49400824
-0.20024085
-0.06006340
-0.22870703
-0.01403026
0.37141263
0.46256717
0.35862177
0.42135393
0.25542247
-0.10164747
-0.43332913
-0.21354494
-0.48801423
-0.53956547
-0.28148331
0.15877283
0.26123718
-0.06292496
-0.10652498
-0.22262184
-0.59426593
-0.59093195
-0.81833054
-0.88888246
-0.64874888
-0.41551341
-0.16930002
-0.27149862
-0.21547691
0.21734652
0.44441821
0.84883389
0.99327725
0.94352190
0.50532136
0.41398552
0.35993850
0.22437402
1.14783841
0.59510842
0.36459103
0.61241335
0.59951098
0.18260732
0.19204484
0.49079283
0.65918954
0.69675528
0.76661871
0.57457935
0.47678424
0.65079524
0.27711959
0.10993440
0.51714651
0.74294515
0.69347711
0.99699982
-1.15151135
-1.33934968
-1.38840924
-1.37358813
-1.62122101
-1.63743735
-1.60826839
-1.64164647
-1.82603393
-1.49109456
-1.47524784
-1.58459045
-1.62199787
-1.36007259
-1.56432417
-1.67028300
-1.33430632
-1.38161632
-1.16666196
-1.06688527
3.18131835
3.36727065
2.82422554
2.59295246
2.87234978
2.77376669
2.72174381
2.89667073
3.00999002
3.03815770
3.08894679
2.72378485
2.64489719
2.61790238
2.66122924
2.95181626
3.22681721
3.08511779
3.38832757
3.38764018
1.21400540
1.09874782
0.99539902
1.20575115
1.42976551
1.28113747
1.47638205
1.37927462
1.59266193
1.43469789
1.54576258
1.50396245
1.12645941
0.77620059
1.06781775
0.78033864
0.90286105
0.90952862
1.09443050
0.97545007
-0.35894607
-0.11676317
0.06816263
0.29928238
0.32749512
0.48999678
0.24532769
0.09050236
0.01083564
0.15041878
-0.04785040
0.17763014
0.12940045
0.15143080
-0.00636512
0.26306915
0.32654349
-0.23541252
-0.20519295
-0.32871603
-3.58898633
-3.53923390
-3.82393737
-3.77883280
-3.60809869
-3.41301017
-3.49961643
-3.21611537
-3.17359312
-3.47905129
-4.02718490
-4.13284041
-4.13117592
-3.97725555
-3.84613509
-3.75080157
-3.98056486
-3.71504218
-3.76853347
-4.08195524
0.72560556
0.57678994
0.75911192
0.41741222
-0.04998344
-0.07425797
-0.12064497
0.11889812
0.25351512
0.10043940
0.32689698
0.14043256
0.13349571
0.17821164
-0.24217566
-0.27060712
-0.01127597
0.17966561
0.22119472
0.48343196
-1.56619793
-1.06329616
-1.00890018
-0.75818434
-0.92470512
-1.05422079
-1.01463663
-1.29569823
-1.48429399
-1.51854216
-1.61358231
-1.94375140
-2.14791342
-2.20322535
-2.15583729
-2.29270109
-1.63104345
-1.49443105
-1.78537841
-1.61576728
0.66151861
0.83076393
0.90342959
0.90370443
0.59675008
0.78560411
0.70086368
0.66376487
0.39225497
0.33311342
0.60055721
0.26101495
0.26184275
0.44904877
0.49213192
0.41652533
0.23928225
0.32597622
0.59874929
0.58978556
2.56940659
2.56014480
2.42172782
2.07776565
1.86185688
1.85223044
1.94017007
1.95484237
1.97151207
2.13082331
1.93577000
2.06048341
1.82774186
2.00938923
2.07367903
2.49423435
2.39711086
2.19946681
2.12799322
2.11730945
1.59238142
1.69423065
1.88039999
1.83084414
1.63993819
1.65255839
1.67030165
1.52192527
1.33349753
1.15302520
1.41134887
1.40189979
1.03547575
1.24056282
1.21205032
1.63642399
1.66695036
1.48019063
1.47939307
1.59989386
0.91949082
1.16042526
1.20733396
1.20861842
1.61820619
1.53110169
1.56756437
1.78608998
1.76606744
1.37378058
1.18056291
1.16812512
1.18674283
1.21739317
0.91128732
0.99412685
0.84129729
0.74628191
0.91459842
0.94189361
2.93035246
2.77303952
2.61625689
2.53427513
2.43428759
2.78418965
2.91368510
2.87852366
3.07454383
3.17340383
3.11557099
3.41921424
3.30041912
3.53192070
3.54838680
3.43849332
3.46508393
3.13733916
3.01899382
2.84326675
-0.97915917
-0.66469256
-0.38771893
-0.80196060
-0.59714936
-0.33993423
-0.41119830
-0.28571617
-0.48817976
-0.51050005
-0.55058679
-0.97680671
-0.79161966
-0.96404915
-1.06511212
-0.78139637
-1.06849626
-0.88006358
-0.84143529
-0.98149582
0.59803539
1.05533677
0.88186080
0.96239818
1.18579136
1.13761900
0.99459731
0.80998834
1.03495354
1.21587534
0.70323902
0.62018108
0.47154595
0.44352092
0.23563358
0.64246221
0.60523178
0.75468511
0.77162458
0.81200656
0.17197659
0.27801469
0.53271605
0.54630687
0.55061976
0.49094528
0.21698264
0.24270662
0.19872124
0.33778866
0.67020704
0.76926718
0.45964414
0.31425267
0.47158016
0.31899490
0.29442913
0.37248932
0.67364787
0.36526962
0.65936273
0.77226833
0.58835217
0.67845057
0.76445616
0.47223223
0.63766427
0.43054462
0.15173844
0.34881145
0.18937852
0.33915357
0.38537789
0.31426526
0.20322261
0.20565143
0.29641302
0.45543479
0.71526720
0.57491085
1.29147088
1.48745384
1.37520044
1.30233593
1.42314396
1.32067460
1.22316742
1.32902770
1.18176043
1.51006589
1.71231516
1.47081471
1.77289813
1.73651421
1.16643534
1.23408218
1.09608309
0.79334743
1.18266516
1.36886161
2.88571412
2.89422542
2.53068912
2.44315206
2.44450022
3.03739344
3.15858550
3.16430782
3.45714672
3.41950884
3.12199458
2.89379092
2.90568571
2.81152589
3.06389481
2.85689382
2.76240449
2.58934335
2.77179361
2.92985201
-0.42776284
-0.16468339
-0.67018692
-0.82650573
-0.89268656
-1.45714253
-0.94105749
-0.87810161
-0.97654888
-1.18580423
-1.21127719
-0.85364357
-0.98600382
-0.51239385
-0.12699390
-0.23943307
-0.39836044
-0.93913351
-0.65495067
-0.77036112
1.59532896
1.83598512
1.69325876
1.95452334
1.66837211
1.65855850
1.81577587
1.54015106
1.71446857
1.15867835
1.34172890
1.12236604
1.02388782
0.92316840
1.19464711
1.19851094
1.35844499
1.41385721
1.60546364
1.36509926
0.91891424
0.70258428
0.79375792
0.63350734
0.48287533
0.52638256
0.42202311
0.78154953
0.98093490
1.19369756
1.59978399
1.63653699
1.49800618
1.59279062
1.53398125
1.53591901
1.53981235
1.62616402
1.31356295
0.87667520
-0.02871381
-0.04114584
-0.11224470
0.03374143
-0.15919370
-0.33820419
-0.37507828
-0.25809385
-0.11637398
-0.10223465
0.02264815
0.09745011
-0.23268938
0.03056610
-0.06984740
0.01871243
-0.11877356
-0.14626950
-0.07460959
-0.37185631
-0.18417522
-0.41232678
-0.23861369
-0.36159420
0.10231839
0.20581227
0.04646239
-0.03771461
-0.17589981
-0.34136894
-0.55476538
-0.32691356
0.09792970
0.47044950
0.14902001
0.21393143
-0.17739121
-0.19988917
-0.44500574
-0.23666516
1.42593930
1.62310326
1.46855889
1.56322961
1.53860173
1.54952004
1.48658990
1.65142833
1.92322161
2.22544472
2.12580855
2.37657817
2.16301037
1.69379185
1.68418448
1.56475631
1.43758161
1.47573792
1.60068082
1.36894129
-0.76276587
-0.84065223
-0.69776717
-0.88591885
-1.00557964
-0.67332350
-0.62462363
-0.38222465
-0.10954853
-0.04194224
-0.43051673
-0.38584484
-0.42100282
-0.55309110
-0.79933625
-0.29180854
-0.03248669
-0.48188892
-0.64711856
-0.84718548
-2.33340618
-2.59060429
-2.41562216
-2.37004388
-2.31434460
-2.30439753
-2.68829531
-2.48579448
-2.56308406
-2.43957244
-2.36396088
-2.23274839
-2.46952573
-2.20989241
-2.48633652
-2.81223860
-2.47370839
-2.80162665
-2.94707419
-2.47402010
2.20818089
2.15273423
2.18449605
2.06293541
2.46216507
2.73277511
2.66098166
2.86527732
2.32828213
2.59749166
2.52490473
2.66425712
2.80782691
3.13800466
3.01110394
2.71096400
2.79839126
2.65458958
2.49069472
2.65003240
0.44983755
0.20312643
0.10128190
0.32998185
0.18596715
0.22751359
0.62721928
0.47498422
0.60094177
0.66109584
0.22294354
0.25512781
0.34914479
0.62879313
0.42858654
0.40609293
0.33982139
0.23708367
0.72659201
0.89819410
-0.21267100
-0.46007782
-0.62651935
-0.47340834
-0.28719400
-0.49426100
-0.95515733
-1.15205359
-1.49448349
-1.34454191
-1.37240984
-1.31991980
-1.25446933
-1.06480773
-0.68628189
-0.54572954
-0.42883702
-0.47620537
-0.48637544
-0.03604326
2.12039391
2.13915530
1.89741869
1.86382443
1.86785744
2.08231442
1.97228563
2.08515513
2.21610636
2.27468962
2.58964651
2.90953904
2.77031361
2.84489473
2.69933332
2.68592163
2.43109066
2.18840261
2.19372337
2.02252171
3.00631137
2.94481562
2.96312659
2.88892679
2.73898421
2.71832436
2.81968278
2.92995688
2.73106283
2.69521801
2.48213500
2.44720990
2.85087453
2.99003739
2.99040200
2.88797869
3.05924735
2.70432285
2.83698523
3.33288607
1.20231385
1.28298459
0.93669420
0.98817677
0.85544326
1.19002558
1.15732362
1.56010754
1.65967856
1.46077344
1.40939723
1.61552077
1.70809168
1.45446731
1.36198278
1.46559272
1.23248276
0.91970982
1.20373357
1.00765051
0.48001732
0.19381198
-0.03698346
0.00906798
-0.02573892
0.43332545
0.89541025
1.08884447
1.11310993
0.81385178
0.83357494
0.87400433
0.82961751
0.76078142
0.67314042
0.13307869
0.32093094
-0.11013528
0.07480521
0.24304748
-1.24160117
-1.05014916
-0.71283996
-0.64332231
-0.67653320
-0.30460199
-0.35901678
0.12999445
0.08251391
0.20986341
0.14030752
0.20857630
0.13133195
-0.15633229
-0.41194624
-0.51219975
-0.94672355
-1.31312666
-0.88754389
-1.06781569
-0.37517665
-0.54125162
-0.19963811
-0.11201494
-0.04628597
-0.34049658
0.13655168
0.51543527
0.75962291
0.30457056
0.15729110
-0.13936883
-0.35811521
-0.45496274
-0.42061857
-0.13011802
-0.25064445
-0.43391700
-0.26041629
-0.18045994
-1.14516407
-1.16269323
-1.19314337
-1.34007490
-1.29849628
-1.34307244
-1.57353763
-1.13691357
-1.06992919
-0.90385965
-0.94954343
-0.80104496
-0.97828772
-1.16709582
-0.90997799
-1.10378487
-0.78427145
-0.84732150
-0.93972895
-1.18618310
0.80739835
0.83278901
0.85861935
1.24999296
1.23851551
1.30709352
1.64105717
1.72079718
1.65498136
1.55375363
1.35051509
1.43422142
1.01871650
1.11837499
0.80279201
0.71890157
0.72618616
0.60714054
0.96159038
0.68134342
0.62969644
0.60192421
0.56406830
0.82079750
0.94569517
0.99104725
0.96723437
0.85271295
0.80240279
0.97042877
1.10191353
1.06638297
0.97273039
1.01716683
1.05708858
0.87045466
1.07372825
0.70651505
0.59724287
0.50722992
-0.30252808
-0.21010242
-0.05661823
0.14852456
0.02716975
0.19428524
0.12819935
-0.06520577
-0.13130707
0.09483322
-0.26244337
-0.26284426
-0.18840267
-0.08401542
0.09653009
0.13440932
0.05914283
0.01404288
-0.23522282
-0.32518196
-2.05207428
-1.98633632
-1.63188338
-1.54750615
-1.74833162
-1.75095197
-1.48843401
-1.33749163
-1.13874277
-1.01537221
-0.85621105
-1.16756996
-1.21609433
-1.21879061
-1.21544122
-1.14222477
-1.17822131
-1.12951934
-1.54472581
-1.75916777
2.81376967
2.64423379
2.71900272
2.37486603
2.36049809
2.35492313
2.47952010
2.52458398
2.07065296
1.81591850
1.63143913
1.55341786
1.95123320
2.34982678
2.37343970
2.41512374
2.48500400
2.52893885
2.70316656
2.67851323
-1.42628583
-1.61218445
-1.67616390
-1.69716870
-1.68894139
-1.61149191
-1.76740228
-1.85142918
-1.67275012
-1.54365845
-1.31863339
-1.29300967
-0.99147497
-1.22485395
-1.36463919
-1.31612289
-1.42794898
-1.55884356
-1.53775787
-1.37154026
0.22815721
0.54963016
0.58496815
0.70615243
0.59312322
0.59239416
0.55630757
0.23952056
-0.28337215
-0.80773974
-0.40871063
-0.72098075
-1.00595796
-0.74492218
-0.44044345
-0.09201529
-0.02110738
0.06676263
-0.04873769
0.17901066
0.92354274
0.92663944
1.11828590
1.10405775
1.12503199
1.19877232
0.97917218
0.94727665
0.74993302
0.37210383
0.36040766
0.79646285
0.91598211
0.90276696
0.78286753
0.91482563
0.79443331
0.50100784
0.32536262
0.49140720
1.67354368
1.75322275
1.57117633
1.52288619
1.96089929
2.19631537
2.41837236
2.37414370
2.54986410
2.07170960
1.94968104
1.71636311
1.83602366
1.82601238
1.85799539
1.19878577
1.13772879
1.66373410
1.81450385
1.60948936
-0.31366908
-0.24642653
-0.21112587
-0.44647225
-0.31949841
-0.42881083
-0.40000652
-0.00030783
-0.04984902
0.00480706
-0.01865140
-0.15227595
0.06094273
-0.14735818
-0.36804933
-0.43125040
-0.40019561
-0.27518116
-0.15578497
-0.08852864
-2.62550439
-2.48383030
-2.65293359
-2.35854273
-2.23303824
-1.60834913
-1.58822649
-1.75297251
-2.46993856
-2.46968959
-2.19686894
-2.48085862
-2.74494012
-2.57139353
-2.60298525
-2.43117413
-2.51514870
-2.79114518
-2.85904287
-2.59466737
1.59525909
1.62285516
1.70126316
1.71375647
1.09014680
0.77475273
0.85858652
0.76076593
0.92243173
0.92101688
1.16164255
1.18671496
1.04915787
1.21314970
1.45794085
1.57799355
1.74301541
1.49234497
1.62349418
1.70212089
-0.10934644
0.24247617
0.22077477
0.44619458
0.41149008
0.74100507
0.94570079
0.88151810
0.57231163
0.52400397
0.68182717
0.64739902
0.69111571
1.04954565
0.73574263
0.88975553
0.39243645
0.16941756
0.20165009
0.18151030
1.55598541
1.40985567
1.30860858
0.96969139
1.13850602
0.94137717
1.22898386
1.03428258
1.33196520
1.62953333
1.76241167
1.61417508
1.47008443
1.60262665
1.29927943
1.48208005
1.39015677
1.44673450
1.65352323
1.53104834
1.96421709
2.12460230
1.88849642
1.82989563
1.77883152
1.84527679
1.86506248
1.51483111
1.51197600
1.95453495
1.79124214
1.94389262
2.07773855
2.24110507
2.17415345
2.19675823
2.09109883
2.10792305
2.24936464
2.04916203
2.78399873
3.14820869
3.15317837
2.91759628
2.48187299
2.51334907
2.03130559
1.70139826
1.97678786
2.06159549
2.33424628
2.50139113
3.05416544
3.17010472
3.09283275
2.64199339
3.08849018
3.16188521
2.98971220
2.83278965
0.13705777
0.40313138
0.35943358
0.40670299
0.72852296
0.61242232
0.35801312
0.38270093
0.61869182
0.54142220
0.37309759
0.71799862
0.62891499
0.06703046
-0.34138213
-0.25012250
-0.45837582
-0.31813269
-0.15842334
-0.10503979
1.59812922
1.62768371
1.29846928
1.09960005
0.76209972
0.99225660
1.20153716
1.31341572
0.95321592
1.12114165
0.90318329
0.65045394
0.99353418
1.28078907
1.43715684
1.45422836
1.43025122
1.52256541
1.29200405
1.38703089
0.21610499
0.01440157
0.12625501
0.52024771
0.21739760
0.18524411
-0.02145185
0.20628383
0.15261694
-0.08978188
0.19100093
-0.08430980
0.16332357
0.06212267
0.32896471
0.13534843
0.02301233
-0.08687345
-0.25160097
-0.09761267
-1.47043033
-1.63700611
-1.64170078
-1.60915742
-1.97793051
-2.40013170
-2.20607424
-2.25475953
-2.19637705
-2.35945635
-2.03346569
-1.90914478
-1.94399512
-1.94638121
-1.97188292
-2.00352747
-1.95812195
-2.09124601
-1.80711588
-1.69362599
-1.27049657
-1.05110290
-1.11913565
-1.16387796
-1.08712482
-1.46122674
-1.79444065
-1.81936722
-1.56406157
-1.00976423
-1.46745249
-1.54113499
-1.67318112
-1.53857154
-1.65145918
-1.69249121
-1.78975087
-1.72561354
-1.67859419
-1.32227438
0.78216924
0.90017898
0.96940405
1.20728292
1.36321379
1.24296055
0.72221178
0.86650478
0.68592714
0.62493332
0.41693112
0.57086302
0.29802818
0.38135262
0.55701024
0.35099284
0.33423270
0.27306520
0.20277960
0.28196306
0.34378307
0.54587371
0.59842677
0.95630338
0.78438370
1.04116006
0.90623673
0.84949217
0.41343887
0.50839181
0.30593185
0.20465666
0.45665855
0.52721240
0.36742544
0.61643579
0.67459646
0.34721107
0.40080209
0.04890278
-0.07620035
0.02042725
0.35205047
0.33848668
0.79652262
0.74584833
0.76540771
0.88791023
0.84624509
0.90476173
1.03753640
0.65968340
0.41486353
0.29514716
0.37991051
0.14538161
-0.16951357
-0.27705640
-0.24369700
-0.16592395
2.21702218
2.05383205
1.96328400
1.85859490
2.07445362
1.90774563
1.79473362
1.87421155
1.63785864
1.73767251
1.68501642
1.40860633
1.97428943
1.86224313
2.15972130
2.09390425
2.24036413
2.01052135
2.26805961
2.20692165
1.35908631
1.57480579
1.77934921
1.76980286
1.76767432
2.10076198
2.30154110
2.48116996
2.51509404
2.14162127
2.42570170
2.33254490
2.36169216
2.33505288
2.18389034
2.13414860
2.10191175
1.80347179
1.83289896
1.49828051
-2.11539934
-2.54659347
-2.28499641
-2.17685539
-1.95461738
-2.07204094
-2.25080202
-2.37570148
-2.38849059
-2.19734298
-2.22313375
-1.92677607
-2.05319288
-2.09710751
-2.49968408
-2.64600291
-2.33852150
-2.20351176
-2.14070301
-2.22319046
1.84128955
1.47053906
1.39309082
1.63110081
1.78473991
1.90393823
2.09962287
2.28805619
2.35750890
2.44610733
2.64645117
2.75721642
2.38865839
2.28493980
2.11787978
2.07623921
2.09397619
2.24447993
1.96755061
2.13169622
1.33668848
1.32136686
1.68851106
2.08750239
2.07467281
2.10107037
2.24405236
2.44449819
2.15154425
2.18250354
2.35211027
2.09657723
2.37740160
2.40557986
2.36772617
2.12860809
1.83986645
1.70577471
1.61751009
1.20636524
-1.79471292
-1.73607572
-1.84849472
-1.61016129
-1.17836677
-1.07516797
-1.39756530
-1.16964367
-1.16002485
-1.31271045
-1.55460900
-1.65902242
-1.83946247
-1.81559789
-2.26150369
-2.28940780
-2.11577903
-1.86016464
-1.78762709
-1.82371030
-0.39934155
-0.35757786
-0.67667953
-0.93614861
-1.10887540
-1.14754209
-1.04312372
-0.99601985
-0.66710155
-0.66922420
-0.85692908
-0.87941853
-0.94404029
-0.51117462
-0.07639243
0.10727614
0.09016876
-0.21771332
0.19561122
-0.05367434
1.20107938
0.67711395
0.34529036
0.36375417
0.51955902
0.40031291
0.14960741
0.29460649
0.27567799
0.51357659
0.69125905
0.98107668
0.97490255
1.17926965
1.50281567
1.41818270
1.45224767
1.60559048
1.59845906
1.30965075
0.59273444
0.68948154
1.08948193
0.76757967
0.77428170
0.71371254
0.74555586
0.67316034
0.57017798
0.47791701
0.72584476
0.68443556
0.61781693
0.81325570
0.74845996
0.31024757
0.28707657
0.66694157
0.65686094
0.04417031
0.66283018
0.36249840
0.30716172
0.29951803
0.59559900
0.71566079
0.42013614
0.31994096
0.26067578
0.51335477
0.67140308
0.64270666
0.41043040
0.32148327
0.29659029
0.51171221
0.69243740
0.36466845
0.57038527
0.51720456
-0.20363904
0.09523020
0.01459845
0.03991328
0.16317836
-0.11005128
-0.12616308
-0.06177061
0.21715170
0.49819981
0.37392153
0.07912022
0.11263714
-0.38934375
0.00573358
0.15276227
-0.02122434
0.10167129
0.33105932
0.06999907
-1.29940150
-1.45165996
-1.02898637
-0.49563760
-0.86728745
-0.80941424
-1.16049674
-1.13009394
-1.07412212
-0.95797470
-1.08786747
-1.19391124
-0.83445160
-0.86069960
-1.07589933
-1.27376328
-1.26886025
-1.09304710
-1.25141125
-1.28168206
-2.55221574
-2.65157595
-3.13489904
-3.10886384
-3.22587459
-2.76732925
-2.24045628
-2.09222316
-1.89312526
-1.88874632
-2.20697173
-2.36796762
-2.78487996
-2.37024632
-2.03890626
-2.32750860
-2.24734327
-2.29306350
-2.75570737
-2.83684781
0.82516287
0.77675192
0.60614185
0.78126705
0.79925465
0.58938262
0.62036655
0.50876885
0.33907169
0.56433369
0.49164363
0.21212440
0.17042534
0.32665828
0.10357235
-0.08982860
0.18141913
0.71074644
0.89407892
0.95032747
0.83063774
0.57756421
0.90518483
0.75264869
0.94893446
0.79360374
1.14155316
0.79233428
0.89911189
0.58717757
0.74596547
1.32245137
1.22209500
1.34812658
1.20461341
1.23064424
1.19894040
0.89065250
0.94747356
1.13685851
0.78955939
0.54917942
0.20665139
0.33854777
0.47634415
0.14061489
0.15495463
0.18546525
0.05136907
0.10746237
0.52459286
0.44681447
0.28931311
0.60725944
0.89228732
1.04183611
1.15392228
1.00505530
1.34509175
0.90765738
-1.08758202
-0.93658916
-0.90380980
-0.63106571
-0.96216366
-1.14669529
-0.69706427
-0.73597246
-0.72131745
-1.14320540
-0.90326006
-1.32025856
-1.16824452
-1.37044566
-1.06116213
-1.13559944
-1.14953615
-1.17432408
-1.04636429
-0.97349317
-1.48749878
-1.96431628
-1.92973932
-2.22139166
-2.21688305
-2.51323595
-2.43662491
-2.46069757
-2.39721763
-2.43737035
-2.35154719
-2.10692088
-2.12162401
-2.04465615
-2.29330156
-2.56297748
-2.34874057
-2.36346875
-2.14618014
-1.63109991
-0.75682069
-0.79270380
-0.78703697
-1.20209439
-1.35012509
-1.41573280
-1.62209869
-1.62375991
-1.21536248
-1.34240061
-1.24426822
-0.95216233
-1.14269994
-1.33238322
-1.22986202
-1.73155940
-1.27657419
-1.18664539
-0.85900624
-0.68631351
-0.99320616
-0.89920409
-1.01173081
-0.85761556
-0.83130944
-0.35062276
-0.51112231
-0.00874838
0.23278498
-0.14345295
0.10546672
-0.07950423
0.01752978
0.01372452
-0.11559632
-0.52430827
-0.61349378
-0.65625744
-0.75365383
-0.84588440
-0.25629862
-0.45372284
-0.66689478
-0.39865241
-0.24811750
-0.35780081
-0.39821513
-0.41127373
-0.70106930
-0.40659316
-0.61164198
-0.37854477
-0.35380703
-0.64579887
-0.47063889
-0.26152061
-0.30530624
-0.21608888
-0.24717647
-0.36673439
-1.00890498
-0.72522592
-0.64083018
-0.53803823
-0.68711532
-0.75504629
-0.66373168
-0.59297227
-0.54234565
-0.71394470
-0.67606706
-0.86576398
-0.98648276
-0.75250087
-0.48220503
-0.45129879
-0.59239431
-0.90490443
-0.98234792
-0.98943264
0.23001428
0.38697087
0.19106240
0.04647699
-0.44352458
-0.32895031
-0.03434471
-0.32742455
-0.05802451
0.08607052
-0.22464481
-0.34940854
-0.78799849
-0.78419348
-0.90246361
-0.98981187
-0.86261377
-0.66669913
-0.74818906
-0.02550885
-0.01593299
-0.54623661
-0.32512298
-0.62051409
-0.26913264
-0.32915276
-0.43998575
-0.52494421
-0.59163102
-0.24396203
-0.28510881
-0.57444003
-0.62917600
-0.64982073
-0.76552060
-0.83454840
-0.55141547
-0.44973987
-0.46567623
0.01034290
-0.75624920
-0.49052629
-0.93927520
-1.09639138
-1.11217101
-1.07574586
-0.84370634
-0.69042521
-0.50733744
-0.76186379
-0.37547616
-0.87466204
-0.98414716
-0.76273333
-1.16251176
-1.18896454
-0.98408931
-0.94522611
-0.77068436
-0.77159047
-1.81808575
-1.65718277
-1.41633153
-1.83994473
-1.99217191
-2.36297773
-1.70163813
-1.74372884
-1.65841302
-1.71402113
-1.21267055
-1.38262816
-1.02049004
-0.94682952
-1.42140117
-1.45470247
-1.20221158
-1.28765693
-1.69910282
-1.56097135
-0.14380992
-0.05845627
-0.16082176
-0.29190939
-0.21194632
-0.01173413
0.03516204
-0.26434517
-0.31387459
-0.69255457
-0.81191225
-0.56353237
-0.53771568
-0.78956498
-1.31969617
-1.05834656
-0.66612113
-0.59995585
-0.33830034
-0.35016653
1.09118302
1.26743160
0.90257671
0.80319655
0.58773716
0.62106142
0.55957789
0.32806515
0.58238183
0.65216773
0.35700213
0.54459478
0.43486520
0.41744002
0.33193142
0.33994616
0.40170615
0.63968221
1.00225674
0.92669481
-0.91138104
-0.77295982
-0.94345548
-0.78066689
-0.62877408
-0.44657020
-0.48612191
-0.37303401
-0.45600177
-0.58596390
-0.69280116
-0.99350707
-1.10601441
-1.18428351
-1.19779233
-1.33906453
-1.58394870
-1.36736666
-1.37607402
-1.28609615
0.42485228
0.65568916
0.70036418
0.83343518
1.36707746
1.00911739
0.85180872
0.74954799
0.35117938
0.20040927
-0.02078600
-0.05418655
0.20326392
0.61964506
0.68729457
0.95199430
0.96963996
0.86727315
0.67976632
0.74588615
-0.05695760
-0.02141223
0.31623279
0.48421074
0.11085688
0.28485415
0.16024394
-0.09696441
-0.21007378
-0.29816857
-0.18372884
-0.05719612
-0.02319817
-0.29211538
-0.39195197
-0.37319492
-0.13998628
-0.31417365
-0.44394729
-0.08367579
0.55053076
0.67536354
0.25354369
0.22479152
0.08516432
-0.06983239
-0.07731918
-0.01278139
-0.06833849
-0.05537330
0.16092786
0.34037973
0.37561902
0.48878785
0.38831175
0.53044493
0.30348123
0.31718353
0.50546438
0.70662937
1.89915911
1.93033536
1.82578664
1.61823340
1.68830076
1.69563857
1.72571968
1.99307898
1.86360914
1.74296998
1.83071497
1.85044429
1.63274262
2.07417566
2.08901400
1.91077695
1.77887237
1.74932812
1.53711764
1.74114480
-0.71185258
-0.81023880
-1.18992642
-1.00682406
-0.89199198
-1.10143524
-0.65272545
-0.61276465
-0.55321125
-0.59781163
-0.55216214
-0.21215192
-0.48719860
-0.68644031
-0.96911827
-0.86346040
-0.75761291
-0.68291315
-0.74062977
-0.74785468
1.18636910
1.11982446
0.70195229
0.90887157
1.06668866
1.06935484
1.24203061
1.29796534
1.26410222
1.39615090
1.48330045
1.55119658
1.42757400
1.50098785
1.19602056
1.25292547
1.00421072
0.90629337
1.15356881
0.86475234
-0.10022674
-0.38266118
-0.01750576
-0.01281015
-0.02723646
0.09167191
0.37804292
0.28513996
0.07790575
-0.26020933
-0.48815878
-0.54624064
-0.66950799
-0.83747947
-0.36355516
-0.28098725
-0.34943037
0.02032694
0.02102040
-0.09244959
0.75731839
0.44951503
0.07387768
0.29821459
-0.06353400
0.46709899
0.31387674
0.29092178
0.00418441
-0.10102635
-0.20456064
0.19562440
0.30806032
0.43256729
0.38371814
0.58484597
0.44981176
0.51372621
0.51256723
0.58549467
-1.40147940
-1.61646378
-1.87072900
-1.82945565
-1.96877438
-2.09396686
-1.88317788
-1.93668645
-1.81910826
-1.53814146
-1.32188112
-1.08556799
-1.01683920
-1.00847312
-0.95760356
-0.99838381
-0.94995506
-1.46735196
-1.26283398
-1.46018113
0.80498795
0.99800937
0.99874649
1.05848200
0.84516601
0.88789615
0.67382526
0.98822058
1.01180242
0.90823652
0.83652630
1.03989352
1.23031923
1.11043941
0.75535617
0.94766941
0.95922071
1.22706985
1.13074059
0.86781399
-0.81316937
-0.77481617
-0.45602371
-0.84003343
-0.77351236
-0.64212314
-0.19089350
-0.06688719
-0.34904608
-0.76311566
-0.63989555
-0.57491943
-0.35977610
-0.56528494
-0.68772713
-0.71752297
-0.84699752
-0.99674826
-1.16893993
-1.02048294
-1.74972896
-2.00236761
-2.35612084
-2.27953659
-2.31472830
-2.28928368
-1.92782599
-1.73378607
-1.58219966
-1.93350291
-2.26761534
-2.15592066
-1.96999367
-1.47491906
-1.44115821
-1.58843622
-1.34570575
-1.43349901
-0.98533312
-1.30885183
1.81103886
1.51879378
1.50958016
1.62960708
2.27542809
2.62247913
2.48115026
2.81063790
2.75454705
2.36465559
2.34990689
2.30541125
2.56648841
2.97051773
3.12005514
2.83542146
3.11142837
2.83830164
2.73561597
2.13636873
0.82511687
0.62459422
0.70509415
0.55618862
0.24502562
0.51736964
0.69818526
0.69640407
0.67776063
0.71285050
0.60125369
0.79362254
0.83263729
0.58633212
0.33374878
0.93131105
0.70995558
0.57078115
0.84531857
0.67018579
-1.16933261
-1.16668377
-1.05473039
-1.05100530
-1.02999772
-0.98229054
-0.93594370
-1.30034094
-1.31405350
-1.29241793
-1.11956561
-1.33844727
-1.37449608
-1.43417434
-1.35852137
-1.22389729
-1.12836272
-1.02888317
-1.07950216
-1.04755128
-1.37215012
-1.25736307
-1.24021408
-1.18085348
-1.23500394
-1.10155019
-1.02907787
-1.32379338
-1.28170910
-1.43332649
-1.54227848
-1.49996880
-1.49773796
-1.44145711
-1.51313948
-1.46227270
-1.28111577
-1.26516601
-1.22229430
-1.25778690
1.50454048
1.53680296
1.53454498
1.54471478
1.47951817
1.28220772
1.42320118
1.54117243
1.48139851
1.01935777
1.13659017
1.01163705
0.76733684
0.61300623
0.73647096
0.87630462
0.88584568
1.00210824
1.55424559
1.77026625
0.98776321
0.92424697
0.65949288
0.51059617
0.59582737
0.59989909
0.82981451
0.91511385
0.64072816
0.83571585
0.80410286
0.87313797
0.92728149
0.93903409
1.26278391
1.58471682
1.72528969
1.48680641
1.62586332
1.28595704
-0.29942084
-0.41114603
-0.41725953
-0.23278085
-0.26737773
-0.25360605
-0.31218249
-0.40619866
-0.21461275
-0.15670062
-0.26040018
0.08236967
-0.02147066
-0.14621734
-0.23057285
-0.18538986
0.12156967
-0.30459644
-0.09490612
-0.14199406
-2.04445620
-1.72028378
-1.58851031
-1.97783862
-1.90856979
-1.75420816
-1.78994730
-1.75748500
-1.93164233
-1.60451212
-1.55932420
-1.43348970
-1.48778362
-1.19896925
-1.27214000
-1.55831701
-1.53026406
-1.82415500
-1.81743279
-1.90958637
2.29733264
2.01065775
2.15080255
2.15526256
2.07478827
2.09207457
1.74647417
1.79399799
1.46455505
1.61818610
1.97096011
2.01392690
1.86678108
2.19166446
2.23225695
2.64650927
2.49357832
2.27860724
2.45027709
2.11874317
0.79870040
0.78373814
0.78792662
0.86326782
0.92942785
1.13226249
0.86312809
0.84593875
0.73052333
0.79359535
0.88185907
1.24629517
1.51783698
1.22430359
1.58963360
1.82170195
1.19301645
0.87648566
0.82281338
0.83214975
-0.73380001
-0.83887078
-1.22635222
-1.11833332
-0.90175695
-0.63578770
-0.55602042
-0.57708813
-1.06959342
-0.91182098
-0.71438000
-1.20285818
-1.34222493
-1.36486206
-1.19032219
-1.13811892
-0.84895578
-0.71979242
-0.71737129
-0.79718229
-1.87262000
-1.93837971
-1.61983331
-2.04191137
-2.46116320
-2.24729278
-2.52077305
-2.51102849
-2.19661618
-2.48064540
-2.11445768
-2.26202649
-2.63486329
-2.30374923
-2.14808486
-2.34764164
-2.12244681
-1.95917132
-1.92759413
-2.22697679
0.36784676
0.33754901
-0.04512348
-0.13584518
-0.53483916
-0.77007466
-0.76279739
-0.34210349
-0.18392296
0.10447560
0.02626422
0.27765556
0.16078837
0.32339818
0.54334035
0.36693549
0.65720887
0.61343312
0.67069804
0.52875158
0.32846989
-0.15590056
0.09904392
-0.08325746
0.08785087
-0.46348892
-0.51211904
-0.16183718
-0.52502179
-0.35451629
-0.36475193
-0.45398285
-0.17777908
0.11278815
0.39962529
0.08811086
0.40263364
0.18970705
0.17015267
0.24697676
-1.50224415
-1.46107567
-1.60212114
-1.08998932
-1.16330941
-1.56268886
-1.62162104
-1.68705560
-1.43150058
-1.28666817
-1.60834135
-1.48836240
-1.65400716
-1.67284419
-1.61026379
-1.71961109
-2.03682598
-1.72670278
-1.45781591
-1.79770329
0.81165981
0.81538041
1.15903709
0.88829800
1.16929302
1.47541519
1.64656243
1.65710644
1.48212404
1.12810588
0.76534547
0.58235190
0.72470171
0.62904408
0.72405144
0.57629137
0.43033162
0.15305154
0.30885119
0.40537399
1.27441551
1.18702556
1.10017158
1.43272767
1.50602129
1.54761427
1.45628170
1.59746452
1.32040040
1.17756362
1.16034245
0.96009293
0.96464123
0.84812289
0.37869853
0.32960637
0.77442518
0.78707264
0.55434532
1.14938713
-0.42725108
-0.13877899
0.03258951
0.38864688
0.52006683
0.30503867
0.37232239
-0.08370375
0.10949981
0.18723774
-0.23352689
-0.13288420
0.39862451
0.31078644
0.60352793
0.21141973
0.29840328
0.06262956
-0.01449543
-0.10104503
1.41672825
1.48478963
1.52361529
1.55445790
1.50761014
1.50746259
1.18079026
1.32642295
1.05419800
1.05757229
1.10592296
1.29222908
1.58091554
1.71279309
1.90520268
1.65046997
1.37870903
1.70767141
1.95715383
1.58172389
0.32603996
0.12593636
-0.21696009
-0.41070122
-0.29204744
-0.45943491
-0.30166331
-0.24546017
-0.16851016
-0.15489460
-0.02710228
-0.02914457
0.08189863
-0.27071180
-0.48406664
-0.26932228
-0.30982613
-0.26050619
-0.42820557
0.05479860
1.24478333
1.40362222
1.27466223
1.55770406
1.53866185
1.49428109
1.81685654
1.65421670
1.54458731
1.85204317
1.66611326
2.01521518
1.91194940
1.68379218
1.85112824
1.42566844
1.27160873
1.60651936
1.45567806
1.26032227
-0.10713142
-0.78703737
-0.56113100
-0.66685533
-0.49317807
-0.27708323
-0.20069801
-0.10709552
-0.44876315
-0.34023129
-0.39923164
-0.27732302
-0.07470623
-0.56248424
-0.38704801
-0.55458670
-0.55438097
-0.41247586
-0.07363492
-0.17638702
0.79110021
0.51979003
0.49101583
0.16781037
0.14261898
0.27035416
0.13239757
0.08891827
-0.00891356
0.17615877
0.07506030
-0.38230917
0.09914882
0.10358596
0.33229000
0.17688573
0.08873648
0.36125934
0.35486420
0.38626523
-1.70192463
-1.63651351
-1.48095356
-1.61131798
-1.58176236
-1.47069739
-1.36715708
-1.67227566
-2.05607378
-1.80693242
-1.62590067
-1.61675568
-1.80782127
-1.73115038
-1.35472673
-1.12327066
-1.30503804
-1.32186295
-1.53715134
-1.65298631
-0.48298962
-0.50055728
-0.44402832
-0.84663812
-0.79177543
-0.70052703
-0.81077301
-0.74984407
-0.92712949
-0.71864648
-0.80656425
-0.82206506
-0.92924145
-0.66229401
-0.28256753
-0.34843106
-0.86898871
-0.78369363
-0.67767376
-0.60757498
0.19203238
0.30775040
0.19848160
0.44386711
0.60106481
0.32959379
0.10507003
-0.06552917
-0.10191141
-0.21620546
-0.08753815
0.08705918
0.02593548
0.29584268
0.01287386
0.08990511
0.00803121
-0.16476558
-0.07597748
0.10011475
2.23578280
2.45580890
2.64378664
2.13062792
2.10049825
2.13546178
1.73546074
1.60814127
1.45677695
1.83844964
1.90649559
1.85294305
1.55422371
1.68429030
1.63598566
1.92418658
1.73900850
1.73738896
1.96499675
1.86901237
2.10242134
2.33949689
2.36388919
2.37833057
2.69984182
2.48393508
2.00842413
2.04190027
2.21800977
2.17681927
2.20170986
1.73267742
1.72472716
1.49493458
1.62240959
1.49929325
1.52060852
1.82139704
2.20764417
2.14787505
-0.58997145
-0.30011353
-0.22467117
-0.59742421
-0.50440836
-0.33353272
-0.32388970
-0.09407045
0.16929965
0.17379419
0.31212033
0.19718692
-0.43318389
-0.19720572
-0.35895779
-0.08109248
-0.14795612
-0.20362370
-0.02697335
-0.35629202
2.00565875
2.13117398
2.28072554
2.29120646
2.30029616
2.26949723
2.23750659
2.39143670
2.31062786
1.96368758
1.75712467
1.94104750
2.07336368
1.78824848
1.81836467
1.83518804
1.89544022
1.79158161
1.75264215
1.86767268
-1.02225021
-1.11474702
-0.96651665
-1.06513385
-0.71054067
-0.31025516
-0.26340609
-0.35398002
-0.40471108
-0.72632525
-0.77183366
-0.27235872
-0.27778908
-0.66157892
-0.64262840
-1.07889056
-1.23672636
-1.08092562
-1.01653937
-1.11396700
-1.41013760
-1.59360564
-1.33135278
-0.90771017
-0.69377899
-0.89551692
-0.71671766
-0.27729162
-0.19945229
0.19070733
-0.17472013
-0.36965147
-0.81130906
-0.69071295
-1.18345309
-1.14064208
-1.34191423
-1.52443203
-1.57806342
-1.64481917
-1.74375958
-1.67088220
-1.64570759
-2.04082523
-1.85110770
-1.66325470
-1.56803774
-1.66081403
-1.68953627
-1.79853225
-2.20130424
-2.46416587
-2.29055009
-2.45322573
-2.41125690
-2.07880117
-1.86217024
-1.83823480
-1.58643032
-1.67889879
0.70502387
0.63343592
0.45659529
0.29669352
0.51771176
0.59160403
0.28535299
0.81181584
0.39387790
0.08597437
0.05142796
0.20518379
0.16397204
0.24626884
0.45836042
0.42005437
0.20035481
0.51148401
0.47259257
0.35421235
0.05389197
0.10337323
-0.19692905
-0.40279308
-0.27407406
-0.11025250
-0.03726636
-0.09665099
-0.09727086
0.03976621
-0.05850792
-0.23163003
-0.09965094
-0.12823312
0.09391660
0.25253749
0.23140601
0.02722910
-0.25403527
-0.27344716
0.51670058
0.66065804
0.71292718
0.38312086
0.08200330
-0.12476687
-0.23814135
-0.06567155
0.18853648
0.32850054
0.25880079
0.27389781
0.30194650
0.31226135
-0.13431146
0.13149547
0.05210433
0.27375531
0.12454794
0.37128193
0.99451010
1.41114612
1.40458800
1.21882831
1.23096066
1.46278497
1.41655861
1.33716043
1.27925695
0.87864559
1.25895469
1.68412676
1.03956767
1.02378105
1.00839931
0.61163390
0.39460178
0.43769825
0.73733349
0.96810823
-1.66059991
-1.60686302
-1.54243103
-1.69962434
-1.28073595
-1.13687272
-1.31856959
-1.47725482
-1.26104170
-1.23554839
-1.19053228
-1.50421579
-1.21542808
-1.40879854
-1.02178750
-1.40600873
-1.40599713
-1.35458589
-1.47373770
-1.36367970
1.40154297
1.30872707
1.52210552
1.34647866
1.08206427
1.44035770
1.38860870
1.66220341
2.10303220
2.03929748
1.82640589
1.44172223
1.73299712
2.05556945
2.13356266
1.88983957
1.47469631
1.73683250
1.33908015
1.51985818
-0.73441992
-0.96895749
-0.57912411
-0.70738436
-1.02300357
-1.46268412
-1.35958464
-1.51972277
-1.57445928
-1.65894223
-1.59160309
-1.77938555
-1.40844270
-1.35433966
-0.89275112
-0.72590631
-0.96562642
-1.27363742
-1.16690813
-0.96090689
