phonon_position
0.67095664
0.70257552
0.55023313
0.44127991
0.34753116
0.39966608
0.13676440
0.13049962
0.06634627
-0.03113169
-0.04446071
0.08168715
0.05898611
0.19369016
0.15907924
0.33574646
0.02393783
-0.00450870
-0.07952377
0.58194718
-1.53274892
-0.82988961
-0.48217965
-0.44849497
-0.70378235
-0.76752524
-0.80371784
-1.00827217
-0.93658107
-1.24705506
-1.54155973
-1.71964688
-1.39432740
-1.34559290
-1.41130046
-1.50175361
-1.52266019
-1.70544228
-1.82737122
-1.66792557
0.12092925
-0.12015764
-0.17153837
-0.26560078
-0.33983363
-0.40990775
-0.29873273
-0.18833737
-0.10812103
-0.09307345
0.25031199
0.26190215
0.07165112
-0.05620492
-0.02288133
0.22584519
0.15840650
0.12858789
0.04436151
0.17208793
1.82131774
1.91631502
2.16252166
2.19405158
1.55949457
1.64882167
1.19051349
1.39631233
1.92750282
1.87539160
2.03534033
2.44571735
2.28070331
1.70052712
1.86040619
1.99197135
1.87182743
1.74303252
2.02745454
1.74113334
0.15873969
0.23122507
0.50216955
0.82552151
0.66211799
0.50275739
0.74339859
0.63519382
1.07283172
1.00106403
0.64338141
0.79593924
0.49617785
0.25132485
0.21229862
-0.09407080
0.09407917
-0.05760635
0.23456800
0.01319589
-2.93946662
-2.22113437
-2.52921637
-2.85705824
-2.47174205
-2.89558143
-3.16689438
-3.10596408
-3.31890079
-3.27587108
-3.26337083
-3.49980707
-3.20473047
-3.04745301
-3.28813041
-3.08226208
-2.96042595
-2.93537567
-2.96860340
-2.66329497
-2.57273984
-2.30440212
-2.18060935
-2.19712571
-2.09850869
-2.13253906
-1.98538739
-2.10771823
-1.98138404
-1.84505013
-2.03490141
-1.88480944
-1.91082854
-1.98666689
-1.99882423
-1.41184752
-1.73755574
-1.85889324
-1.98241354
-2.21689789
-2.08861037
-2.08869684
-2.08971169
-1.74296720
-1.75800159
-1.70604668
-1.90551758
-1.93301038
-1.71486331
-1.62113586
-1.59327642
-1.40804723
-1.38619461
-1.15412384
-1.71983905
-1.82760953
-1.56859223
-1.37388371
-1.74459717
-1.78414107
-1.51945076
-1.23572167
-1.35666957
-1.28372637
-1.12784092
-1.24675397
-1.23769795
-1.50564072
-1.54855776
-1.70684094
-1.64044253
-1.73365142
-1.37182320
-1.44731785
-1.26996456
-1.31808868
-1.12362913
-1.10763676
-1.12406027
-1.35745191
0.54325282
0.28879547
0.38094359
0.20873487
0.18802397
-0.03443684
-0.18517452
-0.18528711
-0.39497400
-0.19419998
0.13495497
0.10928684
0.31220232
0.60102969
0.40000237
0.19780426
0.04153087
-0.13284119
0.17322169
0.28184711
-2.15882734
-2.18324345
-2.32574008
-2.36290773
-2.46302676
-2.47313339
-2.40235684
-2.40086306
-2.44384300
-2.33485111
-2.50373213
-2.07306063
-2.05080188
-2.22868514
-2.19898814
-2.64192722
-2.98314604
-2.69277108
-2.59091331
-2.59322416
-1.96191625
-1.35934790
-1.06443375
-1.01748875
-1.20001090
-1.23661376
-1.25775805
-1.32846036
-1.30824815
-1.58042222
-1.59136933
-1.41109627
-1.47172092
-1.78175493
-1.73241750
-1.83533804
-1.87655372
-1.72896872
-1.84970173
-1.83632725
-0.56485938
-0.98076358
-1.11421988
-0.87713293
-1.00064703
-0.99159352
-1.04089866
-1.25470959
-1.16325932
-1.42765997
-1.60113790
-1.70982441
-1.68347649
-1.43439242
-1.35798456
-1.38497439
-1.19742908
-1.20634746
-1.07515772
-0.83488343
-0.76095899
-0.92815983
-0.91257959
-0.17188043
-0.18747974
-0.40624801
-0.25573262
-0.57948810
-0.56452437
-0.43368698
-0.42128311
-0.70309274
-0.45556922
-0.35173359
-0.51830332
-0.42727803
-0.61547864
-0.41613893
-0.34981193
-0.55997102
0.85173407
0.51333795
0.59741989
0.92925098
0.65614388
0.55287083
0.19588910
0.37234535
0.33872605
0.09171634
0.24691055
0.15234381
0.04636295
0.04912070
0.25593100
0.00907514
0.22860859
-0.00040769
0.16807585
0.56526326
2.08806862
2.44575534
2.49327177
2.48545119
2.51881581
2.75694827
2.29101026
2.12689998
2.05934766
2.20978930
2.04469508
2.04374398
2.21675855
2.29639549
2.41405063
1.92910556
2.15299545
2.20423437
2.13109420
2.07067737
0.82630658
1.03252447
1.40121430
0.96415026
1.07601815
1.37053684
1.57404168
1.65966828
1.32040240
0.97240088
1.22649399
0.65722223
0.84811850
1.02196851
0.74793008
0.81301165
0.70123431
0.79831045
1.05106545
1.26104816
-2.55821849
-2.21525849
-2.35762324
-2.34168718
-2.43096111
-2.50664502
-2.36500138
-2.41249946
-2.13622977
-2.25753410
-2.07427850
-1.90943734
-2.04586197
-1.95186133
-2.09149359
-2.21610134
-2.25987609
-2.40500930
-2.31559891
-2.58467972
-0.34281776
-0.20108012
-0.04892111
-0.17843298
-0.42725748
-0.39208337
-0.18980169
-0.06038059
-0.15614331
0.15475383
-0.23147203
-0.27521129
-0.30579224
-0.15000199
-0.41740977
-0.37603663
-0.33553509
-0.40258170
-0.40804393
-0.38319839
0.84272148
0.63784383
0.57072975
0.79381503
0.53725209
0.52849194
0.69045891
0.74679437
0.83992553
0.95539711
0.82502843
0.86141118
1.27114775
1.50247147
1.49158568
1.53864731
1.41667944
1.16055951
1.26246963
1.23353734
0.92077655
0.93230621
0.91744975
0.46413523
0.82586241
0.61883623
1.23304071
0.93861142
0.74948005
1.00859455
0.89097300
0.73583395
0.79978708
0.72381939
0.58632310
0.30696369
0.48618813
0.75445391
0.96693977
1.09928947
-0.45337260
-0.57103438
-0.58767529
-0.26083475
-0.37442748
0.08597001
0.40030509
0.40908646
0.46960927
0.33461458
0.05241764
0.09848581
-0.11011559
-0.25572285
-0.26353951
-0.12993547
-0.33295817
-0.33367209
-0.11255133
-0.18697542
1.32913892
1.39056712
1.82823015
1.69616250
1.67840070
1.65418699
1.71153756
1.58917362
1.73511449
1.57617955
1.38336391
1.12874688
0.90587880
1.28828239
1.42059004
1.42611815
1.46526272
1.63089460
1.31118939
1.10440238
0.92975454
1.19379375
1.29206471
1.19668385
1.23375411
1.04428826
1.07728066
0.92959980
1.25894187
1.25764177
1.46545184
1.77521259
1.86509545
1.67286968
2.00741590
1.84862483
1.50263173
1.44482366
1.36905395
1.26447721
-1.55940871
-1.28313411
-1.15790675
-1.25976522
-0.97335130
-0.87699490
-0.85231526
-1.27746608
-1.80870873
-1.56788787
-1.59720717
-1.80160277
-1.60546999
-1.61842955
-1.62981032
-1.70601731
-1.53671895
-1.52417593
-1.54177184
-1.48970495
-0.64234777
-0.68812806
-0.59006459
-0.42958697
-0.41234653
-0.60814766
-0.36063912
-0.04544741
0.28831445
-0.21267364
0.02757747
-0.18751984
-0.43882812
-0.43797611
-0.52416734
-0.53126325
-0.78382730
-0.78673826
-0.85742162
-1.13374042
-0.87207375
-0.87691188
-1.14353452
-0.99534683
-1.33691444
-1.26449053
-1.31504929
-1.21037913
-0.93140227
-0.72010914
-0.61069994
-0.34435801
0.02017421
0.00821102
-0.10427650
0.14959285
-0.10850623
-0.33240309
-0.37107621
-0.79126233
0.77786437
0.80272002
0.81669881
0.87787870
1.14189546
1.27647678
1.27338089
0.95815848
0.70770115
0.68666806
0.42339377
0.98502138
1.02673429
0.95264472
1.01402866
0.88533426
0.71150316
0.67170163
0.67583871
0.61325927
1.02212517
1.07529626
1.09363844
1.22178980
1.12869941
0.56019981
0.42234469
0.48947058
0.86167685
0.39411759
0.50922985
0.50837015
0.47786252
0.29532675
0.65894477
0.71277088
0.63736137
0.76788348
0.95150939
1.12016838
-0.29015204
-0.23753664
-0.11717929
-0.13587041
-0.23489668
-0.17159071
-0.07004561
0.05041384
0.30096732
0.15349155
0.10382977
-0.09116099
-0.17607957
0.10276418
-0.02126103
-0.11256243
-0.29123327
-0.22999184
-0.16926108
-0.43500204
-0.45670305
-0.42228410
-0.52991441
-0.55792219
-0.25787271
0.03679404
0.07269251
-0.03190587
-0.11405659
-0.26035352
-0.10164711
0.16132877
0.11976793
-0.22886236
-0.68487214
-0.58345154
-0.94737976
-0.99207844
-0.63034644
-0.48907521
-2.07956516
-1.69609309
-1.77869603
-2.05762052
-1.84618542
-1.68649298
-1.52410717
-1.19149691
-1.38794504
-1.61904189
-1.51570362
-1.85128467
-1.81922820
-1.94140338
-1.88492147
-1.77046060
-1.85911424
-1.84533938
-2.06408911
-1.76243145
-2.05243869
-1.68607668
-1.79825054
-1.73210116
-2.08729811
-2.03998639
-1.69858313
-1.79957057
-2.06214741
-1.96600730
-2.05707521
-2.06775885
-1.97449718
-2.10430846
-2.07300893
-2.25702498
-2.03950358
-1.98604284
-1.92524833
-1.80144744
0.03064963
-0.13522701
-0.02231654
0.01128157
-0.25608054
0.30760178
0.41320432
0.48555272
0.24245421
0.75440658
0.38249009
0.39525929
-0.13818712
-0.15080893
-0.03107991
0.13935153
0.08912272
0.36476889
0.09347965
0.11511963
2.38842829
2.29733065
2.13522988
2.24240666
2.39656106
2.38558050
2.43175163
2.19285823
2.33515843
2.35420953
2.45312793
2.23561057
2.29951863
2.11054053
2.10510166
2.02749506
2.16385372
2.29711408
2.34807789
2.13693785
-1.03786423
-1.08060881
-0.92494171
-0.77219063
-1.00126469
-1.19923651
-0.94779487
-1.16507657
-0.89162072
-0.86800284
-0.82103333
-0.93646065
-0.88441375
-0.78092499
-0.39573707
-0.46517145
-0.35939241
-0.44616170
-0.54218874
-0.60745959
-0.59668065
-0.49306333
-0.54886662
-0.70390149
-0.96771421
-0.76154170
-0.64601639
-0.61119735
-0.23924384
-0.29442495
-0.30726563
-0.55139533
-0.33993238
-0.42879486
-0.38112797
-0.56619856
-0.35919433
-0.42237587
-0.65214611
-0.39640496
-1.40383432
-1.42745651
-1.63013219
-1.70891608
-1.33925695
-1.14090320
-0.66287533
-1.12045602
-1.16512422
-1.26902430
-1.25748424
-1.16345063
-1.32159716
-1.11790230
-1.20391540
-1.33624072
-1.20573642
-1.23487124
-1.25326320
-1.30363138
0.36372466
0.18685443
-0.01688651
0.12643702
0.16045024
0.26366026
0.12623183
0.17282926
0.61143848
0.49018280
0.43372768
0.61104743
0.78787004
0.83689513
0.46987025
0.33385246
0.23484492
-0.08438921
-0.05434802
-0.07557776
0.48227432
0.94790036
0.87569677
0.76942483
0.67578787
0.99134690
0.97187088
0.75103211
0.57324159
0.52147620
0.35768967
0.50586005
0.70362221
0.66885855
0.36710974
0.47980861
0.17690618
0.51408163
0.25121435
0.34723640
1.00588515
0.94236777
0.55896544
0.96104665
1.27923194
0.80992453
1.24143190
1.32214091
1.07265479
1.13413634
0.97260774
1.28581799
1.13651368
0.97994511
0.92571685
0.80540531
1.21144795
1.19508768
0.82034667
0.88788704
-1.68076428
-1.29501767
-1.58798108
-1.85107561
-1.91354836
-2.14826825
-2.20757144
-2.38855870
-2.43468382
-2.45966222
-2.10502237
-1.94508824
-1.84702848
-1.58763099
-1.45651954
-1.27313076
-1.46761998
-1.37170079
-1.50172400
-1.58393670
1.02070459
1.18677662
1.25569612
1.26530620
1.32587772
1.70779783
1.47519837
1.50667577
1.37857950
1.23493122
1.19112236
1.30004345
1.38398563
1.42941522
1.53930178
1.37456692
1.16443978
1.36108974
1.38166875
0.93910015
-2.00527072
-2.16244081
-2.17734787
-2.25791578
-1.80692542
-2.10170537
-1.96937027
-1.94718963
-2.34145700
-2.46049146
-2.68140552
-2.78968414
-2.89034553
-3.02144672
-2.92646321
-2.64017398
-2.84565509
-2.67719083
-2.54172377
-2.27014661
-0.08634150
0.03446034
0.14076546
0.26824401
0.16610238
0.22796197
0.34751168
0.60528883
0.90211395
0.21314807
0.21002949
0.18366736
0.15907579
0.11389491
0.05056855
-0.19688345
-0.11255472
-0.35048643
-0.41741192
-0.23826733
0.38804968
0.18029819
-0.06173521
-0.05842023
0.32118951
0.51135535
0.23083736
0.39965971
0.32994078
0.40517744
0.40552960
0.38098363
0.62071702
0.81789685
0.49034138
0.96031641
0.93339679
0.60389189
0.71664947
0.27908607
2.60765115
2.52103828
2.71941629
2.66944220
2.75672589
2.83717763
3.30489132
3.26057895
2.98010000
3.09893831
2.71978536
2.44881349
2.56052576
2.50551835
2.61815076
2.66009282
2.68394460
2.86242777
2.62322738
2.83783664
-0.95861146
-1.09012721
-1.12506636
-1.09714106
-1.26569067
-1.72623119
-1.91601485
-2.12737189
-2.09331841
-1.84601621
-1.85269506
-2.34249937
-2.39584139
-2.46884359
-2.29538263
-2.18286859
-1.84674319
-1.66067563
-1.45117289
-1.25255113
0.22698069
0.24834886
0.26671946
0.24764607
0.11989513
0.16476101
0.56749410
0.16098485
-0.11946786
-0.20212745
-0.31851297
-0.45394500
-0.48560216
-0.44936733
-0.44595491
-0.58524593
-0.83320478
-0.66376792
-0.42163535
-0.15451096
0.13805331
0.06050463
0.13971322
0.28817893
0.36593362
0.27615338
0.30924820
0.24760696
0.34976500
0.33723115
0.25138182
0.41174754
0.15009482
0.21149622
0.36088613
0.52991622
0.73822557
0.39818909
0.11117160
-0.11496528
0.45374436
0.57450243
0.47048569
0.68371092
0.63216535
0.76011990
0.55776283
0.92962029
0.78005445
0.89477230
0.73683870
0.12676248
0.03746139
-0.04559998
-0.11102244
-0.32592581
-0.34623467
-0.41967838
-0.01536976
0.28406647
0.43592107
0.55536666
0.68512835
0.68533437
0.92358875
1.07167244
1.25309720
1.30882414
1.10346977
1.35208003
1.12736757
1.28354618
1.45851663
1.42115053
1.39561999
1.36973488
0.92170037
0.52572972
0.66512336
0.48396609
-0.71952883
-0.88017783
-0.77980400
-0.94654030
-0.82052892
-0.89651494
-1.27844076
-1.52269354
-1.38922610
-1.53117469
-1.33594499
-0.98479009
-0.82735022
-0.45677625
-0.69207222
-0.66529845
-0.50862431
-0.38020419
-0.60733007
-0.57239658
-1.75530528
-1.12156429
-1.21543587
-1.09972839
-0.94320793
-0.87996950
-0.96106752
-1.03278265
-1.29986534
-1.55202837
-1.82906211
-2.11735632
-1.92918841
-2.18230388
-2.17504558
-1.97336792
-1.78515184
-1.60146191
-1.92252074
-1.66628549
2.02795394
1.55457515
1.06858150
0.66910636
0.46406460
0.34796428
0.50636609
0.73683362
0.98823321
1.28371372
1.28921769
1.50392621
1.64306883
1.53515292
1.61576959
1.59068369
1.80352533
1.77109018
1.90660158
1.95488210
-0.55022244
-0.82999560
-0.49617983
-0.38385390
-0.12667376
0.09178078
0.29254079
0.27841601
0.13390980
0.05203541
0.21798688
0.06350215
0.34797645
0.22463876
0.26558057
0.22168147
0.15043387
-0.09486225
0.08504987
-0.30169856
-1.22022189
-1.30668226
-1.14114567
-0.76284768
-0.63475881
-0.39164559
-0.45057528
-0.56966456
-0.86560232
-1.49421004
-1.35135367
-1.63051853
-1.21982502
-1.32257820
-1.22115222
-1.40404026
-1.24479077
-1.28874351
-1.39152952
-1.13281580
3.03416676
3.05568013
3.16962417
3.00777175
3.01751242
3.09736143
2.64834414
2.52442865
2.58497150
2.17386283
2.70886482
2.46089805
2.47301594
2.40631644
2.91911636
3.10828476
3.17459159
3.44335818
3.62288096
2.92030735
1.48861046
1.39520175
1.70184293
1.65763129
1.67671037
1.74304404
1.83646382
1.70857866
1.85579123
1.93993849
1.52992417
1.56965202
1.51853806
1.54110042
1.64190523
1.92754653
2.30515429
1.85252656
1.72183669
1.48779052
2.70690077
2.73901320
2.76773129
2.45032579
2.29079426
2.23634915
1.86872230
2.04788070
2.52108198
2.45201439
2.59511792
2.57486714
2.71033007
2.67580099
2.84348675
2.40629520
2.52617617
2.53149938
2.60164938
2.58595611
0.67456082
0.81806608
0.77947724
1.05371019
1.08997165
0.85513008
0.66130679
0.84562482
0.66883492
0.58712755
0.77032136
1.35135619
1.06725338
0.80099355
0.44489034
0.69815706
0.60734766
0.48293740
0.13637526
0.65616749
0.79352328
0.92869166
0.83539675
0.70571663
0.93481121
0.83132069
1.01101039
0.46138073
0.17586872
0.24690615
0.50953498
0.40980680
0.60714967
0.41424032
0.18909120
0.46379498
0.45758554
0.70935904
0.68204372
0.88827128
-1.32194944
-1.19463141
-1.13087146
-0.97911438
-1.12560354
-1.10947004
-0.42571271
-0.41646813
-0.33693718
-0.10656890
-0.27352539
-0.26435323
-0.45165402
-0.56086953
-0.94635549
-1.41322079
-1.12228890
-1.32086183
-1.17888042
-1.20322959
-0.74632690
-0.83618813
-0.89167602
-1.17511635
-1.01335227
-1.02749677
-0.76272309
-0.69971847
-0.80426931
-0.94442372
-0.66202377
-1.02802170
-0.97469928
-0.83930122
-0.48714901
-0.83316675
-0.88809326
-0.62605252
-0.49946834
-0.43159876
-2.00657479
-1.63688982
-1.78471724
-1.82336098
-1.99175760
-1.95128038
-2.08053216
-2.10448199
-2.37574543
-2.62657415
-2.83981846
-2.67109143
-2.67120431
-2.51011348
-2.35952865
-2.57730086
-2.45966895
-2.36764614
-2.51612243
-2.29028928
2.19426099
2.22530803
2.24731324
2.00773954
2.03042186
2.06214266
2.12233795
2.03732674
2.05311466
2.21887246
2.12596849
2.09609431
2.11080236
2.26065822
2.18314166
1.91421072
1.72630797
1.98845541
2.26760449
2.20754236
0.83637766
0.81338490
0.41858211
0.81973112
0.81251834
1.09344909
0.82338058
0.61501688
0.70754316
0.69807845
0.58832168
0.58157055
0.78644583
1.12712597
0.81433738
0.72725337
0.69300581
0.86359184
1.02816967
1.13674225
0.97560430
0.96978719
0.78535546
0.80575143
0.73558351
0.11795403
0.25108145
-0.49556261
-0.37144126
-0.00237381
0.09211283
0.35618222
0.15777829
0.09316890
0.37774601
1.15260008
0.96324885
0.83808839
0.85387568
1.05613335
-0.41716848
-0.52832723
-0.64614354
-0.36885863
-0.16402141
-0.19214409
-0.11623178
0.14294397
0.27025553
0.27639875
0.36091020
0.27373781
-0.30991004
0.04584228
0.02452084
0.26179568
0.33050240
0.36016158
-0.02359655
-0.25943484
-0.50127351
-0.97760174
-1.29588669
-1.16407421
-1.04108034
-1.13440023
-0.92359638
-1.10290297
-0.98388159
-1.09406527
-1.16202994
-1.13033551
-0.90612721
-0.71124592
-0.48906464
-0.58698297
-0.23381955
-0.19375910
-0.66669123
-0.57595524
0.29695333
0.72043073
0.45046728
0.67726754
0.40596481
0.35019466
0.33956267
0.11417006
-0.07508600
0.14794895
0.61445005
0.73685532
0.89486776
0.80981694
0.23725267
0.31349650
0.37042521
0.45433149
0.35797366
0.31360003
2.24615740
2.25900911
2.13015290
1.90307261
2.05044741
2.24670963
1.80914479
1.97039792
2.18239303
2.27948751
1.98463585
2.13915154
2.14734275
2.10635501
2.06427221
1.80605418
2.09518062
2.49691763
1.98511928
2.36979770
0.02114005
-0.19436302
-0.21685198
0.16234308
0.30196221
0.54188689
0.60922353
0.61870780
0.91397023
0.44076922
0.39357798
0.56144701
0.83723455
0.92992161
0.90113995
0.54902750
0.75805284
0.44714801
0.20209714
0.39534722
-0.27791313
-0.27416600
0.05933232
-0.14661547
0.35389324
0.56581684
0.40763283
0.59709698
0.30830428
0.42463913
0.67385723
0.60447721
0.43034294
0.41347215
0.48378195
0.42383342
0.01461952
0.24641959
0.22184403
0.11019412
-1.41825641
-1.36885957
-1.67228459
-1.59222833
-1.44226565
-1.69566175
-1.08713869
-1.12145730
-1.07773316
-0.92442154
-0.88198102
-0.59174795
-0.81258996
-0.95050375
-1.45688765
-1.48903386
-1.63591090
-1.46657545
-1.18648003
-1.17054714
1.80912376
1.59241410
1.17890613
1.72458705
1.60951245
1.56828535
1.39263530
1.53548939
1.72884657
1.75632896
1.94392241
2.14851027
2.16684531
2.36110244
2.35804250
2.38642607
2.38983282
2.32051980
2.14876814
2.15179715
-1.33502983
-1.32821936
-1.36683660
-0.95388149
-0.92425662
-0.99591519
-0.88857875
-0.96886228
-1.04887165
-0.49914774
-0.29331129
-0.52974827
-0.57355583
-0.86522234
-0.82498600
-1.05582495
-0.97321881
-1.12957384
-1.28928642
-1.36548558
1.04522233
1.03038393
1.13840460
0.99425737
1.25762158
1.08723972
0.79376348
1.07531184
0.74950768
0.75434344
0.71890507
0.69483349
0.96267998
0.99551538
1.51685289
1.68083569
1.24035126
1.41999706
1.18707436
1.13529408
-1.71701393
-1.74983018
-1.88121028
-1.76194613
-1.72282437
-1.57412855
-1.81472152
-2.20254088
-1.97476793
-1.86689256
-1.93879631
-1.84696896
-1.61641829
-1.62669804
-1.42218799
-1.68913240
-1.27518112
-1.46908733
-1.51921503
-1.48932360
3.10584664
3.17632116
3.22252422
3.10925826
3.21016386
2.98673618
2.96459241
2.90414418
2.75545809
2.53019451
2.22359422
2.35737642
2.01304753
1.81993034
2.20269135
2.59962733
2.74374814
2.73428569
2.79968082
2.88881687
-1.51997394
-1.63624696
-1.64374609
-1.67554376
-1.57357276
-1.08785154
-1.45866631
-1.41365107
-1.50139090
-1.24668050
-1.13270316
-1.52555663
-1.39930446
-1.58496891
-1.57517208
-1.76472433
-1.70758200
-1.74164543
-1.56140064
-1.65616493
-0.89228893
-1.02013647
-1.24462753
-0.97140241
-0.73843687
-0.69838304
-0.78572027
-0.96671612
-1.01692078
-0.96785578
-0.73565983
-1.10222938
-0.50910575
-0.68004991
-0.64494845
-1.15608077
-1.07194859
-0.91145445
-0.89119823
-0.87897165
-0.93350254
-0.76548726
-0.65308258
-0.53022795
-0.49023668
-0.83038651
-0.95821191
-0.97169783
-1.00844572
-1.25160525
-1.23427492
-1.37791479
-1.11471642
-1.07580986
-0.94287881
-0.87942580
-0.99156828
-0.64454950
-0.67424097
-0.76912285
-0.04561261
-0.68105430
-0.94359345
-1.07960566
-1.18255559
-0.69954131
-0.74042386
-0.63564359
-0.38742446
-0.32442707
-0.47399613
-0.62947625
-0.49317759
-0.52390094
0.08888427
0.34904022
0.13859866
0.19162011
0.16237314
-0.03151331
0.59304589
-0.04708726
-0.10390559
0.03672982
0.17953384
0.04228780
0.20360171
0.19825253
-0.08388648
0.10004600
0.00176210
-0.22147047
0.09383371
0.17489650
0.09751892
0.20549454
0.46799472
0.56306423
0.49903911
0.62450988
-0.34607866
-0.11424530
0.04785132
-0.09313786
-0.07041928
-0.24768288
-0.68971317
-0.75119493
-0.57505584
-0.38673007
-0.84658365
-0.67103709
-0.69144468
-0.40249788
-0.41803473
-0.34611481
-0.24772694
-0.19312298
-0.16784655
-0.52126894
1.20616728
1.33461598
1.37865366
1.35502809
1.30985686
1.14153349
0.87783668
1.16034656
1.36935354
0.99668469
0.98967867
0.73864925
0.69204595
1.13921913
1.29163486
1.33852671
0.96558392
1.06945409
1.41632908
1.21246887
-0.53969597
-0.40205428
-0.46440441
-0.82715503
-0.51932465
-0.22159535
-0.28169074
-0.45416824
-0.18950618
-0.37246207
-0.31319188
-0.20479794
-0.34327925
-0.43656709
-0.41535942
-0.68344758
-0.70552765
-0.39633479
-0.23069645
-0.26180612
-0.56987017
-0.60951019
-0.44076560
-0.42101295
-0.36758387
-0.25156699
-0.43116745
-0.87422195
-1.00047058
-0.85299146
-0.42122709
-0.42616578
-0.58323237
-0.44594454
-0.81562392
-0.60838991
-0.65832573
-0.34217524
-0.10771075
-0.30112885
-1.23951205
-1.45044216
-1.73947523
-1.59991444
-1.61988880
-1.41455668
-1.47307220
-1.55400834
-1.52785093
-1.53122838
-2.02635222
-2.03345899
-2.13837185
-2.17407084
-1.84643821
-1.97688288
-1.70625228
-1.65760668
-1.69085597
-1.43784008
2.02661191
1.88846158
2.19300533
2.00271678
2.39302298
2.63374014
3.07128252
2.64598167
2.40914726
2.32058534
2.49899671
2.06929963
1.94911904
1.91204916
2.09289551
2.35090096
2.54015336
2.66467825
2.78117822
2.29586174
0.42147129
0.40368213
0.20633201
0.08959137
0.03456589
0.01299781
-0.17182760
-0.21039776
-0.47977287
-0.57655620
-0.17467326
0.06965953
0.11955738
0.04526595
0.29885640
0.18596465
0.37645281
0.35729736
0.55608235
0.55536981
1.29014594
1.37004343
1.00247576
0.81286273
0.82966045
0.42437916
0.54631476
0.34358346
0.51418534
0.35435947
0.30350156
0.25648221
-0.12328778
-0.10951870
0.26168295
0.14949819
0.27271024
0.69379977
0.84335433
1.26231986
-0.42150612
-0.59097093
-0.50805810
-0.38122991
-0.48943541
-0.86285922
-0.69886671
-0.50508356
-0.54991374
-0.41746638
-0.31422870
-0.02245332
-0.23695723
-0.06074284
-0.14573933
-0.32589392
-0.13225740
-0.27330856
-0.15774756
-0.09035711
1.29188142
0.98414385
1.08693367
1.18357124
1.58261737
1.34709222
1.13207627
1.15113753
0.87211440
0.80269054
0.51260687
0.44385086
0.76255574
0.82204905
0.88292142
0.91053745
0.75896058
0.70312594
0.85006134
1.31266602
-3.29001992
-3.05150823
-3.31736442
-3.61483965
-3.48704114
-3.25460199
-3.04925535
-2.71248582
-2.61857144
-2.47390488
-2.13241012
-2.37500428
-2.46380272
-2.15349934
-2.13856332
-2.25084668
-2.66909071
-2.85180842
-2.95942852
-2.90420739
1.48170806
1.28606441
1.08099501
0.96221130
1.20528423
1.04655306
0.82023912
0.51234886
0.92628511
0.95374448
1.01902491
1.14710354
1.48380019
1.39448640
1.40981218
1.83294664
1.64016083
1.39748591
0.86309677
1.23317979
0.80104027
0.96209342
1.07340723
1.00043400
1.27015741
1.16862807
1.28962026
1.35893194
1.62858259
1.49968384
1.61181999
1.69398488
1.44656262
1.49969101
1.44237210
1.54984311
1.43232215
1.48294882
1.30088394
0.88363001
0.78580696
0.39514160
-0.06321239
-0.14247675
0.05133755
0.22821865
-0.07474068
0.06675095
0.11051459
-0.19381211
-0.24806140
-0.21300522
0.00982477
-0.08649399
0.16426553
0.23943078
0.30150697
0.46327110
0.63131047
0.71469411
-1.03827241
-0.93378857
-0.75085986
-0.94892151
-0.59740784
-0.52005408
-0.60937530
-0.07902019
-0.17448775
-0.54887740
-0.27804961
-0.57766320
-0.54360592
-0.88382195
-0.76151988
-0.37772649
-0.57215726
-0.81521137
-0.70018488
-0.56170392
-0.42344765
-0.37937279
-0.83987093
-0.90510643
-0.88324897
-0.71852992
-0.61009273
-0.15997068
-0.16301410
-0.33433271
0.12078204
0.06049929
-0.46210742
-0.57932845
-0.70064620
-0.69140629
-0.46515329
-0.40581532
-0.41405094
-0.80972283
-1.68240855
-1.88180762
-1.99591313
-2.11221837
-1.93997865
-2.12575103
-2.03519276
-2.04867007
-1.64586852
-1.54170665
-1.53960907
-1.86970476
-1.69971841
-1.78711144
-1.53006728
-1.78386591
-2.03467464
-1.79555253
-1.87630423
-1.96933007
1.52102105
1.50276738
1.59014489
1.75422575
1.68323040
1.93808365
1.84213596
1.73880110
1.36830377
1.35202107
1.54859766
1.78950259
1.44691089
1.11982385
0.98747935
1.18685700
1.00233355
0.93782361
1.13427268
1.80243076
-1.29363140
-1.46640916
-1.02543879
-1.00333065
-1.18796797
-0.94460349
-0.87400696
-0.90788272
-0.98785546
-0.68504504
-0.83705505
-0.89387556
-1.20733050
-1.23824065
-1.61654557
-1.24272176
-1.39436299
-1.15927250
-1.22747821
-1.14848707
-1.29786378
-1.03633424
-1.27539791
-1.07800730
-1.11146588
-0.73970116
-0.88609125
-0.52788353
-0.52214494
-0.37490333
-0.39458716
-0.50730719
-0.77376885
-0.93106660
-0.96238406
-1.17935563
-1.05247357
-1.12577091
-1.49616601
-1.44381897
0.63736899
0.73543439
0.54498052
0.71376583
0.62789747
0.57140265
0.27684325
0.10937433
-0.02901925
0.15245072
0.31179797
0.59007759
0.72803572
0.96713873
0.94869474
0.84084067
0.70463570
0.83354568
0.89016147
0.63396528
-0.88793724
-0.57605290
-0.73595747
-0.79042382
-0.65218542
-0.54832345
-0.84769845
-0.78787572
-0.86923990
-0.71423974
-0.76187380
-0.85090189
-1.17837496
-1.28053031
-0.93317279
-0.80231930
-0.53491706
-0.75344865
-0.94598348
-0.97361348
-1.80396619
-1.90389306
-1.72392709
-1.66937976
-1.56851538
-1.91232423
-1.92313329
-1.77280567
-1.86799557
-2.07533527
-1.81127878
-1.65340629
-1.77746295
-2.19545114
-2.01318089
-2.11409279
-2.02693781
-2.27390654
-2.28998027
-1.92005074
-2.54764156
-2.43062514
-2.37351685
-2.28260218
-2.25704688
-2.30196558
-2.24330080
-2.20622451
-2.53289617
-2.55937890
-2.25189214
-2.62093517
-2.52327224
-2.54197037
-2.67880370
-2.35531591
-2.41830309
-2.21591010
-2.10369224
-2.19732058
-1.10136473
-0.90292463
-1.30998264
-1.76848866
-1.77713185
-1.36973776
-1.00080415
-0.93879781
-0.88813421
-1.22746626
-1.18451948
-0.97872897
-1.03662660
-1.27246461
-1.16747862
-0.93726823
-0.65183994
-0.90979206
-1.02515080
-0.95416817
1.20972502
1.48126010
1.76825969
1.76531350
1.70681974
1.66593704
1.47798535
1.67590154
1.21971339
1.26282496
1.16688402
0.95291786
1.11969563
1.15906866
1.18284316
0.87107867
1.03770410
1.00775612
0.87754069
0.97554601
1.46077190
1.21774382
1.42885692
1.46816351
1.60880197
1.84534689
1.85369362
1.44679053
1.15574053
1.33634631
1.44019132
1.59305302
1.59063696
1.40100453
1.04285765
0.95846345
0.91936229
0.95252453
1.01807980
1.28945309
-2.23814915
-2.44449995
-2.15781850
-2.10292668
-1.68519869
-1.57913557
-1.54602651
-1.71673624
-1.51456862
-1.55365052
-1.58040954
-1.49381421
-1.78798482
-2.00102082
-2.17808623
-2.26673382
-2.13841905
-2.01468326
-1.98158597
-2.13081654
2.05438236
2.28029963
2.29703027
2.29236642
2.01990614
2.15554386
2.02212499
1.91437948
1.94832099
2.23008346
2.01244230
1.93183426
2.01173538
1.77824524
1.71110660
1.43624799
1.60457539
1.74082153
1.45505617
2.07030744
0.21555620
0.01664572
0.63546877
0.78297504
0.78800379
0.44528114
0.39207525
0.34206388
0.17963059
-0.18651828
-0.26277239
0.35761774
0.21984518
0.13429014
0.11749292
0.27786463
0.17361587
0.56786365
0.18298884
0.20704212
-0.45082089
-0.59945380
-0.53256531
-0.39739855
-0.52710699
-0.69710282
-0.64476181
-0.58574716
-0.25605710
-0.23547146
-0.60722062
-0.47030410
-0.73512383
-0.66827156
-0.80271341
-0.25852059
0.05095472
0.12559945
-0.41118707
-0.74616502
1.69045785
1.51107366
1.37642736
1.40889634
1.70716410
1.55426826
1.84018341
1.47216156
1.38014525
1.50468035
1.77106604
1.48131717
1.72317173
1.97132619
1.88535841
2.05620925
1.83220095
2.22438958
1.82704352
1.68593819
-2.47199192
-2.35609385
-2.06549221
-2.06832640
-2.12962872
-2.16174657
-2.27592370
-2.10268218
-2.15406499
-2.16601860
-2.54202697
-2.93006008
-2.80154278
-2.71400744
-2.42679147
-2.56093832
-2.41462392
-2.43471382
-2.16293081
-2.18133353
-2.13328125
-1.94325663
-1.83257858
-1.64268628
-1.83624762
-1.71205969
-1.61528670
-1.45260953
-1.55240073
-1.69628481
-1.83583453
-2.03150285
-2.18528710
-2.19898397
-2.07411294
-2.11470012
-2.08592652
-2.38857424
-2.44050344
-2.41956360
1.83299265
1.95907299
2.12786357
2.21897448
2.42513357
2.02792050
1.92692264
1.83911076
1.46428196
1.19182397
1.38639655
1.65199083
1.78438877
1.65141056
1.54417809
1.22763008
1.29088057
1.31647360
1.70882703
1.99598755
0.26252854
0.50947866
0.40546965
0.53684362
0.87379686
0.50696909
0.75655109
0.59134253
0.43247287
0.52201816
0.50379878
0.40219803
0.61588914
0.58261329
0.49438323
0.63051539
0.61545265
0.28817382
0.50642329
0.25281655
-1.13852094
-0.79754859
-0.92935701
-0.89445580
-1.00468787
-0.61923465
-0.54417561
-0.46025881
-0.19554916
-0.23601599
-0.09164108
-0.07578455
-0.57040624
-0.40963222
-0.94137815
-1.10697821
-1.32442514
-1.41505007
-1.50765585
-1.60803179
0.77712170
0.50618491
0.53169571
0.34302874
0.21228051
0.08358290
0.24802886
0.57982406
0.31835903
0.39457995
0.43257288
0.47202461
0.46503333
0.52500796
0.96579228
0.82001478
0.81699963
0.75236523
0.72296771
0.67213112
1.70900881
1.48885266
1.43501708
0.95876771
0.86197776
1.06585991
1.22127478
0.95563916
1.56139841
1.49685880
1.47265146
1.23749930
1.38507964
1.26061704
1.29835171
1.34662336
1.48083940
1.50408069
1.29841429
1.26838273
1.30760338
1.36725322
1.08636284
1.08439797
1.40631793
1.03660735
1.19565131
1.54754682
1.31182024
0.99503704
0.97254787
0.98602039
1.30542604
1.29542682
1.31061957
0.96762536
1.21448138
1.06473771
1.21012564
1.05482264
1.61080681
1.62687525
1.75772280
1.48877609
1.66773218
1.87873667
1.75733972
2.01999255
1.81280966
2.12123168
1.76265799
1.47415490
1.37991969
1.51173199
1.20315967
0.92435753
1.07981681
0.96289442
1.34538182
1.57020491
1.91555272
1.83813773
1.38277695
1.57620211
1.54110334
1.42683653
1.62969699
1.57025013
1.65435579
1.71910517
1.58914532
1.60236928
1.28657368
1.39225251
1.28633809
1.32138759
1.30644377
1.43712110
1.67586739
1.91534974
1.86827893
1.67570244
2.13622324
1.97622756
2.23902420
2.21218249
2.11704959
1.93230524
1.89252813
1.79054242
1.65436109
1.49114974
1.46618965
1.48979202
1.96727803
1.75297731
1.83948124
1.59916073
1.59662422
1.68553883
-0.54031718
-0.61155072
-0.55192050
-0.62274045
-0.42560459
-0.41979148
-0.28436800
-0.37421003
-0.39732396
-0.61270758
-0.49678584
-0.43830196
-0.39600478
-0.76966790
-0.86534701
-0.76552154
-1.01916283
-0.88485018
-0.78201923
-0.65850235
-0.68987801
-0.56799266
-0.58029254
-0.43873499
-0.32405423
-0.38133298
-0.31495613
-0.29179940
-0.40134487
-0.28751182
-0.22505625
-0.19831126
0.20689131
-0.09656281
-0.43299672
-0.69218558
-0.86503328
-0.82427198
-1.17408930
-0.84028161
1.08639406
1.02302123
0.96680744
0.88946283
0.82623825
1.14655811
1.37603510
1.51156552
1.10713219
1.59917458
1.52060076
1.74510710
1.72086982
1.50340688
1.24824347
1.17877762
1.32378105
0.86676282
0.70147192
0.83719312
-0.77731294
-0.12077970
-0.41535654
-0.71917955
-0.75823730
-0.59884856
-0.32729838
-0.07616982
-0.29674993
-0.81360577
-0.62356425
-0.48850353
-0.63139579
-0.75983620
-1.05326764
-0.96442131
-0.98215031
-1.09286408
-0.96525218
-0.91638581
1.82877314
2.23938419
2.20489069
2.09782676
2.27554944
2.17498576
2.08818929
1.69117395
1.53285106
1.27554732
1.65700590
1.64405881
1.65811918
1.74749563
1.81379019
1.84925824
1.71095669
1.57706009
1.49725053
1.42896012
-0.17977161
-0.02707671
-0.01528753
0.14240479
0.26562649
0.29846508
0.21498612
0.01491728
0.01296574
0.11185722
0.40831404
0.45447788
0.41425516
0.70492953
0.45847941
-0.09620635
0.01886548
0.01029848
0.28468643
0.00166671
1.13926566
0.68064752
0.63719656
0.42439889
0.62556137
1.01218774
1.25289834
1.24118271
1.22552896
1.31422501
1.24262550
1.54898783
1.79538606
1.72752001
1.37149947
0.96973005
0.84470849
0.97813940
0.80812990
1.06043192
-0.32060795
-0.32396213
-0.35007834
-0.32919448
-0.31531828
-0.43758866
-0.33092321
-0.07181996
-0.02072572
-0.13459166
-0.53269958
-0.18716080
-0.20151072
-0.31608025
-0.39634836
-0.52742199
-0.19593676
-0.24671095
-0.27374150
-0.33758696
-0.78688115
-0.99755887
-0.75053030
-0.77101556
-0.73490267
-1.05363688
-1.29930798
-1.38333480
-1.07027627
-0.88057615
-1.09917892
-0.95617857
-0.87882679
-0.81906963
-0.86536736
-0.66599298
-0.60473114
-0.68709348
-0.73696943
-0.71336628
-1.12046107
-1.38349616
-1.13002816
-0.97578437
-1.16050788
-1.12816339
-0.88409672
-0.91380228
-1.21585344
-1.01040994
-1.14069609
-1.17641071
-1.19218258
-1.11032479
-0.98056556
-0.85901631
-1.33333377
-1.48533066
-1.48386052
-1.09516487
-1.04719664
-1.11811970
-1.22798763
-1.10791845
-0.87906490
-1.02787930
-1.18050227
-1.13747476
-1.08110013
-0.81831895
-0.93298832
-0.67913156
-0.65422037
-1.05617237
-1.02194784
-0.71300704
-0.80532381
-0.57047682
-0.71530549
-0.80159575
1.61662370
1.46826861
1.56880445
1.43155842
1.56146572
1.68595254
1.42898202
1.87790086
1.80692516
1.66731304
1.65932394
1.31430362
0.95242808
1.19218670
1.32802161
1.40347386
1.56892013
1.53686334
1.77860833
1.56481236
-0.08733692
-0.11163618
-0.12616518
-0.37380712
-0.26598027
-0.51466496
-0.84504179
-1.06124577
-1.01621773
-0.87866541
-0.74733473
-0.76971615
-0.51907443
-0.27398786
-0.03126450
-0.04169272
0.21134248
0.21237914
0.20821336
-0.00133028
0.10605177
0.35709667
0.58610978
0.45395499
0.17098144
0.35150828
0.26386215
0.14675533
0.33954483
0.16762153
0.22276784
-0.25105403
-0.32136763
-0.45785313
-0.43377374
-0.12293246
-0.11376230
0.33600706
0.51114456
0.34294821
0.95882957
0.78761382
0.62889896
0.67343922
0.53281373
0.61757164
0.56351634
0.60444830
0.35277662
0.40837372
0.63307193
0.17775682
-0.01141520
0.07940522
0.25541574
0.30966603
0.47069910
0.57292666
0.66380377
0.45015708
-1.02123344
-1.08022415
-1.10742054
-0.89801795
-0.52622593
-0.73340418
-0.54652734
-0.64211149
-0.72955841
-0.74799116
-0.88742866
-0.78064155
-0.84469768
-0.59892382
-0.47387869
-0.46265050
-0.45826025
-0.52163510
-0.74705878
-0.90916776
