phonon_position
-0.47142387
-0.49535128
-0.59643955
-0.40691219
-0.69532835
-0.56631902
-0.67167702
-0.58403264
-0.48864909
-0.25670872
-0.30086068
-0.65023583
-0.75432319
-0.97238270
-0.85478664
-0.60709886
-0.19616883
-0.25597690
-0.21734312
-0.44968699
1.62041106
1.47069465
1.25764073
1.18871875
1.37825096
1.47203503
1.49812643
1.27161177
0.93681530
0.50072795
0.46611201
0.38927249
0.64889329
0.68343120
0.65201979
0.70171185
0.64967741
0.90839987
1.11191841
1.32184096
-2.62594749
-2.70384734
-2.68419385
-2.46640650
-2.69731684
-2.58757643
-2.48085901
-2.56832337
-2.56721611
-2.58323560
-2.67057152
-2.88477317
-2.79407611
-2.72508395
-2.76793793
-2.63700657
-2.39962571
-2.57648234
-2.53552930
-2.52089845
-0.59939762
-0.59218346
-0.86169646
-0.72994304
-0.67058001
-0.33781152
-0.63312601
-0.76057066
-0.70377968
-0.57795964
-0.59107888
-0.70496593
-0.40656375
-0.39101782
-0.48431970
-0.52094353
-0.68812014
-0.62050551
-0.83384874
-0.67795638
-0.56188001
-0.37860868
-0.66439163
-0.98423096
-1.03784534
-1.26733910
-1.71939716
-1.40546642
-0.72027202
-0.67748094
-1.03804091
-1.20858691
-1.30227650
-1.56055227
-0.92572957
-0.88217397
-0.66666125
-0.48719238
0.08519531
-0.24822953
-0.39672854
-0.57160239
-0.61595440
-0.57701269
-0.91087716
-0.81722516
-0.73048229
-0.49148438
-0.65242516
-0.55462884
-0.70733643
-0.61739300
-0.54477269
-0.49481672
-0.81500898
-1.10338190
-0.75896053
-0.76962524
-0.62477972
-0.61819036
0.29048170
-0.02672158
0.12756593
0.06181239
0.18370183
0.42716640
0.45238826
0.17272473
0.03509714
-0.30884367
0.13410552
0.28703943
0.24299546
0.77000138
0.42770799
0.55219469
0.38108681
0.24879068
0.32429632
0.22128074
0.94605995
1.20846004
1.26922326
1.17114313
0.90374623
1.08863495
1.08686230
0.64820238
0.61950956
1.49131452
1.48363460
1.56510891
1.16062163
1.10186779
1.17459651
0.97594322
1.41436722
1.22180358
1.09238867
0.97613810
-0.74142223
-0.44040648
-0.48558600
-0.46065463
-0.50397977
-0.27583087
-0.14687201
-0.23853940
-0.12843968
-0.44781513
-0.56584133
-0.59203339
-0.81131932
-0.85491847
-0.98105953
-1.12949198
-1.35130770
-1.29988504
-1.25867759
-1.16604787
-0.99129377
-1.10324326
-0.93945224
-1.18178487
-1.20937913
-1.20076571
-1.52942029
-1.47469812
-0.98924707
-0.83450417
-0.50816314
-0.45069244
-0.78155312
-0.77684404
-0.72354923
-0.96108583
-1.10914703
-0.99849354
-0.75044091
-1.05300279
1.26802109
1.18282248
0.83007840
0.82474528
1.28937014
1.53061304
1.25064713
1.25310705
1.34990416
1.13173380
1.23904206
1.51524600
1.75389700
1.58047400
1.57891659
1.46436846
1.42614108
0.90246530
0.98204742
1.05848312
1.62095543
1.83312364
1.80580458
1.88033936
2.32095843
2.21700435
2.04749556
1.96369005
1.69685555
1.86761892
1.76902229
1.63041153
1.83590085
1.61884212
1.82252638
2.24471150
2.00715567
1.44833534
1.52737117
1.63540456
0.49154402
0.78479213
0.52539713
0.53846482
0.37652749
0.45540821
0.27288168
0.69715049
0.47645355
0.03292183
-0.05881201
-0.09676288
-0.01512582
-0.00585355
0.01121031
-0.19373286
0.10681378
0.38678150
0.48925179
0.35556063
-0.92713641
-1.09308841
-1.07042042
-0.96177891
-1.20776775
-1.26615015
-0.76980086
-0.77177052
-0.93760271
-0.94373727
-0.80086283
-0.64917078
-0.72573529
-0.86014516
-0.58028680
-0.57483152
-0.74063163
-0.75742172
-0.64871347
-0.58194590
-0.60831554
-0.44386619
-0.56834132
-0.72552985
-0.84743111
-0.76301413
-1.20663551
-0.80544085
-0.88831482
-0.99191437
-0.98554436
-1.04368610
-1.17811362
-1.35362201
-1.29101085
-0.98874508
-1.27102440
-0.77483405
-0.74168356
-0.59331389
-1.48775272
-1.55539694
-1.63234892
-1.81990473
-1.84221938
-1.92611013
-2.13511134
-1.99500526
-1.86927734
-1.43556448
-1.65127905
-1.54733168
-1.57260328
-1.15773087
-0.91294920
-0.83068555
-1.04529857
-1.15481172
-1.37474880
-1.28354910
-1.66151294
-1.83351679
-1.59345668
-1.53141186
-1.03586282
-1.17276870
-1.47378170
-1.45373003
-1.17655703
-1.27701998
-1.29383419
-1.45013360
-1.51710620
-1.62665278
-1.59825088
-1.33926006
-1.38476693
-1.22471432
-1.57450853
-1.59003302
-2.58345208
-2.70786071
-2.60521248
-2.61219001
-2.33512424
-2.26707065
-1.89441551
-1.70399652
-1.84305978
-2.03931973
-2.27132218
-1.97238620
-2.59061010
-2.87044588
-2.64175746
-2.38301877
-2.28037735
-2.40719487
-2.23746274
-2.40769031
0.06815031
0.03412834
0.23774854
-0.07657462
0.29152429
0.18782100
0.12316622
0.58528383
0.51952432
0.57117323
0.46198868
0.09591869
-0.22681383
-0.06131870
0.38793212
0.32045238
0.40649841
-0.15459367
-0.34686691
0.04658018
0.48097174
0.54467597
0.74125683
1.00689164
0.70753922
0.59602174
0.63927041
0.72130484
0.89971955
1.22904802
1.31501162
1.03763653
1.20054398
1.23424481
0.81275732
0.79780949
0.51694091
0.30470631
0.31041571
0.48592820
-2.07903108
-1.61618113
-1.46243842
-1.65112533
-1.33091118
-0.97008924
-1.04488492
-1.28980736
-1.27141226
-1.36152334
-1.71660419
-1.78093640
-1.53271108
-1.29940008
-1.00726731
-1.36014015
-1.61558428
-1.71776634
-1.52703232
-1.89154979
1.89320050
2.00737117
1.80367904
2.03712705
1.65951692
1.66106654
1.82013234
1.99326478
1.89861517
1.98255616
1.64923759
1.75365406
1.81977103
1.36744456
1.47313586
1.96761732
2.26133525
2.34602839
2.04374176
2.20697084
-0.89389153
-0.68179292
-0.55693533
-0.50640779
-0.42169607
-0.57892681
-0.49735663
-0.73056883
-0.70882499
-0.95759058
-0.73036282
-0.71406732
-0.53310196
-0.29819488
-0.45888457
-0.63965529
-0.49108778
-0.60568192
-0.59255906
-0.53988486
-1.44587960
-1.46408419
-1.39024781
-1.62260376
-1.47217824
-1.42092197
-1.08139458
-0.94030225
-0.88732677
-1.02756144
-0.94867260
-1.00490950
-0.99873914
-1.21851526
-1.31584999
-1.58660141
-1.61111339
-1.71570388
-1.50349718
-1.28107148
-2.11536247
-2.04387679
-1.93691200
-2.02832613
-1.97330848
-1.82258164
-2.06287048
-2.01108775
-2.33407583
-2.20158199
-2.28545996
-1.95123193
-1.81058870
-1.51485473
-1.48995167
-1.44671847
-1.77321626
-2.15078166
-2.47364341
-2.03408742
1.14535771
1.46545234
1.60952065
1.44610221
1.72343520
1.95286721
2.00796364
2.24117663
2.45455209
2.10575889
2.19090075
2.14857501
2.88795365
2.95980139
2.90394497
2.71632001
2.85009548
2.33977939
1.82566198
1.48740199
-0.41148311
-0.72080983
-0.26715004
-0.62089954
-0.56372695
-0.50945057
-0.36679474
-0.29232511
-0.34767697
-0.34438862
-0.48041616
-0.44292362
-0.22947820
-0.03628346
-0.12694989
-0.34155969
0.05867786
-0.25217977
-0.45242898
-0.54323014
-0.75578378
-0.38951033
0.04122028
-0.24335401
0.02819383
0.47990958
0.32672751
0.64752092
0.47755235
0.29267106
-0.14754591
-0.38937332
-0.05113431
-0.16445688
0.10605030
0.03634577
-0.08212505
-0.28488330
-0.24851175
-0.72730554
0.32571165
0.63807871
0.13025313
0.17582956
-0.03708848
-0.01790700
0.12956634
0.02184087
0.34231651
0.10453708
0.39023222
0.78378292
0.48073706
0.49205516
0.64984096
0.51331940
0.72044752
0.88881873
0.78242735
0.40940707
0.36780647
0.53106178
0.75617572
0.56224806
0.60832719
0.68665844
0.61053182
0.37591167
0.39064174
0.01608380
0.17502638
0.09286489
0.00304728
0.36754637
-0.08257527
0.06494140
-0.07586103
0.05338863
0.33914422
0.15906515
4.19464119
3.88033228
3.85467485
4.11331736
4.14439731
3.53956512
3.41831264
3.41313105
3.61276368
3.64066096
4.05909087
4.25686371
4.42497648
4.22680426
4.42129498
4.32591287
4.46806567
4.13670295
4.16674458
4.55243751
2.07481470
2.12091683
2.12169633
1.91782999
2.17016114
2.27279079
2.10077347
1.77091681
1.44910691
1.28957535
1.27993414
1.59827829
1.40012383
1.45780633
1.62017170
1.45305410
1.37518059
1.51549214
1.52797052
1.77681237
0.40724153
0.80067829
0.94498285
0.95674410
0.99729652
1.00863605
0.55019068
0.55177359
0.20019470
0.02573852
-0.24177660
-0.52148187
-0.44101670
-0.52291518
-0.28748313
0.06905309
0.27731180
0.37521173
0.25799884
0.29093731
0.39955917
0.34347962
0.17789625
-0.11194081
-0.12982492
-0.22440965
-0.18445366
-0.19411785
-0.37172344
0.01264766
-0.06581950
0.18410913
0.12440195
0.05770992
0.38220319
0.43663989
0.18949720
0.46416948
0.28508551
0.63462919
-0.42122992
-0.00144084
-0.13204340
0.28508093
0.11838668
-0.17897315
-0.45340792
-0.60265411
-0.18216640
-0.34310174
-0.52709892
-0.50769926
-0.52743178
-0.95345955
-1.24970290
-0.93133137
-0.60956152
-0.28475344
-0.35842704
-0.71942248
0.55520658
0.58494015
0.89098759
0.81491185
1.35094053
1.37221161
1.26649841
1.19814480
1.04140636
0.81565627
0.37331593
0.14936585
0.21850425
0.27492023
0.44898542
0.41095366
0.64323505
0.87701423
0.73631649
0.81797236
-1.65782739
-1.49593691
-1.15396493
-1.39739958
-1.25987289
-1.25136724
-1.11937209
-1.10244744
-1.20238055
-1.13612438
-1.03542780
-1.13688631
-1.25742870
-0.92375489
-0.77039722
-0.92391566
-1.33090091
-1.62864779
-1.66786329
-1.64970320
1.02875879
0.94299422
0.80625627
0.87726961
0.94577967
1.13650434
1.09194484
0.82176625
0.75433947
0.95310296
0.96624283
1.10323778
0.88003729
0.81273335
0.89188558
1.07969991
1.57904710
1.31804549
1.53677125
1.21452846
-1.56677756
-1.36203868
-1.33797908
-2.17478934
-2.34396531
-2.37634810
-2.23855415
-2.08769818
-2.28860755
-2.13720350
-1.93631022
-1.94942397
-2.03462703
-2.19281438
-2.37047605
-2.35484362
-2.23900503
-1.96243245
-1.35910233
-1.56857242
0.64632421
0.61465602
0.48113381
0.23002669
0.05340366
-0.04841304
0.40439117
0.73271288
0.68346244
0.65511495
0.62307273
0.95263591
0.63284282
0.52333032
0.63151031
0.69990292
0.57677130
0.43079895
0.29750050
0.44340349
-0.27349985
-0.25211406
-0.35572100
-0.24428463
-0.21133171
-0.32296089
-0.14174056
0.19704948
0.19569482
0.06236460
0.09914166
-0.07026619
-0.31036367
-0.49498420
-0.92601226
-0.95091941
-0.57801663
-0.47775102
-0.34986848
-0.27594050
-0.80859944
-0.51901928
-0.35034952
-0.42415887
-0.41680731
-0.39884357
-0.96319933
-0.71883620
-0.62205491
-0.66420967
-0.91262454
-0.81356339
-0.79573545
-1.10811829
-1.14358756
-0.84065995
-1.07218812
-0.88039977
-0.75503304
-0.76543947
-2.21940561
-2.67209356
-2.21637240
-2.00762598
-2.05700662
-2.06512424
-2.19978651
-1.91412660
-1.87017514
-1.44903993
-1.65817997
-1.87454872
-2.08875198
-2.20075612
-2.11649586
-2.19792705
-2.06365338
-2.10599858
-2.27469878
-2.29738709
0.98657696
0.83455119
0.65935862
0.66112039
0.79943567
0.93332456
0.71442989
0.80705082
0.88752366
1.23570740
1.07780553
1.21720846
1.30849264
1.01614311
1.06081278
1.25801372
1.67699102
1.62546058
1.15378355
0.86051499
0.57501388
0.52340981
0.64107369
0.46630061
0.10212498
0.00586597
0.21987712
0.57572644
0.33659862
0.54630981
0.68002086
1.24020933
1.28283106
1.29554201
1.14884574
0.74871057
0.99005799
0.48176892
0.39250740
0.76837918
-2.01015424
-2.21494654
-1.94645291
-2.24800635
-2.61078716
-2.44033724
-2.49692803
-2.28278637
-1.78581784
-1.47093285
-1.22051785
-1.60505898
-1.61532113
-1.75614317
-2.03530733
-1.91624341
-1.90845372
-1.97440179
-2.29875542
-1.93931370
-0.38004184
0.02885819
-0.51355965
-0.19353836
-0.43438834
-0.37698040
-0.22819914
-0.57468960
-0.78428039
-0.95799279
-0.72569191
-1.07166551
-1.22994495
-0.82974205
-0.87948570
-0.88702228
-0.84015626
-0.68664459
-0.78902952
-0.73346650
1.82409111
1.59330662
1.93637143
2.21741446
2.38960596
2.11355889
2.00165653
2.11146455
1.80466757
1.63133912
1.79339902
1.54370623
2.10591119
1.91974969
1.91497442
1.71791355
1.57772008
1.88093501
2.05232516
2.17289218
-1.05403612
-1.12494375
-1.21748317
-1.29853541
-1.03272966
-1.02677256
-1.01688525
-1.23293673
-1.21767057
-1.20309778
-0.96046428
-1.33993003
-1.10113739
-0.83000829
-0.66471467
-0.64870037
-0.98778858
-0.99519934
-0.81540827
-0.98379880
-0.72218173
-0.35827345
-0.50683741
-0.37192707
-0.16668343
-0.12651321
-0.27364224
-0.19166411
-0.44919415
-0.31593501
-0.41821645
0.11863830
-0.08744016
0.18236569
0.02054655
-0.04203143
-0.43944209
-0.92395819
-0.72105574
-0.68513912
-0.85079525
-0.84860630
-0.84928919
-1.22779722
-0.81150292
-1.12546608
-0.92221652
-1.02882858
-1.46706517
-1.41759579
-1.45177045
-1.48596401
-1.41396475
-1.47297147
-1.28045506
-1.48640944
-1.49207123
-1.50951895
-1.30603038
-1.31739731
-0.52684513
-0.37796957
-0.31352628
-0.67971762
-0.51092208
-0.30605700
-0.46748927
-0.43982118
-0.00061950
0.16588973
-0.05588979
-0.18213687
-0.10864822
-0.84940666
-0.87584792
-0.62578589
-0.44673671
-0.45123777
-0.58033020
-0.44200516
0.00096027
0.21049293
-0.21683995
0.07674191
-0.20658629
-0.52356997
-0.77348530
-0.29546817
-0.23285029
-0.05573865
-0.26814189
0.15838964
0.02386313
-0.28747635
-0.08763947
-0.30378230
0.13924725
0.08653230
0.27705792
0.15153649
1.36466052
1.31167180
1.22404320
1.23697894
1.39853146
1.38776075
1.40375073
1.35067231
1.33302709
1.35577212
1.26480057
1.39380573
1.08501587
1.10403861
1.12633267
1.10804559
0.91236607
1.08549689
1.08399981
0.89938688
1.11612515
1.07556889
1.08526363
1.00741757
1.07932136
0.92502016
0.97860084
1.20492024
1.80925059
1.90031907
1.93918097
1.76253806
1.90920516
1.88453179
1.99978945
1.87832895
1.78395985
1.34287901
1.41665890
1.45378266
-1.81520234
-2.10979979
-2.19808138
-1.67895784
-1.34511172
-1.23860034
-1.26667144
-1.31932748
-1.79377920
-1.35081035
-1.43327346
-1.80807912
-1.75438981
-1.38939156
-1.34681367
-1.25246219
-1.29593254
-1.10343463
-0.91183299
-1.15381134
-1.39545218
-1.29230632
-1.44506639
-1.29294126
-1.38925984
-1.08927609
-0.87008892
-1.09426819
-1.08258524
-1.07604922
-1.03586688
-0.82146459
-1.07148383
-0.89792892
-1.04727196
-0.76055582
-0.92613081
-1.28969680
-1.48085403
-1.59328899
-1.56610702
-1.40205710
-1.10509226
-1.13816341
-1.21471960
-1.23462506
-1.13040240
-1.16220511
-1.39731704
-1.09994438
-1.19544919
-1.23293415
-1.01074913
-0.84545285
-1.12775310
-1.08446537
-1.42343664
-1.35279441
-1.58805141
-1.46704303
0.23953220
0.10829070
0.23399791
-0.01068894
-0.03634657
-0.02761030
-0.26634604
-0.49508047
-0.50593160
-0.48583867
-0.34872143
-0.05887118
0.04971519
0.27227069
0.56364828
0.53810874
0.56416330
0.46921796
0.55377941
0.08379489
-1.64789049
-1.89857881
-2.01919105
-1.79532758
-2.20656437
-2.17123607
-2.21589647
-2.05333520
-2.19943879
-2.07859574
-1.71326197
-2.02065881
-2.10671835
-2.17759345
-2.20401029
-2.12484600
-1.72422282
-2.07020942
-1.84774077
-1.89446007
-2.86624297
-2.93778329
-3.03107671
-3.41563605
-3.33115220
-3.29956585
-3.52716350
-3.32251800
-3.32791249
-3.10707711
-2.57457357
-2.85798631
-2.91951070
-2.88406665
-2.89676108
-2.47495394
-2.57628135
-2.31716537
-2.57585019
-2.61738542
2.38989097
2.12204500
2.00758276
2.13007662
1.79745135
1.90095350
1.61709040
1.62575151
2.06994515
1.90453592
2.24703051
2.53501037
2.57340546
2.61221684
2.72450006
2.49457379
2.60486189
2.74693664
2.33831296
2.21918159
-0.60759464
-0.70303481
-0.62630416
-0.95542065
-0.62545709
-0.92113789
-1.11045334
-0.99416230
-1.10949008
-1.21272104
-0.78061165
-0.85140459
-0.92180380
-0.56463667
-1.06536316
-0.62685111
-0.77122486
-0.89768325
-0.99956812
-0.97402571
0.81320501
0.58988558
0.34904168
0.34938099
0.34184932
0.46188697
0.44231265
0.36160625
0.18284345
0.26706206
0.24637366
-0.05246300
-0.05449465
-0.12681202
0.28929843
0.25405880
0.14325283
0.13541944
0.30959822
0.72364166
0.38334121
-0.04992370
0.09897479
0.15366146
0.10530421
0.33203978
0.28039307
0.39001432
0.27697432
0.24161048
0.22449407
0.57552715
0.55623991
0.53720075
0.67919521
0.62919148
0.54619412
0.57890040
0.38705524
0.21861981
2.01799845
1.80780990
1.90885227
1.41942506
1.70907877
1.64823933
1.61115976
1.43479097
1.31044978
1.33481948
1.55967373
1.64624786
1.63403538
1.29489638
1.63011707
1.46234529
1.69364619
1.60736854
1.50552314
1.77997244
-0.83971707
-1.00901598
-1.34971210
-1.18384435
-0.57028416
-0.52025525
-0.78127756
-0.90166544
-0.98274363
-0.94250072
-1.07664056
-1.30714925
-1.30564159
-1.22269417
-1.35181296
-1.24507486
-0.95783982
-1.23395540
-1.06091837
-0.74135870
-0.22001025
-0.12386896
-0.75856409
-0.89202983
-0.79816874
-1.01712221
-1.07051689
-0.63215709
-0.60135497
-0.92256334
-0.76791692
-0.80459246
-0.54334111
-0.46461406
-0.49435939
-0.16185055
-0.22922319
-0.06758329
-0.23610718
0.01789495
-0.11800799
-0.09557013
0.13929667
0.35264699
0.47164723
0.78679107
0.74946700
0.76886453
0.64462361
0.44027907
0.35320025
0.19048306
0.03861989
-0.03634619
-0.16655446
-0.29490773
-0.31543315
-0.23578890
-0.39709381
-0.56797298
0.25034345
0.31218608
0.30853501
0.55750198
0.15611773
0.20994067
0.36213963
0.50737019
0.49775280
0.52449261
0.67569365
0.78671740
0.50986639
0.54424979
0.98834058
0.85491230
0.93901998
0.99256632
0.74228607
0.60118300
1.88763954
1.75496848
1.83034128
1.62813529
1.74241727
1.55212521
1.16915468
1.38425622
1.47569000
1.52076621
1.75459614
2.05177477
1.88049283
1.80155016
1.96897886
1.92947217
1.97453072
1.77040195
1.74576440
1.91515329
-0.73267828
-0.44664333
-0.68916236
-0.58727054
-0.44780649
-0.30338923
-0.44915315
-0.37410028
-0.31734574
-0.38087646
-0.30595874
-0.25128459
-0.23777048
-0.36760405
-0.30454690
-0.52416479
-0.33002649
-0.72878579
-0.83275552
-1.11270267
1.78853370
1.66626914
1.79614392
1.72545019
1.92762054
2.00710291
2.33167431
2.04280870
2.05228674
2.38195098
2.23133316
1.98049097
1.84585828
1.96754617
1.81946559
1.89687106
2.23201718
1.65051017
1.58216710
1.93034313
-2.78009657
-3.39833179
-3.63542400
-3.32965410
-3.10334532
-2.89437832
-2.47835768
-2.59128986
-2.52962561
-2.73256140
-2.63608421
-2.82864063
-2.73478308
-2.49766986
-2.15233155
-2.27057378
-1.61872258
-1.88628364
-2.13800008
-2.40970745
0.34322594
0.36792598
0.71368318
0.59558179
0.43741964
0.78225824
0.67924230
0.34244806
0.59066014
0.66891798
0.79723619
0.71095128
1.08178199
1.21688907
1.41099114
1.06996116
1.25422826
0.74321219
0.65950974
0.41212177
2.03557617
2.05286494
2.22765790
2.31995172
2.40463096
2.74141263
2.70362941
2.66923547
2.47541640
2.56091617
2.18209989
2.39957340
2.46228126
2.43609754
2.80850975
2.81284448
2.61302994
2.23949231
1.88345441
2.15870967
-2.15997224
-2.20142812
-1.85548652
-2.00126086
-1.89476568
-1.81704094
-1.60788383
-1.64412887
-2.14118897
-1.72033362
-2.02551862
-1.79273018
-2.12510739
-2.15570081
-2.04269485
-2.27967010
-2.36314394
-2.37734826
-2.38773247
-2.18686718
0.28074385
0.24951895
0.33229908
0.16612562
0.03146999
-0.12909237
-0.44228613
-0.17494183
0.15261469
0.39795729
0.38359481
0.27571841
0.14091342
0.01075456
-0.28650456
0.01283201
0.11118724
0.20751701
0.36307130
0.26536002
1.85874645
2.01177385
1.90547148
1.77496001
1.65699198
1.60180903
1.44935354
1.43279673
1.46697810
1.26987243
1.20436432
1.44499723
0.96750192
0.93585301
0.97662512
1.01004851
1.28925268
1.35575461
1.68926338
1.64259155
1.83910965
1.72532762
1.76255190
1.89409149
1.92964613
1.73817969
1.86329088
1.35046893
1.38999917
1.26864484
1.52195608
1.39740415
1.70302796
1.57570142
1.48183335
1.80076735
1.52193068
1.62893682
1.46482196
1.68811834
-0.84674777
-0.87602090
-1.14651872
-0.79943116
-0.87399122
-0.53675397
-0.66529142
-0.86887826
-0.66157732
-0.52772586
-0.52779755
-0.58764938
-0.19649677
-0.16515466
-0.23678527
-0.46171532
-0.60953285
-0.83983215
-1.00859885
-0.82493754
-1.89796339
-1.98682855
-2.11452370
-1.84187008
-2.23087201
-2.04483054
-2.24617617
-1.68196130
-1.59231502
-1.79104192
-1.49125009
-1.21139519
-1.09393856
-1.01889680
-0.65985909
-0.78676188
-0.69344539
-1.09634060
-1.25172482
-1.52756497
1.05772168
0.37358325
0.27665454
0.31890774
0.63080412
0.69056313
1.27244368
1.47528253
1.35588486
1.53916742
1.96017360
2.11182732
2.04448483
1.82473699
1.56929420
1.38777431
1.16629044
1.25044452
1.21288965
1.23982373
0.09098920
0.13552470
-0.14743076
0.03926362
0.03520549
0.23102818
0.19596564
0.35284904
0.47231441
0.27790901
0.47066086
0.77413038
0.73721457
0.54164023
0.42763959
0.44991779
0.10469227
0.25595007
0.33591170
0.43913415
-1.82723683
-1.81501361
-2.08176533
-2.28580442
-2.20988505
-2.13156528
-2.04270487
-1.70532826
-1.97423995
-1.76461546
-1.46462523
-1.64881676
-1.61924190
-1.48935792
-1.78224399
-1.63068413
-1.75277431
-1.66392331
-1.74328805
-1.86616334
-0.24131423
-0.50881443
-0.54720713
-0.52085524
0.14985223
0.57701584
0.24396100
0.28048852
0.31513258
0.55784203
0.59641341
0.40899736
0.28527894
0.20173338
0.12635893
-0.06659614
-0.17123969
-0.28712541
-0.35230845
-0.30109327
0.73243092
0.94654134
0.60972407
0.78753553
0.67928470
0.67715303
0.81891360
1.03600782
0.64478591
0.83411105
0.91923347
0.90835366
1.12545765
1.20348949
1.27486081
1.21879550
1.43407776
1.12529577
1.12639726
0.79093636
-0.35416741
-0.43193975
-0.46035180
-0.52687758
-0.66758036
-0.56526799
-0.71631648
-0.64453809
-0.91339585
-0.63933133
-0.68446477
-0.79660302
-0.64900675
-0.92308540
-0.81961525
-0.66896068
-0.32725786
-0.16289821
0.08606880
-0.24079229
-0.23955366
-0.34595424
-0.28387671
-0.18559890
-0.01226667
0.05800903
-0.29570641
0.15076667
-0.01411491
0.19620223
0.16307680
-0.11558012
0.08731208
0.00528373
-0.49939267
-0.17659621
0.10395309
0.40115906
-0.06883734
-0.32338581
-0.36285584
-0.65161142
-0.34469905
-0.32564068
-0.20915285
-0.04970001
0.09538868
0.11254249
0.18260652
0.30124843
0.34666691
0.07511940
0.60224050
0.73223765
0.46414687
0.49303611
0.57029413
0.49937178
0.32509408
-0.04523117
0.04119412
-0.20441297
-0.29392272
0.06573790
0.06693830
0.31374113
0.45440343
0.08519053
-0.08701568
-0.16423494
0.06137565
-0.03462575
0.12192755
-0.01753896
-0.37377353
-0.17776570
-0.13659169
-0.21099092
-0.21592778
0.13080028
2.10946531
2.29111323
1.91975895
2.17193656
1.96281039
2.09387138
2.01297935
2.04181535
2.42072534
2.37996497
2.48114171
2.62574067
2.59092058
2.63095439
2.31556831
2.34833865
2.14772055
2.08967446
2.43891678
2.16796016
0.66920893
0.91144199
1.34069498
1.06625103
1.04876314
0.78604239
0.45970888
0.62893667
0.27396706
-0.07891929
0.26388821
0.39944889
0.42645657
0.42673784
0.31386887
0.42964369
0.60556696
0.51595926
0.24827891
0.71690873
-1.51940200
-1.62660627
-1.47715316
-1.47914975
-1.44848309
-1.05990456
-1.15819625
-1.61076390
-1.17175160
-1.46903822
-1.52762265
-1.39687099
-1.15127435
-1.17912660
-1.05734336
-1.11544204
-0.92550850
-0.73794067
-0.74213907
-1.04642649
-3.85292545
-3.87175699
-3.48209553
-3.48714108
-3.61430881
-3.58064217
-3.06587100
-3.38127552
-3.60714433
-3.43758631
-3.34828075
-3.19276773
-3.10686520
-3.60443952
-3.55527943
-3.51615132
-3.37992169
-3.43196018
-3.25666233
-3.24878674
-0.65680374
-0.00609564
-0.11263444
0.28302533
0.32764724
0.49224995
0.14938861
-0.07215907
0.21104585
0.37661273
0.11700676
-0.32316456
-0.03744942
-0.01510679
-0.11068794
0.21581744
0.24952834
-0.23497730
-0.55197906
-0.25625682
-1.44733377
-1.62717307
-1.56863767
-1.24985929
-1.22613487
-1.22376661
-1.33830976
-0.97448999
-0.90422907
-1.09207227
-1.46973781
-1.48032913
-1.62150549
-1.83703952
-1.45681503
-1.44020339
-1.46859424
-1.77668871
-1.76262115
-1.46119991
-0.56699059
-0.70098687
-0.38078228
-0.42599506
-0.35025994
-0.53961638
-0.40177430
0.11389771
-0.00443464
-0.41100280
-0.65702381
-0.88240723
-1.08455021
-1.01433865
-0.58693319
-0.54995755
-0.36626023
-0.25722354
-0.37251081
-0.29448966
-1.15683390
-1.12595607
-0.86513355
-1.09844596
-1.13634524
-1.13017512
-0.81915511
-0.85984232
-0.60298013
-0.69112134
-0.50468426
-0.56841544
-0.64940429
-0.95185302
-0.92237768
-0.81595629
-1.22680091
-1.08024256
-1.12101472
-0.91668790
1.89505630
1.96259605
1.95923679
1.72819327
1.56878284
1.61505933
1.93942436
1.84915996
1.93745920
2.14636821
2.18929832
1.96520785
1.68312107
1.49084652
1.88656886
1.85065598
1.95440034
1.78486636
1.76725066
2.05379068
-0.83016465
-0.41079870
-0.62233645
-0.80529549
-0.34054197
-0.55259263
-0.43096910
-0.43572286
-0.34323064
-0.05018219
-0.39961201
-0.44608158
-0.34932087
-0.97769345
-0.97744330
-1.03899709
-0.89115273
-1.02653565
-1.15063307
-1.04096497
-0.17270449
-0.50005894
-0.75922482
-0.67458624
-0.72415944
-0.71027206
-0.50219763
-0.44608159
-0.42030876
-0.29470663
0.06096991
0.11603913
0.22154859
0.05359633
0.49221378
0.18710692
0.06883111
0.03718147
0.02120700
0.16393641
-1.87377653
-1.84431164
-1.64024533
-1.13438280
-1.05363536
-1.05710090
-0.95241510
-0.77292819
-0.52624567
-0.22604981
-0.90172952
-1.27692863
-1.11635576
-1.20457301
-1.20502181
-1.42300953
-1.59097380
-2.00499982
-1.86049342
-1.81717816
0.59271524
0.65952960
0.95937514
0.99475036
0.97187686
0.86947072
0.93248717
1.00359356
0.78968411
0.63703634
0.59785482
0.90900477
0.79436687
1.14460005
1.13561183
0.75605041
1.31978592
1.06261248
0.48404970
0.20925936
-2.25449241
-2.52314510
-2.30625692
-2.39542568
-2.32642574
-2.41818727
-2.51885133
-2.39854304
-2.61308415
-2.72581157
-2.57493090
-2.56993277
-2.40195011
-2.42162539
-2.28603777
-2.36947727
-2.30643753
-2.27230297
-2.36325737
-1.86372385
1.24007054
1.05703310
0.98737049
1.23258125
1.20876250
1.03032687
1.39341973
1.11630007
0.93812519
1.17973926
1.11965964
1.20336817
1.12229878
1.09476388
1.33492968
1.12608098
1.02720909
1.22628663
1.16261665
1.21531747
-1.86935522
-1.74883554
-1.46592726
-1.43009300
-1.35482244
-1.28358285
-1.22631677
-1.49393467
-1.47147493
-1.38705745
-1.27516554
-1.76492125
-1.83246379
-1.83286866
-1.54973228
-1.70829071
-1.78805361
-1.81289918
-1.90219992
-2.07345381
-1.88228927
-2.36745378
-2.07765346
-2.05210973
-1.98169524
-2.32433738
-2.52945479
-2.15859901
-2.33941880
-2.10898973
-1.89253012
-2.08128377
-2.02637180
-2.07877797
-1.91700705
-1.67218098
-1.64548308
-1.67989154
-1.69051025
-1.72423045
-2.22181962
-2.23379828
-2.21391214
-2.37882385
-1.84114537
-1.96599173
-2.00594358
-2.31297457
-2.50750555
-2.82095123
-2.62781128
-2.72360104
-2.83973872
-2.64162935
-2.52330283
-2.54646841
-2.62566215
-2.57494959
-2.35766188
-2.41201318
2.20874036
2.20739503
1.96953703
1.61226785
1.50929300
1.65800990
1.51715867
1.44246584
1.33614592
1.59225866
1.76395754
1.49878022
1.55858182
1.65829956
2.03043486
1.90541143
1.67216759
1.91297815
2.01454289
2.14997642
-2.57870259
-2.37543123
-2.26910455
-2.37950059
-2.03491955
-2.36325928
-2.06205659
-2.45252976
-2.41435685
-2.32430839
-1.96328847
-2.27493410
-2.18202067
-2.28673548
-2.40221525
-2.50605278
-2.43672266
-2.18132733
-2.16653935
-2.50363495
-0.12481475
-0.14918755
-0.40306606
-0.32776244
-0.18407087
-0.31327895
-0.49738832
-0.66664469
-0.84152963
-1.06121257
-1.13028257
-1.02837696
-0.92295295
-0.71565797
-0.07580590
0.29563107
-0.04893867
-0.00290743
-0.01654181
0.06767344
-0.53154680
-0.17973718
-0.28627957
-0.47426760
-0.63802664
-0.87355983
-1.01487984
-1.23140924
-0.78521211
-1.12697138
-0.90933802
-1.31333523
-1.17405384
-1.03716672
-0.80934052
-1.26531466
-1.08361530
-0.92761010
-0.90469373
-0.63413530
-2.90861010
-2.74691882
-2.77078328
-2.98958565
-3.41562077
-3.28040248
-3.30631666
-3.02349765
-2.71219825
-2.73190237
-3.11222465
-3.12298414
-2.72086282
-2.74342086
-3.34302542
-3.33288389
-3.49879977
-3.46833985
-3.51534983
-3.08447616
1.72488942
1.75910908
1.97646535
1.52986706
1.25151740
1.41510563
1.73932917
1.86053416
1.38811841
1.46539996
1.28303609
1.21139599
0.94357636
1.14496452
1.00667054
1.29459761
1.34254329
1.57057827
1.36382512
1.52465081
0.82521828
0.53042065
0.61216010
0.54177726
0.48750610
0.57833580
0.67452322
0.49123278
0.33613548
0.46222850
0.69474204
1.02414891
1.00746479
0.57033209
0.24958610
0.17909760
0.38117011
0.73035531
0.44727287
0.88257792
0.21598116
0.48956556
0.44335469
-0.07922502
-0.12037958
0.07550772
0.43076624
0.33558827
0.55332306
0.54135388
0.58085443
0.64621306
0.90225129
1.40229316
1.36527775
1.28138956
0.84476343
0.57644479
0.32544671
0.37950054
-1.00074222
-0.67724058
-0.59575355
-0.10831152
-0.32536924
-0.56656973
-0.82048385
-0.82530456
-0.80170083
-0.74291847
-0.37117288
-0.73447856
-0.50983725
-0.45165784
-0.62547965
-0.63623018
-0.72702541
-0.63268710
-1.05520188
-1.20392115
0.88023677
0.82443908
0.54635140
0.31269715
0.60234443
0.61179077
0.34379845
0.50803079
0.76569436
0.77107614
1.04821732
1.29930895
1.39223335
1.32272843
1.49036035
1.50822153
1.36813480
0.94051107
1.10512948
0.83796585
-0.52879774
-0.34858198
-0.39274016
-0.32245364
-0.75855385
-1.00084965
-0.89782227
-0.80099672
-0.42492043
-0.76101604
-0.72300264
-1.10104046
-1.07155773
-1.02084893
-0.89572001
-0.95201815
-0.97014250
-1.05188159
-0.92090929
-0.67911716
-2.19633677
-1.97342518
-2.06842719
-1.69222370
-1.92673457
-1.64450581
-1.88651123
-1.67012272
-1.85513953
-1.96400984
-2.13225850
-2.41430620
-2.45554084
-2.19326865
-1.84482477
-1.99249968
-1.78375462
-2.18767894
-2.31831435
-2.15324415
-0.79358710
-1.14773904
-1.06665151
-1.10943725
-1.51920349
-1.38625289
-1.55858003
-1.53082138
-1.65937499
-1.57834814
-1.72461836
-1.39636615
-1.44218308
-1.24048699
-1.27946044
-1.39944053
-1.22383525
-1.05252897
-1.21876676
-0.86850640
1.03807125
1.09956310
0.94470156
1.24751720
1.52464455
1.53615714
1.27039276
1.15337869
1.38382594
1.09644262
1.07090943
0.96916917
1.04824883
1.10273602
1.36785362
1.44559991
1.29495723
1.55860573
1.32993734
1.18012769
1.92223887
1.63476028
1.73573272
1.60737530
1.56527263
1.41523873
1.26540149
1.17058979
1.35167270
1.23467964
1.28106621
1.28967849
1.54428119
1.47396382
1.40168129
1.74697958
1.62971012
2.04014316
2.05809574
2.10655364
0.49657934
0.38441945
0.59720071
0.43986053
0.75681627
0.43015865
0.11584292
-0.22035661
-0.25983496
-0.16654108
0.07645824
0.12968738
-0.03368513
0.03822610
-0.13514849
0.20839371
0.55778380
0.77840466
0.46643953
0.54452031
-1.97800682
-1.70182202
-1.84392074
-2.03633299
-2.11337085
-2.43312556
-2.65327423
-2.56058721
-2.51901160
-2.20148895
-2.34514503
-2.22316827
-2.18053800
-2.28499399
-2.12303484
-2.14773432
-2.00201224
-1.87236793
-1.88889608
-1.55663189
1.24262137
0.94200678
0.94157176
0.99103826
1.06961656
1.10584722
1.07057237
1.30882134
1.04506163
1.19435050
0.89365268
1.22454836
0.83691928
0.95525867
0.82691765
1.16364438
1.32993330
1.43221269
1.31072009
1.24356641
0.56551152
0.45139824
0.41384971
0.54774584
0.60113725
0.70819320
0.94672347
1.05356500
0.92880358
0.81081134
0.85964215
1.05510999
0.81054475
0.70660729
0.75126800
0.74842699
0.79141334
0.59053956
0.82689879
0.55846530
-0.34564176
-0.59331866
-0.54319247
-0.64221955
-0.66290746
-0.42812262
-0.41274826
-0.07739551
0.21520453
0.42005966
0.29884593
0.21686186
0.27727582
0.13498491
-0.23323231
-0.35038807
-0.35197828
-0.36342707
-0.19968012
-0.22999684
-0.08876331
-0.26696130
-0.41714171
-0.50425718
-0.27875435
-0.19482942
0.18672689
0.19979668
-0.01542405
0.07416252
-0.24440310
-0.08563553
-0.00328058
-0.00148955
-0.11404242
-0.16419060
-0.14854257
0.05959651
0.16500866
0.11594642
0.12634582
0.49522848
0.45424367
0.53539247
0.20543026
0.08857875
0.34749393
0.45799560
0.43299026
0.46550864
0.57944606
0.22047870
0.34725737
0.39870324
0.32608237
0.13840174
-0.13870958
-0.18880560
-0.29342623
-0.30113872
0.69333116
0.73926274
0.60100751
0.75314041
0.59545692
0.47974200
0.40317749
0.57601886
0.65894968
0.79592639
1.26986519
0.98112433
0.84813738
0.43712110
0.95410569
1.37152282
1.11518573
0.71485137
0.99298080
0.87246603
2.83372619
2.97105069
2.75591642
2.66044918
3.29785532
3.26708259
3.42705559
3.32430824
3.46498572
3.36421712
2.98428522
2.71175073
2.70134843
2.75808669
2.54799689
2.46212349
2.96489522
2.86574771
2.70575257
2.58287188
0.76257924
0.71812873
0.68385813
0.90820980
0.97223175
1.20238628
1.34234225
1.45768234
1.49193532
1.31741649
1.41831085
1.21580396
1.19186934
1.16311346
1.16977827
1.15543050
0.84843576
0.79773607
0.60711454
0.55278568
0.80275403
0.40343482
0.34630357
0.58172788
0.68569763
0.58359415
0.63087594
0.73183413
0.82502679
0.77566813
0.54294450
0.83839142
0.91325503
1.12483814
1.14515407
1.11059861
1.62468068
1.32845821
0.88411023
0.66564417
-1.24670028
-0.89881330
-1.31319783
-1.48281022
-1.31859070
-1.40471167
-1.29960107
-0.97286747
-0.46996500
-0.48292221
-0.71123351
-0.84307551
-0.93587471
-0.82080813
-0.76228016
-1.14362971
-1.34255471
-1.20250258
-1.39724705
-1.21775217
-0.95676161
-1.25730015
-0.73352833
-0.78314180
-0.84336730
-1.09001188
-0.69640078
-0.76308635
-0.89847006
-0.89583085
-1.00061481
-0.71007701
-1.07361900
-1.16893570
-1.16589681
-1.35167435
-1.70204481
-1.38379918
-1.42125463
-1.13103562
-0.01614527
-0.09697296
-0.10031508
-0.10323673
-0.03929178
0.32447451
0.36265510
0.62969957
0.49734088
0.31151806
0.20620251
0.21462494
0.25618372
0.30836690
0.17058054
-0.22478628
0.01389987
0.00920485
-0.20060814
0.06466568
-0.70581774
-0.66626341
-0.62752171
-0.90239234
-0.86379373
-0.95430816
-1.08506364
-1.37330335
-1.24216836
-1.43815325
-1.66328443
-1.53851017
-1.80232275
-1.43896292
-1.41632511
-1.02459566
-0.93355493
-0.62826477
-0.39161039
-0.88708213
-0.97732223
-1.11187748
-1.03253267
-1.11748319
-0.94635341
-1.05754916
-1.09088040
-1.12996088
-1.33828317
-1.12982803
-1.53862522
-1.30970486
-1.26071979
-1.54447339
-1.46086951
-1.21646567
-0.83244293
-0.81270536
-1.03647354
-0.92167030
-0.54168532
-0.65886766
-0.81852745
-1.13451909
-1.39901232
-1.40645083
-1.25681837
-0.77122443
-1.04008011
-1.11262936
-1.19442971
-0.50031430
-0.30516076
-0.28869807
-0.62439443
-0.35949771
-0.62163174
-0.71598637
-0.87683595
-0.90275887
-1.48728263
-1.33323250
-1.23883795
-0.96676125
-0.95325975
-0.65642603
-0.62154781
-0.36855032
-0.47172193
-0.40464815
-0.63867090
-1.12859790
-1.11175943
-1.25301280
-1.51881798
-1.38594421
-1.51412404
-1.53313868
-1.21834354
-1.55848475
-1.23194966
-1.32354074
-1.58748324
-1.75233005
-1.88338139
-1.65726970
-1.36752352
-1.19696942
-1.35624061
-1.22684077
-1.54781462
-1.21142821
-1.74237859
-1.87089125
-1.69758807
-2.13891643
-1.60998527
-1.67346310
-1.54760284
-1.37962894
-2.22846826
-2.29261519
-2.82231307
-2.71995799
-2.36604674
-2.27111589
-2.10067019
-2.04325927
-2.12864877
-1.75717205
-1.55764464
-1.58277815
-1.72741141
-1.90643768
-1.86682335
-1.86338897
-1.60362088
-1.91470938
-2.11751018
-2.09873123
