phonon_position
0.49249817
0.69179453
0.76771637
1.04414857
1.27109782
1.57391518
1.80498030
1.53446301
1.13237209
0.91555304
0.65226164
0.01036533
0.14116028
0.30761126
0.35001449
0.05804327
0.41530776
0.29757180
0.47534170
0.67472097
0.75945138
0.60627784
-0.00613481
0.25539481
0.13438270
0.20018361
0.05489803
0.23125465
0.13617718
0.36741721
0.41050269
0.58043710
0.43504009
0.16132326
0.37322585
0.71203208
0.56773358
0.57597713
0.60121114
0.52338860
-2.31340451
-2.16508700
-1.67772091
-1.86408990
-1.99532278
-2.15882603
-2.18278530
-2.13841964
-1.93432237
-1.62705391
-1.53168995
-1.71063592
-1.68005796
-1.97702832
-1.78601661
-1.98402195
-1.93861911
-2.23980401
-2.30603217
-2.08488136
1.30878042
1.39599180
1.63608834
1.75882706
1.32569732
1.26843234
0.74584254
0.60219008
1.05815198
1.17693181
1.58454038
1.72446905
1.44207024
1.64087094
1.28068146
1.13648129
1.29081148
1.43154350
1.44818742
1.47804961
-0.89554333
-0.41736826
-0.44389838
-0.69250592
-0.73108824
-0.61882202
-0.80645867
-0.62622377
-0.81519470
-0.73085821
-0.67507421
-0.94348015
-0.95587567
-1.00874661
-1.06247858
-0.96959864
-1.07356091
-0.98680575
-0.84789880
-0.99091316
0.37913430
0.64893775
0.47608502
0.36645375
0.13644214
0.20244082
-0.02990838
0.08350279
0.09365627
0.36654662
-0.03522368
0.23336340
0.38417374
0.58470942
0.37323177
0.44461376
0.51869100
0.53496504
0.34762769
0.49615136
0.65649208
0.63921390
0.83483497
0.64231298
0.71775151
0.52457857
0.61186792
0.33016494
0.41296113
0.28407172
0.09217802
0.13253408
0.14368102
-0.01637654
-0.01609244
0.20814639
0.03804872
-0.07276434
0.55657211
0.68293953
0.13049666
0.21572378
0.11543922
-0.06133970
-0.09224019
-0.08574582
-0.12306865
-0.01604888
0.08302606
0.16649220
0.38287296
0.47779580
0.12499938
0.12883821
0.26923169
0.18521727
0.22998789
0.09549797
0.04391788
0.13187883
-0.01978998
-0.14076024
-0.00568909
0.43104221
0.09935242
0.05118808
-0.25449169
-0.21422399
-0.28976951
-0.47361046
-0.43564955
-0.49394478
-0.66383549
-0.38051422
-0.89719247
-0.74064455
-0.76941088
-0.58643518
-0.46467699
-0.19582686
0.00014445
-0.04164612
-0.10677849
0.08530854
0.46724993
0.60264197
0.53736392
0.60524312
0.68470769
0.74657237
0.71927983
1.05331808
0.86159567
0.65347793
0.81770042
0.56918902
0.67333502
0.12438803
0.01568381
-0.01931127
0.74598436
1.02429756
0.85245063
0.78404071
0.94133930
0.68338566
0.68946034
1.02455187
1.37069070
1.36239700
1.21664881
1.14340614
0.99258484
0.97981947
1.09866835
0.75779112
0.96422373
0.95241057
1.10806854
0.77337814
-0.78256260
-0.51434127
-0.70773034
-0.37321104
-0.83546528
-0.84807461
-0.89399570
-0.68098575
-0.75781991
-0.71715100
-0.77225821
-0.87749791
-0.93357204
-0.73829053
-0.70431666
-0.93219923
-0.55375590
-0.77481610
-0.82656200
-0.67691823
-0.62612520
-0.20456920
-0.31381825
-0.26163124
-0.35374650
-0.25780505
-0.51390766
-0.66791529
-0.72357795
-0.54760250
-0.41633226
-0.73414237
-0.99123417
-0.96548408
-0.99781924
-1.25899657
-1.44522701
-0.91762051
-0.72157013
-0.52881480
-1.78895452
-2.10256820
-1.99983293
-2.28654909
-2.26729063
-2.00521069
-1.69522005
-1.79588140
-1.86251497
-1.61681071
-1.66069825
-1.78282972
-1.91064336
-2.15081532
-2.00727195
-1.89817154
-1.99359265
-1.65874557
-1.17295642
-1.54972396
1.77245507
1.65918072
1.84713928
2.17098659
2.09011387
2.23046854
2.39867758
2.13411495
2.57327490
2.54533084
2.45500216
2.15692450
2.30664138
2.15114859
1.88273418
1.91549205
1.91810646
2.17756703
2.18549605
1.93634202
-3.28090978
-2.97340007
-3.27496314
-3.02364447
-3.01176998
-2.66585953
-2.59682862
-2.64105342
-2.83400192
-2.42814277
-2.11485532
-2.43248914
-2.28753508
-2.64555892
-2.63899792
-3.35149557
-3.65070181
-3.36598909
-3.44814006
-3.23225384
-1.06162545
-1.06812725
-1.33961592
-1.40410890
-1.44557319
-1.48811983
-1.37030902
-1.38597104
-1.39750417
-1.19693234
-0.99929853
-1.13392061
-0.93488671
-0.47813552
-0.73609180
-0.81470314
-0.57924433
-0.69823788
-1.00451391
-0.95864795
-2.20431964
-2.16886305
-1.96101073
-1.89953566
-1.89020925
-1.99311509
-2.01736779
-1.99673074
-2.05772345
-1.84655091
-1.69090777
-1.63430609
-1.68953954
-1.49832683
-1.74600069
-2.03171999
-2.17376972
-2.21276494
-2.25648940
-2.11103981
-0.82857848
-0.64693790
-1.18681905
-1.62431176
-1.57728311
-1.59621652
-1.85142937
-2.03800599
-2.02724258
-2.09553218
-1.90869665
-2.03673619
-1.93754746
-1.54813631
-1.54319979
-1.27304849
-1.15428717
-0.71921076
-0.92747006
-0.78217009
-1.87147231
-1.64207066
-1.98457768
-1.75846694
-1.58082651
-1.62977656
-1.41136679
-1.01508007
-0.79345282
-0.67353628
-0.60620104
-0.76175027
-0.64448271
-0.61042479
-0.48144538
-0.57520982
-0.93513537
-1.44267894
-1.38537818
-1.86048704
-1.22010872
-1.12459475
-0.95866202
-0.90018053
-0.79721144
-0.81686568
-0.49839931
-0.64122652
-0.47464282
-0.26054888
-0.26830598
-0.23247191
-0.41570224
-0.32293684
-0.49030469
-0.63188743
-0.73277894
-0.54965513
-0.62302991
-0.80871564
-2.46153013
-2.62527871
-2.43015503
-2.29843545
-2.16193015
-1.88635529
-2.11508451
-1.87820739
-1.82892949
-1.74088639
-1.74665996
-1.87660612
-1.63224432
-1.77038805
-1.58551530
-1.48873756
-2.01396549
-2.13697826
-1.97886248
-2.19548338
-1.17256719
-1.53875354
-1.23649166
-1.31181997
-1.34807211
-1.55769463
-1.42452562
-1.17636546
-0.73652877
-0.87662564
-0.95775970
-1.06413373
-1.18432683
-1.28392739
-1.13602412
-1.21497149
-0.74433672
-1.03820855
-1.18420310
-1.37008543
-0.52279655
-0.50774900
-0.40429392
-0.44854064
-0.50316303
-0.80179670
-0.77996443
-0.99297878
-0.74356828
-0.85726136
-0.52672553
-0.08515896
-0.30209998
-0.83547495
-0.96333139
-0.71408680
-0.70887070
-0.90297518
-0.83829339
-0.80079375
-1.12476228
-1.07958559
-0.76437629
-0.81417929
-0.76068660
-0.35717355
-0.67881047
-0.87618408
-0.74717046
-0.36570508
-0.37882503
-0.18591215
-0.11167780
-0.34214922
-0.50363694
-0.64123303
-0.95057036
-1.06974266
-1.00338274
-1.02402955
-0.35555618
-0.13499643
-0.24128581
-0.43488295
-0.34441141
0.17746832
0.05804160
0.11844211
0.41426853
0.18099983
0.28331660
0.31382137
0.19443095
0.22686476
0.10240251
0.05556283
0.07313191
0.10391303
0.12386134
-0.18208476
-1.37478652
-1.32185037
-1.34591328
-1.38045073
-1.26890999
-1.37904672
-1.59027079
-1.51825073
-1.62330386
-1.53046920
-1.60977899
-1.60489754
-1.72466997
-1.68712652
-1.42434044
-1.23910924
-1.20583300
-1.13273794
-1.60646609
-1.41076042
-0.13187356
-0.02925170
-0.44887698
-0.66284857
-0.43835749
-0.43008524
-0.47149222
-0.65398564
-0.83265607
-0.89826961
-0.35131537
-0.43951660
-0.23782939
-0.13101441
-0.37442791
-0.37877882
-0.28014642
-0.00956994
0.07861933
0.00703293
-0.04965628
0.05739322
0.24588285
0.14318357
0.05672098
-0.39168058
-0.26549017
-0.34197351
-0.71186128
-0.57891984
-0.51287489
-0.25818798
-0.39605140
-0.39182529
-0.49584427
-0.13778241
-0.06377970
0.10675333
0.10793160
-0.03927717
-2.27397347
-2.01629417
-2.05635255
-2.29373974
-2.17701200
-2.18502273
-1.92101323
-2.16490953
-1.95826115
-1.76187087
-1.97528744
-1.77257356
-1.62352385
-1.66326833
-1.49561353
-1.36495890
-1.45034468
-1.40931505
-1.65869608
-2.05447342
-1.81946679
-1.98740813
-2.13731073
-2.01380446
-2.00718474
-1.86105533
-1.58030592
-1.33400869
-1.46886159
-1.36271910
-1.58244679
-1.48271101
-1.60494955
-1.83484667
-1.97967717
-2.20381150
-2.08359765
-1.89621659
-2.23054847
-2.09894946
1.27659037
1.47740201
1.26364400
1.19094191
1.00308780
1.22953400
1.29653035
1.29388238
1.06511383
0.73881356
0.68921699
0.66581371
0.81226537
1.10386556
1.08917555
1.46410717
1.89769860
1.96272693
1.89845007
1.65922589
1.15602999
1.27718749
0.60321386
0.70052423
0.31653979
0.57639606
0.53689248
0.69745311
0.69543650
0.65429314
1.02519904
0.85908691
1.28542920
0.90777013
0.86456236
1.12242983
1.02838413
0.66018562
0.81218761
1.09839278
1.98559726
1.70733433
1.84789828
2.07121513
1.81100468
1.55564710
1.54847379
1.73243919
1.87647581
1.89686529
2.06403047
1.92324214
1.94720285
2.07978606
1.74471945
1.67386210
1.63925788
1.76172474
1.80132327
1.90272400
-0.10484442
-0.06469202
0.11224954
0.41932224
0.53670354
0.78806135
1.17224306
0.78282545
0.09266159
-0.26286809
-0.32576512
-0.32583796
-0.42645035
-0.48241701
-0.06178245
0.22237753
-0.10928439
-0.19270299
-0.16076807
-0.31036440
-0.17589507
0.07265769
0.02939907
0.05579003
0.00425144
-0.29921839
-0.40751825
-0.09553104
0.13370058
0.04540214
0.08096479
0.07158667
0.28136863
-0.06559089
-0.06633142
-0.25690326
-0.30515228
-0.52003458
-0.57702433
-0.10426751
0.58591901
0.44516250
0.46599274
0.76398099
0.83274918
0.70101586
0.73123029
0.49121744
0.63692223
0.62398386
0.66689033
0.65753234
0.66285853
0.83889997
1.14831782
0.90326665
0.75447446
0.81058126
0.64094761
0.68759267
1.32129248
1.15224001
1.17982227
1.35890482
1.11709951
1.18541157
0.57703972
0.36454236
0.66352948
0.74367718
1.23660605
1.03721606
0.97097028
1.14653584
1.26216543
1.38933207
1.46623282
1.75558331
1.57411497
1.24734494
-2.38608967
-1.97895742
-2.42474474
-2.10600578
-2.35133878
-2.55284116
-2.42696848
-2.29577206
-2.49898326
-2.28609344
-2.32088734
-2.15186388
-2.06846783
-2.22937199
-2.15232850
-1.85250438
-1.83450671
-1.86207817
-1.99528934
-2.46815706
0.84578128
1.22779953
1.13372729
0.76039505
0.85795166
0.90888480
0.91266386
0.71918623
0.56572092
0.13476437
0.38174661
0.09791147
0.41844663
0.28139748
0.38919647
0.19581468
0.15526250
0.13554481
0.68119765
0.75215932
-0.10913940
-0.38964629
-0.32740712
0.08171477
0.13568198
0.23814094
0.37482017
0.08769737
0.11976263
0.29636363
0.09260174
0.15148250
-0.11521457
0.00230359
0.35614741
-0.24155481
-0.05744997
-0.44467279
-0.13345493
-0.32979626
0.39974795
0.75169064
0.54828588
0.45062159
0.36868555
0.61982835
0.65383087
0.72685616
0.43754301
0.17009355
-0.01343621
0.14396247
0.15018364
-0.04672772
-0.32738789
-0.33614333
-0.05036333
0.04241699
-0.12819299
0.08543937
-0.10885905
-0.07220783
-0.32197451
-0.35034782
-0.32974143
-0.02768805
0.22920949
0.21325820
0.16999231
0.33234576
0.10405617
0.22473849
0.30877439
0.44163842
0.36909404
0.53688850
0.61817554
0.76049509
0.23389769
0.02055687
-0.58246100
-0.60054201
-0.66590427
-0.69165588
-0.53302666
-0.50936727
-0.50166557
-0.54545060
-0.43012832
-0.42648929
-0.69196303
-0.84492054
-0.85093949
-0.86835200
-1.03193506
-0.82896666
-1.01787234
-0.72770253
-0.77720419
-0.70325366
0.22292390
0.08661474
0.47050956
0.31015858
0.53111772
0.57743609
0.34801955
0.02656710
-0.20969153
-0.11251563
-0.12191153
-0.44880492
-0.68856133
-0.40956098
-0.45288985
-0.26544217
-0.12932406
0.06882250
0.01811742
0.22620889
-1.24952285
-0.99961772
-0.98949609
-1.05888609
-1.03672202
-1.04197020
-1.00586309
-1.04213198
-1.31505224
-1.09833135
-1.47617503
-1.42380536
-1.29887639
-1.23404408
-1.67473479
-1.94264864
-1.85578476
-1.80271272
-1.77833245
-1.54645385
2.19239537
2.26227939
1.91954072
1.79259282
2.01261992
2.21118646
2.04274120
1.93924226
1.75902934
2.10399936
1.71930321
1.44813635
1.77801915
1.89114477
1.72380795
1.88584915
1.93541276
2.12237962
1.91137517
1.97965319
1.56945792
1.74751278
1.82976553
2.08261011
1.67114571
2.14137719
2.43651133
2.08554238
1.87141705
1.94525129
1.95904618
1.38546638
1.59614014
1.46969436
1.61541223
1.41811706
1.64919810
1.85375065
1.57918151
1.54836881
1.48690448
1.61247381
1.49123307
1.41720687
0.93213104
0.85285256
0.91852462
1.03285101
1.09043045
0.88042142
1.03359877
1.09724388
1.06960130
1.40244039
1.45069982
1.64635237
1.74831822
1.67669961
1.78861330
1.59333602
-1.39689673
-1.61589140
-2.02783651
-1.73329219
-1.64772154
-1.14312437
-1.24019034
-1.09058381
-1.04798220
-1.24495754
-1.11337541
-0.89475760
-0.98172953
-0.99671217
-1.17681113
-1.34252753
-1.35344246
-1.20713309
-1.40825320
-1.32253358
2.14706057
2.31816653
2.22957575
2.15402876
2.03888101
2.39022142
2.02220018
2.11999386
2.47648676
2.50225277
2.51802358
2.45603301
2.47871170
2.52303745
2.56728432
2.52449944
2.16729323
2.06579177
2.69356933
2.36979066
2.76214613
3.00417578
3.01756405
2.81144014
2.88118414
2.80643059
2.97010852
2.67981428
2.75450137
3.10412237
2.85062031
2.40568668
2.40570561
2.32050772
2.33394735
2.55622157
2.48205043
2.89143455
2.91098614
3.03434704
-2.70912303
-2.79568497
-3.03658606
-3.20546986
-2.96777458
-2.72299299
-2.66211290
-2.81142579
-3.22088568
-3.05615159
-2.93790701
-3.15304671
-2.92058006
-2.62443714
-2.82144709
-2.85516498
-2.80087073
-2.70712591
-3.21306137
-2.81000879
1.66004598
1.57721848
1.77875507
1.83328287
1.61116826
1.32833003
1.78385020
1.52733051
1.58772004
1.60541389
1.60265605
1.84104066
1.65444234
1.80477795
1.89161174
2.09461026
2.11228508
2.22444662
2.21295006
1.88452464
0.23758492
0.11652901
0.13370064
0.00290591
-0.00496980
0.07201185
0.15423027
0.43119725
0.68241893
0.52890031
0.77750988
0.92116666
1.21261831
1.14569252
0.66709605
0.77401503
0.63358302
0.71113850
0.53060045
0.34487760
0.00553875
0.05011066
0.33685986
0.47385813
0.50918195
0.24068185
0.02859893
0.20327944
-0.10339426
-0.31128161
-0.28659974
-0.48381490
-0.60492615
-0.40459299
-0.29032816
-0.08657319
-0.13120769
-0.27644758
-0.23378597
-0.21573301
0.67763301
0.63194651
0.39825360
0.31176392
0.09325895
0.21180159
-0.06290800
-0.12133972
0.03869341
-0.12856111
0.26172685
0.21708630
0.17666790
0.23940446
0.63475899
0.93805470
0.65324279
0.85184486
0.77039901
0.51501054
1.31788175
1.49098823
1.39734770
1.34774973
0.99812254
1.08328554
1.16729816
0.93781123
0.73702490
0.62614488
0.69213987
0.82962662
1.05885246
1.11542773
1.03793528
1.27391606
1.26965407
1.25813647
1.05257363
1.01831328
-0.17705167
-0.48186814
-0.68616427
-0.89831595
-0.81015060
-0.74877171
-0.83283424
-1.11199826
-1.00093164
-0.47110345
-0.59664775
-0.58409785
-0.15011673
-0.21322360
-0.37474212
-0.44963195
-0.25439507
-0.18206368
-0.33412198
-0.48120225
-1.02491293
-1.32972649
-1.53646754
-1.69781633
-1.54720945
-1.17221806
-0.91587393
-0.88069561
-0.98699104
-0.94854049
-0.92701254
-0.74413919
-0.61629378
-0.79050034
-1.05111646
-0.71048018
-0.74408354
-1.05593499
-1.03220926
-1.00471971
0.30337857
0.12263220
-0.41095272
-0.18262257
-0.30962445
-0.46511315
-0.19896060
-0.31916783
0.00922698
-0.21696642
-0.41562275
-0.34334899
-0.51432565
-0.61652167
-0.41909781
-0.06554151
0.17607223
0.28062232
0.34558306
0.41520715
-1.18482618
-1.03414847
-1.51510888
-1.08530076
-1.33056521
-1.25636290
-1.16432488
-1.40509643
-1.17769962
-1.14137139
-1.14999062
-0.99655409
-1.23056008
-1.23722600
-1.08001230
-0.79387325
-1.10579313
-0.83880673
-1.05304421
-0.86431591
-0.14010726
-0.31118154
0.00400514
-0.31642525
-0.28480695
-0.27074388
-0.37543980
-0.48022650
-0.68193711
-0.39011265
-0.50996563
-0.55043226
-0.60340165
-1.02959991
-0.76992334
-0.86194831
-0.63562428
-0.60799640
-0.25267803
-0.36795601
-0.77873870
-0.81128743
-0.58982785
-0.70647552
-0.68751342
-0.89517052
-1.30696982
-1.37139395
-1.58749592
-1.30482936
-1.33583036
-1.28539489
-0.70940007
-0.69856994
-0.63585334
-0.71793652
-0.95608644
-0.72103809
-0.76376670
-0.63778892
-1.02165612
-1.28470525
-1.20125298
-0.73920328
-0.64794151
-1.00863037
-1.13869017
-1.09635314
-1.14306865
-0.96511901
-1.17428613
-0.76726078
-0.96874499
-0.58937007
-0.28528036
-0.32266050
-0.67897101
-0.77599009
-0.59607224
-0.87268146
-0.85895088
-1.03393349
-1.18430451
-0.87024012
-0.75894484
-0.93189461
-0.91220507
-0.89957330
-0.94326741
-0.78326398
-0.96673246
-1.02366732
-0.69359784
-0.66711395
-0.52753001
-0.42733223
-0.37576832
-0.37161864
-0.50025007
-0.74484200
-2.11809846
-1.96888178
-1.76651222
-1.72470279
-1.78102973
-1.70537876
-1.89026226
-2.35586181
-2.29568476
-2.29623927
-2.17796544
-2.31075503
-2.44588880
-2.34812957
-2.02802925
-2.31045026
-2.62243293
-2.26335136
-2.46894283
-2.52931415
-0.66152692
-0.86076301
-0.73559056
-0.62861210
-0.59294343
-0.20204585
-0.39635598
-0.24665480
-0.44288556
-0.72839221
-0.93685331
-0.93725064
-0.74013112
-0.67994354
-0.71610744
-0.79423905
-0.89340068
-0.63066478
-0.11398088
-0.45004639
1.09245909
1.27420441
1.10859443
1.16089348
1.26604719
1.15463073
1.26444038
0.61447463
0.50151535
0.41589714
0.29996602
0.36009787
0.02361557
0.20938434
0.36211109
0.67694360
0.75900692
1.07426955
0.69408167
0.89584738
-0.12216491
0.23601371
-0.12109453
-0.19121057
-0.15756934
-0.34036354
-0.57867971
-0.67519389
-0.86910493
-0.74026189
-0.68685917
-0.77624098
-0.51237296
-0.74281927
-0.54150010
-0.71416346
-0.21090056
-0.18049486
-0.09625467
0.03328788
2.17608113
2.22271476
2.03455226
2.01476640
1.63121226
1.51201201
1.46626645
1.62176413
1.88557740
1.83384856
1.92055382
1.92752153
2.06652439
2.20934664
2.19909619
1.92511564
1.91413645
1.81086821
1.98217457
2.10982605
0.58626914
0.47971778
0.39212574
0.17736368
-0.00401986
0.12751890
0.10646591
-0.04326099
0.17913097
0.14399482
0.11657625
0.26629319
0.29188192
0.06999334
0.32377458
0.46372106
0.77462560
0.76876776
0.31095242
0.44501033
0.36211807
0.10970074
0.04753899
0.16687479
-0.05352140
0.19458852
0.29452094
0.23788086
0.17111638
-0.30091650
-0.19530557
-0.25823022
-0.21526808
-0.46936000
-0.29516585
-0.36144489
-0.48810646
-0.40111605
-0.04764194
0.05485519
-1.37909521
-1.14983440
-1.30695877
-1.11265819
-1.16084737
-1.24660895
-1.44319994
-1.02527229
-1.28747302
-1.09735264
-1.10252314
-0.82065546
-0.78522051
-1.21572340
-1.26545926
-1.16432889
-0.95842931
-0.93877487
-1.13414799
-1.17380415
1.44153315
1.68944989
1.38008729
1.07649289
1.40516908
1.84932791
1.95895242
2.02212302
2.12439705
2.19091398
2.07272163
2.14772506
1.99220537
1.87081577
1.47694424
1.31032166
1.60404978
1.25971925
1.41560305
1.41177123
-1.89587245
-1.92856919
-1.81504349
-1.92495968
-1.98738106
-1.87302026
-1.79160819
-2.06809362
-2.18686272
-2.26798158
-2.40450682
-2.07633763
-1.84405470
-1.60365673
-2.03845073
-1.83354896
-2.09277463
-2.06578946
-2.07035685
-1.90169113
2.25237632
2.33570523
2.23464213
2.31908232
2.58007919
2.70085782
2.71650515
2.87805850
2.65659209
2.28908699
2.23291169
2.49201366
2.34054714
2.44694585
2.75382092
2.46554488
2.15281597
2.22297136
2.21119234
2.29770937
0.03837253
-0.05261545
0.58716686
0.35358267
0.28826586
0.29761590
0.44838924
0.54607581
0.62468444
0.43551697
0.65773737
0.46095138
0.18420758
0.37508631
0.72032434
0.53381026
0.57344811
0.47945571
0.34830388
-0.00864358
0.11711948
0.09893276
0.04799359
-0.32822146
-0.19583083
-0.01194952
-0.15621691
-0.09520757
0.36236414
0.51336688
0.52792851
0.49587776
0.38150221
0.75193105
0.85646958
0.83508307
0.82663471
0.76903438
0.96141280
0.88322649
-0.75217885
-0.56674867
-0.66419197
-0.61011151
-0.96063871
-0.98152851
-1.37987521
-1.35767352
-0.97068799
-0.65177339
-0.53076051
-0.30359422
-0.28421373
-0.35651648
-0.49669645
-0.55232180
-0.67447062
-0.87411063
-0.64271845
-0.55421295
1.38018380
1.30337020
1.26939835
0.93966741
1.30569283
1.32978012
1.11270072
0.95105825
0.95036437
1.01521009
1.24256031
1.46441131
0.88173487
0.61743130
0.88417161
1.05464877
1.16272908
1.31213553
1.70618262
1.38755738
-1.80181733
-1.52295622
-1.72294069
-1.95160120
-1.48375579
-1.54802971
-1.71230781
-1.93484403
-1.67068983
-1.42215187
-1.32962469
-1.22556352
-0.96645931
-1.35874012
-1.70958193
-1.73233505
-1.63400198
-1.65350472
-1.73423214
-1.80665394
-0.09860264
-0.10568274
-0.14961783
0.07347137
0.28689986
0.05635967
0.19378072
0.12566791
0.27357133
0.21815516
-0.00054544
0.39983306
0.25266556
0.14299392
-0.08693372
0.07601530
-0.35883542
0.03576451
-0.21408272
0.06166378
-1.13302395
-0.97062838
-1.26518970
-1.09843274
-1.33539866
-0.91575335
-0.67730649
-0.64818384
-0.62244133
-0.74413424
-0.66757467
-0.40331512
-0.31572309
-0.10961077
-0.47399578
-0.52627770
-0.41021372
-0.36815524
-0.68466355
-1.08447710
1.20246239
1.18189114
0.78514702
1.06074661
1.36393407
1.64736106
1.16566727
1.72688204
1.81347199
1.55816755
1.00088026
0.83788696
1.27428555
1.25850780
1.09340180
1.05308564
1.13512960
1.40621243
1.26119812
1.18471031
-0.12010120
-0.01010686
0.05823560
0.28002655
0.39664829
0.53986019
0.77905061
0.94655317
0.31412908
0.21450313
0.15665354
0.01389638
0.07929566
-0.19010620
-0.01291022
-0.15527243
-0.03758530
-0.03844599
-0.10887593
0.12182630
-0.98473198
-0.67978824
-0.31355143
-0.13245702
-0.49693427
-0.85277819
-0.97944840
-1.00285930
-1.08938771
-0.97967616
-0.68549384
-0.81435148
-0.97240853
-0.83328960
-1.22090708
-1.31052417
-1.36418482
-1.31509626
-1.32633875
-1.34240928
-1.60726604
-1.82832458
-1.65936547
-1.59757122
-1.51753773
-1.70027177
-1.15826188
-0.97454992
-0.80575813
-1.05461364
-0.90409287
-0.81975075
-1.34025611
-1.30005945
-1.62515032
-1.72809801
-1.96664747
-1.15844554
-1.48254112
-1.76227152
0.80136360
0.81082419
0.81193146
0.67052715
0.74561868
0.41540358
0.64661475
0.73058724
0.78419650
0.36559775
0.57643558
0.80259384
0.66101424
0.80839389
0.89500895
0.94202937
1.07733505
1.19809713
1.06125745
0.80846313
-1.74985797
-1.47593979
-1.76145800
-1.66785127
-1.74494005
-1.40349868
-1.16580493
-0.90247056
-0.56189636
-0.49706157
-0.53006354
-0.81673241
-1.03698941
-0.78047242
-1.09687725
-1.51851531
-1.32947932
-1.43532475
-1.52540395
-1.64408644
-0.38506636
-0.92667753
-0.57776497
-0.72552088
-0.50687258
-0.85656144
-0.69205707
-0.85519710
-0.81965399
-1.15733717
-1.17541519
-1.02161782
-0.98169894
-1.09075219
-1.07493433
-1.01407252
-1.01308112
-0.86791628
-0.69814211
-0.60905054
0.75899855
1.21046790
1.34919514
1.38993488
1.60720307
1.70582469
1.76183582
1.61530509
1.18768082
1.14736401
1.61299831
1.42443328
1.33695536
1.16582917
1.28687183
0.88516999
1.28332861
0.89821568
0.70943776
0.79260208
0.29688077
0.22840419
0.68682622
0.77538441
1.00953581
1.12269991
0.97494993
1.12699129
1.07741711
0.89316855
0.71190183
0.55400037
0.53692238
0.57829189
0.67345464
0.41719324
0.58430678
0.67284838
0.28382586
0.18233002
-3.36734262
-3.03479039
-2.83597353
-3.15778309
-3.02652265
-2.86993296
-3.06644886
-3.04208567
-2.78796378
-2.81060005
-2.83177600
-2.57408348
-2.53059225
-2.72616923
-2.81566262
-2.70294990
-2.90049399
-3.12102927
-3.30158059
-3.27279281
-1.93822316
-2.21062163
-2.30682437
-2.05858173
-1.79718378
-1.97483283
-1.95003795
-1.71080514
-1.46895289
-1.76353125
-2.12575129
-1.74904744
-1.90793343
-1.84314291
-2.12493219
-1.92497591
-1.45386135
-1.75524750
-2.09199984
-2.02200693
1.98121535
1.72843285
1.31813288
1.49275682
1.07849410
1.04958462
0.86974760
1.06006997
1.26608629
1.34781292
1.38606871
1.71436847
1.50058785
1.59458260
1.18666303
1.77351021
2.04908782
2.40994104
2.34994274
2.01988105
0.51046669
0.35007871
0.31953650
0.65226611
0.45061267
0.49358997
0.45428736
0.28112487
0.04385637
-0.25817063
-0.18650059
-0.16291099
-0.13634260
-0.63729227
-0.31690729
-0.36791528
-0.04111870
0.26135029
0.48057008
0.38116580
0.46676918
0.64002285
0.76181766
0.73960804
0.59804887
0.73376203
0.33151799
0.44935996
0.49182296
0.75373770
0.74823544
0.49220966
0.57503478
0.78834849
0.69900625
0.10110418
0.40315935
0.23503200
0.27964738
0.23270104
-0.60931474
-0.99420465
-0.96426860
-0.84614787
-0.93343101
-0.89018571
-0.77255160
-0.49325650
-0.47604623
-0.26250875
-0.18939105
0.14780067
-0.08982020
-0.18418086
-0.28290990
-0.33250079
-0.15617005
0.06316690
-0.25651789
-0.28421118
-0.66115939
-0.67654794
-0.68724684
-0.59864864
-0.45793775
-0.07362928
-0.23752757
-0.23626846
0.08937699
0.11079177
-0.36417876
-0.38776063
-0.32847106
-0.52892716
-0.43158691
-0.17537866
-0.36685276
-0.35311727
-0.51633384
-0.60233828
0.26093704
-0.03784269
0.01851816
-0.30996126
-0.28331954
-0.06286857
-0.12377096
-0.21823223
0.02058065
0.14566365
-0.02179278
-0.18048128
-0.40117371
-0.55979966
-0.72481007
-0.41771961
-0.17503412
0.07737766
0.06569395
-0.05500326
-0.92777706
-0.53340372
-0.23867885
-0.27224010
-0.36130358
-0.82607733
-0.97371875
-0.81111691
-0.57462348
-0.66542087
-0.30379255
-0.12560928
-0.27110261
-0.05250729
-0.09215858
-0.16247302
-0.13313539
-0.43639752
-0.53333669
-0.64296723
-1.15398367
-1.09255052
-0.93957652
-0.64880907
-0.78183327
-0.62155030
-0.64433172
-0.77060463
-0.79391076
-0.89914484
-0.47062654
-1.15088945
-0.96033917
-1.05074119
-1.15678177
-0.98765973
-1.15541639
-1.35420959
-1.54475396
-1.27916584
1.18376614
1.48884914
1.45336475
1.28709289
1.09724847
0.99070873
1.16688130
1.29469360
1.25443881
1.04965010
0.93251639
0.61732301
0.64656430
0.79690444
0.92935112
1.14690529
1.10256773
0.73412417
0.95073669
1.04853545
-1.53327992
-1.35236376
-1.36892788
-1.33306007
-1.24067271
-1.40938291
-0.93771536
-1.15923329
-1.11099678
-1.15628854
-1.13150842
-1.06466584
-1.20452664
-1.43230482
-1.43438042
-1.28264796
-1.21496070
-1.43883567
-1.20226913
-1.51728693
0.81112412
0.84379110
0.91135104
0.91302589
1.03476373
0.91708141
0.83851794
1.34154183
1.15313451
0.89086664
0.82548701
1.10300006
1.16661502
1.18342146
1.55491218
1.67771904
1.66926885
1.22500416
1.35862875
1.14336107
-1.35056995
-1.36516085
-1.38652408
-1.60784689
-1.61786881
-1.71479080
-1.60096871
-2.03233987
-2.22573193
-1.91661791
-2.01791251
-2.17414992
-2.12633318
-2.00447880
-1.89093688
-2.16349012
-1.86105800
-1.46026114
-1.14286516
-1.47261642
1.70715943
1.36707897
1.86290317
1.92341878
2.35851374
2.16855306
2.21480062
2.12629324
1.95911125
2.02862641
2.00628474
2.19181604
1.89438890
1.85912645
1.64660258
1.67522639
1.71727918
1.48395223
1.61443097
1.69351512
-0.16014608
-0.33740854
0.07134459
0.27240881
0.22385952
0.24821211
0.22420355
0.28287361
0.39494358
0.15159175
0.25848709
0.32829279
0.46900200
0.13881345
-0.07340891
-0.04126903
0.02858375
-0.12222291
-0.04052952
0.05865730
-1.02537142
-0.68024734
-0.52358422
-0.83855402
-0.48240522
-1.08008410
-1.03568973
-0.89298425
-0.83466099
-0.94860861
-0.86519438
-0.96944199
-0.96887769
-0.89742938
-0.55958342
-0.49094001
-0.91181761
-1.01780074
-0.81907998
-1.27375270
0.52663207
0.31975551
0.15062739
0.41348974
0.49131114
0.58231094
0.27213034
0.31536099
0.39455197
0.48060909
0.62059800
0.47781790
0.14638770
0.27829928
0.27752137
0.55431810
0.09506899
0.14688907
0.45202737
0.44541914
-2.51178422
-2.19745060
-2.38448157
-2.25818389
-1.81118162
-1.89925401
-2.20710332
-2.00538904
-2.01516630
-1.71184640
-1.33307129
-1.36034269
-1.35718034
-1.76442349
-1.67889290
-2.04308181
-1.95612066
-2.21957494
-2.57054781
-2.49347112
0.72691928
0.85844320
0.90592521
0.96981120
1.21733515
1.05941267
1.40476197
1.05501867
0.99935961
1.34973255
0.80857136
0.84885647
0.64831365
0.58391425
0.73058231
1.00977540
1.31605112
1.42353048
1.19665638
0.95147216
-0.56375844
-0.32658112
-0.11682725
0.09430520
0.50879706
0.59007724
0.20074168
0.22037570
0.13262180
0.07638848
0.34895351
0.29199529
0.34332625
0.47391150
0.08855409
-0.00953588
-0.34686681
-0.26567167
-0.45251944
-0.53343711
-0.92493826
-1.26151508
-1.31201813
-1.19667469
-1.83119440
-1.91623974
-1.57727852
-2.05090398
-1.97195566
-1.90562296
-1.79162552
-2.11533774
-2.13213184
-2.05672206
-1.65289360
-1.14678688
-1.18535035
-0.82380750
-1.06317882
-0.91258426
-1.85131089
-2.18316428
-2.02228910
-2.23901364
-2.41175776
-2.70845365
-3.03343867
-2.84865322
-2.82290306
-2.39598691
-2.36039735
-2.44150445
-2.32744825
-2.26185323
-2.28202970
-2.26314631
-2.23797554
-2.22632105
-2.18937602
-1.94607556
0.30043485
0.50573721
0.55840458
0.30853390
-0.12865008
0.08469159
-0.13598129
0.10900113
0.45370729
0.64535286
0.77589177
0.59030124
0.86904675
0.58596860
0.51606003
0.41999257
0.60780734
0.45026421
0.35849840
0.41918388
0.70756859
0.72813940
0.64960810
0.39886742
0.37044705
0.53930762
0.51999891
0.53194109
0.72943215
0.96290305
0.88241480
0.69599669
0.70198453
0.51374980
0.55235213
0.36906083
0.45973134
0.58003925
0.27898203
0.59095040
1.36815450
1.80515088
1.45104543
1.04653801
1.21073443
1.63228569
1.78921810
1.54531825
1.52811351
1.45060287
1.55070499
1.71831655
1.50839083
1.46592737
1.32280228
1.74877837
1.78909900
2.15586051
1.78602915
1.45303410
-0.31930196
-0.42011912
-0.24245682
-0.29534424
-0.15918829
-0.25626193
-0.12210856
-0.10283539
-0.12982145
-0.19071792
-0.09303357
-0.19106585
0.02496597
-0.43479317
-0.40893254
-0.18194556
-0.17655908
-0.03193272
-0.13981196
-0.23579607
-2.05317005
-2.08727511
-2.12231899
-2.15276683
-1.94511443
-2.19103882
-2.17650004
-1.88718132
-2.28148762
-1.84127469
-1.82257722
-1.62540127
-2.15889135
-2.34363731
-2.02051950
-1.77967749
-1.98790049
-1.85522527
-1.77801509
-1.95817362
-2.26834057
-2.38237934
-2.82771946
-3.05006319
-2.90851608
-2.81299550
-2.60540077
-2.77835420
-2.50423478
-2.53486479
-2.72530663
-2.25855325
-2.27448336
-2.57281846
-2.49099421
-2.69277971
-2.79533440
-2.63541369
-2.87909461
-2.43442632
0.25651914
0.45901708
0.46660412
0.99199394
0.91185471
1.22600354
0.92822125
0.75172346
0.30987769
0.23130573
0.27181243
0.55193043
0.38627382
0.32586009
0.49065649
0.26835611
0.33421290
0.28067570
0.65192754
0.36403521
0.82889012
0.72559644
0.76738082
0.70173787
0.57354328
0.37388655
0.34834000
0.22877805
0.42548527
0.27302272
0.17914918
0.46635462
0.89985316
1.04468116
1.09883961
0.99171501
0.87325733
0.68067462
0.53432028
0.54139813
-0.54572288
-0.29313961
-0.35982878
-0.30658327
-0.25067166
-0.03018327
-0.10853086
-0.35505576
-0.42020289
-0.46645328
-0.01077100
0.05343798
-0.06748211
0.13352633
-0.11764025
-0.15702989
-0.57201931
-0.43288891
-0.55876438
-0.34078887
-2.51624915
-2.82219424
-2.53030497
-2.73217253
-2.50204965
-2.16045316
-2.12028310
-1.87564037
-2.08247588
-2.05227459
-2.20623702
-2.05325617
-1.88223211
-1.99882268
-1.61646861
-1.64142330
-1.96836830
-1.96896845
-2.11819165
-2.20244267
0.03257810
0.37412453
0.39732532
0.28869318
0.34981344
0.09227942
0.21169212
-0.03660713
-0.11449942
-0.49324406
-0.22359457
0.16127879
-0.00543083
0.02516362
-0.07394676
-0.12110529
-0.27592078
-0.25632238
0.05889427
0.06850616
-1.79785206
-2.02020637
-2.27429125
-2.38606457
-2.53325687
-2.42348442
-2.33712823
-2.26717588
-2.12038317
-1.66816782
-1.76940838
-1.94558578
-1.73858982
-1.91397182
-2.15344050
-1.76003130
-1.99534624
-1.98469684
-1.69039355
-1.62834381
1.21974337
1.06168279
1.44559385
1.54275130
1.57238236
1.36358846
1.30932347
1.42366780
1.33091776
1.16956925
1.01076315
0.88508598
1.05598128
0.90016637
0.78338354
0.85509357
1.06129121
1.15580224
1.31540039
1.23142434
-0.49995184
-0.13915117
0.21293331
0.15789442
0.55953167
0.47969921
0.78791534
0.94854808
0.91406463
0.82156926
1.19784092
0.99797626
1.23773294
0.62969291
0.55163026
0.43483667
0.51955127
0.26901329
-0.20985744
-0.52113936
0.02626925
0.20753932
0.28077803
0.22279992
0.39578926
0.50177505
0.55481497
0.37661150
0.32399767
0.17479758
0.32981451
0.52594791
0.38729841
0.12744928
0.05961840
0.00003909
-0.03012275
-0.31352517
-0.24614644
-0.35522241
1.98940979
1.90390554
2.00345130
2.03018593
2.13756547
2.02776603
1.94624145
1.88541663
1.51949017
1.76739446
1.58086150
1.61277592
1.95969036
2.25509011
2.78737093
2.93752703
2.70625150
2.61830274
2.17332404
2.05042410
2.14382983
2.31566327
2.47900556
2.07149448
2.46183235
2.45265898
2.05730791
2.19788119
2.25573157
1.80019678
1.54924705
1.46820831
1.38437186
1.61612076
1.75416631
1.74679642
1.84764288
1.87547200
1.60073701
1.48716776
0.76066400
0.96828253
1.15014251
0.94899277
0.67344151
1.04276933
1.01609108
0.97794723
0.77115908
1.01451989
1.06330674
0.79984296
0.81290559
0.65782206
0.56332950
0.49455049
0.83654690
0.61041940
1.03424428
1.02206251
2.83830475
2.82917399
2.85306938
2.68072586
2.26882125
2.31974297
2.37118760
2.52312840
2.39246537
2.33143052
2.29801620
2.22053287
2.58538976
2.93077648
3.09087226
2.85696942
3.00439823
3.35427795
3.28807770
2.81550990
-2.14256021
-1.89121234
-1.79467462
-1.74678658
-1.95872147
-1.97424453
-2.07450430
-2.14958304
-2.11476586
-1.98615020
-1.91256367
-1.99675998
-1.96447578
-1.92097592
-1.90392879
-1.56509001
-1.78567585
-1.71055894
-1.83967153
-2.20565515
-0.14651685
-0.50034921
-0.96591264
-0.92345751
-0.89624576
-1.03368313
-0.95402605
-1.25170429
-1.11085795
-0.94747326
-0.56413585
-0.36477822
-0.81007426
-0.87402840
-0.63586988
-0.67637640
-0.53653686
-0.14756123
-0.22409184
-0.29325845
0.70077323
0.93771413
0.67327136
0.86731391
0.99913225
1.18620217
1.32614626
1.21619183
1.20708168
1.18820214
0.90828538
0.92162039
0.62822896
0.59803309
0.59805821
0.59092677
0.98896174
0.44141674
0.69080063
0.52862642
-0.35326715
-0.91533487
-0.86298450
-0.86129005
-0.84137923
-0.87695551
-0.83457002
-0.90615193
-0.86226328
-0.65160760
-0.47004221
-0.51734706
-0.11061282
0.03185634
-0.28174174
-0.51872324
-0.48775209
-0.29840321
-0.44971685
-0.15346281
0.02870378
-0.18460688
-0.50179255
-0.89450874
-0.73262410
-0.69126770
-0.31868071
-0.51457359
-0.61557038
-0.40085943
-0.14354376
-0.14686818
-0.45095786
-0.24644906
-0.18134526
-0.40383907
-0.11708172
-0.26933595
-0.42623735
-0.26383691
0.79722786
0.79118233
0.48328237
0.31070185
0.47129469
0.58686569
0.55830857
0.57362330
0.66172625
0.46250153
0.64430940
0.77520995
0.71187190
1.21383441
1.18292593
0.61054019
0.58000169
0.67935429
0.63945088
0.48651361
-1.30858489
-1.35066563
-1.00950392
-1.15603156
-1.46457700
-1.25653693
-1.28390484
-1.55619025
-1.41631535
-1.12822343
-1.15580173
-1.30970615
-1.20376049
-1.19095896
-0.97809358
-1.13116211
-1.10281160
-1.26075783
-1.23157737
-1.15265221
1.08679013
0.81991693
0.61539568
0.32913368
0.77461209
0.55523550
0.60832199
0.48885227
0.67308225
0.65461330
1.16650605
1.65792810
1.50998522
1.41373818
1.19426150
1.22975139
1.44216535
1.35853884
1.45107535
1.57853381
1.71102506
1.67590972
1.53354928
1.65450028
1.74795425
1.69626557
1.47468275
1.51798774
1.52810967
1.51093135
1.64647529
1.53580674
1.50698323
1.50229248
1.53638807
1.64083515
1.46569260
1.21625637
1.53505312
1.48707249
