phonon_position
-0.60493985
-0.23292117
-0.02065226
0.36026218
0.48805402
0.73593354
0.71089741
0.29487140
0.31647245
0.14931690
-0.20941963
-0.37531473
-0.21839954
0.06522762
0.24878140
0.32851598
0.07944832
0.15934041
-0.16363852
-0.40611820
-0.53580846
-0.41894839
-0.43163480
-0.83318662
-0.95348236
-0.72416424
-1.24452858
-1.30057738
-1.36953036
-1.15628983
-0.48205680
0.18068025
0.02196428
-0.23665160
-0.04377335
-0.26093700
-0.20918616
-0.02696787
-0.12011699
-0.21529408
2.64334883
2.27985790
2.38550112
2.33529411
2.49669464
2.40698243
2.64234124
2.39783534
2.27668352
2.35372271
2.22364118
2.44329070
2.56370330
2.39042150
2.72700562
2.43656176
2.50421753
2.54319552
2.69045694
2.48977776
2.62611129
2.57001924
2.64034527
2.38461988
1.94135493
1.88592110
1.68572248
1.66111362
1.48494963
1.55221327
1.42628749
1.12498108
1.33184112
1.13691920
1.53384326
1.51606078
1.33044359
1.44027572
1.48514730
2.08753415
1.47255293
1.60314706
1.36059504
1.57974041
1.68438600
1.70076825
1.87946463
1.72850767
2.11359885
2.05144867
2.29283048
2.23524104
2.38213107
2.13640661
2.07479405
2.08241860
1.82191968
1.57651586
1.41844978
1.36629488
0.30205366
0.46816698
0.10077841
0.00048525
0.45304939
0.57883389
0.98090143
1.06258733
1.00367982
0.46745008
0.48424748
0.54761897
0.74087883
1.11729235
1.23724312
0.87961923
0.66700032
0.75506820
0.13539174
0.14804768
-0.66368185
0.01496250
-0.28576400
-0.18565908
-0.13382716
0.19507625
0.19393521
0.04247134
0.32712388
0.02332030
0.27825328
0.08130680
-0.34393221
-0.42606375
-0.57906741
-0.59914988
-0.58754493
-0.65686303
-0.36911639
-0.39576659
0.47839611
0.15392745
0.28792974
0.03756637
0.16858968
0.12389927
-0.09179445
0.11891638
0.11089142
0.04969436
-0.03138317
0.13922100
0.12840088
0.35085678
0.65245871
0.80431565
0.66874788
1.00240783
0.65597641
0.36380888
0.98483399
1.11637836
1.33452237
1.25656654
1.13178210
1.13394499
1.08142275
0.83566252
0.70333263
0.77502624
1.17399600
1.30063943
1.83019020
1.51395087
1.32869507
1.20791704
1.13128745
1.26223026
1.27260428
1.09203614
-1.04169571
-1.42915633
-1.56827943
-1.58102274
-1.47363812
-1.62520518
-1.64692508
-1.05416494
-0.88014985
-0.95500310
-1.37774500
-1.50364398
-1.08043558
-1.20359706
-0.79769169
-0.70016312
-0.58712365
-0.65466049
-0.66130323
-0.71986063
1.70215813
2.17417645
1.98854465
1.96606772
1.90038182
1.56900978
1.75295609
1.49311931
1.57385694
1.65145300
1.94917484
1.48841093
1.24681160
1.21819191
1.43820820
1.36976333
1.12966323
1.56575876
1.79611024
1.39742552
2.13336764
2.24055833
2.15360810
1.35336927
1.53259600
1.73036793
1.79979345
1.52763589
1.35534959
1.08703243
1.28981427
1.41074240
1.17445374
1.58027974
1.82013508
1.59706289
1.53922278
1.39035573
1.73946709
2.00374613
1.99519888
2.54415171
2.42027742
2.17049485
2.17825960
1.75612708
1.92011598
1.77409922
1.62452429
1.27246027
1.44156931
1.72814476
1.52892668
1.82045577
2.11610663
2.05319117
1.74097515
1.69312089
1.92510632
1.90870980
0.06880652
-0.02286234
-0.30070017
-0.05326644
0.12024613
0.29850410
0.22888490
0.38936910
0.00261045
-0.23752091
-0.33034665
-0.26979872
-0.01287953
-0.23237838
-0.16715762
-0.11631120
0.07845613
-0.22736294
0.09374573
0.28195759
1.83545338
2.03596340
2.00402911
1.93022744
1.62445184
1.65902777
1.62105961
1.54149547
1.19507933
1.38624332
1.68501543
1.78365939
1.77914589
2.04401682
1.97436851
1.79426784
1.48211431
1.60236684
1.99624392
1.71272690
0.80040170
0.72370789
0.78430548
0.87783817
0.85896270
1.03321313
0.99842200
0.92724742
0.95605540
0.89709799
0.99039039
1.04417655
1.15827211
1.29929931
1.09082508
1.06084388
1.07176553
1.26669299
1.07830865
0.74147528
-3.17966687
-3.19327150
-3.53033538
-3.37568469
-3.19771128
-3.36877822
-3.23373754
-3.06540853
-2.91826268
-3.23736844
-3.16357193
-3.23488744
-3.23936921
-3.23427359
-3.33130871
-2.77373054
-2.85863794
-2.75723693
-3.00863391
-3.17941912
-0.42488283
-0.35882758
-0.67571700
-0.19698211
0.05920547
0.04874729
-0.01404960
0.07524295
-0.13439680
0.16592558
0.38325834
0.34738386
0.28901128
0.23059826
0.21828707
0.10710549
0.17692183
0.26958285
0.35357138
-0.17693045
-1.74319868
-1.76191303
-1.44743284
-1.38012825
-1.28728020
-1.51116410
-1.42771545
-1.66686466
-1.52083576
-1.48713567
-1.51853052
-1.57380522
-1.37309974
-1.16700259
-1.06175935
-0.89454526
-0.42085240
-0.82591103
-0.99934781
-1.35418634
2.84475733
2.81577301
2.84844263
2.67476970
2.59044179
2.35680900
2.19399818
2.16609476
2.22276428
2.30500510
2.36011450
2.32652409
2.13613982
2.62610931
2.50313627
2.62594760
2.49858701
2.85924806
2.71841279
2.47071998
2.60211149
2.50274988
2.33475969
2.27414435
2.43867768
2.81856339
3.10661216
3.25297900
3.01723598
2.99222955
3.41890714
4.02295975
3.83720053
3.62924057
3.17493010
3.25138424
3.14558799
2.92376510
2.75032184
2.64921287
-1.06005569
-0.91105321
-0.95655767
-0.34840891
0.02193704
0.10462623
0.15806222
-0.04597944
-0.22522197
0.12252014
0.11263089
0.12193429
-0.03076239
-0.18723561
-0.42059391
-0.46604752
-0.61037957
-0.48946157
-0.58904082
-1.01828482
0.09912954
0.04886527
0.18736057
-0.35613200
-0.35993511
-0.80638573
-0.77365712
-0.55629536
-0.68819096
-0.55739777
-0.26972685
-0.46894931
-0.65431364
-1.12938684
-0.88879217
-1.00013605
-0.58481567
-0.64852774
-0.19443227
-0.28329757
0.13908710
0.15138480
0.07194826
0.52602540
0.31034643
0.35588404
0.41441724
0.46793149
0.80863271
0.62646766
0.62081895
0.64092778
0.65309949
0.49384194
0.20080717
0.57854036
0.31916323
0.42343604
0.25303269
0.20381940
0.69351476
0.76910870
0.20664573
0.12110148
0.13462423
0.07991648
-0.03708652
0.26540511
0.19452770
0.19008501
-0.08809072
-0.18731807
0.24519043
0.27354584
0.26118086
0.10836905
0.47750966
0.61394564
0.70286164
0.84872409
1.59744582
1.89995443
1.76765632
1.67805910
1.65513372
1.65767750
1.33385563
1.43440299
1.68631914
1.75362972
1.79228046
2.01068816
2.00856838
1.92309452
1.80428011
1.75334802
1.82597906
1.49587112
1.58629879
1.52475745
2.06856478
2.13262854
2.36446321
2.35390701
2.37354980
2.12933398
2.48080545
2.24338045
2.32172233
2.10176599
1.99048841
2.47009015
2.60196411
1.99801575
1.77198474
1.79359485
2.02517495
1.80988894
1.94090909
2.03325935
-0.77990471
-0.93064243
-0.29200522
-0.36468326
-0.30795378
-0.73070053
-0.62677334
-0.75598123
-0.45373407
0.03142280
-0.20411719
-0.07579729
-0.33253345
-0.59788901
-0.67524882
-0.38030358
-0.88159647
-0.64045748
-0.88522108
-0.83453787
-1.46749507
-1.47505858
-1.37647193
-1.30240631
-1.13853420
-0.67490971
-0.80829116
-0.98153693
-0.64096481
-0.58172941
-0.83729476
-0.83963180
-1.08273152
-1.11660298
-1.03493598
-1.06642762
-1.04759480
-1.15960385
-1.28458265
-1.47087017
1.18126701
1.22395705
1.25014082
1.21540177
1.44765251
1.49131271
1.77700530
1.63109726
1.15881174
1.21534515
1.17929013
1.55302479
1.47030437
1.97610532
1.93689219
1.89201117
2.03306719
1.75434553
1.36663928
1.23664658
-0.13653857
-0.04430542
-0.07892936
-0.04648564
0.08005226
-0.01305830
0.08052010
-0.00814726
-0.30824159
-0.13154687
-0.11347779
-0.01607759
-0.25714047
-0.53028705
-0.79418470
-0.64028186
-0.63654767
-0.57665877
-0.52387920
-0.52800670
-0.23620739
-0.43482025
-0.46394867
0.32646917
0.04435044
0.13835491
0.04729655
-0.05053225
0.03953702
0.05554440
0.11886413
0.13945572
-0.05633083
-0.31621714
-0.25309052
0.01732983
0.34940228
0.48727011
0.32834945
0.10110646
-0.22660578
0.04805885
-0.46521025
-0.61134131
-0.85940122
-0.99001924
-1.05453536
-0.66645660
-0.82090531
-0.98581954
-0.94992916
-1.07001225
-0.95617622
-0.26001467
-0.41195454
-0.73577287
-0.78103499
-0.44596296
-0.49562987
0.08111003
0.23539244
0.30757722
0.19253161
0.37655323
0.26313120
0.29485512
0.32369939
0.02934077
0.02023351
-0.02777491
-0.19502024
-0.40618510
-0.04166110
-0.19192508
-0.06863412
-0.08595053
-0.27107140
-0.13252458
0.18868988
0.17098570
0.31161810
0.57571788
0.54800343
0.17558130
0.00653925
0.10727850
0.07403227
-0.14519775
-0.34162618
-0.37762959
-0.27683059
-0.21576659
-0.13619794
0.16591453
0.24797596
-0.02495060
0.07410759
0.38093871
0.59218701
0.40794731
0.99302446
1.22924283
1.22554635
1.24740475
1.44868733
1.43633870
1.69282458
1.59589317
1.81235019
1.76543659
1.72257873
1.91843799
1.39505490
1.29702944
1.12466944
1.25020147
1.23341911
1.15170230
1.19597439
1.24389070
-0.19671695
-0.41564297
-0.67704675
-0.50817849
-0.34198002
-0.17395239
-0.17186975
-0.33779321
-0.24339009
-0.16053743
-0.21553702
-0.35450083
-0.30792559
-0.17781420
-0.24887102
0.10707238
0.24421335
0.06351189
0.08387754
0.04137745
-0.33218037
0.01166405
0.14487376
-0.01328727
-0.08091434
-0.23474508
-0.62123506
-0.69305384
-0.57767906
-0.81197143
-0.84203715
-0.82368285
-0.76413210
-0.96145994
-0.73079757
-0.79350815
-0.84586734
-1.29299032
-1.23057931
-0.93283583
0.45207650
0.25935740
0.56022998
0.83199905
1.02538109
0.70437457
0.52038182
0.68873747
0.52053197
0.45062445
0.38143982
0.28920771
0.37125369
0.07707278
0.21542837
0.42291229
0.35983436
0.65975575
0.55925902
0.41713961
-0.20142576
-0.46093587
-0.82246753
-0.95514899
-0.97556908
-0.86856848
-0.76383787
-0.75433439
-0.26140519
-0.07324340
-0.27852476
-0.23278285
-0.30729038
-0.14040093
-0.07085879
-0.19300473
0.02126551
0.13295722
0.23987526
0.25788413
-0.21396277
-0.08409256
0.19859992
0.14931018
0.02486504
0.31967381
0.46745033
0.45443998
0.23584726
0.42977036
0.47187621
0.38865840
-0.06376370
0.02816052
-0.30093877
-0.36744727
-0.07233275
0.02866496
-0.17066230
-0.11440233
0.85439203
0.76004444
0.65745184
1.00644104
0.60350112
0.65999026
0.75396640
0.80232469
0.80053330
0.80450522
0.93551228
0.87658952
0.83657606
0.68548521
0.75308297
0.59933881
0.52931809
0.48455428
0.57799477
1.02270010
-1.68801078
-1.56057341
-1.74045339
-1.99906474
-2.45874842
-2.49712334
-2.61756355
-2.42797784
-2.56737135
-2.09563246
-2.54750224
-2.32059082
-2.03281307
-1.92151266
-1.54696081
-1.66451582
-2.04740482
-1.87661550
-1.64116975
-1.64133846
2.67586538
2.64053088
2.80197686
3.21262120
3.08450086
2.90244914
2.98272911
2.89687190
2.91565622
2.76808257
2.46053111
2.33755500
2.34195053
2.62363706
2.62276479
2.72165560
2.77963809
2.79992477
2.52325254
2.45597648
-1.82322762
-1.59116323
-1.55089655
-1.68865433
-1.68829403
-1.49319381
-1.64260004
-1.84424397
-1.56545064
-1.72558320
-1.51597908
-1.82677361
-1.66685901
-1.71850614
-1.72896905
-1.67727261
-2.18536703
-2.13679581
-2.08084608
-2.11233019
-2.34554411
-2.27194704
-2.15428532
-1.89987379
-2.00031471
-2.10520540
-2.06194147
-2.08057706
-2.27754100
-2.41476347
-2.75666655
-2.59430478
-2.70734500
-2.73135478
-2.69523911
-2.94947942
-2.97127705
-2.79552687
-2.59581459
-2.58158578
0.24075533
0.61436024
0.60271089
0.45950662
0.08148159
0.27040030
0.31499468
0.14267368
0.37542503
0.29432641
0.65227492
0.99045980
0.91673040
1.36301907
1.16675277
1.25066676
1.13844670
0.95433648
0.77962162
0.52389318
0.61447384
0.51938288
0.36568136
0.24384525
0.60092272
0.75112796
0.48074891
0.52068438
0.26159138
0.25840216
0.45823546
0.58551350
0.79161121
1.15081556
1.17515366
1.17964062
1.10036437
1.16144311
0.67191816
0.72125773
0.02856338
-0.25632341
-0.04167533
-0.08587384
-0.23984153
-0.54053095
-0.29556609
-0.21305911
-0.12314629
-0.19288965
-0.36068117
-0.41141983
-0.29631958
-0.42872004
-0.69530206
-0.48274860
-0.41414707
-0.63741982
-0.24737781
-0.15079515
0.46781367
0.67161100
0.99982157
1.30665477
1.29070850
1.24622014
1.44836272
1.23518432
1.41971481
1.55032051
1.49390939
1.08415000
1.15267305
0.71746628
0.21230399
-0.06209442
-0.09231754
-0.33690001
-0.46745268
-0.09883521
2.42070270
2.17708232
2.21080701
2.11391178
2.12070894
2.22005860
2.27266773
2.23344021
2.52268749
1.96673464
1.56927920
1.86607585
1.92635746
2.17841357
2.06294148
2.51293832
2.53638822
2.28834862
2.24864521
2.49488441
-1.97939493
-1.74691866
-1.62353127
-1.68312622
-1.64973793
-1.84347914
-1.59934185
-1.65799727
-2.06308801
-2.02502579
-1.84239377
-1.40274316
-1.48512999
-1.66550817
-2.06472730
-2.13091495
-1.72997328
-1.89393673
-2.01186182
-2.14861028
1.78972095
1.79376004
1.54501208
1.86249133
2.08282085
2.31903963
2.20279471
2.41796427
2.45476318
2.25194195
1.99827163
1.86994214
1.96077400
1.77460828
1.73438463
1.85880244
1.72332731
1.67643489
1.79615771
1.79772058
1.71328031
1.47163645
1.12227067
1.11810041
1.14856602
0.94835179
0.82150097
0.67189703
0.37601625
0.39152222
0.78346171
1.13901068
1.45589841
1.86802682
2.00998747
2.03633754
1.62635057
1.85559072
1.81196852
1.83192832
1.85457191
2.09083630
2.23642908
2.10086493
1.84184517
2.04330778
1.61933873
1.34928404
1.46196923
1.71533615
2.07969535
1.84571808
1.78194550
1.74761380
1.43452934
1.20380817
1.55336303
1.78680392
1.74879374
1.75793603
-0.37219743
-0.24648220
-0.39503572
-0.31653033
-0.63764120
-0.68963874
-0.71969472
-0.55678363
-0.39280319
-0.26675890
-0.29589715
-0.29072362
-0.04157079
0.02553940
-0.15986290
-0.32154774
0.19884492
-0.09761943
-0.26040087
-0.35834251
1.18760831
1.05012048
0.75070358
1.02227116
0.61075557
0.77815369
1.10886469
1.39870647
1.58131015
1.52359548
1.38694564
1.53059370
1.52274979
1.49545854
1.62400661
1.33608047
1.56095114
1.34564448
1.15383671
0.98386663
0.62643775
0.23227900
0.30167131
0.25740738
0.10801352
-0.08036984
0.03832625
-0.14314553
-0.23081112
-0.13582697
-0.19467919
-0.43246275
-0.12806152
-0.02580517
0.18968319
0.31130512
0.36017297
0.38976349
0.51350386
0.25652616
-1.89094495
-2.06754322
-1.98927328
-2.25187365
-2.26560806
-2.30907670
-2.34137375
-2.25600995
-2.11333113
-2.19265137
-1.58809606
-1.50612424
-1.54197801
-1.08160308
-1.26493670
-1.49384512
-1.52265385
-1.62649768
-1.85499730
-1.67958109
-0.74592257
-0.72892014
-0.57110970
-0.47112988
-0.55256083
-0.69594382
-1.08138907
-1.18697099
-1.69809464
-1.33097357
-1.66442775
-1.45595548
-1.35445871
-1.25033446
-1.08421765
-1.12592087
-0.87425518
-1.03433095
-1.09685318
-0.74484117
-1.34338168
-1.12122431
-1.22803263
-0.68715721
-0.56015620
-0.61443291
-0.97177256
-1.35616479
-1.19740558
-1.34597370
-1.09117337
-1.35169291
-1.27781485
-1.28232545
-1.15726159
-1.09850461
-0.98717310
-1.03987067
-1.03966439
-1.20378371
0.32383886
0.20795445
-0.02843443
-0.09507146
0.17280271
0.00919942
-0.00384622
-0.60599133
-0.56923041
-0.29486569
-0.17157043
-0.19889248
-0.24797899
0.19954394
0.04152259
0.13730526
0.48651314
0.59854540
0.41820141
0.33498197
0.37946213
0.19742694
0.53325151
0.55206318
0.25879694
0.54722886
0.51807299
0.46194312
0.39720825
0.07688417
0.36153652
0.38095842
0.27063542
0.01492938
0.22213265
0.21275763
0.44645928
0.64778033
0.61462112
0.51078144
1.39592101
0.99312238
0.80034048
0.96376681
1.19623955
1.15169979
0.88230036
0.82543970
0.91509846
0.80884613
0.92008517
1.02340321
1.62100750
1.42454994
1.46566610
1.49662926
1.45048946
1.62380884
1.52905175
1.55029191
1.91530708
1.75160546
1.90738255
2.15428580
2.08427809
2.31386845
2.17714748
2.19415336
1.92500729
1.56112988
1.67673976
1.83374434
2.01897037
1.69972359
2.28164894
1.94027603
1.77767864
1.65832913
1.50536287
1.61664415
-1.78956691
-1.39601140
-1.28658098
-0.95707938
-1.28371094
-1.57404304
-1.64928871
-1.32122178
-1.40417620
-1.62817312
-1.50642980
-1.62521316
-1.77085544
-1.62337944
-1.67373996
-1.79693959
-1.64205956
-1.41742742
-1.40558333
-1.65980534
0.69215670
0.69429257
0.68036828
0.85277423
0.89229204
0.63467581
0.80391206
0.80242922
0.35597688
0.19964378
0.20633771
0.17869360
0.18640607
-0.27215962
-0.16538819
-0.21197972
0.14355938
0.17370766
0.65484303
0.57032886
-0.56961279
-0.90443372
-0.75659418
-0.70469994
-0.15571424
-0.26756705
-0.10724772
-0.27227117
-0.39013432
-0.42967834
-0.71454663
-0.42811799
-0.36287390
-0.37793491
-0.38942642
-0.28745973
-0.15284060
-0.20551087
-0.29861631
-0.51567245
1.44686940
1.54953837
1.57304904
1.59421048
1.60965769
1.35907555
1.33803728
1.23243252
1.49849824
1.65306823
1.25178428
1.57905362
1.22063869
1.22117455
1.62663390
1.39955972
1.46920973
1.59819486
1.54644535
1.21560942
-1.15121310
-1.02528386
-0.67590675
-1.08303386
-1.10739882
-1.02411226
-0.78327675
-0.87934635
-1.00477253
-1.06952228
-0.86304516
-0.86423865
-0.86224732
-0.73505373
-0.74364965
-0.94564309
-1.06250749
-1.08018287
-1.49812408
-1.42498901
0.16810296
0.06538146
0.16163328
0.35271455
0.18719939
0.16941767
0.18683027
0.35720347
0.46106862
0.46285302
0.81344560
0.59544500
0.60441541
0.70398998
0.71839950
0.74043036
0.56167818
0.39726955
0.46590049
0.84804670
0.54722397
0.49580886
0.75397413
0.49259736
0.46020742
0.56939076
0.55288280
0.41155818
0.62155464
0.70488355
0.92173249
0.92268869
0.79565876
0.92509474
0.95499195
0.98087221
0.85348209
0.91506200
0.87803441
0.83389376
-0.84995689
-0.70773670
-0.47072756
-0.35756937
-0.65091176
-0.92392139
-0.97780980
-0.97616251
-1.23474288
-1.18652692
-1.37280631
-1.56623661
-1.40776570
-1.17299704
-1.25688458
-1.10437837
-0.94849922
-1.00282880
-0.83361815
-0.88942628
0.97444277
0.85848141
0.66729086
0.68505426
0.79653530
0.87442209
0.52402550
0.86387745
0.80584390
0.80658113
1.17709906
1.00533060
0.86897648
0.76562782
0.86443358
0.67063811
1.03852823
1.10548464
0.82978071
1.06625591
-1.83592356
-1.89407432
-2.02808863
-1.84234191
-1.66714189
-1.66530019
-1.82752811
-1.78766523
-1.89364365
-2.15022340
-1.70084332
-1.41086296
-1.98144420
-1.89504200
-1.70415397
-1.27948677
-1.37248409
-1.53730980
-1.44853013
-1.95406748
-4.22687166
-4.36782519
-4.40869112
-4.15718273
-4.26462942
-4.20166329
-4.35296279
-3.87764090
-4.27129991
-4.01837938
-3.90552332
-4.25768492
-4.47918199
-4.70159266
-4.34727260
-4.42025738
-4.50438600
-4.52824393
-4.50730942
-4.22568450
-0.03254714
-0.00483499
0.33827523
0.37267519
0.24760508
0.00361595
0.40055498
0.22170129
0.21877041
0.16909215
0.29021939
0.62582096
0.63394103
-0.03262316
0.31982383
0.48440622
0.56152168
-0.01692712
0.01811175
0.00152952
-0.61813404
-0.10128104
-0.34014155
-0.62606896
-0.73407509
-0.99482201
-0.93573773
-1.42751080
-1.49944552
-1.41252386
-1.22622611
-1.00396899
-0.57891129
-1.07783213
-1.34062206
-1.09706995
-1.25889822
-1.32907034
-1.02831009
-0.71989352
-0.77686743
-0.71685883
-0.33136999
-0.21294682
-0.57585025
-0.65010647
-0.57191637
-0.73488878
-0.10659452
-0.36294909
-0.42210645
-0.24055680
-0.13258841
-0.62622422
-0.52320909
-0.46059693
-0.44958141
-0.56254085
-0.38588393
-0.40499566
-2.94150782
-3.08435743
-2.82632012
-2.99248930
-2.75874671
-2.91996238
-2.78948581
-2.92530098
-2.78996105
-2.94199265
-2.84027978
-2.99141365
-3.24586429
-2.98610163
-3.09225577
-3.13938989
-3.12214390
-3.08154651
-3.26703037
-2.97762745
1.77955344
1.93330751
1.93365893
1.88155472
1.82924269
1.93592288
2.65870276
2.67598874
2.83941021
2.84853458
2.59327903
2.67838540
3.10448011
2.85357211
2.74403647
2.39728767
2.33283785
2.51956440
2.13460029
2.08239611
-0.50706601
-0.56404822
-0.30709008
-0.33813894
-0.49986589
-0.48524742
-0.34937289
-0.48697314
-0.61817319
-0.83360958
-0.77092277
-0.85544948
-0.86652200
-1.23522490
-1.31578604
-0.98132266
-0.92503076
-0.92011050
-0.88639579
-0.57393900
1.08335923
1.46259785
1.52164762
1.81722041
1.78679082
1.51712821
1.39881303
1.50812809
1.30019491
1.43933533
1.02340871
0.81120752
1.17856316
1.05318600
1.07221217
0.94820708
1.42789829
1.20041435
1.08402584
1.21662631
1.40378321
1.27218076
1.20446252
0.96863395
0.62220788
0.68732978
0.66880063
0.78605450
1.19257918
1.25000177
1.08671317
0.96279329
0.58671807
0.87390096
0.74198200
0.49304470
0.83939869
1.03775473
1.06199860
1.27102762
-1.42746831
-1.42249736
-1.36793249
-1.22772856
-1.14429941
-1.14206479
-1.61649050
-1.49211609
-1.71020225
-1.96207002
-1.66178070
-1.69605679
-1.77568549
-1.83303561
-1.77164718
-1.62955225
-1.70203251
-1.67278789
-1.94914997
-1.76507028
-1.14686809
-0.74795869
-0.82106444
-0.96738477
-0.96685005
-1.09225579
-1.11777565
-1.11024404
-0.81992227
-0.80604426
-0.76679990
-1.02998524
-1.08162853
-0.82656368
-1.18471347
-0.83743180
-0.95955413
-1.33276640
-1.01903753
-1.06162803
-0.16859594
-0.17861271
0.21788471
0.70950522
0.34083754
0.31963236
0.17828337
0.17318855
0.21907688
0.15686487
0.18228645
0.21248569
0.29391688
0.38156293
0.33907508
0.02218444
-0.22416056
-0.56544703
-0.46630195
-0.31737108
-0.97354283
-0.72055343
-0.68328220
-0.75393010
-1.01699892
-0.82564530
-0.92198653
-0.69601205
-0.75321010
-0.52509850
-0.49253020
-0.49558147
-0.52480395
-0.61056481
-0.63432884
-0.86245347
-0.74279140
-0.72206203
-0.82917909
-1.06649160
-1.28509170
-1.08325483
-1.08884013
-1.02686578
-0.73676821
-0.62126316
-0.73013316
-0.84344202
-0.76983299
-1.07906874
-1.29230422
-1.35180174
-1.22009230
-1.13750803
-1.28363175
-1.01031620
-0.93546604
-1.33227594
-1.14412562
-1.02591123
0.17502884
0.23816651
0.40122400
0.49490048
0.45259044
0.60995356
0.50764958
0.25647437
0.21768463
0.07489722
-0.16029952
-0.13483872
0.07353322
0.24772228
-0.01418265
-0.00949785
0.11843928
0.44727652
0.46072170
0.17309075
0.52038613
0.73090525
0.81724692
1.12675807
0.97047162
0.82342325
0.95151656
0.81229717
0.65686075
0.67370987
0.52002138
0.50456644
0.44152729
0.37938248
0.47445318
0.60722928
0.46000457
0.69132981
0.44555734
0.27973278
0.12824724
0.28758099
-0.00254036
-0.18600175
-0.03592169
0.02352590
0.20407601
0.18013923
0.06192527
0.15013033
0.21506315
0.16075721
0.56473303
0.28450606
0.59315724
0.72278328
0.28107652
0.22901229
0.16729836
0.50236662
0.36093812
0.64937600
0.55686549
0.67596902
0.76675014
0.64453478
0.62522416
0.85070093
0.89606556
1.24805845
1.00231592
0.35677305
0.31467549
0.25796791
-0.04805993
0.16571278
-0.09207313
-0.15781211
-0.10851430
0.06406754
-1.42713450
-1.25666691
-1.39218030
-1.65352318
-1.80409328
-1.76299003
-1.69111235
-2.00703579
-1.74354671
-1.84968505
-1.75399427
-1.62952221
-1.67798633
-1.64694575
-1.57823992
-1.36109052
-1.42251025
-1.49728035
-1.20629498
-1.11572898
0.27485492
0.42872620
0.06839552
-0.26732018
-0.57645686
-0.41329734
-0.40538127
-0.12507556
-0.27404352
-0.02773555
0.23452599
0.27825119
0.13544633
0.00888179
-0.08421659
0.05889027
0.09639285
0.34070628
0.26859038
0.00210621
0.61519527
0.63939764
0.60594391
0.97408095
0.87955995
1.05545032
1.22460188
1.22521860
1.23049073
1.35730730
0.99684608
1.14005988
0.87103623
0.63989573
0.57157368
0.51909771
0.34842241
0.19407560
0.26910365
0.59987404
2.11449331
2.05615045
2.11336647
2.07749364
1.85968601
1.63727053
1.67179747
1.77034795
1.58405791
1.82311506
1.84978057
1.70183453
1.75294976
1.42660297
1.38092582
1.33096690
1.44932778
1.55536926
1.77998372
2.05356517
0.19219329
-0.03038984
-0.30267888
-0.39931180
-0.66845475
-0.71220771
-0.51473189
-0.56357724
-0.34856022
-0.23982184
-0.35076712
-0.38190008
-0.44587729
-0.69392428
-0.88359644
-0.46629632
-0.45357463
-0.01239299
0.26466967
0.02068415
2.41171300
2.25604944
2.11018564
2.07975903
2.29629459
2.29932241
2.22621629
2.63119534
2.68686988
2.50634280
2.52569782
2.37541659
2.27417064
2.62679743
2.77226111
2.86045517
2.58250764
2.37781545
2.06167940
2.35120336
0.08352983
0.22224062
0.07071241
0.12323636
0.21695924
0.69580390
0.58893706
0.79451025
0.57643704
0.52237079
0.55418883
0.60621385
0.51926789
0.59572595
0.31647873
-0.01423462
0.22057781
-0.19264358
-0.09324443
0.02620546
0.93902530
0.50474661
0.57524263
0.75105234
0.71397176
0.35927927
0.41094778
0.36635734
0.23161745
0.05723886
0.56762993
0.58096376
0.48848937
0.30201798
0.45855189
0.40710973
0.55670826
0.55848636
0.86586209
1.15803113
1.30796603
1.24998891
1.70706652
1.69714117
1.50087655
1.41930287
0.99495578
0.90021074
0.78289525
1.03429526
0.71934718
0.91908700
0.73470593
1.16228111
1.18232004
1.36116341
1.34037474
1.38715742
1.38483737
1.44127694
-1.28076753
-1.12978493
-0.79578840
-0.64763573
-0.55109031
-0.93962317
-1.41437034
-1.64143409
-1.49201036
-1.62093697
-1.34544629
-1.54946390
-1.13929324
-1.01732417
-1.29895110
-1.14825583
-1.47754044
-1.63349779
-1.47109624
-1.38498910
-1.64227956
-1.57196851
-1.21723918
-1.37860693
-1.26703848
-1.26453663
-1.52415033
-1.20325550
-1.07175173
-1.38819929
-1.56129368
-1.57422501
-1.37896349
-1.41604514
-1.54501245
-1.50631191
-1.55640439
-1.60709746
-1.88031839
-1.86962418
-0.20112180
0.09330953
0.03265622
0.09880184
0.13019857
-0.05946882
0.26419098
-0.34053702
-0.26979745
-0.04245186
0.17209662
0.30450598
0.36289366
0.24584176
0.03668985
-0.43650428
-0.22692585
-0.49765176
-0.00042753
-0.16778632
-0.78380634
-1.03872446
-1.38803799
-1.31705798
-1.39306079
-1.15536354
-1.35419729
-1.78300444
-1.66710539
-1.72930025
-1.86626029
-1.99464962
-1.55841085
-1.33976498
-1.75926677
-1.60766145
-1.32161260
-1.28668499
-1.10808187
-1.14306083
-3.14111020
-2.97539593
-2.89870633
-2.72391928
-2.81063010
-2.97022085
-2.68862189
-2.78838820
-2.94288096
-2.40122279
-2.08820476
-2.29807855
-2.42494194
-1.98323498
-2.08998894
-2.67803628
-2.50166623
-2.56214403
-3.00360754
-2.84736738
-2.04754508
-1.92148520
-1.67091473
-1.86295477
-1.58973436
-1.59599077
-1.40755148
-1.40830296
-1.69938314
-2.07527831
-2.61874236
-2.13794053
-2.34786907
-2.13353530
-1.88237442
-2.19593018
-2.14156024
-1.62270159
-1.77323292
-2.10296052
0.86677261
0.75578894
0.44797926
0.37476148
0.21037192
0.67981398
0.90840658
0.73457506
0.41979060
0.65701482
0.44655820
0.07225950
-0.26888143
-0.61218683
-0.36204073
0.15823577
0.27019977
0.38643493
0.52205263
0.59998747
-0.43204953
-0.82459811
-0.48734296
-0.61412644
-0.44531419
-0.30472719
-0.16982166
0.00512708
-0.32217902
-0.23716460
-0.15271021
0.00394109
0.00114385
-0.23617871
-0.53953464
-0.40684241
-0.49150099
-0.29296150
-0.45282307
-0.60392057
0.77281485
0.71917024
0.98693139
0.79950858
0.62597791
0.41423750
0.23415963
-0.13706816
-0.00417516
0.22145356
0.45183531
0.46140841
0.32439179
0.45782091
0.55149716
0.36640776
0.66685352
0.83078619
0.50478565
0.83680754
-1.06908366
-1.03706883
-1.12956552
-1.11891935
-1.11527638
-0.99058553
-0.83845549
-1.04893079
-0.85863214
-1.04125413
-1.35999654
-1.35352522
-1.23992697
-1.47690670
-1.45175581
-1.14235002
-1.23710304
-1.27970823
-1.08138112
-1.00098648
1.61488537
1.78819841
1.87073966
2.05552990
2.23388003
2.24148365
2.43077071
2.46041328
2.15143874
2.13548184
2.03923221
2.13269817
2.31156423
1.95266401
2.27620137
2.13531360
1.75123132
1.69004243
1.64046762
1.42814059
-1.27356484
-1.40530511
-1.10661228
-1.27920879
-1.19966496
-0.91374649
-1.10169058
-1.13715464
-0.72963979
-0.74098261
-0.84722392
-0.61964337
-0.64362422
-0.66090627
-0.93959193
-0.70010678
-0.80981274
-1.24979620
-1.29074648
-1.19566246
-2.95001443
-2.90794837
-2.83236941
-2.64148681
-2.41748531
-2.28700055
-2.16317244
-2.19692423
-2.42686776
-2.04688108
-1.97129461
-2.01393878
-2.35333859
-2.39251996
-2.52700178
-2.75931733
-2.97415184
-2.88936658
-2.95930949
-3.00166568
-3.30746702
-3.12016284
-3.23983877
-2.81425483
-3.37524969
-3.11125796
-3.24342012
-3.47777900
-3.77258390
-3.59496118
-3.42062117
-3.26674379
-3.46073233
-3.10218790
-3.40681160
-3.20241997
-3.23190585
-3.31982500
-3.37685162
-3.23571566
-0.13880422
-0.11312248
0.26191974
0.25311820
0.42157821
-0.02560196
0.29282534
0.72329076
0.74392851
0.45087815
0.66192073
0.35163993
0.22593299
0.45274791
0.02520351
0.34691107
0.26510879
0.12707672
-0.05289084
0.04703812
1.32999784
1.35189281
1.54880018
1.70489759
1.53982642
1.39722946
1.37899864
1.38210980
1.79125540
1.59928887
1.45831186
1.42917547
1.24808005
1.32679760
1.22661171
1.05185617
0.99260909
1.05339426
1.28195812
1.30107726
-1.89490460
-1.82282359
-1.93873930
-1.89981376
-2.19663808
-1.98213239
-2.01505305
-2.00857430
-1.71464436
-1.88435224
-1.64379815
-1.68531465
-1.69863968
-1.62442593
-1.51751903
-1.48993959
-1.33954890
-1.27615646
-1.53384500
-1.50975435
-0.91316863
-0.78315159
-0.38259939
-0.77345313
-0.68571117
-0.74193314
-0.52078567
-0.47984688
-0.17500061
0.02525702
-0.00327014
-0.19982589
-0.06403510
-0.01387302
-0.35658440
-0.44555471
-0.79413936
-0.74470609
-0.90464185
-0.83619604
-1.03361338
-1.31949731
-1.14505952
-0.92811265
-0.70319578
-0.95552645
-0.86067867
-0.81797674
-0.26368576
-0.36541293
-0.81432884
-1.14532690
-1.11400228
-0.95350648
-1.22497557
-1.16090486
-0.99440193
-0.97706727
-0.96161345
-1.14337982
0.91226517
1.12442505
0.90301680
0.81912771
1.06542795
1.26871735
0.95613793
0.86557505
0.78442113
0.79948298
0.92151082
1.27196942
1.12799664
0.91236245
0.64511443
0.55680823
0.40656847
0.04609902
0.36909674
0.47063554
2.11893775
2.23898475
2.45045801
2.49572057
2.54124700
2.33809936
2.59465382
2.81005226
3.10899950
2.90860986
2.81943604
2.83383268
2.70989627
2.59123576
2.48997385
2.19866080
2.04441775
2.30244686
2.77099484
2.48429671
-1.07577307
-1.13609213
-0.40925858
-0.42867224
-0.49099015
-0.94526552
-0.89456803
-0.91525894
-0.56975880
-0.98705528
-0.76479951
-0.47294651
-0.39944211
-0.20619096
-0.26259780
-0.30925205
-0.56523332
-0.40586552
-0.76966739
-0.93657348
-0.90611739
-0.84914760
-0.16153695
-0.23477678
-0.76493403
-0.68280070
-1.09730629
-1.05090449
-0.92295204
-0.86957356
-0.99453612
-0.86778358
-0.77690855
-0.89267274
-0.42360222
-0.59499318
-0.56859006
-0.89809151
-0.98618233
-0.47009577
0.67341652
0.56978028
0.34874058
0.62002943
0.66288137
0.79459195
0.66129406
0.56593164
0.36304583
0.53278471
0.40639222
0.38006377
0.35815946
0.55934948
0.29475613
0.09236323
0.18516752
0.20964729
0.29092412
0.31292965
-0.63853437
-0.77173443
-0.83640688
-0.89662996
-0.66800012
-0.41059633
-0.67241233
-0.65461201
-0.48546798
-0.58482579
-0.41771747
-0.04455182
-0.04645048
0.01361291
0.15185236
0.03032831
-0.09945140
-0.36402474
-0.55522980
-0.59742938
-2.29265708
-2.25313607
-1.93937952
-1.99011643
-1.89561330
-2.06142244
-1.86356866
-1.84097553
-1.79046148
-1.94974012
-1.66666218
-1.73064774
-2.04896635
-2.21953539
-2.14986563
-1.76803235
-1.85920597
-1.80114393
-1.86690124
-1.94572537
0.92145213
0.54686525
0.68907621
0.36404192
0.43421483
0.17563766
0.48435053
0.61639645
0.62961026
0.44673977
0.57264989
0.40516725
0.77859563
0.82998074
0.96419870
1.45470068
1.43613198
1.85362241
1.33933849
1.17136573
-2.23286218
-2.24947088
-1.95645005
-1.83575755
-1.63634666
-1.55813546
-1.33505013
-1.28381466
-1.26043952
-1.25622878
-1.34266717
-1.41727648
-1.51294683
-1.70891995
-1.57797618
-1.65633638
-1.54773444
-1.56581548
-1.60891562
-1.81700269
-0.11004625
-0.30324952
-0.76138669
-0.38052881
-0.53127261
-0.47807745
-0.44175768
-0.21812641
0.06500568
0.25924247
0.02908539
-0.05520120
-0.04067291
0.04148260
0.32259170
0.24732878
0.11314481
0.21212728
-0.15462254
-0.28508903
2.29287192
2.09354492
1.83545633
1.79536081
2.04808712
1.80103290
1.86234777
2.05938142
2.27757638
2.64614568
2.53528707
2.72142801
2.55279523
2.30950970
2.55857780
2.54163859
2.40168724
2.57837746
2.79203336
2.55077578
0.91164944
1.13057318
1.04035019
1.44718517
1.31925562
1.47226768
1.50213704
1.57986184
1.28219116
1.23493250
1.53771731
1.64844736
1.21439156
1.23269053
1.23348960
1.49182217
1.79611832
1.49493313
1.15559356
1.17197721
1.49278194
1.54460853
1.71654558
1.51866442
1.57773855
1.61670014
1.51432374
1.50964623
1.53299058
1.47423358
1.33920221
1.44007488
1.58216056
1.76030547
1.48795082
1.44296002
1.54974192
1.43696517
1.61520176
1.41067257
-0.21893439
0.03686110
-0.19554831
0.08229369
0.43749623
0.57769541
0.74780024
0.43738656
0.08890253
0.18378301
0.01807468
0.08995522
-0.31055188
-0.36112888
-0.18005921
-0.37424351
-0.41882925
-0.72731354
-0.83854667
-0.74603916
-0.60906707
-0.70252516
-0.79811392
-0.94637286
-1.13506416
-1.17826697
-1.36505617
-1.60754927
-1.25286944
-0.72925167
-0.78970300
-0.96597976
-1.06818859
-1.34826768
-1.22685708
-0.97851605
-1.01451496
-1.13704647
-0.76399572
-0.66116439
-1.07550432
-1.13039279
-1.11947665
-1.59357803
-1.15324267
-1.39707099
-1.21858529
-0.95919246
-0.78003062
-0.55252313
-0.72067843
-1.12061356
-1.14609806
-0.87732491
-0.40549670
-0.75824284
-1.23717556
-1.14802481
-1.12731570
-1.27986026
-1.70354050
-1.65702842
-1.74164718
-2.33618035
-2.17312136
-1.57126827
-1.81784437
-1.92054752
-1.66751795
-2.05884430
-2.50087775
-2.11357661
-2.03223857
-1.54506565
-1.68212298
-1.43046518
-1.71891749
-1.46789471
-1.49907283
-1.67666503
0.15291718
0.06682013
-0.31275293
-0.64499540
-0.35783208
0.11075834
0.01364217
-0.12945948
-0.06039960
-0.32372667
0.14079181
0.66304898
0.67338933
0.52446150
0.51985642
0.67805378
0.44216773
0.10497972
0.13265998
-0.00853889
1.20108153
1.08799796
1.14770806
1.20934835
0.99166095
0.51496171
0.40011614
0.05549521
0.00964253
0.08781784
-0.05338476
0.05705390
0.21365247
0.14838363
0.24496982
0.70087558
1.29686810
1.19267810
1.02534455
1.16413454
2.33103089
2.76412379
2.81057266
2.50622451
2.37779448
2.50443007
2.25379979
2.23400839
1.93178306
2.32521950
1.97947926
2.24575676
1.90043148
2.02898768
1.88209260
1.75950515
2.13586164
1.84223212
2.01261622
2.22126395
-0.36966546
-0.65757224
-0.46078593
-0.42425430
-0.48926120
-0.54856034
-0.45703379
-0.09898508
0.04076208
0.02742632
0.11300893
0.05029259
-0.03608026
0.18952794
0.22994647
0.07512004
0.28391089
-0.18819566
-0.62593565
-0.58875814
1.79324635
1.74963943
1.68982465
1.66082907
1.45993742
1.52976397
1.64009932
1.65013011
1.78702881
1.62611481
1.48936184
1.80964915
1.65460777
1.65078813
1.29734749
1.56708160
1.34889393
1.52851607
1.39880218
1.59560347
-1.32620302
-1.11211900
-1.02251790
-1.12646789
-0.93129397
-0.71649965
-0.85167206
-1.29838272
-1.49645568
-1.33457446
-1.53523793
-1.66939217
-1.77993178
-1.85309686
-2.00775399
-1.61867734
-1.59642805
-1.73389725
-1.56674844
-1.64034474
