phonon_position
0.66236658
0.40329743
0.45688836
0.45318216
0.39948146
0.39971044
0.55609809
0.33475276
0.01702699
-0.25633564
-0.30984240
-0.21781980
-0.08316856
0.33470724
0.14769178
0.09315340
0.12790322
0.12492468
0.44852716
0.77139221
-2.51942097
-2.62380946
-2.47757102
-2.61283218
-2.48212151
-2.17537535
-2.15287853
-1.80858341
-1.78952473
-2.00352279
-2.15448023
-2.20203786
-2.10854008
-1.89261286
-1.79009045
-1.96951532
-2.11598515
-2.49862940
-2.52695244
-2.57536210
-0.62708840
-0.20223504
0.09020299
-0.16921553
-0.14012501
-0.56067530
-0.63430631
-0.28348499
-0.19625985
-0.36658400
-0.20178751
-0.02744232
-0.01617071
-0.26243460
-0.51437315
-0.34719435
-0.17652643
-0.08046741
-0.06687984
-0.40751743
2.31212000
1.99952661
1.92955420
1.54144837
1.31738669
1.65957965
1.86595490
2.00397369
2.06007157
2.36144958
2.83069343
2.61608704
2.78799282
2.65623345
2.79908519
2.69937239
2.52756084
2.18758694
2.31501307
2.54710028
-1.72460552
-2.17945409
-1.79091598
-1.75036097
-1.73206956
-1.48115725
-1.86062109
-1.87064053
-1.72710192
-1.56587617
-1.68228108
-1.72665568
-2.14118740
-2.14122277
-2.06193820
-1.96568264
-1.58535310
-1.50481389
-1.43161452
-1.47606536
-2.00246628
-1.92477681
-1.97610799
-2.31853813
-2.07331208
-2.30070925
-2.77485863
-2.75321752
-3.03445380
-3.11925312
-2.97809669
-3.13855859
-2.74189213
-2.82244330
-2.95167711
-2.69042639
-2.24281336
-2.09032818
-2.02257271
-1.91443874
-1.51668648
-1.96908106
-1.84362196
-1.88983191
-1.32085531
-1.57533132
-1.54563354
-1.54866573
-1.57243430
-1.77131523
-1.70599315
-1.37647806
-0.99197484
-0.86637157
-0.84302639
-0.98778263
-1.28609577
-1.08459604
-1.44513051
-1.54954977
-2.86968384
-2.99692464
-3.14152232
-2.95499755
-2.75008249
-2.44534394
-2.86807129
-2.83370449
-2.47101688
-2.23216229
-2.15285063
-2.08135535
-2.13926474
-1.82723393
-2.09412316
-1.95280883
-2.35814826
-2.43472550
-2.36906139
-2.51852578
-0.95698456
-1.22872432
-1.48782755
-1.31400954
-1.43923807
-1.80531813
-1.76722654
-1.59949746
-1.43326602
-1.50598305
-1.35868422
-1.42221868
-1.26069182
-1.41304533
-0.75597334
-1.01063367
-1.02218700
-0.77669639
-1.06065577
-0.92037466
0.57215182
0.43534572
0.78607948
0.55305085
0.63071610
0.64668987
0.48727937
0.65339827
0.67295335
1.06089547
0.99659432
0.79489075
0.61539875
0.77990901
1.00642749
0.74908546
0.50015743
0.76981209
0.18358537
0.69937589
-1.46491279
-1.52475992
-1.59128497
-1.44201396
-1.53261284
-1.31183522
-0.99618913
-1.34834721
-1.34652714
-1.00831260
-1.28480023
-1.53303120
-1.63118157
-1.60748427
-1.59722105
-1.76095584
-1.56179718
-1.44700360
-1.26273220
-1.25546689
-1.09796001
-0.96167488
-0.54522237
-0.43653268
-0.38408015
-0.17603269
-0.19472248
-0.33420776
-0.49439345
-0.62233992
-0.57123142
-0.31012659
-0.40575634
-0.13755600
-0.35604322
-0.52097415
-0.48389557
-0.76153011
-0.85210393
-1.10046698
-0.61606180
-0.77912843
-0.57688786
-0.48009375
-0.22350603
0.22068558
0.38567417
0.37618712
0.51690367
0.20662095
-0.00479664
0.05461788
0.15031081
0.34768920
0.26276723
0.51921274
0.28570940
0.24247592
-0.10188584
-0.43142481
-1.05278175
-1.20721194
-1.43540124
-0.99634078
-0.98579353
-0.90449587
-0.79355509
-0.65659285
-0.75352939
-0.35338510
-0.24551076
-0.48199265
-0.91725111
-1.06619593
-0.86276689
-0.82863646
-0.82841822
-0.87960041
-0.52870860
-1.17546151
0.30597470
0.17748557
0.16698297
0.31538314
0.33624868
0.16719991
0.05124257
0.29384620
-0.05431971
0.00062906
-0.02194001
-0.02062922
0.02509710
0.08623164
0.25622657
0.17519938
-0.04371129
0.20115321
0.44778597
0.76066577
1.39182899
1.40060857
1.37546403
1.14566002
1.27517735
1.42712314
1.19303841
1.29269712
1.19279193
1.22305919
1.42553802
1.42212883
1.13955786
1.70785324
1.62459539
1.31283710
1.15315329
1.11915191
1.05311814
1.25875057
1.01318244
1.03948922
0.64939908
0.71799606
0.49604791
0.71723196
0.44806532
0.47783887
0.14643454
0.27967742
0.33081086
0.41977439
0.75178687
1.06447603
0.83944908
0.83310140
1.00401387
1.26030513
1.50952333
1.24466468
-1.69567968
-1.49909067
-1.66475846
-1.82052223
-1.51006151
-1.54056050
-1.57057564
-1.85667761
-1.52956623
-1.30664944
-1.75687350
-1.73696045
-1.69110046
-1.65633067
-2.16525426
-2.23114455
-1.67772777
-1.72282717
-1.64818875
-1.46702063
0.82674493
0.35250940
0.29191080
0.27315912
0.22626403
-0.02311797
0.17749893
0.40040760
0.16329349
0.29892587
0.22411257
0.58986682
0.50168882
0.40908960
0.39398776
0.63311021
1.04381413
0.92638454
0.92531953
0.96041190
0.76499137
0.26685829
0.24101242
0.36935808
0.59590019
0.55954349
1.09062535
0.90459721
0.70471113
0.30049583
0.19861687
0.15825309
0.41884224
0.37830687
0.63405992
0.94745477
0.67912770
0.32351251
0.58438966
0.76359476
0.68501031
0.74553197
0.82678281
0.68983238
0.35315546
0.30501623
0.32669483
0.35083920
0.87488723
0.81492384
0.87767037
0.99330009
1.09663452
1.00148117
0.75398912
0.66081933
0.59749857
0.89474451
0.76846124
0.68627202
-0.88711626
-1.07739213
-1.01556397
-0.85196595
-0.85260306
-0.63632780
-0.45917119
-0.29291704
0.13405311
0.03872108
-0.32995855
-0.42285208
-0.91167065
-1.10233804
-1.11855970
-0.79642979
-0.69724375
-0.55457756
-0.57542723
-1.00008568
1.47525445
1.60916393
1.82464283
2.09760858
2.25242998
2.38251056
2.41197086
2.41563333
2.15974074
1.80381866
1.79231415
1.83211064
1.79184719
1.68444326
1.72772075
1.36018498
1.40058397
1.18713769
1.15501921
1.13802734
1.67345033
1.78299778
1.73181795
1.99088877
2.16405313
2.00866193
1.77113128
1.93285808
2.05874154
1.95045128
1.59815688
1.66651880
1.65660791
1.95926617
1.96308161
1.88377498
1.83908828
1.83916556
1.88845509
1.97038055
-0.46550044
-0.63058669
-0.27916460
-0.21641392
-0.14944359
-0.16744982
-0.15331884
-0.36681151
-0.61389829
-1.09504776
-1.35306197
-1.24452146
-1.21908808
-1.00307253
-0.88083424
-0.75708709
-0.93327948
-0.71966413
-0.79725800
-0.59894838
-0.42581729
-0.41064592
-0.84332921
-0.55978076
-0.49630888
-0.58966380
-0.67116993
-0.78704697
-0.86708549
-1.01161274
-0.99767815
-1.19555318
-1.23654004
-1.06693197
-1.08625686
-0.93010158
-0.79348502
-0.88830438
-0.87693720
-0.66883625
-1.40514353
-1.15890622
-1.62343385
-1.17264221
-1.41129206
-1.63298153
-1.55256340
-1.29097327
-1.23625735
-1.07130070
-1.21304458
-1.34651226
-1.01530824
-0.56059449
-0.50570546
-0.75063896
-0.87980704
-0.86136733
-1.39823541
-1.38664255
0.08989932
0.18127409
0.19210287
-0.06009205
0.23159634
0.17653879
-0.01389292
-0.04036792
-0.09350691
-0.12728603
-0.33947855
-0.24857644
-0.24086318
-0.38586748
0.21887632
0.36087569
0.32905165
-0.05418825
0.10514485
0.09664769
0.97746377
0.66337717
0.33480269
0.34244777
0.36296324
0.37806384
0.64783314
0.72834221
0.71834043
0.59511140
0.49582429
0.51253970
0.67220619
0.50362311
0.53656627
0.68210612
0.49739466
0.58948857
0.95433066
1.15020703
0.69640023
1.07441383
1.40459922
1.27982809
1.20902820
1.37293931
1.08112044
1.25996150
1.34818029
1.17352798
0.91908772
0.87655541
0.41952764
0.42200434
0.49128880
0.64127097
0.81855145
0.79723625
0.77336371
0.83984793
0.79320592
0.77908941
0.48268004
0.15762205
0.33312436
0.51964393
0.43013605
0.34011138
0.30004795
0.53123031
0.48826260
0.53928781
0.80219792
0.40070984
0.29552006
0.27465215
0.35149268
0.53940603
0.75381515
0.74889031
-2.62138055
-2.68856510
-3.05765618
-2.91962025
-2.73969530
-3.02537726
-3.13871559
-3.02378425
-3.06481908
-2.67019091
-2.21888933
-2.33166954
-2.18757983
-2.26191207
-2.22774692
-2.32031167
-2.31468192
-2.42103925
-2.68951801
-2.70380700
-1.42595207
-1.43868918
-1.48812652
-1.27498688
-1.16018365
-1.18683373
-1.07690923
-1.23051203
-1.27436169
-0.66577262
-0.77808004
-0.94839231
-0.91035648
-1.19854710
-1.22193271
-1.28306554
-1.49479621
-1.50399603
-1.48113350
-1.53842321
0.56629403
0.80676678
0.72229660
0.75372167
0.51621317
0.96880885
0.69436943
1.28885737
1.19101645
1.14210741
0.86280077
0.85747545
0.61550119
0.86127818
0.82511914
0.97256988
0.88053345
0.85920824
0.79781513
0.81846864
1.62671087
1.68454127
1.41145253
1.82274274
1.68138677
1.52595621
1.27235333
1.06588793
1.51550547
1.37570301
1.25800847
1.18815139
1.46326567
1.54788371
1.62659099
1.31626540
1.22274615
1.02161070
1.26508569
1.37677509
-1.85443517
-1.81144929
-1.93240694
-1.97642556
-1.70805420
-1.59297251
-1.62780949
-1.62704912
-1.27842884
-1.17810634
-1.10553505
-1.14632787
-1.06798469
-1.54292533
-1.72318114
-1.82693074
-2.04860346
-1.45027533
-1.46884110
-1.72157937
-0.88772460
-1.21506444
-1.22578149
-1.31819012
-1.65080654
-1.71741240
-1.54994815
-1.54880224
-1.40398173
-1.25879676
-1.39061908
-1.14175374
-1.04690403
-1.35049088
-1.02765202
-0.76735644
-0.71938033
-0.77685048
-0.50126282
-0.74743504
-1.62630243
-1.75969912
-1.55277511
-1.59341678
-1.52643347
-1.31114942
-1.25289049
-1.24731680
-1.22215338
-1.31308366
-1.10570503
-1.20798158
-1.61358496
-1.21604617
-1.42942288
-1.58099865
-1.53799329
-1.74080215
-1.94303134
-1.39443104
0.93734283
0.52503047
0.42997089
0.54738640
0.38870931
0.36684968
0.42320008
0.69057868
0.96536591
0.82900080
0.82479984
0.66202852
0.87300153
0.83810298
0.58531086
0.81328754
1.02126113
0.93967609
0.93348615
1.06381946
-0.63101879
-0.56848496
-0.47847604
-0.13857608
0.15311102
0.41051427
0.42325748
0.70064873
0.14780094
0.29347200
-0.05549319
0.00979300
-0.01801183
0.01690320
0.24620351
0.00393525
0.11236668
0.04816864
-0.31829464
-0.38494254
-1.69695714
-1.59698391
-1.50483803
-1.13990911
-1.18792930
-1.23383830
-1.12269838
-1.08117327
-1.32877008
-1.41034945
-1.96891550
-1.71647852
-2.09303861
-2.16820030
-2.08716313
-1.75169082
-1.89098376
-1.93503496
-1.95994244
-1.61280610
-0.58428521
-0.28530873
-0.48319242
-0.87114071
-1.05561302
-1.04659536
-1.23693172
-1.14916646
-0.59229978
-0.97324292
-0.77598814
-0.94019088
-0.76718930
-0.66672649
-0.99754902
-1.05287643
-0.89144840
-0.96049962
-1.02356943
-0.77011194
2.16663751
1.98398893
1.96800673
2.01144679
2.05495290
2.27223602
2.32558632
2.53101404
2.78583905
2.44178384
2.28590533
2.20814442
2.02082796
2.29964521
2.10094587
2.20120226
2.06283989
2.10174505
2.42331816
1.99781058
-1.68053708
-1.40102117
-1.60090200
-1.77755099
-1.61759199
-1.72886391
-1.87379244
-1.94447648
-2.05937459
-2.42291423
-2.36086571
-2.61173851
-2.79669060
-2.69775109
-2.57806612
-2.46618751
-2.19121677
-1.88512780
-1.91552009
-1.68461987
0.27447218
-0.19437425
-0.21561868
0.06899257
0.03703053
0.11135409
0.43699525
0.34368322
0.43077911
0.27061184
0.17203459
0.53177954
0.71469544
0.83167491
1.06269646
1.08058506
1.12207425
0.95184200
0.68943771
0.66512178
-0.24256174
-0.45683600
-0.44384222
-0.11069272
0.05026093
0.17855607
0.07190409
-0.14644287
-0.06442750
-0.52190793
-0.69935533
-0.84661867
-0.04151218
0.25262810
0.47939927
0.29573373
0.38201499
0.25324503
-0.05369584
0.03885491
2.17939222
2.34020738
1.95909772
1.83278660
1.93296360
1.89060212
2.12899330
1.97644527
1.94814491
1.81199682
1.43678353
1.55200782
1.53230176
1.31519302
1.63452021
1.60394860
1.81690204
1.96528091
1.93924120
1.91378186
3.02712622
3.09646785
2.74228807
2.33898505
2.70503627
2.54911506
2.20810739
1.95354233
1.99450801
2.25241517
2.52793974
2.49459571
2.29870929
2.58722720
2.73401133
2.69365766
2.58695837
2.85510386
2.63425675
2.94249229
0.46696625
0.34604458
0.25610208
0.32935348
0.38733969
0.32614526
0.33323966
0.24584091
0.42211638
0.40110871
0.39947818
0.15526919
0.04888313
0.23184607
0.47436450
0.54037383
0.33010188
0.50077815
0.44359884
0.68622322
0.79275253
0.79570265
0.79510056
0.51695073
0.21504271
0.30420593
0.28995707
0.26391558
0.33340536
0.16168125
0.05424157
0.55885757
0.32653241
0.55890862
0.33886393
0.62171315
0.93725604
0.70103995
0.74010775
0.67955057
-0.08941243
-0.12566311
-0.16557546
-0.10543236
-0.01545657
-0.07955470
-0.07928415
-0.23395349
-0.17505052
-0.28866779
-0.23202535
-0.49509612
-0.57745049
-1.07209227
-1.02864088
-0.42624323
-0.46787973
-0.39778806
-0.49879128
-0.59578216
0.47884326
0.07435384
0.05787772
-0.05479126
0.19712747
0.24608376
0.07568467
-0.05104789
-0.18418783
0.19752205
0.40380709
0.59781745
0.69904380
0.55421938
0.78449648
0.62992143
-0.03647393
-0.02307312
0.10986318
0.33150394
-1.23199681
-1.03778920
-1.08220750
-1.14974427
-1.05541278
-1.09238751
-1.02014846
-1.15850248
-1.14833595
-1.12594680
-0.87172318
-0.84414718
-0.68891291
-0.30294414
-0.61181401
-0.23187652
-0.22781376
-0.77988290
-0.99331184
-1.41153823
-0.77637507
-0.33843803
-0.64749176
-0.46623540
-0.28814684
-0.29952795
-0.35079781
0.03879029
0.11299919
0.09607975
-0.11045089
-0.26096920
-0.42574236
-0.31222969
-0.55396153
-0.40090823
-0.54962360
-0.49136284
-0.41693752
-0.43721574
2.38187393
2.06486181
1.48881275
1.51626125
1.59838187
1.79084198
1.89546749
2.02432975
2.06554015
1.43820524
1.72158551
1.72713212
1.85779984
2.03948628
1.88724640
1.65259595
1.73125158
1.86266050
1.92733179
1.76814180
0.59871791
0.59461658
0.72924298
0.84414648
1.46037993
1.66779439
1.87438901
1.71403940
1.51159795
1.06913035
0.82103956
0.49570193
0.73817799
0.60125358
0.58200755
0.51581869
0.85220717
0.97159726
0.85717154
0.55951478
-0.16447662
-0.19359580
-0.16781074
0.40117593
0.18018967
0.16696605
-0.31280790
-0.63549608
-0.56941205
-0.48159430
0.02740260
0.26856335
0.44903862
0.55975210
0.35232766
-0.03455685
-0.19162519
-0.30467400
-0.31139093
-0.52980352
1.21986623
1.07854444
1.38237504
1.43788198
1.90382738
1.72038575
1.69567366
1.72649843
1.51802917
1.59764459
1.46704541
1.66779356
1.51175223
1.15003865
1.35492868
1.20807163
0.86465055
0.80645054
0.81013704
0.83344157
0.33607318
0.31153581
0.00282507
0.09363769
0.35027384
0.22260378
0.08995122
0.09465497
0.30435524
0.32879652
0.20935668
0.34185720
0.47339855
0.48833735
0.69544903
0.71688131
0.53925402
0.38295073
0.33183826
0.24980807
3.41046284
3.16347034
3.17922802
3.45115160
3.42820680
3.31732812
3.51258002
3.50299383
3.71433309
3.43894049
3.46927007
3.10676363
2.93916437
3.02136970
3.17543277
3.35541897
2.99265134
3.05137398
3.10489750
3.61866931
-0.53425195
-0.47542159
-0.37021950
0.11252035
-0.29282039
-0.55998355
-0.76975822
-0.83482395
-0.69922034
-0.60679962
-0.80822190
-0.32904810
-0.23193967
-0.17118373
-0.51531040
-0.08452107
0.22927973
0.06662893
-0.29855206
-0.28525789
1.65328486
1.76212168
1.59948070
1.58466981
1.62952089
1.34982912
1.36637719
1.00135095
0.94574329
1.06351371
0.99063796
1.47724890
1.42806674
0.96918704
1.19864328
1.32446060
1.32189776
1.56725752
1.58458201
1.60647886
0.74234857
0.73690157
0.47927834
-0.07612256
0.01089258
-0.18635483
0.02959574
-0.32084722
-0.47239090
-0.89437205
-0.77108922
-0.55646113
-0.41092945
-0.57253666
-0.60224496
-0.38935512
0.30703082
0.22155114
0.50919903
0.55916544
0.64636088
0.56921720
0.69702534
0.56877647
0.64663403
0.29651202
0.33685651
0.50508206
0.66469376
0.54196101
0.29225584
-0.10675681
0.27057948
0.37959570
0.51556274
0.49475147
0.45146155
0.66082922
0.81960105
0.98466592
-1.95929688
-1.93341200
-2.16256819
-2.28238223
-2.15239496
-2.11980888
-2.27134121
-2.31775303
-1.94659748
-1.82147850
-1.78344840
-1.88181292
-1.97282834
-2.05095661
-1.62900971
-1.78499909
-1.70279038
-2.09678475
-2.16951237
-1.81507082
0.31987694
0.34170507
0.52983135
0.46331101
0.50913839
0.88045460
0.80032165
0.50293169
0.11927177
0.09164696
0.37162028
0.46682910
0.48151886
0.72139905
0.52818109
0.72713194
0.42312724
0.49470734
0.52541019
0.50491893
-0.86943556
-0.67608455
-0.64639002
-0.94583420
-0.41156316
-0.46087719
-0.57232974
-0.85733927
-0.76235003
-0.87813369
-1.12530413
-1.06111394
-0.83690022
-0.62559554
-0.83704104
-0.52678823
-0.52762209
-0.54252123
-0.71748363
-0.79971785
0.14286765
0.11979918
0.08560038
0.07852394
0.55126936
-0.02644008
0.12712814
-0.21983797
-0.06446494
0.09099215
-0.21893958
-0.33411120
-0.47350177
-0.52665350
-0.43497969
-0.27529323
-0.37787267
-0.23345649
-0.12778964
-0.14477471
0.52668550
0.91321886
0.95226597
0.65554761
0.41928972
0.53215121
0.67914511
0.53134966
0.56092522
0.63346300
0.54582469
0.59073597
0.34872280
0.61875542
0.60548912
0.76662941
0.81490865
0.47705965
0.37883807
0.23172720
-0.94401785
-0.65973758
-0.58713441
-0.44972512
-0.76016785
-0.66654893
-0.50656050
-0.40807724
-0.06442440
0.03609180
-0.40561754
-0.15282217
-0.30475824
-0.55944876
-0.31917145
-0.52285915
-0.46340220
-0.67269057
-0.97716535
-1.01450716
1.19526473
1.20217306
1.05916414
1.45542862
1.09734356
1.05382034
0.95387900
0.76955413
0.77633060
0.40485844
0.53823228
0.24636631
0.09670733
-0.20547825
-0.26927464
0.07541000
0.37013269
0.66143279
0.80636067
0.97653388
1.61863953
1.79651127
1.83497838
1.96988785
1.98370911
1.64369683
1.63308698
1.10411448
1.04197421
1.08182495
1.10668891
1.23263744
1.32363338
1.37826522
1.68702765
1.33521276
1.92368059
1.72705861
1.78007199
1.60042675
1.24155394
0.64520750
0.35680864
0.35521725
0.46368273
0.49130848
0.73095342
1.12830023
1.12060690
0.94639959
0.68709545
0.50225041
0.44089529
0.54676546
0.65515919
0.69270239
0.81313565
1.10902483
1.42036883
1.55705302
0.46930991
0.43790091
0.57001466
0.24089890
0.20561802
0.38321969
0.22253738
0.36898984
0.63901692
0.78901626
0.75599048
0.81628898
0.99681163
0.68007233
0.48677704
0.55480336
0.28287180
0.19768864
0.22575045
0.34849154
-0.54883970
-0.38446525
-0.21325834
-0.02377054
-0.28906056
-0.40164838
-0.26602660
-0.13855792
-0.08440288
0.09935366
-0.06412490
-0.27125277
-0.29092682
-1.12069702
-1.06656136
-1.10248117
-0.96735367
-0.79366630
-0.75213812
-0.81872044
1.36848731
0.97183576
1.06588106
1.48149596
1.44883514
1.54929217
1.26261297
1.44942097
1.36970606
1.95082655
1.82084364
1.78261109
1.73542267
1.65061449
1.56716907
1.42526375
1.78546618
1.65604903
1.57245251
1.51161634
-0.81443737
-0.86023997
-0.92650621
-0.90147234
-0.85905432
-0.95964861
-0.85683592
-0.67030365
-0.53036757
-0.41460935
-0.12128610
-0.36383230
-0.05969632
-0.39754354
-0.73823050
-0.85219551
-0.96598313
-1.35652746
-1.23457983
-1.11699009
1.67829218
1.78018734
1.43632979
1.26796729
1.56762486
1.44571164
1.49902618
1.82536711
1.83808405
1.86588844
1.86786631
1.68774773
1.32939496
1.06902403
1.48340928
1.75803821
1.80660409
1.72751489
1.47666829
1.56857906
-1.32720320
-1.19380867
-1.34006368
-1.00408653
-0.50312479
-0.17546421
-0.23864617
-0.22975976
-0.32042165
-0.67777547
-0.80860931
-1.27382887
-1.09119839
-0.88498619
-0.96567820
-1.00910036
-0.94603760
-1.13889084
-0.91696700
-0.88068379
3.34117314
2.98220199
2.83610625
2.76479325
2.55605697
2.49839144
2.25656724
2.57774714
2.33201074
2.74905892
2.72251919
2.57146198
2.47242791
2.59493881
2.96910671
3.15705848
3.16276111
3.14904182
3.20847770
3.33936201
-1.70374504
-1.30352813
-1.37121016
-1.33277042
-1.39716199
-1.70281589
-1.55220247
-1.44623137
-1.37043173
-1.56618094
-1.61017651
-1.71822352
-1.87273281
-2.25127057
-2.10938639
-2.05173790
-1.78424481
-1.71906806
-1.71690978
-1.38967312
-2.12385655
-2.34769008
-2.46693497
-2.04187025
-2.10222838
-2.38497708
-2.18626846
-1.98008947
-1.89500348
-1.75298907
-1.79631030
-1.68752461
-1.68992607
-1.58722934
-1.97132609
-1.95783968
-2.04186838
-1.88984684
-1.89809876
-1.84196435
-0.63913252
-0.72766515
-1.08813680
-1.15050996
-0.85396029
-0.73354908
-0.73862132
-0.40823633
0.05898549
-0.05523479
0.14509360
0.56245656
0.35456532
0.40897962
0.14964776
-0.01279073
-0.12305263
-0.01554253
0.06388143
-0.36785481
0.03157454
-0.11526998
-0.58074657
-0.40930050
-0.31686600
-0.20646539
-0.40619680
0.07558711
0.20802504
0.23301452
0.59547856
0.52072512
0.60803906
0.42200693
0.43451773
0.06624302
0.02403382
-0.16611289
-0.13275204
-0.23199694
2.14015882
1.74239699
1.76794345
2.08118777
2.08884784
2.23276154
2.20901641
2.23112988
2.12640977
2.26046918
2.20137874
2.13176401
2.02280643
2.19237966
1.98830287
1.75469421
2.09068312
1.97540870
2.19630156
2.11557486
-1.15334072
-0.75620281
-0.54645833
-0.60659593
-0.59204929
-0.49506850
-0.66599179
-0.38099850
-0.47835592
-0.60101811
-1.08824337
-0.75817313
-0.89870248
-1.40600142
-1.41446410
-1.42618489
-1.28964091
-0.94157052
-1.13828268
-1.05497884
0.95926807
1.37078025
1.53131217
1.30894670
1.24636304
1.48985515
1.27897480
1.42771910
1.28131838
0.99763424
1.13599676
1.04751742
1.34362103
1.76793005
1.63328211
2.01713055
1.81421946
1.74139521
1.56044431
1.35270466
-0.21426624
-0.32545397
-0.64595800
-0.86636509
-0.77063014
-0.49997092
-0.72465919
-0.28465298
-0.31787886
-0.54180238
-0.37004551
-0.53252812
-0.50897779
-0.21753581
-0.15918954
-0.25698209
-0.58188076
-0.29415962
-0.17158828
-0.27816431
0.66664869
0.67409889
0.94635593
1.00296333
1.10433038
0.88981497
1.13354369
1.13817156
1.32392475
1.50805679
1.29868452
1.22998735
1.15756923
1.20783043
1.05035046
0.75132894
0.21419051
0.21520562
0.25857902
0.68246265
-3.41344191
-3.42327407
-2.99093374
-3.25453556
-3.32454726
-3.23171520
-3.15489460
-2.77384653
-2.74741372
-2.65099515
-3.00840978
-2.93016479
-2.95000108
-3.10567775
-2.57392405
-2.76474322
-2.70413535
-2.48174089
-3.17090147
-3.31687571
2.22135822
1.99672308
1.74568741
1.56956252
1.81308944
1.97910221
2.14228838
1.92881517
1.80532569
2.08783227
1.95125750
1.68607571
1.70586456
1.95595934
1.82191212
1.96813384
2.39568112
2.92710118
2.84480768
2.72093343
1.65749516
1.49979414
0.94753691
0.57605610
0.67816062
0.39027451
0.21345836
0.43657419
0.86361633
0.79287259
0.70868369
1.02287266
0.99796103
1.13361216
1.35719836
1.28794421
1.64656971
1.84615252
1.84097229
1.45948552
1.35888888
1.46967390
1.10486477
1.01780749
1.06938132
0.82540334
0.48267690
0.43845273
0.38922769
0.39900232
0.73419759
1.00918920
1.10374901
0.77730187
0.62839824
0.81869784
1.05123349
1.23578986
1.20786119
1.31043779
0.32627979
0.27007805
0.39627804
0.35893717
0.38881472
0.74221406
0.47609276
0.78939453
0.44580231
0.27266875
0.47890267
0.62167314
0.58639318
0.41857767
0.27632316
0.15426494
0.47362165
0.74324375
0.83865585
0.54651567
2.69036944
2.03010721
2.07181954
2.24962383
2.21090445
2.17280889
2.07515012
1.98508349
1.94357637
1.91253305
2.28433963
2.38187504
2.57475147
2.31861225
2.18620041
1.94797139
2.06414313
2.21042259
2.42855767
2.68831845
-3.41614759
-3.53868155
-3.68777658
-3.43218342
-3.10707214
-2.98512468
-2.77874900
-3.05554675
-3.17712704
-3.09118024
-2.77242568
-3.08492196
-3.01982305
-2.96157504
-3.16822991
-3.40126946
-3.48618122
-3.41629520
-3.60149701
-3.56994095
0.34097082
0.35344171
0.02834952
0.45118906
0.53688640
0.23854275
0.44104246
0.46050470
0.10807973
0.59927428
0.55187721
0.33729186
0.49838136
0.53383943
0.66449366
0.49496609
0.62191994
0.62480647
0.62111205
0.43021002
0.12436898
0.05070586
0.33755950
0.58208199
0.33610913
0.55648790
0.76935390
0.37255094
0.39865253
-0.03578188
0.14949879
0.41045369
0.02636850
-0.05418884
0.20426363
0.04901270
-0.03290966
-0.15171558
-0.13454351
0.23457913
1.92362805
2.00358914
2.11442065
2.12995196
2.61827198
2.71841833
2.65054507
2.72134436
2.63990835
2.41728242
2.56396670
2.36499233
2.24190731
1.97058912
1.78428087
1.55300011
1.96547781
2.29655994
2.17431978
2.15759022
-0.79788990
-0.63087554
-0.32798749
-0.57883173
-0.76711777
-1.05509912
-0.58982024
-0.88959712
-0.95868609
-1.15354146
-0.95884233
-0.98935528
-0.61326069
-0.75348048
-0.63506057
-1.07031079
-1.01724454
-1.13240934
-0.95668086
-0.58299304
0.27946113
0.41496689
0.24716312
0.00601844
0.13755610
-0.23532391
0.10006686
-0.03084417
0.00962619
-0.16137445
-0.13059124
0.09958911
-0.10715862
-0.18785186
-0.13555313
0.32390312
0.15462205
0.00539477
0.21891470
-0.05375979
-0.41707084
-0.56673211
-0.71891041
-1.03692785
-0.94330607
-1.05437027
-0.89722454
-0.89917480
-0.91170013
-0.94057083
-0.79737585
-0.88636594
-1.11676550
-1.40573682
-1.39449300
-1.70254448
-1.64521871
-0.91895200
-1.20235482
-1.22368663
-0.25824725
-0.08563750
-0.09628528
-0.07427863
0.38595247
0.05815988
-0.01123370
0.25200093
0.15244653
0.05026334
0.20394920
0.17959501
0.55457665
0.04302217
-0.02199386
-0.10248482
-0.27084929
-0.59222378
-0.44363629
-0.01189061
-2.45180356
-2.07785146
-1.68735475
-1.66286767
-1.46764519
-1.24212523
-1.54528063
-1.80457428
-2.00157541
-1.88080247
-1.50623904
-1.70069012
-1.70914239
-1.60191780
-1.83457603
-1.88699267
-1.93707036
-2.34942571
-2.41370808
-2.42032706
0.36692223
0.31138026
0.37676041
0.59465835
0.48517337
0.72377109
0.53606700
0.52970297
0.36120685
0.37914464
0.53091455
0.37528874
0.44945397
0.26345448
0.15174057
-0.42864949
-0.36873808
-0.08970854
0.17688810
0.34895509
-0.09947528
-0.33427634
-0.25689819
-0.22452735
-0.44761872
-0.35516657
-0.11796962
0.18689882
0.54295717
0.64647631
0.36535391
0.36314203
0.41995558
0.17998981
-0.12270563
-0.00820752
-0.01949324
-0.09381012
-0.04308456
-0.09662812
-0.38133321
-0.31605014
-0.53733989
-0.55452463
-0.32391404
-0.53724555
-0.31568064
-0.30869820
-0.35511319
-0.16257317
-0.20192293
-0.50455801
-0.75540721
-0.78576682
-0.59094016
-0.33693853
-0.17293874
-0.04541021
-0.24285391
-0.33493140
-1.35453208
-1.36114050
-1.56510101
-1.32539426
-1.43438269
-1.36383572
-1.22402297
-0.85396922
-1.01412763
-1.44211878
-1.69543040
-1.86958460
-1.58344755
-1.89717388
-1.91075309
-2.00539678
-1.94992935
-1.63604222
-1.78269693
-1.60313462
-2.94254638
-2.83460139
-2.67719092
-2.50492518
-2.41158832
-2.53692297
-2.96604708
-2.89235022
-2.76575692
-2.63595323
-2.64932051
-2.53207270
-2.34414348
-2.47064515
-2.77539409
-2.77257297
-2.91615239
-2.73622189
-2.47906285
-2.72073673
-1.60407642
-1.40866465
-1.49342014
-1.71758386
-1.49240942
-1.62281051
-1.36773724
-1.31446103
-1.28007474
-1.25388030
-1.44887751
-1.23091136
-1.45932044
-1.46119640
-1.45532069
-1.64205153
-1.49922932
-1.78376266
-1.25011825
-1.45485573
0.43547660
0.69603637
0.73090231
0.92301924
1.23229885
1.49230261
1.56665805
1.38297376
0.86681034
0.88154821
0.70149423
0.56669661
0.66683111
0.58426842
0.53342378
0.74499975
0.68825051
0.50278040
0.69466015
0.61254274
2.05859988
2.31129597
2.27192932
2.56871385
2.45619704
2.25374113
1.72451939
1.81636107
1.97645048
2.09263720
2.01310492
1.93087143
2.26057592
2.10967072
2.10306203
2.07679557
1.97547765
1.82275406
2.03579900
2.14326020
-3.50879097
-3.72608189
-3.50538171
-3.60643342
-3.21403294
-3.02156184
-3.44561656
-3.44969903
-3.37268696
-3.31012642
-3.32529093
-3.06989568
-3.16288155
-3.25448767
-3.28730833
-3.34894654
-3.12083421
-3.08667925
-3.12931546
-3.73221485
1.80072825
1.91966224
1.93328114
1.84603349
1.49065096
1.54668685
1.71940691
1.74200113
1.84468779
1.99659679
2.37569951
2.23725173
2.19091018
2.18308185
2.13664377
1.87424470
1.42050304
1.66766984
1.54204521
1.82496673
0.47266476
0.08105437
0.09359612
0.24472066
0.08029956
0.05061734
-0.28104147
0.14621013
0.40649397
0.73309030
0.51503011
0.58660406
1.04348231
1.00240618
1.22582456
1.21399197
1.29576018
1.18225076
0.81975623
0.60974532
-0.03187817
0.10029546
0.43934145
0.23675075
0.48358755
0.64527331
0.33989030
0.46205047
0.78626187
0.64318291
0.40239451
0.30743321
0.37738220
0.19155680
-0.09543274
-0.43560867
-0.20286673
-0.34657463
-0.23182690
-0.21752534
-2.34235847
-2.17159155
-2.13492404
-2.54907628
-2.72642659
-2.59583955
-2.82992393
-2.73056867
-2.62615098
-2.68838636
-2.88666015
-2.60617376
-2.51578567
-2.20876281
-2.36433283
-2.37615945
-2.22246088
-2.78978627
-2.32476562
-2.02088258
-1.20886136
-1.04893740
-1.04126980
-0.73838205
-0.64452297
-0.24540175
-0.25006478
-0.43117741
-0.51658493
-0.62783137
-1.25236069
-1.11562402
-1.00596674
-1.04931591
-1.45200923
-1.38076846
-1.58429069
-1.49232867
-1.46310336
-1.50240911
-1.28266890
-1.53572409
-1.58862105
-1.88702970
-1.60333023
-1.64450014
-1.96214677
-1.65391093
-1.79451766
-2.05353927
-2.04677472
-2.04248220
-1.84869331
-1.88227837
-1.78575584
-1.72153947
-1.46468164
-1.68236847
-1.89186770
-1.55016474
0.86626927
0.74398385
0.52031312
0.48481271
0.51116759
0.17744658
0.26487682
0.57524310
0.95854245
1.03445877
1.29105276
1.31165231
1.41215446
1.40920134
1.55937848
1.41592058
1.42289957
1.45226121
1.16587324
0.93300624
0.13527968
0.10513180
-0.19529284
0.13966718
0.29070264
0.08455402
-0.02703714
-0.59685888
-0.12434435
-0.11035225
-0.04457520
-0.21626579
-0.42581905
-0.38300211
-0.13740763
-0.00410130
0.42992594
0.02988311
0.10775969
0.13946993
-0.06238407
-0.48740356
-0.25640942
-0.49504156
-0.03040337
0.14422928
0.21159505
-0.18984045
-0.71317249
-0.56717607
-0.61386078
-0.15524195
-0.26099644
-0.15906715
0.19889944
-0.05511992
0.02953421
0.14196024
-0.23631777
0.30513584
1.76749566
1.87458280
1.87892104
1.73549752
1.82315664
1.71679117
1.62906181
1.24541645
1.30116278
1.16513146
1.17558157
1.05224363
1.20065527
0.96125587
1.11208058
1.25058430
1.27637003
1.71967677
1.69097532
1.67601945
0.16657123
0.06238634
0.13148595
0.36126377
0.20269206
0.12723396
0.16922714
-0.04481925
0.07013383
-0.25575024
-0.17381541
-0.39114179
-0.37038462
-0.15120147
-0.27817348
-0.01872054
-0.01651761
-0.00462488
0.00847444
0.13170231
1.70699075
1.77548674
1.49420122
1.37565708
1.64000401
1.36230979
1.25216102
1.17997417
1.06387826
1.20773605
1.30746569
1.19620958
0.89095546
0.77787978
0.67550975
0.87753642
1.28616445
1.40938435
1.58125126
1.65522219
1.99683717
1.92814246
1.87371878
2.19345184
2.54408842
2.37534878
2.45576794
2.71311047
2.85119886
2.70625248
2.33065399
2.02173244
1.96427505
2.08417780
2.03359912
2.01692301
1.65799171
1.60604082
1.59666356
1.45439234
2.94482733
3.04263242
2.65211180
3.06023339
2.91321263
2.74844998
3.05078757
2.69953822
3.01699963
3.05107456
2.87030230
3.23630696
3.50585962
3.41471284
3.32172745
3.30647862
3.19549158
3.55328591
3.35777126
3.32472665
1.87028683
1.86923402
2.31984567
2.41730441
2.01229337
1.99072625
1.82065935
1.61304524
1.26841833
1.17237562
1.15220306
0.73371712
1.05857925
1.40871811
1.50226559
1.50843603
1.51831801
1.64157178
1.57017573
1.76090802
-1.44797326
-1.35176901
-1.22128110
-1.14237756
-0.88212998
-0.92005125
-0.91157191
-1.08741028
-1.08648839
-1.07644408
-0.82915236
-1.01501974
-1.40980507
-1.50295946
-2.03258045
-1.93225217
-1.81495327
-1.87304897
-1.67468053
-1.73169670
0.05372017
-0.06140187
0.06019450
0.16960202
0.23132283
0.12166238
0.02276978
-0.15480338
-0.24390967
-0.40312501
-1.07488703
-1.16466013
-0.64195547
-0.76763370
-1.03377741
-1.16311731
-0.87999561
-1.17067295
-0.77917318
-0.36703038
0.84798980
0.90592517
1.11159970
0.92347226
0.79608765
0.80206078
0.96987418
1.05647988
0.95034328
0.90329353
1.08915504
1.07842174
1.20426722
1.46383776
1.48519037
1.67645436
1.32430763
1.27012433
1.20180516
1.07250242
1.22457879
1.25816567
1.06780627
0.87039293
0.66975509
0.66814243
0.76296221
0.81912219
0.96826123
0.90235406
1.08031255
1.07520409
1.27801980
1.20724958
1.24122804
1.47949488
1.21245833
1.59870862
1.64925680
1.31390044
1.93663892
1.90501635
1.76685864
1.56029331
1.83110332
2.06594455
1.99843636
2.00023597
2.07186063
1.82165503
1.89206356
1.60473734
1.47519750
1.62044222
1.43178210
1.50049551
1.55166719
1.57459434
1.75683902
1.92345876
-0.28767724
-0.36228255
-0.30565573
-0.10834066
0.12519793
0.19350839
0.24047879
0.39196181
0.23783952
0.22226753
0.14856075
0.41742409
-0.01499800
0.13349822
-0.05461711
-0.11800988
0.10276646
0.05624969
-0.18568338
-0.19504525
-1.26124435
-1.01500383
-1.11234539
-1.37988498
-1.48346161
-1.19372522
-1.34409039
-1.21015872
-0.96631992
-1.16285803
-1.12202498
-1.17502775
-1.03901370
-1.37352796
-1.24585981
-0.86314116
-1.05667922
-1.06873527
-1.49329129
-1.25782363
-2.11811490
-2.24916975
-1.98289333
-1.94980956
-2.16900361
-1.91477548
-1.76514767
-1.73413395
-1.91532078
-1.98232693
-1.99505325
-1.70764864
-1.80057685
-2.07676954
-1.98319658
-1.76120125
-1.93259221
-1.81834703
-1.67978469
-2.01125109
-0.41258178
-0.74742751
-0.48891730
-0.48724346
-0.24605828
-0.31804440
-0.35445457
-0.61153210
-0.52340816
-0.41193027
-0.59932027
-0.48699852
-0.51304871
-0.60475473
-0.87507303
-1.09213219
-1.04875690
-0.79055870
-0.33888521
-0.37829343
-2.15579977
-2.00031523
-1.86953808
-1.60633929
-1.70819968
-1.44611545
-1.30868082
-1.17693610
-1.28842602
-1.10935178
-1.11118903
-1.11119069
-1.21260069
-1.58607343
-1.41397862
-1.86317150
-1.75736790
-2.33057272
-2.22956839
-2.30466138
-1.02919852
-1.33045464
-1.07538273
-1.41780205
-1.02315934
-0.91176545
-1.06171827
-0.91963500
-0.72904815
-0.35666411
-0.50117552
-0.71339094
-0.66043996
-0.90379414
-1.46080139
-1.24718779
-1.37467268
-1.16853418
-1.19196586
-1.02016157
1.50889168
1.17978886
0.95524688
1.33653739
1.11042667
1.47672262
1.50633820
1.87953999
2.08925470
2.15560813
1.76723021
1.35956754
1.31216403
1.26266194
1.82751067
1.96127911
1.68070049
1.34759570
1.27760423
1.43690590
-1.51235361
-1.19433048
-1.31739813
-0.80158668
-0.68543487
-0.50098252
-0.31559780
-0.22566401
-0.57364280
-0.81780904
-0.71443324
-0.93854645
-0.91432389
-1.41711559
-1.41940056
-1.12014651
-1.49712980
-1.41218543
-1.59190133
-1.64880894
-2.17749833
-1.82915347
-1.55147143
-1.58306942
-1.85165161
-1.79177603
-1.88833497
-2.34177973
-2.18091575
-2.28085646
-2.35299424
-2.88001665
-2.97450441
-2.63341966
-2.66218805
-2.57772397
-2.38333676
-2.24033325
-2.25161946
-2.11823784
0.13008610
0.19356453
0.55280049
0.53629264
0.36168713
0.46674390
0.57026228
0.94880692
1.00815482
1.18199862
0.95110365
0.58974164
0.44784243
0.31697742
0.07481082
0.21539591
0.15371581
-0.23795255
-0.06959105
-0.12868126
1.99356439
1.72067219
1.49107081
1.75102118
1.87865695
1.51575605
1.63310502
1.49436929
1.62107229
1.44305957
1.29864717
1.70123300
1.71292827
1.85423084
1.69879970
1.66449684
1.71942934
1.70710092
1.87439238
1.77650868
