phonon_position
1.39461325
1.34487708
1.41664876
1.48564581
1.26846468
1.03723119
0.70222015
0.87912246
1.01996522
1.31900781
1.12376717
0.93029573
0.81496911
1.20085821
1.17424606
1.23737957
1.45336378
1.41647360
1.76917670
1.65482443
0.40032872
0.59122665
0.48146987
0.14004876
0.20373931
0.58947712
0.37374123
0.60738490
0.47697717
0.73242910
0.64614846
0.37890754
0.80738409
0.67998082
0.68609887
0.62312092
0.64300642
0.68998578
0.65627144
0.42953354
-0.56032169
-0.33492512
-0.04644129
-0.02211292
-0.36964996
-0.05348166
-0.10874825
-0.09506727
-0.06813144
-0.00484497
-0.01994346
0.05079274
-0.06507993
-0.35264226
-0.29290840
-0.40618155
-0.38414850
-0.42791834
-0.21086412
-0.40374991
-1.71957206
-1.38026860
-1.28243926
-1.38638030
-1.38212554
-1.59214090
-1.59623040
-1.29578962
-1.30442850
-1.14244801
-1.06911705
-0.84616661
-1.01974158
-1.23739481
-1.16441462
-1.06165190
-0.92380618
-0.91997413
-0.94809671
-1.17595331
-1.74643440
-1.78057932
-1.76558091
-1.61314425
-1.52068843
-1.79000691
-1.99405012
-2.13180016
-1.74675276
-1.62665954
-1.12061531
-1.25676099
-1.38660833
-1.02079134
-0.83156355
-1.00854790
-1.32935595
-1.54947584
-1.72399894
-1.68586278
-1.16974658
-0.98243266
-1.00932501
-1.30135192
-1.77575438
-1.90837197
-1.85878904
-1.81902976
-1.81126239
-1.64833997
-1.84703308
-1.92719110
-1.39582377
-1.38633358
-1.56638018
-1.45326745
-1.50588987
-1.68932975
-1.42498854
-1.19621014
0.96610123
1.30728537
1.50758477
1.46247863
1.61519558
1.85063579
1.72007218
1.84344281
1.78856355
1.69841307
1.53393235
1.60450891
1.54144749
1.63527079
1.27395790
1.12960317
1.15396014
1.73675438
1.50629565
0.93314056
1.24781612
1.23460952
0.99757970
1.08402837
0.78360853
0.65137150
0.69872115
0.58285746
0.97408203
1.01034284
1.04394313
1.34694628
1.26922367
1.38628296
1.08118728
0.91640514
0.89805638
0.75277784
0.89344580
1.20830788
1.69018013
1.62156558
1.66240305
1.76189566
1.91091614
1.78888234
1.33674377
1.61869178
1.74639646
1.63169092
1.43123220
1.90952516
1.46577380
1.61501401
1.73989897
1.54300081
1.24302561
1.37965788
1.50108753
1.88391869
0.63539582
0.96458914
1.01572399
1.19562733
1.32630028
1.34580498
1.37926856
1.64939168
1.25392807
1.10179123
1.34447705
1.61527154
1.53170660
1.65910927
1.41188573
1.31322322
1.52776829
1.45003754
1.45466210
0.84475710
-1.34818909
-1.10577828
-1.55116230
-1.71948362
-1.49224533
-1.36378924
-1.40931389
-1.79879405
-1.83985083
-1.75408943
-1.62177938
-1.65944889
-1.31338262
-1.68774264
-1.65394569
-1.27669542
-0.96162631
-1.00674902
-0.68598776
-1.12173288
3.15786492
2.81221048
2.91853646
2.77969670
2.61544033
2.51282299
2.46814732
2.65699400
2.39020446
2.19057803
1.95858196
1.85634378
2.12438613
2.26559693
2.27678466
2.24860135
2.33900319
2.11448965
2.45908290
2.60783462
-1.64986107
-1.78069416
-1.62279477
-1.72065986
-1.94558501
-1.96708988
-1.84019023
-2.04766347
-1.83585934
-1.72433565
-1.88560961
-2.36432168
-2.17726968
-2.54684561
-1.89231652
-2.11194795
-1.90687918
-2.22938362
-2.13690946
-1.85512683
1.50759067
1.19286566
1.27961965
1.08522803
1.28183153
1.81902672
2.04927898
1.92273487
1.78878123
2.02405468
2.05208224
2.04544447
1.78294828
1.82888227
1.80580515
1.47350508
1.42400114
1.68145333
1.97722848
1.65510016
0.54983794
0.38778997
0.66250206
1.07416222
1.10344690
0.97996972
1.03714717
0.98855543
1.16922734
1.37423814
1.33501110
1.54339111
1.59464664
1.43701653
1.65199162
1.54521861
1.42619284
1.11607680
0.61746428
0.57186099
-0.87407833
-0.82585056
-0.76324779
-0.70890317
-0.99915055
-1.40302719
-1.34741553
-1.13836402
-0.74373492
-0.89577283
-0.48196943
-0.58317829
-0.64009246
-0.94488139
-1.00865080
-0.98828811
-1.28331367
-1.31961422
-1.22268797
-1.01799450
-1.58499924
-1.27536721
-1.60046929
-1.56268653
-1.62614665
-1.80534672
-1.43972497
-1.74808362
-1.35812891
-1.46327882
-1.16962889
-1.14300062
-1.29951880
-1.55709029
-1.41277377
-1.36830310
-1.48441865
-1.71144868
-1.85539607
-1.85140746
1.19002560
1.27472196
1.03767688
1.08392833
1.31873796
0.87056668
0.87142980
0.46125329
0.22848077
-0.09670286
0.55039572
0.83051060
0.77921124
0.84123819
0.92939757
0.71786705
0.70036178
0.92919497
0.89403321
1.01356373
-0.26886597
-0.50532959
-0.46382924
-0.64482899
-0.51140251
-0.43612379
-0.00078479
-0.04671555
0.13219934
0.28971704
0.27138187
0.32752049
0.31807092
-0.00490310
0.06479785
0.05557433
-0.10506433
-0.19499583
0.05451391
-0.24864710
0.31543800
-0.22437195
0.08292832
-0.25085608
-0.06700271
0.28166742
0.14476136
-0.03580739
-0.03885104
-0.11678848
-0.34872723
-0.10541434
-0.09300374
-0.22464567
-0.07672613
0.13852482
0.16922789
-0.33724592
0.20880784
0.28691078
0.82379874
0.39830641
0.24548474
0.42351590
1.04266107
1.47689928
1.40779766
1.38309004
1.51415768
1.18441927
1.04863760
0.87646667
0.57424171
0.52197972
0.87821831
0.75511562
0.71520886
0.74212327
0.96651372
0.62688670
-0.34557280
-0.53730383
-0.41834406
-0.51455544
-0.65615022
-0.54851094
-0.56867931
-0.63844491
-0.77339089
-0.58850534
-0.48673859
-0.28600230
0.12522292
0.00283585
0.01983023
-0.17192355
-0.14017061
-0.34886969
-0.29660635
-0.24375283
0.69944380
0.34920492
-0.15385917
0.32687205
0.34216961
0.29052596
0.38384807
0.77517100
0.27838853
-0.01803862
0.24836762
0.49615540
0.60217751
0.44533495
0.35251559
0.59986223
0.63169315
0.65517467
0.76795358
0.69220389
0.57962822
0.82690345
0.68694562
0.57472048
0.62994909
0.63329626
0.23834082
-0.02254904
-0.15081523
-0.18780888
-0.27633610
-0.05898467
0.05190414
-0.13947914
-0.01570410
-0.05834536
-0.04578690
-0.04523225
0.31882048
0.56445089
-2.23574537
-2.13658711
-1.95446848
-1.91767855
-2.00874006
-2.16478850
-2.08257647
-2.26121625
-2.28338012
-2.05800967
-2.07614565
-2.13822457
-1.91344843
-1.91252277
-1.74686579
-2.01843232
-2.11678963
-2.22222826
-2.34037592
-2.13167622
0.10092325
-0.08100818
-0.01066349
-0.22686342
-0.49188150
-0.10759813
-0.12047082
-0.13734820
0.15422339
0.39758616
0.00884804
-0.28742888
-0.32502691
-0.73697608
-0.73818157
-0.57853623
-0.67367380
-0.68261140
-0.30339444
-0.14996561
1.69845838
1.72339365
1.91659673
1.91072814
1.48364128
1.07760057
1.21129237
1.54670476
1.57171480
1.69130642
1.67475641
1.60106784
1.62706438
1.90289306
1.82504611
1.49767300
1.32223558
1.59552050
1.60016998
1.60790212
-0.31821699
-0.25807779
-0.46489681
-0.38215715
-0.57981895
-0.90871560
-0.89607149
-1.01505416
-1.49907238
-1.05904343
-0.97529168
-1.21412944
-1.01138080
-0.76358975
-0.57915551
-0.61419411
-0.28537287
0.00955195
0.06614250
-0.04678912
1.95783790
1.99930949
2.06280195
1.65175264
1.74386403
2.16344012
2.09196892
2.29387172
1.97933264
1.86137844
1.29573904
1.35201551
1.35163976
1.50501409
1.38667718
1.58200948
1.79824878
2.29853648
2.50255338
2.31918575
1.19263240
1.21092181
1.52177542
1.45156141
1.48897341
1.17943911
0.80403467
0.91207417
0.78186279
0.88125102
0.81783304
1.12357220
0.99986051
0.91780404
1.25209947
1.41496303
1.40428306
1.14020448
1.00647754
1.14858290
-0.58179494
-0.58485706
-0.83376583
-0.76679052
-1.22987962
-0.98599878
-0.99521659
-1.34321567
-1.01872432
-1.10845883
-1.27443349
-1.03689067
-1.13589208
-1.37473113
-0.75822556
-0.70876219
-0.40934877
-0.31594625
-0.54849287
-0.31843931
1.42000225
1.32703633
1.22335669
1.09131726
1.51822609
1.21918535
1.16133535
1.06917984
0.93780982
1.39323634
1.44525752
0.82652066
0.69653916
0.58539720
0.89774386
0.91349210
0.94921538
0.78060994
1.03799680
1.25440530
0.29916983
0.29075185
0.50591891
0.95479774
1.10883803
1.15205149
1.16824078
1.30895826
1.19813619
1.24803950
1.32256235
1.49490918
1.06208779
0.81286399
0.93636863
0.85308956
0.78700211
0.87865843
0.91414480
0.21940912
-0.77833278
-0.80536074
-0.52441495
-0.33939915
-0.10352070
-0.31877017
-0.32371308
-0.65249428
-0.34270357
-0.37754561
-0.20599243
-0.48604548
-0.33598170
-0.28106628
-0.05699366
0.01904177
-0.11008437
-0.39288315
-0.50876335
-0.44207296
-0.62064027
-0.47916239
-0.96407578
-0.68665590
-0.23334418
-0.24857163
-0.07276640
-0.26069849
-0.25826621
-0.19435652
-0.48905138
-0.00493260
-0.10179508
-0.42519178
-1.02000507
-0.79354865
-0.76304114
-0.76087495
-0.86029593
-0.69344630
0.16632988
0.29187416
0.29815773
0.28456867
0.24755194
0.15338599
0.43726996
0.61330861
0.86509044
0.80090476
0.66058614
0.30118595
0.22391652
0.28751089
0.24733770
0.52776804
0.69827598
0.70086484
0.56111053
-0.00248876
-0.39344527
-0.24553174
-0.10633418
-0.37115823
-0.11251617
-0.02943896
-0.09143555
-0.14091973
-0.21464639
0.03425558
-0.35884498
-0.51911704
-0.74104870
-0.78577795
-0.88909096
-0.56489709
-0.63678681
-0.45585119
-0.62912004
-0.33987797
1.85234209
1.19703460
1.46136703
1.53751654
1.35594582
1.43597097
1.07480499
1.08794799
1.11783952
1.30981879
1.49742675
1.42682749
1.59505353
1.75915831
1.97059587
1.91888878
1.94545195
2.18847776
2.08092669
2.02159434
0.32913979
0.22479329
0.35598139
0.37603112
0.50512133
0.47126063
0.27902833
0.44507651
0.29184023
0.26435123
0.58164671
0.76885753
0.84261502
0.90823280
0.35967173
0.15027776
0.14900583
0.26048882
-0.08818846
-0.18343548
-2.45000595
-2.57058811
-2.44086176
-3.01716418
-2.82333614
-3.20832075
-3.25568503
-2.93416666
-2.60391014
-2.73037710
-2.83551761
-2.62808771
-2.57191658
-2.58547055
-2.75500673
-2.51640905
-2.55996820
-2.26478074
-2.61943594
-2.45753436
-0.78648547
-0.94303001
-1.04085902
-1.30649814
-1.19783519
-0.92352932
-0.86630407
-0.94727014
-0.56121106
-0.62351693
-0.79911424
-0.81169499
-0.54593557
-0.66627426
-0.81585650
-1.11749687
-1.00809656
-0.61025376
-0.90323963
-0.76872696
-1.14829360
-1.14900283
-1.07122758
-0.90954329
-1.29103489
-1.25740654
-1.01464499
-1.04477260
-0.81259066
-0.99673304
-0.73153605
-0.71449779
-0.52612614
-0.34834754
-0.35060662
-0.40389035
-0.42437695
-0.63180967
-0.99724056
-1.19498013
-0.57222563
-0.80238702
-1.26566563
-0.91726826
-1.13017255
-1.04373844
-1.19990663
-1.16436836
-1.02006561
-0.98154738
-0.46652034
-0.33017954
-0.27035017
-0.22252992
-0.27981207
-0.03549222
-0.03968174
-0.12287271
-0.21417545
-0.56506410
-1.06234817
-0.96199559
-0.86621163
-0.87217304
-0.90487218
-1.04945672
-0.97324782
-0.62442598
-0.71013551
-0.62299096
-0.38147816
-0.14156094
-0.04275374
-0.47933500
0.01311327
-0.06171110
-0.19173493
-0.78622856
-0.73095893
-1.05238672
-0.31809225
-0.44743152
-0.49010368
-0.64311206
-0.53296297
-0.52967129
-0.52372704
-0.04641286
-0.05815797
-0.09454597
0.01222003
-0.12234092
-0.09259833
-0.25199047
-0.21992331
0.14609536
0.17127165
0.40372867
0.02436795
0.04745242
-2.05102657
-2.18796442
-2.53462280
-2.27864835
-2.09503501
-2.70580141
-2.82186810
-2.68143288
-2.66169798
-2.17693605
-1.99407571
-2.28729223
-2.46017871
-2.19762067
-2.08044938
-2.15001563
-2.11277975
-2.03005488
-1.79946388
-1.86867379
-3.10618043
-3.01510531
-3.24746883
-2.95838443
-2.55829238
-2.83062882
-3.24678315
-3.44067017
-3.30349323
-3.32634254
-3.33053541
-3.41346299
-3.30782372
-3.01424130
-3.09240026
-3.39297903
-3.35094515
-2.92826225
-2.93166591
-3.04056018
-0.06726736
0.12678541
0.25569746
-0.00137410
-0.14556586
-0.09961874
-0.36124563
-0.20434483
-0.22063686
0.07164206
0.12774291
-0.22107417
-0.22643010
-0.56646259
-0.55942722
-0.37306783
-0.00864374
0.66322421
0.62307492
0.40595451
1.83618615
1.76948863
1.25891118
0.84573877
1.09996933
0.99270035
1.36608254
1.43075844
1.35163040
1.15574043
1.29016589
1.12078183
1.34288849
1.53707763
1.64151142
1.51189034
1.21876128
1.18474599
1.31343587
1.68750933
-2.07841604
-2.28451793
-1.98390920
-2.03281188
-2.12806888
-1.74120485
-1.84430553
-1.85661218
-1.88527048
-2.14484109
-2.50890181
-2.24741445
-2.09196827
-1.84710080
-1.77249013
-2.02446108
-1.95333009
-2.11193585
-2.07934742
-1.95562805
-0.37400560
-0.22601218
-0.47264889
-0.37761864
-0.38127120
-0.35348943
-0.27503591
-0.41715305
-0.59054239
-0.56179535
-0.60147109
-0.74435898
-0.66492690
-0.59528267
-0.59427742
-0.52148442
-0.54757936
-0.32928800
-0.25393524
-0.37643237
1.62231139
1.96243989
2.08323357
2.00132308
2.10168367
1.86101970
1.96370630
1.76245190
1.78321603
2.16629215
2.40287891
2.21927691
2.11788786
2.38771827
2.25685398
2.21230366
2.22748767
1.99280589
1.96192480
1.41676544
-1.05884439
-1.23996700
-1.17307790
-1.27880128
-1.02688636
-1.20470774
-1.05260873
-1.00265729
-1.24092577
-1.14655745
-0.99279400
-0.99389742
-1.14683819
-0.91721986
-1.04935627
-0.96092893
-0.77439030
-0.98636162
-0.99689370
-0.89239216
-0.76920336
-0.54129051
-0.56335935
-0.40062716
-0.52536672
-0.57572675
-0.23594042
-0.25750169
-0.49585675
-0.11807294
-0.34884813
-0.22959444
-0.30787311
-0.34597480
-0.43684487
-0.58475656
-0.63430656
-0.60219202
-0.69960294
-0.72713263
1.09266075
0.90329550
0.85505213
0.43169969
0.41057589
0.60156178
0.34740419
0.40276550
0.28581419
0.20294131
0.20445637
0.41691779
0.08796123
0.71219419
1.03899904
1.11849644
1.48460348
1.28769880
1.08610105
1.08293027
-0.97182668
-0.92785605
-1.08724505
-0.77971672
-0.48159476
-0.90345487
-0.80091804
-0.63792151
-0.70095368
-0.54328733
-0.42264257
-0.43534338
-0.41958496
-0.84170996
-0.87821902
-1.02906798
-1.10782599
-0.99319968
-1.24916818
-1.14403895
2.36668152
2.26719784
2.16476094
2.25102289
2.60201323
2.62676084
2.47842695
2.63304433
2.56985301
2.22027680
2.10655160
2.22304684
2.41241492
2.52285489
2.40256130
2.29058856
2.50486454
2.51217459
2.58043482
2.39111893
-1.32010594
-1.24024743
-1.33756599
-1.15786466
-1.03235822
-1.39542665
-1.11932625
-1.09588546
-1.32171301
-1.38038637
-1.48246024
-1.29910756
-1.42956928
-1.33276770
-1.39863146
-1.19001827
-0.90805197
-0.51966045
-0.89839287
-1.02292540
1.27595201
1.64844599
1.63263298
1.56755195
1.54814478
1.84579733
1.47540354
1.78234862
1.74180110
1.65870503
1.35398694
1.17229929
1.21192203
0.83402027
0.76247172
1.04060747
1.03656996
1.10758164
1.26407985
1.16701629
1.73811648
1.73380134
1.32313392
1.44269030
1.39542423
1.41933760
1.29989152
1.32641176
1.31851323
1.54509206
1.57669810
1.00729907
1.04238010
0.91145415
0.87133522
0.90772159
1.03366359
1.47226627
1.66236064
1.68329307
2.66120837
2.35738671
2.19447072
2.36954344
2.48692965
2.41409548
2.89371766
3.24040104
3.19967637
3.17210508
3.25035319
3.25657785
3.08750713
2.72498266
2.55887872
2.35331421
1.91914462
2.33366614
2.71830648
2.67300873
-2.13863704
-2.14291852
-2.25936452
-2.17224235
-2.43370658
-2.39513759
-2.30764331
-2.39906084
-2.58680327
-2.49820384
-2.55030605
-2.55369636
-2.73082436
-2.96025785
-2.63958205
-2.57537849
-2.28536653
-2.41347083
-2.33937265
-2.20776178
-2.20254664
-2.12537154
-1.84981994
-1.94889352
-1.90005821
-2.08499632
-1.50886399
-1.31044222
-1.20979684
-1.44282668
-1.08576414
-1.47015256
-1.89216010
-1.91792678
-2.21015397
-2.53156094
-2.40257736
-2.42393479
-2.27957358
-2.27050564
0.33791092
0.12787266
-0.04450900
0.19488512
0.09679840
-0.12192809
-0.42813735
-0.14652718
-0.20989381
-0.28838346
-0.18954125
-0.03589263
0.12429959
-0.24927572
-0.09874692
-0.37053860
-0.34574243
-0.01660730
0.33491748
0.50522713
0.41577289
0.67103190
0.68775050
0.44884118
0.67387209
0.92702707
1.01281597
0.69006064
0.56775624
0.03305468
0.17698393
0.04732995
0.17661392
0.10427445
0.20428246
-0.07820868
0.09871218
-0.36123746
-0.22510956
-0.08244980
-0.31782322
-0.45700241
-0.37663663
-0.56592413
-0.55372504
-0.64562810
-0.48617533
-0.15378769
-0.33996211
-0.60966805
-0.59202596
-0.90745692
-0.76251530
-0.92030452
-1.01719274
-1.12153560
-1.05961761
-0.73804002
-0.54558795
-0.51781789
-1.68806173
-1.51919947
-1.63859147
-1.72806070
-1.83968697
-1.93348704
-1.94374872
-1.99004382
-1.46139000
-1.54227176
-1.48881645
-1.32342434
-1.51100327
-1.53746563
-1.57149067
-1.75524785
-1.67984229
-2.02679558
-2.33557242
-1.77273845
-1.14355845
-0.87245625
-0.54158874
-0.58366470
-0.54552408
-0.69661070
-0.55158993
-0.41554710
-0.59600623
-0.61626347
-0.93418535
-0.99253332
-1.00894026
-0.82470537
-1.09376593
-0.97640103
-0.84844022
-0.45497379
-0.63607854
-1.15203988
3.28313206
3.00054312
2.72277261
2.89407099
2.98371570
2.76503745
2.77596519
2.97407964
2.82452348
2.60756682
2.46565695
2.67060507
2.65045602
2.99793987
3.01045923
3.21971490
3.19120723
3.06986705
2.97114704
2.89755968
-0.61393551
-0.53116914
-0.43335275
0.05621085
-0.10761814
-0.36813435
0.16766531
-0.20350766
-0.62756676
-0.54294991
-0.30975307
-0.44375023
-0.29973872
-0.40029105
-0.03220351
-0.27870124
-0.42891942
-0.60822986
-0.86121282
-0.80224502
-1.95346322
-1.67092816
-1.50264955
-1.32372980
-1.12408584
-0.81748354
-1.01943247
-1.02311431
-1.14027783
-1.28747080
-0.91122752
-0.80495798
-1.20963058
-1.31076041
-1.72014532
-1.85713262
-1.98447516
-1.63156095
-1.57174005
-1.80549066
-1.77295531
-2.13942962
-1.97401296
-1.80030740
-1.62292364
-1.28200077
-1.01968990
-0.94824649
-0.59340157
-0.79965607
-0.88171892
-0.79735475
-0.91773139
-0.74042983
-0.98619787
-0.86645813
-0.89935229
-1.07816174
-1.22274314
-1.50948302
0.20565675
0.24720997
0.76123198
0.66800771
0.35827834
0.35495149
-0.01451618
0.18443631
0.17474544
-0.14087462
-0.17676546
-0.36028961
-0.50906556
-0.64205018
-0.54783985
-0.38523315
-0.44458940
-0.55834799
-0.36779383
0.06905405
0.83332539
0.90746741
0.77917984
0.75978954
0.94596756
0.90581302
0.70114364
0.78394479
0.76551981
0.69196739
0.50965388
0.43107695
0.56523080
0.68441227
0.65007302
0.91693309
0.59990538
0.66551311
0.58470874
0.54646718
2.34924919
2.15359193
2.42197270
2.20050790
2.53723333
2.17874060
2.03072784
2.10009087
2.04741810
2.03584239
1.90297715
1.81668083
1.91324467
1.98608745
1.76722244
2.18338092
2.28945234
2.48966121
2.33919655
2.24682297
-0.25771155
-0.21677651
-0.53218975
-0.51988974
-0.53457240
-0.53016717
-0.58615113
-0.35825008
-0.42554152
-0.38582074
-0.01917809
-0.24742560
-0.08744963
0.28860362
0.61105290
0.20970258
-0.03448505
-0.06860231
-0.35802925
-0.62075314
0.61434409
0.89004014
0.46763031
0.42343641
0.21808926
0.22746839
0.14106185
-0.16605941
-0.28208250
-0.10571257
-0.19488080
-0.11289178
-0.18966820
0.12429225
0.13492356
0.32182042
0.41381101
0.90146552
0.76148085
0.73140946
-1.04736603
-0.92811563
-0.74609785
-0.73310283
-0.56609561
-0.27120724
-0.33785593
-0.65960165
-0.48224246
-0.61933416
-0.20689917
-0.11692042
0.14354066
-0.05997344
-0.16330253
-0.20186328
-0.75176728
-0.71588930
-1.03602758
-1.11162787
0.73411380
0.95194877
0.80471462
0.91968039
0.85435969
0.70912793
0.53274511
0.15501662
0.06526004
0.10864614
0.24884667
0.07261379
-0.20554958
-0.27635240
-0.15828735
0.10928594
0.10639811
0.19890656
0.33643858
0.26064406
-1.37713751
-1.32654557
-1.49229428
-1.57289468
-1.48972680
-1.48494609
-1.53319814
-1.09994192
-1.01138171
-1.06144066
-1.16278900
-1.09494852
-1.36889085
-1.22302763
-1.53917070
-1.13636982
-1.66330690
-1.53036251
-1.81988144
-1.80455279
-2.17946476
-2.10817042
-2.10645069
-1.87441123
-2.00837978
-2.03722490
-1.87326008
-1.74987918
-1.79584710
-1.86800477
-2.28987677
-2.40871387
-2.09825314
-2.16599980
-2.17062933
-2.31006114
-1.97456587
-1.77506866
-1.96097839
-2.06273767
0.86429345
1.24670977
1.08846803
0.83850800
1.14750667
0.80411835
0.74797732
0.43045097
0.19650260
-0.00041815
0.12537777
0.23839369
0.30598274
0.64975444
0.86446829
0.79489991
0.62465528
0.57712663
0.85660353
1.10365891
-0.18657616
-0.49040960
-0.80189494
-0.85283423
-0.61509632
-0.83990001
-0.96367835
-1.02525843
-0.94785123
-0.57353878
-0.62478016
-0.67627490
-0.59452561
-0.97457891
-1.13017592
-1.39179236
-1.32277193
-1.24859697
-0.53041581
-0.30758804
-0.37947748
-0.75061042
-0.94065368
-1.01116940
-0.86129084
-0.70749690
-0.78402982
-0.82424909
-0.86007272
-0.60613848
-0.44293473
-0.61336136
-0.25555869
-0.09709871
-0.00402661
-0.30543077
-0.58843385
-0.72452384
-0.72400060
-0.27866842
-0.74998520
-0.85899619
-1.11997644
-1.24337676
-0.82001623
-0.89441582
-0.80264105
-0.87306635
-0.73783783
-0.98358894
-0.94719993
-1.00895815
-1.11510984
-1.25937485
-1.70725434
-1.16175282
-1.40238334
-1.50715369
-1.31159979
-1.12815962
-1.26341580
-1.06176155
-1.12775914
-1.21403783
-1.43386579
-1.18653854
-1.31655424
-0.74851836
-0.72022673
-1.01462071
-1.09133518
-0.99278549
-1.29020043
-1.27967411
-1.39507702
-1.06150785
-1.29477404
-1.43109558
-1.40198394
-1.15246097
1.58030613
1.49120400
1.67627640
1.85145014
1.88128540
1.54747586
1.36434621
1.34828590
1.43104675
1.57692727
1.83220375
1.86139000
1.85045851
1.85988319
2.08560941
1.66815167
1.89978102
1.70501950
1.47389463
1.56540430
0.15612365
0.12472746
0.19406295
0.85232904
0.88566065
0.86427420
0.50242342
0.83743473
0.65959454
0.63781513
0.54908798
0.45791520
0.72763414
0.65100811
0.22616761
0.52921092
0.56704173
0.46519613
0.41029483
0.30505254
3.59052131
3.39342941
3.40337656
3.23148801
3.24882125
3.28738429
3.53462630
3.11801697
2.89808148
2.76207120
3.01018605
3.13877695
2.95442007
2.92399172
3.17233522
3.38524103
3.24338858
3.48359546
3.71547272
3.60465283
-0.07277961
0.20514573
-0.14289455
0.04477709
-0.36925824
-0.15404728
0.12294653
-0.13631626
-0.27978699
-0.53150942
-0.26722395
-0.02253336
-0.01960044
0.20627823
-0.29839822
-0.29283400
-0.29890680
-0.39647353
-0.25438400
-0.31996667
-1.15067334
-1.35795939
-1.05478656
-0.90746114
-0.77854020
-0.89892959
-1.05722126
-1.28584134
-1.65711964
-1.75888977
-2.12218547
-2.19052562
-1.98599422
-1.82798693
-1.46149949
-1.35532608
-1.00288285
-0.75562889
-1.13188817
-1.23755847
0.94857743
0.76833614
0.57464801
0.61949873
0.30315802
0.46985535
0.62023295
0.34626855
0.62842814
0.72241190
0.98560768
0.91719675
0.70760030
0.51528041
0.37599846
0.36746796
0.28965677
0.39227344
0.51067121
0.65290482
-0.25791958
-0.28831623
-0.30025645
-0.08192067
-0.15582604
0.00952291
-0.10720067
-0.26972302
-0.19426140
-0.12197394
-0.45608605
-0.51038892
-0.71840961
-0.35300738
-0.37837631
-0.57183415
-0.49695818
-0.67129385
-0.52211859
-0.28530046
-0.22000364
-0.30053287
-0.32348313
-0.08226870
-0.28168802
0.04098340
-0.15578508
-0.26624049
-0.01267251
-0.08383516
0.38934088
0.28712700
0.44222804
0.06661341
0.15116347
0.21328981
0.00074260
-0.61192799
-0.26981012
-0.24497813
-1.74359873
-1.60096491
-1.47457186
-1.48939303
-1.43747529
-1.19582598
-1.04667785
-1.21127524
-1.35958828
-1.22412917
-1.23122811
-1.20465908
-1.37554204
-1.43030899
-1.49431666
-1.71756253
-1.74943737
-1.91700248
-1.64710521
-1.76199032
2.07814781
1.87581334
1.99927505
2.03414665
1.71820834
1.54459372
1.88164077
1.88416101
1.93133144
1.78256270
1.88303344
1.71247701
2.01506742
2.21317160
2.16307474
2.16185530
2.19743944
2.00048684
1.89623229
2.17935683
-0.87086631
-0.72420748
-0.64180802
-0.68716263
-0.65454703
-0.72952569
-0.83150143
-0.77260279
-1.11287137
-1.43794981
-1.13956441
-1.33401099
-1.56654673
-1.51645251
-1.13422233
-1.12870510
-0.96737526
-1.29505027
-1.41990436
-1.07232271
0.59649980
0.61191298
0.61503064
0.76882119
0.83770102
1.15908918
0.98421560
1.32717418
0.99553714
0.88633234
0.84126457
0.64507249
0.23645596
0.35631559
0.73495118
0.76639933
0.66788541
0.80628911
0.74068822
0.70272016
-0.90909244
-0.64736239
-0.71184175
-0.72194738
-0.46795414
-0.61658120
-0.48082411
-0.33845342
-0.68625997
-0.45406070
-0.59351516
-0.60114286
-0.75679162
-0.51722094
-0.60296216
-0.78622282
-0.64485537
-1.08581972
-0.87472764
-0.78440745
0.11032398
0.46658199
0.61439651
0.50886255
0.47626830
0.25160881
0.39057213
0.11094769
-0.12089189
0.12943125
0.37883023
0.15464815
0.54126326
0.42032045
0.04953455
-0.38362468
-0.66306106
-0.53962064
-0.33224078
0.15062086
-0.04536196
0.27943555
-0.17268663
-0.13735011
0.10444974
0.02965246
0.03311190
0.01189149
0.01559693
0.01431848
-0.11620461
0.02470033
-0.10666158
-0.06159690
0.29583203
-0.08485842
-0.23692411
-0.42505563
-0.11404821
-0.09295189
1.37200401
1.44278685
1.20902987
1.10391604
1.66498507
1.62987358
1.84801795
1.64070204
1.37100943
1.14841204
0.86126530
1.06477436
0.73618744
0.77953212
0.60702876
0.76264701
0.80449103
0.77964896
0.86531922
0.86912456
0.47216388
0.23271952
0.45649438
0.43583420
0.76532076
0.52876653
0.66023429
0.51618055
0.45610839
0.56947499
0.58969613
0.39265794
0.11789893
0.01896419
0.06067311
0.47880680
0.20105526
0.47807767
0.49829249
0.56955467
-0.33995562
-0.03282046
0.07618401
-0.01328140
-0.16754687
-0.26753893
-0.02994982
0.30950632
0.07726517
0.19061295
0.09190798
0.07699462
-0.18597566
-0.15499650
-0.30368298
0.32615706
0.41996783
0.34546518
-0.00748553
-0.17167088
-1.55380832
-1.68015017
-1.87429273
-1.67889662
-1.56756723
-1.78562083
-1.75881172
-1.96049471
-1.81844768
-1.36488741
-1.64282680
-1.59052444
-1.62532443
-1.87240596
-2.01776022
-2.15742823
-1.92236313
-1.87023880
-1.61075081
-1.56193279
1.39863051
1.44361560
1.50906537
1.70592061
1.66146893
2.03761875
2.23357632
2.32779224
2.69188894
2.25503526
2.19978637
2.28313838
2.14843755
1.80711903
1.82829615
2.00462415
1.94473707
1.72187770
1.44275315
1.45841755
0.67006002
0.74988020
0.54063632
0.46306588
0.49700754
0.53728300
0.58651121
0.77367460
0.47740922
0.70810337
0.59562732
0.55012407
0.56434444
0.77089090
1.02879442
0.62509599
0.94445922
0.57048143
0.57073445
0.75025250
-3.33034100
-3.01853556
-2.92903389
-2.57663378
-2.79858866
-2.16853653
-2.70821846
-2.77103820
-2.49656836
-2.36269951
-1.97559280
-1.57383064
-1.59435539
-2.14444147
-1.97908961
-1.90079886
-2.28513872
-2.31026524
-2.64767333
-2.69310804
-0.08161182
-0.28125729
-0.31470999
-0.33848270
-0.39876015
-0.65649669
-0.60253633
-0.87496599
-1.19471994
-1.16064262
-1.33580759
-1.01648766
-0.93768431
-0.84758735
-0.84244652
-0.95176838
-0.70303301
-0.38649654
-0.28476305
-0.15782605
1.49346468
1.45806523
1.28351772
1.09424407
1.02936691
0.67965882
0.80378943
0.49976182
0.83594235
0.45588047
0.55935083
0.87742624
1.13781034
1.63558636
1.37546204
1.38240124
1.81556209
1.94398396
1.65318196
1.53616431
0.98512232
1.11570428
1.07854047
1.12232077
1.43326858
1.48063777
1.51542966
1.17134600
1.18124065
1.42095358
1.27730058
1.18872688
1.08538762
1.01570845
1.27709122
1.38222477
1.45430733
1.16017986
1.18994762
1.05477567
1.95869909
1.94643833
1.67665259
1.93686277
1.83284079
2.01602087
2.07845593
1.97897404
1.76730557
1.71000972
1.85509547
1.57649102
1.70961182
1.83812320
1.89765787
1.71368091
1.57970197
1.90547217
1.80511265
1.91993376
-1.01956954
-1.14490592
-0.90540866
-0.96017633
-0.98188036
-1.05934719
-0.78004966
-0.87301169
-0.53480498
-0.25917509
-0.17237080
-0.15519664
0.05122944
-0.35087883
-0.55315133
-0.61429514
-0.55828946
-0.98220204
-0.91419831
-0.87529709
2.03454255
2.02679893
2.13932531
2.41893012
2.56288727
2.26368719
1.99259371
2.07542271
1.93324444
2.19589301
2.40996987
2.36686711
1.98380924
1.99615388
1.95115575
1.73297924
1.76184668
2.11606527
2.06855088
1.73372881
-1.46057391
-1.61211988
-1.43229454
-1.38074418
-1.56045525
-1.33895492
-1.46711293
-1.70550539
-1.43714674
-1.63949329
-1.52963273
-1.75013013
-1.46767754
-1.31115920
-1.16065954
-1.16822621
-1.18423255
-1.01308466
-1.24985688
-1.22965617
0.92905715
0.66992461
0.46138290
0.45211884
0.34049115
0.58167705
0.54908467
0.43621387
0.48137327
0.46929644
0.35889416
0.45814993
0.36573058
0.86954820
0.97053670
1.44104715
0.97200118
1.02139073
0.95214411
0.93188352
2.11412542
1.86075214
2.23617751
2.17250778
2.27321583
2.31872673
2.40572500
2.44554921
2.67362311
2.76567311
3.03853440
2.94884294
2.99229353
3.16078440
2.91430994
2.29731083
2.18114330
1.98062430
2.00567125
1.92885272
0.70529009
0.68736597
0.63568495
0.40160179
0.33194995
0.47295560
0.64399893
0.51418017
0.38515990
0.34865158
0.32834750
0.18839408
0.42396640
0.16957810
0.00096533
0.26637067
0.34081065
0.62675604
0.88089613
1.08094813
1.06987671
0.94074563
0.96940326
0.63065639
0.53755767
0.48933444
0.47257813
0.87402353
0.71575056
0.45559927
0.53862441
0.37650096
0.37098512
0.37055962
0.61667738
0.77261301
0.67428166
0.86973786
1.09858137
1.08286444
1.61168701
1.62458582
1.74734077
1.85397778
1.69621127
1.33464925
1.53927941
1.61374577
1.56801913
1.43098108
1.37017697
1.07018484
1.22403762
1.37379032
1.37295752
1.12631969
1.26208275
1.22644456
1.48934533
1.51679829
0.77867759
0.65917870
0.57153307
-0.11602509
-0.29906792
-0.61673218
-0.50064634
-0.32474396
-0.20578216
0.10036318
0.16339526
0.39279078
0.34850947
0.24653269
0.08527846
0.07992022
0.05298664
0.08185421
0.59252895
0.83138841
-0.24587154
-0.23377679
0.04083266
0.34359641
0.23752403
0.04258005
0.20518118
-0.07831959
-0.11651381
-0.35798612
-0.21798265
-0.04253987
-0.05467462
-0.01160824
-0.01859631
-0.35250171
-0.35472407
-0.23423426
-0.09605363
-0.27548102
1.32223801
1.15780604
1.17365405
1.25635363
1.13939010
1.14489624
0.96751970
0.89255355
0.98022841
0.43597542
0.62309637
0.74238483
0.75330827
0.81066818
0.28211498
0.56193549
0.54177131
0.92287879
1.18296713
1.44538332
0.92621061
0.87425476
0.93781590
1.23704461
1.55276303
1.28569648
1.14300490
1.15792828
1.24892706
1.40032968
1.40675673
1.24219975
1.25953276
1.01599396
1.13758903
0.87588037
0.85188870
1.07711739
0.84663737
0.82203730
-0.48367359
-0.78501120
-1.05475768
-1.13474331
-0.77622059
-0.65299267
-1.09011893
-0.87091509
-0.90740025
-0.59471823
-0.85387889
-0.68373679
-0.53817958
-0.58795637
-0.19067098
0.01201234
-0.37086112
-0.28691275
-0.40828074
-0.39413017
0.42824662
0.35312363
0.35978609
0.55561601
0.44245996
0.39389382
0.19326552
0.17374482
0.09474864
-0.06748967
-0.04951753
-0.05433742
-0.27012542
-0.23729001
-0.07822801
0.07357776
0.09875689
0.11585637
0.46995896
0.32690313
2.65491669
2.67226850
2.44064404
2.84425586
3.05265779
2.74474131
2.60982111
2.46952845
2.53227586
2.66529104
2.19189937
2.28318208
2.57892042
2.64474267
2.75452430
2.88480809
2.98784105
2.53066057
2.65397377
2.74860648
0.91142236
0.98671535
0.85338720
0.49917253
0.81530686
0.88202256
0.93247965
0.74448193
0.93168941
1.13520436
1.08352254
0.95801167
1.01252526
0.93033271
0.80220710
0.64272268
0.54448461
0.71838511
1.00806872
0.92897031
1.22558761
1.07541017
0.87661296
0.72796599
0.78601448
0.87217473
0.94678244
0.87126147
1.07793717
1.29915334
1.12625412
1.12546165
1.54414528
1.35502660
1.09288269
0.73137987
1.03183689
1.13384043
1.11614840
1.28867783
0.83882194
0.55358581
0.62583127
0.42130291
0.46700564
0.15427926
0.11715661
0.18994635
0.24009256
0.04013914
0.18082226
0.25384949
0.04925688
0.12424374
0.19012213
0.07800168
0.45210429
0.36330177
0.46504243
0.52776572
2.15175797
2.25457092
2.18664098
2.52333981
2.45216675
2.08649370
1.78693714
1.89035801
1.58898135
1.43782048
1.33516440
1.45164844
2.18600008
2.49109051
2.85169546
2.62846829
2.54455602
2.30742323
2.20282194
2.13833341
-0.38315989
-0.49909828
-0.39878307
-0.15934779
-0.15676843
0.05721343
0.11382271
-0.08160928
-0.19904573
-0.53198549
-0.59587032
-0.77146039
-0.69081140
-1.03321307
-1.33681655
-1.06724218
-0.87767814
-0.67358275
-0.65226054
-0.60527574
-1.25895346
-0.94929845
-0.79444967
-0.62474399
-1.05397412
-1.30231720
-1.24360799
-1.26671296
-1.20735557
-1.33859779
-1.35666311
-1.33375829
-1.39533753
-1.27798475
-0.98380216
-0.69388600
-0.72926889
-0.46579557
-0.75025570
-0.76612644
1.45550007
1.14770536
1.17487211
0.89047623
1.04886468
1.03712408
1.16817531
1.15821844
1.32021107
1.08645655
1.14635306
1.37212540
1.63950643
1.53410356
1.80510568
1.76460496
2.00975643
2.47235455
2.07714094
1.87153608
-0.56032993
-0.56963643
-0.75174071
-1.08002171
-1.02456718
-1.39151413
-1.38789861
-1.07073021
-1.12377671
-0.94865858
-1.00647177
-0.99848117
-1.04702836
-1.11032739
-1.08802372
-0.92712514
-0.51673983
-0.44391960
-0.67523190
-0.68795476
-2.49523555
-2.50231786
-2.25726354
-2.35274682
-2.57212027
-2.55204978
-2.70319448
-2.67042733
-2.38305811
-2.22644934
-2.26780129
-1.77133189
-1.57345169
-1.68786806
-1.71399532
-1.90396535
-2.13751211
-2.35129134
-2.22877070
-2.19677121
-0.63476580
-0.48028650
-0.32988967
-0.26382271
-0.72355980
-0.60362889
-0.27231841
-0.73213250
-0.63077577
-0.73927310
-0.59285934
-0.69991334
-0.95110466
-1.14500103
-1.18053095
-1.29909927
-1.21017740
-1.13207045
-0.70338010
-1.00720715
0.66837562
0.89280794
0.72440510
0.53847606
0.49933601
0.55658203
0.57730548
0.32160257
0.42119348
0.54238359
0.60185379
0.90796585
0.99709337
0.85252719
1.06493102
1.18390180
1.02764663
1.09650207
1.09243606
0.89832404
-0.44045291
-0.01729598
0.28441850
0.57606362
0.08681844
0.07381886
0.07919129
0.19089312
0.05982319
-0.00291200
-0.04292135
0.26398771
0.06676452
0.01788973
0.08073999
-0.21463673
-0.28101019
-0.46470371
-0.63075559
-0.69906969
-1.85798918
-2.01115486
-1.64325027
-1.47769163
-1.57807309
-1.56894080
-1.34628066
-1.12383988
-1.23334721
-1.73443386
-1.69862660
-1.60153509
-1.59809867
-1.24400500
-1.13013079
-1.24628431
-1.25692043
-1.17625743
-1.38101870
-1.70245403
2.54475541
2.33849913
2.41711018
2.12895773
1.72045237
1.94227025
2.09589041
2.54704576
2.23255539
1.91564306
1.76037938
1.79310890
1.64058279
1.93276995
2.47994663
2.44471843
2.30023996
2.14279563
1.93399216
2.31037626
1.10902627
1.27672649
1.21043611
1.66094249
1.77747942
1.49516824
1.31608528
1.08922965
1.25369442
1.43438709
1.41290891
1.47777418
1.53712222
1.58416643
1.42923355
1.57997034
1.31145605
0.96293688
1.19284006
1.43743925
1.37366097
1.49800990
1.53767295
1.62303417
1.82539222
1.84335689
1.77479446
1.82774623
1.65740803
1.30802951
0.81606404
1.05992371
0.92061584
0.92737131
1.00820522
0.95334081
1.13504189
1.05915053
1.65322882
1.53185773
-2.15081314
-2.32953421
-2.14565047
-2.10130049
-1.68273578
-1.65207923
-1.61730814
-1.90542730
-1.69238260
-1.31787570
-1.37871218
-1.49919450
-1.53268244
-1.73264793
-1.97950936
-1.97339228
-2.07342173
-2.17930847
-2.49837920
-2.32969889
