phonon_position
-0.03359446
0.08580309
-0.19147126
-0.16872306
-0.46784296
-0.16491118
-0.23162129
-0.29926072
-0.37697144
-0.58831255
-0.43551917
-0.33940310
-0.41187936
-0.13912313
0.13744894
0.09678292
0.17043084
0.22202575
0.34984364
0.23147844
0.50639292
0.43764250
0.37426094
0.20189238
0.60541513
0.35353817
0.41405143
0.97041008
0.80983956
0.37378077
0.41088284
0.65890110
0.19140767
0.27321906
0.18133487
0.36017054
0.27630369
0.07703345
0.15897824
0.71738049
-1.83860915
-1.48460122
-1.30517974
-1.41252256
-1.49964268
-1.74555654
-1.65394180
-1.68712946
-1.94235588
-1.72499977
-1.49582759
-1.36755893
-1.36481388
-1.49540811
-1.61782393
-1.68763066
-1.56058708
-1.17814436
-1.51387950
-1.79806102
2.72280830
2.42817392
2.36234722
2.62659304
2.57834946
2.24981928
2.27383084
2.54850865
2.22237428
2.37212544
2.29963379
1.85924360
1.92481320
1.90841106
2.07348600
2.40598088
2.39012793
2.43909205
2.50396504
2.39572701
-0.29311705
-0.08679380
-0.07722244
-0.10884537
-0.00939782
-0.14210091
-0.19681510
-0.05170133
0.20144165
0.22852704
0.31536112
-0.01619589
-0.23206108
-0.18253929
-0.10107021
-0.28253656
-0.58827923
-0.56552751
-0.27572248
-0.41199550
-0.22408288
-0.22956720
-0.46352935
-0.70918787
-0.41592169
-0.33183274
-0.33482219
-0.13849383
-0.08257549
-0.30593743
-0.31898894
-0.44426282
-0.37021613
-0.43533934
-0.68664790
-1.04845799
-0.95716815
-0.91448926
-0.89121033
-0.25114837
2.04461319
2.00482745
2.08316357
1.94237130
1.64573175
1.52697104
1.29392358
1.23154721
1.19985464
1.32174373
1.03842979
1.34805867
1.18182068
1.10360140
1.01592365
1.26406402
1.54132527
1.58537450
1.23930353
1.81649698
-0.05349831
0.26499306
0.04601787
0.03156339
-0.03648784
-0.01632350
-0.14642327
-0.04951645
-0.10133050
-0.16184508
0.18463064
0.03574554
0.31467678
0.34932494
0.16890899
0.40386960
0.33663813
0.31667434
0.00636027
-0.07166266
0.15132796
0.23362910
0.16478330
0.55832420
0.33507202
0.41664082
0.41243345
0.17052379
-0.04494616
0.35963956
0.53282636
0.58156501
0.33038494
0.29740656
0.16942323
0.29454379
0.00497181
-0.01815778
-0.06793935
0.02517214
-1.80832891
-2.03280525
-1.85256533
-1.73520900
-1.81716000
-1.60213327
-1.57654757
-1.81684002
-1.67352545
-1.52015072
-1.65338893
-1.56827649
-1.48830399
-1.79442988
-1.75827941
-1.73659455
-1.10809954
-1.39664951
-1.08237171
-1.48173833
-1.13371974
-1.19008940
-1.38707475
-1.07662423
-1.26191048
-1.46905682
-1.16989836
-1.02896704
-1.08414525
-1.32591933
-1.38789371
-1.35552096
-1.07257114
-0.92811479
-1.13743959
-0.89945127
-0.71762487
-0.97836427
-0.94018819
-1.17694140
-2.27263796
-2.37850259
-2.01537305
-2.07496557
-2.15734947
-2.36733944
-2.26365846
-2.24229383
-2.31578627
-2.19364807
-2.25634772
-2.39825925
-2.21095241
-2.13924823
-2.02959237
-1.84913287
-1.67633417
-1.66459819
-1.64959909
-2.12758163
0.09551406
-0.10978429
-0.26534772
-0.17017151
-0.30616500
-0.32165790
-0.32017740
-0.24752594
-0.11247498
0.03433647
0.20387892
0.33342372
0.44100932
0.44740570
0.41025121
0.12671331
-0.44105321
-0.10558079
-0.13455635
-0.04084434
0.91452088
1.02754707
1.29638502
1.07725044
0.85595488
1.13554042
1.13164414
1.01817227
0.88675838
0.85360599
1.09782004
0.82908246
0.86054124
0.83774024
0.87534104
0.92420251
0.89953591
1.16498838
1.00126986
0.89479646
-0.38151351
-0.60318921
-0.84656744
-0.46201977
-0.74172916
-0.93981717
-0.77985465
-0.43788644
-0.39985320
-0.34065430
-0.33471355
-0.28371618
0.41435142
0.68899023
0.68635749
0.46466003
0.21098922
-0.04788309
-0.02177975
-0.12630351
1.05770193
1.35981587
1.34887155
1.12611225
1.26645356
1.11395361
0.92959127
1.04265792
0.60674749
0.63004197
0.65792526
0.45472254
0.56726392
0.38799968
0.58385488
0.68977234
0.79259635
0.88891118
0.71873719
1.10292810
0.76430948
0.62681131
0.66316238
0.67277946
0.49534294
0.81735017
0.62361420
0.95665377
0.89074382
1.12125328
0.97860654
1.32419178
1.42479283
1.41315262
1.46832716
1.62823479
1.18793511
1.04503004
0.87125993
0.85099665
2.15218812
2.08939523
2.16099128
2.37149110
2.06957874
1.92514994
1.84043604
2.00386016
1.97861068
1.65819420
2.14488745
1.97091413
2.13116913
2.02789999
2.23294664
2.24530288
2.39425380
2.17216152
2.08426861
2.00659423
1.05874018
0.85983116
0.71010298
0.54462793
0.58716110
0.67146810
1.19398886
1.51189738
1.51512772
1.67474850
1.38988253
1.50463958
1.37932963
1.31592988
0.92026400
1.10946651
0.85104293
1.07891328
0.78579387
0.79312926
0.22596207
0.28836388
0.30500139
0.47257514
0.58242420
0.44942992
0.65466377
0.44035386
0.61622857
0.55868930
0.58667609
0.30975318
0.62630728
0.13378954
0.12855601
0.04085690
-0.08199369
-0.11985588
0.03009761
0.17737836
-1.36995063
-1.18956456
-0.57675879
-0.51043643
-0.30100203
-0.19013953
-0.27324781
-0.05858690
-0.21549952
-0.04046347
-0.52043245
-0.62107347
-0.91132871
-1.12414913
-1.15145809
-0.89395893
-0.97566198
-1.24805177
-1.01603976
-1.44339868
1.04393303
1.01718371
1.42178362
1.70103404
1.80847098
1.85401111
1.60788090
1.29859999
1.22739337
1.17705554
0.98835993
1.07136766
1.47219984
1.42390700
1.01310953
1.41173654
1.32003038
1.26044594
1.01484670
1.20348578
0.55305284
0.56970877
0.38071279
0.64268445
0.29983878
0.46859427
0.35697222
0.16234136
0.03081866
0.12197540
-0.05149844
0.14017533
0.34381383
0.23919972
0.35200833
0.24651970
0.19166389
0.46497072
0.65802286
0.43314818
0.25297515
0.17660101
0.31314389
0.33773304
0.41332445
0.50435876
0.42097908
0.50220187
0.70516431
0.50397676
0.73852306
0.34771618
0.53468295
0.34887794
0.47126660
0.79598842
0.71768747
0.78768001
0.57797530
0.45136705
0.51704222
0.46609105
0.53174099
0.51307751
0.56377308
0.40799883
0.25900789
0.29985749
0.30082199
0.33862752
0.06156130
0.08731314
0.20979232
0.18033021
0.39669358
0.50804316
0.67883495
0.31805258
0.02749562
0.13247030
1.55214737
1.50705744
1.34199052
1.34771333
1.71414952
2.04466143
2.25490466
2.25980067
1.96600285
1.99623738
1.66281941
1.65698678
1.74499574
1.14704652
1.07107589
0.88021575
1.07097761
1.44497026
1.41649783
1.35103964
-1.89290418
-1.84041848
-1.80704188
-2.01235939
-2.46922748
-2.14033288
-2.15857578
-2.77363601
-2.67163685
-2.58875263
-2.71637576
-2.54572876
-2.68046861
-2.74674640
-2.52834161
-2.17895077
-1.91450742
-1.94103208
-1.81685388
-1.89524795
-0.07981793
-0.30052788
-0.26713233
-0.30734150
0.06345302
-0.09760759
-0.30593647
-0.25143038
0.16379859
-0.12464381
-0.15074331
-0.04995337
0.32247364
0.31733133
0.50736665
0.32939113
0.40244949
0.12308785
0.14179820
-0.32499235
3.20886381
3.15199175
3.36254723
3.18591160
2.99161367
2.89944220
2.91523089
2.91321421
2.96027519
2.91819727
2.35798247
2.69471572
3.20859007
3.21843648
3.35920262
3.23830280
3.34288562
3.43592752
3.60340970
3.36522839
1.03816814
0.89501859
0.68979312
0.34710868
0.27879115
0.45139766
0.41773590
0.70199127
0.70842002
0.71408218
0.57283074
0.42189193
0.42808678
0.25873197
0.14148991
0.42537381
0.75593670
1.34647852
1.09456534
0.78660981
0.60639157
0.87701324
1.11273129
0.84714854
0.86149851
0.82808620
0.57545462
0.98005021
1.14008116
1.22323772
0.88973416
0.55661117
0.49510815
0.80173914
1.10873454
1.03535423
0.76479173
0.57276126
0.80532188
0.86379878
1.59669960
1.82261482
1.87058906
1.84087611
1.72029042
1.60625126
1.60653877
1.69521746
1.70815198
1.85626278
1.94604365
2.01050505
1.79400727
1.84916714
1.47461213
1.28995141
1.46852931
1.45879132
1.35656260
1.58715473
-1.61149813
-1.65077167
-1.76306722
-1.25021526
-1.55080314
-2.02141285
-2.28145430
-2.30960513
-2.46457818
-1.98669151
-1.81692747
-1.96899837
-1.76310950
-1.51728127
-1.43879867
-1.54456660
-1.64469931
-1.83271278
-1.82739392
-1.71541777
1.47674134
1.62752637
1.67463095
1.63810292
1.61505067
1.77224543
1.71564137
1.70258021
1.80484845
1.99087467
1.90698838
1.54709838
1.84664553
2.16982557
1.93084145
1.99033290
1.91798907
2.07607042
1.97030597
1.69647840
1.09669253
1.29648265
1.48115515
1.37027085
1.49394875
1.94039840
2.23265341
2.17919822
2.16303278
2.27955192
2.14109471
2.16483169
1.89517962
1.57828586
1.41724910
1.53655549
1.28593284
1.22575150
1.22529237
1.28758898
-2.86529720
-2.94008536
-3.28249784
-3.51508019
-3.34328345
-3.18672479
-3.11505008
-2.84417442
-2.85854106
-3.02250019
-2.98469978
-3.00233108
-2.94410708
-2.85349453
-2.72150210
-3.01269593
-2.92736571
-2.95442293
-2.81267453
-2.93477720
-0.20689352
-0.24630021
-0.38781782
-0.28357256
-0.09019005
-0.01015027
-0.01206150
-0.01653944
0.11153140
0.06891263
-0.08094156
-0.20197472
-0.28506912
-0.39694412
-0.67774216
-0.43787316
-0.66411835
-0.68083941
-0.66558526
-0.34963677
0.49095742
0.30082505
0.51621079
0.48816403
0.66646436
1.20508664
1.26528841
1.12004269
1.24970285
0.93955768
1.07346981
1.14133259
1.33094425
1.09013011
0.93293964
0.47748952
0.38391087
0.70247823
0.60339546
0.68249913
0.39711803
0.51027142
0.30818546
0.19093851
0.03022017
0.47149415
0.25932568
0.27036407
0.30696856
0.15199086
-0.17345755
0.19872742
-0.18792922
-0.44599972
0.25766933
0.17558083
0.35107880
0.49117958
0.55616149
0.61974665
-1.24495453
-0.88952862
-0.95572099
-0.86281863
-0.97630444
-0.88999962
-0.90116848
-0.57796245
-0.34809661
-0.47931826
-0.63447253
-0.66344372
-1.14173003
-1.47804789
-1.39325575
-1.33347657
-1.43799553
-1.38147678
-1.21736380
-1.17810906
-1.29513730
-1.37748118
-1.66486423
-1.77262180
-2.06790655
-2.11669308
-1.72540014
-1.67759931
-1.92152874
-2.11528425
-2.08578407
-1.90573141
-2.11234731
-1.69021235
-1.63885979
-1.97660365
-2.06995499
-1.97177721
-1.78025293
-1.47537439
-0.26319008
-0.22961115
-0.05639612
-0.18874569
-0.02509654
-0.37620570
-0.13366421
0.02803018
-0.29231726
-0.48966271
-0.57640449
-0.66080176
-0.64913112
-0.74910831
-0.40449276
-0.23885508
-0.26642875
-0.50449445
-0.51905211
-0.38080110
-3.08948196
-2.91025165
-2.69796167
-2.53142060
-2.12752714
-2.10772971
-2.37821784
-2.44848063
-2.17814264
-2.08232410
-2.31436187
-2.46358872
-2.50764363
-2.29386303
-2.20394351
-2.19007176
-1.91564439
-1.96575274
-2.01375336
-2.32918122
1.15429387
1.24856299
1.17487776
1.45640914
1.64036431
1.37441332
1.40745788
1.42384556
1.41610269
1.19842669
1.33462005
1.15248408
1.25532525
1.28929426
1.51307941
1.43223825
1.40772896
1.66181569
1.43606921
1.21051641
-2.92148224
-3.03887153
-3.17725091
-3.18416799
-2.73144305
-3.03998730
-2.98003622
-2.91863443
-3.26647802
-3.61887428
-3.64889933
-3.62284463
-3.29439387
-3.35249587
-3.28253717
-3.25769190
-3.21607802
-2.96864925
-2.96991522
-3.28072334
1.43571645
1.28544299
1.18759007
1.40030663
1.36852953
1.50578009
1.33635111
1.27180452
1.31492059
1.15235646
0.89212352
0.95927092
1.23809947
1.25517850
1.37355431
1.23766000
1.16300311
1.24811404
1.24450228
1.13722923
1.48519667
1.36836461
1.53773418
1.53305951
1.42602483
1.25338412
1.12877704
1.16990366
1.33451963
1.28505845
1.67816534
1.73609861
1.44470629
1.64945914
1.64507145
1.81128086
1.81435431
1.18977682
1.11988359
1.34744162
-0.71834655
-0.58388820
-0.46489775
-0.08858492
-0.28312216
-0.23939352
-0.13587515
-0.40521100
-0.57735608
-0.65107188
-0.31505552
-0.26994191
-0.54364529
-0.98136435
-1.14802617
-0.92221441
-0.76586253
-0.85819343
-0.85953571
-0.94817350
-2.22351030
-2.22657548
-2.55644155
-2.27868043
-2.47767796
-2.50934699
-2.43668741
-2.41433048
-2.12484769
-1.88113217
-1.85587991
-1.68490897
-1.96925717
-2.46761404
-2.19115078
-2.15451164
-1.83343218
-1.77659749
-2.06008516
-2.09683957
-1.88784266
-1.80152213
-1.76782475
-1.76470429
-1.92295506
-1.43458378
-1.24362290
-1.38840553
-1.39579316
-1.19895576
-1.46914797
-1.49563975
-1.72476627
-1.43576777
-1.52317700
-1.34919996
-1.36319013
-1.57096881
-1.84610152
-1.92635313
0.31896366
0.42175863
0.31125227
-0.05703705
0.07405514
0.19830929
0.39782628
-0.06782343
0.11492721
-0.14377654
0.25488641
0.06851558
-0.03054098
0.26443255
0.01663846
0.44936282
0.57921242
0.39058775
0.31427971
0.15975438
-3.01837473
-3.07328482
-3.05474499
-2.84150995
-3.00876422
-2.86879993
-2.28054457
-2.18369667
-1.80227514
-1.83763793
-1.81283874
-1.85714789
-2.17402027
-2.37386000
-2.64278253
-2.55692869
-2.69829939
-2.69310696
-2.54747702
-2.68492199
-0.31551920
-0.37440495
-0.19772885
-0.38542604
-0.33962369
-0.62847974
-0.71867870
-0.49311940
0.00932186
0.28954433
-0.03061438
-0.26805385
-0.18041708
0.15029037
0.15578242
0.35651280
0.26466221
0.00681362
-0.45705826
-0.21567936
-0.78585189
-1.14598788
-1.23857155
-0.96609996
-1.33731239
-1.81796256
-1.35517922
-1.39350901
-1.01361343
-1.14189909
-1.20994055
-1.00948260
-1.01997290
-1.15182086
-0.76022803
-1.07821831
-1.10176960
-0.93274205
-0.73101972
-0.39028431
-1.06440421
-1.24112437
-1.01287117
-0.87149783
-0.85315346
-0.54800071
-0.64869074
-0.80770420
-0.82009710
-0.80595609
-0.46782450
-0.54967205
-0.38517792
-0.58840349
-0.55320338
-0.53798829
-0.91900056
-0.87607059
-1.08027079
-1.09308822
-1.53082946
-1.65008156
-1.51741551
-1.66176021
-1.61986701
-1.30069543
-1.13775842
-1.15564975
-1.21942550
-1.05562502
-1.24937983
-1.40018984
-1.78932506
-1.68748107
-1.44133592
-1.80933610
-1.47465107
-1.79326641
-2.13387809
-2.09951408
1.38138011
1.18998108
1.28065339
1.22652073
0.92763692
1.29164344
1.11500066
1.19314132
1.34470443
1.62881460
1.84375288
1.99954587
1.84398474
2.13855360
2.13268916
2.08768621
1.92064183
1.98808372
1.84551949
1.76912021
-2.51811533
-2.50110801
-2.47911100
-2.48208708
-2.13656274
-2.12522314
-2.33716136
-2.07352186
-2.10667480
-1.99368758
-1.88881893
-2.07821498
-1.94381248
-1.90615585
-2.02859609
-1.94971815
-2.23556144
-2.08849429
-2.55725317
-2.78008796
-2.57354982
-2.27892433
-2.50473080
-2.43656803
-2.63095263
-2.16075358
-1.77239269
-1.55524260
-1.43678839
-1.63298944
-1.50136312
-1.44230952
-1.82046306
-1.64626751
-1.70591014
-1.95511949
-2.04970103
-2.01107739
-2.24275630
-2.65843797
2.26021194
2.40018120
2.66911272
2.67869055
2.35762713
2.06582388
1.66727836
1.67240803
1.52511511
1.65372595
1.94500274
1.90048824
1.78006743
1.84426472
2.01823168
2.16253371
2.31218184
2.21976383
2.57164425
2.69998720
-0.41821697
-0.22692023
-0.47685408
-0.49761303
-0.48884252
-0.21703789
-0.07509024
0.02483887
-0.01398500
-0.07738669
-0.23436249
-0.55404999
-0.63040855
-0.60468132
-0.49238406
-0.65326735
-0.54073455
-0.62091209
-0.25370363
-0.13357915
-2.77706312
-2.60259217
-2.40772793
-2.88888207
-2.97075032
-3.29472255
-3.18547192
-3.18840445
-3.11142118
-2.64562055
-2.54459942
-2.65544886
-2.61262816
-2.34652846
-2.76039823
-2.56888569
-2.54073518
-2.65417111
-2.62843698
-2.56989304
-0.25649874
-0.42288988
-0.17954126
-0.02522543
0.20832144
-0.17697952
-0.07613174
-0.18281743
0.08818157
0.13337807
-0.31438724
-0.06051617
-0.09678639
-0.27322766
-0.19897134
-0.15347518
-0.19835175
-0.15226318
-0.30129868
-0.37168395
-1.37713137
-1.22310839
-1.14961697
-1.06028586
-1.34709188
-1.18181648
-1.13494711
-0.94570687
-1.12097061
-1.27596623
-1.47552018
-1.71811487
-1.81010693
-1.50899396
-1.10899566
-1.29949372
-1.28536792
-1.37372339
-1.62994010
-1.22632326
1.06088744
0.99985455
1.27833970
1.28548641
1.41432961
1.07043209
1.27016085
1.24587461
1.07650396
1.34254947
1.39233649
1.05861325
1.41053628
1.24182336
0.91844282
1.28852183
1.27971045
0.92990384
0.95285155
1.04010444
-2.67397045
-2.47638533
-2.31035062
-2.43233909
-2.72343683
-2.80724055
-3.09678621
-2.96769180
-2.76146199
-3.37117577
-2.96937155
-2.95571938
-2.90168339
-2.93753993
-2.82149931
-2.52620965
-2.73886382
-2.63130545
-2.64209692
-2.76561280
-1.72092663
-1.45950103
-1.76107304
-1.56674704
-1.46879795
-1.10115799
-1.37551239
-1.80566934
-1.41485752
-1.18465834
-1.34398404
-0.98667578
-1.01093220
-1.07370287
-1.25099124
-1.08584626
-0.93924308
-1.23517700
-1.65924270
-2.04734570
-1.86605647
-1.73739976
-1.90423920
-1.72364994
-1.43466369
-1.52897033
-1.57373634
-1.88647057
-2.09054333
-2.39608104
-2.53601922
-2.69339294
-3.22233608
-3.35274662
-3.42355930
-3.06828700
-2.65166309
-2.49305790
-2.50407250
-2.08854841
-0.21196540
-0.17318333
-0.47210364
-0.79927719
-0.48810271
-0.74226044
-0.80255490
-0.86453769
-1.04121192
-0.98809263
-0.98989966
-1.00103428
-0.88196906
-1.06140152
-0.96135669
-0.61979000
-0.41577521
-0.24980092
-0.51269961
-0.36929937
-0.14227550
-0.46465144
-0.22524244
-0.72396562
-0.59626255
-0.41797004
-0.28646028
-0.49031077
-0.34710829
-0.02652172
0.16063331
0.16069272
0.31036931
0.38093881
0.39037103
0.21652653
0.12231488
0.03579085
-0.01367545
-0.10112001
0.06269339
0.16355299
0.17394435
0.28918535
0.21836354
0.17963868
0.20571597
-0.14216671
0.06630828
0.56383505
0.29421402
0.23561325
-0.22371814
-0.37690217
-0.10880534
-0.37480667
-0.31911476
-0.62274382
-0.61915096
-0.36346866
0.26703175
0.08525698
0.00852187
-0.06386204
0.20099096
0.22797011
0.37293520
0.26061306
0.49680452
0.27168231
0.69823266
0.73081398
0.21777147
0.22338637
0.26178326
0.45112278
0.36236066
0.47411915
0.47460662
0.64104130
0.04875779
0.19760818
0.43505488
0.93792776
1.30162636
1.31827704
1.01683003
1.03681899
1.10980053
1.34053402
1.51534534
1.51507861
1.33942225
1.17020230
0.45002505
0.38872887
0.51323008
0.29154671
0.00223375
-0.00187419
1.17676229
1.18156978
1.19948848
1.02721964
1.02534432
0.44245170
0.38989848
0.05018041
0.06189366
0.08728241
0.22192322
0.29776141
0.54396179
0.46550019
0.55441980
0.59430553
0.64320576
0.86424943
0.65754695
0.98264143
0.97158296
0.93126329
1.00563374
1.06330261
1.03073827
0.99921073
1.27618077
1.33726294
1.37592656
1.48906463
1.40214756
1.49475280
1.50268243
1.16152745
1.26591290
0.96972818
0.94910530
0.90380686
0.79360327
0.61650806
-0.07989505
0.08103379
0.40078846
0.63270629
0.59603461
0.79902543
0.82745156
0.62993068
0.56991965
0.81827662
1.03790656
1.00367521
0.85637897
0.27120173
-0.01455887
-0.09541554
0.19333471
-0.09171087
-0.03948585
-0.00659598
-2.01732582
-2.08730256
-2.02067368
-1.85988191
-1.32932460
-1.44325013
-1.44861768
-1.36923148
-1.45993142
-1.41819682
-1.25137438
-1.14103247
-1.08008469
-1.17625818
-1.41528549
-1.56308094
-1.39194316
-1.41295639
-1.68437921
-1.75175813
0.77034940
0.78084510
0.99527409
1.01216716
1.03807648
1.23465428
1.24817878
1.04698076
1.37522568
0.93910955
1.02401290
0.83606678
0.71013831
0.71902306
0.95018320
0.79689386
0.71130946
0.51644728
0.73686334
0.89837863
0.20943204
0.12697194
0.19756386
0.35620565
0.61420567
0.72878023
0.41387417
0.40047229
0.30678624
0.51130725
0.67627529
0.79695705
0.77425848
0.79194666
0.46298652
0.74216231
0.39806048
0.08645972
0.09543833
0.16855127
1.01873169
0.74223134
0.53278916
0.60046048
0.58540813
0.33255927
0.70594755
0.61918521
0.88107612
0.91646236
0.88633819
1.35807050
1.06721027
1.11745309
1.12997673
0.90846718
1.41301092
1.11926225
1.17420554
1.24107622
2.89335493
2.56942290
2.64936004
2.43777547
2.31000914
2.43915945
2.39641313
2.72602768
2.36949711
2.37295511
2.40544024
2.21048400
2.12614526
2.19666596
2.37365026
2.43021906
2.63461255
3.12217544
3.25554082
3.17928154
1.34800945
1.44694533
1.66390811
1.83830473
1.84773505
1.86454473
1.62589945
1.51958048
1.77182683
1.83236251
1.68914701
2.23637859
1.75631383
1.84458263
1.80716306
1.46038371
1.03907564
0.74985665
0.70104420
1.05455970
1.73643736
1.82619360
1.80083899
1.61990594
1.79040947
1.81009785
1.76752467
1.70594229
1.51477061
1.62881691
1.55307210
1.60574936
1.93025248
2.13654791
2.36344403
2.04088189
2.15616259
2.00554718
1.68787508
1.67217242
-0.03750537
0.03539142
-0.01364279
-0.64792887
-0.85421063
-0.87013990
-1.26973173
-1.40391427
-1.23235499
-0.84313883
-0.28060118
-0.16740107
-0.06200359
-0.25961814
-0.33481861
-0.27486330
-0.13040475
-0.12434362
-0.22896039
-0.12504770
-0.36166097
-0.32528957
-0.29603398
-0.07508271
-0.08510086
0.03582597
0.17134932
-0.00739725
0.05807802
-0.36161770
-0.02719902
0.17272070
0.02877425
0.54534588
0.44058710
0.26986930
0.16645055
0.14836276
0.09207374
-0.11779004
0.23731896
0.38565401
0.42710694
0.46113344
0.48880322
0.36869299
0.31625714
0.55336198
0.39229478
0.34578097
0.10830654
0.23607605
0.37336978
0.05480711
0.41211188
0.31745736
0.52586459
0.29952823
0.11695049
0.30201579
-0.22681317
-0.40292095
-0.59237327
-0.73714090
-0.42736276
-0.02844926
-0.45942773
-0.57839601
-0.81857454
-0.59875078
-0.63284743
-0.37803751
-0.33138347
-0.36675724
0.13181169
0.22115424
0.31836100
0.58926899
0.09800939
0.15737916
0.29005342
0.29177838
0.24312816
0.28257089
0.34586102
0.34130607
0.84692743
0.79507223
0.84033996
0.93254155
0.81383390
0.73182148
1.02255086
0.95094013
1.04601237
0.74822989
0.48369275
0.39049952
0.36482268
0.14191269
2.44358186
2.56441064
2.80542427
2.79091977
2.75188720
2.70472882
2.71426330
2.63259960
2.58013707
2.72164291
2.59897399
2.49334888
3.06177856
3.00977899
2.83733240
2.88387881
2.63723117
2.71196816
2.85565336
2.84030447
-0.59633382
-0.44333940
-0.58719462
-0.87635308
-1.33886387
-1.12539406
-1.52913832
-1.09830383
-1.21905500
-1.44918318
-1.26982095
-0.96388801
-0.84661647
-0.57936888
-0.38870697
-0.55597934
-0.50219619
-0.69000545
-0.66283864
-0.53037764
1.79222077
1.84560802
2.04062920
1.73036969
1.80011428
2.10995900
1.88799102
1.84885647
2.08907672
2.13899323
2.05581954
1.75348304
1.70617916
1.74727742
1.34932677
0.99049939
1.25407091
1.39274907
1.66893510
1.49047351
-1.35591041
-1.75789749
-1.68797169
-1.71823847
-1.90218751
-2.05460426
-1.75204097
-1.84499315
-1.61481591
-1.64300470
-1.55323354
-1.24496277
-1.33762886
-1.86786838
-1.54520056
-1.71970602
-1.73593258
-1.61712559
-1.46295337
-1.46786094
1.19560648
1.35854199
1.32672360
1.59626295
1.77926900
1.56575831
1.41524397
1.36063419
1.15426862
0.98604036
0.78387040
0.88679152
0.79962356
0.66028499
0.71586496
0.71613968
0.48741912
0.42560602
0.70746192
0.99002637
-1.27008549
-1.33006611
-1.17982080
-1.53234716
-1.81055876
-1.67486651
-1.60012411
-1.70405988
-1.57135321
-1.49966710
-1.76920801
-1.61110720
-1.56710821
-1.31823989
-1.37705993
-1.09285520
-1.20496511
-1.35057715
-1.37324119
-1.50222326
-2.32253000
-2.25407766
-2.18749352
-2.04814297
-1.96627140
-1.88028702
-2.23129594
-2.22183106
-1.94072042
-2.00328372
-2.21992440
-2.09277160
-2.27710845
-2.43773157
-1.98149185
-1.82278825
-2.11924658
-2.31832316
-2.54486809
-2.56334507
-1.34276167
-1.33633924
-1.15153708
-0.73956929
-0.49764775
-0.72502298
-0.77317396
-1.18736888
-1.07758910
-1.55463298
-1.58731285
-1.73258528
-1.59338548
-1.63232313
-1.80777859
-1.59444367
-1.52120032
-0.99779948
-0.82051524
-1.19504431
-0.99540824
-1.15513595
-1.39755126
-1.09997242
-1.08017733
-1.44933727
-1.39623240
-1.23679058
-1.29108018
-1.35628995
-1.24700354
-0.88670797
-1.01365406
-0.82698301
-1.06759445
-0.91878437
-1.14900233
-1.08732681
-1.06997362
-0.95014214
1.75093781
1.51135490
1.55608051
1.91311323
1.50430552
1.25760480
0.96119365
0.78947217
0.80406023
0.67662891
0.87795169
0.93383557
0.87361337
1.28403751
1.23483969
1.01297063
0.87723798
1.28834494
1.51855772
1.72042853
-1.07722648
-1.25882034
-0.99262328
-0.85987449
-1.05345362
-1.35035715
-1.57433788
-1.38716988
-1.37430644
-1.35298770
-1.21390636
-1.30408728
-1.46636127
-0.99277429
-1.07599934
-1.27169355
-1.21799231
-1.28607193
-1.04347518
-1.22611712
0.43134034
0.14043880
-0.03639791
-0.02897443
0.08113452
-0.17475376
0.34009097
0.41377095
0.41874972
0.29391710
0.27457582
0.40828281
0.64632300
0.91733515
0.61562787
0.46441274
0.32327561
0.52632148
0.27979133
0.17798678
-2.50831356
-2.31661998
-2.32095545
-2.22407335
-1.63418517
-1.47969991
-1.35395924
-1.16005192
-1.58477834
-1.81081673
-2.17957742
-2.31431503
-2.20360736
-2.23760195
-1.98325245
-1.82169661
-1.76567155
-2.10993712
-2.27116997
-2.55657166
2.40775525
2.36334744
2.69442774
2.94946414
2.61142241
2.84292917
3.08052829
3.37482228
3.36208838
3.10540586
3.09236979
3.07224600
3.06416245
2.73884762
2.83336562
2.45387782
2.61850711
2.33709263
2.17360639
2.14768597
0.24815624
0.53950461
0.60034786
0.63257807
0.64305749
0.45946752
0.80610547
0.74616721
1.01255023
0.77620543
0.48968320
0.78261946
0.86344650
0.79200351
1.05672418
1.36523353
0.93449952
0.83436258
0.91007531
0.81697850
0.44185437
0.58422927
0.57452458
0.92895349
0.82263614
0.75514406
0.59760175
0.44919403
0.29398211
0.52555779
0.31385304
0.45030456
0.06471393
-0.42524687
-0.42168405
-0.63361757
-0.34869787
-0.08372047
-0.24443614
0.18440887
0.03954677
0.04142632
-0.13558102
-0.12473875
-0.40154687
-0.05469836
0.15126654
0.26223736
0.26175347
0.11905750
0.11310577
0.11954175
0.12978834
0.20611267
-0.25773899
-0.29027718
-0.13649746
0.03262975
0.03823807
0.12715162
-1.39006718
-1.59684877
-1.71118123
-1.71028448
-1.78583307
-1.75363381
-1.72158790
-1.88352659
-1.58283473
-1.75611821
-1.46261312
-1.74355339
-2.21691947
-2.28318497
-2.18544590
-2.47158088
-2.24797942
-2.14012737
-1.55206461
-1.42288707
1.11920259
1.21496585
1.07216026
0.99669797
0.99116328
0.86178022
0.59404473
0.40472278
0.68436913
0.80905638
0.71887023
0.71190571
0.81393078
0.89567911
0.72809316
0.83480060
1.05974704
1.25537682
1.37698330
1.52893534
-0.06201821
0.05160219
-0.27734814
0.12229724
-0.00680388
-0.03808591
-0.01893468
-0.34292988
-0.55690584
-0.92367918
-0.65709221
-0.40282422
-0.25793138
-0.13145627
-0.43020556
-0.23544462
-0.04571050
-0.26136271
-0.47514442
-0.33646321
-1.31968373
-1.56984840
-1.74455716
-2.18558723
-2.27434289
-1.87256009
-1.78072496
-1.64468606
-1.50976624
-1.30012285
-1.23150131
-1.28723859
-0.90385245
-0.75977812
-0.80061883
-0.83056458
-0.93165173
-1.16538391
-1.39404100
-1.45518870
0.99654235
1.05835167
0.83162820
0.56042341
0.69520330
0.99910759
1.02497615
1.16338055
1.65235104
1.58726154
2.01959793
1.92117389
1.81182081
1.84369330
1.82610731
1.88413536
1.69706168
1.37848646
0.95393240
0.79645501
-0.03820276
0.18575857
0.03826094
-0.12748790
-0.00712885
0.07331961
0.38946806
-0.05117064
0.24652690
0.19957233
0.29812813
-0.06557615
-0.07388545
0.20065079
0.49374318
0.15011501
0.33141738
0.36545890
0.10798956
0.10416870
1.18812409
1.33091007
1.49922993
1.50988754
1.30743558
1.19101620
1.34001876
1.18616361
1.05294393
1.14992115
0.71812083
0.45356940
0.38949486
0.35659327
0.64070089
0.26167941
0.83784878
0.86516755
1.12026784
0.99186306
-0.56950931
-0.58327363
-0.97800908
-1.21734402
-1.08014567
-1.05448335
-1.06442917
-1.03117811
-0.64769595
-0.84319934
-0.85899944
-0.68343664
-0.76359723
-0.56694529
-1.08572470
-1.11255920
-0.84139930
-0.52476633
-0.29591003
-0.67008020
0.18386437
0.21243863
-0.22066570
-0.32969021
-0.30625446
-0.05258780
0.08829226
0.40271814
0.36094288
0.05697281
-0.21651110
0.06720965
-0.23800668
-0.12815005
-0.55011452
-0.52843894
-0.13728695
-0.09745092
0.10201640
0.04012904
1.98683501
2.25976009
2.10863999
2.20481271
2.04557317
2.07805171
1.71303552
1.28878251
1.22271723
1.26189463
1.41524155
1.42028257
1.70435740
2.01749175
2.02243361
2.25593087
2.07838975
2.09808540
2.08530299
2.25423394
2.66322897
2.65362024
2.39433787
2.29334364
2.38366806
2.62991371
2.51365035
2.70564196
2.76495202
3.15463391
2.96745023
2.83880264
2.81662310
2.79017743
2.64376235
3.21399578
3.22555549
3.19000413
2.86933969
2.70343656
-1.17628311
-1.10190010
-1.59850657
-1.50839906
-1.44195420
-1.07272706
-1.02584946
-0.89731986
-0.71572656
-0.86719299
-0.65866511
-0.62110746
-0.61703609
-0.90397850
-0.84299992
-0.58800301
-0.81061694
-0.87582245
-0.80593277
-1.17661067
3.26979798
3.32456130
3.78310906
3.69619201
3.77476364
3.90610663
3.49666418
3.45245519
3.67047161
3.65339457
3.58507383
3.56035593
3.69875453
3.72760206
3.57040983
3.45631491
3.29296365
3.34735446
3.48038445
3.36457655
0.05056449
0.24105967
0.57695990
0.36068144
0.19672881
0.27963104
0.34224899
0.43285045
0.61060878
0.32462060
0.26331008
-0.00013961
0.26332717
0.36845301
0.15772110
0.06745685
-0.06926748
-0.05491567
-0.54561641
-0.30121107
0.62305919
0.67153762
1.08516718
0.92210041
0.87201213
0.86625522
1.10606201
1.22407863
1.15326992
0.81949884
0.52124760
0.45748546
0.37149534
-0.03539275
0.22347972
0.51455678
0.19669152
0.12980081
0.26346690
0.34562038
-2.43298510
-2.31927208
-2.26954820
-2.18005666
-2.03413453
-1.80012720
-2.26871017
-2.18044699
-2.33902957
-2.47016059
-2.25070506
-2.25235030
-2.28488881
-1.77778872
-1.94187507
-1.71922735
-1.77073155
-1.46945707
-1.66137709
-1.94725003
1.24872328
1.27328183
1.12758796
1.28399130
1.13465937
1.23520738
0.76832465
0.90603347
1.13374130
1.18561643
1.08380213
0.75685242
1.04010603
1.15887118
1.57517427
1.64081739
1.40916222
1.28912510
1.21624863
0.96603118
0.46678379
0.57981056
0.55741441
0.23875874
0.30190150
0.10763150
0.39762208
0.66209362
0.56346697
0.49065743
0.72554970
0.59538462
0.66023198
0.79808565
1.05542650
0.92822729
0.90151290
0.78814223
0.65031619
0.57803610
-1.93726351
-1.69163365
-1.79293048
-1.64465749
-1.78410769
-1.57359119
-1.59519211
-1.71521831
-1.71513117
-1.56132470
-1.64992150
-1.48402911
-1.57270263
-1.84310175
-2.04241785
-1.85817408
-1.68022238
-1.81110865
-1.40644325
-1.47771762
-0.19505760
-0.39519636
-0.11466355
-0.30185800
-0.21569463
0.01157316
0.28046252
0.31558587
0.16191766
-0.09342647
0.08477618
-0.09410938
-0.04018447
-0.14118995
-0.29880478
-0.15128420
-0.30866091
-0.45731057
0.05257318
-0.04678257
0.89547332
0.91957563
0.82480294
0.85908862
0.89054716
0.97658647
0.95757948
0.33118494
0.71793162
0.62309937
0.34141145
0.36601984
0.04128079
0.18807764
-0.02111317
0.36709984
0.42857247
0.36069660
0.63041778
0.63789976
-0.52629449
-0.49253318
-0.65581059
-0.89998745
-0.60501772
-0.39210644
-0.45564535
-0.15144012
-0.61406641
-0.79317528
-0.86646586
-1.11612109
-1.32301740
-1.26974825
-1.16826120
-1.01103456
-1.03396106
-0.96929041
-0.69397700
-0.64640829
-2.11121304
-2.19498681
-2.75262094
-2.60041304
-2.30941682
-2.43450244
-2.09718372
-1.74840405
-1.95043333
-1.72163479
-1.64609949
-1.94936351
-1.72737366
-1.56130982
-1.58609971
-1.92242637
-2.13454563
-2.07535791
-2.16743968
-2.26581005
0.47457320
0.57034712
0.42344016
0.40402024
0.51508546
0.58664026
0.46928269
0.35960208
0.29854933
0.33676503
0.57804445
0.39058245
0.53385090
0.32160900
0.25236601
0.27510920
0.09967037
0.47077409
0.26897925
0.50687290
-1.19322172
-0.77575424
-1.21168355
-1.60356450
-1.59255445
-1.35275585
-1.17156078
-0.71468086
-0.95243611
-1.18495305
-1.48612075
-1.60241428
-2.05200288
-2.02143015
-2.00052053
-1.63358852
-1.60590570
-1.63278687
-1.71149282
-1.49870192
0.47806987
0.26852240
0.11840365
-0.23619048
-0.41128807
-0.53529041
-0.61795474
-0.47009428
-0.53753381
-0.47134736
-0.28037797
-0.20522732
-0.31238491
-0.34063701
-0.11818338
0.36660989
0.19714960
0.41348624
0.66167742
0.72742948
0.48394662
0.45922103
0.49268853
0.39315391
0.33704701
0.12777432
0.69620933
0.57233386
0.48724205
0.55608961
0.76145554
0.88654540
0.76919974
0.52856576
0.46446783
0.45080613
0.35705296
0.43663864
0.61134339
0.37820807
-1.16769530
-1.30987768
-0.72336454
-0.81739572
-0.49967241
-0.69700906
-0.46924180
-0.73344242
-0.61734465
-0.83474368
-0.67195107
-0.74666684
-0.66859718
-0.89277551
-1.11740237
-1.39445194
-0.99161580
-0.93203104
-0.80264951
-1.11355150
-1.03032617
-0.81988216
-0.43624869
-0.44975153
-0.20891946
0.09843019
-0.15959212
-0.05257411
-0.30253715
-0.28570102
-0.41019906
-0.71428547
-0.55938081
-0.85747524
-0.63301060
-0.86621008
-0.68996879
-0.56584914
-0.59487238
-0.80296619
-0.03491063
0.14230858
-0.07713727
-0.25974674
-0.59559966
-0.69504857
-0.48503296
-0.25699196
-0.45122366
-0.78685439
-0.61387074
-0.82525877
-0.96130362
-1.08947672
-0.97499536
-0.89031464
-0.68643503
-0.15619086
-0.37436547
-0.57604967
1.55853038
1.48366997
1.32169170
1.35215493
1.50558266
1.31314969
0.96810723
1.20114871
0.92150585
1.06302088
1.19647400
1.12272803
1.19896995
1.66134554
1.57048230
1.38312420
1.13425692
1.08443096
1.00724988
1.49563307
1.55668302
1.51220597
1.28468337
1.34238318
1.57904347
1.62565747
1.99890711
1.80464937
1.60779899
1.43937003
1.67241021
2.10888704
1.94157831
1.54437488
1.96314613
1.65054032
1.61874813
1.48570536
1.34217674
1.78752145
0.86394484
0.65546263
0.48209465
0.47518238
0.40393834
0.24249432
0.38501208
0.38465879
0.12330465
0.27620756
0.41885927
0.45636306
0.56091659
0.53228556
0.67790663
0.79060516
0.36729127
0.16466915
0.28241888
0.43025074
-1.62028612
-1.64262811
-1.47830661
-1.53555574
-1.69298490
-1.87888438
-2.00130826
-1.93596112
-2.08240475
-1.97323234
-2.34958698
-1.90824166
-1.57295333
-1.52281951
-1.56938151
-1.68451433
-1.59642377
-1.15150247
-1.18392476
-1.70025502
1.40550806
1.29401604
1.23831834
1.03490341
0.78784451
0.44796877
0.45125614
0.65634599
0.68916852
0.19021263
0.43605781
0.70413617
1.00327898
1.04530249
1.09209909
1.35143167
1.34283370
1.72899796
1.72049784
1.51835296
0.47606165
0.65922300
0.68367134
0.53732194
0.50449856
0.35470111
0.52008687
0.71503772
0.82797358
0.93081169
0.76597291
1.01273101
0.83904949
0.73875409
0.83536717
0.78029252
0.64935317
0.54217953
0.57969800
0.24897851
1.49751304
1.48492360
1.47881329
1.23113624
1.29470779
1.10123644
1.22024255
1.31477330
1.21088826
1.21309254
1.02622063
1.14276096
1.03588364
0.97398685
1.29345534
1.34530806
1.48883166
1.42347727
1.36737477
1.40484426
1.03025415
0.66867684
1.10585298
0.98608274
0.98127967
1.30136206
1.18201011
0.74165839
0.57617471
0.61723994
0.53439487
0.66454042
0.84163989
0.89415838
1.00536940
0.96614941
0.89740325
1.03028050
0.61331455
0.77546714
-0.57792697
-0.56717337
-0.32566566
-0.38541664
-0.42123663
-0.40235718
-0.47512362
-0.71660724
-0.39381916
-0.18367964
-0.21690377
-0.21467211
-0.40393671
-0.44947671
-0.83222559
-0.56245476
-0.62481563
-0.58550068
-0.68526466
-0.67514643
