phonon_position
1.55230692
1.56100715
1.49747308
1.48073352
1.21443954
1.55372922
1.31767259
1.45669370
1.76815363
1.67241300
1.68297730
1.65029698
1.27259406
1.61918671
2.08185222
1.73364344
1.37185319
1.49446207
1.59498686
1.52582743
1.54916952
1.46421677
1.49397514
1.56247817
1.49611092
1.33313199
1.17062869
1.08706953
1.21017879
1.05390288
0.94041521
0.71183281
0.84888473
0.54991990
1.01225782
1.09388769
0.98360292
1.53079823
1.26603744
1.49526694
-0.06807615
-0.19112383
-0.15914301
-0.28684572
-0.30771732
-0.32990405
-0.23589680
-0.02186478
-0.21341625
-0.06745548
-0.08053708
0.09840902
0.10110831
0.27170378
0.11241633
-0.14962704
0.21291469
0.07033624
-0.08921418
-0.19115704
-0.82016813
-0.78579130
-0.27035281
-0.41275515
-0.32470401
-0.29530792
-0.09167296
-0.11432194
-0.36061155
-0.38761554
-0.40206752
-0.62324266
-0.92175114
-1.04206346
-0.94089301
-0.75531570
-0.94153153
-0.91092708
-1.01829544
-0.51839942
0.18537255
0.41956513
0.81297560
0.78837086
0.44563034
0.37009431
0.36255710
0.35063383
0.27519408
0.35802975
0.60279323
0.01405427
-0.06824606
-0.19626338
-0.13146378
0.38340329
0.39296833
0.78931865
0.46690951
0.51677782
-2.01338600
-2.03804739
-1.88311228
-2.01457672
-2.04574552
-1.78259827
-1.79917042
-1.64189832
-1.71582172
-1.37262473
-1.26346845
-1.37534349
-1.21204868
-1.37736698
-1.60189568
-1.49853999
-1.21241580
-1.14593202
-1.41078243
-1.90608666
-1.26620037
-1.62970879
-2.17901309
-2.14222884
-1.89188629
-1.61713572
-1.69577535
-1.63396258
-1.41288084
-1.11357940
-1.19989815
-0.98510269
-1.45723121
-1.25729817
-1.37343483
-1.37721907
-1.49515645
-1.68127900
-1.59376642
-1.10132913
1.74371255
1.94449001
2.07378320
2.11817885
1.81780812
1.92055862
1.89830050
2.12646782
1.51515678
1.36317372
1.21618674
1.36558247
1.04475862
1.22157793
1.25675448
1.09691614
1.56359571
1.56077109
1.77564718
1.37161831
0.24806542
0.04874174
-0.23243409
-0.02281071
0.26539558
0.18030567
-0.08756831
0.31177232
0.35433415
0.14158267
0.23102277
0.30420388
0.56030092
0.64396349
0.65627104
0.69772424
0.60041124
0.70665473
0.53520042
0.42257749
1.97674212
1.85343950
1.66243090
1.79847173
1.59557398
1.33156073
1.18762614
1.01329229
1.28696621
1.50967185
1.70608361
1.48593286
1.43568701
1.27186642
1.53978448
1.43591534
1.80116972
1.83111378
1.62746711
1.75318326
0.06315449
0.24721168
0.40628527
0.58094902
0.02177861
0.07946093
0.00526349
0.32761449
0.27606510
0.15664989
0.05011174
-0.03661933
0.06202336
-0.01898543
-0.02713885
-0.19172923
0.15104865
0.62258307
0.60234346
0.37443339
2.87216445
2.98131482
3.42780048
3.51685135
3.19903246
2.65825904
2.37404644
2.38910537
2.28257540
2.32214520
2.21042245
2.48191784
2.54444902
2.45493373
2.68586098
2.61599935
2.73251421
2.65721038
2.54541248
2.60030789
-2.23686711
-1.82365431
-1.76281300
-1.77625033
-1.87019695
-1.65204804
-1.98010981
-1.79201298
-2.17773115
-1.88863961
-1.87913897
-1.91097317
-2.15745178
-2.12738736
-2.14805474
-2.09301711
-2.11440682
-2.06676640
-1.96100831
-2.35657403
-0.37820056
-0.10140230
-0.30438236
-0.20952467
-0.67376652
-0.96012068
-1.06187095
-0.64381471
-0.67888287
-0.83363211
-0.68573791
-0.76016446
-0.71971032
-0.58501310
-0.54523047
-0.58157505
-0.53298474
-0.46903754
-0.31363194
-0.32127442
0.15780810
0.14149446
0.01738778
0.05244530
0.16740377
0.55547342
0.61999810
0.88187014
0.82874543
0.50305850
0.11839803
0.06325047
0.13308952
0.21640135
0.08044744
0.24352598
0.40892032
0.35272652
0.33626399
0.29793663
-1.57410592
-1.61179269
-2.17046638
-2.16409546
-2.29799188
-2.01205145
-1.74212442
-1.99150029
-2.29427622
-1.96534611
-1.90552950
-2.20973439
-1.77931147
-1.67451535
-1.83910837
-1.42401776
-1.37264611
-1.40394054
-1.28814072
-1.78936785
1.76287311
1.70184569
1.62587820
1.74117524
1.72719329
1.72967668
1.64592481
1.73125357
1.69462198
1.53484880
2.02622792
2.08531165
2.05152498
1.95887067
2.01853809
1.88598607
1.70155503
1.83355487
1.94750517
2.24010665
-0.73009317
-0.23581727
0.01867044
-0.19893865
-0.08792631
0.30359713
0.28166887
-0.05020465
-0.38763355
-0.57225852
-0.76579914
-0.71296338
-0.74662999
-0.64877252
-0.72294885
-0.66804770
-0.81176533
-1.09383692
-0.83941685
-0.45909322
-0.53990325
-0.72005429
-0.50246688
-0.63410021
-0.62941065
-0.82215808
-1.10490101
-1.66311611
-1.79040479
-1.87856278
-1.86730061
-1.82163373
-1.28976201
-1.17173570
-1.16224598
-1.27772202
-1.14932383
-0.87343243
-1.11976447
-0.83620099
-1.91585838
-2.07498841
-2.27357432
-2.41642553
-2.28691745
-1.99681237
-1.85559256
-1.95107979
-1.86964057
-1.95538561
-1.90527566
-1.72005620
-1.33174535
-1.27070970
-1.15917845
-0.99463585
-1.43639226
-1.37164707
-1.51111652
-2.06248110
2.57105368
2.56547430
2.60190511
2.58322922
2.58621049
2.66985747
2.62956776
2.37363078
2.63749071
2.30582004
2.22377932
1.80660127
1.62259317
1.82323538
1.84644488
1.73232651
1.97728096
2.07043610
2.03881920
2.13715744
-0.44421830
-0.30757549
0.10520313
0.12869570
0.26436796
0.22621984
0.29275459
0.54501549
0.61788860
1.07606256
0.73208931
0.54607874
0.73962811
0.36611975
-0.11446043
-0.03989304
0.00672942
-0.03072091
-0.28679053
-0.45874102
-1.19478208
-1.42795869
-1.24686241
-1.45008952
-1.19037561
-0.98435424
-0.92780384
-0.94364312
-0.53531778
-0.80357592
-0.66894970
-0.82482615
-0.78673256
-0.60008578
-0.94612869
-1.12953694
-1.14810164
-1.35567520
-1.56052106
-1.48673809
-1.06010453
-0.68279924
-0.99210447
-1.24331807
-1.30843876
-1.13741051
-1.34883452
-0.87604223
-0.97551767
-0.80184943
-0.87556307
-0.82717753
-0.56745920
-0.30823036
-0.31255004
-0.32368889
-0.11701044
-0.36401908
-0.89611381
-0.85337956
-1.57267493
-1.50740280
-1.70627397
-1.80436875
-1.46820978
-1.17545848
-1.67086821
-1.52488000
-1.78414126
-1.73654762
-1.30828570
-1.18734636
-1.28841280
-1.77332795
-1.42559055
-1.48047898
-1.43109505
-1.59597059
-1.33174020
-1.52551967
0.67333670
0.08202011
0.55336157
0.26191486
0.59191945
0.41836115
0.35877164
0.45246897
0.43062230
0.84548058
0.44863723
0.82919227
0.99291381
0.81051436
0.90705399
0.75739529
0.79191543
0.79738720
0.54841407
0.65534191
-1.27966320
-1.09389848
-0.93013791
-1.10135005
-1.03701012
-1.45311682
-1.98847433
-1.26295016
-1.39571995
-1.12041101
-0.98393455
-0.63047178
-0.57376846
-0.56938288
-0.84141062
-0.96505245
-1.04332665
-1.16835916
-1.59373817
-1.39307481
-2.64917656
-2.44243094
-2.30790690
-2.19497743
-2.41127151
-2.17312573
-1.93739844
-2.16384094
-2.06117638
-2.09243948
-2.24202209
-2.02940072
-2.38065681
-2.56301700
-2.53913054
-2.65686782
-2.51525936
-2.42321395
-2.59429335
-2.62272915
-0.16258741
-0.56727349
-0.46628490
-0.59237485
-0.62407216
-0.23960252
-0.50254991
-0.33304173
-0.52472247
-0.42736782
-0.22257535
-0.05047724
-0.30891819
-0.44577620
-0.25852914
-0.27179528
0.10334836
-0.16732931
-0.09936746
0.12256472
0.70046483
0.97123506
0.88710698
1.01015457
1.05159148
1.28002790
1.47183801
1.37994795
1.16487923
1.33267470
1.40825542
1.76468876
1.33959489
1.36029987
1.06795034
1.18329958
1.18627682
1.11430819
1.21382456
0.86795620
1.88870789
2.08274771
2.32372384
2.30500939
2.37560220
2.55035333
2.83115199
2.79700641
2.79673043
2.26548430
2.09745432
1.96378943
2.29924431
2.23159334
2.51726193
2.23968085
2.06233223
2.00869972
2.30598140
1.97277534
0.31273738
-0.01427386
-0.02655818
0.11124750
0.22639417
0.45178074
0.24967357
0.68789761
0.56282171
0.43651045
0.48668383
0.50256026
0.40080138
0.57342181
0.16861254
0.34627605
-0.19340991
-0.09069443
0.10319694
-0.15782479
-2.57606008
-2.51970661
-2.58103641
-2.54201997
-2.83242598
-2.88254314
-3.03145592
-3.08072051
-3.02024308
-3.08660980
-3.04916241
-2.70858503
-2.60309289
-2.69857462
-2.73762800
-2.87565172
-2.78428355
-2.67020985
-2.82028301
-2.71514139
-0.94725660
-0.72095438
-0.67360524
-0.98407632
-1.07451125
-1.13336124
-0.89860708
-0.71209770
-0.91710264
-0.75408163
-0.97744382
-0.96759931
-1.13662969
-0.98512997
-1.26413357
-1.31790034
-1.11610710
-1.20567979
-0.64654471
-0.76486468
-1.18118557
-0.90068209
-1.29120349
-0.99797791
-0.83750949
-0.68716873
-0.60791942
-0.61260419
-0.57827478
-1.02823898
-1.25700520
-1.25002270
-1.17887112
-1.09414612
-0.92404104
-1.17648878
-1.39366398
-1.31783634
-1.47610105
-1.42478735
-1.63473184
-1.57559907
-1.87166027
-1.00002722
-0.79503778
-1.04221109
-0.81973240
-0.82168617
-1.19716343
-1.16122801
-1.08779101
-0.94359011
-0.78007412
-0.66145187
-0.77052600
-1.02010498
-1.19545246
-1.22329032
-1.84186689
-1.80105303
-0.86496044
-0.70481406
-1.00356779
-0.96546659
-1.33849664
-1.44744787
-1.10760724
-0.97205330
-0.66683638
-0.98793736
-0.82191942
-0.85072027
-1.08462347
-0.64362496
-0.46016774
-0.41990351
-0.29348584
-0.26900892
-0.59288277
-0.63744203
-0.39320031
-0.26922564
0.08187047
0.41464655
0.55810534
0.86795932
0.41866605
0.47576891
0.05314412
-0.09781817
-0.30964366
-0.47917450
-0.67335820
-0.69523869
-0.53895242
-0.69060287
-1.07858854
-0.83760898
-0.66697394
-0.39762111
-1.01854570
-1.43209930
-1.40863599
-1.64269538
-1.65443666
-1.35628748
-1.06905628
-0.77286071
-0.38339687
-0.46932819
-0.56455798
-0.16405688
-0.20973038
-0.27047459
-0.37942960
-0.66859297
-0.54629703
-0.63451988
-0.92329210
-1.10818771
0.43560943
0.46614936
0.68730531
0.29975863
0.49923167
0.43036346
0.12289790
0.40576988
0.56256603
0.47275012
0.38686204
0.36687229
0.32889311
0.36240641
0.67185923
0.69764920
0.77494144
0.65342851
0.55292348
0.38080629
-1.17072541
-0.70152540
-0.76689441
-0.43661333
-0.56830449
-0.73408636
-0.83326268
-0.74959928
-0.72912305
-0.82533384
-0.43815136
-0.73928820
-0.70638648
-0.74433897
-0.71904978
-0.87807166
-0.98653435
-0.55939484
-0.59125423
-1.13186148
-2.35754011
-2.00739542
-2.04357403
-1.71512283
-1.60780943
-1.92336981
-2.25791916
-2.46464336
-2.75155318
-2.82640564
-2.91718278
-2.73521809
-3.02825462
-2.69245005
-2.83540866
-2.38962180
-2.53312125
-2.40431389
-2.39771171
-2.38077835
0.08983731
0.02515459
0.03291878
-0.10378530
0.14416274
-0.42182463
-0.74977730
-0.88792851
-0.79881128
-0.61801479
-0.62971721
-1.04564798
-0.87786165
-0.83695888
-0.80915945
-0.75086424
-0.47273597
-0.34732682
0.28498959
0.22626928
0.42658086
0.43604045
0.37362418
0.37500170
0.37439286
0.44635691
0.33592215
0.33284976
0.25796326
0.05898568
-0.28308095
-0.47745019
-0.25950328
-0.14782070
-0.07249110
0.34885620
0.13416608
-0.02002312
0.05615405
0.45451946
0.52974702
0.38297588
0.29609336
0.04815912
0.10570993
0.79383823
0.70742736
0.24503355
0.48841375
0.80771785
0.89501836
0.77564064
1.06148861
1.29914022
0.97527440
1.14316914
1.32746730
1.01206078
0.97171895
0.89409777
0.17164018
0.38885738
0.25018740
0.19237129
0.02100431
0.24232094
0.07716549
0.24537310
0.45199928
0.33702047
0.50589833
0.67223936
0.58990734
0.58565048
0.29387315
-0.02447754
0.32472843
0.55628029
0.61526997
0.33425231
1.80910396
2.00845683
1.97388838
1.78086603
1.70129298
1.60205295
1.61176763
1.43383611
1.54126107
1.59776528
1.21740750
1.18725741
1.52815159
1.50463643
1.72231728
1.95667067
1.51547981
1.19745335
1.65943045
1.74992113
-0.82138141
-1.03311232
-0.32800132
-0.50707758
-0.41955917
-0.55676191
-0.45194338
-0.31879627
-0.42468011
-0.88167370
-0.97452002
-1.06750657
-0.87065325
-0.70091399
-0.81889885
-0.75857000
-0.85905083
-0.74762956
-0.62063359
-0.70575702
-0.63713860
-0.43575551
-0.39294646
-0.76209001
-0.73194635
-0.85177134
-0.55722853
-0.57068010
-0.82295473
-0.55407268
-0.27265199
-0.23971454
-0.34684250
-0.28596387
-0.07882762
-0.06861313
-0.41265325
-0.28195932
-0.69004424
-1.02989916
-1.63579382
-1.64670961
-1.55621739
-1.52244675
-1.57253629
-1.81129122
-1.85052384
-1.71757226
-1.84117059
-1.91268450
-2.00570963
-2.24487737
-1.88780984
-1.94887369
-1.64753830
-1.34173728
-1.67707918
-1.53916697
-1.56275855
-1.58782185
1.01180777
1.04127153
1.08149197
1.43306388
1.42288932
1.29018138
0.95564426
1.17519474
1.20668613
0.79073824
0.69652159
1.13063793
0.91134754
0.95449613
0.75746320
0.98247990
1.08583894
1.38414941
1.40340170
1.02648430
-1.54942740
-1.34904233
-1.40333889
-1.23580675
-0.91486471
-1.04105924
-1.13215211
-1.31427848
-1.47163996
-1.43451485
-1.03939394
-1.25717658
-1.17827882
-1.14986696
-1.40304071
-1.45990626
-1.52534806
-1.44547688
-1.22449671
-1.39539349
1.76099616
1.31446157
1.51690218
1.34464753
1.39753321
1.22022810
1.46216408
1.54607306
1.68131330
1.71032303
1.66749664
1.83222134
1.55295994
1.82686394
2.24713506
2.46116907
2.25482242
2.35960000
2.32047639
2.30279004
-1.86793602
-1.66889125
-1.58811838
-1.60721341
-1.48085771
-1.31782663
-1.45195734
-1.37132114
-1.41518587
-1.46861877
-1.50461446
-1.06375618
-1.39242555
-1.67291617
-2.06837327
-2.19762339
-2.21700433
-2.14075591
-2.10231499
-1.78972647
1.11940952
1.04743551
1.24914062
1.13049278
1.24233477
1.20211906
1.24094239
0.95008308
1.18234265
1.19518532
1.46910332
1.30249371
1.27619136
1.27227795
1.02884141
0.91372855
0.88150839
0.97044166
0.77106209
0.74283217
1.40947906
1.55061407
1.51995295
1.12917843
1.06156350
1.08574423
1.10744957
1.13561504
1.39472929
1.71258701
1.56231492
1.29625435
1.64071614
1.48979768
1.61218779
1.31644437
1.32750779
1.28986009
1.60916809
1.60258795
1.80419158
1.78154311
1.53744061
1.60885175
1.69229475
1.46892506
1.11512622
1.24636056
1.45707776
1.27466541
1.35984743
1.39220649
1.52085803
1.63080772
1.46736750
1.15888156
0.99789960
1.23397670
1.44391698
1.82874276
0.08069021
0.17082175
0.04365093
-0.32127239
-0.00940034
0.26399414
0.06592742
0.08635387
-0.00103518
-0.02500162
-0.10308413
0.14377679
0.21004711
0.54978841
0.12224835
0.36986084
0.12530205
0.10015086
0.10090705
-0.05189431
-0.38724943
-0.22663199
-0.68624687
-0.47222933
-0.26839427
-0.37889196
-0.62512972
-0.49070276
-0.65066307
-0.85101962
-1.14875678
-1.54433824
-1.63083341
-1.77278001
-1.63651823
-1.58635461
-1.30381808
-1.07890476
-0.86872784
-0.45731712
-0.77824536
-0.82617145
-0.87550367
-1.03947364
-1.19146094
-1.13163619
-0.86686264
-1.03324673
-0.94758513
-0.82708204
-0.94330715
-0.36804483
-0.57223354
-0.61613922
-0.81051633
-0.49748809
-0.60080533
-0.37755241
-0.54343428
-0.50882449
-1.89083783
-2.23782134
-2.45989611
-2.26607472
-2.32819581
-2.48165740
-2.57001573
-2.25354011
-1.88426335
-1.66196017
-1.68339036
-1.66670829
-1.64344221
-2.04092325
-2.02853011
-1.98992291
-2.10734845
-1.98445196
-2.02187265
-1.71277744
-1.13346221
-1.31293327
-1.18366406
-0.84023720
-0.82566893
-1.09846083
-0.89020505
-0.83695947
-0.62557441
-0.31373621
-0.93997727
-0.66691724
-0.98427592
-1.37691365
-1.28428745
-1.49300302
-1.14268141
-0.91138014
-0.91399648
-1.00758705
-3.38611404
-3.38930358
-3.28536722
-3.11148856
-3.23386404
-3.21608522
-3.42829997
-3.12868442
-2.95972587
-2.78004136
-2.46291999
-2.54431754
-2.26626495
-2.51329338
-2.95970469
-3.06078231
-3.50369139
-3.47425834
-3.38836296
-3.24343086
-2.38851035
-2.48514331
-2.61457971
-2.65608936
-2.90509697
-3.05737466
-3.13009004
-2.83378977
-2.90081503
-3.04207692
-3.27060799
-3.02909901
-2.85532183
-3.06054484
-3.06300942
-2.77094632
-2.62106410
-2.59516703
-2.47332856
-2.58787555
1.68431483
1.39912712
1.06760741
0.96764599
0.93012348
1.33394650
1.28342448
1.42473023
1.80561380
1.75888525
1.77468913
1.63883068
1.54549136
1.61959136
2.06716410
1.71081337
1.69712806
1.90854820
1.69830632
1.38979418
-0.70729415
-0.65981513
-0.66165612
-0.51179330
-0.37068781
-0.30808934
-0.15444698
-0.22818511
-0.23459580
-0.37775039
-0.58962380
-0.89648614
-0.71602477
-0.68859532
-1.01417541
-0.55974167
-0.78815255
-0.73869210
-0.88543090
-1.00215182
-0.05156295
-0.15076740
0.14518744
0.38639587
0.55210376
0.76785343
0.96803705
0.93083449
0.97956164
0.73745713
0.95779175
0.76466025
0.72350023
0.37251747
0.53520665
0.40857593
0.29641945
0.17341230
0.10212805
0.04207174
-1.97802439
-2.24263616
-2.02702259
-2.01890433
-1.73061262
-2.07295927
-2.12069909
-2.20963518
-2.06562553
-2.39092790
-2.40575016
-2.65438869
-2.43407967
-2.50560186
-2.44505094
-2.53541434
-1.99063296
-2.01583665
-2.18434130
-2.08209453
0.96912590
0.71512327
0.39199126
0.39896155
0.53072525
0.90412508
0.94479380
0.86253276
1.36513336
1.59754142
1.43662219
1.52750902
1.26326337
1.14132594
1.14600406
1.19401072
0.68470990
0.94408463
1.14805733
0.83058660
-0.53212364
-0.62488897
-0.60181741
-0.26164718
-0.09357048
-0.19168812
-0.01446034
0.01505442
-0.00571683
0.10850096
0.00583774
0.25506735
-0.15332037
0.05385632
0.11517392
0.19213165
0.37903674
0.12597908
-0.19619844
-0.16637111
0.37103161
0.48598318
0.12324079
0.20613604
0.55075617
0.66768705
0.71488402
0.81038834
0.66978969
0.75905661
0.28787150
0.15550704
0.19082693
0.33648598
0.14926873
0.29915628
0.62915399
0.15407229
0.41724212
0.47181860
-2.52452096
-2.47274801
-3.04602031
-2.75132661
-2.60519709
-2.90932589
-2.64369586
-2.92904711
-2.92423843
-2.64220465
-2.40042118
-2.33634505
-2.35600519
-1.87034749
-2.06055030
-2.32340940
-2.33714575
-2.06269646
-2.42781981
-2.33554627
0.06176061
0.08213892
-0.01854968
0.42626483
0.13921757
-0.22127437
-0.06599486
0.16306758
0.01869824
-0.07638854
0.18206248
-0.17819631
-0.19068411
-0.23315001
-0.30027362
0.12564782
-0.01208391
-0.17114412
0.08366888
0.17065302
-1.28116425
-1.17014580
-1.36382945
-1.23696956
-1.31564418
-1.35519349
-1.13103586
-1.02152176
-1.11578089
-0.93544923
-0.95128983
-1.17227847
-0.99862041
-1.17509593
-1.19187009
-0.98089502
-0.92454736
-0.87164707
-0.96634002
-1.29978259
-0.37054147
-0.33834921
-0.46709357
-0.35641069
-0.72994144
-0.76936485
-0.96357369
-0.16717998
-0.54648214
-0.83527716
-0.79676166
-0.94088628
-0.94308532
-0.87045340
-0.96077138
-0.57053383
-0.16290594
-0.26021106
-0.29972311
-0.32843012
-0.67733984
-0.85784914
-0.95373412
-1.00460053
-0.72041973
-0.78118073
-1.08005340
-1.04687715
-1.13694375
-0.96368779
-0.80562882
-0.84628150
-0.99641274
-0.99295951
-0.80858394
-0.82176192
-1.14249733
-1.05493857
-1.01006303
-0.90366681
-1.04909861
-1.00332197
-0.90569103
-1.16547602
-0.94792062
-0.98106143
-1.18005459
-1.33481019
-1.34759013
-1.56072942
-1.54164835
-1.74394027
-1.58735409
-1.40332642
-1.60236298
-1.64324954
-1.52824533
-1.45873121
-1.22789235
-0.92749521
-0.43530732
-0.57748868
-0.22013680
-0.28763217
-0.29564019
-0.31608872
-0.24869971
-0.05303937
-0.09403523
-0.43111128
0.04395230
-0.03577884
-0.23073425
-0.40357874
-0.25594344
-0.30657108
-0.52559056
-0.25423870
-0.17317362
-0.51484847
0.52971498
0.29113522
0.27290050
0.08019834
0.14857827
0.22939574
0.29036363
0.30803230
0.02249026
-0.17634687
0.11695594
0.43353104
0.63666688
0.58412361
0.38411523
0.52359832
0.85448646
1.03516751
1.19861451
0.94790662
0.70387694
1.00473118
1.21708115
1.10414798
1.12156131
0.90422476
0.81448513
0.63509373
0.54721281
0.93089778
0.75655533
0.55406084
0.55032757
0.47438507
0.59441712
0.43798772
0.75974600
0.54461543
0.28197274
0.36213057
-2.02385910
-2.03692103
-1.81290534
-1.94972553
-1.98305206
-1.96405739
-1.95031794
-1.79642872
-1.80086812
-1.94004111
-2.11584982
-2.34917766
-2.75413848
-2.11596712
-1.82149631
-1.81902630
-2.01215209
-1.83053843
-1.77944344
-2.04849937
1.22321432
1.52002960
1.45755713
1.37892462
1.71034117
1.60848345
1.64618615
1.60129645
1.09230166
1.19410284
1.02680432
1.10062551
1.36640919
1.28561053
1.29172502
1.31413578
1.14228233
1.48981534
0.96658888
1.09784354
0.57206477
0.59402107
0.34134174
-0.02462574
-0.23668839
-0.13108730
-0.26115705
-0.16267869
-0.26848278
-0.32494213
0.12948319
0.13054895
0.30805830
0.03137711
0.08665889
0.31177355
0.73642842
0.58137871
0.79645192
0.52395853
2.44708785
2.76557439
2.76041345
2.70793253
2.87620509
3.08216731
2.94555514
2.95879717
2.59106579
2.42683105
2.13305372
2.14500241
2.28474396
2.22365543
1.97841919
1.85009672
1.68930245
1.90705916
1.78048841
2.04502019
1.03541580
0.85296454
0.60839314
0.70857288
0.96083525
1.02663503
0.80402764
0.91538910
0.61887337
0.97235881
0.54479274
0.41142748
0.88240938
1.33858947
1.40347706
1.56057754
1.69191862
1.77527717
1.45079511
1.07359735
0.32917560
0.38396511
0.63674764
1.01498165
1.15214931
1.47544450
1.29406922
0.96620387
0.75511715
0.84883989
0.80573538
0.76767773
0.57828072
0.70978160
0.49179736
0.52641102
0.51315581
0.42803326
0.46370145
0.26971334
-1.28239983
-1.49185153
-1.80913705
-1.93381107
-1.74095558
-1.62718460
-1.48532823
-1.42288820
-1.42208069
-1.57526534
-1.68655223
-2.06504319
-1.92708471
-1.81596945
-1.40339620
-1.32718537
-1.26559841
-1.46939338
-1.60763275
-1.35500117
-0.72634195
-0.75483997
-0.50686018
-0.42681022
-0.65563078
-0.23890791
-0.05417221
-0.02964335
-0.22830383
-0.49983887
-0.87494001
-1.18102374
-1.05036927
-0.88940407
-1.25774122
-1.21220054
-0.89485739
-0.56168238
-1.08898667
-0.89593501
2.16865443
1.74938356
1.82270323
1.83117821
1.58005169
1.55652405
1.80424225
1.85616747
1.68172592
1.71375439
1.36837319
1.47297067
1.45976478
1.40754321
1.31428975
1.05637372
1.41223968
1.53494561
1.81503933
1.93513930
0.02011303
0.10071530
0.00790453
-0.01980772
0.16953930
0.17936654
0.09324837
0.34975656
0.40234729
0.30059493
0.28361192
0.46281658
0.55358271
0.38819084
0.18972422
-0.14683080
0.06770217
0.30203259
0.35610762
0.39553345
2.72786576
2.73858076
2.88583220
2.86211033
2.70318147
2.34905665
2.49991277
2.42343611
2.52901455
2.25713560
2.47037012
2.54882431
2.71852785
2.54618611
2.62097749
2.46682000
2.63111085
2.64925905
2.58914606
2.64085190
-2.53040594
-2.50804396
-2.38431583
-2.37608427
-2.34264036
-2.60614613
-2.34000919
-2.04914830
-2.04583027
-2.08930743
-2.21257184
-2.24200718
-2.50835248
-2.49907909
-2.17052664
-1.87307012
-2.29445132
-2.30671831
-2.49968678
-2.58205593
-1.21500444
-1.32732297
-1.75926502
-2.02157702
-1.77857206
-1.73553976
-1.83654549
-1.37997831
-1.00057027
-1.17353023
-1.43913328
-0.93631168
-0.72501369
-0.85055564
-1.02753695
-0.71918037
-0.75842701
-0.59419317
-0.64049198
-0.93797918
-1.47041129
-1.26887515
-1.17317725
-1.28651101
-1.39995443
-1.07150598
-1.24813173
-1.27687072
-1.10433134
-1.07617771
-1.17695303
-1.08546642
-1.08976724
-1.36533049
-1.19919167
-1.15434376
-0.93388711
-0.83329576
-0.98835567
-1.32205479
-1.10476472
-1.04224819
-0.80332325
-0.43631516
-1.02237033
-1.11892487
-1.10304624
-1.06027166
-1.35893514
-1.21439996
-0.77478366
-0.92536445
-0.97090228
-0.96227279
-1.08159717
-1.17572222
-1.15496575
-0.91652869
-1.21984878
-1.31467081
1.34142442
1.29298172
1.38651819
1.02882232
1.20617119
1.13938216
1.01609999
0.87990863
0.80215340
0.98315565
1.37710709
1.45895896
1.99533887
1.83901765
1.75553973
1.60099193
1.89481719
1.87373549
1.52181644
1.29791242
0.26462074
0.15014270
0.15693354
-0.08152230
-0.40990921
-0.19935462
-0.34832145
-0.19628785
-0.18657689
-0.21788614
0.00614493
0.37783572
1.01290264
1.15226478
0.82300131
0.53874981
-0.05986875
0.11273694
0.19166568
-0.05429020
-0.32089608
-0.07103721
-0.33404536
-0.29328500
-0.38632419
-0.85365196
-0.86127447
-0.99992266
-0.69615610
-0.56176040
-0.05459635
0.16033608
-0.18275453
-0.46909271
-0.47346836
-0.31191655
-0.28042157
-0.39133847
-0.51962779
-0.48237071
-2.05470199
-1.89841273
-2.19349463
-2.22069803
-1.81619751
-1.72711233
-1.81124059
-1.77008872
-1.96246649
-1.80199031
-1.59229994
-1.66807788
-1.19962791
-1.28537053
-1.43482850
-1.60018293
-1.70779857
-1.93849989
-2.18618852
-2.14173983
-0.20942737
-0.22229801
-0.58351324
-0.55980235
-0.62209528
-0.40117078
-0.35449414
-0.41863883
-0.26653762
-0.44030315
-0.19131290
-0.05812431
-0.07303083
0.12327800
0.32716283
-0.02502656
-0.30897827
0.15162575
0.16009316
-0.28777534
-0.55327322
-0.64974763
-0.61125918
-0.53144905
-0.49776630
-0.34753298
-0.68297760
-0.49909177
-0.33587369
-0.31942365
0.03948991
-0.07472235
-0.25599580
-0.48586543
-0.28250458
-0.60884782
-0.70358104
-0.85936091
-0.82143762
-0.52911219
4.05848704
3.93323978
3.66277587
3.78987155
3.63240741
3.60353738
3.55927510
3.52999298
3.67092597
3.94152355
3.78622570
4.30012807
4.22334706
4.17998676
4.02621069
4.29466807
4.10218151
4.08037302
4.21324890
4.02778132
0.52429786
0.52471589
0.31139701
0.35632743
0.13387817
-0.07479571
-0.06335475
-0.28149667
-0.24844913
-0.15861422
0.11636939
0.22279343
0.71101832
0.97222706
1.12878693
1.14713898
0.96200788
0.87253719
0.70876411
0.83946169
-1.54338485
-1.56617966
-1.45910002
-1.55489917
-1.54933492
-1.53686038
-1.92834430
-1.88892953
-1.94668205
-1.64427228
-1.31985819
-1.15669916
-0.98602096
-0.69385411
-0.63885892
-0.47581595
-0.74420140
-0.82663104
-1.28758728
-1.25192000
0.13945453
-0.19583607
-0.07232543
0.19745173
0.03184675
-0.29344379
-0.05698923
-0.37936536
-0.03953662
-0.08513850
-0.12515133
-0.16755987
-0.10879951
-0.35036451
-0.18439196
-0.06229621
0.02733903
0.23509530
0.18037801
0.13344920
1.26430943
1.40134834
1.60023953
1.38685894
1.23317944
1.12762244
1.15937263
1.23515025
1.01310150
0.76532426
0.84390460
0.83898055
1.14357355
1.35357234
1.48524146
1.51871166
1.56575578
1.10803420
1.36802592
1.28948065
0.61660479
0.78549687
0.88688646
0.63794009
1.03951347
0.87862621
0.64575464
0.54505695
0.73543044
0.75639350
0.71185028
1.13523570
1.08019550
1.35284139
1.26868904
0.74163599
0.74724448
0.41278216
0.84282628
0.77804862
-0.51578804
-0.61992830
-0.36027888
-0.20829072
0.13897048
0.28518781
-0.16376803
-0.13857113
-0.06396920
-0.15130093
-0.43442341
-0.02410060
0.10248947
0.06008011
0.27979588
0.32171181
0.12638742
-0.35497605
-0.39311989
-0.58510367
-0.50414074
-0.57746897
-0.50625296
-0.58845423
-0.57672297
-0.02714859
-0.11091405
0.13725838
0.24646687
0.17719020
0.04611161
-0.12198444
-0.34431802
-0.34878143
-0.47036509
-0.56248801
-0.95252804
-0.54224339
-0.28794615
-0.27443982
1.32130502
1.03010200
1.14938638
1.17527246
1.19500738
1.24648369
1.50186719
1.49336071
1.23309262
0.96740445
0.95752406
0.93466872
0.78361851
0.50698104
0.92404220
1.24987705
1.28632940
1.19373548
1.20303541
1.21645714
-1.56616446
-1.39188282
-1.72113097
-1.69364621
-2.12617109
-2.02455850
-1.97738139
-2.60318223
-2.63368057
-2.54778660
-2.44727163
-2.24820109
-2.01930011
-2.14744099
-2.24260406
-1.84828954
-1.68167700
-1.71997571
-1.49269315
-1.78691198
-0.04209295
0.17755323
0.09333343
0.14318007
-0.25335499
-0.11944196
-0.31613816
-0.29922571
-0.09428346
-0.14247683
-0.03506960
-0.00376266
0.09299524
-0.29190451
-0.24718477
-0.55512572
-0.52597022
-0.22356790
0.09111013
0.19375011
0.27705062
-0.08689275
-0.18975523
-0.24394522
-0.47025278
-0.49822924
-0.28988119
-0.41100819
-0.29590160
-0.35115188
-0.39856208
-0.03996760
0.23787040
0.41724163
0.66272913
0.75375134
0.51236493
0.38456756
0.12327930
0.22610495
-1.11378327
-1.13834490
-0.74332477
-1.12542872
-1.15713224
-1.20338660
-1.01622486
-0.65223264
0.24489782
-0.06510341
0.09725153
-0.13897153
-0.51979109
-0.58545075
-0.59737678
-0.86824758
-0.69536544
-0.64748502
-0.66538927
-0.91920193
0.11978608
0.18929012
0.42824973
0.72410804
0.95615895
0.64330898
0.62897796
1.13127436
1.06540347
1.70268966
1.20215157
1.22463690
1.07511035
1.02759594
1.31161640
0.94615544
0.51178054
0.54286260
0.53087095
0.11787456
0.18627616
0.42812044
0.64986712
0.89173231
1.38995831
1.22812426
1.06245682
0.98719215
0.95323277
0.90464957
0.95112807
1.14273435
0.93292224
0.82797790
0.91899976
0.68049488
0.48892400
0.45831521
0.25451852
-0.14911004
-0.58086414
-0.53733005
-0.42167147
-0.25313033
-0.38953604
-0.62590897
-0.47687962
-0.27566790
-0.13153815
0.01711959
0.33019492
-0.21363816
0.10229218
-0.18755684
0.07566018
-0.32361045
-0.63795381
-0.42982047
-0.36900670
-0.33035243
0.39010773
0.36320201
0.65900433
0.63419409
0.77115658
1.11750266
1.19837963
0.98989610
0.73139196
0.49231079
0.49002902
0.66968045
0.48667229
0.14054259
-0.48470067
-0.24105086
0.07807565
0.08489762
0.22563215
0.01753149
-2.27329944
-2.14312010
-2.24784637
-2.20049708
-2.46184272
-2.04115102
-1.83163193
-2.05991179
-1.94517825
-2.09385731
-2.50817351
-2.43908185
-2.70760245
-2.81671677
-2.93870387
-2.45709737
-2.27589175
-2.17878463
-1.95667898
-2.24713453
-1.67253692
-2.03794294
-2.29264965
-2.10140311
-2.06710482
-1.91285479
-1.97040538
-1.91270916
-1.73764794
-1.52631180
-1.68564102
-1.53048584
-1.20771679
-1.28652616
-1.22951986
-1.16871270
-1.24124983
-1.32736404
-1.28372978
-1.37963735
1.02901163
0.66679763
1.02121327
0.54088137
0.62667622
0.27788132
0.24947554
0.27891830
0.42080152
0.37357194
0.84331844
0.94341987
0.68490072
0.86201484
0.60015377
0.52483342
0.77284915
0.59514962
1.09149605
1.13195158
-1.52196625
-1.89060154
-2.00462715
-1.48740820
-1.47117498
-1.09140261
-0.54211189
-0.15820443
-0.44428159
-0.85120446
-1.20579620
-1.13482491
-1.63083726
-1.48287528
-1.95642715
-2.23944098
-1.70169458
-1.96441501
-1.70925617
-1.82929836
2.70686522
2.24548581
2.33526164
2.62971885
2.61297799
2.67230178
2.22185140
2.13802217
2.03740129
1.46181498
1.42499599
1.77283268
1.99081376
2.12670233
2.40919884
2.37633086
2.39300746
2.49948691
2.38577786
2.57512554
-2.30704985
-2.20652269
-2.13050463
-2.33697007
-2.32952019
-2.38892024
-2.82105517
-3.20878761
-3.19482197
-2.84475878
-2.86704042
-2.65289532
-2.83590292
-2.56750767
-2.53643747
-2.53209623
-2.53472058
-2.01023976
-2.37644659
-2.75075731
3.74413347
3.80470671
3.55844019
3.37162923
3.20136102
2.95085833
2.62207136
2.47255281
2.87391826
2.68920486
3.15240449
3.03082154
3.04696261
3.09608161
3.51981488
3.66020440
3.75045981
3.84763523
3.82022331
3.88046919
-0.17798204
-0.18831643
0.16916506
0.42901605
0.47961636
0.90159281
0.85744831
0.57710639
0.66097331
0.38331090
0.33825479
0.28973017
0.47101078
0.36907192
0.03550648
0.30476425
0.06570788
-0.02554546
0.21107680
0.04110568
-0.39956262
-0.41771791
-0.20086778
-0.34459142
-0.05063558
-0.14781690
0.04834889
-0.25396715
-0.06660741
-0.52990579
-0.60915486
-0.72103367
-0.50991832
-0.70378874
-0.49623205
-0.82732755
-0.69367970
-0.28252490
-0.41784637
-0.12401349
-0.55090261
-0.84817944
-0.64421873
-0.68950390
-0.75099887
-0.56907889
-0.35108289
0.07182965
-0.11735955
-0.02829332
-0.09416832
-0.34063644
-0.49451634
-0.30130940
-0.00788380
0.22981060
-0.17944170
-0.29002534
-0.41780395
-0.38846523
-0.00299313
-0.36424228
-0.40679723
-0.58444500
-0.31108813
-0.64765202
-0.40818976
-0.18041824
-0.09748000
-0.05153478
-0.25268403
-0.43372822
-0.26941297
0.05068033
-0.23727872
-0.13855738
-0.60452934
-0.46198539
-0.27102785
-0.22245725
-0.54717344
-0.49192546
-0.32298525
-0.48795993
-0.06651824
-0.00642824
-0.04039290
-0.28272324
-0.36426434
0.02032074
-0.11584809
-0.42023276
-0.25598599
-0.10612904
0.01891037
-0.05120400
0.00582350
-0.09593971
-0.50104469
-0.40871735
-0.14183470
-0.17571037
-0.47903066
-0.47289937
-0.52005448
-0.11980834
-0.00859255
0.01458041
0.28181538
0.24999784
-0.04410602
-0.16574443
-0.04089745
0.07325406
0.19124484
0.14154333
0.05319238
0.11823646
-0.17903727
-0.70031305
-0.06779021
-0.02407082
0.23800735
0.17991937
0.13609718
-0.11073145
-0.00922732
0.11357957
0.38933617
0.46792993
0.39838033
-0.20357228
0.00326148
-0.08367996
-0.07952997
-0.01007652
-0.28629742
-0.43690331
-0.39950830
0.11080060
-1.33550294
-1.67350878
-1.47498353
-1.50386584
-1.20547833
-1.18279458
-1.05000877
-1.10512408
-1.29309408
-1.07988766
-1.36334225
-1.33539553
-1.47553963
-1.09867174
-1.41984078
-1.44950041
-1.50056203
-1.70034325
-1.46506276
-1.78404454
0.32502537
0.36180813
0.34161240
0.44156003
0.21402268
0.16108658
0.74924830
0.66094226
0.75867862
0.60373446
0.92947432
0.80515766
0.55113087
0.22306596
-0.34348514
-0.19430633
-0.63207439
-0.44260094
-0.48659002
-0.16754432
-0.27033898
-0.05082761
-0.17308326
-0.33872851
-0.22824677
-0.32353289
-0.23459963
-0.16577750
-0.35207575
-0.03484647
-0.09322186
-0.04226432
-0.06868693
-0.58114405
-1.13583909
-0.93664344
-1.31521143
-0.96793621
-0.65992119
-0.72497265
-1.86459972
-2.02001891
-1.73972973
-1.79669473
-1.83293088
-2.05775493
-1.65612804
-1.93514381
-2.06263995
-2.02749861
-2.33367773
-2.40800053
-2.01839526
-2.07383565
-2.20516083
-2.37147254
-2.38141468
-2.35781092
-2.14953469
-2.01084259
0.24441465
0.12204238
0.13160015
0.29570719
0.48359778
0.83115950
0.73503152
0.41849550
0.58794151
0.73472632
0.91470742
0.72197483
0.77956668
0.94654840
0.55747441
0.57536191
0.49456172
0.61102868
0.62496874
0.42642660
0.02542194
0.06736332
-0.04480859
0.40968223
0.67243338
0.55567836
0.75412077
0.49908153
0.35877138
0.45479173
0.69842112
0.69510767
0.37332357
0.44401012
0.69575862
0.48432799
0.44015319
0.38513590
0.13495708
0.21595211
0.16470906
0.07799058
0.04522567
-0.03534988
0.36808770
0.11736207
-0.10492916
0.02020011
-0.01903061
0.31179544
0.24068472
0.12416582
0.41134235
0.39216784
0.77317710
0.74203378
1.05597249
1.27380565
0.96240725
0.48516471
0.75734966
0.61263383
0.48576637
0.35509734
0.37410084
0.56244020
1.05053924
0.89236087
0.90849199
0.87947646
1.07208732
0.80901422
0.78627149
0.84333426
1.06406183
1.22646521
0.77839881
1.36510085
1.21293462
1.15291944
1.54450862
1.35264466
1.43294089
1.34765949
1.61210143
1.82061735
1.41695722
1.14221051
1.21861396
1.35072316
1.55503574
1.06372362
1.22063711
1.19221532
1.20333476
1.16970428
1.42104333
1.49394333
1.67501692
1.77756058
-0.66889082
-0.10946182
-0.12948782
-0.49486778
-0.61797590
-0.55999349
-0.03984318
0.01692421
-0.37676639
-0.74816204
-1.21847976
-1.40181230
-1.17641196
-1.42212936
-1.59138013
-1.35989319
-1.60461150
-1.50137481
-1.11660095
-0.88761606
0.73597075
0.72927133
1.04428851
0.96489290
0.71452010
0.97223567
1.38618120
1.23733267
1.05803544
1.35420453
1.34944140
1.30764175
1.40288108
1.31652037
1.04907305
1.00394961
1.02982422
1.22761345
1.10210743
1.13998177
-1.62714736
-1.56453805
-1.61096044
-1.69101132
-1.92199077
-1.57545047
-1.23219790
-1.66790224
-1.73795446
-1.87832717
-1.69477865
-1.57479555
-1.40345186
-1.27054557
-1.08093837
-1.55826291
-1.51173322
-1.23426028
-1.39295156
-1.29199451
