phonon_position
-0.64069213
-0.70786106
-0.74449788
-0.49283137
-0.12935764
-0.24896208
-0.14742520
-0.41206977
-0.70799385
-0.53421399
-1.13938462
-1.16347767
-1.13626208
-1.01211036
-1.05754452
-1.42816887
-1.27238541
-1.20202222
-1.43673452
-0.83303319
1.33555928
1.25224695
1.25016756
1.34383644
1.10808717
1.12262639
1.06942422
1.03226809
1.26324121
1.28831378
0.96636612
0.66947576
0.43678127
0.59926875
0.54471590
0.78708751
0.66117145
0.59156023
0.86426842
1.10640580
-0.58507102
-0.31972548
-0.21803692
-0.06963133
-0.22692328
-0.30289474
-0.42117369
-0.63868792
-0.85940181
-1.21133007
-1.18753100
-0.59951894
-0.78583304
-0.90705238
-1.33406503
-0.92579500
-0.99981344
-0.50877729
-0.43833157
-0.43726670
1.65622058
1.68199701
1.43729033
1.31024235
1.22149344
1.13538097
0.97205242
1.02699148
0.80796144
0.57966170
1.18194566
0.83822086
0.84588337
0.91423423
1.10343365
1.01912668
0.93764684
1.35029721
1.34380761
1.47533830
-0.62161248
-0.47434549
-0.48484856
-0.10231737
-0.64313621
-0.67512522
-0.59033888
-0.69208318
-0.45158555
-0.42519394
-0.42928798
-0.33482572
-0.17554528
-0.24338544
-0.42270637
-0.29152495
-0.14814886
0.24575619
-0.32858089
-0.64506419
-0.10374194
-0.04522449
-0.01873922
0.59427242
0.60918109
0.56347034
0.79754373
0.52372990
0.07843884
0.20343286
0.26991943
0.04328413
-0.02616612
0.11023623
0.40506831
0.20044828
0.08131893
-0.11992002
-0.50260225
-0.15371928
1.33775797
1.50061182
1.36439855
1.28516086
1.26604050
1.30556397
1.26362040
1.49292391
1.24577691
1.37151188
1.25811896
1.19754301
1.18063701
1.15352227
1.42803712
1.31479577
1.28157728
1.48110851
1.62914088
1.60424334
1.84722825
1.59228305
1.42060804
1.50219746
1.47315358
1.67100797
1.63347338
1.60886032
1.88237244
1.97017458
1.69279231
1.68047955
1.31574467
1.20151652
1.43769209
1.56375974
1.57691198
1.76901026
1.86221327
1.77072921
-0.63664222
-0.54212174
-0.20975011
-0.26262288
-0.32088039
-0.14493458
0.09691530
0.11321271
-0.08967850
-0.47999579
-0.49319710
-0.51678236
-0.59845799
-0.61251969
-0.82098507
-0.88399605
-0.91823045
-0.98249875
-0.78841303
-0.94639215
-0.76922969
-0.92027335
-0.80690580
-0.82257124
-1.12853944
-0.88106222
-0.72457487
-0.41083875
-0.40261498
-0.77450206
-1.15181026
-1.14455959
-1.27070548
-1.30361158
-1.20991452
-1.15658805
-0.80425123
-0.96678415
-1.11798288
-1.21629393
0.22836196
0.13657432
-0.03959091
-0.44741519
-0.63843998
-0.60610786
-0.60801256
-0.38292695
-0.22912787
-0.26953471
-0.21851015
-0.50262847
-0.36473067
-0.50521629
-0.09278527
-0.02398385
-0.15390626
0.18490345
0.34752202
-0.09558217
1.61300664
1.66548639
1.78997560
1.49764542
1.55904890
1.52256068
1.42259555
1.26164510
1.43560052
1.75751823
1.53756993
1.67558971
1.54628682
1.35340693
1.89389159
1.72286347
1.83831867
1.73919777
1.94099179
1.50837849
2.13109523
1.87272512
2.07434190
1.89796770
2.01848977
2.27084445
2.08256665
2.40759966
2.11637656
2.13759288
2.01787921
2.45076395
2.43639270
2.34300313
2.02095757
1.94429923
1.77933325
1.67607694
1.73444185
2.11448725
0.32579409
0.55863952
0.31811433
0.05785865
-0.19467100
-0.05548640
0.04547731
-0.14562966
-0.32232882
-0.62666744
-0.75979865
-0.35048758
-0.16571643
-0.02920234
0.21084195
0.52809108
0.48493943
0.23783269
0.16095987
0.29663224
-0.11155726
-0.31483271
-0.76891618
-1.17193529
-0.69619082
-0.84397123
-0.79641019
-0.59919529
-0.50834535
-0.50430383
-0.41415120
-0.32453751
-0.04060599
-0.05856429
-0.25998493
-0.43921282
-0.31763206
-0.41443844
-0.37220424
0.08727922
-0.75241625
-0.81903091
-0.68177609
-0.70896968
-0.68026291
-0.92052491
-0.69616570
-0.83411437
-1.00309745
-1.21400150
-1.42339879
-1.49446624
-1.12266359
-1.09103831
-1.27603614
-1.06198780
-0.70802289
-1.05420115
-1.08826439
-1.34275650
1.56394162
1.32356399
1.46976011
1.13526513
0.69016257
0.72852277
0.54795024
0.87199554
1.25796403
1.22353986
1.00387054
0.57601839
0.75277734
0.89250405
1.06971792
0.95994525
1.20342212
0.86892259
1.17025049
1.24511391
-1.33962288
-1.02032270
-0.82704019
-0.89723727
-0.92367888
-0.89324320
-1.08702587
-0.87582207
-0.76072682
-0.39914618
-0.48261720
-1.03722060
-0.91449425
-1.26264784
-1.19115424
-1.24967652
-1.43308789
-1.54917832
-1.53044382
-1.30449734
1.00403665
0.98036916
0.95178254
0.85583134
0.88027492
0.58462390
0.46215165
0.87566073
0.76795675
0.73087606
0.75000045
0.25922505
-0.05538818
0.20267064
0.35320708
0.23876405
0.10815706
-0.02541407
0.26020223
0.23010430
0.02894394
-0.47541664
-0.43876257
-0.64081611
-1.01627062
-1.09514867
-1.08755916
-0.77418893
-0.53207955
-0.38060259
-0.38622747
-0.22532114
0.02487390
0.31805168
0.38670955
0.06318450
0.28145561
-0.18345706
-0.45892429
-0.08498977
0.35890077
0.11363177
-0.08309245
0.08951503
-0.12758794
-0.15322641
-0.12363320
-0.00278798
0.38544295
0.40665618
0.47535292
0.55742415
0.57802543
0.33948944
0.01189169
0.16546697
-0.00985853
0.22139359
0.59144078
0.21771897
-0.90002947
-0.88705953
-0.95747214
-0.83580030
-0.94371962
-0.78260244
-0.77276847
-0.99006309
-0.88809199
-1.14327696
-0.99691693
-0.81128724
-0.87982472
-0.94442442
-1.03899234
-0.87868030
-0.53404311
-0.81906827
-1.20046090
-1.26596871
-0.60892800
-0.82193400
-0.77946451
-0.60746557
-0.68086736
-0.87589310
-0.84452674
-0.45616023
-0.36680084
-0.58722413
-0.76285666
-0.39434052
-0.39515377
-0.13604749
-0.21527353
-0.12116614
-0.25149102
-0.14028107
-0.21632488
-0.38091123
-2.15464860
-2.13903399
-2.07981537
-2.27306310
-2.02822668
-2.31280994
-2.04804470
-2.19308774
-2.38989448
-2.35760810
-2.53598131
-2.30079084
-2.46575962
-2.57050070
-2.30882503
-2.05061207
-1.93681033
-1.84458633
-1.82451443
-1.97928026
-1.86174780
-1.94175732
-1.92312177
-1.94945025
-1.70667362
-1.67007760
-1.93595575
-2.05951606
-2.42583746
-2.53314904
-2.40943011
-2.48286274
-2.34752091
-2.10551252
-1.84977387
-1.80024590
-1.67971429
-1.47931731
-1.57197179
-2.09220036
0.49016001
0.57017175
0.67870097
0.73088010
0.94248503
1.10195429
1.29899450
1.47948753
1.60013234
1.14961821
1.01248974
1.14006300
1.27323104
0.85852549
1.04563398
0.98737014
0.89049675
0.80449971
0.45577879
0.45022982
0.48968261
0.42924277
0.38663150
0.44459247
-0.11981529
-0.29806466
0.08541932
-0.30238056
-0.35066512
-0.52201057
-0.15887400
-0.21399796
-0.23233019
0.19462333
0.13883163
-0.06466753
0.20181483
0.50567638
0.53600602
0.54806810
0.34073770
0.23079706
0.36913385
0.72613104
0.65483405
0.61002509
0.51528631
0.85186133
0.62237316
0.72392255
0.91908498
0.70242420
0.69014901
0.51966454
0.53372698
0.40571494
0.43874112
0.44281246
0.59377827
0.43568192
-1.64377831
-1.53987160
-1.39666330
-1.39949812
-1.34808547
-1.04151906
-0.79313472
-0.84397361
-0.53773745
-0.90674006
-0.68698605
-0.58362910
-0.21683383
-0.65018921
-0.94621831
-0.76700384
-0.99708423
-1.04394251
-1.14650998
-1.21753280
0.32038848
0.39525294
0.39096600
0.03506612
0.13186503
-0.16894479
0.11319663
-0.10575959
-0.43376657
-0.07055485
-0.48979829
-0.16316067
-0.27626875
-0.38712129
-0.06284828
-0.01754043
-0.12572017
-0.10957329
0.07514236
0.28632981
1.85840485
1.93813796
2.27558486
2.11414813
2.18736278
2.27262592
2.39214667
2.05741277
2.41863468
2.41426473
2.41475668
2.13119289
2.22675156
1.98197058
2.18647853
2.32303020
2.01276599
1.91100820
1.74267970
1.92716282
1.00281780
0.78647963
0.67778723
0.89071940
0.82094115
0.62516329
0.52312160
0.13139403
0.24847076
-0.11867984
-0.33938639
-0.61086597
-0.51488152
-0.35468125
-0.28115570
-0.03222006
-0.10490895
0.04006246
0.60963264
0.90525906
-0.34194391
-1.01795811
-1.24047513
-1.22025425
-1.07105890
-0.99105004
-1.06304271
-0.96655361
-1.21291737
-1.12490836
-1.23371716
-1.15271065
-1.12923437
-1.12593415
-1.04577864
-0.72818155
-0.71223579
-0.61742675
-0.39497007
-0.30349959
1.58744337
1.72317950
1.64455665
1.20951920
1.47605103
0.89033173
0.77385652
0.83784870
1.32638882
1.61831462
1.59241929
1.52774958
1.40263473
1.32912932
1.34673093
1.21932855
1.35025886
1.90406383
1.87307649
1.64982236
-1.56982859
-1.45925947
-1.21200791
-0.80259623
-0.74975078
-0.77092131
-0.92087193
-0.64277473
-0.54451511
-0.58991529
-1.00508593
-0.99639729
-1.20180539
-1.06991865
-1.03487207
-1.24251327
-1.28392693
-1.29341605
-1.60903627
-1.92711269
1.26569448
1.17050863
1.09053788
1.15493113
1.23124910
1.28868089
1.34001643
1.44322699
1.20489783
1.25457395
0.97246284
0.98604276
0.91156473
1.08559101
1.12130291
1.47435626
1.25624742
1.17439137
0.81335814
1.06156045
2.34053740
2.45371075
1.81384469
1.86262566
1.86667545
1.92907241
1.96847121
2.18385303
1.83715898
2.25471722
2.19758645
2.14703476
1.86033990
1.82783447
1.61819147
1.86147195
1.66080105
1.97581721
1.92532600
2.09543983
1.03715888
0.84395384
1.06012003
1.08870937
0.87908171
0.70296919
0.37571790
0.58634333
0.78332552
0.65183367
0.55607879
0.79052556
0.82100422
1.07349945
1.34720121
1.30029854
1.17891026
1.10468388
1.08986916
1.30535532
-2.58704519
-2.55325025
-2.63519748
-2.57999828
-2.72803572
-2.76709281
-2.68800510
-2.25949809
-2.09151320
-2.25141316
-2.26284179
-2.56705859
-2.43580737
-2.79616368
-2.45431513
-2.60228888
-2.62049415
-2.72635975
-2.32587742
-2.43007465
0.45052372
0.04713291
0.26669326
0.45824166
0.82596588
0.42432684
0.07206112
0.28392841
0.23649965
0.25051430
0.21350598
0.62799819
0.46504456
0.39137334
0.33778963
0.45039527
0.67142516
0.76952425
0.50851690
0.38680300
2.12138752
2.16207601
2.27732932
2.30301467
1.94510516
2.14402780
1.96979807
1.84579643
1.76314932
1.72582800
1.78237666
1.57198216
1.84775645
1.84305270
2.17917076
1.85756473
1.94373192
2.22057091
2.34307051
2.30768306
0.56722103
0.80853811
0.93474594
0.54996171
0.39018894
0.30987673
0.54130461
0.24011733
0.12373885
0.05971640
0.27547790
0.09060949
0.14536968
0.21361900
0.14107375
0.15704821
0.29285021
0.14781082
0.61980673
0.71364596
-1.03956280
-1.10248397
-1.13744809
-0.73198660
-0.22531523
-0.64292630
-0.40511489
-0.53995913
-0.91717883
-0.86751480
-1.01891827
-0.78897856
-0.47393403
-0.69947130
-0.82778156
-0.70838934
-0.63714485
-0.86956136
-0.74990730
-1.09289507
-0.33312232
-0.49395604
-0.42744623
-0.57472636
-0.40327720
-0.59940654
-0.62031950
0.02932684
-0.28257065
-0.36015918
-0.52393582
-0.69865254
-0.37926485
-0.23015776
-0.07293046
-0.00475797
-0.17197933
-0.15427360
-0.28535800
-0.36689945
2.14845378
1.91002845
1.87009197
1.95368205
1.87576372
1.81219147
1.56912088
1.81789592
1.54797074
1.69026134
1.61805760
1.62466301
1.49928195
1.57940719
1.98308889
1.70973856
1.62717140
1.31943522
1.42135676
2.01511120
-2.14989857
-2.08880333
-2.32757620
-2.16419883
-2.28109006
-2.09501390
-2.23095743
-2.09709222
-1.71994917
-1.71458209
-1.82853594
-2.05192777
-2.10386087
-2.03471306
-2.01537391
-2.20068532
-2.51046882
-2.34566999
-1.97951949
-2.04625665
-0.20235081
-0.17369201
0.47428388
0.37373541
0.28465994
-0.04881827
0.21698114
0.09834065
-0.15841043
-0.24545735
-0.52114995
-0.02743838
-0.34820331
-0.27554373
-0.72546615
-0.54927550
-0.46003532
-0.15955575
0.01973546
-0.17491375
-2.00393465
-2.21544830
-2.26067061
-2.39581238
-2.53209838
-2.65213303
-2.48262928
-2.19317234
-2.51565274
-2.35391149
-2.48183013
-2.53514908
-2.72481689
-2.47835283
-2.31368353
-2.47937123
-2.33398485
-2.23557636
-2.28922494
-2.13467191
-1.83885370
-1.74163882
-1.76195743
-1.70885831
-1.66271717
-1.17910237
-1.10886894
-1.46882538
-1.19052279
-1.36094517
-1.12331591
-1.21263085
-1.33211449
-1.19935551
-1.34657467
-1.69097819
-1.81920618
-1.77645680
-1.78942620
-1.67422130
0.33577167
0.22662497
0.10843894
-0.17911890
-0.52974170
-0.79168772
-0.84509901
-0.61595423
-0.21367165
0.09368128
-0.07247961
-0.19760999
-0.22738981
0.08409462
-0.01766298
0.14281089
0.16176349
0.28597886
0.12361905
0.18409210
-0.99971245
-0.89336041
-0.72906351
-0.40983691
-0.62804667
-0.27741067
-0.49143444
-0.73556350
-0.67422408
-0.95143854
-1.36506087
-1.35080985
-1.28938604
-1.35535255
-0.95388394
-0.79764642
-0.91978489
-1.00000499
-0.86756425
-0.83659868
-2.04662633
-1.74049440
-1.27432914
-1.54335039
-1.25958248
-1.65652136
-1.48881209
-1.41318220
-1.49588904
-1.69291010
-1.87641771
-1.54160844
-1.28460110
-1.55389201
-1.57771513
-1.57125925
-1.83311540
-1.64362108
-1.66750317
-1.90084912
1.03151631
0.98012799
0.88363681
0.58808188
0.74576959
0.63443978
0.74448952
0.77171617
0.65595826
0.68214911
1.13852231
0.94279376
0.54299104
0.46473402
0.56170674
0.58577241
0.88434551
1.11125071
1.05624709
0.88999243
-0.66773083
-0.87249625
-0.99462061
-1.09000987
-0.75954418
-0.42080524
-0.43849195
-0.44939018
-0.48395028
-0.69579321
-0.49965159
-0.62555401
-0.85165132
-0.94782983
-0.70861475
-0.88456732
-0.88987831
-1.17086984
-1.20640810
-0.95518600
1.56846944
1.46089374
1.56764002
1.58527389
1.89393459
2.18376424
2.27341843
2.17489773
2.05419960
1.90767780
1.70054229
1.99922971
1.83290074
1.79676218
1.79837687
1.71972297
1.70864700
1.41073699
1.53371313
1.40383246
0.48707205
0.45085331
0.43280848
0.20268261
0.04081548
-0.13977946
-0.17042284
0.09486781
-0.02651175
-0.12796787
0.41550662
0.05621712
0.22133043
0.28935908
0.43918611
0.78843130
0.43499944
0.79007986
1.08469310
0.77239468
0.46106153
0.38387998
0.50737577
0.52572075
0.37512317
0.51022887
0.54575750
0.48478301
0.61020589
0.50569038
0.73260838
0.92088459
0.86097108
0.35230206
0.43467984
0.23662953
0.31251598
0.27514056
0.09125826
0.29951081
-1.70562828
-1.34357892
-1.38043623
-1.41449511
-1.22720270
-1.49223243
-1.05012950
-0.99033275
-1.15685387
-1.27427380
-1.42666839
-1.33885570
-1.44985780
-1.30993317
-1.43109528
-1.73941264
-1.72514420
-1.77777275
-1.91984105
-2.03852668
1.93690275
1.77188177
1.61374144
1.33939838
1.18452593
1.60394398
1.67253912
1.73647770
1.62214359
1.74582994
1.69819130
1.83735130
2.09432326
2.02493336
2.22663838
2.31206960
2.51846454
2.26143819
2.20936187
1.84108362
-1.30171052
-1.28966100
-1.35829313
-1.66289005
-2.03010372
-2.03906761
-2.07846493
-2.11962621
-1.95040263
-1.64438496
-1.82576551
-1.76695944
-1.85808581
-1.82253492
-2.26579895
-1.97016265
-1.94382567
-1.33894937
-1.33687002
-1.21011347
-2.83896343
-3.28141237
-3.42346380
-3.06797778
-3.23298808
-3.31745467
-3.55785129
-3.53219079
-2.87637088
-2.97410092
-3.02847576
-3.18858389
-3.28661588
-3.20322630
-3.32679959
-3.09701021
-2.94500226
-2.56899432
-2.57692344
-2.66771205
2.51617913
2.15490044
2.39594104
2.36222983
1.87292704
1.97388942
2.07288101
1.92276775
2.48990542
2.69630909
2.45098099
2.61578643
2.17981798
2.42757472
2.45611414
2.68459931
2.56174184
2.57673822
2.51346182
2.54255605
0.60971474
0.24422906
-0.01116418
-0.23654106
-0.05341479
-0.05735672
-0.09197104
-0.06707289
0.11253651
0.13741341
0.14829366
-0.10856096
-0.32475915
0.01732573
0.00725552
0.03777985
0.28683997
0.24191889
0.21631891
0.16303509
1.10279822
1.04301463
0.77626510
0.81898788
0.73200637
0.38895743
0.41524818
0.40311622
0.45006364
0.25095573
0.76301880
0.67520879
0.85719467
1.19727960
1.18770250
1.08665749
1.05087405
0.96094307
1.01982727
1.23138169
1.36247478
1.27300235
1.43098639
1.20177214
1.13223484
1.20190430
1.53679013
1.11429407
1.21281988
1.28612802
1.46300147
1.57029246
1.70854269
1.67013054
1.58114712
1.49220562
1.39212048
1.20413913
1.07508575
1.11067974
0.32850770
0.19703665
-0.18679358
-0.40350350
-0.10838629
-0.30712157
0.25804024
0.26221058
-0.11359273
-0.16246191
0.05455925
0.22542592
0.14535463
0.30655138
0.15725266
0.14928136
0.11728478
0.06747613
0.34043507
0.43750425
-0.83249342
-0.91969567
-0.89607939
-0.77325948
-0.81420884
-0.64344583
-0.29772410
-0.16460728
-0.00583336
-0.14120836
-0.26531974
-0.23430509
-0.29021810
-0.19764959
-0.61764856
-0.61977540
-0.95163438
-0.96881481
-1.31976872
-1.02661141
-0.94876193
-1.35282375
-1.64943519
-1.35382737
-1.16508800
-1.52274645
-1.70732937
-1.65020751
-1.92335483
-2.03584534
-1.89436552
-1.89911911
-1.54257863
-1.36212369
-1.05126511
-1.33464741
-1.44735986
-1.42136622
-1.21461485
-0.90291850
0.44327922
0.19170436
0.17080071
0.11128638
0.04376447
-0.11816513
0.31187373
0.04080430
-0.11071582
-0.19660073
-0.18047815
-0.28012871
-0.12336296
0.03114427
-0.03382982
0.03303691
-0.17602871
-0.08584691
0.06787344
0.27341077
-0.54020041
-0.71924178
-0.76153907
-0.70261823
-0.47159120
-0.08748052
0.00690570
0.28426045
-0.12866567
-0.25114640
-0.22292289
-0.07168834
-0.52853767
-0.63657617
-0.78220981
-0.91026670
-0.66508248
-0.61534249
-0.56119245
-0.63866342
0.86742251
0.86025662
0.73667386
0.80730234
0.56955604
0.00081445
0.46686687
0.57104490
0.81642922
0.99951403
0.97143413
1.23848840
0.98487687
1.51962003
1.34652135
1.28097035
1.14479210
1.25236378
1.18654879
1.05845151
-2.28630881
-2.37816824
-2.49671881
-2.66107555
-2.63351634
-2.51285590
-2.38599185
-2.37726249
-2.19584107
-2.40418707
-2.65369078
-2.57687910
-2.80762420
-2.57252325
-2.43087586
-2.95027564
-3.07354508
-2.89960441
-2.46518098
-2.20048590
1.69997863
1.46485124
1.43144639
1.54713584
1.62950508
1.84724111
1.93559262
2.01153763
1.67517156
1.51253551
1.46826016
1.58459856
2.02300008
2.06305978
1.79339647
1.44474676
1.37179836
1.32575536
1.42665021
1.41042990
-2.53306541
-2.41275304
-2.26152318
-2.19591118
-2.12769142
-2.26149348
-2.02136738
-2.41488134
-2.44270718
-2.13583301
-2.20911323
-2.07981175
-1.92281674
-2.06469473
-2.26390803
-2.23689604
-2.23700726
-2.90649221
-2.78148460
-2.49885289
0.48928657
0.28654868
0.53427334
0.69058228
0.84930638
1.00731550
1.06506392
0.86084987
0.73022787
0.64324340
0.31082797
0.19729201
0.28472661
0.50710760
0.58939574
0.82934476
0.70871171
0.35751851
0.75183152
0.60030309
1.44244154
1.35325395
1.34704972
1.82125165
1.49466801
1.89835799
1.92240944
1.69193181
1.65459454
1.46985689
1.27791609
1.59770408
1.63141932
1.91779010
2.12128966
1.73186158
2.05262021
1.77432759
1.59670290
1.44046903
-1.82954159
-1.66321371
-2.17578335
-1.93203207
-1.38984590
-1.32865527
-1.03956918
-1.06757500
-1.01317655
-1.25268409
-1.39975442
-1.36242299
-1.51640018
-1.47412479
-1.85388840
-2.22875994
-1.93147147
-2.34734821
-2.05359392
-1.81026659
-1.50831176
-1.55521735
-1.58922622
-1.10401793
-0.84466737
-0.90519018
-0.85829524
-0.87321843
-0.74754955
-0.92984126
-0.99341980
-0.95492126
-0.93827117
-0.94582642
-0.98962177
-1.38751511
-1.24858450
-1.59425066
-1.66703783
-1.62453738
2.07214180
2.29854507
2.21181900
2.09877663
2.02594945
2.01726137
1.98026497
1.72945947
1.74967302
1.70815791
2.08714284
2.04000702
2.20427633
2.52913913
2.51977631
2.54005182
2.47597027
2.41748322
2.34150079
2.08849308
0.02868784
-0.11553859
0.18507761
0.15804866
0.28790438
0.15762022
-0.16033867
0.06874109
0.29101319
0.30699123
0.40653657
0.39068111
0.20400116
-0.05582726
0.14331590
0.15444321
0.41200035
0.09936272
0.25289232
0.11371927
-1.01005393
-1.39993197
-1.67477822
-1.66014400
-1.95558405
-1.77041000
-1.64959504
-1.75224333
-1.57218402
-1.75933353
-2.05780989
-1.78579081
-1.91061435
-1.86986951
-1.85441566
-1.66701731
-1.55406330
-1.52632401
-1.30179839
-1.29324293
-0.73802895
-0.67466314
-0.74711574
-0.46862335
-0.10119926
-0.14421157
-0.02101137
-0.12174419
-0.46606982
-0.45034783
-0.96676836
-1.23884075
-0.72224961
-0.67001612
-0.97759739
-1.31001784
-1.40405165
-1.49344042
-0.99388945
-0.84135764
-0.14928168
-0.07975639
-0.00285327
-0.32708715
-0.43488128
-0.57493984
-0.44897742
-0.22529196
-0.26716097
-0.46549164
-0.58478043
-0.48331070
-0.15567120
-0.18095787
-0.12981795
0.11424084
0.14314573
-0.14915944
0.07820254
0.01776323
0.11951070
0.02519492
0.41802856
0.24570637
-0.02272998
0.07128847
0.17816883
0.04008181
-0.01059973
0.06523624
-0.10480505
-0.17833565
-0.42963459
-0.59766152
-0.59260426
-0.83544444
-0.72754197
-0.41234331
-0.27479425
-0.11125897
-0.73276330
-0.85749126
-1.12987268
-1.33074400
-1.64945796
-1.51007573
-1.27641779
-1.04085172
-1.23054002
-0.90225903
-0.54222134
-0.78736706
-1.06318615
-1.00690640
-1.20486020
-1.04137997
-1.12142933
-0.99154480
-1.17819409
-1.11531251
1.43553773
1.64792050
1.42238049
1.45577667
1.28917905
1.42339438
1.32826944
1.59354697
1.49684972
1.13507780
0.73232837
0.67934843
0.48035505
0.83312308
1.00929769
1.18099946
1.44659881
1.50727046
1.52617155
1.44547332
0.51204750
0.31746049
0.34832116
0.39161114
0.55963622
0.19143389
0.58782542
0.72481683
0.32062663
0.10936189
-0.20741245
-0.23572952
0.04559040
0.14772332
-0.17993195
-0.02751365
-0.07562156
0.25751964
0.24840405
0.22644195
-0.71482685
-1.00943691
-0.98026154
-1.56968684
-1.29823941
-0.99896995
-0.86525519
-0.80590083
-1.16269609
-0.88411217
-1.18614129
-1.01539872
-1.05161853
-1.11688971
-0.99667040
-1.05646728
-1.19013436
-0.97592601
-1.19516975
-0.68530419
-0.95436078
-0.89225721
-1.02615566
-0.77157336
-0.64296402
-0.74656701
-0.79645674
-0.83750793
-0.96006856
-1.16721737
-0.92002652
-1.12292006
-1.16715969
-1.32102268
-1.34988297
-0.89377269
-0.86972507
-0.89296914
-0.79588022
-0.89318024
-1.17748161
-0.91990283
-1.18705033
-1.20697360
-1.46008029
-1.35551917
-1.50734535
-1.52693874
-1.60898698
-1.40634835
-1.40470524
-1.34958721
-1.24744260
-1.32688173
-1.11942827
-0.95754975
-0.97755287
-1.27585198
-1.10250437
-1.06889349
-0.88260357
-1.27950680
-0.90297365
-0.89233963
-0.85067426
-0.45441308
-0.76884374
-0.40005209
-0.27241044
-0.10697044
-0.06525248
-0.33287459
-0.34344276
-0.51743642
-0.75965616
-0.92958481
-1.01897271
-1.22286993
-1.00019188
-0.67118441
1.27085606
1.05159678
1.09064347
1.16500434
1.02517729
1.02094788
0.92742120
0.87154739
0.83272272
0.78364779
0.92904030
0.82356114
1.27662463
0.86423023
0.65341179
1.03656766
1.15460950
0.98930521
1.07906825
1.40100926
-0.70230069
-0.94511372
-0.96130494
-1.03274556
-0.54095498
-0.65380930
-0.66106664
-1.04444170
-1.02610676
-1.15241775
-0.86827205
-0.83994666
-1.01090271
-1.08229605
-1.01288104
-0.79788244
-0.75276210
-0.86663569
-0.56574814
-0.56309992
0.62705093
0.97842405
0.84918926
0.65828583
0.60343762
0.11376973
-0.16463868
-0.01172644
-0.12908357
0.18170790
0.15533959
-0.02314457
0.16460861
0.39487275
0.11640452
-0.01333982
-0.05230503
0.19276032
-0.02898798
0.46424520
-2.58939824
-2.43472531
-2.36293635
-2.20215921
-2.45249583
-2.57579199
-2.66988259
-2.76224469
-2.96108434
-2.68449339
-2.74078900
-2.95885773
-2.84496277
-3.06910340
-3.18344350
-3.51078784
-3.47410335
-3.15383546
-2.72505816
-2.65330645
0.80669574
0.68522861
0.72080111
1.20924220
1.30627703
1.74206831
1.79683146
1.80165210
1.41982003
1.71894442
1.76144292
1.76631363
1.56128631
1.36056461
1.31722646
1.18773233
1.29482434
0.93697098
0.73277256
0.89840938
-0.61257638
-0.61406743
-0.39882061
-0.11756064
-0.25573958
-0.27591881
-0.31349653
-0.33137110
-0.38299974
-0.47958976
-0.71585356
-0.39507119
-0.60121392
-0.37920506
-0.68885334
-0.53058644
-0.38855686
-0.06784383
-0.42468096
-0.69578632
2.04435585
1.94920101
1.94645796
2.06198057
2.07383043
1.60850620
1.79568242
1.64456670
1.57320933
1.49487334
1.22340145
1.34270711
1.09868456
1.45377408
1.63094480
1.67766459
1.62868086
1.55808363
1.87562867
1.85563100
-0.99554840
-1.05399787
-1.15836540
-1.19155942
-1.38392824
-1.36368287
-1.55152739
-1.90083361
-1.77010936
-1.68553815
-1.54756554
-1.48618595
-1.42944892
-1.39236023
-1.41722475
-1.38671420
-1.02217866
-0.92355313
-0.89912168
-1.05670778
0.15267900
0.33406065
0.36219561
0.29312857
0.50002681
0.24784590
0.33800177
0.23937595
-0.16886148
-0.39441996
-0.32669410
-0.36200417
-0.14573700
-0.10630905
0.42804545
0.78913733
0.92020227
0.56936445
0.49643073
0.29603511
0.95016564
1.06999868
0.97100356
1.04690160
0.93393707
1.09734326
1.24745786
1.30133405
1.31490344
1.32745283
1.22231816
1.08039988
0.59093950
0.30280619
0.55178703
0.46403585
0.45710497
0.40227294
0.64124977
0.53433222
-0.09711195
-0.02941093
0.01768211
-0.09599718
0.27425217
-0.07523133
-0.10127146
-0.41497011
-0.64843502
-0.43330723
-0.20911329
-0.39613651
-0.05115036
0.13490097
0.34144496
0.51498870
0.21604027
0.30970576
0.11846468
-0.20318503
-2.54523847
-2.49616018
-2.75316980
-2.99609598
-2.71210980
-2.75548835
-2.99046476
-2.90209103
-3.30268350
-3.03983936
-3.37532076
-3.43169878
-3.17388884
-2.98404607
-3.05627346
-2.57335771
-2.26886472
-2.33190275
-2.17067925
-2.20769550
-0.48116762
-0.22182070
-0.28013993
-0.00431336
-0.00396616
0.16634684
-0.01132049
0.17130687
0.32687393
0.52685709
0.49250170
0.09311780
0.21152488
-0.37105085
-0.44114982
-1.02153975
-0.86488977
-0.89078539
-0.89332966
-0.87421757
-0.30591945
-0.02557090
-0.03758140
0.05973397
0.17269176
0.55533849
0.58921407
0.53872730
0.50178787
0.53925291
0.61914967
0.72648514
0.52255163
0.52270261
0.38305912
0.46220459
0.64696160
0.40993889
0.01510036
-0.22853594
2.48735786
2.60301518
2.32403228
2.14105108
2.24707010
2.15640515
2.14957433
2.44714251
2.56903320
2.79835529
2.64154967
2.63621360
2.63994078
2.54786170
2.67654333
2.97877467
2.48799070
2.38410656
2.42117823
2.45182131
-0.22815556
-0.44344358
-0.45188292
-0.27829547
-0.33238412
-0.31184359
-0.64192164
-0.89107927
-0.84475416
-0.48447599
-0.43545949
-0.63237475
-0.63691787
-0.56617091
-0.69239696
-0.83683883
-0.60837589
-0.61165249
-0.67656179
-0.19717116
-3.11253184
-3.45063993
-3.52473706
-3.69248226
-3.66133603
-3.65092061
-3.72425012
-3.69607915
-3.66239998
-3.33657006
-3.57106754
-3.53533639
-3.09530162
-3.03439895
-3.07912858
-3.01736416
-3.02364881
-3.27504152
-3.05744303
-2.96308433
0.66718214
1.18666122
0.69372774
0.24312762
0.65645800
0.41427089
0.69843609
0.27661127
0.16918441
-0.07389852
-0.18088311
0.12114726
0.54058221
0.42008569
0.35320314
0.64973823
0.50491911
0.57120479
0.92216784
1.05646053
-1.58565963
-1.36358690
-1.12540872
-1.14808416
-1.14902615
-0.93301823
-0.66458712
-0.77234472
-1.01176244
-0.90651294
-1.36544794
-1.28198288
-1.23947592
-1.42584726
-1.32443237
-1.16306357
-1.50408265
-1.40752236
-1.25143441
-1.08660406
-1.49815819
-0.89965223
-0.60130041
-0.45888826
-0.76750410
-1.05834427
-0.85201394
-0.84342921
-0.59174115
-0.42229981
-0.56648240
-0.74141112
-0.79154521
-1.17510650
-1.27984939
-1.45074758
-1.37670182
-1.53802213
-1.69768963
-1.78093730
0.09150080
-0.20490209
-0.34729747
0.09037007
0.47020840
0.08577628
0.46244727
0.48278209
0.26199561
0.21074338
0.24057127
0.35875594
0.46917970
0.80562057
0.56280624
0.53724715
0.43057156
0.04575182
0.07174934
0.21242061
-2.24139366
-1.99871878
-1.99902208
-2.15879658
-2.11626748
-2.43227352
-2.37001420
-2.36210752
-2.25905965
-2.56380622
-2.57435590
-2.05119965
-2.07688056
-2.11044236
-2.26326776
-2.39594881
-2.29737383
-2.43843277
-2.51185104
-2.34769462
0.15086090
0.22846460
0.22713300
0.09290693
0.66060597
0.18134085
-0.07580606
-0.24520703
0.01334280
-0.04238238
-0.15416793
-0.21239788
-0.53338557
-0.45880362
0.07691222
-0.08071948
-0.01820602
-0.13222642
-0.26843974
-0.17013036
0.93005918
0.89343468
0.78142984
0.49197261
0.74703258
0.33347280
0.24595578
-0.00441208
0.40443467
0.46387647
0.30163032
0.23832969
0.32647629
0.65288595
0.58864408
0.72448933
0.96506656
0.60288123
1.04243401
0.95394741
-0.93608931
-1.12495982
-0.76859723
-0.76000139
-0.95224964
-0.81015727
-1.11470344
-1.08564432
-1.02303021
-1.24967337
-1.31930207
-1.27100034
-1.50224528
-1.09538347
-1.25900944
-1.22821072
-1.32549539
-1.01278369
-0.96205171
-0.88283100
0.53034375
0.87871011
0.61865946
0.68972071
0.99732467
1.14732731
0.98478171
0.74402994
0.94610381
0.92772828
0.99478347
1.05961836
0.74559296
0.82819815
0.83661327
0.62233770
0.61033929
0.60939133
1.19835284
0.92174464
0.26139801
0.43525803
0.68271467
0.72792536
0.90052801
0.75872260
0.50487191
0.36350967
0.03279147
0.14724074
-0.34274702
-0.46585000
-0.39301738
-0.75718939
-0.60958949
-0.65163799
-0.76948599
-0.30186737
0.11045740
0.33567805
-0.29135175
0.02587152
-0.09485568
-0.13858385
-0.51252638
-0.74263467
-0.96054362
-1.22139542
-1.03600409
-0.83219699
-0.78024756
-0.80564510
-0.08218176
0.26138825
0.14501722
0.00237487
-0.16201590
-0.11873420
0.00465902
0.21082712
-0.29874416
-0.21980022
-0.02432392
-0.15559708
-0.14587158
-0.20321065
-0.57842693
-0.85919444
-0.82190811
-0.79959184
-0.70998496
-0.31057047
-0.43708029
-0.36842000
-0.61892021
-0.59165734
-0.48535547
-0.67308756
-0.37862987
-0.51097494
-1.37660815
-1.34528930
-1.65451730
-1.27332914
-0.70912106
-0.52634589
-0.25147578
-0.32042481
-0.21057934
-0.13673718
-0.19182491
-0.01480571
-0.30051769
-0.27585306
-0.58230666
-0.76053823
-1.00160726
-1.29802337
-1.39081372
-1.53040269
0.77580975
0.66017804
0.44611687
0.31858241
0.21139098
0.46716910
0.37931364
0.28924796
0.57520661
0.58018427
0.68453816
0.70070738
0.41552922
0.35572874
0.64563314
0.83132746
0.85189410
1.34475593
1.46873772
1.05680688
1.08422809
1.17541498
1.07042333
1.01545616
1.44989200
1.27275684
1.16008437
1.43165791
1.27133326
1.35346222
1.22818794
1.13986584
1.03365447
1.29552251
1.19297856
1.19088776
1.01225994
1.11020231
0.68634409
0.88918448
1.14322821
1.08736824
0.89031707
0.65582549
0.24718739
0.08154895
0.24253807
0.07774752
-0.20054465
-0.32595364
-0.15765447
0.00643221
-0.05418943
0.62503497
0.94626354
1.12493159
0.95752018
0.92193092
1.03062337
1.09968825
1.09945942
1.30875991
1.39666809
1.65474743
1.86431839
1.56196064
1.13430478
0.88709939
0.77858636
0.63651284
0.41850654
0.83590230
0.73868298
1.19001072
1.55244927
1.64735341
1.36338419
1.45635193
1.43920286
1.57444734
-1.98756964
-2.04961086
-2.04771649
-2.19335217
-2.52748138
-2.37902584
-2.25387012
-2.24664946
-1.75716270
-1.61386713
-1.91940853
-1.70299866
-1.44273606
-1.40795410
-1.58824538
-1.49029202
-1.62971518
-2.09981533
-2.17004340
-2.21525582
1.01186997
1.21304628
1.41372240
1.37215068
1.55832232
1.69986598
1.67628275
2.05184538
2.35384067
2.05125574
2.02846086
1.88694530
1.87820910
1.73900075
1.59765781
1.65366352
1.48703885
1.64458890
1.31686941
1.37784025
-0.03139024
0.07072760
0.43573181
0.66368051
0.58196165
0.60246825
0.68208368
0.83441962
1.26143711
0.82125507
0.49280958
0.75850040
0.47736593
0.56961501
0.49936308
0.55282185
0.70734759
0.48807666
0.33432450
0.21962186
0.38811685
-0.09834792
-0.39846904
-0.43155301
-0.65878051
-0.28835296
-0.48518714
-0.54857954
-0.87135581
-0.67471351
-0.95464494
-0.76624632
-0.74173880
-0.73301063
-0.27663175
-0.15716641
0.03048045
0.00082119
0.28908883
0.53833290
-1.70266358
-1.56382444
-1.63645551
-1.45678235
-2.29566494
-2.13999302
-1.70898448
-2.08104990
-2.08643598
-2.43421540
-2.24455501
-2.33916139
-2.16261124
-2.01778371
-1.96300421
-2.00154865
-1.48574610
-1.40877057
-1.63346479
-1.52003630
-0.79437843
-0.42424524
-0.92345102
-0.99719452
-0.98021293
-1.00491992
-0.81814098
-0.71462643
-0.92053463
-0.94932267
-0.84737946
-0.82519882
-0.78782392
-0.73459447
-0.60073411
-0.67301052
-0.72296413
-0.78201107
-1.01926161
-0.93274672
1.12142907
1.30384074
1.27599807
1.03145344
0.71479407
0.08248396
0.71588108
0.68726193
0.93673223
1.32248041
0.80975962
1.20949681
0.81476373
0.82137461
1.08349815
1.09926790
1.23533646
0.99486311
0.91905799
0.87622304
0.82963449
0.93540871
1.13312679
0.96896820
0.87355458
1.33066997
1.64250579
1.44411356
1.19755893
0.99954836
1.15807064
1.33052280
1.22482974
0.53453592
0.59528400
0.65451059
1.08229264
1.09212161
0.87783084
0.72642631
1.27750167
1.52057495
1.79756559
1.40270781
1.37961551
1.35450260
1.51538096
1.50199421
1.06187657
1.23111057
1.35336197
1.51264820
1.81169663
1.77181953
1.59139479
1.72366296
1.57638665
1.38616271
1.49398014
1.38055932
-0.24941969
-0.17757971
-0.16458251
-0.49076647
-0.44094814
-0.28758782
-0.32906232
-0.25659740
-0.60404257
-0.51405094
-0.03748246
-0.13561458
-0.13953837
0.06672661
0.39236467
0.36283808
0.06619686
0.02465301
-0.17873446
-0.48433205
0.49393834
0.57081171
0.50738818
0.87447369
1.20962554
1.09762896
1.62699260
1.59988885
1.43447768
1.38754556
1.55006768
1.49894113
1.23947444
1.17677128
1.01999089
0.43535753
0.44516869
0.28804660
0.47607318
0.47292563
-1.53756940
-1.96192692
-1.90028766
-1.47356508
-1.70097033
-1.67655070
-1.43367401
-1.35633521
-1.12237382
-1.83636414
-1.57594883
-1.74274056
-1.51896947
-1.72309625
-1.36696300
-1.44343620
-1.38589976
-1.26581388
-1.53697621
-1.60392929
1.76922176
2.07349172
2.26026298
1.92233412
1.96489695
1.79073266
1.59148148
1.67787277
1.53074011
1.18222911
1.38047068
1.46574665
1.59387371
1.32332351
1.60000111
1.64524908
1.59381599
1.65879771
1.86442785
1.94523644
0.71077296
0.76035727
0.62742167
0.80148476
0.94222427
0.74858762
0.62046645
0.73635430
0.87288926
0.84559665
0.60724620
0.51371494
0.41335763
0.41623489
0.34646125
0.44426357
0.41342288
0.35276090
0.42117117
0.73850364
-1.22209497
-0.84164293
-1.12312321
-1.84519758
-2.24001359
-2.18705081
-2.29825761
-2.12792865
-2.13346921
-2.10630633
-1.93171994
-1.79589943
-1.89623586
-1.65501380
-1.40333529
-1.40245504
-1.29899298
-1.10160150
-1.19857051
-1.25490852
-1.27000831
-1.31617079
-1.16156282
-1.24108311
-0.96798817
-1.07898276
-1.35735450
-1.22377375
-1.27892694
-0.73940446
-0.66170330
-0.68949019
-0.60302198
-0.72264751
-0.75209934
-0.57499199
-0.80645227
-0.57694951
-0.74618518
-1.26287698
1.07700812
1.03014527
1.00168704
0.71680225
0.67287376
0.61460374
0.81514389
0.73587399
1.07866075
0.99853097
1.22499929
1.11034669
1.10175253
1.38185723
1.08678273
0.95712738
1.20237002
1.23136891
1.52582855
1.31428506
-0.71521102
-0.87073533
-0.48222670
-0.66995049
-0.87338570
-1.01779092
-0.75295395
-1.24886928
-0.92931816
-0.62242063
-0.58553969
-0.60850644
-0.58898622
-0.63281256
-0.67548342
-0.44586438
-0.73404845
-0.62605913
-0.54918891
-0.65532963
-2.50880083
-2.50706266
-2.38007398
-2.56917566
-2.52854452
-2.48690033
-2.33334096
-2.43207586
-2.70724597
-2.94034129
-2.80314050
-3.02073832
-2.82036999
-2.59715236
-2.23715265
-2.33591214
-2.55211849
-2.34875189
-2.63767703
-2.39346444
