phonon_position
0.33684413
0.38903839
0.44000707
0.78971524
1.19011918
0.75061027
0.57796385
0.49509159
0.24688756
0.33884054
0.72490993
0.58023729
0.60745695
0.29168253
0.24123710
0.16371893
0.30177442
0.55002435
1.00630804
0.37168750
-0.54601635
-0.32314001
-0.45276209
-0.83537892
-0.90201168
-0.86372295
-0.65913776
-0.59818832
-0.85162430
-0.94788967
-0.90540433
-1.00076880
-0.68632778
-0.85173094
-0.85698104
-0.72711639
-0.53975402
-0.53080813
-0.55482859
-0.45595719
-2.87463504
-2.80473111
-3.12434818
-3.29003152
-3.26544268
-3.00308161
-2.76429896
-2.34260207
-2.89023686
-2.62638717
-2.56691215
-2.75117422
-2.65824126
-2.71279734
-2.38005945
-2.50199309
-2.62414669
-3.23616907
-3.14955844
-2.44294748
1.10794977
0.67791042
0.90478044
0.87224447
0.76130065
0.98310548
1.01839541
1.16221170
0.87864446
0.82468262
0.98847440
1.22884350
1.37912227
1.04581708
0.85795073
0.86522315
0.94087063
0.97522837
0.99970199
0.94462937
-2.39998726
-2.08344913
-2.31908938
-2.26489052
-2.03533349
-1.83960394
-2.14635061
-2.09815062
-2.24195012
-2.48035082
-2.13657819
-2.06575128
-2.17797809
-2.20643632
-2.24070279
-2.13356051
-2.22737529
-2.67415272
-2.49815490
-2.54678843
2.19512695
2.35207640
2.25688160
2.21906095
2.15722802
1.90506607
1.48672591
1.16560826
1.17235974
1.28916530
1.08980607
0.84215522
1.02762698
1.25283038
1.13947742
1.48965723
1.88108045
2.13928825
2.11184400
2.24413134
0.28020922
0.49026309
0.85903879
0.43094814
0.38671512
0.56868839
0.79483486
0.76365452
0.66858573
0.73604624
0.90767724
0.88978245
0.57382764
0.50065895
0.70154604
0.83799190
0.71218184
0.49498621
0.40781484
0.52798416
-0.96279355
-1.19824418
-1.08930545
-1.28639327
-1.43040936
-1.24618843
-0.88339311
-0.55208443
-1.03814264
-1.48903553
-1.38090547
-1.07640374
-0.63447818
-0.76623333
-1.11141555
-1.09815575
-1.26357611
-1.23842568
-1.42771074
-1.04000203
-1.15239581
-0.79221610
-1.12464531
-1.14567024
-1.10291044
-0.77124247
-0.98895914
-0.73032843
-0.88679550
-1.11862946
-1.35086352
-1.12749241
-0.82670653
-1.29251777
-1.75604116
-1.67804098
-1.63013713
-1.36816953
-1.17543563
-1.30594201
2.59888540
2.66752237
2.38984476
2.49867310
2.33592182
2.45544164
2.76258102
2.63016421
2.21219252
1.85335021
2.05171251
1.89329124
1.61433737
2.23835119
2.01804152
1.93899436
2.01677644
2.16164597
2.25144050
2.22531088
-0.31951715
-0.89507985
-0.86771500
-1.03501865
-1.02727138
-0.61702062
-0.70102011
-0.61024576
-0.86821442
-1.31293199
-1.56019725
-1.59342637
-1.24645502
-1.29060165
-1.02949365
-1.23235162
-1.02399557
-0.84759954
-0.98880407
-0.59897759
0.36350910
0.52226500
0.33889177
0.18486380
0.15226499
0.00182080
0.03803360
0.17414599
0.24679784
0.34517584
0.60001024
0.14920197
-0.03868175
-0.27435848
-0.12330229
0.11032606
0.23880121
0.08630312
0.08136189
0.08496116
0.38218246
0.46504687
0.45396827
0.56269898
0.37729019
0.29505016
-0.07373408
-0.36150883
-0.23752592
-0.42923319
-0.42003138
-0.10229022
-0.38294830
-0.58486784
-0.58206872
-0.11288148
-0.24744865
-0.39840787
-0.11150220
0.08409937
-1.37773517
-1.43616017
-1.22099841
-1.18601226
-0.85848237
-1.10604362
-1.03551433
-0.76217712
-1.01344643
-1.27403917
-1.13819830
-0.98221993
-1.03259477
-0.98345137
-1.06309495
-0.91741822
-1.05155861
-1.29953244
-1.37709473
-1.66621088
0.32479439
0.21020979
0.40069434
0.17995185
0.08800957
0.16334336
0.29112318
0.23143999
-0.03216031
0.16300378
0.03222692
-0.11625332
-0.44163931
-0.58866157
-0.27485056
0.02272352
0.43186882
0.24300402
0.19786903
0.34605415
1.16810420
1.16016316
1.19562469
0.95157792
1.33021772
1.46223424
1.09929131
0.89554455
1.25792194
1.13344246
1.43204744
1.47984644
1.24832936
1.12471369
1.30893427
1.32718409
1.57493834
1.38962896
1.56310957
1.21876146
-0.47557788
-0.39651399
-0.46069028
-0.06789547
-0.07210316
0.18343505
0.43952719
0.36949963
0.44317386
0.06735072
-0.16937256
-0.45664004
-0.10226843
0.18590470
0.27111098
0.34129880
0.36268771
-0.03599210
-0.12298006
-0.29104803
-0.99585153
-0.87924247
-0.88408722
-0.87108594
-0.80562993
-0.76403615
-0.91877117
-0.88983428
-0.52804540
-0.96376404
-1.17918656
-1.29880073
-1.04825609
-0.93714615
-0.42704894
-0.70157573
-0.78142170
-0.93151436
-0.79655653
-0.76365578
3.99316172
3.90021906
4.01594884
4.13759235
3.95945300
3.65619855
3.39124532
3.46101221
3.54986666
3.66200644
3.81597005
3.99191467
4.34499655
4.15235273
4.14645372
4.29935876
4.38907810
4.27219891
4.03858019
4.20349843
1.36809156
1.48248369
1.44667315
1.36652923
1.48712945
1.81121022
1.60520856
1.72537095
2.07043145
2.16703213
1.75824596
1.24562092
1.17341660
1.37234027
1.41223291
1.26283693
1.19873424
1.03805789
1.34821472
1.48880736
0.35063233
0.37098760
0.61451217
0.77613080
0.77771446
0.67089481
0.73649491
0.52936073
0.23451736
0.45221244
0.32625405
0.44351418
0.26771104
0.00479059
-0.25685434
-0.24861402
0.01175091
0.06945699
0.18465889
0.29953626
-0.30517769
0.06695873
0.11836436
-0.11974983
-0.27152016
-0.75501730
-0.76825284
-0.96964152
-0.93764212
-1.32997040
-1.10121630
-1.06999977
-1.01874172
-1.29801952
-1.02914249
-0.92767242
-0.88319659
-0.61676849
-0.88268759
-0.69561530
-1.91732244
-2.03906070
-1.84712504
-1.74994655
-1.32266811
-1.54063312
-1.49214783
-1.68508046
-1.89526984
-1.55946702
-1.30278761
-1.30014762
-1.49966248
-1.89169033
-1.84004695
-1.56451438
-1.62576976
-1.64968475
-1.84083602
-1.68442055
1.86184950
1.97419013
1.58977889
1.46862874
1.34641663
1.40494780
1.24384311
1.43899839
1.39590215
1.21418895
1.55467326
1.90472494
1.86828884
1.95557981
2.01061744
1.60009660
1.97670902
2.03198576
2.07237886
2.06836304
1.44144942
1.24882351
1.31555336
1.48195281
1.66658628
1.53851109
1.65309774
1.79615064
1.41849517
1.49905054
1.48155342
1.40117465
1.57311131
1.40222405
1.63808721
1.74835653
1.37296925
1.43128612
1.44147724
1.17253800
0.07926915
0.37338040
0.48529447
0.44168789
0.79250031
0.74563424
0.67463205
0.84553912
0.78663923
0.37128967
0.19337210
0.30454413
-0.26536000
-0.30997703
-0.36910167
-0.28199715
-0.46675222
-0.29730860
0.00600121
0.17877288
1.22911735
1.29174233
1.42957190
1.36435239
1.50141836
1.48144428
1.26310462
1.16627550
1.18525924
1.01710221
1.48231782
1.22352893
1.00146233
0.91198736
1.05094832
0.95110753
1.24330419
1.07497356
1.15983975
0.98569527
0.19607325
0.36451153
-0.17924463
-0.42666559
-0.43378321
-0.13349391
-0.50092078
-0.43395304
-0.54468609
-0.18367370
0.20863892
0.17015054
0.33607078
0.40982437
0.90320028
0.59578567
0.51138225
0.53364498
0.45156881
0.47535311
0.76603526
1.16232456
0.64481055
0.75305674
0.90554619
0.92668766
0.73135754
0.61904459
0.97015291
0.57855324
0.88445515
0.63732958
0.65380497
0.70344674
0.90614296
1.26910369
1.17490762
0.58663246
0.55786174
0.59190784
-0.96015806
-0.80157303
-0.91832436
-1.05833570
-1.03808343
-1.22009954
-0.79804179
-1.14487334
-1.20087099
-1.35969349
-1.42254510
-1.42718220
-1.50238618
-1.60959446
-1.35870858
-1.36806217
-0.76963411
-0.99569814
-0.77858857
-0.72894342
2.53056124
2.81747651
2.76976821
2.61971673
2.13324769
2.05559612
1.69779425
1.47095574
1.32084436
1.49316496
1.54394823
1.30783732
1.69252620
2.03768389
2.10508554
2.20272218
2.15731518
2.54838715
2.37419158
2.47816253
-1.49036644
-1.43987221
-1.68456529
-1.78327750
-1.64599117
-1.64044337
-1.48918454
-1.55981687
-1.71671867
-1.65574336
-1.66866492
-1.20577961
-1.25750654
-1.24684805
-1.31886025
-1.10692308
-1.25905372
-1.28514704
-1.29444784
-1.53171789
1.32875856
1.48193256
1.67153517
1.87647654
1.91925624
1.83260219
1.79293208
1.29278271
0.99043530
0.47942143
0.32039058
0.56738457
0.57657962
0.73214163
0.77633956
0.83863593
0.73822292
0.96643028
0.88921572
1.27955042
-1.44833444
-1.31170855
-1.33229748
-1.45236219
-1.12259005
-0.87806115
-1.23672741
-1.37401228
-1.36938605
-1.37791639
-1.57736116
-1.46209379
-1.31655886
-0.97986003
-1.33394120
-1.60598209
-1.28083530
-1.32909126
-1.50360350
-1.42480772
-0.87133460
-1.04776046
-0.94764998
-0.79878580
-0.65936291
-0.47383063
-0.83678796
-0.72222698
-0.84677998
-0.91811148
-0.62404890
-0.49859602
-0.28411282
-0.33781574
-0.23931184
-0.37783630
-0.41953793
-0.28630011
-0.49206593
-0.62112430
0.21738635
0.09930760
-0.06978378
0.08211375
0.23495934
0.15025926
0.35376078
0.44077862
0.61915566
0.55619586
0.71085277
0.61174713
0.50227119
0.36369856
0.59495109
0.53810562
0.34200585
0.08905916
0.06763642
0.41753415
-0.10523741
0.01032254
0.27417202
0.29898469
0.31000301
0.32590091
0.11800113
0.02284497
-0.12580887
0.04820415
-0.01019995
0.00507774
0.31755842
0.21652489
0.13082538
0.12440201
0.18079569
0.31936354
0.08461479
-0.17974768
0.63554309
0.39871027
0.29763863
0.71173519
0.58413165
0.64372050
0.84910284
1.01512845
0.88635313
1.50060207
1.64621622
1.35626980
1.24505097
0.79918713
0.81440545
1.13258765
1.14042479
0.82359384
0.42729585
0.74710063
-0.62909024
-0.61268211
-0.86967544
-0.76807181
-0.54229951
-0.64855097
-0.59275901
-0.55688980
-0.64111108
-0.67633515
-0.82548809
-1.13221784
-1.38731476
-1.00025479
-0.97450475
-0.53223937
-0.56242875
-0.42113649
-0.42624710
-0.57076193
-0.01159483
-0.07309243
-0.63511048
-0.30184861
0.09587914
0.11037176
0.24047020
0.27780965
-0.09095602
-0.14897991
-0.39389658
-0.17415250
-0.02280155
-0.12076697
0.07517887
0.25480866
0.15192007
-0.33763362
-0.33178952
0.14775615
-0.51247521
-0.53422689
-0.60952077
-0.55017187
-0.15642915
-0.33187305
-0.27561193
-0.56943772
-0.38356342
-0.49747926
-0.67498873
-0.88054177
-1.11240384
-0.86458846
-0.74576641
-0.61754975
-0.58001271
-0.62190442
-0.46019762
-0.55604605
2.80185562
2.58665525
2.81608362
3.01417859
2.86148794
2.93954766
2.54565982
2.58099502
2.56253162
2.61307247
2.65111572
3.06794252
2.90202457
3.03308000
2.94926659
2.64425146
2.89233896
2.79813302
2.55524095
2.69333032
-0.26000968
-0.36956795
-0.17415190
-0.18126118
-0.17332420
-0.01629680
-0.12450644
-0.02450228
-0.04639767
-0.19715449
-0.53513658
-0.34335763
-0.34696434
-0.32019047
-0.18540889
-0.11632129
-0.10996621
-0.26198256
-0.21010881
-0.00718866
1.04363394
0.98494127
1.10724673
0.74583579
0.60030765
1.12337900
0.80169900
0.77117970
0.42325443
0.48673371
0.54536003
0.76540690
0.56928344
0.58192478
0.43043018
0.33744531
0.39314011
0.42780050
0.50879687
0.93820737
-0.55014396
-0.30566246
-0.30572131
-0.29622274
-0.35914993
-0.37341133
-0.17870840
-0.23603365
-0.19222735
-0.16082560
0.16186212
-0.19889451
-0.16683954
-0.24454319
-0.31068766
-0.81935179
-0.82919549
-0.91921774
-0.69416427
-0.50200353
2.10626606
2.44829649
2.55501557
2.58899613
2.47713274
2.51862331
2.69477517
2.40567979
2.22028696
2.22484246
2.21246203
2.14639462
2.19417216
2.32733142
2.30230392
2.07595989
2.16713594
2.18184101
2.26974349
2.08323334
0.58278817
0.49238380
0.54178755
0.46806839
0.49377605
0.34292928
0.39910742
0.20408788
0.19797450
0.05207652
0.55435695
0.55460808
0.44478991
0.67641816
0.91293058
0.69447759
0.70434447
0.67725215
0.81671438
0.69759947
0.58173738
0.54892424
0.66872623
0.65363555
0.44028233
0.39747140
0.57259487
0.40471411
0.37514313
0.71260614
0.56351699
0.66249204
0.60909056
0.37430249
0.67936969
0.63850489
0.44988217
0.30933402
0.37301984
0.64162915
-2.12670184
-2.10640293
-1.99609745
-2.09993675
-2.16397238
-2.33427087
-2.59211331
-2.39858242
-2.25981384
-2.19925300
-2.09193932
-2.03619912
-2.15020218
-2.39176545
-2.39928795
-2.35987149
-2.05109276
-2.11489377
-2.13860291
-2.36583370
-1.83136701
-1.78504777
-1.51809516
-1.45507725
-1.33606901
-1.48084335
-1.64108346
-1.57188210
-1.45492764
-1.52698307
-1.82747315
-1.84243669
-2.18734798
-2.05090916
-2.17346970
-2.05266497
-2.13324511
-1.85331020
-1.59477217
-1.95214375
-0.68203339
-0.57823791
-0.79480049
-0.88757859
-0.90548568
-1.27967295
-1.33899424
-1.46959041
-1.24415023
-1.27969773
-1.27057957
-0.85562135
-0.53749311
-0.65518399
-0.35447575
-0.65264577
-0.82614214
-0.68087183
-0.84481633
-0.77952343
0.33774128
0.17311683
0.25859959
0.53857422
0.79573245
0.95483902
1.15846995
1.29978600
1.75204803
1.30378868
1.09819375
1.02075369
0.69711474
0.60903750
0.90353352
0.89745461
0.62656343
0.45723451
0.72065004
0.76531284
-1.77641738
-2.00120018
-2.19496037
-2.22292195
-2.11628804
-2.25613410
-2.27013063
-2.40606686
-2.18186990
-2.22217320
-2.18270390
-2.28675715
-1.75727265
-1.84811298
-1.78694409
-1.54055797
-1.61857665
-1.44882019
-1.42899092
-1.67048824
1.92617473
2.00304242
1.85675299
1.74469128
1.23552329
1.05147586
1.20314242
1.24186593
1.76689485
1.82240562
2.11262705
2.06555656
2.29447206
1.98979540
2.22293179
2.14782599
2.35599710
2.17574735
2.33123099
1.99123019
0.62086130
0.84491497
0.95371830
1.30669617
1.63548293
1.29283842
1.33819852
1.22003245
1.13280510
1.01240402
0.73705032
0.88269866
0.89104140
0.86510129
0.82324929
0.71760363
0.37869253
0.17650997
0.23094077
0.61084602
-3.17174783
-3.21315388
-3.20117482
-3.07622672
-3.44341408
-3.22966185
-3.23955268
-3.15841265
-2.34053415
-1.88720911
-2.13597829
-1.93434433
-1.68293139
-1.77405042
-1.97272978
-1.80133883
-1.98828052
-2.34270255
-2.91727287
-3.37655650
-1.39525762
-1.35949736
-1.20981754
-0.94687999
-1.08943761
-1.17555087
-0.91655363
-0.89564900
-0.79012131
-0.77397517
-0.55942143
-0.39920876
-0.27720398
-0.57833415
-0.83959125
-0.91882544
-1.12070002
-1.22673338
-1.63166334
-1.45111351
1.59925537
1.67497537
1.55069289
1.67431225
1.59330125
1.51426874
1.58997264
1.89967972
1.73167607
1.51105679
1.44294643
1.44121737
1.45665996
1.56558711
1.51998713
1.60793265
1.60005169
1.52486844
1.50584117
1.90808952
1.81264542
1.90743235
2.08876986
2.31808453
2.18349857
2.07068914
2.12198239
1.98663431
1.71696017
1.67894525
1.40161463
1.40146493
1.54205764
1.60182091
1.40954528
1.52521872
1.48596641
1.87508636
2.51626984
2.00222319
-2.69011970
-2.48528247
-2.26345759
-2.47704909
-2.52637857
-2.49707815
-2.62352303
-2.77062043
-3.07393559
-3.35793579
-3.23810391
-2.92080861
-2.80898544
-2.92929644
-2.85969120
-2.95465576
-3.16692971
-2.96823485
-2.97485353
-2.61323193
0.41619086
0.21961823
0.27262751
0.14738546
0.29732364
-0.03796471
-0.07527722
0.04246108
-0.26090489
0.18862498
0.12466913
0.18104871
0.22182236
0.21557376
0.53968600
0.57538423
0.94956645
0.65199536
0.28276927
0.52909349
-1.05983630
-1.15365246
-1.20125062
-0.91428483
-1.02149104
-1.02535468
-0.88709842
-0.86205247
-0.44054132
-0.17239804
-0.47552760
-0.48311257
-0.38715329
-0.31792607
-0.28427941
-0.53414332
-0.56607878
-0.87708240
-0.65901094
-1.02647312
-0.50631869
-0.70900963
-1.00499654
-1.05508595
-1.13977170
-1.00089453
-1.24478925
-1.27055898
-1.06456225
-0.92351188
-0.54999769
-0.68895276
-0.74717949
-1.28160698
-1.05567757
-0.83704563
-1.06156196
-0.86178007
-0.71838568
-0.44846420
1.10383446
0.76012217
0.71605801
0.41875484
0.76887948
1.00044374
1.09090177
1.14018072
1.37017414
1.25926163
1.08016194
1.15875394
1.09090684
1.17534856
0.82271539
0.99258736
0.90559661
1.11049562
1.28807669
1.15916436
1.30628290
1.08060935
0.79982922
0.80395156
0.83347311
1.11203972
1.09065059
1.22673140
1.20039049
1.22363812
1.09672358
1.10103633
0.85453155
0.66840141
0.33492988
0.22740421
0.40289133
0.50660145
0.61458971
1.26106055
1.39326075
1.60754324
1.64863449
1.62181144
1.87810521
1.75227251
1.51365278
1.30288370
1.23437520
1.53786508
1.91299143
1.95685386
1.79851757
1.69858445
1.77509109
1.73579553
1.62955945
1.31571860
1.39857892
1.39106429
-0.88305958
-1.21123104
-1.66647462
-1.58975495
-1.74220219
-1.66066050
-1.59758497
-2.00076460
-2.16107852
-1.73908332
-1.58656712
-1.51037844
-1.67783458
-1.85716111
-1.58094691
-1.33934685
-1.37733900
-1.34038351
-1.35049901
-1.24366774
-1.40347239
-1.57536511
-1.86398995
-2.05870120
-1.95179632
-1.91727080
-1.74830194
-1.55942022
-1.64851021
-1.53341306
-1.33458235
-1.58849113
-1.55703050
-1.60446365
-1.80507408
-1.73444777
-1.77867776
-1.72730488
-1.64463472
-1.55628922
-3.09507367
-2.58519569
-2.90309370
-2.82591605
-2.81120063
-3.31897588
-3.27277662
-3.33048430
-3.30562728
-3.32358718
-3.59421950
-3.61843119
-3.88763233
-3.44226055
-3.40851388
-3.39199790
-3.94380882
-3.85595848
-3.61314767
-3.18437818
-3.19262084
-2.75006162
-2.51954598
-2.41861740
-2.37077282
-2.50049229
-2.75711656
-2.93847530
-3.05531839
-2.84724301
-2.98331089
-3.02194461
-2.89636820
-3.11984921
-3.18005126
-3.51870059
-3.86401001
-3.74563764
-3.34190020
-3.16759761
-0.29804634
-0.44068475
-0.95342709
-1.02338619
-0.74590503
-1.06794251
-1.27152227
-1.05847795
-0.66504123
-0.59007293
-0.77966609
-0.59168693
-0.42916511
-0.34774379
-0.43197122
-0.49179593
-0.33954352
-0.29654921
-0.14114573
-0.24217974
-0.54499991
-0.46011802
-0.37891518
-0.39174203
-0.61616900
-0.60577589
-0.82434027
-0.71277277
-0.92952594
-1.09645350
-1.16195976
-1.16401760
-1.30112960
-1.51381651
-1.26194245
-1.08583104
-0.82153400
-1.05572047
-0.73047366
-0.38732819
2.03753242
2.22762432
1.85092373
2.30834303
2.10152811
1.83555757
1.89987552
2.00932905
2.37961786
2.32712145
2.44662960
2.41987690
2.40122914
2.58680273
2.25816894
2.47273946
2.23943607
2.57372219
2.17435734
2.27299788
-0.22235711
-0.12482430
-0.41671913
-0.16226777
-0.53015913
-0.66092761
-0.72927469
-0.34793773
-0.25163487
-0.14629163
-0.00809943
-0.10596238
-0.39084406
-0.49042205
-0.84230929
-0.50200128
-0.57131646
-0.86098567
-0.49191832
-0.31357624
-0.18734037
0.17201365
0.32128767
0.36091698
0.48767588
0.85653789
1.08860353
1.26369596
1.26929133
0.88609653
0.70195618
0.61189753
0.62653468
0.60165963
0.16739965
0.16761640
0.10013370
0.07250269
0.09169096
-0.10939277
2.17013556
2.26437053
2.15545711
2.55511679
2.43480216
2.33082204
2.41116970
2.20883859
2.14552874
1.92598510
2.05122962
2.02801907
2.15146648
1.99270743
2.17146912
1.67938858
1.57058110
1.71171449
1.69337142
1.68411890
1.34879771
1.58142238
1.44910013
1.30856503
0.89189674
0.90269893
0.71475055
0.77428331
0.88927564
1.22888336
1.04947762
1.21539203
1.14683848
0.97527983
0.76648122
0.85439524
1.09072949
0.91724764
1.13809071
1.33070227
-2.29999082
-2.68454036
-2.72471692
-2.80707174
-3.02154537
-2.75404222
-2.70842124
-3.18412579
-3.22261459
-2.82620615
-2.71930612
-2.52942713
-2.74736441
-2.76833136
-2.56476285
-2.51520538
-2.62376439
-2.82447785
-2.69637695
-2.21532590
2.81662030
2.69275601
2.85799985
2.52908537
2.32966876
2.62256711
2.91319866
2.80991286
2.58943415
2.66554563
2.65114956
2.63554051
2.65905090
2.72817027
2.59066787
2.53562227
2.38574453
2.92471057
2.99775849
3.09534184
1.47238867
1.70202014
1.92773865
2.03469360
2.44730983
2.48473855
2.48147963
2.20739947
2.44807569
2.23889153
2.01043701
1.94722283
2.03906406
1.85202180
1.74460004
2.07500523
1.68057076
1.73067524
1.51711343
1.62459097
-0.62317761
-0.60021509
-0.40844981
-0.38341823
-0.62326895
-0.29896123
-0.29441118
-0.17143805
-0.44381284
-0.35659383
-0.49225687
-0.48043914
-0.40400950
-0.59040696
-0.70585869
-0.91682899
-0.62852355
-0.57058433
-0.87011958
-0.75171268
0.51407041
0.72448063
0.69460403
0.70620406
0.85434508
0.88533606
1.19469404
1.20911622
1.03827240
1.20717097
1.34119277
1.60172952
1.96533403
1.77535207
1.93393970
1.65652321
1.60597263
1.15094852
0.83852448
0.79808878
-2.90573224
-2.98351874
-2.76916148
-2.81505653
-2.61417142
-2.76328905
-2.43824785
-2.30351810
-2.28796508
-2.35845654
-2.63022272
-2.93097329
-3.42465442
-3.30748108
-3.29511747
-3.33745247
-3.20063481
-3.15780358
-3.16662993
-3.15045962
-1.38510439
-1.47124835
-1.64925041
-1.50508917
-1.70525630
-1.39739826
-1.05961475
-1.18855615
-1.13397251
-0.75957056
-0.36314727
-0.63412461
-0.77359075
-0.88915414
-0.74953148
-1.04349102
-1.13560514
-1.08012645
-1.26132211
-1.34088630
1.31070078
1.22705071
1.11756839
1.59614251
1.42224755
1.69391584
1.28173824
1.11164458
0.99366679
1.00095591
0.85143397
1.38685724
1.44213945
1.65328149
1.33689468
1.65929532
1.85755371
1.95765400
1.80220062
1.78710668
-0.13200869
0.28266444
0.41471368
0.23915471
0.24601734
0.43649341
0.49374726
0.73465434
0.73768993
0.97802574
0.57213599
0.20064969
0.47361653
0.26202301
0.34929292
0.31330930
0.14453113
0.05317554
0.15672724
-0.08622681
1.50884863
1.69324482
1.72460316
1.77643321
1.81305087
1.65303536
1.50909214
1.21565772
1.13271769
1.12879157
1.05550792
1.02321538
0.93374168
1.37036896
1.12156797
1.25888033
1.00373491
1.49375556
1.71479243
1.40956177
-0.07353676
-0.17652908
-0.24691741
-0.36270196
-0.53572221
-0.52346121
-0.42475248
-0.31242327
-0.48497248
-0.54214563
-0.49710804
-0.43916795
-0.44843079
-0.24236887
-0.65504469
-0.88561838
-0.74343318
-0.47458221
-0.28504331
0.14629668
-0.82506195
-1.24583244
-1.30730230
-0.95684396
-0.72536172
-0.56527821
-0.79275206
-0.54187626
-0.63604775
-0.30523396
-0.31040698
-0.53943712
-0.47058555
-0.80632933
-0.58176285
-0.84728467
-0.65796164
-0.41647526
-0.40274577
-0.69038802
-0.50293126
-0.19377085
-0.32595029
-0.12849585
-0.43110151
-0.36965238
-0.31221583
-0.22954257
-0.18857123
-0.29137369
-0.59764315
-0.39000224
-0.58648022
-0.95420766
-0.96767952
-0.68646147
-0.94229225
-0.80243401
-0.85561361
-0.41369730
0.05714292
0.01582391
-0.12198928
-0.09194006
-0.32587840
-0.42874573
-0.14321146
-0.10084890
-0.00680823
0.03318661
0.08593214
-0.01438365
-0.27378928
0.05758142
-0.06392942
-0.33518704
-0.45207949
-0.34630060
-0.27305191
-0.30952350
1.37312186
1.48569501
1.52880172
1.70723870
1.54260500
1.56875737
1.61725744
1.51453013
1.31252079
1.27511951
1.18242172
1.34024696
1.50167598
1.54340648
1.64890642
1.62112213
1.41587178
1.76867796
1.73465691
1.30778181
0.37284015
0.20582009
-0.03023013
0.02831200
-0.03728135
0.28739763
0.55262452
0.46760345
-0.05285396
0.25940225
0.21138481
0.23128725
0.33002788
0.06970548
0.36821407
0.44154209
0.74928823
0.48023373
0.49107217
0.46880879
1.27234975
1.24653517
0.88781725
1.19499591
1.03903978
1.23450792
0.88759761
1.10648401
1.11329489
0.97494707
0.80735226
0.62280408
1.00296948
0.79849403
0.82258114
0.86788778
1.22988484
0.87178450
1.07845900
1.05454723
1.51259381
1.38970252
1.56222056
1.59138213
1.52390044
1.30575682
1.14869400
1.28010677
0.88289900
0.75484690
0.82547810
0.95003972
1.10977447
1.11129950
1.31121500
1.43770146
1.65986086
1.62406026
1.53092989
1.32541791
1.83302036
1.75472189
1.86594843
1.88100779
2.17929355
2.25256764
2.26806546
1.87360731
1.99128646
1.76402788
1.72928744
1.76343951
2.01318540
2.15415031
2.12201119
1.86022049
1.93436384
1.78193453
1.52342103
1.84231060
0.36263868
0.33484048
0.51256968
0.71572056
1.23044064
1.03939814
1.14236094
0.90609751
1.31323330
1.46137606
1.54864630
1.63773124
1.34706228
1.00753239
0.58748389
0.71574761
0.68424129
0.26673043
0.07330878
0.12807119
-2.07864806
-1.87679841
-1.40195345
-1.76369664
-1.39582315
-1.69494206
-1.55035337
-1.62724975
-1.49860930
-1.46141899
-1.40514791
-1.69853763
-1.89268755
-1.80285144
-1.86296069
-1.76745961
-1.85425636
-1.80545589
-1.63098855
-1.71505507
2.44197687
2.00390454
2.02552579
2.21287321
1.76727403
1.57245186
1.42194071
1.44711479
1.46257970
1.53555298
1.58503463
1.45428619
2.17882587
2.39906229
2.51846444
2.40752239
2.56764244
2.55361342
2.58846221
2.25687535
-1.13068257
-1.22279096
-1.53503020
-1.77963711
-1.68749278
-1.92356945
-2.00809241
-2.14854593
-2.17086711
-1.85621375
-1.74435199
-1.57599408
-1.76642028
-1.78767002
-1.59427861
-1.49087699
-1.68585352
-1.42124448
-1.06607309
-0.96358363
0.58883867
0.36673075
0.57286341
0.14660589
0.25189841
0.37426033
0.16131521
0.05014013
0.39774076
0.56798330
0.61438480
0.87955927
0.53359941
0.60927291
0.50530965
0.66401022
0.25196063
0.30961130
0.33575275
0.68164385
0.71226639
0.78852603
0.47841297
0.36008836
0.41743100
0.74358289
0.55195536
0.98871355
0.37236627
0.15619428
-0.09722164
-0.01229340
0.11733516
0.13896323
0.33664250
0.51952468
0.64352917
0.78059723
0.80282869
0.85988014
0.92986697
1.03705540
1.41189098
1.34247057
1.06408622
1.29215519
1.22164121
1.23905765
1.20907503
1.49959638
1.54373623
1.59533233
1.41900053
1.49476274
1.26078015
1.25785262
1.28842844
1.32065652
0.89189920
1.21167332
-1.86772099
-1.46989998
-1.52169315
-1.68892866
-1.89981156
-2.18350537
-1.71055263
-1.77331832
-2.10524024
-2.19335920
-2.18495805
-2.04166716
-2.03391162
-1.80233525
-1.48786742
-1.38497982
-1.41305743
-1.51081230
-1.86304266
-1.79854254
0.69367388
0.73760359
0.71195492
0.55962265
0.45146984
0.21353111
0.05127644
0.66814689
0.29178396
0.09723024
0.00607811
0.00744367
-0.14704998
-0.44496505
-0.48760276
-0.12328229
-0.10685926
-0.14397440
-0.06792314
0.15098123
1.71237667
1.59394732
1.66720055
1.35130754
1.31609943
1.32043984
1.48574292
1.66523950
1.40343960
1.53629759
1.39638728
1.39673315
1.56676380
1.70470856
1.56735351
1.43890737
1.68739674
1.98095469
1.64228422
1.49614814
2.91682166
3.01969268
3.01574522
2.89183633
2.72239039
2.63412279
2.17481053
2.21131587
2.14907591
2.14860361
1.99244684
2.21852959
2.32288203
2.48405973
2.68961080
2.51818748
2.80653884
3.07370311
2.80399591
3.04426025
2.09131664
2.06478239
2.21577756
2.08065083
1.78127650
1.61917430
1.26860085
1.29780142
1.35657861
1.32779704
1.70627274
1.76352100
1.82635123
1.68172541
1.47395465
1.73639193
1.83606023
1.95333506
2.01296228
1.99313869
2.59219922
2.70433644
2.62907109
2.57085457
2.52636039
2.37440924
2.67545768
2.83961398
2.67532375
2.61128985
2.53693850
2.52494859
2.52339999
2.25685460
2.40598417
2.44472926
2.88096527
2.84125578
2.82445930
2.64733391
0.12345160
0.19902537
0.09489583
0.31286649
0.45485112
0.48292170
0.48510591
0.37674740
0.03035656
0.13738864
0.20569559
0.31976126
0.59435426
0.54190503
0.45251637
0.13897397
0.56558821
0.19990350
0.04164581
-0.09255925
-0.20294961
-0.01604926
-0.19966803
-0.18979027
-0.23951435
-0.25917439
-0.56904816
-0.78874061
-0.52197866
-0.26243871
-0.13673031
-0.25283572
-0.23460538
0.00695119
-0.04204958
0.02180853
-0.05996191
-0.31366212
-0.12391503
-0.40928507
-0.41298522
-0.39776081
-0.23752710
-0.41745477
-0.21153903
-0.23083284
0.01430449
0.11985398
-0.12383343
-0.06700487
-0.26630052
-0.29608923
-0.35212410
-0.50236856
-0.54848282
-0.40795653
-0.52560092
-0.74601003
-0.58955499
-0.37839936
-1.73246575
-1.82944106
-1.41665278
-1.37974765
-1.44275979
-1.41939899
-1.53595802
-1.35233452
-1.15624726
-1.04147681
-1.02721835
-0.96113258
-1.32883084
-1.71286448
-1.77395178
-1.62541862
-1.71739337
-1.60028167
-1.48396564
-1.55170189
-2.18244313
-2.06291542
-1.93288206
-2.09700579
-2.34876817
-2.54853644
-2.59754090
-2.59322889
-2.47890140
-2.36367680
-2.46800909
-2.67492402
-2.80404407
-3.18622564
-3.30077829
-3.16245715
-3.26238375
-2.80437927
-2.98661053
-2.64977570
0.31647589
0.12840099
-0.08037000
-0.12900978
-0.18984207
-0.11918976
0.12132796
0.23246233
0.44186126
0.20101284
0.29619277
0.25057876
0.08508403
0.11938029
-0.12164428
0.11846079
0.47684150
0.53583595
0.65397440
0.42528962
-0.89010497
-0.94998669
-0.96258791
-0.95765692
-0.96752696
-1.08968813
-1.24036988
-0.97829737
-0.88401938
-0.45221328
-0.26289222
-0.13815081
0.03671835
-0.01938581
-0.18988050
-0.24965304
-0.04200303
-0.60522768
-0.64404408
-0.65559718
-1.28453173
-1.48103161
-1.49326873
-1.39909955
-1.04326577
-0.84988389
-0.79822997
-0.69273351
-0.78254860
-0.91156091
-1.00006462
-0.78870357
-0.93438982
-0.49071947
-0.32715164
-0.61535280
-0.98363941
-1.29365937
-1.35012403
-1.17400113
-1.31650260
-1.20967520
-0.79479037
-0.94884723
-1.17808286
-1.36806674
-1.56267841
-1.64416459
-1.50130127
-1.33937301
-1.54349565
-1.47598510
-1.05147130
-1.02574650
-1.19087944
-1.44628943
-1.34457150
-1.63977158
-1.29059205
-1.39063203
1.98167415
2.29814423
2.10153452
2.00458342
2.20231572
2.52175393
2.34636588
2.15729095
1.71563341
1.45566216
1.65799645
1.87259395
1.78084579
2.33743986
2.12337901
1.88156600
1.52381683
1.73725064
1.84963720
1.89155449
-0.02406307
0.10268106
0.10260428
0.44412381
0.47217253
0.57935591
0.72769954
0.55508817
0.36312247
0.23992640
0.23812178
0.17099990
-0.22749222
-0.00041322
-0.03109026
-0.04596219
0.08193330
-0.05346492
0.07423496
0.45519643
1.17155071
1.11808149
0.77943774
0.94496448
0.77400354
1.01282327
1.25340714
1.08843063
1.24633928
1.19543844
1.33945533
1.63213958
1.55602129
1.65551760
1.28920853
1.62464636
1.84951968
1.51928513
1.46829973
1.67565921
-1.45616968
-1.47161092
-1.18734860
-1.01013207
-1.18419721
-1.20350584
-1.47108763
-1.25810853
-1.27389172
-1.66248259
-1.56409230
-1.63174072
-1.66549210
-1.74549848
-1.30046644
-1.32460163
-1.62109826
-1.52566715
-1.42114592
-1.58755831
1.19323484
1.07640372
0.99193234
1.10908276
1.49826435
1.49587650
1.32194111
1.20817913
1.36099466
1.56852486
1.52394072
1.63252822
1.82583499
1.53620503
0.96873652
1.24632935
1.06417560
0.94414798
1.21758005
1.07354897
0.62750415
0.52740447
0.74921474
0.95011625
0.81748615
0.83366540
0.99476786
1.17544445
1.06280294
1.28559623
1.28452963
1.09695338
1.26635298
0.68675374
1.07074955
0.92421872
0.81682462
0.48790678
0.43934140
0.42223804
-0.62686605
-0.52288936
-0.57515709
-0.39889613
-0.68941253
-0.66801179
-1.20726262
-1.00924350
-0.96941601
-1.02488282
-1.34586296
-1.29529752
-1.40464414
-1.55927027
-1.11688565
-0.73625035
-0.23984306
-0.22833732
-0.58146891
-0.85560752
-0.09239507
-0.19169398
-0.38694479
-0.43100081
-0.63219878
-0.72368627
-0.85487703
-0.88383514
-0.54063920
-0.34136312
-0.27041966
-0.33534449
-0.64158267
-0.79394223
-0.84168777
-0.52569022
-0.51499429
-0.44229919
-0.29077288
-0.08899191
1.02389874
0.89361532
0.40430974
0.52142026
0.71253250
0.80088746
0.86860652
1.01060753
0.91736046
0.69169888
0.67704469
0.69592385
0.51389532
0.64338944
0.91631541
0.98247152
0.79531153
0.88319659
0.72509379
1.17622087
-3.88944310
-3.78407779
-3.64657583
-3.79622408
-4.12458267
-4.61775652
-4.45867923
-4.10808286
-3.90609212
-3.75847442
-3.67189031
-3.54454831
-3.60112178
-3.33857317
-3.54390497
-4.05499203
-4.17704078
-4.26287275
-4.13327455
-3.96702063
1.13163475
1.38635056
1.52064948
1.73853666
1.87287299
1.67685152
1.47212998
1.43034161
1.65129736
1.89017322
1.99298402
2.03519709
2.03284985
1.63309913
1.49735796
1.05905031
1.05844212
1.11449929
1.10848283
1.23234531
1.28542735
1.17688622
1.09874316
1.30220587
1.12626985
1.18529992
0.88120865
0.68112109
0.75950369
0.80310803
1.08096187
0.99684073
0.86521902
0.43275970
0.59883016
0.57706410
0.46187840
0.74169821
0.93458281
1.21416688
1.16290522
0.92035555
0.83521619
0.98725458
1.44233874
1.70978491
1.84480099
1.58457554
1.60063287
1.45792492
1.32384717
0.95830153
0.63099655
0.66564710
0.64314475
0.65825616
0.35364724
0.33778983
0.79182086
0.92687942
0.00914340
-0.01674031
-0.13415774
-0.09881761
-0.08492075
-0.20484644
-0.22925821
-0.30443426
-0.29142290
-0.23970419
0.19584726
0.29370897
0.17249710
0.20422841
0.35440762
-0.01334176
-0.14666370
-0.07193537
-0.01738230
-0.02654206
-1.48628782
-1.18662058
-1.33200779
-1.41968068
-1.48266596
-1.51191757
-1.48455878
-1.32602389
-1.43189500
-1.39343997
-1.50282308
-1.62342696
-1.77992164
-1.75476321
-2.12015726
-2.65367279
-2.29262386
-2.18813271
-1.98457434
-1.60778753
-0.33623957
-0.43824023
-0.41281149
-0.23463452
-0.31276306
0.10204956
0.17467199
0.01427366
0.16691560
0.50154025
0.47832790
-0.01491411
0.29338784
-0.13075723
-0.17542215
-0.14778532
0.04827093
-0.17510316
-0.27024618
-0.35136990
-1.98216076
-1.98779978
-1.87354189
-1.79730063
-1.78009139
-2.05343271
-2.46057226
-2.54759159
-2.44766811
-2.07994006
-1.58345343
-2.21185807
-2.14285660
-1.98532720
-2.50547078
-2.45036880
-2.26938728
-1.95475957
-1.96400355
-1.80328994
-1.09403723
-0.93900638
-1.07364807
-1.00292086
-1.14095495
-1.38862888
-1.53678572
-1.47436810
-1.35290353
-1.24260455
-1.36560369
-1.28968262
-1.33569131
-1.48550599
-1.60132809
-1.34721213
-1.24295903
-0.93690057
-0.90031586
-0.92953789
-0.78076268
-1.07954784
-1.09732173
-1.53820476
-1.27538134
-1.42756204
-1.31047774
-1.05230800
-1.22777941
-1.34751883
-0.89433104
-0.95936330
-1.25340586
-1.31746470
-1.56087425
-1.69484130
-1.26329941
-1.10879288
-0.97139236
-0.90015220
0.14273205
0.10378781
0.03602859
0.14991019
0.26110302
0.60393579
0.64702527
0.65234982
0.54705074
0.53226018
0.49205591
0.41020778
0.35202287
0.39512341
0.29846511
-0.03980552
0.08697780
0.08764667
0.22634793
-0.01616968
-0.89436393
-0.72207667
-0.65716620
-0.79745478
-0.67832613
-0.70278822
-0.67056093
-0.76644403
-0.78522979
-0.81679044
-0.57613503
-0.68696113
-0.62385569
-1.07157924
-0.69500854
-0.79422803
-0.87744334
-0.73649900
-0.89576931
-0.78416616
-1.66288081
-2.05634406
-2.11977113
-2.16675980
-2.46925513
-2.28541756
-2.42813261
-2.17345947
-2.15397748
-2.21295557
-2.25513594
-2.00572456
-1.86747061
-1.84294812
-1.48984630
-1.38686500
-1.80171711
-1.61140485
-1.66383369
-1.64132084
0.32563016
0.57531449
0.69704739
0.77102525
0.49748961
0.60769847
0.62741767
0.54573032
0.24456663
0.14378890
0.23058088
0.37957847
0.55258999
0.58760303
0.64590354
0.86527442
0.58759989
0.71204318
0.40394674
0.25672699
0.48596953
0.93151938
0.92871214
1.13691334
1.47529267
1.23697957
1.52645633
1.41808095
1.49027813
1.48114618
1.56054757
1.21824957
0.90128839
1.17503134
1.08823956
0.99524228
1.13722375
0.81355342
0.87884007
0.79186196
-1.90930362
-1.78204720
-1.79934980
-1.46912208
-1.68181619
-1.81474105
-1.52683247
-1.50761190
-1.54476431
-1.83152477
-1.95766420
-2.02997504
-2.20126650
-2.14552480
-1.91307057
-1.48727618
-1.24677098
-1.49574309
-1.99978687
-2.20795429
0.13873738
0.28978491
0.17265968
0.45023520
0.86145173
0.83262851
0.36179009
0.53455146
0.44987183
0.66393109
0.54939290
0.73850564
0.55774996
0.67575731
0.47821580
0.63538391
0.74131456
0.46894223
0.41722751
0.32872924
