phonon_position
-3.13112666
-2.83170072
-2.74172327
-2.68237573
-2.71098955
-2.75525035
-2.59000660
-2.72380872
-2.75780179
-2.44531211
-2.45150552
-2.75536082
-2.76717707
-3.04044082
-3.08945741
-3.02028552
-3.08323906
-3.14520816
-2.73863764
-2.73075301
-1.46241704
-1.12046932
-0.68513595
-1.27566071
-1.55973951
-1.46166913
-1.14244387
-1.13927224
-1.02009563
-1.19002515
-1.38889570
-1.30605158
-0.92603365
-1.24319700
-1.27086163
-1.21506194
-1.25673530
-1.30470919
-1.46817438
-1.43802630
1.20794387
1.08990283
1.51075442
1.34833533
1.70155922
1.39964836
1.43236267
1.58980338
1.17965618
1.15838025
1.14305424
1.51493459
1.68029612
1.53168599
1.46691481
1.34611438
1.28280520
1.31602844
1.10598716
1.07124052
1.14625062
1.01479742
1.08017678
0.80670179
0.69410366
0.75828448
0.79121367
1.01895096
0.94670905
0.48234550
0.86095309
0.93226640
1.08478589
0.86165759
1.33905982
1.43022915
1.51504321
1.25239860
1.53912459
1.16338708
-1.79324295
-1.79671118
-1.90775094
-1.89157761
-2.52053140
-2.70034825
-2.72674296
-3.01520157
-2.98215711
-2.73790558
-2.77102136
-2.90484538
-2.85645238
-2.98083181
-2.87676231
-2.66842819
-2.76585039
-2.70758796
-2.31816795
-1.92083165
-2.65112886
-2.62673832
-2.74351120
-3.10112063
-3.08843787
-3.13804631
-2.79549854
-2.75435991
-2.66914638
-2.67550731
-2.31830639
-2.10593369
-1.98459053
-2.20857882
-2.51234744
-2.34715590
-1.98040322
-2.08483236
-1.92198712
-2.28866867
-0.74188052
-0.84558091
-0.53733606
-0.90080456
-0.80952604
-0.61181896
-0.59540753
-0.48362565
-0.85697968
-0.63527200
-0.67991020
-0.20453903
-0.25844473
-0.21631924
-0.39886578
-0.68150925
-0.77255708
-0.52126665
-0.48445609
-0.58920898
-0.65151171
-0.70936393
-0.46274813
-0.55124342
-0.79514593
-0.61616332
-0.76596081
-0.69838279
-0.38873866
-0.40873464
-0.67167296
-1.04920316
-0.81341712
-0.75707797
-1.02291866
-0.96159190
-0.49494397
-0.91571791
-1.03754817
-0.64511906
-0.53660755
-0.47813500
-0.37881142
-0.66605265
-0.79280721
-0.84008947
-0.89713237
-1.00718081
-0.71261451
-0.57122093
-0.83759876
-0.96644979
-0.69617433
-0.75334041
-0.56340994
-0.62397522
-0.73728653
-0.48454159
-0.44792243
-0.48113448
-1.16683394
-0.95932451
-1.09362955
-1.03022496
-0.92152183
-0.62961071
-1.04989874
-0.99055484
-0.89619558
-0.95285244
-0.89632596
-0.94245342
-0.80368995
-0.73243067
-0.54644409
-0.79032302
-1.15573413
-1.18002930
-1.05678304
-1.03950496
-0.59404047
-0.46314072
-0.54077282
-0.30990952
-0.04609976
0.13924559
0.27103575
0.45952368
0.61803339
0.21324505
0.21029173
-0.17266960
-0.22004018
-0.44605729
-0.44612132
-0.54932495
-0.71107382
-0.51957153
-0.61102952
-0.55436705
0.81920204
1.04671025
1.15752190
0.80383559
0.86192373
0.92709353
0.85409976
0.83145693
0.85211407
0.94530996
1.29420231
1.19641810
0.99105387
1.33106875
1.69235723
1.46298616
1.13558313
0.96109393
0.93676616
1.22446869
0.21887412
0.18705839
0.34119252
0.68144314
0.61475638
0.16497075
0.24113858
0.45550634
0.68297906
0.72978120
0.80472674
0.42979069
0.34266092
0.06516806
-0.05119524
-0.03121610
0.09890418
0.38846215
0.16106757
0.01497331
1.73177405
1.96307558
1.83311560
1.94290134
1.92186475
1.74312639
1.52588724
1.29499579
1.11521184
1.08699857
1.77146562
1.58805578
1.77059689
2.03789226
2.13643397
2.21008213
2.16668725
1.66334114
1.54033586
1.39370811
-1.85843378
-2.00519783
-2.52349482
-2.58272015
-2.63977462
-2.47052275
-2.58807273
-3.06250492
-2.79069538
-2.78288326
-3.00867821
-3.15934644
-3.06328556
-3.32649094
-3.08549767
-3.11270065
-3.13635822
-2.67896815
-2.47255192
-1.97083447
0.05419094
0.06838749
0.35880911
0.19983630
0.52976392
0.47226600
0.59509380
0.41807883
0.57044010
0.54745470
0.32993332
0.25822515
0.24818431
0.38045472
0.12590924
-0.17626886
-0.23765689
0.03430108
0.23871357
0.28857866
2.08971619
2.04309030
2.12646996
1.83715313
1.78309659
1.73435981
1.67093497
1.44810202
1.57596450
1.51577540
1.33577764
1.47722410
1.51221676
1.16227480
1.20540912
1.13708144
1.28130381
1.44539371
1.89643950
2.07324970
0.04396711
0.25161626
0.27679187
0.38077000
0.32798549
0.40867262
0.33303525
0.63639311
0.43863909
0.22374315
0.43513641
0.39306380
0.24815657
0.80528760
0.33601238
0.70394272
0.68745902
0.59523572
0.38793382
-0.09015678
-1.64372004
-1.62969581
-1.81949673
-1.86128167
-2.00360111
-1.64431273
-1.49779040
-1.42818433
-1.96386015
-1.76938491
-1.81109274
-2.22952548
-2.39306790
-2.68284893
-2.62118552
-2.59539834
-2.11968044
-1.87853614
-1.87591819
-2.01194808
0.35466915
0.02831963
-0.08266766
-0.05143023
-0.02612090
0.05311365
-0.16276955
-0.13710691
-0.22118934
0.06103807
0.24739871
-0.33801188
-0.31874591
-0.24166003
-0.33268327
-0.31779615
-0.30528000
0.06066060
-0.30085355
-0.08341676
2.60530726
2.51688090
3.15952459
3.43819667
3.22170127
3.31735766
3.04073846
3.20671485
3.10047862
3.02220386
2.92592621
2.52380647
2.73445245
2.13731791
2.19746661
2.33607907
2.29967986
2.58006366
2.45848046
2.55093245
0.99052568
1.02423271
1.08348914
1.38629284
1.35495383
1.00582821
0.76616627
0.82619443
0.67477810
0.56435574
0.34562411
0.78912703
0.77719054
0.72945473
1.01820748
0.96721656
0.88640937
0.93340337
0.88766808
1.30043915
2.03392314
1.96723741
2.08666919
2.17427206
2.30785932
2.16297562
1.86288928
1.84723592
1.94742674
2.27392259
2.47885481
2.35109047
2.23867907
1.85329658
1.91673795
1.97832715
1.96924680
2.19790391
2.40884383
2.07268289
0.38366629
-0.01485545
0.01091000
0.15420569
0.18781704
0.54605723
0.60842844
0.61762412
0.37971115
0.31989662
0.46832223
0.67767475
0.41355574
0.27793430
0.50230015
1.05906426
0.85302138
0.85908845
0.75757930
0.49428846
0.59303456
0.61767319
0.69113187
0.86916616
0.71771032
0.36523653
0.11652847
-0.07028464
0.08261044
0.08532213
0.24497922
-0.21710176
0.16662785
-0.10088808
-0.03888358
0.15967677
-0.19599640
-0.01373153
0.21090176
0.33108130
-1.66077904
-1.44120086
-1.66766764
-1.48081080
-1.22890432
-1.57729713
-1.64407504
-1.61325837
-1.83158734
-1.60952252
-1.76131390
-1.70406105
-1.28866102
-1.17654273
-1.57400211
-1.56225215
-1.64678997
-1.69914104
-1.70829609
-1.89357576
1.44873880
1.44820281
1.56195073
1.36927463
1.02849418
1.44712907
0.95377262
1.06379153
1.22401188
1.39847384
1.37101472
1.39939713
1.68656802
1.70172785
2.06088988
1.83382055
1.52392372
1.20855971
1.28499127
1.31072904
0.47552138
0.25500739
0.41915120
0.31478168
0.24539890
0.48294116
0.22774849
0.45671976
0.38829295
0.43081854
0.64275523
0.46485743
0.51144952
0.46356257
0.52255048
0.18394597
0.37648861
0.23486643
0.49104738
0.28771639
-1.24180012
-1.06796784
-0.92739704
-1.30397528
-1.21981578
-0.95406572
-1.07260142
-1.09848408
-0.92276938
-0.83258407
-1.08600337
-0.89249220
-1.12387702
-1.16567081
-0.93077803
-0.81122861
-0.79656458
-0.97879368
-0.88746624
-1.01162055
0.29946633
0.48187857
0.26071591
0.28232946
0.36287926
0.52374149
0.48115156
0.30971903
0.56059466
0.30045388
0.19944741
0.32286044
0.53200466
1.03187959
1.23490936
1.25496162
0.91573543
0.85590838
0.68261041
0.48239407
0.03651989
0.05397267
0.26587178
0.59351061
0.19533492
0.16354643
0.27395345
0.36449373
0.48677600
0.53944178
0.42920978
0.52688250
0.56686281
0.85584885
0.90007123
0.76975139
0.88088458
0.70445507
0.43281671
0.25485301
-0.64989887
-0.49280206
-0.42642294
-0.47007354
-0.36123446
-0.44972171
-0.32851791
0.25764147
0.49166348
0.21742787
0.47984854
0.27158018
0.06766287
-0.31582646
-0.54099062
-0.40421584
-0.53787505
-0.77433181
-0.84617662
-0.93712308
-1.35540539
-1.54462395
-1.58119549
-1.73104936
-1.48528754
-1.46421773
-1.64752726
-1.84438181
-1.80529955
-1.42088969
-1.62590314
-1.83676736
-1.98587431
-1.52173260
-1.73854488
-1.76263271
-1.75955074
-1.50690537
-1.48307159
-1.37755635
0.79172720
0.93742193
1.34579769
1.40882954
1.37928613
1.43668820
1.44216146
1.36682678
1.32954968
1.21335273
1.21680381
1.43814271
1.40618796
1.59039587
1.27742982
1.29744881
1.09359284
1.05114764
1.21722709
1.11060752
-0.95570163
-0.77947943
-1.05423908
-1.09521350
-1.29479705
-1.84096962
-1.97098716
-2.03929584
-1.75002853
-1.86620899
-1.97884402
-2.10461715
-1.94842977
-2.02846182
-1.69740761
-0.98172392
-0.81003084
-0.90811183
-0.76442170
-0.88694948
-0.50932136
-0.49192380
-0.17866828
0.13952166
0.20305410
0.36745233
0.37838348
0.20701187
0.31490468
0.47280611
0.95546536
1.18747570
1.20201440
1.43368657
1.18161557
1.34688662
1.12303806
0.81598546
0.17455922
0.00966801
0.64847257
0.91279094
0.59548200
0.34514453
0.34356731
0.15597309
-0.02807819
0.03936587
0.47748051
-0.07834956
-0.11749542
-0.14778930
-0.34795167
0.00165608
0.00242801
0.13139854
0.26556773
0.37394273
0.26958534
0.38703483
1.69683170
1.84982362
1.83134471
1.82116470
1.99357359
2.26429131
2.35034214
2.12593393
2.02526929
2.52671855
2.59990677
2.62511137
2.65631543
2.23078665
2.06667776
1.73297126
1.75605142
1.69659063
1.58436737
1.69737743
0.02681413
0.04470809
-0.28725840
-0.10402326
-0.22593296
-0.35316564
0.38562300
0.61228561
0.69053885
0.80300545
0.69933101
0.80624719
0.57167947
0.39420170
0.81681439
0.63327648
0.29394057
0.51775796
0.25898894
0.40567419
1.19549715
1.20299998
0.97180855
0.56004916
0.76829366
0.94524519
0.95985632
0.93490206
0.90041691
1.23508965
1.60002055
1.40335454
1.40875709
1.49330159
1.43059917
1.23683574
1.43632897
1.58423612
1.20106811
1.15888024
0.81207051
0.80907045
1.02167690
0.80419475
0.68498786
0.36959983
0.54401019
0.12985669
0.25126972
0.22456581
0.30419733
0.36086155
0.06958543
0.08704624
-0.26912647
0.04760085
0.04536244
0.30986413
0.50684163
0.47597643
-0.04528406
0.08220933
0.21068841
-0.03715286
-0.25736477
-0.26444016
-0.59679263
-0.54496612
0.00822151
-0.08511590
-0.11073727
0.17448532
0.13754647
-0.12036469
-0.11998339
-0.00144679
-0.01893858
-0.11610808
-0.26786440
-0.09225154
-1.31272362
-1.22876106
-1.12618166
-1.09832883
-0.82960264
-0.68552850
-1.18446530
-1.54758941
-1.34826624
-1.11504504
-1.06309160
-0.81576134
-0.76930390
-1.22225399
-1.38400311
-1.47933211
-1.48591173
-1.50383526
-1.57338245
-1.50524078
-0.71975128
-0.76667146
-0.44162904
-0.27567487
-0.72762942
-0.76112067
-0.84244444
-0.94724798
-0.80612944
-1.07533329
-0.95411426
-0.79610152
-0.89785741
-1.08216939
-0.82755665
-0.60098776
-0.29007740
-0.53284847
-0.21523002
-0.19201760
-1.13195341
-0.99366407
-1.00950678
-1.07341410
-1.12553899
-1.23213999
-0.86589955
-0.91890615
-1.09271160
-1.14325855
-1.12925382
-1.37653407
-1.47118466
-1.58281806
-1.60969228
-1.59080773
-1.62512218
-1.33648160
-1.18595506
-1.19111335
0.47753493
0.84754385
0.96375558
0.69866839
0.85333441
0.97241233
0.88851104
0.79183860
1.37867043
1.37943445
0.87439833
0.81772598
0.72319662
1.02901372
1.52568107
1.05032645
0.94968070
1.00074066
0.57628699
0.44040028
-1.97069123
-1.76555538
-1.65174835
-1.76378560
-2.04065421
-2.22393877
-1.93191416
-1.84890811
-2.27822959
-2.20653765
-1.83233520
-1.67015092
-1.83854418
-1.86807716
-2.06209946
-2.08184001
-2.00876053
-2.00903085
-2.21944144
-2.22305349
-2.01081524
-1.68795737
-2.06611001
-2.17081999
-1.95713054
-1.62129639
-1.80760011
-1.99085039
-2.03044076
-2.32107257
-1.87924780
-1.60087781
-1.61571230
-1.30999716
-1.48915629
-1.93810510
-1.71837043
-1.68980199
-1.48535441
-1.68507658
-2.20195080
-2.19505162
-2.26684200
-2.38627127
-2.16605222
-1.75725288
-1.90925446
-1.56463104
-1.29230243
-1.13193262
-1.77531418
-1.90423140
-2.23277076
-2.17966838
-2.01701878
-2.10237455
-2.14554893
-2.36007656
-1.93005592
-2.27724668
-0.71129800
-1.05800188
-0.95602644
-0.89947632
-0.75940717
-0.77720654
-0.82017726
-0.78864146
-0.99453233
-1.14928406
-1.33511196
-1.16103536
-0.85016392
-0.65039635
-0.66033314
-0.85101775
-0.60653585
-0.79905953
-0.82626340
-0.54414413
1.94756496
1.98339210
1.61305647
1.40593078
1.45788111
1.57894436
1.77293866
1.90675264
2.02942763
2.29003458
2.16860979
1.90882924
2.01857156
1.92354010
1.67385872
1.45426277
1.64101893
1.62338149
1.61846843
1.76394362
1.89015612
2.02740259
1.95150444
2.14433405
2.12689836
1.89593614
1.99700353
2.04385113
1.80940617
1.57757693
1.50134280
1.48393567
1.89936834
1.77888517
1.85079592
1.74567719
1.80337384
2.10038522
2.12213841
1.97100955
-1.00139117
-1.05001077
-0.65368451
-0.27101421
0.01537536
0.15431864
-0.03952246
0.07904365
-0.03130546
-0.31521456
-0.42918735
-0.60430115
-0.54089880
-0.58939425
-0.61973824
-0.64472882
-0.63579918
-0.46851664
-0.43225255
-0.84870819
0.28434682
0.43925460
0.65526912
0.98966339
0.96676238
0.96867606
0.77561563
0.63524685
0.72486643
0.67736252
0.95614758
0.82457236
0.90988718
0.73003759
0.60132887
0.80826402
0.80813854
0.61873324
0.55372977
0.45066382
0.60722057
0.88636467
1.01134313
0.49897593
0.64792051
0.41258567
0.36755634
0.32281047
0.24748900
0.15268062
-0.13943210
-0.38338911
-0.29929302
-0.05194533
-0.03092235
0.06193064
0.15958431
0.31901228
0.25300843
0.68087413
-2.62342131
-2.24889534
-2.65327140
-3.18472800
-3.61581792
-3.49023373
-3.46999356
-3.27325931
-3.31379661
-3.63478016
-3.67122860
-3.71991575
-3.52378128
-3.35792674
-3.48583450
-3.12099924
-2.87133907
-2.62605256
-2.78597463
-2.38611921
-0.13885977
-0.31754733
-0.20049349
-0.49512407
-0.51716299
-0.55462470
-0.34743603
-0.35201844
-0.62327917
-0.53429318
-0.36884975
-0.22186064
0.02107557
0.07833829
-0.06795746
0.28021399
0.13358414
0.12108734
-0.20423539
-0.20129703
-1.57209486
-1.88498294
-2.04442039
-1.80907239
-1.62932730
-1.78418572
-2.26776883
-2.21519235
-2.21904424
-2.08867209
-1.88666854
-2.27570111
-2.54701989
-2.49163042
-2.59499904
-2.43222966
-2.23208003
-2.04509726
-2.05015961
-1.92915752
-0.11158912
-0.30247267
-0.16239902
0.13706671
0.19599992
0.30599852
0.15085011
0.16303988
0.00356720
-0.24715338
-0.59885216
-0.67028639
-0.07351437
0.14027112
-0.10430406
0.22908808
0.10354854
-0.12986383
-0.33288918
-0.17917072
1.53042542
1.86615912
2.03439380
2.00145650
2.04187280
2.18176848
2.16556439
2.33067117
2.15811813
2.10863779
2.11361402
1.74504176
1.77304080
1.70777769
1.48943191
1.67406454
1.94695291
1.77634976
1.44640288
1.35170308
-1.77832355
-1.44324514
-1.30322926
-1.51064006
-1.24710390
-1.21597159
-1.21740072
-1.17746859
-0.80123268
-0.95821185
-1.11548387
-1.14028349
-1.27269269
-1.25114930
-1.49812678
-1.63676167
-1.83459115
-1.93714227
-1.82399385
-1.70442824
-0.07279572
0.12684746
0.27479494
0.40856598
0.16780354
-0.16296625
0.07658008
0.27280340
0.05958685
0.16427795
0.35388878
0.39995030
0.37480726
0.02443393
-0.13155801
-0.14602070
-0.16845242
-0.18467724
-0.14594071
-0.14326300
0.53445191
0.53499999
0.59730519
0.69881236
0.28373594
0.13391639
-0.07345021
-0.26400779
-0.25155849
0.06335773
-0.22290756
-0.48989742
-0.28760379
-0.21651505
0.12717760
0.23936075
0.01826759
0.34437712
0.69451609
0.70596374
0.16209575
0.61821874
0.22650014
0.13842508
0.49294247
0.53900899
0.56262212
0.54162113
0.33383586
0.34666287
0.23972246
0.18316321
0.15048371
-0.35437871
-0.48095271
-0.59986539
-0.22730915
-0.32323729
-0.04485732
0.25881073
0.01390585
-0.01769922
0.23617557
0.16807138
-0.06257833
-0.00749100
-0.49006568
-0.13861276
0.04743034
0.11919295
-0.10640043
-0.25341839
-0.37933178
-0.06046375
0.09042273
0.09790004
-0.01889479
0.02982225
0.11719885
-0.10012863
-0.70012731
-0.60743981
-0.65094069
-0.39812029
-0.44225257
-0.65171110
-0.88076596
-0.68783558
-0.33268447
-0.09030734
-0.18363561
-0.37571099
-0.61403162
-0.39225691
-0.59502966
-0.56188649
-0.42096594
-0.31144330
-0.55210528
-0.83523303
0.04990496
0.37027947
0.44832711
0.42093802
0.38015836
0.49632823
0.44462794
0.35910508
0.36199276
0.57068734
0.49611912
0.00519855
-0.13191497
-0.15986446
-0.14720301
-0.20360861
0.10008197
-0.28361635
-0.13571764
-0.18569434
3.18626054
3.32784965
2.99509638
2.95261546
2.70077136
2.87615391
2.97347005
2.50160320
2.28295974
2.40462676
2.72248521
2.97534163
2.92025098
2.74255661
2.58633707
2.84627015
3.20238628
3.30302913
3.26303219
3.23239609
-0.99661317
-0.67917149
-0.31922598
-0.63306006
-0.50627591
-0.30921285
-0.58797136
-0.44134704
-0.57544478
-0.48178560
-0.72323513
-0.71615895
-0.51668013
-0.55287497
-0.61172056
-0.35845582
-0.77779745
-0.81063965
-0.95746570
-1.08098634
1.41104596
1.59424528
1.34342225
1.14545485
1.13646993
1.26604642
1.17914611
1.38805585
1.49398948
1.73228342
1.68971269
1.43137795
1.29538528
1.29934549
1.52920782
1.71968389
1.65237356
1.40189698
1.64477780
1.54580539
-0.15938184
-0.08301333
-0.20819885
0.20617133
0.37706928
-0.00485744
-0.06506867
0.08400089
-0.19593637
-0.26646017
0.02801121
0.22014767
0.18050575
0.38772571
0.16979273
0.33166588
0.25919057
-0.06897862
-0.27032798
0.11878799
0.20396945
0.19021642
0.17239555
0.03140384
0.06069169
-0.09651889
-0.12321983
0.14510581
0.43822643
0.89249048
0.81841301
0.93351925
1.27235575
1.01180720
0.95342604
1.01310135
0.63551097
0.68845699
0.42626604
0.50723035
0.64119882
0.75928746
0.73032941
0.27973948
0.18273766
0.22942780
0.14189543
-0.03315488
-0.28468003
-0.13498178
-0.11041271
0.28938087
0.24536825
0.33312379
0.33995313
0.30640522
0.09957047
0.39303996
0.56702780
0.44188231
-0.82740461
-0.73601389
-0.38717733
-0.39442277
-0.71014422
-0.60751097
-0.53823173
-0.87391752
-0.77297594
-0.62149839
-0.35330690
-0.19296779
-0.62846528
-0.95351561
-1.11128352
-1.06257252
-0.93775403
-0.82103764
-0.72283832
-0.74161951
-1.76570206
-1.84110313
-2.07524999
-1.98025872
-1.87102098
-1.82282293
-1.55832245
-1.37311718
-1.15657063
-1.32967672
-1.37554320
-1.44413005
-1.38448902
-1.78343174
-2.01570102
-1.81395228
-1.81000841
-1.68467424
-1.76256754
-1.83695197
1.92144151
1.86431159
1.82477034
1.44346022
1.30072962
0.87087197
1.22920799
1.23582414
1.50883763
1.53007480
1.31472001
1.57310265
1.56091953
1.27142439
1.43697332
1.39282137
1.63586404
1.75583582
1.68461301
1.73655871
2.04597917
1.60564500
1.78232996
1.98071625
2.30344973
2.38400361
2.16768453
2.02737997
2.31167717
2.03288374
2.21437227
2.38228164
2.16412841
2.11657558
1.95070902
2.35468394
2.26643120
1.98511539
2.12478572
2.12822444
2.48616229
2.66755656
2.70748350
3.00101379
2.77030079
2.84542933
2.73449634
2.42488285
2.45387605
2.58656413
2.40411396
2.52054116
2.40487894
2.23419507
2.40578372
2.51383222
2.70379712
2.65847659
2.76725343
2.41608581
-0.68659457
-0.41816163
-0.46690210
-0.40568530
-0.50243515
-0.59632872
-0.73233868
-0.56144647
-0.61392678
-0.76303797
-0.33862722
-0.23807309
-0.64943039
-0.79533300
-0.83828235
-0.57627124
-0.65998324
-0.58423524
-0.38088132
-0.63906506
-0.88495845
-0.86730840
-0.50807861
-0.21209013
-0.28786681
-0.61870716
-0.60072249
-0.29389672
-0.40176636
-0.35868203
-0.13943661
-0.54717699
-0.67387062
-0.54895605
-0.85555751
-1.10368077
-1.07146663
-1.14171989
-1.26053414
-1.13309240
-1.52915254
-1.43843578
-1.75518063
-2.24962129
-2.12939958
-2.30799822
-2.38504385
-2.16892461
-1.71790616
-1.60935085
-1.73115957
-1.67886470
-1.71322356
-1.78054598
-1.99067157
-1.99856993
-1.96776014
-1.59878447
-1.69668684
-1.52867655
-0.55235091
-0.71384372
-0.70073878
-0.56706543
-0.39983986
-0.46264639
-0.40112333
-0.49096432
-0.39137754
-0.32589727
-0.32212221
-0.18831739
-0.29431907
-0.14429905
0.01731086
-0.10946531
-0.12997806
-0.20083022
-0.14396959
-0.32122831
-1.29481172
-1.99474728
-2.10537831
-2.03978728
-1.61475305
-1.53138895
-1.93300996
-1.67155941
-1.57035923
-1.85375168
-1.76433904
-1.41482051
-1.94172431
-2.09890929
-2.13353636
-1.93578434
-1.57415358
-1.39166252
-1.33107757
-0.94753961
-2.22886354
-2.13571474
-2.10860509
-1.72604037
-1.73855944
-2.09404683
-1.92263775
-1.94443821
-1.66963390
-1.74828819
-1.43534276
-1.29660273
-1.13619646
-1.16811101
-1.81507399
-2.18107990
-1.75183091
-1.75078090
-1.67379772
-1.84151716
2.39516797
2.63593789
2.50521044
2.83619322
2.81879826
2.68762593
2.82617459
2.60287944
2.42490805
2.37719054
2.34343697
2.03704230
1.84967820
1.80434904
2.09270739
2.43182091
2.56530441
2.56647020
2.22572034
2.16960318
0.39812731
0.50063451
0.56520437
0.36138215
-0.14299504
0.11653188
0.15087378
0.42368060
0.31403741
0.33769299
0.06693141
0.05708649
0.29972016
0.59599098
0.60273328
0.66380434
0.55705508
0.45877394
0.33183207
0.34831041
1.01199448
0.79553219
0.58020021
0.33920412
0.45390298
0.33020353
0.40280264
0.63875891
0.58411176
0.35115469
0.44499260
0.39394393
0.57676628
0.42097662
0.23978490
0.28757090
0.07236445
0.33964202
0.66230082
1.03032268
-0.20336519
-0.39218288
-0.35710243
-0.64668112
-0.68473250
-0.60398501
-0.34690228
0.05648876
0.12968203
0.52631608
0.49416854
0.72447228
0.76779081
0.71139005
0.75116097
0.60821718
0.66542180
0.60054609
0.19523690
0.18728891
1.11808349
1.03598087
1.09139305
0.95334227
0.92856044
0.69254193
0.44896338
0.81048685
1.18211839
1.45583325
1.27567335
1.02714218
0.80574132
0.93553862
0.92560456
1.28414040
0.83315317
0.68379586
0.92162745
0.96322053
-1.29959696
-1.08418582
-0.85017310
-0.81843500
-0.78063186
-0.94668999
-1.02884732
-1.25449783
-0.98524741
-0.99278128
-0.75096787
-0.82167282
-0.62242887
-0.67021064
-0.83996787
-0.98374073
-0.93670848
-0.94091932
-0.83081228
-0.85947610
2.30545439
2.40845950
2.35783371
2.24857219
2.19413805
2.11371832
2.07172991
1.69469265
1.81837573
1.77508347
1.72026289
1.65729621
1.67784201
1.84732838
1.75381714
1.52033670
1.46313896
1.45203758
1.82896374
2.08138910
-1.83736378
-2.01707367
-1.94269740
-1.74068121
-1.41253877
-1.25417006
-1.04062358
-0.94023263
-0.89035116
-0.94952817
-0.87699675
-0.93673348
-1.43749301
-1.78213269
-1.51591542
-1.45803624
-1.50947492
-1.72001959
-1.71542889
-1.82057506
-1.66698016
-1.95198274
-1.86741296
-1.63178232
-1.45219038
-1.46086833
-1.06785873
-1.24065332
-1.43158954
-1.44958407
-1.61992586
-1.64781901
-1.21066537
-1.29501025
-1.23153521
-1.30482873
-1.51578420
-1.34366379
-1.49411131
-1.39761504
-0.22617483
-0.07754675
-0.07161688
-0.35438523
-0.05765187
-0.30035077
-0.35818764
-0.10700664
-0.09976646
-0.10100436
0.26598175
0.46054673
0.01544562
0.08373588
0.05811560
0.12032957
-0.04740483
-0.00992770
0.05342241
-0.20331727
-0.24574699
0.17734415
0.19658807
-0.14043912
0.16581601
-0.05686506
0.05648270
0.06530971
0.02379348
0.08200771
-0.05413576
0.18548872
0.17877794
0.22282337
0.14880409
0.06385545
-0.14136452
-0.35044260
-0.54957532
-0.15596871
-1.22463426
-1.44673722
-1.82303618
-1.86878079
-1.92878340
-2.07121458
-2.18554279
-2.28849034
-2.24518306
-1.91022276
-2.06396597
-1.75314351
-1.52158235
-1.78548585
-1.97029444
-1.71504541
-1.55308575
-1.27862639
-1.35347794
-1.50314258
2.16284586
2.30514939
2.22306470
2.22802604
2.00159633
1.90645240
1.77704052
1.53152674
1.30102105
1.36643924
1.24238454
0.88290157
0.73441982
0.98436732
1.42918920
1.41919828
1.55519790
1.64501741
2.02002013
2.15158515
1.90887627
1.78464250
1.56905038
1.63200872
1.53354276
1.89613031
1.79441748
1.40337993
1.41221976
1.81147714
2.07831178
2.01098741
1.26567267
1.69006134
1.83043923
1.69375001
1.44686058
1.33427545
1.72145453
1.54007203
-0.14079891
-0.30150691
-0.57371217
-0.43545817
-0.22362264
-0.26097377
-0.65945631
-0.71911754
-0.58302952
-0.37660506
-0.45399213
-0.66194774
-0.73769335
-0.29881111
-0.48750116
-0.45020237
-0.31233365
-0.66862378
-0.26686799
-0.19396391
0.34057167
0.38597680
0.07981863
0.05065245
-0.35639968
-0.13633147
-0.32269129
-0.60522340
-0.46159431
-0.33815495
0.19535139
0.62845368
0.84815684
0.62583384
0.32363623
0.22065184
0.62450918
0.24824667
0.16180749
0.31502578
0.97162823
1.10082260
0.68210530
0.70379693
0.41982943
0.68837901
0.81662414
0.71104091
0.65756431
0.79474239
0.95433536
1.02927136
1.08487179
0.74504865
1.13084518
1.38687073
1.40744967
1.30579015
1.48382388
1.42386887
0.43670694
0.46128523
0.40545911
0.51937537
0.45293043
0.73382576
0.34008876
0.42303676
-0.10534464
-0.36770105
-0.06307319
-0.32498298
-0.12354493
0.31662136
0.37419592
0.25111770
-0.03805052
-0.02887843
0.36380649
0.49911059
-0.09900466
-0.30396965
0.01627410
0.24991135
-0.23503638
0.02509549
-0.14686918
-0.14865021
0.03457669
0.16596388
0.14388006
0.10425568
-0.05614229
-0.17642618
-0.36598997
-0.29529904
-0.28055156
-0.31931329
-0.30813438
-0.12789504
-2.29894013
-2.54672905
-2.82431013
-2.71765691
-2.84446157
-2.68633994
-2.56359020
-2.20469904
-2.09170640
-1.67290804
-1.19406994
-1.13702743
-1.09335391
-1.11690456
-1.38371662
-1.67691800
-1.90726890
-2.17859488
-2.07715511
-2.23461026
-0.53944941
-0.40792145
-0.42688817
0.09830056
0.15465906
0.20878640
0.11577554
0.50421162
0.34083360
0.33494125
0.70257081
0.45117997
0.37598294
0.39587051
0.17661254
-0.37510477
-0.28631515
-0.01376603
0.07033420
-0.34088865
-0.44995718
-0.42173499
-0.28079259
-0.18254469
0.03984611
0.02164201
-0.04980043
0.13088697
-0.09823406
-0.17895714
-0.20845547
-0.71141815
-0.41871469
-0.81387955
-0.87852295
-0.83001120
-1.02213663
-0.55663106
-0.33323988
-0.56055278
1.73486429
1.74727828
1.53282022
1.74234723
1.69702148
1.72199764
1.84740454
1.88182487
1.72507781
1.72993953
1.59089577
1.71654351
1.72948426
1.84177591
2.10535455
1.86293961
1.83749188
1.65325553
1.61339919
1.62384775
0.09249640
-0.06141129
0.05168703
0.13747494
0.42919318
0.20181203
0.30351281
0.29486677
0.43414199
0.53491205
0.39466915
-0.07146613
0.33037841
0.66722246
0.67922627
0.68334535
0.39146111
0.46990275
0.39724325
0.24868128
2.44086284
2.13427470
1.95965145
2.03191928
1.95228267
2.25366016
2.30843827
2.38410979
2.61635992
2.68061544
2.57235048
2.52116713
2.45077375
2.50862610
2.15278409
2.26834851
2.21071349
2.34639756
2.12604148
1.95004380
1.75023907
1.91079779
1.79570964
1.78257761
1.86054181
1.59835299
1.44331321
1.74116424
1.41984537
1.48556659
1.51061569
1.13276696
1.24960154
1.07537984
1.37844131
0.99985780
1.15613800
1.09394182
1.16044521
1.81450617
2.82726618
2.58124183
2.69125837
2.72381845
2.91644456
2.97737369
3.10308448
2.78092600
3.13647693
2.82169579
3.13629883
3.11832339
3.27355299
3.04816502
3.07750965
2.72152734
2.81330019
2.71465890
2.86940389
2.75080490
2.57042112
2.50437233
2.45479083
2.43131586
2.11905638
1.67629138
1.61608525
1.71300874
1.83923183
1.96011818
2.09113126
2.44565611
2.56021873
2.87281818
2.88273057
2.74918474
2.70545344
2.45451855
2.54319940
2.45825839
1.53475310
1.16597662
1.18661382
1.36746956
1.32303360
1.36423417
1.49211658
1.49032097
1.31985365
1.63221435
1.42564202
1.31900750
1.50199285
1.20344312
1.30517915
1.60290480
1.59997348
1.75707512
1.72662998
1.35963262
0.79525616
0.81120887
0.95447845
1.05971135
0.70976303
0.76037048
0.89316035
0.55371931
0.60896930
1.07697450
0.70883817
0.59851854
0.28935272
0.33996544
0.43916648
0.41456084
0.54889223
0.54697382
0.72119012
0.90342669
0.47585993
0.12599073
0.02517819
-0.01068310
-0.14391726
0.01774398
0.43034155
0.51339132
0.54354175
0.59098970
0.30846584
0.51705111
0.77549795
0.82168951
0.89742004
0.72199977
0.40022708
0.44908584
0.69523532
0.51927945
0.61364766
0.30176886
0.62039905
0.33031972
0.48356362
0.66333296
0.38280653
0.59237574
0.98309870
1.21917241
1.02729321
0.90537123
0.95014434
1.45363903
1.23789126
1.08523023
0.87628175
1.16577137
0.85103088
0.68890210
2.06980446
2.17062066
2.04225411
1.80376843
1.48245122
1.56769121
1.31968813
0.94745886
0.78708540
0.70495143
1.10885006
1.03094335
1.27940287
1.80496235
2.07387715
2.02724712
1.89216246
2.04965438
2.20096279
2.27200106
-1.48881426
-1.30606419
-1.07796717
-1.28139991
-0.98848434
-1.43957883
-1.19160316
-1.15023864
-1.49522462
-1.44746745
-1.54328347
-1.48874537
-1.77989920
-1.74980282
-1.44692830
-1.48875109
-1.62626213
-1.42271562
-1.33270204
-1.60110118
1.73648660
1.41226679
2.07607286
2.16894573
1.97394057
1.68376983
1.72048294
2.14666395
2.03148669
1.79255937
1.52299631
1.53603677
1.52044083
1.57906685
1.72572662
2.28078109
2.01568680
2.05061683
2.15147767
2.04754672
-0.51979396
-0.48429360
-0.78594622
-0.78123248
-0.84485066
-0.72030963
-0.60188994
-0.57552148
-0.54843969
-0.78978372
-0.59938123
-0.75380731
-0.72342377
-0.54618630
-0.17820668
-0.86140735
-0.95176552
-0.94623414
-1.09015449
-0.92497776
1.28607140
1.40354874
1.54399792
1.35411645
1.21554637
1.11268155
1.03226232
1.08296256
0.86451305
1.26987642
1.41344865
1.10822127
1.17606315
1.45915575
1.29586505
1.07634265
1.24242125
0.91598880
1.15109787
1.31706594
0.51218290
0.72893576
0.71262526
0.71522473
0.29110784
0.18550387
-0.10962145
-0.27772387
0.16084489
0.23471790
0.02278751
0.07848242
0.17975467
0.14543645
0.67186698
0.61843844
0.91962159
0.65756597
0.56450125
0.49283381
-1.36939900
-0.76004510
-0.80862206
-1.26384106
-1.14476002
-0.81899411
-0.64375536
-0.09712759
-0.21253575
-0.05419016
-0.62604208
-0.59137393
-0.81706182
-0.72084691
-0.70390178
-0.82087958
-1.04313176
-1.08216384
-1.29417078
-1.44814739
0.53485236
0.41403036
0.71368555
0.82982063
0.46138515
0.61891319
0.78326647
1.06346513
0.80056688
0.52292986
0.11013087
-0.23608499
0.09819212
-0.03515098
0.09363118
0.53801520
0.27623015
0.31783670
0.44649213
0.57846293
-0.34102330
0.07134254
-0.27190812
-0.31675374
-0.49285605
-0.77289225
-1.01315964
-0.91023143
-1.07728462
-0.89146776
-0.88653167
-0.65903344
-0.70583703
-0.75322059
-0.70924492
-0.51736717
-0.48808741
-0.58121646
-0.17028219
-0.37960338
1.64119329
1.35061104
1.24277917
1.36325646
1.57618797
1.39934068
1.34301792
1.36385995
1.23840832
0.97416393
0.63993851
0.79167427
0.99690911
1.06952074
1.15033318
1.18313196
1.02053913
0.83484139
1.34896535
1.79436722
-0.19633956
-0.54210595
-0.25125604
-0.30313983
-0.53320902
-0.37657501
-0.57544135
-0.82369745
-1.00537981
-1.55597162
-1.45690329
-1.26293307
-1.06808400
-1.10699472
-0.47194325
-0.15551758
-0.14893859
0.15702045
0.11515905
-0.30931885
-2.18723530
-2.02960383
-2.44370553
-2.57516513
-2.48939416
-2.26416575
-2.17726555
-2.08205438
-2.56506991
-2.21297989
-2.20323486
-2.15224316
-2.48948062
-2.40280279
-2.35284442
-2.07517851
-2.08391228
-2.10218203
-2.21732629
-2.04851980
-0.54297104
-0.40578604
-0.50039397
-0.63783172
-0.74602344
-0.66733202
-0.31834281
-0.21882293
-0.38176102
-0.22345293
-0.30441774
-0.08304539
-0.23312255
-0.10393706
-0.23712446
-0.11629800
-0.32355994
-0.27198736
-0.35138948
-0.32782165
-1.34594985
-1.52991310
-1.39516637
-1.61547120
-1.73747337
-1.54367084
-1.12468868
-1.29766283
-1.37179410
-1.27485041
-1.15442388
-0.93904718
-0.99591217
-0.81546522
-0.94990870
-0.97893743
-1.06239515
-1.17232141
-1.09998898
-1.15101338
-1.73833028
-1.87509665
-1.88707260
-1.94040803
-1.48991501
-1.37599725
-1.42679290
-1.61165239
-1.45417763
-1.49358491
-1.18416512
-1.19329165
-0.99296340
-1.07127979
-0.93059965
-1.23637380
-1.66586533
-1.60231636
-1.37957896
-1.58527486
-0.75808826
-0.93712968
-0.74423875
-0.63852214
-0.33602997
-0.51030596
-0.52660327
-0.46589890
-0.14730322
-0.14095299
-0.10201843
0.02235058
0.04533849
-0.17211247
0.07106403
-0.23729547
-0.42077461
-0.29305406
-0.65047223
-0.84176021
1.57351343
1.69880538
1.51503223
1.53874176
1.39878265
1.54103069
1.45584583
1.44331126
1.52861674
1.53641957
1.56330882
1.42898940
1.41115525
1.46580167
1.05009839
1.32597367
1.52158649
1.59277047
1.47063553
1.61685008
-1.76568809
-1.73326009
-1.67927806
-1.82450707
-2.09485374
-2.19125622
-1.97664070
-1.59172189
-1.72350608
-1.82466352
-1.70367563
-1.95892534
-1.62886982
-1.51834350
-1.49504314
-1.17998883
-1.17848153
-1.19559769
-1.45596839
-1.48313512
-1.12701731
-1.05343834
-0.54926218
-0.63194721
-0.75890979
-1.06463722
-0.91245767
-1.01279416
-0.41740546
-0.59529543
-0.67525342
-0.64995133
-0.79055726
-0.66655983
-0.56271168
-0.45176867
-0.63071214
-0.68030412
-0.68463829
-0.88828241
-0.08683748
0.12499999
-0.20515501
-0.24729114
0.06069156
0.15220857
0.00416029
0.02455595
-0.26527241
-0.36088299
-0.44283714
-0.20964403
-0.10496045
0.10911239
-0.08969447
0.00237647
-0.30252473
-0.26097366
-0.31236176
-0.21312514
1.05912921
1.22504740
1.14197580
1.18085087
1.20203518
1.38659765
1.36071638
1.18219263
0.92647208
1.00435610
0.79039992
0.67379430
0.74110699
1.07047199
1.04557303
1.12648492
1.34821264
1.15425456
0.92005937
0.94872837
3.87765542
3.51356820
3.28723431
2.90529328
2.52608280
2.64387351
2.45965630
2.58098029
2.71779558
3.10397049
3.12751739
3.17316919
3.21292694
3.10043163
3.14685307
3.44390238
3.21311267
3.36427020
3.41155219
3.45828424
0.20917723
0.33695278
0.72567599
0.43883844
0.59657213
0.66502435
0.78830328
0.91618060
0.81063385
1.16210679
0.92352172
0.75496522
0.53993255
0.58113870
0.57782756
0.55267109
0.66161882
0.62464309
0.56833801
0.12841264
-1.54472238
-1.12952453
-0.79540126
-1.09214709
-0.74600713
-0.72378785
-0.84195064
-0.88132737
-0.67456623
-0.82577891
-0.77668022
-1.17600660
-0.85529750
-0.89987259
-1.09470644
-1.27136616
-1.27134643
-1.42239357
-1.23572809
-1.33690791
-2.37407282
-2.70381022
-2.44875574
-2.38793722
-2.18368738
-2.25553271
-2.32011511
-2.40435238
-2.08193983
-1.84662836
-1.99277219
-1.81869817
-1.60270221
-1.86308734
-2.11602140
-2.05819395
-2.37882435
-2.57847482
-2.28052425
-2.29243476
-1.76439570
-1.41107512
-1.24384465
-0.95704442
-0.97251043
-1.06220312
-1.32336526
-1.24345053
-1.07379851
-1.01612696
-0.88495711
-0.77499153
-0.96699711
-1.04259229
-0.88793421
-0.86878200
-0.91380017
-1.45700454
-2.02094044
-1.74233891
-1.77142622
-1.32415772
-1.38192568
-1.33787565
-1.49884250
-1.20016852
-1.07173805
-0.80914137
-0.84055003
-0.77654053
-0.84025565
-0.91861529
-1.04218110
-1.40451378
-1.23689181
-1.12330323
-1.06604903
-1.17298060
-1.61314851
-1.57466129
-2.04910224
-1.86242422
-1.66023103
-1.99993256
-1.63599197
-1.86997762
-1.81467819
-1.93139391
-1.76255830
-1.88597536
-1.58021368
-1.72869481
-1.71041538
-1.81336066
-2.08455456
-2.34421058
-2.00937301
-2.13687393
-2.05461210
-1.73022524
