phonon_position
-1.15127409
-1.00777751
-0.62083781
-0.81862526
-0.75914190
-0.93913290
-1.07128947
-1.31375843
-0.87389337
-1.00318429
-0.89101084
-0.85661126
-1.00178469
-1.11046882
-0.88739204
-1.10873422
-0.87413074
-0.70105749
-0.82717225
-0.86300466
-0.84106513
-0.55154418
-0.26720484
-0.59698935
-0.52432188
-0.72552589
-0.68125366
-0.77834111
-0.89856233
-0.79830133
-0.66748348
-0.76589729
-1.05703413
-1.18968135
-1.30279747
-1.15296023
-1.16598676
-0.81520503
-1.12079489
-0.96133796
-1.21041269
-1.16482274
-1.15026451
-1.00524466
-1.49367021
-1.01926524
-1.42943352
-1.21115515
-1.18554708
-0.86441942
-0.68566938
-0.53609196
-1.05897248
-1.31016411
-1.12911221
-1.32490738
-1.39906678
-1.28560986
-1.40374964
-1.44350893
0.58321230
0.54154899
0.67334178
0.58527043
0.58126727
0.52430680
0.46061828
0.34522691
0.51081675
1.02772593
1.13383974
1.25076192
1.08569458
1.02021133
0.61899023
0.53228578
0.51242065
0.65296306
0.64255900
0.44750200
-2.40617798
-2.77053218
-2.74965914
-2.60861930
-2.71335616
-2.54526027
-2.50561917
-2.67688750
-2.61836047
-2.70742760
-2.49957820
-2.37204413
-2.70058940
-2.41049551
-2.31118936
-2.28530278
-2.50860040
-2.46784090
-2.68240375
-2.54816091
-0.66974725
-0.60851104
-0.42595136
-0.82487792
-0.88423630
-1.03940827
-1.02544641
-0.99109711
-1.01453276
-1.05478602
-1.09582160
-1.39785590
-1.51453169
-1.29619262
-1.19435022
-1.05769627
-1.19640543
-1.17880912
-0.89450032
-0.77292433
0.03369630
0.02780851
0.09158718
0.04090136
0.10670126
0.16321468
0.54083966
0.16082260
0.26070138
0.17557284
-0.05513474
-0.38776936
-0.23448969
-0.10025940
0.10706975
-0.13486692
-0.23503780
-0.44300525
0.00094147
0.37004575
-0.03924322
-0.29109388
-0.19834807
-0.10401979
-0.56857708
-0.82272590
-0.92722185
-1.04884752
-0.72917809
-0.57640367
-0.25426964
0.07167673
0.26581806
0.28591578
0.34523576
0.52519895
0.37293286
0.30280185
0.26514003
0.19761979
0.99955226
1.00782301
1.51493633
1.58433556
1.77660475
1.78551434
1.73722666
1.73933135
1.37758414
1.59744040
1.49090167
1.03076004
0.92378542
0.99398433
1.08736155
0.91876659
0.95284091
1.10149482
0.91896660
0.90377352
-0.00314601
0.15500008
0.13186565
-0.00669020
0.02947826
0.03100307
0.07164146
-0.00395406
0.05858387
0.20255450
0.34435167
0.27830682
0.18457199
0.27965861
0.14545442
-0.03141265
-0.18500062
-0.18181928
-0.04703967
-0.23513029
-1.39665518
-1.43725430
-1.63000033
-1.51527591
-1.54440102
-1.44210954
-1.35308818
-1.50692063
-1.20066001
-1.33762461
-1.03662941
-0.93872935
-0.66353860
-0.44038585
-0.39563397
-0.77638780
-0.77696917
-1.17118923
-0.92407070
-0.97654917
0.50478694
0.67218947
0.46742922
0.43018858
0.42279048
0.31860069
0.17988514
0.63817139
0.52836571
0.01362361
-0.00026227
-0.06947914
-0.05704076
0.27649036
0.58142731
0.56891832
0.49361040
0.41527795
0.43269904
0.31169355
-0.59354144
-0.48199951
-0.20169038
0.31685580
0.67936212
0.51114421
0.18573101
0.48601854
0.27856897
0.87845622
1.12362218
0.57116014
0.41908215
0.26026244
-0.24541674
-0.37814522
-0.46404229
-0.21727668
-0.41165876
-0.29421677
-0.18300109
0.05713377
0.38743757
0.22005129
0.01860628
0.10282957
-0.13886310
-0.09570424
-0.23282851
-0.59890732
-0.54955606
-0.94760764
-0.68287314
-0.57831978
-0.64156623
-0.32096987
-0.03836106
-0.39671315
-0.17878253
-0.11159022
-2.10262398
-2.20229947
-1.64115755
-1.98949740
-1.66561045
-2.03453325
-2.01853947
-2.11708981
-2.06005196
-2.08344503
-1.91393961
-2.01162863
-2.13399996
-2.28534551
-2.11872760
-2.10706710
-1.95470087
-1.85539268
-2.00421875
-1.90187450
1.18345541
1.23076152
1.33541822
1.45654593
1.20497785
1.66696901
1.98985580
1.79730298
2.00973186
2.08528491
1.90111382
1.73480236
1.70445041
1.83387884
1.68465493
1.41097130
1.25630592
0.96885795
1.42902384
1.39014417
1.36856305
1.55304368
1.67632395
1.60741094
1.39012668
1.56355750
1.61822676
1.34674169
1.22712075
1.29537913
1.35237437
1.67620104
1.58130482
1.41611058
1.93611242
1.82821476
1.43508054
1.33454110
1.34841307
1.57417334
1.85779710
1.72860217
1.57812524
1.42769235
1.75486842
1.83314656
1.87129274
1.92898306
1.82366910
1.86697171
1.88180301
1.67438341
1.88189800
1.86886011
1.89850724
2.01101948
2.15434448
2.11458978
2.09682737
1.87894221
-1.70044034
-1.53241512
-1.93776580
-1.57587149
-1.52795105
-1.47603088
-1.64418260
-1.94442502
-1.62261505
-1.60953055
-1.91012126
-2.15390163
-1.88323458
-2.27610834
-2.35387230
-2.13911799
-1.90390414
-2.09850557
-1.96233110
-1.84234556
-0.93901768
-0.63222071
-0.44114116
-0.57029009
-0.78091836
-0.62448754
-0.05033504
-0.25732790
-0.47991230
-0.65864161
-0.39670195
-0.29985386
-0.09887190
-0.30930283
-0.07019823
-0.11404711
-0.08890063
-0.28213350
-0.77009693
-0.67791967
0.55684167
0.73979821
1.01761388
1.09161896
1.09480036
1.13420281
0.86271008
1.01080377
0.77676699
0.99876681
1.07079232
1.13630025
1.19528167
1.23611675
1.40406384
0.98887888
0.36763110
0.51234848
0.51357876
0.58376661
-0.00246441
-0.03550275
-0.18468039
-0.33286812
-0.57036006
-0.74631483
-0.82404855
-0.63810999
-0.37591386
-0.54388163
-0.82439918
-1.06280586
-0.80137723
-0.79124618
-0.66000894
-0.37370853
-0.34941299
-0.32298392
-0.14402338
-0.00954980
0.80913412
0.55639368
0.50327683
0.50387755
0.45692815
0.20979018
0.79409340
1.11676968
1.07760913
0.81710974
0.66053074
0.63401262
0.94759603
0.86703780
0.98409430
0.91892257
0.86656334
1.25746300
1.20719680
0.98351014
-0.51348530
-0.81080822
-0.69478946
-0.39606838
-0.62763424
-0.72305190
-0.59420221
-0.71952063
-0.76252662
-0.87839113
-0.84254632
-1.25596590
-1.15308130
-0.78172644
-0.47511551
-0.67052548
-0.45440020
-0.26010610
-0.11625128
-0.08515514
0.28419649
-0.18490733
-0.15167128
-0.07261531
-0.32538824
-0.67882177
-0.96103594
-1.17275668
-1.23709251
-1.39105995
-1.31147714
-0.92610624
-0.89224114
-1.03254210
-0.43972424
-0.40121625
-0.54652398
-0.46234733
-0.23647136
0.11893966
-0.99547392
-0.62355959
-0.81679245
-0.87821433
-0.77992880
-1.07978952
-0.82412277
-0.94987360
-1.04933376
-1.31368651
-1.27992701
-1.38785866
-1.28281008
-1.77149343
-1.40620624
-1.40786254
-1.27409224
-1.24054696
-1.36796351
-1.31146315
1.26118554
1.16259015
1.33757535
1.35658824
1.00283382
1.05005198
1.05335622
1.53594066
1.52419308
1.43147664
1.02916433
1.24451342
1.32097957
1.10359632
1.05445395
1.16553751
1.51143352
1.35760525
0.97800251
1.21070271
-1.38851157
-1.65648384
-1.53460571
-1.77497544
-1.55369848
-1.43947245
-1.11884685
-0.87767900
-0.80388008
-0.59253959
-0.71997681
-0.83446675
-0.56170976
-0.65219572
-0.56677123
-0.80885210
-1.12272489
-1.26501102
-1.32948677
-0.95694646
-0.18478350
-0.42953951
0.14986861
0.37332216
0.49593409
0.38917104
0.30218351
0.42264000
0.58021406
0.60702612
0.33384688
-0.03636601
-0.25144064
-0.42920327
-0.25198938
-0.49064262
-0.72407788
-0.76940479
-0.55694373
0.04190264
0.62457910
0.39227450
0.47707628
-0.13437775
-0.16672603
0.06883739
-0.09139378
-0.03507103
0.22450783
0.53577080
0.29890708
0.31734396
0.58035458
0.36018398
0.27378197
0.49585936
0.73445298
0.50281960
0.39896323
0.68642041
0.29442862
0.20337023
0.30790929
0.38123750
0.49776092
0.63889045
0.74782191
0.59174422
0.48815932
0.45742534
0.24741978
0.09135817
-0.23716212
-0.16767219
-0.00609896
-0.47375294
-0.48041658
-0.20072110
-0.02925651
-0.26105090
-1.08504105
-1.12667497
-0.97329367
-1.29680950
-1.45419566
-1.21455619
-1.01929925
-0.68353457
-0.82443549
-0.89302115
-0.72477162
-1.07222410
-1.56566235
-1.66298223
-1.87817631
-1.51935808
-1.42068005
-1.47644475
-1.26867264
-1.13232449
-0.40986969
-0.35405335
-0.39976171
-0.42858230
-0.57554922
-0.76386149
-0.41528955
-0.10616058
-0.27669996
0.07373321
-0.26824497
-0.06860305
-0.10531148
-0.08712008
0.22930617
0.14174060
-0.23396269
-0.38888198
-0.50241694
-0.65999888
-1.94492160
-1.87831342
-1.57642071
-1.38902246
-1.49914348
-0.96512603
-1.16462771
-1.38706065
-0.94965826
-1.44960747
-1.48091639
-1.44664386
-1.54492646
-1.35739910
-1.76678419
-1.33787674
-1.46934398
-1.46353044
-1.53266875
-1.73954548
-2.33798657
-2.31898876
-1.98222188
-1.88517896
-1.99873845
-1.96092831
-2.22479643
-2.26257890
-2.21792198
-2.41776386
-2.91469186
-2.98711778
-2.85870531
-2.86347035
-2.72367677
-2.75135617
-2.35230664
-2.54653282
-2.41373481
-2.47973518
-1.78972301
-1.66321897
-1.66858956
-1.83504524
-1.71208185
-1.41578918
-1.09910862
-1.37750739
-1.40118051
-1.20952626
-1.29695914
-1.50955874
-1.60671726
-1.78654392
-1.72100457
-1.56255705
-1.67513414
-1.85787383
-1.86075834
-1.69007619
-1.47829693
-1.16188311
-1.16388324
-1.50650974
-1.40548713
-1.37255817
-1.51922229
-1.33576550
-1.28121237
-1.48034060
-1.44619450
-1.16031571
-0.90681008
-1.00665853
-0.87173749
-1.17984243
-1.17185772
-1.04037578
-1.47416521
-1.48784686
0.74471953
0.49357063
0.39476289
0.28231151
0.02347528
-0.07051651
0.07621698
0.06142167
0.35600151
0.34871449
0.13347099
0.15812847
0.00536043
0.16209798
0.67421695
0.53316414
0.83528610
0.82063998
0.82234996
0.56364592
1.90204580
2.26656363
2.28216959
2.16724686
2.00434856
2.00333327
2.00183801
1.69772939
1.68786961
1.78131969
2.05485624
1.99901453
1.95115897
1.59410226
1.46461581
1.47474913
1.41718283
1.59127332
1.76658836
1.81964373
1.10901556
1.29792692
1.29735135
1.15208568
1.31746416
1.23736910
1.24807771
1.05993181
0.95209215
1.03228775
0.88559986
0.84379411
0.88562585
0.96628742
0.90942293
1.14469620
1.27167768
1.10021067
1.10568640
1.30472427
-0.14982134
-0.41664037
-0.54678242
-0.77888964
-0.83683342
-0.85031747
-0.80807601
-0.33318880
-0.53193283
-0.48964082
-0.94271336
-0.76008839
-0.72504206
-0.57360341
-0.03475156
-0.29769481
-0.33785305
-0.14524633
-0.33508070
-0.28508690
-0.46930692
-0.65831327
-0.63343588
-0.87686168
-0.76723430
-0.12013953
-0.31599209
-0.54377795
-0.51885424
-0.46017594
-0.58667029
-0.27983423
-0.33069828
-0.33618323
-0.32428818
-0.31615820
-0.40547053
-0.58959730
-0.52263899
-0.85073259
1.12817390
1.00814130
1.26778532
1.69201655
1.53007683
1.42181875
1.37137360
1.05272894
0.79767860
0.98315330
0.88418030
1.01065508
1.21131793
1.17123993
0.91240758
1.07507389
1.45644211
1.77951015
1.78595990
1.36589360
-1.01513829
-1.08090684
-0.90770745
-0.91740222
-1.06337409
-0.83823435
-0.80064542
-0.70772387
-0.68905313
-0.19059304
-0.28756036
-0.37781960
-0.34461684
-0.48866567
-0.15730178
-0.24009747
-0.24454632
-0.49394371
-0.50064673
-0.73481470
-2.29518416
-2.34791991
-1.94901559
-1.93492303
-2.24414155
-1.88457292
-1.85096589
-1.84868885
-2.16992561
-2.05883000
-1.88083958
-1.89028516
-1.95279849
-2.00978507
-1.84997354
-1.82097631
-1.69369236
-2.03968765
-2.26016923
-2.64885998
0.48926030
0.68385884
0.72358113
0.70659010
0.76715671
0.60678612
0.24324032
0.12482651
0.14076148
0.29964564
0.29443153
0.01940259
-0.38150445
-0.30919708
-0.16559704
-0.26291228
-0.33942089
-0.41420361
-0.00981757
-0.10479632
0.01743516
-0.18736768
0.01907477
-0.12343576
-0.06266203
-0.39098928
-0.06676028
-0.21142243
-0.41603807
-0.20877870
-0.19781515
-0.08745711
-0.31619738
-0.50795776
-0.39585879
-0.20296201
-0.14599370
-0.20992435
-0.03159598
0.08269677
-2.63194462
-2.27408915
-2.41231752
-2.63110716
-2.70653643
-2.97596407
-2.73591044
-2.90402511
-2.68423964
-2.93031492
-2.59106446
-2.49316576
-2.34013037
-2.37002162
-2.20663056
-2.22988469
-2.00729816
-1.86553317
-2.21481455
-2.48500359
-0.87726350
-1.38928611
-1.30778742
-1.37880962
-0.99824307
-1.03127159
-1.22699618
-1.01365638
-1.17316132
-1.43140763
-1.32486834
-1.13266546
-0.80434030
-0.29840593
-0.52357815
-0.50205185
-0.72755691
-0.64812458
-0.79583995
-1.05472668
-0.59946832
-0.57340042
-0.68073525
-0.32884597
0.04894452
-0.18029275
-0.02823409
-0.05388758
-0.11713295
0.04347537
0.00454047
-0.22465441
-0.12340333
-0.12182560
-0.45883757
-0.85055845
-1.09100166
-0.99825929
-0.54400930
-0.77660580
0.21917083
0.39736651
0.32975954
0.54066457
0.57188630
0.10306806
0.19960316
0.01119512
0.15887712
0.11963429
0.12720092
-0.01512902
-0.61617395
-0.91313548
-0.97741568
-0.86007906
-0.40822686
-0.31531143
-0.19084040
-0.18899193
-1.05956342
-1.02486016
-0.51869438
-0.57392410
-0.40741247
-0.21382129
-0.45500958
-0.92801656
-1.06466545
-1.37605153
-1.21453172
-0.66703875
-0.65024885
-0.81143031
-0.61492621
-0.53240060
-0.30901567
-0.37490167
-0.71197744
-0.87669057
0.72582264
0.75779675
0.87049126
0.70938363
0.82683841
0.53398196
1.04570978
0.80001613
0.79014413
1.17665077
1.18464815
1.14700421
0.88410278
0.91970675
0.67659859
0.54165972
0.64084741
0.53194915
0.40644557
0.54607136
0.72285291
0.76095222
0.54797559
0.41069115
0.58353185
0.75243161
0.44446937
0.76287352
0.89986284
0.68937718
0.82834761
1.09100995
0.98931730
0.78962578
0.71168441
1.04551313
0.81911305
0.99189276
0.69835085
0.70930734
0.12541188
-0.29484465
-0.10971361
-0.00417292
0.18294771
0.41738443
-0.05427842
0.22910446
-0.28634828
-0.13262842
-0.06363497
-0.09902284
0.30108864
0.11865707
-0.15427790
-0.11359611
0.00041748
-0.00427020
-0.17745108
0.00916898
-0.18121300
-0.33378038
-0.39610478
-0.19722815
-0.39285033
-0.02239030
0.19467988
-0.00232039
0.33531769
0.20741347
0.19913804
0.29028773
0.03346432
0.07344240
-0.01339623
-0.17633975
-0.37620019
-0.11330767
-0.41916123
-0.57126185
1.17421935
1.08621753
1.67489747
1.79522244
1.65127848
1.41224796
1.80240974
1.77857412
1.68457953
1.32668876
0.91360415
1.05533132
1.08539345
0.96345959
1.24857381
1.15457852
0.87021564
0.71848703
0.68818217
0.93860707
-0.48143027
-0.77668218
-0.52854032
-0.71689723
-0.80693175
-0.75280478
-1.13593042
-1.54327881
-1.50507546
-1.54890471
-1.28703687
-0.90881124
-1.18458801
-0.98537323
-0.84631533
-0.75875047
-0.61725320
-0.53210797
-0.40853996
-0.68942209
0.37221056
0.23313046
0.06398787
0.32990567
0.28391907
0.32759771
0.27620969
0.13051662
-0.06326107
-0.05093145
0.25474042
0.10583086
0.15199916
0.40120135
0.38595949
0.41497259
0.99601208
0.84422997
0.73673255
0.67124699
0.49572027
0.41463872
0.42046293
0.58369450
0.60972125
0.80420540
0.90220857
0.60440055
0.34597468
0.55916382
0.49969568
0.60032245
0.61698029
0.62179718
0.73039821
0.67708514
0.78879449
0.72937237
0.56786604
0.63390461
0.82777090
0.87719675
0.55611282
0.25231716
-0.06563295
-0.14189706
-0.17171132
-0.13308793
-0.39383930
-0.24224306
-0.30992358
-0.22150243
0.22463133
0.31270789
0.47404860
0.82933487
0.92286989
1.02377087
0.99540474
0.96297816
1.43234425
1.47409330
0.79211317
0.57200274
0.50032814
0.22794400
0.36352535
0.30585289
0.45687448
0.69896993
0.94009776
1.15715033
1.10288264
0.97603353
0.77672983
1.03287653
0.81464925
0.79125664
0.87729427
1.09565106
-1.46970298
-1.57618642
-1.60988691
-1.56339196
-1.52350728
-1.36852035
-1.06107835
-0.86880830
-1.08237402
-0.74494506
-0.42389336
-0.54208757
-0.78417690
-0.79807733
-0.96361748
-0.66438936
-0.54313831
-1.06987910
-1.24793860
-1.25909857
1.51027108
1.68901647
1.75363491
1.69928494
1.76096776
1.54478171
1.42183692
1.58276656
1.50461927
1.51441323
1.56582416
1.67215398
1.69304166
1.47120788
1.96334154
2.07528488
1.77749976
1.50831140
1.63914446
1.59070256
1.58052661
1.54735665
1.32071242
1.63868752
1.60255800
1.77163548
1.44309704
1.22828696
1.32179732
1.52708381
1.58703417
1.49269699
1.60523956
1.74269057
1.90321953
1.96919888
1.98764336
1.90886942
1.69224103
1.82205417
-0.27874823
-0.50814569
-0.21389923
-0.41758255
-0.40087503
-0.32235547
-0.32280406
-0.44760699
-0.42182594
-0.24340396
-0.12087983
-0.20809794
-0.23551818
0.00095690
-0.05487931
-0.17874615
-0.27337695
-0.36695682
-0.30620742
-0.47973768
1.53706887
1.38534892
1.63401501
1.33765703
1.38499175
1.46530613
1.76524357
1.68385354
1.88512981
1.15685706
1.68542559
1.50931027
1.56585634
1.38101691
1.71934823
1.56514268
1.40314814
1.20582630
0.98621753
1.28453043
-1.60055529
-1.72268105
-1.47693250
-1.47574757
-1.33618869
-1.10709784
-0.78687070
-0.77603185
-0.60945525
-0.56141851
-0.66095177
-1.47698333
-1.48915221
-1.28842051
-1.50166309
-1.48451812
-1.55174691
-1.26109966
-1.43904184
-1.59961470
1.11153923
0.99285028
1.04467154
0.79768921
0.88170469
0.75331055
0.87726887
0.80074746
1.02790295
1.10341160
1.07035671
1.06066896
0.75083273
0.95185377
0.84955250
0.46689058
0.74899984
1.16770205
1.17721412
1.34650060
-1.01563001
-0.98578088
-1.29359745
-0.69397606
-0.41431329
-0.25383603
-0.62139508
-0.69386679
-0.79164745
-0.65316666
-0.59777984
-0.76968395
-0.81793755
-1.03036904
-1.06926670
-1.17305189
-0.72771358
-0.65507333
-0.92600697
-1.01340927
1.89981710
1.42093643
1.67166932
1.58154561
1.70456387
1.30864280
1.28226350
1.09202006
1.15334508
1.44596405
1.54998289
1.93567319
1.79351891
1.55967599
1.78243895
1.83409715
1.93457176
1.99564561
1.86492519
2.12573536
0.34985511
-0.02819160
-0.14539869
-0.38605271
-0.47620999
-0.33752390
-0.13231341
0.10433067
0.27356696
0.12692275
0.03128715
0.06950866
0.27771735
0.20297530
0.19204655
0.37933157
0.25651227
0.35239852
0.43820882
0.29180749
-0.91476353
-1.19770702
-1.10818951
-1.18959891
-1.35841423
-1.56864838
-1.55333747
-1.40188608
-1.20079568
-1.14551032
-1.31440446
-0.96508208
-0.91643085
-0.43587946
-0.21368616
-0.52537244
-0.37233007
-0.45849584
-0.41277125
-0.57812587
-0.61578724
-0.64824970
-0.58354840
-0.44066127
-0.47371102
-0.58215541
-0.66092598
-0.72302913
-0.57748882
-0.33169709
-0.31064668
-0.24412911
-0.27468852
-0.10856467
0.07905135
-0.12309126
-0.29704475
-0.50916311
-0.74623502
-0.97540530
-0.42286230
-0.38822634
-0.75795509
-0.82582654
-0.82549874
-0.56137600
-0.65089318
-1.02929069
-0.88776375
-1.11704723
-1.13141103
-1.21153382
-1.16740352
-0.61799540
-1.09110811
-0.71633948
-0.50337250
-0.34681853
-0.61418545
-0.37124434
1.44656770
1.46607316
1.07784687
1.40991616
1.44863294
1.55505177
1.62425779
1.39930207
1.32627023
1.40204719
1.49345619
1.53284003
1.46340920
1.20126123
1.23350628
1.13140800
1.32878573
1.02282394
1.42268266
1.34225858
2.45080482
2.54037147
2.81041826
2.55960825
1.96846595
1.96042174
2.07496862
2.13801851
2.16961995
2.65276302
2.29816565
2.10538280
2.05307948
1.79605510
1.86436666
2.07997180
2.10301089
2.45329015
2.23357769
2.47771425
1.27795864
1.19305639
1.20666866
0.96389729
0.61342768
0.82001873
0.91348315
0.93019320
0.78499408
0.82558359
0.70768121
0.60192895
0.89139174
1.17252647
1.64620831
1.76296043
1.63535236
1.57560920
1.70775115
1.48674043
-1.31759355
-1.42075962
-1.26668055
-1.19939732
-0.91831603
-0.91659931
-0.96980831
-1.10784514
-1.56300559
-1.26973969
-1.09398040
-1.11026792
-1.27162212
-1.18501183
-1.25240796
-1.44008631
-1.32325917
-1.35348076
-1.38889086
-1.14366910
-1.00238214
-0.99684338
-1.13941278
-1.01500309
-0.75991573
-0.72293487
-1.08965031
-1.30807552
-1.29340756
-1.35261573
-1.15114745
-1.13226685
-1.06323044
-1.20466039
-1.10120018
-1.38219556
-1.31206996
-1.25803938
-1.03109178
-1.14592063
1.22519673
1.59815646
1.47384286
1.29875634
1.41974981
1.67577168
1.59425498
1.34295953
1.17349017
1.25377170
1.04401224
1.08158750
1.00577972
0.96914795
1.16016229
0.83089380
0.97904328
0.91534268
1.18511442
1.27785554
2.55949635
1.85899417
1.66418885
1.73125865
1.92587940
2.11492413
1.88893400
1.86941877
1.89572965
1.57863566
1.89494127
2.05932450
2.30322091
2.76166943
2.92706347
2.90850745
2.77876592
3.36942665
3.18967125
2.79697530
-2.40227667
-2.46685241
-2.45457819
-2.63284765
-2.46870801
-2.32161349
-2.56430343
-2.65850528
-2.90990009
-2.72536575
-2.96479353
-3.23129146
-3.15523437
-3.16812964
-3.12969948
-3.23954247
-3.14866390
-2.97803186
-2.59210876
-2.40391388
-2.84636631
-3.10373425
-2.77928216
-2.90039382
-3.00362111
-3.28446016
-3.30536289
-3.56902914
-3.38922553
-3.46834408
-3.65710085
-3.74848694
-3.59077293
-3.12060807
-3.11489636
-3.15170352
-3.29489778
-2.96318362
-3.10322217
-3.12198934
-0.28410305
-0.06641030
0.09295482
-0.19466414
-0.15389938
-0.35382645
-0.27155194
-0.41265132
-0.36452770
-0.46839349
-0.13767500
-0.38928537
-0.21630462
-0.07327932
-0.24911187
-0.44731306
-0.67399900
-0.51118395
-0.31493878
-0.14747967
-0.15536811
0.01708489
0.07131318
-0.10053565
0.08520691
0.01419828
-0.04069196
0.23146483
-0.00164450
-0.07323045
0.02551019
-0.22581255
-0.30421632
-0.34651939
0.10715643
0.28817487
0.39462417
0.32880025
0.58520825
0.23383484
2.41371572
2.57316235
2.39464436
2.61416524
2.44875405
2.69501157
2.88363088
2.59889690
2.74929081
2.29036534
2.05809599
2.18806151
2.57796521
2.50848190
2.58321225
2.62478242
2.61677083
2.69023842
2.58482061
2.58189042
0.41829240
0.38141397
0.56601899
0.56590748
0.80550300
0.40491639
0.53165368
0.56887232
0.38001138
0.44888837
0.28213696
0.47822169
0.35952562
0.08371448
0.04084036
0.06947896
0.24157400
0.20110107
0.01011640
0.10698120
-0.79758416
-1.26711411
-1.25870474
-1.33224013
-0.89899054
-0.69277647
-0.46224165
-0.21565066
-0.07320743
-0.02131114
0.00261019
0.14404100
-0.00185754
0.06477954
-0.13253340
-0.33265245
-0.43901991
-0.66844546
-0.55424861
-0.80949417
-2.13350126
-2.34821240
-2.33952627
-2.28906532
-2.31291136
-2.35065841
-2.64640951
-2.59583964
-2.65282461
-2.66587759
-2.45614501
-2.37545461
-2.65152147
-2.48817461
-2.35100707
-2.11454005
-2.05508279
-2.10223175
-2.24197052
-2.31273061
-0.86546184
-0.83128708
-0.56333178
-0.48256042
-0.45061354
-0.31225951
-0.66275660
-0.50236685
-0.32781420
-0.53109149
-0.47232946
-0.56469831
-0.53489507
-0.35982372
-0.57847914
-0.17614200
-0.45963355
-0.71666561
-0.71265834
-0.72981496
0.64124554
0.34731624
0.69106322
0.83323398
0.77668151
0.18050603
0.46034999
0.61029944
0.66196013
0.65340241
0.50826093
0.44892136
0.60807035
1.13861095
1.27892576
1.20849457
1.09996912
1.46508197
1.07819405
1.02821884
0.50484766
0.19169992
0.15291779
0.02090332
-0.14705434
-0.12151676
-0.12962883
-0.20391263
-0.23062719
-0.30879501
0.04285713
-0.19233312
-0.55409035
-0.52590218
-0.32989483
-0.29809149
-0.32868582
-0.19115999
0.03016937
0.36248475
-0.86327664
-0.98973881
-1.08416169
-1.12095825
-1.14044750
-1.32138069
-1.11939467
-0.82331600
-0.66084373
-0.65652950
-0.76454267
-0.83049487
-0.90625224
-0.70384904
-0.97859956
-0.81392860
-0.84288200
-0.75910797
-0.77662073
-0.56089022
-1.03792652
-0.74356380
-0.42402494
-0.58754777
-0.50714160
-0.67097856
-0.64335481
-0.67519964
-0.83858204
-0.95748816
-1.19364775
-1.14618317
-1.11024775
-1.31213393
-1.11269252
-1.03795144
-0.84883903
-0.99008506
-1.10604049
-0.94104034
-0.41066322
-0.51367829
-0.38972157
-0.25043519
-0.26808979
-0.03135936
0.13913674
-0.09207385
-0.34123021
-0.78561646
-0.79650542
-0.36807815
-0.17012933
-0.28102875
-0.35756038
-0.36374407
-0.58528036
-0.73982860
-0.76188518
-0.74506827
0.81263181
0.89972171
0.84307217
0.67465586
0.63430858
0.95745734
1.20784411
1.25927565
1.15524265
0.68787224
0.27179838
0.11199595
0.06195329
-0.24790887
0.14367264
0.24191509
0.45812771
0.43203591
0.59257462
0.55015667
-2.45222112
-2.69479939
-2.47732925
-2.63446089
-2.80356308
-2.92920176
-2.71433188
-2.70832895
-2.94104442
-2.84758631
-2.84671079
-2.71587611
-2.68198907
-2.46068714
-2.52638393
-2.05005211
-2.19754362
-1.71615588
-1.95742574
-2.08493252
-0.21056271
0.04119168
-0.02861806
-0.20724744
0.28504502
0.09114643
0.31121407
0.48882696
0.41920002
0.58815686
0.61451007
0.17450542
0.18635555
-0.20463077
-0.10956784
-0.17368648
0.11336449
0.05965717
0.11626088
0.11935731
-1.81643510
-1.83355330
-1.94436594
-2.11949885
-2.17975673
-2.16266663
-2.11147948
-2.14666875
-1.85762631
-2.03034598
-1.81331129
-2.00370481
-1.92713668
-2.05784393
-1.75922127
-1.65151846
-1.72779621
-1.96345865
-1.88853227
-1.73899950
-0.61895347
-0.71282854
-1.00801782
-1.26470089
-0.98723266
-0.85702499
-0.42647211
-0.38581943
-0.24412921
-0.49307003
-0.09767862
-0.12119549
-0.34233410
-0.25410463
-0.04066844
-0.44228639
-0.29047260
-0.48895148
-0.29498321
-0.55940334
-1.04445827
-1.07064339
-1.09084007
-1.14370601
-1.14770038
-1.03197596
-1.39497822
-0.94204244
-1.28494185
-1.04010179
-1.03624001
-1.05540385
-1.01611099
-1.07838858
-0.92660165
-0.79747456
-1.07550986
-1.18807638
-0.99566349
-0.92575853
1.40712406
1.23951032
1.58342526
1.36436812
1.32769993
1.45512576
1.22991024
1.24770279
1.36225766
1.05214147
1.23870037
1.73966016
1.72710434
1.60495412
1.55524203
1.43624322
1.29858002
1.35431608
1.28204033
1.27474888
-0.61166986
-0.83637657
-0.99270480
-1.08911312
-1.20596778
-0.93043717
-0.90930910
-0.64521716
-0.56260356
-0.74904010
-0.45345190
-0.43257485
-0.30112730
-0.34325293
-0.48867752
-0.31897940
-0.54840282
-0.51075917
-0.46672529
-0.81587637
0.34464397
0.36746230
-0.06478461
-0.04684140
0.17804106
0.39729397
0.19134900
0.26619145
0.27440946
0.38710471
0.16264999
0.35062654
0.23790940
0.40959417
0.66989905
0.54994376
0.13504260
0.18755785
0.12625250
0.28214894
0.45999794
0.76485193
0.42641807
0.22668193
0.63239023
0.37675728
0.61202261
0.63221807
0.29667845
0.27210027
0.34732066
0.43547297
0.43902202
0.39943226
0.18657010
0.27639783
0.56124095
0.28205630
0.33003219
0.19348595
0.29478095
0.20218573
0.28575059
0.35722377
0.24711256
0.41158908
-0.20321689
-0.45003495
-0.43619286
-0.06200371
-0.14770987
-0.20074231
-0.19100356
-0.03380422
-0.31155677
-0.46624453
-0.26894989
-0.64718743
-0.47788622
0.21840339
-1.95782067
-2.10941908
-2.18085503
-2.29434496
-2.15024939
-2.21086368
-2.39563971
-2.26558349
-2.01795552
-2.06864074
-2.17256724
-1.95482037
-2.05004602
-2.44032592
-2.16614440
-2.18308158
-2.48769626
-2.08124429
-2.14552755
-1.83317335
1.44097445
1.54238943
1.45719557
0.95262331
1.27593907
1.49663681
1.32417918
1.09741272
1.08626802
0.54221153
0.39837761
0.83824762
0.62295657
0.79862209
0.69204955
0.62562349
0.86714641
1.14403890
1.17161125
1.36423963
2.09969715
2.15706960
2.13317147
2.02789946
1.83362584
2.01756830
1.93185941
1.88164407
2.14679359
2.50567683
2.43195641
2.69428209
2.77485790
2.68687337
2.48467454
2.78356445
2.28454239
2.24226451
2.17826017
2.25566398
0.66062440
0.82375917
0.91304959
1.00245948
0.69302668
0.88696574
1.14184122
0.72058475
-0.10546529
-0.29904652
-0.18153776
-0.27805326
-0.02006840
0.38943646
0.59178752
0.78995497
0.78727725
0.76911376
0.90334378
0.68696079
2.59928114
2.55183106
2.40953036
2.52254049
2.74635636
3.00950266
2.61718494
2.54739349
2.47488117
2.27840181
2.16420286
2.19841230
2.39187315
2.26893936
2.03999450
2.30682532
2.36649200
2.48645805
2.41648657
2.52878289
-3.39327481
-3.36512380
-2.90660732
-3.01336669
-3.06640394
-3.11049707
-3.36104635
-3.43617306
-3.20661924
-3.22773978
-3.43692482
-3.49368189
-3.10654470
-3.58766551
-3.63695607
-3.92341732
-3.99552143
-4.00123370
-3.64901891
-3.81779192
-1.84692697
-1.84307450
-2.07383751
-2.30800003
-2.29055760
-2.58853825
-2.59247769
-2.73065285
-2.76064806
-2.97107946
-2.98134034
-2.66579260
-2.34281346
-2.38056692
-2.33573130
-2.13740816
-2.60825089
-2.27584462
-2.27264002
-2.02888384
-2.58144560
-2.48700178
-2.45197722
-2.68355488
-2.76844008
-2.82973512
-2.88476818
-2.82552308
-2.60268590
-2.84875757
-2.49706496
-2.47384897
-2.49863449
-2.44780452
-2.40175861
-2.30228368
-2.34730909
-2.30103931
-2.33293150
-2.61051034
-0.42035765
-0.55995342
-0.07347091
-0.35406275
-0.76353120
-0.64964768
-0.78908163
-0.58296358
-0.60276372
-0.53937556
-0.25164671
-0.05922015
0.14877326
-0.18521724
-0.48972841
-0.44022980
-0.32841502
-0.20276407
-0.60235464
-0.43870528
-0.81621441
-0.78092869
-0.66545681
-0.96953422
-1.10664082
-1.00167396
-0.95557416
-0.70141547
-0.75766954
-0.70677103
-0.51894340
-0.59990371
-0.33964231
-0.62509478
-0.43866181
-0.47815473
-0.33562789
-0.29321614
-0.90275267
-0.71446118
-2.22859765
-2.38260719
-2.06704419
-2.25252239
-2.19679626
-2.26663677
-2.25044461
-2.47821892
-2.22581953
-2.38822443
-2.48017358
-2.67154575
-2.43796543
-2.58686389
-2.36782916
-2.46232607
-2.48126932
-2.71309889
-2.61080050
-2.32740337
-1.63680485
-1.80812226
-1.59359981
-1.61366521
-1.84716033
-1.81888222
-1.54311852
-1.33711531
-1.28550788
-1.33050350
-1.79609325
-1.70973948
-1.32049078
-1.31991065
-1.31803112
-0.75713175
-1.02658271
-1.15722807
-1.29172583
-1.43250783
0.04175583
-0.27207442
-0.34208114
-0.25793687
-0.15121913
-0.68418833
-0.48722295
-0.26678236
-0.31970611
-0.40083483
-0.43576046
-0.28040349
-0.05748352
-0.05107265
0.07037219
0.04577154
0.33329743
0.31074553
0.25883540
-0.13625493
-1.91899353
-1.65691912
-2.22602669
-2.63955737
-2.37289323
-2.64335271
-2.40613131
-2.50873030
-2.51012409
-2.65679483
-2.51838987
-2.72539771
-2.46367876
-2.74672574
-3.15075468
-2.59976134
-2.58475451
-2.41727196
-2.18562930
-2.14879581
-1.79010242
-1.57898599
-1.58488266
-1.28664646
-1.39951364
-1.73383190
-1.70843498
-1.74753695
-1.72344055
-1.76773472
-1.88171540
-2.02159057
-1.92547947
-1.46693940
-1.39405933
-1.36052721
-1.35520414
-1.48531914
-1.31245610
-1.42777559
-2.86489811
-2.89946149
-2.73924231
-3.07168190
-2.86653142
-2.72468889
-2.85877390
-2.92470760
-3.17248322
-2.79745913
-2.78003093
-2.24877277
-2.21791404
-1.97465290
-1.97306270
-2.33198025
-2.44376260
-2.37834677
-2.55621308
-2.77999467
0.50558577
0.37442702
0.30230100
0.28030745
0.24736097
0.69677216
0.52345383
0.42355051
0.69630157
0.80070257
0.27711097
0.31148205
0.44215951
0.23701435
0.26212435
0.30902494
0.34898030
0.25774617
0.44167821
0.47923083
-0.84569056
-0.84405142
-1.31708221
-1.15944376
-0.98252078
-1.12254419
-0.92456829
-1.35948317
-1.37372966
-1.35412193
-1.55480966
-1.25789926
-1.24695927
-1.28752009
-1.59431086
-1.36718904
-1.02049850
-0.78459116
-0.61240396
-0.38286869
-0.77742315
-1.54397595
-1.37083280
-1.56624545
-1.62312870
-1.22539844
-0.96266161
-0.75945540
-0.53772982
-0.45465192
-0.65971648
-0.47090602
-0.19524081
-0.68410402
-0.93441383
-0.91659698
-1.29516613
-1.49314733
-1.07556872
-0.92579162
-0.35346095
-0.78579796
-0.99236606
-1.05522621
-1.19071241
-1.03714654
-1.01892624
-1.13400289
-0.80421598
-0.61922363
-0.60260965
-0.62102972
-0.74691593
-0.87934744
-0.77404081
-0.92171900
-0.86270313
-0.42171912
-0.05131116
-0.11940854
-1.88349093
-1.57609643
-1.55077924
-1.87418699
-1.77277986
-2.32318463
-2.27263118
-2.24454163
-2.40846730
-2.56631332
-2.46769142
-2.29785609
-1.99182069
-1.65141896
-1.72527221
-1.56137998
-1.58257224
-1.79037887
-1.60250119
-1.71110257
-0.15103856
-0.12669690
-0.25962682
-0.13908176
-0.32792451
-0.19683533
-0.10209111
-0.11532626
-0.38943851
-0.43146356
-0.32335164
-0.28435375
-0.60171676
-0.16369136
-0.39090881
-0.26959197
-0.58467949
-0.54394319
-0.58536187
-0.70035670
-3.27809154
-3.12679774
-2.86558651
-2.67324637
-2.72638796
-2.79308394
-3.06413113
-3.21395285
-3.05098294
-3.07445867
-3.07377008
-3.12597683
-2.79954210
-2.79764336
-2.84145603
-2.79284433
-2.76230660
-2.72024748
-2.70674820
-2.95526387
-0.13256518
-0.12326287
-0.62279274
-0.48598283
-0.30187971
-0.28966279
-0.28229901
-0.01633394
0.21833442
0.28704214
0.40559140
0.01117337
0.10964758
-0.07201777
-0.19904036
-0.28738060
0.03141533
-0.07181079
-0.12479839
-0.32017210
0.79191747
0.59874966
0.76457572
0.75935333
0.79620348
0.99708173
0.82294505
0.79827465
0.72749719
0.78297031
0.68400427
1.02533982
0.69447264
0.66446257
0.57185321
0.85473834
1.16512337
1.28571351
1.09557472
0.82540582
1.08497542
1.17405180
1.18543048
1.54661304
1.54335791
1.44656606
1.04930306
1.01089589
0.97165090
0.80182205
0.68488575
0.92696112
0.78883659
0.77731374
0.51537455
0.69555692
1.01901121
1.28132399
1.30710912
1.22707695
-1.06494270
-0.69924997
-0.44321013
-0.93229018
-0.84829020
-0.69457616
-0.87953535
-1.23564193
-0.96816924
-0.94867797
-0.95919315
-0.82984853
-0.43802097
-0.76029970
-0.86205446
-0.91696916
-1.09671832
-1.07066915
-0.99495195
-1.12331410
3.15001750
3.04932625
3.02325807
2.74757580
2.41457210
2.19496252
1.86954532
2.18770428
2.43118509
2.53474361
2.58860989
2.29061829
2.32315678
2.38115621
2.40791152
2.37651638
2.78025333
2.74673287
2.84356211
2.82311946
-1.23274017
-1.07872114
-1.31956918
-1.82554380
-2.12921664
-2.06047692
-2.20082556
-2.12844729
-2.39528732
-2.13943344
-2.17416053
-2.05196459
-2.03409572
-1.79287117
-1.52490052
-1.54820698
-1.35574158
-1.14790360
-1.00906013
-1.06309788
-0.42316860
-0.16980208
-0.22931459
-0.19412732
0.09130787
0.29994815
0.06568639
0.07172238
0.07970360
0.09428033
-0.52603059
-0.38573694
-0.33219590
-0.55545587
-0.53985531
-0.48213435
-0.78780020
-0.64941354
-0.56678312
-0.42702925
-0.88422138
-0.74142883
-0.56748790
-0.42341131
-0.40046911
-0.11241951
-0.47401037
-0.36998442
-0.69163732
-0.68356137
-0.79306378
-0.91241909
-0.94073189
-1.08119093
-1.12708423
-1.12666675
-1.22737723
-1.12045455
-1.35458593
-0.89901894
-0.98912419
-0.83590624
-0.77578898
-0.79092688
-0.60415999
-0.42822916
-0.44097443
-0.44998637
-0.42275536
-0.60014060
-0.77689842
-0.72991339
-1.02615754
-0.75373797
-0.85723669
-0.89035123
-1.02906601
-1.00658190
-0.66464781
-1.00385417
0.38357604
0.02943953
0.39420633
0.88018927
0.71024680
1.09156603
1.17384517
0.96229426
0.97221318
0.92352038
0.55007837
0.20771124
0.35046338
0.42271452
0.23608719
0.34315268
0.30445831
0.02131026
0.11589087
0.24125315
0.98241343
0.68670263
0.75945226
0.71551727
1.29886012
1.14246704
1.37459498
1.35161313
1.23368248
1.07848283
0.91824146
0.98308065
0.56663993
0.85900368
0.88447526
1.11105698
0.97651690
1.06718986
0.98945165
1.05291053
0.64450254
0.61278087
0.58521286
0.20859663
0.16346803
0.39315681
0.48313905
0.42021753
0.58061589
0.93185974
1.06469297
0.81870921
0.84637313
0.40936293
0.73158313
0.42870472
0.32803350
0.05838400
0.11663739
0.02092269
-0.54539176
-0.82473581
-0.85907861
-0.55410538
-0.37499616
-0.54454334
-0.81891976
-0.89337308
-0.93390698
-0.97458932
-0.96616193
-0.95677866
-1.04445446
-1.03902199
-0.68164256
-0.15763258
-0.84414925
-0.79637850
-0.41514359
-0.38766068
-2.50670658
-2.98857050
-3.03763409
-3.24245455
-3.42530959
-3.62723085
-3.42577008
-3.36565986
-3.27911871
-3.24145521
-2.79459769
-2.78448752
-2.98824974
-3.27799280
-3.23104572
-2.94436102
-2.75234148
-2.74923051
-2.82680493
-2.60879556
