phonon_position
0.00072786
-0.24790768
-0.03394903
-0.02634741
0.14740377
-0.25234671
-0.21687161
-0.22676484
-0.28352009
-0.30666900
-0.17167009
-0.25220263
-0.69930520
-0.84677754
-1.20507254
-0.72902462
-0.40479930
-0.08027310
-0.09787143
-0.10559632
-0.43165361
-0.43641288
-0.29934254
-0.08941697
-0.60366196
-0.68627261
-0.39464288
-0.16158261
-0.31875966
-0.22452946
-0.32212715
-0.20181216
-0.55955622
-0.37492964
-0.14898249
-0.21564687
-0.43987710
-0.51677434
-0.62612257
-0.28794661
-0.20577305
-0.33655137
-0.28025039
-0.32447393
-0.64403741
-0.71697380
-0.92082327
-0.85804863
-0.83603176
-0.65922704
-0.28768980
-0.18012785
-0.05015079
-0.36317357
-0.45125109
-0.41170385
-0.15574501
-0.42290560
-0.49287335
-0.16738962
0.20753507
0.42698445
0.46577035
0.44799551
0.32117768
0.31151769
0.46314887
0.22276407
0.49310411
0.60405502
0.41695331
0.32658047
0.47909201
0.61818147
0.45887424
0.57514492
0.84483517
0.76754134
0.46538974
0.45936588
-0.08220273
-0.23357292
0.05683688
0.25111211
0.34617928
-0.36311065
-0.35520187
-0.22020259
-0.19709610
-0.24526183
-0.56612609
-0.42821742
0.12396485
0.07377791
-0.08421383
-0.32497576
-0.07114278
-0.28799728
-0.20167374
-0.12741194
3.58874720
3.55132753
3.41594974
3.45038886
3.22093761
3.38557121
3.25617803
3.27648974
2.97124337
3.00945268
3.17815532
3.28925153
3.20945129
3.33888749
3.42646142
3.49055415
3.57658645
3.65083331
3.59276231
3.38166125
0.24222895
0.53150901
0.36193450
0.10632725
-0.26450726
-0.23148897
-0.39371172
-0.29329363
-0.28641377
-0.17670168
-0.40447718
-0.26595741
-0.16587444
-0.07640840
-0.13156273
0.12606182
0.15464718
0.01560317
0.13710834
0.50433312
-0.33791557
0.05414844
0.22396951
-0.03307258
-0.16824505
-0.06157185
0.12869623
0.34235149
0.67045124
0.57273641
0.45831269
0.30419450
0.08790509
0.25702977
0.24762145
0.36354289
0.42829926
-0.27602976
-0.24819429
-0.23160251
-1.73487817
-1.95633467
-1.72857424
-1.34122643
-1.62431018
-1.40729072
-1.61781155
-1.69445452
-2.25078234
-2.39699951
-1.80495960
-1.91922413
-1.95600786
-2.15876337
-2.15277519
-1.76286079
-1.86044845
-1.92150128
-1.62921457
-1.66291142
1.27984155
1.44187796
1.51972398
1.16504600
0.88268205
0.84457849
1.39812675
1.06372429
1.04568672
0.90575178
0.95382782
0.73264425
0.91768178
0.89435211
1.21656063
1.04841551
1.17031055
1.50628798
1.23292644
1.13379713
1.36629138
1.38331241
0.86300970
0.63137449
0.52725839
0.35606284
0.39276310
0.16533479
0.02218276
0.19950500
0.48739396
0.31130968
0.46036487
0.48289364
0.80565113
1.30724928
1.49085805
1.62915029
1.39742381
1.38122867
1.25523534
1.10212649
1.00979746
1.10506934
1.25405296
1.19493919
1.19659142
0.85700173
0.95478891
0.84748818
0.79688487
0.93380259
1.16752389
1.04425846
1.34165028
1.30048048
1.25012062
1.05643809
1.02120116
1.17692375
-0.17514119
0.00477033
0.02152053
0.05136501
0.11964023
-0.05660222
0.05171304
-0.01687041
0.38109136
0.52840247
0.43951146
0.34120831
0.28439975
-0.05142841
0.08845430
0.00093930
-0.03584572
-0.28456087
-0.31083215
-0.35729007
0.14826722
-0.13919578
0.36578266
-0.05481603
-0.29760500
0.16027712
0.24119442
0.10894145
0.08306767
0.55477578
0.44761538
0.32477369
0.66719136
0.70628618
0.39088254
0.61874821
0.70964822
0.58522800
0.46928557
0.32857508
0.23509321
0.13084671
0.40233298
0.71722453
0.32806406
0.60923515
0.78085708
1.01315411
1.21802740
0.87746872
1.01392965
1.01052840
1.13707199
1.03503765
0.91077231
0.74187298
0.74741219
0.54212953
0.40415198
0.30548311
0.28569367
0.29161836
0.14850892
-0.15655144
-0.06805379
0.13477792
0.06946380
-0.16338975
-0.54957255
-0.53991918
-0.34294503
-0.42469578
-0.22632793
-0.26583894
-0.23167248
-0.15787528
0.19019709
0.50162892
0.56969380
0.22298899
0.32530111
0.01382516
-0.17421142
-0.56747199
-0.32425676
-0.34502257
-0.23558808
-0.07450923
-0.27873330
-0.26725081
-0.16821389
-0.28616175
0.23428343
0.78691182
0.56951641
0.75474605
0.69629521
1.01653409
0.77654225
0.61337820
-0.57226918
-0.64863367
-0.56092916
-0.74168628
-0.77498847
-0.82008223
-0.81718646
-0.91316457
-0.97380380
-1.15954538
-1.14799308
-1.17156641
-0.93017945
-1.29622651
-1.10083119
-0.90076572
-0.87344195
-0.39650571
-0.50392904
-0.46564720
2.31889852
2.35652001
2.06941958
1.87164074
1.60804615
1.30184855
1.35172251
1.04440234
1.22274951
1.50641258
1.77337139
1.73949833
2.02682672
2.23003010
2.10901650
2.41709655
2.52877673
2.39740220
2.94245924
2.44407986
-3.00019654
-3.44309022
-3.50931857
-3.53184586
-3.01866763
-2.70169860
-3.04078668
-3.06994361
-2.99770239
-2.93010537
-3.28036354
-3.25702405
-3.34325569
-3.31097047
-3.56351046
-4.06295716
-3.42065182
-3.44372756
-3.28809158
-3.28068231
0.05882127
0.25029765
0.33357623
0.35373708
0.38365435
0.58008257
0.50475874
0.59695964
0.02008974
-0.28372386
-0.20343805
-0.35323847
-0.56352641
-0.49769284
-0.18960603
-0.06337022
0.13469785
0.04110039
-0.15519507
0.00681485
-0.01472074
-0.08861545
-0.09051942
0.16189228
0.00662213
-0.03700883
0.39367610
0.08401186
0.25877883
0.16537800
-0.06776456
-0.19390425
-0.27144796
-0.36761745
-0.42667144
-0.57593338
-0.06595147
-0.44849604
-0.06685070
-0.41609341
-0.21502204
-0.19750001
0.18318906
0.24941474
0.24915606
0.36180796
0.10018059
0.05857914
0.01003027
-0.01629593
-0.42706270
-0.33798601
-0.59532310
-0.73966717
-0.59425899
-0.21577073
-0.24496075
-0.33992392
-0.25807084
-0.27007335
-0.84139459
-0.77817797
-1.05440881
-0.63368489
-0.73664606
-0.86582633
-0.94857201
-1.35604125
-1.40212501
-1.50381511
-1.53184448
-1.49349663
-1.59546646
-1.81911991
-1.78670824
-1.53123349
-0.88460922
-0.61230267
-0.37428087
-0.50848230
-0.12376969
-0.11540049
-0.29141959
-0.47169439
-0.34084408
-0.41402370
-0.26524095
-0.72996700
-0.43724123
-0.34643209
-0.11495747
-0.13259627
-0.26847755
-0.36068779
0.04383942
0.21805200
0.09459365
-0.18631251
-0.23015772
-0.42987535
0.41175424
0.52597050
0.53075645
0.37124662
-0.09060899
-0.29774795
-0.64437627
-0.34822387
-0.51644887
-0.40757566
-0.23742646
-0.04457279
-0.27858298
-0.08238586
-0.11029301
-0.26866300
0.24836077
0.38802212
0.39926818
0.55093073
2.26197810
2.19104132
2.17362233
2.06579619
2.02596852
1.82260461
1.97465386
2.10989520
2.21651672
2.36360883
2.15577080
2.21735314
2.21213129
2.27693684
2.33433900
2.23345248
2.03976138
2.09648563
2.11554629
1.93053450
0.45619353
0.75856954
0.85158902
0.77490514
0.57756163
0.86099072
0.80211574
0.35973048
0.36605674
0.35685233
0.36283503
0.43053704
0.09521112
0.06611378
0.63280439
0.57325879
0.38021271
0.29577885
0.39647805
0.32990016
-0.58208290
-1.00980520
-0.71516008
-0.53734431
-0.73802617
-0.56408279
-0.25431998
-0.28023212
-0.46240340
-0.51052441
-0.71875160
-0.71443886
-0.54785925
-0.43333286
-0.30532234
-0.18717004
-0.44592508
-0.44417204
-0.95661792
-0.77349968
-0.66875247
-1.03731641
-0.69928212
-0.83803967
-0.44409929
-0.57186236
-0.71115099
-1.38254275
-1.02379975
-1.22141825
-1.22982719
-0.89810389
-0.75919071
-0.56540782
-0.86767307
-0.98279232
-0.85486675
-0.72332942
-0.71664895
-0.71370744
1.92689844
2.01269025
1.92139068
1.96377491
1.94153674
1.93942523
2.20835508
2.18383558
2.02329564
1.84215417
1.95366202
1.97181460
1.60634408
1.54394726
1.56908898
1.76585387
1.67045559
1.47731636
1.36933517
1.66878111
-1.11641510
-1.34266054
-1.19906866
-1.41633620
-1.41765295
-1.69036327
-1.48550205
-1.26193794
-1.16866239
-1.30926263
-1.28775723
-1.28926623
-1.07137334
-0.98471233
-1.68416976
-1.87434290
-1.45716401
-1.58152177
-1.35547272
-1.21416087
-2.82047081
-2.93136374
-2.62523236
-2.72986884
-2.83722240
-2.87829769
-3.03239431
-3.05452884
-3.24002121
-3.26659056
-2.93160021
-3.10551194
-2.84955973
-2.47162474
-2.57272419
-2.75055093
-2.75043382
-2.57119143
-2.51076100
-2.75094298
-0.71661355
-0.86559272
-1.01138871
-0.93799899
-1.04509260
-1.19057966
-1.55200020
-1.27322326
-1.14135508
-1.51167456
-1.39758058
-1.49352489
-1.46101806
-1.35905534
-1.50701094
-1.34801308
-0.63168431
-0.54666706
-0.70099209
-0.95216609
-0.90548814
-1.07239187
-0.67005840
-0.35101478
-0.85580151
-0.76414379
-0.80532453
-1.01645477
-0.87452242
-1.23964674
-1.53078098
-1.60565853
-1.56141893
-1.53507196
-1.31496586
-1.26857651
-1.01388679
-0.95556972
-1.10226396
-0.86777875
0.29737163
0.56076230
0.45319244
-0.08043956
-0.07684502
0.01816716
0.25881365
0.15482320
0.37457650
0.33017795
0.58033817
0.27662725
0.44064569
0.38394658
0.14208365
0.19111826
0.44876600
0.40941030
0.32816019
0.60486858
0.06405209
0.15848202
-0.05314258
0.37726812
0.12464853
0.30833458
0.12287801
0.02828816
-0.30780211
0.00488236
0.13269939
0.37047837
0.32064736
0.19830389
-0.12928166
-0.07908756
-0.10297349
-0.02633701
0.06129711
0.24154934
1.20938989
0.76694056
0.91281405
1.06215470
1.48508478
1.80848183
2.05449750
1.95145804
1.73826544
1.52975639
1.25646112
1.43725925
1.19295455
1.07992625
1.29520748
0.93411332
0.88077504
0.88321181
1.17379107
1.23570327
1.45472142
1.43435320
1.20656923
1.30531998
1.30806079
1.41778239
1.05643213
1.02403096
0.98321471
1.08750922
1.45279490
1.84920098
2.06221430
1.77053406
1.71819352
1.67559671
1.84484950
1.76982849
1.45496219
1.71398506
-0.30455357
-0.39863680
-0.56753003
-0.57777420
-0.45824553
-0.49127858
-0.58624662
-0.57308247
-0.79839221
-0.83533865
-0.79155657
-0.60159332
-0.61848366
-0.22193603
-0.11346384
-0.00235985
-0.10723653
-0.30188705
-0.14829997
-0.09453201
0.05884493
-0.21892087
-0.36108536
-0.17078125
-0.01912910
-0.33708778
-0.14398928
0.21127364
0.58205101
0.89078434
1.20699343
1.35531466
0.68311792
0.53740294
0.63593188
0.78017205
0.55908064
0.46662064
0.67484246
-0.04847047
1.75422879
2.02615869
2.02153992
2.14298696
1.81063174
1.41086350
1.44852296
1.20858321
0.88298846
0.88101405
0.85181239
0.92594237
0.61549193
0.95050617
1.17815031
0.98870918
1.22009699
1.39535119
1.24493664
1.38178760
-0.38267720
-0.19900172
-0.21211008
-0.51569356
-0.46885206
-0.54589196
-0.56246594
-0.40680598
-0.63663338
-0.47899791
-0.35805973
-0.56659845
-0.44138871
-0.43845264
-0.41917922
-0.02199770
-0.14869764
-0.51315587
-0.39876190
-0.33335050
-1.17816927
-1.16828699
-1.62054874
-2.06672762
-1.82178838
-1.81650009
-1.78676926
-2.48348281
-2.34865468
-2.46937013
-2.36046945
-2.35810415
-2.21084154
-1.96236682
-1.69797181
-1.71326688
-1.65165468
-1.51416957
-1.41935102
-1.40569927
-0.17676694
-0.18349072
-0.31039334
-0.44693661
-0.17701670
0.30204809
0.63508696
0.59879450
0.53859014
0.61424461
0.84855211
0.72408566
0.82181940
0.53899764
0.47782388
0.76418829
0.72253815
0.53143020
0.32202391
0.18371922
1.04113629
0.72676878
0.67666419
0.57114133
0.46301859
0.37098943
0.63189144
0.58258060
0.84962191
0.72861888
0.71611406
0.77805106
0.68880232
0.89314995
1.09236329
1.18351243
1.32884273
1.26298303
1.16561272
1.12960010
-0.27954597
-0.30568899
-0.45922957
-0.69131103
-0.57796982
-0.02103483
0.09228052
0.01197568
-0.11414752
-0.23319156
-0.04516412
0.18348139
0.67556930
0.56590605
0.48670385
0.16047846
-0.27164785
-0.35414537
-0.18235893
-0.26059350
1.69174844
1.79834963
1.68842107
1.49849921
1.35406646
1.23699620
1.37634253
1.50010972
1.76031653
1.88432651
1.71078966
1.55967837
1.45039913
1.60031562
1.27296241
1.47987365
1.57445283
1.64233592
1.60347082
1.60317999
0.39589439
0.24627443
0.01894088
0.17640437
0.38719415
0.28292454
0.04410807
-0.07846818
-0.36906452
-0.06383072
0.63597556
0.52789039
0.78909068
0.58105809
0.61132626
0.73642302
0.69562988
0.88052441
0.54327502
0.53195288
-1.42289474
-1.47627769
-1.57153714
-1.61218442
-1.67365599
-1.71471678
-2.15901251
-2.00836610
-2.50991197
-2.22431208
-2.60638903
-2.70979878
-2.28542839
-2.04249066
-2.02757940
-2.19052444
-2.24145872
-2.00710492
-1.73467431
-1.58335647
0.22065704
0.21167433
-0.07627477
-0.04812764
0.07936027
0.03789948
0.12598071
0.21285816
0.04673098
0.46057395
0.78153667
0.36830756
0.43619657
0.29228833
0.00148277
0.09885515
-0.00518068
0.05377015
0.40566908
0.11415388
0.43402850
0.49992742
0.67523440
0.45324055
0.28512169
0.19853939
0.19876668
0.20634965
0.21909255
0.22178814
0.25274183
0.33489001
0.52925829
0.29565494
0.50797195
0.24400221
0.47884498
0.61110455
0.62612490
0.29847878
-3.81377516
-3.80504518
-3.76743030
-3.59014427
-4.27564338
-4.05543531
-4.06372968
-3.85316976
-3.92754411
-3.55303717
-3.31300878
-3.32002544
-3.12462689
-3.12069552
-2.98552638
-3.48970033
-3.44574228
-3.74762869
-3.49108549
-3.52151090
1.03466062
0.93987827
1.34763777
1.45943773
1.24248821
1.34046222
1.30570056
1.04135945
1.25193009
1.00552306
1.03116615
1.11271907
1.17066064
1.21756207
0.99834485
0.88475093
0.66353012
0.93395165
1.04142628
0.96502008
-0.21691127
-0.26219800
-0.17107678
-0.24067321
-0.41842581
-0.49682570
-0.57458151
-0.52619402
-0.38730325
-0.25507734
-0.41934094
-0.38278656
-0.52788383
-0.39781449
-0.13820377
0.09870619
-0.06200124
-0.42034634
-0.28166606
-0.05739393
-1.87865082
-2.08295032
-1.89297944
-1.83374191
-2.03674657
-2.16015482
-2.31176531
-2.09223185
-1.87232697
-2.32115684
-2.19187791
-2.41370535
-2.49434407
-2.08766100
-2.28520107
-2.44676801
-2.24617991
-2.17775188
-1.85169978
-2.08473663
-0.28263935
-0.13582418
0.24858925
0.20306360
-0.00261163
-0.08283864
-0.13585458
-0.00331857
0.16618341
0.00253033
0.20644125
-0.20772315
-0.21832688
-0.36772860
-0.48635210
-0.78252221
-0.95778983
-0.52616433
-0.58806086
-0.50333907
1.58213365
1.47295540
1.59292581
1.72980095
1.73324625
1.57480078
1.33535277
1.26478544
1.44343007
1.56082274
1.40268583
1.05059849
1.29875823
1.67267503
1.51129841
1.44767729
1.32542415
1.49964711
1.87193674
1.49833516
-0.09265282
0.22250440
0.38149197
0.50046841
0.37909793
0.39845868
0.45032463
0.67243575
0.43940691
0.53109602
0.48241867
0.52530316
0.23048708
-0.06372851
-0.19878686
-0.18344929
-0.31345078
-0.01705742
0.03949198
-0.03087667
-1.55463813
-1.61951094
-1.98208210
-1.59670493
-1.70900102
-1.53535545
-1.62868155
-1.75596659
-1.58887688
-1.66910262
-2.17232961
-2.10910939
-1.57207993
-1.60600170
-1.33405731
-1.28268682
-1.15886598
-0.84301515
-1.16101655
-1.49261415
-1.08657871
-0.94252555
-1.08267212
-1.05717871
-1.32925202
-1.29443767
-1.93233453
-1.80985468
-1.73844842
-1.99738572
-2.04078347
-2.23690672
-1.98789600
-2.25922262
-2.21053333
-1.96169043
-2.11115856
-2.18388404
-1.84298725
-1.44744178
-2.61869569
-2.64105658
-2.55068159
-2.73879630
-2.84147922
-3.01148140
-2.91116624
-2.63268486
-1.98072107
-2.31037625
-2.25728211
-2.23438030
-2.10863231
-2.11901610
-1.83377090
-2.24250801
-2.30102986
-2.30651463
-2.22960532
-2.33652418
-1.34767677
-1.42943174
-1.33742087
-1.47058220
-1.96532016
-2.04362014
-2.21325554
-2.17150869
-2.11204590
-1.92890676
-1.89363915
-1.65318878
-1.82785272
-1.62333911
-1.54400821
-1.87762561
-2.03535891
-1.58829940
-1.43516360
-1.48467353
-0.92484438
-0.89866022
-0.59415544
-0.45067494
-0.51953556
-1.00221221
-1.39448847
-1.56477378
-1.63614957
-1.22311281
-1.33961405
-1.49030893
-1.44808003
-1.30927056
-1.24168052
-1.37648351
-1.34594037
-0.91914402
-0.64894310
-0.69817408
0.29655771
0.44211275
0.60779930
0.63864782
0.74956367
0.90032064
0.56500085
0.38374383
0.34705422
0.47340734
0.39960556
-0.00207310
0.03486677
0.03173806
-0.07751667
-0.24978010
0.05841666
-0.31467639
-0.42908732
0.02096933
1.65377718
1.52831414
1.15401508
1.34211439
1.61984111
1.72726848
2.17776404
1.91232777
1.65100112
1.79163198
1.56270282
1.79780005
1.94762136
1.79037083
2.01637149
2.19462336
2.25239781
2.27426492
2.00034117
1.82088676
0.18953958
0.31385466
-0.17682528
0.09370917
0.09609056
0.41745259
0.23693820
-0.24343687
-0.01711327
0.24642056
-0.01196059
0.08269738
-0.18780184
-0.41332161
-0.44849835
-0.42685315
-0.41322630
-0.49113128
-0.03261571
0.31512308
-2.65547576
-2.91745611
-3.28928939
-3.16169863
-3.25293554
-3.54050247
-3.21160169
-3.12471549
-3.26077232
-2.72986089
-2.97884488
-2.77639768
-2.95279845
-3.01640773
-2.52003485
-2.72325926
-2.28256968
-2.13530294
-2.24216075
-2.60303547
-0.55482167
-0.55973299
-0.66746814
-0.72188557
-0.69805727
-0.49296489
-0.92344822
-1.02004912
-0.97385925
-1.07956446
-1.20398138
-1.37354367
-1.11858165
-1.12448571
-0.84970016
-0.47870847
-0.31944650
-0.45531210
-0.63588736
-0.44477274
1.29690519
1.26382834
1.31537057
1.44561627
1.63486268
1.74293075
1.68858437
1.68092359
1.84610568
1.95612456
2.20935716
2.18545148
1.84304215
2.02769111
1.85209818
1.69033134
1.21199782
1.48649363
1.55994686
1.18582285
0.49829344
0.35514451
0.11049706
0.08359838
-0.01379341
-0.32030883
-0.22605293
-0.35481545
-0.24324902
0.00048470
0.05904199
0.47876671
0.55281617
0.16602226
0.42210072
0.47988628
-0.10194239
0.09759237
-0.01559011
0.36135577
-2.31047735
-2.41610835
-2.66990826
-2.31521676
-2.26127167
-2.34575477
-2.43093230
-2.61875577
-2.76920073
-2.78759290
-3.12220123
-3.14449016
-2.97727098
-3.11962467
-2.94014828
-3.07502404
-2.66269787
-2.87250108
-2.92079529
-2.65344332
2.92474379
2.72491389
2.69313239
2.77820976
2.88948840
3.04989990
3.11009774
3.07988638
3.18594376
2.82795733
2.82487699
2.64299434
2.91326349
2.65778770
2.72122118
2.50976685
2.79053314
2.57783833
2.51301481
2.82777928
0.83554654
0.58972593
0.78466138
0.70812120
0.81574835
1.03612184
1.07702075
1.09691698
0.74980449
0.73890166
0.79997789
0.88942705
1.00271951
0.79512976
1.23599568
0.99400603
0.92966786
0.92515147
1.00903841
0.77587816
-1.51859908
-1.62573408
-1.77230074
-1.93216828
-2.15737811
-1.80147724
-1.66644207
-1.68004989
-1.60841648
-1.49224247
-1.41910713
-1.43120670
-1.56899054
-1.83691395
-1.79215916
-2.07364524
-2.21001725
-1.97359368
-1.83232559
-1.55293550
1.91519225
1.95211647
2.20437510
1.99562580
1.67386921
1.40991632
1.66005383
1.56785003
1.24967844
0.84543200
0.77606757
1.03069157
0.81305590
0.63365041
1.05361134
1.43848429
1.51003331
1.80320015
1.63662188
1.80231435
1.53906695
1.34047936
1.09374043
0.95848725
0.88440417
1.32573135
1.47686778
1.52056523
1.48811111
1.51429697
1.67964336
1.60713012
1.77432272
1.78459205
1.86745455
1.97743789
1.80356507
1.62665032
1.72055165
1.58760898
-0.72473310
-0.53475810
-0.22271633
-0.01627963
-0.21396070
-0.28895245
-0.47287720
-0.48488956
-0.26542465
-0.56641983
-0.31741842
-0.61112967
-0.64864213
-1.05547600
-0.90362255
-0.64046618
-0.77690916
-0.96134351
-0.61973257
-0.58350953
1.52418694
1.57512975
1.42790253
1.35311698
1.25416768
1.51077657
1.65608842
1.91429265
1.96790132
1.93747200
1.95001274
1.61640881
1.58378418
1.42811068
1.43579874
1.31870126
1.30145299
1.43649493
1.31718821
1.46133037
0.42601853
0.73891611
0.66078228
0.43649871
0.22369293
0.53280268
0.55156687
0.34789176
0.28145795
0.38376101
0.57263902
0.45409101
0.48126051
0.21592829
-0.22136417
0.22054997
0.47896024
0.26391926
0.41293632
0.44471859
-0.57490897
-0.40159655
-0.32094672
-0.55196759
-0.51737613
-0.41853383
-0.72394599
-0.79816604
-0.78421001
-0.43719050
-0.14126682
0.00949228
-0.12101121
-0.25201085
-0.41990697
-0.53143432
-0.28459397
-0.97986916
-0.88804612
-0.96727248
-2.23196122
-2.33317350
-2.40647633
-2.78399331
-2.97313184
-2.68943353
-2.72776660
-2.57590774
-2.64641975
-2.23643853
-2.04063362
-2.49404596
-2.24257418
-2.44947387
-2.23112752
-2.19719040
-1.92559218
-1.85766781
-1.98771420
-2.17390878
-1.48116896
-1.55382178
-1.36793789
-1.70279050
-2.00344224
-2.07747107
-2.43987463
-2.30565371
-2.11262341
-2.05104950
-2.16248307
-2.19902653
-2.30917057
-1.63494623
-1.28577558
-1.35090753
-1.22760987
-1.56945418
-1.36928457
-1.25343275
1.34446234
1.33614632
1.30981749
1.40088097
1.65132822
1.28894361
1.12349837
0.99844203
1.21606161
0.89972563
1.00441354
0.88981264
1.17113462
0.79624793
0.77895933
1.00840625
1.25245096
1.18700584
1.24080831
1.47719653
0.38164003
0.44348892
0.36573678
0.20130913
0.48615813
0.86433068
0.33250780
0.62308908
0.36001996
0.20358862
0.14818694
-0.17764743
-0.12776546
-0.12894707
-0.06498326
-0.22504122
-0.49273718
-0.16159169
-0.00326012
0.41772137
3.18695059
3.39535203
3.02874346
2.90309237
2.65374970
2.50116118
2.53976704
2.74699639
3.08525354
3.03273925
2.83091455
2.64118909
2.22828180
2.70573582
3.03357240
3.07573543
2.74208308
2.77666030
2.76855649
2.86168040
-0.50189044
-0.84457003
-1.05818252
-0.93319742
-1.01462788
-0.98789351
-0.98472992
-0.90085409
-1.00766999
-0.40816356
-0.33675971
-0.13339193
0.00026337
-0.03920821
-0.13428140
-0.05836609
-0.18665145
0.09488313
-0.11785084
-0.34726539
-0.14315469
0.10826395
-0.05537745
0.00138110
-0.03194358
0.10470163
-0.32645234
-0.33591731
-0.32749190
-0.15986047
-0.15762520
-0.25927744
-0.23361159
-0.34560517
-0.06423651
0.07832123
0.07283723
-0.11284109
-0.02334824
-0.16148583
1.02998564
1.13489011
0.83879818
1.55987728
1.55983974
1.63393458
1.55751521
1.53607088
1.49491814
1.39239216
1.39578023
1.30097323
0.92515396
0.46302623
0.61459090
0.74031679
0.93155163
1.02320141
0.92132288
0.92462435
-0.23629590
-0.02003497
-0.13887191
-0.17291560
-0.45682090
-0.86966157
-0.72401301
-0.80427115
-0.92986151
-0.51970476
-0.90305697
-0.53433509
-0.50854425
-0.85578068
-0.84567208
-0.91430610
-0.48126997
-0.45794018
-0.25330537
-0.33027417
-1.41394821
-1.56658276
-1.44836680
-1.30149807
-0.96976385
-0.86721012
-1.07126362
-0.88213335
-0.59822819
-0.64216641
-0.85123121
-1.04880895
-0.90256397
-1.34734203
-1.55989141
-1.26984089
-1.31731716
-1.72846273
-1.72136660
-1.55923791
-1.68728279
-1.69275947
-1.74790648
-1.66570738
-1.51064589
-1.41018400
-1.82930054
-1.93742006
-1.85310727
-1.88832253
-1.90607047
-1.96052927
-1.72490310
-1.75042327
-1.70936868
-2.38289546
-2.14641303
-2.48010727
-2.17470798
-1.66245189
1.72140910
1.48093513
1.48236785
1.18088213
1.12206245
0.93208201
1.30948025
1.64923157
1.85529527
1.94057070
1.64946539
1.84407975
1.72349227
1.68480366
1.73926693
1.81596117
1.81968928
2.08659401
2.12468845
2.08052362
1.24335932
1.56014057
1.58763270
1.44277699
1.32501795
1.59857826
1.20485986
1.14484974
1.08800863
0.94497476
0.93528815
0.72323780
0.94758912
1.17852936
0.90509471
1.23303011
1.25677300
1.41306167
1.61414391
1.36763261
2.27804745
1.81123748
1.77831875
1.61362480
1.55779175
1.29382497
1.14474276
1.26278062
1.44579669
1.44214227
1.27204042
1.30361202
1.48276507
1.30099242
1.17492004
1.41234353
1.59050421
1.59612278
2.21695389
2.04761824
2.51206991
2.26447000
2.09248692
2.29563821
2.25954302
2.26814534
2.35807506
2.54102469
2.34429244
2.31482888
2.42370911
2.83402263
2.81724088
2.83063696
2.65618643
2.80737462
2.41362910
2.34223623
2.37898203
2.59481792
1.75622964
2.22123866
2.09082007
2.18175082
2.38820494
2.16226479
2.26593785
2.22211407
2.17962942
1.81886382
2.03559049
2.20252992
2.27808474
2.25568807
2.34183982
2.49528806
2.35927041
2.40192791
2.57685071
1.97915726
-1.35550079
-1.64305802
-1.81619779
-1.42733796
-1.29696990
-1.29492738
-1.57245504
-1.54228040
-1.81043386
-1.90272823
-1.76298211
-1.47882908
-1.75076746
-1.65195916
-2.04773678
-1.85779089
-1.78066953
-1.65579906
-1.32593461
-1.42069833
1.71880035
1.56823181
1.49489782
1.40354302
1.44889501
1.41913400
1.45491562
1.46727749
1.57429021
1.80581931
1.88580975
1.81701584
1.90113207
2.03973593
1.86706314
1.90918508
1.71084017
1.61349140
1.47196708
1.67429066
-0.07757618
-0.14579762
0.01227255
-0.23679824
-0.17248649
-0.66700015
-0.32761774
-0.58427322
-0.24910398
0.22330432
0.23775697
0.28326673
0.66322976
0.59494191
0.61445357
0.33518026
0.11642817
-0.10072984
-0.24023391
-0.12422179
1.53653990
1.45930391
1.52599246
1.06649193
0.68484471
0.89988459
0.89786207
0.95622591
0.36157371
0.38295630
0.75549791
1.15002967
1.04526375
1.39604833
1.61825401
1.51856307
1.46111675
1.57834959
1.55957282
1.44038035
0.07264097
0.46774689
0.33109760
0.13741216
0.02589443
-0.04641323
-0.43267606
-0.22832952
-0.43851724
-0.52054534
-0.68742129
-0.44178356
-0.43038714
-0.32576678
-0.29138664
-0.41807358
-0.05481361
-0.32264346
-0.31761895
-0.31064806
2.70723676
2.37633604
2.24796607
2.19920671
2.11907906
2.42026700
2.48447127
2.25680043
2.02646895
2.26750938
2.48599250
2.38536685
2.61216252
2.88711363
3.07557949
2.85223148
2.90575734
2.76816336
2.40395268
2.35664557
-2.29121047
-2.30701152
-2.40103057
-2.46740218
-2.48478749
-2.68583008
-2.98983916
-3.07978218
-3.20725271
-2.89073747
-2.85159703
-2.93120181
-2.50114127
-2.32600386
-2.11038715
-2.32333173
-2.60034888
-2.37343596
-2.28162961
-2.60654584
-1.66678982
-1.77113399
-1.86281031
-1.61436946
-1.66300803
-1.54724991
-1.29529483
-1.22844759
-0.86290982
-0.81124898
-0.57341671
-0.65386477
-0.40235071
-0.52032699
-0.87182544
-1.10555519
-1.05548988
-1.07953363
-1.43937071
-1.56295210
2.09985017
1.93663882
1.87784313
2.21956129
2.17858970
2.14143564
1.87530510
1.99110040
2.15424621
1.98477540
1.58767125
1.77542031
1.85242775
1.79063544
2.10543127
2.28508203
2.42171823
2.20797387
2.40233220
2.11615298
2.30991889
2.29619773
2.22419045
2.28500640
2.07387003
1.91565284
2.15002258
2.39693430
2.46547511
2.15005553
2.27085382
2.23741735
2.31914492
2.41911335
2.57235653
2.12326783
2.01415710
1.99902319
2.11090810
2.09520299
-0.90389889
-0.44213230
-0.26082375
-0.52579016
-0.38039070
-0.13992629
-0.17852274
0.21893065
0.14508790
-0.10625611
-0.06719667
-0.39378549
-0.29033307
-0.70053545
-0.82592242
-0.87631070
-1.00498607
-1.24235821
-1.36399481
-0.89797882
2.46115240
2.39596141
2.00517963
1.93655788
2.09572347
1.78918483
1.57159941
1.84502613
1.90809170
1.84613777
1.36028817
1.43067803
1.14784796
1.46859592
1.88029458
1.99403231
2.25233453
2.12133502
2.47155778
2.63267842
0.00958696
-0.15706867
-0.13381515
-0.34664518
-0.11117172
-0.11586214
-0.53445985
-0.71956048
-0.63042448
-0.32860177
0.00111841
-0.29004024
-0.23814596
-0.41399699
-0.45309445
0.10547877
0.15830775
-0.28813366
0.11110807
-0.09261023
-0.67085809
-0.45638369
-0.41561293
-0.46066389
-0.64931539
-0.85428271
-1.03758682
-1.35061918
-1.24426537
-1.16413086
-0.85894200
-0.83334505
-0.81107466
-0.49430698
-0.85199681
-0.51702632
-0.22875652
0.03878972
-0.07254019
-0.34189175
-2.09922841
-2.12903030
-2.12732661
-2.40905284
-2.16830032
-2.10126647
-2.00738468
-1.76951756
-1.82071486
-1.90299114
-1.81558394
-2.02080122
-1.51539805
-1.59228525
-1.60175574
-1.72599195
-1.78865732
-1.81313149
-1.62803926
-1.81469010
-2.62226585
-2.60037971
-2.76878575
-2.67500990
-2.86605505
-2.78101354
-2.69184519
-2.48092913
-2.31351645
-2.09376698
-1.71149187
-1.91744555
-2.40252577
-2.62034391
-2.73801115
-2.46089886
-2.49179239
-2.65984790
-2.46651602
-2.53900203
-1.60601963
-1.54159246
-1.22035045
-1.47627985
-1.43331457
-1.73187919
-1.59832680
-1.85609159
-1.82494003
-1.88572783
-2.25444701
-2.02378312
-2.28493120
-1.88341743
-2.24132409
-2.17634684
-1.73045827
-1.58788466
-1.72040167
-1.56121894
-0.25710566
-0.37081321
-0.69153963
-0.53759811
-0.22966522
-0.59921922
-0.61471866
-0.61078288
-0.47680952
-0.45306063
-0.70804231
-0.25933659
-0.16582094
-0.19701473
-0.48144887
-0.49156881
-0.13769585
0.30613556
-0.04751442
-0.12248324
1.64605293
1.44458248
1.35647224
1.61558230
1.68121423
1.50986617
1.37646859
1.28954326
1.33121289
1.07043078
1.38121256
1.48013960
1.50749812
1.33168602
1.13589546
1.17731927
1.08071682
1.07328866
1.05225729
1.14205509
-1.05744052
-1.21626432
-1.19450591
-0.88337870
-0.81837931
-0.80854491
-0.44022841
-0.54887165
-0.66537404
-0.91130787
-1.15928867
-1.05582117
-0.77345710
-0.95924364
-0.87526837
-0.80665317
-0.74125638
-0.94055187
-1.10486439
-0.98282604
-0.51857161
-0.82187479
-0.88739137
-0.95906942
-0.93018105
-0.98060382
-1.26227416
-1.45612473
-1.19842161
-1.36342739
-1.43974483
-1.40379763
-1.42777095
-1.45041325
-1.58545052
-1.39257408
-0.93644561
-0.56519186
-0.07055239
-0.26840076
-0.60180858
-0.56659900
-0.39579821
-0.29290135
-0.15886893
-0.09793724
-0.19322476
-0.00796256
-0.22231372
-0.55299371
-0.44747125
-0.43742116
-0.10737398
0.13691262
-0.01682895
-0.26490760
-0.31269421
-0.52429759
-0.62055109
-0.80425925
-1.32167314
-0.93095038
-1.07809433
-1.16706612
-1.51462371
-1.42568272
-1.29903534
-1.60165959
-1.59366538
-1.53962507
-1.22046128
-1.09949090
-0.72541853
-0.88314766
-1.24520680
-1.35426758
-1.15965556
-1.45523093
-1.32409161
-1.24456345
0.44233497
0.53094299
0.54490375
0.67423121
0.68494277
0.55045773
0.48713474
0.33332602
0.44959377
0.77461262
0.62060983
0.64591647
0.44224595
0.48314441
0.49903798
0.51442237
0.43827057
0.50510085
0.31903182
0.55839058
0.80269579
0.81421816
1.26243339
1.73049334
1.46883471
1.25692292
1.12358089
1.03812748
1.07734781
0.96873861
0.89084569
1.42588977
1.39313523
1.36377990
1.05248279
1.11478021
1.17744396
1.24262495
1.18545896
1.32592715
-0.84051471
-0.98554231
-1.12898841
-0.99590220
-0.92025562
-1.10035420
-0.81467089
-0.56087932
-0.59551765
-0.66350389
-0.64940910
-0.99896817
-1.01490749
-1.21486614
-1.09731913
-1.44327003
-1.27954817
-1.49608734
-1.46691003
-1.22777358
0.30566862
0.37990216
0.21845791
-0.02605440
0.38967830
0.48487549
0.99797706
0.91862823
0.67772363
0.56572015
0.35046177
0.15051565
0.11738511
0.33884513
0.49772190
0.53465548
0.34864919
0.09212617
0.44063170
0.53772537
0.22393589
0.14696695
-0.07017558
0.20064138
0.27990945
0.39825009
0.38038148
0.55842113
0.56200889
0.32222634
0.21715895
0.18813963
0.32128520
0.08509082
0.10231618
-0.12615464
-0.16501989
-0.40498394
-0.05930365
0.13730419
-0.77879246
-0.70399739
-0.79236868
-0.52199437
-0.55497808
-0.09770838
0.00592030
-0.43939593
-0.49224354
-0.45332823
-0.64129206
-0.70428673
-0.41744405
-0.63224551
-0.48097095
-0.61084382
-0.64168953
-0.89718518
-0.93490552
-0.90923452
0.46083878
0.41176847
0.45409497
0.88463203
0.92145065
0.88006841
0.65293963
0.54319223
0.39306902
0.14830193
0.19034462
0.21128799
-0.00404001
0.39395316
0.08942558
0.30739583
0.70334150
0.53373068
0.47245536
0.50137205
-2.89694729
-2.74450044
-2.68277986
-2.31126695
-2.13631641
-1.81086815
-2.12588621
-1.65948464
-1.62378340
-1.69765039
-1.88283053
-2.06104549
-2.14019668
-2.16459875
-2.21955961
-2.40449309
-2.53790369
-2.19145321
-2.27456113
-2.72874169
2.48088854
2.03812430
1.91957114
1.78653180
1.86114782
1.82884480
1.94318660
2.22723966
2.12230938
2.10699776
2.49124835
2.45706381
2.44410819
2.02512435
2.08885261
1.98871012
2.27323516
2.25951051
2.47983494
2.91141760
-3.27980411
-3.23834985
-3.32766674
-3.33704238
-3.41781775
-3.80493087
-3.74603213
-3.33020570
-3.53382727
-3.72883712
-3.45049200
-3.34010805
-3.21405368
-2.90131492
-2.67875447
-2.79624727
-2.75071008
-2.57572136
-3.15488269
-3.18653536
1.95242647
2.20423077
2.00544097
2.00212332
2.02686441
1.76006623
1.57111047
1.88713898
1.80842791
1.95097005
2.16892810
2.22417898
2.64771567
2.55136336
2.18135641
1.90389515
1.99876603
1.86374608
2.39244197
2.33858669
-2.78903659
-2.59462805
-2.74828809
-2.82970905
-2.89885161
-2.89442754
-2.75919722
-2.94014992
-2.62715166
-2.61808750
-2.74632569
-2.37851540
-2.11070198
-2.19490862
-2.28569384
-2.20929311
-2.14784001
-2.12437021
-2.33027563
-2.41387850
1.53196655
1.70425197
1.43552386
1.54729447
1.81088475
1.62672943
1.37541703
1.26353684
0.97777172
1.00117259
1.03185943
0.92792887
1.05536582
1.12732692
0.98725529
1.18182532
1.11752865
1.04506614
1.58233336
1.65761400
-0.68071158
-0.81277831
-0.93473643
-1.13124999
-1.18065827
-1.25927898
-1.35574634
-1.56642708
-1.56976192
-1.21265954
-1.03280353
-1.04419368
-1.22376775
-1.27376943
-1.42824829
-1.35557297
-1.24639118
-1.18744580
-1.08597149
-1.00634650
-2.48604522
-2.44086088
-2.60611928
-2.37447244
-2.17944909
-2.59201304
-2.37379344
-2.50145538
-2.91291673
-2.66669990
-2.42263614
-2.50124414
-2.68629478
-2.93257224
-2.58121791
-2.28818851
-2.25049604
-2.08548507
-2.25082701
-2.43484793
0.03843241
-0.06374949
0.19549825
-0.06240812
0.11459115
0.06039117
-0.04696321
0.40587526
0.09194674
0.00487097
0.07371779
0.04446337
-0.01353353
0.23043831
0.21565087
0.23508011
0.30920638
0.29628423
0.24762565
0.20371046
0.15732080
0.28551087
0.10203743
0.05300498
-0.17108026
-0.50305380
-0.73479394
-0.85305521
-0.99320553
-0.72810127
-0.51731566
-0.26962046
-0.01862235
0.19152957
0.11302206
-0.01010771
0.29606316
0.22163261
0.11304509
0.28976203
1.40546069
1.60454734
1.95143119
1.88053107
2.08400621
2.16318575
1.95470023
1.52302878
1.66107037
1.71957263
1.70435438
1.30805268
1.09257937
1.11117907
1.28422163
1.40120514
1.70125843
1.79340360
1.85186603
1.52105090
-0.46058188
-0.26542761
-0.38786247
-0.21120079
-0.25523995
-0.28810605
-0.14335298
-0.15046551
-0.16754778
-0.51660625
-0.77033293
-1.02475481
-1.00136008
-0.97917836
-1.09171376
-1.18279193
-0.89765051
-0.51765996
-0.35960098
-0.14820376
-2.46925945
-2.51695233
-2.40309044
-2.07089816
-1.65667615
-1.73581761
-1.89403521
-2.04840637
-2.28081572
-2.56964860
-2.48468783
-3.01427564
-2.33700576
-2.22487146
-1.99614584
-2.23672562
-2.11826492
-2.46049534
-2.22624243
-2.36186079
-0.51603025
-0.32701891
-0.61700301
-0.45595395
-0.38751445
-0.52646642
-0.38528151
-0.32258147
-0.12294059
-0.05711271
-0.46022696
-0.22022713
-0.36345938
-0.39941263
-0.20367185
-0.24838088
-0.38058493
-0.49820555
-0.48417186
-0.34024472
1.97090603
2.15764980
2.29768983
2.05484780
2.13644625
1.94031798
1.78893591
1.78675017
2.23297833
2.46326209
2.59391167
2.29965298
2.34117546
2.23630233
1.91652480
2.06184423
1.77830084
1.82784708
1.63063760
1.84974838
-0.19973797
0.06542009
-0.06714285
0.04534823
0.08453166
0.27606006
-0.31771843
-0.51800321
-0.77941643
-0.88823474
-0.60219274
-1.06128783
-1.17804633
-1.40960180
-1.22730101
-0.93350679
-1.05603868
-0.72242064
-0.58959274
-0.41863521
0.14654248
0.00055232
0.53485976
0.51468113
0.77910456
0.69503579
0.48195396
0.56350448
0.45059123
0.78026081
0.84040043
0.70979625
1.04043726
0.73829785
0.28585302
0.79835829
0.69598128
0.10823105
-0.08483265
-0.13665651
