phonon_position
0.34606915
0.59289637
0.78119975
0.76871456
0.84211259
0.57181090
0.42814786
0.57126816
0.60891665
0.53636577
0.19827775
0.18577068
0.50732607
0.35105893
0.53018245
0.64152759
0.95067601
0.99367718
0.95031421
0.69201572
0.76540904
0.73803686
0.86870048
0.89897728
0.84896598
0.81833771
1.08629263
1.19207961
1.26209097
1.45200483
1.13127597
0.99219925
1.10952554
1.29576885
1.47244073
1.42518529
1.44220511
1.42677498
1.02369488
0.89618450
-0.91541486
-0.91917810
-1.44261710
-1.25711673
-1.32242695
-1.53952444
-1.78728203
-1.94978804
-1.90336484
-1.98781163
-1.73358808
-1.30982771
-1.44803127
-1.31973446
-1.33240960
-1.25150420
-1.00200672
-1.11408203
-1.15308293
-0.77684991
0.17993029
-0.05452621
-0.35101035
-0.32964306
-0.45251765
-0.28588127
-0.68249887
-0.70175056
-1.06044943
-0.76847556
-0.82342583
-0.48101873
-0.42849973
-0.42687128
-0.32553798
-0.39130314
-0.02241468
0.06578786
0.01862015
0.08320063
1.99552130
2.15335223
2.27773984
2.29911570
2.51268663
2.26799976
2.52944061
2.74767489
2.47202244
2.46273616
2.40597238
2.30785886
2.55317946
2.42252703
2.18798808
2.28187291
1.92560702
1.23923161
1.68157045
1.90366807
-0.37766586
-0.26733891
-0.11787535
0.07416766
0.09307791
0.05680307
0.32644636
0.30607134
0.53530959
0.36227103
0.29226266
-0.19024569
-0.07711526
-0.13045344
0.04672714
-0.42468194
-0.35828285
-0.15220512
-0.18149562
-0.08935527
0.49011817
0.45797018
0.54215854
0.87546079
0.58805937
0.48050006
0.46103602
0.41435284
0.37722170
0.32751775
0.00026282
0.14330023
0.26296908
0.35181504
0.71046776
0.86396720
0.63492349
0.63272634
0.53243362
0.51728863
1.48175585
1.14108754
1.08598735
1.08142911
1.18206284
1.29452550
1.64471637
1.59405737
1.48790026
1.62242385
1.42195344
1.20507709
1.10076137
1.05219193
1.34466401
1.31948592
1.29260073
1.09942112
1.23710992
1.44961641
0.26926432
0.18098577
0.20131328
-0.03325678
-0.36516948
-0.56638632
-0.21215700
-0.24911656
-0.47295402
0.21235704
0.39320207
0.26905408
0.45660750
0.41407300
0.66973528
0.52753411
0.95349741
0.60123412
0.26728565
0.14553505
-0.26714560
-0.09833162
0.10316979
0.26701750
0.07288967
0.00712283
0.08557155
0.34138789
0.32530188
0.21412973
0.06588516
0.01329066
-0.19413670
-0.35618486
-0.23135822
-0.28047228
-0.52464791
-0.56012256
-0.54488119
-0.42909268
1.82473997
1.84550183
1.86434789
1.95032741
1.90151692
1.79172820
1.85825186
1.81501131
1.81876079
1.99650054
1.91536622
2.08019465
2.12858810
1.97886685
2.10005822
1.91282749
1.50409096
1.61953391
1.56766232
1.80325781
-1.61263030
-1.51062269
-1.80937070
-1.43887431
-1.42954828
-1.12942555
-1.37631572
-1.40781519
-1.66407775
-1.55017043
-2.09550686
-2.16639402
-2.03403878
-2.02324146
-2.12412666
-1.96378032
-1.74704758
-1.64380741
-1.66222002
-1.54758162
1.13963610
1.03079956
1.46043387
1.28309250
1.59118678
1.29758159
1.30424333
1.21399302
1.05368455
1.09599230
0.99137834
1.01772312
1.00468715
1.07866561
1.24604230
1.02334500
1.19678251
0.96208160
1.32771716
1.09400735
0.23030124
0.47425659
1.06523977
0.78527844
0.51789030
0.49499342
0.64043574
1.05819953
0.93308075
1.10184344
1.03649602
1.04109868
1.06733210
1.17059404
0.93280799
0.94782104
0.77694815
0.55025388
0.50018245
0.55593143
1.18371796
1.33289787
1.30950845
1.27644667
1.51463076
1.52765395
1.44630775
1.28093280
1.47708281
1.84780817
1.83753700
2.09195867
1.99325730
1.46132166
1.34311575
1.50057477
1.46746316
1.30535186
1.38906786
1.26035968
0.90890901
0.80340267
0.62471562
0.92979947
0.99002262
0.81224598
1.02965210
0.91854394
0.98784213
0.67602919
0.47563567
0.54292841
0.79158712
0.83001524
0.36063930
0.29662785
0.64654826
0.78229340
0.71028315
0.66759588
-1.86802883
-1.75780922
-1.44501532
-1.53848560
-1.61635755
-1.05462619
-0.93399412
-0.87122805
-1.08351634
-1.04299024
-1.05388160
-1.10041954
-1.43593243
-1.28525254
-1.28193961
-1.46670400
-1.60023501
-1.40615187
-1.62546020
-2.12427058
1.47906533
1.57859575
1.24191404
1.15692595
1.26379198
1.12205597
1.32330462
1.34539159
1.18370337
1.45702768
1.72033210
1.82616253
1.74458487
1.98467211
2.14938566
2.23518708
2.04368546
1.86821867
1.83638141
1.55588384
0.48346608
0.31021079
0.31326535
0.26288535
0.21027195
0.08180910
0.22353069
0.44223688
0.33240164
0.47623569
0.89365415
0.64772105
0.48671673
0.29535618
0.19799841
0.05771570
0.18716832
0.46967703
0.38246784
0.51682751
1.64237139
1.84197293
1.82086935
1.91558743
1.40677643
1.31637269
1.87969078
1.53437242
1.57913095
1.61496279
1.86510843
1.87442623
1.74774344
1.90435957
1.78761639
1.87853088
1.54296040
1.80577918
1.52791886
1.51751381
0.14383144
0.13878485
0.30963659
0.33777159
0.16639867
-0.32995037
-0.30215583
-0.20881233
-0.42246232
-0.24102952
-0.27237221
-0.32956437
-0.16493741
0.21664888
0.07869465
0.09374882
0.37221448
0.20676985
0.17140232
-0.18437433
1.45119016
1.22736124
1.14549820
0.99867447
0.78848205
1.27509370
1.33781943
1.55388655
1.59595693
1.78950231
2.01061097
2.31616325
2.23948642
2.20003320
2.38816138
2.30748139
2.37477169
2.26855483
2.11988515
1.80008378
-2.44053413
-2.48374980
-2.50450609
-2.27530976
-2.62754544
-2.53276956
-2.28703407
-2.09970479
-2.18909317
-1.98714647
-1.68098676
-1.73204288
-1.64337022
-1.69962884
-1.76158221
-1.66454461
-1.56612771
-1.36111471
-1.88797669
-1.95671137
-2.24406477
-2.40111098
-2.51752068
-2.40628935
-2.37619922
-2.35229516
-2.24752948
-2.15915366
-2.28942264
-2.24281374
-2.14815920
-2.05121613
-1.99421161
-1.70970985
-1.55695364
-1.41429935
-1.38518462
-1.39028075
-1.60054726
-1.98388679
1.16220269
0.89252353
0.96617352
0.93401338
0.80880165
0.90179692
1.26220188
1.35284444
1.13275990
1.37807477
1.22975499
1.00076080
1.17278380
1.50029143
1.74801108
1.54573177
1.12262631
1.18054606
1.35165698
1.17658608
0.45248411
0.09746465
0.29589386
0.17282945
0.30094458
0.55834525
0.47916426
0.74907142
0.32439674
0.49940318
0.46161050
0.52202891
0.54782435
0.40499249
0.32122555
0.36431036
0.45310621
0.33900889
0.11370626
0.29441463
-0.15682526
-0.08610766
0.00179985
-0.16609854
-0.12329088
-0.05694838
-0.14011592
0.09865739
0.15679613
0.06751409
0.18139858
0.43377137
-0.19855700
-0.14716330
-0.46568714
-0.31886278
-0.13854812
-0.23028948
-0.16702544
-0.57710835
1.75207051
1.63510127
1.39365857
0.79783511
0.82607014
0.65579434
0.51573193
0.67739366
0.79594456
0.67045440
0.55479260
0.69448770
0.82710873
1.02190402
1.23803123
1.31361058
1.38688009
1.64071452
1.72487134
1.71150148
-1.99716499
-1.86363038
-2.21910218
-2.21190286
-1.88343275
-1.94708894
-1.82693329
-1.92325225
-2.13936100
-1.98055711
-1.94823513
-2.06519709
-2.07652368
-1.83608666
-1.47142678
-1.74837508
-1.68807831
-2.00202770
-2.02250524
-2.05269943
-1.02753464
-1.21629718
-1.30596642
-1.33342828
-1.50436261
-1.74954516
-1.72797332
-1.45610355
-1.68814464
-2.01128075
-2.14456764
-2.47295881
-2.36287596
-2.16534831
-1.99759682
-1.61181524
-1.56266051
-1.63443043
-1.56686036
-1.54591973
-0.92633179
-0.80839379
-0.22853911
-0.20341534
-0.43761143
-0.33769285
-0.40361807
-0.26360324
-0.34289765
-0.63915684
-0.62494853
-0.70647247
-0.80268640
-0.85861589
-0.32516108
-0.59923280
-0.76367210
-0.93041517
-0.78011759
-0.82285981
2.56606168
2.65893910
2.49617934
2.51125883
2.30552222
2.50004831
2.08451365
2.44701707
2.14191577
2.18457462
2.16565468
2.18873874
2.08884141
2.27202405
2.20431861
2.20671163
2.21994660
2.32986188
2.24165565
2.47752738
-1.65412846
-1.14948270
-0.93680589
-0.74240035
-0.44021755
-0.15119269
-0.02730086
-0.22886020
-0.14867726
-0.27909872
-0.77016513
-1.10995219
-0.77347357
-1.24411843
-1.54049712
-1.52541051
-1.45419397
-1.67346849
-1.74802490
-1.80803101
1.07402460
0.99215151
1.26211733
1.52854606
1.48837987
1.25210978
0.55424451
0.91761939
1.06776727
1.01613648
1.05983244
0.40708340
0.65000565
0.43552005
0.66802385
0.87990712
0.97491513
0.92026425
0.97456476
0.75414204
-1.51601256
-1.12974700
-1.06149934
-1.34919852
-1.52599494
-1.84150458
-1.91512545
-2.23776008
-2.17031133
-2.34846038
-2.17028507
-2.14909748
-2.07957688
-2.14591425
-2.05130319
-1.64790829
-1.81434189
-1.98804650
-1.62718160
-1.40134606
-1.64193057
-1.82865412
-2.08544811
-1.75552078
-1.84284430
-1.59890297
-1.50997138
-1.76189865
-1.82710939
-2.42068772
-2.51109676
-2.54700288
-2.65229635
-2.54518448
-2.23125420
-2.24723602
-2.27840199
-2.17181178
-2.19318178
-2.21540744
-0.84026393
-1.18287669
-1.33960036
-1.16663463
-1.24238059
-1.19791273
-1.11841785
-0.94673523
-0.37451023
-0.40580907
-0.49568862
-0.35804647
-0.34053505
-0.31094769
-0.35555771
-0.37226601
-0.30180886
-0.37485338
-0.51733270
-0.78396316
1.34605585
1.26467115
1.48298189
1.60904271
1.92798397
1.56861730
1.32192249
1.38319960
1.55073595
1.37107706
1.18991432
1.36424594
1.39793415
1.44905142
1.85353187
1.77899461
1.57060497
1.69884348
1.50983381
1.56445139
-2.07096099
-1.61733769
-1.77860766
-1.45318455
-1.42478005
-1.34054637
-1.60558403
-1.57585795
-1.74813864
-1.85703362
-1.76133922
-2.06307291
-2.19440428
-2.24498857
-2.15292473
-2.13783867
-2.09530283
-1.98954694
-1.94436385
-1.99432762
-0.41923609
-0.52227721
-0.35213127
-0.88863233
-0.41491822
-0.81852068
-0.75382729
-0.86015634
-0.57600910
-0.60079341
-1.06695782
-1.18028782
-0.97690798
-0.67376963
-0.70244773
-0.79312152
-0.74581851
-0.71317858
-0.67383576
-0.45964704
0.01175848
0.01124144
-0.25865929
-0.28358962
-0.14798848
0.00169535
-0.18250303
-0.48207417
-0.31795847
-0.40857990
-0.38750195
-0.23892986
-0.36894048
-0.22518744
-0.17505096
-0.61682317
-0.72155841
-0.68777850
-0.43034934
-0.28730101
1.61046473
1.75735775
1.69999579
1.82002863
1.99550806
2.31959820
2.02156875
2.12998806
2.21206832
1.94094827
1.82731393
1.73519901
1.64329712
1.76562808
1.36205571
1.30209627
1.45136301
1.51507508
1.87203017
1.55290355
3.86742811
3.62232327
3.37499491
3.39883160
3.28183712
3.37817944
3.34888926
3.46406419
3.56339040
3.69094832
3.46001299
3.33568933
3.03608834
2.92927497
2.99475752
3.29718211
3.50265329
3.74032022
3.88121936
3.92375732
-1.64613871
-1.82671295
-1.32302144
-1.23611982
-0.99917592
-1.58163953
-1.63579424
-1.86292912
-1.69355413
-2.02325412
-1.91995830
-1.75123100
-1.59484788
-1.58214787
-1.38718435
-1.45210100
-1.58104411
-1.49858045
-1.36089369
-1.44180215
0.96781795
1.15326168
1.84165522
1.90580525
2.20978990
2.23415924
2.03136110
2.31788020
2.29964166
2.06333173
1.85245305
2.23498354
2.24277300
2.14087238
1.62148907
1.54350052
1.43206047
1.39116240
1.16828075
0.99921754
0.32724904
0.39342656
0.29672827
0.61746775
0.55439861
0.65446290
0.45686571
0.03023255
0.24288826
0.03752561
-0.43584312
-0.19137870
-0.02488824
0.19576404
0.54750103
0.62212218
0.51838379
0.43439355
0.39322490
0.55409695
-1.75230626
-1.69596260
-1.69353569
-1.94664013
-1.67977335
-2.00219794
-1.89580030
-1.73604995
-1.30580568
-1.31914689
-1.49049991
-1.38691679
-1.70498231
-1.66442925
-1.85426399
-2.00889226
-2.26979978
-1.84654224
-2.03408562
-1.72467047
0.60544168
0.64755214
0.36429393
0.73870542
0.63588161
0.68411918
0.42820035
0.52340299
0.36368207
0.46209453
0.04010267
-0.20158015
-0.01384406
-0.17487230
-0.06345105
0.30436690
0.40006569
0.13179170
0.04045617
0.16270747
-0.48820732
-0.78460535
-0.42868192
-0.12407273
-0.09898163
-0.03655508
0.10334332
-0.01582220
-0.28877068
-0.34279418
-0.41726836
-0.07389798
0.01493167
-0.06018694
-0.08170358
-0.30028072
-0.47038822
-0.45755116
-0.45806999
-0.60624395
1.45249399
1.13205270
1.14622970
1.35348656
1.47052245
1.63665065
1.29264512
1.37202998
1.44026276
1.68758125
1.84712140
1.49080969
1.30305167
1.49592275
1.64490466
1.76395339
1.67244401
1.88206839
1.87495691
1.74198026
0.07309009
-0.08444576
0.05160908
-0.15739482
-0.03751542
0.11094936
0.28480253
0.31786335
-0.03455358
0.19282764
0.04476685
0.18923469
0.25462318
0.37558299
0.27919838
0.56795917
0.67505197
0.17366483
0.42526951
0.43224171
2.55421205
2.52222482
2.54722539
2.36745417
2.37488308
2.59575228
2.63793653
2.57653319
2.71088631
2.50732112
2.57440332
2.77234150
2.85947415
2.78750368
2.48602212
2.26716008
2.34895172
2.40761153
2.63543061
2.63290419
-0.95278469
-0.99947465
-0.84134387
-1.04773858
-0.75290097
-0.75645989
-1.01833697
-1.06891737
-1.36508630
-1.37826139
-1.28349513
-1.27036109
-1.04326421
-1.03514248
-1.03186994
-1.05222784
-1.23147811
-1.16058492
-1.25205609
-1.14396781
-1.78423607
-2.00090675
-1.97459530
-1.93908142
-1.44135266
-1.49956048
-1.73818875
-1.77162929
-1.78515938
-1.82409225
-1.76621978
-1.54162237
-1.91107721
-1.96893203
-1.89656571
-2.16907040
-1.96019934
-2.29812964
-2.07087576
-2.11244387
-1.82644157
-1.91679919
-1.82558921
-1.57013724
-1.46610284
-1.69981557
-1.46486040
-1.71468158
-1.57359361
-1.47594909
-1.27640466
-1.37786630
-1.59011993
-1.31770911
-1.06435898
-1.34011503
-1.47673153
-1.47603496
-1.47427489
-1.43209861
-0.41822021
-0.08114719
-0.43785058
-0.50775948
-0.26665904
-0.29311637
-0.26965789
0.17377318
0.11947389
-0.03049234
-0.14890289
-0.60520578
-0.37154164
-0.50350161
-0.15178711
-0.26553567
-0.28736247
-0.47457702
-0.17931128
-0.17875329
-0.41908475
-0.68885791
-0.99395403
-0.81255107
-0.73516888
-0.80727347
-0.80043880
-0.78617545
-0.78611402
-0.73140114
-0.87418019
-0.73286823
-0.89196635
-0.67764720
-0.63025001
-0.82977404
-0.44356889
-0.54685931
-0.42096843
-0.48616556
-0.39049585
-0.43269115
-0.86358191
-0.74588877
-0.84253917
-0.83844358
-0.62483414
-0.91549203
-1.02274109
-0.70747755
-0.26270663
-0.73274811
-0.45010866
-0.15141613
-0.26714984
-0.45334967
0.07256900
-0.06061777
-0.57277447
-0.26714535
-2.65925547
-2.81290752
-2.79269883
-2.83165697
-3.50878947
-3.85855320
-3.79303132
-3.87149215
-3.79569331
-3.72116186
-3.47957672
-3.27168929
-3.47321650
-3.33041110
-3.12730133
-3.15662286
-2.71647931
-2.45313360
-2.21955935
-2.36365383
-0.60599796
-0.57830322
-0.25458498
-0.14906170
-0.34315327
-0.33931473
-0.02157125
-0.13442799
-0.35021346
-0.85784494
-0.60342832
-0.40792200
-0.85025639
-1.21641611
-0.76877121
-0.58271369
-0.51871484
-0.80584361
-0.92657633
-0.90830873
-1.41208319
-1.33363865
-1.35736030
-1.39260894
-0.99870422
-1.21039180
-1.22252016
-1.29756137
-1.49086412
-1.07713596
-0.80625758
-0.47974850
-0.74482394
-0.99571965
-1.38352603
-1.23093201
-1.47716370
-1.30272684
-1.14861226
-1.35029813
1.72839965
1.64009538
1.96190533
1.83031521
1.67108618
1.69070565
1.97433292
2.00157441
2.26139505
1.87765169
1.40031115
1.48027751
1.48266856
1.76359791
2.08459483
1.74293623
1.92121120
1.78414879
1.62580298
1.63664594
-0.02812433
-0.10433822
-0.05693387
0.01219111
-0.04284374
0.05004784
0.16136997
0.33957105
0.44878943
0.47919292
0.32438083
0.45773893
0.78167403
0.42864809
0.46984789
0.52228236
0.39037208
0.46691562
0.26812165
0.28547723
-0.93578634
-0.76968256
-0.84548566
-0.94307002
-0.98294495
-0.93458873
-0.88965663
-0.89817180
-0.87934409
-0.47753082
-0.51466731
-0.41619524
-0.18116135
-0.47291292
-0.71963064
-1.24367663
-1.44595246
-1.21337134
-1.32594690
-1.47745081
1.25531894
1.08465464
0.82787625
1.19756023
1.40131181
1.37889248
1.32738094
1.34213888
1.60687582
1.71583044
1.44237890
1.40636851
1.65773778
1.51624738
1.35036024
1.19940096
1.00328243
1.13223827
1.22778239
1.11141442
-1.94754900
-1.70306682
-1.72736341
-1.82464377
-1.96753936
-1.67427394
-1.83648726
-1.74706796
-2.14631137
-2.10864862
-2.26883298
-2.56505898
-2.28936996
-2.18609948
-2.46903864
-2.38614303
-2.08919804
-2.17198636
-1.98892427
-1.88038381
-2.76263875
-2.82679051
-2.67029686
-2.41223845
-2.37016994
-2.41778152
-2.49285367
-2.29921781
-2.48280729
-2.34740223
-2.02312777
-2.06546262
-1.72411343
-1.52141072
-1.69232988
-1.55182193
-1.61484709
-1.68898914
-2.22598274
-2.68244380
-1.51000386
-1.52944181
-1.42863071
-1.56749466
-1.87030229
-1.54363842
-1.61339946
-1.54127618
-1.80226929
-2.04245023
-1.98217847
-2.01218969
-1.74186211
-1.98531001
-1.91719849
-1.74692643
-1.86184769
-1.98044467
-1.92002101
-1.72387960
0.70390930
0.91115420
1.11478361
1.06918385
0.92611492
0.47758563
0.57411737
0.90126572
0.87923621
0.94972632
0.68697108
0.56720674
0.40460211
0.66123561
0.63692346
0.72826941
0.81584336
0.61251839
0.35263993
0.43200019
-1.32537335
-1.29878914
-0.88323255
-1.15850952
-1.02465009
-1.34481132
-1.58792685
-1.58870566
-1.40721771
-1.30417416
-1.35024495
-1.40330356
-1.69196187
-1.73419775
-1.58491077
-1.56562234
-1.44803823
-1.30868387
-1.62761051
-1.39479233
-1.18991408
-0.63573833
-0.61259913
-0.56761446
-0.47393044
-0.36905763
-0.31140222
-0.46104956
-0.38943977
-0.76291443
-0.87058334
-0.39669410
-0.38850242
-0.07184755
-0.44793943
-0.64126380
-0.60751909
-0.38869617
-0.78852797
-1.01549436
1.25183096
1.26640280
1.37095592
1.62040438
1.67019395
1.77536682
1.69242782
1.84382137
2.01883229
1.79956666
1.90655337
1.88991298
1.47461755
1.66800528
1.86433493
1.87776704
1.38158338
1.12288248
1.33714679
1.22481199
-0.97697377
-0.74671881
-1.18438353
-0.86130278
-1.05313743
-1.24846126
-1.67329127
-2.13025310
-2.02083730
-2.39146646
-2.43202000
-2.00791978
-1.76995740
-1.60977841
-1.72631577
-1.32826709
-1.22610987
-1.21285060
-1.32109644
-0.95868020
-1.55978986
-1.41925235
-1.28576972
-1.02519161
-0.71064778
-0.83147648
-0.82226552
-1.08598092
-1.59989676
-1.57464032
-1.24403935
-1.30755944
-1.59031971
-1.41701457
-1.45666729
-1.41709857
-1.46091964
-1.42052802
-1.43515245
-1.53515209
2.01427235
1.94406106
1.81273145
1.57841848
1.68875466
1.76202652
1.79328763
1.87618525
1.49256676
1.44241429
2.02549693
2.29421819
2.14240940
2.10943886
2.35986063
2.25948724
2.26425364
2.11740155
2.14776981
2.04278681
-1.12522416
-0.80869618
-0.93333043
-0.71059351
-0.58687845
-0.53845215
-0.56010940
-0.74340604
-1.18039471
-1.46978355
-1.18846541
-1.06486433
-1.14544467
-1.04621402
-1.04711263
-0.89561514
-1.05080072
-1.04732348
-1.25263307
-0.82339777
1.15451431
0.89743441
0.73626765
0.72185220
0.77147246
0.63600949
0.53699590
0.52587226
0.57933555
0.56571937
0.83078876
1.00374658
0.84068672
1.06006558
1.21632941
0.97309045
0.89347496
0.94394636
0.95731582
1.05279442
-0.73721483
-0.72959368
-0.56741671
-0.42556759
-0.89420096
-0.48985162
-0.55309181
-0.75519536
-0.85801286
-0.78647954
-0.78750915
-0.89325758
-1.29495893
-1.19161462
-1.26008759
-1.33185890
-1.22401807
-0.98118920
-0.85737209
-0.82043864
2.40408850
2.25059001
2.28342049
2.13403286
2.01345159
2.39606460
2.62376786
2.53762646
2.58143090
2.59993107
2.82191318
2.95264766
2.73432406
2.51305224
2.39539594
2.26847768
2.44587799
2.17831621
2.18146409
2.37296540
0.40739770
0.44919482
0.47723929
0.30170730
0.12854296
0.02762754
0.18096129
-0.01586271
-0.07151071
-0.27930766
-0.23577529
-0.43979315
-0.65695981
-0.35383487
-0.27626905
-0.16182271
-0.49424126
-0.61225531
-0.35679304
-0.00071764
-0.15459236
0.11673746
-0.03232930
0.14602596
0.42631750
0.32344477
0.12525465
0.08377498
0.25306158
-0.17660389
-0.25750365
-0.05833700
-0.12246198
-0.40162726
-0.59719991
-0.33631385
-0.31369910
-0.24244589
-0.38050771
-0.28859120
0.55429702
0.50180185
0.55229166
0.38956975
0.38421443
0.25692261
0.44856290
0.07513744
-0.05032722
-0.08950261
-0.28583751
-0.21045525
0.16220224
0.37637774
0.70122444
0.56137061
0.44295735
0.27063807
0.58404723
0.67013515
3.07516522
3.07114609
2.74634487
2.42975758
2.75975971
3.01707929
2.94496735
2.45476766
2.74691525
2.62823844
2.80681996
2.98892424
3.15070178
3.22359574
3.21439596
3.36293663
3.42263074
3.59951457
3.33082192
3.34546578
-0.73416045
-0.73887929
-0.92639202
-0.62833745
-0.31481612
-0.50426157
-0.98226909
-1.25504772
-1.35744123
-1.34529735
-1.60069926
-1.98191971
-1.84732437
-1.81149337
-2.11726704
-2.18237547
-2.11973308
-1.73520078
-1.42467566
-0.84974722
-1.16259156
-0.89839522
-0.81769204
-0.78481605
-1.03938306
-0.77838101
-0.75357809
-0.23160838
-0.24811821
-0.41762961
-0.34089985
-0.62363774
-0.46067232
-0.46566285
-0.32007733
-0.60868450
-0.51016452
-0.46929268
-0.96404550
-0.98163712
0.18965935
0.41257436
0.01642348
-0.26111056
-0.18652019
0.06066412
-0.00645377
-0.04366899
-0.44207332
-0.41961473
-0.71268000
-0.28214899
-0.00974808
-0.16205164
0.01150077
0.38369016
0.24627865
0.36433578
0.32639951
0.12651442
-0.15592706
-0.03813124
0.19476384
0.38026942
0.44813154
0.01208339
0.38937897
0.59877130
0.62577233
0.57137077
0.24778910
0.33935474
0.05629556
0.04462022
0.09541803
-0.14305323
-0.34085079
-0.61309652
-0.58683271
-0.47233261
2.88439898
3.16189301
3.26787058
3.38004851
3.32135010
3.16939756
3.04836110
3.05677698
2.99207345
2.73983728
2.77347046
2.67226860
2.77431764
2.73572575
2.75065592
2.80501622
2.93456756
3.06137860
2.95133301
2.87320692
-0.55991470
-0.38634604
-0.11919243
0.14132387
-0.35117669
-0.14625183
-0.20531795
-0.18902699
-0.02197994
-0.27453103
-0.15949629
0.17149057
0.15878944
0.13069727
0.37083367
0.09199283
-0.14434333
-0.36768087
-0.21344850
-0.47915422
-0.01084090
-0.11782191
0.11143149
-0.08848047
-0.15389455
-0.06767975
-0.15269193
-0.03580080
0.35205897
0.58529862
0.03164974
0.02796419
0.02326842
0.12152342
0.05467112
0.01040111
-0.24214095
0.06539303
0.34733046
0.31720319
-0.38361003
-0.23118420
-0.19180899
-0.30019556
-0.36664683
-0.53210207
-0.60671325
0.03964114
-0.06123812
-0.19758895
-0.05530597
-0.25972093
-0.17689566
-0.08450941
-0.44834003
-0.71099683
-0.88691496
-0.36845018
-0.37284545
-0.46553765
-0.67780606
-1.01193465
-1.30696366
-1.51098302
-1.29217402
-1.41569155
-1.45983286
-1.73767005
-1.89060412
-1.71980368
-1.43098247
-1.10573462
-1.12472930
-0.75762511
-0.48091439
-0.68678836
-0.75857501
-0.79903894
-0.67939325
-0.48549385
0.13334461
-0.00467782
0.00798265
-0.04600003
0.07751319
0.00015356
-0.67511612
-0.53958254
-0.64201533
-0.39160415
0.08380851
-0.01103691
-0.25998698
-0.59677859
-0.36311492
0.02420571
0.10148068
-0.02414357
0.17083188
0.00783320
-1.26329163
-1.60834487
-2.06854292
-2.30959687
-2.03280146
-1.80971687
-1.26440568
-1.48133453
-1.22711796
-1.11137535
-1.10602152
-1.13214329
-1.04564048
-0.82730339
-0.83585067
-0.87773065
-0.80467141
-0.83920112
-0.92619459
-1.18719886
0.94591182
1.11375847
1.20099567
1.29985305
1.42800933
1.09846490
1.41436573
1.46594279
1.51830158
1.60932352
1.63674023
1.69249431
1.89559426
1.75314452
1.83657001
1.56138892
1.07681408
1.17289749
0.95175357
1.08813345
1.41417275
1.13744207
0.97487186
1.31870223
1.30954803
1.04841038
0.81320965
0.79068713
0.85130256
0.77800023
1.00450124
0.87105547
0.80445759
1.03364069
1.25853044
1.43292827
1.41422742
1.39028083
1.05454735
1.10411270
1.14608295
0.84396142
0.80482768
0.58160533
0.01688526
0.29078132
0.39810906
0.61431547
0.54492546
0.57164648
1.00624339
0.83800521
0.85381220
0.52076076
0.49778368
0.73323172
1.15736706
1.28897545
1.26757136
1.09479638
2.55327881
2.42304568
2.27356800
2.39982991
2.54926661
2.37524830
2.55990153
2.87780561
2.66874153
2.43829600
2.77299452
3.11928667
2.90712991
2.88309106
3.00398834
3.21251128
3.14552517
2.59502933
2.46634203
2.49177569
0.26151920
0.24872646
0.42920170
0.38831227
0.61911651
0.53532272
0.37294822
0.12156903
-0.03784868
0.32020417
0.10165243
-0.02178795
-0.19822260
-0.06932339
0.14205056
0.21835126
0.10808078
0.33213589
0.39561287
0.34167377
0.61291790
0.88182201
1.14697981
1.44410772
1.49409680
1.58385773
1.79123258
2.05162442
1.46650185
1.35894592
1.30654321
0.80923581
0.59550621
0.54281804
0.33939345
0.46129633
0.91749740
0.76273357
0.83131553
0.52174299
-0.43740197
-0.53266949
-0.89252835
-0.77289726
-0.48600269
-0.42202496
-0.05894929
-0.43122686
-0.54578894
-0.47987359
-0.52195706
-0.67833939
-0.72064941
-0.78177423
-0.42055645
-0.43877054
-0.41949786
-0.30344150
0.01251588
-0.25887135
-1.34510826
-1.73050885
-1.89373073
-1.73054956
-1.76837251
-1.57960358
-1.39654039
-1.18977058
-1.29891434
-1.31210609
-1.28706059
-1.43585787
-1.45991436
-1.41244625
-1.37893399
-1.46229294
-1.56380764
-1.22808136
-1.58993177
-1.23057668
-0.47067967
-0.72069747
-0.73245414
-1.00217310
-0.78139157
-0.73887127
-0.85059494
-1.03705035
-0.91552677
-1.00883213
-1.01630629
-1.08890509
-1.13437290
-1.27308888
-0.90603604
-0.69321954
-0.62875445
-0.34036803
-0.44907615
-0.55180929
-1.77848774
-1.88002004
-1.89022406
-1.60564225
-1.38146352
-1.29988622
-1.25060214
-1.17586055
-1.05078840
-0.80683729
-0.94754065
-0.70300768
-0.89554323
-0.89357019
-0.97713200
-1.12596219
-1.44164387
-1.58904794
-1.81852110
-1.94788482
-0.90787750
-1.04651049
-1.17339611
-1.55726641
-1.65433279
-1.81120367
-1.72292657
-1.98432953
-1.62057851
-1.52717566
-1.53143621
-1.53364639
-1.09747330
-0.91654372
-0.70200820
-0.90362050
-1.03988330
-0.77502521
-0.68389640
-0.80316634
-0.10100258
-0.15644243
0.14316886
-0.21036963
-0.31183890
-0.28839204
-0.46107676
-0.12876764
-0.25787972
-0.16367832
-0.21389210
-0.12344272
-0.21867675
-0.14025857
-0.48277153
-0.53448748
0.17140801
0.11125367
-0.14101049
-0.14231353
1.33268691
1.20085690
1.13831929
1.37859300
1.46577965
1.27994547
1.36815265
1.09128696
1.20125762
1.50605695
0.97918178
0.86369510
0.80671078
0.66970549
0.75578206
0.58859889
0.70499813
0.49761972
0.80873295
0.95061893
-0.73112029
-0.84377181
-1.29755402
-1.22377747
-0.88017382
-0.79715988
-0.85445714
-0.88701483
-1.19161403
-1.51919962
-1.29136174
-1.15834505
-1.21696572
-1.02648208
-0.87108447
-0.67890611
-0.51317617
-0.61556364
-1.01974328
-0.95253115
-0.32239348
-0.66642944
-0.34182045
-0.32400987
-0.44202018
0.26963283
0.28237702
0.16708367
0.05509620
-0.33944873
-0.42024696
-0.18633020
0.08015967
0.00179402
0.01763289
0.05837748
-0.27668933
-0.13300773
-0.15818484
-0.32500239
-2.01111258
-2.10981029
-2.19160393
-2.13996606
-2.34098019
-2.42600550
-2.57175688
-2.55332139
-2.40222582
-2.23849496
-2.11052408
-2.10298173
-2.07585451
-2.47223407
-2.40677826
-2.17934601
-2.13416044
-1.95220815
-1.92800819
-1.99260535
-1.19681065
-0.93996597
-0.80519990
-1.21883665
-1.25272607
-1.67290060
-1.87017250
-1.97681713
-1.92634744
-2.13042663
-2.40906038
-2.04075282
-1.99401999
-1.59082697
-1.58185461
-1.58771409
-1.44622333
-1.22729958
-1.16094791
-1.21639589
1.18184381
0.92458709
1.31443939
1.39373204
1.61610164
1.87278745
1.79850252
1.41307839
1.23670182
0.92051877
1.21592221
1.31814232
1.40250546
1.31690769
1.25529443
1.20836648
1.44017097
1.11694567
0.95780145
1.06827704
3.83239598
4.08676876
4.15009502
4.10003152
4.06190339
4.01235257
3.68959519
3.76811353
3.71704262
3.84269257
3.99740459
3.88139011
3.62736626
3.85406224
3.75068559
3.68535280
3.52213045
3.72299681
3.76934187
3.95139156
-1.99999918
-2.02984448
-1.93565527
-2.09612489
-2.10467170
-2.12556174
-2.22130585
-2.61950932
-2.23285739
-2.27033472
-2.05019344
-2.03860559
-1.85734616
-1.67264799
-1.65768051
-1.61062887
-1.66158609
-1.83887273
-1.76629894
-1.97651624
-0.33502047
-0.46879308
-0.44511996
-0.45201107
-0.34831810
-0.43285771
-0.73704929
-0.84920188
-0.83422293
-0.28567424
-0.67118025
-0.99246005
-1.05051094
-0.59775928
-0.49589819
-0.44837430
-0.23353752
0.25985233
0.14344484
0.05715505
0.56556051
0.18882380
0.06057799
0.18703820
0.51205588
0.80528982
0.61374605
0.62809695
0.85314419
0.95590254
0.49398728
0.66940900
0.39286216
0.88381837
0.31422572
0.41815673
0.37825537
0.39202288
0.79278461
0.70882386
0.68617587
0.94523880
0.53538336
0.69286106
0.81730502
0.57090496
0.71951073
0.70076091
0.45143159
0.12135881
0.06158018
-0.01827050
0.17036718
0.20470063
0.19849882
0.27335553
0.08802193
0.25565224
0.53394904
0.84469253
-2.80352779
-2.38442679
-2.37442114
-2.44000897
-2.29369222
-2.43917859
-2.12320173
-2.15472626
-1.92496761
-1.90737097
-1.67107209
-2.10752356
-2.17124226
-1.87674228
-1.54425068
-1.86978538
-2.03419460
-2.35239565
-2.53604883
-2.87882252
3.04641487
3.00499905
3.59259691
3.72057516
3.27016220
3.03363201
3.29531510
2.97540026
3.09433438
2.71592856
3.31698086
3.32918571
3.39397279
3.38303875
3.46434604
3.53218608
3.62365940
3.32516528
3.07590472
2.91548172
-0.62060051
-0.33153755
-0.51647005
-0.38343906
0.13420786
-0.11733769
-0.21446084
-0.17742753
-0.68218075
-0.57716235
-0.74136305
-0.95516000
-0.69091866
-0.61116643
-0.47054985
-0.90802512
-0.56207799
-0.46887411
-0.23971707
-0.43576118
-0.70393062
-0.52528065
-0.87003499
-0.26274364
-0.39104755
-0.35829228
-0.47569392
-0.57267482
-0.63029788
-0.83600019
-0.59139974
-0.77740472
-0.74209715
-0.60166689
-0.40677381
-0.40733542
-0.58295395
-0.43536808
-0.46543166
-0.61590315
2.27966340
2.33980398
2.33328891
2.14187440
2.23424220
2.35464129
2.46529913
2.42411717
2.51030287
2.49440257
2.12026796
2.06310508
1.85046932
1.79416522
1.82554752
1.87150772
1.92487932
1.98224550
2.22337223
2.16597617
1.77439600
1.86623653
1.99731306
1.76666653
1.79574457
1.72248916
1.47453699
1.28503613
1.16038047
0.91436988
1.08243370
0.73090189
1.12829473
0.86910568
1.08438723
1.48585742
1.72016042
1.72913685
1.69901806
1.90962225
-0.48047028
-0.09286308
-0.08836981
-0.29138814
-0.35166465
-0.33674217
-0.04253830
0.23509226
-0.03790042
0.26136391
0.14109413
-0.13089957
0.04751068
-0.00239687
-0.23822179
-0.34099281
-0.41705881
-0.07887276
-0.11428784
-0.02034738
1.79376224
1.93134961
2.01560449
2.21211696
2.19365952
2.10980818
2.34732919
2.43831943
2.59614959
2.46189937
2.33915339
2.33013431
2.50957679
2.56565109
2.21335326
2.08418845
2.11246098
1.91318049
1.74600683
1.68008842
1.84212873
1.75654720
1.59798239
1.43028509
0.93608899
0.84832373
0.96014412
1.10921296
1.56558782
1.65798769
1.60435633
1.65437447
2.08807213
2.05339302
2.15603307
1.92389962
1.99886669
1.75141750
1.94026360
1.74221896
0.99260648
1.00111372
0.82404048
0.85787594
0.77851671
0.86313502
1.02911664
1.41656135
1.60474858
1.28817935
1.28348455
1.26208502
1.34853428
1.17243761
0.92276867
1.00452747
1.05869224
1.07484366
1.06033151
1.20131284
-2.16118998
-2.22743302
-1.95259943
-1.99435484
-1.92190302
-2.11234988
-2.16550571
-2.09527775
-1.96956525
-2.30885677
-2.16991675
-2.22921924
-2.34529601
-2.53545656
-2.76140763
-2.79498675
-2.16600637
-1.89983225
-1.71779962
-1.99320762
0.18046820
0.38483536
0.43289270
0.53996010
0.56188006
0.98255563
1.06745237
0.78107310
0.93250331
0.77694509
0.80466705
0.88816447
0.63853600
0.43123894
0.56800162
0.48200902
0.56380566
0.50476315
0.12058711
0.18091210
2.69912681
2.56713299
2.51033174
2.63626716
2.69143963
2.54656408
2.72601264
2.70379397
2.66964500
2.27941769
2.40978202
2.26393446
2.50155282
2.85079736
2.96074201
3.13410591
3.23037772
3.04063723
2.75789097
2.68774788
2.12765704
2.02541732
2.03615737
2.18120989
2.44021991
2.46761755
2.34949902
2.32684056
2.13772284
1.96311515
1.76677804
1.62551253
1.80342773
1.76054574
2.10220752
1.96422249
2.04411454
2.06874560
2.43148251
2.49558130
-1.51252030
-1.36360715
-1.21358943
-0.78943234
-1.11426105
-1.18489047
-0.96229446
-0.91528133
-0.96613626
-0.68799062
-0.99265896
-1.15779741
-1.46829460
-1.61504363
-1.94005179
-1.50449353
-1.29519464
-1.37071207
-1.57450696
-1.51408988
2.27805623
2.39427720
2.36811017
2.54004065
2.61557967
3.05330438
3.17915172
3.15291789
3.27369607
2.85966154
3.13935982
3.17669803
3.17350846
2.82973111
2.85271374
2.88727551
2.67684965
2.55188850
2.55020964
2.06158275
-0.80362883
-0.68053926
-0.62513084
-0.60044807
-0.81802967
-1.22743567
-1.04260862
-1.04355380
-1.36586328
-1.60573801
-1.52490158
-1.64156312
-1.35116714
-1.45470340
-1.37912774
-0.97879521
-0.85786378
-1.04592969
-0.94225866
-0.82608428
0.55267611
0.56713681
0.39415308
0.40554622
0.58608495
0.71985076
0.89203113
0.75371146
0.56076089
0.21130127
0.46140120
0.72347728
0.89003594
0.92575069
0.67946985
0.34042961
0.19489793
0.28665145
0.17966817
0.18734165
0.30453284
0.05735160
-0.09701861
-0.13250185
0.14411570
0.19138738
0.37510048
0.71279310
0.60568855
0.97768131
0.90765727
0.88764400
1.01848408
0.67982137
0.85644229
0.94726151
0.58605937
0.58728414
0.57425346
0.52095041
0.63832772
0.73395238
0.64975347
0.50598588
0.54852367
0.40930898
0.63512752
1.05514573
1.14338266
1.15392221
0.84871519
1.25441602
1.08580053
1.30010785
1.25507253
1.03006264
1.14688219
0.62812459
0.36266361
0.50716129
0.03419092
-0.17909834
-0.62377698
-0.61222090
-0.54339130
0.00225767
0.49262445
0.54776043
0.32220168
0.24748388
0.38306563
0.37477517
0.62819569
0.56329245
0.45486486
0.29280149
0.47868487
0.65042003
0.35128784
0.19110213
-1.47597096
-1.50363885
-1.30492916
-1.14856164
-1.04111728
-1.03510430
-0.81032267
-0.74786053
-0.80048385
-0.68175694
-0.40958200
-0.44456367
-0.44255308
-0.70464669
-1.13049450
-1.01969846
-0.91941690
-0.89499399
-0.98552969
-1.36516476
-0.95834094
-0.91139780
-0.39081917
-0.70984917
-0.92539757
-0.65094170
-0.46555125
-0.61730984
-0.59742994
-1.11575305
-1.12661409
-1.58716361
-1.38747420
-1.56483189
-1.42565333
-1.21271918
-1.11518696
-1.07730345
-1.17518162
-0.87984056
-1.72466646
-1.53488119
-1.68818780
-1.54540374
-1.47602029
-1.26851256
-1.20183261
-1.17616934
-1.56888540
-1.58439019
-1.52766715
-1.74685578
-1.56098105
-1.23450618
-1.38719445
-1.60529121
-1.48201659
-1.58643588
-1.95381084
-1.73265274
0.54193657
0.61978141
0.86003415
0.67301766
0.40252202
0.67538628
0.71293364
0.81587168
0.52233181
0.28109010
0.56412776
0.57401830
0.35494505
0.55434735
0.47555984
0.54674522
0.51965716
0.24387548
0.44213337
0.83135501
-1.67524348
-1.53309809
-1.91038679
-2.08409073
-1.92470922
-1.89802359
-1.81472850
-1.98411365
-1.97590878
-1.80486698
-1.82239866
-1.51177375
-1.59892919
-1.40169010
-1.28974159
-1.41685229
-1.82734544
-1.48723101
-1.47247944
-1.58306047
-1.12876740
-1.13489790
-0.90045896
-0.87259090
-0.64102377
-0.67612403
-0.74426058
-0.81315985
-0.62865888
-0.48347578
-0.27784771
-0.21731376
-0.57870874
-0.93031115
-1.01113842
-0.95937009
-0.98908716
-1.26939185
-1.07152277
-1.05443859
