phonon_position
-0.03439552
-0.07418028
-0.57872935
-0.28621027
-0.28200251
-0.43117374
-0.43933825
-0.28694743
-0.43821426
-0.41717906
-0.58770802
-0.56921231
-0.36289870
-0.08422286
-0.09986868
-0.01682476
-0.07205020
-0.18217424
-0.10576388
0.34671331
0.01898003
-0.08497040
-0.14558779
0.08351893
0.34457893
0.49473924
0.74024133
0.62033308
0.85091265
1.04192290
1.36450402
0.83921054
0.84176820
0.91359567
0.56585320
0.61062126
0.49339612
0.08311692
0.07646428
0.39929444
-2.95648821
-2.87108953
-2.94640396
-3.02318087
-2.36360093
-2.24438458
-1.98663999
-1.85108198
-1.93703211
-1.29740847
-1.53765342
-1.58165320
-1.44754905
-1.83138839
-1.84784096
-2.01187827
-2.77522102
-2.87052612
-2.95285341
-3.24789643
0.59813313
0.68229304
0.94228467
0.65219906
0.53686256
0.62837978
0.78478922
0.56292131
0.66773092
0.67314367
0.58219942
0.38182739
0.35519202
0.28722355
0.33459190
0.34601083
0.45926752
0.64578458
0.57036551
0.52981559
-1.84489106
-1.99799136
-1.82438361
-1.74312074
-1.28029741
-1.42866563
-1.47728992
-1.49923854
-1.45228341
-1.54243464
-1.39480754
-1.28651041
-1.18489132
-1.57822823
-1.53457304
-1.54059159
-1.10300659
-1.14310438
-1.05063213
-1.46370752
-0.56451688
-0.82514866
-0.40669559
-0.90133339
-0.81424350
-0.93571908
-0.82427120
-1.13107427
-0.83110593
-0.94995854
-1.09144834
-1.00972596
-1.04195620
-0.86660367
-0.59069419
-0.61805961
-0.47559877
-0.38427463
-0.68033767
-0.71318606
0.37456388
0.04214164
-0.30850421
-0.12519347
-0.03116882
-0.10698016
-0.00886155
0.17074372
-0.01554526
0.20543956
0.06601988
0.58325013
0.82667251
0.37200758
0.57232337
0.56875637
0.73071105
0.69177004
0.36825430
0.30724530
0.62069071
0.74434734
1.07828264
0.81394133
1.23231918
1.11837742
0.80679016
1.08342791
0.56017877
0.46196541
0.35512799
0.33726131
0.35800134
0.36298727
0.13452937
0.25846105
0.37301152
0.65026633
0.41393945
0.57051993
2.14610690
1.84327052
1.40067948
1.40468089
1.61027266
1.94051789
2.01314006
2.24306674
2.43499681
2.31515126
2.45375919
2.54810466
2.35393953
1.85675865
1.73540475
1.81021535
1.73322283
2.04562146
1.79923116
2.34209615
-1.12956773
-1.62279148
-1.63952601
-1.07383638
-1.07022562
-1.34450959
-1.23025258
-0.96030953
-1.06240520
-1.21505700
-1.39524242
-1.43708460
-1.45561590
-1.86263760
-1.74302575
-1.53161304
-1.03390581
-0.76840143
-0.72986302
-0.59932988
-0.81552654
-0.50165005
-0.59192641
-0.46218962
-0.38021261
-0.65035363
-0.09908615
-0.01354784
-0.52357412
-0.50944827
-0.46410069
-0.38174432
-0.41021379
-0.36218175
-0.46523581
-0.77999180
-0.72283188
-0.65264733
-1.06108568
-1.05666963
-3.03965945
-2.73201355
-2.61213752
-3.08456556
-3.03889456
-2.90469627
-2.86863703
-3.01527290
-2.82326608
-2.64188108
-2.27831049
-2.60983717
-2.52330554
-2.69136307
-2.71671683
-2.55889301
-2.63436317
-2.35540862
-2.51290410
-2.53225692
-1.11309626
-0.84927144
-0.77967706
-0.86160134
-0.88561784
-0.80848179
-0.51639857
-0.18938077
-0.35706193
-0.76229179
-0.45730295
-0.45528116
-0.62880689
-0.27840949
-0.40052270
-0.70034736
-0.90299401
-1.26317122
-1.24531061
-0.78246751
0.90332396
0.60627867
0.61066923
0.78825202
0.68038353
0.66495420
0.84974302
0.94982449
1.11882252
1.05036954
1.00312418
1.39432208
1.34423288
1.47163849
1.49392540
1.41956812
1.29483641
1.14526969
1.19947407
1.04293411
1.21829518
1.13155579
1.35515583
1.38265672
1.44478687
1.45299528
1.41272950
1.51933825
1.78835222
1.74722608
1.78398557
1.56330749
1.62193114
1.47552211
1.31287279
1.17949009
0.95574452
1.00007963
1.23677817
1.06870813
-1.27390525
-0.75190158
-0.55083763
-0.93661291
-0.77957728
-0.70565637
-0.86953743
-0.97373263
-1.17024132
-1.25792492
-1.15289437
-1.08045731
-1.28765710
-1.14621161
-1.26797175
-1.37868924
-1.25988221
-1.60180612
-1.45799132
-1.47096548
0.93190659
0.86466858
0.85291982
0.80235968
0.69682360
0.44581694
0.33896092
0.47003369
0.63187540
0.60433292
0.57765188
0.50082785
0.70812709
0.92493885
0.67656942
0.94133363
1.06299354
1.13031965
1.12137254
1.12333685
1.01879842
1.23304067
1.75457120
1.73309400
1.35209906
1.29630664
1.26378069
1.20121871
1.35076861
1.70969020
1.68959037
1.73989858
1.70621068
1.64485589
1.36187937
1.36711822
1.71509803
1.40732750
1.05608785
0.99882103
2.10667441
1.75817700
1.75221699
1.57117500
1.78558017
1.93559180
2.22909843
2.58908390
2.59424142
2.71066443
1.90767308
2.05344838
1.62966390
1.56824697
1.80448384
1.60929935
2.09032087
2.11548437
2.04114175
2.34580753
-1.61908338
-1.92416605
-1.14277272
-1.33158152
-1.01788989
-0.73334352
-0.66570274
-1.01728054
-0.71031028
-1.09796156
-1.38248792
-1.15802835
-1.38701240
-1.58925113
-1.73169240
-1.68089080
-1.71472982
-1.39894726
-1.21749508
-1.34150652
0.93414971
0.57593953
0.84906303
0.97206716
0.69983764
0.63839029
0.95283096
0.69962789
0.68355539
0.77357356
0.40304338
0.45173619
0.59679855
0.29796696
0.50089981
0.48126732
0.68526344
0.35800605
0.37170716
0.78929496
1.20462542
1.08992620
0.63532536
0.48331525
0.61909644
0.63255701
1.02717525
0.88842274
0.92577572
1.15256750
1.25262476
0.93109044
1.18801739
1.31579789
1.00840897
1.03132106
0.75960468
0.70827423
0.77415606
1.23511695
-0.60248964
-0.86940637
-0.93816477
-1.27546127
-1.35199733
-1.03573425
-1.15911252
-1.22712265
-1.31757640
-1.07313320
-0.83995985
-0.93066560
-0.65992433
-0.51048211
-0.56783171
-0.66377030
-0.56184475
-0.40826066
-0.49879320
-0.68781200
-0.22029026
-0.20274575
-0.45069527
-0.24825961
-0.18931254
0.07364061
0.13087405
0.19583309
-0.01610057
-0.17230338
-0.18639242
0.07103936
0.23613338
0.41480538
0.53862590
0.14700752
0.19817681
-0.11797852
0.05342042
-0.04507288
1.90829268
2.17412939
2.33054932
2.47759905
2.52608515
2.18666670
1.71462073
1.73545689
1.58482152
1.42407112
1.57965208
1.39964967
1.65864183
1.82249527
2.00074348
2.04012129
1.86331847
1.63421817
1.39251290
1.68014064
3.13011383
2.70153085
2.50475807
2.64515421
2.75077798
2.93970393
2.98373788
3.22741272
2.96247947
2.83999899
2.83444015
2.80576153
2.85473781
2.84762846
2.72011734
2.87895788
2.79928058
2.69062111
2.74656515
2.96635361
-1.05291833
-1.11066206
-0.92950555
-0.70534189
-0.53518659
-0.52397613
-0.51644613
-0.66456429
-0.51645377
-0.68487515
-0.70635173
-0.84903593
-1.03489374
-1.03062021
-0.98330180
-0.92075520
-0.60434126
-0.81789943
-1.00285257
-0.71991916
0.48343898
0.59516907
0.63366705
0.29643343
0.22122735
0.35326000
-0.06678892
0.04924759
-0.10190867
-0.12026887
-0.21814890
-0.08843324
-0.02296292
0.11472349
-0.03339295
0.01656261
-0.16874809
0.01422476
0.20166160
0.24207807
-0.47418138
-0.07882560
0.34158712
0.29759457
0.31565176
0.19511267
0.29138897
0.17761761
0.27982064
0.33266057
-0.00988736
0.11348985
0.17941759
0.36867128
0.32368829
0.22020216
0.17504834
0.33540035
-0.25621783
-0.30989786
0.32801432
0.32536134
0.25033980
0.36036766
0.09323105
0.13768768
0.57135741
0.24942013
-0.07694620
0.13196418
-0.27080882
-0.14764037
-0.18876575
-0.05378709
0.00546183
0.02876483
0.44087279
0.22707815
0.21675266
0.01243007
0.57202366
0.90326286
1.08462837
1.17720773
0.97096459
1.08454426
0.92333219
0.72338763
0.62614572
0.37241427
0.24087286
0.41504153
0.30467496
0.38202510
0.43586367
0.41782830
0.57221869
0.85149631
0.53282077
0.44939121
1.86153265
1.71528313
1.48870566
1.51451649
1.51202527
1.58170405
1.69047858
2.06910679
1.89160129
1.71630875
1.61363440
1.85500596
2.02645158
1.71370376
1.67614714
1.24282220
1.37187328
1.51015417
1.46062692
1.72160842
-2.01345068
-2.31346038
-2.52530364
-2.04881791
-1.84069150
-1.82036919
-1.89244323
-1.92424016
-2.27552603
-1.79576956
-1.84513699
-1.53047165
-1.41550798
-1.64801498
-1.88384558
-1.77605947
-1.36576980
-1.39595900
-1.73076693
-2.12250269
3.48864457
2.83539521
2.70254588
2.69500834
2.97317238
2.73966569
2.98793642
3.05675560
2.97516377
3.24195827
3.43256978
3.54311375
3.53654673
3.45062236
3.30294144
2.83853980
2.87741342
2.94091868
2.93775586
3.10428910
1.69827782
1.92320497
1.96584867
2.28756233
1.59382911
1.72864558
1.59711971
1.67157690
1.71280457
1.68228090
1.96334874
1.84740972
1.84070047
1.38870639
1.40097571
1.05887742
1.13940282
1.35681454
1.75435499
1.41164012
-0.99651608
-1.10591594
-1.33823096
-1.11242107
-0.73150726
-0.71610202
-0.94522979
-0.69859061
-0.78516887
-1.07387652
-1.34581217
-1.62963726
-1.61027964
-1.53293423
-1.21671007
-1.10631813
-1.34801822
-1.34515801
-1.21352629
-1.03598888
0.62923860
0.43983793
0.30704898
0.35781334
0.57918065
0.09611974
-0.05951638
-0.18861965
-0.13986723
-0.30627833
-0.20555838
-0.19741473
-0.16259308
-0.28035024
-0.33031629
0.02598724
-0.06502059
0.07838820
0.61712149
0.85904401
-0.62342528
-1.06289417
-0.58980647
0.07281637
-0.01584553
0.11081145
0.26040296
0.41956899
0.65920773
0.30678744
0.06040916
-0.19388998
-0.32966691
-0.48806679
-0.30923393
-0.51707054
-0.40966812
-0.82637723
-0.85382473
-0.78072508
-0.90895122
-1.08282104
-1.02296135
-0.84377299
-0.86039062
-0.95497070
-0.52005714
-0.35892108
-0.31926095
-0.62012845
-0.55497305
-0.43108223
-0.59171021
-0.92234859
-0.95245238
-0.88379554
-1.27200515
-1.18991732
-1.17867455
-0.83102624
1.56207410
1.42388306
1.39952190
1.45735123
1.20508257
1.38649922
1.20927897
1.46202129
1.73288729
1.57639565
1.22028679
1.47281646
1.44267624
1.33051819
1.42152734
1.40885082
1.79322067
1.58678168
1.64880518
1.47279992
-1.14242631
-1.23807698
-1.23399713
-1.27781415
-1.24040003
-1.51980925
-1.22391264
-0.96146970
-1.08480143
-1.04972724
-0.73347189
-0.65242101
-0.49865573
-0.73692853
-0.76019387
-0.75171181
-0.52573105
-0.38642048
-0.20238709
-0.68132713
0.05800367
0.57941108
0.55433661
0.86284791
0.70853958
0.57326775
0.32260246
0.37135766
0.33189664
0.45503106
0.26737986
0.11095184
-0.24720346
0.01794358
0.38778531
0.44354944
0.30552186
0.42470587
0.24928005
0.23455039
-1.85780220
-2.26290995
-2.41579185
-2.46862265
-2.81327530
-2.82852717
-2.72692430
-2.94854936
-2.57822670
-2.68241936
-2.37207113
-2.43825368
-2.46485385
-2.28679013
-2.09704036
-2.35344497
-2.82172069
-2.42806784
-2.44088306
-2.11953308
-0.71568609
-0.54168588
-0.50404302
-0.41178378
-0.49638581
-0.73368425
-0.91904446
-1.18407961
-0.99740482
-1.21825479
-1.05315575
-0.71010800
-0.85518116
-0.85568560
-0.85498971
-0.71929446
-0.83313216
-0.92627076
-1.01334076
-0.72490615
3.24696295
3.06472172
3.00440942
3.19737664
3.14573055
2.96432406
2.97117835
2.98254146
2.81447854
2.85186353
2.77247646
2.84899968
3.08847194
3.59408458
3.80791260
3.46255571
3.34929898
3.37665134
3.62258355
3.44678311
-0.18107481
-0.33532911
-0.12510390
-0.27337525
-0.06003936
-0.33990273
-0.44324502
-0.35318132
-0.57339556
-0.64740953
-0.82448721
-0.82898410
-0.57298106
-0.58075306
-0.56358194
-0.50564536
-0.56334526
-0.38567725
-0.24902629
-0.16405349
2.11815486
2.51598460
2.41658720
2.53027123
3.02166233
3.27582319
3.07397167
2.91044188
2.55573421
2.39113758
2.14086795
2.06306948
2.48589163
2.39992014
2.43035042
2.51601994
2.50622333
2.55064327
2.75280355
2.56046600
-1.61951954
-1.22316443
-1.05274689
-0.96940456
-1.18853108
-1.31309325
-1.48466139
-1.33875682
-1.04276739
-1.29264645
-1.28612780
-0.99157311
-1.40907416
-1.17888142
-1.51477863
-1.21948614
-1.19201215
-1.60886898
-1.30033823
-1.23057740
-2.31154762
-1.95379905
-2.00377096
-1.93731376
-1.65980141
-1.86618450
-1.83778611
-2.07668596
-2.16757263
-1.80292823
-1.98926417
-1.84664766
-1.63922159
-1.38562312
-1.71049291
-1.77672244
-1.99154439
-1.86484176
-2.23748574
-2.43249763
-0.89245930
-1.08678082
-1.41414992
-1.90588448
-1.48672586
-1.54673333
-1.25737261
-1.39957511
-1.29752860
-1.31095187
-1.41050651
-1.24516086
-1.23899162
-1.12738191
-0.86163761
-0.83677508
-1.49919007
-1.34394162
-1.41624501
-1.13477597
-1.39625587
-1.17884835
-0.90017588
-0.85095531
-0.70522972
-0.72440829
-0.69566934
-0.31988652
-0.55712278
-0.72251556
-0.96058717
-0.87637489
-1.03050792
-1.04015560
-1.04050611
-0.71142712
-1.03653892
-1.03539275
-1.10810944
-1.35137884
-1.76052163
-1.48717093
-1.74372565
-1.39576542
-0.98209690
-1.42347753
-1.60277049
-1.41828139
-1.49163687
-1.52202605
-1.33503265
-1.63734339
-1.66637548
-1.63218934
-1.70636998
-1.70535393
-1.71740912
-1.54838335
-1.59313668
-1.35539220
-1.02448523
-1.00591866
-0.95246357
-1.00072634
-1.34966615
-0.93537711
-1.33783281
-1.60004248
-1.31043161
-1.32018999
-0.97559769
-1.04865554
-0.86712665
-0.67051138
-0.95650097
-1.09459036
-1.09457522
-1.08625287
-0.93255657
-0.78477871
-0.65349425
-0.47160480
-0.55521049
-0.37347824
-0.27178410
-0.07851595
-0.36199049
-0.31421577
-0.53309083
-0.45407683
-0.70790042
-0.47389952
-0.62502981
-1.14947826
-0.78795795
-0.60257751
-0.34160915
-0.44575536
-0.62153170
-0.68781068
-1.92471300
-1.70990090
-1.93658018
-2.19481404
-1.91214490
-1.93163657
-2.08249334
-1.77936766
-1.76029471
-1.69312011
-1.88944309
-1.76467898
-1.45167595
-1.59737425
-1.49294187
-1.53348478
-1.94306893
-1.62169571
-1.48660175
-1.65115875
1.33913229
1.37115301
1.34594686
1.28987466
1.03513255
1.29662637
1.33902081
1.40000689
1.51554382
1.54730692
1.48197795
1.54306850
1.19857591
1.37755732
1.32370823
1.20081597
1.13003652
1.31040552
1.41566264
1.41092922
0.99638472
0.97837348
1.14805700
1.19316001
1.28002122
1.65745116
1.59766594
1.08714966
0.96594222
0.83897533
0.81713871
0.84937811
0.85194114
1.07508612
0.79588702
0.97120580
1.20130367
0.94238758
0.94428243
1.14626869
-1.57096064
-1.18524211
-0.73262067
-1.27124942
-1.23954847
-1.57296609
-1.85054180
-2.06678739
-2.01763068
-1.87998533
-1.63401316
-1.62480881
-1.84426929
-1.91247358
-1.37292554
-1.44372734
-1.59350140
-1.61744634
-1.49840347
-1.23261489
-2.26302246
-2.24499445
-2.56425618
-2.41355146
-2.30519776
-2.13687411
-1.65414170
-1.79016266
-1.93775988
-1.84054280
-2.04363768
-1.96380010
-2.30063543
-2.27841288
-2.32570906
-2.65455755
-2.21750177
-2.24436773
-2.24953101
-2.39116869
1.09398508
1.57659933
1.63418857
1.38423422
1.26492742
1.35188177
1.27113450
1.06307668
0.85915077
0.69274769
1.01709175
0.69538024
0.89650263
1.28294076
0.87647047
1.08861905
0.50393033
0.87840737
1.20758131
1.33355094
0.86329386
0.80674343
0.48180152
0.34247653
0.19062043
0.17385992
0.49609881
0.61904657
0.54402246
0.31525516
0.20220860
0.04222356
0.28947810
0.34662857
0.25046585
0.10309538
0.12760684
0.18659372
0.15029559
0.31876549
-1.83666790
-1.78320210
-1.76457675
-1.80994621
-1.54745983
-1.61749030
-1.71198346
-1.55923906
-1.43952213
-1.54828188
-1.40152181
-1.32666651
-1.61644377
-1.73268252
-1.69521843
-1.83734255
-2.02516839
-1.71424788
-1.71660685
-1.90707334
0.36270818
0.06141639
0.22170712
0.23887088
0.26479450
0.11755955
0.24807606
0.03824056
0.44791235
0.34625667
0.20663518
-0.23427013
-0.27971049
0.09560008
0.05668914
0.23728583
-0.12559681
0.25301637
0.29262993
0.02556667
-2.78422079
-2.44962193
-2.45260024
-2.57748414
-2.78479017
-2.73372498
-2.47473654
-2.04051559
-1.96525902
-1.80981546
-1.89892448
-1.78551380
-1.56847762
-1.63828583
-2.05677057
-1.98009337
-1.94547527
-2.33480564
-2.69049205
-2.97210283
0.00032278
0.21059446
0.02007334
0.10285584
0.56410018
0.19705254
0.45049717
0.21940811
0.38313569
0.42342367
0.57918831
0.64697252
0.49490053
0.48040458
0.59857981
0.54094987
0.45013716
0.20089682
0.29246556
0.20242991
-0.78715666
-0.90729191
-0.92256910
-0.87825945
-0.91583384
-0.93094983
-1.04501098
-0.76515541
-0.65639024
-0.62144825
-0.92091682
-1.09781188
-1.40632832
-1.20300228
-1.31337882
-1.28202285
-1.35771471
-1.12161592
-1.20396234
-0.90219979
0.79151762
0.71197665
0.90513564
0.75912462
1.11808140
0.74761690
0.79126595
1.12895081
0.93127971
0.94117426
1.06877633
0.83222364
0.76832446
0.61060463
0.62574566
0.35705003
0.28924058
0.13850653
0.21817600
0.55643412
-0.31778990
-0.32034244
-0.22786377
0.18720364
0.12909442
0.22762469
0.02591717
-0.06505148
-0.03993182
-0.13286020
-0.24089261
-0.45876061
-0.15898490
-0.15918913
0.06086295
0.52605282
0.52016869
0.23873063
0.16594754
0.13753305
-0.47214112
-0.36375523
-0.49079653
-0.60599245
-0.61132542
-0.87545315
-0.51608455
-0.51633471
-0.51562447
-0.71137458
-0.42894365
-0.34051488
-0.57925580
-0.61110662
-0.69514630
-0.44761360
-0.18701780
-0.32620885
-0.38994679
-0.57317327
1.50263327
1.48405265
1.50292004
1.66263453
1.66570845
1.66008935
1.61931132
1.22318175
1.48014969
1.30753753
1.25846367
1.33706677
1.38622891
0.96965472
1.25349577
0.97338645
1.52079241
1.73692759
1.71492374
1.42347154
-1.85866627
-2.02757452
-1.63661214
-1.70701006
-1.91886943
-2.08699441
-2.01627727
-1.93312519
-1.83760419
-1.97484777
-1.91974046
-2.06786682
-1.90203466
-2.10180669
-2.06298237
-1.78420431
-1.72647401
-1.83107475
-2.00735819
-1.86571374
-2.21825607
-2.69768484
-2.50658514
-2.20569759
-2.21054464
-2.12048163
-2.39633612
-1.98904245
-2.09500691
-1.83011065
-1.82964602
-1.71945654
-2.13321900
-2.10819471
-2.23166445
-2.14539489
-2.23325462
-2.30637753
-1.98563333
-2.11930544
1.02670476
1.26586799
1.07425945
1.08609928
0.92666788
1.17615467
1.22882477
0.86821093
0.56757520
0.47514141
0.11009822
0.14143647
0.95862670
0.82687758
0.40632140
0.81205362
0.87897374
0.90890739
0.82261869
0.82323390
-2.32493709
-1.97872326
-1.93849909
-1.63713701
-1.94541156
-2.27016023
-2.13662878
-2.28021798
-2.82883918
-2.65102034
-2.81703996
-2.81755157
-2.97895087
-3.10889241
-3.29802652
-3.55593195
-3.24477293
-3.19018978
-2.92328270
-2.83912402
0.43389433
0.26431645
0.23988052
0.35177992
0.40940408
0.19431229
0.41804819
0.40863988
0.62798768
0.89216562
0.97997504
0.92708620
1.03758248
0.83832486
0.95971194
0.74111069
0.34188961
0.31917051
0.31722334
0.65904962
0.20111105
0.39755098
0.41672795
0.17140070
-0.28356235
-0.35535508
-0.16629594
0.16012378
-0.16019077
0.03687162
-0.03950781
-0.25046500
-0.10829350
0.18521115
0.27413489
0.13857945
0.06327322
0.26406698
0.33616702
0.33794632
-1.17901162
-1.12374894
-1.07120221
-0.76526683
-0.67062977
-0.92692500
-1.01853251
-0.93449756
-1.16654605
-1.26712122
-1.07246685
-0.65632625
-0.78717400
-0.69778283
-0.58768375
-0.84334336
-0.82201237
-0.89479649
-1.08267321
-1.03284346
0.02527759
0.18055349
0.06395908
0.28474797
0.61624547
0.43008926
0.39055812
0.37891876
0.36630576
0.71678371
0.60690488
0.95428305
0.96411569
0.81053765
0.50460810
0.61173766
0.55107382
0.17935435
0.25147590
0.14106472
-2.58774279
-2.73707173
-3.09463375
-3.05934501
-3.05837690
-3.08591417
-2.88562362
-2.49729173
-2.36117232
-2.04019749
-2.22067219
-2.27815141
-2.16660099
-2.31716777
-2.54908964
-2.86871875
-2.76078564
-2.83508200
-2.46368697
-2.60166546
-0.23371942
-0.01249919
0.16342932
0.38561514
0.58645225
0.33519404
0.06180315
-0.27233337
0.04582058
-0.03775152
0.40790890
0.31908036
0.38793767
0.43049532
0.29137306
0.48081007
0.36221597
0.32995486
-0.21260160
-0.02232209
2.14514626
1.88496105
1.64427387
1.92531644
1.94110164
2.02325930
2.21353873
2.46467287
2.23898924
2.08392233
1.61237977
1.67805970
1.72780858
1.64428434
1.81206541
2.44911089
2.25510062
2.18381056
2.40346087
2.27252311
2.36511776
2.27197707
1.80411860
2.08657936
2.19983032
2.20404411
2.28641018
1.92576147
1.77879019
1.93984644
1.89476415
1.71811149
1.83382963
1.81244796
1.88009158
1.91287715
1.90992087
2.06788909
2.20541232
2.16002489
1.03964384
0.56581171
0.70627370
0.42829907
0.44553078
0.24829867
0.44664077
0.59755017
0.39356147
0.54885879
0.59433628
0.41212636
0.76133452
0.98110130
0.83577472
0.65868290
0.54025606
0.82275666
0.96746663
0.63822617
0.44617159
0.48802275
0.81661129
0.88998915
0.73254575
0.60489405
0.63586097
0.48061360
0.42066227
0.52306002
0.38776030
0.53250312
0.34675350
0.48602772
0.75899316
0.56922976
0.52346287
0.38608074
0.48206673
0.33171102
0.71864960
0.90047656
0.83612587
0.74586071
0.36691357
0.34281906
0.23835343
0.17593531
0.00920951
-0.06691968
-0.00951416
-0.00386869
0.03674736
-0.20349679
0.19805011
0.43330721
0.41766630
0.60499619
0.31524864
0.28581903
-1.49602219
-1.43727978
-1.48141813
-1.19577276
-1.25491607
-1.16867601
-1.11842331
-1.12873241
-0.98000293
-1.06776490
-1.26148389
-1.47043565
-1.05113195
-0.89476405
-1.05986991
-0.97996611
-0.97662294
-0.72239124
-0.93031915
-1.16712947
-2.60567434
-3.02931252
-2.98595748
-3.06628550
-2.96400933
-3.24439906
-3.29550940
-3.12329884
-2.56083600
-2.29480740
-2.17876544
-2.47360412
-2.45525535
-2.30429276
-2.28271715
-2.41089202
-2.27897589
-2.42681123
-2.54244521
-2.74528377
-1.21661316
-1.49926495
-1.32206842
-1.43252378
-1.27736393
-1.27102838
-0.93397577
-0.89324172
-0.81291272
-0.87099898
-0.61676825
-0.61644895
-0.31981231
-0.20512154
-0.31399877
-0.48310738
-0.43076116
-0.50908111
-0.61859809
-0.94500040
0.56883805
0.81371762
1.05683855
0.93638937
1.25182667
1.27743408
1.68616982
1.92366794
1.72809013
1.76721411
1.42390991
1.43687358
1.26255370
1.10753721
1.16545518
1.51478707
1.46550963
1.43315321
1.41134186
0.97112514
-1.32295976
-1.25811213
-1.17699948
-1.21303878
-1.30767321
-1.42879352
-0.93726943
-0.83318249
-0.92366236
-0.81102786
-0.74742764
-1.15584216
-1.04178430
-1.47115382
-1.50269805
-1.32079610
-1.27232712
-1.32314310
-1.15659351
-1.13982548
1.14960267
1.07757703
1.30596660
1.00617551
1.11025931
1.41438380
1.54129002
1.41597568
1.46844422
1.40084665
1.41670433
1.18709192
1.24606017
1.41783658
1.14145711
1.45688360
1.44822065
1.31497274
1.38443167
1.27169737
1.01402898
0.78082824
0.77177676
0.46572774
0.34286708
-0.04034043
0.02386683
0.24244585
0.56400398
0.53687129
0.10884704
0.54482124
0.59903079
0.49089508
0.59339521
0.49214015
0.56607791
1.03018037
1.20697019
1.37916405
0.93880885
1.23126302
1.39439201
1.52867387
1.12943287
0.74871900
0.84770304
0.62001401
0.50152670
0.03341128
0.49503218
0.51840591
0.40412066
0.66915899
0.74746823
1.24928870
1.39192707
1.32330093
1.33822497
1.11762699
-1.07499976
-1.28791860
-1.35414778
-0.91219336
-1.08330363
-0.81746584
-0.63140497
-0.81886281
-0.98750106
-1.18080066
-1.30370512
-1.03229509
-0.84233810
-0.94099029
-0.97701314
-1.10062578
-0.96140277
-1.01667991
-1.13345653
-1.18159528
-1.71355714
-2.18320183
-2.18924927
-2.36790455
-2.27986260
-2.22197419
-2.08207539
-2.24036646
-2.28120564
-2.21447866
-2.47438622
-1.96461135
-1.87534820
-2.07640039
-1.99075820
-1.93868066
-1.54779312
-1.58103211
-1.56250457
-1.79366469
-2.34902139
-2.27595819
-2.32601102
-1.98131073
-1.88830243
-1.86617652
-1.35415835
-1.55947983
-1.94202383
-1.81199412
-1.74517313
-1.68701331
-1.84825700
-1.63469077
-1.86482652
-2.35554763
-2.28793859
-2.45401414
-2.35948810
-2.19074686
-3.01282272
-2.97770772
-2.69431891
-2.89767472
-2.46816344
-2.24642382
-2.00216398
-1.77827681
-1.85052106
-1.83060742
-1.78539070
-1.99896867
-1.95486582
-2.20188747
-2.22525617
-2.02933873
-2.14509908
-2.30617549
-2.63078366
-2.76377546
-0.14965318
-0.11559859
-0.32215261
-0.76961623
-0.65906802
-0.62857181
-0.96907636
-0.84560769
-0.77533944
-0.35137708
-0.72659018
-0.37888437
-0.27923498
-0.47322692
-0.51885425
-0.46847315
-0.37440023
-0.35396044
-0.28173751
-0.41067527
0.50602355
0.30964366
0.33690267
0.29342381
0.42050335
0.52310871
0.60268526
0.28070589
0.08651164
-0.06939916
-0.12356032
0.33020079
0.45847960
0.33188710
0.47450501
0.34190577
0.11466433
0.02770404
0.12087301
0.44446065
1.34292765
1.41651883
1.33414519
1.27603089
1.15861845
1.44952709
1.79517671
1.66195259
1.77393606
1.93554347
1.74411528
1.65467018
1.50909209
1.12257983
0.85871886
1.02096749
0.90369375
1.07304144
1.23390037
1.22822589
1.08608855
1.35620712
1.47593326
1.20147985
1.43881617
1.75855231
2.31950767
2.31998128
2.04186251
1.90307025
1.63984991
1.47333903
1.19673750
0.93782921
1.00705915
1.27912403
0.96813504
1.17377614
0.78707048
0.66254888
0.98983901
0.77665782
0.96189755
1.06502909
1.02403019
1.22858178
0.98286442
1.14009949
1.05601122
1.01567211
0.76291031
1.06093940
1.14703887
1.17595418
0.64021319
0.55189457
0.50001442
0.40384002
0.48650636
0.81515286
2.62030247
2.73751016
2.88236385
2.78882401
2.81223708
3.22316161
2.71870389
2.62554873
2.64442560
2.50389333
2.64643212
2.49389312
2.35095648
2.36144516
2.46571511
2.22934487
2.36518606
2.53754209
2.51843843
2.51778218
-0.80502832
-0.60287642
-0.97054707
-0.88967053
-0.69117087
-0.89704124
-0.69086386
-0.81071350
-0.73144313
-0.31340587
-0.35694962
-0.91174159
-0.77868614
-0.64293625
-0.64304829
-0.98021042
-0.72919852
-0.74297770
-0.75717984
-0.78184492
0.34719912
0.22249850
0.12833458
-0.11008538
-0.45652297
-0.37024902
-0.44699183
-0.46886593
-0.16263232
-0.05138003
0.12902857
0.11453477
0.25136971
-0.05012066
0.03615807
0.12436104
0.28988407
0.56317913
0.54413070
0.34571313
-3.18160301
-2.97105885
-2.92548215
-3.04046309
-3.11789038
-3.25726054
-2.93058641
-2.81074093
-3.05152434
-3.09013088
-3.04787381
-3.06426761
-3.17370223
-2.99111992
-3.24620802
-3.36819933
-3.15857651
-3.26591417
-3.29799486
-3.27192694
2.30499413
2.73652364
2.25934926
2.53436725
2.54127568
2.87596663
3.09046111
3.01784400
2.75596978
2.99459776
3.11885571
3.26442060
2.95004543
2.85425243
2.69168034
2.48106844
2.44551097
2.64252134
2.24804902
2.22255657
-2.25423361
-1.96747392
-2.11912193
-1.95047802
-1.93885052
-1.87301482
-1.92414968
-1.88971953
-1.85592631
-2.23494124
-1.99606144
-1.79950966
-1.96435282
-1.83270062
-1.68345392
-1.87115861
-1.88317256
-1.62054290
-1.79632725
-1.94627482
0.53498855
0.82833742
0.85092551
0.94465416
0.98304259
1.36107110
1.31498016
1.00527444
0.77226811
0.58284444
0.48278385
0.77177587
0.53425784
0.59340462
1.02249268
0.72089020
0.22237126
0.67119724
0.48158374
0.63840906
1.28364281
1.30264935
1.36647024
1.27646604
1.24119484
1.36376616
1.02860488
1.29290905
1.30960747
1.31328616
1.20801372
1.16628269
0.94121193
0.97008068
1.07160639
0.91484583
0.98066157
1.22827183
1.28348673
1.41392199
0.62556838
0.27327101
0.25185091
0.09591675
0.07678901
0.19876323
0.03125856
0.12486844
-0.02615028
0.18560008
0.13245653
0.11290974
0.20981265
0.21704489
0.17856902
0.21870350
0.28911443
0.07561506
0.41021849
0.73024171
0.44736626
0.70447668
0.48758473
0.19047804
0.11451270
0.41041981
0.74552459
0.78873090
0.93456247
0.92373208
0.61118208
0.48183153
0.60668132
0.54510930
0.84399183
0.71327259
0.85922878
0.54715726
0.44496135
0.47494229
-0.31615831
-0.60973554
-0.92032614
-0.62745564
-0.77151872
-1.09637444
-1.17025160
-1.01146636
-0.55637527
-0.42342887
-0.40086032
-0.58653534
-0.54564270
-0.22210147
-0.23963663
-0.08234059
-0.15433994
-0.36260935
-0.42591681
-0.42040696
-1.44273180
-1.41786852
-1.44367371
-1.41316700
-1.55313141
-1.49338830
-1.12861145
-1.08694402
-1.59826587
-1.64622620
-1.62208118
-1.67693200
-1.78361524
-1.55101436
-1.48282274
-1.54072597
-1.78050929
-1.62320808
-1.57682845
-1.45436013
-1.07507708
-1.18464999
-1.05851696
-1.09488126
-1.10093252
-1.00712291
-0.77195922
-0.56438358
-0.67599136
-0.73809593
-0.51575655
-0.69879749
-0.61904742
-0.42655771
-0.83183942
-0.76345277
-0.73164149
-0.58349579
-0.95384733
-1.05391175
0.78964526
0.96242686
0.92010089
1.16987392
0.98510241
1.01546099
0.77903643
0.75649411
0.70862634
0.56936274
0.40853234
0.56729636
0.42537528
0.48152071
0.71692031
0.73540909
0.27416299
0.30641528
0.29636165
0.14308519
-0.54642314
-0.77761347
-1.02260024
-0.81273416
-0.57317972
-0.57816410
-0.53400740
-0.27436571
-0.24727407
-0.20340394
-0.19293915
-0.12932686
0.18098393
0.31193330
0.06661666
-0.03127307
-0.02556833
-0.07405496
-0.13581002
-0.35151108
1.48591581
1.51830570
1.38418449
1.03188946
0.85073501
1.16201319
1.34869026
1.22424822
1.23112399
1.21772593
1.11205691
1.08937052
0.78649629
1.13980442
1.08919362
1.37443284
1.50896223
1.23628032
1.45297259
1.02803010
-1.71086549
-1.96132141
-1.72906496
-1.31415252
-1.55853075
-1.56316916
-1.29761388
-1.35346208
-1.28924291
-1.06177476
-1.20297974
-1.44438485
-1.41122738
-1.65671972
-1.71985542
-1.59158375
-1.77102198
-1.83306136
-1.92061425
-1.73682806
0.31805171
0.51549916
0.79902232
0.98448244
0.78600600
0.80258927
0.79957199
0.66206008
1.06573430
1.11430764
1.03450889
1.05971060
0.96841234
0.49451339
0.59045969
0.20813176
0.30774722
0.12396586
0.25070840
0.03151907
-0.40089293
-0.02047482
-0.24970694
-0.31417196
-0.23508482
-0.77037928
-0.74151399
-0.97380257
-1.24258708
-1.04285696
-1.11806432
-1.05151157
-1.45462173
-1.23390428
-1.17511558
-1.32787598
-1.27844640
-1.08381673
-0.65969232
-0.40114838
0.88731115
1.04482857
0.70831158
0.53069884
0.42106061
0.02699690
0.08065597
-0.05234302
0.19633297
-0.09064609
-0.31615368
-0.45304392
-0.21230967
-0.08119374
-0.00739255
0.28689197
0.38923326
0.61402929
0.62942538
0.58761880
-0.56866891
-0.79165476
-0.58063640
-0.93956099
-1.09442206
-1.04144738
-1.18648653
-1.41896646
-1.31865843
-1.38034010
-1.21116885
-0.97811610
-0.76152799
-0.75309905
-1.24020549
-1.40310866
-1.33689112
-1.10842654
-1.06139908
-1.12614600
3.15955591
2.80400005
2.73103894
2.74504599
2.72232389
2.56601192
2.31400818
2.32243276
2.20701230
2.33275047
1.86294357
1.95897799
2.23973676
2.03602276
2.54796285
2.30784303
2.63325342
2.40390657
2.86333809
3.20472711
0.32222652
0.39717053
0.50378714
0.67243659
0.75119339
0.78319904
0.70352579
0.77904976
0.80874687
0.99995963
1.01537296
0.65505812
0.37705831
0.40709741
0.28019174
0.38470231
0.59815070
0.50851370
0.24410024
-0.00757928
0.87345820
0.61563971
0.75782445
0.78956817
0.52672065
0.90352649
0.95509163
1.25122299
1.44934246
1.29509156
0.94387897
1.13249696
0.91585816
0.95329138
0.99307410
1.21703519
1.15523303
1.18906608
1.16095514
0.97036702
-0.75399473
-0.95039305
-1.28200975
-0.79448520
-0.76755212
-1.09268102
-0.95524076
-1.30783389
-1.26529872
-0.89987377
-1.04650680
-1.02079437
-1.05701177
-0.99174200
-0.53706616
-0.84908976
-0.81094425
-1.05450187
-1.15217403
-0.97731910
-0.77779984
-1.06539855
-1.23131838
-1.16100426
-1.23412407
-0.96744057
-1.17949409
-1.03491489
-1.27672419
-0.95870085
-0.98311671
-1.27294419
-1.33172724
-1.53774185
-1.63508813
-1.66803003
-1.53433454
-1.27559329
-1.14584015
-0.75163819
0.93333541
0.81240309
0.66534073
1.12506298
1.26628083
1.27943368
1.42403065
1.14641756
0.87806716
0.92214734
0.88808663
0.62093526
0.68991886
0.84652071
0.53928673
0.37650942
0.40306659
0.51797231
0.49320986
1.05375372
-1.06436121
-1.67212031
-1.30099841
-1.57671526
-1.64732886
-1.55199179
-1.40917689
-1.46487792
-1.82382035
-1.56612027
-1.48480156
-1.29490822
-1.58910882
-1.33767945
-1.19343620
-0.96878355
-1.09601755
-0.96649241
-0.81856643
-0.88397882
-0.32580795
-0.18068139
-0.18500700
0.13817119
0.00831469
0.17122673
0.21512817
0.15983955
0.20879742
0.07569078
-0.24493335
-0.09159350
-0.12264775
-0.32957691
-0.10525812
0.03180517
0.05482072
0.00341351
-0.25900357
-0.33876513
0.60174355
0.70426916
0.81179452
0.71629922
0.68222692
0.47055234
0.41366916
0.44659535
0.45606256
0.53198293
0.79245471
0.18539926
0.27360065
0.22391875
0.38117799
0.32923374
0.31579486
0.71217091
0.79730434
0.50403106
0.91423162
1.21596449
1.00904830
0.73756314
1.24049895
1.59255472
1.80263230
1.47288209
1.34099266
1.28313229
1.64936611
1.89620036
1.44241472
1.23689916
1.46281010
1.50676816
1.77405899
1.33328111
1.47800217
1.07534544
-0.54488858
-0.53729310
-0.56917041
-0.65273047
-0.80028006
-0.80636363
-0.82075339
-0.93876384
-0.93779235
-0.90416955
-1.12013317
-0.74467681
-0.45764605
-0.62584794
-0.55635464
-0.70575634
-1.06523975
-1.03551838
-0.85609614
-0.65733609
0.87769736
0.97293011
0.94850730
0.92709191
0.91710318
1.10651764
0.72757520
0.81720655
0.86091060
0.87092995
0.78480244
0.79851495
0.93207561
1.03980776
0.90627301
0.60797721
0.89408749
1.11639674
0.69053744
0.66717103
1.26908938
1.18068069
1.16862579
1.01095468
0.75477041
0.97937535
0.79706816
0.78830351
0.63759872
0.88768109
0.79669421
1.16696459
1.30605927
1.47672295
1.78247502
1.84291955
2.00322977
1.93274857
1.46264128
1.47838788
1.91377145
1.85422709
1.54519314
1.75691546
1.60945149
1.48651700
1.66849497
1.68762636
1.46926503
1.46545026
1.34045947
1.50253922
1.32489060
1.35220725
1.49443797
1.89368009
2.08765962
2.13616034
2.34823602
2.05426695
0.13089018
-0.00507057
0.13423874
0.31087464
0.25441496
0.17695398
0.11265261
0.19978932
0.00632423
0.14627933
0.05358069
0.10118831
-0.24619157
-0.44992533
-0.56690646
-0.50464956
-0.36989238
-0.38806736
-0.57136414
-0.33330990
-1.03407480
-0.93897388
-1.05223890
-1.08174069
-1.26135177
-1.47297329
-1.47703553
-1.23085322
-1.29405569
-1.55806846
-2.05130925
-1.63528375
-1.63634500
-1.42798739
-1.62898008
-1.58015068
-1.77594987
-1.77676165
-1.27032731
-1.03400845
0.90793305
0.85408032
0.91328167
0.55509289
0.56716149
0.79596685
0.47630117
0.50595298
0.70633382
0.52167852
0.98582200
0.60986918
0.87727361
0.65277445
0.90059824
1.06374948
0.89305686
0.64574617
0.85700675
0.67306405
-0.23122261
-0.49113834
-0.06924733
0.01760117
-0.13460614
-0.46572397
-0.63259652
-0.41256380
-0.07339544
-0.08238417
0.09747635
-0.12957665
-0.07592484
-0.17802397
0.30004975
0.35854743
0.12535728
0.09815133
-0.07208166
-0.08222702
1.63790070
1.60892590
1.52709456
1.45871262
1.50667616
1.26234230
1.56763224
1.76362207
1.38466888
1.33062716
1.52601979
1.42116406
1.24449932
0.97042461
0.78628198
1.04421877
0.98805349
1.10611844
1.05380738
1.35099384
0.79766027
0.74446423
0.71611874
0.45919509
0.43092961
0.43261376
0.33094905
0.34594117
0.44437159
0.67085751
0.39071835
0.74268792
0.71125379
0.82554509
0.77986258
0.57915451
0.60228576
0.49501891
0.41560977
0.32113711
0.89156860
0.99347937
1.32117394
1.28808602
1.36095618
1.24351644
1.05825019
0.87713423
0.68014409
0.80256907
0.96431000
0.92709946
0.61694589
0.49723779
0.53757288
0.47525740
0.72972700
1.03895278
0.93346187
0.75424325
