phonon_position
0.72363429
0.86760243
0.86398798
0.89234135
0.85212973
0.87229935
1.04730686
1.00723141
0.48599994
0.56483235
0.77944487
0.75660415
0.75655098
0.73420463
0.63762458
0.63341176
0.58039986
0.33357630
0.42604017
0.97584067
1.50225691
1.35272398
1.07110630
0.81381575
0.66610970
0.64123479
0.68335353
0.74821805
0.69169350
0.29788875
0.45709450
0.69485094
0.72982671
0.51847377
0.72235131
0.39643406
0.68595710
1.16278307
0.99786493
1.38120783
-0.87409790
-0.94920138
-1.10295552
-0.94892603
-1.10642102
-1.04229673
-0.81204406
-0.33755453
-0.51151935
-0.44061521
-0.54900739
-0.29693766
-0.44416632
-0.60257182
-0.67182227
-0.81980816
-0.99818011
-1.00011707
-0.92773270
-1.09040052
-0.25124585
0.02752883
-0.02095117
-0.30014945
0.06048487
-0.24550769
-0.06527696
-0.35017352
-0.43647080
-0.09324850
-0.55497497
-0.65448613
-0.40832357
-0.00995116
0.12870628
0.04720424
0.12521613
0.04581501
-0.04865333
-0.37782501
-2.10416217
-1.80580848
-1.61979389
-1.88517239
-1.98687235
-1.79097015
-1.77617823
-1.92324787
-1.92872967
-2.03223319
-1.93758579
-1.34228762
-1.18821096
-1.24284088
-1.43793159
-1.81114347
-2.18129833
-2.69844330
-2.39848645
-2.28303663
0.67775625
0.44281407
0.46082076
0.33593811
0.06991975
0.07692212
0.04266733
0.16600705
0.41986497
0.68436233
0.59924692
0.50866525
0.36690132
0.61655236
0.81420644
0.72209192
0.77423717
0.51168757
0.67754411
0.70537166
0.65354740
0.57802374
0.61882594
0.56461284
0.66944859
0.56614224
0.40649104
0.23001280
0.51123196
0.39497639
0.80582960
0.55035165
0.65492383
0.59769985
0.40878019
0.28007429
0.28926057
0.23439348
0.22824412
0.55735051
-1.29462507
-0.81171644
-0.89000991
-1.06669912
-0.73314618
-0.88962051
-1.04571304
-0.97884089
-0.88565871
-0.90338005
-1.13328554
-1.08133655
-1.20681159
-1.51430231
-1.42533920
-1.65368410
-1.41691533
-1.35415849
-1.17252707
-1.43196207
0.95440708
1.22385397
0.98131697
0.59342091
0.61273441
0.72575954
0.56368653
0.61559639
0.82886046
0.99239148
1.04885078
0.84552310
0.70941314
0.66807916
1.10314679
1.20188166
1.14159831
1.05321059
1.26127197
0.89612100
3.39375556
3.62856733
3.51906282
3.46717425
3.59771653
3.36323812
3.10383069
3.20257800
3.21918137
3.01541281
2.73530885
3.23135595
3.45800604
3.33912574
3.30729966
3.26307434
3.27624631
3.32197839
3.46024846
3.68316506
1.05193369
0.90399581
0.81611432
0.80585885
0.74487145
0.61065368
0.50129970
0.47396422
0.45683487
0.50874601
0.63994177
0.59625472
0.25599757
0.02250538
0.38968371
0.27057514
0.60232083
0.80852238
0.92347042
0.93860751
0.11576561
-0.28668421
-0.27578980
-0.26365582
-0.22937955
0.06170027
0.07646304
0.16655608
0.08191073
0.07856655
-0.05786678
0.13990544
-0.03383519
0.19938515
0.09938177
-0.04341454
-0.01179341
-0.20357264
0.03016521
0.05799363
1.09427623
1.35356118
1.16788228
1.41800387
1.16108553
1.41867138
1.78518052
2.35471360
2.14912529
2.31066281
1.99512981
1.98693209
1.69678559
1.74754612
1.80301619
2.04054785
1.58643996
1.34361418
0.91130130
0.99422696
-1.74277953
-1.97944652
-2.09081730
-2.13714113
-1.93502914
-2.15996237
-1.97895498
-2.18344433
-2.02727419
-2.01631742
-1.82854534
-2.19180428
-2.14653123
-2.48088216
-2.23127109
-1.91685791
-2.00441197
-1.83687004
-2.13721339
-1.90031981
0.62426514
0.55723680
0.59969482
0.40582696
0.37751467
0.70232456
0.56664505
0.72885351
0.81329202
1.06565986
1.32111437
1.21013785
1.14673706
0.97605775
0.80341364
0.86590932
0.77502473
0.65924355
0.71007287
0.42920870
0.62422521
0.84533850
0.95656821
1.18301311
1.06802811
1.01917116
1.13210622
1.07067130
0.86651768
0.55147407
0.59609493
0.79689593
0.72630594
0.36720864
0.31323534
0.38050963
-0.06442939
0.01255838
0.35188509
0.40059176
-2.21274471
-2.55825360
-2.64081990
-2.43216306
-2.63162071
-2.91666315
-2.57132043
-2.58986992
-2.40885745
-2.23622174
-2.36541114
-2.15402973
-2.00219337
-2.23999141
-2.12065900
-1.81936339
-1.72917259
-1.96115566
-2.41712139
-2.25331453
0.30343028
-0.13386265
-0.22647806
-0.41504185
-0.35984002
-0.16232958
0.01460129
0.24102081
0.13690442
0.09890704
0.01324763
0.06691464
0.02260442
-0.26068164
0.14670128
0.51410775
0.25131968
0.27676072
0.25996883
0.35755572
-1.72072032
-1.32099910
-1.28405243
-1.41766542
-1.37799497
-1.13505626
-0.84789167
-1.08490404
-1.13837467
-1.15467166
-1.25489720
-1.17174819
-1.35264480
-1.53404690
-1.63320832
-1.41274744
-1.63486332
-1.91294014
-2.03240342
-2.09461616
0.22159429
0.20909742
0.06348482
0.24517882
0.53370037
0.42261894
0.06316734
-0.15387582
-0.10515766
0.06564374
0.30521848
0.19893497
0.59408621
0.45778076
0.42249060
0.24712729
0.33016032
0.46542567
0.30662343
0.50059873
-2.48820573
-2.45510149
-2.44789769
-2.07918137
-2.16368129
-2.03930086
-2.14169071
-2.16072618
-2.00082120
-1.84777197
-1.91645916
-2.18214901
-1.94872931
-1.71362118
-1.91867718
-1.80723178
-2.25817597
-2.21529573
-2.00064938
-2.11806936
-2.89917897
-3.23430661
-3.28821309
-3.09010555
-2.82649306
-2.69696757
-2.26352622
-2.07962933
-2.22267412
-2.35735815
-2.55547534
-2.46041576
-2.43075215
-2.73701888
-2.42819956
-2.59548828
-2.79477702
-2.54636527
-2.66496629
-2.50013657
1.64296405
1.67053074
1.59180531
1.36338591
1.42871730
1.37852231
1.58510077
1.20595735
1.60537905
1.61273944
1.68899714
1.98440353
1.67432190
1.42827963
1.22569164
1.25053374
1.32811668
1.46709613
1.52487530
1.56120829
1.59378846
1.21391695
1.04570742
1.03975224
1.15649648
1.03124452
1.12232771
1.29089153
1.23237232
1.39777237
1.46848776
1.45555810
1.18152946
1.04927049
1.06665891
1.17928138
1.26573697
0.77656631
1.02215454
1.54311673
-0.08813768
-0.26835609
-0.77708463
-0.76407192
-0.64811495
-0.39596095
-0.49360359
-0.03200394
0.18084517
0.02674416
0.21194334
0.28696779
0.19966510
-0.03222413
-0.12820090
-0.30123321
-0.31383449
-0.25594631
-0.26741327
-0.18356792
1.62724165
1.69457373
2.02252090
2.04636768
2.39577079
2.09155981
2.45348710
2.44181422
2.30247893
1.84286277
1.98131608
2.09221721
2.20538532
1.98235206
2.22883102
2.46242864
2.27506753
2.18631898
1.94271391
1.83239416
0.45695348
0.90090290
1.11556055
1.31346764
1.38525967
1.23323217
1.13796040
1.30272723
0.97564148
1.17796941
1.08230753
0.84416422
0.87661732
0.98036823
0.88099712
0.70848413
0.42463167
0.36576625
-0.13507625
-0.05499758
0.08652614
0.08927636
0.07734676
0.48865308
0.44344905
0.10006681
0.55888203
0.41541689
0.56528671
0.42146409
0.26330202
0.23824580
0.09319268
0.40102267
0.22972371
0.18992085
-0.17233175
-0.02675430
0.06006359
-0.04972937
-1.38853438
-1.06881662
-0.81755686
-0.66919987
-0.28682079
-0.36780321
-0.45818701
-0.53274592
-0.74811444
-0.79598792
-0.77222083
-0.99941145
-1.06078965
-1.18293643
-1.24485694
-1.24713197
-1.43035599
-1.47103322
-1.32301213
-1.33770905
-1.00115163
-0.82186980
-0.89216393
-0.78487797
-0.51400424
-0.87713460
-0.73090828
-0.78826819
-0.76439656
-0.70731199
-0.63664763
-0.84439918
-0.74925904
-0.90569948
-0.72382948
-0.76862448
-1.11768235
-1.15745722
-1.20171921
-0.91986969
2.86338034
2.79425465
2.80368677
2.61263891
2.64289190
2.81300492
2.83481730
2.52575144
2.61323566
2.43101391
2.33555369
2.65991141
2.50720778
3.04310732
3.12291975
2.98414454
3.31481887
3.01168476
2.96407988
2.67284636
1.44147815
1.52567968
1.63110927
1.61002150
1.50989054
1.23100806
1.24629735
0.98933831
1.30366856
1.21601284
1.16396664
1.06953100
0.96097985
0.93073063
1.10710528
1.17850286
1.12873414
1.34926403
1.40488614
1.23897071
-1.66577944
-1.71975062
-2.00902171
-2.12549162
-2.30689943
-1.92646218
-2.36571157
-2.46602845
-2.31648232
-2.62612299
-2.38449249
-2.15982845
-2.20502156
-1.83960787
-1.66979577
-1.47153439
-1.55153249
-1.47818539
-1.62747619
-1.90849906
0.52736047
0.78153719
1.12158436
1.03385292
0.92209272
0.91774697
0.92964771
0.97323415
0.81391290
0.46569858
0.41034866
0.60218358
0.59419648
0.64040786
0.72978544
0.41858570
0.66625872
0.59153682
0.32240842
0.52879939
-2.18352205
-1.96585463
-1.89913974
-2.05538289
-2.04469812
-1.90472652
-1.64888920
-1.98157502
-2.27754513
-2.39820784
-2.20028189
-2.20493554
-2.09450037
-2.04788299
-1.93550897
-2.21661205
-2.46240240
-2.57382978
-2.46213090
-2.01607933
-1.23105985
-1.13032288
-0.92723428
-0.44255157
-0.80956989
-0.59531805
-0.60915162
-0.14030435
-0.30534117
-0.26153261
-0.66946305
-0.69333024
-0.93999091
-0.84499751
-0.65718945
-0.82529681
-0.77838272
-1.12826512
-1.19919068
-1.07164711
0.50133073
0.39738024
0.44438111
0.34086788
0.54086735
0.54430951
0.53382300
0.39367767
0.55798304
0.31422729
0.41745049
0.59117023
0.31219704
0.29116508
-0.04908741
-0.16068726
0.26243714
0.39411329
0.61121019
0.43576010
2.08255557
1.95600447
1.87198927
2.00447637
1.84029318
1.79866362
1.45071700
1.44793324
1.56988252
1.49128232
1.79317850
2.03187261
2.02620560
1.86324313
1.78854467
1.66023699
1.86563233
1.74880631
1.87714945
2.27939207
0.67806874
0.55286904
0.58604151
0.49047835
0.88409297
0.61119580
0.74505584
0.76887150
1.00840938
0.70956236
0.75579359
0.54063419
0.26892632
0.31917514
0.47688593
0.66996509
1.05012598
0.95214831
0.75585208
0.64334494
-0.65606867
-0.43964856
-0.41190341
-0.53393431
-0.28694288
-0.19026530
-0.19308085
-0.37725255
-0.83280116
-0.86695597
-0.97392738
-0.89562623
-0.95779440
-0.93162714
-0.84351341
-0.50052451
-0.60546152
-0.74711283
-0.88266774
-0.87734232
0.37836339
0.16485185
0.41330763
0.54042015
0.61838706
0.34280143
0.36071313
0.49510203
0.55956555
0.94671340
0.85982290
0.76118105
0.91974993
0.53205887
0.31331493
0.56645942
0.49319033
0.53083459
0.26254475
0.59656744
-0.10488059
0.13448670
-0.04615370
-0.15501152
-0.28694264
-0.19432012
-0.09925729
0.08451955
-0.03738976
-0.10334722
-0.40059439
-0.66211830
-0.80023509
-0.78074774
-0.27120713
-0.24535147
-0.32353241
-0.31214934
-0.23348946
-0.00537650
-0.59574170
-0.53633571
-0.59509118
-0.71882311
-0.86789360
-1.00264031
-1.23746525
-1.02833813
-1.08606097
-1.08493918
-1.19153860
-0.80289251
-0.54294990
-0.48511247
-0.25436894
-0.36588081
-0.01290604
-0.32637945
-0.49281835
-0.54707262
0.72321861
0.82449872
0.84460590
1.10393948
0.87207386
1.00310705
1.11353561
0.95650763
1.30422418
1.24953503
1.01222760
0.84019801
1.12062651
1.11122547
1.01604049
0.61280161
0.70054105
0.61705733
0.51662094
0.73551362
-0.76292157
-0.58946915
-0.41508181
-0.55526055
-0.64975610
-0.56589448
-0.35974096
-0.26570443
-0.17852941
-0.05180947
-0.13309509
-0.09340683
-0.39729746
-0.09395954
-0.08995753
-0.21831784
-0.03824115
-0.17184570
-0.44801324
-0.46177784
-0.14230048
-0.03020019
0.20638478
0.01634313
0.13588035
0.10304488
0.05699123
0.30660184
0.55782485
0.66064034
0.24542029
0.32347591
0.46962668
0.24996273
0.48057083
0.30428384
-0.04685967
-0.00443858
0.17823995
-0.12264100
1.49439352
1.53930124
1.53996656
1.40346945
1.46646437
1.39641565
1.67073336
1.83025904
1.75952537
1.53334401
1.63342199
1.18826833
1.45921358
1.15186220
1.20051777
1.30458035
0.98511611
1.26957691
1.80135863
1.73880950
1.84518914
1.73523912
1.58295711
1.40084180
1.27889926
1.35978223
1.76242890
1.63175114
2.05472140
2.16041951
2.09995836
1.94169570
1.72062699
1.88927929
1.99518309
1.62814239
1.98596540
1.95450748
1.81063282
1.77332741
-0.28476771
-0.51121759
-0.53640258
-0.34350842
-0.32197230
-0.43267571
-0.69579414
-0.75760869
-0.84171502
-0.74459242
-0.69158915
-0.42682045
-0.67636065
-0.90960249
-0.87248402
-1.09461049
-0.59547338
-0.41490591
-0.91423442
-0.72345273
-2.14788785
-2.17054077
-2.25257630
-2.73110426
-2.75587824
-2.90730011
-2.89199004
-2.71292990
-2.41182273
-2.41129609
-2.51460841
-2.61905313
-2.75645199
-2.48721206
-2.50352782
-2.43227627
-2.32612032
-2.06521260
-2.37775050
-2.23737288
0.62455981
0.24871495
0.35825561
0.25315808
0.01919665
-0.11810399
0.15387413
0.43226417
0.56246343
0.67560106
0.30488807
0.19336991
0.49661787
0.53110979
0.72943250
0.58523522
0.77648500
0.71332570
0.43121510
1.20660806
-0.09197923
-0.10746262
0.20813855
0.30137175
0.40492119
0.50899870
0.33872564
0.02033027
0.16035692
0.20410318
0.10394922
0.21828289
0.27984062
0.24503287
0.38396952
0.45216640
0.37175932
0.32260026
0.21597568
-0.23568235
-0.92766859
-1.02105461
-0.52004544
-0.45411842
-0.29588334
-0.49002961
-0.49086491
-0.34497065
-0.61558837
-0.31030092
-0.11179021
-0.30028313
-0.33744748
-0.44069924
-0.53168984
-0.12858625
-0.02024903
-0.50522647
-0.82747185
-0.85895290
0.53502693
0.64393914
0.85593407
1.18529250
1.07035021
0.99190009
0.55415884
0.46097324
0.23173266
0.23907888
0.24237726
0.72123984
0.65654516
0.45733747
0.68256388
0.59105870
0.32133185
1.04876437
0.57639484
0.73923915
1.88821256
1.85038421
1.85165547
2.08169083
2.03211993
1.79269164
1.78294079
1.86547123
1.66586876
1.39074581
1.04544876
1.04979177
1.25362147
1.32837568
1.60668596
1.69355453
1.85764772
1.91460005
1.74272577
1.80672901
0.01988819
0.53445038
0.65502696
0.49437824
0.20545370
0.22227397
0.22979313
0.22600540
0.03300701
0.19083394
0.32827306
0.51040220
0.18652332
-0.25360237
-0.00352090
-0.26922440
-0.26290847
-0.55004346
-0.59111183
-0.34828120
-1.07389625
-0.86566587
-0.54800997
-0.55923081
-0.38277070
-0.60522425
-0.82310912
-0.81178243
-0.68166749
-0.74771487
-0.75730951
-0.77426015
-1.45198037
-1.31322404
-1.20456032
-1.12600141
-1.23510665
-1.07998931
-1.09237641
-1.27531782
2.75374395
2.47133854
2.55804985
2.64756844
2.46046564
2.58354818
2.81091652
2.52487277
2.43575018
2.46359553
2.19509715
2.26068607
2.32727438
2.11120719
2.35103161
2.40715235
2.31214370
2.40910404
2.72679242
2.57186901
1.43500039
1.73967669
1.68981266
1.51471704
1.65502475
1.73460779
1.77216355
1.55731316
1.37688161
1.69764260
1.71134777
1.29892224
1.74604117
1.61329602
1.72774142
1.40382079
1.22372615
1.12993132
1.29940667
1.29569179
-2.93068224
-3.03529546
-3.30941419
-3.23887733
-3.27020032
-3.20717201
-2.98679725
-2.73816202
-2.89917570
-2.69576561
-2.49487674
-2.74686363
-2.89314964
-2.89992345
-3.11687252
-2.87307817
-2.81539752
-2.95331377
-3.09047194
-3.13559061
2.78343908
2.54833711
2.48402098
2.65738040
3.05825625
2.93243568
2.86409382
3.07802013
2.90858395
2.86071761
2.72310955
2.67021831
2.83309543
3.00557228
3.07062310
2.99064750
2.94391655
2.86310624
2.62688868
2.49973882
-0.60641278
-0.61330820
-0.42125087
-0.53816099
-0.41627300
-0.42910068
-0.35124773
-0.96543430
-1.04798950
-1.19272898
-1.40256332
-1.11650465
-0.77919658
-0.63859092
-0.87158560
-0.82142085
-1.19731224
-1.28054644
-0.99818314
-0.82870229
-2.10633341
-2.29529232
-2.41826420
-2.30994164
-2.13946639
-2.20321946
-2.61172900
-2.61517715
-2.54068549
-2.05959724
-2.37825630
-2.23826850
-2.31889184
-2.34614266
-2.51567734
-2.32240552
-2.56456923
-2.40608515
-2.61111490
-2.47609636
0.15433420
0.10977181
0.00367262
-0.15419023
-0.32693830
-0.07523018
-0.05265225
0.19787238
0.11692820
0.07238756
-0.37270674
-0.13564932
-0.15702842
-0.16765224
-0.31870810
-0.29946980
-0.15647613
-0.11977480
0.02210409
-0.06291425
2.01135820
2.45483350
2.27108396
2.06375853
2.44847540
2.41484588
2.79468480
2.38626734
2.40320458
2.42945512
2.49710875
2.30751401
2.17920842
2.13023678
2.26014080
2.31984985
2.40067447
2.69591509
2.34074420
2.16705495
-0.23032822
-0.18894448
-0.48177148
-0.36802365
-0.26736620
-0.23230550
-0.29314144
-0.14505902
-0.08016427
0.04762255
-0.27813211
-0.25665029
-0.60904032
-0.60354826
-0.47251565
-0.60627250
-0.76945692
-0.61820231
-0.49484113
-0.49576669
-0.00855506
-0.11004588
-0.37424917
-0.80478345
-0.65345368
-0.62766373
-0.41700279
-0.28873483
0.00174305
0.19158220
0.14443526
0.16450194
0.17191592
-0.06039621
0.14738140
-0.00647217
0.00690284
0.03366334
-0.02565183
-0.17535854
0.01110139
-0.19572401
-0.41197659
-0.09563040
-0.22599678
-0.05811830
0.14073045
0.34189759
0.30913117
-0.11144634
-0.32293932
-0.11076870
0.06675980
0.00300661
-0.36451647
-0.28362742
-0.61782983
-0.69838153
-0.59783159
-0.18097105
-0.99397061
-1.06368974
-0.87387857
-1.34814354
-1.63802827
-1.92706522
-2.00520891
-1.58181029
-1.50788355
-1.49271499
-1.51502086
-1.50520250
-1.27057642
-1.16788483
-0.91169175
-0.96779020
-0.53634460
-0.73349707
-1.08417362
-0.75638978
-0.45343449
-0.50591761
-0.64281486
-0.36685344
-0.20489344
-0.41593306
-0.24262951
-0.06519474
0.27606154
0.33996067
0.67066219
0.59615810
0.30399375
0.34346724
0.15086686
0.18264656
0.16962561
0.07248369
0.05504975
-0.09454184
1.58372420
1.83116212
1.76654144
2.07874924
2.14935611
2.23923606
2.16695637
2.26637259
2.31407631
2.13469503
2.15659052
2.28382195
2.12055125
2.21873436
2.02450112
2.10842891
1.75382555
1.55073153
1.59043600
1.65742411
1.18074810
1.05062745
1.02299060
0.80026832
1.00773841
1.42966677
1.28474846
1.06384023
1.30109467
1.17536018
1.33554064
0.92324164
1.28275809
1.19240938
1.23425943
1.45061849
1.67004158
1.69389621
1.67976072
1.45180441
-1.04707582
-0.96510117
-0.88010005
-0.57717096
-0.53071165
-1.02360153
-0.85610849
-0.70191798
-0.73590586
-0.90924884
-1.20848356
-1.16734882
-1.14504773
-1.25292636
-1.14694910
-1.20539922
-1.41052711
-1.15182892
-1.29702327
-1.25900866
-1.26844195
-1.03718450
-0.94344266
-0.88452281
-0.73704203
-1.16268462
-1.15699713
-1.04385822
-1.32469336
-1.29374702
-1.51325414
-1.32084441
-1.50137977
-1.33818502
-1.38347609
-1.30323148
-1.48996416
-1.67651723
-1.52053529
-1.42983443
-1.33163614
-1.42065047
-1.77552566
-1.66800782
-1.39751873
-1.33342705
-1.18703047
-1.15011593
-1.39509636
-1.43635690
-1.25573685
-1.25438610
-1.10568259
-1.35499554
-1.22029316
-1.37367761
-1.23062218
-1.25430926
-1.15659755
-1.05404771
-0.77918498
-0.83113193
-0.75572292
-0.93420506
-1.17341257
-0.76383633
-0.75118163
-1.01360761
-0.84161611
-0.80749581
-0.93852967
-0.67261691
-0.69084182
-0.65173998
-0.69794229
-0.85318066
-0.74134648
-0.65028720
-0.70663212
-0.54221212
3.24506721
3.28547468
3.30366155
3.44053263
3.20426075
2.98497020
2.82356205
2.61943930
2.41210366
2.87164647
3.20782361
3.38081639
3.36746020
3.34734304
3.32811801
2.96819417
3.47770487
3.25948526
3.07782954
3.13823966
-2.95759768
-3.09246078
-3.01019893
-3.00949833
-2.72357609
-2.60540580
-2.52539241
-2.70713779
-2.85285723
-2.63490624
-2.91802449
-3.32663712
-3.30424912
-3.04956092
-2.82289208
-2.61101189
-2.98402708
-2.77574784
-3.04911142
-3.07645422
-0.92787329
-1.08949773
-1.25975164
-1.60958014
-1.61982565
-1.20716333
-1.05518407
-1.23523467
-1.17803907
-1.03662520
-1.04383895
-1.01762993
-1.12744230
-1.04106837
-1.05251016
-0.72541042
-0.60622057
-0.61072267
-0.87147683
-1.23392591
0.20461639
0.25275431
-0.19501261
-0.15963576
-0.15298035
0.20121575
0.01469494
-0.18395866
-0.45647422
-0.50295616
-0.48195374
-0.56290022
-0.08127138
0.30791000
0.20881500
0.15123605
0.38641447
0.70504626
0.49929677
0.16279726
0.97312267
1.11741864
1.25597619
1.28930617
1.46516104
1.58137806
1.69203427
1.58365810
1.64889561
1.68463952
1.65118953
1.29217568
1.05625100
1.33518048
1.16656624
1.23686062
1.01285163
1.02863616
0.99660107
0.99231123
-1.05084635
-0.89646216
-1.32465863
-1.42124411
-1.39631596
-1.38435456
-1.10835543
-1.16839514
-1.09960473
-1.19328424
-1.36999748
-1.19734179
-1.32242833
-1.27012997
-1.19033183
-0.98899210
-0.95805140
-0.78173218
-0.68770919
-0.69176294
-1.05143928
-1.03210920
-1.27451332
-1.11011403
-1.10660195
-1.31310606
-1.06560536
-1.29019507
-1.40329347
-1.74998255
-1.71547920
-1.18369998
-1.11309403
-0.98990910
-1.24072509
-0.52701193
-0.39625429
-0.43680948
-0.36562009
-0.73106815
0.14155526
0.25528984
0.06870685
0.24047948
0.26999001
0.13315047
0.81897140
0.90089199
0.94411625
1.11514713
0.93399651
0.77335674
0.74896780
0.59373822
0.67043013
0.83148620
0.65771213
0.82399765
0.45974224
0.22579484
0.82816595
0.99792305
1.08093096
1.63620104
1.50642613
1.47898589
1.47111749
1.64998656
1.55916154
1.67461601
1.82751363
1.54033253
1.02985340
0.95122117
1.03268700
0.98787498
0.99791046
0.80360999
0.87179803
0.86363641
-1.24307146
-1.26534931
-1.39002498
-1.35979926
-1.10843854
-1.25849061
-1.13132843
-1.37534256
-1.75633048
-1.85327083
-1.62785413
-1.22665431
-1.41400490
-1.44547955
-1.40814658
-1.19829818
-1.20286771
-1.23998108
-1.47260701
-1.16513436
1.79871677
1.78769526
1.75952212
1.80781998
2.07188110
1.96018284
2.33501485
1.97238704
2.02597991
2.31801787
2.21220760
2.17149403
1.90973091
1.81669215
1.72671038
1.72818250
1.31447563
1.70840291
2.09747924
2.01578202
-0.21976795
-0.17177959
0.16774873
-0.03468061
0.08012460
0.26182563
0.29242980
0.51262426
0.56184889
0.22222234
-0.01597384
0.21626348
0.23111751
0.03698804
0.17801260
0.27816777
0.25663297
0.21276953
0.23890152
-0.21647987
-0.45079188
-0.46106474
-0.34064003
-0.52650377
-0.78300285
-0.65563021
-0.57275399
-0.54666180
-0.52635741
-0.24782346
-0.25866248
-0.10829053
-0.20671138
-0.14857098
-0.11478414
0.06394199
-0.13092475
-0.40863679
-0.34361120
-0.48780560
-1.64492282
-1.74095025
-1.69792357
-1.42417367
-1.69418719
-1.87064908
-1.54795735
-1.43187131
-1.12612447
-1.05629131
-1.07927434
-0.74502008
-0.86583368
-0.53458165
-0.42901616
-0.73691652
-1.19938153
-1.27098477
-1.40182628
-1.64817776
-1.64154479
-1.39269947
-1.58605717
-1.88470901
-1.86055931
-1.98068497
-2.27544964
-2.45407553
-2.23062734
-2.54443723
-2.32415827
-2.05408053
-1.78877478
-1.74573787
-2.05187554
-1.87501054
-2.12450171
-2.09217201
-1.86139274
-1.73418271
0.36629659
0.48527676
0.34758763
0.40847743
0.69441565
0.56143222
0.73428857
0.28542135
0.46610120
0.88835701
0.90866877
0.52412375
0.75454929
0.85551411
0.83887560
0.95105939
0.86273613
0.88025042
0.76131872
0.68313137
-2.14341538
-2.12623910
-2.40724723
-1.77022640
-2.05761179
-2.15982290
-2.34953858
-2.06491049
-2.46124412
-2.45148046
-2.16065372
-2.15732282
-1.82240068
-1.72968479
-1.79682076
-1.46654448
-1.56969665
-1.73132510
-1.72838183
-1.97353429
-1.65592158
-1.87771194
-1.61996298
-1.29559851
-1.35858410
-1.37741955
-1.34235169
-1.27575224
-1.27371590
-1.51090027
-1.60700577
-1.71342670
-1.69117862
-1.32809750
-1.04220397
-1.10088254
-0.97120641
-1.06152809
-1.02627213
-1.66182271
0.86640673
0.79548656
0.80543372
0.46739910
0.29448706
0.68096471
0.90712817
1.08406388
0.84747891
0.80674703
0.58254299
0.65084283
0.62163129
0.95246583
1.25400185
1.10302233
0.92698231
0.99125131
0.95319164
0.62777306
2.07059788
2.02161126
2.03342188
2.09146712
1.90294264
2.06239670
2.13789441
2.10891587
2.22697163
2.33393897
2.05387065
2.00353706
1.95600859
2.28595520
2.32766004
2.38694822
2.29785837
2.13956511
2.19995347
1.89171429
-0.49655176
-0.28937234
-0.27355745
0.07990967
0.10651394
0.37523101
-0.23040507
-0.22163905
-0.33861417
-0.69926920
-0.69173646
-0.93592210
-0.78925804
-0.97551921
-1.26344076
-1.29512459
-1.33668867
-1.14717757
-0.91790085
-0.87004509
-1.33892777
-1.18520931
-0.82531882
-0.89615413
-0.67137714
-0.45701617
-0.07808275
0.00765698
0.18323529
0.17633986
0.35718299
0.21308179
0.07596224
0.17276747
-0.33028701
-0.79980943
-0.81172925
-0.98660321
-1.02891373
-1.36367980
0.63802185
0.27006886
-0.22387633
-0.02464094
0.03062367
0.39086953
0.44587577
0.25447686
0.11627473
-0.03076425
-0.41430669
-0.33579374
-0.10108070
0.08283636
0.40235474
0.53539047
0.98043452
0.66041863
0.77168553
0.60075167
-0.84494264
-0.96005161
-1.23592595
-1.32075557
-1.29103880
-1.49471689
-1.71862949
-1.63860012
-1.60967457
-1.64011047
-1.73313168
-1.82299641
-1.99956250
-1.92138461
-1.73467774
-1.14082537
-0.72017860
-0.65917024
-0.62405151
-0.80884367
1.32854237
1.40432367
1.66263361
1.63010061
1.81731744
1.41137864
0.94152064
0.99719253
1.10756527
1.69941878
1.97092106
1.89192497
1.56180422
1.40474848
1.38884839
1.19168021
1.43578014
1.17141973
1.17174882
1.16319789
0.71288856
0.48985640
0.58106783
0.67885704
0.78850460
0.82166313
1.09308503
1.58472678
1.45569343
1.39618352
1.79094183
1.84738932
1.69298075
1.51502280
1.47254951
1.26806625
1.26490867
1.32456729
0.82329269
0.84980504
-2.63625788
-2.70791201
-2.38796486
-2.41087889
-2.18445965
-2.16488776
-1.86601350
-1.85891406
-1.40608757
-1.52831559
-1.45973528
-1.74429040
-1.87053351
-2.15671209
-2.43971017
-2.39899256
-2.62631954
-2.54899981
-2.39003826
-2.62450274
1.41859331
1.62725622
1.83548298
1.89422418
1.83569683
1.76904022
1.74050356
1.56554880
1.54395722
1.58618114
1.28855573
1.32428343
1.28444307
1.30361105
1.52027021
1.38312014
1.21822267
1.26773129
1.61999985
1.46840554
-1.41402594
-1.75312108
-1.93624608
-1.86581960
-1.75884747
-1.78002482
-2.01513610
-1.96656717
-1.84571744
-1.73564027
-1.69856312
-1.36515738
-1.06052495
-0.89974072
-0.58323505
-0.62567915
-1.03023161
-1.04083125
-1.17480867
-1.41556843
0.68397623
0.60590378
0.60249634
0.29855852
0.11188391
0.26708610
0.11065429
0.28199189
0.33831179
-0.08690542
-0.23685040
0.20690091
0.47794873
0.51929404
0.45025455
-0.03846206
0.11838884
0.11581308
0.13309081
0.37161448
-0.73679969
-0.99103206
-0.72654728
-0.71139218
-0.72203242
-0.63602428
-0.54682320
-0.37417373
-0.63374168
-0.77772768
-0.73370240
-0.67317496
-0.50554163
-0.05747533
0.02362012
-0.43744454
-0.30681429
-0.59434184
-0.82551448
-0.74892586
0.15253930
0.07558531
0.16099823
-0.34611553
-0.70397404
-0.60457081
-0.43690843
-0.35693342
-0.61331300
-0.31017365
-0.60211881
-0.06407344
-0.00997274
-0.20613523
-0.08965605
0.15576794
0.24832158
0.31944112
0.03683181
0.18751205
0.96374583
1.30149705
1.22275424
0.93198679
1.14673901
1.20271058
1.28575350
1.21036632
1.14382396
1.15660343
0.99007904
0.84413057
0.84262527
1.02684445
0.98849750
0.71315619
1.01631553
1.07683353
1.11247375
0.74924337
-0.17327812
0.15133981
-0.00899336
-0.08674849
0.26877964
0.17494268
0.04085304
0.43848239
0.61489003
0.50095424
0.38886005
0.37320884
0.20146050
-0.00290754
0.17584199
0.26708248
0.15229841
0.25765775
0.03870811
-0.02468577
-1.17606187
-0.97932776
-1.01862348
-0.70502131
-0.54623250
-0.37989720
-0.53504078
-0.33456270
-0.16177459
-0.02531764
0.18736836
0.02234190
0.03912763
-0.11339651
-0.39276390
-0.75147491
-0.68467976
-0.68751073
-0.76433433
-1.24402217
-1.04743339
-1.09839171
-1.23225659
-1.37685553
-1.46574125
-1.62784470
-1.78487925
-1.71642406
-1.68438348
-1.65274815
-1.44527328
-1.32920021
-1.31833334
-1.18855013
-0.93337940
-0.67917330
-0.75721999
-0.25945647
-0.78810197
-0.88839977
1.17854917
1.50401765
1.22269023
0.90207278
0.90319774
0.89116356
0.90232291
0.82385028
1.05189667
0.94647832
0.98947979
1.20704260
1.15347344
0.83265507
0.41962628
0.50966575
0.17580155
0.48285992
0.53267519
0.46969811
0.62107320
0.57010997
0.28711856
0.24463094
0.16300631
0.23185177
0.23318599
0.01287072
0.37501540
0.43273065
0.25559668
0.45434801
0.40863693
0.59512577
0.54699322
0.51881716
0.47476150
0.64481745
0.56335368
0.57801482
-1.06127742
-1.26940824
-1.22159173
-1.46680581
-1.45875107
-1.47018939
-1.18306257
-0.87102366
-0.79205470
-0.79954895
-0.65233832
-0.74754406
-0.75436269
-0.68730510
-0.63562556
-0.58597926
-0.75792547
-0.84084871
-1.08829254
-0.85930727
-1.06839302
-0.90605324
-0.54918174
-0.64060151
-0.60249990
-0.85362000
-1.09849565
-0.68946388
-0.43806374
-0.86223060
-0.69130977
-0.89155332
-1.41247696
-1.21466412
-1.36321975
-1.33644683
-1.25820955
-1.05080974
-1.09473480
-1.28504967
0.19643175
0.41013662
0.33762372
0.10441312
0.31671019
0.58689546
0.61864846
0.61018968
0.88526273
0.98872729
0.50175194
0.66444851
0.75379030
0.37537578
0.36807693
0.23922929
0.03548918
0.10588194
0.19019436
0.28544351
1.25719900
0.96502707
1.12019095
1.13258644
1.14474180
1.29769509
1.21443254
1.63108620
1.86861921
1.55863946
1.31676268
0.97350410
0.91159807
1.12176069
0.93022787
1.20300512
1.31003729
1.37158062
1.11959283
1.36418476
0.95289675
0.83493948
0.97299918
1.20731496
1.12972133
0.71866835
1.00260827
1.14054255
0.98841801
0.77236718
0.20753391
0.59226552
0.82207926
0.45331473
0.62876820
0.55690916
0.36629777
0.48556218
0.79768017
0.78002100
1.39222845
0.89693144
0.98593300
1.38924218
1.28564181
1.27290448
1.22871612
1.01030288
0.83414554
0.82588240
0.66445192
0.87855707
0.84977241
0.34380198
0.55450003
0.71063079
0.96999316
0.98532180
1.33060143
1.49523738
-0.48993926
-0.41116601
-0.20981774
-0.79819339
-1.00884353
-1.06569205
-0.61408260
-0.56594792
-0.33099469
-0.21153432
-0.72528397
-0.87854133
-1.03596486
-1.47983762
-1.27711728
-1.08975676
-1.23578052
-1.07932727
-1.24207473
-1.05595133
0.56222733
0.61102638
0.70686186
1.04864801
0.77526420
0.79865274
1.08542175
1.08332745
0.73376338
0.67235119
0.55459226
0.46501712
0.00390662
-0.20164276
0.54578062
0.53977991
0.79463165
1.01359522
1.09451245
0.87748763
-0.65655501
-0.73237481
-0.73188916
-0.32632665
-0.43658561
-0.50109402
-0.60465398
-0.66989035
-0.77581962
-0.52229159
-1.01347117
-0.92790145
-0.66806988
-0.63766767
-0.28683415
-0.59949071
-0.67874058
-0.73351896
-0.83736499
-0.65317669
1.72232969
1.70296982
1.45370703
1.33071760
0.91136002
1.47963226
1.20271760
0.97987412
1.40737318
1.79685030
1.54844515
1.54145480
1.45442786
1.40806737
1.59563954
1.45094659
1.48380161
1.58999784
1.51446072
1.62807809
-3.25942588
-3.10933682
-2.86176558
-2.52607769
-2.67821804
-2.59713801
-2.40511873
-2.64555871
-2.68374152
-3.09997429
-2.85827061
-3.20611234
-2.93111476
-3.13041001
-2.80523401
-3.03333154
-3.04405757
-2.65531681
-2.97360405
-3.05393190
0.32795636
0.30786895
0.10930458
-0.05156020
-0.36834080
-0.26509411
-0.42341847
-0.32962258
-0.37304187
-0.32249022
-0.21904090
-0.35724209
0.05403692
-0.16051632
-0.23169831
-0.60513630
-0.58606422
-0.20570247
0.02490986
0.13742311
1.01383684
0.77259971
0.62678931
0.80447618
1.20916101
1.29736987
1.15775051
0.95557428
0.78758860
0.66771649
0.66401918
0.45241299
0.66997661
0.55967878
0.52013128
0.50297998
0.58244276
0.81802249
0.51303266
0.83324368
-1.10395959
-1.09084923
-1.12862450
-0.93962807
-0.76335809
-0.58969194
-0.85888631
-0.40162775
-0.45299757
-0.54873100
-0.68368042
-0.70585380
-0.98724105
-0.83206290
-0.84728900
-1.07773440
-1.09496100
-1.11985030
-0.96627031
-1.06185763
1.52227047
1.83761710
1.82619492
1.85594469
1.60330015
1.55619356
1.54369901
1.36955870
1.40981619
1.10829485
1.30812761
1.66236126
1.76474750
1.75027088
1.53499224
1.51293839
1.19763737
1.11173941
1.19026859
1.21552300
1.22620197
0.84631608
0.69171710
0.47907415
0.49485566
0.31550861
0.27784870
0.64699373
0.87871287
0.90079691
0.91976603
0.62916344
0.73490907
0.80249163
0.50397496
0.96233723
1.28927840
1.15472362
1.09326740
1.42836304
2.64585417
2.41579136
2.44567420
2.87308607
2.83912340
2.74525291
2.35603917
2.18331489
2.30639104
2.03122521
1.90144477
1.86358670
2.00894950
1.74228708
1.81320174
1.57248513
1.74636484
2.00282533
2.35968991
2.51515117
0.49847863
0.39132786
0.41253494
0.34168012
-0.05213718
-0.05288398
-0.02400880
-0.16290542
-0.15342982
-0.17198143
0.14274503
-0.01907202
0.11598082
0.58504294
0.53615883
0.47788946
0.65217509
1.01164666
0.96180368
0.85770742
0.00915289
-0.16743005
-0.13658607
-0.09665325
-0.06370410
-0.27397879
0.01531433
-0.21941091
-0.29765077
-0.62080317
-0.78313039
-0.77176506
-0.35706892
-0.46432555
-0.03644287
0.19972882
0.22090255
0.16098104
-0.28248888
-0.18417961
1.63597574
1.67429542
1.62057837
1.34895684
1.55790167
1.66932060
1.49916551
1.45699792
1.40731830
1.42070560
1.45134473
1.58501773
1.40124193
1.90329666
1.81668427
1.94912463
1.65451517
1.56522391
1.81834638
1.35712806
1.59991189
1.51954981
1.60329690
1.83914989
1.93185948
1.99427989
1.74121603
1.99045825
1.98854462
1.96915414
2.22485302
2.84110937
2.85830111
2.56341590
2.59907732
2.39517379
2.15129157
1.38268878
1.26330130
1.33758437
-0.75171583
-0.92421515
-0.82854683
-0.64205586
-0.72700376
-0.47675703
-0.66889789
-0.52710072
-0.58349296
-0.79346626
-0.88390045
-0.75137767
-0.41099800
-0.61008514
-0.53553612
-0.59764215
-0.75058672
-0.71980397
-0.88613158
-0.71720875
0.29123933
0.06385626
0.15369253
-0.08137222
-0.15315508
-0.06425286
-0.00302042
-0.26265419
-0.01208030
-0.17136754
-0.10947462
0.20812244
0.34930624
0.32487285
0.46279690
0.21251184
-0.03814280
-0.00555807
0.20459129
0.33990620
2.39941904
2.46966148
2.36366671
2.36437672
2.48585241
2.44677982
2.56144667
2.55915890
2.80958488
2.79898838
2.96387582
2.44439493
2.48601381
2.42019562
2.59466126
2.78220680
2.57060245
2.35713834
2.69593443
2.54311334
-0.11254704
0.01902286
-0.01781052
-0.06945139
0.18697055
0.30557177
0.17426255
-0.16660872
-0.37166264
-0.20722514
-0.05086202
-0.30190209
-0.21081013
-0.28382280
-0.66364583
-0.59259917
-0.35283176
-0.08027931
-0.21196640
-0.06660575
2.59268185
2.20072338
2.79010131
2.51090029
2.47669089
2.60244256
2.73196184
2.51882271
2.59140551
2.44813356
2.48038290
2.20323086
2.36847670
1.78229821
1.60663284
1.74467443
2.15505986
2.38823080
2.50954273
2.76143479
0.82650521
0.89110168
0.82027993
1.12279380
0.94156853
0.96905212
0.84887689
0.98866664
1.13351167
1.12087606
1.01839943
1.02146441
1.32459926
1.16608632
1.07471582
0.71133408
0.28232337
0.38129743
0.41090277
0.86889277
2.15695644
1.97610095
2.08036563
2.18731087
1.94241396
2.09066399
2.00964197
1.73861410
1.64799825
1.69763011
1.70316028
1.92532537
1.79794684
1.88797099
1.64359291
1.60235912
1.68229650
1.91086639
2.06703687
2.02993746
-1.98406386
-2.02002022
-2.07400685
-1.73807012
-2.11124331
-2.15397840
-2.05748312
-2.04325724
-1.65255239
-1.39047344
-1.25685236
-1.49637691
-1.47254956
-1.96327445
-1.63765483
-1.76030294
-1.70610770
-1.50550725
-1.52759333
-1.76052833
3.32913258
3.14715105
3.21288420
2.96997906
3.02831120
3.34471280
3.43163992
3.60838461
3.85833797
3.75019625
3.76005617
3.96039288
3.71102510
3.96379138
3.90734488
3.68257639
3.63577198
3.46274296
3.44649777
3.51908864
