phonon_position
-1.42504213
-1.82880348
-1.92402663
-1.40113350
-1.33991360
-1.21598841
-1.23115803
-1.02515677
-1.43000769
-1.66618853
-1.69351076
-1.69450333
-1.74977864
-1.70087369
-1.62899596
-1.67603195
-1.72228240
-1.74697626
-1.31036266
-1.19157935
3.66504800
3.42485817
3.44442532
3.73664247
3.74799753
3.28723436
3.42268729
3.74986640
3.72865072
3.54540034
3.58688576
3.81231584
3.86009600
3.72978618
3.64575609
3.46031941
3.78622968
3.61859748
3.91313323
3.75714729
-1.31227099
-1.27567483
-1.37137848
-0.98372259
-1.24964960
-1.27935833
-1.28791308
-1.21982758
-1.11846401
-1.23765517
-1.44609887
-1.41246124
-1.35812725
-1.01284189
-1.07956452
-1.20660565
-1.49542988
-1.42043601
-1.05824847
-1.10098696
-0.96521658
-1.25682363
-1.13379094
-1.21843342
-1.25762944
-1.51854515
-1.61290348
-1.21707400
-1.44008154
-1.55899443
-1.80037115
-1.79175053
-1.81897060
-1.93277487
-1.67925830
-1.65625340
-1.63488481
-1.45237982
-1.04117928
-0.99115949
0.01405574
0.35858085
0.22676122
0.17387993
-0.17813326
0.23022744
0.18050794
0.48457824
0.36957705
0.40009788
0.35608265
0.04734285
0.10961389
0.18355608
0.38859458
0.19254493
0.54297171
0.21638071
0.13392828
0.18416277
-1.16138443
-0.85100023
-1.07612457
-1.03609840
-0.89494885
-1.03897435
-1.10425599
-1.11748255
-1.16571934
-0.97910308
-1.17297274
-1.26608267
-1.22449795
-1.13399446
-1.21291567
-1.04439004
-1.11664812
-0.99896614
-0.85447728
-1.22915176
-0.58996142
-0.49593590
-0.61175077
-0.60653744
-0.63093343
-0.55227027
-0.18684114
-0.37631549
-0.54636626
-0.62006634
-0.50905225
-0.48393266
-0.13030994
-0.04057521
-0.31620835
-0.35012470
-0.39418436
-0.12628155
-0.51296018
-0.50958867
-1.08908808
-1.26976225
-1.11713586
-1.49442604
-1.05539122
-1.19225493
-1.00351883
-1.24282196
-1.41558053
-1.59355063
-1.22370368
-1.32712453
-1.24027076
-0.93631604
-0.78872471
-0.64192172
-0.41039722
-0.63755705
-0.72874900
-0.97085247
-1.26438340
-1.10839793
-0.93089928
-0.74453640
-0.70692235
-0.45481276
-0.74403393
-1.02070621
-1.09040497
-1.22157222
-1.21886125
-1.51824117
-1.31963035
-1.42396100
-1.68073141
-1.45698767
-1.06677961
-0.92316732
-1.09751012
-1.15985248
0.56801539
0.54249773
0.73345827
0.86605177
1.14766915
1.28330898
1.20991367
1.13683745
0.79451453
0.68116591
0.79937316
0.69597704
0.69103784
0.66128387
0.66325882
0.63074892
0.57439402
0.61014906
0.43317169
0.55204949
-3.10490289
-3.24950289
-3.36445127
-3.49537194
-3.65819277
-3.66534740
-3.47823094
-3.27579504
-3.23731616
-3.15421162
-2.86416927
-2.78692339
-2.73184759
-3.01470239
-2.73702279
-2.74412767
-2.74100658
-2.55196197
-2.57100805
-2.64316676
2.57390984
2.52767028
2.59424463
2.53507664
2.27540158
2.02957564
2.12683076
1.75469170
2.12281779
1.81128385
2.32626625
2.23552826
2.60637329
2.74932907
3.24381061
3.11821699
2.85528683
2.71319853
2.42494278
2.97567536
-1.27990008
-0.97436101
-1.38050433
-1.25473405
-1.47267809
-1.30574121
-1.27804541
-1.23670714
-1.20461440
-1.10456528
-1.24225762
-1.18947912
-1.42097662
-1.23664860
-1.39563668
-1.10349447
-0.74139694
-1.14055721
-1.16244245
-1.10734857
0.34099079
0.38073645
-0.02217881
-0.05136086
-0.01018527
0.21170602
0.45151542
0.41427989
0.55564939
0.79971462
0.93551201
1.10762858
0.81910244
0.84766411
0.87613045
0.62301946
0.26135973
0.26631512
0.33140024
0.33590589
1.36416600
1.33701155
1.52193325
1.70498625
1.30105241
1.22988175
1.08942221
1.17981718
0.88978953
0.92055304
0.91997917
1.19002470
1.41890213
1.85427657
2.00541318
1.42532157
1.29472640
1.22950269
1.25669218
1.27372508
-1.90593582
-2.01545340
-1.86861222
-2.12303749
-1.80266644
-1.79130458
-1.82713554
-1.92338855
-2.12950355
-1.88531007
-1.52341671
-1.40644358
-1.63921628
-1.42312060
-1.48566171
-1.39120715
-1.53023563
-1.55341350
-1.58789019
-1.87290408
0.27446205
0.38256958
0.33507747
0.40555797
-0.05414111
0.21718259
0.25854888
0.41936465
0.47050766
0.57183280
0.40715477
0.49682257
0.09973428
0.03015668
-0.45509833
-0.31564964
0.01130321
0.10988767
0.08379743
0.12165313
-0.05102925
-0.40651264
0.04800722
0.28377167
0.29349542
0.20993910
0.26575215
0.38062671
0.46652780
0.27429953
0.39569761
0.17615134
0.08087970
-0.22984539
-0.17121277
-0.44841281
-0.54417011
-0.60959294
-0.47711254
-0.27473324
-2.05807083
-2.16506703
-2.09982907
-2.29408510
-2.48086481
-2.27711460
-2.33056181
-2.23195977
-2.38090401
-2.34708634
-2.48001325
-2.33761438
-1.80921976
-1.87584210
-1.91215651
-1.95938170
-1.69996197
-1.53108255
-1.56980601
-1.76375552
4.46519362
4.20129182
4.29009794
4.21042742
4.10093143
3.74736737
3.81525140
3.79234270
3.92966075
3.81199306
3.78101069
3.85710719
3.86382500
3.69934595
3.79403365
3.88244223
4.12289523
4.38168883
4.31219095
4.30074179
1.62474796
1.71809539
1.41354520
1.18947666
1.06825030
1.16037604
0.97607297
1.09381426
1.23498572
1.48555835
1.33179846
1.32449735
1.15888431
1.26303804
1.34518392
1.43338531
1.27656315
1.59462300
1.88009528
1.86165266
-1.85322826
-1.91428700
-2.13897059
-2.49651457
-2.19694572
-2.25821576
-2.21403306
-2.05539766
-1.61741493
-1.69131316
-1.51896090
-1.53908199
-1.61064843
-1.33855859
-1.72686988
-1.31550543
-1.66455998
-1.66408586
-1.77297971
-2.22666921
0.59110701
0.52976350
0.54931197
0.46926445
0.75394979
0.90346983
0.73689866
0.98391142
0.95758181
1.13183057
0.85955803
0.51456691
0.37833510
0.28159947
0.64790203
0.41490422
0.42106052
0.66608018
0.62166228
0.41573188
-2.59734083
-2.47330202
-2.41055150
-2.65555875
-2.54147053
-2.87642741
-2.71469349
-2.47874147
-2.19971708
-2.58326701
-2.93355277
-2.68326604
-2.49931055
-2.27393626
-2.01976738
-2.02919528
-2.33881210
-2.68601826
-2.69376848
-2.91236087
-2.94446315
-3.39597240
-3.19144077
-3.37156467
-2.94657631
-2.84942208
-2.80882740
-2.62670060
-2.65937522
-2.38083085
-2.59848265
-2.17791477
-2.22033008
-2.08728686
-1.92881565
-2.09079050
-2.24274980
-2.50203740
-2.69553788
-2.93098808
0.21304334
-0.00583452
-0.20557568
-0.25266668
-0.27061771
-0.01677178
0.25448690
0.61766894
0.62635191
0.92829721
0.64044379
0.54891424
0.69207690
0.49736295
0.23371958
0.34084036
0.14043485
0.08049707
0.13928978
0.34953184
-0.45142077
-0.27309353
-0.27389709
-0.07609996
-0.05201329
0.07931453
-0.16438034
-0.16837611
-0.27533353
-0.43640042
-0.82420276
-0.65043978
-0.52010833
-0.55166782
-0.43151346
-0.24159621
-0.32560347
-0.04595056
-0.01349088
0.02371186
-1.66399542
-1.52488073
-1.54308384
-1.07412937
-1.27763272
-1.42218908
-1.62851041
-1.50331349
-1.50461730
-1.42825878
-1.84513754
-2.08178592
-1.72226278
-1.48154663
-1.70603588
-1.96780354
-2.03548527
-1.84854306
-1.80612599
-1.97185919
2.69927770
2.22877831
2.49905067
2.26768182
2.36662878
2.46659596
2.36707494
2.21876122
2.20416824
2.25218265
2.35521344
2.46200460
2.28171831
2.54053204
2.60854803
2.68646783
2.83527859
2.72855880
2.59380351
2.47671706
-0.16876921
-0.67870160
-0.67532816
-0.71192544
-0.36299989
-0.41087948
-0.39954161
-0.32406458
-0.31172085
-0.35926815
-0.72842245
-0.67477929
-0.23063159
0.14895250
0.23369524
0.05183610
-0.01471448
-0.30422287
-0.36377774
-0.43657832
1.72711020
2.04112937
1.99300257
1.78438573
1.72618075
1.78200338
1.75144582
1.73403220
1.65157073
1.45620375
1.28836169
1.13598372
1.23770371
0.90058021
0.58246920
0.59681816
0.93634360
1.08189734
1.45530583
1.38095707
1.65571086
1.67540921
1.42366732
1.08579085
0.81880647
0.98650020
1.31111165
1.38739505
1.37090990
1.13287325
1.18144969
1.36115187
1.57042277
1.49514964
1.25599874
1.16715152
1.47348991
1.70139470
1.60874367
1.63948877
-1.10699341
-1.00827445
-1.37051875
-1.39467832
-0.98203355
-1.49826751
-1.69882577
-1.48144112
-1.34323942
-1.39019973
-1.53170208
-2.05200992
-2.19011159
-1.90933948
-1.82650281
-1.47486458
-1.30550036
-1.28955275
-1.01156016
-1.26319503
0.18849363
0.45784825
0.32790323
0.62239735
0.60668705
0.28851834
0.15660343
0.09691426
0.04487772
-0.00171243
-0.08379860
-0.33866527
-0.46174251
-0.66169040
-0.39132093
-0.08942350
-0.33477906
-0.03168887
0.08040550
0.05480869
-3.14055438
-3.22078927
-3.12814438
-3.21770972
-3.03859487
-3.08934038
-3.40466403
-3.40032254
-3.46476087
-4.05708364
-3.91682112
-3.71263031
-3.50150583
-3.19234260
-3.53937111
-3.52660038
-3.44080558
-3.31671994
-3.07341890
-3.23962167
1.80349992
1.86125258
1.62824385
1.35522464
1.35167143
1.53043137
1.14587510
1.13967531
1.03108713
0.97461996
1.13449100
1.37209652
1.31807919
1.42212360
1.94379234
1.90169832
1.74840934
1.52764159
1.56685382
1.40244631
0.93272634
0.98586319
1.10327421
0.92743433
0.71845414
0.63372836
0.54399882
0.72475797
0.86266349
0.59223263
0.50955176
0.28096692
0.72020048
0.65438246
0.59347278
1.05443380
1.12973635
0.74082646
0.88214154
0.69089636
0.54246007
0.28776272
0.43806117
0.10161662
0.30243591
0.05962990
0.53059384
0.50890578
0.69526697
0.53435739
0.64055332
1.19234685
1.21299211
0.89486204
0.84970952
0.82980377
0.52337341
0.70495729
0.20384356
0.38723281
-0.80678079
-0.63560967
-0.57645220
-0.36800102
-0.48741216
-0.68069165
-0.62749304
-0.60721822
-0.86791094
-0.80188356
-0.95390614
-1.00055304
-0.53213449
-0.24767191
-0.26970664
-0.57839815
-0.67877639
-0.62199781
-0.52842053
-0.80260576
-0.53444809
-0.39401097
-0.58967372
-0.21571548
-0.34037855
-0.16016008
-0.37312868
-0.28081324
-0.16369651
-0.22720627
-0.55663546
-0.45106802
-0.38924852
-0.27558374
-0.39352529
-0.57790145
-0.71401839
-0.65138498
-0.68695540
-0.26584229
0.93949931
0.70642333
0.76563213
0.76346848
0.86631059
0.83743749
0.96295796
1.08762285
1.10990073
1.17623468
1.10489365
0.96631214
0.56783447
0.52318625
0.82013111
1.01502285
0.95769737
1.13079612
1.00713151
1.01797079
2.28953310
1.92954611
1.92726116
1.58431594
1.54902752
1.85624816
2.17278479
2.31112627
2.14788832
1.95199456
2.04702157
2.27990487
2.28467723
2.14077601
1.92894335
1.87231307
1.61276410
1.73090460
2.11331210
1.93226721
-1.67397151
-1.67556257
-1.60931927
-1.47198697
-1.30692659
-1.42355532
-1.19862656
-1.51717402
-1.35602188
-1.16686440
-1.38138671
-1.27679068
-1.14267130
-0.94894632
-1.40919736
-1.39595333
-1.52408590
-1.34577060
-1.83528917
-1.54124349
-0.51595657
-0.71779890
-0.70757603
-0.83189287
-0.92690830
-0.83601965
-0.33757649
-0.37336992
-0.22747981
-0.32709778
-0.65424096
-0.52347976
-0.92980409
-0.80606984
-0.59324201
-0.50478629
-0.79969901
-0.82622936
-1.07753214
-0.65803132
2.02212786
2.02810519
2.31399584
2.22655672
2.24574136
2.04141655
2.26339495
2.50140479
2.12762198
2.02481757
2.13501810
2.55011569
2.00313259
1.81438683
1.94008598
1.94814611
1.98712009
1.87806117
2.08356346
2.31795339
-0.39725586
-0.77036036
-0.77877323
-0.55827792
-0.65620835
-1.05624577
-0.96956241
-0.92348541
-1.15021350
-1.11282968
-1.16475926
-1.12211974
-1.22933412
-0.78498097
-0.59902010
-0.95135198
-0.63011696
-0.59816760
-0.83563315
-0.68500240
-2.56527268
-2.62572689
-2.77512038
-2.80823468
-2.80872301
-3.22997217
-3.05962533
-3.12075054
-2.95447000
-2.57672386
-2.61853001
-2.64580218
-2.87380232
-3.17180362
-3.10524342
-2.95223105
-2.89623733
-2.73446477
-2.57127971
-2.55708734
-2.09539618
-1.82871006
-1.70784115
-1.52173945
-1.70062115
-1.74368739
-1.56241281
-1.98876126
-1.98256148
-1.88344548
-1.80885742
-1.68534085
-1.63267391
-1.74805441
-1.95489204
-1.84488487
-1.85896061
-2.02402331
-1.87137177
-1.96510577
0.86579851
0.63351269
0.47218552
0.05617065
0.19232973
0.16386088
0.28145364
0.27278041
-0.12128052
0.13826532
0.26039698
0.00716439
-0.35340621
-0.18299285
-0.33700892
-0.00415746
0.14740711
0.16406905
0.41670417
0.80002389
1.21867994
1.08206403
1.19542017
1.10804040
0.77672905
0.85273437
0.87403120
1.18191485
1.49754053
1.46037467
1.35493048
1.39190161
1.43653690
1.46741596
1.61784025
1.53078540
1.40349017
1.24809034
1.38686253
1.02068264
-0.88253240
-0.94397446
-0.79396195
-0.87592462
-0.74797620
-0.74537369
-0.84500448
-0.47760296
-0.41151283
-0.64546449
-0.39150679
-0.42310936
-0.52560807
-0.55694353
-0.48674856
-0.97882084
-1.18581381
-1.34986807
-1.04014673
-0.94045459
2.46171275
2.66769470
2.69034825
2.31163720
2.18662953
2.26302970
2.24042782
2.47531110
2.40465326
2.42677167
2.36307958
2.23864622
2.18220003
2.20068430
1.90552650
2.07768443
2.31645749
2.05256943
2.33430107
2.67771777
-1.10988803
-0.95816013
-1.11405303
-1.23897688
-1.30299967
-1.07308050
-1.12713832
-1.04288708
-0.86402308
-0.57598952
-0.50374026
-0.66114281
-0.86571150
-0.95923458
-0.97660160
-0.97900216
-1.31593519
-1.30532944
-1.51129662
-1.38912916
0.25306278
0.01965324
-0.06150087
-0.65512102
-0.65681317
-0.95628701
-1.19174368
-1.07826106
-0.81026377
-0.51070114
-0.08839156
-0.03890966
0.30405293
0.06276327
0.13994470
0.04914157
0.34460273
0.46906783
0.40555110
0.10747236
0.98526116
0.74527949
0.29796223
0.07342171
0.14215464
-0.05006669
-0.03434778
-0.33448089
-0.46437073
-0.39806838
-0.40077232
-0.25690031
-0.78662478
-0.70191983
-0.63744168
-0.06247921
0.35148812
0.46207002
0.56458586
1.03833993
3.03811296
2.98118101
2.91161034
2.93451028
2.55279143
2.37117678
2.75323724
2.77893160
2.33811749
2.70304311
3.05640643
2.93041824
2.72512504
2.97345282
3.18730061
3.01595786
3.04019598
3.10559581
3.03286088
3.18900210
-0.82729740
-0.95850990
-0.72023771
-0.92804034
-0.21159111
-0.31552839
-0.63481634
-0.94365848
-1.03025455
-0.84222084
-0.85830925
-0.59090899
-0.68977525
-0.78867759
-0.77580313
-0.92449929
-0.89025237
-0.79819492
-0.65855168
-0.66504421
1.52334663
1.68271484
2.06439079
1.98574958
1.94131332
2.12491167
2.32973927
2.02191474
2.23404736
2.23632898
1.88411456
2.08569756
2.13964678
2.02739669
2.04406486
2.18622233
1.85092009
1.76320880
1.50704714
1.69290953
-0.84031599
-0.84317697
-0.69068523
-0.71792181
-0.66064093
-1.15190547
-1.43189586
-1.46381359
-1.33631790
-1.30704755
-1.31147932
-1.68149078
-1.79882373
-2.26348048
-1.97566533
-1.89696192
-1.74222545
-1.65106382
-1.23464951
-1.12192896
0.40718998
0.40178536
0.10204158
-0.06836842
-0.17732043
-0.27365613
-0.17220773
0.10215690
-0.27772947
-0.18437674
0.24035459
0.13839199
-0.03738267
-0.06147885
0.21700219
0.05202258
0.01110339
0.04453893
0.02765923
0.06768339
0.60203119
0.54580424
0.45533825
0.46751556
0.72961174
0.52870720
0.48681109
0.47423889
0.42078732
0.20717215
0.01077580
0.27880645
0.13321727
-0.23537912
-0.32500199
-0.54696334
-0.45762449
-0.28561862
-0.20992208
0.14133527
-1.47434129
-1.34238895
-1.40910925
-1.24968690
-1.29757520
-1.23809057
-1.10601913
-0.89698124
-0.53792606
-0.90450429
-1.28995977
-1.26548051
-1.11911507
-1.08863421
-1.02431284
-1.02169258
-1.28439970
-1.32664704
-1.75441366
-1.61493740
0.58795517
0.67415729
0.62444058
0.23975551
0.19583267
0.53340419
0.49345163
0.55799114
0.16329487
0.10813517
0.26261766
0.33300323
0.25742470
0.59173929
0.53382596
0.42983267
0.54468482
0.81455497
0.89832063
0.66314406
1.80656470
1.55944073
1.84787232
1.95314389
1.66992114
1.80641694
1.94515273
1.89463723
1.86992162
1.99877385
1.93733443
2.41919571
2.03099723
2.10067084
1.84498777
1.53169788
1.64018840
1.74332556
1.80875648
1.86166975
-2.38496495
-2.64389512
-2.99889586
-3.23931433
-3.72614284
-3.82583129
-3.58951964
-3.36475932
-3.04004779
-3.22366242
-3.14285118
-3.17878499
-2.79196691
-2.56340098
-2.61805829
-2.43105219
-2.30320586
-3.04520842
-2.85076443
-2.44351032
0.54156055
0.64026858
0.59356950
0.20053722
0.26143022
0.32246393
0.24826878
0.07424919
0.05864538
0.48196647
0.20119214
0.43418072
0.33204082
0.03863173
0.42016846
0.25007412
0.41664885
0.06466301
-0.04705689
0.19141918
-1.65532954
-2.08084450
-2.10874944
-2.22869372
-2.41159493
-2.25949110
-2.56413229
-2.69086419
-2.55356201
-2.55130577
-2.68354559
-2.58966062
-2.38770493
-2.46757602
-2.53717391
-2.43258227
-2.43027314
-1.98665479
-1.86819293
-1.90162194
0.84823671
0.86848766
0.64888008
0.27050498
0.13858771
-0.13342800
-0.40371551
-0.28352204
-0.28595655
0.30496448
0.60725922
0.57922846
0.55448911
0.40651863
0.34443326
0.29180849
0.53036690
0.27817239
0.30466373
0.45850940
-2.39377424
-2.42976889
-2.27234772
-2.45393185
-2.56029044
-2.47069037
-2.45315956
-2.41248760
-2.48942272
-2.16949022
-1.92330100
-1.93050584
-2.04511766
-2.07020452
-2.19520815
-2.42743879
-2.43722863
-2.38217498
-2.42347285
-2.48598842
0.69082277
0.56338988
0.56942448
0.53266386
0.31720708
0.52970733
0.76103269
0.87116690
0.79134150
0.84636325
0.76776237
0.24974327
0.14264042
-0.16568571
-0.13465475
-0.04572600
0.28769293
0.46328630
0.90862444
0.97438701
-0.80422286
-0.38024202
-0.38729149
-0.75270935
-0.80932129
-0.44118704
-0.65865974
-0.43052444
-0.35089985
-0.27829255
-0.46289537
-0.51379669
-0.42517774
-0.53644346
-0.45648386
-0.70837908
-0.85395222
-0.69770209
-0.99015944
-0.75459290
0.93401286
0.65094074
0.59870871
0.99055899
1.37939447
1.02921793
1.17916855
1.33097676
0.60858977
0.75628789
0.67187748
0.38070318
0.65068751
0.55312295
0.68694940
1.02477290
1.06919096
1.13961597
0.90913238
0.89884824
-0.12384775
-0.29616637
-0.13116469
0.42797643
0.55455103
0.83926532
1.20444031
1.18268923
0.96072396
1.05522115
0.96666824
0.72732705
0.63083180
0.72825700
0.52838179
0.49640753
0.45415253
0.35886666
-0.09138222
-0.26853557
1.05849005
1.03881205
1.22018840
1.50739420
1.21450609
1.51113223
1.43447074
1.27987337
1.05078011
0.58996177
0.31740449
0.52712504
0.81360152
0.89947162
1.05714058
1.07584155
0.69889454
0.81636068
1.23402720
1.13090163
-2.61586685
-2.47060609
-1.96749870
-1.98046964
-1.82298476
-1.99267893
-2.07811924
-2.25512257
-2.56656392
-2.48106771
-2.65499915
-2.81939705
-2.41753100
-2.50139318
-2.64256822
-2.30968156
-2.18591433
-2.32520545
-2.64875302
-2.72185357
-1.67318595
-1.36986907
-0.95606690
-1.34662159
-1.52643683
-1.26419745
-1.08329305
-1.35930463
-1.32979527
-1.41119826
-1.19623771
-1.16521435
-1.20406058
-1.60138705
-1.55722863
-1.63506373
-1.85843045
-2.10568593
-2.23361169
-1.65365739
0.13032066
0.00809631
0.04092742
0.15056018
0.20149366
0.19015545
0.12107518
0.05358785
0.53499576
0.72257306
0.30891777
0.45427366
0.42991092
0.44510081
0.45985737
0.53114300
0.21243936
0.34877093
0.47808708
0.24580347
1.54693612
1.66915838
1.96544440
2.13620965
2.11509026
2.10009955
2.12403266
1.94117748
2.19388186
2.15216972
2.56692039
2.50994202
2.49341169
2.46192518
2.14021160
2.09526975
2.06100817
2.05330638
1.63057021
1.95781661
-1.95884275
-1.77728330
-1.63523036
-1.17850843
-1.21583704
-1.20637158
-1.14477010
-1.29513124
-0.99342754
-0.37308714
-0.81034898
-1.04034646
-0.83871599
-0.88348928
-0.91845942
-1.40392783
-1.67449171
-1.87028846
-1.96003578
-1.67305539
0.29217962
0.14215167
0.30070670
0.24810850
0.10838042
0.37914984
0.71701157
0.86224250
1.03715384
0.90436577
0.89566049
0.73648889
0.61551668
0.51365240
0.63702488
0.81451524
0.43970653
0.22346628
0.29529941
0.52790009
1.19757314
1.02281295
0.80009360
1.05734868
0.59152265
0.43209481
0.25622496
0.70564689
0.25559292
0.23556893
0.16647016
0.14474669
0.30396504
0.43562210
0.49433772
0.14298908
-0.14546921
0.23525604
0.43937255
0.91552015
0.33882233
0.23651452
0.02587370
-0.15973459
-0.24105795
-0.44265855
-0.41032029
-0.33623519
-0.16175552
-0.28132881
-0.44498110
-0.59742936
-0.03095192
0.16122667
0.43291222
0.59830568
0.61771942
0.51670297
0.45291335
0.23928999
0.43305042
0.41600297
0.65880431
0.64253679
0.64036037
0.46653922
0.59804490
0.48650179
0.34367906
0.25734581
0.46642895
0.74340919
0.54616501
0.68870323
0.63422373
1.11632963
0.84104402
0.44338772
0.34889318
0.38394564
-1.64591884
-1.99848640
-2.17624460
-1.98927347
-1.97431398
-1.67687621
-1.43915135
-1.22062073
-1.21114284
-1.28916082
-1.47567176
-1.30870498
-0.96109472
-1.10700392
-0.83871775
-1.30207649
-1.22785952
-1.33933846
-1.15628556
-1.44437960
-1.72127738
-1.59705424
-1.33101150
-1.30819132
-1.04035772
-0.60848932
-1.19921776
-1.23215248
-1.35757715
-1.57832514
-1.13661136
-1.29930237
-1.41916111
-1.71690047
-1.67650533
-2.10852954
-2.14336786
-2.02094721
-2.07672615
-2.02353915
0.83971178
1.02081121
1.06655733
0.90219677
1.07952339
0.68542781
0.81225930
0.51022193
0.87333773
1.02498668
1.07201933
0.75014801
0.69148650
0.50476616
0.51054533
0.36705072
0.55328940
0.58685499
0.57555524
0.96329081
-0.24057512
-0.23058197
-0.10443029
0.17249881
-0.04620173
0.04932005
-0.11280064
-0.20023710
-0.23028067
-0.31723400
-0.10398201
-0.08014089
-0.00480763
0.13462405
0.07390101
0.01499298
-0.07386245
-0.00112725
-0.03449162
-0.43580089
-3.45022926
-3.16096319
-3.28954872
-3.44415214
-3.44321841
-3.25172510
-3.32683243
-3.35370627
-3.53286724
-3.47002265
-3.42074178
-2.99557721
-2.93414211
-2.97573945
-3.12282511
-3.38616681
-3.08311568
-3.32913964
-3.38369007
-3.47605713
-1.72390666
-1.71399395
-1.45398764
-1.17838076
-1.69900716
-1.59850633
-1.46991879
-1.44690806
-1.70599767
-1.27189308
-1.06281044
-1.22239422
-1.18986069
-1.10689648
-0.83131064
-0.89786732
-0.99263206
-1.35350505
-1.39369994
-1.49328267
-2.05243302
-1.80036124
-1.87158232
-1.72318047
-1.66752915
-1.81641723
-2.05732189
-2.37648577
-2.46689257
-2.11928468
-2.57616317
-2.68031156
-2.60870154
-2.75133946
-2.67414038
-2.79930387
-2.59928009
-2.33486955
-2.06736992
-1.75388378
-1.00995117
-0.69256986
-0.85951415
-0.72108274
-1.10151239
-1.34309534
-1.47590716
-1.55222028
-1.88310924
-1.56884307
-1.69609694
-1.74288819
-1.55806526
-1.96773163
-2.08043983
-1.86634984
-1.71511138
-1.55443216
-1.39557603
-1.16880271
-0.92090982
-0.70805327
-0.75676700
-0.99482008
-1.22703431
-0.83264436
-1.12626744
-1.18853794
-0.99313945
-1.03282489
-0.61089905
-0.52173073
-0.67783237
-0.66536613
-0.18951486
0.05628058
-0.26171882
-0.23184717
-0.30270802
-0.58852714
3.28526663
3.13699530
3.41172015
3.51300209
3.57528116
3.45233846
3.77427948
3.49865196
3.24761683
3.34261692
3.70938419
3.66437256
4.02764619
3.92811359
3.68700945
3.62395445
3.34732378
3.09098835
3.01970640
3.34454050
0.45544997
0.91842792
0.72859589
0.69177719
0.62885778
0.86337678
0.61804536
0.46516387
0.33770900
0.21923347
-0.01324864
0.06994479
0.10134175
0.16333894
0.42996545
0.55190701
0.44187447
0.50376569
0.48624634
0.37842250
0.25626262
0.29255454
0.32979823
0.07453166
0.14562370
0.71616212
0.71001990
0.89058914
0.76827415
0.85185646
0.65865318
0.85415572
0.94085133
0.74266237
0.70203383
0.70208829
0.66801662
0.63941499
0.61097528
0.49538716
0.66015868
0.36965962
0.52238855
0.61312679
0.80797030
1.15597818
1.57160706
1.84767467
1.61249022
1.55748885
1.29546872
0.72765453
0.68267157
0.73196067
0.40953287
0.10232570
0.14017891
0.36515306
0.66488876
0.55719372
0.38396306
0.50285809
0.61841221
0.90176184
0.79217138
0.59954358
1.04722098
0.65664016
0.65942846
1.07178955
1.19255550
1.06318993
1.00524729
1.11530694
0.87669718
0.75652117
0.46256176
0.55632273
0.86386142
0.62378051
-2.33484943
-2.06978804
-2.01857255
-2.32594963
-2.16076348
-2.15920927
-2.29022067
-2.17828973
-2.21214289
-2.54535201
-2.60478950
-2.69074831
-3.10919536
-3.00245537
-3.03425041
-3.00533923
-2.59798335
-2.41993079
-2.43241199
-2.48136028
-2.03926404
-1.83434189
-1.37812382
-1.43152281
-1.34487894
-1.01138098
-0.95504441
-0.59613304
-0.74984154
-0.85104703
-0.98411349
-0.75211576
-0.82538591
-1.21290477
-1.22047763
-1.51578251
-1.63656552
-1.48010476
-1.52500573
-2.09005199
-0.80969586
-0.93302938
-0.59982376
-0.66924979
-0.68742999
-0.68589499
-0.33971152
-0.26067175
-0.30319401
-0.57975578
-0.58803563
-0.50643652
-0.64910343
-0.50690325
-0.44233123
-0.46378170
-0.55743846
-0.22619666
-0.00941961
-0.58599614
-2.75995388
-2.73911047
-2.98568719
-3.05059235
-3.28415387
-3.31636448
-3.20165058
-2.50470839
-2.24152273
-2.48574540
-2.28750182
-2.95811488
-2.97355907
-2.98634143
-3.24045763
-3.47588779
-3.55983546
-3.17077694
-3.16498481
-3.23461015
2.01709940
1.73280346
1.71836768
1.64136582
1.22592875
1.20003140
1.34929734
0.94644866
1.03515790
1.36178378
1.46445222
1.45727937
1.64386803
1.79799721
1.75935047
1.62568526
1.36764872
1.61462640
1.72202934
1.89341123
-1.49682509
-1.57712914
-1.80803801
-1.78405056
-1.73605520
-1.43526933
-1.31170243
-1.45404055
-1.71586425
-1.64265329
-1.43840292
-1.25610197
-1.59988494
-1.52698310
-1.72271381
-2.13869380
-1.81405218
-1.90871375
-1.73856543
-1.39392051
2.44260100
2.68412107
2.37671692
2.42526597
2.41144658
2.28629806
2.58757354
2.65276389
2.34507403
2.18320891
2.37121372
2.36513248
2.90155966
2.81935911
2.99754135
2.83068336
2.52780156
2.60613496
2.54597320
2.50846115
-0.13709795
-0.36282586
-0.28504242
-0.39585466
-0.42226230
-0.20794670
0.17680282
0.16913107
0.24048035
0.09332295
0.12377301
0.32426222
0.34424999
0.10924915
0.09134430
0.00870681
0.12858975
-0.18826167
-0.25937576
-0.05640949
1.13341441
1.29340789
1.00334429
1.47554960
1.55055275
1.58084247
1.46125911
1.55188090
1.47804068
1.22144292
1.19706500
1.34799280
1.18453327
1.22161693
1.20474016
1.16690383
1.12683357
0.91666675
0.94158935
0.79594006
1.68806710
1.57568681
1.37112432
1.18656376
1.38421948
1.67557079
1.64565237
1.90530811
1.85637454
1.95811059
2.10312057
1.71885001
1.24353326
0.87047024
0.82164273
0.92827113
1.31137984
1.35182941
1.53201988
1.58766780
-1.09234211
-1.07560614
-1.26958144
-1.41885941
-1.35976098
-1.54332337
-1.36483065
-1.27537143
-1.65855742
-1.46409677
-1.28681974
-1.31213768
-1.40428482
-1.31560595
-1.40136245
-1.34684502
-1.40975569
-0.95519623
-1.26462751
-1.40317795
-0.52634904
-0.25054306
-0.25869434
-0.54252650
-0.72307766
-0.66296987
-0.28818498
-0.57731734
-0.45936417
-0.13096414
-0.09055022
0.01240302
-0.17220563
-0.52061749
-0.40017386
-0.70443168
-0.25181249
-0.62134314
-0.36873461
-0.59789831
1.95814787
2.05905779
2.20814966
2.05927203
1.98267658
1.91797973
1.99159743
1.88121989
2.14721114
2.23088663
2.37040048
2.18173274
2.10782185
2.09758630
2.14757465
1.82990971
1.79173381
1.67670075
1.99305584
2.26004430
1.58440740
1.52249943
1.81156369
1.69369334
1.30704852
1.13204120
1.63477983
1.66753387
1.62299984
1.43389764
1.29762042
1.50403131
1.66043134
1.63112720
1.27516043
1.42252232
1.68478988
1.25313887
1.12124250
1.44371932
1.14474092
0.83815728
0.90613271
1.24059821
0.57027767
0.99271807
1.19901260
1.07201686
1.01087602
0.92340660
0.79685761
0.99115366
1.09649891
0.68376140
0.96721759
0.82146943
0.81539952
1.00359386
1.18002770
1.34453487
0.30012526
0.20468532
-0.35176871
-0.51255288
-0.40803819
-0.69004000
-0.66903632
-0.95003926
-0.80415517
-0.69514524
-0.40862532
-0.20343650
-0.11305093
-0.19937945
-0.01562696
-0.02064712
0.04962299
-0.11927962
-0.07751652
-0.06873003
-2.41951935
-2.72791637
-2.70855657
-2.68219191
-2.34191573
-2.23616110
-2.41513968
-2.15038372
-2.11434397
-2.22605122
-2.16830389
-2.12458333
-1.71699827
-1.88884924
-1.97119501
-2.03618877
-2.07579699
-2.25194002
-2.29556320
-2.02174787
-1.50381030
-1.30111677
-1.34760788
-1.74309828
-1.65142379
-1.64005477
-1.65932777
-1.68053562
-1.85247456
-1.74184180
-1.99958124
-1.79915370
-1.49483612
-1.76454997
-1.90036302
-1.63111248
-1.48857401
-1.45080600
-1.25480153
-1.15948706
-1.71422088
-1.69648835
-1.50351113
-1.35329631
-1.42862371
-1.90179130
-2.29959111
-2.63865865
-3.04471437
-2.98675793
-2.87489290
-2.58227321
-2.82876900
-2.66281307
-2.56109497
-2.40445108
-1.90846770
-1.65483887
-1.79200943
-1.74549510
2.59964352
2.54592821
2.47532425
2.29515472
2.17366195
2.06213395
1.85396868
1.82906891
1.52259389
1.77142107
1.72161900
1.86159671
1.69752367
2.16483044
2.24860599
2.60177858
2.33712334
2.52919663
2.95561966
2.71138416
0.07142814
-0.11512412
0.22445942
0.36395131
0.41013489
0.37936847
0.18166580
0.46814005
0.56753376
0.46170451
0.37865717
0.34852207
0.51942282
0.32641114
0.53580629
0.82806915
0.79128630
0.89940368
0.51683389
0.34388301
-1.48083455
-1.53700033
-1.57652859
-1.74544529
-1.71852981
-1.74275517
-1.52445324
-1.32599783
-1.43610365
-1.31722935
-1.03528608
-0.90502331
-0.89182661
-0.62094221
-0.65058541
-1.18749429
-1.15540291
-1.37744815
-1.63911484
-1.50441430
-0.35448807
-0.12809771
-0.36150467
-0.70323444
-0.59072490
-0.06521903
-0.03736636
-0.09805562
-0.17536528
-0.06265421
-0.33525980
0.01160315
-0.17041582
-0.41324201
-0.44691561
-0.65312779
-0.82310295
-0.80451342
-0.85684578
-0.49822803
-0.18273662
-0.29166495
-0.43271401
-0.39142380
-0.47370013
-0.58155185
-0.72799661
-0.50613515
-0.64089365
-0.41127026
0.03511637
-0.02436706
0.13022152
-0.00700800
-0.09000529
-0.26595161
0.02935202
0.21199896
0.27337830
0.10638045
-1.87499778
-1.77333674
-2.00811607
-1.76332002
-1.70666868
-1.56846083
-1.82740181
-1.71077693
-1.88541780
-1.89180396
-1.76874478
-2.10573541
-2.31395904
-1.90992909
-1.96433244
-2.12120382
-2.27460113
-2.32462030
-2.25110513
-1.99401789
2.20607587
1.72089848
1.48237487
1.34690878
1.18545199
0.80461884
0.96736211
0.78920145
1.14777118
1.29151555
1.78322057
1.47672775
1.44709491
1.82883267
2.02353477
1.80454334
2.04162813
2.22894309
2.22420767
2.10578937
-1.81897427
-1.55447165
-1.76568411
-1.65442325
-1.81446906
-1.41560614
-1.41818822
-1.14361584
-1.31105788
-1.16067359
-1.07653672
-0.85162712
-0.89212328
-1.11804375
-1.15637886
-1.49534206
-1.53560912
-1.74032046
-1.73530067
-1.80181869
1.25372373
1.22410979
1.12673321
1.50327035
1.49566942
1.72252391
1.64735901
1.40301699
1.53987157
1.78010553
1.41556711
1.46695986
1.54021825
1.72508032
1.66875981
1.81135573
1.52368460
1.35441944
1.43088965
1.22813729
-0.93823204
-0.87212122
-0.70038293
-0.74558908
-0.82710583
-0.93035384
-0.72198207
-0.53816452
-0.63176106
-0.94652897
-0.86836976
-0.76866814
-0.52742667
-0.70786404
-0.75432487
-0.22467499
-0.04678579
-0.37735279
-0.58150534
-1.04303272
-1.99922516
-2.15895321
-1.90183059
-1.98059176
-1.72615348
-1.66958943
-1.92168584
-2.05856492
-2.08698615
-1.81128669
-2.13725219
-2.06862019
-2.25114692
-2.31605679
-2.21003892
-2.04495540
-2.28125030
-2.11274985
-1.86819664
-2.26921054
-2.85833230
-3.03590453
-2.92363206
-3.01935086
-2.64968474
-2.68222289
-2.86443841
-2.76748413
-2.84109159
-3.40487174
-3.47897889
-3.36041278
-3.65960321
-3.37835496
-3.14770801
-2.99006370
-2.53314027
-2.52534339
-2.27726960
-2.64734365
-1.24185424
-1.22256911
-1.26774119
-0.76205222
-0.59431086
-0.62601817
-1.10589617
-1.10764378
-1.33130560
-1.14720195
-1.18147487
-1.02889409
-0.94738345
-1.17000350
-1.31826969
-1.32789902
-1.58005402
-1.61117703
-1.54379275
-1.39207907
-2.06565335
-1.96717174
-2.16221155
-2.09547303
-2.12786703
-2.00482996
-2.18254568
-1.96924933
-2.16382012
-2.11453053
-2.09123742
-2.02072671
-2.22693708
-2.51822904
-2.46449436
-2.28813384
-2.25231202
-2.12603282
-2.01992769
-2.12644100
-1.77495997
-1.64651889
-1.91809887
-1.83124364
-1.90415741
-2.35546430
-2.22297802
-2.15898278
-1.95808044
-2.00896262
-1.85443400
-1.70069818
-1.57624655
-1.43800174
-1.71139895
-1.63616320
-2.27165347
-2.20843959
-2.02263847
-2.08318810
-0.71712023
-1.10989430
-0.92449694
-0.55567478
-0.10108396
-0.11982271
-0.05821892
0.09281530
0.17987046
-0.16377802
0.05127986
-0.17495889
-0.30953553
-0.19878850
-0.64297421
-0.52306787
-0.69090566
-0.54970153
-0.38693920
-0.62150973
0.42799163
0.21951678
0.46076402
0.53457241
0.51197604
0.36655752
0.60204457
0.83206911
0.63355732
0.57387697
0.33960759
0.54687118
0.53219367
0.83150738
0.54294803
0.31204942
0.27937711
0.45994949
0.05887417
0.15588122
0.27846786
0.14717055
0.02709904
-0.01118585
-0.02237696
0.15291711
0.37477893
0.40946151
0.50559160
0.71126685
0.75496632
0.25559501
0.03099199
0.12379704
0.14941896
0.22888161
0.22541137
0.18707000
0.35284134
0.28482084
-0.47827869
-0.49875023
-0.49794205
-0.12563148
-0.04426130
-0.30240133
-0.52130321
-0.35508243
-0.47310115
-0.52246127
-0.46847206
-0.57648647
-0.60752446
-0.44009616
-0.95865898
-1.26583458
-1.36980103
-0.77333091
-0.89420380
-0.66116075
1.16153083
1.23649353
1.25376391
1.13354582
1.31864729
1.11242834
1.14406729
0.59762381
0.79157748
0.90470556
1.38145770
1.46177796
1.61474095
1.42049848
1.28270087
1.48740726
1.47602531
1.32524142
1.16565774
1.38561835
-0.68475806
-0.35160108
-0.27589519
-0.22864686
-0.50847072
-0.72769914
-0.84065046
-0.78320084
-0.54998652
-0.49596159
-0.64432351
-0.75287774
-0.43770689
-0.38875876
-0.68536441
-0.97795145
-0.78004809
-0.64855431
-0.75200023
-1.11426322
0.09262501
0.23658728
-0.11843043
-0.32012834
0.02713356
-0.16116777
-0.01760046
-0.26838732
-0.06319830
-0.25247946
-0.10560073
-0.15579322
0.01464436
0.02640854
-0.04978341
0.04998006
0.32018123
0.28401258
0.26872636
0.10072392
-2.74038583
-2.58451708
-2.41202630
-2.17924748
-2.40066961
-2.46351436
-2.59363216
-2.22890458
-2.40494902
-2.17502659
-2.45232571
-2.65834504
-2.57087416
-2.68101863
-2.94151803
-3.14655984
-3.29445023
-3.35162235
-3.30742814
-3.13318483
1.93039560
1.79420598
2.13195309
2.38729428
2.04347079
1.83947645
1.74263660
1.74127529
2.05696005
2.35698596
1.95071993
1.69725745
1.93230150
2.11191359
2.26267888
1.98043322
1.56652316
1.61412667
1.76752478
1.90946469
-1.37462187
-1.87318056
-1.81240057
-1.72603280
-1.57115602
-1.46178162
-1.27118177
-1.02132001
-1.04432215
-1.47138178
-1.38213061
-1.38379173
-1.47304356
-1.18538076
-0.87632995
-1.16282878
-1.10273521
-0.75947040
-0.87187131
-0.75330211
0.27310754
0.46244642
0.70472818
0.58761044
0.96629944
0.84163500
0.45137518
0.15139706
0.09133386
0.02365670
0.45963370
0.47206368
0.54572958
0.61819231
0.80360358
0.71260825
0.51766561
0.63447080
0.40965367
0.19834146
2.07766341
2.39063610
2.27572506
1.92037757
2.13576246
1.67245167
1.65058552
1.52991673
1.36906992
1.45042438
1.34582584
1.55801177
1.55096624
2.03099628
2.10347058
2.03720526
2.26171975
2.41310364
2.45328137
2.12256998
-2.13415277
-2.31008562
-2.44824636
-2.61459337
-2.90126055
-2.71410079
-2.97950624
-2.97570872
-2.82003286
-2.88960973
-3.09337419
-2.89975521
-2.86221729
-2.74978280
-2.55317153
-2.68152175
-2.47533094
-2.33462091
-2.80910494
-2.63159604
