phonon_position
0.99192330
0.99066708
0.57970666
0.38454421
0.77078967
0.75667304
0.48092180
0.60608824
0.36072866
0.60164271
0.76518148
0.74555505
0.89233981
0.94510307
0.94181963
1.14101212
0.79676535
0.91553167
0.82147967
0.88843255
-0.29961703
-0.27860527
-0.03649679
-0.09368506
0.16191932
0.00055068
-0.35317365
-0.51004252
-0.53669193
-0.34977659
-0.38186370
-0.24351397
-0.40789404
-0.56300835
-0.28793180
-0.40392173
-0.71045271
-0.59517014
-0.55209310
-0.50675927
-0.76286132
-0.72574290
-0.81998679
-1.03034818
-1.10957035
-0.85838725
-0.82539646
-0.72975418
-0.58148660
-0.30741965
-0.16760113
-0.06224161
-0.19463187
-0.27464020
-0.28539629
-0.68836941
-0.67221802
-1.11766094
-0.97429861
-1.11954199
1.41389605
1.48231944
1.52216458
2.04823294
2.16226507
1.98836575
1.96308689
1.75511927
1.67517442
1.95498045
2.39632680
1.86895411
2.02278100
2.29303069
2.07388346
2.25164711
1.95774400
1.86322337
1.83618476
1.66964771
-0.57646005
-0.82373772
-0.54157605
-0.75871349
-0.39223061
-0.99237455
-0.80887841
-0.84645945
-0.97480505
-0.80822628
-0.45156429
-0.60828525
-0.61989237
-0.76879019
-0.72285806
-0.45084617
-0.59743800
-0.96971151
-0.95790579
-0.69886021
-0.29044190
-0.55955266
-0.39006920
-0.32523732
-0.65818511
-0.51735548
-0.25541872
-0.23957474
0.02706442
-0.11019895
-0.45720415
-0.25107657
0.01446106
-0.02294715
-0.29560934
-0.01315276
-0.31986622
-0.29173781
-0.27731122
-0.36867417
-1.92439738
-2.01239786
-1.93460668
-2.23605003
-2.17513645
-2.28419429
-2.23633951
-2.01831831
-1.85124876
-2.04406615
-1.82115319
-1.81788066
-1.48938422
-1.44727858
-1.50968346
-1.78451790
-1.90548472
-2.24260772
-2.15824145
-2.09241759
0.82408996
0.77049661
0.85062014
0.90749212
0.93607538
0.84277547
1.09106061
0.90959374
0.94012720
1.39220516
1.18749939
1.26049146
1.36909934
1.33846100
1.10688114
1.17541521
1.25524019
1.10872076
1.03603391
0.92882679
0.51073917
0.72132123
0.65579010
0.60585935
0.29693031
0.17122537
0.22041351
0.23377960
-0.07542267
-0.00696956
0.20160704
-0.13077489
-0.04651632
-0.17482030
-0.06976101
0.02737084
0.10025755
0.67092501
0.73381654
0.83216083
1.07664557
1.06089047
0.61868252
0.56110323
0.52433971
0.60017967
0.80094702
0.90694995
1.18388836
1.21474194
1.14234759
1.34138623
1.35127812
1.32127404
1.41659451
1.43824700
1.48557841
1.53013244
1.42126532
1.28766635
-0.27796435
0.03901179
0.14948277
0.23038161
0.06436977
-0.16633288
-0.39563199
-0.15548463
-0.47330940
-0.50358200
-0.56417732
-0.86162759
-0.89481892
-0.69981702
-0.68056594
-0.68519331
-0.56172514
-0.22140761
0.04924760
-0.39368354
2.32841299
2.32676480
2.37147084
2.03632112
1.79877951
1.69087287
1.78004709
2.09999667
2.26485568
2.13668705
2.16592408
2.13236528
2.14800368
2.10726816
2.22890912
2.33311524
2.25408822
2.07011619
1.91612167
1.79117613
-1.64792052
-1.46439008
-1.56563206
-1.73008023
-1.43566174
-1.16254603
-1.38442874
-1.62194575
-1.41803232
-1.80197859
-1.52317267
-1.56875791
-1.65427338
-1.69145356
-1.46992952
-1.47190768
-1.48113204
-1.40860420
-1.51889529
-1.64715881
0.13399196
-0.10701532
-0.31036769
0.00039443
-0.62159403
-0.75174824
-0.85118890
-1.06429652
-0.99045436
-1.07892334
-1.08366769
-1.14859104
-1.17511983
-1.21395265
-0.88076772
-0.62306199
-1.15493754
-0.93627900
-0.38735605
-0.24858398
-0.01390583
0.21224642
0.16226264
-0.08922861
0.01032126
0.09588650
0.29239574
0.49402157
0.04244951
-0.05619597
-0.18811266
-0.12288402
0.11831450
0.08155444
0.18656526
-0.11673924
0.04771962
0.15219915
-0.05723596
0.01078403
-2.41854547
-2.68512565
-3.05364904
-2.74020679
-3.08839645
-3.37546107
-3.28512088
-3.46742962
-3.52709579
-3.01754751
-3.11464610
-2.83415433
-2.60142314
-2.48607694
-2.77491376
-2.66063546
-2.88609498
-2.74636391
-2.65993607
-2.73330671
1.00906319
1.37823546
1.16652719
1.27014968
0.95186721
0.79172114
0.26555931
0.19443869
0.03582077
0.17413044
0.16912769
0.31723189
0.42066143
0.26114263
0.23269731
0.09004746
0.15443489
0.14186531
0.62799454
0.59167268
-0.49937332
-0.39710727
-0.31625620
-0.32250494
-0.38031689
-0.22110401
0.04400933
-0.03107238
-0.41726279
-0.72835236
-1.00118829
-0.82169991
-0.48731802
-0.12798730
-0.09364578
-0.43117051
-0.32860001
-0.74045035
-0.48854067
-0.40269332
-0.48651859
-0.73270355
-0.56960853
-0.69064268
-0.72694824
-0.59799225
-0.64790336
-0.98192286
-0.97499269
-0.66617877
-0.56675490
-0.49462525
-0.47204637
-0.49460118
-0.45104804
-0.64439158
-0.34890173
-0.38585052
-0.91086385
-0.62522066
-1.20726885
-1.05623981
-1.03222720
-1.27038582
-1.32874344
-1.15712330
-1.46817924
-1.49700904
-1.49311447
-1.79952793
-1.68373528
-1.75067740
-1.54730612
-1.56047694
-1.69389034
-1.82047178
-1.68651469
-1.61992149
-1.28990498
-1.20089383
0.73353685
0.91918165
1.28421315
1.29809417
1.19611706
1.04191039
0.93265280
1.00212497
1.40299121
1.43784809
1.44737061
0.97470931
1.12733953
0.93839333
0.63870986
0.63760367
0.45197777
0.45696161
0.06839656
0.38726210
0.67844131
0.72062429
0.90756772
1.02538354
1.02071430
0.72991835
0.59028925
0.49130663
0.89175670
1.05469382
0.77135188
0.94712192
1.17553374
0.85821130
1.04891746
1.04295565
0.79879174
0.70594539
0.68583050
0.42232686
-2.61142548
-2.97340381
-2.82906713
-2.95497818
-2.79801814
-2.88648570
-2.97240168
-2.87826776
-2.45745989
-2.71617553
-2.66691755
-2.61078225
-2.16029376
-2.08816102
-2.20596155
-1.94742902
-2.07216126
-2.04927240
-2.20176203
-2.33523963
-0.77970058
-0.59300290
-0.67375342
-1.02480228
-1.34769725
-1.74313178
-1.69752252
-1.60737776
-1.26439410
-0.81175671
-0.83328934
-0.73408603
-0.80042743
-0.69721293
-0.94413280
-0.62961359
-0.47907731
-0.68715491
-0.42423653
-0.50467063
-0.56869155
-0.41854199
-0.47010427
-0.67127042
-0.66275451
-0.62925288
-0.84714596
-0.96338519
-1.01671645
-0.73496650
-0.61016612
-0.59926240
-0.44581706
-0.15333798
-0.37167675
-0.62622965
-0.41793401
-0.50832513
-0.35031769
-0.31038262
0.55963345
0.08921152
0.30927824
0.17229513
0.26178001
0.71858145
0.59987444
0.74571570
0.62501694
0.43951426
0.22094136
0.36472247
0.91174619
0.75145563
0.83877667
0.94042110
1.08879031
1.17717914
0.58678977
0.66799809
-0.34167050
-0.05399696
-0.12990036
0.42804698
0.16632951
0.25440138
0.29439006
0.36578948
0.78598524
0.58295494
0.46597105
0.20401406
0.45024648
0.23306412
-0.35974587
-0.42876304
-0.83472686
-0.52555016
-0.73767000
-0.85862929
0.03801849
-0.26181729
-0.28057601
-0.48506191
-0.53692144
-0.37125985
-0.10068921
0.01784553
-0.34400330
-0.57697608
-0.46378515
-0.49695439
-0.58086509
-0.85775996
-1.08908959
-1.04593091
-1.06698415
-0.84392331
-0.58387847
0.11792857
1.11719602
1.04267725
1.23955408
1.13111473
1.07171911
0.94340517
1.16393230
1.01477833
1.10467472
1.12362832
1.28931314
1.13430037
1.07794632
1.07544728
1.02178288
1.06470988
0.84648616
0.43832773
0.67630077
0.76007506
1.28787051
1.54048545
1.34284919
1.14947784
1.15253538
1.36517559
1.47707325
1.41784170
1.43656608
1.18613595
1.18319991
1.34951894
1.13094188
1.19531837
0.92364519
0.74763962
0.87069135
0.99823295
1.05895344
1.18697303
1.50460160
1.41276113
1.34242994
1.35149140
1.82415398
1.96938086
1.97417980
2.07092501
2.33110252
2.02835149
2.24718433
2.01909913
1.90169371
1.62028803
1.96562636
1.85334739
1.82794833
1.81671746
1.94280440
1.77377413
1.29078061
1.53719780
1.41196380
1.31859899
1.64430137
1.29613156
1.17151980
1.02980886
1.18569781
1.18193542
0.97866697
0.70377366
0.37000672
0.34800839
0.52605669
0.58346326
1.04145575
1.00892820
1.17589415
1.12030387
-2.42519199
-2.13292344
-2.07676605
-2.14452234
-2.14575060
-2.17138587
-2.31518327
-2.72273156
-2.61512375
-2.58752883
-2.44532962
-2.56325052
-2.74527798
-2.73431545
-2.34989362
-2.60671354
-2.31116765
-2.56203471
-2.59680492
-2.14045206
0.22381383
0.43755675
0.29099008
0.39508139
0.55468974
0.20038472
0.42036128
0.25021553
0.69000723
0.63093530
0.76208765
0.38814642
0.09032738
0.55326869
0.41656361
0.20055623
0.00580298
0.05316012
0.10851366
-0.13833511
-2.88417190
-2.99392063
-2.63055835
-2.76709383
-2.51267051
-2.50904758
-2.29887467
-1.95901188
-2.00414835
-1.87652608
-2.08817474
-2.32317705
-2.31734260
-2.35067203
-2.29305259
-2.49385963
-2.77385953
-2.79453663
-2.76093223
-2.99709500
-2.34766687
-2.26198744
-2.57351580
-2.31931519
-1.95944234
-1.83881614
-1.64270108
-1.48667081
-1.35025777
-1.41724062
-1.73543266
-1.89334078
-2.07286881
-1.50904744
-1.73631627
-1.66159772
-1.57351616
-1.94298925
-2.53045104
-2.62035111
0.35402931
0.14276731
-0.12023820
-0.13957197
-0.00183620
0.05405683
0.15393313
-0.05259079
-0.19496464
-0.18447367
0.06876955
-0.15414397
-0.11580802
0.46733822
0.27762705
0.51107623
0.52457662
0.72724242
0.96021252
0.55416145
0.39447121
0.18283032
0.29233459
0.49490555
0.16416765
0.03703788
-0.33963226
-0.21650920
-0.57342315
-0.47944139
-0.63417766
-0.31964944
-0.30191692
0.00824222
-0.04541207
-0.04006148
0.13698456
0.19132004
0.35269711
0.50494247
-0.86447624
-1.06471257
-1.30314244
-1.26788660
-1.13617496
-1.24744506
-1.40992440
-1.34137450
-0.99703214
-1.33549732
-1.34807550
-1.45648325
-1.71771290
-1.54877794
-1.50999859
-1.91617914
-1.57619203
-1.52237201
-1.31824438
-1.07959492
1.52724017
1.95014805
1.90015278
1.68913094
1.89380398
1.75988639
1.77054498
1.81443343
1.61151278
1.13787990
0.89007969
1.00148601
0.86078484
1.15487655
1.37504451
1.49526896
1.53065231
1.43120519
1.33062900
1.33361001
-0.44201137
-0.38981415
-0.49348534
-0.78131017
-0.48976629
-0.51188177
-0.54931915
-0.45289891
-0.31724073
-0.19305623
-0.04819265
-0.31581797
-0.43209617
-0.25886665
-0.54664102
-0.82291519
-0.84395899
-0.40856442
-0.36907510
-0.16324843
-2.06476275
-1.96547025
-1.63806325
-1.58431144
-1.80161432
-1.87446149
-1.85548557
-1.84462482
-1.97889272
-2.23129777
-2.06890472
-2.19951243
-2.48365555
-2.20644453
-2.07033538
-2.28754972
-2.35935604
-2.16085542
-2.12452070
-2.10537214
-1.01903659
-0.84759341
-1.17151798
-1.35977669
-1.05985730
-0.73685358
-0.95264612
-0.98150323
-1.17362857
-1.23314223
-1.36355199
-1.83943492
-1.66991877
-1.79154654
-1.71242684
-1.41881809
-1.09483245
-0.99815825
-0.72779118
-0.95882368
1.88422079
1.80343345
1.57094116
1.54180700
1.42556419
1.14651374
1.37895203
1.68521825
1.37929013
1.29712772
1.40326040
1.57883785
1.63258555
1.51089830
1.40195718
1.29100369
0.93598420
1.05559091
1.43507520
1.58084724
-0.94456029
-0.52503225
-0.76258026
-0.89960165
-0.88510917
-0.87308613
-0.69590880
-0.42560270
-0.09687096
-0.17026076
-0.26286213
-0.29805211
-0.11933003
-0.14594245
-0.51594805
-0.79472472
-0.71013954
-0.73529485
-1.12165544
-1.08767725
0.52851342
0.12981142
0.08999029
0.19749063
0.47686266
0.11317216
-0.05879585
-0.05114416
0.10984890
-0.00517366
-0.10578097
0.08669060
-0.15930066
-0.26189137
-0.14100539
0.12091655
0.02346080
-0.00198788
-0.02677335
0.54218695
1.73997299
1.88864338
1.56254774
1.60247276
1.57349224
1.45352887
1.27444230
1.55270096
1.73263653
1.83022531
1.73715786
1.72182432
1.85009505
1.74415356
2.00268001
1.67067500
1.73368765
1.61321221
1.37651103
1.79435205
0.73799402
0.93265268
0.69876986
0.26879518
0.00588905
-0.01857438
0.02866245
-0.13484862
-0.21144346
-0.30140677
-0.19652926
0.00613836
-0.05536714
0.08816566
-0.04224975
-0.09796549
0.22364351
0.30525079
0.55998164
0.55170331
-1.09642665
-1.10612347
-1.34407035
-1.23645415
-1.29207025
-1.33048796
-1.50452535
-1.23930798
-1.30350024
-1.45755146
-1.25828172
-1.19131282
-1.31810984
-1.29912412
-0.86805220
-0.77004636
-1.32171307
-0.92957535
-1.41707839
-1.44791818
-1.54131250
-1.96730611
-1.35947753
-1.16210827
-1.45368871
-1.70703101
-1.63225061
-1.55001064
-1.80625872
-1.75492786
-1.68755698
-2.09369124
-1.65486082
-1.48692780
-1.65728317
-1.93156816
-1.77575005
-1.66248280
-1.79463866
-1.98129517
-0.62785195
-0.79850137
-0.82891501
-0.76728139
-0.31667355
-0.68516224
-0.93835941
-0.66321345
-0.59938929
-0.68583724
-0.65242321
-0.94146604
-1.02090130
-1.22015227
-1.02640807
-1.06097063
-0.67365217
-0.40106752
-0.55843828
-0.47050274
-1.14380181
-1.13116452
-1.38832087
-1.72741133
-1.55275782
-1.36063751
-1.16678395
-1.16871023
-1.10793162
-1.40934711
-1.43081788
-1.33264105
-1.39102723
-1.07596144
-0.99741656
-1.17411793
-1.17047808
-0.97102973
-1.12165992
-1.17831205
0.40893908
0.65877482
0.95295724
1.26606773
0.90613903
0.46394234
0.55205008
0.57018829
0.61664551
0.84245629
0.89729720
1.21111179
1.17075326
0.86200174
0.79716064
0.89294338
0.99691542
0.83545357
0.61277779
0.43060377
-2.40182540
-2.20908827
-2.01891481
-2.03402048
-2.08579422
-2.29818398
-2.11772562
-2.13468829
-2.35055809
-2.41340574
-2.66143249
-2.38433944
-2.49992254
-2.17907710
-2.32284698
-2.51025928
-2.57816562
-2.21886111
-2.26484150
-2.36315650
1.05432141
0.95979847
1.13054448
1.10920016
1.19104581
1.27562761
1.12577377
1.13609223
0.86597645
1.02561012
1.29320459
1.29633599
1.14669678
1.02738905
1.28644861
1.59151273
1.50159004
1.38520751
1.26775195
1.34367794
0.57260141
0.40242771
0.37109061
0.10788471
0.47537676
0.71319878
0.94977367
0.94942241
0.97834504
1.06026919
1.07176378
1.45788859
1.47040760
1.29050031
1.35447335
1.15904295
1.18742906
1.28758458
1.23479324
0.86950358
3.26162105
3.31733126
3.53731633
3.49638499
3.62314392
3.77064351
3.54143293
3.49493260
3.18928698
2.81520160
2.90174100
3.10162917
2.87550011
2.70963104
2.76211744
3.20812324
3.15309242
3.06128980
3.04213290
3.31620112
-0.11155190
-0.11187846
0.04318958
0.05420250
-0.22407855
-0.79122812
-0.50651599
-0.43880581
-0.05363321
-0.15979590
-0.21503290
-0.37159549
-0.33216995
-0.57732220
-0.43257691
-0.10226144
-0.15738554
-0.16206725
-0.19656460
-0.33649187
-1.62286990
-1.42951017
-1.83622562
-2.02097644
-1.69088900
-1.57029762
-1.91946180
-1.55709111
-1.28121149
-1.34339575
-1.74530357
-1.55604634
-1.57796492
-1.73024443
-1.70307454
-2.05338274
-2.03674579
-2.10862261
-2.13109119
-1.94059822
0.36324302
0.32180107
0.35812198
0.22168291
0.34312358
0.65924049
0.64422901
0.65128687
0.66987381
0.70423373
0.50706187
0.14203319
-0.05285570
0.20019137
0.11869076
0.17101236
0.25869905
0.58616994
0.64545837
0.49920503
-1.33580069
-1.32173474
-1.47109054
-1.30906154
-1.34261567
-1.60126364
-1.59932312
-1.72022709
-1.71738187
-1.53779111
-1.14235270
-1.20252799
-1.30050393
-1.60025969
-1.65883645
-1.94128132
-1.84022375
-1.73107332
-1.57201839
-1.52176905
-1.79504529
-1.61270828
-1.48025842
-1.46879495
-1.15178929
-1.00878972
-1.20108261
-1.67893606
-1.56543355
-1.55358678
-1.93641471
-1.62913169
-1.54340767
-1.57135859
-1.58809575
-1.78759610
-1.59783036
-1.58264572
-1.76017993
-1.54216979
-2.10893737
-1.94014594
-1.96012712
-1.63946035
-2.00939188
-1.98175168
-1.71054613
-1.62424785
-1.46779564
-1.35347625
-1.00496388
-1.19479657
-1.16275286
-1.83755342
-1.97424867
-2.01705587
-2.32516969
-2.43824095
-2.39876054
-2.20854532
-3.34895868
-3.30323957
-3.17906918
-3.04750133
-2.91728473
-2.63979305
-2.86963402
-2.72991286
-2.50628550
-2.72135348
-2.89150824
-2.71530278
-2.87977822
-3.15267248
-3.52632990
-3.14230715
-3.10517412
-3.12631788
-3.03627433
-3.25344582
1.92786009
1.89071898
1.49205662
1.82938790
2.01512558
2.31745811
2.35431327
2.21335066
2.67464764
2.48583362
1.99991239
1.71058767
1.73448162
1.79639755
1.75105651
1.70917652
1.95685176
2.04098077
1.77026517
1.83676455
-0.87009825
-0.96854498
-0.79800565
-1.08692291
-1.06933604
-0.86594556
-0.53355821
-0.30219252
-0.58508532
-0.54526357
-1.28561059
-1.00683503
-0.89759776
-0.99552172
-0.95387969
-0.86190502
-0.98658970
-0.76266623
-0.68263533
-0.84832721
-0.38363635
0.05833689
0.01308767
0.14447893
0.26078584
0.56196347
0.74371064
0.48417597
0.63885749
0.87339958
0.77058036
0.60600456
0.50164835
0.23138442
0.09045246
0.05928947
-0.28168679
-0.37047726
-0.53988526
-0.48183050
-1.04751417
-0.95515187
-1.06610500
-1.10056766
-1.21359503
-1.32065549
-1.35964721
-1.05671792
-0.93669840
-1.22625990
-1.17707364
-1.47300293
-1.56133041
-1.24314814
-1.45786652
-1.53045138
-1.26552564
-0.90566856
-0.87521812
-0.80853367
-0.70644948
-0.56820302
-0.69050442
-0.68565513
-0.76446400
-0.51425107
-0.36465784
-0.26746309
-0.02040159
-0.07431201
-0.04133881
-0.10517479
-0.57727259
-1.01189039
-1.38874914
-1.26629658
-1.23900542
-1.07002569
-1.08449618
-0.73827390
0.20180948
-0.02632596
-0.21441935
-0.20266941
0.06324288
0.13139643
0.03794835
-0.04487471
-0.07802496
0.05646697
-0.17611742
-0.23473145
-0.11102673
0.05824808
0.01067693
0.02846064
0.07771672
0.26819674
0.09413421
-0.06245758
-1.16628110
-1.08586589
-1.10561944
-1.29411210
-1.50676073
-1.39536255
-1.49984896
-1.45904176
-1.52724688
-1.59988489
-1.67887014
-1.72057614
-1.58939909
-1.45242971
-1.49193096
-1.34466431
-1.27479961
-1.15314964
-1.43149699
-1.30015975
-2.70507871
-2.57236796
-2.74675500
-2.51095709
-2.32246493
-2.57076428
-2.13093848
-1.85936486
-1.88541034
-1.67518775
-1.70003230
-1.42884930
-1.63998092
-1.62071078
-1.24056983
-1.49540721
-1.89621953
-1.86612717
-1.96512176
-2.30424105
-0.19061595
-0.37259245
-0.10514693
-0.01494974
-0.00203663
-0.22178475
-0.41694572
-0.41829605
-0.17144736
-0.33321459
-0.18287838
0.10707539
0.07525764
-0.16635430
-0.20191439
-0.06185447
0.04099176
0.18098244
0.03115078
0.00485656
-1.83971107
-1.61088367
-1.43985809
-1.26129108
-1.40458776
-1.29035106
-1.33210960
-0.94129632
-0.93854106
-1.06050967
-1.32329131
-1.59281020
-1.36543973
-1.42688023
-1.31389387
-1.33804220
-1.20582979
-1.22339884
-1.40376518
-1.39930096
-1.64376128
-1.48288115
-1.45193744
-1.57002241
-1.50752167
-1.57780737
-1.85764368
-2.11421073
-2.00184569
-1.89049439
-1.55145756
-1.77518942
-1.45393298
-0.90186504
-1.05287647
-0.96443764
-1.06377441
-1.36236056
-1.33920465
-1.51042542
-0.15172744
-0.07804484
-0.18581498
-0.21243355
-0.02530305
-0.02898420
-0.04359307
-0.27287628
-0.47274303
-0.24849605
-0.47282463
-0.37182495
-0.47732845
-0.57592018
-0.37721665
-0.63810249
-0.74531921
-0.92164420
-0.64118733
-0.48569427
0.69966592
1.02798203
0.98651264
1.03562555
1.00082176
0.72092438
0.71084611
0.63152325
0.57336292
0.34976505
0.32952740
0.52149525
0.53503246
0.39925134
0.09755500
0.23576716
0.37700667
0.38094415
0.79751788
0.91362590
0.30304080
0.17057640
0.46950993
0.59648053
0.98598939
0.82624667
0.62762166
0.73223502
0.53444653
0.53819809
0.58449329
0.22794586
0.45345506
0.26124146
0.07122837
0.05088028
0.05437433
0.47808797
0.45670126
0.44298404
0.27858997
0.23807232
-0.18062823
-0.09200683
0.51648558
0.51810561
0.41899141
0.05464731
-0.08890614
0.22256874
0.41784787
0.64398870
0.75055722
0.53681435
0.72839098
0.34983573
0.26982491
0.23945016
0.57144749
0.24411480
0.41533843
0.77191600
0.55003257
0.68678440
0.74971042
0.72290728
0.75306943
0.88284589
0.54968049
0.49661375
0.15025280
0.08573395
0.46803862
0.41744902
0.39128479
0.10701897
0.20381017
0.03898932
0.31670330
0.42109273
-2.02501813
-2.47273077
-2.39748708
-2.43692159
-2.37284008
-2.68820310
-2.54503708
-2.56432155
-2.11912664
-1.79094367
-1.84590037
-1.89000202
-2.08066926
-2.04214934
-2.01381405
-2.14226765
-2.33396464
-2.19676932
-1.95933804
-1.92646891
-0.10891487
-0.35729993
-0.21996416
-0.12807101
0.04985016
0.19536088
0.28905332
0.21063743
0.26817471
0.15066490
0.31734411
0.70884144
0.74729296
0.87362237
0.94623098
1.15223208
0.85816870
0.56986054
0.24198447
-0.04339862
1.44410470
1.66990087
1.68333610
1.61589112
1.40878149
1.33627942
1.13755974
1.70614668
1.78506168
1.72494847
1.71220544
1.71957466
2.08319103
1.77193338
1.75527655
1.41261599
1.37265388
1.49955909
1.46006616
1.32108500
0.72480657
0.66084655
0.90380073
0.88501626
0.79521457
0.61549084
0.79386735
0.78655178
1.20808305
0.81523800
1.10233090
1.04094140
1.14056599
1.42722045
1.18643910
1.25678856
0.95932598
0.60569113
0.63790832
0.51741666
0.76494312
0.79963240
0.98471043
1.12031178
1.21000265
1.01186476
0.84770560
0.79892351
0.93566730
1.28039280
1.13765182
1.18308685
1.27558987
1.21648152
1.14935362
0.89266710
1.10565119
0.95803460
0.87078128
0.73399599
2.27173750
2.24635619
2.55978218
2.17786716
1.98080040
1.70378694
1.81876523
1.40163483
1.20477363
1.04730787
1.11117542
1.24654973
1.44799610
1.48430370
1.37639180
1.29304703
1.53641851
2.00198868
2.04509846
2.28977108
-1.72319313
-1.34358071
-1.94171409
-1.67436452
-1.79842315
-1.72742638
-1.54319946
-1.24853519
-1.39465914
-1.54333896
-1.61423709
-1.76127062
-1.47636149
-1.53196739
-1.92553534
-1.92378293
-2.01526954
-2.08273915
-2.17857030
-2.07959935
1.47248311
1.76794723
1.80411672
1.58367335
1.65125967
1.74187084
1.48099892
1.66049576
1.54064507
1.29999421
1.07464440
1.11483192
1.34588573
1.24957013
1.62209165
2.08275812
1.88970539
1.65668092
1.85873783
1.85984453
0.54656719
0.37951897
-0.00505605
-0.38776208
-0.28741278
-0.37003969
0.08672959
-0.14101872
0.14784629
0.56351354
0.49210089
0.28763964
0.50240975
0.53597454
0.73057506
0.43071900
0.45755465
0.32956387
0.36893001
0.29106021
-2.27411406
-1.94812288
-2.26625965
-2.28577740
-2.02070605
-2.11312712
-2.13774539
-2.19969065
-1.95200843
-1.51881779
-1.72332643
-1.73032330
-1.77734309
-1.79613304
-1.98117520
-1.97928757
-1.89409417
-1.77934609
-2.10877520
-2.21504623
1.69971490
2.22693390
2.11062917
2.08071406
1.94116326
1.95740577
1.68884297
1.50092923
1.53669138
1.52015226
1.47441428
1.99321307
1.91588605
1.62543520
1.99839776
1.81016538
1.61783714
1.71505527
1.64029065
1.64360634
-2.70461232
-2.77487443
-2.84680798
-2.48714035
-2.32336028
-3.02308044
-2.99291977
-2.48029984
-2.06026337
-2.35672799
-2.52597270
-2.83411149
-2.82498196
-2.80796218
-3.37958565
-3.00873880
-3.34183017
-2.99905968
-2.99863824
-2.78285295
0.77261351
0.49562610
0.73021088
1.14087012
0.96816470
1.22626788
1.21909642
1.38863616
1.05253091
1.14123196
0.98830815
0.93753301
1.04370148
0.64029272
0.78489694
0.60797900
0.68753245
0.99002656
0.95346789
0.87313096
-1.05275211
-1.45940249
-1.56868587
-1.62845142
-1.72421381
-1.23369577
-1.31642920
-1.52798058
-1.57036051
-1.57967952
-1.70616671
-1.46136321
-1.20166232
-1.54778723
-1.53744264
-1.38130326
-1.18998138
-1.40485774
-1.23431521
-1.23053402
-1.68728059
-1.64916288
-1.54489127
-1.47356528
-1.46950108
-1.40799038
-1.55655146
-1.01758137
-0.98677812
-1.13904281
-0.89204125
-0.99380261
-0.85573225
-1.29397019
-1.78477516
-1.60404623
-1.59870629
-1.41094673
-1.61907600
-1.56006068
1.20885299
1.29909978
1.41156127
1.35903075
1.53585875
1.47802679
1.22519997
1.57740675
1.62405190
1.56257692
1.14827488
1.38554999
1.37243842
1.11725230
1.20253036
1.15283075
1.49294421
1.35642426
1.19904666
1.04861642
0.31676425
0.34986282
0.06243291
-0.13534019
0.12552835
0.01642859
0.16425122
-0.06375531
-0.36196074
-0.04900984
0.05368286
0.20302478
0.39553842
0.66284612
0.80475257
0.64333034
0.48925063
0.64832780
0.38319157
0.34636208
-0.70667519
-0.81607277
-0.83451053
-0.73574921
-0.89312729
-0.72282594
-0.88147577
-0.82340945
-0.75721721
-0.75585981
-0.64837114
-0.43839430
-0.60247636
-0.81008754
-0.99410699
-1.27520412
-1.29145281
-0.80870685
-0.54365423
-0.75039740
-1.56318683
-1.59695867
-1.49111050
-1.70596609
-1.54521074
-1.27842021
-1.32454214
-1.26661379
-1.31893436
-1.35584764
-1.36970725
-1.40972137
-1.42913160
-1.16162384
-1.10880601
-1.42498021
-1.41705977
-1.39647957
-1.21742330
-1.56257573
1.97218801
2.12946112
1.73882521
1.44663046
1.06839533
1.25016667
1.24012482
1.43113331
1.48309626
1.46731815
1.62728194
1.73331232
2.09201633
2.16839411
2.23186699
1.96661098
1.95870126
2.15843544
1.97274100
1.72610193
-1.39056904
-1.32862873
-1.54267067
-1.68035119
-1.61586848
-1.88058388
-1.58404064
-1.44014846
-0.98440025
-0.87818188
-1.12626705
-0.81362108
-1.11978653
-1.29732475
-1.38599866
-1.22357073
-1.42617934
-1.17077807
-1.26391638
-1.06260686
2.97022644
2.95397722
3.09754287
3.51966793
3.65352703
3.56560291
3.46005140
3.81347894
3.76424198
3.62776112
3.50526921
3.60399532
3.40068969
3.48484236
3.20775350
3.25671228
3.11292719
2.83853524
3.04603888
2.84285115
0.20857733
0.28312736
0.05986017
0.12844626
0.24162517
0.63447245
0.08267973
-0.09505413
-0.05109891
-0.00103064
-0.08510464
0.20373336
0.09666603
0.35743866
0.44179723
0.50735257
0.10557148
0.55246873
0.51662090
0.44072591
0.65290308
0.78718220
0.80090014
0.43989115
0.43814934
0.55303894
0.52460080
0.41706974
0.01208011
0.20618997
0.41648368
0.69683165
0.64992474
0.77872363
0.93182893
0.70005515
0.99260079
1.10972702
0.88930665
0.83622864
1.46234242
1.31504682
1.41103890
1.11096810
0.66056989
0.81645726
0.91748079
0.82650129
0.96080656
1.12468482
1.77503837
1.65846079
1.84186054
1.37480437
1.31530767
1.25501661
1.39942319
1.40822087
1.33514475
1.43195352
0.72072368
0.70014473
0.74114427
-0.00139117
0.10261378
0.30885552
0.46261393
0.52654458
0.76580018
0.77539947
0.77278259
0.73129660
0.69971742
0.58831694
0.26813034
0.40378628
0.66713200
0.70814025
0.74974599
0.42466413
0.36348223
0.51452686
0.87575374
0.76384038
0.90010144
0.82533178
0.59467012
0.35513574
0.50152415
0.45932530
0.09874536
0.17300086
0.55317296
0.28220477
0.28234019
0.02382101
0.17087548
0.10021476
0.40479805
0.17621045
1.06095357
1.40760965
1.31946649
1.20754829
0.99785086
1.28615856
1.12843971
0.69305567
0.62330708
0.59732687
0.49418061
0.86280166
1.33644021
1.33685003
1.31054822
1.30255008
1.18242644
1.06540642
1.03223459
1.28761858
-1.29991669
-1.35379850
-1.47399441
-1.30853763
-1.30690804
-1.60277456
-1.47784912
-1.74380792
-1.73173995
-1.69533192
-2.15269646
-1.94186724
-1.70804329
-1.66523069
-1.58903470
-1.88954858
-1.74346156
-1.70007349
-1.36523841
-1.43757569
2.16815335
2.10522799
2.03528293
1.78212059
1.71814488
1.16469992
1.58422790
1.75287914
1.93003549
1.88458610
2.05685968
1.75276551
1.68737497
1.89228563
2.07180698
1.93930972
2.01199304
2.04168054
2.22837284
2.39668567
-0.28654704
-0.41142784
-0.56937027
-0.85486962
-0.75586490
-0.93529182
-0.92196831
-0.75063441
-0.68072756
-0.57901738
-0.56993890
-0.48012309
-0.18433544
-0.41822331
-0.30891840
-0.02745479
-0.06754063
-0.34249324
-0.15945801
-0.23078406
-0.25457626
-0.02906776
-0.06793687
-0.10748326
-0.41666612
-0.23608637
0.01257509
-0.12934687
-0.14318479
0.09759924
0.45216181
0.14661618
-0.06323460
-0.58404454
-0.21408988
-0.31726553
-0.23780176
0.05895950
0.15893579
0.16163846
-1.40492450
-1.71070532
-1.79113077
-2.21582458
-2.12750847
-1.89099449
-2.03608846
-2.16779660
-2.17971056
-2.28422123
-2.19510979
-2.28385892
-2.03514905
-1.68374745
-1.90328655
-1.68670786
-1.86079337
-1.53852953
-1.98240197
-1.63057161
1.00592920
1.02493386
0.89818333
0.59280293
0.58354260
0.72145560
1.18255555
1.29436214
1.37786147
1.17556864
0.95183005
1.00276147
0.92989536
0.80363215
0.86747008
0.66755169
0.87653625
0.80860590
1.04134458
1.41568960
1.26062457
1.18317015
1.54984804
1.39531093
1.00651245
0.75544401
0.48746226
0.87597242
1.07302661
1.33286864
1.32790568
1.52061412
1.44950597
1.49785361
1.72661354
1.54114804
1.73349841
1.83217294
1.46048833
1.28017296
0.20641679
0.38611696
0.47795608
0.88835569
1.15561010
1.22505077
1.04538552
0.40308110
0.07410294
-0.12769799
-0.09252656
-0.23156834
-0.06987506
0.02178874
-0.08719487
-0.15110579
-0.17997929
-0.34497407
-0.05701995
-0.17332974
-1.66791137
-1.85229881
-2.06697617
-1.93566258
-1.86911569
-2.29985628
-2.42533794
-2.50962149
-2.19530676
-1.66575424
-1.50483308
-1.70486579
-1.73753525
-1.78058101
-1.81235060
-1.88108136
-2.02357172
-1.66147264
-1.93823117
-1.79222527
1.14731626
1.24509280
1.32587954
1.27808219
0.92601528
0.90814121
0.75724681
0.84545170
0.44460207
0.38555822
0.39596614
0.83494443
0.87784042
0.92194891
1.01789961
1.02106312
0.95475041
0.94634361
1.26301293
0.93943435
-1.96267209
-1.95768465
-2.15007594
-1.92113631
-1.72102121
-1.68145337
-1.91638463
-1.85302479
-1.64166342
-1.71031052
-1.61897803
-1.55811155
-1.38693042
-1.40828163
-1.49629687
-1.62853447
-1.66688437
-1.78425718
-1.98281516
-2.03905428
-1.89703313
-1.96748046
-1.81499097
-1.89899149
-1.86826417
-1.68219384
-1.61183056
-1.11225134
-1.35329601
-1.47084525
-1.38337084
-1.44865257
-1.42783057
-1.48827239
-1.37132321
-1.41844565
-1.37367770
-1.58067210
-1.57637720
-1.83159617
-0.03441066
-0.02037640
-0.15478819
-0.50604746
-0.27725830
-0.40301977
-0.58169649
-0.49469478
0.03659870
-0.12333327
-0.27278990
-0.23348354
0.22950329
0.28419531
0.01170232
0.09033661
-0.15687449
-0.39093572
-0.46117860
-0.05838563
-2.31381158
-2.50537888
-2.59683030
-2.60870009
-2.65169366
-2.74789552
-2.83447755
-2.77310579
-2.80473730
-2.80141914
-2.59017116
-2.42379169
-2.35063296
-2.47912291
-2.29017968
-2.69611373
-2.67640188
-2.66114105
-2.62724269
-2.36614644
2.80996524
2.75183735
2.84199877
3.15440482
3.28267024
3.24372860
2.98089279
2.73134256
2.50497361
2.34211105
2.74446685
3.23282907
3.02478388
3.35264700
3.09342625
3.18092482
3.12558573
3.19037706
3.16302632
2.82744624
-2.09832614
-1.84775312
-1.73631268
-1.58333174
-1.78494633
-2.08606047
-1.94109102
-2.09771648
-1.93829606
-1.60461589
-2.11141111
-2.05851424
-2.12127892
-1.90571148
-2.08070402
-2.17246871
-2.27518489
-1.96532647
-1.73412381
-2.14108129
2.97698130
2.88876355
2.52381563
2.68580990
2.61211030
2.59595100
2.40903374
2.69143170
3.02886139
3.18596558
2.64028320
2.83745313
2.65778884
2.67576931
2.71377358
2.71763644
2.83794337
3.05451366
2.94335322
2.87249967
0.23537970
-0.32955600
-0.22988038
-0.30808585
-0.13500265
-0.08179110
-0.04018272
0.18085507
0.12794914
0.04909313
0.05227665
-0.06492744
0.15715163
-0.19168951
-0.03836349
-0.17824480
-0.23678334
-0.13347210
-0.16842811
-0.00089165
0.77452519
0.58949593
0.48304905
0.39448840
0.32864792
0.19849112
0.07424230
-0.19258488
-0.22004632
-0.41440359
-0.20921592
-0.12243158
-0.15796564
0.24699465
0.37650596
0.61160772
0.53706976
0.76004273
0.76980875
0.76613344
-0.37954190
-0.68500901
-0.24000791
-0.49583287
-0.71650948
-0.69806948
-0.75978174
-0.50102730
-0.31055811
0.02108469
0.18956342
-0.00234189
-0.05928601
-0.36214103
-0.24486761
-0.47078344
-0.69913673
-0.77864974
-0.69442648
-0.57768726
0.34943821
0.41238232
0.50786915
0.55314201
0.38797594
0.49892818
0.50086120
0.15837277
0.13541059
0.47210247
0.34294457
0.33035390
0.31692445
0.67384219
0.86253678
0.86751165
0.56205329
0.89752195
0.73887876
0.30087141
0.87818123
0.97392023
0.83634421
0.34790700
0.26590583
-0.00292240
0.15106963
0.03342914
0.14622967
0.53367047
0.45529712
0.37981921
0.53249740
0.37108423
0.47316598
0.55625680
0.72307531
0.73679718
0.79180047
0.85851332
0.32787701
0.25898758
0.38894673
0.31047168
0.25100518
0.16598824
0.18873357
0.24697597
0.20636556
0.28217648
0.13863440
0.03703539
-0.13303732
-0.56117723
-0.39843624
-0.31153385
0.11613713
0.07863800
0.17259576
0.19106438
-0.19633688
-0.08884037
-0.34623930
-0.68163187
-0.61588051
-0.73320039
-0.93866405
-1.03437667
-1.10072027
-0.59391659
-0.40079164
-0.25378414
0.25812264
0.23402818
0.15988274
-0.04482503
-0.19693022
-0.36367420
-0.25296199
-0.02393717
-1.03506166
-1.20804448
-1.25707028
-1.44677854
-1.44381306
-1.61693368
-1.39206666
-1.15419402
-1.00457508
-0.92343716
-0.88559403
-1.04019442
-1.24674264
-1.07901247
-1.49864061
-1.47183249
-1.52818681
-1.34915398
-1.59003265
-1.30618125
0.44649387
1.02189281
1.03508676
1.17479842
1.20649332
1.94920620
1.64451645
0.93703897
1.01613429
0.80884940
0.86066006
0.51564945
0.67581770
0.31086275
0.55935952
0.37461899
0.02154816
0.38424163
0.25282850
0.51540280
-1.75175876
-1.84053741
-1.53882296
-1.47755800
-1.53569642
-1.46135190
-1.42057399
-1.61446545
-1.95031856
-1.57057533
-1.83567863
-1.66651686
-1.72983263
-2.04754808
-1.97268340
-2.10372633
-2.14733553
-2.28140049
-1.94271777
-1.76788028
-1.29034166
-1.19947545
-1.10131970
-1.12259749
-1.44828467
-1.94207243
-1.99430313
-1.91244313
-1.97217090
-1.89681882
-2.15062256
-1.70676028
-1.55997322
-1.36290024
-1.23988943
-1.29856496
-1.58943378
-1.40466379
-1.26920360
-1.34103363
0.01081943
0.24241870
0.60555154
0.54341250
0.57598571
0.87368162
0.81773776
0.90073911
0.76751920
0.91125056
0.62495834
0.45974828
0.31052589
-0.14002780
-0.17598571
-0.29673749
-0.33317029
0.15082162
-0.03338210
0.12876950
0.19574918
0.06619977
0.03159665
0.21480488
0.16788747
-0.06614324
-0.20129148
0.03842184
0.17975098
0.20281420
-0.30690074
-0.24902331
-0.34575374
-0.34810477
-0.47020723
-0.49854229
-0.34765352
-0.10512157
-0.08687537
0.22142061
0.13553110
0.23477023
0.06894542
0.44413137
0.59309588
0.81892937
0.52236583
0.41799833
0.84878603
1.15698711
0.95109800
0.91962731
0.55730038
0.71967844
1.04118786
1.23050276
1.01411876
0.52072650
0.74531925
0.54735580
0.28711183
0.44268636
0.13583303
0.53874058
0.66300162
1.09253452
1.10612077
1.05590781
1.30440076
1.30782611
1.02515347
0.66041084
0.72338878
0.72424376
0.83649593
1.08682236
1.15696489
0.71087353
0.38149636
0.41003724
-0.32914331
-0.47047795
-0.35902190
-0.11380062
0.13499575
0.47110424
0.53169231
0.35278633
0.33837490
0.42990269
0.33513686
0.33833132
0.40547372
0.19905390
0.35816057
0.27489411
0.16637419
-0.47271975
-0.37368150
-0.21678420
-0.10437723
-0.04858422
0.00716547
0.09059562
-0.21212586
-0.22233363
-0.02640778
-0.08558215
-0.22155258
0.06879627
0.09134014
0.21765607
0.43771826
0.72435556
0.50698041
0.40368346
0.15221905
-0.28015469
-0.10838738
0.05906134
1.28065453
1.47584096
1.18000198
1.24069578
1.36607781
1.42068401
1.75886331
1.68179882
1.71208790
1.37027431
1.41059370
1.14104190
1.43165767
1.16780953
1.19487060
0.99019442
1.12428819
1.45525275
0.93832388
1.44673932
-2.10124438
-1.91616114
-1.75675447
-1.56166588
-1.37250927
-1.06469887
-1.14040885
-1.33654221
-1.55880495
-1.44775874
-1.54699583
-1.50454105
-1.71013461
-2.05761796
-2.04073277
-1.72029399
-1.65478018
-1.39896823
-1.59984427
-2.08023772
