index DenDen_position
1 1.62069848
2 1.58251922
3 1.54261928
4 1.52058147
5 1.49144107
6 1.47731576
7 1.46679452
8 1.45474909
9 1.44684868
10 1.44868305
11 1.44084851
12 1.44048341
13 1.44554078
14 1.45924446
15 1.46484198
16 1.48308679
17 1.49516274
18 1.51608534
19 1.54572666
20 1.58355912
21 1.62069848
22 0.94233506
23 0.94303758
24 0.95191716
25 0.95660914
26 0.96259499
27 0.95918817
28 0.96629335
29 0.97323228
30 0.96033472
31 0.97877717
32 0.97518487
33 0.97010399
34 0.96899920
35 0.97706518
36 0.96265464
37 0.96643629
38 0.96817606
39 0.96140684
40 0.94966874
41 0.94896316
42 0.94233506
43 0.99411088
44 0.99482473
45 0.98894367
46 0.99595211
47 0.99058915
48 0.98650211
49 0.99382540
50 0.98172629
51 0.99599402
52 0.99486588
53 0.99322087
54 0.99420307
55 0.99524693
56 0.98985620
57 0.98909088
58 0.98938419
59 0.99688075
60 0.99255485
61 0.99099838
62 0.99435573
63 0.99411088
64 0.99713608
65 0.99233439
66 0.99305053
67 0.98778515
68 0.99510320
69 0.99419948
70 0.98407482
71 0.99619690
72 0.99252894
73 0.99101089
74 0.99701291
75 0.99877573
76 0.99013702
77 0.99862607
78 0.99196093
79 1.00373558
80 0.99797603
81 0.99789125
82 0.99907692
83 0.99758272
84 0.99713608
85 1.00092241
86 1.00506431
87 1.00516166
88 0.99537474
89 0.99256803
90 0.98892603
91 0.99416141
92 0.99330612
93 1.00227175
94 0.99824443
95 1.00027087
96 0.99319217
97 0.99912040
98 0.98451731
99 0.99462567
100 0.99843862
101 0.98651746
102 1.00357652
103 0.99833898
104 0.99186609
105 1.00092241
106 0.99739858
107 0.99496740
108 0.97830762
109 0.98666791
110 0.99241584
111 0.99057548
112 0.98669186
113 0.98835980
114 0.99608672
115 0.98355999
116 0.99435398
117 0.98609948
118 0.98543485
119 0.97889695
120 0.99357153
121 0.99108475
122 0.99789985
123 0.99695619
124 0.99485054
125 0.99087854
126 0.99739858
127 0.97994457
128 0.98778099
129 0.98162464
130 0.99295724
131 0.97932273
132 0.97915466
133 0.99084365
134 0.98849650
135 0.98101645
136 0.98522018
137 0.99265445
138 0.99422871
139 0.98625776
140 0.98857971
141 0.97974024
142 0.98200428
143 0.98317179
144 0.98977909
145 0.98793857
146 0.98277691
147 0.97994457
148 0.99202453
149 0.98850633
150 0.99153738
151 0.98202393
152 0.98248459
153 0.99550144
154 0.99707526
155 0.98426166
156 0.99523974
157 0.98715482
158 0.99178283
159 0.99771034
160 0.98377648
161 0.98467873
162 0.99454953
163 0.99154954
164 0.99791348
165 0.98817506
166 0.99021045
167 0.98903469
168 0.99202453
169 1.00003260
170 1.00747036
171 0.99761982
172 1.00041143
173 0.99994824
174 0.99559333
175 0.99028471
176 0.99503614
177 1.00049261
178 0.99961496
179 0.99633240
180 0.99239694
181 1.00658551
182 0.99647460
183 0.99877896
184 0.99447002
185 0.99897676
186 1.00398138
187 0.99503726
188 0.99964093
189 1.00003260
190 0.99094304
191 0.99715592
192 0.98705233
193 0.99900357
194 1.00625419
195 0.99191988
196 0.99743773
197 0.99124006
198 1.00152925
199 0.99440358
200 0.99030002
201 0.99386898
202 0.99935980
203 0.99719033
204 0.99015823
205 0.99133649
206 0.99295106
207 0.98769048
208 0.99436166
209 0.99539875
210 0.99094304
211 0.98567080
212 0.99077258
213 0.98737600
214 0.99918911
215 0.99585774
216 0.98953229
217 0.98224124
218 0.99788337
219 0.99765919
220 0.98850902
221 0.99227822
222 1.00038110
223 1.00016155
224 0.99141585
225 0.99649611
226 0.99499547
227 0.99304161
228 0.98538400
229 0.98267140
230 0.99023311
231 0.98567080
232 0.94195441
233 0.94248334
234 0.95301573
235 0.96115410
236 0.95648125
237 0.96617619
238 0.97068936
239 0.97633606
240 0.96950108
241 0.96422448
242 0.96989407
243 0.96977770
244 0.96466689
245 0.97007626
246 0.96105218
247 0.97420772
248 0.96129060
249 0.96043272
250 0.95114092
251 0.94910083
252 0.94195441
253 0.94670770
254 0.94654276
255 0.95820251
256 0.96900929
257 0.96893733
258 0.96880345
259 0.97660078
260 0.96962939
261 0.97837629
262 0.97651465
263 0.98181760
264 0.97285215
265 0.97403376
266 0.97356874
267 0.98422700
268 0.97179950
269 0.96519280
270 0.96208645
271 0.96499136
272 0.93570130
273 0.94670770
274 0.99719421
275 0.99379027
276 1.00263837
277 0.99352001
278 1.00255997
279 1.01317281
280 1.00288354
281 1.00197002
282 1.00012123
283 1.00205958
284 1.00351674
285 0.99954451
286 1.00497468
287 1.00265447
288 1.00164854
289 0.99725489
290 0.99685803
291 0.99624572
292 0.99788008
293 0.99592734
294 0.99719421
295 0.99058842
296 0.99407030
297 0.99241692
298 0.98911841
299 0.98386478
300 0.99268142
301 1.00554650
302 0.98451621
303 0.98913027
304 0.97954438
305 0.99778119
306 0.99448959
307 0.98390915
308 0.98677217
309 0.97601353
310 0.98985963
311 0.99327278
312 0.99549521
313 0.98701383
314 0.98705527
315 0.99058842
316 0.98576708
317 0.98400996
318 0.99329061
319 1.00015265
320 0.98821976
321 0.98514688
322 0.99560544
323 0.98615147
324 0.99186516
325 0.98845659
326 0.97781046
327 0.99387262
328 0.99539866
329 0.98968149
330 0.98153576
331 0.98053437
332 0.98891843
333 0.99046865
334 0.99014571
335 0.98458677
336 0.98576708
337 0.99171382
338 1.00568278
339 0.99648744
340 0.99630716
341 0.99928756
342 0.99497507
343 0.99672009
344 1.00224613
345 0.98601197
346 0.99936246
347 1.00619535
348 0.99767991
349 0.99620697
350 0.99697358
351 1.00247905
352 0.99604540
353 0.99617645
354 0.99879764
355 0.99838786
356 0.99895389
357 0.99171382
358 0.98890361
359 0.98850551
360 0.99651673
361 0.97683604
362 0.99641127
363 0.98571362
364 0.98628907
365 0.99106919
366 0.99392044
367 0.98279102
368 0.99469788
369 0.99639838
370 0.99704132
371 0.98908015
372 0.98910428
373 0.98943371
374 0.98858009
375 0.98433246
376 1.00237954
377 0.99498190
378 0.98890361
379 0.98711903
380 0.99700289
381 0.99594862
382 0.98333475
383 0.99120350
384 0.99826702
385 0.99587136
386 0.99639832
387 0.99424659
388 0.99314923
389 0.99294635
390 0.99605744
391 0.98732245
392 0.99943403
393 0.98928098
394 0.99440951
395 0.98654857
396 0.99466035
397 0.99058293
398 0.99115334
399 0.98711903
400 0.99201426
401 0.98944354
402 0.98295943
403 1.00170050
404 0.98918964
405 0.99340003
406 0.98238495
407 0.99075890
408 0.99038587
409 0.98369889
410 0.98057303
411 0.98422270
412 0.98034834
413 0.98911139
414 0.99677090
415 0.98878193
416 0.98579308
417 0.98616595
418 0.99050941
419 0.98247542
420 0.99201426
421 1.00092579
422 0.99551122
423 0.99917901
424 1.00203149
425 0.99446091
426 0.98998284
427 0.99456614
428 0.99685740
429 0.99864839
430 0.99208467
431 0.99465217
432 0.99770704
433 0.98958955
434 1.00526198
435 1.00113920
436 0.99689940
437 0.99318986
438 0.99069137
439 0.99035595
440 0.99955547
441 1.00092579
442 0.99100164
443 0.99426418
444 0.99339262
445 0.99689544
446 0.98364668
447 0.99063882
448 0.98522219
449 0.98232659
450 0.98281530
451 0.98497592
452 0.99165257
453 0.99190924
454 0.98520812
455 0.98465888
456 0.98712274
457 0.97974571
458 1.00019763
459 0.98600722
460 0.99736687
461 0.98818246
462 0.99100164
463 0.99224175
464 0.99779187
465 0.99180796
466 0.98995499
467 0.99767253
468 0.99432032
469 0.99680401
470 0.99024969
471 0.99176930
472 0.99259961
473 0.99425772
474 0.98905526
475 0.99196320
476 1.00515465
477 0.98626451
478 0.98712308
479 0.99085818
480 0.99669784
481 0.99250761
482 0.99220739
483 0.99224175
484 0.99214019
485 0.99339221
486 1.00433119
487 1.00358573
488 0.99043807
489 1.00190558
490 0.99865813
491 0.99506567
492 0.99377636
493 1.00897952
494 1.00009491
495 1.00191135
496 0.99408252
497 0.98982974
498 0.99229438
499 0.99634835
500 1.00551730
501 0.99960344
502 0.99657108
503 1.00234196
504 0.99214019
505 0.99850899
506 0.99123098
507 0.99506059
508 0.99540457
509 0.99220368
510 0.99332727
511 0.99233232
512 0.98647569
513 0.98809236
514 0.99357772
515 0.99140679
516 0.99000159
517 0.98503937
518 1.00171336
519 0.98136862
520 0.99663074
521 0.99947775
522 1.00002509
523 0.99771164
524 0.99139316
525 0.99850899
526 0.99568386
527 0.98838139
528 0.99262951
529 0.99427513
530 0.99729540
531 0.98312445
532 0.99221728
533 0.99092962
534 0.99287079
535 0.99045264
536 0.99203848
537 0.99324731
538 0.99115274
539 0.99874617
540 0.98760084
541 0.99016478
542 0.98638020
543 0.99154746
544 0.99656755
545 0.98771186
546 0.99568386
547 1.00083636
548 1.00255160
549 1.00704794
550 0.99888071
551 1.00209702
552 1.00038291
553 0.99877111
554 0.99827759
555 1.00242061
556 0.99877605
557 0.99564598
558 1.00421699
559 1.00256819
560 0.99310962
561 0.99509585
562 1.00122463
563 0.99142020
564 0.99932981
565 0.99183132
566 0.99586915
567 1.00083636
568 0.98409757
569 0.98603678
570 0.99150581
571 0.98767255
572 0.99414017
573 0.99261236
574 0.98900634
575 0.98687921
576 0.98832740
577 0.98776561
578 0.98610013
579 0.99365077
580 0.98683199
581 0.99459092
582 0.99376078
583 0.99609804
584 0.98393093
585 0.99250807
586 0.99331094
587 0.98652053
588 0.98409757
589 0.98922856
590 0.97927427
591 0.99339923
592 0.98823833
593 0.99390519
594 0.98637663
595 0.98179635
596 0.99063462
597 0.99186503
598 0.98268229
599 0.98774606
600 0.98446245
601 0.98910163
602 0.99831261
603 0.99085083
604 0.98809276
605 0.98891436
606 0.99567452
607 0.98223788
608 0.98885260
609 0.98922856
610 0.99381784
611 1.00213402
612 0.98895427
613 1.00678002
614 0.99284988
615 0.98879868
616 0.99257844
617 0.99777713
618 0.99581349
619 0.99691748
620 0.99728053
621 0.99226256
622 0.99932444
623 0.99077786
624 0.99920057
625 1.00539711
626 1.00269898
627 1.00012691
628 0.99724407
629 0.99615109
630 0.99381784
631 0.99336277
632 0.99554388
633 0.98562468
634 0.99114427
635 0.99072308
636 0.99401599
637 0.98016804
638 0.98060684
639 0.98291587
640 0.98263714
641 0.99324939
642 0.99621657
643 0.99297198
644 0.98877872
645 0.98936471
646 0.98884313
647 0.99027648
648 0.99155676
649 0.98387337
650 0.98975645
651 0.99336277
652 0.98758242
653 0.97942296
654 0.99263761
655 0.98465223
656 0.99582069
657 0.99318048
658 0.98268337
659 0.99258746
660 0.98049725
661 0.97948677
662 0.98450019
663 0.98505868
664 0.98670791
665 0.98088403
666 0.98407876
667 0.98610414
668 0.98924169
669 0.97925842
670 0.98018267
671 0.98548002
672 0.98758242
673 0.99856465
674 0.99726538
675 0.99205769
676 0.99789067
677 0.98355901
678 0.99078948
679 0.98966190
680 0.98706653
681 0.99428061
682 0.99094348
683 0.98519945
684 0.99124301
685 0.99415120
686 0.99722953
687 0.99638999
688 0.99423306
689 0.99420175
690 0.99127367
691 0.99246793
692 0.99032913
693 0.99856465
694 0.99630581
695 0.99171484
696 0.99497519
697 0.99587036
698 0.99005137
699 1.00199354
700 0.99310825
701 0.98977222
702 0.99520073
703 1.00037566
704 0.99033999
705 0.99169199
706 0.99539669
707 1.00024413
708 0.99174478
709 0.99635664
710 1.00491056
711 0.98725328
712 0.98410445
713 0.99490343
714 0.99630581
715 0.99574832
716 0.99643374
717 0.99302844
718 0.99537965
719 0.99453147
720 0.99623844
721 0.99923110
722 0.99833689
723 0.99359326
724 0.99905944
725 0.98681217
726 0.99589186
727 0.99456418
728 0.99916670
729 0.99618898
730 0.99964729
731 0.99266676
732 0.99389633
733 0.99960059
734 1.00198469
735 0.99574832
736 0.99294479
737 0.99526977
738 0.99330646
739 1.00033844
740 0.99233640
741 0.99595023
742 0.98888109
743 0.99780276
744 0.99790367
745 0.99539131
746 0.99926570
747 0.99243287
748 0.99640554
749 0.98954029
750 0.99914470
751 0.99542286
752 0.99816560
753 1.00631936
754 0.99785543
755 0.99799966
756 0.99294479
757 0.99651818
758 0.99681417
759 0.99117671
760 0.99309870
761 0.99587180
762 0.99638797
763 0.99460895
764 0.99826535
765 0.99588716
766 1.00164466
767 1.00776471
768 0.99627702
769 0.98209936
770 0.99981870
771 0.99361130
772 0.99308705
773 1.00582905
774 0.99926765
775 0.99211649
776 0.98857227
777 0.99651818
778 0.99136161
779 0.99678122
780 0.98870755
781 0.98975991
782 0.99348726
783 0.97486417
784 0.98292201
785 0.98882421
786 0.99202582
787 0.98068906
788 0.99080299
789 0.97843165
790 0.99004817
791 0.99585423
792 0.98830868
793 0.99269793
794 0.99144834
795 0.98818430
796 0.98506991
797 0.97720551
798 0.99136161
799 0.99897798
800 0.99084145
801 0.98676453
802 0.98861565
803 0.99163977
804 0.98930937
805 0.99835925
806 0.99086895
807 0.98892965
808 0.99256883
809 0.98295421
810 0.98629020
811 0.99159136
812 0.99190491
813 0.99339571
814 0.98796845
815 0.99201057
816 0.98644726
817 0.99142147
818 0.98519606
819 0.99897798
820 0.98776425
821 0.98737620
822 0.99378165
823 0.98850569
824 0.99370842
825 0.99620671
826 0.98642581
827 0.99151747
828 0.98578580
829 0.99272181
830 0.99513703
831 0.99252590
832 0.98556778
833 0.98569760
834 0.98126009
835 0.98799573
836 0.98416559
837 0.99109205
838 0.98390066
839 0.99061560
840 0.98776425
841 0.99603458
842 1.00372987
843 0.99853150
844 0.98849777
845 0.99464822
846 1.00490485
847 0.99943898
848 0.98955801
849 0.99155824
850 0.98998712
851 0.99467169
852 1.00092781
853 1.00349113
854 0.98801196
855 0.98824610
856 0.99053134
857 0.99682410
858 0.99718227
859 0.99133204
860 0.99105118
861 0.99603458
862 0.99348587
863 0.97246335
864 0.98122798
865 0.99113776
866 0.98474643
867 0.99079305
868 0.98770650
869 0.99002674
870 0.99298000
871 0.98885657
872 0.99102494
873 0.98692996
874 0.99050949
875 0.98368513
876 0.98233708
877 0.98922086
878 0.99361811
879 0.98832251
880 0.98818647
881 0.99079807
882 0.99348587
883 1.00609886
884 1.00558752
885 0.99327240
886 1.00426694
887 0.99556669
888 1.00050215
889 1.00241000
890 1.00291780
891 1.00055951
892 1.00130104
893 0.99749523
894 1.01094368
895 1.00629132
896 1.00800345
897 0.99606536
898 1.00673894
899 1.00598533
900 1.00568736
901 1.00284077
902 1.00408883
903 1.00609886
904 0.98059065
905 0.98825041
906 0.98529760
907 0.98527556
908 0.99306755
909 0.98098242
910 0.99527494
911 0.98257787
912 0.98790047
913 0.98889541
914 0.98709804
915 0.99504927
916 0.99084922
917 0.98558959
918 0.98644668
919 0.98822153
920 0.99371094
921 0.97958590
922 0.99295648
923 0.98584294
924 0.98059065
925 0.99431522
926 1.00807204
927 0.99156546
928 1.00094140
929 1.00278855
930 0.99998622
931 0.99672793
932 0.99386783
933 0.99417056
934 1.00717478
935 0.99040204
936 0.98839521
937 0.99255259
938 0.99514150
939 0.99809271
940 1.00344055
941 1.00066620
942 0.99238163
943 0.99600014
944 0.99340124
945 0.99431522
946 1.00339595
947 0.99107852
948 0.98701038
949 0.99409703
950 1.00153463
951 0.98852671
952 0.99507337
953 0.99641564
954 0.99583361
955 0.99343002
956 0.99701904
957 0.99564074
958 0.99474620
959 0.98398248
960 1.00343474
961 1.00067910
962 0.99057919
963 0.98895506
964 0.98792556
965 1.00065599
966 1.00339595
967 0.98310029
968 0.99454024
969 0.98566821
970 1.00258174
971 0.98976530
972 0.98705596
973 0.99221529
974 0.98590810
975 0.98353391
976 0.98141082
977 1.00495791
978 0.98951342
979 0.98606484
980 0.99074467
981 0.98532940
982 0.98472993
983 0.99602254
984 0.98861060
985 0.97817254
986 0.99159921
987 0.98310029
988 0.99075968
989 0.98657862
990 0.99837281
991 0.99003665
992 0.98656146
993 0.99331575
994 0.98731582
995 0.98623445
996 0.99575611
997 0.98091434
998 0.99081673
999 0.99089291
1000 0.98909797
1001 0.98320502
1002 0.99736949
1003 0.98118759
1004 0.98368432
1005 0.98183627
1006 0.98711871
1007 0.98122653
1008 0.99075968
1009 0.98424963
1010 0.98279886
1011 0.98762538
1012 0.98842597
1013 0.99089140
1014 0.98654601
1015 0.98790200
1016 0.98915076
1017 0.99782948
1018 0.99180637
1019 0.98775718
1020 0.99260231
1021 0.98970533
1022 0.99126828
1023 0.99488222
1024 0.97996788
1025 0.98208145
1026 0.98927388
1027 0.98537830
1028 0.99358254
1029 0.98424963
1030 0.99239896
1031 0.99919007
1032 0.99149250
1033 0.99660411
1034 0.99850634
1035 1.00019733
1036 0.99620761
1037 1.00421932
1038 0.99676128
1039 0.99928748
1040 0.99732109
1041 1.00349992
1042 0.98819907
1043 0.99937023
1044 1.00145023
1045 0.99332527
1046 0.99652887
1047 1.00005104
1048 0.99512006
1049 1.00032873
1050 0.99239896
1051 0.99140782
1052 0.99932174
1053 1.00099492
1054 0.98089599
1055 0.99689484
1056 0.99731032
1057 0.98544279
1058 1.00878136
1059 0.99071534
1060 0.99531465
1061 0.99458737
1062 1.00303850
1063 0.99081773
1064 0.99534176
1065 0.99197505
1066 0.99024855
1067 0.99293061
1068 1.00204128
1069 1.00161239
1070 0.99672799
1071 0.99140782
1072 0.99539850
1073 0.99738291
1074 0.99278409
1075 0.99959676
1076 0.99717580
1077 0.99487493
1078 0.99486946
1079 0.99938505
1080 0.99559298
1081 0.99325674
1082 1.00297933
1083 0.99632184
1084 0.99744946
1085 0.99430531
1086 1.00405852
1087 0.99417992
1088 0.98891631
1089 0.99659479
1090 1.00142906
1091 1.00053369
1092 0.99539850
1093 0.99812678
1094 0.98940640
1095 0.99200986
1096 0.99350405
1097 0.99435382
1098 0.99405578
1099 1.00122100
1100 0.98924612
1101 0.99736162
1102 0.98904896
1103 0.99789602
1104 0.98946964
1105 0.99794713
1106 0.99988462
1107 0.98853087
1108 0.99546702
1109 0.98450085
1110 0.99111107
1111 0.98511614
1112 0.98872776
1113 0.99812678
1114 0.98937317
1115 0.98490207
1116 0.99015247
1117 0.99206078
1118 0.99436042
1119 0.98930376
1120 0.98885678
1121 0.99315517
1122 0.98805225
1123 0.99174473
1124 0.99153239
1125 0.98298245
1126 0.99398164
1127 0.99756765
1128 0.98939438
1129 0.99258270
1130 0.99122051
1131 1.00034936
1132 0.98397156
1133 0.98720584
1134 0.98937317
1135 0.99965924
1136 0.99807902
1137 0.99447069
1138 0.99539060
1139 0.99021842
1140 0.99940515
1141 0.99279401
1142 0.99017691
1143 0.99974110
1144 1.00746266
1145 0.99484805
1146 0.98860569
1147 0.98785562
1148 0.98723051
1149 0.99186871
1150 0.99377196
1151 1.00179642
1152 0.99824761
1153 0.99127619
1154 0.99580703
1155 0.99965924
1156 0.99874985
1157 0.99454291
1158 1.00060459
1159 1.00654792
1160 1.00187277
1161 1.00567047
1162 0.99904168
1163 0.99661715
1164 0.99605422
1165 1.00154903
1166 0.98873741
1167 0.99639817
1168 1.00687144
1169 1.00612690
1170 0.99370419
1171 1.01703892
1172 1.00487884
1173 1.01662609
1174 0.99387262
1175 1.00735639
1176 0.99874985
1177 0.99294275
1178 0.98543077
1179 0.99561249
1180 0.98288160
1181 0.98143204
1182 0.98922330
1183 0.98508057
1184 0.98941313
1185 0.99388320
1186 0.99334807
1187 0.98876353
1188 0.98581954
1189 0.99738461
1190 0.98440328
1191 0.98786355
1192 0.99266519
1193 0.99644454
1194 0.99333630
1195 0.99411275
1196 0.99521651
1197 0.99294275
1198 0.99225182
1199 0.98759543
1200 0.98299683
1201 0.99064923
1202 0.99206937
1203 0.98104805
1204 0.99431269
1205 0.98137794
1206 0.98684011
1207 0.98498762
1208 0.99235454
1209 0.99500426
1210 0.99533296
1211 0.98994537
1212 0.98502310
1213 0.98520778
1214 0.98679836
1215 0.97783441
1216 0.98238316
1217 0.98786512
1218 0.99225182
1219 0.99325649
1220 0.99575568
1221 0.99180787
1222 1.00064877
1223 1.00642643
1224 0.99041297
1225 0.99391427
1226 0.99232317
1227 1.00794974
1228 0.99992380
1229 1.00012807
1230 0.99465996
1231 0.99853447
1232 0.99336612
1233 1.00175367
1234 0.99018644
1235 1.00075330
1236 1.00163451
1237 0.99085286
1238 0.99446883
1239 0.99325649
1240 1.00589146
1241 0.99733149
1242 1.00470318
1243 1.00079627
1244 1.00131980
1245 0.99438541
1246 0.98988937
1247 0.99091507
1248 0.99492517
1249 0.99436924
1250 0.99462650
1251 0.99166160
1252 1.00568535
1253 1.00319879
1254 1.00658728
1255 0.99220852
1256 0.99807103
1257 0.99740482
1258 0.99650582
1259 0.98729186
1260 1.00589146
1261 0.98868419
1262 0.98270915
1263 0.98062399
1264 0.99227117
1265 0.97265620
1266 0.98783370
1267 0.98853292
1268 0.98635730
1269 0.98388591
1270 0.98533277
1271 0.98157161
1272 0.99412462
1273 0.98644908
1274 0.98451068
1275 0.98891386
1276 0.98186496
1277 0.98265218
1278 0.98790859
1279 0.98990616
1280 0.97630954
1281 0.98868419
1282 0.98808578
1283 0.99592787
1284 0.99039516
1285 0.99011019
1286 0.99101492
1287 0.98664848
1288 0.99158308
1289 0.99764014
1290 1.00188463
1291 0.99924180
1292 0.99893204
1293 0.99217308
1294 0.98577255
1295 0.99319096
1296 0.99299197
1297 0.98697582
1298 0.99673194
1299 0.99307716
1300 0.98647168
1301 0.98276918
1302 0.98808578
1303 0.98383163
1304 0.98527572
1305 0.98224286
1306 0.98212452
1307 0.99592299
1308 0.98632426
1309 0.98911953
1310 0.98496745
1311 1.00049756
1312 0.99142740
1313 1.00151486
1314 0.99025506
1315 0.99105972
1316 0.98670052
1317 0.98524194
1318 0.98499280
1319 0.98650996
1320 0.98299092
1321 0.98906389
1322 0.98725283
1323 0.98383163
1324 0.98707234
1325 0.99022222
1326 0.98619146
1327 0.99499609
1328 0.99331410
1329 0.98608679
1330 0.98839126
1331 0.99731099
1332 0.99242385
1333 0.98881140
1334 0.99757476
1335 0.99249332
1336 0.99577617
1337 0.99401615
1338 0.99444505
1339 0.99322098
1340 0.98645753
1341 0.99672421
1342 0.97381620
1343 0.99430807
1344 0.98707234
1345 0.98507449
1346 0.99707898
1347 0.98888188
1348 0.99495061
1349 0.99740834
1350 0.98809335
1351 0.99030544
1352 0.98363416
1353 0.98899433
1354 0.99604243
1355 0.98369683
1356 0.99049367
1357 0.99257475
1358 0.99530347
1359 0.98579105
1360 0.99698761
1361 0.99645865
1362 0.99330337
1363 0.99166384
1364 1.00153385
1365 0.98507449
1366 0.99813151
1367 0.98698702
1368 0.98963879
1369 0.98837665
1370 0.99333256
1371 0.99369738
1372 0.99593351
1373 0.99737949
1374 0.98727944
1375 0.98554539
1376 0.98442472
1377 0.98066348
1378 0.98115024
1379 0.99412576
1380 0.99916419
1381 0.99354515
1382 0.98653195
1383 0.99657655
1384 0.99752986
1385 0.98320923
1386 0.99813151
1387 0.99480969
1388 0.98254743
1389 0.99455494
1390 0.98432043
1391 0.98413540
1392 0.99041355
1393 0.99149169
1394 0.99012849
1395 0.98355085
1396 0.97964466
1397 0.99137185
1398 0.97824052
1399 0.98820812
1400 0.98445712
1401 0.99193594
1402 0.98530378
1403 0.99587257
1404 0.97783184
1405 0.98476668
1406 0.98660459
1407 0.99480969
1408 0.98386678
1409 0.98088354
1410 0.98759817
1411 0.97564250
1412 0.98170518
1413 0.98950158
1414 0.97679287
1415 0.98090169
1416 0.98164699
1417 0.97689104
1418 0.98272768
1419 0.97776780
1420 0.98115446
1421 0.98111585
1422 0.98304419
1423 0.98109525
1424 0.97999703
1425 0.98484070
1426 0.97770844
1427 0.97294894
1428 0.98386678
1429 0.98994726
1430 0.97525577
1431 0.98025805
1432 0.98883156
1433 0.98546217
1434 0.97339362
1435 0.99085373
1436 0.98606393
1437 0.98439542
1438 0.97722167
1439 0.98199815
1440 0.98099400
1441 0.98381155
1442 0.98883868
1443 0.98318368
1444 0.97876755
1445 0.98658861
1446 0.98179595
1447 0.98904119
1448 0.98177723
1449 0.98994726
1450 0.99576715
1451 0.99372623
1452 0.99148421
1453 0.98538206
1454 0.99487826
1455 0.99371568
1456 0.99514592
1457 1.00364067
1458 1.00431246
1459 0.99851034
1460 0.99309046
1461 0.99738272
1462 0.99728343
1463 0.99506909
1464 0.99428167
1465 0.99149786
1466 0.99575693
1467 0.99672648
1468 1.00263195
1469 1.00292769
1470 0.99576715
1471 0.99798469
1472 0.99205524
1473 0.99005143
1474 1.00439135
1475 0.99772365
1476 0.99489710
1477 0.99605395
1478 1.00044116
1479 0.99434129
1480 0.99522735
1481 0.99328836
1482 0.99873621
1483 0.99316169
1484 0.98956214
1485 0.98335666
1486 0.99712636
1487 0.99845671
1488 0.98630846
1489 1.00030033
1490 0.99656422
1491 0.99798469
1492 0.99353806
1493 0.99069375
1494 0.98778048
1495 0.99116828
1496 0.97893271
1497 0.99958035
1498 0.99260289
1499 0.99176783
1500 0.99147026
1501 0.99573997
1502 0.98891896
1503 0.98566129
1504 0.98806115
1505 0.98165230
1506 0.99780808
1507 0.98623763
1508 0.98708701
1509 0.99237774
1510 0.98420149
1511 0.98956520
1512 0.99353806
1513 0.99086166
1514 0.99680410
1515 0.99348243
1516 0.98916231
1517 0.99278282
1518 0.99664408
1519 0.98616754
1520 0.99384921
1521 0.99464478
1522 0.99293649
1523 0.99488976
1524 0.99161744
1525 0.99965361
1526 0.99331919
1527 0.99489755
1528 0.99170133
1529 0.98900800
1530 0.99356722
1531 0.99061713
1532 0.98990504
1533 0.99086166
1534 0.99250820
1535 0.98740251
1536 0.98419321
1537 0.99094826
1538 0.98776088
1539 0.99651869
1540 0.99257726
1541 0.99523709
1542 0.99088827
1543 0.98626453
1544 0.98646983
1545 0.98436754
1546 0.98871720
1547 0.99061995
1548 0.98528544
1549 1.00124663
1550 0.98315908
1551 0.99119208
1552 0.98663506
1553 0.99242569
1554 0.99250820
1555 0.98312974
1556 0.99989856
1557 0.99568501
1558 0.99649600
1559 0.98599292
1560 0.98191700
1561 0.98422854
1562 0.99371283
1563 0.99057104
1564 0.99511438
1565 0.98870966
1566 0.98994392
1567 0.99097852
1568 0.99824197
1569 0.97902752
1570 0.98478627
1571 0.99247238
1572 0.98188374
1573 0.98702271
1574 0.98615437
1575 0.98312974
1576 0.98756918
1577 0.98622270
1578 0.98427549
1579 0.99941090
1580 0.99403295
1581 0.98868286
1582 0.99472354
1583 0.98874478
1584 0.99133142
1585 0.99723325
1586 0.99602918
1587 0.99320945
1588 0.99034134
1589 0.99435384
1590 0.99054599
1591 0.99619694
1592 0.98598825
1593 0.98439969
1594 0.99613212
1595 0.99830059
1596 0.98756918
1597 0.98681875
1598 0.99839435
1599 0.99091902
1600 0.99725786
1601 0.99481580
1602 0.99697031
1603 0.98940501
1604 0.99236148
1605 0.99195506
1606 1.00067364
1607 0.99562948
1608 0.98640546
1609 1.00004152
1610 0.99225943
1611 0.99386060
1612 0.98669603
1613 0.99546459
1614 0.98782240
1615 0.98780994
1616 0.99720142
1617 0.98681875
1618 1.00689471
1619 1.01295021
1620 1.00538450
1621 1.00517849
1622 0.99609565
1623 1.00108401
1624 1.00297127
1625 1.00095377
1626 1.00392100
1627 1.00184695
1628 1.00008537
1629 1.00017864
1630 0.99708894
1631 1.00427764
1632 1.00539754
1633 0.99470023
1634 0.99023966
1635 0.99693262
1636 1.00822312
1637 1.00200171
1638 1.00689471
1639 0.98536253
1640 0.99023907
1641 0.98963937
1642 0.98563083
1643 0.98475849
1644 0.99065757
1645 0.99132729
1646 0.98616145
1647 0.99329482
1648 0.98667699
1649 0.98882968
1650 0.99205023
1651 0.98897239
1652 0.99115791
1653 0.98551049
1654 0.97717408
1655 0.98948096
1656 0.99012180
1657 0.99265501
1658 0.98943202
1659 0.98536253
1660 0.99976858
1661 1.00282580
1662 1.00317284
1663 1.00583535
1664 1.00539180
1665 0.99845685
1666 0.99183201
1667 1.00497185
1668 1.00102910
1669 0.99339697
1670 0.99898549
1671 0.99728905
1672 1.00220531
1673 0.99820752
1674 1.00532323
1675 0.99013551
1676 1.00516175
1677 1.00216259
1678 1.00136641
1679 1.00479704
1680 0.99976858
1681 0.99041956
1682 0.99452046
1683 0.99907354
1684 0.99602913
1685 0.99364568
1686 0.99715728
1687 0.98625057
1688 0.99393968
1689 0.99481246
1690 0.99354992
1691 0.98948545
1692 0.99509819
1693 0.99033764
1694 0.99067836
1695 0.99084405
1696 0.98794594
1697 0.98772242
1698 0.99713352
1699 0.99463358
1700 0.99032778
1701 0.99041956
1702 0.99932409
1703 0.99566525
1704 0.99743094
1705 0.99119570
1706 0.99221199
1707 0.99639653
1708 0.99887710
1709 0.99472161
1710 0.99529584
1711 1.00450711
1712 0.98955766
1713 0.99636614
1714 1.00484154
1715 0.99228416
1716 0.99648653
1717 1.00162250
1718 0.99104885
1719 0.99289106
1720 1.00206308
1721 1.00077101
1722 0.99932409
1723 0.98909986
1724 0.99266890
1725 0.99435417
1726 0.98977530
1727 0.98723415
1728 0.98799688
1729 0.98940688
1730 0.98334965
1731 0.99172183
1732 0.99568041
1733 0.99116561
1734 0.98662290
1735 0.98362225
1736 0.98709703
1737 0.99037195
1738 0.99240371
1739 0.98802400
1740 0.98967341
1741 0.99892912
1742 0.98594322
1743 0.98909986
1744 0.98648482
1745 0.99105714
1746 0.98523752
1747 0.99383262
1748 0.98525961
1749 0.98527207
1750 0.99116677
1751 0.97514379
1752 0.99388360
1753 0.98597101
1754 0.98878201
1755 0.98704288
1756 0.98740467
1757 0.98638822
1758 0.98773803
1759 0.98326086
1760 0.98509506
1761 0.98785231
1762 0.98806599
1763 0.98998648
1764 0.98648482
1765 0.98977626
1766 0.99131868
1767 0.98498878
1768 0.98065522
1769 0.99326132
1770 0.98614982
1771 0.98442932
1772 0.99039398
1773 0.98189216
1774 0.98523925
1775 0.98560191
1776 0.98676902
1777 0.97937869
1778 0.98808077
1779 0.98224006
1780 0.98697627
1781 0.98579183
1782 0.98388561
1783 0.98972057
1784 0.98406357
1785 0.98977626
1786 1.00130403
1787 0.97945604
1788 0.98011422
1789 0.99006318
1790 0.98228593
1791 0.98921519
1792 0.98920869
1793 0.98918813
1794 0.98510737
1795 0.99475006
1796 0.98706487
1797 0.99319219
1798 0.99523133
1799 0.98728596
1800 0.99200764
1801 0.99342107
1802 0.99143282
1803 0.99158129
1804 0.99435084
1805 0.99501702
1806 1.00130403
1807 0.98574194
1808 0.99236039
1809 0.99116793
1810 0.99095948
1811 0.99813024
1812 0.99531044
1813 0.98978603
1814 0.98711846
1815 0.99704480
1816 1.00117421
1817 0.99650746
1818 0.99444889
1819 0.99949896
1820 0.98712469
1821 1.00082276
1822 0.98379628
1823 0.99949109
1824 0.99600172
1825 0.99470859
1826 0.99290810
1827 0.98574194
1828 1.00427772
1829 0.99780142
1830 0.99751158
1831 0.98720411
1832 0.99495161
1833 0.99173535
1834 0.99553702
1835 0.99735083
1836 0.99530881
1837 0.99081093
1838 0.99538580
1839 0.99618988
1840 0.99654226
1841 0.98399184
1842 0.99278331
1843 0.99325614
1844 0.99578155
1845 0.99084105
1846 0.99555063
1847 0.99655149
1848 1.00427772
1849 0.97470876
1850 0.98644655
1851 0.98195828
1852 0.99404482
1853 0.98009849
1854 0.97932466
1855 0.98869492
1856 0.97917963
1857 0.98133979
1858 0.98222435
1859 0.99034737
1860 0.98313405
1861 0.97927409
1862 0.97923236
1863 0.98501751
1864 0.98361621
1865 0.97323769
1866 0.97885356
1867 0.98557694
1868 0.98313268
1869 0.97470876
1870 0.98176312
1871 0.98549228
1872 0.98289754
1873 0.97900668
1874 0.98826530
1875 0.98683872
1876 0.97991982
1877 0.98222722
1878 0.98135508
1879 0.97861936
1880 0.97846685
1881 0.98771728
1882 0.98490699
1883 0.97859699
1884 0.98080469
1885 0.98816010
1886 0.97942370
1887 0.98858130
1888 0.97940205
1889 0.98498945
1890 0.98176312
1891 0.98671400
1892 0.99103247
1893 0.98316395
1894 0.97663742
1895 0.97635061
1896 0.98557186
1897 0.98734699
1898 0.99296806
1899 0.98279939
1900 0.98074935
1901 0.98522407
1902 0.98988489
1903 0.99254575
1904 0.97999828
1905 0.98663852
1906 0.98191862
1907 0.98674860
1908 0.97903311
1909 0.98470938
1910 0.98833786
1911 0.98671400
1912 0.98930966
1913 0.98401678
1914 1.00020826
1915 1.00167818
1916 0.98579962
1917 1.00159227
1918 0.99806297
1919 0.98185043
1920 0.99416381
1921 0.99160589
1922 0.98799357
1923 0.98550054
1924 0.99158057
1925 0.99925681
1926 0.98537983
1927 0.99457595
1928 0.99528344
1929 0.99327091
1930 0.98812499
1931 0.99179576
1932 0.98930966
1933 1.00889974
1934 0.98758232
1935 0.99196630
1936 1.00030063
1937 0.99502048
1938 0.99093547
1939 1.00197856
1940 0.98730371
1941 0.98768886
1942 0.99386535
1943 0.99617979
1944 0.99002344
1945 0.99461033
1946 0.99816621
1947 0.99405672
1948 0.99337513
1949 0.99199792
1950 0.99332981
1951 0.99549377
1952 0.99291019
1953 1.00889974
1954 0.98849891
1955 0.99244426
1956 0.98916546
1957 1.00798267
1958 0.99719307
1959 0.99935226
1960 0.99437142
1961 0.99490833
1962 0.98943204
1963 0.99143027
1964 0.99628689
1965 0.99110563
1966 0.99598263
1967 0.99869566
1968 0.99094764
1969 0.99558650
1970 0.98881216
1971 0.99164604
1972 0.99505845
1973 0.98635686
1974 0.98849891
1975 0.99231043
1976 0.97892514
1977 0.99542455
1978 0.99243964
1979 0.99383735
1980 0.98233803
1981 0.99125052
1982 0.99358188
1983 0.98871215
1984 0.99452872
1985 0.99324226
1986 0.98055482
1987 0.98816003
1988 0.97973352
1989 0.98471123
1990 0.99073149
1991 0.99326115
1992 0.98287000
1993 0.98723899
1994 0.97317988
1995 0.99231043
1996 0.99128004
1997 0.99064439
1998 0.98882315
1999 0.98733957
2000 0.99217030
2001 0.99527087
2002 0.99114317
2003 0.99752525
2004 0.99161639
2005 0.99497433
2006 0.99296495
2007 0.99474157
2008 0.98920387
2009 0.98941566
2010 0.99421514
2011 0.99440673
2012 0.99518340
2013 0.99101352
2014 0.99004546
2015 0.99566818
2016 0.99128004
2017 0.98630386
2018 0.99141536
2019 0.99118104
2020 0.98725704
2021 0.99090511
2022 0.99050255
2023 1.00211455
2024 0.99877315
2025 0.99450125
2026 0.98569670
2027 0.99275594
2028 0.99352340
2029 0.99531204
2030 1.00476543
2031 0.98681952
2032 0.99341073
2033 0.99166313
2034 0.99311207
2035 0.99404865
2036 0.99193310
2037 0.98630386
2038 0.99457408
2039 0.99378720
2040 0.99666728
2041 1.00199974
2042 0.99364134
2043 1.00480464
2044 1.00314365
2045 0.98448830
2046 0.99819529
2047 0.99278638
2048 0.99167600
2049 0.99670450
2050 0.99987074
2051 0.99555142
2052 0.99321756
2053 0.99858277
2054 0.99251894
2055 0.99376454
2056 0.99666212
2057 0.99689503
2058 0.99457408
2059 0.99520209
2060 1.00025515
2061 0.99571719
2062 1.00272198
2063 0.99109736
2064 0.99389090
2065 1.00223840
2066 1.00599829
2067 0.99858846
2068 0.99510583
2069 0.99456492
2070 0.99757821
2071 0.99421228
2072 0.98717287
2073 0.99606123
2074 0.99482531
2075 0.99275106
2076 1.00032434
2077 0.99326630
2078 0.99297921
2079 0.99520209
2080 0.98147031
2081 0.97429100
2082 0.98686540
2083 0.99497352
2084 0.98070306
2085 0.97949839
2086 0.98773689
2087 0.99671957
2088 0.98614704
2089 0.99026745
2090 0.98498634
2091 0.98669410
2092 0.98572553
2093 0.98551168
2094 0.98804366
2095 0.98980965
2096 0.98853599
2097 0.98910586
2098 0.98591925
2099 0.99007489
2100 0.98147031
2101 0.99283885
2102 0.99148196
2103 0.99808555
2104 0.99584410
2105 1.00010587
2106 0.99689698
2107 0.99588859
2108 0.99208620
2109 0.99152359
2110 0.99853676
2111 0.99769746
2112 0.99422454
2113 0.99133082
2114 1.00108056
2115 0.98846339
2116 0.99168509
2117 0.99415175
2118 0.99157388
2119 0.99412862
2120 0.99122099
2121 0.99283885
2122 0.99707940
2123 1.00000629
2124 0.99589513
2125 0.99612326
2126 0.99784920
2127 0.99414244
2128 0.99972145
2129 0.99415379
2130 1.00807914
2131 0.99928496
2132 0.99651656
2133 0.99196374
2134 0.99620244
2135 0.99143210
2136 0.99817150
2137 0.99598632
2138 0.99570703
2139 1.00137777
2140 0.99909002
2141 1.00341364
2142 0.99707940
2143 0.99618939
2144 0.99100319
2145 0.99402528
2146 1.00233869
2147 0.99254344
2148 0.99402694
2149 0.99658841
2150 0.99219145
2151 1.00334824
2152 0.99875315
2153 0.99970315
2154 0.99577201
2155 0.98796197
2156 0.99528115
2157 0.99687104
2158 0.99847936
2159 0.99805280
2160 0.99025359
2161 0.99370189
2162 0.98724361
2163 0.99618939
2164 0.99974965
2165 0.97981740
2166 0.98535645
2167 0.99606603
2168 0.99409161
2169 0.99196075
2170 0.99517795
2171 0.98952689
2172 0.98368084
2173 0.98843517
2174 0.99153354
2175 0.98922390
2176 0.98985316
2177 0.98342015
2178 0.98768652
2179 0.98554867
2180 0.99862802
2181 0.98388039
2182 0.99108327
2183 0.98987826
2184 0.99974965
2185 0.98934295
2186 0.99753456
2187 0.99991286
2188 0.98759973
2189 0.99557068
2190 0.99668643
2191 0.99078448
2192 0.99426835
2193 0.98571600
2194 0.99382465
2195 0.98794216
2196 0.98509240
2197 0.99047194
2198 0.99838437
2199 0.99300082
2200 0.98861184
2201 0.99730061
2202 0.99180407
2203 0.99481086
2204 0.98805281
2205 0.98934295
2206 0.99250043
2207 0.99646941
2208 0.98675135
2209 0.99407142
2210 0.99531140
2211 0.98242936
2212 0.99609232
2213 0.99523974
2214 0.99629010
2215 0.99370954
2216 0.99757694
2217 0.98611911
2218 0.99410117
2219 0.99402384
2220 0.99452270
2221 0.99064203
2222 0.99820534
2223 0.99575435
2224 0.98426942
2225 0.99016889
2226 0.99250043
2227 0.99730010
2228 0.99445583
2229 0.99303329
2230 0.99153453
2231 0.99281549
2232 0.99480041
2233 0.99208860
2234 1.00938223
2235 0.99608560
2236 0.99374454
2237 0.99188479
2238 0.99436267
2239 1.00022541
2240 0.99447197
2241 1.00058096
2242 0.99995377
2243 0.99032083
2244 0.99467770
2245 0.99164288
2246 0.99793037
2247 0.99730010
2248 0.99305138
2249 0.99228020
2250 0.99093132
2251 0.99773198
2252 0.98826779
2253 0.98773986
2254 0.99822127
2255 0.98454373
2256 0.99189468
2257 0.98895246
2258 1.00030966
2259 0.98163556
2260 0.99203117
2261 0.99401613
2262 1.00507897
2263 0.99453094
2264 0.98915760
2265 0.99365787
2266 0.99160239
2267 1.00240049
2268 0.99305138
2269 1.00088259
2270 0.99809633
2271 0.99414519
2272 1.00480205
2273 0.99846806
2274 0.99531253
2275 0.99988118
2276 0.99627349
2277 0.98947710
2278 0.99804898
2279 0.99905191
2280 1.00612247
2281 1.00714506
2282 1.00505568
2283 0.99324993
2284 0.99900302
2285 0.99835526
2286 0.98663498
2287 0.99726234
2288 0.99044236
2289 1.00088259
2290 0.99065431
2291 0.98895437
2292 0.98801064
2293 0.98907942
2294 0.98901809
2295 0.98033301
2296 0.98695956
2297 0.98740111
2298 0.98361745
2299 0.98502987
2300 1.00350672
2301 0.99073413
2302 0.98732622
2303 0.98126943
2304 0.98377245
2305 0.99065517
2306 0.99504929
2307 0.98634913
2308 0.99386308
2309 0.99155752
2310 0.99065431
2311 0.98658382
2312 0.99248909
2313 0.99544879
2314 0.97917929
2315 0.97670999
2316 0.98317197
2317 0.98427684
2318 0.98259774
2319 0.98663876
2320 0.98772697
2321 0.97873411
2322 0.98396372
2323 0.98207155
2324 0.98718982
2325 0.99024757
2326 0.98588496
2327 0.98767994
2328 0.99173089
2329 0.99149377
2330 0.98409933
2331 0.98658382
2332 0.99575931
2333 0.99522095
2334 0.99563999
2335 0.98881233
2336 0.98649869
2337 0.98649318
2338 0.98504345
2339 0.99566294
2340 0.99421366
2341 0.99398456
2342 0.99601207
2343 0.99038951
2344 0.99836549
2345 0.97873865
2346 1.00070793
2347 0.98791783
2348 1.00116787
2349 0.99183713
2350 1.00177214
2351 0.99409242
2352 0.99575931
2353 0.99289148
2354 0.99542651
2355 0.99810774
2356 1.00021279
2357 0.98826362
2358 0.98977643
2359 0.99915321
2360 0.98501315
2361 0.99013999
2362 0.99561332
2363 0.99276920
2364 0.99391202
2365 0.99771945
2366 1.00437283
2367 1.00554889
2368 1.00287427
2369 0.99579949
2370 0.99754903
2371 0.99660021
2372 0.99888697
2373 0.99289148
2374 0.98810148
2375 0.98753371
2376 1.00178187
2377 0.99302329
2378 0.98701781
2379 0.98812346
2380 0.99636220
2381 0.98442734
2382 0.98206376
2383 0.97787598
2384 0.99815614
2385 0.97597948
2386 0.98739719
2387 0.99267767
2388 0.98206373
2389 0.98347265
2390 0.97784751
2391 0.97936275
2392 0.99005184
2393 0.98101766
2394 0.98810148
2395 1.00331920
2396 1.00643911
2397 1.00908779
2398 1.01225310
2399 1.00323350
2400 1.00483497
2401 1.01213296
2402 1.00136210
2403 0.99943250
2404 1.00240640
2405 1.01048414
2406 1.00211067
2407 1.00713625
2408 1.01210517
2409 0.99883369
2410 1.00688307
2411 1.00348637
2412 1.00800468
2413 1.00827762
2414 0.99808044
2415 1.00331920
2416 0.98987971
2417 0.98662779
2418 0.98543414
2419 0.98425774
2420 0.98639352
2421 0.98585706
2422 0.99555829
2423 0.98312114
2424 0.98566486
2425 0.98948182
2426 0.98562170
2427 0.98330018
2428 0.98717922
2429 0.98698055
2430 0.98752907
2431 0.98778917
2432 0.98579251
2433 0.98569012
2434 0.98747848
2435 0.99435053
2436 0.98987971
2437 0.99555793
2438 0.99843906
2439 0.99370107
2440 0.98943909
2441 0.99263296
2442 0.98975803
2443 0.99701540
2444 0.98993046
2445 0.99005641
2446 0.99905102
2447 0.99660343
2448 0.99667376
2449 1.00018601
2450 0.99934572
2451 0.99912153
2452 0.99361997
2453 1.00160574
2454 0.99587006
2455 0.98806931
2456 0.99364651
2457 0.99555793
2458 0.98471524
2459 0.99019536
2460 0.99155952
2461 0.98460491
2462 0.98478928
2463 0.99103649
2464 0.99600700
2465 0.98582794
2466 0.98925436
2467 0.98422950
2468 0.99028409
2469 0.98044508
2470 0.98994113
2471 0.99178271
2472 0.98884247
2473 0.98524571
2474 0.98824872
2475 0.98908534
2476 0.98449317
2477 0.97896713
2478 0.98471524
2479 0.99050288
2480 0.98716262
2481 0.99105301
2482 0.99003153
2483 0.99297489
2484 0.99390057
2485 0.98952992
2486 0.98302564
2487 0.98265420
2488 0.98969653
2489 0.99714291
2490 0.99782928
2491 0.98876388
2492 0.98939599
2493 0.99762895
2494 0.98689238
2495 0.99380211
2496 0.99726206
2497 0.98232922
2498 0.99188717
2499 0.99050288
2500 0.98561639
2501 0.98747474
2502 0.98627891
2503 0.99488154
2504 0.98662205
2505 0.98948697
2506 0.98424963
2507 0.97513590
2508 0.99384685
2509 0.98697131
2510 0.98524489
2511 0.98131466
2512 0.99446745
2513 0.97958482
2514 0.98889188
2515 0.98671930
2516 0.99033524
2517 0.98211597
2518 0.98130122
2519 0.98009211
2520 0.98561639
2521 0.99015414
2522 0.98838191
2523 0.99576740
2524 0.98274290
2525 0.99424667
2526 0.99602123
2527 0.99187334
2528 1.00231817
2529 0.99627760
2530 0.99742177
2531 0.98397250
2532 0.99706557
2533 1.00045601
2534 0.99603586
2535 0.99528752
2536 0.99623327
2537 0.98660147
2538 0.98988573
2539 0.99435902
2540 0.98993404
2541 0.99015414
2542 0.98929036
2543 0.99928956
2544 1.00477072
2545 0.99721575
2546 0.99371486
2547 1.00300175
2548 0.99595522
2549 1.00256090
2550 1.00134056
2551 0.98552735
2552 0.99245004
2553 0.99055607
2554 0.99742160
2555 0.98539036
2556 0.99823423
2557 1.00147608
2558 0.99296910
2559 0.99602870
2560 0.99854866
2561 0.99495913
2562 0.98929036
2563 0.98995667
2564 0.99239519
2565 0.99565341
2566 0.99788787
2567 0.99262759
2568 0.99713672
2569 0.99015176
2570 1.00369375
2571 0.99376744
2572 0.99515750
2573 0.99774647
2574 0.99784690
2575 0.99043082
2576 0.99947646
2577 0.99623806
2578 1.00262100
2579 0.99813477
2580 0.99876287
2581 0.99324463
2582 1.00325942
2583 0.98995667
2584 0.99493469
2585 1.00329093
2586 0.99388600
2587 0.99661008
2588 0.98990734
2589 0.99560971
2590 0.99728571
2591 0.99622722
2592 1.00076807
2593 0.99487357
2594 0.99670533
2595 0.99371910
2596 1.00035608
2597 0.98411570
2598 0.98726761
2599 0.99325172
2600 0.99225530
2601 0.99877909
2602 0.99432493
2603 0.98881139
2604 0.99493469
2605 0.98987140
2606 0.99488409
2607 0.99646462
2608 0.99353511
2609 0.98731349
2610 0.98378150
2611 0.99264297
2612 0.99835686
2613 0.99653480
2614 1.00087951
2615 0.99191640
2616 0.98845117
2617 0.99725629
2618 0.99114217
2619 1.00243828
2620 0.99390518
2621 0.99520438
2622 0.99327662
2623 0.99496337
2624 0.97925958
2625 0.98987140
2626 0.99278528
2627 0.97957816
2628 0.98870840
2629 0.98774174
2630 0.99025758
2631 0.98815691
2632 0.97585306
2633 0.98861063
2634 0.99100169
2635 0.97991742
2636 0.98587366
2637 0.98455890
2638 0.97637418
2639 0.98578866
2640 0.99062012
2641 0.98702161
2642 0.98200933
2643 0.98410387
2644 0.98519646
2645 0.98381527
2646 0.99278528
2647 0.98374761
2648 0.98630580
2649 0.99047091
2650 0.98865517
2651 0.98159868
2652 0.98923658
2653 0.99576130
2654 0.98652383
2655 0.98949411
2656 0.98602323
2657 0.99148860
2658 0.99322021
2659 0.98421868
2660 0.99281294
2661 0.99016465
2662 0.99123483
2663 0.99211475
2664 0.98437037
2665 0.98265338
2666 0.98357643
2667 0.98374761
2668 0.99644053
2669 0.99174000
2670 0.99130544
2671 0.99281721
2672 0.99672709
2673 0.99024758
2674 0.99084114
2675 0.99225533
2676 0.98810196
2677 0.99182030
2678 0.99752080
2679 0.99866912
2680 0.99611498
2681 0.99091983
2682 0.99433846
2683 0.99612878
2684 0.98754474
2685 0.99876542
2686 0.99944413
2687 1.00563071
2688 0.99644053
2689 0.98530418
2690 0.98570368
2691 0.98508507
2692 0.98801389
2693 0.98777006
2694 0.99419682
2695 0.99583541
2696 0.98575737
2697 0.98622742
2698 0.98335858
2699 0.98397867
2700 0.99680922
2701 0.98795215
2702 0.99032587
2703 0.98726652
2704 0.99292645
2705 0.98665393
2706 0.99000337
2707 0.98555876
2708 0.99618194
2709 0.98530418
2710 0.99088916
2711 0.98774354
2712 0.98277380
2713 0.99244625
2714 0.99603780
2715 0.98474248
2716 0.99067337
2717 0.99369880
2718 0.99359259
2719 0.99060834
2720 0.98872985
2721 0.99072523
2722 0.99034491
2723 0.99971375
2724 0.97821007
2725 0.98959402
2726 0.98881379
2727 0.98641097
2728 0.99324744
2729 0.97782801
2730 0.99088916
2731 0.99881305
2732 1.00056768
2733 0.99282905
2734 1.00198946
2735 1.00839964
2736 1.00930619
2737 0.99874299
2738 1.00124206
2739 0.99135870
2740 1.00710659
2741 0.99457940
2742 1.00963511
2743 0.99528867
2744 1.00179248
2745 0.99432646
2746 1.00380618
2747 1.01053766
2748 0.99664441
2749 0.98899937
2750 0.99707906
2751 0.99881305
2752 0.99155612
2753 0.98495151
2754 0.99747329
2755 0.99045785
2756 0.99368346
2757 0.99804617
2758 0.98676366
2759 0.99420180
2760 0.98840267
2761 0.98846564
2762 0.99036095
2763 0.99184065
2764 0.98478148
2765 0.99071629
2766 0.98802354
2767 0.98515792
2768 0.99354057
2769 0.99144996
2770 0.98560258
2771 0.98483569
2772 0.99155612
2773 0.94823129
2774 0.95129043
2775 0.95299610
2776 0.96845128
2777 0.97616545
2778 0.97203292
2779 0.97991169
2780 0.97842566
2781 0.97154094
2782 0.97109601
2783 0.98171625
2784 0.97533102
2785 0.97878905
2786 0.97812957
2787 0.97722186
2788 0.97413771
2789 0.97166897
2790 0.96504111
2791 0.95894136
2792 0.94970847
2793 0.94823129
2794 1.00311800
2795 0.99654280
2796 1.00580004
2797 0.99889651
2798 0.99834055
2799 1.00326891
2800 1.00238553
2801 0.99982425
2802 1.00407159
2803 1.00484680
2804 1.00333688
2805 0.99548831
2806 0.99334785
2807 1.00143136
2808 0.99593190
2809 1.00280685
2810 0.99092464
2811 1.00275064
2812 0.99508965
2813 0.99734608
2814 1.00311800
2815 0.98891598
2816 0.99623245
2817 0.98737227
2818 0.99025288
2819 0.98561802
2820 0.98649940
2821 0.99351667
2822 0.99365544
2823 0.99754825
2824 0.98982372
2825 0.98361151
2826 0.98883606
2827 0.99025580
2828 0.99368306
2829 0.99412807
2830 0.99877213
2831 0.98542884
2832 0.99152149
2833 0.99351720
2834 0.98980627
2835 0.98891598
2836 0.99535226
2837 0.98414433
2838 0.98880340
2839 0.98944752
2840 0.99091842
2841 0.99378941
2842 0.98554543
2843 0.99162169
2844 0.99128877
2845 0.97891345
2846 0.98725868
2847 0.99420274
2848 0.98191906
2849 0.99435160
2850 0.99221146
2851 0.99023376
2852 0.98839105
2853 0.98915554
2854 0.99513959
2855 0.98715573
2856 0.99535226
2857 0.99080711
2858 0.98903704
2859 0.99436196
2860 0.99107209
2861 0.99968564
2862 0.99341234
2863 0.99767011
2864 0.99443180
2865 0.99604145
2866 0.99443159
2867 0.99328088
2868 0.99385417
2869 0.99036491
2870 0.98923171
2871 0.99535054
2872 0.98470330
2873 0.99276433
2874 0.99546059
2875 0.99084925
2876 0.99238814
2877 0.99080711
2878 0.97700772
2879 0.98671876
2880 0.98967289
2881 0.98777525
2882 0.99616747
2883 0.99361402
2884 0.99278804
2885 0.98765429
2886 0.98672951
2887 0.99202447
2888 0.98411970
2889 0.97924688
2890 0.98547680
2891 0.99069026
2892 0.99639470
2893 0.98661371
2894 0.98610867
2895 0.99321005
2896 0.98471309
2897 0.99321364
2898 0.97700772
2899 0.99299298
2900 0.99541020
2901 0.99488834
2902 1.00354565
2903 0.99833804
2904 0.99612531
2905 1.00240017
2906 0.98819433
2907 1.00170615
2908 0.98937616
2909 0.99301549
2910 0.99812843
2911 1.00581950
2912 0.99466176
2913 0.99552662
2914 0.99461672
2915 0.99532322
2916 1.00026069
2917 0.99880831
2918 0.99677384
2919 0.99299298
2920 1.00347711
2921 0.99579002
2922 0.99207841
2923 0.99537572
2924 0.99228995
2925 0.99514097
2926 1.00043819
2927 0.98303346
2928 0.99303467
2929 0.99161271
2930 0.99625950
2931 0.99538223
2932 0.99531178
2933 0.98997267
2934 0.99790721
2935 0.98891968
2936 0.99492754
2937 0.98968903
2938 0.98598400
2939 1.00151950
2940 1.00347711
2941 1.00409647
2942 1.00234243
2943 0.99794288
2944 1.00674846
2945 0.99493587
2946 0.99958778
2947 0.99849677
2948 0.99701347
2949 1.00379185
2950 1.00068470
2951 0.99963938
2952 1.00041060
2953 0.99709375
2954 0.99757662
2955 0.99659098
2956 0.99724467
2957 1.00426682
2958 0.99235113
2959 1.00347327
2960 0.99469336
2961 1.00409647
2962 0.98604214
2963 1.00075107
2964 0.99010677
2965 1.00045184
2966 0.99482969
2967 0.99089383
2968 0.98303038
2969 0.99206112
2970 0.99977720
2971 0.99338441
2972 0.98465497
2973 0.98888699
2974 0.99985185
2975 0.98910098
2976 0.99306098
2977 0.98896366
2978 0.98984417
2979 0.99323896
2980 0.99793369
2981 0.98411756
2982 0.98604214
2983 0.99241268
2984 0.99343156
2985 0.98853594
2986 0.98874548
2987 0.99245937
2988 0.98862217
2989 0.98971030
2990 0.99343414
2991 0.99075744
2992 0.98622157
2993 0.98971354
2994 0.99540359
2995 0.98439873
2996 0.98624252
2997 0.98251888
2998 0.99777985
2999 0.99142092
3000 0.98960805
3001 0.98601520
3002 0.99144606
3003 0.99241268
3004 0.99682299
3005 0.99170815
3006 1.00119708
3007 0.98916915
3008 0.99823522
3009 0.99710422
3010 0.99471890
3011 1.00003583
3012 1.00256218
3013 0.99985556
3014 1.00604695
3015 1.00562104
3016 1.00587843
3017 0.99457763
3018 0.99530919
3019 1.00054756
3020 0.99536941
3021 1.00080270
3022 0.98903975
3023 1.00132463
3024 0.99682299
