index DenDen_position
1 1.63720658
2 1.60080065
3 1.55799397
4 1.53999668
5 1.50405482
6 1.49752105
7 1.48125051
8 1.47206537
9 1.46313409
10 1.45895825
11 1.45571961
12 1.46362565
13 1.46421620
14 1.47753674
15 1.48445168
16 1.49296077
17 1.50922940
18 1.53225343
19 1.55489442
20 1.60076145
21 1.63720658
22 0.94591147
23 0.95369739
24 0.94906857
25 0.96563448
26 0.97471933
27 0.98207485
28 0.97829327
29 0.98884252
30 0.98410850
31 0.97682313
32 0.97765657
33 0.98320525
34 0.97297413
35 0.98132539
36 0.97354722
37 0.97450140
38 0.96506859
39 0.96431227
40 0.96518171
41 0.95279853
42 0.94591147
43 1.01366515
44 1.00939461
45 1.01517497
46 1.00289125
47 1.00939022
48 1.01841339
49 1.01661282
50 1.01707452
51 1.00523897
52 1.01428067
53 1.00931373
54 1.01546629
55 1.01820132
56 1.01381906
57 1.02082628
58 1.01510139
59 1.01140096
60 1.01255154
61 1.01233174
62 1.01589674
63 1.01366515
64 0.99508569
65 1.00058919
66 1.00630351
67 0.99898270
68 0.99246068
69 1.00469895
70 0.99702031
71 1.00299950
72 1.00567413
73 0.99888548
74 1.00071759
75 1.00419871
76 0.99706464
77 1.01002343
78 1.01413427
79 1.01560862
80 0.99993055
81 0.99959254
82 1.00109965
83 0.99831983
84 0.99508569
85 1.01710629
86 1.01372499
87 1.00649556
88 1.00378712
89 1.01189190
90 1.01364352
91 1.01184638
92 1.01024852
93 1.01187369
94 1.00708865
95 1.01368156
96 1.01629931
97 1.01077428
98 1.02179247
99 1.00410231
100 1.01466723
101 1.00785603
102 1.01930262
103 1.01479632
104 1.00760005
105 1.01710629
106 1.00121069
107 0.99930258
108 1.00364697
109 0.99951999
110 1.00622099
111 1.00398005
112 1.01631442
113 0.99816434
114 1.00548722
115 1.00961008
116 1.00812592
117 1.00387562
118 1.01174350
119 1.01472535
120 1.01296271
121 1.02009738
122 0.99878751
123 1.00796373
124 1.01581026
125 0.99655822
126 1.00121069
127 0.99942902
128 1.01064342
129 1.01125828
130 1.01245379
131 1.00865336
132 1.00595725
133 1.00382280
134 1.00945319
135 1.00174467
136 1.00511160
137 1.00820683
138 1.00731313
139 0.99997211
140 1.00879051
141 0.99785095
142 1.01605470
143 1.00501470
144 1.00822587
145 1.00570915
146 1.01068117
147 0.99942902
148 1.00006698
149 0.99658947
150 1.00896865
151 1.00680034
152 1.00715166
153 1.01600591
154 1.00825041
155 1.01074837
156 0.99573438
157 1.00734807
158 1.00600054
159 1.00804217
160 1.01369174
161 1.00447332
162 1.01040912
163 1.00463530
164 1.00253626
165 1.00546855
166 1.00379317
167 1.00591186
168 1.00006698
169 1.00828991
170 1.01167914
171 1.01173661
172 1.00868104
173 1.01394732
174 1.01034018
175 1.01156785
176 1.01713805
177 1.01161357
178 1.01282506
179 1.00786064
180 0.99953275
181 1.00991575
182 1.00468193
183 1.01402256
184 1.00143941
185 1.00993786
186 1.01455751
187 1.01392317
188 1.00525415
189 1.00828991
190 1.00027481
191 0.99662526
192 0.99304206
193 0.99915365
194 0.99520693
195 0.99812329
196 0.99941180
197 1.00038025
198 1.00177674
199 0.98933746
200 1.00328868
201 1.00193894
202 1.00048424
203 1.00720775
204 0.99820673
205 0.99480918
206 1.00016447
207 1.00209445
208 1.00274655
209 0.99196302
210 1.00027481
211 1.00583888
212 1.00632965
213 1.01448456
214 1.01535149
215 1.01387308
216 1.00848417
217 1.02463143
218 1.00495739
219 1.00611156
220 1.01159863
221 1.01995231
222 1.00828627
223 1.01608961
224 1.01559496
225 1.00880089
226 1.00384760
227 1.01811202
228 1.01882763
229 1.00906934
230 1.01919895
231 1.00583888
232 0.93971830
233 0.95396070
234 0.95405053
235 0.98739808
236 0.96874256
237 0.97594337
238 0.97218472
239 0.98811383
240 0.97744608
241 0.97865477
242 0.97961884
243 0.98538822
244 0.98317669
245 0.97624329
246 0.96962179
247 0.97767420
248 0.97586192
249 0.97180925
250 0.95559234
251 0.94819022
252 0.93971830
253 0.95372620
254 0.96897638
255 0.97553112
256 0.98052120
257 0.97692338
258 0.99214652
259 0.99487651
260 0.99589572
261 0.99322132
262 0.99464756
263 0.99229351
264 0.99376421
265 0.99809462
266 1.00287540
267 0.98905039
268 0.98942928
269 0.98995132
270 0.98523632
271 0.97302063
272 0.97194232
273 0.95372620
274 1.01505837
275 1.01634352
276 1.02632797
277 1.01663266
278 1.02038410
279 1.02247215
280 1.01118686
281 1.01828633
282 1.02217002
283 1.01974467
284 1.02064696
285 1.02728414
286 1.01332042
287 1.02057824
288 1.02273840
289 1.01712186
290 1.01725949
291 1.01907827
292 1.02479478
293 1.01043645
294 1.01505837
295 1.00728990
296 1.00632175
297 1.00192308
298 1.01718645
299 0.99389466
300 1.01219141
301 1.00616884
302 1.00916599
303 1.00784807
304 1.00238723
305 1.00563173
306 1.01245132
307 1.00230274
308 1.00861349
309 1.00570217
310 1.00444699
311 1.00869918
312 1.00511906
313 1.01547759
314 1.00239544
315 1.00728990
316 1.01250757
317 1.01511117
318 1.01787050
319 1.00663583
320 1.01088723
321 1.01671208
322 1.01327684
323 1.00987413
324 1.01508149
325 1.01516765
326 1.01366704
327 1.01808160
328 1.00419313
329 1.01072224
330 1.02429356
331 1.01626004
332 1.01379937
333 1.01886337
334 1.01391968
335 1.01431431
336 1.01250757
337 1.00404143
338 1.00690732
339 1.01187091
340 1.01164226
341 1.01778189
342 1.00540996
343 1.00328052
344 1.01489340
345 1.00152839
346 1.01206437
347 1.01420684
348 1.01042636
349 1.01987133
350 1.01680020
351 1.00709959
352 1.01393336
353 1.00938992
354 1.01733846
355 1.00956629
356 1.02285906
357 1.00404143
358 1.01484624
359 1.00089870
360 0.99752102
361 1.01861363
362 1.00528926
363 1.00357063
364 1.00866850
365 1.01795614
366 1.00644711
367 1.00396074
368 1.00949824
369 1.00538949
370 1.01756249
371 1.01368587
372 1.01099412
373 1.00293789
374 1.01012976
375 1.00207008
376 1.00355464
377 1.00640865
378 1.01484624
379 1.00631028
380 0.99937239
381 1.00741226
382 1.01171552
383 1.01579404
384 1.01159182
385 0.99665676
386 1.00805179
387 0.99884354
388 1.00497067
389 1.01378516
390 1.01023221
391 1.00323023
392 1.00524311
393 1.00069953
394 1.00414377
395 1.00688197
396 1.00162552
397 0.99881033
398 0.99826531
399 1.00631028
400 1.01961488
401 1.00869812
402 1.01276195
403 1.01374450
404 1.01048907
405 1.01348634
406 1.01305631
407 1.01096636
408 1.01709904
409 1.00711848
410 1.01053358
411 1.01585490
412 1.00396196
413 1.00891830
414 1.01264912
415 1.00156862
416 1.01396907
417 1.01103518
418 1.00595187
419 1.00470257
420 1.01961488
421 1.01429750
422 1.00474115
423 1.00643268
424 1.00140070
425 1.00965606
426 1.00521300
427 1.00810925
428 1.00689405
429 1.02172202
430 1.00499940
431 1.00497142
432 0.99906379
433 1.00226380
434 1.00449210
435 1.00729031
436 1.00573403
437 1.00725064
438 1.00538692
439 1.00823322
440 1.00652729
441 1.01429750
442 1.00533972
443 1.00998476
444 1.00793280
445 1.01429761
446 1.00703261
447 1.01592709
448 1.00857710
449 1.01004955
450 1.01433945
451 1.00365613
452 1.01273661
453 1.00693465
454 1.01231176
455 0.99900153
456 1.02188119
457 1.01515840
458 1.00936755
459 1.01023565
460 1.01689439
461 1.01261111
462 1.00533972
463 0.99738243
464 1.00913181
465 0.99732813
466 1.00359872
467 0.99629037
468 1.00138716
469 1.00767726
470 0.99677532
471 1.00196282
472 1.00473629
473 1.00246995
474 1.00472931
475 0.99758035
476 0.99956723
477 1.01109038
478 1.00295640
479 0.99765476
480 1.00119197
481 1.00789424
482 0.99366451
483 0.99738243
484 1.01802570
485 1.02325281
486 1.01840891
487 1.01934298
488 1.01225406
489 1.01843812
490 1.01877735
491 1.02074894
492 1.02109966
493 1.01777412
494 1.01370037
495 1.01363361
496 1.02047133
497 1.01728039
498 1.02887099
499 1.01975787
500 1.00909220
501 1.01589932
502 1.02190976
503 1.01704863
504 1.01802570
505 1.01149353
506 1.01820987
507 1.01208672
508 1.02327719
509 1.01034933
510 1.01263463
511 1.01404119
512 1.01808763
513 1.01190568
514 1.01985529
515 1.02322102
516 1.01591430
517 1.02292412
518 1.01203920
519 1.01483851
520 1.02003599
521 1.01656982
522 1.01570394
523 1.01549620
524 1.01803312
525 1.01149353
526 1.00275157
527 0.99637381
528 0.99203088
529 0.99523490
530 0.99760651
531 1.00099479
532 0.99668666
533 1.00619699
534 1.00718909
535 0.99514821
536 1.00014218
537 0.99892441
538 1.00040244
539 1.00298191
540 0.99500550
541 0.98988396
542 0.99501665
543 0.99423027
544 0.99916757
545 0.99647704
546 1.00275157
547 1.00672154
548 1.01217054
549 0.99815408
550 1.00295400
551 0.99967371
552 1.00005486
553 1.00480970
554 1.00186802
555 0.99867297
556 1.00634280
557 1.00418478
558 1.00215987
559 1.00442479
560 1.00380178
561 1.00834495
562 1.00637970
563 0.99861800
564 1.01522267
565 1.00172467
566 1.00911054
567 1.00672154
568 1.00393538
569 0.99979951
570 1.00951253
571 1.00674975
572 1.00699855
573 1.00894799
574 1.00545134
575 1.00008058
576 1.00385710
577 1.00564074
578 0.99862959
579 1.00336255
580 1.01620833
581 1.00233893
582 1.00663923
583 1.00660694
584 1.01036984
585 1.00509699
586 1.00195456
587 1.01219744
588 1.00393538
589 1.00479906
590 1.01335980
591 1.01505144
592 1.00346041
593 1.00388306
594 1.01165916
595 1.01116766
596 1.00686908
597 1.00330415
598 1.00155926
599 1.00459081
600 1.00888405
601 1.00339686
602 1.00337143
603 1.00392079
604 0.99644908
605 1.00692355
606 1.01015358
607 0.99890855
608 1.00890493
609 1.00479906
610 1.00219606
611 1.00453354
612 1.00105664
613 1.00361212
614 1.01154168
615 1.00849505
616 1.00655325
617 1.00740271
618 1.00472214
619 0.99680697
620 1.00498604
621 1.00696118
622 1.01198024
623 1.00341791
624 1.00565326
625 1.00572227
626 1.01146924
627 1.00910814
628 1.00237107
629 1.01054870
630 1.00219606
631 1.00196085
632 1.01034625
633 1.02163753
634 1.00508417
635 1.00563806
636 1.01446123
637 1.01049532
638 1.01418696
639 1.01351110
640 1.01759369
641 1.00937974
642 1.01209478
643 1.00820518
644 1.01274220
645 1.00822012
646 1.01319913
647 1.01175841
648 1.01674347
649 1.01962069
650 1.00200237
651 1.00196085
652 1.00712065
653 1.00594526
654 1.00369749
655 0.99775526
656 1.00921479
657 0.99655791
658 0.99411948
659 1.00289940
660 1.00311182
661 1.00401011
662 0.99177590
663 1.00938864
664 1.00229201
665 0.99876000
666 1.00013724
667 1.00618580
668 0.99760304
669 0.99202452
670 1.00792412
671 0.99806147
672 1.00712065
673 1.01280643
674 1.00459420
675 1.00766990
676 1.00870679
677 1.01866817
678 1.00979232
679 1.01443410
680 1.00898521
681 1.00932438
682 1.01048547
683 1.01723440
684 1.01430493
685 1.00591668
686 1.00635241
687 1.00259843
688 1.01705710
689 1.00613483
690 1.00959142
691 1.00937958
692 1.01858998
693 1.01280643
694 1.01965829
695 1.00600630
696 1.01710822
697 1.00707109
698 1.02042159
699 1.01664165
700 1.01754039
701 1.02325358
702 1.01133777
703 1.02027506
704 1.01119649
705 1.02146158
706 1.01803408
707 1.01943757
708 1.02463246
709 1.01299444
710 1.01614925
711 1.01767504
712 1.01920290
713 1.01651807
714 1.01965829
715 1.00529488
716 1.01187151
717 1.01201077
718 1.01075613
719 1.01256194
720 1.00488848
721 1.00951983
722 1.01200237
723 1.00471733
724 1.00998176
725 1.01120914
726 1.00681977
727 1.00142343
728 1.01103009
729 1.00399537
730 1.01011041
731 1.01601310
732 1.00667997
733 1.00648063
734 0.99711786
735 1.00529488
736 0.99382076
737 0.99443783
738 0.99966087
739 1.00315462
740 0.99671226
741 1.00925885
742 1.00018244
743 0.99276580
744 1.00634954
745 1.00605411
746 1.00803850
747 1.00519130
748 1.00338578
749 0.99479231
750 1.00174592
751 1.00024971
752 0.99036738
753 1.00000758
754 1.00204350
755 1.00036553
756 0.99382076
757 1.01539445
758 1.01320383
759 1.02014953
760 1.01039787
761 1.01635890
762 1.01053493
763 1.01135984
764 1.01626466
765 1.00818030
766 1.01340321
767 1.01320131
768 1.00776634
769 1.01290700
770 1.01332693
771 1.01775177
772 1.01349776
773 1.01803143
774 1.00938728
775 1.01880806
776 1.01364816
777 1.01539445
778 0.99495000
779 0.99620302
780 0.99905193
781 1.00559653
782 0.99074487
783 0.99584433
784 1.01088687
785 1.00516207
786 0.99901505
787 0.99570274
788 1.00726506
789 1.01006566
790 0.99975467
791 0.99790901
792 0.99958665
793 0.99120046
794 1.00266563
795 1.00859111
796 0.99679534
797 1.00949463
798 0.99495000
799 1.01067738
800 0.99686754
801 1.01833380
802 1.00803320
803 1.00930665
804 1.01406106
805 1.00224693
806 1.00246192
807 1.00819899
808 1.00643796
809 1.00080488
810 1.00658842
811 1.01004344
812 1.00467505
813 1.00187655
814 1.00970597
815 1.01287315
816 1.01020225
817 1.01044643
818 1.01012517
819 1.01067738
820 1.00022001
821 0.99774761
822 0.99881443
823 1.01055498
824 1.00821467
825 1.01531254
826 1.00653192
827 1.01212981
828 1.00987042
829 0.99629479
830 1.00524800
831 1.00825039
832 0.99752382
833 1.00439207
834 1.00395440
835 1.01035372
836 1.00624341
837 1.01584228
838 1.01126152
839 1.01467264
840 1.00022001
841 1.00134059
842 1.01082529
843 1.00119724
844 1.01379467
845 1.00987165
846 1.00217243
847 1.01074384
848 1.00553226
849 1.00827409
850 1.01269763
851 1.00904176
852 1.01122726
853 1.00671017
854 1.00085837
855 0.99944335
856 1.00455562
857 1.01415679
858 1.01624585
859 1.00562743
860 1.00120784
861 1.00134059
862 1.00855236
863 1.00612653
864 1.01223620
865 1.00017069
866 1.00681211
867 1.00103755
868 1.00519323
869 1.01009978
870 1.00735215
871 1.00765585
872 1.00197896
873 1.00939813
874 1.01846862
875 1.00861747
876 0.99996295
877 1.00657952
878 1.01210706
879 1.01054871
880 1.00353668
881 1.01165929
882 1.00855236
883 1.00757229
884 1.00980305
885 1.00951333
886 1.01089518
887 1.00750536
888 1.00844575
889 1.02461868
890 1.01816249
891 1.01279788
892 1.01750638
893 1.01392405
894 1.01662999
895 1.01556606
896 1.00749606
897 1.01453367
898 1.01516574
899 1.01846819
900 1.02081338
901 0.99914009
902 1.01090408
903 1.00757229
904 1.01890107
905 0.99768953
906 1.00448870
907 1.00734102
908 1.00486149
909 1.01251022
910 0.99996406
911 0.99831866
912 1.00247480
913 1.00233503
914 1.00777722
915 0.99930156
916 1.00372191
917 1.00463519
918 0.99916972
919 1.00402605
920 1.00761835
921 1.00254688
922 1.01041206
923 0.99990330
924 1.01890107
925 1.00519781
926 1.02090221
927 1.00651309
928 1.00400127
929 1.01035353
930 1.00585569
931 1.00992464
932 1.00526187
933 0.99730237
934 1.01497631
935 1.00527389
936 1.00411277
937 1.00273952
938 1.01294669
939 1.00754354
940 1.01650464
941 1.01327242
942 1.00573958
943 1.00754881
944 1.01632480
945 1.00519781
946 1.00951198
947 1.02032314
948 1.01458026
949 1.00276881
950 1.01674420
951 1.01650848
952 1.01450456
953 1.00900760
954 1.01846278
955 1.01284052
956 1.00186811
957 1.00260923
958 1.01514956
959 1.01531962
960 1.00569686
961 1.00269867
962 1.00428757
963 1.01072217
964 1.01340105
965 0.99889943
966 1.00951198
967 1.00627735
968 1.00608474
969 1.01124993
970 1.00158015
971 1.00548037
972 1.00583709
973 1.00363411
974 1.01028465
975 1.00698856
976 1.00326968
977 1.00431255
978 1.00439427
979 1.00974322
980 1.00792504
981 1.01318038
982 1.00206888
983 1.00133176
984 1.00431783
985 1.00592114
986 0.99856053
987 1.00627735
988 1.00757079
989 1.01505982
990 1.01555732
991 1.01715173
992 1.01186159
993 1.01060652
994 1.01981501
995 1.01057901
996 1.00766341
997 1.01697675
998 1.01504312
999 1.01859447
1000 1.01167563
1001 1.01476089
1002 1.00914793
1003 1.01503303
1004 1.00410143
1005 1.01480625
1006 0.99901170
1007 1.00391656
1008 1.00757079
1009 1.02655224
1010 1.00644941
1011 1.01448962
1012 1.01218010
1013 1.01621855
1014 1.02072730
1015 1.00856967
1016 1.00881100
1017 1.01330211
1018 1.01073117
1019 1.01932308
1020 1.01983565
1021 1.01048548
1022 1.01903943
1023 1.01988994
1024 1.01687009
1025 1.00984728
1026 1.01904722
1027 1.02602433
1028 1.01949167
1029 1.02655224
1030 1.00789861
1031 0.99797739
1032 0.99509438
1033 1.00733546
1034 1.00253670
1035 1.00802675
1036 1.00284951
1037 0.99875259
1038 0.99877332
1039 1.01147648
1040 1.00080761
1041 1.00460140
1042 1.00489523
1043 0.99997008
1044 0.99522538
1045 1.00720159
1046 1.00276372
1047 1.00187609
1048 1.00951690
1049 1.00281275
1050 1.00789861
1051 0.99782713
1052 0.99392172
1053 0.99872831
1054 1.00467340
1055 1.00095859
1056 0.99512665
1057 1.00786551
1058 1.00568648
1059 0.99988940
1060 1.00137481
1061 1.00168726
1062 1.00112529
1063 1.00148202
1064 1.00308180
1065 0.99793700
1066 0.99240236
1067 0.99908809
1068 1.00643721
1069 1.00313109
1070 0.99735014
1071 0.99782713
1072 1.01364957
1073 1.00799547
1074 1.01189594
1075 1.01075908
1076 1.01055997
1077 1.01353308
1078 1.00643567
1079 1.01407465
1080 1.01620302
1081 1.01089838
1082 1.01017211
1083 1.02596201
1084 1.01385501
1085 1.01288384
1086 1.01101820
1087 1.01372561
1088 1.01128769
1089 1.01868860
1090 1.01159648
1091 1.00959258
1092 1.01364957
1093 1.00978339
1094 1.01366603
1095 1.02014490
1096 1.02220310
1097 1.01708827
1098 1.01265774
1099 1.01636549
1100 1.00804778
1101 1.01534362
1102 1.00657882
1103 1.01112067
1104 1.01471047
1105 1.00981003
1106 1.00958904
1107 1.01290720
1108 1.02413339
1109 1.02477921
1110 1.01184624
1111 1.00613229
1112 1.01706510
1113 1.00978339
1114 1.00938478
1115 1.01589174
1116 1.01698283
1117 1.01474696
1118 1.00552304
1119 1.01803121
1120 1.02000917
1121 1.02105763
1122 1.01474547
1123 1.00793745
1124 1.01211666
1125 1.01369839
1126 1.00326218
1127 1.01905982
1128 1.01748614
1129 1.01624831
1130 1.01235588
1131 1.01448192
1132 1.01845137
1133 1.02100824
1134 1.00938478
1135 1.00067988
1136 1.00119571
1137 0.99854262
1138 1.01046573
1139 0.99835083
1140 1.00487713
1141 1.00323386
1142 1.00156640
1143 1.00435849
1144 1.00061935
1145 1.00193508
1146 0.99216744
1147 1.00588114
1148 1.00496109
1149 1.00674630
1150 1.00072441
1151 1.00260965
1152 1.00575326
1153 1.01075748
1154 1.00178816
1155 1.00067988
1156 1.01832319
1157 1.01224591
1158 1.01516002
1159 1.01099146
1160 1.01652251
1161 1.00574811
1162 1.01348233
1163 1.01192383
1164 1.01207610
1165 1.01331266
1166 1.01622587
1167 1.01210244
1168 1.01146124
1169 1.00935212
1170 1.01753361
1171 1.02001885
1172 1.01067420
1173 1.02325846
1174 1.02188010
1175 1.02797387
1176 1.01832319
1177 1.00457213
1178 1.00976264
1179 0.99667875
1180 1.00765326
1181 0.99528422
1182 1.00710209
1183 1.00604351
1184 1.00982652
1185 1.00085873
1186 1.00537042
1187 1.00070440
1188 1.00168117
1189 0.99450242
1190 1.00144218
1191 0.99987470
1192 0.99236427
1193 1.00057313
1194 0.99849895
1195 1.00422343
1196 0.99632972
1197 1.00457213
1198 1.00994839
1199 1.01125320
1200 1.01359607
1201 1.01751114
1202 1.01210942
1203 1.01872958
1204 1.02620963
1205 1.01883703
1206 1.00863865
1207 1.00449343
1208 1.01899267
1209 1.00622613
1210 1.01247189
1211 1.00755003
1212 1.01076497
1213 1.01685095
1214 1.01331475
1215 1.01529800
1216 1.02011987
1217 1.00661055
1218 1.00994839
1219 0.99250289
1220 0.98451007
1221 0.99598103
1222 0.98956194
1223 0.99248061
1224 0.99275617
1225 0.98910980
1226 0.99828686
1227 0.99089453
1228 0.98686714
1229 0.98643620
1230 0.99078956
1231 0.99693585
1232 0.98889362
1233 0.98607711
1234 0.99615720
1235 0.99487018
1236 0.99361299
1237 0.98762509
1238 1.00007079
1239 0.99250289
1240 1.01115567
1241 1.00378063
1242 0.99273175
1243 1.00369990
1244 1.00165728
1245 1.00750244
1246 1.00489167
1247 1.00097178
1248 1.00554786
1249 1.00000804
1250 1.00947247
1251 1.00676725
1252 1.00472351
1253 0.99291602
1254 1.00241470
1255 1.00529898
1256 1.00080927
1257 1.00159739
1258 1.01313511
1259 0.99799391
1260 1.01115567
1261 1.00122946
1262 1.00286968
1263 0.99139247
1264 0.99137510
1265 1.01037910
1266 1.00449553
1267 0.99947981
1268 1.00856700
1269 0.99906945
1270 1.00426399
1271 1.00299035
1272 0.99842269
1273 1.00905878
1274 1.00200344
1275 1.00056687
1276 1.00701696
1277 1.00722916
1278 1.01738931
1279 1.00134697
1280 1.00453481
1281 1.00122946
1282 1.01533433
1283 1.01519934
1284 1.01597229
1285 1.02001824
1286 1.01649317
1287 1.02166261
1288 1.02328897
1289 1.02065053
1290 1.02321986
1291 1.01471119
1292 1.01198908
1293 1.01567989
1294 1.02553972
1295 1.01606267
1296 1.01756712
1297 1.01533187
1298 1.01053928
1299 1.01497477
1300 1.02199257
1301 1.02169791
1302 1.01533433
1303 1.00148432
1304 1.00542055
1305 1.00086542
1306 1.00089657
1307 0.99379277
1308 1.00082996
1309 0.99616077
1310 0.99898580
1311 0.99578246
1312 0.99050318
1313 1.00548906
1314 1.00057458
1315 1.00192359
1316 1.00019244
1317 0.99903671
1318 0.99251751
1319 1.00602821
1320 1.00501820
1321 0.99348871
1322 1.00126156
1323 1.00148432
1324 1.01209162
1325 1.01689443
1326 1.01293150
1327 1.01076679
1328 1.01986446
1329 1.01371118
1330 1.01744289
1331 1.01523428
1332 1.00547242
1333 1.01984555
1334 1.01637423
1335 1.01213193
1336 1.01787800
1337 1.01788438
1338 1.01554193
1339 1.01213335
1340 1.01453519
1341 1.00220565
1342 1.01708486
1343 1.01549250
1344 1.01209162
1345 1.00520435
1346 1.01049385
1347 1.00675377
1348 0.99864178
1349 1.01343426
1350 0.99509422
1351 1.01471618
1352 0.99532839
1353 1.00931804
1354 1.00304798
1355 1.00206371
1356 1.00687750
1357 1.00700364
1358 1.00897621
1359 1.00499829
1360 1.00591732
1361 1.00164275
1362 1.00781164
1363 1.01223751
1364 1.00328034
1365 1.00520435
1366 1.00709837
1367 1.00484449
1368 1.00637690
1369 1.00465873
1370 1.00700060
1371 1.01003197
1372 1.00346007
1373 1.00375903
1374 1.01068103
1375 1.00436466
1376 1.01125807
1377 1.00436508
1378 1.01069795
1379 1.00373686
1380 1.00847661
1381 1.00314403
1382 1.01484581
1383 1.01025530
1384 0.99853939
1385 1.00657766
1386 1.00709837
1387 1.01079925
1388 1.01798855
1389 1.01216486
1390 1.01722816
1391 1.00746301
1392 1.00772726
1393 1.01472162
1394 1.00897317
1395 1.01596352
1396 1.01002351
1397 1.01704739
1398 1.00584842
1399 1.00641307
1400 1.00399427
1401 1.01019592
1402 1.02247701
1403 1.00746904
1404 1.00695072
1405 1.01388291
1406 1.01023496
1407 1.01079925
1408 1.00361524
1409 1.00079982
1410 1.00808124
1411 0.99587680
1412 0.99932879
1413 1.00904739
1414 0.99761477
1415 1.00666128
1416 1.00995530
1417 1.00352536
1418 1.00617743
1419 1.00336939
1420 0.99638087
1421 0.99795981
1422 1.01375409
1423 1.00504703
1424 1.01031699
1425 1.00474207
1426 0.99961249
1427 1.01070310
1428 1.00361524
1429 1.01400330
1430 1.01767078
1431 1.00930356
1432 1.02056000
1433 1.01180076
1434 1.01748017
1435 1.01736882
1436 1.01553981
1437 1.01699990
1438 1.01945441
1439 1.01348607
1440 1.01241539
1441 1.01411583
1442 1.01842809
1443 1.02574188
1444 1.01475300
1445 1.01511465
1446 1.01699911
1447 1.02268525
1448 1.00700094
1449 1.01400330
1450 1.00475660
1451 1.00639935
1452 1.00252837
1453 1.01307102
1454 1.00714863
1455 1.00810634
1456 1.00148578
1457 1.00239382
1458 1.01528676
1459 1.01152060
1460 1.00298356
1461 1.00444289
1462 0.99881300
1463 1.00772053
1464 1.00932682
1465 1.00871387
1466 0.99912538
1467 1.01761380
1468 1.01207988
1469 1.00799039
1470 1.00475660
1471 1.01015559
1472 1.00799876
1473 1.00604908
1474 1.00818684
1475 1.00878633
1476 1.00052001
1477 1.00744304
1478 1.00443743
1479 1.00239959
1480 1.00787088
1481 1.00723453
1482 1.01622948
1483 1.01001670
1484 1.01237728
1485 1.00505620
1486 0.99985678
1487 1.00554762
1488 1.00942930
1489 1.00385609
1490 1.00338179
1491 1.01015559
1492 1.01882027
1493 1.01396235
1494 1.01704711
1495 1.01209137
1496 1.01678138
1497 1.01073666
1498 1.00486891
1499 1.01078049
1500 1.01184639
1501 1.01204535
1502 1.01254971
1503 1.01225926
1504 1.01554601
1505 1.01270480
1506 1.00474015
1507 1.01031487
1508 1.01115907
1509 1.01900206
1510 1.01357985
1511 1.00972165
1512 1.01882027
1513 1.02026590
1514 1.01168001
1515 1.01889395
1516 1.02386769
1517 1.02536057
1518 1.01747929
1519 1.01412207
1520 1.01905351
1521 1.01824404
1522 1.01251427
1523 1.01309479
1524 1.02132084
1525 1.01395959
1526 1.02262352
1527 1.02973612
1528 1.02883871
1529 1.02048747
1530 1.02745181
1531 1.01805878
1532 1.01674555
1533 1.02026590
1534 1.01124219
1535 0.99853313
1536 1.00845103
1537 1.00141674
1538 1.00228397
1539 0.99351755
1540 1.00220160
1541 0.99657007
1542 1.00423315
1543 1.01042667
1544 1.00477853
1545 1.01186990
1546 0.99750786
1547 0.99270986
1548 1.00198087
1549 1.00415080
1550 0.99546769
1551 1.00632236
1552 0.99792142
1553 0.99965679
1554 1.01124219
1555 1.00542598
1556 1.00059470
1557 1.00211798
1558 1.00306675
1559 0.99731453
1560 0.99758188
1561 1.00395461
1562 1.00348445
1563 0.99439769
1564 1.00115387
1565 1.00976531
1566 0.99965436
1567 0.99846903
1568 1.00281583
1569 0.99844107
1570 0.99994176
1571 1.00487476
1572 1.00571904
1573 0.99562029
1574 1.00561652
1575 1.00542598
1576 1.01573436
1577 1.02126120
1578 1.01448506
1579 1.00853067
1580 1.02052208
1581 1.01461736
1582 1.01184039
1583 1.00895631
1584 1.02595855
1585 1.01881741
1586 1.01484537
1587 1.01921833
1588 1.01262191
1589 1.02329875
1590 1.01833424
1591 1.01067369
1592 1.01252866
1593 1.01111452
1594 1.01095757
1595 1.01616077
1596 1.01573436
1597 0.99930571
1598 1.00480421
1599 1.00153368
1600 0.99563017
1601 0.99779851
1602 1.00405168
1603 0.99638257
1604 0.99980774
1605 1.00260888
1606 0.99935440
1607 1.00529143
1608 1.00360507
1609 0.99590790
1610 0.99470868
1611 0.98846495
1612 1.00164420
1613 0.99735180
1614 1.00144630
1615 1.00405142
1616 0.99752439
1617 0.99930571
1618 1.02396616
1619 1.01167608
1620 1.01084651
1621 1.02263417
1622 1.01038810
1623 1.01755369
1624 1.00486569
1625 1.01187838
1626 1.00703908
1627 1.01399272
1628 1.01127930
1629 1.01898676
1630 1.01192673
1631 1.00643244
1632 1.01031182
1633 1.00105124
1634 1.01064083
1635 1.01058143
1636 1.01477135
1637 1.01635231
1638 1.02396616
1639 1.01337012
1640 0.99994329
1641 1.00818936
1642 1.00363907
1643 1.00421895
1644 1.00263348
1645 0.99150890
1646 1.00109278
1647 1.00895285
1648 0.99845746
1649 1.00505760
1650 1.00570451
1651 0.99735473
1652 1.00390321
1653 0.99861827
1654 1.00651880
1655 0.99373389
1656 0.99715402
1657 1.00967510
1658 0.99544535
1659 1.01337012
1660 1.01567377
1661 1.01296732
1662 1.01284425
1663 1.00646601
1664 1.01560503
1665 1.00736904
1666 1.01672853
1667 1.02063404
1668 1.01839905
1669 1.00570891
1670 1.01822777
1671 1.01267996
1672 1.00906504
1673 1.01234714
1674 1.01930877
1675 1.01163974
1676 1.01838162
1677 1.01516392
1678 1.01012238
1679 1.00954081
1680 1.01567377
1681 0.99165896
1682 1.00426623
1683 1.00217952
1684 0.98815539
1685 0.99758113
1686 0.99637649
1687 0.99910884
1688 0.99125117
1689 0.99817923
1690 1.00256503
1691 0.99626859
1692 1.00489699
1693 1.00337141
1694 1.00430427
1695 0.99213483
1696 0.99609957
1697 0.99620503
1698 0.99493943
1699 1.00067772
1700 1.00497648
1701 0.99165896
1702 1.01282106
1703 1.01084163
1704 1.01667939
1705 1.01862986
1706 1.01204169
1707 1.00899399
1708 1.00787835
1709 1.01817293
1710 1.01620216
1711 1.01181645
1712 1.01218834
1713 1.01035767
1714 1.01149876
1715 1.00757606
1716 1.00784982
1717 1.01960179
1718 1.01819693
1719 1.01248722
1720 1.01596062
1721 1.01944992
1722 1.01282106
1723 1.00150536
1724 0.99931033
1725 0.99844093
1726 1.00002119
1727 1.00565920
1728 0.99955757
1729 0.99918938
1730 1.00332145
1731 1.00441463
1732 0.99442913
1733 0.99700923
1734 0.99505482
1735 1.00029625
1736 1.00767858
1737 0.99719648
1738 1.01032683
1739 1.00339061
1740 0.99665362
1741 1.00733634
1742 0.99600185
1743 1.00150536
1744 1.00916352
1745 0.98905046
1746 1.00035181
1747 0.99252305
1748 1.00149540
1749 1.00017445
1750 1.00792753
1751 1.00010072
1752 0.99661021
1753 1.00235466
1754 1.00378482
1755 1.00671432
1756 1.00556695
1757 1.00534287
1758 1.01357292
1759 1.00062097
1760 1.00620221
1761 1.00395227
1762 1.00732129
1763 0.99666491
1764 1.00916352
1765 1.00362692
1766 1.00639991
1767 1.00030730
1768 1.00378920
1769 1.00098046
1770 1.00373160
1771 1.00686289
1772 0.99692225
1773 0.99573918
1774 1.00861790
1775 0.99888770
1776 1.00566432
1777 1.00251944
1778 1.00412978
1779 1.00219441
1780 1.00782904
1781 1.00385561
1782 1.00339388
1783 1.00253386
1784 0.99784418
1785 1.00362692
1786 1.01141482
1787 1.01346823
1788 1.01745622
1789 1.00858604
1790 1.01902300
1791 1.00670627
1792 1.01988352
1793 1.01101797
1794 1.01259698
1795 1.00961679
1796 1.00462449
1797 1.01014678
1798 1.01075574
1799 1.01477930
1800 1.02072077
1801 1.00480631
1802 1.00964591
1803 1.00998153
1804 1.01498360
1805 1.01614144
1806 1.01141482
1807 0.99913710
1808 1.00874164
1809 0.99677683
1810 1.00921159
1811 1.00992975
1812 1.00664816
1813 1.00749128
1814 0.99743580
1815 1.00366553
1816 1.01055306
1817 1.00500864
1818 1.00474906
1819 1.01358703
1820 1.01364170
1821 1.00927738
1822 1.00865383
1823 1.00721976
1824 1.01557858
1825 1.01590275
1826 1.01721608
1827 0.99913710
1828 1.00267613
1829 0.99776869
1830 1.00062889
1831 1.00112531
1832 1.00979995
1833 1.00987926
1834 1.00907831
1835 1.01642291
1836 0.99772459
1837 1.00380911
1838 1.00185169
1839 1.01030296
1840 1.00165224
1841 1.00076949
1842 1.01049340
1843 0.99702741
1844 1.00672124
1845 1.00360528
1846 1.00293632
1847 1.01092997
1848 1.00267613
1849 1.01430812
1850 1.01411849
1851 1.01851385
1852 1.02413966
1853 1.00904287
1854 1.00278977
1855 1.01919978
1856 1.01986328
1857 1.00868402
1858 1.01596106
1859 1.01039940
1860 1.01443758
1861 1.01522108
1862 1.01968302
1863 1.01344039
1864 1.01654677
1865 1.01485405
1866 1.00906264
1867 1.01699469
1868 1.01889525
1869 1.01430812
1870 1.00255578
1871 1.00331780
1872 0.99603381
1873 1.00378145
1874 1.00858697
1875 1.01419645
1876 1.00783622
1877 1.00528187
1878 1.00285762
1879 0.99852872
1880 1.00812485
1881 0.99944405
1882 1.00542253
1883 1.00334981
1884 1.00267548
1885 0.99943194
1886 1.00525383
1887 0.99825457
1888 1.00572498
1889 1.00807096
1890 1.00255578
1891 1.01898743
1892 1.01464643
1893 1.02378357
1894 1.00920525
1895 1.01142865
1896 1.01354482
1897 1.01349169
1898 1.00621744
1899 1.02033534
1900 1.01463863
1901 1.01905365
1902 1.01752363
1903 1.00478975
1904 1.01511108
1905 1.02396541
1906 1.01556313
1907 1.01411362
1908 1.00684043
1909 1.00472331
1910 1.00979270
1911 1.01898743
1912 1.00746695
1913 1.00048424
1914 1.00641520
1915 1.00445944
1916 1.01027785
1917 1.01674517
1918 1.00316058
1919 1.00525768
1920 1.00264475
1921 1.00877189
1922 1.00492100
1923 1.01235687
1924 1.01167736
1925 1.00535964
1926 1.00236133
1927 1.01807434
1928 0.99731920
1929 0.99967441
1930 1.00646555
1931 1.01044038
1932 1.00746695
1933 1.01257458
1934 1.00637547
1935 1.00781727
1936 1.00554837
1937 1.00355089
1938 1.00832781
1939 1.00423323
1940 1.01084815
1941 0.99908537
1942 1.00784671
1943 1.00512458
1944 1.00762110
1945 1.00537511
1946 1.00732690
1947 0.99954585
1948 1.01006830
1949 1.00710625
1950 1.01500754
1951 1.01186034
1952 1.00928694
1953 1.01257458
1954 1.01059303
1955 1.01002056
1956 1.01865632
1957 1.00947285
1958 1.01102763
1959 1.01141335
1960 1.01410907
1961 1.00706200
1962 1.00952339
1963 1.00631566
1964 1.00588604
1965 1.01312206
1966 1.00775881
1967 1.01581946
1968 1.01659254
1969 1.01372876
1970 1.01330973
1971 1.02057768
1972 1.00399110
1973 1.01242454
1974 1.01059303
1975 0.98636851
1976 0.98954648
1977 0.99825623
1978 0.99716213
1979 0.99938743
1980 1.00123593
1981 0.99752784
1982 0.99380319
1983 0.99709077
1984 0.98933285
1985 0.99818903
1986 1.00132908
1987 1.00438556
1988 0.99297537
1989 0.99118232
1990 0.99247890
1991 0.99760507
1992 0.99350112
1993 1.00183804
1994 0.99364367
1995 0.98636851
1996 1.01632925
1997 1.01269590
1998 1.01685285
1999 1.01153045
2000 1.01242779
2001 1.02517719
2002 1.02156222
2003 1.01662992
2004 1.02534775
2005 1.02300448
2006 1.01483687
2007 1.02040188
2008 1.01987763
2009 1.01732875
2010 1.02118490
2011 1.01573741
2012 1.01081256
2013 1.01564246
2014 1.01978480
2015 1.02433497
2016 1.01632925
2017 1.01957202
2018 1.01343443
2019 1.01929261
2020 1.01536036
2021 1.01630416
2022 1.01835279
2023 1.01139740
2024 1.01728521
2025 1.01276207
2026 1.01439595
2027 1.02062162
2028 1.01157391
2029 1.02692870
2030 1.02103203
2031 1.01471055
2032 1.00906354
2033 1.02404712
2034 1.01334817
2035 1.01741718
2036 1.01722718
2037 1.01957202
2038 1.01241994
2039 0.99905590
2040 1.00928418
2041 1.00412710
2042 1.00468735
2043 1.00966877
2044 1.01147686
2045 1.00146110
2046 1.01115362
2047 1.00833866
2048 0.99937129
2049 1.00055264
2050 1.00549302
2051 1.01040031
2052 1.00392880
2053 1.00512663
2054 1.00138293
2055 1.00520952
2056 1.00161752
2057 1.00663851
2058 1.01241994
2059 1.00581441
2060 0.99733784
2061 0.98842499
2062 0.99032533
2063 0.98528973
2064 0.98654270
2065 0.99930938
2066 1.00194499
2067 0.98707768
2068 0.99361286
2069 0.99487939
2070 1.00002513
2071 0.98929934
2072 0.99127281
2073 1.00369536
2074 0.98480877
2075 0.99883976
2076 0.99676452
2077 0.98667617
2078 0.98874411
2079 1.00581441
2080 1.01726894
2081 1.01145145
2082 1.00972574
2083 1.01314324
2084 1.01323207
2085 1.01200417
2086 1.01667093
2087 1.00406940
2088 1.01172336
2089 1.01258637
2090 1.01260811
2091 1.00881503
2092 1.00360963
2093 1.00862841
2094 1.01059877
2095 1.01042019
2096 1.00673037
2097 1.01129854
2098 1.01375695
2099 1.01107687
2100 1.01726894
2101 1.00159756
2102 1.00435695
2103 1.00536916
2104 0.99026206
2105 1.00788825
2106 1.00544373
2107 1.00118671
2108 1.00643352
2109 1.01115175
2110 0.99263983
2111 1.00598471
2112 0.99482569
2113 1.00370664
2114 1.00688376
2115 1.00101345
2116 0.99915374
2117 0.99732972
2118 0.99844854
2119 0.99959751
2120 1.00048372
2121 1.00159756
2122 1.01330328
2123 1.01536851
2124 1.01168976
2125 1.01706950
2126 1.01069588
2127 1.01099380
2128 1.01635500
2129 1.01837216
2130 1.00873409
2131 1.00719019
2132 1.02133419
2133 1.01344490
2134 1.01244257
2135 1.00980906
2136 1.01500966
2137 1.01991255
2138 1.00251801
2139 1.01268471
2140 1.02114269
2141 1.00761546
2142 1.01330328
2143 1.01261157
2144 1.00516310
2145 1.00337185
2146 1.00006621
2147 1.00572553
2148 1.00708851
2149 0.99869987
2150 1.01039528
2151 1.00557936
2152 1.00908651
2153 1.00682141
2154 1.00774369
2155 1.00201646
2156 1.01104070
2157 0.99916218
2158 1.00456019
2159 1.00752242
2160 1.00194740
2161 1.01291238
2162 0.99362211
2163 1.01261157
2164 1.01776919
2165 1.02023791
2166 1.01593681
2167 1.01152506
2168 1.01547854
2169 1.01189160
2170 1.01851819
2171 1.01497238
2172 1.01104126
2173 1.02607890
2174 1.01600369
2175 1.02352091
2176 1.01792402
2177 1.01377167
2178 1.01756146
2179 1.01711484
2180 1.01276510
2181 1.01540698
2182 1.01101022
2183 1.01134209
2184 1.01776919
2185 1.01512687
2186 1.01827776
2187 1.01543040
2188 1.01385666
2189 1.01709915
2190 1.02587640
2191 1.01998473
2192 1.01806120
2193 1.01733638
2194 1.01296209
2195 1.01331581
2196 1.02022919
2197 1.02304277
2198 1.00483981
2199 1.01192566
2200 1.01943087
2201 1.01843037
2202 1.00390943
2203 1.01072004
2204 1.01589778
2205 1.01512687
2206 1.01444426
2207 1.01621707
2208 1.01303669
2209 1.01324911
2210 1.01069971
2211 1.01689222
2212 1.01848986
2213 1.00835937
2214 1.01851206
2215 1.00631972
2216 1.01319706
2217 1.00641331
2218 1.01260483
2219 1.01106226
2220 1.01130279
2221 1.01329056
2222 1.01314072
2223 1.00568466
2224 1.00613573
2225 1.01730261
2226 1.01444426
2227 1.00168628
2228 1.01001986
2229 0.99961439
2230 0.99040628
2231 0.99305898
2232 0.99789003
2233 1.00224849
2234 0.99901193
2235 0.99707055
2236 1.00062027
2237 1.00103930
2238 0.99611301
2239 0.99600611
2240 0.99692156
2241 0.99816207
2242 1.00655498
2243 1.00081942
2244 1.00283388
2245 0.99697323
2246 1.00361673
2247 1.00168628
2248 1.00256641
2249 1.00242228
2250 1.00869689
2251 1.00270361
2252 1.00452077
2253 1.00272475
2254 1.00633812
2255 0.99952516
2256 1.00477392
2257 1.00150960
2258 0.99729713
2259 0.99724436
2260 1.01469168
2261 0.99814102
2262 1.00529243
2263 1.01130745
2264 1.00182717
2265 1.00593275
2266 0.99654010
2267 1.01004745
2268 1.00256641
2269 1.01842437
2270 1.02335922
2271 1.01002993
2272 1.00976015
2273 1.01671178
2274 1.00808975
2275 1.01703987
2276 1.02262945
2277 1.00697310
2278 1.02306611
2279 1.01199468
2280 1.00897845
2281 1.00917180
2282 1.02655854
2283 1.02091594
2284 1.01049459
2285 1.01663656
2286 1.01244943
2287 1.01619178
2288 1.01825473
2289 1.01842437
2290 1.01256802
2291 1.01252054
2292 1.01605121
2293 0.99585840
2294 1.00670299
2295 1.00708141
2296 1.00739036
2297 1.01483757
2298 1.01020394
2299 1.00804304
2300 1.01654833
2301 1.01226355
2302 1.00376712
2303 1.01292768
2304 1.01017431
2305 1.01564246
2306 1.00874109
2307 1.00598298
2308 1.01281699
2309 1.00410805
2310 1.01256802
2311 1.00964273
2312 1.01238284
2313 1.00527628
2314 1.01646078
2315 1.00698492
2316 1.00609897
2317 1.00974612
2318 1.00796745
2319 1.01061017
2320 1.00414689
2321 1.00352553
2322 1.01011053
2323 1.00406532
2324 1.00405733
2325 1.01089688
2326 0.99962779
2327 1.01147164
2328 1.00657138
2329 1.00874713
2330 1.01249636
2331 1.00964273
2332 0.99438556
2333 1.00324891
2334 1.00755218
2335 1.01042178
2336 1.00453581
2337 1.00833409
2338 1.00468257
2339 1.01197689
2340 1.00755221
2341 1.01090104
2342 1.01504189
2343 1.00594069
2344 1.00562128
2345 1.00784124
2346 1.00556801
2347 1.00822332
2348 1.01346256
2349 1.00837017
2350 1.00941855
2351 1.00827077
2352 0.99438556
2353 1.00004777
2354 1.00954803
2355 1.00280704
2356 1.00983631
2357 1.01147075
2358 1.00346948
2359 0.99897009
2360 1.00071770
2361 1.00816948
2362 1.00639329
2363 1.00923088
2364 1.01343567
2365 1.00787400
2366 1.01067345
2367 1.00437849
2368 1.01310976
2369 1.00859019
2370 1.00108436
2371 1.01108903
2372 1.00281066
2373 1.00004777
2374 1.01260750
2375 1.00374860
2376 1.00546269
2377 1.00696317
2378 1.00060707
2379 1.00298020
2380 0.99945945
2381 1.00733902
2382 0.99968348
2383 1.00755583
2384 1.00585340
2385 0.99023442
2386 0.99451450
2387 1.00464829
2388 0.99585924
2389 1.00636479
2390 1.00433868
2391 1.00410775
2392 1.00306170
2393 0.99833094
2394 1.01260750
2395 1.00762217
2396 1.01045576
2397 1.01624407
2398 1.01185572
2399 1.01263533
2400 1.01263497
2401 1.01270667
2402 1.01001817
2403 1.01080440
2404 1.01639411
2405 1.01882533
2406 1.01207952
2407 1.01439728
2408 1.01855138
2409 1.01746062
2410 1.00712692
2411 1.01338475
2412 1.01473474
2413 1.01421158
2414 1.01473456
2415 1.00762217
2416 1.00696422
2417 1.01404601
2418 1.00392618
2419 1.00636040
2420 1.00532753
2421 0.99781492
2422 1.00834119
2423 1.00891975
2424 1.00648233
2425 1.00827951
2426 1.00477037
2427 1.00078057
2428 1.00546739
2429 1.01207841
2430 1.00408474
2431 1.00781028
2432 1.00793637
2433 1.00436346
2434 1.00653774
2435 1.00810341
2436 1.00696422
2437 1.01250009
2438 1.00810116
2439 1.00375169
2440 1.01043869
2441 1.00330160
2442 1.01268960
2443 1.01479564
2444 1.01143695
2445 1.00512892
2446 1.00661136
2447 1.00789610
2448 1.00617179
2449 1.00015432
2450 1.01713495
2451 1.00273640
2452 1.00974516
2453 1.00501660
2454 1.00696333
2455 1.00506393
2456 1.01414147
2457 1.01250009
2458 1.01250819
2459 1.00726010
2460 1.00246622
2461 1.00563980
2462 1.01436930
2463 1.01255427
2464 1.00816944
2465 1.00662626
2466 1.00488333
2467 1.00465577
2468 1.00658865
2469 1.00338100
2470 1.01184023
2471 1.00639110
2472 1.01636770
2473 1.00524033
2474 1.01229279
2475 1.00370994
2476 1.01384505
2477 1.00675592
2478 1.01250819
2479 1.00804507
2480 1.00742909
2481 1.02053147
2482 1.00365079
2483 1.00767697
2484 1.00695815
2485 1.00027343
2486 1.01142811
2487 1.01212492
2488 1.01146580
2489 1.00819855
2490 1.00916746
2491 1.00783237
2492 1.01356573
2493 1.00975058
2494 1.00153501
2495 1.00007762
2496 1.01488382
2497 1.01399362
2498 1.01364637
2499 1.00804507
2500 1.00051219
2501 0.99899027
2502 1.00086208
2503 1.00285571
2504 1.00888588
2505 0.99723078
2506 1.00824460
2507 0.99704941
2508 1.00626714
2509 1.00208280
2510 1.00056248
2511 1.00473298
2512 0.99833232
2513 0.99608216
2514 1.00358243
2515 0.99375499
2516 0.99758539
2517 0.99902870
2518 0.99736015
2519 0.99430873
2520 1.00051219
2521 1.00662217
2522 1.01594144
2523 1.00891361
2524 1.00755311
2525 1.01188087
2526 1.01799312
2527 1.01713714
2528 1.01097650
2529 1.02564545
2530 1.00861882
2531 1.01635111
2532 1.02024875
2533 1.01713377
2534 1.01046957
2535 1.01374052
2536 1.01408542
2537 1.01072661
2538 1.02007686
2539 1.02344691
2540 1.01753439
2541 1.00662217
2542 1.00690961
2543 0.99680015
2544 1.00185707
2545 0.99101374
2546 0.99781457
2547 0.99688786
2548 0.99544416
2549 1.00714196
2550 1.00257915
2551 0.99620056
2552 1.00663503
2553 0.99707498
2554 1.00235788
2555 1.00634445
2556 0.99933735
2557 1.00275122
2558 0.99382920
2559 0.99820110
2560 1.00092130
2561 0.99966946
2562 1.00690961
2563 1.00735954
2564 1.01740475
2565 1.00985095
2566 1.00494586
2567 1.00677276
2568 1.01390394
2569 1.00679215
2570 1.00337509
2571 1.00963057
2572 1.00591499
2573 1.00513820
2574 1.00294932
2575 1.00628369
2576 1.00643769
2577 1.00919178
2578 1.00706419
2579 1.00044586
2580 1.00470834
2581 1.00813369
2582 0.99817506
2583 1.00735954
2584 1.01732471
2585 1.00856195
2586 1.01090147
2587 1.01449784
2588 1.01978529
2589 1.01771831
2590 1.01790209
2591 1.00612867
2592 1.01521921
2593 1.01549378
2594 1.01035736
2595 1.00876785
2596 1.00596314
2597 1.01905173
2598 1.02388121
2599 1.01874810
2600 1.01426465
2601 1.01068209
2602 1.00959645
2603 1.01768446
2604 1.01732471
2605 1.01687817
2606 1.01647880
2607 1.00548603
2608 1.00880509
2609 1.00802186
2610 1.01208143
2611 1.01829422
2612 1.01188712
2613 0.99913267
2614 1.00519955
2615 1.01440808
2616 1.01489055
2617 1.00948312
2618 1.01099132
2619 1.00243186
2620 1.00515813
2621 1.01176526
2622 1.01291255
2623 1.00865329
2624 1.00493697
2625 1.01687817
2626 0.99889889
2627 1.00816220
2628 1.00471547
2629 1.00015741
2630 1.00756876
2631 1.00402186
2632 1.00340768
2633 1.00146696
2634 0.99770239
2635 1.00653057
2636 1.00304755
2637 1.00067705
2638 0.99541345
2639 0.99288854
2640 1.00458555
2641 1.00196798
2642 1.00276733
2643 1.00607861
2644 1.00045909
2645 1.00372576
2646 0.99889889
2647 1.01465635
2648 1.00877998
2649 1.01101922
2650 1.00640057
2651 1.01571052
2652 1.01678981
2653 1.01518890
2654 1.01182809
2655 1.01018632
2656 1.01309352
2657 1.00950801
2658 1.02235633
2659 1.01704076
2660 1.00786108
2661 1.01684976
2662 1.02585776
2663 1.01409164
2664 1.00701612
2665 1.00960178
2666 1.02000234
2667 1.01465635
2668 1.00685790
2669 1.01016637
2670 1.00718136
2671 1.00851245
2672 1.00253749
2673 1.01437159
2674 1.00274161
2675 1.01355546
2676 1.00106631
2677 1.00818340
2678 0.99994833
2679 1.00313367
2680 1.01369559
2681 0.99993944
2682 1.00498211
2683 1.01099437
2684 1.01050538
2685 1.00682069
2686 1.00662160
2687 1.00612222
2688 1.00685790
2689 1.00460731
2690 1.01054309
2691 1.00768810
2692 1.01338881
2693 1.01081413
2694 1.00276474
2695 1.00854092
2696 1.00470416
2697 1.00329837
2698 1.00584104
2699 1.00462377
2700 1.00521494
2701 1.00160294
2702 1.00620741
2703 1.00424070
2704 1.00962405
2705 1.00944528
2706 1.00020271
2707 1.00413861
2708 1.00862473
2709 1.00460731
2710 1.01185739
2711 1.00443961
2712 1.01090020
2713 1.00784331
2714 1.00176527
2715 1.00117179
2716 0.99225258
2717 1.01168073
2718 1.00344894
2719 1.00917727
2720 0.99484723
2721 1.01101095
2722 0.99678349
2723 1.00818816
2724 1.00054799
2725 1.00725565
2726 1.00720975
2727 1.00927037
2728 1.00048864
2729 1.01123876
2730 1.01185739
2731 1.00364928
2732 0.99857838
2733 1.00783340
2734 1.00769022
2735 1.00221243
2736 1.01271517
2737 1.00272550
2738 1.00358852
2739 1.01400495
2740 1.01213900
2741 1.01136846
2742 1.00099497
2743 1.01247441
2744 1.00540864
2745 0.99537245
2746 1.00392003
2747 1.00657570
2748 1.00346837
2749 1.00052430
2750 1.00896163
2751 1.00364928
2752 1.00260509
2753 1.00187266
2754 1.00475235
2755 0.99583847
2756 1.00101801
2757 0.99872395
2758 0.99713605
2759 1.00025015
2760 0.99378982
2761 0.99750074
2762 0.99626850
2763 1.00407185
2764 1.00108096
2765 0.98663553
2766 0.99748690
2767 0.99814802
2768 1.00094363
2769 0.99541288
2770 1.00662332
2771 1.00114607
2772 1.00260509
2773 0.95373519
2774 0.96664596
2775 0.97232061
2776 0.97635497
2777 0.98090415
2778 1.00239772
2779 0.98576209
2780 0.98634525
2781 0.99884376
2782 0.99400889
2783 0.98617199
2784 0.99940458
2785 0.98240389
2786 0.99512565
2787 0.98657650
2788 0.99302610
2789 0.99074732
2790 0.97961344
2791 0.98027896
2792 0.95982368
2793 0.95373519
2794 1.00964805
2795 1.01258283
2796 1.01159134
2797 1.01258723
2798 1.02763224
2799 1.01642074
2800 1.02436088
2801 1.02260486
2802 1.02528634
2803 1.01920051
2804 1.01336157
2805 1.02550775
2806 1.01195267
2807 1.02211908
2808 1.02095808
2809 1.01440873
2810 1.01463704
2811 1.02075660
2812 1.00688757
2813 1.01451977
2814 1.00964805
2815 0.99698496
2816 1.00914949
2817 1.01579038
2818 0.99929981
2819 1.00153861
2820 1.00429483
2821 1.00464192
2822 1.00240026
2823 1.00083427
2824 0.99711975
2825 0.99794531
2826 1.00138039
2827 1.00234105
2828 1.01368047
2829 0.99990364
2830 1.00515712
2831 1.00486126
2832 1.00519303
2833 0.99248604
2834 1.00653953
2835 0.99698496
2836 1.01836592
2837 1.01006624
2838 1.00418403
2839 1.00935140
2840 1.00169266
2841 1.01482463
2842 1.01383370
2843 1.00536822
2844 1.01207400
2845 1.01356726
2846 1.00653872
2847 1.02037700
2848 1.01736265
2849 1.00944339
2850 1.01295964
2851 1.01636370
2852 1.00905465
2853 1.00970652
2854 1.01670342
2855 1.01825052
2856 1.01836592
2857 1.01214882
2858 1.00762135
2859 1.00929644
2860 1.00397592
2861 1.00521339
2862 1.00533880
2863 1.01162335
2864 1.00446051
2865 1.00421189
2866 1.00248797
2867 1.01067466
2868 0.99949816
2869 0.99566800
2870 0.99348051
2871 1.00890680
2872 1.00483973
2873 1.00575192
2874 1.00927647
2875 1.00238158
2876 1.00909057
2877 1.01214882
2878 1.00562088
2879 1.01220257
2880 1.01295535
2881 1.01869106
2882 1.00871470
2883 1.01383502
2884 1.00057720
2885 1.01375022
2886 1.00457758
2887 1.00425152
2888 1.00208392
2889 1.01297560
2890 1.00727130
2891 1.00514149
2892 1.01047482
2893 1.00776686
2894 1.00583889
2895 1.01150373
2896 1.00339354
2897 1.01398284
2898 1.00562088
2899 1.00515897
2900 0.99855285
2901 1.01038022
2902 1.00495106
2903 1.00868127
2904 1.01244162
2905 1.00464323
2906 1.00787878
2907 1.01008257
2908 1.00521573
2909 1.00768095
2910 1.00214398
2911 1.00081077
2912 1.00491111
2913 1.00931814
2914 1.00606809
2915 1.00058208
2916 1.00548823
2917 1.00696503
2918 1.00379874
2919 1.00515897
2920 1.00244943
2921 1.00730170
2922 1.01787127
2923 1.00249785
2924 1.00321919
2925 1.01029020
2926 1.00431744
2927 1.00900722
2928 1.00572774
2929 1.01227031
2930 1.01859219
2931 1.00316589
2932 1.00373689
2933 1.01127259
2934 1.01159795
2935 1.00929446
2936 1.00604455
2937 1.00224567
2938 1.00785431
2939 1.00453880
2940 1.00244943
2941 1.01406204
2942 1.01190864
2943 1.00693378
2944 1.01523905
2945 1.01497823
2946 1.01560832
2947 1.00705779
2948 1.01589232
2949 1.01334708
2950 1.01397293
2951 1.01529235
2952 1.00876522
2953 1.01187321
2954 1.01151264
2955 1.00822733
2956 1.00772982
2957 1.01827923
2958 1.01028404
2959 1.02277347
2960 1.01761020
2961 1.01406204
2962 1.01338458
2963 1.01745674
2964 1.00448531
2965 1.00954827
2966 1.01507822
2967 1.00806113
2968 1.01551335
2969 1.01272061
2970 1.01121674
2971 1.00822251
2972 1.01037852
2973 1.01051086
2974 1.00737869
2975 1.00896959
2976 1.01925850
2977 1.00943958
2978 1.01850587
2979 1.01527878
2980 1.00809177
2981 1.00971901
2982 1.01338458
2983 1.00910739
2984 0.99051419
2985 1.00017536
2986 1.01445861
2987 1.00263249
2988 1.01704603
2989 1.01016241
2990 1.01898320
2991 1.00416692
2992 1.00259718
2993 1.00643232
2994 1.00735953
2995 1.00298341
2996 1.01116623
2997 0.99425676
2998 1.00215498
2999 1.00469696
3000 1.00088101
3001 1.00280252
3002 1.00044337
3003 1.00910739
3004 1.02422940
3005 1.02539121
3006 1.01958242
3007 1.02211250
3008 1.02296251
3009 1.01778548
3010 1.02487061
3011 1.02446399
3012 1.01923204
3013 1.02672369
3014 1.02004069
3015 1.02225417
3016 1.02008658
3017 1.01978224
3018 1.02045216
3019 1.01819872
3020 1.01921458
3021 1.01928144
3022 1.01085963
3023 1.01510929
3024 1.02422940
