index DenDen_position
1 1.59679001
2 1.55330971
3 1.51681781
4 1.48640950
5 1.46019106
6 1.44706606
7 1.43437901
8 1.43090121
9 1.41697146
10 1.41721159
11 1.41702351
12 1.40401474
13 1.42313377
14 1.42145910
15 1.44031318
16 1.44319917
17 1.46470938
18 1.48376929
19 1.51694407
20 1.55496124
21 1.59679001
22 0.91152763
23 0.92210874
24 0.93106742
25 0.93955190
26 0.95147623
27 0.94732934
28 0.94880652
29 0.94664013
30 0.94411719
31 0.94774027
32 0.95697038
33 0.95107664
34 0.95288572
35 0.95270341
36 0.95300183
37 0.94739853
38 0.93563613
39 0.93063634
40 0.93718565
41 0.91220778
42 0.91152763
43 0.97236234
44 0.96561331
45 0.96917465
46 0.97489983
47 0.96857255
48 0.97362955
49 0.96469415
50 0.96571136
51 0.96862860
52 0.96739228
53 0.96937641
54 0.97274283
55 0.96287390
56 0.96494199
57 0.97728714
58 0.97088442
59 0.96425055
60 0.96102160
61 0.95910833
62 0.96672364
63 0.97236234
64 0.98035215
65 0.97258073
66 0.97175204
67 0.97504553
68 0.96875978
69 0.96542623
70 0.97833616
71 0.97018055
72 0.97909592
73 0.97364443
74 0.97104182
75 0.98226971
76 0.97237177
77 0.96556620
78 0.98122437
79 0.97696924
80 0.97783001
81 0.97728207
82 0.97109869
83 0.98008261
84 0.98035215
85 0.96814981
86 0.95637772
87 0.98106579
88 0.96294598
89 0.97024424
90 0.96813808
91 0.96831472
92 0.97693994
93 0.97007592
94 0.96184070
95 0.97265033
96 0.97965063
97 0.97421533
98 0.96291133
99 0.97149420
100 0.96572385
101 0.96263013
102 0.96440403
103 0.96399393
104 0.96808905
105 0.96814981
106 0.96457448
107 0.97937605
108 0.96687706
109 0.97335428
110 0.97197629
111 0.97315037
112 0.95582964
113 0.96835576
114 0.96462073
115 0.96790631
116 0.97042704
117 0.96618655
118 0.96465875
119 0.97073639
120 0.96565485
121 0.96797871
122 0.96478941
123 0.96615566
124 0.96317272
125 0.96486722
126 0.96457448
127 0.99758944
128 0.98485637
129 0.98863656
130 0.98432426
131 0.98678856
132 0.98735023
133 0.99254915
134 0.97943871
135 0.99526932
136 0.98798444
137 0.98056873
138 0.98175148
139 0.99161402
140 0.98884737
141 0.99364505
142 0.98346058
143 0.99623253
144 0.98263688
145 0.99447971
146 0.97934933
147 0.99758944
148 0.97281944
149 0.96828937
150 0.96422807
151 0.97258667
152 0.97057423
153 0.96668107
154 0.96706066
155 0.96647987
156 0.97125395
157 0.97498052
158 0.97668155
159 0.96142616
160 0.97226690
161 0.96400020
162 0.96221255
163 0.97375018
164 0.97121824
165 0.97389842
166 0.96711803
167 0.96891576
168 0.97281944
169 0.97155429
170 0.97104928
171 0.96078093
172 0.97157859
173 0.97102395
174 0.97028238
175 0.96772652
176 0.96374105
177 0.97214627
178 0.97034110
179 0.96426385
180 0.95990505
181 0.96441170
182 0.97131222
183 0.97098876
184 0.95831093
185 0.96818457
186 0.96281400
187 0.97061867
188 0.96246917
189 0.97155429
190 0.98555097
191 0.97551782
192 0.97831605
193 0.97251384
194 0.97760715
195 0.97457598
196 0.96574387
197 0.97008605
198 0.97729389
199 0.97466343
200 0.98028001
201 0.98317233
202 0.97999107
203 0.97316700
204 0.96094599
205 0.98071942
206 0.97669271
207 0.96565882
208 0.97008990
209 0.97154691
210 0.98555097
211 0.97569008
212 0.96747296
213 0.97005040
214 0.96515871
215 0.97591877
216 0.97269587
217 0.96783675
218 0.96931618
219 0.96412308
220 0.97374369
221 0.97526298
222 0.96849779
223 0.97207464
224 0.97264855
225 0.96816555
226 0.97036354
227 0.96886029
228 0.96828513
229 0.97212936
230 0.96762169
231 0.97569008
232 0.91477775
233 0.92617227
234 0.93598012
235 0.93905425
236 0.93974377
237 0.94425449
238 0.95193619
239 0.95474360
240 0.94977649
241 0.94986676
242 0.95521576
243 0.95039119
244 0.95601839
245 0.95106467
246 0.94673188
247 0.95152878
248 0.94787816
249 0.93025311
250 0.93305634
251 0.92351122
252 0.91477775
253 0.90908881
254 0.91523106
255 0.93435539
256 0.92958542
257 0.93938897
258 0.95650192
259 0.93039438
260 0.94680009
261 0.93934914
262 0.94571833
263 0.95052806
264 0.94182174
265 0.95024566
266 0.94598124
267 0.93909769
268 0.94074690
269 0.94522968
270 0.93230474
271 0.91700084
272 0.92562685
273 0.90908881
274 0.97744137
275 0.97688052
276 0.98036800
277 0.97597998
278 0.97530541
279 0.97728502
280 0.97624013
281 0.98352340
282 0.97351242
283 0.98350372
284 0.98188963
285 0.97331355
286 0.97723360
287 0.97629522
288 0.97368140
289 0.97430231
290 0.98276338
291 0.97153184
292 0.97213071
293 0.96954025
294 0.97744137
295 0.96901797
296 0.96582603
297 0.96329172
298 0.96822626
299 0.97053666
300 0.96151916
301 0.96969915
302 0.97320248
303 0.96653862
304 0.97458224
305 0.96806166
306 0.96742261
307 0.96271424
308 0.97915051
309 0.96164116
310 0.96247600
311 0.96507551
312 0.96126598
313 0.96433973
314 0.96998473
315 0.96901797
316 0.96157698
317 0.96221532
318 0.95523337
319 0.95906350
320 0.96327088
321 0.96022698
322 0.96064710
323 0.96430960
324 0.96820193
325 0.95653160
326 0.95687861
327 0.95614760
328 0.96287103
329 0.96063183
330 0.96648891
331 0.96022815
332 0.96482318
333 0.96943789
334 0.96970461
335 0.96299942
336 0.96157698
337 0.96475425
338 0.96811304
339 0.96441585
340 0.96247737
341 0.96643504
342 0.96472581
343 0.96228936
344 0.95882245
345 0.97188986
346 0.96427753
347 0.96179667
348 0.96833704
349 0.97063702
350 0.96801090
351 0.96844042
352 0.97133678
353 0.95964521
354 0.96297006
355 0.96628515
356 0.97229988
357 0.96475425
358 0.94955899
359 0.96170224
360 0.96878489
361 0.95485445
362 0.97356486
363 0.95758290
364 0.96021696
365 0.95917994
366 0.95836226
367 0.96669518
368 0.96890671
369 0.95481101
370 0.96606607
371 0.96476089
372 0.95924199
373 0.95873120
374 0.95994420
375 0.96375974
376 0.95547403
377 0.95896023
378 0.94955899
379 0.96677227
380 0.96969288
381 0.97066310
382 0.96451332
383 0.97105526
384 0.97426979
385 0.97320263
386 0.96912506
387 0.97777969
388 0.96704464
389 0.96647947
390 0.96890625
391 0.96895639
392 0.96992648
393 0.98356158
394 0.97799854
395 0.96961888
396 0.97879682
397 0.97619377
398 0.96447591
399 0.96677227
400 0.95631587
401 0.95295173
402 0.96314870
403 0.96023253
404 0.95750025
405 0.96184637
406 0.96605772
407 0.96074743
408 0.95392974
409 0.95858907
410 0.96132424
411 0.96567491
412 0.96696182
413 0.96585607
414 0.96249162
415 0.95855437
416 0.96197560
417 0.96217290
418 0.96505629
419 0.96148747
420 0.95631587
421 0.96241018
422 0.96068954
423 0.97458118
424 0.96930273
425 0.96748182
426 0.97118616
427 0.97777979
428 0.97233612
429 0.96798148
430 0.96335353
431 0.96614264
432 0.97113788
433 0.97409461
434 0.96796796
435 0.97507505
436 0.96874473
437 0.96902410
438 0.97179093
439 0.97893135
440 0.97106732
441 0.96241018
442 0.96612052
443 0.97468817
444 0.96534015
445 0.96369932
446 0.96691818
447 0.97348125
448 0.96873413
449 0.96773767
450 0.97167537
451 0.96369366
452 0.96417919
453 0.96311099
454 0.96924085
455 0.97385943
456 0.96379938
457 0.96894197
458 0.97025937
459 0.96343407
460 0.96179930
461 0.97250404
462 0.96612052
463 0.96416046
464 0.96201434
465 0.97023531
466 0.97126144
467 0.97502915
468 0.96214773
469 0.97084324
470 0.97037390
471 0.96782996
472 0.96070668
473 0.96893490
474 0.96797496
475 0.97273353
476 0.96228861
477 0.96235691
478 0.97623439
479 0.97631607
480 0.96721406
481 0.96021490
482 0.97157989
483 0.96416046
484 0.96868316
485 0.96832430
486 0.97262454
487 0.97710024
488 0.97364308
489 0.97783321
490 0.96104977
491 0.98212639
492 0.97493568
493 0.96727821
494 0.97276381
495 0.97682422
496 0.98021625
497 0.98241065
498 0.97646839
499 0.97182538
500 0.97928232
501 0.97127976
502 0.97453274
503 0.96744964
504 0.96868316
505 0.96902150
506 0.96984848
507 0.95949824
508 0.97012963
509 0.96721676
510 0.96086285
511 0.97055071
512 0.96492169
513 0.96401208
514 0.96795828
515 0.95746972
516 0.97262811
517 0.97624245
518 0.97128143
519 0.96004676
520 0.96828893
521 0.97414171
522 0.96593336
523 0.96702607
524 0.97548444
525 0.96902150
526 0.97466207
527 0.96857576
528 0.96499120
529 0.97934126
530 0.97573451
531 0.97567126
532 0.96639873
533 0.98409986
534 0.97484515
535 0.97543594
536 0.96500502
537 0.96975387
538 0.97920100
539 0.97302383
540 0.97639513
541 0.97084517
542 0.97376616
543 0.97334237
544 0.97074971
545 0.96941907
546 0.97466207
547 0.97214132
548 0.96629965
549 0.96212532
550 0.97498726
551 0.96404721
552 0.96735050
553 0.96873804
554 0.95900832
555 0.96710960
556 0.97512560
557 0.97558759
558 0.96271486
559 0.96822326
560 0.96871572
561 0.96538042
562 0.96441566
563 0.96653448
564 0.96925853
565 0.97526285
566 0.95472439
567 0.97214132
568 0.97815622
569 0.97832074
570 0.97613903
571 0.97275604
572 0.98067142
573 0.96972713
574 0.97921643
575 0.97436932
576 0.97907663
577 0.98197203
578 0.97298267
579 0.97535661
580 0.97674429
581 0.96869284
582 0.98410230
583 0.97441035
584 0.97408894
585 0.98570333
586 0.97961247
587 0.97416540
588 0.97815622
589 0.96465782
590 0.97152045
591 0.97170144
592 0.96581717
593 0.97025515
594 0.96145258
595 0.95999490
596 0.96703373
597 0.96361332
598 0.96407496
599 0.97019340
600 0.97696228
601 0.95626359
602 0.96783412
603 0.96319327
604 0.96315622
605 0.96236401
606 0.97083898
607 0.96150479
608 0.97305217
609 0.96465782
610 0.97226673
611 0.96969299
612 0.96516365
613 0.97046476
614 0.97952091
615 0.98112265
616 0.97004499
617 0.96977222
618 0.96801546
619 0.97158757
620 0.97642095
621 0.97096112
622 0.97141584
623 0.97025643
624 0.97509487
625 0.97108738
626 0.97335947
627 0.97313678
628 0.97400194
629 0.98122457
630 0.97226673
631 0.96665152
632 0.96847584
633 0.96635922
634 0.96235012
635 0.96820665
636 0.95310346
637 0.96060812
638 0.96624107
639 0.96033869
640 0.95682310
641 0.97167622
642 0.96985107
643 0.97123271
644 0.97014495
645 0.96017726
646 0.96527277
647 0.97117963
648 0.96934169
649 0.95689296
650 0.97140911
651 0.96665152
652 0.97521229
653 0.97035206
654 0.97759046
655 0.97868494
656 0.98330841
657 0.97642751
658 0.97350422
659 0.97501761
660 0.97512140
661 0.97669733
662 0.96929460
663 0.97014276
664 0.97973201
665 0.97621930
666 0.97136401
667 0.97610477
668 0.97827625
669 0.97552581
670 0.96939314
671 0.97382323
672 0.97521229
673 0.96291879
674 0.96815264
675 0.96377192
676 0.96729241
677 0.96385877
678 0.96016204
679 0.97332556
680 0.96477615
681 0.96993631
682 0.96048507
683 0.96686410
684 0.96708039
685 0.96766616
686 0.96508145
687 0.96626813
688 0.96871299
689 0.96415539
690 0.96399653
691 0.96901273
692 0.97081908
693 0.96291879
694 0.96797997
695 0.97339642
696 0.97395921
697 0.96674980
698 0.96836948
699 0.97268209
700 0.96728645
701 0.97055016
702 0.96387150
703 0.96635616
704 0.97023388
705 0.96464642
706 0.96686413
707 0.97707368
708 0.96713626
709 0.97164534
710 0.96862560
711 0.97033486
712 0.96992922
713 0.96449980
714 0.96797997
715 0.96371774
716 0.95943424
717 0.95908628
718 0.96920302
719 0.96484123
720 0.97307035
721 0.96978771
722 0.96614731
723 0.95292187
724 0.96779863
725 0.95620379
726 0.96646702
727 0.96398123
728 0.96182246
729 0.96606519
730 0.95889842
731 0.96299778
732 0.95609669
733 0.96782875
734 0.96309232
735 0.96371774
736 0.96980652
737 0.97124101
738 0.96893939
739 0.97497820
740 0.96687321
741 0.96764626
742 0.96966537
743 0.96949665
744 0.97676246
745 0.97146573
746 0.97991158
747 0.97152702
748 0.96614864
749 0.96929608
750 0.97533240
751 0.96897861
752 0.97559160
753 0.97281696
754 0.97400741
755 0.97638060
756 0.96980652
757 0.97729471
758 0.97621932
759 0.97761999
760 0.97385327
761 0.97957322
762 0.97926750
763 0.97435659
764 0.97281154
765 0.98006490
766 0.97579023
767 0.97517944
768 0.96675487
769 0.98064636
770 0.96426473
771 0.96960995
772 0.97745203
773 0.97498895
774 0.97717797
775 0.97352629
776 0.97113223
777 0.97729471
778 0.96433234
779 0.97046152
780 0.96728050
781 0.96552525
782 0.98547729
783 0.97531045
784 0.97756508
785 0.97062600
786 0.98059562
787 0.97061275
788 0.96650286
789 0.96631541
790 0.97493171
791 0.97862650
792 0.97259517
793 0.97333102
794 0.97761529
795 0.97904050
796 0.97553234
797 0.98169957
798 0.96433234
799 0.96993118
800 0.97019737
801 0.96589632
802 0.96419492
803 0.97313197
804 0.96165739
805 0.97149000
806 0.97242168
807 0.97289973
808 0.97034514
809 0.96708358
810 0.95645217
811 0.96434659
812 0.96913659
813 0.97393205
814 0.96841689
815 0.97254852
816 0.96955952
817 0.96907225
818 0.97019179
819 0.96993118
820 0.97248506
821 0.98130375
822 0.97271685
823 0.97275318
824 0.97783572
825 0.98222798
826 0.97918742
827 0.97443740
828 0.97392917
829 0.96782308
830 0.97223069
831 0.97233300
832 0.96813130
833 0.96682184
834 0.96670412
835 0.96420236
836 0.96996687
837 0.97557694
838 0.96842129
839 0.97516277
840 0.97248506
841 0.96474931
842 0.96509941
843 0.97359369
844 0.96535955
845 0.96079189
846 0.97439891
847 0.96581729
848 0.95730522
849 0.96418189
850 0.95997922
851 0.96437298
852 0.96448359
853 0.96261136
854 0.95393047
855 0.97491277
856 0.96524607
857 0.96830641
858 0.96584447
859 0.97077511
860 0.97063224
861 0.96474931
862 0.96578796
863 0.97067243
864 0.97180753
865 0.96367821
866 0.95891033
867 0.96941958
868 0.97682448
869 0.96639187
870 0.96679792
871 0.95261905
872 0.97183572
873 0.96737187
874 0.96250844
875 0.96815532
876 0.96730301
877 0.96423202
878 0.96502498
879 0.96211004
880 0.96789956
881 0.96906605
882 0.96578796
883 0.96741212
884 0.97212620
885 0.96588447
886 0.95988643
887 0.96193309
888 0.96441319
889 0.96343737
890 0.96884151
891 0.95970319
892 0.96943313
893 0.97180406
894 0.97140064
895 0.96544962
896 0.96649472
897 0.96709857
898 0.96066857
899 0.96427842
900 0.96302955
901 0.97488422
902 0.95955294
903 0.96741212
904 0.96592646
905 0.97550404
906 0.96371723
907 0.96750499
908 0.97043321
909 0.97226816
910 0.96123517
911 0.95726027
912 0.96720362
913 0.96773457
914 0.97672398
915 0.96534792
916 0.96273193
917 0.96841704
918 0.95633182
919 0.97140215
920 0.97005577
921 0.96864809
922 0.96274590
923 0.97745573
924 0.96592646
925 0.97292745
926 0.97102823
927 0.97038588
928 0.97381824
929 0.96907555
930 0.96592038
931 0.97611332
932 0.96339435
933 0.97322351
934 0.97490891
935 0.97104579
936 0.96836777
937 0.97346586
938 0.97796818
939 0.97831751
940 0.96817464
941 0.96621579
942 0.97243283
943 0.97575877
944 0.96946708
945 0.97292745
946 0.96825878
947 0.96042016
948 0.96318259
949 0.96332056
950 0.96234193
951 0.95206788
952 0.96292286
953 0.96454481
954 0.96517278
955 0.96771197
956 0.97185415
957 0.96127770
958 0.97002036
959 0.96534037
960 0.96339263
961 0.96306095
962 0.95434077
963 0.96482183
964 0.96954875
965 0.95565855
966 0.96825878
967 0.96518835
968 0.96976308
969 0.96787029
970 0.96757412
971 0.96958100
972 0.96342714
973 0.96048796
974 0.96900643
975 0.97066349
976 0.96303569
977 0.96652901
978 0.96757139
979 0.97761509
980 0.96907702
981 0.96362313
982 0.97176094
983 0.97160135
984 0.95903751
985 0.96425863
986 0.96287202
987 0.96518835
988 0.97230554
989 0.97523218
990 0.97562250
991 0.96143265
992 0.96896994
993 0.97280643
994 0.97149733
995 0.97953937
996 0.97587373
997 0.96937484
998 0.97295180
999 0.97388143
1000 0.96787792
1001 0.96477508
1002 0.96706231
1003 0.97050006
1004 0.98392391
1005 0.97208256
1006 0.97677213
1007 0.97203440
1008 0.97230554
1009 0.95484702
1010 0.95900385
1011 0.96178971
1012 0.95736504
1013 0.96570875
1014 0.96260081
1015 0.96183157
1016 0.96356810
1017 0.95930350
1018 0.96492631
1019 0.96723482
1020 0.95847379
1021 0.96412748
1022 0.95965660
1023 0.96214171
1024 0.96119760
1025 0.96077286
1026 0.96464051
1027 0.96335411
1028 0.95983629
1029 0.95484702
1030 0.96652192
1031 0.97265911
1032 0.96835247
1033 0.97904070
1034 0.95937821
1035 0.96893521
1036 0.96111940
1037 0.96508445
1038 0.96839917
1039 0.96005591
1040 0.97757933
1041 0.96489697
1042 0.97117969
1043 0.96565351
1044 0.96782917
1045 0.96487841
1046 0.97147421
1047 0.96570746
1048 0.96352144
1049 0.96611272
1050 0.96652192
1051 0.96275447
1052 0.96107270
1053 0.96475282
1054 0.97032364
1055 0.96468581
1056 0.96353721
1057 0.96043266
1058 0.96508074
1059 0.96691163
1060 0.96992014
1061 0.96234719
1062 0.97517125
1063 0.96485977
1064 0.96399456
1065 0.96686846
1066 0.95925242
1067 0.96515288
1068 0.96777171
1069 0.97215657
1070 0.98009634
1071 0.96275447
1072 0.96465971
1073 0.96801657
1074 0.96517511
1075 0.96769139
1076 0.96804083
1077 0.96850112
1078 0.96024786
1079 0.96109670
1080 0.96848646
1081 0.96370202
1082 0.97455440
1083 0.96321111
1084 0.96120095
1085 0.96825665
1086 0.96615642
1087 0.96975825
1088 0.96492695
1089 0.96801904
1090 0.95520247
1091 0.96386845
1092 0.96465971
1093 0.96702928
1094 0.97077195
1095 0.96129760
1096 0.97458251
1097 0.97330709
1098 0.96972543
1099 0.97255484
1100 0.96871083
1101 0.96892866
1102 0.97522228
1103 0.97729857
1104 0.97392891
1105 0.97712391
1106 0.96984922
1107 0.97438331
1108 0.96940147
1109 0.96673807
1110 0.97187255
1111 0.97214009
1112 0.97648797
1113 0.96702928
1114 0.96868578
1115 0.97098811
1116 0.97237936
1117 0.96848565
1118 0.97490508
1119 0.96699420
1120 0.96539101
1121 0.98064838
1122 0.97599232
1123 0.96254465
1124 0.96150018
1125 0.97720292
1126 0.97886909
1127 0.97193330
1128 0.97232944
1129 0.97098752
1130 0.96492217
1131 0.96914104
1132 0.96637130
1133 0.96743421
1134 0.96868578
1135 0.97515678
1136 0.97059682
1137 0.97287221
1138 0.97796496
1139 0.97309465
1140 0.96951540
1141 0.97640227
1142 0.97094564
1143 0.97729144
1144 0.97665973
1145 0.97027290
1146 0.97267823
1147 0.97506753
1148 0.97224959
1149 0.97445510
1150 0.96378309
1151 0.97215820
1152 0.97416335
1153 0.96918839
1154 0.96764460
1155 0.97515678
1156 0.97520704
1157 0.96705224
1158 0.97636498
1159 0.97110474
1160 0.96708743
1161 0.96565422
1162 0.96108748
1163 0.95982178
1164 0.96618231
1165 0.96193045
1166 0.95871872
1167 0.97475569
1168 0.95112653
1169 0.96562337
1170 0.96695945
1171 0.95859749
1172 0.96669039
1173 0.96333712
1174 0.96142370
1175 0.97139801
1176 0.97520704
1177 0.97039004
1178 0.97172310
1179 0.96533916
1180 0.97239613
1181 0.97469396
1182 0.96524761
1183 0.96881966
1184 0.97228095
1185 0.97740885
1186 0.97624584
1187 0.96410290
1188 0.96874742
1189 0.97308321
1190 0.96921068
1191 0.97296266
1192 0.96520442
1193 0.96471762
1194 0.97128423
1195 0.96407189
1196 0.97889363
1197 0.97039004
1198 0.97480578
1199 0.97474198
1200 0.97545902
1201 0.96453565
1202 0.96805848
1203 0.97499820
1204 0.96723255
1205 0.97458889
1206 0.98203886
1207 0.96888757
1208 0.97593268
1209 0.98023093
1210 0.97804104
1211 0.97661781
1212 0.97367203
1213 0.96418874
1214 0.96804365
1215 0.97419488
1216 0.97334777
1217 0.96615367
1218 0.97480578
1219 0.96848158
1220 0.97130789
1221 0.96774432
1222 0.96656358
1223 0.97990162
1224 0.96692501
1225 0.96461287
1226 0.95829152
1227 0.96218207
1228 0.96011877
1229 0.97771135
1230 0.97419283
1231 0.96858299
1232 0.96228067
1233 0.97443111
1234 0.96830964
1235 0.96648756
1236 0.97139288
1237 0.97455934
1238 0.97140583
1239 0.96848158
1240 0.96902323
1241 0.96681797
1242 0.98107321
1243 0.97207678
1244 0.97323183
1245 0.96814913
1246 0.97958301
1247 0.97088938
1248 0.97454416
1249 0.97368233
1250 0.97909119
1251 0.96169877
1252 0.96807046
1253 0.97817709
1254 0.96704678
1255 0.96796406
1256 0.96655263
1257 0.98014525
1258 0.97562380
1259 0.97039410
1260 0.96902323
1261 0.96334865
1262 0.97261964
1263 0.96549022
1264 0.96836002
1265 0.96885364
1266 0.96208865
1267 0.96808109
1268 0.96966429
1269 0.97285839
1270 0.98030760
1271 0.96379931
1272 0.97949190
1273 0.96646295
1274 0.96849493
1275 0.96947546
1276 0.97398274
1277 0.98112929
1278 0.96891318
1279 0.97748347
1280 0.96962937
1281 0.96334865
1282 0.95861234
1283 0.96488987
1284 0.95610487
1285 0.95927069
1286 0.96422965
1287 0.96009733
1288 0.96415780
1289 0.96271390
1290 0.96174983
1291 0.95257834
1292 0.95356115
1293 0.96022870
1294 0.95265077
1295 0.96030237
1296 0.95834523
1297 0.95759903
1298 0.95826915
1299 0.96486187
1300 0.96763602
1301 0.96447507
1302 0.95861234
1303 0.96888999
1304 0.96850861
1305 0.96910694
1306 0.96768986
1307 0.97742257
1308 0.97754105
1309 0.97411086
1310 0.98187751
1311 0.97610544
1312 0.97446306
1313 0.96773911
1314 0.97753452
1315 0.97306130
1316 0.97625639
1317 0.97118410
1318 0.98177355
1319 0.97664666
1320 0.96894528
1321 0.97671053
1322 0.96460240
1323 0.96888999
1324 0.96620185
1325 0.96211869
1326 0.97276292
1327 0.96205306
1328 0.96560712
1329 0.96411290
1330 0.98218884
1331 0.96684863
1332 0.97163185
1333 0.96380774
1334 0.96768491
1335 0.96640650
1336 0.96397891
1337 0.96896522
1338 0.96805719
1339 0.97181079
1340 0.96412902
1341 0.97229325
1342 0.96064812
1343 0.96817083
1344 0.96620185
1345 0.96533434
1346 0.96953951
1347 0.96473476
1348 0.96063820
1349 0.96421865
1350 0.95841830
1351 0.97364051
1352 0.97303420
1353 0.96467813
1354 0.95945060
1355 0.96762572
1356 0.96511038
1357 0.96407063
1358 0.96975530
1359 0.96967905
1360 0.97276220
1361 0.96946794
1362 0.97311870
1363 0.97594463
1364 0.97256191
1365 0.96533434
1366 0.95441045
1367 0.96410189
1368 0.95993154
1369 0.95873192
1370 0.96102198
1371 0.95209838
1372 0.95622368
1373 0.95702617
1374 0.96691070
1375 0.96117123
1376 0.95578317
1377 0.97498391
1378 0.94807151
1379 0.95846247
1380 0.95758635
1381 0.96254390
1382 0.95913068
1383 0.95599594
1384 0.95365870
1385 0.95747245
1386 0.95441045
1387 0.96684510
1388 0.96779441
1389 0.95837500
1390 0.95832915
1391 0.96382364
1392 0.96706203
1393 0.97120960
1394 0.97019892
1395 0.96630778
1396 0.96936285
1397 0.95552770
1398 0.97036235
1399 0.96535004
1400 0.96986172
1401 0.96703234
1402 0.96385249
1403 0.96296974
1404 0.96862026
1405 0.96816401
1406 0.96287463
1407 0.96684510
1408 0.96439819
1409 0.97339481
1410 0.96570326
1411 0.97146261
1412 0.96585719
1413 0.97805944
1414 0.96870351
1415 0.96931485
1416 0.97278980
1417 0.97503467
1418 0.96121563
1419 0.97432164
1420 0.96759849
1421 0.96798423
1422 0.96902308
1423 0.97101368
1424 0.96978464
1425 0.97106512
1426 0.95729726
1427 0.96894230
1428 0.96439819
1429 0.98034168
1430 0.96778742
1431 0.96081393
1432 0.97391113
1433 0.98096319
1434 0.97422156
1435 0.96597975
1436 0.96584304
1437 0.97709346
1438 0.97776516
1439 0.97781593
1440 0.97622402
1441 0.96982833
1442 0.98343650
1443 0.96841590
1444 0.97268706
1445 0.96288084
1446 0.96999196
1447 0.96554250
1448 0.96505946
1449 0.98034168
1450 0.96190316
1451 0.95903927
1452 0.97046589
1453 0.96577103
1454 0.96932217
1455 0.97861511
1456 0.97195275
1457 0.96799766
1458 0.97074122
1459 0.96387557
1460 0.96085629
1461 0.96682208
1462 0.96856888
1463 0.96704608
1464 0.96949444
1465 0.96531701
1466 0.96618616
1467 0.97358540
1468 0.96341219
1469 0.96637171
1470 0.96190316
1471 0.96962206
1472 0.96912052
1473 0.96905939
1474 0.97446249
1475 0.96590095
1476 0.97286734
1477 0.97106244
1478 0.97782001
1479 0.96626349
1480 0.97956549
1481 0.97393871
1482 0.97471826
1483 0.97062254
1484 0.96461510
1485 0.96799772
1486 0.97283640
1487 0.97517589
1488 0.96462523
1489 0.96944525
1490 0.97843106
1491 0.96962206
1492 0.95473838
1493 0.95746431
1494 0.96090429
1495 0.95850682
1496 0.96558576
1497 0.96553729
1498 0.94928348
1499 0.96184043
1500 0.96303782
1501 0.96393605
1502 0.96818798
1503 0.96637463
1504 0.96246812
1505 0.95176251
1506 0.96050746
1507 0.95899194
1508 0.96057490
1509 0.97094842
1510 0.95765402
1511 0.95758031
1512 0.95473838
1513 0.97099196
1514 0.97299540
1515 0.97065557
1516 0.97134905
1517 0.97154613
1518 0.96648885
1519 0.97301781
1520 0.96686244
1521 0.97547809
1522 0.97812895
1523 0.96828047
1524 0.96562155
1525 0.97669701
1526 0.96011867
1527 0.96715788
1528 0.97157718
1529 0.97411415
1530 0.97124256
1531 0.97266465
1532 0.96741762
1533 0.97099196
1534 0.97732629
1535 0.96829377
1536 0.97283117
1537 0.97658200
1538 0.97369753
1539 0.98176960
1540 0.97564774
1541 0.97314409
1542 0.97755172
1543 0.96597183
1544 0.97129353
1545 0.96303201
1546 0.97824405
1547 0.97241036
1548 0.97317713
1549 0.97013248
1550 0.97863150
1551 0.98057533
1552 0.97784613
1553 0.97839165
1554 0.97732629
1555 0.97231335
1556 0.96583438
1557 0.97590042
1558 0.97173202
1559 0.97854360
1560 0.96493407
1561 0.97020124
1562 0.96036873
1563 0.97604539
1564 0.96799172
1565 0.96776072
1566 0.96871801
1567 0.96539267
1568 0.96895887
1569 0.96138428
1570 0.96634920
1571 0.96974341
1572 0.95983045
1573 0.96970107
1574 0.96195966
1575 0.97231335
1576 0.95772106
1577 0.96310132
1578 0.95934892
1579 0.94938608
1580 0.95926303
1581 0.95870984
1582 0.95659599
1583 0.95644237
1584 0.96859967
1585 0.96047613
1586 0.96137825
1587 0.95929369
1588 0.96283892
1589 0.96466002
1590 0.96268481
1591 0.96095536
1592 0.96103881
1593 0.96490006
1594 0.96305487
1595 0.96558945
1596 0.95772106
1597 0.97188148
1598 0.97183294
1599 0.97161143
1600 0.96862073
1601 0.96648195
1602 0.97352167
1603 0.97658547
1604 0.96790834
1605 0.97172873
1606 0.97484475
1607 0.96946810
1608 0.97821427
1609 0.96809085
1610 0.97779009
1611 0.96904715
1612 0.96515874
1613 0.97386630
1614 0.98417278
1615 0.97381271
1616 0.96942992
1617 0.97188148
1618 0.97259015
1619 0.98142784
1620 0.97456787
1621 0.97679855
1622 0.98225924
1623 0.97905819
1624 0.98317446
1625 0.97933025
1626 0.97494789
1627 0.97590392
1628 0.97499980
1629 0.97776756
1630 0.97656218
1631 0.97534109
1632 0.98221456
1633 0.98041372
1634 0.97713102
1635 0.98166137
1636 0.98119184
1637 0.98801657
1638 0.97259015
1639 0.96940282
1640 0.96014687
1641 0.96395805
1642 0.97255025
1643 0.96759947
1644 0.95619689
1645 0.95818842
1646 0.96259366
1647 0.96867128
1648 0.97339079
1649 0.97103404
1650 0.97233417
1651 0.97250105
1652 0.96826849
1653 0.95961473
1654 0.96766662
1655 0.96773858
1656 0.95574446
1657 0.97032256
1658 0.96472856
1659 0.96940282
1660 0.97884413
1661 0.97947524
1662 0.97182549
1663 0.97627624
1664 0.97824816
1665 0.98573870
1666 0.97686790
1667 0.98058157
1668 0.97612161
1669 0.97896420
1670 0.98768869
1671 0.98211935
1672 0.98103208
1673 0.97601363
1674 0.99003510
1675 0.97510128
1676 0.97816968
1677 0.97980652
1678 0.98063988
1679 0.97214623
1680 0.97884413
1681 0.97278135
1682 0.97220356
1683 0.97620742
1684 0.96794340
1685 0.96845875
1686 0.96987019
1687 0.96513806
1688 0.97379793
1689 0.97053440
1690 0.97265526
1691 0.97222616
1692 0.97989844
1693 0.96160144
1694 0.96665376
1695 0.97009350
1696 0.96536212
1697 0.97054443
1698 0.97985231
1699 0.95990709
1700 0.96772469
1701 0.97278135
1702 0.96017874
1703 0.95546513
1704 0.95786113
1705 0.95993538
1706 0.95064235
1707 0.95818685
1708 0.96126662
1709 0.95845971
1710 0.96032118
1711 0.95878151
1712 0.96343343
1713 0.96185032
1714 0.96015087
1715 0.95404856
1716 0.96522984
1717 0.96582725
1718 0.96243729
1719 0.96407002
1720 0.96230600
1721 0.96064264
1722 0.96017874
1723 0.96423902
1724 0.96671337
1725 0.96665142
1726 0.96648143
1727 0.96367266
1728 0.96836927
1729 0.97333400
1730 0.97330087
1731 0.98050503
1732 0.96880948
1733 0.97602830
1734 0.97573206
1735 0.97240494
1736 0.97189195
1737 0.96375444
1738 0.97087806
1739 0.96667582
1740 0.97268511
1741 0.96696740
1742 0.96577125
1743 0.96423902
1744 0.97858739
1745 0.98075157
1746 0.97745577
1747 0.97161047
1748 0.97276545
1749 0.98008982
1750 0.96962929
1751 0.97936793
1752 0.97084363
1753 0.97366603
1754 0.97777137
1755 0.97560461
1756 0.97118329
1757 0.96704784
1758 0.97171963
1759 0.96813268
1760 0.97591349
1761 0.97201954
1762 0.97533364
1763 0.97280187
1764 0.97858739
1765 0.96836061
1766 0.97464529
1767 0.96530517
1768 0.96747923
1769 0.96940220
1770 0.97513102
1771 0.97919808
1772 0.96679839
1773 0.97703159
1774 0.97784378
1775 0.96618807
1776 0.97444409
1777 0.97562110
1778 0.96841986
1779 0.98290904
1780 0.96794214
1781 0.97392988
1782 0.97121303
1783 0.97038155
1784 0.97106688
1785 0.96836061
1786 0.95945825
1787 0.95613320
1788 0.96312122
1789 0.96676729
1790 0.96386019
1791 0.95709672
1792 0.96289921
1793 0.95751856
1794 0.95402051
1795 0.96158435
1796 0.95119516
1797 0.95966000
1798 0.95838846
1799 0.97051989
1800 0.95774528
1801 0.96016460
1802 0.95120708
1803 0.96815037
1804 0.96298694
1805 0.96388269
1806 0.95945825
1807 0.97290174
1808 0.97626924
1809 0.96884029
1810 0.96837297
1811 0.96712204
1812 0.96853193
1813 0.97228957
1814 0.97117818
1815 0.96765477
1816 0.97476669
1817 0.96718109
1818 0.96937656
1819 0.97212685
1820 0.97105271
1821 0.97791168
1822 0.95796999
1823 0.97394396
1824 0.97530113
1825 0.97973228
1826 0.97144709
1827 0.97290174
1828 0.96898768
1829 0.95815936
1830 0.97127463
1831 0.95977946
1832 0.96758269
1833 0.96785467
1834 0.97351376
1835 0.96145329
1836 0.96776032
1837 0.97064981
1838 0.96714377
1839 0.96964203
1840 0.96831933
1841 0.96792263
1842 0.96657314
1843 0.97135990
1844 0.96536158
1845 0.96397729
1846 0.96232372
1847 0.97010774
1848 0.96898768
1849 0.96887382
1850 0.96765908
1851 0.97468524
1852 0.96496554
1853 0.96866120
1854 0.97034718
1855 0.97814713
1856 0.97156131
1857 0.96606784
1858 0.97414286
1859 0.97735427
1860 0.97434090
1861 0.96726979
1862 0.97401128
1863 0.96896086
1864 0.97019635
1865 0.96780068
1866 0.97682648
1867 0.96853682
1868 0.97918781
1869 0.96887382
1870 0.96991819
1871 0.96905481
1872 0.97128838
1873 0.95848672
1874 0.97269950
1875 0.95787156
1876 0.96348202
1877 0.97002760
1878 0.96799547
1879 0.96318430
1880 0.96363101
1881 0.96793428
1882 0.96542335
1883 0.96141721
1884 0.97039787
1885 0.96313287
1886 0.96597414
1887 0.96147861
1888 0.97606871
1889 0.96918829
1890 0.96991819
1891 0.96010491
1892 0.96166434
1893 0.96446803
1894 0.97667532
1895 0.96582703
1896 0.96137730
1897 0.96166464
1898 0.96935755
1899 0.96335161
1900 0.96912151
1901 0.96398298
1902 0.96944121
1903 0.96258992
1904 0.94786743
1905 0.97317010
1906 0.96206232
1907 0.95460735
1908 0.96388708
1909 0.95846208
1910 0.96166223
1911 0.96010491
1912 0.97035172
1913 0.96691414
1914 0.95717001
1915 0.96335880
1916 0.95322482
1917 0.96103123
1918 0.97353091
1919 0.96136551
1920 0.96465094
1921 0.96627152
1922 0.95871015
1923 0.96654291
1924 0.96035850
1925 0.96599933
1926 0.95928957
1927 0.97170184
1928 0.96329320
1929 0.96352203
1930 0.96808674
1931 0.96356435
1932 0.97035172
1933 0.96425980
1934 0.96931735
1935 0.97410633
1936 0.96754675
1937 0.96503541
1938 0.96548713
1939 0.96697685
1940 0.97514482
1941 0.96419143
1942 0.97042429
1943 0.96597269
1944 0.97135343
1945 0.97152284
1946 0.96788165
1947 0.96461432
1948 0.96584041
1949 0.96498985
1950 0.97115514
1951 0.97135311
1952 0.96737771
1953 0.96425980
1954 0.96689581
1955 0.96942635
1956 0.96511578
1957 0.96727063
1958 0.97527400
1959 0.96262454
1960 0.95788514
1961 0.96554600
1962 0.97769940
1963 0.95643512
1964 0.96395921
1965 0.95527432
1966 0.96561568
1967 0.96941632
1968 0.97143010
1969 0.97128124
1970 0.97079886
1971 0.97117805
1972 0.97909574
1973 0.96210160
1974 0.96689581
1975 0.98087823
1976 0.97949202
1977 0.96877197
1978 0.98059587
1979 0.96815628
1980 0.97382595
1981 0.97419118
1982 0.97665223
1983 0.97438513
1984 0.97341006
1985 0.97431729
1986 0.98037290
1987 0.97186243
1988 0.97907927
1989 0.97666992
1990 0.98602223
1991 0.96628578
1992 0.97458709
1993 0.97842537
1994 0.97753346
1995 0.98087823
1996 0.95712161
1997 0.96575114
1998 0.96620381
1999 0.96694245
2000 0.95445697
2001 0.96566576
2002 0.96482957
2003 0.96040566
2004 0.96365320
2005 0.96625844
2006 0.95819794
2007 0.96138508
2008 0.95199434
2009 0.96022873
2010 0.96090171
2011 0.96667859
2012 0.96586631
2013 0.95886496
2014 0.95487409
2015 0.95548820
2016 0.95712161
2017 0.95537602
2018 0.95392018
2019 0.95251874
2020 0.96094969
2021 0.96762077
2022 0.95879476
2023 0.96369104
2024 0.96774582
2025 0.96561485
2026 0.95972902
2027 0.96493267
2028 0.97089132
2029 0.96455638
2030 0.96108183
2031 0.95590601
2032 0.96853242
2033 0.95644855
2034 0.96255639
2035 0.96205216
2036 0.96059468
2037 0.95537602
2038 0.97027154
2039 0.96848735
2040 0.96682394
2041 0.98026503
2042 0.96234516
2043 0.98000060
2044 0.96638203
2045 0.97663589
2046 0.97672224
2047 0.97000995
2048 0.97390982
2049 0.97447146
2050 0.97006374
2051 0.98170328
2052 0.97030475
2053 0.97254215
2054 0.97240218
2055 0.97186819
2056 0.97433820
2057 0.97065093
2058 0.97027154
2059 0.97385830
2060 0.97831975
2061 0.96306654
2062 0.97675882
2063 0.96390599
2064 0.95999847
2065 0.96899562
2066 0.96169726
2067 0.97370177
2068 0.97424750
2069 0.97083371
2070 0.96875228
2071 0.96812347
2072 0.97749669
2073 0.97417627
2074 0.97034573
2075 0.96314573
2076 0.96659533
2077 0.96865753
2078 0.97579870
2079 0.97385830
2080 0.97331480
2081 0.97411070
2082 0.97042453
2083 0.97554087
2084 0.97182816
2085 0.97663622
2086 0.97232960
2087 0.96651668
2088 0.96945696
2089 0.97755556
2090 0.96770676
2091 0.97480882
2092 0.96640163
2093 0.96935122
2094 0.97064861
2095 0.97430221
2096 0.96365265
2097 0.97183042
2098 0.96725889
2099 0.97153159
2100 0.97331480
2101 0.96796668
2102 0.97086734
2103 0.97564912
2104 0.96268378
2105 0.96912343
2106 0.96105847
2107 0.97073704
2108 0.97362939
2109 0.96962439
2110 0.96796495
2111 0.96972673
2112 0.96797094
2113 0.97261269
2114 0.96665503
2115 0.96423241
2116 0.96798603
2117 0.97315393
2118 0.96990527
2119 0.96429104
2120 0.96410993
2121 0.96796668
2122 0.96327958
2123 0.96260227
2124 0.96748762
2125 0.96894031
2126 0.96682905
2127 0.97006561
2128 0.97354514
2129 0.96559027
2130 0.96373394
2131 0.96926416
2132 0.97527381
2133 0.96810200
2134 0.95989096
2135 0.95513273
2136 0.96091751
2137 0.96626405
2138 0.96877766
2139 0.95924657
2140 0.95784685
2141 0.97135358
2142 0.96327958
2143 0.97243642
2144 0.97138462
2145 0.97148068
2146 0.96670181
2147 0.97431391
2148 0.97700652
2149 0.96649976
2150 0.97778897
2151 0.97310486
2152 0.96436413
2153 0.97484100
2154 0.96625426
2155 0.96958650
2156 0.96811271
2157 0.96887003
2158 0.97501725
2159 0.97477627
2160 0.97623761
2161 0.96800110
2162 0.96671863
2163 0.97243642
2164 0.96556511
2165 0.97154771
2166 0.97223328
2167 0.97118427
2168 0.97280837
2169 0.95747877
2170 0.97265582
2171 0.97207007
2172 0.97415808
2173 0.97045744
2174 0.96924571
2175 0.97102431
2176 0.97504723
2177 0.96700872
2178 0.96732448
2179 0.96154075
2180 0.96323906
2181 0.97748895
2182 0.96703040
2183 0.97283483
2184 0.96556511
2185 0.97305757
2186 0.97880443
2187 0.96485441
2188 0.97266800
2189 0.97156138
2190 0.96977360
2191 0.97434670
2192 0.96814251
2193 0.96590070
2194 0.97356346
2195 0.97093376
2196 0.97021518
2197 0.98048703
2198 0.97301722
2199 0.97133905
2200 0.97087901
2201 0.97434732
2202 0.97061499
2203 0.97038292
2204 0.97722177
2205 0.97305757
2206 0.96199159
2207 0.95981487
2208 0.97052605
2209 0.96503620
2210 0.96744813
2211 0.96950937
2212 0.96004568
2213 0.96879027
2214 0.96566172
2215 0.95808619
2216 0.96657530
2217 0.96603189
2218 0.96363734
2219 0.95937406
2220 0.96902058
2221 0.96130696
2222 0.97298685
2223 0.96282003
2224 0.96958227
2225 0.96733575
2226 0.96199159
2227 0.97493034
2228 0.97101218
2229 0.96861494
2230 0.97252148
2231 0.95403361
2232 0.96869852
2233 0.97253834
2234 0.96660685
2235 0.96278659
2236 0.98030670
2237 0.96865060
2238 0.96185811
2239 0.97179415
2240 0.97909746
2241 0.96965350
2242 0.96277549
2243 0.96577696
2244 0.97100488
2245 0.96975077
2246 0.97512950
2247 0.97493034
2248 0.97273001
2249 0.96544531
2250 0.97617326
2251 0.96748173
2252 0.96594876
2253 0.97183812
2254 0.96183199
2255 0.97415766
2256 0.96519239
2257 0.97113150
2258 0.96466277
2259 0.96767200
2260 0.96101692
2261 0.96164622
2262 0.97015164
2263 0.96687233
2264 0.96403860
2265 0.97055367
2266 0.96330426
2267 0.97325801
2268 0.97273001
2269 0.97663028
2270 0.97734511
2271 0.97427196
2272 0.98315629
2273 0.97791063
2274 0.98279622
2275 0.97745384
2276 0.98191669
2277 0.97446981
2278 0.97933925
2279 0.98152912
2280 0.97143248
2281 0.97591934
2282 0.98193153
2283 0.97504125
2284 0.97612114
2285 0.98288369
2286 0.97355628
2287 0.97329498
2288 0.97419857
2289 0.97663028
2290 0.97207603
2291 0.97634729
2292 0.97802626
2293 0.98173512
2294 0.97102750
2295 0.97711926
2296 0.97661682
2297 0.97096046
2298 0.98038655
2299 0.97940456
2300 0.97879897
2301 0.98251562
2302 0.96881079
2303 0.98548265
2304 0.97664138
2305 0.96808658
2306 0.97311301
2307 0.97694786
2308 0.97580842
2309 0.96216048
2310 0.97207603
2311 0.97159704
2312 0.97311379
2313 0.96343620
2314 0.96459773
2315 0.96190355
2316 0.96888788
2317 0.96537145
2318 0.96747208
2319 0.96121494
2320 0.96975114
2321 0.96132453
2322 0.96338922
2323 0.96383783
2324 0.97007165
2325 0.97178536
2326 0.95521811
2327 0.96735208
2328 0.96547299
2329 0.97004345
2330 0.97519260
2331 0.97159704
2332 0.96162949
2333 0.96690833
2334 0.97016217
2335 0.96139405
2336 0.96465518
2337 0.96233145
2338 0.96842907
2339 0.96457374
2340 0.96614389
2341 0.96617365
2342 0.97322426
2343 0.96759077
2344 0.96781411
2345 0.96398004
2346 0.97032591
2347 0.96765786
2348 0.97406506
2349 0.95804877
2350 0.96529571
2351 0.96544124
2352 0.96162949
2353 0.96463925
2354 0.96701961
2355 0.97576088
2356 0.97094741
2357 0.97389665
2358 0.97702123
2359 0.97020920
2360 0.97280077
2361 0.97016194
2362 0.98184691
2363 0.97289909
2364 0.97021850
2365 0.97379235
2366 0.97169458
2367 0.96980510
2368 0.97397883
2369 0.97172986
2370 0.97376212
2371 0.97668993
2372 0.97519846
2373 0.96463925
2374 0.96480711
2375 0.97035485
2376 0.96682771
2377 0.96526185
2378 0.97060748
2379 0.96613766
2380 0.96293082
2381 0.96875080
2382 0.96373543
2383 0.96729227
2384 0.96689678
2385 0.95931268
2386 0.96754980
2387 0.96357497
2388 0.96632621
2389 0.96249835
2390 0.96882399
2391 0.96215279
2392 0.96239285
2393 0.96578735
2394 0.96480711
2395 0.95199569
2396 0.96621710
2397 0.96798070
2398 0.96477165
2399 0.96886425
2400 0.96024412
2401 0.95637567
2402 0.96379541
2403 0.96710283
2404 0.96252460
2405 0.96187825
2406 0.96694198
2407 0.96630805
2408 0.96985862
2409 0.95602376
2410 0.96226973
2411 0.96449288
2412 0.96819020
2413 0.96966946
2414 0.96818965
2415 0.95199569
2416 0.96754467
2417 0.95799412
2418 0.97914249
2419 0.96688016
2420 0.96702176
2421 0.95853284
2422 0.97247287
2423 0.96513788
2424 0.96761679
2425 0.96414374
2426 0.96197763
2427 0.96356480
2428 0.97090777
2429 0.97089010
2430 0.96651097
2431 0.96397262
2432 0.96822032
2433 0.96728981
2434 0.96944213
2435 0.97964752
2436 0.96754467
2437 0.96633257
2438 0.96265035
2439 0.96683567
2440 0.96627279
2441 0.96554970
2442 0.96921015
2443 0.96378637
2444 0.97011709
2445 0.96560282
2446 0.97305895
2447 0.96090666
2448 0.96493953
2449 0.96671416
2450 0.96778612
2451 0.96826013
2452 0.96621244
2453 0.95774301
2454 0.96683362
2455 0.96439706
2456 0.96322998
2457 0.96633257
2458 0.97990722
2459 0.97359887
2460 0.97737588
2461 0.97655813
2462 0.97809241
2463 0.97295249
2464 0.97242645
2465 0.97439379
2466 0.97277549
2467 0.97180474
2468 0.97579380
2469 0.97311961
2470 0.96788503
2471 0.98373562
2472 0.97565219
2473 0.98118070
2474 0.97756371
2475 0.96924140
2476 0.97295160
2477 0.96729344
2478 0.97990722
2479 0.97466128
2480 0.96548256
2481 0.96656573
2482 0.96789438
2483 0.97102314
2484 0.96801728
2485 0.96497303
2486 0.97017398
2487 0.97109766
2488 0.96535763
2489 0.96802206
2490 0.96923527
2491 0.97996758
2492 0.98181780
2493 0.96270094
2494 0.97064369
2495 0.96887558
2496 0.95883905
2497 0.96956462
2498 0.96983874
2499 0.97466128
2500 0.96612156
2501 0.96681316
2502 0.97473905
2503 0.96882654
2504 0.98051708
2505 0.97739490
2506 0.96864293
2507 0.97884161
2508 0.97102422
2509 0.96544886
2510 0.97929222
2511 0.98415709
2512 0.96826953
2513 0.97097367
2514 0.97066795
2515 0.97383538
2516 0.96613220
2517 0.97045852
2518 0.97786914
2519 0.97293918
2520 0.96612156
2521 0.97004252
2522 0.96832781
2523 0.96051356
2524 0.97189447
2525 0.96460096
2526 0.96989279
2527 0.97022465
2528 0.96238398
2529 0.97673827
2530 0.96490119
2531 0.95849945
2532 0.97241593
2533 0.95481609
2534 0.96906413
2535 0.96918859
2536 0.96324801
2537 0.96967352
2538 0.95603439
2539 0.96187830
2540 0.97255565
2541 0.97004252
2542 0.97407150
2543 0.97359079
2544 0.96826139
2545 0.96663369
2546 0.97481839
2547 0.96986197
2548 0.97282131
2549 0.97135366
2550 0.96733307
2551 0.96921214
2552 0.97985292
2553 0.97356326
2554 0.97579501
2555 0.96604758
2556 0.96662453
2557 0.97906011
2558 0.97201735
2559 0.97559895
2560 0.96915433
2561 0.96810027
2562 0.97407150
2563 0.96656511
2564 0.96451306
2565 0.96789713
2566 0.96160806
2567 0.96018318
2568 0.97056605
2569 0.96108106
2570 0.97480201
2571 0.96451762
2572 0.95958528
2573 0.96584325
2574 0.96655333
2575 0.95739039
2576 0.95493160
2577 0.97300258
2578 0.96395308
2579 0.96114422
2580 0.95373690
2581 0.96656187
2582 0.96465135
2583 0.96656511
2584 0.96343089
2585 0.97247332
2586 0.97124926
2587 0.97308835
2588 0.96648527
2589 0.95980113
2590 0.96975884
2591 0.97481546
2592 0.96671163
2593 0.96497948
2594 0.96512056
2595 0.96562298
2596 0.96613224
2597 0.96278908
2598 0.96246562
2599 0.96947633
2600 0.96595120
2601 0.96931514
2602 0.96890858
2603 0.96428834
2604 0.96343089
2605 0.97067371
2606 0.96528934
2607 0.97098166
2608 0.96308628
2609 0.97152333
2610 0.96591001
2611 0.96913787
2612 0.96105086
2613 0.96386690
2614 0.97436679
2615 0.96581076
2616 0.96890352
2617 0.97023642
2618 0.96322206
2619 0.95809236
2620 0.96629020
2621 0.97133199
2622 0.97289714
2623 0.96715541
2624 0.96126243
2625 0.97067371
2626 0.97208476
2627 0.98234740
2628 0.97044095
2629 0.97040682
2630 0.97796057
2631 0.97336090
2632 0.96885814
2633 0.97922408
2634 0.96445930
2635 0.97493409
2636 0.98181928
2637 0.97656861
2638 0.98414075
2639 0.97441201
2640 0.98180875
2641 0.98161897
2642 0.96427442
2643 0.97346889
2644 0.97608142
2645 0.97204436
2646 0.97208476
2647 0.96389707
2648 0.96271596
2649 0.96105691
2650 0.96257257
2651 0.96220191
2652 0.96699042
2653 0.96860206
2654 0.96800383
2655 0.97316314
2656 0.96023547
2657 0.96202827
2658 0.96104312
2659 0.96276142
2660 0.96065893
2661 0.96490001
2662 0.96131568
2663 0.96643647
2664 0.96227234
2665 0.95919187
2666 0.95977131
2667 0.96389707
2668 0.97028252
2669 0.96252421
2670 0.97184357
2671 0.97139250
2672 0.98285814
2673 0.97110682
2674 0.98171876
2675 0.96857219
2676 0.98230944
2677 0.97212593
2678 0.96698554
2679 0.97541854
2680 0.98097049
2681 0.97354018
2682 0.97433060
2683 0.98225263
2684 0.98329511
2685 0.97760328
2686 0.97355397
2687 0.98090187
2688 0.97028252
2689 0.95644974
2690 0.95917110
2691 0.95725849
2692 0.97040065
2693 0.97519635
2694 0.96541714
2695 0.96462024
2696 0.97325995
2697 0.96429401
2698 0.97250419
2699 0.96394748
2700 0.96811861
2701 0.96364849
2702 0.96182804
2703 0.97068810
2704 0.97000304
2705 0.96947249
2706 0.96557835
2707 0.96503415
2708 0.97225734
2709 0.95644974
2710 0.97506863
2711 0.96725662
2712 0.96943623
2713 0.97978758
2714 0.97470443
2715 0.98328571
2716 0.96501684
2717 0.97458988
2718 0.98263160
2719 0.97563844
2720 0.98645865
2721 0.97962660
2722 0.98256668
2723 0.97545930
2724 0.98809094
2725 0.97391080
2726 0.98581399
2727 0.97376711
2728 0.98326241
2729 0.97333096
2730 0.97506863
2731 0.95722630
2732 0.96539838
2733 0.97194004
2734 0.96113093
2735 0.96298149
2736 0.96756807
2737 0.96622852
2738 0.96325968
2739 0.96579366
2740 0.96678924
2741 0.96500788
2742 0.97984509
2743 0.96029323
2744 0.96515140
2745 0.96989714
2746 0.96202691
2747 0.96667733
2748 0.95880404
2749 0.96904533
2750 0.96177547
2751 0.95722630
2752 0.96831777
2753 0.97385672
2754 0.96759419
2755 0.97028655
2756 0.97948860
2757 0.97352409
2758 0.98148545
2759 0.97982205
2760 0.96954030
2761 0.97435193
2762 0.97615580
2763 0.97003469
2764 0.98065549
2765 0.96914430
2766 0.96938859
2767 0.97153783
2768 0.96929060
2769 0.97417584
2770 0.97953006
2771 0.97795073
2772 0.96831777
2773 0.90917934
2774 0.91689425
2775 0.92394631
2776 0.93203932
2777 0.93664421
2778 0.93576060
2779 0.94268905
2780 0.94786379
2781 0.95140577
2782 0.93741820
2783 0.95213883
2784 0.94680394
2785 0.94357032
2786 0.93864105
2787 0.94477278
2788 0.94734893
2789 0.94424077
2790 0.93151967
2791 0.92327562
2792 0.91878736
2793 0.90917934
2794 0.96691582
2795 0.97269225
2796 0.97520492
2797 0.96913666
2798 0.97618810
2799 0.97548322
2800 0.97509508
2801 0.97663435
2802 0.97891882
2803 0.98008801
2804 0.98410311
2805 0.97480786
2806 0.97724924
2807 0.96985824
2808 0.98123495
2809 0.98536399
2810 0.97500640
2811 0.97765211
2812 0.97938612
2813 0.97703123
2814 0.96691582
2815 0.95893698
2816 0.96667817
2817 0.97362445
2818 0.96696000
2819 0.95861142
2820 0.96952027
2821 0.96363405
2822 0.97715654
2823 0.97438443
2824 0.97343460
2825 0.96513989
2826 0.96783855
2827 0.97561900
2828 0.96078108
2829 0.97676779
2830 0.95846728
2831 0.96974314
2832 0.96638898
2833 0.96831686
2834 0.96580570
2835 0.95893698
2836 0.95526111
2837 0.96332661
2838 0.96620479
2839 0.96411432
2840 0.96991742
2841 0.97352906
2842 0.96890259
2843 0.97699289
2844 0.95788527
2845 0.96587022
2846 0.97111390
2847 0.96540174
2848 0.97365881
2849 0.95727438
2850 0.96517766
2851 0.96596373
2852 0.96373172
2853 0.95929297
2854 0.96180805
2855 0.96843432
2856 0.95526111
2857 0.97742296
2858 0.96274741
2859 0.96881636
2860 0.97708153
2861 0.96862097
2862 0.96999584
2863 0.98090157
2864 0.95983839
2865 0.97158747
2866 0.97550185
2867 0.98058802
2868 0.97155910
2869 0.96865343
2870 0.96767275
2871 0.97415683
2872 0.96393941
2873 0.97257605
2874 0.97036356
2875 0.96779697
2876 0.97376035
2877 0.97742296
2878 0.96725744
2879 0.96750580
2880 0.96656550
2881 0.96738896
2882 0.95395816
2883 0.96307614
2884 0.95767889
2885 0.95895714
2886 0.96432250
2887 0.95994774
2888 0.95699064
2889 0.96513197
2890 0.96754391
2891 0.96362162
2892 0.95416927
2893 0.96683944
2894 0.96207654
2895 0.96061879
2896 0.96075688
2897 0.97364827
2898 0.96725744
2899 0.97347705
2900 0.96834672
2901 0.97103661
2902 0.97320687
2903 0.96884642
2904 0.96595771
2905 0.97409620
2906 0.96680959
2907 0.96682244
2908 0.97228046
2909 0.97393007
2910 0.97484782
2911 0.96261170
2912 0.96803905
2913 0.97478953
2914 0.97451124
2915 0.96767247
2916 0.96113649
2917 0.97926932
2918 0.96986384
2919 0.97347705
2920 0.95680856
2921 0.95849723
2922 0.96249244
2923 0.95686941
2924 0.95620388
2925 0.96441433
2926 0.96080988
2927 0.95968716
2928 0.96179343
2929 0.95416938
2930 0.95623820
2931 0.96489571
2932 0.95830699
2933 0.95760883
2934 0.95467117
2935 0.95351137
2936 0.95318460
2937 0.95327082
2938 0.95987082
2939 0.96079072
2940 0.95680856
2941 0.96495730
2942 0.96804143
2943 0.96814203
2944 0.96514569
2945 0.96235595
2946 0.97180797
2947 0.96667514
2948 0.96527415
2949 0.96165101
2950 0.97236308
2951 0.96053978
2952 0.96262044
2953 0.97056284
2954 0.97143895
2955 0.95914535
2956 0.97126571
2957 0.97511270
2958 0.96687028
2959 0.96513736
2960 0.96415053
2961 0.96495730
2962 0.96270200
2963 0.96596512
2964 0.96928358
2965 0.96906002
2966 0.96128461
2967 0.95579483
2968 0.96217486
2969 0.96484045
2970 0.96163370
2971 0.96200208
2972 0.95983143
2973 0.96210585
2974 0.97052706
2975 0.96480335
2976 0.95399688
2977 0.96553833
2978 0.95719382
2979 0.95604861
2980 0.96918001
2981 0.95925234
2982 0.96270200
2983 0.96537504
2984 0.96313556
2985 0.96385909
2986 0.96391085
2987 0.96637476
2988 0.96356913
2989 0.96672009
2990 0.97483825
2991 0.95716374
2992 0.96866658
2993 0.96611932
2994 0.96789789
2995 0.97197570
2996 0.95531425
2997 0.96914563
2998 0.96936529
2999 0.96840860
3000 0.96631066
3001 0.97068655
3002 0.96764186
3003 0.96537504
3004 0.97277328
3005 0.97070876
3006 0.96857001
3007 0.96808189
3008 0.98507605
3009 0.97693755
3010 0.97661450
3011 0.97696901
3012 0.97674810
3013 0.97202826
3014 0.98279723
3015 0.97704099
3016 0.97734843
3017 0.97095876
3018 0.97947115
3019 0.98314972
3020 0.98244717
3021 0.97125146
3022 0.97672427
3023 0.96820689
3024 0.97277328
