index DenDen_position
1 1.61182412
2 1.56971691
3 1.52897336
4 1.49821621
5 1.48217537
6 1.47162252
7 1.45712502
8 1.44219724
9 1.44006204
10 1.42941402
11 1.42669615
12 1.43691544
13 1.43479300
14 1.44185513
15 1.46154218
16 1.45831974
17 1.48764881
18 1.50965298
19 1.53014344
20 1.57001852
21 1.61182412
22 0.93709663
23 0.94108897
24 0.94808989
25 0.95762770
26 0.95940262
27 0.96409395
28 0.96196489
29 0.95297894
30 0.96736342
31 0.96093564
32 0.96387630
33 0.97390056
34 0.95921001
35 0.97056975
36 0.96746440
37 0.97000144
38 0.95696042
39 0.95126631
40 0.93773236
41 0.94818456
42 0.93709663
43 0.99308937
44 0.99442101
45 0.99804693
46 0.99488097
47 0.99725489
48 0.99473482
49 0.99083711
50 0.99492597
51 0.99503975
52 0.99218072
53 0.99967397
54 0.98448447
55 0.99458172
56 0.99089644
57 1.00047347
58 0.99502437
59 0.98510293
60 0.99035613
61 0.98970734
62 0.99488306
63 0.99308937
64 0.98424039
65 0.98155423
66 0.98243876
67 0.97591717
68 0.98220520
69 0.98718190
70 0.98538928
71 0.98766454
72 0.97695995
73 0.98534125
74 0.98742845
75 0.97751836
76 0.98492883
77 0.97578116
78 0.99065532
79 0.98747113
80 0.98300352
81 0.98435071
82 0.98816475
83 0.98827741
84 0.98424039
85 0.98666591
86 0.97994913
87 0.98122467
88 0.98194910
89 0.98400101
90 0.98225708
91 0.98144753
92 0.97897274
93 0.98967248
94 0.98564261
95 0.98426529
96 0.98145777
97 0.97940589
98 0.98151816
99 0.98457873
100 0.98591357
101 0.98216561
102 0.98662445
103 0.97613088
104 0.98461477
105 0.98666591
106 0.97164188
107 0.97315492
108 0.98188416
109 0.97340554
110 0.97579530
111 0.97391168
112 0.97952475
113 0.98399675
114 0.98087636
115 0.98231269
116 0.97929310
117 0.97186974
118 0.97839493
119 0.98201501
120 0.96480023
121 0.97979371
122 0.98418302
123 0.98198041
124 0.97388479
125 0.97343690
126 0.97164188
127 0.98530646
128 0.99196998
129 0.98586451
130 0.98128791
131 0.98963447
132 0.98035824
133 0.98457133
134 0.98500395
135 0.99299072
136 0.99029589
137 0.98641245
138 0.98458049
139 0.98102334
140 0.98634204
141 0.99551375
142 0.99219295
143 0.98919751
144 0.99240704
145 0.98204880
146 0.99808868
147 0.98530646
148 0.97116008
149 0.98156979
150 0.97801176
151 0.97669531
152 0.97667545
153 0.97479838
154 0.97360660
155 0.97575682
156 0.96728946
157 0.98686811
158 0.98260018
159 0.97568999
160 0.98495225
161 0.98407002
162 0.97688080
163 0.98096474
164 0.97169147
165 0.97993826
166 0.97888844
167 0.98054325
168 0.97116008
169 0.98085193
170 0.98129400
171 0.98346226
172 0.98751218
173 0.97776939
174 0.98866922
175 0.97775236
176 0.98062040
177 0.98830718
178 0.98177820
179 0.99116206
180 0.98388433
181 0.98593507
182 0.97460540
183 0.97882923
184 0.98688659
185 0.98341082
186 0.98543517
187 0.99175599
188 0.98473041
189 0.98085193
190 0.98227748
191 0.98231641
192 0.98765808
193 0.97748309
194 0.97976488
195 0.98888927
196 0.98396048
197 0.98090997
198 0.98880348
199 0.98109641
200 0.99356514
201 0.99055080
202 0.97789455
203 0.98071150
204 0.97719386
205 0.98824020
206 0.98292989
207 0.97875515
208 0.98139294
209 0.98305917
210 0.98227748
211 0.99134596
212 0.99193753
213 0.99930646
214 0.98978703
215 0.99810372
216 0.98831639
217 0.98563040
218 0.99336797
219 0.99969244
220 0.99442794
221 0.99213757
222 0.98331519
223 0.98499820
224 0.98927222
225 0.98307862
226 0.99629784
227 0.99882432
228 0.98476408
229 0.99394726
230 0.99073101
231 0.99134596
232 0.93736829
233 0.94428423
234 0.95148307
235 0.95508823
236 0.96141210
237 0.96450873
238 0.97232678
239 0.96298155
240 0.97146788
241 0.97284823
242 0.96876997
243 0.97304894
244 0.96901649
245 0.97253341
246 0.96071496
247 0.96467011
248 0.96151196
249 0.95101858
250 0.94616606
251 0.94324192
252 0.93736829
253 0.93364684
254 0.93895334
255 0.94605932
256 0.96000166
257 0.96025770
258 0.96230411
259 0.96867474
260 0.96237201
261 0.96676189
262 0.97163957
263 0.97261000
264 0.96911470
265 0.97329406
266 0.96651608
267 0.96672741
268 0.97310937
269 0.95266724
270 0.95973514
271 0.95177772
272 0.93220350
273 0.93364684
274 0.99031826
275 0.99022478
276 0.98746253
277 0.99013826
278 0.99498142
279 1.00017285
280 0.99085982
281 0.99443972
282 0.99910970
283 0.99204380
284 0.99620051
285 0.99950608
286 0.98828055
287 0.99875893
288 1.00038689
289 0.99816039
290 0.99487445
291 0.98947319
292 0.98145647
293 0.99222236
294 0.99031826
295 0.98379074
296 0.96211685
297 0.98147163
298 0.97889729
299 0.98402255
300 0.97428140
301 0.97304078
302 0.97293604
303 0.97536680
304 0.97520515
305 0.97624044
306 0.97716439
307 0.97536363
308 0.96930213
309 0.97915217
310 0.96753366
311 0.97302961
312 0.97317628
313 0.96674335
314 0.98383158
315 0.98379074
316 0.97880624
317 0.97982137
318 0.97963343
319 0.98389546
320 0.98176302
321 0.98555539
322 0.97625837
323 0.97264932
324 0.98773912
325 0.98193980
326 0.98173052
327 0.98220716
328 0.98930518
329 0.97923163
330 0.98108670
331 0.98082910
332 0.97911930
333 0.97764327
334 0.97262079
335 0.97191097
336 0.97880624
337 0.99047595
338 0.98478986
339 0.98285235
340 0.97853614
341 0.98900918
342 0.99362491
343 0.98876661
344 0.98216117
345 0.98133751
346 0.97976870
347 0.98045157
348 0.98252939
349 0.98890147
350 0.98961404
351 0.97926197
352 0.98359655
353 0.98928072
354 0.97643078
355 0.98065629
356 0.98037670
357 0.99047595
358 0.96751782
359 0.96140582
360 0.98213083
361 0.97055340
362 0.97714574
363 0.97934366
364 0.97047305
365 0.97282468
366 0.96959648
367 0.96628422
368 0.97372810
369 0.97549604
370 0.97405869
371 0.97663348
372 0.97109043
373 0.98591618
374 0.97048958
375 0.97470048
376 0.97129460
377 0.97410052
378 0.96751782
379 0.98776604
380 0.98315205
381 0.98416813
382 0.98281493
383 0.98628838
384 0.98925291
385 0.98644620
386 0.99319835
387 0.98949939
388 0.98320064
389 0.98614056
390 0.97765427
391 0.99135194
392 0.98361953
393 0.98920932
394 0.98730624
395 0.98956901
396 0.98611002
397 0.99069074
398 0.98555744
399 0.98776604
400 0.98173547
401 0.98041076
402 0.98085523
403 0.98250251
404 0.98493939
405 0.98294671
406 0.99136947
407 0.98038573
408 0.98375488
409 0.98072435
410 0.97582175
411 0.98578106
412 0.98063514
413 0.98384421
414 0.98923745
415 0.98069457
416 0.99170830
417 0.97483022
418 0.98588342
419 0.99033273
420 0.98173547
421 0.99568789
422 0.98869284
423 0.97952530
424 0.98047189
425 0.98512083
426 0.97935410
427 0.98854594
428 0.98370560
429 0.98235885
430 0.98836109
431 0.97830866
432 0.99052494
433 0.98142444
434 0.99148614
435 0.99425882
436 0.97815756
437 0.98174611
438 0.98233158
439 0.98669554
440 0.98750910
441 0.99568789
442 0.99369903
443 0.97687612
444 0.97937364
445 0.98827791
446 0.97804271
447 0.98606967
448 0.98722106
449 0.98628770
450 0.98389790
451 0.98569465
452 0.98399891
453 0.98712897
454 0.99357713
455 0.97604453
456 0.97913502
457 0.98891996
458 0.97910050
459 0.98880654
460 0.98272069
461 0.98931341
462 0.99369903
463 0.98355372
464 0.98236682
465 0.97433256
466 0.97979387
467 0.98786305
468 0.98294849
469 0.97897636
470 0.98540937
471 0.98172522
472 0.98024098
473 0.97413626
474 0.98173332
475 0.97702845
476 0.98567029
477 0.97902718
478 0.97973841
479 0.98091091
480 0.97500908
481 0.98087373
482 0.98013077
483 0.98355372
484 0.98430612
485 0.99088560
486 0.98126025
487 0.99659032
488 0.98798551
489 0.99811447
490 0.98783380
491 0.98850126
492 0.98738653
493 0.98519981
494 0.99309471
495 0.99282981
496 0.99076025
497 0.98687512
498 0.98862664
499 0.98702068
500 0.98592687
501 0.98517442
502 0.98675502
503 0.98216160
504 0.98430612
505 0.98090779
506 0.98820624
507 0.98581862
508 0.98805799
509 0.99180322
510 0.98058748
511 0.97869920
512 0.98783604
513 0.97618187
514 0.98653672
515 0.98943670
516 0.98813920
517 0.99027501
518 0.98804403
519 0.99073437
520 0.98757215
521 0.98805902
522 0.98003563
523 0.98266616
524 0.98553306
525 0.98090779
526 0.98457948
527 0.98728231
528 0.98408265
529 0.98570250
530 0.97986352
531 0.98337850
532 0.98486030
533 0.98215132
534 0.98942096
535 0.98723725
536 0.97629577
537 0.98467974
538 0.98561551
539 0.98340683
540 0.98021714
541 0.98144543
542 0.98682704
543 0.98579834
544 0.98658183
545 0.98841979
546 0.98457948
547 0.96818182
548 0.98659137
549 0.98627715
550 0.97723509
551 0.97726126
552 0.97709356
553 0.98216414
554 0.97985528
555 0.96998692
556 0.97727739
557 0.97925350
558 0.98322929
559 0.97904110
560 0.97953735
561 0.98257934
562 0.98272121
563 0.98003366
564 0.97745902
565 0.97926806
566 0.97811515
567 0.96818182
568 0.99021202
569 0.99220108
570 0.98402345
571 0.98320633
572 0.98281389
573 0.98622715
574 0.97887011
575 0.97427172
576 0.98654066
577 0.99001814
578 0.99194819
579 0.98612121
580 0.97845903
581 0.98487145
582 0.98181008
583 0.98847285
584 0.98157517
585 0.98378238
586 0.98252222
587 0.97961459
588 0.99021202
589 0.97713672
590 0.98309515
591 0.96925054
592 0.98154321
593 0.97925369
594 0.97444658
595 0.97367483
596 0.97790245
597 0.97127579
598 0.97850435
599 0.97780728
600 0.97645050
601 0.97566343
602 0.97502445
603 0.98153019
604 0.97582603
605 0.97743426
606 0.98073357
607 0.98510622
608 0.97019192
609 0.97713672
610 0.99209756
611 1.00360167
612 0.99346085
613 0.99539673
614 0.99006963
615 0.98303271
616 0.99660044
617 0.99304876
618 0.99528317
619 0.98810437
620 0.99138925
621 0.99523482
622 0.99320628
623 1.00602046
624 0.99198743
625 0.97909531
626 0.99062561
627 0.98540640
628 0.99252489
629 0.97998557
630 0.99209756
631 0.97450739
632 0.97530842
633 0.97735974
634 0.97772891
635 0.97594154
636 0.97859887
637 0.97917958
638 0.98736851
639 0.97019528
640 0.97648212
641 0.97510601
642 0.97380530
643 0.98017318
644 0.98356978
645 0.97663168
646 0.97289592
647 0.97027234
648 0.97962701
649 0.97662656
650 0.97090238
651 0.97450739
652 0.98935641
653 0.98210970
654 0.98835610
655 0.99332063
656 0.99250530
657 0.99435442
658 0.98905568
659 0.99235704
660 0.99701391
661 0.99457599
662 1.00136454
663 0.98768609
664 0.99859810
665 0.98823094
666 0.98990829
667 0.99572206
668 0.99113776
669 0.98963018
670 0.98303721
671 0.99098168
672 0.98935641
673 0.97856659
674 0.97167504
675 0.97186924
676 0.96322660
677 0.98090625
678 0.97166755
679 0.97931223
680 0.98114242
681 0.97670452
682 0.96872268
683 0.98972292
684 0.98030949
685 0.98903413
686 0.97600682
687 0.98244094
688 0.97573900
689 0.97753243
690 0.98294171
691 0.98520901
692 0.97573376
693 0.97856659
694 0.97285479
695 0.98785420
696 0.98369515
697 0.98550857
698 0.98130283
699 0.98305491
700 0.97959507
701 0.97677912
702 0.97970250
703 0.97795624
704 0.98402134
705 0.97612512
706 0.98332628
707 0.98672617
708 0.98249878
709 0.98179570
710 0.97866975
711 0.97473377
712 0.96567745
713 0.97719165
714 0.97285479
715 0.98022242
716 0.97271554
717 0.96679403
718 0.97168304
719 0.98282125
720 0.97382185
721 0.96973462
722 0.97016818
723 0.97898753
724 0.97196195
725 0.97631347
726 0.97583414
727 0.97872615
728 0.97266282
729 0.96810448
730 0.98062527
731 0.97335097
732 0.97356086
733 0.97189590
734 0.96572299
735 0.98022242
736 0.99416171
737 0.97912144
738 0.98126102
739 0.98990006
740 0.99521700
741 0.98641027
742 0.98581018
743 0.98262934
744 0.99537714
745 0.98100389
746 0.99045017
747 0.98387181
748 0.98939671
749 0.98639393
750 0.99084229
751 0.98691970
752 0.98683206
753 0.98917571
754 0.98459506
755 0.98398543
756 0.99416171
757 0.97943012
758 0.99022495
759 0.98714667
760 0.98422054
761 0.97708582
762 0.98322897
763 0.97374544
764 0.98050083
765 0.98373487
766 0.98623307
767 0.97753218
768 0.99049410
769 0.97934095
770 0.98978308
771 0.97754266
772 0.98765757
773 0.97889655
774 0.97352280
775 0.98382810
776 0.98354698
777 0.97943012
778 0.98882410
779 0.98755856
780 0.99232198
781 0.98960597
782 0.97744366
783 0.98995638
784 0.97991235
785 0.98052204
786 0.98256606
787 0.98276516
788 0.98322966
789 0.97182716
790 0.98516241
791 0.98571145
792 0.98421912
793 0.98945934
794 0.98500378
795 0.98777417
796 0.98138513
797 0.98590876
798 0.98882410
799 0.99408504
800 0.98989736
801 0.98522690
802 0.98365769
803 0.98300003
804 0.99206263
805 0.98195507
806 0.98234295
807 0.98409777
808 0.98703769
809 0.98641612
810 0.98510693
811 0.98675135
812 0.98925942
813 0.98156033
814 0.98358850
815 0.99240018
816 0.97902266
817 0.98696512
818 0.98330072
819 0.99408504
820 0.97356846
821 0.98038124
822 0.98620770
823 0.98524311
824 0.98420496
825 0.98743388
826 0.98455947
827 0.98920690
828 0.98711783
829 0.99152909
830 0.98216035
831 0.97646118
832 0.98553823
833 0.97433713
834 0.98839455
835 0.98886132
836 0.99110283
837 0.97239062
838 0.98941717
839 0.99118840
840 0.97356846
841 0.98608335
842 0.99865849
843 0.98889385
844 0.99133228
845 0.99329788
846 0.99114939
847 0.98479801
848 0.98887572
849 0.98392400
850 0.99471275
851 0.98812848
852 0.98624820
853 0.98827644
854 0.99122486
855 0.99864511
856 0.98838102
857 0.98477978
858 0.99095390
859 0.99335437
860 0.99238410
861 0.98608335
862 0.97960757
863 0.97436865
864 0.97745265
865 0.97639606
866 0.97641482
867 0.98403159
868 0.97994274
869 0.97246594
870 0.97898233
871 0.98281677
872 0.97881944
873 0.98182078
874 0.97956611
875 0.96413578
876 0.98033982
877 0.96898697
878 0.97816475
879 0.98017775
880 0.98249666
881 0.97620538
882 0.97960757
883 0.98089613
884 0.99016879
885 0.99007727
886 0.99736850
887 0.98865326
888 0.99589397
889 0.99082502
890 0.98584874
891 0.99478637
892 0.98695471
893 0.99461536
894 0.98928222
895 0.99323246
896 0.99191182
897 0.98640303
898 0.99298233
899 0.99338309
900 0.99060710
901 0.98930811
902 0.99088800
903 0.98089613
904 0.98123946
905 0.97135104
906 0.96292559
907 0.98221401
908 0.98351673
909 0.97534071
910 0.97869815
911 0.97393953
912 0.96827742
913 0.97137943
914 0.97714534
915 0.97460914
916 0.97172802
917 0.97502189
918 0.97147722
919 0.97905928
920 0.98302213
921 0.97415893
922 0.97933977
923 0.97607206
924 0.98123946
925 0.97306358
926 0.98160306
927 0.98468064
928 0.97545600
929 0.98597184
930 0.98510398
931 0.98560690
932 0.97735963
933 0.99297219
934 0.97918632
935 0.99431883
936 0.98086494
937 0.98847231
938 0.98016995
939 0.98629811
940 0.98263709
941 0.98737773
942 0.98154099
943 0.98588035
944 0.98201524
945 0.97306358
946 0.98850325
947 0.97742033
948 0.98150288
949 0.98038226
950 0.98496540
951 0.97784031
952 0.98502543
953 0.98296068
954 0.97695209
955 0.99173874
956 0.98318643
957 0.97911415
958 0.98517070
959 0.97146288
960 0.98446401
961 0.97033364
962 0.98419737
963 0.97528182
964 0.98207979
965 0.97253186
966 0.98850325
967 0.98598570
968 0.97976666
969 0.97716071
970 0.98737128
971 0.97959561
972 0.96701968
973 0.97681878
974 0.98504133
975 0.98069953
976 0.98136337
977 0.97244556
978 0.97762125
979 0.97606689
980 0.98240434
981 0.98240351
982 0.98167632
983 0.98144133
984 0.98400917
985 0.98300932
986 0.99111997
987 0.98598570
988 0.99182943
989 0.98917010
990 0.99347976
991 0.98972503
992 0.99465120
993 0.97927134
994 0.99275341
995 0.98296806
996 0.99381451
997 0.98444106
998 0.99559879
999 0.99374801
1000 0.98116103
1001 0.98855554
1002 0.99450547
1003 0.99544547
1004 1.00019362
1005 0.98844430
1006 0.99867328
1007 0.98764808
1008 0.99182943
1009 0.98954630
1010 0.98228645
1011 0.99327742
1012 0.99046578
1013 0.99411758
1014 0.99048679
1015 1.00004026
1016 0.98593883
1017 0.99431102
1018 0.99328780
1019 0.98782471
1020 1.00001166
1021 0.99669904
1022 0.99224350
1023 0.98671570
1024 0.99227866
1025 0.98372305
1026 0.99026453
1027 1.00105836
1028 0.98818320
1029 0.98954630
1030 0.98013781
1031 0.98221709
1032 0.98016829
1033 0.98516691
1034 0.97356539
1035 0.98977159
1036 0.97537683
1037 0.96788733
1038 0.97840056
1039 0.98561806
1040 0.98249879
1041 0.97885011
1042 0.98703905
1043 0.98347503
1044 0.98081895
1045 0.98653341
1046 0.97947777
1047 0.97768041
1048 0.98061718
1049 0.96794242
1050 0.98013781
1051 0.97429329
1052 0.97433094
1053 0.98696016
1054 0.98421542
1055 0.98953184
1056 0.97989195
1057 0.98512729
1058 0.96604211
1059 0.97951248
1060 0.98152063
1061 0.98388911
1062 0.97757378
1063 0.98760214
1064 0.98173901
1065 0.97066606
1066 0.98407762
1067 0.98442346
1068 0.97735332
1069 0.98407513
1070 0.98670501
1071 0.97429329
1072 0.98332445
1073 0.98022655
1074 0.98225030
1075 0.97925297
1076 0.97843729
1077 0.98640892
1078 0.98433379
1079 0.98167619
1080 0.98371065
1081 0.97969230
1082 0.98648332
1083 0.98366432
1084 0.98351051
1085 0.98316724
1086 0.98378380
1087 0.97799602
1088 0.98440220
1089 0.98106598
1090 0.99019299
1091 0.97948153
1092 0.98332445
1093 0.97411145
1094 0.98046164
1095 0.98103883
1096 0.98613686
1097 0.97316633
1098 0.98820449
1099 0.97518820
1100 0.97860774
1101 0.97935172
1102 0.97832366
1103 0.98696433
1104 0.98119524
1105 0.96866620
1106 0.97674319
1107 0.97765419
1108 0.97876259
1109 0.98065327
1110 0.97011962
1111 0.98161453
1112 0.97915757
1113 0.97411145
1114 0.98909620
1115 0.97943412
1116 0.99063619
1117 0.98726639
1118 0.98456519
1119 0.98295038
1120 0.97201716
1121 0.97992006
1122 0.97931345
1123 0.97671341
1124 0.98806678
1125 0.98600343
1126 0.98356696
1127 0.98495967
1128 0.98791204
1129 0.98476461
1130 0.99250037
1131 0.97903967
1132 0.98103575
1133 0.98378826
1134 0.98909620
1135 0.97882632
1136 0.98837694
1137 0.97353048
1138 0.97789900
1139 0.97791634
1140 0.98644670
1141 0.99981948
1142 0.98330971
1143 0.98372128
1144 0.98142532
1145 0.98398512
1146 0.97707897
1147 0.98547044
1148 0.98229826
1149 0.98277866
1150 0.98685898
1151 0.97384460
1152 0.98031938
1153 0.98087643
1154 0.97855138
1155 0.97882632
1156 0.98142999
1157 0.98149098
1158 0.98458646
1159 0.97800610
1160 0.97339331
1161 0.98324079
1162 0.98389446
1163 0.98379152
1164 0.97581071
1165 0.98353023
1166 0.97878032
1167 0.97495348
1168 0.97935303
1169 0.98837488
1170 0.97939079
1171 0.98440316
1172 0.98188762
1173 0.97725266
1174 0.97693479
1175 0.98793165
1176 0.98142999
1177 0.97832623
1178 0.98615461
1179 0.97435851
1180 0.98191767
1181 0.97948883
1182 0.98806901
1183 0.98244306
1184 0.98312755
1185 0.97899355
1186 0.98598477
1187 0.98458643
1188 0.97921268
1189 0.97950158
1190 0.97829667
1191 0.98303965
1192 0.98055247
1193 0.98704476
1194 0.98329635
1195 0.98951515
1196 0.98565697
1197 0.97832623
1198 0.98434334
1199 0.97309723
1200 0.98354098
1201 0.98152713
1202 0.97548210
1203 0.97835595
1204 0.98270275
1205 0.97616353
1206 0.97998844
1207 0.98904437
1208 0.98064535
1209 0.97721158
1210 0.98182440
1211 0.97531390
1212 0.98292527
1213 0.98473411
1214 0.97972953
1215 0.98074690
1216 0.97912403
1217 0.98071435
1218 0.98434334
1219 0.98280409
1220 0.98325114
1221 0.98861170
1222 0.97937191
1223 0.98667975
1224 0.99121109
1225 0.99054317
1226 0.98100013
1227 0.98106015
1228 0.98342338
1229 0.98487299
1230 0.98126450
1231 0.98550236
1232 0.98194762
1233 0.97414157
1234 0.99127418
1235 0.98994668
1236 0.98360086
1237 0.98745798
1238 0.99195815
1239 0.98280409
1240 0.97640510
1241 0.98497228
1242 0.98048004
1243 0.97848185
1244 0.98205011
1245 0.98420115
1246 0.97870912
1247 0.98517707
1248 0.98192695
1249 0.97931969
1250 0.98696284
1251 0.98288930
1252 0.98925874
1253 0.97769467
1254 0.98251479
1255 0.98090997
1256 0.98110407
1257 0.98484966
1258 0.98106651
1259 0.98870460
1260 0.97640510
1261 0.98125467
1262 0.99244453
1263 0.98186165
1264 0.98657370
1265 0.97481534
1266 0.98459365
1267 0.98681976
1268 0.97777039
1269 0.97175412
1270 0.98067763
1271 0.98326616
1272 0.97612174
1273 0.98282258
1274 0.98129736
1275 0.97903306
1276 0.98203283
1277 0.98230418
1278 0.97498589
1279 0.98435218
1280 0.98614173
1281 0.98125467
1282 0.98116992
1283 0.98581998
1284 0.98497200
1285 0.98547273
1286 0.98565920
1287 0.97940522
1288 0.98240726
1289 0.98742474
1290 0.97659519
1291 0.98690744
1292 0.98681456
1293 0.97622088
1294 0.98800366
1295 0.98013314
1296 0.98048620
1297 0.97722724
1298 0.98326928
1299 0.98257268
1300 0.97807837
1301 0.97319255
1302 0.98116992
1303 0.98616832
1304 0.99231611
1305 0.98610402
1306 0.97961254
1307 0.97402853
1308 0.97386417
1309 0.98088216
1310 0.98226122
1311 0.99263952
1312 0.99353667
1313 0.98091031
1314 0.97834469
1315 0.99092845
1316 0.98544732
1317 0.98368531
1318 0.98274228
1319 0.97837628
1320 0.98482836
1321 0.98655828
1322 0.99215291
1323 0.98616832
1324 0.99416086
1325 0.97650883
1326 0.98605334
1327 0.97775501
1328 0.98514126
1329 0.98309499
1330 0.97944382
1331 0.98276312
1332 0.98308465
1333 0.97612551
1334 0.98214313
1335 0.98064436
1336 0.98992219
1337 0.98780930
1338 0.98147102
1339 0.98324127
1340 0.98365108
1341 0.97770390
1342 0.98175889
1343 0.98386639
1344 0.99416086
1345 0.97640666
1346 0.98567765
1347 0.97559832
1348 0.97647031
1349 0.99121355
1350 0.97769096
1351 0.97854240
1352 0.97766975
1353 0.98038197
1354 0.98064135
1355 0.98524286
1356 0.98091458
1357 0.97293731
1358 0.98219649
1359 0.98700791
1360 0.97684311
1361 0.97828756
1362 0.96953797
1363 0.97329764
1364 0.98378729
1365 0.97640666
1366 0.98485345
1367 0.97586708
1368 0.97864791
1369 0.98299207
1370 0.98426945
1371 0.97785716
1372 0.98436447
1373 0.98292322
1374 0.97441046
1375 0.98657708
1376 0.98453283
1377 0.97977055
1378 0.97433802
1379 0.97416199
1380 0.98917219
1381 0.97640164
1382 0.98760002
1383 0.97476140
1384 0.97925271
1385 0.98468873
1386 0.98485345
1387 0.99429403
1388 0.97750574
1389 0.97987990
1390 0.98244506
1391 0.97697407
1392 0.98082982
1393 0.97983769
1394 0.99350524
1395 0.99367780
1396 0.97920016
1397 0.98629033
1398 0.98360093
1399 0.98498945
1400 0.99037160
1401 0.98667093
1402 0.98129634
1403 0.99371258
1404 0.97943915
1405 0.98666346
1406 0.99305943
1407 0.99429403
1408 0.99182156
1409 0.98538531
1410 0.98713522
1411 0.98860582
1412 0.99337370
1413 0.99256490
1414 0.98862875
1415 0.99322917
1416 0.99504089
1417 0.98750289
1418 0.98759772
1419 0.98993496
1420 0.98167101
1421 0.99229634
1422 0.98938784
1423 0.98531899
1424 0.99582048
1425 0.98514526
1426 0.99071947
1427 0.98836834
1428 0.99182156
1429 0.97464296
1430 0.98400944
1431 0.98399824
1432 0.97851323
1433 0.98183753
1434 0.97474628
1435 0.98211529
1436 0.99057419
1437 0.97569550
1438 0.98537562
1439 0.97990457
1440 0.97851687
1441 0.98251584
1442 0.98650737
1443 0.98977298
1444 0.97835808
1445 0.98775470
1446 0.98433534
1447 0.99168887
1448 0.98826513
1449 0.97464296
1450 0.97817262
1451 0.98644499
1452 0.98596151
1453 0.98166388
1454 0.98215956
1455 0.98576630
1456 0.98368642
1457 0.99254976
1458 0.98773350
1459 0.98226120
1460 0.98406375
1461 0.98520426
1462 0.97818167
1463 0.98525845
1464 0.99472716
1465 0.98411359
1466 0.98691344
1467 0.98307599
1468 0.98533530
1469 0.99041914
1470 0.97817262
1471 0.97818443
1472 0.97682919
1473 0.97493362
1474 0.97519021
1475 0.97074399
1476 0.99002225
1477 0.98109170
1478 0.97459073
1479 0.98603815
1480 0.97768565
1481 0.98546642
1482 0.98412027
1483 0.97694505
1484 0.97594259
1485 0.97655468
1486 0.98011445
1487 0.98290114
1488 0.97580301
1489 0.97937445
1490 0.97919719
1491 0.97818443
1492 0.98833767
1493 0.98788056
1494 0.99117649
1495 0.99310445
1496 0.98889141
1497 0.99581380
1498 0.99959448
1499 0.99355115
1500 0.98395233
1501 0.98750839
1502 0.99721078
1503 0.98930053
1504 0.98995711
1505 0.98139614
1506 0.99142072
1507 0.98762240
1508 0.98718298
1509 0.99825682
1510 0.98789752
1511 0.98180660
1512 0.98833767
1513 0.99304287
1514 0.98851668
1515 0.99116492
1516 0.99207453
1517 0.98871707
1518 0.98338349
1519 0.99174508
1520 0.98912011
1521 0.99251375
1522 0.99038193
1523 0.99111821
1524 0.99781560
1525 0.98557673
1526 0.99624729
1527 0.98700088
1528 0.99365027
1529 0.98606862
1530 0.98779551
1531 0.99032028
1532 0.99429969
1533 0.99304287
1534 0.98359441
1535 0.98078495
1536 0.97651153
1537 0.98242166
1538 0.97888443
1539 0.98170960
1540 0.97807180
1541 0.98322945
1542 0.97144941
1543 0.97783804
1544 0.98445451
1545 0.98427928
1546 0.98308816
1547 0.98017153
1548 0.98147160
1549 0.97846171
1550 0.98218891
1551 0.98160870
1552 0.97570218
1553 0.97531711
1554 0.98359441
1555 0.98886624
1556 0.98756524
1557 0.99255068
1558 0.98998730
1559 0.98913104
1560 0.98762120
1561 0.98380971
1562 0.97404151
1563 0.98181132
1564 0.98375165
1565 0.99300789
1566 0.98618267
1567 0.98597877
1568 0.98425134
1569 0.98333094
1570 0.98534208
1571 0.98510974
1572 0.99156159
1573 0.98454679
1574 0.98316609
1575 0.98886624
1576 0.99110499
1577 0.98118132
1578 0.98683187
1579 0.98685542
1580 0.98375532
1581 0.99223158
1582 0.99018867
1583 0.98887466
1584 0.99719736
1585 0.98764846
1586 0.97671015
1587 0.98390886
1588 0.99563069
1589 0.98790794
1590 0.99000180
1591 0.97961250
1592 0.98708509
1593 0.98179032
1594 0.98412962
1595 0.98861377
1596 0.99110499
1597 0.98091532
1598 0.98044767
1599 0.98390416
1600 0.98803887
1601 0.97563587
1602 0.98886705
1603 0.98928964
1604 0.97951312
1605 0.98414951
1606 0.98838358
1607 0.98012593
1608 0.97879716
1609 0.99096435
1610 0.98295966
1611 0.99028450
1612 0.97827079
1613 0.98029956
1614 0.98117780
1615 0.97813529
1616 0.97386099
1617 0.98091532
1618 0.97005543
1619 0.98366658
1620 0.97381357
1621 0.97049371
1622 0.97949750
1623 0.98540619
1624 0.98366139
1625 0.98083178
1626 0.98389843
1627 0.97316259
1628 0.97979584
1629 0.97435601
1630 0.97807702
1631 0.98262782
1632 0.98355004
1633 0.97521959
1634 0.98116440
1635 0.97211593
1636 0.98127659
1637 0.97217498
1638 0.97005543
1639 0.98521380
1640 0.98781532
1641 0.99130533
1642 0.99088541
1643 0.98665122
1644 0.98346725
1645 0.98268281
1646 0.98729362
1647 0.98962941
1648 0.99261215
1649 0.99350678
1650 0.98973541
1651 0.99186422
1652 0.98355075
1653 0.99214694
1654 0.99133976
1655 0.99100083
1656 0.97686650
1657 0.99017550
1658 0.98280804
1659 0.98521380
1660 0.97836931
1661 0.98331128
1662 0.97584527
1663 0.96136926
1664 0.97032782
1665 0.97266105
1666 0.97368551
1667 0.97594451
1668 0.97852110
1669 0.98273551
1670 0.97648277
1671 0.98400881
1672 0.97406219
1673 0.97191777
1674 0.97833811
1675 0.97319384
1676 0.97467203
1677 0.97808449
1678 0.97573424
1679 0.97295727
1680 0.97836931
1681 0.98805814
1682 0.98355586
1683 0.99060600
1684 0.99339189
1685 0.98774898
1686 0.97777662
1687 0.98257474
1688 0.98344436
1689 0.98611710
1690 0.98525867
1691 0.99754044
1692 0.98464185
1693 0.97670683
1694 0.98372839
1695 0.98483245
1696 0.97983952
1697 0.98813417
1698 0.98266850
1699 0.98332663
1700 0.98297088
1701 0.98805814
1702 0.98233719
1703 0.99102011
1704 0.98936751
1705 0.99164155
1706 0.99538232
1707 0.98471319
1708 0.98614473
1709 0.98352445
1710 0.98460853
1711 0.98093349
1712 0.99573509
1713 0.99406125
1714 0.98532219
1715 0.98657459
1716 0.98043184
1717 0.98205990
1718 0.97704932
1719 0.99146719
1720 0.98273367
1721 0.98295989
1722 0.98233719
1723 0.98287106
1724 0.98089300
1725 0.98611161
1726 0.99476984
1727 0.98855051
1728 0.97864797
1729 0.98237494
1730 0.98072889
1731 0.98392886
1732 0.98633470
1733 0.99252142
1734 0.99525730
1735 0.98559030
1736 0.98295888
1737 0.98968971
1738 0.98903393
1739 0.99077567
1740 0.99339017
1741 0.98468869
1742 0.98168364
1743 0.98287106
1744 0.98377513
1745 0.98368209
1746 0.97800048
1747 0.98190739
1748 0.98359111
1749 0.97121688
1750 0.97338186
1751 0.97425933
1752 0.98385479
1753 0.99211130
1754 0.97730199
1755 0.98521483
1756 0.98160189
1757 0.97453085
1758 0.97992455
1759 0.98281426
1760 0.98157151
1761 0.97706361
1762 0.98030767
1763 0.97586116
1764 0.98377513
1765 0.98669153
1766 0.98815514
1767 0.98170810
1768 0.97906117
1769 0.98552560
1770 0.97222732
1771 0.97578219
1772 0.97505100
1773 0.97964411
1774 0.98072740
1775 0.98055734
1776 0.96845021
1777 0.97732009
1778 0.97748026
1779 0.98430991
1780 0.98296558
1781 0.98356222
1782 0.97744381
1783 0.97683597
1784 0.98543793
1785 0.98669153
1786 0.99643701
1787 0.99106021
1788 0.98603916
1789 0.98609244
1790 0.99041263
1791 0.99318557
1792 0.98067977
1793 0.98115135
1794 0.98615484
1795 0.98588168
1796 0.98779988
1797 0.98411947
1798 0.98554166
1799 0.98015995
1800 0.99619943
1801 0.98689987
1802 0.99368783
1803 0.98584074
1804 0.97381853
1805 0.98266361
1806 0.99643701
1807 0.97905341
1808 0.98416959
1809 0.98143182
1810 0.98079732
1811 0.98425386
1812 0.97899466
1813 0.98854955
1814 0.98057223
1815 0.97511092
1816 0.97938563
1817 0.97674894
1818 0.98418099
1819 0.98271121
1820 0.98126390
1821 0.98350417
1822 0.99307603
1823 0.97088243
1824 0.99842625
1825 0.98736297
1826 0.98159498
1827 0.97905341
1828 0.98055331
1829 0.98564939
1830 0.98277072
1831 0.98718008
1832 0.98580162
1833 0.98309568
1834 0.97782122
1835 0.98268387
1836 0.98400218
1837 0.98904393
1838 0.99177771
1839 0.98862977
1840 0.98548914
1841 0.97971347
1842 0.98849455
1843 0.97872327
1844 0.98567496
1845 0.98372101
1846 0.97964128
1847 0.98014444
1848 0.98055331
1849 0.98057605
1850 0.98260000
1851 0.98484644
1852 0.98729521
1853 0.98156137
1854 0.98318998
1855 0.98461654
1856 0.98354759
1857 0.98642614
1858 0.98319355
1859 0.98407056
1860 0.98973360
1861 0.98394754
1862 0.98481699
1863 0.98592425
1864 0.97610883
1865 0.98770272
1866 0.98985484
1867 0.98079040
1868 0.98050428
1869 0.98057605
1870 0.98957668
1871 0.98631337
1872 0.98631931
1873 0.98885858
1874 0.99494047
1875 0.99386731
1876 0.98652678
1877 0.98068056
1878 0.99080166
1879 0.98570647
1880 0.98471605
1881 0.98996962
1882 0.99259914
1883 0.99020938
1884 0.98532479
1885 0.99101632
1886 0.98420629
1887 0.99047118
1888 0.98764613
1889 0.98564720
1890 0.98957668
1891 0.97411223
1892 0.98241092
1893 0.98054159
1894 0.99502016
1895 0.98676881
1896 0.98163058
1897 0.97522868
1898 0.98207410
1899 0.98027468
1900 0.98569516
1901 0.97794865
1902 0.98127976
1903 0.97364270
1904 0.97825451
1905 0.98399992
1906 0.98074636
1907 0.97961223
1908 0.98918300
1909 0.97952804
1910 0.98444042
1911 0.97411223
1912 0.97688178
1913 0.98191218
1914 0.97858833
1915 0.98308450
1916 0.98530119
1917 0.97323113
1918 0.97767396
1919 0.98398435
1920 0.98471786
1921 0.97473166
1922 0.97713594
1923 0.97984641
1924 0.98722561
1925 0.98242927
1926 0.98354197
1927 0.97709256
1928 0.97545112
1929 0.97635954
1930 0.98560021
1931 0.97317033
1932 0.97688178
1933 0.97862059
1934 0.96183843
1935 0.97702651
1936 0.98001192
1937 0.97918115
1938 0.97178614
1939 0.97895604
1940 0.97794650
1941 0.97072184
1942 0.97441640
1943 0.97631882
1944 0.98410917
1945 0.98175535
1946 0.97394469
1947 0.98649847
1948 0.97541561
1949 0.97602380
1950 0.98373159
1951 0.97831310
1952 0.97909176
1953 0.97862059
1954 0.98583092
1955 0.98169005
1956 0.98467906
1957 0.97849779
1958 0.98111449
1959 0.98585252
1960 0.98287952
1961 0.98457970
1962 0.98079157
1963 0.98079358
1964 0.97577332
1965 0.97968594
1966 0.98824220
1967 0.98516865
1968 0.98898019
1969 0.98589692
1970 0.97866552
1971 0.98196826
1972 0.99015540
1973 0.98151503
1974 0.98583092
1975 0.98989339
1976 0.99294932
1977 0.98719404
1978 0.98635671
1979 0.98925687
1980 0.98382522
1981 0.98333322
1982 0.97457458
1983 0.98992565
1984 0.98630257
1985 0.99222373
1986 0.97168474
1987 0.97985059
1988 0.99001661
1989 0.98131158
1990 0.97759323
1991 0.98772573
1992 0.98441053
1993 0.98473836
1994 0.97905292
1995 0.98989339
1996 0.98205959
1997 0.98268719
1998 0.97777131
1999 0.98191274
2000 0.99286632
2001 0.97142188
2002 0.98078282
2003 0.98361684
2004 0.98884538
2005 0.97716477
2006 0.98967853
2007 0.98633735
2008 0.98038983
2009 0.98890777
2010 0.97752275
2011 0.98455483
2012 0.97501141
2013 0.98365510
2014 0.98018126
2015 0.98926665
2016 0.98205959
2017 0.99338021
2018 0.98244154
2019 0.98699818
2020 0.98086184
2021 0.99267577
2022 0.99708866
2023 0.99394477
2024 0.99118437
2025 0.98909936
2026 0.98644244
2027 0.99948485
2028 0.98903663
2029 1.00045650
2030 0.98461352
2031 0.97918960
2032 0.98991090
2033 0.99124219
2034 0.98821889
2035 0.99900075
2036 0.98512105
2037 0.99338021
2038 0.97754586
2039 0.99154961
2040 0.98708786
2041 0.98386208
2042 0.98631095
2043 0.98391679
2044 0.98452826
2045 0.98803125
2046 0.98970537
2047 0.99116906
2048 0.98890982
2049 0.97609068
2050 0.98067344
2051 0.98030580
2052 0.99373394
2053 0.98432625
2054 0.98885668
2055 0.98560156
2056 0.97786258
2057 0.98053104
2058 0.97754586
2059 0.99092988
2060 0.98333245
2061 0.98738384
2062 0.98954247
2063 0.98840161
2064 0.98813787
2065 0.98726275
2066 0.99151121
2067 0.98618105
2068 0.97903843
2069 0.98193250
2070 0.98678353
2071 0.98976162
2072 0.98488874
2073 0.98293560
2074 0.98047674
2075 0.97970669
2076 0.99168320
2077 0.98468265
2078 0.98391454
2079 0.99092988
2080 0.98123495
2081 0.98555547
2082 0.98682838
2083 0.98174117
2084 0.97594463
2085 0.98270982
2086 0.97936626
2087 0.97144873
2088 0.97104988
2089 0.99368445
2090 0.98090193
2091 0.98348798
2092 0.97939957
2093 0.97808495
2094 0.99554691
2095 0.97646552
2096 0.97760673
2097 0.97715662
2098 0.97892305
2099 0.98105239
2100 0.98123495
2101 0.98645046
2102 0.98496713
2103 0.98854953
2104 0.99396916
2105 0.98048608
2106 0.97691587
2107 0.99040102
2108 0.98495317
2109 0.98723455
2110 0.97016832
2111 0.98054004
2112 0.98060089
2113 0.98441963
2114 0.99056090
2115 0.98105670
2116 0.97417414
2117 0.98826240
2118 0.98548535
2119 0.98455578
2120 0.98912493
2121 0.98645046
2122 0.98000330
2123 0.97938094
2124 0.98475291
2125 0.97584723
2126 0.97639304
2127 0.97108176
2128 0.97192131
2129 0.98145574
2130 0.98492727
2131 0.98118509
2132 0.98779285
2133 0.98171703
2134 0.98004737
2135 0.98208645
2136 0.98097261
2137 0.97686869
2138 0.98349896
2139 0.97396956
2140 0.98622448
2141 0.97056693
2142 0.98000330
2143 0.98792299
2144 0.98531799
2145 0.98097043
2146 0.98562581
2147 0.98715648
2148 0.98985403
2149 0.97702936
2150 0.99457858
2151 0.99120765
2152 0.98868578
2153 0.97721519
2154 0.98768821
2155 0.97695705
2156 0.98204623
2157 0.99293279
2158 0.98620354
2159 0.97976917
2160 0.98393124
2161 0.98248408
2162 0.98558238
2163 0.98792299
2164 0.98291988
2165 0.98591753
2166 0.98291806
2167 0.98359952
2168 0.98007635
2169 0.98509065
2170 0.98270929
2171 0.98159122
2172 0.97830098
2173 0.99474088
2174 0.97408757
2175 0.98200444
2176 0.98073247
2177 0.99047907
2178 0.98248575
2179 0.98167015
2180 0.99076319
2181 0.97552106
2182 0.98414776
2183 0.97652907
2184 0.98291988
2185 0.98538218
2186 0.98349372
2187 0.98204649
2188 0.97992882
2189 0.97330117
2190 0.98083285
2191 0.98042992
2192 0.96972942
2193 0.97478859
2194 0.98309613
2195 0.98263100
2196 0.98145132
2197 0.98750172
2198 0.97194117
2199 0.97659762
2200 0.98285780
2201 0.97168107
2202 0.98222200
2203 0.98443557
2204 0.97499937
2205 0.98538218
2206 0.98302786
2207 0.98869912
2208 0.97580711
2209 0.97506175
2210 0.98802442
2211 0.98133995
2212 0.98567971
2213 0.98663320
2214 0.98439422
2215 0.99061232
2216 0.97886445
2217 0.98781279
2218 0.97784163
2219 0.97700335
2220 0.97760880
2221 0.98140171
2222 0.98388718
2223 0.99052365
2224 0.99145912
2225 0.97890565
2226 0.98302786
2227 0.98881391
2228 0.97503664
2229 0.98430412
2230 0.97290799
2231 0.98383671
2232 0.97898144
2233 0.98088814
2234 0.97897710
2235 0.97486850
2236 0.98039949
2237 0.97987554
2238 0.97342038
2239 0.98517065
2240 0.97852620
2241 0.97841285
2242 0.98157885
2243 0.98389915
2244 0.97527976
2245 0.99284636
2246 0.98523731
2247 0.98881391
2248 0.98664727
2249 0.97552510
2250 0.98177987
2251 0.98316177
2252 0.97581788
2253 0.98429837
2254 0.97937466
2255 0.98619294
2256 0.98184410
2257 0.98077246
2258 0.98577898
2259 0.99069349
2260 0.98014618
2261 0.98605920
2262 0.98545109
2263 0.98018341
2264 0.98266915
2265 0.98073161
2266 0.98718597
2267 0.98433502
2268 0.98664727
2269 0.97886181
2270 0.97844375
2271 0.98314037
2272 0.98938551
2273 0.97853002
2274 0.97919270
2275 0.97950736
2276 0.98862805
2277 0.98975618
2278 0.97750576
2279 0.97524954
2280 0.97837147
2281 0.98181135
2282 0.98184401
2283 0.98675014
2284 0.98863395
2285 0.98019467
2286 0.98212374
2287 0.98477609
2288 0.98129229
2289 0.97886181
2290 0.99873637
2291 0.98906872
2292 0.98894824
2293 0.99031429
2294 0.99925185
2295 0.99259883
2296 0.99033849
2297 0.98808696
2298 0.98955034
2299 0.99569345
2300 0.99279665
2301 0.98312343
2302 0.99227916
2303 1.00238032
2304 1.00073531
2305 0.99792268
2306 0.99318814
2307 0.98255402
2308 0.98824500
2309 0.99699416
2310 0.99873637
2311 0.98128044
2312 0.98143306
2313 0.97738634
2314 0.97440081
2315 0.97718320
2316 0.97266903
2317 0.98186454
2318 0.97377843
2319 0.97613591
2320 0.97306450
2321 0.97604729
2322 0.98316137
2323 0.98117607
2324 0.98171699
2325 0.97843449
2326 0.98249214
2327 0.97629327
2328 0.97550622
2329 0.98102194
2330 0.98248607
2331 0.98128044
2332 0.98199968
2333 0.96976404
2334 0.98404592
2335 0.97921822
2336 0.98397117
2337 0.97904669
2338 0.98344319
2339 0.99073516
2340 0.98712976
2341 0.98406595
2342 0.97682283
2343 0.98469783
2344 0.98279595
2345 0.98009878
2346 0.98638618
2347 0.98336918
2348 0.97948281
2349 0.97401557
2350 0.97763426
2351 0.98355482
2352 0.98199968
2353 0.97640454
2354 0.98787715
2355 0.97887909
2356 0.98900324
2357 0.97297568
2358 0.98019465
2359 0.98552263
2360 0.97643802
2361 0.99089510
2362 0.97802344
2363 0.98435805
2364 0.98555875
2365 0.98738880
2366 0.98449507
2367 0.98955274
2368 0.97738679
2369 0.97911426
2370 0.97732960
2371 0.98388593
2372 0.99439093
2373 0.97640454
2374 0.97482528
2375 0.97306015
2376 0.97472601
2377 0.97563312
2378 0.98045988
2379 0.98351144
2380 0.97982696
2381 0.97561225
2382 0.97421383
2383 0.98461782
2384 0.97191914
2385 0.96998310
2386 0.97955528
2387 0.98151123
2388 0.98232617
2389 0.97401349
2390 0.97560404
2391 0.98242748
2392 0.97945048
2393 0.97783227
2394 0.97482528
2395 0.99433090
2396 0.99851599
2397 0.99984587
2398 0.98866390
2399 0.99934268
2400 0.98493036
2401 0.98946028
2402 0.98915465
2403 0.99589711
2404 0.99469731
2405 0.99958070
2406 0.99118497
2407 0.99278634
2408 0.99878311
2409 0.98656279
2410 0.99792460
2411 0.99242086
2412 0.99132760
2413 0.99279471
2414 0.98369597
2415 0.99433090
2416 0.98147431
2417 0.97517683
2418 0.98706201
2419 0.98218073
2420 0.97752020
2421 0.98560749
2422 0.98330211
2423 0.97847367
2424 0.98028247
2425 0.97909399
2426 0.97837080
2427 0.98551799
2428 0.98193596
2429 0.98348017
2430 0.97663347
2431 0.98233996
2432 0.97925758
2433 0.98188218
2434 0.98067842
2435 0.97137882
2436 0.98147431
2437 0.99123421
2438 0.99016161
2439 0.98744962
2440 0.98767356
2441 0.98916922
2442 0.98761942
2443 0.99009081
2444 0.97777711
2445 0.98676677
2446 0.99841966
2447 0.98974368
2448 0.98646769
2449 0.98418828
2450 0.99083134
2451 0.98444529
2452 0.99602288
2453 0.97960089
2454 0.98900832
2455 0.99671908
2456 0.99063894
2457 0.99123421
2458 0.99422820
2459 0.98776053
2460 0.98423682
2461 0.98811162
2462 0.97814984
2463 0.99496377
2464 0.99201296
2465 0.98557333
2466 0.98004467
2467 0.98401864
2468 0.98710630
2469 0.98295932
2470 0.98323528
2471 0.98142346
2472 0.98063533
2473 0.98118533
2474 0.98154670
2475 0.98438066
2476 0.98357929
2477 0.98188153
2478 0.99422820
2479 0.98059743
2480 0.99089696
2481 0.98859651
2482 0.98531823
2483 0.98289221
2484 0.99589014
2485 0.99135916
2486 0.98435226
2487 0.98812291
2488 0.97931735
2489 0.98547601
2490 0.98404336
2491 0.97823482
2492 0.98622747
2493 0.98950310
2494 0.97810019
2495 0.98607654
2496 0.98709430
2497 0.99223388
2498 0.98435921
2499 0.98059743
2500 0.98379653
2501 0.98720036
2502 0.98367517
2503 0.98651912
2504 0.98681293
2505 0.98170893
2506 0.98450962
2507 0.99514529
2508 0.98847051
2509 0.98230667
2510 0.97823999
2511 0.98281726
2512 0.97989132
2513 0.98455999
2514 0.98468874
2515 0.97919401
2516 0.98588456
2517 0.98769465
2518 0.98191541
2519 0.98902121
2520 0.98379653
2521 0.98064076
2522 0.99009576
2523 0.98758322
2524 0.99515199
2525 0.98635584
2526 0.98537268
2527 0.98957920
2528 0.99404966
2529 0.99085725
2530 0.98745490
2531 0.99766464
2532 0.99043481
2533 0.98316723
2534 0.98767964
2535 0.99070771
2536 0.98569404
2537 0.99387829
2538 0.98617822
2539 0.98604058
2540 0.98802167
2541 0.98064076
2542 0.99019833
2543 0.98980113
2544 0.98689860
2545 0.98779774
2546 0.99158868
2547 0.98320191
2548 0.98694615
2549 0.98355890
2550 0.98960469
2551 0.99405911
2552 0.99247871
2553 0.98860967
2554 0.98952249
2555 0.98951585
2556 0.98936164
2557 0.99130647
2558 0.99481315
2559 0.99491196
2560 0.98907227
2561 0.98183187
2562 0.99019833
2563 0.97760748
2564 0.97801105
2565 0.96980217
2566 0.97638385
2567 0.96657260
2568 0.97119679
2569 0.97321190
2570 0.97996413
2571 0.97372738
2572 0.97657697
2573 0.97749637
2574 0.97383332
2575 0.97957171
2576 0.97770366
2577 0.97427197
2578 0.97688628
2579 0.96990804
2580 0.97368483
2581 0.97883350
2582 0.98192603
2583 0.97760748
2584 0.98535957
2585 0.97930264
2586 0.98875961
2587 0.98162894
2588 0.97737381
2589 0.98588867
2590 0.97925692
2591 0.97197294
2592 0.98627298
2593 0.97578633
2594 0.98401809
2595 0.99335444
2596 0.97455604
2597 0.97772109
2598 0.98321937
2599 0.98343289
2600 0.97069977
2601 0.97676500
2602 0.98456381
2603 0.98120524
2604 0.98535957
2605 0.98656544
2606 0.97717969
2607 0.97720514
2608 0.97989834
2609 0.98050726
2610 0.98363624
2611 0.97502653
2612 0.97289256
2613 0.97911293
2614 0.97733066
2615 0.97939768
2616 0.97015634
2617 0.97280538
2618 0.97539540
2619 0.98291502
2620 0.97392654
2621 0.97269098
2622 0.97278322
2623 0.98022491
2624 0.97417039
2625 0.98656544
2626 0.99438374
2627 0.99382547
2628 0.98846994
2629 0.99393011
2630 0.98838716
2631 0.98694423
2632 0.98385893
2633 0.98398341
2634 0.99047692
2635 0.99718285
2636 0.99244728
2637 0.99588840
2638 0.99450356
2639 0.98918110
2640 0.99708210
2641 0.99324427
2642 0.98411243
2643 0.99464053
2644 0.99021911
2645 0.98951829
2646 0.99438374
2647 0.97406809
2648 0.97944470
2649 0.98057048
2650 0.96915134
2651 0.97260014
2652 0.98295581
2653 0.97083055
2654 0.98051873
2655 0.97574310
2656 0.97799658
2657 0.97726146
2658 0.97672607
2659 0.97989845
2660 0.96245410
2661 0.97369900
2662 0.97488738
2663 0.96158880
2664 0.97995642
2665 0.97649037
2666 0.97702749
2667 0.97406809
2668 0.98938193
2669 0.99530336
2670 0.98452850
2671 0.98281501
2672 0.98977219
2673 0.98856286
2674 0.99836894
2675 0.98418242
2676 0.98572547
2677 0.99266422
2678 0.98906665
2679 0.99067314
2680 0.98938757
2681 0.98670642
2682 0.98998021
2683 0.99210959
2684 0.98919158
2685 0.99100184
2686 0.98883856
2687 0.98807299
2688 0.98938193
2689 0.97596179
2690 0.97105290
2691 0.98440293
2692 0.98969040
2693 0.97754416
2694 0.98593090
2695 0.97339217
2696 0.97166852
2697 0.97819761
2698 0.97804467
2699 0.97236018
2700 0.98156521
2701 0.97935594
2702 0.97459052
2703 0.98242358
2704 0.97989002
2705 0.98273030
2706 0.97966401
2707 0.97513979
2708 0.98241377
2709 0.97596179
2710 0.98822322
2711 0.99740059
2712 0.97903199
2713 0.98389300
2714 0.98942288
2715 0.97525846
2716 0.98283586
2717 0.98858584
2718 0.99211011
2719 0.98475975
2720 0.97784480
2721 0.97774801
2722 0.98349287
2723 0.99115055
2724 0.97657467
2725 0.99134430
2726 0.98696773
2727 0.98376301
2728 0.97926338
2729 0.98620703
2730 0.98822322
2731 0.97992847
2732 0.98423424
2733 0.98193333
2734 0.96774844
2735 0.98912737
2736 0.97854917
2737 0.97794093
2738 0.96118994
2739 0.97626193
2740 0.97334662
2741 0.98321864
2742 0.98508214
2743 0.97539366
2744 0.97859648
2745 0.97261866
2746 0.97845421
2747 0.98001901
2748 0.98188088
2749 0.97388062
2750 0.97645109
2751 0.97992847
2752 0.97974781
2753 0.99522736
2754 0.97719302
2755 0.97679875
2756 0.98167536
2757 0.98556243
2758 0.98448702
2759 0.97712785
2760 0.97591505
2761 0.98726126
2762 0.98801397
2763 0.98396879
2764 0.99098387
2765 0.98212796
2766 0.97764916
2767 0.99056242
2768 0.98075454
2769 0.98728500
2770 0.98032252
2771 0.97343063
2772 0.97974781
2773 0.93356141
2774 0.94199140
2775 0.94560268
2776 0.95809217
2777 0.95740854
2778 0.96364439
2779 0.96999321
2780 0.96700963
2781 0.96965597
2782 0.97299967
2783 0.96627536
2784 0.96765618
2785 0.96587259
2786 0.96175027
2787 0.96182718
2788 0.95839383
2789 0.95201780
2790 0.95653662
2791 0.95061513
2792 0.94253838
2793 0.93356141
2794 0.98144292
2795 0.98658245
2796 0.98821380
2797 0.98075106
2798 0.98333948
2799 0.98626406
2800 0.98763809
2801 0.99560559
2802 0.99631802
2803 0.99315356
2804 0.99066233
2805 0.98031339
2806 0.99244307
2807 0.99283470
2808 0.98603707
2809 0.98788300
2810 0.98613994
2811 0.98796220
2812 0.98557718
2813 0.99312547
2814 0.98144292
2815 0.97522180
2816 0.97263518
2817 0.97669335
2818 0.97771658
2819 0.97438107
2820 0.98199982
2821 0.97479385
2822 0.97864993
2823 0.97219744
2824 0.98116378
2825 0.97863983
2826 0.97790275
2827 0.97309816
2828 0.96976452
2829 0.97587825
2830 0.98234954
2831 0.96735716
2832 0.97977717
2833 0.97365780
2834 0.98751867
2835 0.97522180
2836 0.98750793
2837 0.98765093
2838 0.98034685
2839 0.98516232
2840 0.98119395
2841 0.99027916
2842 0.98129458
2843 0.98359687
2844 0.98759896
2845 0.98800045
2846 0.99002073
2847 0.98474583
2848 0.98633386
2849 0.98312402
2850 0.99311167
2851 0.99049143
2852 0.98237572
2853 0.97538044
2854 0.97990822
2855 0.99477704
2856 0.98750793
2857 0.98598576
2858 0.97972040
2859 0.97926758
2860 0.97974869
2861 0.98323968
2862 0.98837314
2863 0.98631224
2864 0.98652128
2865 0.98555965
2866 0.98787702
2867 0.99163794
2868 0.98575851
2869 0.98063184
2870 0.98311914
2871 0.98612123
2872 0.98134480
2873 0.97975028
2874 0.98474146
2875 0.98719830
2876 0.98609538
2877 0.98598576
2878 0.98876592
2879 0.97899781
2880 0.98343093
2881 0.97786557
2882 0.98570982
2883 0.98875509
2884 0.97675557
2885 0.98317327
2886 0.98218075
2887 0.99102803
2888 0.98566094
2889 0.98679664
2890 0.98153447
2891 0.98902911
2892 0.98390769
2893 0.97952108
2894 0.97826726
2895 0.98517677
2896 0.98181690
2897 0.98518540
2898 0.98876592
2899 0.99184468
2900 0.97755003
2901 0.97953089
2902 0.98428231
2903 0.99094442
2904 0.98414830
2905 0.99319613
2906 0.98989681
2907 0.98999504
2908 0.98943490
2909 0.98604585
2910 0.98365895
2911 0.98616359
2912 0.99471127
2913 0.97887312
2914 0.98456746
2915 0.98812424
2916 0.98280828
2917 0.98520108
2918 1.00059358
2919 0.99184468
2920 0.97598180
2921 0.96302869
2922 0.97614857
2923 0.97817388
2924 0.97068640
2925 0.96873217
2926 0.96490770
2927 0.97829407
2928 0.96877839
2929 0.96321632
2930 0.97695838
2931 0.97037118
2932 0.97673767
2933 0.96872637
2934 0.96751302
2935 0.97592103
2936 0.96738346
2937 0.97559528
2938 0.97749741
2939 0.97554502
2940 0.97598180
2941 0.98721764
2942 0.98197770
2943 0.98700646
2944 0.98383230
2945 0.98277274
2946 0.98349785
2947 0.98721047
2948 0.97745453
2949 0.98465915
2950 0.98514187
2951 0.98143181
2952 0.98134777
2953 0.98248046
2954 0.98588159
2955 0.97751595
2956 0.98204675
2957 0.99254142
2958 0.97651719
2959 0.98803933
2960 0.97889036
2961 0.98721764
2962 0.97756276
2963 0.98009248
2964 0.98092396
2965 0.98132644
2966 0.97585317
2967 0.97725300
2968 0.97494927
2969 0.98484067
2970 0.97765472
2971 0.97990796
2972 0.97580591
2973 0.97204582
2974 0.98707290
2975 0.97642724
2976 0.97533418
2977 0.97042290
2978 0.97900509
2979 0.97658928
2980 0.98458381
2981 0.97133567
2982 0.97756276
2983 0.97919474
2984 0.97434995
2985 0.97792137
2986 0.97425285
2987 0.97618069
2988 0.97782128
2989 0.97880594
2990 0.97604475
2991 0.97833748
2992 0.97657067
2993 0.97851699
2994 0.96840412
2995 0.97988753
2996 0.97251764
2997 0.97900335
2998 0.98100377
2999 0.97095230
3000 0.97361370
3001 0.97506174
3002 0.97728639
3003 0.97919474
3004 0.98580855
3005 0.99660606
3006 0.99579809
3007 0.98648001
3008 0.99534836
3009 0.99310786
3010 0.99579412
3011 0.98374835
3012 0.99739592
3013 0.98756711
3014 0.99717627
3015 0.98559879
3016 0.99787753
3017 0.99448522
3018 0.99272363
3019 0.99387867
3020 0.99485369
3021 0.99031232
3022 0.98825209
3023 0.99416714
3024 0.98580855
