index DenDen_position
1 1.60587286
2 1.56011582
3 1.52698268
4 1.49870021
5 1.48270130
6 1.46354834
7 1.44834891
8 1.44366531
9 1.43556972
10 1.43530583
11 1.42385182
12 1.42775218
13 1.43321039
14 1.43596886
15 1.44795494
16 1.46332953
17 1.47188301
18 1.49870813
19 1.52571570
20 1.56530030
21 1.60587286
22 0.92625070
23 0.93049543
24 0.93943639
25 0.95105019
26 0.94754493
27 0.94656174
28 0.95087821
29 0.95318750
30 0.96139971
31 0.95525819
32 0.96189999
33 0.94872426
34 0.95179106
35 0.96114801
36 0.96006173
37 0.94576569
38 0.94925206
39 0.94728917
40 0.94677596
41 0.92753732
42 0.92625070
43 0.98102068
44 0.97764832
45 0.98023304
46 0.98449989
47 0.97649303
48 0.97841695
49 0.97811428
50 0.97577439
51 0.97562594
52 0.98069252
53 0.98777738
54 0.97444789
55 0.97851469
56 0.98043799
57 0.96781834
58 0.98070580
59 0.99054919
60 0.97433879
61 0.98106008
62 0.97860025
63 0.98102068
64 0.98728021
65 0.98324946
66 0.98405392
67 0.98587296
68 0.97788277
69 0.98021075
70 0.98389180
71 0.98011795
72 0.97616942
73 0.98593224
74 0.97903546
75 0.97908862
76 0.97570565
77 0.97690159
78 0.97445242
79 0.98317814
80 0.97443248
81 0.98742071
82 0.97763110
83 0.97683802
84 0.98728021
85 0.99518772
86 0.98466112
87 0.99002473
88 0.98412648
89 0.98689824
90 0.98474742
91 0.98439169
92 0.98306123
93 0.98384168
94 0.98359652
95 0.98039859
96 0.97894948
97 0.98756738
98 0.97907492
99 0.98389986
100 0.98409168
101 0.99041244
102 0.98258913
103 0.98868773
104 0.98669481
105 0.99518772
106 0.97528073
107 0.98785792
108 0.98425197
109 0.98122863
110 0.98715916
111 0.97213091
112 0.98240183
113 0.97464320
114 0.97796006
115 0.97400697
116 0.97854845
117 0.97604686
118 0.97753144
119 0.98150916
120 0.98560584
121 0.97989548
122 0.98461333
123 0.97771802
124 0.98151534
125 0.98457985
126 0.97528073
127 0.99314125
128 0.97608166
129 0.98378400
130 0.97004996
131 0.98665861
132 0.98094863
133 0.97840535
134 0.97810863
135 0.99183300
136 0.99227373
137 0.98436344
138 0.99072618
139 0.98020904
140 0.98610381
141 0.98810685
142 0.99139753
143 0.98805032
144 0.98162959
145 0.98955942
146 0.98633700
147 0.99314125
148 0.98231466
149 0.97447606
150 0.99505680
151 0.98558076
152 0.97316217
153 0.98873254
154 0.97973734
155 0.98848044
156 0.98432652
157 0.98039651
158 0.97878916
159 0.97849832
160 0.97768437
161 0.97992543
162 0.98308667
163 0.98569676
164 0.98488801
165 0.97949150
166 0.97999816
167 0.98524908
168 0.98231466
169 0.99210697
170 0.99113996
171 0.97533544
172 0.99342150
173 0.98044553
174 0.99005880
175 0.98425120
176 0.97890991
177 0.98531860
178 0.99207898
179 0.98500436
180 0.99002678
181 0.98053863
182 0.98429316
183 0.98885385
184 0.99044430
185 0.99527009
186 0.98499370
187 0.99016631
188 0.99084201
189 0.99210697
190 0.97607465
191 0.98538472
192 0.98557319
193 0.97468610
194 0.98432868
195 0.98299056
196 0.98025849
197 0.97617382
198 0.98269641
199 0.97952860
200 0.97841230
201 0.98056794
202 0.98367264
203 0.98342962
204 0.98471186
205 0.97853675
206 0.97057394
207 0.98555413
208 0.97910771
209 0.98182682
210 0.97607465
211 0.97642399
212 0.97598661
213 0.97696099
214 0.99012768
215 0.97027570
216 0.97931176
217 0.97608326
218 0.98213788
219 0.98807369
220 0.98598981
221 0.97260842
222 0.98497302
223 0.97842362
224 0.97023308
225 0.98326504
226 0.97517494
227 0.98133283
228 0.98563446
229 0.98085405
230 0.98873185
231 0.97642399
232 0.92895230
233 0.92576797
234 0.94850863
235 0.94458808
236 0.95170026
237 0.94593544
238 0.95480137
239 0.95135301
240 0.95238177
241 0.96439543
242 0.96395086
243 0.95664743
244 0.95196311
245 0.95270449
246 0.95586251
247 0.95335565
248 0.94382353
249 0.94959560
250 0.93679856
251 0.93378603
252 0.92895230
253 0.91767026
254 0.93529966
255 0.93364403
256 0.94444373
257 0.94513052
258 0.95185558
259 0.94897343
260 0.95753602
261 0.95259537
262 0.95580351
263 0.96721796
264 0.94868441
265 0.95862421
266 0.95361788
267 0.94766766
268 0.95511233
269 0.94967551
270 0.95377305
271 0.93563137
272 0.92120771
273 0.91767026
274 0.98312962
275 0.98323645
276 0.99017034
277 0.98087244
278 0.98939709
279 0.98700285
280 0.98586243
281 0.98214593
282 0.98975987
283 0.99237256
284 0.98874667
285 0.98424929
286 0.98833218
287 0.98694582
288 0.98841906
289 0.99148520
290 0.98646402
291 0.98506264
292 0.99293693
293 0.98531578
294 0.98312962
295 0.96741800
296 0.98630056
297 0.96747127
298 0.96930380
299 0.97359259
300 0.97146852
301 0.97174724
302 0.97632096
303 0.97241699
304 0.97626312
305 0.97218516
306 0.97920945
307 0.97214261
308 0.96506830
309 0.96797732
310 0.96332601
311 0.97160763
312 0.97168356
313 0.97611920
314 0.96785589
315 0.96741800
316 0.96471884
317 0.97521276
318 0.97241887
319 0.96777397
320 0.97125877
321 0.96854304
322 0.96286708
323 0.98265396
324 0.97142827
325 0.97593731
326 0.96516321
327 0.97134205
328 0.97774108
329 0.98007479
330 0.97681694
331 0.97220372
332 0.97490598
333 0.97101981
334 0.96760680
335 0.97972897
336 0.96471884
337 0.97413734
338 0.97006900
339 0.97710972
340 0.97695331
341 0.97491499
342 0.97360564
343 0.97637640
344 0.96316890
345 0.97435498
346 0.97350625
347 0.98207948
348 0.97222058
349 0.97818417
350 0.96652702
351 0.98121463
352 0.96830050
353 0.97970349
354 0.97706009
355 0.98375857
356 0.97495014
357 0.97413734
358 0.98016121
359 0.97876966
360 0.97999372
361 0.97184110
362 0.97894824
363 0.97969678
364 0.96962215
365 0.98067466
366 0.97411095
367 0.98063359
368 0.98059811
369 0.97729240
370 0.97587247
371 0.97684896
372 0.98471063
373 0.98516185
374 0.98173976
375 0.97402736
376 0.97560992
377 0.98004234
378 0.98016121
379 0.97440160
380 0.97471007
381 0.96890156
382 0.97518645
383 0.97699726
384 0.97757823
385 0.98532798
386 0.97298134
387 0.97619385
388 0.97726333
389 0.97553693
390 0.98272237
391 0.98210475
392 0.97626938
393 0.97058504
394 0.97758269
395 0.97322286
396 0.97211683
397 0.98016032
398 0.97484798
399 0.97440160
400 0.98356753
401 0.97713546
402 0.97275381
403 0.98195622
404 0.98176477
405 0.96607660
406 0.98783821
407 0.98055450
408 0.97189951
409 0.97330206
410 0.98552671
411 0.97409030
412 0.98390808
413 0.96979613
414 0.97510267
415 0.97831582
416 0.97566476
417 0.97640810
418 0.98085384
419 0.98436872
420 0.98356753
421 0.96685749
422 0.97003683
423 0.97247941
424 0.97075011
425 0.97226484
426 0.97013974
427 0.97548129
428 0.97603130
429 0.97940193
430 0.97432812
431 0.97427733
432 0.96742913
433 0.97908240
434 0.97211713
435 0.97169635
436 0.97959597
437 0.96985950
438 0.97026225
439 0.97112049
440 0.97356928
441 0.96685749
442 0.97155456
443 0.97895972
444 0.98821833
445 0.98478015
446 0.97793526
447 0.97822847
448 0.98169104
449 0.98308662
450 0.98397138
451 0.98546214
452 0.99053312
453 0.97975211
454 0.99119302
455 0.98382763
456 0.98507616
457 0.98039332
458 0.98054041
459 0.98898420
460 0.97923678
461 0.98961118
462 0.97155456
463 0.97509737
464 0.97810171
465 0.98326323
466 0.98134951
467 0.97409330
468 0.98747110
469 0.98234991
470 0.98048406
471 0.97789459
472 0.98220704
473 0.97994372
474 0.97273832
475 0.97466741
476 0.97602423
477 0.97715686
478 0.97401406
479 0.97768341
480 0.97167744
481 0.96932525
482 0.97436264
483 0.97509737
484 0.98572268
485 0.99088542
486 0.98886161
487 0.99371297
488 0.98545777
489 0.99643265
490 0.98712553
491 0.99097720
492 0.99631955
493 0.99517485
494 0.99273625
495 0.98834103
496 0.98585340
497 0.99202479
498 0.98760367
499 0.99642260
500 0.99071824
501 0.98517406
502 0.99235013
503 0.98025178
504 0.98572268
505 0.97849211
506 0.98486083
507 0.97607366
508 0.99003615
509 0.98540299
510 0.98213281
511 0.98809959
512 0.98030939
513 0.98224743
514 0.97705968
515 0.97420397
516 0.98690005
517 0.98517531
518 0.98744698
519 0.98188527
520 0.97881013
521 0.97922694
522 0.98504438
523 0.98036106
524 0.97881223
525 0.97849211
526 0.96985101
527 0.97439436
528 0.96921084
529 0.97502861
530 0.96980043
531 0.96498353
532 0.97056061
533 0.97019407
534 0.96644416
535 0.96818537
536 0.96307341
537 0.97410158
538 0.98308597
539 0.95661521
540 0.96446578
541 0.96996748
542 0.96782126
543 0.97350454
544 0.96573598
545 0.96699459
546 0.96985101
547 0.97818030
548 0.97124551
549 0.98065138
550 0.98003584
551 0.98390020
552 0.97992229
553 0.98323953
554 0.98656391
555 0.97613856
556 0.97849907
557 0.97938579
558 0.98109465
559 0.97999024
560 0.98145053
561 0.97700798
562 0.97766920
563 0.98028394
564 0.99017174
565 0.98215637
566 0.97671198
567 0.97818030
568 0.97883753
569 0.98672900
570 0.99165809
571 0.97942050
572 0.98867625
573 0.97934764
574 0.98110820
575 0.98207678
576 0.97992144
577 0.99109220
578 0.97119077
579 0.98507872
580 0.98010915
581 0.98212872
582 0.98375323
583 0.97222770
584 0.98682385
585 0.98267583
586 0.98006633
587 0.97574447
588 0.97883753
589 0.97161836
590 0.97829769
591 0.97845467
592 0.97242028
593 0.97297170
594 0.97303664
595 0.97324525
596 0.97745648
597 0.97582511
598 0.97394485
599 0.97521260
600 0.96871274
601 0.97398269
602 0.98317569
603 0.96413496
604 0.96668244
605 0.97672692
606 0.96843620
607 0.98403229
608 0.97185252
609 0.97161836
610 0.98257750
611 0.98249408
612 0.97237162
613 0.98081803
614 0.98779534
615 0.98308886
616 0.99116729
617 0.97878289
618 0.98518998
619 0.98623968
620 0.98678240
621 0.98106489
622 0.98841828
623 0.98699795
624 0.98895808
625 0.98960941
626 0.97772408
627 0.97992802
628 0.97523294
629 0.97660327
630 0.98257750
631 0.96751835
632 0.97425080
633 0.96939932
634 0.96787331
635 0.97692570
636 0.97491338
637 0.97714543
638 0.97096443
639 0.96784927
640 0.97583545
641 0.97395488
642 0.97903150
643 0.97035280
644 0.96373027
645 0.96717926
646 0.98341530
647 0.97165827
648 0.97384067
649 0.97610325
650 0.96893707
651 0.96751835
652 0.98314826
653 0.97994517
654 0.98628713
655 0.97697224
656 0.98221821
657 0.98474551
658 0.98406837
659 0.98900524
660 0.97772223
661 0.98342114
662 0.96784969
663 0.98480681
664 0.97992608
665 0.98885069
666 0.97902362
667 0.98408630
668 0.98669482
669 0.98274546
670 0.98188079
671 0.98618964
672 0.98314826
673 0.98689548
674 0.98270422
675 0.98247986
676 0.98457175
677 0.97935532
678 0.97604804
679 0.97606482
680 0.97455459
681 0.97919013
682 0.98522803
683 0.98166507
684 0.98398276
685 0.99025270
686 0.98238852
687 0.98438423
688 0.98481155
689 0.98254196
690 0.97328172
691 0.97351119
692 0.97178837
693 0.98689548
694 0.97966476
695 0.97848053
696 0.98358165
697 0.98622368
698 0.98466515
699 0.97473932
700 0.98064481
701 0.98085358
702 0.97441575
703 0.98246041
704 0.97758076
705 0.98436305
706 0.97845708
707 0.97669412
708 0.98295967
709 0.97992775
710 0.98064029
711 0.99147009
712 0.97770894
713 0.96892467
714 0.97966476
715 0.97808682
716 0.97804802
717 0.98033468
718 0.98024829
719 0.97420474
720 0.98726317
721 0.97938955
722 0.98324450
723 0.97752696
724 0.97392301
725 0.98167512
726 0.96873626
727 0.98169473
728 0.97688968
729 0.98694796
730 0.98359747
731 0.98304374
732 0.98554958
733 0.96953065
734 0.97645877
735 0.97808682
736 0.96737057
737 0.97349319
738 0.97348292
739 0.98214366
740 0.97267658
741 0.98174763
742 0.98696777
743 0.97768665
744 0.97736382
745 0.97568514
746 0.98310321
747 0.97665569
748 0.97960129
749 0.97986630
750 0.98174361
751 0.97664915
752 0.97814788
753 0.98020277
754 0.97507672
755 0.97946436
756 0.96737057
757 0.98020837
758 0.98127947
759 0.97734374
760 0.99050949
761 0.97900968
762 0.98047380
763 0.97735302
764 0.98283163
765 0.97497853
766 0.98531640
767 0.98731861
768 0.98360940
769 0.98532073
770 0.98410722
771 0.97668214
772 0.98669698
773 0.98075770
774 0.98829588
775 0.98115517
776 0.98793388
777 0.98020837
778 0.97010621
779 0.96947591
780 0.97221722
781 0.97254972
782 0.97684109
783 0.97999471
784 0.97165555
785 0.97110923
786 0.97876410
787 0.97094836
788 0.98154201
789 0.98499071
790 0.98500600
791 0.97742464
792 0.98226555
793 0.97295735
794 0.97770690
795 0.96833589
796 0.97243094
797 0.97237859
798 0.97010621
799 0.97615946
800 0.97179661
801 0.97522513
802 0.97327708
803 0.97784639
804 0.97954970
805 0.98276050
806 0.97648359
807 0.97538219
808 0.97118039
809 0.96961004
810 0.97296539
811 0.97239671
812 0.96946736
813 0.96826803
814 0.97680987
815 0.97359642
816 0.97291616
817 0.97573040
818 0.97511425
819 0.97615946
820 0.96859474
821 0.97654127
822 0.98382673
823 0.97682695
824 0.97132812
825 0.97072867
826 0.97330270
827 0.97417532
828 0.97428481
829 0.97783271
830 0.97921463
831 0.98376094
832 0.97637169
833 0.98133543
834 0.96772894
835 0.98010613
836 0.97194795
837 0.96779719
838 0.98380004
839 0.96335303
840 0.96859474
841 0.98170685
842 0.97655290
843 0.96012501
844 0.98576890
845 0.97490662
846 0.97234317
847 0.97755351
848 0.96869605
849 0.97939758
850 0.97633613
851 0.97799093
852 0.96822796
853 0.98108773
854 0.97643589
855 0.97415145
856 0.97174966
857 0.98017229
858 0.98476036
859 0.97551851
860 0.97344012
861 0.98170685
862 0.96466085
863 0.97078629
864 0.96476798
865 0.97638334
866 0.97121253
867 0.96729732
868 0.97671654
869 0.96498460
870 0.97029735
871 0.97970937
872 0.97138516
873 0.96644384
874 0.97387989
875 0.97791990
876 0.97940913
877 0.97069736
878 0.97014551
879 0.97111633
880 0.97834896
881 0.96693130
882 0.96466085
883 0.98304276
884 0.97496203
885 0.97429650
886 0.98706623
887 0.97464558
888 0.97448406
889 0.99117376
890 0.97605942
891 0.97619951
892 0.97684607
893 0.98742736
894 0.97501134
895 0.98305088
896 0.98611767
897 0.97789978
898 0.97309311
899 0.97790774
900 0.98182685
901 0.97846632
902 0.97948657
903 0.98304276
904 0.97583682
905 0.98133391
906 0.98289475
907 0.98312932
908 0.97906140
909 0.97338652
910 0.97848242
911 0.98616693
912 0.97717282
913 0.98109037
914 0.97499994
915 0.98067214
916 0.97872778
917 0.97624880
918 0.98264638
919 0.98439993
920 0.97876194
921 0.97935796
922 0.98195471
923 0.97668333
924 0.97583682
925 0.97778496
926 0.97934461
927 0.98224410
928 0.97851865
929 0.97910961
930 0.97912740
931 0.98231136
932 0.99287529
933 0.98044643
934 0.98299930
935 0.97641525
936 0.98290253
937 0.98168911
938 0.97268764
939 0.97396316
940 0.98063148
941 0.98348977
942 0.98888918
943 0.98096758
944 0.98448537
945 0.97778496
946 0.97337544
947 0.98999997
948 0.98333241
949 0.97505035
950 0.97739445
951 0.97801876
952 0.98183614
953 0.98214388
954 0.99040484
955 0.98208231
956 0.97880469
957 0.98468546
958 0.98201484
959 0.98338832
960 0.97136970
961 0.97103398
962 0.98962745
963 0.97991497
964 0.98619957
965 0.98681476
966 0.97337544
967 0.96879804
968 0.97074742
969 0.96947272
970 0.97693606
971 0.97596314
972 0.97600877
973 0.97769521
974 0.97068570
975 0.96575109
976 0.97463406
977 0.97168997
978 0.97249321
979 0.96668554
980 0.97864797
981 0.96341899
982 0.97134136
983 0.96770342
984 0.97669116
985 0.97165161
986 0.97888246
987 0.96879804
988 0.97955819
989 0.97695731
990 0.97632896
991 0.97871412
992 0.98088635
993 0.97208245
994 0.98210168
995 0.97401389
996 0.98084433
997 0.97469097
998 0.97521839
999 0.97951995
1000 0.98068847
1001 0.96879131
1002 0.98383835
1003 0.98058776
1004 0.97404025
1005 0.97015193
1006 0.97482840
1007 0.97304048
1008 0.97955819
1009 0.97224559
1010 0.98050530
1011 0.97159912
1012 0.96392718
1013 0.97981511
1014 0.98069983
1015 0.98591367
1016 0.97013072
1017 0.96215098
1018 0.98151227
1019 0.96814423
1020 0.97373088
1021 0.97831920
1022 0.97088389
1023 0.97483301
1024 0.97332344
1025 0.97659665
1026 0.97858455
1027 0.97250274
1028 0.97408431
1029 0.97224559
1030 0.98289061
1031 0.97595022
1032 0.97388321
1033 0.98401486
1034 0.99021488
1035 0.98264868
1036 0.99009250
1037 0.97852321
1038 0.98109721
1039 0.97723034
1040 0.97300332
1041 0.97993217
1042 0.98765327
1043 0.97993384
1044 0.99794992
1045 0.98847608
1046 0.97743553
1047 0.98059753
1048 0.98527041
1049 0.98167045
1050 0.98289061
1051 0.97784781
1052 0.96862645
1053 0.97089546
1054 0.97008733
1055 0.98234825
1056 0.97256013
1057 0.97304246
1058 0.97800595
1059 0.97040008
1060 0.98400628
1061 0.97370425
1062 0.97988080
1063 0.97678429
1064 0.97974178
1065 0.96997523
1066 0.97647092
1067 0.97900443
1068 0.97612007
1069 0.97895738
1070 0.97595957
1071 0.97784781
1072 0.97962395
1073 0.97499285
1074 0.97901067
1075 0.98038999
1076 0.98420464
1077 0.98618351
1078 0.98595428
1079 0.98511350
1080 0.97849924
1081 0.98044739
1082 0.98518012
1083 0.97757570
1084 0.97846794
1085 0.97772599
1086 0.97487282
1087 0.98059818
1088 0.98201987
1089 0.97399103
1090 0.97337563
1091 0.96644170
1092 0.97962395
1093 0.98264053
1094 0.97445348
1095 0.98185969
1096 0.98106749
1097 0.97455772
1098 0.98209940
1099 0.98097470
1100 0.98351126
1101 0.98011925
1102 0.98020692
1103 0.98214214
1104 0.97745972
1105 0.97520696
1106 0.97598325
1107 0.97568411
1108 0.98035455
1109 0.98363188
1110 0.97884356
1111 0.98525749
1112 0.98532328
1113 0.98264053
1114 0.98655618
1115 0.98944606
1116 0.97872911
1117 0.99082665
1118 0.98630613
1119 0.97523980
1120 0.98560905
1121 0.98413113
1122 0.97686969
1123 0.99292939
1124 0.98309273
1125 0.98767309
1126 0.99233916
1127 0.98787994
1128 0.99090411
1129 0.98321424
1130 0.98540410
1131 0.98860277
1132 0.98815553
1133 0.99036690
1134 0.98655618
1135 0.96381491
1136 0.96475677
1137 0.97547728
1138 0.97452003
1139 0.96866724
1140 0.96670377
1141 0.96765558
1142 0.96313563
1143 0.96487897
1144 0.97514740
1145 0.96956030
1146 0.97248771
1147 0.96330586
1148 0.96999684
1149 0.97123138
1150 0.97240451
1151 0.96078275
1152 0.96940168
1153 0.96860134
1154 0.97813998
1155 0.96381491
1156 0.98969354
1157 0.98957544
1158 0.99076557
1159 0.98825023
1160 0.99090396
1161 0.98952665
1162 0.98388007
1163 0.98414877
1164 0.98711494
1165 0.99123753
1166 0.97840207
1167 0.98300192
1168 0.99305888
1169 0.99142308
1170 0.98616082
1171 0.98191442
1172 0.98585497
1173 0.98837019
1174 0.99681691
1175 0.98992172
1176 0.98969354
1177 0.97327261
1178 0.97900839
1179 0.97293604
1180 0.97266151
1181 0.96900894
1182 0.97649381
1183 0.97329617
1184 0.96816730
1185 0.97416940
1186 0.97406240
1187 0.96380405
1188 0.97506931
1189 0.97096295
1190 0.97012703
1191 0.97338953
1192 0.97467798
1193 0.97397305
1194 0.97540232
1195 0.98367745
1196 0.97056794
1197 0.97327261
1198 0.97399857
1199 0.97119177
1200 0.98391912
1201 0.97625466
1202 0.97173728
1203 0.98008222
1204 0.97599713
1205 0.97685262
1206 0.98117438
1207 0.98909904
1208 0.98132183
1209 0.97919392
1210 0.97921217
1211 0.97136263
1212 0.97096978
1213 0.97597231
1214 0.98248904
1215 0.97700170
1216 0.97581821
1217 0.97726198
1218 0.97399857
1219 0.97430234
1220 0.97269429
1221 0.98819115
1222 0.97783608
1223 0.98118517
1224 0.97566840
1225 0.97459566
1226 0.98067511
1227 0.97895212
1228 0.97565874
1229 0.97947269
1230 0.98165315
1231 0.97291310
1232 0.97228005
1233 0.98188668
1234 0.96758743
1235 0.98300836
1236 0.96854080
1237 0.97084191
1238 0.97794198
1239 0.97430234
1240 0.98205302
1241 0.98163376
1242 0.96896987
1243 0.97581282
1244 0.98422333
1245 0.98263742
1246 0.97157707
1247 0.97873748
1248 0.97233816
1249 0.97189714
1250 0.97724294
1251 0.97876588
1252 0.97312866
1253 0.97452474
1254 0.97768499
1255 0.98094069
1256 0.97769007
1257 0.98197609
1258 0.97445284
1259 0.97596404
1260 0.98205302
1261 0.98697334
1262 0.99200979
1263 0.98255458
1264 0.97353045
1265 0.99068174
1266 0.98464690
1267 0.98718109
1268 0.99332872
1269 0.98720799
1270 0.98122544
1271 0.99700392
1272 0.98153515
1273 0.98588949
1274 0.98666888
1275 0.98932005
1276 0.98665421
1277 0.97651120
1278 0.98194810
1279 0.98721141
1280 0.98496234
1281 0.98697334
1282 0.97112079
1283 0.96572642
1284 0.97048951
1285 0.96612803
1286 0.97557090
1287 0.97515821
1288 0.97071490
1289 0.97883000
1290 0.97742067
1291 0.96935335
1292 0.97615858
1293 0.97714809
1294 0.97592170
1295 0.97088121
1296 0.96905470
1297 0.96889184
1298 0.97158513
1299 0.97607910
1300 0.96893211
1301 0.97012081
1302 0.97112079
1303 0.97463963
1304 0.98312403
1305 0.98016226
1306 0.98995898
1307 0.98380555
1308 0.98389223
1309 0.98100527
1310 0.98535847
1311 0.98574480
1312 0.98733052
1313 0.98162187
1314 0.97938180
1315 0.98298302
1316 0.98427665
1317 0.98193488
1318 0.98873299
1319 0.98274111
1320 0.99067161
1321 0.98574900
1322 0.98409023
1323 0.97463963
1324 0.98723426
1325 0.97854204
1326 0.98277251
1327 0.97529219
1328 0.98048791
1329 0.97522511
1330 0.97860922
1331 0.97731041
1332 0.97934169
1333 0.98355663
1334 0.97550823
1335 0.97730609
1336 0.97435528
1337 0.98105706
1338 0.97207002
1339 0.97423626
1340 0.97638846
1341 0.96934780
1342 0.97146718
1343 0.98449151
1344 0.98723426
1345 0.97657388
1346 0.97188746
1347 0.97291838
1348 0.98397481
1349 0.97536876
1350 0.96795126
1351 0.98373825
1352 0.98102439
1353 0.97755739
1354 0.97519662
1355 0.98191524
1356 0.98157919
1357 0.97084530
1358 0.98101130
1359 0.97138862
1360 0.97152361
1361 0.98549016
1362 0.97056979
1363 0.99009821
1364 0.97933131
1365 0.97657388
1366 0.97267842
1367 0.97425131
1368 0.97326418
1369 0.96792411
1370 0.97252602
1371 0.97577442
1372 0.97218961
1373 0.97633747
1374 0.97417129
1375 0.97874086
1376 0.97192996
1377 0.96821023
1378 0.97798845
1379 0.97333155
1380 0.96711641
1381 0.97057216
1382 0.97525200
1383 0.97932681
1384 0.97553017
1385 0.96988021
1386 0.97267842
1387 0.98290883
1388 0.97431615
1389 0.97867934
1390 0.97350519
1391 0.98780374
1392 0.98933134
1393 0.97856482
1394 0.98257775
1395 0.98166560
1396 0.98176577
1397 0.98994744
1398 0.97762159
1399 0.97751058
1400 0.97495321
1401 0.98436997
1402 0.98688889
1403 0.98239278
1404 0.98430936
1405 0.97973417
1406 0.98216970
1407 0.98290883
1408 0.98039282
1409 0.98666707
1410 0.98335997
1411 0.97929041
1412 0.98264746
1413 0.97694774
1414 0.98138115
1415 0.98056148
1416 0.97057285
1417 0.97428672
1418 0.97944702
1419 0.98288541
1420 0.97633375
1421 0.97771946
1422 0.98343570
1423 0.98263519
1424 0.98535224
1425 0.97127842
1426 0.99024890
1427 0.98204217
1428 0.98039282
1429 0.97900360
1430 0.97762900
1431 0.97480726
1432 0.98186603
1433 0.97725899
1434 0.98070004
1435 0.97053329
1436 0.96984996
1437 0.98008600
1438 0.97973049
1439 0.97296293
1440 0.98462969
1441 0.97872392
1442 0.97146405
1443 0.97593250
1444 0.97261924
1445 0.97615733
1446 0.97689792
1447 0.97899643
1448 0.98257255
1449 0.97900360
1450 0.98032821
1451 0.97742559
1452 0.97660066
1453 0.97320524
1454 0.96835991
1455 0.97580076
1456 0.97960844
1457 0.98934700
1458 0.97395636
1459 0.97765332
1460 0.96974336
1461 0.97465358
1462 0.98054772
1463 0.97059878
1464 0.98204591
1465 0.97963364
1466 0.97143170
1467 0.97532644
1468 0.98605228
1469 0.97407625
1470 0.98032821
1471 0.97802026
1472 0.98829175
1473 0.98107805
1474 0.97771466
1475 0.97855783
1476 0.97773055
1477 0.96340137
1478 0.97953615
1479 0.96665162
1480 0.98574885
1481 0.98556332
1482 0.98100358
1483 0.98270583
1484 0.97742210
1485 0.98733819
1486 0.97550104
1487 0.98775749
1488 0.98639049
1489 0.98084141
1490 0.97703791
1491 0.97802026
1492 0.96894021
1493 0.98063416
1494 0.98510157
1495 0.98681454
1496 0.97877634
1497 0.97165640
1498 0.97337835
1499 0.97690985
1500 0.97976855
1501 0.98335503
1502 0.96945147
1503 0.97729739
1504 0.97578858
1505 0.98125442
1506 0.97911289
1507 0.97740783
1508 0.97690498
1509 0.97403995
1510 0.98459358
1511 0.98039044
1512 0.96894021
1513 0.98012410
1514 0.96266635
1515 0.95997538
1516 0.95846578
1517 0.97710317
1518 0.96167171
1519 0.97392614
1520 0.97480521
1521 0.96079585
1522 0.98110279
1523 0.97169085
1524 0.97159139
1525 0.97359756
1526 0.97355734
1527 0.96944432
1528 0.96696839
1529 0.97223639
1530 0.96034226
1531 0.96608151
1532 0.97046687
1533 0.98012410
1534 0.98602578
1535 0.97645541
1536 0.98787422
1537 0.98344235
1538 0.99050811
1539 0.97506581
1540 0.97513636
1541 0.98050897
1542 0.97641797
1543 0.98374600
1544 0.98838803
1545 0.98657440
1546 0.98356722
1547 0.97476116
1548 0.98536941
1549 0.98765994
1550 0.97430764
1551 0.97751690
1552 0.98109342
1553 0.98499864
1554 0.98602578
1555 0.98089334
1556 0.97850777
1557 0.98468038
1558 0.97749098
1559 0.97424439
1560 0.98518411
1561 0.97897027
1562 0.97859708
1563 0.97869245
1564 0.97840018
1565 0.98061764
1566 0.98059874
1567 0.98698111
1568 0.97442293
1569 0.98923969
1570 0.98271913
1571 0.98276863
1572 0.97718110
1573 0.97214079
1574 0.97380356
1575 0.98089334
1576 0.97142493
1577 0.97040058
1578 0.96748754
1579 0.97954831
1580 0.97705477
1581 0.96993227
1582 0.97507832
1583 0.98322017
1584 0.97153623
1585 0.97534023
1586 0.96295247
1587 0.97651259
1588 0.97674360
1589 0.97303260
1590 0.98015043
1591 0.98429137
1592 0.97809215
1593 0.98370394
1594 0.97032177
1595 0.98122925
1596 0.97142493
1597 0.97407103
1598 0.97437396
1599 0.96809990
1600 0.97328602
1601 0.96607609
1602 0.97189680
1603 0.97308304
1604 0.97586524
1605 0.97528250
1606 0.97809453
1607 0.97620675
1608 0.97331030
1609 0.96820557
1610 0.98960766
1611 0.96765921
1612 0.96879493
1613 0.98149129
1614 0.96812118
1615 0.97855644
1616 0.96739250
1617 0.97407103
1618 0.97541951
1619 0.98969594
1620 0.98359461
1621 0.98326100
1622 0.98412949
1623 0.97927655
1624 0.98339907
1625 0.98722664
1626 0.97848518
1627 0.99038360
1628 0.97721032
1629 0.98251218
1630 0.98586099
1631 0.98265117
1632 0.97916644
1633 0.98247448
1634 0.98450261
1635 0.98824175
1636 0.98085417
1637 0.98052801
1638 0.97541951
1639 0.98368995
1640 0.96813183
1641 0.97263038
1642 0.96786396
1643 0.97648330
1644 0.97408974
1645 0.96692486
1646 0.98170978
1647 0.96554386
1648 0.98112676
1649 0.98354138
1650 0.97434228
1651 0.97643235
1652 0.97361818
1653 0.97054737
1654 0.98427168
1655 0.97329122
1656 0.97418321
1657 0.96998925
1658 0.97674027
1659 0.98368995
1660 0.98332280
1661 0.96598634
1662 0.98880796
1663 0.98451133
1664 0.97920824
1665 0.98629313
1666 0.98386698
1667 0.97900770
1668 0.97806793
1669 0.98409532
1670 0.98011906
1671 0.97877759
1672 0.98131300
1673 0.98020417
1674 0.98141891
1675 0.97792466
1676 0.98448744
1677 0.96998693
1678 0.98584423
1679 0.98284964
1680 0.98332280
1681 0.97837847
1682 0.97916946
1683 0.97030128
1684 0.97070352
1685 0.97373669
1686 0.97304846
1687 0.97231330
1688 0.97860410
1689 0.97776486
1690 0.97547441
1691 0.97139385
1692 0.97389566
1693 0.97499768
1694 0.97207951
1695 0.98347439
1696 0.97347865
1697 0.97218039
1698 0.97926524
1699 0.97380226
1700 0.98049254
1701 0.97837847
1702 0.97439838
1703 0.97625389
1704 0.97334281
1705 0.97436052
1706 0.97054292
1707 0.96576140
1708 0.97916650
1709 0.97068659
1710 0.97352777
1711 0.97291892
1712 0.98012118
1713 0.97266650
1714 0.97102687
1715 0.97075624
1716 0.97540648
1717 0.96757648
1718 0.96660877
1719 0.97421753
1720 0.97786533
1721 0.97338768
1722 0.97439838
1723 0.97678873
1724 0.97988414
1725 0.97914753
1726 0.97530295
1727 0.97841578
1728 0.97977020
1729 0.97518130
1730 0.97358870
1731 0.97260650
1732 0.97256466
1733 0.98187967
1734 0.97011567
1735 0.96740009
1736 0.96967149
1737 0.98267117
1738 0.98320735
1739 0.97797414
1740 0.97554623
1741 0.97338519
1742 0.97303164
1743 0.97678873
1744 0.98717587
1745 0.97697515
1746 0.98635811
1747 0.97817972
1748 0.98132345
1749 0.98019248
1750 0.98697539
1751 0.98749604
1752 0.98395265
1753 0.97591131
1754 0.97869300
1755 0.98276911
1756 0.97410201
1757 0.98258774
1758 0.97838735
1759 0.98721842
1760 0.97476915
1761 0.98246764
1762 0.98565666
1763 0.97456641
1764 0.98717587
1765 0.99339828
1766 0.98221663
1767 0.98819822
1768 0.99206806
1769 0.98527879
1770 0.98294217
1771 0.98080923
1772 0.98348832
1773 0.98714190
1774 0.98258481
1775 0.98240517
1776 0.98084850
1777 0.99231374
1778 0.97682325
1779 0.98457703
1780 0.98312164
1781 0.97285788
1782 0.98475226
1783 0.98421166
1784 0.97514342
1785 0.99339828
1786 0.97320968
1787 0.97678482
1788 0.97571825
1789 0.97562869
1790 0.97307600
1791 0.97434556
1792 0.97859571
1793 0.96950188
1794 0.98390599
1795 0.97303389
1796 0.98017768
1797 0.97819554
1798 0.98392868
1799 0.98253037
1800 0.97393234
1801 0.97449317
1802 0.98610179
1803 0.98168021
1804 0.98533959
1805 0.98224414
1806 0.97320968
1807 0.98938134
1808 0.97649485
1809 0.97371411
1810 0.98714264
1811 0.98092321
1812 0.98410634
1813 0.98109037
1814 0.97674570
1815 0.98839601
1816 0.98112715
1817 0.97924155
1818 0.98203998
1819 0.97817909
1820 0.98852829
1821 0.98293891
1822 0.98575317
1823 0.98054015
1824 0.98357663
1825 0.98261480
1826 0.97642745
1827 0.98938134
1828 0.97435714
1829 0.96928019
1830 0.98043797
1831 0.97594760
1832 0.99411667
1833 0.97710921
1834 0.97039429
1835 0.98565128
1836 0.97108106
1837 0.98051213
1838 0.97953821
1839 0.96864431
1840 0.97514388
1841 0.97600245
1842 0.97180174
1843 0.96678934
1844 0.98257316
1845 0.98165980
1846 0.97656566
1847 0.97035784
1848 0.97435714
1849 0.97616749
1850 0.97989635
1851 0.98046521
1852 0.97836866
1853 0.98410809
1854 0.96869367
1855 0.96958514
1856 0.98249069
1857 0.97997331
1858 0.97561505
1859 0.97738377
1860 0.98134203
1861 0.98742606
1862 0.97274218
1863 0.97389088
1864 0.97369882
1865 0.96996578
1866 0.98625677
1867 0.98044634
1868 0.97014139
1869 0.97616749
1870 0.98596617
1871 0.99420975
1872 0.98755392
1873 0.98091370
1874 0.96710512
1875 0.98250734
1876 0.99080966
1877 0.98436360
1878 0.99083670
1879 0.97540926
1880 0.97911546
1881 0.97582991
1882 0.98009840
1883 0.98278863
1884 0.98528673
1885 0.98168195
1886 0.98443979
1887 0.97594492
1888 0.97756307
1889 0.98077776
1890 0.98596617
1891 0.97683194
1892 0.98207785
1893 0.98281795
1894 0.97671533
1895 0.97797289
1896 0.98130404
1897 0.97569609
1898 0.98576450
1899 0.97514391
1900 0.98281432
1901 0.97935797
1902 0.98602501
1903 0.97686470
1904 0.97207025
1905 0.98402837
1906 0.98083254
1907 0.98813298
1908 0.98291624
1909 0.98404146
1910 0.98776529
1911 0.97683194
1912 0.97707979
1913 0.96963672
1914 0.97993552
1915 0.96775653
1916 0.97497437
1917 0.97960182
1918 0.96642209
1919 0.97106890
1920 0.96882388
1921 0.96735054
1922 0.97302168
1923 0.97181822
1924 0.96804575
1925 0.97237939
1926 0.96841198
1927 0.96958985
1928 0.97429692
1929 0.96995572
1930 0.97827291
1931 0.97438198
1932 0.97707979
1933 0.97337020
1934 0.97224260
1935 0.97276378
1936 0.97625448
1937 0.97996600
1938 0.97997495
1939 0.96991850
1940 0.96810896
1941 0.98160395
1942 0.97322507
1943 0.97906124
1944 0.96450496
1945 0.97450556
1946 0.96944488
1947 0.97785544
1948 0.97613666
1949 0.98117333
1950 0.97356456
1951 0.97355855
1952 0.97174879
1953 0.97337020
1954 0.97969261
1955 0.97133352
1956 0.98403422
1957 0.97338387
1958 0.97993487
1959 0.97456904
1960 0.97995100
1961 0.97847673
1962 0.97461942
1963 0.97890395
1964 0.97649472
1965 0.97315969
1966 0.98863986
1967 0.97790859
1968 0.98101560
1969 0.97296037
1970 0.98086103
1971 0.97636038
1972 0.98315589
1973 0.98078038
1974 0.97969261
1975 0.98528653
1976 0.98610265
1977 0.98601308
1978 0.98418020
1979 0.99329527
1980 0.99122901
1981 0.98075399
1982 0.98062135
1983 0.98289222
1984 0.98202813
1985 0.98663779
1986 0.97739785
1987 0.98394454
1988 0.98525125
1989 0.99494300
1990 0.98980571
1991 0.98505143
1992 0.99094813
1993 0.98679436
1994 0.98695310
1995 0.98528653
1996 0.97047087
1997 0.97474256
1998 0.97410122
1999 0.97684094
2000 0.96967798
2001 0.96938093
2002 0.97618344
2003 0.98145145
2004 0.97434903
2005 0.97450618
2006 0.96829942
2007 0.96836329
2008 0.98503661
2009 0.97551387
2010 0.96740710
2011 0.96639110
2012 0.98406971
2013 0.97600000
2014 0.97168058
2015 0.97779170
2016 0.97047087
2017 0.97120419
2018 0.98148213
2019 0.97864954
2020 0.97054249
2021 0.97510516
2022 0.97882330
2023 0.96609567
2024 0.97452278
2025 0.98284135
2026 0.97106600
2027 0.97672135
2028 0.97318230
2029 0.97673137
2030 0.98643269
2031 0.97378346
2032 0.97445098
2033 0.97533406
2034 0.97304233
2035 0.98463215
2036 0.97020493
2037 0.97120419
2038 0.98605341
2039 0.97465590
2040 0.98019531
2041 0.98031526
2042 0.97490620
2043 0.98965195
2044 0.98831062
2045 0.98083204
2046 0.98963393
2047 0.97755055
2048 0.98014907
2049 0.98048943
2050 0.97959549
2051 0.97943634
2052 0.97709826
2053 0.98385883
2054 0.97850156
2055 0.97890144
2056 0.97883520
2057 0.98020596
2058 0.98605341
2059 0.96957922
2060 0.96989747
2061 0.97538954
2062 0.97579431
2063 0.96782574
2064 0.97398980
2065 0.98519373
2066 0.98457825
2067 0.97277505
2068 0.96849120
2069 0.96825375
2070 0.97529700
2071 0.96784560
2072 0.98004284
2073 0.96880141
2074 0.97828668
2075 0.96071492
2076 0.97266345
2077 0.97255206
2078 0.98039768
2079 0.96957922
2080 0.98115443
2081 0.98379909
2082 0.98568698
2083 0.97355006
2084 0.98552569
2085 0.97964590
2086 0.97834734
2087 0.97992487
2088 0.97585840
2089 0.98046124
2090 0.98012879
2091 0.98149306
2092 0.97526848
2093 0.97591398
2094 0.96953558
2095 0.98303312
2096 0.97802924
2097 0.98856618
2098 0.98292335
2099 0.97589206
2100 0.98115443
2101 0.97096630
2102 0.97051701
2103 0.97634942
2104 0.97182329
2105 0.97004071
2106 0.97176155
2107 0.96582268
2108 0.97677667
2109 0.97512402
2110 0.96759325
2111 0.97496475
2112 0.97122951
2113 0.96782082
2114 0.97273337
2115 0.96073435
2116 0.96947453
2117 0.97274786
2118 0.97356238
2119 0.95993968
2120 0.97489897
2121 0.97096630
2122 0.99870800
2123 0.98718276
2124 0.98845568
2125 0.97863512
2126 0.98842632
2127 0.98906414
2128 0.98912911
2129 0.98726644
2130 0.99044948
2131 0.98490221
2132 0.97978134
2133 0.99020159
2134 0.99139503
2135 0.98078731
2136 0.98075799
2137 0.98159878
2138 0.98699347
2139 0.99332708
2140 0.98591383
2141 0.97596949
2142 0.99870800
2143 0.97005056
2144 0.96597574
2145 0.97506585
2146 0.97360749
2147 0.96951159
2148 0.97433717
2149 0.97744585
2150 0.97215162
2151 0.97485602
2152 0.97811296
2153 0.96576217
2154 0.96024527
2155 0.97534124
2156 0.96906910
2157 0.96733550
2158 0.96513323
2159 0.97141299
2160 0.96649495
2161 0.96113465
2162 0.97599695
2163 0.97005056
2164 0.98186658
2165 0.98124780
2166 0.98310575
2167 0.98040166
2168 0.98209436
2169 0.98587591
2170 0.98051983
2171 0.99500511
2172 0.98648992
2173 0.98200526
2174 0.98282461
2175 0.98539534
2176 0.99438804
2177 0.98573911
2178 0.99088412
2179 0.98456895
2180 0.97945049
2181 0.98980679
2182 0.99269438
2183 0.99004471
2184 0.98186658
2185 0.97817662
2186 0.98484458
2187 0.97417638
2188 0.97721461
2189 0.97234121
2190 0.97405849
2191 0.98171602
2192 0.98441461
2193 0.97733975
2194 0.97200518
2195 0.97248155
2196 0.97720245
2197 0.97523859
2198 0.98672636
2199 0.97624205
2200 0.98410633
2201 0.98148153
2202 0.98062152
2203 0.97775496
2204 0.97553299
2205 0.97817662
2206 0.98326833
2207 0.97838671
2208 0.98239630
2209 0.97920069
2210 0.97848037
2211 0.97639785
2212 0.98188212
2213 0.97928358
2214 0.98116163
2215 0.97760077
2216 0.97657587
2217 0.98141869
2218 0.98241294
2219 0.97657974
2220 0.97421503
2221 0.97802309
2222 0.98445119
2223 0.98095071
2224 0.98143385
2225 0.98421380
2226 0.98326833
2227 0.97293274
2228 0.97723438
2229 0.97910915
2230 0.97142043
2231 0.97484544
2232 0.97046075
2233 0.98006735
2234 0.97301785
2235 0.97387924
2236 0.97516435
2237 0.96740405
2238 0.98259052
2239 0.97512946
2240 0.97417940
2241 0.97412309
2242 0.96918222
2243 0.97974254
2244 0.97409061
2245 0.97623817
2246 0.97602333
2247 0.97293274
2248 0.97858441
2249 0.97866628
2250 0.97966021
2251 0.98593466
2252 0.98658205
2253 0.97648592
2254 0.99113719
2255 0.98338376
2256 0.98893797
2257 0.97694781
2258 0.98220509
2259 0.98387849
2260 0.97880459
2261 0.98388743
2262 0.97324881
2263 0.97696068
2264 0.98132919
2265 0.97763202
2266 0.97686081
2267 0.97987434
2268 0.97858441
2269 0.97903529
2270 0.97952822
2271 0.99023071
2272 0.98240361
2273 0.97840156
2274 0.98879974
2275 0.98339041
2276 0.98015029
2277 0.98793732
2278 0.98778204
2279 0.98160245
2280 0.97972208
2281 0.97910520
2282 0.98199770
2283 0.98106537
2284 0.98188001
2285 0.97724068
2286 0.97405134
2287 0.99467578
2288 0.97396226
2289 0.97903529
2290 0.97745325
2291 0.97709656
2292 0.97364218
2293 0.98450737
2294 0.97925596
2295 0.97819228
2296 0.98466156
2297 0.98159991
2298 0.97892115
2299 0.97284458
2300 0.97407570
2301 0.97506155
2302 0.97677276
2303 0.97599584
2304 0.98037242
2305 0.98743954
2306 0.97934382
2307 0.97524613
2308 0.98019341
2309 0.98241919
2310 0.97745325
2311 0.96896639
2312 0.97891240
2313 0.97246274
2314 0.97246270
2315 0.97784545
2316 0.97758745
2317 0.97479491
2318 0.97371431
2319 0.96576542
2320 0.97455505
2321 0.96537043
2322 0.96837252
2323 0.96722239
2324 0.97342345
2325 0.97219887
2326 0.96487412
2327 0.96387804
2328 0.97672798
2329 0.96497718
2330 0.97426585
2331 0.96896639
2332 0.97986605
2333 0.97767034
2334 0.97457999
2335 0.98220431
2336 0.97543384
2337 0.97687669
2338 0.97913541
2339 0.98722791
2340 0.98055342
2341 0.97497038
2342 0.98294515
2343 0.98768325
2344 0.97673926
2345 0.97677582
2346 0.97807589
2347 0.98208491
2348 0.97470806
2349 0.98440402
2350 0.97835156
2351 0.98410840
2352 0.97986605
2353 0.98208377
2354 0.98203857
2355 0.97198482
2356 0.98188586
2357 0.98235350
2358 0.98479956
2359 0.98090461
2360 0.97349563
2361 0.98311123
2362 0.97760484
2363 0.98581901
2364 0.98260216
2365 0.97990637
2366 0.97697051
2367 0.98361264
2368 0.97669918
2369 0.98120169
2370 0.98488667
2371 0.98498171
2372 0.98818168
2373 0.98208377
2374 0.98340844
2375 0.97655670
2376 0.97946089
2377 0.98153345
2378 0.98009939
2379 0.97521562
2380 0.96939495
2381 0.98256196
2382 0.98360646
2383 0.97715438
2384 0.98213986
2385 0.98120033
2386 0.97470298
2387 0.98812081
2388 0.97886338
2389 0.98460207
2390 0.97163004
2391 0.98923716
2392 0.98198727
2393 0.98213326
2394 0.98340844
2395 0.98098877
2396 0.97669425
2397 0.97939148
2398 0.99399368
2399 0.98664998
2400 0.98684569
2401 0.97938430
2402 0.98645315
2403 0.97622149
2404 0.97777299
2405 0.98490041
2406 0.98156067
2407 0.98053351
2408 0.97921973
2409 0.97124163
2410 0.98076259
2411 0.97655784
2412 0.97679055
2413 0.97410423
2414 0.97688174
2415 0.98098877
2416 0.97479525
2417 0.97188539
2418 0.96906427
2419 0.97415824
2420 0.97411505
2421 0.97357304
2422 0.96830566
2423 0.96173578
2424 0.96210694
2425 0.96949878
2426 0.96856142
2427 0.97647312
2428 0.97580093
2429 0.96584565
2430 0.97431634
2431 0.97879587
2432 0.97647713
2433 0.96946861
2434 0.97027700
2435 0.97058402
2436 0.97479525
2437 0.97748095
2438 0.97850695
2439 0.98039138
2440 0.97416602
2441 0.97903049
2442 0.96882007
2443 0.96760902
2444 0.97886639
2445 0.97721914
2446 0.97520040
2447 0.97124830
2448 0.97516677
2449 0.97820169
2450 0.97886709
2451 0.97857682
2452 0.97909169
2453 0.97125956
2454 0.98580807
2455 0.97502956
2456 0.97930057
2457 0.97748095
2458 0.97297839
2459 0.97944420
2460 0.96787449
2461 0.97730174
2462 0.97016686
2463 0.98466938
2464 0.96915528
2465 0.96940707
2466 0.97625285
2467 0.97572426
2468 0.97652550
2469 0.97728878
2470 0.97712426
2471 0.97529385
2472 0.96595327
2473 0.97841594
2474 0.97937958
2475 0.97478669
2476 0.97759149
2477 0.97104384
2478 0.97297839
2479 0.97721726
2480 0.97441680
2481 0.98454910
2482 0.97580136
2483 0.97874221
2484 0.97432033
2485 0.97623952
2486 0.97786193
2487 0.97766233
2488 0.97892822
2489 0.98414334
2490 0.98375083
2491 0.97604478
2492 0.97348494
2493 0.97015031
2494 0.98301435
2495 0.97426246
2496 0.97720192
2497 0.96815586
2498 0.98196787
2499 0.97721726
2500 0.98100378
2501 0.97240875
2502 0.98152526
2503 0.98157707
2504 0.96720599
2505 0.97937013
2506 0.97275721
2507 0.97067098
2508 0.97611530
2509 0.97125440
2510 0.97285608
2511 0.97631704
2512 0.97610374
2513 0.97217947
2514 0.97638832
2515 0.97620986
2516 0.97777843
2517 0.97263589
2518 0.97206002
2519 0.97136794
2520 0.98100378
2521 0.99013262
2522 0.97709132
2523 0.98508174
2524 0.97664924
2525 0.97414599
2526 0.98146443
2527 0.98623700
2528 0.98410755
2529 0.97438684
2530 0.98676785
2531 0.98219312
2532 0.97695028
2533 0.98322070
2534 0.97754349
2535 0.97043189
2536 0.98857317
2537 0.97939449
2538 0.98260952
2539 0.98717597
2540 0.98416744
2541 0.99013262
2542 0.97265757
2543 0.97891533
2544 0.97464317
2545 0.97517729
2546 0.97193522
2547 0.98337492
2548 0.98125013
2549 0.97944872
2550 0.97172412
2551 0.97260199
2552 0.97696249
2553 0.97463901
2554 0.97897833
2555 0.97587390
2556 0.96990103
2557 0.97615623
2558 0.97622560
2559 0.97574494
2560 0.97875821
2561 0.96961349
2562 0.97265757
2563 0.98803571
2564 0.98580813
2565 0.98249751
2566 0.97522486
2567 0.97279493
2568 0.97061380
2569 0.98939363
2570 0.97787530
2571 0.98203521
2572 0.97182586
2573 0.98512721
2574 0.97341852
2575 0.98010908
2576 0.98252529
2577 0.97405391
2578 0.98206046
2579 0.98336233
2580 0.98504865
2581 0.97939284
2582 0.98069632
2583 0.98803571
2584 0.98304458
2585 0.98180283
2586 0.98152182
2587 0.98826035
2588 0.98351517
2589 0.97482288
2590 0.98172959
2591 0.97900140
2592 0.98027482
2593 0.97659473
2594 0.98128166
2595 0.98276844
2596 0.98996459
2597 0.97562948
2598 0.98376655
2599 0.97989546
2600 0.98545124
2601 0.98327983
2602 0.98141725
2603 0.98001977
2604 0.98304458
2605 0.96872713
2606 0.97938097
2607 0.97708367
2608 0.97838084
2609 0.97893997
2610 0.98438052
2611 0.97062793
2612 0.98729071
2613 0.97899253
2614 0.97573374
2615 0.97934968
2616 0.98303243
2617 0.98345838
2618 0.97911073
2619 0.98363221
2620 0.97706316
2621 0.97513318
2622 0.97711282
2623 0.98561703
2624 0.97472736
2625 0.96872713
2626 0.98483861
2627 0.98733548
2628 0.97780404
2629 0.97790042
2630 0.97806510
2631 0.96919558
2632 0.98174621
2633 0.98219410
2634 0.98469114
2635 0.98147169
2636 0.98041252
2637 0.97258544
2638 0.98544044
2639 0.98602209
2640 0.97983403
2641 0.98342149
2642 0.97734897
2643 0.98339374
2644 0.98443005
2645 0.98323006
2646 0.98483861
2647 0.97589095
2648 0.97678490
2649 0.97787322
2650 0.97743437
2651 0.97974827
2652 0.97462407
2653 0.97438466
2654 0.97564679
2655 0.97741327
2656 0.98072330
2657 0.97295831
2658 0.96413707
2659 0.96831459
2660 0.97468943
2661 0.97216634
2662 0.97676424
2663 0.97666764
2664 0.96971342
2665 0.97369920
2666 0.97244736
2667 0.97589095
2668 0.98434952
2669 0.97893412
2670 0.98270704
2671 0.97622421
2672 0.97494817
2673 0.97915290
2674 0.98001518
2675 0.98766876
2676 0.97963075
2677 0.98424328
2678 0.97698652
2679 0.98328959
2680 0.97725628
2681 0.99104508
2682 0.98906134
2683 0.98269649
2684 0.97940182
2685 0.97776714
2686 0.98809412
2687 0.98241764
2688 0.98434952
2689 0.97430049
2690 0.96914759
2691 0.97214034
2692 0.97479325
2693 0.97836200
2694 0.98106862
2695 0.97030001
2696 0.96480659
2697 0.97861733
2698 0.96842324
2699 0.97186213
2700 0.97034862
2701 0.97309603
2702 0.97217283
2703 0.97711504
2704 0.97490544
2705 0.96664524
2706 0.98008716
2707 0.98201372
2708 0.97415752
2709 0.97430049
2710 0.98109617
2711 0.98373610
2712 0.97666732
2713 0.98439570
2714 0.98114404
2715 0.97391373
2716 0.97608505
2717 0.97828160
2718 0.97842969
2719 0.98010141
2720 0.98232785
2721 0.97045421
2722 0.98139233
2723 0.98420400
2724 0.98022981
2725 0.98403471
2726 0.98921923
2727 0.99346806
2728 0.98329416
2729 0.98505632
2730 0.98109617
2731 0.98466736
2732 0.97112600
2733 0.98321013
2734 0.97280844
2735 0.98212771
2736 0.98222342
2737 0.97720919
2738 0.98266749
2739 0.98241544
2740 0.97798658
2741 0.98064657
2742 0.98287876
2743 0.97324901
2744 0.97513779
2745 0.98466146
2746 0.98341574
2747 0.97906931
2748 0.98130236
2749 0.98591531
2750 0.98053406
2751 0.98466736
2752 0.96909107
2753 0.96835502
2754 0.96015075
2755 0.96723041
2756 0.96903461
2757 0.97098860
2758 0.96477521
2759 0.97354559
2760 0.97068713
2761 0.96820201
2762 0.96888390
2763 0.96763291
2764 0.96708435
2765 0.97735016
2766 0.96938936
2767 0.97743170
2768 0.96909759
2769 0.97531428
2770 0.96795836
2771 0.97111748
2772 0.96909107
2773 0.92626586
2774 0.93155797
2775 0.93912732
2776 0.94153652
2777 0.94089006
2778 0.94259700
2779 0.95064511
2780 0.96019662
2781 0.96051820
2782 0.96353463
2783 0.95796133
2784 0.95277638
2785 0.95104646
2786 0.94906489
2787 0.95363773
2788 0.94651535
2789 0.94534720
2790 0.93686762
2791 0.93423200
2792 0.92907328
2793 0.92626586
2794 0.97725410
2795 0.99042898
2796 0.98063549
2797 0.98813235
2798 0.97928088
2799 0.99699697
2800 0.99489676
2801 0.99814242
2802 0.98354142
2803 0.99547413
2804 0.99150033
2805 0.98945848
2806 0.99757274
2807 0.98523270
2808 0.99698951
2809 0.99600666
2810 0.97994640
2811 0.98630328
2812 0.98973868
2813 0.98602272
2814 0.97725410
2815 0.97886126
2816 0.98748496
2817 0.97408741
2818 0.96657079
2819 0.97678826
2820 0.97858013
2821 0.97625204
2822 0.97750129
2823 0.98774068
2824 0.98205987
2825 0.98440162
2826 0.98040941
2827 0.97433637
2828 0.98912580
2829 0.97981688
2830 0.97894120
2831 0.97991590
2832 0.98080328
2833 0.98977843
2834 0.96566129
2835 0.97886126
2836 0.98011024
2837 0.98286006
2838 0.97744104
2839 0.97581111
2840 0.98390809
2841 0.99931419
2842 0.98410261
2843 0.98377267
2844 0.98741619
2845 0.98738528
2846 0.98136261
2847 0.98737939
2848 0.98491337
2849 0.98169540
2850 0.98576308
2851 0.97106960
2852 0.98018725
2853 0.98156301
2854 0.99527258
2855 0.98371711
2856 0.98011024
2857 0.97709164
2858 0.96820015
2859 0.97388891
2860 0.97594595
2861 0.97132659
2862 0.97542518
2863 0.97876650
2864 0.97302108
2865 0.97231279
2866 0.98415319
2867 0.97060176
2868 0.97474796
2869 0.97666157
2870 0.96278738
2871 0.96669747
2872 0.96928827
2873 0.97735862
2874 0.96907571
2875 0.97230377
2876 0.97915593
2877 0.97709164
2878 0.96403805
2879 0.98189425
2880 0.97529107
2881 0.97543165
2882 0.97877065
2883 0.98025463
2884 0.97479682
2885 0.97442492
2886 0.97336131
2887 0.97541241
2888 0.97707393
2889 0.97935692
2890 0.97649728
2891 0.97510456
2892 0.97388970
2893 0.97763125
2894 0.97743314
2895 0.97916592
2896 0.97561539
2897 0.97305903
2898 0.96403805
2899 0.98019082
2900 0.97365773
2901 0.97489035
2902 0.98228585
2903 0.97670924
2904 0.98329192
2905 0.98046166
2906 0.97613800
2907 0.97433740
2908 0.98269790
2909 0.97419831
2910 0.97447460
2911 0.96363983
2912 0.97566080
2913 0.98310932
2914 0.98061046
2915 0.97498726
2916 0.96952602
2917 0.96827613
2918 0.98853508
2919 0.98019082
2920 0.97303766
2921 0.97211734
2922 0.97302666
2923 0.97191246
2924 0.97331563
2925 0.98089775
2926 0.97852918
2927 0.97289353
2928 0.97776267
2929 0.97236252
2930 0.98415195
2931 0.97930532
2932 0.98566054
2933 0.97584901
2934 0.97419785
2935 0.97819262
2936 0.97866280
2937 0.97358671
2938 0.97189067
2939 0.96862178
2940 0.97303766
2941 0.96913098
2942 0.97828113
2943 0.97752441
2944 0.97820654
2945 0.97946406
2946 0.97781462
2947 0.97766081
2948 0.97234780
2949 0.97739822
2950 0.97624091
2951 0.97430179
2952 0.96772396
2953 0.98243096
2954 0.97386645
2955 0.97638810
2956 0.97443664
2957 0.97863217
2958 0.97587664
2959 0.97002865
2960 0.96879626
2961 0.96913098
2962 0.97579644
2963 0.97373620
2964 0.96626683
2965 0.97585020
2966 0.96910939
2967 0.98018826
2968 0.96588765
2969 0.97753033
2970 0.97565985
2971 0.95934737
2972 0.97305593
2973 0.97730781
2974 0.96931764
2975 0.97056306
2976 0.97557770
2977 0.97124297
2978 0.97242058
2979 0.97803854
2980 0.97060656
2981 0.97771183
2982 0.97579644
2983 0.97465942
2984 0.97732928
2985 0.97401403
2986 0.96897798
2987 0.97856930
2988 0.97327368
2989 0.96604984
2990 0.97753031
2991 0.97105433
2992 0.96894651
2993 0.96859766
2994 0.98258968
2995 0.97346292
2996 0.96239530
2997 0.97395584
2998 0.96713993
2999 0.97249665
3000 0.97715287
3001 0.97163700
3002 0.97267334
3003 0.97465942
3004 0.98322390
3005 0.98337985
3006 0.98023519
3007 0.99025408
3008 0.98761718
3009 0.98481111
3010 0.98520697
3011 0.98749463
3012 0.99664772
3013 0.98892248
3014 0.98452089
3015 0.98454241
3016 0.98910389
3017 0.98407425
3018 0.97780714
3019 0.99005299
3020 0.98902168
3021 0.99149720
3022 0.98236544
3023 0.97846128
3024 0.98322390
