index DenDen_position
1 1.66937673
2 1.63134617
3 1.60052913
4 1.57187687
5 1.54767510
6 1.53454649
7 1.51276889
8 1.50137848
9 1.50621181
10 1.50086957
11 1.49525408
12 1.49736743
13 1.50535405
14 1.50385503
15 1.52079074
16 1.52225784
17 1.53981382
18 1.56713358
19 1.59408641
20 1.62799139
21 1.66937673
22 0.98730101
23 1.01087807
24 1.00407149
25 1.00856449
26 1.02241203
27 1.01282665
28 1.03597405
29 1.02249829
30 1.02128146
31 1.03292500
32 1.02675281
33 1.01931403
34 1.03847786
35 1.01930515
36 1.01500598
37 1.01864514
38 1.02154717
39 1.01838211
40 1.00434138
41 0.99622898
42 0.98730101
43 1.03516072
44 1.04869051
45 1.05120923
46 1.05874726
47 1.04936814
48 1.05485670
49 1.05034315
50 1.04659751
51 1.05123969
52 1.04824938
53 1.04888399
54 1.05054557
55 1.05123318
56 1.04477521
57 1.04877084
58 1.05168113
59 1.04976969
60 1.06132988
61 1.05006910
62 1.05164266
63 1.03516072
64 1.04206031
65 1.04375701
66 1.03212720
67 1.03703037
68 1.04229243
69 1.04284614
70 1.04046046
71 1.03001821
72 1.04426405
73 1.03879052
74 1.04289843
75 1.03447609
76 1.03437680
77 1.03758222
78 1.04181123
79 1.04824988
80 1.04363122
81 1.02862993
82 1.03441793
83 1.03819731
84 1.04206031
85 1.04522744
86 1.04644798
87 1.03926154
88 1.04148889
89 1.04607412
90 1.03820331
91 1.03237551
92 1.04440342
93 1.05455482
94 1.04001085
95 1.03466297
96 1.03609042
97 1.04484764
98 1.04499805
99 1.04698605
100 1.04011016
101 1.04496139
102 1.03850302
103 1.04280064
104 1.04670737
105 1.04522744
106 1.03062421
107 1.03524726
108 1.03969319
109 1.03522192
110 1.03740583
111 1.03828786
112 1.04403389
113 1.03400399
114 1.03657735
115 1.04483496
116 1.04218773
117 1.03629323
118 1.04411462
119 1.02584566
120 1.03416912
121 1.03680256
122 1.03789529
123 1.04728841
124 1.03383157
125 1.03349937
126 1.03062421
127 1.04278761
128 1.04914981
129 1.04822813
130 1.04717173
131 1.04481673
132 1.04243470
133 1.05127899
134 1.04513387
135 1.03991595
136 1.05225852
137 1.04725550
138 1.04572361
139 1.05655555
140 1.04428146
141 1.04188420
142 1.04306864
143 1.04749152
144 1.04065408
145 1.04501456
146 1.04193169
147 1.04278761
148 1.03658914
149 1.04503738
150 1.03835086
151 1.04770474
152 1.03397731
153 1.03189723
154 1.03828018
155 1.04723786
156 1.03305371
157 1.03203130
158 1.03498410
159 1.04043512
160 1.03568800
161 1.04106981
162 1.04339583
163 1.03476380
164 1.03390343
165 1.03614773
166 1.04169624
167 1.02836594
168 1.03658914
169 1.04110926
170 1.04569712
171 1.04402793
172 1.04315996
173 1.04357810
174 1.04599766
175 1.04245574
176 1.04296798
177 1.03689299
178 1.05126554
179 1.04278241
180 1.04671481
181 1.04412125
182 1.03590242
183 1.04964483
184 1.04342775
185 1.03637656
186 1.04356684
187 1.04126209
188 1.04147619
189 1.04110926
190 1.03917153
191 1.03588789
192 1.04478269
193 1.03983727
194 1.02749207
195 1.03146082
196 1.04310087
197 1.04291950
198 1.03663824
199 1.04338989
200 1.04288364
201 1.04109658
202 1.03889199
203 1.03915583
204 1.03309932
205 1.03819126
206 1.04384152
207 1.04371716
208 1.03857998
209 1.03661748
210 1.03917153
211 1.04094969
212 1.04763445
213 1.03062006
214 1.04952563
215 1.05104385
216 1.04797665
217 1.03938227
218 1.04629966
219 1.04791785
220 1.04567333
221 1.05373544
222 1.04912094
223 1.05595770
224 1.04949498
225 1.04789126
226 1.05517056
227 1.04492384
228 1.04917063
229 1.04911182
230 1.04188885
231 1.04094969
232 0.98546799
233 0.99982604
234 1.00384959
235 1.00675938
236 1.01854723
237 1.02035630
238 1.01839037
239 1.02194815
240 1.01658536
241 1.01941934
242 1.02444577
243 1.02092328
244 1.01921979
245 1.02066060
246 1.01072711
247 1.01620942
248 1.02092179
249 1.01270944
250 0.99908428
251 0.99696778
252 0.98546799
253 0.99385880
254 1.01150325
255 1.01537364
256 1.03112241
257 1.02405996
258 1.02191172
259 1.03128298
260 1.03710449
261 1.02682453
262 1.02921578
263 1.03578957
264 1.03786223
265 1.03449180
266 1.02735671
267 1.03259817
268 1.03465591
269 1.01112951
270 1.02204367
271 1.01574606
272 1.00174121
273 0.99385880
274 1.05266829
275 1.04294376
276 1.05207183
277 1.04125060
278 1.05490079
279 1.04888058
280 1.05305060
281 1.04714614
282 1.05264471
283 1.04530309
284 1.04980341
285 1.05209296
286 1.05343906
287 1.05341300
288 1.04859118
289 1.04596864
290 1.05385246
291 1.04375946
292 1.04320414
293 1.04691410
294 1.05266829
295 1.04752706
296 1.04444911
297 1.04776724
298 1.05098366
299 1.04551920
300 1.03645998
301 1.05411078
302 1.04202394
303 1.04729891
304 1.04647533
305 1.04428897
306 1.04721213
307 1.03910289
308 1.04724400
309 1.05126073
310 1.04228490
311 1.04576351
312 1.04857752
313 1.04117801
314 1.04456382
315 1.04752706
316 1.03358582
317 1.03937555
318 1.03814439
319 1.02727618
320 1.03522409
321 1.03720454
322 1.04592748
323 1.03949236
324 1.03753642
325 1.03745953
326 1.03413895
327 1.03940953
328 1.03374901
329 1.04774003
330 1.03683169
331 1.04188130
332 1.03622234
333 1.03494084
334 1.04242682
335 1.04321498
336 1.03358582
337 1.04650084
338 1.03522562
339 1.04230496
340 1.04449431
341 1.04877516
342 1.03714307
343 1.03766304
344 1.04802279
345 1.05149681
346 1.04495006
347 1.04429342
348 1.04888286
349 1.03972023
350 1.04820944
351 1.05168381
352 1.05168009
353 1.04954915
354 1.03967491
355 1.04110946
356 1.04745006
357 1.04650084
358 1.03895968
359 1.04091305
360 1.04203556
361 1.04117152
362 1.04571867
363 1.04044213
364 1.04392880
365 1.03864793
366 1.04174780
367 1.04711830
368 1.04615824
369 1.03731296
370 1.04229571
371 1.04099439
372 1.04171020
373 1.03959320
374 1.04229819
375 1.03565464
376 1.03715510
377 1.04443106
378 1.03895968
379 1.03325447
380 1.04331606
381 1.04182607
382 1.04721435
383 1.03827351
384 1.03862021
385 1.04185179
386 1.03841792
387 1.03958995
388 1.04537067
389 1.04170120
390 1.03962841
391 1.04360593
392 1.04518621
393 1.04517520
394 1.05142914
395 1.04988323
396 1.03794141
397 1.04657154
398 1.04241080
399 1.03325447
400 1.04796821
401 1.04591593
402 1.04278413
403 1.05059802
404 1.05100100
405 1.04179604
406 1.04829153
407 1.05590584
408 1.04302584
409 1.03901755
410 1.04517819
411 1.05182893
412 1.04899441
413 1.04773754
414 1.04487814
415 1.04246230
416 1.04060472
417 1.03409725
418 1.05066347
419 1.05273113
420 1.04796821
421 1.04233543
422 1.04776178
423 1.04869413
424 1.04916722
425 1.04641596
426 1.03441111
427 1.04396590
428 1.04847067
429 1.03614215
430 1.04436372
431 1.03857441
432 1.03830283
433 1.04523736
434 1.03368801
435 1.04130958
436 1.04731343
437 1.04673996
438 1.04018959
439 1.04259639
440 1.04480351
441 1.04233543
442 1.03609318
443 1.03286033
444 1.03566506
445 1.03550071
446 1.02475616
447 1.03002783
448 1.03327079
449 1.04211611
450 1.03663620
451 1.04179581
452 1.03514653
453 1.03125754
454 1.03544114
455 1.04432567
456 1.03574680
457 1.04332574
458 1.03769041
459 1.03659980
460 1.03371059
461 1.03281212
462 1.03609318
463 1.05096629
464 1.04056326
465 1.04230852
466 1.04082941
467 1.04474296
468 1.04072510
469 1.04590036
470 1.04579018
471 1.03895299
472 1.04239174
473 1.04458272
474 1.03197868
475 1.04164662
476 1.05052141
477 1.04071162
478 1.04824121
479 1.04149629
480 1.04040206
481 1.04300647
482 1.03992934
483 1.05096629
484 1.03170899
485 1.04110458
486 1.03613578
487 1.04166276
488 1.03167544
489 1.03844164
490 1.04461148
491 1.03957762
492 1.04904520
493 1.04284957
494 1.03214892
495 1.04080130
496 1.03565021
497 1.03880057
498 1.03734495
499 1.04808202
500 1.03326791
501 1.03686156
502 1.03967842
503 1.03455720
504 1.03170899
505 1.04347816
506 1.04702211
507 1.05090056
508 1.03395683
509 1.04900406
510 1.03500652
511 1.04579873
512 1.03616203
513 1.04923533
514 1.03765839
515 1.04317583
516 1.04290249
517 1.03625937
518 1.04019172
519 1.04424643
520 1.04855891
521 1.03466796
522 1.04756966
523 1.04011945
524 1.04750183
525 1.04347816
526 1.03620833
527 1.03607472
528 1.04448101
529 1.04095283
530 1.03175523
531 1.03739936
532 1.03986760
533 1.03639645
534 1.04400695
535 1.03576393
536 1.04406857
537 1.03650052
538 1.03218382
539 1.03956468
540 1.04233027
541 1.03263813
542 1.03864947
543 1.03452059
544 1.04081499
545 1.04399752
546 1.03620833
547 1.04269451
548 1.03760010
549 1.03745316
550 1.04369805
551 1.03934122
552 1.04156903
553 1.04082903
554 1.04117748
555 1.04426915
556 1.03835052
557 1.03505216
558 1.03880482
559 1.03772957
560 1.03910505
561 1.02512385
562 1.03624456
563 1.04052793
564 1.03608071
565 1.03854235
566 1.04263964
567 1.04269451
568 1.04127016
569 1.04178576
570 1.04412027
571 1.04728231
572 1.04318865
573 1.04730043
574 1.05032288
575 1.04855107
576 1.04706548
577 1.04561421
578 1.04341837
579 1.04558545
580 1.04135436
581 1.04425204
582 1.04093804
583 1.04190608
584 1.04970584
585 1.04627268
586 1.03862764
587 1.04400633
588 1.04127016
589 1.04874107
590 1.05467967
591 1.04801647
592 1.05235965
593 1.05293416
594 1.05314549
595 1.04528195
596 1.05312445
597 1.04792569
598 1.05516214
599 1.03557497
600 1.05040262
601 1.04319357
602 1.04915060
603 1.04846458
604 1.04980214
605 1.05031479
606 1.04631148
607 1.06341284
608 1.04118791
609 1.04874107
610 1.03695584
611 1.04031400
612 1.04450191
613 1.04108839
614 1.04315039
615 1.03708329
616 1.03937808
617 1.04711430
618 1.03842398
619 1.04288442
620 1.04928866
621 1.04481013
622 1.04265411
623 1.05051605
624 1.04514805
625 1.03606550
626 1.02967189
627 1.04090087
628 1.04028160
629 1.04555322
630 1.03695584
631 1.03119821
632 1.03766455
633 1.04797534
634 1.04411885
635 1.03976729
636 1.04634570
637 1.04000930
638 1.04020725
639 1.03281172
640 1.03948304
641 1.04419564
642 1.03699661
643 1.03708646
644 1.03637939
645 1.04131598
646 1.03719246
647 1.03993986
648 1.03230200
649 1.03538360
650 1.03645337
651 1.03119821
652 1.03498921
653 1.03497791
654 1.04414599
655 1.04296933
656 1.03120261
657 1.04542570
658 1.05119852
659 1.04473598
660 1.04067315
661 1.03783629
662 1.04075926
663 1.03423534
664 1.03818356
665 1.05051769
666 1.04192152
667 1.04738383
668 1.04342611
669 1.03831532
670 1.04286438
671 1.04359238
672 1.03498921
673 1.02804482
674 1.03138686
675 1.04528852
676 1.03237410
677 1.03852907
678 1.03618363
679 1.03879615
680 1.03859102
681 1.03790487
682 1.03630542
683 1.04205093
684 1.04136850
685 1.03870490
686 1.03656743
687 1.04312108
688 1.02821771
689 1.03694028
690 1.04142822
691 1.03661570
692 1.03778454
693 1.02804482
694 1.04667895
695 1.03322111
696 1.03636162
697 1.05167938
698 1.04792924
699 1.04851855
700 1.04085564
701 1.03725778
702 1.04246572
703 1.04146654
704 1.04909885
705 1.05075949
706 1.04221521
707 1.04838853
708 1.03894892
709 1.04853209
710 1.03810292
711 1.03645101
712 1.03614888
713 1.04344830
714 1.04667895
715 1.04234409
716 1.03925958
717 1.03237023
718 1.04659485
719 1.04510072
720 1.04496347
721 1.03409904
722 1.03882566
723 1.04232797
724 1.04244493
725 1.03590012
726 1.03527343
727 1.03740059
728 1.03776627
729 1.04552090
730 1.04072291
731 1.03621849
732 1.04329776
733 1.04296066
734 1.02950781
735 1.04234409
736 1.04108469
737 1.05080825
738 1.04094880
739 1.04201173
740 1.04428000
741 1.04827600
742 1.04922846
743 1.04029751
744 1.04527211
745 1.05176953
746 1.04920687
747 1.03760222
748 1.04477097
749 1.03897126
750 1.03625680
751 1.04146849
752 1.03826140
753 1.03922850
754 1.04437446
755 1.04148282
756 1.04108469
757 1.05366824
758 1.05427636
759 1.04243917
760 1.05387414
761 1.05953879
762 1.05191878
763 1.05398496
764 1.05072274
765 1.05771965
766 1.04994971
767 1.05250509
768 1.04828352
769 1.05553625
770 1.04979610
771 1.05140730
772 1.05299602
773 1.04759556
774 1.04606129
775 1.05027168
776 1.04812852
777 1.05366824
778 1.04210914
779 1.04180959
780 1.04207147
781 1.04564400
782 1.04380559
783 1.04571232
784 1.04352440
785 1.04686415
786 1.04504768
787 1.04771461
788 1.04765233
789 1.04861285
790 1.03811808
791 1.04721709
792 1.03711815
793 1.04086454
794 1.04732099
795 1.04952436
796 1.04792608
797 1.04633417
798 1.04210914
799 1.03347555
800 1.03499523
801 1.03682475
802 1.04191277
803 1.04828712
804 1.03779128
805 1.03798438
806 1.03723035
807 1.04814428
808 1.03432901
809 1.03667916
810 1.03819664
811 1.05097539
812 1.04287322
813 1.04930098
814 1.04134919
815 1.03746489
816 1.04079167
817 1.04155120
818 1.03542605
819 1.03347555
820 1.04514002
821 1.04633403
822 1.04618023
823 1.05655742
824 1.06090451
825 1.04467630
826 1.04496648
827 1.04447488
828 1.04163798
829 1.04316583
830 1.04156639
831 1.03975343
832 1.04573286
833 1.05639239
834 1.04662009
835 1.04866198
836 1.05208025
837 1.04409957
838 1.05833166
839 1.04333790
840 1.04514002
841 1.04070940
842 1.04874428
843 1.04275142
844 1.03830971
845 1.03666892
846 1.04156533
847 1.04181733
848 1.03990455
849 1.03725312
850 1.04016024
851 1.03987312
852 1.04552993
853 1.04868523
854 1.03719061
855 1.03421786
856 1.04216264
857 1.04334190
858 1.04720228
859 1.04030476
860 1.04749295
861 1.04070940
862 1.03376058
863 1.04523243
864 1.03899615
865 1.04551548
866 1.04437389
867 1.03953234
868 1.04261056
869 1.04692057
870 1.04858225
871 1.04360931
872 1.03372670
873 1.04243746
874 1.04262156
875 1.04415754
876 1.03463003
877 1.03987769
878 1.05080761
879 1.03745601
880 1.03473685
881 1.04479084
882 1.03376058
883 1.03688160
884 1.03760109
885 1.04360305
886 1.03069943
887 1.03631321
888 1.03726273
889 1.04309255
890 1.04207559
891 1.03323301
892 1.03600963
893 1.04131307
894 1.04848965
895 1.04308812
896 1.04379780
897 1.03769766
898 1.04101919
899 1.04112781
900 1.03928131
901 1.03649199
902 1.04411803
903 1.03688160
904 1.03773577
905 1.04327401
906 1.03988874
907 1.04136780
908 1.03805964
909 1.03116800
910 1.03147783
911 1.03642073
912 1.03870649
913 1.03546680
914 1.04212815
915 1.03778561
916 1.03699746
917 1.03646110
918 1.03940203
919 1.04165837
920 1.04635432
921 1.03368835
922 1.04306111
923 1.04333694
924 1.03773577
925 1.05173978
926 1.03964651
927 1.04705125
928 1.05033173
929 1.03965551
930 1.04980444
931 1.05237169
932 1.04477184
933 1.05398143
934 1.04471033
935 1.04286852
936 1.04152092
937 1.05585284
938 1.04507871
939 1.05278916
940 1.05174126
941 1.05168705
942 1.05935007
943 1.05640114
944 1.04531291
945 1.05173978
946 1.03416250
947 1.03794878
948 1.03940149
949 1.03852353
950 1.03857391
951 1.03314603
952 1.02610873
953 1.03432512
954 1.03024131
955 1.03784736
956 1.04495832
957 1.03406698
958 1.02820249
959 1.02831161
960 1.04025076
961 1.03634168
962 1.03990361
963 1.02775915
964 1.03841072
965 1.03198404
966 1.03416250
967 1.04508460
968 1.03827867
969 1.04230591
970 1.03789391
971 1.03987454
972 1.02558375
973 1.04217578
974 1.03373694
975 1.03950522
976 1.03567963
977 1.03908973
978 1.04248867
979 1.02896838
980 1.03517629
981 1.03577883
982 1.02947369
983 1.03007858
984 1.03254382
985 1.03830170
986 1.04047003
987 1.04508460
988 1.04669088
989 1.04174187
990 1.04022438
991 1.04244355
992 1.03969322
993 1.05449383
994 1.04658261
995 1.03497585
996 1.04010438
997 1.04263964
998 1.03794469
999 1.04063676
1000 1.04926538
1001 1.04921323
1002 1.04480172
1003 1.03645835
1004 1.04023225
1005 1.04600467
1006 1.03458256
1007 1.03916671
1008 1.04669088
1009 1.03765639
1010 1.04052379
1011 1.03371924
1012 1.04505409
1013 1.04083457
1014 1.04136730
1015 1.03568802
1016 1.04129163
1017 1.03618633
1018 1.04065457
1019 1.03873065
1020 1.03583827
1021 1.04255496
1022 1.04550014
1023 1.03518278
1024 1.04819605
1025 1.03670327
1026 1.03407383
1027 1.04411063
1028 1.03539982
1029 1.03765639
1030 1.03586647
1031 1.04575874
1032 1.04349177
1033 1.03907294
1034 1.02910375
1035 1.02940665
1036 1.04615367
1037 1.04758041
1038 1.03470530
1039 1.02983315
1040 1.02669258
1041 1.04244343
1042 1.03703302
1043 1.04100400
1044 1.03667961
1045 1.03813261
1046 1.03934914
1047 1.04977178
1048 1.04011587
1049 1.04094739
1050 1.03586647
1051 1.03832996
1052 1.04019002
1053 1.03283775
1054 1.04160521
1055 1.03246218
1056 1.03323791
1057 1.04121293
1058 1.03622561
1059 1.03983568
1060 1.03719879
1061 1.04379883
1062 1.04158067
1063 1.03928912
1064 1.03009304
1065 1.03641346
1066 1.04370452
1067 1.03382628
1068 1.04196901
1069 1.02766846
1070 1.04295038
1071 1.03832996
1072 1.04385454
1073 1.05041224
1074 1.04291226
1075 1.04741381
1076 1.04629342
1077 1.04861385
1078 1.04308050
1079 1.04523820
1080 1.04619875
1081 1.04634183
1082 1.04537224
1083 1.05071338
1084 1.04362621
1085 1.04171076
1086 1.04161893
1087 1.04853142
1088 1.04365237
1089 1.04447349
1090 1.05111135
1091 1.04772022
1092 1.04385454
1093 1.03451692
1094 1.04667256
1095 1.04239608
1096 1.03479528
1097 1.04218072
1098 1.03850642
1099 1.03266830
1100 1.03477228
1101 1.03204870
1102 1.03101989
1103 1.03408099
1104 1.02925370
1105 1.03704804
1106 1.03912789
1107 1.03183974
1108 1.04610284
1109 1.04635551
1110 1.03663448
1111 1.03098526
1112 1.03365843
1113 1.03451692
1114 1.04381633
1115 1.04586626
1116 1.04263118
1117 1.04881509
1118 1.05067142
1119 1.04405605
1120 1.03859677
1121 1.04645380
1122 1.04255478
1123 1.04047782
1124 1.04196668
1125 1.03977987
1126 1.04305279
1127 1.03923934
1128 1.03850111
1129 1.04175467
1130 1.03738798
1131 1.03692597
1132 1.04316696
1133 1.05191292
1134 1.04381633
1135 1.03796921
1136 1.04505366
1137 1.03951507
1138 1.04383536
1139 1.04581810
1140 1.03619914
1141 1.04267325
1142 1.04349564
1143 1.03388178
1144 1.04300359
1145 1.03873075
1146 1.03639721
1147 1.04906279
1148 1.03849283
1149 1.04063709
1150 1.04767569
1151 1.04116513
1152 1.03598338
1153 1.03458931
1154 1.04610310
1155 1.03796921
1156 1.04941484
1157 1.05382126
1158 1.05542084
1159 1.05476708
1160 1.03876457
1161 1.04253153
1162 1.04867383
1163 1.05281181
1164 1.04193804
1165 1.05589118
1166 1.05962181
1167 1.05156328
1168 1.04870528
1169 1.05831375
1170 1.03812120
1171 1.05022278
1172 1.04640765
1173 1.05293336
1174 1.04384953
1175 1.04239085
1176 1.04941484
1177 1.03841953
1178 1.04129930
1179 1.03734353
1180 1.03831309
1181 1.04680754
1182 1.03326332
1183 1.04283280
1184 1.03454319
1185 1.04381251
1186 1.04374498
1187 1.03551254
1188 1.03968005
1189 1.03214106
1190 1.03392591
1191 1.03411837
1192 1.03670133
1193 1.03172185
1194 1.02577841
1195 1.04183486
1196 1.03575037
1197 1.03841953
1198 1.05279222
1199 1.03995054
1200 1.05054956
1201 1.05075806
1202 1.05398929
1203 1.05187667
1204 1.03682754
1205 1.04781774
1206 1.04953649
1207 1.05044252
1208 1.05093101
1209 1.05259936
1210 1.05010096
1211 1.04999614
1212 1.05165550
1213 1.04666381
1214 1.04202028
1215 1.04354769
1216 1.04591702
1217 1.04414932
1218 1.05279222
1219 1.03590424
1220 1.04723170
1221 1.03467842
1222 1.03446484
1223 1.04647495
1224 1.04328035
1225 1.03537186
1226 1.04066899
1227 1.05048939
1228 1.04140805
1229 1.03718887
1230 1.04103998
1231 1.05087576
1232 1.03838582
1233 1.04033150
1234 1.04944712
1235 1.05073298
1236 1.03896960
1237 1.03910776
1238 1.04719371
1239 1.03590424
1240 1.03998349
1241 1.04545870
1242 1.04027245
1243 1.04283978
1244 1.03554235
1245 1.04516637
1246 1.03864047
1247 1.03458909
1248 1.03315601
1249 1.03425417
1250 1.03212311
1251 1.04252005
1252 1.03483926
1253 1.03280665
1254 1.03942577
1255 1.04137355
1256 1.03306250
1257 1.03690026
1258 1.03801695
1259 1.04584811
1260 1.03998349
1261 1.03501153
1262 1.03979220
1263 1.03731830
1264 1.05333964
1265 1.03372421
1266 1.03895818
1267 1.03727798
1268 1.04002703
1269 1.04304672
1270 1.03853580
1271 1.03507659
1272 1.03591052
1273 1.04304585
1274 1.03993225
1275 1.03485830
1276 1.02881496
1277 1.03977379
1278 1.04150064
1279 1.02997027
1280 1.03712632
1281 1.03501153
1282 1.03797433
1283 1.03995417
1284 1.04585005
1285 1.03440001
1286 1.03331263
1287 1.04349404
1288 1.03608896
1289 1.04455244
1290 1.04387580
1291 1.04418759
1292 1.03331407
1293 1.04371021
1294 1.03196318
1295 1.04350423
1296 1.03056854
1297 1.03642741
1298 1.04332398
1299 1.03710966
1300 1.04266110
1301 1.04053005
1302 1.03797433
1303 1.03951465
1304 1.03871479
1305 1.04207084
1306 1.05126286
1307 1.03879690
1308 1.03835588
1309 1.03815949
1310 1.03840464
1311 1.03807696
1312 1.03922630
1313 1.03835102
1314 1.04189586
1315 1.03718819
1316 1.02537243
1317 1.03897853
1318 1.04150497
1319 1.04540189
1320 1.03223131
1321 1.04716585
1322 1.04048792
1323 1.03951465
1324 1.04636622
1325 1.03988390
1326 1.04382505
1327 1.04084600
1328 1.05150311
1329 1.03599723
1330 1.04378430
1331 1.04032278
1332 1.04086089
1333 1.03945326
1334 1.03291168
1335 1.03653478
1336 1.05128871
1337 1.05064456
1338 1.03745852
1339 1.04311152
1340 1.02672635
1341 1.04112091
1342 1.04934738
1343 1.03814488
1344 1.04636622
1345 1.04579974
1346 1.05181052
1347 1.04152806
1348 1.03790122
1349 1.03611571
1350 1.03601280
1351 1.03985297
1352 1.03393221
1353 1.03812650
1354 1.03084734
1355 1.04215011
1356 1.04094299
1357 1.03583083
1358 1.03685984
1359 1.04818718
1360 1.02762937
1361 1.04698723
1362 1.03432047
1363 1.03654276
1364 1.03315838
1365 1.04579974
1366 1.03581949
1367 1.04639423
1368 1.03514192
1369 1.03932888
1370 1.03490320
1371 1.04262268
1372 1.04157973
1373 1.05363681
1374 1.04521775
1375 1.04452808
1376 1.03603156
1377 1.04504740
1378 1.04063866
1379 1.04255066
1380 1.03660008
1381 1.04448446
1382 1.04062542
1383 1.04116841
1384 1.04200936
1385 1.04637376
1386 1.03581949
1387 1.03821524
1388 1.04571329
1389 1.03678641
1390 1.03451226
1391 1.03028845
1392 1.03490566
1393 1.03219670
1394 1.03982019
1395 1.03735868
1396 1.02872910
1397 1.03370122
1398 1.03593305
1399 1.03754341
1400 1.03333399
1401 1.03184925
1402 1.03559314
1403 1.03407013
1404 1.04092541
1405 1.03445160
1406 1.03812475
1407 1.03821524
1408 1.05136198
1409 1.03343362
1410 1.03541460
1411 1.04237629
1412 1.03918003
1413 1.04701570
1414 1.04041281
1415 1.03238974
1416 1.04263716
1417 1.03470465
1418 1.03679129
1419 1.04191710
1420 1.03541080
1421 1.03824819
1422 1.03065295
1423 1.03891846
1424 1.04062216
1425 1.03562288
1426 1.03361139
1427 1.04221418
1428 1.05136198
1429 1.03669411
1430 1.04017365
1431 1.03903585
1432 1.04673039
1433 1.04066693
1434 1.03770932
1435 1.03360459
1436 1.04659903
1437 1.03829686
1438 1.03930249
1439 1.03792797
1440 1.02604203
1441 1.03961882
1442 1.03633896
1443 1.04051303
1444 1.05014950
1445 1.04434628
1446 1.03806780
1447 1.04113480
1448 1.03626766
1449 1.03669411
1450 1.03452903
1451 1.04372927
1452 1.02828238
1453 1.02985823
1454 1.03700910
1455 1.04577924
1456 1.03244845
1457 1.04145798
1458 1.03271037
1459 1.03034267
1460 1.05002257
1461 1.03025538
1462 1.03524318
1463 1.03843634
1464 1.03399168
1465 1.03410369
1466 1.03411663
1467 1.03313967
1468 1.03731317
1469 1.03673651
1470 1.03452903
1471 1.04309331
1472 1.03746582
1473 1.04590505
1474 1.03524800
1475 1.04654940
1476 1.05134831
1477 1.04173733
1478 1.03822518
1479 1.05167593
1480 1.03699736
1481 1.04580175
1482 1.04201956
1483 1.04220968
1484 1.04259777
1485 1.04398613
1486 1.04533725
1487 1.04256771
1488 1.05216433
1489 1.04494666
1490 1.05060738
1491 1.04309331
1492 1.04671230
1493 1.04939517
1494 1.05060148
1495 1.04146025
1496 1.04384778
1497 1.04511275
1498 1.04669535
1499 1.04000838
1500 1.04907872
1501 1.05175547
1502 1.05065656
1503 1.04784535
1504 1.04625667
1505 1.04306834
1506 1.04387591
1507 1.05117628
1508 1.04053126
1509 1.04667344
1510 1.04849017
1511 1.04490834
1512 1.04671230
1513 1.05348832
1514 1.05137810
1515 1.05178678
1516 1.05483649
1517 1.04815453
1518 1.05014611
1519 1.04240160
1520 1.04500961
1521 1.05587454
1522 1.05466501
1523 1.03837280
1524 1.05228263
1525 1.05032795
1526 1.04789446
1527 1.04969536
1528 1.05591798
1529 1.04019493
1530 1.04578060
1531 1.05594372
1532 1.04954839
1533 1.05348832
1534 1.03666552
1535 1.04536835
1536 1.05429601
1537 1.03991278
1538 1.04958358
1539 1.04870870
1540 1.04858587
1541 1.04398197
1542 1.04236088
1543 1.04242016
1544 1.04961494
1545 1.04425378
1546 1.05052458
1547 1.04106879
1548 1.04212685
1549 1.04066123
1550 1.04421394
1551 1.04232638
1552 1.04910346
1553 1.04388203
1554 1.03666552
1555 1.03441957
1556 1.03974784
1557 1.03628984
1558 1.03310687
1559 1.03414293
1560 1.03439400
1561 1.04774400
1562 1.03402476
1563 1.02952131
1564 1.03071826
1565 1.03437189
1566 1.03297207
1567 1.03871305
1568 1.03188277
1569 1.04440399
1570 1.03325363
1571 1.04277695
1572 1.03646414
1573 1.03425948
1574 1.03032734
1575 1.03441957
1576 1.05003116
1577 1.04375831
1578 1.05120295
1579 1.04465086
1580 1.03837730
1581 1.04580254
1582 1.05405257
1583 1.04424647
1584 1.04437090
1585 1.04779890
1586 1.05142708
1587 1.04433389
1588 1.04417337
1589 1.04498883
1590 1.04666033
1591 1.04993610
1592 1.04535623
1593 1.05243787
1594 1.04858267
1595 1.04961925
1596 1.05003116
1597 1.04207720
1598 1.03590869
1599 1.04440151
1600 1.03489579
1601 1.04290172
1602 1.03101467
1603 1.02658454
1604 1.04000164
1605 1.03603390
1606 1.03563040
1607 1.03842918
1608 1.05164512
1609 1.03365688
1610 1.04313833
1611 1.03788853
1612 1.03552432
1613 1.03520463
1614 1.03726939
1615 1.04179179
1616 1.03692340
1617 1.04207720
1618 1.05191288
1619 1.03936641
1620 1.04343945
1621 1.04256450
1622 1.03927171
1623 1.03740490
1624 1.03661527
1625 1.03541690
1626 1.03851801
1627 1.04124792
1628 1.04408657
1629 1.04427828
1630 1.03214344
1631 1.03490261
1632 1.03070526
1633 1.03379850
1634 1.04789106
1635 1.04219398
1636 1.04323151
1637 1.03838770
1638 1.05191288
1639 1.05317564
1640 1.05301361
1641 1.05833855
1642 1.05504577
1643 1.05893315
1644 1.05710398
1645 1.06046269
1646 1.05431274
1647 1.05272024
1648 1.04894544
1649 1.05582110
1650 1.05632990
1651 1.05511173
1652 1.05451407
1653 1.05792897
1654 1.04691260
1655 1.06081815
1656 1.06030110
1657 1.05983191
1658 1.05546609
1659 1.05317564
1660 1.04480492
1661 1.03796701
1662 1.04339323
1663 1.03915696
1664 1.03785723
1665 1.04070630
1666 1.03671257
1667 1.03905938
1668 1.04195806
1669 1.03458533
1670 1.03360073
1671 1.04789995
1672 1.03210290
1673 1.04543737
1674 1.03924516
1675 1.03100480
1676 1.03914226
1677 1.03941145
1678 1.03815588
1679 1.03628840
1680 1.04480492
1681 1.03451073
1682 1.03376342
1683 1.03704659
1684 1.04410384
1685 1.04575880
1686 1.03071692
1687 1.03743856
1688 1.03874938
1689 1.04030449
1690 1.02923605
1691 1.03102232
1692 1.04158771
1693 1.03661850
1694 1.03629362
1695 1.03293082
1696 1.03204951
1697 1.03750048
1698 1.04497008
1699 1.03662351
1700 1.04471246
1701 1.03451073
1702 1.04096200
1703 1.05476609
1704 1.05256817
1705 1.05149262
1706 1.05598647
1707 1.05711891
1708 1.04989858
1709 1.04977971
1710 1.05235498
1711 1.04373075
1712 1.05931789
1713 1.05269146
1714 1.06140815
1715 1.05055468
1716 1.04368380
1717 1.04450661
1718 1.04595309
1719 1.04695591
1720 1.03571247
1721 1.04840920
1722 1.04096200
1723 1.03514504
1724 1.03614854
1725 1.03814954
1726 1.02988852
1727 1.03433730
1728 1.03608608
1729 1.03559787
1730 1.03576895
1731 1.03201604
1732 1.04593397
1733 1.03683167
1734 1.03216863
1735 1.03347807
1736 1.04310184
1737 1.04072630
1738 1.03472458
1739 1.04214464
1740 1.03179011
1741 1.03712718
1742 1.03362986
1743 1.03514504
1744 1.04096906
1745 1.04551704
1746 1.04398641
1747 1.03226691
1748 1.04325097
1749 1.04351074
1750 1.03945298
1751 1.04190382
1752 1.04765186
1753 1.03123967
1754 1.05053696
1755 1.04302740
1756 1.05074099
1757 1.04559606
1758 1.04976474
1759 1.03435811
1760 1.04000927
1761 1.04496992
1762 1.05159593
1763 1.04446405
1764 1.04096906
1765 1.03184200
1766 1.03760656
1767 1.03288984
1768 1.04607096
1769 1.03263785
1770 1.03602081
1771 1.03170936
1772 1.03790058
1773 1.03764602
1774 1.03632701
1775 1.04445035
1776 1.03544362
1777 1.03741337
1778 1.03728151
1779 1.04065821
1780 1.04449635
1781 1.03912944
1782 1.03501785
1783 1.03216090
1784 1.04138733
1785 1.03184200
1786 1.04512322
1787 1.05273040
1788 1.05094525
1789 1.05417860
1790 1.04474766
1791 1.05489189
1792 1.04010980
1793 1.04259080
1794 1.04782714
1795 1.04651245
1796 1.05022578
1797 1.05442320
1798 1.04732123
1799 1.04246983
1800 1.04508724
1801 1.04381433
1802 1.03947909
1803 1.04268725
1804 1.04894482
1805 1.04433837
1806 1.04512322
1807 1.03906228
1808 1.04448436
1809 1.03215844
1810 1.04117777
1811 1.04707534
1812 1.05280332
1813 1.04035988
1814 1.04434837
1815 1.04346985
1816 1.05090110
1817 1.04096686
1818 1.03898336
1819 1.04294664
1820 1.04077548
1821 1.03756565
1822 1.04249362
1823 1.03839910
1824 1.03907404
1825 1.04596550
1826 1.04689438
1827 1.03906228
1828 1.03581264
1829 1.03628954
1830 1.03807186
1831 1.04042218
1832 1.03985959
1833 1.03399199
1834 1.03613266
1835 1.04031902
1836 1.03785755
1837 1.04016331
1838 1.02829541
1839 1.03273239
1840 1.03953754
1841 1.03689016
1842 1.02732092
1843 1.03162237
1844 1.03025268
1845 1.03877050
1846 1.03296791
1847 1.03655524
1848 1.03581264
1849 1.03844783
1850 1.04082469
1851 1.04528697
1852 1.03462615
1853 1.04213360
1854 1.02512351
1855 1.04447606
1856 1.04312224
1857 1.04730316
1858 1.04847763
1859 1.03758882
1860 1.03928856
1861 1.03777190
1862 1.04679175
1863 1.04164388
1864 1.04859472
1865 1.03725418
1866 1.03913156
1867 1.04413810
1868 1.03593437
1869 1.03844783
1870 1.03169199
1871 1.03573472
1872 1.03549887
1873 1.03935951
1874 1.04179616
1875 1.04128261
1876 1.03424180
1877 1.03986506
1878 1.03680923
1879 1.03812734
1880 1.04443896
1881 1.05016259
1882 1.04062777
1883 1.04381648
1884 1.04363942
1885 1.03759772
1886 1.03869977
1887 1.03388818
1888 1.04043684
1889 1.03779037
1890 1.03169199
1891 1.03624262
1892 1.03246547
1893 1.03450597
1894 1.03149572
1895 1.03074464
1896 1.03623458
1897 1.03840593
1898 1.03353011
1899 1.04308386
1900 1.03399651
1901 1.03163611
1902 1.03530734
1903 1.03963993
1904 1.03587362
1905 1.03469379
1906 1.02318331
1907 1.03520306
1908 1.03734844
1909 1.03204900
1910 1.02766416
1911 1.03624262
1912 1.04062213
1913 1.04119254
1914 1.04383343
1915 1.04741154
1916 1.03469766
1917 1.04458327
1918 1.04385258
1919 1.04881423
1920 1.03310755
1921 1.03936664
1922 1.04463612
1923 1.03575453
1924 1.04449316
1925 1.04675109
1926 1.03793183
1927 1.04887740
1928 1.03627150
1929 1.03990090
1930 1.03878529
1931 1.04018387
1932 1.04062213
1933 1.04028139
1934 1.03807750
1935 1.03709361
1936 1.04121840
1937 1.04483159
1938 1.04445045
1939 1.04141848
1940 1.03694458
1941 1.03820212
1942 1.03681607
1943 1.03875810
1944 1.03751669
1945 1.03901638
1946 1.04449884
1947 1.03389664
1948 1.03580577
1949 1.03428853
1950 1.03791043
1951 1.04432054
1952 1.03809124
1953 1.04028139
1954 1.04707882
1955 1.04885680
1956 1.04873051
1957 1.04449926
1958 1.04167105
1959 1.04644468
1960 1.03819674
1961 1.04645091
1962 1.04067881
1963 1.02599441
1964 1.04144151
1965 1.03641135
1966 1.04436906
1967 1.03397874
1968 1.05056121
1969 1.05670269
1970 1.03628758
1971 1.03669397
1972 1.04512647
1973 1.04345353
1974 1.04707882
1975 1.03367314
1976 1.04542864
1977 1.03410126
1978 1.04125750
1979 1.03210654
1980 1.03249918
1981 1.03594063
1982 1.04791620
1983 1.03543564
1984 1.02928191
1985 1.03493176
1986 1.04145206
1987 1.03764187
1988 1.04261155
1989 1.03808493
1990 1.04428737
1991 1.03905157
1992 1.03948698
1993 1.04142624
1994 1.03984767
1995 1.03367314
1996 1.04569368
1997 1.04937229
1998 1.04030728
1999 1.04249295
2000 1.04400510
2001 1.03541449
2002 1.04307364
2003 1.04631780
2004 1.04249807
2005 1.04284902
2006 1.03668708
2007 1.03789867
2008 1.03533835
2009 1.03817949
2010 1.04604504
2011 1.03609252
2012 1.03099856
2013 1.04783144
2014 1.04633429
2015 1.04008461
2016 1.04569368
2017 1.03939601
2018 1.04631552
2019 1.03766846
2020 1.03863596
2021 1.03606737
2022 1.04681084
2023 1.03976419
2024 1.03978219
2025 1.04457964
2026 1.04091301
2027 1.03023098
2028 1.03499244
2029 1.03788514
2030 1.03643327
2031 1.03417324
2032 1.04347259
2033 1.03473437
2034 1.03625336
2035 1.04512247
2036 1.03287750
2037 1.03939601
2038 1.03084728
2039 1.04093356
2040 1.04239747
2041 1.03644136
2042 1.03814803
2043 1.04688559
2044 1.04303818
2045 1.03710474
2046 1.03521422
2047 1.04673946
2048 1.03521929
2049 1.03425769
2050 1.03790914
2051 1.03483155
2052 1.03489085
2053 1.04502080
2054 1.04081967
2055 1.03918613
2056 1.02724544
2057 1.04000177
2058 1.03084728
2059 1.03922503
2060 1.04335062
2061 1.04213716
2062 1.04373486
2063 1.05042931
2064 1.04502765
2065 1.05198691
2066 1.04680577
2067 1.04337423
2068 1.04040243
2069 1.04912312
2070 1.04297136
2071 1.06210303
2072 1.05262083
2073 1.03970531
2074 1.04465268
2075 1.05051165
2076 1.04735249
2077 1.04488343
2078 1.04098669
2079 1.03922503
2080 1.04688440
2081 1.05422991
2082 1.04306420
2083 1.05471145
2084 1.04620393
2085 1.04911045
2086 1.04809086
2087 1.05219227
2088 1.04317829
2089 1.05700479
2090 1.04925873
2091 1.04785245
2092 1.04421607
2093 1.04344338
2094 1.05960712
2095 1.05254174
2096 1.04829647
2097 1.05431515
2098 1.05628314
2099 1.04197002
2100 1.04688440
2101 1.04365472
2102 1.04415651
2103 1.02755523
2104 1.03793767
2105 1.03171287
2106 1.03485380
2107 1.04075927
2108 1.03698397
2109 1.03528303
2110 1.03946951
2111 1.03958978
2112 1.04549544
2113 1.03130710
2114 1.03817109
2115 1.03154749
2116 1.03045644
2117 1.03875680
2118 1.03959258
2119 1.03541306
2120 1.03713657
2121 1.04365472
2122 1.05595165
2123 1.05259221
2124 1.04910577
2125 1.05134225
2126 1.04925638
2127 1.04758920
2128 1.04316219
2129 1.04565999
2130 1.05108075
2131 1.05149134
2132 1.04394166
2133 1.05121025
2134 1.04306193
2135 1.05155138
2136 1.04475214
2137 1.04791656
2138 1.04831887
2139 1.05137200
2140 1.04004340
2141 1.05817098
2142 1.05595165
2143 1.03610396
2144 1.04290449
2145 1.04430729
2146 1.03718985
2147 1.05006996
2148 1.03993259
2149 1.03793185
2150 1.03914201
2151 1.03031251
2152 1.03887325
2153 1.04275718
2154 1.04549621
2155 1.04237915
2156 1.04160425
2157 1.05188824
2158 1.04073344
2159 1.04263822
2160 1.04111357
2161 1.03717344
2162 1.04203175
2163 1.03610396
2164 1.04656562
2165 1.03996478
2166 1.03797369
2167 1.03987368
2168 1.04801144
2169 1.03880597
2170 1.03964637
2171 1.04187903
2172 1.04838520
2173 1.03060994
2174 1.04700331
2175 1.03700145
2176 1.04291463
2177 1.04822397
2178 1.03789733
2179 1.04691282
2180 1.04682101
2181 1.03833947
2182 1.04287989
2183 1.04095065
2184 1.04656562
2185 1.03967844
2186 1.03471281
2187 1.03780817
2188 1.04535767
2189 1.03401470
2190 1.03403201
2191 1.03620764
2192 1.04375641
2193 1.03269250
2194 1.03844026
2195 1.03586042
2196 1.02952969
2197 1.03722251
2198 1.03858906
2199 1.03069083
2200 1.03368739
2201 1.03828968
2202 1.04497523
2203 1.03012513
2204 1.03448589
2205 1.03967844
2206 1.04946315
2207 1.04946340
2208 1.04181297
2209 1.04966634
2210 1.04995815
2211 1.04609602
2212 1.05981087
2213 1.05374298
2214 1.04132951
2215 1.04457327
2216 1.03855000
2217 1.05224115
2218 1.05257164
2219 1.04727346
2220 1.05063345
2221 1.04445319
2222 1.05284432
2223 1.04227197
2224 1.05177707
2225 1.05049967
2226 1.04946315
2227 1.03431427
2228 1.05048890
2229 1.04505638
2230 1.04669567
2231 1.03575749
2232 1.03470681
2233 1.03172269
2234 1.03962594
2235 1.03737629
2236 1.04116530
2237 1.04756056
2238 1.04321435
2239 1.04065824
2240 1.03581089
2241 1.04218729
2242 1.03812140
2243 1.03398570
2244 1.03362058
2245 1.03619069
2246 1.03854394
2247 1.03431427
2248 1.04262434
2249 1.03839164
2250 1.04894764
2251 1.03692545
2252 1.03998181
2253 1.03839705
2254 1.04351787
2255 1.04343285
2256 1.03832788
2257 1.04396789
2258 1.04115437
2259 1.04272885
2260 1.03930375
2261 1.03695892
2262 1.03091788
2263 1.03790719
2264 1.03862241
2265 1.04402901
2266 1.05222072
2267 1.04308656
2268 1.04262434
2269 1.04207452
2270 1.04923325
2271 1.04227228
2272 1.05109396
2273 1.04855106
2274 1.04753361
2275 1.05503893
2276 1.06375041
2277 1.05399787
2278 1.06239684
2279 1.05451498
2280 1.06131552
2281 1.05256878
2282 1.05271885
2283 1.05807567
2284 1.04639124
2285 1.04399023
2286 1.05327464
2287 1.04527363
2288 1.04961207
2289 1.04207452
2290 1.03624052
2291 1.05398290
2292 1.03337402
2293 1.05046180
2294 1.04695585
2295 1.05114118
2296 1.03914350
2297 1.05369367
2298 1.03706115
2299 1.05356270
2300 1.04347946
2301 1.03746751
2302 1.04166708
2303 1.03890140
2304 1.04878877
2305 1.04337535
2306 1.03876174
2307 1.04466588
2308 1.04492218
2309 1.04504873
2310 1.03624052
2311 1.03164066
2312 1.03193343
2313 1.04278615
2314 1.03471317
2315 1.03014032
2316 1.03686690
2317 1.04185318
2318 1.03390128
2319 1.03128848
2320 1.03668148
2321 1.04040147
2322 1.03824783
2323 1.03659701
2324 1.03061102
2325 1.03096459
2326 1.05077937
2327 1.03260055
2328 1.03710194
2329 1.03545671
2330 1.04458747
2331 1.03164066
2332 1.02747479
2333 1.03947512
2334 1.03428225
2335 1.02614158
2336 1.04291226
2337 1.03957113
2338 1.03502572
2339 1.02436086
2340 1.02754691
2341 1.03132616
2342 1.03827790
2343 1.04019176
2344 1.02933287
2345 1.03669302
2346 1.04135982
2347 1.03911054
2348 1.04065842
2349 1.03192659
2350 1.03920687
2351 1.04093254
2352 1.02747479
2353 1.04879084
2354 1.05003073
2355 1.04314940
2356 1.04252118
2357 1.04749309
2358 1.05293644
2359 1.04473686
2360 1.05508084
2361 1.04678976
2362 1.05275099
2363 1.04265475
2364 1.05171459
2365 1.04627191
2366 1.05036298
2367 1.05336167
2368 1.04420717
2369 1.05776412
2370 1.04785710
2371 1.03904644
2372 1.04441988
2373 1.04879084
2374 1.04634043
2375 1.04307344
2376 1.04642819
2377 1.04007209
2378 1.04183924
2379 1.03419759
2380 1.04077449
2381 1.04041596
2382 1.04255770
2383 1.03259718
2384 1.03824383
2385 1.03773558
2386 1.04126642
2387 1.03679312
2388 1.04235603
2389 1.04015868
2390 1.02737115
2391 1.04525967
2392 1.03599883
2393 1.03709900
2394 1.04634043
2395 1.04232118
2396 1.04375331
2397 1.03996048
2398 1.03795842
2399 1.04271602
2400 1.03689319
2401 1.03666651
2402 1.04360118
2403 1.03779496
2404 1.03161225
2405 1.03592337
2406 1.03692666
2407 1.03602824
2408 1.03098969
2409 1.04213553
2410 1.03943958
2411 1.03513588
2412 1.02735007
2413 1.03864037
2414 1.03988710
2415 1.04232118
2416 1.03554260
2417 1.03841682
2418 1.04061673
2419 1.04736592
2420 1.04023458
2421 1.04421690
2422 1.03738463
2423 1.03642220
2424 1.04157302
2425 1.04516321
2426 1.04320015
2427 1.04027046
2428 1.04716173
2429 1.03487698
2430 1.03113496
2431 1.04506228
2432 1.04695784
2433 1.04670458
2434 1.03667289
2435 1.04014719
2436 1.03554260
2437 1.04379647
2438 1.04410049
2439 1.04357687
2440 1.03806546
2441 1.04143143
2442 1.04195361
2443 1.04566640
2444 1.04742825
2445 1.03983588
2446 1.04600528
2447 1.04666374
2448 1.04171848
2449 1.03335379
2450 1.03678138
2451 1.04460647
2452 1.03753450
2453 1.04973973
2454 1.04188583
2455 1.04595810
2456 1.03426194
2457 1.04379647
2458 1.04973662
2459 1.04887596
2460 1.04308544
2461 1.04378836
2462 1.04844097
2463 1.04383348
2464 1.04012110
2465 1.05089798
2466 1.04080750
2467 1.04456274
2468 1.04601603
2469 1.04675565
2470 1.05884157
2471 1.04758879
2472 1.04737961
2473 1.04899906
2474 1.04332585
2475 1.05486436
2476 1.04686629
2477 1.04528068
2478 1.04973662
2479 1.03913459
2480 1.04254503
2481 1.04301830
2482 1.03520151
2483 1.04070941
2484 1.03769007
2485 1.03607124
2486 1.03916338
2487 1.04070654
2488 1.03672425
2489 1.03720376
2490 1.04212063
2491 1.04108293
2492 1.03458371
2493 1.03956618
2494 1.03717475
2495 1.03305574
2496 1.04575375
2497 1.03208174
2498 1.03159789
2499 1.03913459
2500 1.04255393
2501 1.04808880
2502 1.04495807
2503 1.03879389
2504 1.03855734
2505 1.04609880
2506 1.04317050
2507 1.03994455
2508 1.05676800
2509 1.04811054
2510 1.03346727
2511 1.04319002
2512 1.04285063
2513 1.04525098
2514 1.04157922
2515 1.04560881
2516 1.04171450
2517 1.03841732
2518 1.03962850
2519 1.03982767
2520 1.04255393
2521 1.03991953
2522 1.04502792
2523 1.04135345
2524 1.04446013
2525 1.03590308
2526 1.04401124
2527 1.04794941
2528 1.04573760
2529 1.03773802
2530 1.04157423
2531 1.04463692
2532 1.04855598
2533 1.03510741
2534 1.04382905
2535 1.04366659
2536 1.04665251
2537 1.04921059
2538 1.04410297
2539 1.04387972
2540 1.05027951
2541 1.03991953
2542 1.04125324
2543 1.05039154
2544 1.04739931
2545 1.04152158
2546 1.04997624
2547 1.04481100
2548 1.04234136
2549 1.04336055
2550 1.04139631
2551 1.04546680
2552 1.03939630
2553 1.04345784
2554 1.04002951
2555 1.04280216
2556 1.05025943
2557 1.04220503
2558 1.04272284
2559 1.04550987
2560 1.04275377
2561 1.03921675
2562 1.04125324
2563 1.03910167
2564 1.04842280
2565 1.03237825
2566 1.03322588
2567 1.04390832
2568 1.04082906
2569 1.04626923
2570 1.04393964
2571 1.03049290
2572 1.04545742
2573 1.04277335
2574 1.04091062
2575 1.04599741
2576 1.03950139
2577 1.04280266
2578 1.04690864
2579 1.03558635
2580 1.04864453
2581 1.04392554
2582 1.03841528
2583 1.03910167
2584 1.04254757
2585 1.04415791
2586 1.04317011
2587 1.04783002
2588 1.04452133
2589 1.05406621
2590 1.04552477
2591 1.04483848
2592 1.04799127
2593 1.03900892
2594 1.04697946
2595 1.04892156
2596 1.04156554
2597 1.03884461
2598 1.04615515
2599 1.04555790
2600 1.04750530
2601 1.03717104
2602 1.04344000
2603 1.04072710
2604 1.04254757
2605 1.03458692
2606 1.03740573
2607 1.03430826
2608 1.02564953
2609 1.04108849
2610 1.03610078
2611 1.03440717
2612 1.03913122
2613 1.04007349
2614 1.04026393
2615 1.03099564
2616 1.03669324
2617 1.02823364
2618 1.03961348
2619 1.03982649
2620 1.03978338
2621 1.04067002
2622 1.04675485
2623 1.04135132
2624 1.03731207
2625 1.03458692
2626 1.04684668
2627 1.04669124
2628 1.03567325
2629 1.03554910
2630 1.03917326
2631 1.03489341
2632 1.03550915
2633 1.04277259
2634 1.03957990
2635 1.04115447
2636 1.03996966
2637 1.04041930
2638 1.03538095
2639 1.04245333
2640 1.03841165
2641 1.04024173
2642 1.04723930
2643 1.04579158
2644 1.03896869
2645 1.04784393
2646 1.04684668
2647 1.03934240
2648 1.03533612
2649 1.03169932
2650 1.04208730
2651 1.03820590
2652 1.04493325
2653 1.04067964
2654 1.03991009
2655 1.04449327
2656 1.02713027
2657 1.03845872
2658 1.03905265
2659 1.04146422
2660 1.04332534
2661 1.03357907
2662 1.04202957
2663 1.03440998
2664 1.04424200
2665 1.03264309
2666 1.03913750
2667 1.03934240
2668 1.04632937
2669 1.03905688
2670 1.04472504
2671 1.04807304
2672 1.03882103
2673 1.03968751
2674 1.03552503
2675 1.04908547
2676 1.04211961
2677 1.04604267
2678 1.03772521
2679 1.04263845
2680 1.04841355
2681 1.03949336
2682 1.04473097
2683 1.03870750
2684 1.04514197
2685 1.03724514
2686 1.04051963
2687 1.04234848
2688 1.04632937
2689 1.05584724
2690 1.04686095
2691 1.05068090
2692 1.04895170
2693 1.04872451
2694 1.05131822
2695 1.04783535
2696 1.05171540
2697 1.05327820
2698 1.05450780
2699 1.03877957
2700 1.05275324
2701 1.05040100
2702 1.05465956
2703 1.04517044
2704 1.05658275
2705 1.05102509
2706 1.05357145
2707 1.04878747
2708 1.04567677
2709 1.05584724
2710 1.04763678
2711 1.05561789
2712 1.04598433
2713 1.04309312
2714 1.04713621
2715 1.05063519
2716 1.05819351
2717 1.05541114
2718 1.04175210
2719 1.04828117
2720 1.04851612
2721 1.04366775
2722 1.04336910
2723 1.04977147
2724 1.04869255
2725 1.05028985
2726 1.04651329
2727 1.04925259
2728 1.05302973
2729 1.04522390
2730 1.04763678
2731 1.03643126
2732 1.04051213
2733 1.03829162
2734 1.04624007
2735 1.04288028
2736 1.03351496
2737 1.03711340
2738 1.04091376
2739 1.04022865
2740 1.03196741
2741 1.03819120
2742 1.03904623
2743 1.03518267
2744 1.04371294
2745 1.04257903
2746 1.04166751
2747 1.03943953
2748 1.04623789
2749 1.04042025
2750 1.04231489
2751 1.03643126
2752 1.04032757
2753 1.03883068
2754 1.04290978
2755 1.02937091
2756 1.04286094
2757 1.03494422
2758 1.03973311
2759 1.03648439
2760 1.04447084
2761 1.04381854
2762 1.03761949
2763 1.03647635
2764 1.03994414
2765 1.03804146
2766 1.04273334
2767 1.04446290
2768 1.04029062
2769 1.04236513
2770 1.03463553
2771 1.04128396
2772 1.04032757
2773 0.99270425
2774 1.00822612
2775 1.01064467
2776 1.02395022
2777 1.01932633
2778 1.03257837
2779 1.03413153
2780 1.03000015
2781 1.03252834
2782 1.03898896
2783 1.02800673
2784 1.03416786
2785 1.03096698
2786 1.03598899
2787 1.02963798
2788 1.02993755
2789 1.03278475
2790 1.02656254
2791 1.01880311
2792 1.00528087
2793 0.99270425
2794 1.03669135
2795 1.03557002
2796 1.03409841
2797 1.03433337
2798 1.04184058
2799 1.04821445
2800 1.04227583
2801 1.04659650
2802 1.04047995
2803 1.04089398
2804 1.03884231
2805 1.03109080
2806 1.03598255
2807 1.03391841
2808 1.04168235
2809 1.03131668
2810 1.03589509
2811 1.04342243
2812 1.03317802
2813 1.03470254
2814 1.03669135
2815 1.04237691
2816 1.03486823
2817 1.03581374
2818 1.04379446
2819 1.04323017
2820 1.04049059
2821 1.03874173
2822 1.03771264
2823 1.04296654
2824 1.04159884
2825 1.04652515
2826 1.04036309
2827 1.04404228
2828 1.04702656
2829 1.04435600
2830 1.04203431
2831 1.03603465
2832 1.04497702
2833 1.04168203
2834 1.04447493
2835 1.04237691
2836 1.03890613
2837 1.03578093
2838 1.03843695
2839 1.03711796
2840 1.03050384
2841 1.02808061
2842 1.03727698
2843 1.02851367
2844 1.04211776
2845 1.03190956
2846 1.04074676
2847 1.03194731
2848 1.03613338
2849 1.03817332
2850 1.02670711
2851 1.03771014
2852 1.03561846
2853 1.04185800
2854 1.03972655
2855 1.03703237
2856 1.03890613
2857 1.04868994
2858 1.04470626
2859 1.04939416
2860 1.04794219
2861 1.05008601
2862 1.03996604
2863 1.03795887
2864 1.03715305
2865 1.04805777
2866 1.05191411
2867 1.03986996
2868 1.04277310
2869 1.05128373
2870 1.03858282
2871 1.04202628
2872 1.03792661
2873 1.03983947
2874 1.04526103
2875 1.04588357
2876 1.04911348
2877 1.04868994
2878 1.05076172
2879 1.04379511
2880 1.05825125
2881 1.04166827
2882 1.05071019
2883 1.04119512
2884 1.04539995
2885 1.03843245
2886 1.04493281
2887 1.04612060
2888 1.05653138
2889 1.04339215
2890 1.03971995
2891 1.04089021
2892 1.04547861
2893 1.04984074
2894 1.04100894
2895 1.04021862
2896 1.05279865
2897 1.04359336
2898 1.05076172
2899 1.04000821
2900 1.03169381
2901 1.03334631
2902 1.04288420
2903 1.04076423
2904 1.04587644
2905 1.05069510
2906 1.04001606
2907 1.04033284
2908 1.04418332
2909 1.05002876
2910 1.04746695
2911 1.04627082
2912 1.03609515
2913 1.04059541
2914 1.03536524
2915 1.04132563
2916 1.03987324
2917 1.04474037
2918 1.03792555
2919 1.04000821
2920 1.03226996
2921 1.04443396
2922 1.04662432
2923 1.04718088
2924 1.04352496
2925 1.04569134
2926 1.05149680
2927 1.04817697
2928 1.03917173
2929 1.04582506
2930 1.04386312
2931 1.04532060
2932 1.04184192
2933 1.04260971
2934 1.04160884
2935 1.04479817
2936 1.04131032
2937 1.04231547
2938 1.04507843
2939 1.04460825
2940 1.03226996
2941 1.03741389
2942 1.04440230
2943 1.04146669
2944 1.04639912
2945 1.05032777
2946 1.04699765
2947 1.04943439
2948 1.05839972
2949 1.04139865
2950 1.03795561
2951 1.04657665
2952 1.04297775
2953 1.05012778
2954 1.04133449
2955 1.04743383
2956 1.05222412
2957 1.04560431
2958 1.04984014
2959 1.04412986
2960 1.04676663
2961 1.03741389
2962 1.03863978
2963 1.03669456
2964 1.04225008
2965 1.02951346
2966 1.03831096
2967 1.03695571
2968 1.03160018
2969 1.03561558
2970 1.04054796
2971 1.03996288
2972 1.03139330
2973 1.03937541
2974 1.04177243
2975 1.03359354
2976 1.03814338
2977 1.03570417
2978 1.03882483
2979 1.03469073
2980 1.03287256
2981 1.04146916
2982 1.03863978
2983 1.05254332
2984 1.04536148
2985 1.04386776
2986 1.04612774
2987 1.04333892
2988 1.04194834
2989 1.03976099
2990 1.04334554
2991 1.04733430
2992 1.04143869
2993 1.04643548
2994 1.04762397
2995 1.04739160
2996 1.04261590
2997 1.05151698
2998 1.04250647
2999 1.04604242
3000 1.04354874
3001 1.03328499
3002 1.04162954
3003 1.05254332
3004 1.04744242
3005 1.04450197
3006 1.04580280
3007 1.05378635
3008 1.04417698
3009 1.05131869
3010 1.05548101
3011 1.05273102
3012 1.04582872
3013 1.03816619
3014 1.05195636
3015 1.04377752
3016 1.05387871
3017 1.04519493
3018 1.03504607
3019 1.05290802
3020 1.04846909
3021 1.05423181
3022 1.04989415
3023 1.05500713
3024 1.04744242
