index DenDen_position
1 1.61905960
2 1.57900829
3 1.54887702
4 1.51915225
5 1.49216955
6 1.47885086
7 1.47097401
8 1.45585792
9 1.44617915
10 1.43750417
11 1.44386268
12 1.43919470
13 1.44481169
14 1.45528116
15 1.46438142
16 1.47460064
17 1.49892261
18 1.51136609
19 1.54094112
20 1.57536942
21 1.61905960
22 0.94834035
23 0.95252615
24 0.96050077
25 0.96214522
26 0.97021006
27 0.97418693
28 0.97546644
29 0.97312877
30 0.97693930
31 0.98076729
32 0.98860140
33 0.97763837
34 0.97126276
35 0.96681539
36 0.97010892
37 0.96465559
38 0.97446633
39 0.96854911
40 0.95533151
41 0.94409198
42 0.94834035
43 0.99128559
44 1.00366776
45 1.00664212
46 0.99218917
47 0.99494091
48 1.00313708
49 0.99298480
50 0.99535321
51 0.99542308
52 1.00259931
53 0.99834152
54 0.98991380
55 0.99402311
56 0.98875762
57 0.99175397
58 0.99682890
59 0.99879550
60 1.00069733
61 0.99409438
62 0.99817105
63 0.99128559
64 0.97132990
65 0.98726281
66 0.99252004
67 0.97843903
68 0.98569646
69 0.98411181
70 0.98105997
71 0.98168751
72 0.99072069
73 0.98576748
74 0.97794132
75 0.98953564
76 0.97609244
77 0.98485018
78 0.99112537
79 0.98463322
80 0.98836712
81 0.98783077
82 0.98218403
83 0.98616142
84 0.97132990
85 1.01057472
86 0.99391488
87 0.99945108
88 0.99396758
89 1.00518304
90 0.99659408
91 1.00581684
92 0.99805448
93 0.99077865
94 1.00131232
95 1.00468214
96 0.99461759
97 1.00590095
98 0.99902330
99 0.99892934
100 1.00522641
101 1.00338883
102 0.99145376
103 0.99299890
104 1.00152136
105 1.01057472
106 0.98987647
107 0.99434075
108 0.98927782
109 0.99973721
110 0.98897598
111 0.98883940
112 0.98391377
113 1.00083419
114 0.99352755
115 1.00960863
116 0.99448106
117 0.99277163
118 0.99035975
119 0.99215842
120 0.99177519
121 0.99615234
122 0.99577427
123 1.00282399
124 0.99918187
125 0.99087967
126 0.98987647
127 0.97721685
128 0.98446564
129 0.99272949
130 0.98416900
131 0.98700358
132 0.98299477
133 0.98084359
134 0.98438460
135 0.99005613
136 0.98505465
137 0.99170941
138 0.99168776
139 0.98948987
140 0.98476899
141 0.98562903
142 0.99568888
143 0.99299778
144 0.98799594
145 0.98853232
146 0.98802227
147 0.97721685
148 0.99220011
149 0.99148951
150 0.99348819
151 1.00524067
152 0.99470557
153 0.99147683
154 0.99053006
155 0.99754094
156 0.99477157
157 0.99483514
158 0.99336722
159 0.99598684
160 0.99713441
161 0.99505930
162 0.98590106
163 0.99702732
164 0.99387719
165 0.99678538
166 0.99155234
167 0.99407147
168 0.99220011
169 0.98769161
170 1.00743043
171 0.99777215
172 1.00726639
173 1.00008358
174 1.00085614
175 0.99428905
176 0.99858386
177 0.99583721
178 1.00346916
179 0.99949272
180 1.00304147
181 1.00181984
182 0.99577000
183 1.00249406
184 0.99507152
185 1.00547429
186 0.99668908
187 0.99103935
188 0.99590280
189 0.98769161
190 0.98028254
191 0.97572644
192 0.98797423
193 0.98379073
194 0.99240750
195 0.98161015
196 0.98090015
197 0.97296926
198 0.98215805
199 0.98009399
200 0.98108767
201 0.98027494
202 0.98348550
203 0.98835977
204 0.98409306
205 0.97989783
206 0.98779763
207 0.98972298
208 0.98683900
209 0.98757900
210 0.98028254
211 0.99363028
212 0.99387914
213 0.99685890
214 0.99465983
215 0.98467205
216 1.00354004
217 0.99439820
218 0.99362269
219 0.99045228
220 0.99882049
221 0.99310171
222 1.00277275
223 0.99858731
224 1.00262656
225 0.98879901
226 0.99192257
227 0.99224955
228 1.00918170
229 0.99899411
230 0.99700872
231 0.99363028
232 0.92401083
233 0.94631819
234 0.95723145
235 0.95739977
236 0.96424296
237 0.97028136
238 0.96631355
239 0.98205105
240 0.97489124
241 0.97490274
242 0.97632484
243 0.97652560
244 0.98417294
245 0.97675073
246 0.97729763
247 0.97411294
248 0.96535473
249 0.96111671
250 0.95868024
251 0.95773163
252 0.92401083
253 0.93933547
254 0.95314860
255 0.95495068
256 0.96269474
257 0.96236386
258 0.96316066
259 0.96304038
260 0.97157492
261 0.97772157
262 0.98447148
263 0.97106178
264 0.97523352
265 0.97096859
266 0.96941320
267 0.96796904
268 0.97812751
269 0.96569665
270 0.96105791
271 0.95588962
272 0.95086909
273 0.93933547
274 0.99306710
275 0.99440484
276 0.98687756
277 0.99453628
278 0.98963937
279 0.98623053
280 0.99757692
281 0.98961951
282 0.99893839
283 1.00165844
284 0.99414103
285 0.99767303
286 1.00118684
287 0.98327694
288 0.98847403
289 0.99966043
290 0.99494771
291 0.98870268
292 0.98664409
293 0.99535937
294 0.99306710
295 0.99694503
296 0.98590001
297 0.98751958
298 0.99088097
299 0.98853226
300 0.99128905
301 0.98702030
302 0.98733010
303 0.99804442
304 0.99127970
305 0.98393407
306 0.98010375
307 0.99127186
308 0.98992951
309 0.99208126
310 0.99127969
311 0.98824712
312 0.98922344
313 0.99069617
314 0.99464497
315 0.99694503
316 0.99403502
317 0.98478791
318 0.99488989
319 0.99544372
320 0.99361977
321 0.98892648
322 0.98809165
323 0.99961506
324 0.99081654
325 0.98631652
326 0.99889232
327 0.99832433
328 0.99037983
329 0.99905217
330 0.99801592
331 0.99602306
332 0.99514562
333 0.98754433
334 0.99383546
335 0.99098184
336 0.99403502
337 1.00001416
338 0.99104647
339 0.99205039
340 1.00814829
341 1.00353717
342 1.00273179
343 0.99373003
344 0.98767975
345 0.98388477
346 1.00180500
347 0.99353654
348 0.99200806
349 1.00139202
350 0.99344797
351 0.99824731
352 1.00259221
353 1.00248489
354 0.98922948
355 0.99886882
356 1.00569502
357 1.00001416
358 0.99593085
359 0.99211502
360 0.99836304
361 0.99927974
362 1.00305583
363 1.00019500
364 0.99471237
365 0.99100575
366 0.99252111
367 0.99176283
368 1.00256476
369 1.00070891
370 1.00343323
371 0.99231922
372 0.99837725
373 0.99861639
374 0.99878147
375 0.99858562
376 1.00716939
377 0.99594154
378 0.99593085
379 0.98992761
380 0.99468383
381 0.99278090
382 0.98208000
383 0.98538562
384 0.98940961
385 0.99809819
386 0.98652566
387 0.98934576
388 1.00263610
389 0.99727095
390 0.99370702
391 0.98604917
392 0.99316368
393 1.00185584
394 0.98653427
395 0.99818449
396 0.99301727
397 0.99108875
398 0.99703584
399 0.98992761
400 0.99612318
401 1.00609205
402 0.98858989
403 0.99675734
404 0.99365582
405 0.98780429
406 0.99059369
407 0.99963185
408 0.99456062
409 0.99790945
410 0.99087486
411 0.99982382
412 0.98899524
413 0.99055682
414 0.99451181
415 0.99283611
416 0.99693236
417 0.99974181
418 0.99098042
419 0.98703975
420 0.99612318
421 0.98084627
422 0.98386003
423 0.98407669
424 0.98732178
425 0.98547035
426 0.98551539
427 0.99403682
428 0.99189246
429 0.98408863
430 0.99163881
431 0.98897498
432 0.99091259
433 0.98348155
434 0.98513793
435 0.98723644
436 0.98430257
437 0.98546553
438 0.98459070
439 0.98983447
440 0.98762129
441 0.98084627
442 1.00525693
443 1.00896773
444 1.01077243
445 1.00678795
446 1.00924486
447 1.00986562
448 1.00555780
449 1.01011124
450 1.00626670
451 1.00831809
452 1.00174817
453 1.00865643
454 1.00556697
455 1.00509826
456 1.00439085
457 1.00785209
458 0.99498594
459 1.00182663
460 1.00116549
461 1.00456289
462 1.00525693
463 0.99033110
464 0.99727617
465 0.99994985
466 0.98672999
467 0.99139763
468 0.98787325
469 0.99507330
470 0.99512059
471 0.98836098
472 0.99688815
473 0.98892544
474 0.99920114
475 0.98749241
476 0.99391020
477 0.98964778
478 0.99452904
479 0.99873789
480 0.98842806
481 0.99160923
482 0.99375916
483 0.99033110
484 0.99878601
485 1.00105208
486 0.99876535
487 0.99572729
488 1.00078861
489 0.99159306
490 0.99805538
491 1.00986650
492 1.00592295
493 1.01073590
494 1.00743618
495 1.00331852
496 1.00366192
497 1.00220285
498 0.99639372
499 0.99372175
500 1.00751389
501 0.99867688
502 0.99484688
503 0.99635017
504 0.99878601
505 0.99290415
506 1.00181280
507 0.99567598
508 0.99120833
509 1.00808260
510 0.99132850
511 1.00147514
512 1.00147792
513 1.00537182
514 0.99494971
515 1.00786421
516 0.99666078
517 0.99629570
518 0.99633584
519 0.99565064
520 0.99640079
521 0.99869798
522 0.99326788
523 0.98354104
524 1.00154642
525 0.99290415
526 0.97732413
527 0.98859816
528 0.98536470
529 0.98865462
530 0.98647020
531 0.98206047
532 0.98979131
533 1.00263522
534 0.99528181
535 0.99329750
536 0.98170193
537 0.98496225
538 0.98821262
539 0.98750858
540 0.99998055
541 0.99483374
542 0.99823427
543 0.99854336
544 0.98760045
545 0.98284667
546 0.97732413
547 0.98361256
548 1.00002044
549 0.98885991
550 0.99198916
551 0.98844642
552 0.98991804
553 0.99526394
554 0.99554857
555 0.99684960
556 0.99581322
557 1.00081735
558 0.99502280
559 0.99385931
560 0.99433222
561 0.99806867
562 0.98874753
563 0.99169816
564 0.98267912
565 0.98842273
566 0.98740855
567 0.98361256
568 0.98304841
569 0.97521956
570 0.98821057
571 0.99335929
572 0.98130650
573 0.98774746
574 0.98534039
575 0.98217227
576 0.97837859
577 0.97893472
578 0.99139441
579 0.97508536
580 0.98112603
581 0.98772100
582 0.98708781
583 0.98802330
584 0.98236842
585 0.98762633
586 0.97279560
587 0.98170413
588 0.98304841
589 0.98845398
590 0.99474182
591 0.99560066
592 1.00235216
593 0.99467984
594 0.99602020
595 1.00339498
596 0.99237073
597 1.00055002
598 0.99774275
599 0.99340940
600 0.99087772
601 0.99434978
602 0.99182886
603 1.00080245
604 0.99492786
605 0.99990660
606 0.99686764
607 0.99715336
608 0.99188067
609 0.98845398
610 0.97966937
611 0.99132337
612 0.98092511
613 0.98916715
614 0.98141237
615 0.98290967
616 0.97431245
617 0.98278673
618 0.98065089
619 0.97949111
620 0.98470895
621 0.98148660
622 0.98188134
623 0.97820043
624 0.98142536
625 0.98007209
626 0.99052471
627 0.98544182
628 0.97927967
629 0.97874256
630 0.97966937
631 0.99305097
632 0.99647989
633 0.99614590
634 0.99042576
635 0.98917847
636 0.99165625
637 0.98863065
638 0.99442696
639 0.99232500
640 0.99711411
641 0.99019719
642 0.99158572
643 0.98179116
644 0.99413989
645 0.98339754
646 0.99529209
647 0.98858238
648 0.99461950
649 0.99311952
650 0.99112152
651 0.99305097
652 0.98886551
653 0.98656768
654 0.99020971
655 0.98936109
656 0.99642839
657 0.99250929
658 0.98969662
659 0.98563678
660 0.98595924
661 0.99539177
662 0.99649545
663 0.98221301
664 0.98481932
665 0.98565141
666 0.99341134
667 0.98929630
668 0.98571332
669 0.98964822
670 0.98620800
671 0.99647146
672 0.98886551
673 1.00180776
674 1.00272822
675 1.00572917
676 1.00383156
677 1.00689345
678 1.00517836
679 1.00398872
680 1.00125973
681 1.00305784
682 0.99853455
683 0.99752191
684 0.99993824
685 0.99439082
686 1.00560288
687 1.00854280
688 1.00101718
689 1.00194457
690 1.01027020
691 1.00453128
692 0.99923547
693 1.00180776
694 0.99184914
695 0.99042270
696 0.99461516
697 0.98723579
698 0.99594467
699 0.98187127
700 0.99108676
701 0.99080631
702 0.98219272
703 0.98640240
704 0.99392311
705 0.99116836
706 0.99069935
707 0.99211596
708 0.99438739
709 0.99106282
710 0.98815647
711 0.99468324
712 1.00245590
713 0.98843164
714 0.99184914
715 0.99793449
716 0.98527173
717 0.99093075
718 0.99653258
719 0.98921084
720 0.99306445
721 0.98667181
722 0.99755361
723 1.00212417
724 0.99853668
725 1.00181686
726 0.99798826
727 0.98596656
728 1.00569335
729 0.99260461
730 1.00107741
731 0.99501414
732 0.99493226
733 1.00119185
734 0.99067145
735 0.99793449
736 0.98811991
737 0.99279851
738 0.99396202
739 0.98595136
740 0.99253770
741 0.98478460
742 0.98487031
743 0.99671056
744 1.00215981
745 0.98890499
746 0.99299296
747 0.99264444
748 0.99511951
749 0.99198186
750 0.99820576
751 0.99417615
752 1.00147828
753 0.98443832
754 0.98816855
755 0.99178735
756 0.98811991
757 0.98627687
758 0.98901620
759 0.99553778
760 1.00311427
761 0.98546191
762 0.99320295
763 1.00709011
764 0.99709035
765 0.99526108
766 0.99577437
767 0.98218036
768 0.99877194
769 0.98910173
770 0.98835070
771 0.99636200
772 0.99004670
773 1.00013340
774 0.99043294
775 0.98609009
776 0.99293730
777 0.98627687
778 0.98851689
779 0.98729407
780 0.99649927
781 0.99503919
782 0.99594995
783 0.99928222
784 0.99181029
785 1.00504862
786 0.99109995
787 0.98893155
788 0.99562928
789 0.99335869
790 0.99819722
791 1.00240232
792 0.98841282
793 0.99237676
794 0.99101565
795 0.97992205
796 0.99361333
797 0.98232319
798 0.98851689
799 1.00105913
800 0.99270840
801 0.99443718
802 0.99608552
803 0.99372642
804 0.99890157
805 0.99546728
806 0.99844469
807 0.98765880
808 0.99173625
809 0.99423726
810 0.99482582
811 0.99682851
812 0.99112045
813 0.99113711
814 0.99751574
815 0.99964092
816 0.99755055
817 1.00456072
818 0.99410392
819 1.00105913
820 1.00228189
821 0.99501295
822 0.99546798
823 0.99093596
824 0.99367146
825 0.99367839
826 0.99222739
827 0.99677260
828 0.99094872
829 0.99167095
830 0.99514112
831 0.98957101
832 0.99350306
833 0.99155350
834 0.99668206
835 0.99139588
836 0.99731061
837 0.99536880
838 0.98352910
839 0.99000897
840 1.00228189
841 0.99153039
842 0.98735473
843 0.98731724
844 0.98867420
845 0.98747897
846 0.97797553
847 0.98944338
848 0.98847647
849 0.98793750
850 0.98875404
851 0.98990683
852 0.99082855
853 0.99187027
854 0.97967760
855 0.98876096
856 0.98906193
857 0.98812817
858 0.98415597
859 0.98252165
860 0.98645408
861 0.99153039
862 1.00191590
863 0.99465531
864 0.99499014
865 1.00955596
866 1.00659673
867 0.99684553
868 0.99845924
869 0.99504163
870 0.99615887
871 1.00274761
872 1.00327406
873 0.98895983
874 0.99477936
875 0.99457930
876 1.00302536
877 1.00482719
878 0.99211646
879 1.00089495
880 1.00286249
881 0.99778840
882 1.00191590
883 0.98754801
884 0.98890501
885 1.00054340
886 0.99805750
887 0.99804963
888 1.00089891
889 0.99759804
890 0.98618418
891 0.99607110
892 0.99380637
893 1.00010545
894 1.00559271
895 0.99614706
896 0.99943522
897 0.98657268
898 0.99100593
899 0.99662405
900 0.99803302
901 0.99874800
902 0.98625468
903 0.98754801
904 0.99157936
905 1.00086208
906 0.99934995
907 0.99021300
908 0.99708730
909 0.99672854
910 0.98915887
911 0.99131745
912 0.99470021
913 0.99921561
914 0.99388209
915 1.00291643
916 0.99687255
917 0.99201275
918 0.99139043
919 0.99007417
920 0.99229035
921 0.99703796
922 0.99033702
923 1.00319405
924 0.99157936
925 0.99962395
926 1.00249110
927 0.99960614
928 1.00897556
929 1.00264596
930 1.00696866
931 1.00645738
932 1.00482558
933 1.00623559
934 0.99704849
935 0.99702981
936 0.99946053
937 1.00142571
938 1.00046412
939 1.00274294
940 1.00239386
941 0.99326590
942 0.99276629
943 0.99623799
944 0.99959055
945 0.99962395
946 0.99216928
947 0.98889505
948 0.99676422
949 0.97843236
950 0.98847240
951 0.98795310
952 0.98772864
953 0.99068208
954 0.99329322
955 0.99170080
956 0.98445824
957 0.98015855
958 0.98909239
959 0.98871934
960 0.97739666
961 0.99780450
962 0.98517393
963 0.98364730
964 0.99299604
965 0.98212387
966 0.99216928
967 0.99741941
968 0.99913088
969 0.98952719
970 0.99118330
971 0.99775271
972 1.00263697
973 0.99839280
974 0.99398173
975 0.99454105
976 0.99357091
977 0.99574496
978 0.99364259
979 1.00140928
980 0.99995575
981 1.00226962
982 0.99629704
983 1.00175773
984 0.99838056
985 0.98559237
986 0.99926793
987 0.99741941
988 0.98409936
989 0.98744264
990 0.99035398
991 0.99053353
992 0.98973110
993 0.99050531
994 0.98871734
995 0.98001136
996 0.99300837
997 0.98134101
998 0.99470948
999 0.98648039
1000 0.98892313
1001 0.97682192
1002 0.98970624
1003 0.99012312
1004 0.98675643
1005 0.98768702
1006 0.98344798
1007 0.97872270
1008 0.98409936
1009 0.98070618
1010 0.98786134
1011 0.98856257
1012 0.98443020
1013 0.98527606
1014 0.99023311
1015 0.98246658
1016 0.98611166
1017 0.98382324
1018 0.98706289
1019 0.98862836
1020 0.99119740
1021 0.98391084
1022 0.97748788
1023 0.98710784
1024 0.98636624
1025 0.98077877
1026 0.98115609
1027 0.99078554
1028 0.98107990
1029 0.98070618
1030 0.98813584
1031 0.98897589
1032 0.99357047
1033 1.00736771
1034 0.98718132
1035 0.99146013
1036 0.99078418
1037 0.98821833
1038 0.99161388
1039 1.00207222
1040 0.99476742
1041 0.98980869
1042 0.98487689
1043 1.00047853
1044 0.98529808
1045 0.99344088
1046 1.00025429
1047 0.99204078
1048 0.99621424
1049 0.99515560
1050 0.98813584
1051 0.99460541
1052 0.99138018
1053 0.98826479
1054 0.99690821
1055 0.99654671
1056 0.99403414
1057 0.98840815
1058 0.99691083
1059 0.99399476
1060 0.99818839
1061 0.99241293
1062 0.99196592
1063 0.99018400
1064 0.99729007
1065 0.99102108
1066 0.99331615
1067 0.98950116
1068 0.99654694
1069 0.99265762
1070 0.98549869
1071 0.99460541
1072 0.99558012
1073 0.98946415
1074 0.99539985
1075 0.99496514
1076 0.98921645
1077 0.98740811
1078 0.99179086
1079 0.99218045
1080 0.99275299
1081 0.98958493
1082 0.98552259
1083 0.99240487
1084 0.99441289
1085 0.99266483
1086 0.99133560
1087 0.98931072
1088 0.98939810
1089 0.98506090
1090 0.99422820
1091 1.00186328
1092 0.99558012
1093 0.99225095
1094 0.99971940
1095 0.99273143
1096 0.99853962
1097 0.98916067
1098 0.98735943
1099 0.99619789
1100 0.99174169
1101 0.99425189
1102 0.99321597
1103 0.99341794
1104 0.99534972
1105 0.99778314
1106 1.00283592
1107 0.99809515
1108 0.99337572
1109 0.98681396
1110 0.99388899
1111 0.99775617
1112 0.99987187
1113 0.99225095
1114 0.98835902
1115 0.99794146
1116 0.98457850
1117 0.98336219
1118 0.98649329
1119 0.98725353
1120 0.98263090
1121 0.98645134
1122 0.99479148
1123 0.98662126
1124 0.99434162
1125 0.98798914
1126 0.98821850
1127 0.98822113
1128 0.98568745
1129 0.99429520
1130 0.99909042
1131 0.99581721
1132 0.99078232
1133 0.98721721
1134 0.98835902
1135 0.98924818
1136 0.99065422
1137 0.99433579
1138 0.99979629
1139 0.99492793
1140 0.99115667
1141 0.99134563
1142 0.99131954
1143 0.99233771
1144 0.98866856
1145 1.00205470
1146 0.99688375
1147 0.99411295
1148 1.00861568
1149 0.99700737
1150 0.99120976
1151 0.99066833
1152 0.99155437
1153 0.99021227
1154 0.99811639
1155 0.98924818
1156 0.98878164
1157 0.98786084
1158 0.99061391
1159 0.98850705
1160 0.99757116
1161 0.99415916
1162 0.99642057
1163 0.99181045
1164 0.98881668
1165 0.98993403
1166 0.99308877
1167 0.99197935
1168 0.99081905
1169 0.99166246
1170 0.99165791
1171 0.99367670
1172 0.99314169
1173 1.00050655
1174 1.00183216
1175 0.99877017
1176 0.98878164
1177 0.99821324
1178 0.99614094
1179 0.98835172
1180 0.99604541
1181 0.99305370
1182 0.99188948
1183 0.99472022
1184 0.99849511
1185 0.99526025
1186 0.99827233
1187 0.98727074
1188 1.00191590
1189 0.99885024
1190 0.99096344
1191 0.98993236
1192 0.98543425
1193 0.98998323
1194 0.99508777
1195 0.99277431
1196 0.99658922
1197 0.99821324
1198 1.00060707
1199 0.98298225
1200 0.99484732
1201 0.99222274
1202 0.99923835
1203 0.99117025
1204 0.99444022
1205 1.00029021
1206 0.98792403
1207 0.98930904
1208 0.99085348
1209 0.98161684
1210 1.00262206
1211 0.99743354
1212 0.98519758
1213 0.99938933
1214 0.99485650
1215 0.99513156
1216 0.99320952
1217 1.00042565
1218 1.00060707
1219 0.99402788
1220 0.99715400
1221 0.99377650
1222 0.99285980
1223 1.00425691
1224 0.99643537
1225 0.99388189
1226 1.00165707
1227 0.99818201
1228 0.98803558
1229 0.98556453
1230 0.99367409
1231 0.99220820
1232 0.99721647
1233 0.99613799
1234 0.99444905
1235 0.99158207
1236 0.99510437
1237 0.99349173
1238 0.99061451
1239 0.99402788
1240 0.99837682
1241 0.99111216
1242 1.00320353
1243 0.99721128
1244 0.98866108
1245 0.99315610
1246 0.99651791
1247 0.99862214
1248 0.99880637
1249 0.99315937
1250 0.99954012
1251 0.98991567
1252 0.99139293
1253 0.99887142
1254 0.98686835
1255 1.00179961
1256 1.00292268
1257 0.99759017
1258 0.99635801
1259 0.99937067
1260 0.99837682
1261 0.98984532
1262 0.99993055
1263 1.00241262
1264 1.00402812
1265 1.00067939
1266 1.00481928
1267 0.99946749
1268 0.98970635
1269 1.00550518
1270 1.00551607
1271 1.00019316
1272 0.99982505
1273 0.99514794
1274 1.00501403
1275 1.00407363
1276 0.99465965
1277 0.99831458
1278 1.00025274
1279 0.99979335
1280 0.99019910
1281 0.98984532
1282 0.98778086
1283 0.99003292
1284 0.99228902
1285 0.99451776
1286 0.98903606
1287 0.99481352
1288 0.98827550
1289 0.99201804
1290 0.99082057
1291 0.99965723
1292 0.99111761
1293 0.99179576
1294 0.99559138
1295 0.99808226
1296 0.98626427
1297 0.98955438
1298 0.99424477
1299 0.99744902
1300 0.99537979
1301 0.99801020
1302 0.98778086
1303 0.99633545
1304 0.99151921
1305 0.99191283
1306 0.99522928
1307 0.98790811
1308 0.99515518
1309 0.99428090
1310 0.98884438
1311 0.98849467
1312 0.99510865
1313 0.99237477
1314 0.99028952
1315 0.99639889
1316 0.99175664
1317 0.99036975
1318 0.98491401
1319 0.99485868
1320 0.98619657
1321 0.99079810
1322 0.98274305
1323 0.99633545
1324 0.99879146
1325 0.99852092
1326 0.99085133
1327 0.98891633
1328 0.99059078
1329 0.98721092
1330 0.98849477
1331 0.99628620
1332 0.99255098
1333 0.99317541
1334 0.99208916
1335 0.99780391
1336 0.98927077
1337 0.99325479
1338 0.99528316
1339 0.99538977
1340 0.99332480
1341 1.00194617
1342 0.98887152
1343 0.99408949
1344 0.99879146
1345 0.99179599
1346 0.99217401
1347 0.99222712
1348 0.98108816
1349 0.98637692
1350 0.99602110
1351 0.99235692
1352 0.98575635
1353 0.99414713
1354 0.98367895
1355 0.99222897
1356 0.99132120
1357 0.98683636
1358 0.98061260
1359 0.98640378
1360 0.97780298
1361 0.98068223
1362 0.99032315
1363 0.98583800
1364 0.98825020
1365 0.99179599
1366 0.99098589
1367 1.00263391
1368 0.99544109
1369 0.99750494
1370 0.99081528
1371 0.99865340
1372 1.00026649
1373 1.00294566
1374 0.99975965
1375 0.98941787
1376 0.99622867
1377 0.99504936
1378 0.99218095
1379 0.98343815
1380 0.99656850
1381 0.99549117
1382 0.99612430
1383 0.98811598
1384 0.99513350
1385 1.00234360
1386 0.99098589
1387 0.98918006
1388 0.99185644
1389 0.99324666
1390 0.99636561
1391 0.99079431
1392 0.98648831
1393 0.99701120
1394 0.99322999
1395 0.99937654
1396 0.98437829
1397 0.99017951
1398 0.99231566
1399 1.00040872
1400 0.99086626
1401 0.99856766
1402 0.98279815
1403 0.99533571
1404 0.99777318
1405 1.00028091
1406 0.98973029
1407 0.98918006
1408 0.99719007
1409 1.00478279
1410 0.99515474
1411 1.00055950
1412 1.00230966
1413 0.99619930
1414 0.99829623
1415 0.99460326
1416 0.99418440
1417 0.99133841
1418 1.00191481
1419 0.99241170
1420 0.99155975
1421 0.99452228
1422 0.99406297
1423 0.99760634
1424 0.99719897
1425 0.99924447
1426 1.00207245
1427 0.99823938
1428 0.99719007
1429 0.99470309
1430 0.99992826
1431 1.00163339
1432 0.99551542
1433 1.00044961
1434 1.00096528
1435 1.00318320
1436 0.99002724
1437 0.99835113
1438 0.99657110
1439 0.99358312
1440 0.98500866
1441 0.99442481
1442 1.00003805
1443 0.99865459
1444 0.99004118
1445 0.98858723
1446 0.99108065
1447 0.99349718
1448 0.99562729
1449 0.99470309
1450 0.99617591
1451 0.99807516
1452 0.98395456
1453 0.98699866
1454 0.99930491
1455 0.98977964
1456 0.99039335
1457 0.99706462
1458 0.99195334
1459 0.99790269
1460 1.00134445
1461 0.99702845
1462 1.00110313
1463 0.99491447
1464 0.99441650
1465 0.99743161
1466 0.99380130
1467 1.00368969
1468 0.99389540
1469 0.99041651
1470 0.99617591
1471 0.99476413
1472 0.99745109
1473 0.99267464
1474 0.99925458
1475 0.99811425
1476 1.00121831
1477 1.00250085
1478 0.99585760
1479 1.00100855
1480 0.99650141
1481 0.99688688
1482 0.99210411
1483 1.00594750
1484 0.99292078
1485 0.98893354
1486 0.99636341
1487 1.00125838
1488 0.99848097
1489 1.00177331
1490 0.99803741
1491 0.99476413
1492 0.99390858
1493 0.99727378
1494 0.99085901
1495 0.98737282
1496 0.99284804
1497 0.97982312
1498 0.98172782
1499 0.99383613
1500 0.98850535
1501 0.98827686
1502 1.00052807
1503 0.99898956
1504 0.98902728
1505 0.99830915
1506 0.99041594
1507 0.98980226
1508 0.99725668
1509 0.98300921
1510 0.99177752
1511 0.98087138
1512 0.99390858
1513 1.00673992
1514 0.99678431
1515 0.99313286
1516 1.00592362
1517 0.99526188
1518 1.00688479
1519 0.99710217
1520 0.99906798
1521 1.00199252
1522 0.99950238
1523 0.99732326
1524 1.00292231
1525 1.00798001
1526 0.99898182
1527 1.00483989
1528 0.99916528
1529 0.99781285
1530 1.00212447
1531 0.99609757
1532 1.00143427
1533 1.00673992
1534 0.99280943
1535 0.98586970
1536 0.98015719
1537 0.98790148
1538 0.98591822
1539 0.98729597
1540 0.97721086
1541 0.98462596
1542 0.99367733
1543 0.99348230
1544 0.99670985
1545 0.98802121
1546 0.99485127
1547 0.99124483
1548 0.99188702
1549 0.99262708
1550 0.98998530
1551 0.99549828
1552 0.98119315
1553 0.99574891
1554 0.99280943
1555 0.99156566
1556 0.99908078
1557 0.99623188
1558 0.98836224
1559 0.99430385
1560 0.98846584
1561 0.98658249
1562 0.98734559
1563 1.00069170
1564 0.99962995
1565 0.99942176
1566 0.99030878
1567 0.99259454
1568 0.99278850
1569 0.99100064
1570 0.99018048
1571 0.98135658
1572 0.99539340
1573 0.99778970
1574 0.99293294
1575 0.99156566
1576 0.99386059
1577 0.99312682
1578 1.00243840
1579 0.99462282
1580 0.99843941
1581 0.99167211
1582 0.99507089
1583 0.99783729
1584 0.99548111
1585 0.99842212
1586 1.00140589
1587 1.00440817
1588 0.99912346
1589 1.00093542
1590 0.99394934
1591 1.01094593
1592 1.00405307
1593 0.99905330
1594 0.98919340
1595 1.00242940
1596 0.99386059
1597 0.99530941
1598 0.99311316
1599 0.99043717
1600 0.99240243
1601 1.00064342
1602 1.00034049
1603 0.99457700
1604 0.99401164
1605 0.99587420
1606 0.99896781
1607 0.98840796
1608 0.99484854
1609 0.99154486
1610 0.99234780
1611 1.00180927
1612 0.99291017
1613 0.98881543
1614 0.99301359
1615 0.99583286
1616 0.99229499
1617 0.99530941
1618 0.98666986
1619 0.99230096
1620 0.98851989
1621 0.99104533
1622 0.99367930
1623 0.99186718
1624 0.99365252
1625 0.99515894
1626 0.98785099
1627 0.99323098
1628 0.99550808
1629 0.99042595
1630 0.99125543
1631 0.98876531
1632 0.99859949
1633 0.98921846
1634 0.99054489
1635 0.99552865
1636 0.99851256
1637 1.00346641
1638 0.98666986
1639 0.99186387
1640 0.99818202
1641 0.98998679
1642 0.98700035
1643 0.98978037
1644 0.99352261
1645 1.00543805
1646 0.99498407
1647 0.99947222
1648 0.99038702
1649 0.99020133
1650 0.99929997
1651 0.99062304
1652 0.99167471
1653 0.99797438
1654 0.98930487
1655 0.99159927
1656 0.99922439
1657 0.99728272
1658 0.99153663
1659 0.99186387
1660 0.99313620
1661 0.98866721
1662 0.98689195
1663 0.98781028
1664 0.99760904
1665 0.98904572
1666 0.99601611
1667 0.99528709
1668 0.98731925
1669 1.00370268
1670 0.99127340
1671 0.99084488
1672 0.99131087
1673 0.99041905
1674 1.00453699
1675 0.98107962
1676 0.99799079
1677 0.99136395
1678 0.98747139
1679 0.99274841
1680 0.99313620
1681 0.99462815
1682 0.99305935
1683 0.98679757
1684 0.99972698
1685 1.00045498
1686 0.99391749
1687 0.99641454
1688 0.99260704
1689 0.98899247
1690 0.99089781
1691 0.98821926
1692 0.98348005
1693 0.99309097
1694 0.99592496
1695 0.98583764
1696 1.00308533
1697 0.99280910
1698 0.99524554
1699 0.99207464
1700 0.99741594
1701 0.99462815
1702 0.99786048
1703 0.99444405
1704 0.99740866
1705 1.00211605
1706 0.99284868
1707 0.99494659
1708 0.98814782
1709 0.99089928
1710 0.99314916
1711 1.00076478
1712 0.99370451
1713 0.99654288
1714 1.00183827
1715 1.00399596
1716 0.99642702
1717 1.00333045
1718 1.00160728
1719 1.00116616
1720 0.99735116
1721 0.99142983
1722 0.99786048
1723 0.99002431
1724 0.99031040
1725 0.99254549
1726 0.99447075
1727 0.99118924
1728 0.99010611
1729 0.99763517
1730 0.99483695
1731 0.99021570
1732 0.98756338
1733 0.99663981
1734 0.99139696
1735 0.99244880
1736 0.98179930
1737 0.99645727
1738 0.98353231
1739 0.99249957
1740 0.99177047
1741 0.99087014
1742 0.99140883
1743 0.99002431
1744 0.98759373
1745 0.98067186
1746 0.98448604
1747 0.98723065
1748 0.99252636
1749 0.99312179
1750 0.98039457
1751 0.99266031
1752 0.99047218
1753 0.98974322
1754 0.99270508
1755 0.99915420
1756 0.99232843
1757 0.98083723
1758 0.98892073
1759 0.99106519
1760 0.98223889
1761 0.98443000
1762 0.98812063
1763 0.99380617
1764 0.98759373
1765 0.99586307
1766 0.99993880
1767 1.00455094
1768 0.99652851
1769 1.00332392
1770 1.00449068
1771 1.00159634
1772 0.99720028
1773 0.99876435
1774 0.99931781
1775 0.99785313
1776 1.00429901
1777 0.99149019
1778 0.99907473
1779 1.00851465
1780 0.99391889
1781 0.99981545
1782 1.00299422
1783 0.99678815
1784 0.99844794
1785 0.99586307
1786 0.98970914
1787 1.00113976
1788 0.98930670
1789 0.98394524
1790 1.00033863
1791 0.98470342
1792 0.99234945
1793 0.99355495
1794 0.98905836
1795 0.99298520
1796 0.99328803
1797 0.98361412
1798 0.98677036
1799 0.99246137
1800 0.98421855
1801 0.99057076
1802 0.99026514
1803 0.99157495
1804 0.98566676
1805 0.98198464
1806 0.98970914
1807 0.99633285
1808 0.99916852
1809 0.99254666
1810 1.00042017
1811 0.99749081
1812 0.99856969
1813 0.99500207
1814 0.99315067
1815 0.99800950
1816 1.00124489
1817 1.00831796
1818 1.00711166
1819 0.99309894
1820 0.99996334
1821 0.99351152
1822 0.99625636
1823 1.00585396
1824 1.00568329
1825 0.99939539
1826 0.99444953
1827 0.99633285
1828 0.99497407
1829 1.00371472
1830 0.98685722
1831 1.00701775
1832 0.99190854
1833 0.99206960
1834 0.99096343
1835 0.98990640
1836 0.99825887
1837 0.99619253
1838 0.99105410
1839 1.00213188
1840 0.99744780
1841 1.00048054
1842 0.99255748
1843 0.99178346
1844 0.99363770
1845 0.98979694
1846 0.99570541
1847 0.99264944
1848 0.99497407
1849 0.99630426
1850 0.99588178
1851 1.00319247
1852 0.98859016
1853 0.99062753
1854 0.99723718
1855 0.99672469
1856 1.00673736
1857 0.99000138
1858 0.99490259
1859 1.00206331
1860 0.99082160
1861 0.99681751
1862 0.99796479
1863 0.99332852
1864 0.99607734
1865 0.99188019
1866 0.99541954
1867 0.99361091
1868 0.99599455
1869 0.99630426
1870 0.99450326
1871 1.00189010
1872 0.99207428
1873 1.00243715
1874 0.99647939
1875 0.99444844
1876 0.99694850
1877 0.99908715
1878 1.00123390
1879 0.99757045
1880 0.98968305
1881 0.99110085
1882 0.99368698
1883 0.99464553
1884 0.99296482
1885 0.99861655
1886 1.00378449
1887 0.99644310
1888 1.00490420
1889 0.99977130
1890 0.99450326
1891 0.99327960
1892 0.98976820
1893 0.99188257
1894 0.98700708
1895 0.98736487
1896 0.99329875
1897 0.99644325
1898 0.99461904
1899 0.99388567
1900 0.99216979
1901 0.99188136
1902 0.99547634
1903 0.99794622
1904 1.00133959
1905 1.00019804
1906 0.99123673
1907 0.99858309
1908 0.98814030
1909 0.98997290
1910 0.99160838
1911 0.99327960
1912 0.98889343
1913 0.99192776
1914 0.99553850
1915 0.99593117
1916 0.98714511
1917 1.00258434
1918 0.99690056
1919 0.99306668
1920 0.99123820
1921 0.98725767
1922 0.99994346
1923 0.99112938
1924 0.99334566
1925 0.98772781
1926 1.00277185
1927 0.99971794
1928 0.99839363
1929 0.98415003
1930 1.00107771
1931 0.98730744
1932 0.98889343
1933 0.99812116
1934 0.98012668
1935 0.98729604
1936 0.98674291
1937 0.99062458
1938 0.99131870
1939 0.99239666
1940 0.99251860
1941 0.98358616
1942 0.98678944
1943 0.99265852
1944 0.98914283
1945 0.99027387
1946 0.99805784
1947 0.99847620
1948 0.99241427
1949 0.99072692
1950 0.99729621
1951 0.99024248
1952 0.98199269
1953 0.99812116
1954 1.00040952
1955 0.99131135
1956 0.98918451
1957 1.00477863
1958 0.99570400
1959 0.99329581
1960 1.00270623
1961 1.00323519
1962 0.98637829
1963 0.99359790
1964 0.99282268
1965 0.99751659
1966 0.99621501
1967 0.99707636
1968 0.99607300
1969 0.99292413
1970 0.99634881
1971 1.00166497
1972 0.99358924
1973 0.99778324
1974 1.00040952
1975 0.98957855
1976 0.99526061
1977 1.00164552
1978 0.99769219
1979 0.98740977
1980 0.99288494
1981 0.98595924
1982 0.99705019
1983 0.98993569
1984 0.99501975
1985 0.98647504
1986 0.98972714
1987 0.99128230
1988 0.98585695
1989 0.98659109
1990 0.98479476
1991 0.99023322
1992 0.98815613
1993 0.97889894
1994 0.99218433
1995 0.98957855
1996 0.98243534
1997 0.98165560
1998 1.00034976
1999 0.98668492
2000 0.98980014
2001 0.99374008
2002 1.00177846
2003 0.99740036
2004 0.99384357
2005 0.99347050
2006 1.00081023
2007 0.99819429
2008 0.99666599
2009 0.99100115
2010 0.99744163
2011 0.99236962
2012 0.99465159
2013 0.99083801
2014 0.98518477
2015 1.00224932
2016 0.98243534
2017 0.97795926
2018 0.99115230
2019 0.98405274
2020 0.98374221
2021 0.98580819
2022 0.98893709
2023 0.98980145
2024 0.98468035
2025 0.98923736
2026 0.97728000
2027 0.98174735
2028 0.98000708
2029 0.98378702
2030 0.97810987
2031 0.98913751
2032 0.98210594
2033 0.98041810
2034 0.98565389
2035 0.98481183
2036 0.98613652
2037 0.97795926
2038 1.00219788
2039 0.99373089
2040 1.00011169
2041 0.99387353
2042 0.99230204
2043 1.00369490
2044 0.99815080
2045 0.98967724
2046 0.99648689
2047 0.99263221
2048 1.00641268
2049 0.98891238
2050 1.00028813
2051 1.00877268
2052 1.00343260
2053 0.99933660
2054 0.99263791
2055 0.99802761
2056 0.99398035
2057 0.98958995
2058 1.00219788
2059 0.99050714
2060 0.99387594
2061 0.99630646
2062 0.99649412
2063 0.99819893
2064 0.99564451
2065 0.99406988
2066 0.99614044
2067 0.99193573
2068 0.99315454
2069 0.99252315
2070 0.99104992
2071 0.99456769
2072 0.98975492
2073 0.99038639
2074 0.99122715
2075 0.99908155
2076 0.99529678
2077 0.99249367
2078 0.99338971
2079 0.99050714
2080 0.99434185
2081 0.99419398
2082 0.99130649
2083 0.99769005
2084 0.99530038
2085 0.99670932
2086 0.99450176
2087 0.99500505
2088 0.99423133
2089 0.99156984
2090 1.00311988
2091 1.00343253
2092 0.99420989
2093 0.98924419
2094 0.99766070
2095 0.99144294
2096 1.00326517
2097 0.99044444
2098 0.99672872
2099 0.99033744
2100 0.99434185
2101 0.98478238
2102 0.99185375
2103 0.98843971
2104 0.99556955
2105 1.00014046
2106 0.98837753
2107 0.98587798
2108 0.98610456
2109 0.99205180
2110 0.99458573
2111 0.98565288
2112 0.99478544
2113 0.98579518
2114 0.98957270
2115 0.98765977
2116 0.98047442
2117 0.98725708
2118 0.98697112
2119 0.99782610
2120 0.99121444
2121 0.98478238
2122 0.99429144
2123 0.98510126
2124 0.99808832
2125 0.99931519
2126 0.99269323
2127 0.98114344
2128 0.98342192
2129 0.99540718
2130 0.98958247
2131 0.99666695
2132 0.97930346
2133 0.98099166
2134 0.99889827
2135 0.99472981
2136 0.99691964
2137 0.98115303
2138 0.98955194
2139 0.98800603
2140 0.99803615
2141 0.99282713
2142 0.99429144
2143 0.99682768
2144 0.99373972
2145 0.99734086
2146 0.99098076
2147 0.98022199
2148 0.98781467
2149 1.00278346
2150 0.98907288
2151 0.99390124
2152 0.98685426
2153 0.99094168
2154 0.98605358
2155 0.99608319
2156 0.99222864
2157 0.99026859
2158 0.99234369
2159 0.99180720
2160 0.98999464
2161 0.99513624
2162 0.98830324
2163 0.99682768
2164 0.99013564
2165 0.98984564
2166 0.98207977
2167 0.98065740
2168 0.98900364
2169 0.98824871
2170 0.98927855
2171 0.99002674
2172 0.99075582
2173 0.98696400
2174 0.98337105
2175 0.99512767
2176 0.97387174
2177 0.98432405
2178 0.98140286
2179 0.98775642
2180 0.99091796
2181 0.99033230
2182 0.98879043
2183 0.98888027
2184 0.99013564
2185 0.99812570
2186 1.00983455
2187 0.98882570
2188 0.98807094
2189 0.99676356
2190 0.99463152
2191 0.99292381
2192 0.99398846
2193 1.00160336
2194 0.99225030
2195 1.00192096
2196 0.99688002
2197 0.99198401
2198 0.98808598
2199 0.99485465
2200 1.00276057
2201 1.00087052
2202 0.99104630
2203 0.99785058
2204 0.99755798
2205 0.99812570
2206 0.99470707
2207 0.98788610
2208 0.98223315
2209 0.99622969
2210 1.00123648
2211 0.98737901
2212 1.00684520
2213 0.99392783
2214 0.98374225
2215 0.99113754
2216 0.99929577
2217 0.98973160
2218 0.99289544
2219 0.98713285
2220 0.98688022
2221 0.98916052
2222 0.99215360
2223 1.00176076
2224 0.99279030
2225 0.99653476
2226 0.99470707
2227 0.99575315
2228 0.99370292
2229 0.99181573
2230 0.98993840
2231 0.99373353
2232 0.99161795
2233 0.99466707
2234 0.99629148
2235 0.99411182
2236 0.98556794
2237 0.99787951
2238 0.99359583
2239 0.99378897
2240 0.99679664
2241 0.98731742
2242 0.99605968
2243 0.98719408
2244 1.00008000
2245 0.99303705
2246 0.99365037
2247 0.99575315
2248 0.98993480
2249 0.99169966
2250 0.99214281
2251 0.99302107
2252 0.98993746
2253 0.99659148
2254 0.98517183
2255 0.98929045
2256 0.99836482
2257 0.99058252
2258 0.99185602
2259 0.98260757
2260 0.98862346
2261 1.00159101
2262 0.99004152
2263 0.99413692
2264 0.98975713
2265 0.99728016
2266 0.99381106
2267 0.98945150
2268 0.98993480
2269 0.99760441
2270 0.99076695
2271 0.98384315
2272 0.99641830
2273 0.99936437
2274 0.99105840
2275 0.99363803
2276 0.99130282
2277 0.98495543
2278 0.99716002
2279 0.98494777
2280 0.98826618
2281 1.00165951
2282 0.98882959
2283 1.00187545
2284 1.00131665
2285 0.98901706
2286 0.98803598
2287 0.99135479
2288 0.99105292
2289 0.99760441
2290 0.98235859
2291 0.98315059
2292 0.98241600
2293 0.98777733
2294 0.98498273
2295 0.98594115
2296 0.98216529
2297 0.98726915
2298 0.97006799
2299 0.98145375
2300 0.98085828
2301 0.97906113
2302 0.97739025
2303 0.97921753
2304 0.98518878
2305 0.98484421
2306 0.98010019
2307 0.98298437
2308 0.98902299
2309 0.97830728
2310 0.98235859
2311 0.99829377
2312 0.99614011
2313 0.99502094
2314 0.99916419
2315 0.99849183
2316 0.99407941
2317 0.98992294
2318 0.99328529
2319 0.99640157
2320 0.99643870
2321 0.99930718
2322 0.99901065
2323 1.00411565
2324 0.99252629
2325 0.99364232
2326 0.99622014
2327 0.99811545
2328 0.99516583
2329 1.00196868
2330 0.99645318
2331 0.99829377
2332 0.98739301
2333 0.99059601
2334 0.98587855
2335 0.99223647
2336 0.98284393
2337 0.98191858
2338 0.98776923
2339 0.98739035
2340 0.98150581
2341 0.98981522
2342 0.99283534
2343 0.99043888
2344 0.98105815
2345 0.98668479
2346 0.99127047
2347 0.98834571
2348 0.98592019
2349 0.98887608
2350 0.99176357
2351 0.98255302
2352 0.98739301
2353 0.99115044
2354 0.99888660
2355 0.99815222
2356 0.99591501
2357 0.99509124
2358 0.99731946
2359 0.99778332
2360 0.99799962
2361 1.00482478
2362 0.99880008
2363 1.00311819
2364 0.99930246
2365 0.99920361
2366 1.00287371
2367 0.99055144
2368 0.99557160
2369 0.99283303
2370 0.99201636
2371 0.99506453
2372 0.99972934
2373 0.99115044
2374 0.99783817
2375 0.99554191
2376 0.99979344
2377 1.00327596
2378 0.99502908
2379 0.99401733
2380 0.98850764
2381 0.99648547
2382 0.99284821
2383 0.99482322
2384 0.99762820
2385 0.99419399
2386 0.98933168
2387 0.99377232
2388 0.99299304
2389 0.98803309
2390 0.99455396
2391 0.98767550
2392 0.99942223
2393 0.99334487
2394 0.99783817
2395 1.00596569
2396 0.99237787
2397 0.99495727
2398 0.99977243
2399 1.00019172
2400 0.98838477
2401 0.99663141
2402 0.99870635
2403 0.99339724
2404 0.98547932
2405 0.99797593
2406 0.99841988
2407 0.99506955
2408 0.99185357
2409 0.99281910
2410 0.99143526
2411 1.00188233
2412 0.99504768
2413 0.99111493
2414 0.99146797
2415 1.00596569
2416 1.00071366
2417 1.00131633
2418 1.00069813
2419 0.99988010
2420 0.99877441
2421 1.00029637
2422 0.99569040
2423 0.99800999
2424 0.99880053
2425 1.00230927
2426 0.99534793
2427 0.99914050
2428 1.00306050
2429 1.00354484
2430 1.00079518
2431 0.99359782
2432 1.00185254
2433 0.99693454
2434 0.99694476
2435 1.00157695
2436 1.00071366
2437 0.98504609
2438 0.99357153
2439 0.98707236
2440 0.98352694
2441 0.98819886
2442 0.98873683
2443 0.98341663
2444 0.99187123
2445 0.99819285
2446 0.98355333
2447 0.99182309
2448 0.98024732
2449 0.98827379
2450 0.98362848
2451 0.98780352
2452 0.98819863
2453 0.98782379
2454 0.98543833
2455 0.99292635
2456 0.97971988
2457 0.98504609
2458 0.98605322
2459 1.00024731
2460 0.99601835
2461 0.99665985
2462 0.98809637
2463 0.99614232
2464 0.99012542
2465 1.00439980
2466 1.00066523
2467 0.99202403
2468 0.99038452
2469 0.99399742
2470 1.00151156
2471 0.99483771
2472 0.99846456
2473 0.98441976
2474 0.99814685
2475 0.99661973
2476 1.00004077
2477 0.99729630
2478 0.98605322
2479 0.99555224
2480 0.99675472
2481 1.00436473
2482 0.98980268
2483 1.00057233
2484 0.99116441
2485 0.99401852
2486 0.99429993
2487 1.00033422
2488 0.99945875
2489 0.99239741
2490 0.99324862
2491 0.99250948
2492 0.99771959
2493 0.99432825
2494 0.99707867
2495 0.99324006
2496 0.99687825
2497 1.00464291
2498 0.99400563
2499 0.99555224
2500 0.99679144
2501 0.98521873
2502 0.98550761
2503 1.00025757
2504 0.99927815
2505 0.99113393
2506 0.99121774
2507 0.98567347
2508 0.99850934
2509 0.99735373
2510 0.99282324
2511 0.99491262
2512 0.98854387
2513 0.99746493
2514 0.99692604
2515 0.98661002
2516 0.98794947
2517 0.99167009
2518 0.99314690
2519 1.00441155
2520 0.99679144
2521 0.99524355
2522 0.99932116
2523 0.99820867
2524 0.98996707
2525 1.00728617
2526 1.01132058
2527 0.98935414
2528 0.99995313
2529 1.00242549
2530 0.99583734
2531 1.00202822
2532 0.99814776
2533 0.99321133
2534 1.00097056
2535 0.99322817
2536 1.00134449
2537 0.99468757
2538 0.99956910
2539 1.00033879
2540 0.99163576
2541 0.99524355
2542 0.99164508
2543 0.98311775
2544 0.98644439
2545 0.99578768
2546 0.99491796
2547 0.99045525
2548 0.98621415
2549 1.00563254
2550 0.99398129
2551 0.98897920
2552 0.99081707
2553 0.99031443
2554 0.99041962
2555 0.98597595
2556 0.98961534
2557 0.99686166
2558 0.99649974
2559 0.99512542
2560 0.98103474
2561 0.98877677
2562 0.99164508
2563 0.98962838
2564 0.98787303
2565 1.00380524
2566 0.99154310
2567 0.99283041
2568 0.98795942
2569 0.99081811
2570 0.99401139
2571 0.99823190
2572 0.99803167
2573 0.99497856
2574 0.99713204
2575 0.99364726
2576 0.99421746
2577 0.99345784
2578 0.98242593
2579 1.00965865
2580 0.99917539
2581 1.00036425
2582 0.99446456
2583 0.98962838
2584 0.98749370
2585 0.99625768
2586 0.98803735
2587 0.98628775
2588 0.98541380
2589 0.98418468
2590 0.98907549
2591 0.98443325
2592 0.99021268
2593 0.98923289
2594 0.99573047
2595 0.99146661
2596 0.99028754
2597 0.98715120
2598 0.99190969
2599 0.98944657
2600 0.99107682
2601 0.98483184
2602 0.99814997
2603 0.99356474
2604 0.98749370
2605 1.01153997
2606 1.00774796
2607 0.99769907
2608 1.00031066
2609 0.99697754
2610 1.00528269
2611 0.99949284
2612 1.00275071
2613 0.99948820
2614 1.00434124
2615 1.00050078
2616 1.00036485
2617 1.00568376
2618 1.00194687
2619 1.00190197
2620 1.00375195
2621 1.00228581
2622 0.99860804
2623 0.99862397
2624 1.00846331
2625 1.01153997
2626 0.99059362
2627 0.98251990
2628 0.98861080
2629 0.98227060
2630 0.99371566
2631 0.98726249
2632 0.98659611
2633 0.98333763
2634 0.99414003
2635 0.97954449
2636 0.99288532
2637 0.99523261
2638 0.99446965
2639 0.98853258
2640 0.99119915
2641 0.98720882
2642 0.99039247
2643 0.98613928
2644 0.99909920
2645 0.99393462
2646 0.99059362
2647 0.99393297
2648 0.98470297
2649 0.99563352
2650 0.99634977
2651 0.98470122
2652 0.99525281
2653 0.98247132
2654 0.99206993
2655 0.99138063
2656 0.99085749
2657 1.00024880
2658 0.98832133
2659 0.97983902
2660 1.00016334
2661 0.99001898
2662 0.99024152
2663 0.98465557
2664 0.98167332
2665 0.98285024
2666 0.98366404
2667 0.99393297
2668 0.98272207
2669 0.98371977
2670 0.99226530
2671 0.98020668
2672 0.98802717
2673 0.97938771
2674 0.98640410
2675 0.99045394
2676 0.98530871
2677 0.97908034
2678 0.98600393
2679 0.98227608
2680 0.98915621
2681 0.99009643
2682 0.98833526
2683 0.98354505
2684 0.98868967
2685 0.98015618
2686 0.98517681
2687 0.98088320
2688 0.98272207
2689 0.99705695
2690 1.00539146
2691 0.98898245
2692 0.99068175
2693 0.99345148
2694 0.99228592
2695 0.99353989
2696 0.99787445
2697 1.01035583
2698 0.99728755
2699 0.99854993
2700 0.99502871
2701 0.99772419
2702 0.98920679
2703 1.00173156
2704 0.99495927
2705 0.99722382
2706 0.99305082
2707 1.00070664
2708 0.99457043
2709 0.99705695
2710 0.97747124
2711 0.98226292
2712 0.99071640
2713 0.97937819
2714 0.98181729
2715 0.99220266
2716 0.97837785
2717 0.97742506
2718 0.99571387
2719 0.98115392
2720 0.97988826
2721 0.97777233
2722 0.99731931
2723 0.99103179
2724 0.98243467
2725 0.98094446
2726 0.98813428
2727 0.97206057
2728 0.98574548
2729 0.97881144
2730 0.97747124
2731 0.98725282
2732 1.00184319
2733 0.98813717
2734 0.99408444
2735 0.98839353
2736 0.99357267
2737 0.99328749
2738 0.98780336
2739 0.98502395
2740 0.98973432
2741 0.99264073
2742 1.00015210
2743 0.98797909
2744 0.99587032
2745 0.99427144
2746 0.99370346
2747 0.99132143
2748 0.98578242
2749 0.98660011
2750 0.98886581
2751 0.98725282
2752 0.99383520
2753 0.98217667
2754 0.99398258
2755 0.98700399
2756 0.98961147
2757 0.98881137
2758 0.98739209
2759 0.99204770
2760 0.99041732
2761 0.98578684
2762 0.99512802
2763 0.99238853
2764 0.99191176
2765 0.98827572
2766 0.98296913
2767 0.98262019
2768 0.98181068
2769 0.98467079
2770 0.98657189
2771 0.98377441
2772 0.99383520
2773 0.93115793
2774 0.94997558
2775 0.95683441
2776 0.95905686
2777 0.97127826
2778 0.97017436
2779 0.96808436
2780 0.97213934
2781 0.97267646
2782 0.97918302
2783 0.97552970
2784 0.98127451
2785 0.96712421
2786 0.96824920
2787 0.97383351
2788 0.96801500
2789 0.96429619
2790 0.96217517
2791 0.95763839
2792 0.95158377
2793 0.93115793
2794 1.01065534
2795 0.99243966
2796 0.99634890
2797 1.00242594
2798 1.00049409
2799 1.00326437
2800 1.00592343
2801 1.00186338
2802 0.99683016
2803 1.00091568
2804 0.99803840
2805 0.99458340
2806 1.00603048
2807 1.00185035
2808 1.00036570
2809 0.99610283
2810 0.99570313
2811 1.00388484
2812 0.99185806
2813 0.99381198
2814 1.01065534
2815 0.99886454
2816 1.00017852
2817 0.98879042
2818 0.99765317
2819 0.98706474
2820 0.98151837
2821 0.98987874
2822 1.00212111
2823 1.00315210
2824 0.97854363
2825 0.99124802
2826 0.98955331
2827 0.99015940
2828 0.99863736
2829 0.99581926
2830 0.99573010
2831 0.99245461
2832 0.99238376
2833 0.98740391
2834 0.98863408
2835 0.99886454
2836 1.00527892
2837 1.00913214
2838 1.00381961
2839 1.00331802
2840 1.01580651
2841 1.01188664
2842 1.00443679
2843 1.00448815
2844 1.00721086
2845 1.00804131
2846 1.01070091
2847 1.00727819
2848 1.00002566
2849 1.01270858
2850 1.01131992
2851 1.00169214
2852 1.00173629
2853 1.00214093
2854 0.99963348
2855 1.00192132
2856 1.00527892
2857 0.98738543
2858 0.99147774
2859 0.99646721
2860 0.98763445
2861 0.98551487
2862 0.98698864
2863 0.99427512
2864 0.98517491
2865 0.98607012
2866 0.98472285
2867 0.99189769
2868 0.98104760
2869 0.98698448
2870 0.99074257
2871 0.98809402
2872 0.98648928
2873 0.99015612
2874 0.99339379
2875 0.98961973
2876 0.98699077
2877 0.98738543
2878 1.00272103
2879 0.99530831
2880 0.98886952
2881 0.98708846
2882 0.99021795
2883 1.00473193
2884 0.99786847
2885 0.99628720
2886 0.99737419
2887 0.99763672
2888 0.99884381
2889 0.99165980
2890 0.99790786
2891 0.99472580
2892 0.98127098
2893 0.99751870
2894 0.99734804
2895 0.99763376
2896 0.99242254
2897 0.99550122
2898 1.00272103
2899 1.00086278
2900 0.98889026
2901 0.99069131
2902 0.99292455
2903 0.98654371
2904 0.99990504
2905 0.99719505
2906 0.99667867
2907 0.99524170
2908 0.99508894
2909 0.99737044
2910 0.99404790
2911 0.98633137
2912 0.98831682
2913 0.99212133
2914 0.99342817
2915 1.00041253
2916 0.99322087
2917 0.99349551
2918 0.98709391
2919 1.00086278
2920 1.00779845
2921 1.00790163
2922 0.99827053
2923 0.99602779
2924 1.00386656
2925 1.00067952
2926 0.99622442
2927 0.99658676
2928 0.99518923
2929 1.00062066
2930 1.00091058
2931 1.00681263
2932 1.00251818
2933 1.00382848
2934 0.99939095
2935 0.99555277
2936 0.99920558
2937 0.99944390
2938 0.99402064
2939 0.99004728
2940 1.00779845
2941 1.00059413
2942 0.99784665
2943 0.99558637
2944 0.99476168
2945 0.99416104
2946 0.99467559
2947 0.99628780
2948 1.00071229
2949 0.99779508
2950 0.99042091
2951 0.99881685
2952 0.99569398
2953 1.00324552
2954 1.00151125
2955 0.99772494
2956 1.00116451
2957 0.98926675
2958 0.99173764
2959 0.99506242
2960 1.00091705
2961 1.00059413
2962 0.99664464
2963 0.99103806
2964 0.99667715
2965 0.99237001
2966 0.99370252
2967 0.98624233
2968 0.99383839
2969 0.99529747
2970 0.98959671
2971 0.99630894
2972 0.98644276
2973 0.99676536
2974 0.98739013
2975 0.98732991
2976 0.99909430
2977 0.99531180
2978 0.98944188
2979 0.99686179
2980 0.99394166
2981 0.99382866
2982 0.99664464
2983 0.98460077
2984 0.99452627
2985 0.99289144
2986 0.98786208
2987 0.98612030
2988 0.98953369
2989 0.98327290
2990 0.98644696
2991 0.98627753
2992 0.99471032
2993 0.98197381
2994 0.98096929
2995 0.98992969
2996 0.98439409
2997 0.98990245
2998 0.98368764
2999 0.99169356
3000 0.98702384
3001 0.98048181
3002 0.99136788
3003 0.98460077
3004 0.98702962
3005 0.98867065
3006 1.00461480
3007 0.98680589
3008 0.98745466
3009 0.99985554
3010 0.99221287
3011 0.99652813
3012 0.99468110
3013 0.99716092
3014 1.00196071
3015 1.00776897
3016 1.00292575
3017 0.99124380
3018 0.99118875
3019 0.99012704
3020 0.99551265
3021 0.99152924
3022 0.99534889
3023 0.99491623
3024 0.98702962
