index DenDen_position
1 1.62381227
2 1.58286722
3 1.55001637
4 1.52229000
5 1.50429679
6 1.49036956
7 1.46050102
8 1.45714699
9 1.45854799
10 1.44275327
11 1.45262098
12 1.44662226
13 1.45578440
14 1.46264677
15 1.46117203
16 1.48695519
17 1.49183250
18 1.51999945
19 1.54942502
20 1.58431274
21 1.62381227
22 0.93262008
23 0.94818922
24 0.95479466
25 0.96155322
26 0.96927868
27 0.96779036
28 0.96796130
29 0.97255995
30 0.96571270
31 0.97583465
32 0.97890977
33 0.97731932
34 0.96982599
35 0.96767388
36 0.96386772
37 0.96042981
38 0.96618084
39 0.96613145
40 0.95657951
41 0.94509637
42 0.93262008
43 0.99630508
44 0.99823512
45 0.99812919
46 1.00232617
47 1.00169251
48 0.99812706
49 0.99753448
50 1.00025288
51 0.98986011
52 0.99329481
53 1.01030873
54 1.00111962
55 1.00449550
56 1.00629264
57 0.99925064
58 0.99352431
59 1.00576915
60 0.99528715
61 0.99687955
62 0.99917727
63 0.99630508
64 0.98779337
65 0.99070000
66 0.99544594
67 0.99137668
68 0.99558822
69 1.00156424
70 0.99637215
71 0.98928009
72 0.99345005
73 0.98867154
74 0.99353586
75 0.99463916
76 1.00645965
77 0.99372369
78 0.99411895
79 0.99274697
80 1.00159953
81 0.99773147
82 0.98760711
83 0.99175392
84 0.98779337
85 1.00023455
86 0.99965744
87 1.00532158
88 1.00339214
89 0.99330270
90 1.00259123
91 0.99647186
92 1.00179218
93 0.99817722
94 0.99889588
95 0.99993550
96 1.00289865
97 1.00084834
98 0.99820706
99 0.98897358
100 1.00451768
101 1.00820460
102 0.99849131
103 1.00802172
104 1.00535184
105 1.00023455
106 0.99394364
107 0.99258173
108 0.99880447
109 0.99947650
110 0.98712394
111 0.98942297
112 0.99563604
113 0.99637842
114 0.99977057
115 0.99351034
116 0.98480859
117 0.98883682
118 0.98921355
119 0.99787221
120 0.99218878
121 1.00707869
122 0.99065982
123 0.98968850
124 0.99520782
125 0.99295523
126 0.99394364
127 1.00596979
128 1.00532165
129 0.99602369
130 1.00090216
131 1.00038923
132 1.00167833
133 1.00299403
134 0.99376061
135 0.99799069
136 0.99819264
137 1.00747484
138 1.00991921
139 1.00964730
140 1.00396866
141 1.00341602
142 1.00759149
143 0.99997496
144 1.00998629
145 0.99667498
146 1.00665931
147 1.00596979
148 0.99123080
149 0.99391507
150 0.98404655
151 0.98878332
152 0.99082636
153 0.98982859
154 1.00351321
155 0.99215952
156 0.99680865
157 0.99422029
158 0.99621237
159 0.99753171
160 0.99776477
161 0.99794156
162 0.99368142
163 0.99484210
164 0.99635232
165 0.99175106
166 0.99168252
167 0.99369561
168 0.99123080
169 0.99043817
170 0.99946591
171 0.99873138
172 0.99939762
173 1.00269659
174 1.00092352
175 0.99961609
176 1.01167888
177 0.99897133
178 1.00152218
179 0.99383511
180 1.00335409
181 0.98910777
182 0.98917081
183 1.00077073
184 0.99632515
185 1.00530985
186 1.00097072
187 1.00250159
188 0.99172469
189 0.99043817
190 1.00286723
191 0.99221523
192 0.98980789
193 1.00350183
194 0.99205567
195 0.98761802
196 0.99319964
197 0.98948310
198 0.98440887
199 0.99395392
200 0.98497691
201 1.00102679
202 0.98863705
203 0.99006368
204 0.99554269
205 0.99495663
206 0.99485551
207 0.99083102
208 0.98991889
209 0.98897087
210 1.00286723
211 0.99322667
212 0.99235521
213 1.00640206
214 1.00168028
215 0.99845701
216 0.99889087
217 1.00339240
218 0.99970223
219 0.99461812
220 0.99962348
221 0.99786667
222 1.00457456
223 1.01078424
224 1.00455733
225 0.99122634
226 1.00112665
227 1.00175352
228 0.99918271
229 1.00576015
230 0.99575439
231 0.99322667
232 0.93493909
233 0.94184521
234 0.95050963
235 0.95827764
236 0.96753284
237 0.96360702
238 0.97123408
239 0.97453160
240 0.97206781
241 0.97609345
242 0.97104309
243 0.96877239
244 0.97042901
245 0.97429815
246 0.96824349
247 0.95869172
248 0.96577897
249 0.95936494
250 0.94600846
251 0.94400138
252 0.93493909
253 0.94420993
254 0.95926562
255 0.96514265
256 0.97058873
257 0.97237931
258 0.97349567
259 0.98199956
260 0.98071549
261 0.98127194
262 0.98300541
263 0.98737392
264 0.98176202
265 0.97431735
266 0.98851079
267 0.97300369
268 0.97743501
269 0.97285717
270 0.96326037
271 0.96511953
272 0.95115601
273 0.94420993
274 1.00093415
275 1.00773840
276 1.00996392
277 0.99979372
278 1.00399391
279 0.99650917
280 0.99735092
281 0.99903077
282 1.00587530
283 0.99879493
284 1.00265956
285 1.00447280
286 1.00541429
287 1.00483857
288 1.00732851
289 1.00277281
290 1.00367988
291 1.00345649
292 0.99256326
293 1.00275804
294 1.00093415
295 0.98876940
296 0.99037845
297 1.00068065
298 0.99505332
299 0.99456710
300 0.98607463
301 0.98544796
302 0.99029645
303 0.98248983
304 0.98202971
305 0.98568683
306 0.98932475
307 0.98969756
308 0.99442987
309 0.99248516
310 0.98250753
311 0.98513913
312 0.99191830
313 0.99799330
314 0.98996370
315 0.98876940
316 0.99923528
317 1.00137295
318 0.99563646
319 0.99586574
320 1.00159929
321 1.00684695
322 1.00355680
323 1.00103835
324 0.99831725
325 1.00932226
326 1.00445907
327 0.99953098
328 0.99597303
329 1.00233615
330 0.99495768
331 0.99477572
332 0.99315504
333 0.99886222
334 0.99591201
335 1.01224755
336 0.99923528
337 1.01009471
338 0.99460186
339 1.00780501
340 0.99955556
341 1.00175188
342 0.99835777
343 1.00624482
344 0.99920518
345 1.00485041
346 0.99762266
347 1.00316625
348 1.00776993
349 0.99867913
350 0.99966426
351 0.99959947
352 0.99927730
353 1.00731391
354 0.99340726
355 0.99790966
356 1.01136343
357 1.01009471
358 0.99701880
359 0.99650737
360 0.98875959
361 0.99797154
362 1.00410697
363 0.98679666
364 0.99679057
365 1.00153971
366 0.98832474
367 0.99217710
368 0.99180918
369 1.00182720
370 1.00084518
371 1.00044944
372 0.99188425
373 0.99899521
374 0.99206880
375 0.99624953
376 0.99964945
377 0.99141205
378 0.99701880
379 1.00180877
380 0.99033481
381 0.98709130
382 0.99171446
383 0.99819892
384 0.98776234
385 0.99577171
386 0.99802400
387 0.99390135
388 0.98630811
389 0.99237192
390 0.99138082
391 1.00410619
392 1.00009690
393 0.98978553
394 0.98892149
395 0.98774010
396 0.98819325
397 0.99501472
398 0.97681114
399 1.00180877
400 0.99005265
401 0.99096729
402 0.99205197
403 0.99112969
404 0.99171722
405 0.99717348
406 0.99507456
407 0.99663619
408 0.99659340
409 0.99074500
410 0.99925810
411 1.00297466
412 0.99397433
413 0.99249781
414 0.99903899
415 0.99889544
416 1.00092623
417 0.99359285
418 0.99481021
419 0.99237473
420 0.99005265
421 0.99166880
422 0.99051081
423 0.98942682
424 0.99174312
425 0.99041778
426 0.99325205
427 0.99502345
428 0.99698133
429 0.99594549
430 0.99406189
431 0.98701482
432 0.98753828
433 0.99502420
434 1.00467723
435 0.99524684
436 0.98191503
437 0.99810672
438 0.99143235
439 1.00258444
440 0.98694225
441 0.99166880
442 1.00052456
443 0.99687173
444 1.00226377
445 1.01111152
446 1.00329385
447 1.00070694
448 1.00496212
449 1.00163214
450 0.99969880
451 1.00236275
452 0.99424672
453 1.00626241
454 0.99385335
455 1.00781899
456 0.99995750
457 0.99338916
458 0.99859898
459 1.00187797
460 1.00624062
461 1.00430637
462 1.00052456
463 0.99581157
464 0.99381034
465 0.99657234
466 0.99363799
467 0.99458469
468 0.99777768
469 0.99108947
470 0.99444313
471 0.99404829
472 0.99716728
473 0.99237738
474 0.99852273
475 0.98850229
476 0.99388746
477 0.98876526
478 0.99384946
479 0.99759577
480 0.98565517
481 0.99284629
482 1.00335575
483 0.99581157
484 1.00556687
485 1.00191432
486 0.99997103
487 1.00555636
488 1.00224658
489 1.00365220
490 1.01005966
491 1.00005386
492 1.00456974
493 1.00043662
494 1.00809476
495 1.01660371
496 1.01266224
497 1.00154685
498 1.00987594
499 1.01540585
500 1.00874833
501 1.01127694
502 1.00847040
503 1.00477330
504 1.00556687
505 0.99787984
506 0.99074622
507 0.99488258
508 0.99619206
509 0.99983380
510 0.99762396
511 0.99798915
512 1.00507938
513 0.99725620
514 0.99670291
515 0.98749706
516 1.00297342
517 1.00090522
518 0.99538786
519 1.00921059
520 1.00301393
521 1.00003550
522 0.99606019
523 0.98910626
524 0.99752214
525 0.99787984
526 1.00003840
527 0.99564070
528 0.99233258
529 1.00011835
530 0.99245040
531 0.99937835
532 0.99697722
533 1.00396024
534 0.99703014
535 0.99919326
536 0.99260563
537 1.00290891
538 0.99971620
539 0.98957577
540 0.99096199
541 0.99145108
542 0.99891959
543 0.99273044
544 0.99833555
545 1.00109665
546 1.00003840
547 0.99804331
548 1.01130900
549 1.00965897
550 0.99648606
551 1.00057246
552 0.99956403
553 0.99769279
554 0.99444061
555 1.00225150
556 1.00272477
557 0.98970049
558 0.99357629
559 0.99729713
560 1.00114847
561 0.99330249
562 1.00763414
563 0.98658098
564 0.99885956
565 1.00509308
566 1.00071230
567 0.99804331
568 0.99545211
569 0.99844505
570 0.99900387
571 0.99524062
572 1.00342015
573 0.99556799
574 0.99670032
575 0.99399301
576 1.00131983
577 0.99402092
578 1.00377128
579 1.00019140
580 0.99059027
581 0.99345625
582 0.99674215
583 0.99833968
584 0.99450019
585 0.99529485
586 1.00016168
587 0.99037532
588 0.99545211
589 0.99732504
590 0.98887546
591 0.99909156
592 1.00628206
593 0.99452726
594 0.98940282
595 0.98454996
596 0.99659051
597 0.99986775
598 0.99417822
599 0.99008353
600 0.98940102
601 0.98995976
602 0.99566277
603 0.99930956
604 0.99898525
605 0.98835080
606 1.00154223
607 0.98768507
608 0.99849685
609 0.99732504
610 0.99561064
611 0.99071365
612 0.99118765
613 0.99131425
614 1.00189329
615 0.99519847
616 0.99959470
617 0.99321523
618 0.99102794
619 0.99966927
620 0.99690107
621 0.99749609
622 1.00061927
623 0.99950319
624 1.00305787
625 0.98986781
626 0.98855574
627 0.99738844
628 0.99750940
629 0.99324631
630 0.99561064
631 1.00399822
632 0.99645735
633 1.00771874
634 1.01034063
635 1.00918783
636 1.01129151
637 1.00756068
638 1.00558083
639 1.00798627
640 0.99779126
641 1.00128093
642 1.00906658
643 1.01216520
644 1.00580152
645 1.00019022
646 1.00569782
647 1.01456315
648 1.00500820
649 1.00964909
650 1.00145112
651 1.00399822
652 1.01151415
653 0.99673801
654 1.00247632
655 1.00224600
656 1.00936153
657 0.99899981
658 0.99858224
659 0.99834479
660 1.00154274
661 1.00367465
662 0.99493789
663 1.00138237
664 1.00154478
665 1.00447763
666 1.00780550
667 1.00553482
668 0.99491989
669 1.00159825
670 1.00228675
671 1.00562135
672 1.01151415
673 0.98981280
674 0.98470262
675 0.98546200
676 0.99635988
677 1.00784601
678 0.99434603
679 0.99094187
680 0.99695538
681 0.99069823
682 0.99839925
683 0.99299581
684 0.99070724
685 0.99239277
686 0.99542993
687 0.99375782
688 0.98949037
689 0.98684460
690 0.99037614
691 0.99512558
692 0.99360363
693 0.98981280
694 0.99898408
695 0.99662601
696 0.99496605
697 1.00118446
698 0.99653753
699 0.99679566
700 0.99327008
701 0.99828227
702 1.00098948
703 0.99178107
704 1.00670731
705 0.99676974
706 0.99100948
707 1.00274342
708 0.99654731
709 0.99630728
710 1.00078641
711 0.99303236
712 1.00137119
713 0.99171574
714 0.99898408
715 0.99641107
716 0.99702398
717 0.98456154
718 0.98857735
719 0.99031395
720 0.98744198
721 0.98985205
722 0.99267602
723 0.99264237
724 0.99826920
725 0.99086174
726 0.99950719
727 0.99401245
728 0.99211516
729 0.98782800
730 0.99031116
731 0.99070185
732 1.00247445
733 0.99010872
734 0.98687641
735 0.99641107
736 0.99729750
737 1.00481515
738 0.99419874
739 1.00249493
740 0.99948721
741 0.99503645
742 0.99510032
743 0.98934911
744 0.99468585
745 1.00618836
746 0.99650327
747 1.00836136
748 0.99081695
749 1.00258306
750 0.99451979
751 1.00526298
752 0.99283578
753 1.00289246
754 0.98508850
755 0.99525634
756 0.99729750
757 0.99063513
758 0.99964805
759 0.98603884
760 0.99476134
761 0.99809443
762 0.99222372
763 1.00196888
764 0.99976908
765 0.99016907
766 0.98955069
767 0.99756324
768 1.00594651
769 1.00198928
770 0.99612031
771 0.99536765
772 0.99085428
773 1.00326050
774 1.00352495
775 0.99909501
776 0.99662735
777 0.99063513
778 0.99428258
779 0.99375384
780 0.99179742
781 0.99028734
782 0.99451815
783 0.99851160
784 0.98972006
785 0.99291898
786 0.99569408
787 0.99171208
788 0.98032910
789 0.99496847
790 0.98632506
791 0.99917123
792 0.99478717
793 0.99305779
794 0.99398562
795 0.99588952
796 0.98762854
797 0.99317545
798 0.99428258
799 0.99400801
800 0.99446331
801 0.99762434
802 0.99873262
803 0.98796487
804 0.99519401
805 0.99842704
806 0.99740378
807 0.99638763
808 0.98753927
809 1.00798020
810 0.99226244
811 0.99172957
812 0.99152554
813 0.99458635
814 0.99967106
815 0.98175907
816 0.99351465
817 0.98968372
818 0.99151378
819 0.99400801
820 0.98611664
821 1.01160580
822 0.99154251
823 0.99619008
824 0.99522040
825 0.99458172
826 1.00276531
827 0.99610686
828 1.00730342
829 0.98599710
830 1.00243747
831 0.99693440
832 0.99846960
833 0.99414662
834 0.99376660
835 0.99677560
836 1.00731593
837 1.00345193
838 0.99242585
839 0.99679381
840 0.98611664
841 0.99848140
842 1.00161570
843 1.00277691
844 0.99653803
845 0.98686398
846 0.98891694
847 1.00590621
848 0.99962923
849 0.99519761
850 0.99527109
851 0.98990375
852 1.00138666
853 1.00008767
854 0.99452242
855 1.00553264
856 0.98382558
857 1.00630202
858 0.99502745
859 0.99387266
860 1.00049436
861 0.99848140
862 0.98920310
863 0.98615673
864 0.99266063
865 0.99239042
866 1.00022848
867 0.99386439
868 0.99690676
869 0.99790153
870 1.00229855
871 0.99607305
872 0.98645156
873 0.99837921
874 0.99524253
875 0.98590808
876 0.99187857
877 0.99010295
878 0.99188091
879 0.99449270
880 1.00470121
881 0.99388733
882 0.98920310
883 0.99470146
884 0.99969280
885 1.00099979
886 1.00814210
887 0.99664476
888 0.99537016
889 0.99633909
890 0.99794708
891 0.99241991
892 0.99869487
893 1.00866699
894 0.99672182
895 1.00976677
896 0.99913528
897 1.00269324
898 1.00242023
899 1.00211515
900 1.00570333
901 1.00403835
902 0.99203748
903 0.99470146
904 0.99269856
905 0.99027177
906 0.99015677
907 0.98519982
908 0.99287597
909 0.98725168
910 0.98664450
911 0.99231043
912 0.99381478
913 0.99516007
914 0.98250573
915 0.99447760
916 0.98451528
917 0.98920253
918 0.98640786
919 0.99001494
920 0.98891359
921 0.99584579
922 0.99609604
923 0.98076363
924 0.99269856
925 0.99783907
926 0.99534089
927 1.00063231
928 1.00229153
929 0.99493571
930 0.99757135
931 0.99941835
932 0.99483328
933 0.99268022
934 0.99291162
935 0.99170206
936 0.99608269
937 0.99544879
938 0.99883561
939 0.99901856
940 0.99427823
941 0.98755435
942 1.00507476
943 0.99505794
944 1.00288703
945 0.99783907
946 0.98832031
947 0.99658392
948 0.99297530
949 0.99294954
950 0.99767842
951 0.99524566
952 0.98903226
953 1.00012824
954 0.99002078
955 0.99576702
956 0.98808617
957 0.99771677
958 0.99068407
959 0.99208942
960 0.99904844
961 1.00346147
962 0.99168225
963 0.99215356
964 0.99069123
965 1.00349078
966 0.98832031
967 0.99929747
968 1.00622872
969 1.01587769
970 1.01234551
971 1.01137054
972 0.99845278
973 1.00630773
974 1.00191607
975 1.00327972
976 1.00415543
977 1.00097853
978 0.99999536
979 1.00217097
980 1.00407413
981 1.00327420
982 1.00094604
983 1.00444913
984 1.00608009
985 1.00163798
986 0.99806836
987 0.99929747
988 1.00243613
989 1.00403461
990 1.00257508
991 1.01177529
992 0.99654423
993 0.99570922
994 1.00402017
995 1.00449439
996 1.00203992
997 1.00512513
998 0.99419947
999 1.00552285
1000 1.00475588
1001 0.99949634
1002 1.00160469
1003 0.99184679
1004 0.99121423
1005 1.00786324
1006 0.99486645
1007 0.99129554
1008 1.00243613
1009 0.99058916
1010 0.99033699
1011 0.99440768
1012 0.99103770
1013 0.99097796
1014 1.00203425
1015 1.00141939
1016 0.99291994
1017 0.99579549
1018 0.99442212
1019 1.00121015
1020 0.99965741
1021 0.98935810
1022 1.00199444
1023 0.99583635
1024 0.99212890
1025 0.98756448
1026 0.99640874
1027 1.00034576
1028 0.99037314
1029 0.99058916
1030 0.99511138
1031 0.99119899
1032 0.98581518
1033 0.99553927
1034 0.99526648
1035 1.00128239
1036 0.98671766
1037 0.99303005
1038 0.99473447
1039 0.99414103
1040 0.99944281
1041 0.99835633
1042 0.99032813
1043 0.99560834
1044 0.99136769
1045 0.99671492
1046 0.99272865
1047 1.00201861
1048 0.99343608
1049 0.99149998
1050 0.99511138
1051 0.98283603
1052 0.99816268
1053 0.99507040
1054 0.98984526
1055 0.99583742
1056 0.99426244
1057 0.98610163
1058 0.98952306
1059 1.00116792
1060 0.99739966
1061 0.99371275
1062 0.99773937
1063 0.99996087
1064 1.00117938
1065 0.99361930
1066 0.98463781
1067 0.99266745
1068 0.99839035
1069 0.99361787
1070 0.99046008
1071 0.98283603
1072 1.00988476
1073 0.99975570
1074 0.99321892
1075 0.99753536
1076 0.99215858
1077 1.01380570
1078 1.00697930
1079 0.99627120
1080 0.99975518
1081 0.99561780
1082 0.99836156
1083 0.99800846
1084 0.98796151
1085 0.99820617
1086 1.00034726
1087 0.99997672
1088 1.01015139
1089 1.00030248
1090 0.99927046
1091 1.00863068
1092 1.00988476
1093 0.98350195
1094 0.98941122
1095 0.98442526
1096 0.97839988
1097 0.98797080
1098 0.99130568
1099 0.99052640
1100 0.99141180
1101 0.98929393
1102 0.98834476
1103 0.99059560
1104 0.98523859
1105 0.97370629
1106 0.99181908
1107 0.98600719
1108 0.98406082
1109 0.99071349
1110 0.99316745
1111 0.97839531
1112 0.99351652
1113 0.98350195
1114 0.99680573
1115 1.00673080
1116 1.00310067
1117 1.00650802
1118 0.99599338
1119 0.99936901
1120 0.99121568
1121 1.00923038
1122 1.00511780
1123 0.99493277
1124 1.00180652
1125 1.00725476
1126 1.00225905
1127 0.99599792
1128 0.99997722
1129 0.99334375
1130 0.99197462
1131 1.00472807
1132 0.99733156
1133 0.99897874
1134 0.99680573
1135 1.00148496
1136 1.00204119
1137 0.99652294
1138 0.99252724
1139 0.99603466
1140 1.00460173
1141 1.00387491
1142 0.99065426
1143 0.99480736
1144 0.99109255
1145 1.00389049
1146 0.99531093
1147 0.99089379
1148 0.99271910
1149 0.99304842
1150 0.98894488
1151 0.99350860
1152 0.99466562
1153 0.99769972
1154 1.00306370
1155 1.00148496
1156 0.99963091
1157 0.99444517
1158 0.99494256
1159 0.99963363
1160 1.00160008
1161 0.99334807
1162 1.00046477
1163 1.00059067
1164 0.99484368
1165 0.99850365
1166 0.99646020
1167 0.99253023
1168 1.00428231
1169 0.99415666
1170 0.99955067
1171 0.99639666
1172 0.99505246
1173 0.99135392
1174 0.99921928
1175 0.99387164
1176 0.99963091
1177 0.99773844
1178 1.00137945
1179 0.99468098
1180 1.00150545
1181 0.99499237
1182 0.98996445
1183 0.99518596
1184 1.00036099
1185 1.00504904
1186 1.00362114
1187 1.00211093
1188 0.99238186
1189 0.99907981
1190 1.00118486
1191 0.99626025
1192 0.99361364
1193 1.00013741
1194 1.00363748
1195 0.99805983
1196 1.00502978
1197 0.99773844
1198 1.00117011
1199 1.00035704
1200 1.00327618
1201 1.00388412
1202 0.99194821
1203 0.99900131
1204 0.99484166
1205 1.00516830
1206 0.99773358
1207 0.99939976
1208 0.99280570
1209 1.00417832
1210 0.98958293
1211 0.98525514
1212 0.99869385
1213 0.99765085
1214 0.99531258
1215 0.99469841
1216 0.99985580
1217 0.99874166
1218 1.00117011
1219 0.99118492
1220 0.99652782
1221 0.99674237
1222 0.99566683
1223 0.99122929
1224 0.98858198
1225 0.98266329
1226 1.00342608
1227 0.98662030
1228 0.99043842
1229 1.00188918
1230 0.99807165
1231 0.99756613
1232 0.99038985
1233 0.99406495
1234 0.99679692
1235 0.99537531
1236 1.00209821
1237 0.99863418
1238 0.98829065
1239 0.99118492
1240 1.00362208
1241 1.00048379
1242 1.00477710
1243 1.00454045
1244 1.00053509
1245 1.00568858
1246 0.99798086
1247 1.00520606
1248 0.99945151
1249 1.00071555
1250 1.00542120
1251 1.00362684
1252 0.99609282
1253 1.00630717
1254 1.00548877
1255 1.00696718
1256 1.00811398
1257 1.00129793
1258 0.99950553
1259 0.99957299
1260 1.00362208
1261 0.99140748
1262 1.00434536
1263 0.99819616
1264 1.01423903
1265 0.99793749
1266 0.99945943
1267 1.00382299
1268 0.99940065
1269 1.01267966
1270 1.00122068
1271 1.00360599
1272 0.99424158
1273 1.00273887
1274 0.99873015
1275 1.00268076
1276 0.99387285
1277 0.99632514
1278 0.99209419
1279 0.99951570
1280 0.99601067
1281 0.99140748
1282 0.99825133
1283 1.00783923
1284 0.99950200
1285 1.00548945
1286 1.00713552
1287 1.00759952
1288 1.00120197
1289 1.00429127
1290 0.99286398
1291 1.00872993
1292 0.99359803
1293 1.00050080
1294 1.01262937
1295 1.00734563
1296 1.00417841
1297 0.99860109
1298 1.00026477
1299 1.00500803
1300 1.00336531
1301 0.99601374
1302 0.99825133
1303 0.99678256
1304 0.98780211
1305 0.99782804
1306 0.99081886
1307 0.98898887
1308 0.98991929
1309 0.99482476
1310 0.99730949
1311 0.99263657
1312 1.00020093
1313 0.99971030
1314 0.99212275
1315 0.99160313
1316 0.98850860
1317 0.99061031
1318 0.99590381
1319 0.99270080
1320 0.99906900
1321 0.99556316
1322 0.99827547
1323 0.99678256
1324 0.99416237
1325 0.99747408
1326 0.99640153
1327 0.99616676
1328 0.99270012
1329 1.00350977
1330 0.99613583
1331 0.99918832
1332 0.99436218
1333 1.00361759
1334 1.00634120
1335 0.99590906
1336 0.99831850
1337 0.99471307
1338 1.00503480
1339 0.99529992
1340 1.00252275
1341 1.00121082
1342 0.99467274
1343 1.00456605
1344 0.99416237
1345 1.00429988
1346 1.00127988
1347 0.99708064
1348 0.99894663
1349 0.99339641
1350 0.98965621
1351 0.99471941
1352 0.99449150
1353 0.99614748
1354 0.99154498
1355 0.99290765
1356 0.99446392
1357 0.99392323
1358 0.99499437
1359 1.00003373
1360 0.99496892
1361 0.99549613
1362 1.00896657
1363 0.99185028
1364 0.99489518
1365 1.00429988
1366 1.00930766
1367 1.00294287
1368 1.00716916
1369 0.99744888
1370 0.99772460
1371 1.00942530
1372 0.99176321
1373 1.00293727
1374 0.99395429
1375 0.99903619
1376 0.99797767
1377 0.99140164
1378 0.99928305
1379 1.00292651
1380 1.00468387
1381 0.99393368
1382 0.99592735
1383 0.99132091
1384 0.99891371
1385 1.00032702
1386 1.00930766
1387 0.98441691
1388 0.98143100
1389 0.98713757
1390 0.99081459
1391 0.98614550
1392 0.98406775
1393 0.98525498
1394 0.99113206
1395 0.97904341
1396 0.98700802
1397 0.98846101
1398 0.99212991
1399 0.99770747
1400 0.98746789
1401 0.99083770
1402 0.99162779
1403 0.98726016
1404 0.98854909
1405 0.98548536
1406 0.99911971
1407 0.98441691
1408 1.00971074
1409 1.00438799
1410 1.00112611
1411 1.00306431
1412 1.00307967
1413 0.99684748
1414 1.00412894
1415 1.00000566
1416 1.00476098
1417 1.00384679
1418 1.00302249
1419 0.98927253
1420 0.99967424
1421 0.99868591
1422 0.99916884
1423 1.00554096
1424 1.00255256
1425 1.00903004
1426 1.00097314
1427 0.99434506
1428 1.00971074
1429 0.98853866
1430 0.98726239
1431 0.98593005
1432 0.99744705
1433 0.98473695
1434 0.98791273
1435 0.97891786
1436 0.98245664
1437 0.98965578
1438 0.99374871
1439 0.99756490
1440 0.99516430
1441 0.99104264
1442 0.99240614
1443 0.99000937
1444 0.98549925
1445 0.99931242
1446 0.99228574
1447 0.99283914
1448 0.99215972
1449 0.98853866
1450 0.99096442
1451 0.99276512
1452 0.99020219
1453 1.00207382
1454 0.99039713
1455 0.99361466
1456 0.99747686
1457 0.99490673
1458 0.99593372
1459 0.99195845
1460 0.99019971
1461 0.99868029
1462 0.99437771
1463 0.99957142
1464 0.99869528
1465 0.99329486
1466 0.99275189
1467 0.99788486
1468 0.98708321
1469 0.99037527
1470 0.99096442
1471 0.97717392
1472 0.99902013
1473 0.99252171
1474 0.99397275
1475 0.98996912
1476 0.99641849
1477 0.99186430
1478 0.99334763
1479 0.99480648
1480 0.98889299
1481 0.99215408
1482 0.99538946
1483 0.99719264
1484 0.99708802
1485 0.98932211
1486 0.99266551
1487 0.99225958
1488 0.99391035
1489 1.00072637
1490 0.99700635
1491 0.97717392
1492 0.98982169
1493 0.99361242
1494 0.99023544
1495 0.99864895
1496 0.99092771
1497 1.00038535
1498 0.99568105
1499 0.99473800
1500 0.99237831
1501 0.98852619
1502 0.98376920
1503 1.00763712
1504 0.99131743
1505 0.99652482
1506 0.99419524
1507 0.98984850
1508 0.99686151
1509 0.99173669
1510 0.99099113
1511 1.00561838
1512 0.98982169
1513 1.00188917
1514 1.00209977
1515 0.99405334
1516 0.99499163
1517 1.00610435
1518 1.00039724
1519 1.00236449
1520 0.99685215
1521 0.99377822
1522 1.00738753
1523 0.99376543
1524 1.00072620
1525 0.98914298
1526 1.00509105
1527 0.99428054
1528 0.99304808
1529 0.99406200
1530 0.99353004
1531 0.99458910
1532 1.00470929
1533 1.00188917
1534 1.00614905
1535 0.99886417
1536 0.99815323
1537 0.99341055
1538 0.99870841
1539 0.99077149
1540 0.99726101
1541 0.99127820
1542 0.99670198
1543 0.99273806
1544 0.98777742
1545 0.98962322
1546 1.00217535
1547 0.99148920
1548 1.00313626
1549 0.99367745
1550 0.98699159
1551 0.98843707
1552 1.00122220
1553 0.99196829
1554 1.00614905
1555 0.99934729
1556 0.98719597
1557 0.99360609
1558 0.99794034
1559 0.99314356
1560 1.00214312
1561 0.98487433
1562 0.99548254
1563 0.99608012
1564 0.99616699
1565 0.99129834
1566 0.98771179
1567 0.99693717
1568 0.99363437
1569 0.98542218
1570 0.99278387
1571 0.99939190
1572 0.99756809
1573 0.98924305
1574 0.98848528
1575 0.99934729
1576 1.00192146
1577 1.00012706
1578 1.00110279
1579 1.01387730
1580 0.98937648
1581 1.00675831
1582 1.00703911
1583 0.99749794
1584 1.00165302
1585 1.00063549
1586 1.01232632
1587 1.00069959
1588 1.00174910
1589 1.00284687
1590 1.00152340
1591 1.00337483
1592 0.99717965
1593 1.00948122
1594 1.00105254
1595 0.99477400
1596 1.00192146
1597 1.00041630
1598 0.99877965
1599 1.00599523
1600 1.00048313
1601 0.99391340
1602 0.99919560
1603 0.99602657
1604 1.00632453
1605 1.00509882
1606 0.99868283
1607 0.99405750
1608 0.99713091
1609 1.00658200
1610 0.99645294
1611 0.99659269
1612 0.99547565
1613 1.00469213
1614 0.99771841
1615 1.00430063
1616 1.01076983
1617 1.00041630
1618 0.97894699
1619 0.98510873
1620 0.99322676
1621 0.98499997
1622 0.99760648
1623 0.98765859
1624 0.99015801
1625 0.98037772
1626 0.99034886
1627 0.99037393
1628 0.99355139
1629 0.99409273
1630 0.98593130
1631 0.98772626
1632 0.99248847
1633 0.98881321
1634 0.98579616
1635 0.99395532
1636 0.99721015
1637 0.99200601
1638 0.97894699
1639 1.00925361
1640 1.00865251
1641 0.99579256
1642 0.99581340
1643 0.99801605
1644 0.99511895
1645 1.00767618
1646 0.99895542
1647 1.00581542
1648 1.00731484
1649 0.99810761
1650 0.98719959
1651 0.99733619
1652 1.00437749
1653 0.99909782
1654 1.00440453
1655 0.99668294
1656 1.00128587
1657 0.99754960
1658 0.99450686
1659 1.00925361
1660 0.98744955
1661 0.98837871
1662 0.99371159
1663 0.99477173
1664 0.99404911
1665 0.98940640
1666 0.99097515
1667 0.99169603
1668 0.98930235
1669 0.99035251
1670 0.98460158
1671 0.98413646
1672 0.99091949
1673 0.98656631
1674 0.98945933
1675 0.98045815
1676 0.98310392
1677 0.98960464
1678 0.98970282
1679 0.99885273
1680 0.98744955
1681 0.99612068
1682 1.00282858
1683 0.99767211
1684 1.00147906
1685 0.99870964
1686 1.00836530
1687 0.99813079
1688 1.00314338
1689 1.00573160
1690 1.00671268
1691 0.99423089
1692 0.99851463
1693 0.99966581
1694 0.99497380
1695 0.99026599
1696 1.00357959
1697 0.99897041
1698 0.99601262
1699 1.00186841
1700 1.00046092
1701 0.99612068
1702 0.99370537
1703 1.00406830
1704 1.00993548
1705 1.00284591
1706 0.99660170
1707 0.99653209
1708 1.00187453
1709 1.00816040
1710 1.00039961
1711 1.00748386
1712 1.00190044
1713 0.99968956
1714 1.00748716
1715 1.00075466
1716 0.99864664
1717 1.00049721
1718 1.00186426
1719 1.00558732
1720 0.99910935
1721 1.00011212
1722 0.99370537
1723 0.99543952
1724 1.00218547
1725 0.99110468
1726 0.99087610
1727 0.99363922
1728 0.99448148
1729 0.98287351
1730 0.99939527
1731 0.99389272
1732 0.99016932
1733 0.99381529
1734 0.99121092
1735 1.00026373
1736 0.99336579
1737 0.99268116
1738 0.99076493
1739 0.99147323
1740 0.99114239
1741 0.99663371
1742 0.99484430
1743 0.99543952
1744 0.99376905
1745 0.99721958
1746 1.00036978
1747 0.99352285
1748 0.99542752
1749 0.99744316
1750 0.99180808
1751 0.99893289
1752 0.99823915
1753 0.99389400
1754 1.00409093
1755 0.99425208
1756 0.99311099
1757 0.99584653
1758 1.00222450
1759 0.99606642
1760 0.98810087
1761 0.99345504
1762 0.99329538
1763 0.99711601
1764 0.99376905
1765 0.99827546
1766 0.99763559
1767 0.99233345
1768 1.00104210
1769 0.99581331
1770 0.99748288
1771 0.99759777
1772 1.00358931
1773 1.00594718
1774 0.99666564
1775 0.99915129
1776 0.99898058
1777 0.98597466
1778 1.00177153
1779 1.00724311
1780 1.00177237
1781 0.99161145
1782 1.01241911
1783 0.99580961
1784 0.99293030
1785 0.99827546
1786 0.99556820
1787 0.99676842
1788 1.00160415
1789 0.99774408
1790 0.98763955
1791 0.99469015
1792 0.99070587
1793 0.99010984
1794 0.99573897
1795 1.00212453
1796 0.99761114
1797 0.99807342
1798 0.99105840
1799 1.00068490
1800 0.99246219
1801 1.00066837
1802 0.99643619
1803 0.99723814
1804 0.99535273
1805 1.00158042
1806 0.99556820
1807 0.99846294
1808 1.00318825
1809 0.99203287
1810 0.98770093
1811 0.99445423
1812 1.00037093
1813 0.99231309
1814 0.99911113
1815 0.99388087
1816 0.99030546
1817 0.98568054
1818 0.99699044
1819 0.99727406
1820 0.98795603
1821 0.99425210
1822 0.99834352
1823 0.99302362
1824 0.99840805
1825 0.99248993
1826 0.99679593
1827 0.99846294
1828 0.99806035
1829 0.99351466
1830 0.98428413
1831 0.99512771
1832 0.99476763
1833 0.99397644
1834 0.99848064
1835 0.99881954
1836 0.99240691
1837 0.99271527
1838 1.00381835
1839 0.99288871
1840 0.99510564
1841 1.00017362
1842 0.99376134
1843 0.99855103
1844 0.99651608
1845 0.99253877
1846 0.99304614
1847 0.99769471
1848 0.99806035
1849 0.98672409
1850 0.99898477
1851 0.99359233
1852 0.98379036
1853 0.98992510
1854 0.98788835
1855 0.98727513
1856 0.99296561
1857 0.99130901
1858 0.99866120
1859 0.99526795
1860 0.98628048
1861 0.99265099
1862 0.99101483
1863 0.99208869
1864 0.99244124
1865 0.98548847
1866 0.99993626
1867 0.99910379
1868 0.99376918
1869 0.98672409
1870 1.00347869
1871 0.99650379
1872 0.99823873
1873 0.99973780
1874 1.01095322
1875 1.00197149
1876 1.00405053
1877 1.00346439
1878 1.00554164
1879 0.99830524
1880 1.00028424
1881 0.99935146
1882 1.01124358
1883 1.00073521
1884 0.99020253
1885 1.00160300
1886 1.00468198
1887 1.00259348
1888 1.00088788
1889 1.00151116
1890 1.00347869
1891 0.98950722
1892 0.99094028
1893 0.99043081
1894 0.98641353
1895 0.98584633
1896 0.99814433
1897 0.98586393
1898 0.99030232
1899 0.98894302
1900 0.98234204
1901 0.98708617
1902 0.98297649
1903 0.98254103
1904 0.98787332
1905 0.99099623
1906 0.99430886
1907 0.99814535
1908 0.99379218
1909 0.98163026
1910 0.97998953
1911 0.98950722
1912 1.00067472
1913 1.00078064
1914 1.00034663
1915 1.00193200
1916 0.99915661
1917 1.00100808
1918 1.00167169
1919 0.99483224
1920 0.98979468
1921 1.00256860
1922 1.00018820
1923 1.00392121
1924 0.99903905
1925 0.99208545
1926 0.99750812
1927 1.00025873
1928 0.99822028
1929 0.99684653
1930 0.99572254
1931 0.98710528
1932 1.00067472
1933 0.99819985
1934 1.00100482
1935 0.98835079
1936 1.00309841
1937 0.99494184
1938 1.00147782
1939 0.99783866
1940 0.99583905
1941 0.99903076
1942 1.00105440
1943 0.99601288
1944 0.99699221
1945 0.99290634
1946 0.99720376
1947 1.00013002
1948 0.99465462
1949 1.00375587
1950 1.00230318
1951 1.00219737
1952 0.99825881
1953 0.99819985
1954 0.99159236
1955 0.99140254
1956 0.99909017
1957 0.99750183
1958 0.99181268
1959 0.99797218
1960 1.00245294
1961 0.99391915
1962 1.00569428
1963 1.00214918
1964 0.99866732
1965 0.99547073
1966 1.00405551
1967 1.00007212
1968 1.00185661
1969 0.99138468
1970 0.99748870
1971 0.99578508
1972 1.00176910
1973 0.99590040
1974 0.99159236
1975 0.98622569
1976 0.99811116
1977 0.99444074
1978 0.99093893
1979 1.00233943
1980 0.98833820
1981 0.99364932
1982 0.98402282
1983 0.98779770
1984 0.98834740
1985 0.99676968
1986 0.98988869
1987 0.99724880
1988 0.99008210
1989 0.99671958
1990 0.99444787
1991 0.99774173
1992 0.98913196
1993 0.99520875
1994 0.99564243
1995 0.98622569
1996 0.99567264
1997 0.99712559
1998 1.00466284
1999 0.99969081
2000 1.00032644
2001 1.00825240
2002 1.00549547
2003 1.00176501
2004 1.00779925
2005 1.00327713
2006 0.99670990
2007 0.99980705
2008 1.00125907
2009 0.99596626
2010 1.00587869
2011 0.99721452
2012 1.00026607
2013 1.00358786
2014 1.00010237
2015 1.00556100
2016 0.99567264
2017 0.99555796
2018 0.98782428
2019 0.99003014
2020 0.98612053
2021 0.99438984
2022 0.99849413
2023 0.99680065
2024 0.98695208
2025 1.00415246
2026 0.99732030
2027 0.99884516
2028 0.99248166
2029 0.99305802
2030 0.98704252
2031 0.99729431
2032 0.99013305
2033 0.99597569
2034 0.98965538
2035 1.00219804
2036 0.99500532
2037 0.99555796
2038 1.00721023
2039 0.99952170
2040 1.00495207
2041 1.01187117
2042 0.99879335
2043 1.00428205
2044 0.99683483
2045 0.99873711
2046 1.01177552
2047 0.99582635
2048 1.01142670
2049 1.00450342
2050 1.00135300
2051 1.00537844
2052 1.00301891
2053 1.00295311
2054 1.01223736
2055 1.00211371
2056 0.99555463
2057 1.00227933
2058 1.00721023
2059 0.99459132
2060 1.00418978
2061 0.98916018
2062 0.98485998
2063 1.00169835
2064 1.00074106
2065 0.99733042
2066 0.98807885
2067 1.00420035
2068 0.99202971
2069 0.99190437
2070 0.99274597
2071 1.00203455
2072 0.99540229
2073 0.98940055
2074 0.98802373
2075 0.98455653
2076 0.99443264
2077 0.99097592
2078 0.99728250
2079 0.99459132
2080 0.99431694
2081 1.00022640
2082 0.99898924
2083 0.99771610
2084 0.99528493
2085 0.99791670
2086 1.00127206
2087 0.99538867
2088 1.00297331
2089 0.99318333
2090 0.99159589
2091 1.00530833
2092 0.99909271
2093 0.99555038
2094 0.99333898
2095 0.99290836
2096 0.99158159
2097 0.99371658
2098 0.99583242
2099 0.99667561
2100 0.99431694
2101 0.99671600
2102 0.99919924
2103 1.00535699
2104 1.00548336
2105 1.00507511
2106 0.99313044
2107 1.00122781
2108 1.00119288
2109 1.01138029
2110 1.00666714
2111 0.99029169
2112 0.99988909
2113 0.99050390
2114 1.00235502
2115 1.01087588
2116 0.99031440
2117 0.99745807
2118 0.99828070
2119 0.99890794
2120 0.99666587
2121 0.99671600
2122 0.99150027
2123 1.00166470
2124 1.00335563
2125 0.99571476
2126 0.99930558
2127 0.99540297
2128 0.99931724
2129 0.99465952
2130 0.98469091
2131 0.99690425
2132 0.99014076
2133 0.98715546
2134 0.99769857
2135 0.99342953
2136 0.99532287
2137 0.99579677
2138 0.99586464
2139 0.98951393
2140 1.00091031
2141 0.99579590
2142 0.99150027
2143 1.00086879
2144 0.99914379
2145 1.00031943
2146 0.99012371
2147 0.99848352
2148 0.99753851
2149 0.99233081
2150 0.99891911
2151 1.00095317
2152 0.99721176
2153 1.00140509
2154 1.00072501
2155 0.99227725
2156 0.99734248
2157 1.00335144
2158 0.99949439
2159 0.99793283
2160 0.98960952
2161 0.99829759
2162 0.99341013
2163 1.00086879
2164 0.99846552
2165 1.00061223
2166 0.99450498
2167 1.00027003
2168 0.99739242
2169 0.99602294
2170 0.99810069
2171 0.99998731
2172 1.00620861
2173 1.00986405
2174 0.99829717
2175 0.99508343
2176 0.99716818
2177 1.00140938
2178 1.00113105
2179 1.00246090
2180 0.99724343
2181 0.99514198
2182 0.99408775
2183 1.00353987
2184 0.99846552
2185 0.97696937
2186 0.98934330
2187 0.98982272
2188 0.98542002
2189 0.98003374
2190 0.98308029
2191 0.98006632
2192 0.98635746
2193 0.98340174
2194 0.98075229
2195 0.98347421
2196 0.99283839
2197 0.99305670
2198 0.98686108
2199 0.97357381
2200 0.98435574
2201 0.98833940
2202 0.98747318
2203 0.98941036
2204 0.98217071
2205 0.97696937
2206 1.00047107
2207 1.00734815
2208 0.99443618
2209 0.99532315
2210 0.99495506
2211 1.00416804
2212 1.00530781
2213 1.00737128
2214 1.00100631
2215 0.99284693
2216 0.99748685
2217 0.99611983
2218 0.99537974
2219 1.00102640
2220 0.99479812
2221 1.00285602
2222 0.99910139
2223 0.99329880
2224 0.99945572
2225 0.99863377
2226 1.00047107
2227 0.99067625
2228 0.99188159
2229 0.98902319
2230 0.99864753
2231 0.99151163
2232 0.98900279
2233 0.99313047
2234 0.99671606
2235 0.99941565
2236 1.00052904
2237 0.99044515
2238 0.99287834
2239 0.98851862
2240 0.99933433
2241 0.99517270
2242 0.98693300
2243 1.00215959
2244 0.98836469
2245 0.99607243
2246 1.00049271
2247 0.99067625
2248 0.99159432
2249 0.99283145
2250 0.99275975
2251 0.99119009
2252 1.00077747
2253 0.99601804
2254 0.99222028
2255 0.99156563
2256 0.99492314
2257 0.99649360
2258 0.99943070
2259 0.98808710
2260 0.99677951
2261 0.99061889
2262 0.99520822
2263 1.00337610
2264 0.98970950
2265 0.98511952
2266 1.00497719
2267 0.99590977
2268 0.99159432
2269 0.99913737
2270 0.99277358
2271 0.99293917
2272 1.00078069
2273 0.99471279
2274 0.99527972
2275 0.99208728
2276 0.99079759
2277 1.00033983
2278 0.99689455
2279 0.99373099
2280 0.99180807
2281 0.98828661
2282 0.99671400
2283 0.99721677
2284 1.00040652
2285 0.99896080
2286 0.99857472
2287 0.99483707
2288 0.99300658
2289 0.99913737
2290 1.00391703
2291 0.99046393
2292 0.99250205
2293 1.00425394
2294 1.00631972
2295 1.00697606
2296 0.99887806
2297 1.01053769
2298 1.00437928
2299 1.00270100
2300 0.99755869
2301 0.99514260
2302 0.99227430
2303 0.99859733
2304 1.00247888
2305 1.00286648
2306 0.99874814
2307 0.99934772
2308 0.99587018
2309 0.99943481
2310 1.00391703
2311 0.99028211
2312 1.00159422
2313 1.00015100
2314 0.99331026
2315 0.99785326
2316 1.00715947
2317 1.00251799
2318 0.99987711
2319 1.00220876
2320 0.99826315
2321 1.00364318
2322 0.99688002
2323 1.00587992
2324 1.01371122
2325 0.99490441
2326 1.00257634
2327 0.99810216
2328 0.99877164
2329 1.00146606
2330 0.99598462
2331 0.99028211
2332 0.99031612
2333 0.99738794
2334 0.98838131
2335 0.99626484
2336 0.99304837
2337 0.99963990
2338 0.99816568
2339 0.99284004
2340 0.99602031
2341 0.98757927
2342 0.99579861
2343 1.00019342
2344 1.00162596
2345 0.99503293
2346 0.99465467
2347 0.99558483
2348 0.99892259
2349 0.98941773
2350 1.00213928
2351 1.00449154
2352 0.99031612
2353 1.00162677
2354 0.99294778
2355 0.99478650
2356 0.99599324
2357 0.99267439
2358 0.99747131
2359 0.99780823
2360 0.99573870
2361 0.99895245
2362 0.99339791
2363 0.98336362
2364 0.99104411
2365 0.99956711
2366 0.98873770
2367 1.00171763
2368 0.99960793
2369 0.99136388
2370 0.99691314
2371 0.98814868
2372 0.98916225
2373 1.00162677
2374 0.98654956
2375 0.97981150
2376 0.98391870
2377 0.98818536
2378 0.97872731
2379 0.98863268
2380 0.99289658
2381 0.99585166
2382 0.98989033
2383 0.99895638
2384 0.99072873
2385 0.97991089
2386 0.99478008
2387 0.99849768
2388 0.99284487
2389 0.98990137
2390 1.00009944
2391 0.99195197
2392 0.98279025
2393 0.99122480
2394 0.98654956
2395 0.99644397
2396 1.00627376
2397 1.00051488
2398 1.00480950
2399 1.00679039
2400 0.99757343
2401 1.00178948
2402 1.00124973
2403 0.99709954
2404 1.00390558
2405 1.00401225
2406 1.00305601
2407 1.00457526
2408 1.00276772
2409 0.99475970
2410 1.00152936
2411 0.99104705
2412 1.00600333
2413 0.98524803
2414 1.00037816
2415 0.99644397
2416 0.99290138
2417 0.99762239
2418 1.00029917
2419 0.98680245
2420 0.99034729
2421 0.99915742
2422 0.99183698
2423 1.00161055
2424 0.98912663
2425 0.99817683
2426 0.99951731
2427 0.97958570
2428 1.00541417
2429 0.99397810
2430 0.98992578
2431 0.99636938
2432 0.98820990
2433 1.00870531
2434 0.99735289
2435 0.99980284
2436 0.99290138
2437 0.99214467
2438 0.98905404
2439 0.99491214
2440 0.99930331
2441 0.99510026
2442 0.98894972
2443 1.00118026
2444 0.98955812
2445 1.00245695
2446 0.99157329
2447 0.99834366
2448 0.98505734
2449 0.99588702
2450 0.99705031
2451 0.99014961
2452 1.00233440
2453 0.99964769
2454 1.00272938
2455 0.99713113
2456 0.99794121
2457 0.99214467
2458 1.00411826
2459 0.99718042
2460 0.99415662
2461 0.98659189
2462 1.00292193
2463 1.00335063
2464 0.99836368
2465 0.99023366
2466 1.00099703
2467 1.00631591
2468 1.00515137
2469 1.00149786
2470 1.00225145
2471 0.99785748
2472 1.00175001
2473 1.00107823
2474 0.99765091
2475 1.00226966
2476 1.00236343
2477 0.99754225
2478 1.00411826
2479 0.99047987
2480 0.99224577
2481 0.98859431
2482 0.98833620
2483 0.99325367
2484 0.99471664
2485 0.98556600
2486 0.98708731
2487 0.98021651
2488 0.99408224
2489 0.99789661
2490 0.98705300
2491 0.99050747
2492 0.97483153
2493 0.99202286
2494 0.99629391
2495 0.98569818
2496 0.99629866
2497 0.99404927
2498 0.98805089
2499 0.99047987
2500 0.99087033
2501 0.98863037
2502 0.99524351
2503 0.98800343
2504 0.99076523
2505 0.98958407
2506 0.99968723
2507 0.99244289
2508 0.98738579
2509 0.98749623
2510 0.98508801
2511 0.99029146
2512 0.99281447
2513 0.98869517
2514 0.98445397
2515 0.97868079
2516 0.99676739
2517 0.98892959
2518 0.99698584
2519 0.99399111
2520 0.99087033
2521 1.00390310
2522 0.98506505
2523 0.99996475
2524 1.01307793
2525 0.98373962
2526 0.99734294
2527 0.99469542
2528 1.00388685
2529 0.99663464
2530 0.99830751
2531 0.99597690
2532 0.99226481
2533 1.00775412
2534 0.99323745
2535 0.99582529
2536 1.00337489
2537 1.00469324
2538 0.99994002
2539 1.00158484
2540 0.99286929
2541 1.00390310
2542 1.00357223
2543 0.99518267
2544 0.99849554
2545 0.99731447
2546 1.00132625
2547 0.99794088
2548 1.00373994
2549 1.00245332
2550 0.99620053
2551 1.00190582
2552 0.99493383
2553 1.00573831
2554 0.99427658
2555 1.00249729
2556 0.99031987
2557 0.99578781
2558 1.00222084
2559 0.99386193
2560 0.99612277
2561 0.99888564
2562 1.00357223
2563 0.99282106
2564 0.99467837
2565 0.99639782
2566 0.98815492
2567 0.99594634
2568 0.98677432
2569 0.99380236
2570 0.98762506
2571 0.99261573
2572 0.99377780
2573 0.98636111
2574 1.00065991
2575 0.99107003
2576 0.99732981
2577 0.99687659
2578 0.99096504
2579 0.98868915
2580 0.99253081
2581 0.98836081
2582 0.98808098
2583 0.99282106
2584 1.00228758
2585 0.99849122
2586 0.99935160
2587 0.99116427
2588 1.00768941
2589 0.99863914
2590 0.99611725
2591 1.00235171
2592 0.99419055
2593 0.99788338
2594 0.99477210
2595 1.00720726
2596 1.00229587
2597 1.00454954
2598 0.98975059
2599 0.99451844
2600 0.99208372
2601 0.99543153
2602 1.00144084
2603 0.99999079
2604 1.00228758
2605 0.98839558
2606 0.98920721
2607 0.99574782
2608 0.99183645
2609 0.99397550
2610 0.99655976
2611 0.99044259
2612 0.99350479
2613 0.99886672
2614 0.99718456
2615 0.99653957
2616 0.99041503
2617 0.98666420
2618 0.98863636
2619 0.98411078
2620 0.99017301
2621 0.98393004
2622 0.99854563
2623 0.99050790
2624 0.97989582
2625 0.98839558
2626 1.00186212
2627 0.99370453
2628 0.99708535
2629 0.99590956
2630 1.00740847
2631 1.00368389
2632 1.00017486
2633 0.99966301
2634 1.00994139
2635 0.99994558
2636 0.99895699
2637 1.00704257
2638 1.00840726
2639 1.00734757
2640 1.00682670
2641 0.99613103
2642 0.99521102
2643 1.00070452
2644 0.99410553
2645 1.00859468
2646 1.00186212
2647 1.00327072
2648 1.00565212
2649 0.99920618
2650 1.00823061
2651 1.00852673
2652 1.00651393
2653 1.00393227
2654 1.00548099
2655 0.99766510
2656 1.00845752
2657 0.99872137
2658 1.00387691
2659 1.00026365
2660 1.00853611
2661 1.00460672
2662 0.99840625
2663 1.00045607
2664 1.01195752
2665 1.01011436
2666 1.00429211
2667 1.00327072
2668 0.99891361
2669 0.99562175
2670 0.99009502
2671 0.99807317
2672 0.99972579
2673 0.99285336
2674 0.99805647
2675 0.99456098
2676 0.99876851
2677 1.00190425
2678 0.99366402
2679 0.99473893
2680 0.99634737
2681 0.99669818
2682 0.99556322
2683 0.99476859
2684 0.99929810
2685 0.99500608
2686 0.98677461
2687 0.99161518
2688 0.99891361
2689 0.99950164
2690 0.99729217
2691 0.99416724
2692 0.99524491
2693 0.99036224
2694 0.99442973
2695 0.98501751
2696 0.99324534
2697 0.99718488
2698 0.99013300
2699 0.99939282
2700 0.99389106
2701 0.99396951
2702 0.98503401
2703 0.99861295
2704 0.99116861
2705 0.99385246
2706 0.99583110
2707 0.99031642
2708 0.99894975
2709 0.99950164
2710 0.99983672
2711 0.99959852
2712 0.99849199
2713 0.99238247
2714 1.00562954
2715 0.99246712
2716 0.99828793
2717 0.99989565
2718 1.00215966
2719 0.99789393
2720 1.00311087
2721 0.99737485
2722 0.99507385
2723 0.99036608
2724 1.00315389
2725 0.99439839
2726 1.00654489
2727 1.00065801
2728 0.99887268
2729 0.99341667
2730 0.99983672
2731 1.00210068
2732 0.99585394
2733 1.00451307
2734 0.99187062
2735 1.00288604
2736 0.99682830
2737 0.99993007
2738 0.99351460
2739 1.00455740
2740 0.99882479
2741 1.00228011
2742 1.00201139
2743 1.00573888
2744 1.00874663
2745 0.99989034
2746 1.00048092
2747 0.99644808
2748 0.99524752
2749 1.00359884
2750 1.00079473
2751 1.00210068
2752 0.99630127
2753 0.99384147
2754 0.99164643
2755 0.99298582
2756 0.99435578
2757 0.98612427
2758 0.99984269
2759 0.99234568
2760 1.00039044
2761 0.99252879
2762 0.99342191
2763 0.99155684
2764 0.98948864
2765 0.99728740
2766 1.00097877
2767 0.99385613
2768 0.99736926
2769 0.98983965
2770 0.99235488
2771 0.99552770
2772 0.99630127
2773 0.94270604
2774 0.95020792
2775 0.96685218
2776 0.97310502
2777 0.97726078
2778 0.96735929
2779 0.97422115
2780 0.98037184
2781 0.97491532
2782 0.96879874
2783 0.97857423
2784 0.97921980
2785 0.98436109
2786 0.97472778
2787 0.97419388
2788 0.97177836
2789 0.96583142
2790 0.96565099
2791 0.96308567
2792 0.95988312
2793 0.94270604
2794 1.00657391
2795 1.00662747
2796 1.00817159
2797 1.00813486
2798 1.01985846
2799 1.00797462
2800 1.00833573
2801 1.00427711
2802 1.00572726
2803 1.00440397
2804 1.01405567
2805 1.00792705
2806 1.00824854
2807 1.01333841
2808 0.99541499
2809 1.00089415
2810 1.00534742
2811 1.01151753
2812 1.01307951
2813 1.00029763
2814 1.00657391
2815 0.99820585
2816 0.98746643
2817 0.99225971
2818 0.99588583
2819 1.00074090
2820 0.99478594
2821 0.99549127
2822 1.00464747
2823 0.99106209
2824 1.00199936
2825 0.99458533
2826 0.99550639
2827 0.99407167
2828 0.99840355
2829 0.99599172
2830 0.99674248
2831 0.98801226
2832 0.99288339
2833 0.99517865
2834 1.00461759
2835 0.99820585
2836 1.00177593
2837 1.01029211
2838 0.99374934
2839 1.00137863
2840 0.99402595
2841 1.00988167
2842 1.00510375
2843 0.99418284
2844 0.99883271
2845 0.99890805
2846 0.99442358
2847 1.00101202
2848 1.00301566
2849 0.99844342
2850 0.99461749
2851 1.00012307
2852 1.00259515
2853 0.99993073
2854 0.99232661
2855 1.00371470
2856 1.00177593
2857 0.99691075
2858 0.98940597
2859 0.99421121
2860 0.99506250
2861 0.98991157
2862 0.99443358
2863 0.99837844
2864 1.00361149
2865 0.98897030
2866 0.99612838
2867 0.99351064
2868 0.99448330
2869 0.98966409
2870 1.00008312
2871 1.00225590
2872 0.99876383
2873 0.98839514
2874 0.99211418
2875 0.99439180
2876 1.00073771
2877 0.99691075
2878 0.99448131
2879 1.00526179
2880 0.99504047
2881 1.00085855
2882 0.99382798
2883 1.00440838
2884 0.99364592
2885 0.99522667
2886 1.00285091
2887 0.99330585
2888 0.99604590
2889 0.99193062
2890 0.99649446
2891 0.99148157
2892 0.99706131
2893 0.99888502
2894 1.00136240
2895 0.99826401
2896 0.99515495
2897 0.99329290
2898 0.99448131
2899 0.99017234
2900 0.98875861
2901 0.98257407
2902 0.99365426
2903 1.00191184
2904 0.99114996
2905 1.00014651
2906 0.99879279
2907 0.99711832
2908 0.99087540
2909 0.99595292
2910 0.98939899
2911 0.98717891
2912 1.00156895
2913 0.98875935
2914 0.98939497
2915 0.99620907
2916 0.98853100
2917 0.98396752
2918 0.99029643
2919 0.99017234
2920 1.00426579
2921 0.99445849
2922 1.00435764
2923 1.00507783
2924 0.99661462
2925 0.99470353
2926 0.99995259
2927 1.00588299
2928 1.00141186
2929 0.99631939
2930 0.99837367
2931 1.00584334
2932 0.99760112
2933 0.99941095
2934 0.99183927
2935 0.99760269
2936 0.99648949
2937 1.00978098
2938 1.01453952
2939 1.00051457
2940 1.00426579
2941 0.99652567
2942 1.00572264
2943 1.00249765
2944 1.00624064
2945 1.00814763
2946 1.00500334
2947 1.00311667
2948 1.00839761
2949 1.00184455
2950 1.00674683
2951 1.00515341
2952 1.01427625
2953 1.00453757
2954 0.99562487
2955 1.00138061
2956 1.00316537
2957 1.01133144
2958 1.00222296
2959 1.00637612
2960 1.00632550
2961 0.99652567
2962 0.98973445
2963 1.00243484
2964 0.98866456
2965 1.00482478
2966 0.99555248
2967 0.99757629
2968 0.99836896
2969 1.00104317
2970 0.99741306
2971 0.99454884
2972 0.99163905
2973 0.99740097
2974 1.00125750
2975 0.99323992
2976 0.99309270
2977 1.00713076
2978 0.99746011
2979 0.99417918
2980 0.99425167
2981 0.99377952
2982 0.98973445
2983 0.99340351
2984 0.99128320
2985 0.98312069
2986 0.99075945
2987 0.98987179
2988 0.99139588
2989 0.98988777
2990 0.99448131
2991 0.99029332
2992 0.97993689
2993 1.00198484
2994 0.98841344
2995 0.99581854
2996 0.98828349
2997 0.99242503
2998 0.99949935
2999 0.98509989
3000 1.00005896
3001 0.98702034
3002 0.98626984
3003 0.99340351
3004 1.00165809
3005 0.99769266
3006 1.00030359
3007 0.99963667
3008 1.00009884
3009 1.00324181
3010 1.00917219
3011 1.00041275
3012 1.00792697
3013 1.00479455
3014 0.99691978
3015 1.01057240
3016 1.00458592
3017 1.00400920
3018 1.00363719
3019 1.01290396
3020 1.00261120
3021 1.00829165
3022 1.00738033
3023 0.99243478
3024 1.00165809
