index DenDen_position
1 1.67576880
2 1.62735052
3 1.60335513
4 1.56490652
5 1.55295333
6 1.53331339
7 1.51382027
8 1.51055202
9 1.49966855
10 1.49696330
11 1.49051795
12 1.49601479
13 1.50850040
14 1.49731494
15 1.51093230
16 1.52765253
17 1.54576682
18 1.56773423
19 1.58976915
20 1.63118737
21 1.67576880
22 0.99399992
23 1.00874361
24 1.01172221
25 1.01555692
26 1.00916915
27 1.01960765
28 1.02767759
29 1.03702495
30 1.02825911
31 1.02915356
32 1.03005000
33 1.03047641
34 1.03233122
35 1.02563638
36 1.02524819
37 1.02207641
38 1.01509695
39 1.01766490
40 1.01334528
41 1.01079650
42 0.99399992
43 1.04965925
44 1.05226773
45 1.04967476
46 1.04642179
47 1.04921177
48 1.04461807
49 1.04419474
50 1.04966926
51 1.04208279
52 1.04808724
53 1.05644991
54 1.04456803
55 1.05324504
56 1.04728158
57 1.04303470
58 1.05093476
59 1.05031197
60 1.04311978
61 1.05382006
62 1.04333621
63 1.04965925
64 1.03845304
65 1.03345303
66 1.04356223
67 1.04346639
68 1.04346861
69 1.04303256
70 1.04590258
71 1.05098100
72 1.04162162
73 1.04090471
74 1.02881771
75 1.04801839
76 1.03296937
77 1.05316995
78 1.03861876
79 1.03814145
80 1.03779569
81 1.04884243
82 1.04006224
83 1.04252460
84 1.03845304
85 1.04011449
86 1.03422058
87 1.03607161
88 1.04030897
89 1.03615924
90 1.03412602
91 1.04789818
92 1.04556688
93 1.04329856
94 1.03191610
95 1.04339643
96 1.03651169
97 1.04581586
98 1.03925921
99 1.03255698
100 1.04358825
101 1.03462104
102 1.04718231
103 1.04708592
104 1.03986344
105 1.04011449
106 1.03965770
107 1.03875187
108 1.03754504
109 1.04731267
110 1.03422344
111 1.04806159
112 1.04095964
113 1.03268276
114 1.04234143
115 1.04093601
116 1.04118960
117 1.04073941
118 1.04406605
119 1.04381649
120 1.04548326
121 1.03792084
122 1.04374303
123 1.03883708
124 1.04016230
125 1.03696986
126 1.03965770
127 1.05707249
128 1.05048842
129 1.05709470
130 1.05641743
131 1.04978430
132 1.05067221
133 1.05605651
134 1.05423560
135 1.06334257
136 1.06535747
137 1.04667405
138 1.05831592
139 1.05932627
140 1.05098659
141 1.05207997
142 1.05700285
143 1.05891459
144 1.04962698
145 1.05565640
146 1.05898872
147 1.05707249
148 1.04027757
149 1.03459093
150 1.03870633
151 1.04354095
152 1.03558212
153 1.04033449
154 1.03687931
155 1.03664000
156 1.05185772
157 1.04873198
158 1.03492285
159 1.03847772
160 1.04504678
161 1.03568780
162 1.03580239
163 1.03783557
164 1.03432898
165 1.03986461
166 1.04035244
167 1.03952952
168 1.04027757
169 1.04387847
170 1.04022656
171 1.04316972
172 1.04782694
173 1.05028230
174 1.03469065
175 1.03769269
176 1.04812156
177 1.03817989
178 1.04638495
179 1.03927705
180 1.03517099
181 1.04306938
182 1.05699506
183 1.03996090
184 1.03879073
185 1.04366473
186 1.05037629
187 1.04421007
188 1.04917791
189 1.04387847
190 1.03266768
191 1.04475392
192 1.04436341
193 1.04164145
194 1.04281863
195 1.04498084
196 1.03708855
197 1.04293284
198 1.04172473
199 1.04503337
200 1.04180221
201 1.05093974
202 1.04001130
203 1.04134687
204 1.04343890
205 1.03982086
206 1.04244391
207 1.04160678
208 1.03708478
209 1.04034843
210 1.03266768
211 1.06271135
212 1.04757996
213 1.04909647
214 1.05000756
215 1.04799141
216 1.05703753
217 1.04639564
218 1.04651663
219 1.04559486
220 1.05672655
221 1.04612504
222 1.03729855
223 1.05395852
224 1.04807704
225 1.04629456
226 1.04808264
227 1.05474924
228 1.04842556
229 1.05117657
230 1.05270630
231 1.06271135
232 0.99681875
233 1.00196223
234 1.01536704
235 1.01851785
236 1.02446023
237 1.02790196
238 1.04299651
239 1.02562531
240 1.02861455
241 1.03290708
242 1.02835076
243 1.03542684
244 1.03354521
245 1.02102040
246 1.02774420
247 1.02031111
248 1.01232219
249 1.02294180
250 1.01704796
251 1.00658399
252 0.99681875
253 0.98427010
254 0.99335976
255 1.00593638
256 1.01580282
257 1.01569986
258 1.02392318
259 1.02154577
260 1.01831932
261 1.02853176
262 1.02543140
263 1.01930541
264 1.03287172
265 1.02975488
266 1.01794865
267 1.01683136
268 1.02805626
269 1.02711853
270 1.00909675
271 1.00045414
272 0.99707772
273 0.98427010
274 1.04810897
275 1.04715036
276 1.04827049
277 1.05234435
278 1.05318727
279 1.04529713
280 1.04144812
281 1.05368117
282 1.04574848
283 1.06279218
284 1.04320225
285 1.05118253
286 1.04209466
287 1.05255628
288 1.04525699
289 1.04923291
290 1.04742711
291 1.05085683
292 1.03460333
293 1.04998467
294 1.04810897
295 1.04866766
296 1.03795521
297 1.04362933
298 1.05283058
299 1.04138487
300 1.03077847
301 1.04087120
302 1.04059281
303 1.03458943
304 1.04501595
305 1.04564146
306 1.04420212
307 1.04406911
308 1.04391848
309 1.04863516
310 1.04832733
311 1.04270142
312 1.03829543
313 1.04216293
314 1.04102441
315 1.04866766
316 1.03594487
317 1.03653075
318 1.05349416
319 1.04133477
320 1.04814430
321 1.04484327
322 1.04104182
323 1.04097722
324 1.04341945
325 1.03505399
326 1.04035926
327 1.04844412
328 1.03968152
329 1.05123710
330 1.04489593
331 1.04060435
332 1.04212755
333 1.05701266
334 1.04041668
335 1.04696418
336 1.03594487
337 1.03842000
338 1.04105881
339 1.04252093
340 1.04005371
341 1.03988004
342 1.04797544
343 1.04356084
344 1.04227006
345 1.04436784
346 1.03981312
347 1.04327680
348 1.03464826
349 1.04702291
350 1.05173351
351 1.04390648
352 1.04329148
353 1.03733695
354 1.04508409
355 1.04657115
356 1.03992727
357 1.03842000
358 1.04845557
359 1.05303713
360 1.05194509
361 1.04711157
362 1.04921810
363 1.05244844
364 1.04411296
365 1.04056740
366 1.04593032
367 1.04985691
368 1.05072150
369 1.05059156
370 1.05967970
371 1.05023590
372 1.04527052
373 1.05377084
374 1.05586627
375 1.05042503
376 1.04793717
377 1.04262322
378 1.04845557
379 1.03771449
380 1.02713100
381 1.03342079
382 1.02980022
383 1.03841230
384 1.03484826
385 1.03329774
386 1.03439468
387 1.03133659
388 1.03929356
389 1.03571106
390 1.03394655
391 1.04013980
392 1.03724422
393 1.03304191
394 1.04024509
395 1.03850220
396 1.02338156
397 1.03116062
398 1.03824093
399 1.03771449
400 1.03862471
401 1.04801810
402 1.03791105
403 1.03669767
404 1.03483185
405 1.02763728
406 1.04334409
407 1.04347126
408 1.04725839
409 1.04128877
410 1.04084474
411 1.03122833
412 1.04446507
413 1.04744688
414 1.04928898
415 1.04322636
416 1.04394196
417 1.04189135
418 1.04215317
419 1.04304501
420 1.03862471
421 1.02967612
422 1.04395178
423 1.04164418
424 1.03601920
425 1.03958488
426 1.03099795
427 1.03261488
428 1.03953054
429 1.03247086
430 1.03118132
431 1.03448108
432 1.03769914
433 1.03713296
434 1.04365355
435 1.03954393
436 1.03676230
437 1.04240625
438 1.03428408
439 1.03655146
440 1.04471265
441 1.02967612
442 1.03874922
443 1.03175426
444 1.04161328
445 1.04392557
446 1.03923796
447 1.03322424
448 1.03627165
449 1.04035242
450 1.04273368
451 1.04009731
452 1.04040957
453 1.03441988
454 1.03545008
455 1.04044483
456 1.02830099
457 1.03635204
458 1.04699317
459 1.04249584
460 1.03902518
461 1.04176028
462 1.03874922
463 1.04238398
464 1.04812219
465 1.03923744
466 1.04670610
467 1.04155734
468 1.04285680
469 1.04621189
470 1.03996070
471 1.04787184
472 1.04390846
473 1.04766869
474 1.03636739
475 1.04610110
476 1.04903692
477 1.04245451
478 1.02931175
479 1.04889573
480 1.05380158
481 1.04287262
482 1.03971260
483 1.04238398
484 1.04193316
485 1.05145438
486 1.03890599
487 1.03970656
488 1.04554853
489 1.04671682
490 1.05206764
491 1.04944821
492 1.05238583
493 1.04671076
494 1.04580886
495 1.04470782
496 1.04202122
497 1.04289928
498 1.04906111
499 1.04730942
500 1.04874094
501 1.05036129
502 1.04417461
503 1.03846112
504 1.04193316
505 1.04344998
506 1.05046661
507 1.03893740
508 1.04794274
509 1.05172946
510 1.05093176
511 1.04675083
512 1.03824879
513 1.04693916
514 1.04349442
515 1.03950582
516 1.04339509
517 1.05291192
518 1.04493534
519 1.04953585
520 1.04020287
521 1.04459847
522 1.04251384
523 1.04304254
524 1.05480251
525 1.04344998
526 1.04006319
527 1.03637736
528 1.03868056
529 1.03348574
530 1.03006589
531 1.05007402
532 1.04869215
533 1.04842600
534 1.04103589
535 1.04304896
536 1.04316796
537 1.04561441
538 1.04588535
539 1.04026253
540 1.04189217
541 1.02836029
542 1.04090210
543 1.04095829
544 1.04524377
545 1.04689398
546 1.04006319
547 1.04394389
548 1.03976806
549 1.04431516
550 1.04610417
551 1.05155336
552 1.05116405
553 1.05182201
554 1.05316561
555 1.04760852
556 1.05221353
557 1.03983179
558 1.04460670
559 1.04169716
560 1.03992904
561 1.05101976
562 1.04464788
563 1.04097057
564 1.04893075
565 1.03859194
566 1.04816300
567 1.04394389
568 1.05225860
569 1.03629087
570 1.04608296
571 1.04259910
572 1.04413506
573 1.04090495
574 1.02085625
575 1.04375309
576 1.03668425
577 1.04601893
578 1.04333467
579 1.03905037
580 1.04914973
581 1.04192092
582 1.03782682
583 1.05035700
584 1.03970107
585 1.03110822
586 1.04128464
587 1.03925668
588 1.05225860
589 1.03123375
590 1.03798182
591 1.03828711
592 1.03571790
593 1.03041829
594 1.04024819
595 1.03364056
596 1.03708518
597 1.03518662
598 1.04172831
599 1.04832036
600 1.04909790
601 1.04656893
602 1.04195847
603 1.03870530
604 1.03868208
605 1.04085557
606 1.03635790
607 1.04067733
608 1.04466945
609 1.03123375
610 1.04193547
611 1.05180812
612 1.05084249
613 1.04390878
614 1.04493448
615 1.05783160
616 1.04939940
617 1.05894064
618 1.05567928
619 1.04818094
620 1.04992243
621 1.04737709
622 1.04789187
623 1.05107381
624 1.05307039
625 1.05526486
626 1.04843323
627 1.04429801
628 1.04373149
629 1.05378050
630 1.04193547
631 1.04031492
632 1.04213505
633 1.04338039
634 1.04786551
635 1.03878521
636 1.03860876
637 1.03717710
638 1.04656662
639 1.04498288
640 1.04389744
641 1.05569145
642 1.04017045
643 1.04341997
644 1.05029615
645 1.04368057
646 1.03940305
647 1.05140521
648 1.04560603
649 1.03526445
650 1.04194606
651 1.04031492
652 1.05360429
653 1.05212570
654 1.05381465
655 1.06025045
656 1.05365666
657 1.05830515
658 1.04962173
659 1.05241307
660 1.05590071
661 1.05854783
662 1.05300368
663 1.04779761
664 1.05547769
665 1.05237416
666 1.05499707
667 1.05550996
668 1.05008501
669 1.05439937
670 1.05104845
671 1.05110448
672 1.05360429
673 1.03648305
674 1.03977265
675 1.04131869
676 1.03338037
677 1.03874098
678 1.03440651
679 1.03876483
680 1.04017477
681 1.04134917
682 1.02843982
683 1.04370539
684 1.03641357
685 1.04248642
686 1.04169781
687 1.04006001
688 1.03520397
689 1.04181058
690 1.04083234
691 1.03293251
692 1.03316052
693 1.03648305
694 1.03768582
695 1.03592821
696 1.04076369
697 1.04757503
698 1.04778198
699 1.03990526
700 1.04479698
701 1.04315809
702 1.04049608
703 1.04201887
704 1.04765997
705 1.04427413
706 1.04420802
707 1.04567702
708 1.04841281
709 1.05412118
710 1.05570525
711 1.05027829
712 1.04813734
713 1.04469102
714 1.03768582
715 1.03810166
716 1.03764004
717 1.03400222
718 1.03230611
719 1.03755582
720 1.03856061
721 1.04659218
722 1.02597776
723 1.04156513
724 1.03549973
725 1.04101587
726 1.03518492
727 1.03560481
728 1.02815162
729 1.03057582
730 1.03319429
731 1.04543287
732 1.04199904
733 1.03506169
734 1.03246834
735 1.03810166
736 1.04991111
737 1.03896951
738 1.04001703
739 1.04668763
740 1.04571297
741 1.04404610
742 1.04143905
743 1.04366018
744 1.04803887
745 1.04843876
746 1.05158789
747 1.04163525
748 1.04842932
749 1.05211963
750 1.04115685
751 1.04246309
752 1.04963107
753 1.04300944
754 1.04079585
755 1.04047104
756 1.04991111
757 1.05078205
758 1.04604896
759 1.04873253
760 1.04205051
761 1.03952977
762 1.04919884
763 1.04686304
764 1.04829059
765 1.04851589
766 1.04901037
767 1.04987655
768 1.06548090
769 1.05718575
770 1.04477434
771 1.05110992
772 1.05369950
773 1.05059573
774 1.04213769
775 1.04812279
776 1.05635323
777 1.05078205
778 1.04381870
779 1.04073513
780 1.03328287
781 1.03498280
782 1.04321653
783 1.03349624
784 1.03645603
785 1.03574552
786 1.03984742
787 1.04307128
788 1.03435501
789 1.04291355
790 1.05157798
791 1.03819296
792 1.04286761
793 1.04309549
794 1.04314716
795 1.04446992
796 1.04912920
797 1.03883518
798 1.04381870
799 1.03951560
800 1.05699351
801 1.04987398
802 1.04990370
803 1.05332556
804 1.04775487
805 1.04685255
806 1.05502263
807 1.05664841
808 1.05847181
809 1.04720363
810 1.05548325
811 1.03635767
812 1.05628770
813 1.05238837
814 1.04797418
815 1.04604846
816 1.05068220
817 1.04666662
818 1.04901515
819 1.03951560
820 1.04669075
821 1.05794980
822 1.04956223
823 1.05488536
824 1.06651362
825 1.05173392
826 1.04373357
827 1.04582306
828 1.05361898
829 1.04489007
830 1.05266320
831 1.05344410
832 1.05465544
833 1.04867401
834 1.05331031
835 1.05618951
836 1.04759234
837 1.04207598
838 1.05731711
839 1.05142215
840 1.04669075
841 1.02851616
842 1.04168357
843 1.03823325
844 1.02948640
845 1.03253271
846 1.03561746
847 1.03069042
848 1.03699269
849 1.03453449
850 1.03212469
851 1.02866814
852 1.04048561
853 1.02990728
854 1.03275782
855 1.03547620
856 1.03171509
857 1.03074173
858 1.04011390
859 1.04025675
860 1.03788977
861 1.02851616
862 1.03987547
863 1.04431172
864 1.05140536
865 1.04745837
866 1.04542557
867 1.04450508
868 1.04548321
869 1.03903645
870 1.04461556
871 1.04236540
872 1.04608182
873 1.04699754
874 1.04945720
875 1.04434736
876 1.05178365
877 1.03913312
878 1.05320732
879 1.04481013
880 1.04172596
881 1.05325960
882 1.03987547
883 1.04589815
884 1.04340457
885 1.04737924
886 1.04481692
887 1.04596312
888 1.03609060
889 1.04994389
890 1.05038850
891 1.05087786
892 1.04017388
893 1.03441352
894 1.04353223
895 1.03814000
896 1.04199888
897 1.04315365
898 1.04156221
899 1.04063850
900 1.03970909
901 1.05122038
902 1.05073309
903 1.04589815
904 1.05463228
905 1.05132138
906 1.04804063
907 1.05473113
908 1.04519414
909 1.05072432
910 1.03992551
911 1.04726601
912 1.04402757
913 1.05478096
914 1.06063868
915 1.06171499
916 1.04012789
917 1.03845232
918 1.05528239
919 1.05235897
920 1.05602601
921 1.04732440
922 1.04098431
923 1.05154566
924 1.05463228
925 1.04948035
926 1.03463812
927 1.04125008
928 1.04744299
929 1.03921491
930 1.04584408
931 1.03304652
932 1.03902690
933 1.03586579
934 1.03882005
935 1.02539478
936 1.03952125
937 1.04207818
938 1.04738642
939 1.03801469
940 1.03776173
941 1.04457707
942 1.04474878
943 1.03731687
944 1.04060889
945 1.04948035
946 1.04509645
947 1.05617598
948 1.03847389
949 1.03932826
950 1.04079688
951 1.04470405
952 1.04577949
953 1.03461613
954 1.05169492
955 1.05276072
956 1.03368762
957 1.03832088
958 1.04059769
959 1.03233608
960 1.04015229
961 1.03700975
962 1.04105028
963 1.04153312
964 1.03985017
965 1.03728904
966 1.04509645
967 1.04590313
968 1.04302457
969 1.04783424
970 1.03719584
971 1.04147729
972 1.03932497
973 1.03876016
974 1.04323127
975 1.04239783
976 1.04313878
977 1.04870131
978 1.03920027
979 1.03766531
980 1.04474790
981 1.03961566
982 1.04260533
983 1.04268003
984 1.04932490
985 1.04387188
986 1.04667108
987 1.04590313
988 1.04528812
989 1.03765651
990 1.04416450
991 1.04430190
992 1.03920259
993 1.03717273
994 1.03080108
995 1.03772391
996 1.04772737
997 1.04060927
998 1.04392650
999 1.04511954
1000 1.03545608
1001 1.04478120
1002 1.05707697
1003 1.04085646
1004 1.04564120
1005 1.04792565
1006 1.04718315
1007 1.04134673
1008 1.04528812
1009 1.03645875
1010 1.04432784
1011 1.04698079
1012 1.04891379
1013 1.04288960
1014 1.04214235
1015 1.03823752
1016 1.04325313
1017 1.04453010
1018 1.04274931
1019 1.04147106
1020 1.03420262
1021 1.03941776
1022 1.03367123
1023 1.04138099
1024 1.03755494
1025 1.04164060
1026 1.03968296
1027 1.04672318
1028 1.03206182
1029 1.03645875
1030 1.05348310
1031 1.04986102
1032 1.04998543
1033 1.04203414
1034 1.04377994
1035 1.04459661
1036 1.05524529
1037 1.03903797
1038 1.04911712
1039 1.04584702
1040 1.04958285
1041 1.04480998
1042 1.05269036
1043 1.05092771
1044 1.04778794
1045 1.04138040
1046 1.05574217
1047 1.05546595
1048 1.04655194
1049 1.04425734
1050 1.05348310
1051 1.04268271
1052 1.04915023
1053 1.04471003
1054 1.04225740
1055 1.04445878
1056 1.04125414
1057 1.04334679
1058 1.05069799
1059 1.03972559
1060 1.04963866
1061 1.04664454
1062 1.04380186
1063 1.04252335
1064 1.04445306
1065 1.04955230
1066 1.02799079
1067 1.04033425
1068 1.04782755
1069 1.03517163
1070 1.03145770
1071 1.04268271
1072 1.02832126
1073 1.02947506
1074 1.03225681
1075 1.03109074
1076 1.02935638
1077 1.03114380
1078 1.02939073
1079 1.03324123
1080 1.03931157
1081 1.03035079
1082 1.02532433
1083 1.03167755
1084 1.03305717
1085 1.03743835
1086 1.03695617
1087 1.03181325
1088 1.02701263
1089 1.02517072
1090 1.03206149
1091 1.03284112
1092 1.02832126
1093 1.04333389
1094 1.04956565
1095 1.04990111
1096 1.04734200
1097 1.04924552
1098 1.04650575
1099 1.04322237
1100 1.05034600
1101 1.04983978
1102 1.04662163
1103 1.05074580
1104 1.05106777
1105 1.04135438
1106 1.04660352
1107 1.04136846
1108 1.04383092
1109 1.05088626
1110 1.05032155
1111 1.04368391
1112 1.04678423
1113 1.04333389
1114 1.05425998
1115 1.04938274
1116 1.03512287
1117 1.03907856
1118 1.03968841
1119 1.04611465
1120 1.04736643
1121 1.03475831
1122 1.04112302
1123 1.04220121
1124 1.03491001
1125 1.04057551
1126 1.04322853
1127 1.04757823
1128 1.04340543
1129 1.03979874
1130 1.04393249
1131 1.04604338
1132 1.03891651
1133 1.04199641
1134 1.05425998
1135 1.05006363
1136 1.03860797
1137 1.04047415
1138 1.03098821
1139 1.03689659
1140 1.03093900
1141 1.03813869
1142 1.03765967
1143 1.04277449
1144 1.03691767
1145 1.03852768
1146 1.04760639
1147 1.04566636
1148 1.04118814
1149 1.03580516
1150 1.04444523
1151 1.03178091
1152 1.03778094
1153 1.03085060
1154 1.03658705
1155 1.05006363
1156 1.03237877
1157 1.05025826
1158 1.04282878
1159 1.04235721
1160 1.03550284
1161 1.03872038
1162 1.03903959
1163 1.03999608
1164 1.04165901
1165 1.04148155
1166 1.04649528
1167 1.03768080
1168 1.04623794
1169 1.04409403
1170 1.04339392
1171 1.03227575
1172 1.04214169
1173 1.04544818
1174 1.04197379
1175 1.03806621
1176 1.03237877
1177 1.05024055
1178 1.04302541
1179 1.03447183
1180 1.04819870
1181 1.04243451
1182 1.03736620
1183 1.04516382
1184 1.03958111
1185 1.04731309
1186 1.03716697
1187 1.04442604
1188 1.04588061
1189 1.03878207
1190 1.04583629
1191 1.04899216
1192 1.03828333
1193 1.04787990
1194 1.05050997
1195 1.03527715
1196 1.04155051
1197 1.05024055
1198 1.03573495
1199 1.03266565
1200 1.03546497
1201 1.03517284
1202 1.04643360
1203 1.04251360
1204 1.03669149
1205 1.04163901
1206 1.04336262
1207 1.03931918
1208 1.03935341
1209 1.03745176
1210 1.03520727
1211 1.03718978
1212 1.03979565
1213 1.03485818
1214 1.03712997
1215 1.03519036
1216 1.03839082
1217 1.03959984
1218 1.03573495
1219 1.03842052
1220 1.04152888
1221 1.05244811
1222 1.04813654
1223 1.05201669
1224 1.03357144
1225 1.03986064
1226 1.03705046
1227 1.03613204
1228 1.04836172
1229 1.03911732
1230 1.04647887
1231 1.02988654
1232 1.03516633
1233 1.04022455
1234 1.04586546
1235 1.04458296
1236 1.03967253
1237 1.04188715
1238 1.04450228
1239 1.03842052
1240 1.04115970
1241 1.04412763
1242 1.04226244
1243 1.04228363
1244 1.04169023
1245 1.03938833
1246 1.04819332
1247 1.04305598
1248 1.04516372
1249 1.03681503
1250 1.04053944
1251 1.04477207
1252 1.03589084
1253 1.04095522
1254 1.04201885
1255 1.03798946
1256 1.04734862
1257 1.03944081
1258 1.04021934
1259 1.03245431
1260 1.04115970
1261 1.04823254
1262 1.05224935
1263 1.04223327
1264 1.04585665
1265 1.04394967
1266 1.03719103
1267 1.05290564
1268 1.04203066
1269 1.03780705
1270 1.04161240
1271 1.04746165
1272 1.04516167
1273 1.04164073
1274 1.04337346
1275 1.04670945
1276 1.04487026
1277 1.04158767
1278 1.05284404
1279 1.04835363
1280 1.04745112
1281 1.04823254
1282 1.04345460
1283 1.04484750
1284 1.04416670
1285 1.04055138
1286 1.04940123
1287 1.04695500
1288 1.04530337
1289 1.03591278
1290 1.05099034
1291 1.04214535
1292 1.04499881
1293 1.04503895
1294 1.03102461
1295 1.04804195
1296 1.04698633
1297 1.04954430
1298 1.03934819
1299 1.04357350
1300 1.04477999
1301 1.04799996
1302 1.04345460
1303 1.04630085
1304 1.04232080
1305 1.04840840
1306 1.03644506
1307 1.04934625
1308 1.04161761
1309 1.03966801
1310 1.05093633
1311 1.04070064
1312 1.04705067
1313 1.03795585
1314 1.05178147
1315 1.04822870
1316 1.04502833
1317 1.03580966
1318 1.04097921
1319 1.05084614
1320 1.04221120
1321 1.05158713
1322 1.04184436
1323 1.04630085
1324 1.04374461
1325 1.04500003
1326 1.03520389
1327 1.04318836
1328 1.04687468
1329 1.03585453
1330 1.03782795
1331 1.03832256
1332 1.04347355
1333 1.04317736
1334 1.04148515
1335 1.04079544
1336 1.05342236
1337 1.03185111
1338 1.03724764
1339 1.04269228
1340 1.03785779
1341 1.03714676
1342 1.04833287
1343 1.04560750
1344 1.04374461
1345 1.03676252
1346 1.03730943
1347 1.03518338
1348 1.03961178
1349 1.03716633
1350 1.03789405
1351 1.03922929
1352 1.04133079
1353 1.03448609
1354 1.03151323
1355 1.04127234
1356 1.04492877
1357 1.03743860
1358 1.02808492
1359 1.03741344
1360 1.03952805
1361 1.04087865
1362 1.04418520
1363 1.03770635
1364 1.03721475
1365 1.03676252
1366 1.04671751
1367 1.04253150
1368 1.04467547
1369 1.04577957
1370 1.05310510
1371 1.04219730
1372 1.04850839
1373 1.04600112
1374 1.05175881
1375 1.04146024
1376 1.04521756
1377 1.05217449
1378 1.04380455
1379 1.04014794
1380 1.04925416
1381 1.04657288
1382 1.04743271
1383 1.04077169
1384 1.04959450
1385 1.04557518
1386 1.04671751
1387 1.04453098
1388 1.03743508
1389 1.04653160
1390 1.03622003
1391 1.03209552
1392 1.04178182
1393 1.02528930
1394 1.05546467
1395 1.04828050
1396 1.03297113
1397 1.03933247
1398 1.03099506
1399 1.04033323
1400 1.04244587
1401 1.03136460
1402 1.03820778
1403 1.04189740
1404 1.04075503
1405 1.03493190
1406 1.05496529
1407 1.04453098
1408 1.04374815
1409 1.03986178
1410 1.02973349
1411 1.04498807
1412 1.04435847
1413 1.04154352
1414 1.03670374
1415 1.03928891
1416 1.04499883
1417 1.03960281
1418 1.03772934
1419 1.04326824
1420 1.04136431
1421 1.04015303
1422 1.04688917
1423 1.04822674
1424 1.03916414
1425 1.03862611
1426 1.03660501
1427 1.03634346
1428 1.04374815
1429 1.04533516
1430 1.03678652
1431 1.04836208
1432 1.03551136
1433 1.04274489
1434 1.04780206
1435 1.03483069
1436 1.04684197
1437 1.04398702
1438 1.03538125
1439 1.03767338
1440 1.03156785
1441 1.04836228
1442 1.04095831
1443 1.04931212
1444 1.03985540
1445 1.03819992
1446 1.04561286
1447 1.03686721
1448 1.03434241
1449 1.04533516
1450 1.04716058
1451 1.04251254
1452 1.03775892
1453 1.05739976
1454 1.04920620
1455 1.04571445
1456 1.04279853
1457 1.04661660
1458 1.04165154
1459 1.04411913
1460 1.04355719
1461 1.03723342
1462 1.04634790
1463 1.03920863
1464 1.04831272
1465 1.05025761
1466 1.04394887
1467 1.03615229
1468 1.04002385
1469 1.04155091
1470 1.04716058
1471 1.02832215
1472 1.04420420
1473 1.04464543
1474 1.03981931
1475 1.03987546
1476 1.04040439
1477 1.04322674
1478 1.04716199
1479 1.04976095
1480 1.04716442
1481 1.03412666
1482 1.04655533
1483 1.05126320
1484 1.05104536
1485 1.04598963
1486 1.04776384
1487 1.04831073
1488 1.03932147
1489 1.04694094
1490 1.03957713
1491 1.02832215
1492 1.03192391
1493 1.04173353
1494 1.04160391
1495 1.03309209
1496 1.04304246
1497 1.03543166
1498 1.03770736
1499 1.04836404
1500 1.04207627
1501 1.03196799
1502 1.04648332
1503 1.04075280
1504 1.03858013
1505 1.03300584
1506 1.04120595
1507 1.03546951
1508 1.04245610
1509 1.03988114
1510 1.03919427
1511 1.03421719
1512 1.03192391
1513 1.04504515
1514 1.02221139
1515 1.04582923
1516 1.04082928
1517 1.03029134
1518 1.03114033
1519 1.03375051
1520 1.03143582
1521 1.03626193
1522 1.03119012
1523 1.03453254
1524 1.03084654
1525 1.03723007
1526 1.03655330
1527 1.03252338
1528 1.05023485
1529 1.03766409
1530 1.03892864
1531 1.02980548
1532 1.04310706
1533 1.04504515
1534 1.04213460
1535 1.04780852
1536 1.05138956
1537 1.03984336
1538 1.04229174
1539 1.03416372
1540 1.04567451
1541 1.04358399
1542 1.04147629
1543 1.04286627
1544 1.04187328
1545 1.05211242
1546 1.04587656
1547 1.04427837
1548 1.04364718
1549 1.05060478
1550 1.03780379
1551 1.04472453
1552 1.04263242
1553 1.04936233
1554 1.04213460
1555 1.04162507
1556 1.03603724
1557 1.04195510
1558 1.04261320
1559 1.04020662
1560 1.03909290
1561 1.03830571
1562 1.04299131
1563 1.04305408
1564 1.04218536
1565 1.04810038
1566 1.03681913
1567 1.04990845
1568 1.05546267
1569 1.03915696
1570 1.05029851
1571 1.04193191
1572 1.04414503
1573 1.04754754
1574 1.04232861
1575 1.04162507
1576 1.04669202
1577 1.03823447
1578 1.04341529
1579 1.05415587
1580 1.04303370
1581 1.05369641
1582 1.04494423
1583 1.04826672
1584 1.04614686
1585 1.04502734
1586 1.04800395
1587 1.05203364
1588 1.04999041
1589 1.05240081
1590 1.04255002
1591 1.05339688
1592 1.04510607
1593 1.04984764
1594 1.03778228
1595 1.04538687
1596 1.04669202
1597 1.03317628
1598 1.03100484
1599 1.03861608
1600 1.04159094
1601 1.04093379
1602 1.04043080
1603 1.02967076
1604 1.02868551
1605 1.03142530
1606 1.03134306
1607 1.03482399
1608 1.03950041
1609 1.04277551
1610 1.03637211
1611 1.03519212
1612 1.03261184
1613 1.03179336
1614 1.02428026
1615 1.03195151
1616 1.03868577
1617 1.03317628
1618 1.04341822
1619 1.03985869
1620 1.03389660
1621 1.04668348
1622 1.03199322
1623 1.05260926
1624 1.04801329
1625 1.03848164
1626 1.05444147
1627 1.05199057
1628 1.04309166
1629 1.04145183
1630 1.04352004
1631 1.03637997
1632 1.04948565
1633 1.03993704
1634 1.04887950
1635 1.04043307
1636 1.03899417
1637 1.04626942
1638 1.04341822
1639 1.03679225
1640 1.03951275
1641 1.03942367
1642 1.03598149
1643 1.03157168
1644 1.02892382
1645 1.03479432
1646 1.03404221
1647 1.03997950
1648 1.02733468
1649 1.03461094
1650 1.03992593
1651 1.02441752
1652 1.02666185
1653 1.03691105
1654 1.04094569
1655 1.03674810
1656 1.03324515
1657 1.03985977
1658 1.03645959
1659 1.03679225
1660 1.04305838
1661 1.04557259
1662 1.04271820
1663 1.04406959
1664 1.04870159
1665 1.03945527
1666 1.04458788
1667 1.04652339
1668 1.03648693
1669 1.04557391
1670 1.04341240
1671 1.04380928
1672 1.04941078
1673 1.04533207
1674 1.05080046
1675 1.04277321
1676 1.04671070
1677 1.03838933
1678 1.04698819
1679 1.04572931
1680 1.04305838
1681 1.04453079
1682 1.04366209
1683 1.04078737
1684 1.03919597
1685 1.03608197
1686 1.03130918
1687 1.03652990
1688 1.03123536
1689 1.03944118
1690 1.03965025
1691 1.03594563
1692 1.03477121
1693 1.04267415
1694 1.02968307
1695 1.03773323
1696 1.04421242
1697 1.03580283
1698 1.03914169
1699 1.04103618
1700 1.03351238
1701 1.04453079
1702 1.04400473
1703 1.05080999
1704 1.05397291
1705 1.04828641
1706 1.05381734
1707 1.04841490
1708 1.05086336
1709 1.05260646
1710 1.04143269
1711 1.03974306
1712 1.04876742
1713 1.05319301
1714 1.05281212
1715 1.04974622
1716 1.04895281
1717 1.04076218
1718 1.04636746
1719 1.05139291
1720 1.04937200
1721 1.04628120
1722 1.04400473
1723 1.04410417
1724 1.04625581
1725 1.04789554
1726 1.05180129
1727 1.04416871
1728 1.04130083
1729 1.04644426
1730 1.04925262
1731 1.04413202
1732 1.04715094
1733 1.05067474
1734 1.04290050
1735 1.04321262
1736 1.05383249
1737 1.03102621
1738 1.05121154
1739 1.05041376
1740 1.03782796
1741 1.04469722
1742 1.04894014
1743 1.04410417
1744 1.04117761
1745 1.04108830
1746 1.04442262
1747 1.04695360
1748 1.05232105
1749 1.04343016
1750 1.04518534
1751 1.03697434
1752 1.03862775
1753 1.04433775
1754 1.03563371
1755 1.04859017
1756 1.04430674
1757 1.04641497
1758 1.05040287
1759 1.04103202
1760 1.03417433
1761 1.04293375
1762 1.04951612
1763 1.03216531
1764 1.04117761
1765 1.05001325
1766 1.04770867
1767 1.04270301
1768 1.03868463
1769 1.05240725
1770 1.04547919
1771 1.03993823
1772 1.04836392
1773 1.05346549
1774 1.04335704
1775 1.04367285
1776 1.04481230
1777 1.04895802
1778 1.04140501
1779 1.05873032
1780 1.05300849
1781 1.03679256
1782 1.04479876
1783 1.04834884
1784 1.04490836
1785 1.05001325
1786 1.03177847
1787 1.04065065
1788 1.04579802
1789 1.03162593
1790 1.03730928
1791 1.04544950
1792 1.03985611
1793 1.04631939
1794 1.03974978
1795 1.03301505
1796 1.05023676
1797 1.04409162
1798 1.04019033
1799 1.04258837
1800 1.03895743
1801 1.04314757
1802 1.03770356
1803 1.04245425
1804 1.04696604
1805 1.03892823
1806 1.03177847
1807 1.05168364
1808 1.03773234
1809 1.04023480
1810 1.03920800
1811 1.04997795
1812 1.04513350
1813 1.05593851
1814 1.03693397
1815 1.05518824
1816 1.04717352
1817 1.04058871
1818 1.04206945
1819 1.04810112
1820 1.04478814
1821 1.04852928
1822 1.04855931
1823 1.04523148
1824 1.05188846
1825 1.05415821
1826 1.04729139
1827 1.05168364
1828 1.03602118
1829 1.03771316
1830 1.03833344
1831 1.04729393
1832 1.04521288
1833 1.04868850
1834 1.04453918
1835 1.03786037
1836 1.03881063
1837 1.03722395
1838 1.04078669
1839 1.04230198
1840 1.03765384
1841 1.03873317
1842 1.04668986
1843 1.04569942
1844 1.04540533
1845 1.04356753
1846 1.03160371
1847 1.04423212
1848 1.03602118
1849 1.04988102
1850 1.04696003
1851 1.04715841
1852 1.03455713
1853 1.03520165
1854 1.04147932
1855 1.05781664
1856 1.03352581
1857 1.03535404
1858 1.04476855
1859 1.03494206
1860 1.03911949
1861 1.04807101
1862 1.04703519
1863 1.03906105
1864 1.04343790
1865 1.04558676
1866 1.04648270
1867 1.04148790
1868 1.04012687
1869 1.04988102
1870 1.04725128
1871 1.03657557
1872 1.03626482
1873 1.04185323
1874 1.04556556
1875 1.04732066
1876 1.02618937
1877 1.04746477
1878 1.04575048
1879 1.04380552
1880 1.03939922
1881 1.04046508
1882 1.04098448
1883 1.04017865
1884 1.03686296
1885 1.04438037
1886 1.04950706
1887 1.04667965
1888 1.04537734
1889 1.04345759
1890 1.04725128
1891 1.04176226
1892 1.03999274
1893 1.04617077
1894 1.04440074
1895 1.04399919
1896 1.03634089
1897 1.04963075
1898 1.03477047
1899 1.04729250
1900 1.03023878
1901 1.03924220
1902 1.04272243
1903 1.04004831
1904 1.05041976
1905 1.04538533
1906 1.03279117
1907 1.04770175
1908 1.04453110
1909 1.03497354
1910 1.03983916
1911 1.04176226
1912 1.03637350
1913 1.05403151
1914 1.04602650
1915 1.04165679
1916 1.04189280
1917 1.04056826
1918 1.04245127
1919 1.04528626
1920 1.04488435
1921 1.04375047
1922 1.04402948
1923 1.03650192
1924 1.04815089
1925 1.04538620
1926 1.03974914
1927 1.04547209
1928 1.04693144
1929 1.05232945
1930 1.04333879
1931 1.04511900
1932 1.03637350
1933 1.04323064
1934 1.04306701
1935 1.03490625
1936 1.04219405
1937 1.04612711
1938 1.03651889
1939 1.03584810
1940 1.03380200
1941 1.04142213
1942 1.03304233
1943 1.04114082
1944 1.04454902
1945 1.04760191
1946 1.04351947
1947 1.04158439
1948 1.04361415
1949 1.04785237
1950 1.03961828
1951 1.04046083
1952 1.04323885
1953 1.04323064
1954 1.04524680
1955 1.04922460
1956 1.03821773
1957 1.04141013
1958 1.04492362
1959 1.04408991
1960 1.04146451
1961 1.03842391
1962 1.03656126
1963 1.03426811
1964 1.03713697
1965 1.05062793
1966 1.03646559
1967 1.03872600
1968 1.03596639
1969 1.04020012
1970 1.03847104
1971 1.03654565
1972 1.04062723
1973 1.03914728
1974 1.04524680
1975 1.03813482
1976 1.04385231
1977 1.04585175
1978 1.04392379
1979 1.04046582
1980 1.04175997
1981 1.04407862
1982 1.04224779
1983 1.04354784
1984 1.04782277
1985 1.04311301
1986 1.04799714
1987 1.04669276
1988 1.05184939
1989 1.04073547
1990 1.04697252
1991 1.04425381
1992 1.04149156
1993 1.04173182
1994 1.04743050
1995 1.03813482
1996 1.05338468
1997 1.05555264
1998 1.05465729
1999 1.03390798
2000 1.04335606
2001 1.04642876
2002 1.04825416
2003 1.04946071
2004 1.04820451
2005 1.04965073
2006 1.04192458
2007 1.04117623
2008 1.03923554
2009 1.04932632
2010 1.04842864
2011 1.04818512
2012 1.04503809
2013 1.04397124
2014 1.04764377
2015 1.04099604
2016 1.05338468
2017 1.03807055
2018 1.03942456
2019 1.04184574
2020 1.04396415
2021 1.03992520
2022 1.03785058
2023 1.03801943
2024 1.04334410
2025 1.04184255
2026 1.03862313
2027 1.03468040
2028 1.03827125
2029 1.02868456
2030 1.03016851
2031 1.03975632
2032 1.03763536
2033 1.03383416
2034 1.04332259
2035 1.04573902
2036 1.03411856
2037 1.03807055
2038 1.03662949
2039 1.04223905
2040 1.03295288
2041 1.03916643
2042 1.03820411
2043 1.04482575
2044 1.04119432
2045 1.03848367
2046 1.04072850
2047 1.03064501
2048 1.03721496
2049 1.04493252
2050 1.04202918
2051 1.04103381
2052 1.04177388
2053 1.04236117
2054 1.04468421
2055 1.04411546
2056 1.04459235
2057 1.03811962
2058 1.03662949
2059 1.03872745
2060 1.03828167
2061 1.03307568
2062 1.04165322
2063 1.03675524
2064 1.03381915
2065 1.03726302
2066 1.04138107
2067 1.04832849
2068 1.03781185
2069 1.04439207
2070 1.03510220
2071 1.03680178
2072 1.03823867
2073 1.03142253
2074 1.04143319
2075 1.03500899
2076 1.04106482
2077 1.05171321
2078 1.03462829
2079 1.03872745
2080 1.03554532
2081 1.02877159
2082 1.03490226
2083 1.03514223
2084 1.02850016
2085 1.04045053
2086 1.03021922
2087 1.03497417
2088 1.04358327
2089 1.03125672
2090 1.04049425
2091 1.03259060
2092 1.03391138
2093 1.04298471
2094 1.04436871
2095 1.03985950
2096 1.03571746
2097 1.04065527
2098 1.03778486
2099 1.04221558
2100 1.03554532
2101 1.04344905
2102 1.03544467
2103 1.03296405
2104 1.04590901
2105 1.04353040
2106 1.04639505
2107 1.04010633
2108 1.04259425
2109 1.04318681
2110 1.04543396
2111 1.04738109
2112 1.04005480
2113 1.04363310
2114 1.03728836
2115 1.04280002
2116 1.03736912
2117 1.03809409
2118 1.04055903
2119 1.04259608
2120 1.04584328
2121 1.04344905
2122 1.04536217
2123 1.04682035
2124 1.04526848
2125 1.04330421
2126 1.04108546
2127 1.04435070
2128 1.03756988
2129 1.04504993
2130 1.04646779
2131 1.04383829
2132 1.04833443
2133 1.04201714
2134 1.03906156
2135 1.04653470
2136 1.04103731
2137 1.03987326
2138 1.04858962
2139 1.04151875
2140 1.04287471
2141 1.03971166
2142 1.04536217
2143 1.04476807
2144 1.03795655
2145 1.04144087
2146 1.04191516
2147 1.04431957
2148 1.04009240
2149 1.04159461
2150 1.04874145
2151 1.04513894
2152 1.03786065
2153 1.04283165
2154 1.04375945
2155 1.04715083
2156 1.04231674
2157 1.03795352
2158 1.03979151
2159 1.03890066
2160 1.04065118
2161 1.04774573
2162 1.04038358
2163 1.04476807
2164 1.04262802
2165 1.05074603
2166 1.04668190
2167 1.04051421
2168 1.03989013
2169 1.04810821
2170 1.03564462
2171 1.04004955
2172 1.04817720
2173 1.04174699
2174 1.04379677
2175 1.04202745
2176 1.04666283
2177 1.04270750
2178 1.04708211
2179 1.05292544
2180 1.03844651
2181 1.04861217
2182 1.04743281
2183 1.04490133
2184 1.04262802
2185 1.04822585
2186 1.04906129
2187 1.04764309
2188 1.05078208
2189 1.03772748
2190 1.04141560
2191 1.04723018
2192 1.04324449
2193 1.03939742
2194 1.05001795
2195 1.04067748
2196 1.04861131
2197 1.04778619
2198 1.04516314
2199 1.04584593
2200 1.04174734
2201 1.04147291
2202 1.05810908
2203 1.03999332
2204 1.04593904
2205 1.04822585
2206 1.03061706
2207 1.03404410
2208 1.03169347
2209 1.03887926
2210 1.03731805
2211 1.03521173
2212 1.02795280
2213 1.03393235
2214 1.04201584
2215 1.02367734
2216 1.02912391
2217 1.03450445
2218 1.02379848
2219 1.02268555
2220 1.03763249
2221 1.02725435
2222 1.03721939
2223 1.02924508
2224 1.02307699
2225 1.02631117
2226 1.03061706
2227 1.03765213
2228 1.03852521
2229 1.04585842
2230 1.03205674
2231 1.03478863
2232 1.05115300
2233 1.03854518
2234 1.03790113
2235 1.03959281
2236 1.03664970
2237 1.04049636
2238 1.03882098
2239 1.04325867
2240 1.04662645
2241 1.04586892
2242 1.03825008
2243 1.04432026
2244 1.04613513
2245 1.04563853
2246 1.05273524
2247 1.03765213
2248 1.04348984
2249 1.05122728
2250 1.04228305
2251 1.05368873
2252 1.04755650
2253 1.04068880
2254 1.04608132
2255 1.04238381
2256 1.05161886
2257 1.05383421
2258 1.05093811
2259 1.04925843
2260 1.04957505
2261 1.04858189
2262 1.04372801
2263 1.04117965
2264 1.05532613
2265 1.03782172
2266 1.05158062
2267 1.04409755
2268 1.04348984
2269 1.06133811
2270 1.05171873
2271 1.04918979
2272 1.04795694
2273 1.05360267
2274 1.04414880
2275 1.04900399
2276 1.05008255
2277 1.03922259
2278 1.05110411
2279 1.03859390
2280 1.05283877
2281 1.05568276
2282 1.04665618
2283 1.04973782
2284 1.05235801
2285 1.04609831
2286 1.04061467
2287 1.04698488
2288 1.05479659
2289 1.06133811
2290 1.04232915
2291 1.03262249
2292 1.03892311
2293 1.05049033
2294 1.03326634
2295 1.04085680
2296 1.03785471
2297 1.04486784
2298 1.04151648
2299 1.04514579
2300 1.04809322
2301 1.04554438
2302 1.04346332
2303 1.04032600
2304 1.04875632
2305 1.03806508
2306 1.05221580
2307 1.04748008
2308 1.04257721
2309 1.03882622
2310 1.04232915
2311 1.04510825
2312 1.05239891
2313 1.04185630
2314 1.03936130
2315 1.04901464
2316 1.04234390
2317 1.04573191
2318 1.03932021
2319 1.04790135
2320 1.04713184
2321 1.04565570
2322 1.04039839
2323 1.03841602
2324 1.04483230
2325 1.04643748
2326 1.04557706
2327 1.04250333
2328 1.04143918
2329 1.04358439
2330 1.04692545
2331 1.04510825
2332 1.04596036
2333 1.04454195
2334 1.04460150
2335 1.04229911
2336 1.04359181
2337 1.04700687
2338 1.04031435
2339 1.04139527
2340 1.04641063
2341 1.05068538
2342 1.04785593
2343 1.04226799
2344 1.04961767
2345 1.04644937
2346 1.04588277
2347 1.04858859
2348 1.04571331
2349 1.03827375
2350 1.04109610
2351 1.04366083
2352 1.04596036
2353 1.04611452
2354 1.04935764
2355 1.03761925
2356 1.03781523
2357 1.03975110
2358 1.03708451
2359 1.04196739
2360 1.03527833
2361 1.04651967
2362 1.04555734
2363 1.04322787
2364 1.04769661
2365 1.03881344
2366 1.04439999
2367 1.03592335
2368 1.03466013
2369 1.04238636
2370 1.02878560
2371 1.03354840
2372 1.05036310
2373 1.04611452
2374 1.05173589
2375 1.05324653
2376 1.04326386
2377 1.04438380
2378 1.04872378
2379 1.05729398
2380 1.05768302
2381 1.05283842
2382 1.05509050
2383 1.04254538
2384 1.04663524
2385 1.05075464
2386 1.05194787
2387 1.04936949
2388 1.04859426
2389 1.05108611
2390 1.04875840
2391 1.05001807
2392 1.04917182
2393 1.04412430
2394 1.05173589
2395 1.04029209
2396 1.04316272
2397 1.05253719
2398 1.03627651
2399 1.03606165
2400 1.04344112
2401 1.04538320
2402 1.04408767
2403 1.04125207
2404 1.04311698
2405 1.04653524
2406 1.03671237
2407 1.04811603
2408 1.03329936
2409 1.04321857
2410 1.04862335
2411 1.03342779
2412 1.04042289
2413 1.03580086
2414 1.04976607
2415 1.04029209
2416 1.05045666
2417 1.03985847
2418 1.04281579
2419 1.03875465
2420 1.04270294
2421 1.04329723
2422 1.03369622
2423 1.04202255
2424 1.03931064
2425 1.05012319
2426 1.03913905
2427 1.04202709
2428 1.04471571
2429 1.04566087
2430 1.04814970
2431 1.04049434
2432 1.04654605
2433 1.04044253
2434 1.04378221
2435 1.04235070
2436 1.05045666
2437 1.03756558
2438 1.03524966
2439 1.02634728
2440 1.04055478
2441 1.04099159
2442 1.03860582
2443 1.04710328
2444 1.03510268
2445 1.04205960
2446 1.03242609
2447 1.03741134
2448 1.03404738
2449 1.03793415
2450 1.03645422
2451 1.03325722
2452 1.04966710
2453 1.03294632
2454 1.03830388
2455 1.03797040
2456 1.03752938
2457 1.03756558
2458 1.04900671
2459 1.05030273
2460 1.05419629
2461 1.05128871
2462 1.04191240
2463 1.04374539
2464 1.05293873
2465 1.04996787
2466 1.04813126
2467 1.04576818
2468 1.05769907
2469 1.05012153
2470 1.04003980
2471 1.03586158
2472 1.05671545
2473 1.04304542
2474 1.04979706
2475 1.05223214
2476 1.04426478
2477 1.04304185
2478 1.04900671
2479 1.04712441
2480 1.05147330
2481 1.05049496
2482 1.05180982
2483 1.05250390
2484 1.04899791
2485 1.05717981
2486 1.05129135
2487 1.05188511
2488 1.04542458
2489 1.05485327
2490 1.05214289
2491 1.05367750
2492 1.04876444
2493 1.05260537
2494 1.04231580
2495 1.04609596
2496 1.05123038
2497 1.04835725
2498 1.05153813
2499 1.04712441
2500 1.04115368
2501 1.04384993
2502 1.03663387
2503 1.04009733
2504 1.03891662
2505 1.04579984
2506 1.03740400
2507 1.03856567
2508 1.03781224
2509 1.04483971
2510 1.03124606
2511 1.04088651
2512 1.03855798
2513 1.04038158
2514 1.04267252
2515 1.03886838
2516 1.03974621
2517 1.04297537
2518 1.04008195
2519 1.03518175
2520 1.04115368
2521 1.04306935
2522 1.04087506
2523 1.04525636
2524 1.04467694
2525 1.04524466
2526 1.04208907
2527 1.03974968
2528 1.04124108
2529 1.04026866
2530 1.04611529
2531 1.04948950
2532 1.04741154
2533 1.04064499
2534 1.04190484
2535 1.04247118
2536 1.03475861
2537 1.03790597
2538 1.04347530
2539 1.04448091
2540 1.04467569
2541 1.04306935
2542 1.04105244
2543 1.04186518
2544 1.03739118
2545 1.04440850
2546 1.04308297
2547 1.04239691
2548 1.04943923
2549 1.04856202
2550 1.04492505
2551 1.04352202
2552 1.04694076
2553 1.04107204
2554 1.04190869
2555 1.02908130
2556 1.04331237
2557 1.04685425
2558 1.04869240
2559 1.04683628
2560 1.03843665
2561 1.02958659
2562 1.04105244
2563 1.03384323
2564 1.03168810
2565 1.04400340
2566 1.04093435
2567 1.03145472
2568 1.03157363
2569 1.03910574
2570 1.03894326
2571 1.03109726
2572 1.03336907
2573 1.03936895
2574 1.03187981
2575 1.03631658
2576 1.03811062
2577 1.04600239
2578 1.02761835
2579 1.03941171
2580 1.03809653
2581 1.03390370
2582 1.04282466
2583 1.03384323
2584 1.04983704
2585 1.05083539
2586 1.04358295
2587 1.04656346
2588 1.04731515
2589 1.03636754
2590 1.04203925
2591 1.05054833
2592 1.04003852
2593 1.04942686
2594 1.04319890
2595 1.04451864
2596 1.04771243
2597 1.04061589
2598 1.04154672
2599 1.04382432
2600 1.04603682
2601 1.04730153
2602 1.05032675
2603 1.05089718
2604 1.04983704
2605 1.03250301
2606 1.05233121
2607 1.04460853
2608 1.03484462
2609 1.04201796
2610 1.03680077
2611 1.03910812
2612 1.03980858
2613 1.03644748
2614 1.04121814
2615 1.03645950
2616 1.03802383
2617 1.03674872
2618 1.03926534
2619 1.03871405
2620 1.04514391
2621 1.03948193
2622 1.03329321
2623 1.03296904
2624 1.02949565
2625 1.03250301
2626 1.05472403
2627 1.06263005
2628 1.06148510
2629 1.05803360
2630 1.05225209
2631 1.05450539
2632 1.05286152
2633 1.05257734
2634 1.05764581
2635 1.05007002
2636 1.05582151
2637 1.04819312
2638 1.04779861
2639 1.05691534
2640 1.04628316
2641 1.04825161
2642 1.04932291
2643 1.04689454
2644 1.05301677
2645 1.04669804
2646 1.05472403
2647 1.04617766
2648 1.03588572
2649 1.04651390
2650 1.04640214
2651 1.04383401
2652 1.04123370
2653 1.04545676
2654 1.04295930
2655 1.04620090
2656 1.04584886
2657 1.04819807
2658 1.04684652
2659 1.04303740
2660 1.03941980
2661 1.04630740
2662 1.04311311
2663 1.05508225
2664 1.03791600
2665 1.04330134
2666 1.04644771
2667 1.04617766
2668 1.04799739
2669 1.05452703
2670 1.04949371
2671 1.05176746
2672 1.04483000
2673 1.04708362
2674 1.04768478
2675 1.05557642
2676 1.04931725
2677 1.04760117
2678 1.05768452
2679 1.04366832
2680 1.04629851
2681 1.05851135
2682 1.04575538
2683 1.03760482
2684 1.05287283
2685 1.04966252
2686 1.05542815
2687 1.04730724
2688 1.04799739
2689 1.03218504
2690 1.04976456
2691 1.03436991
2692 1.03556715
2693 1.04479239
2694 1.03690893
2695 1.04324880
2696 1.03499130
2697 1.04084768
2698 1.03717253
2699 1.02603492
2700 1.04228612
2701 1.03986731
2702 1.04124780
2703 1.04415875
2704 1.03998083
2705 1.04442081
2706 1.03362299
2707 1.03667099
2708 1.03818017
2709 1.03218504
2710 1.02837340
2711 1.04316152
2712 1.03790080
2713 1.04131948
2714 1.04512853
2715 1.03154282
2716 1.03633441
2717 1.03286562
2718 1.02663567
2719 1.04042689
2720 1.05459027
2721 1.03656590
2722 1.04041973
2723 1.03825936
2724 1.03579941
2725 1.03737541
2726 1.04487501
2727 1.03447954
2728 1.03447104
2729 1.04155744
2730 1.02837340
2731 1.05037714
2732 1.03140961
2733 1.04754230
2734 1.04324362
2735 1.04100361
2736 1.05545492
2737 1.04513862
2738 1.05798505
2739 1.03994272
2740 1.04809126
2741 1.05362397
2742 1.04864451
2743 1.04107176
2744 1.04132924
2745 1.04665323
2746 1.04190135
2747 1.03825034
2748 1.04619742
2749 1.04193399
2750 1.06007416
2751 1.05037714
2752 1.04417956
2753 1.04529211
2754 1.04422572
2755 1.05148503
2756 1.04743279
2757 1.03984542
2758 1.03395992
2759 1.04581739
2760 1.04066630
2761 1.04494357
2762 1.04493752
2763 1.04058333
2764 1.03539860
2765 1.04279621
2766 1.04238734
2767 1.04081202
2768 1.05092533
2769 1.04951445
2770 1.03962788
2771 1.04197911
2772 1.04417956
2773 0.98212261
2774 0.99327631
2775 1.00298788
2776 1.00712577
2777 1.02517396
2778 1.02413493
2779 1.02739364
2780 1.02397401
2781 1.02035611
2782 1.01713900
2783 1.02043028
2784 1.02315753
2785 1.02167115
2786 1.02578216
2787 1.02529346
2788 1.02311830
2789 1.01443906
2790 1.00729015
2791 1.00063948
2792 0.99173770
2793 0.98212261
2794 1.04418155
2795 1.05123204
2796 1.03856769
2797 1.04401097
2798 1.04139863
2799 1.05117357
2800 1.04035285
2801 1.05035623
2802 1.04207862
2803 1.04028986
2804 1.04527607
2805 1.03985727
2806 1.03793871
2807 1.03797194
2808 1.04067087
2809 1.04796226
2810 1.04777577
2811 1.04652384
2812 1.03738309
2813 1.03629512
2814 1.04418155
2815 1.03863103
2816 1.03993763
2817 1.04578574
2818 1.04050544
2819 1.04884279
2820 1.04778583
2821 1.04329892
2822 1.04816502
2823 1.03840974
2824 1.04249108
2825 1.04272238
2826 1.04652531
2827 1.03698723
2828 1.03799925
2829 1.04234365
2830 1.05047709
2831 1.04447305
2832 1.05296274
2833 1.03435807
2834 1.04424902
2835 1.03863103
2836 1.03988624
2837 1.03184652
2838 1.03302949
2839 1.03288551
2840 1.04538925
2841 1.04048665
2842 1.04291419
2843 1.03794149
2844 1.04041847
2845 1.03866436
2846 1.03165555
2847 1.03152966
2848 1.03611677
2849 1.02908548
2850 1.02598336
2851 1.03772615
2852 1.04123448
2853 1.04199045
2854 1.03782190
2855 1.03653289
2856 1.03988624
2857 1.03898882
2858 1.03211607
2859 1.04096663
2860 1.03044291
2861 1.03204485
2862 1.04124705
2863 1.04522098
2864 1.04599106
2865 1.04005750
2866 1.03369943
2867 1.04640210
2868 1.04118883
2869 1.03995548
2870 1.03954534
2871 1.04187284
2872 1.03650106
2873 1.02634804
2874 1.03802321
2875 1.03301207
2876 1.03585226
2877 1.03898882
2878 1.03767702
2879 1.03621535
2880 1.04397559
2881 1.04715734
2882 1.04116079
2883 1.05179253
2884 1.04754363
2885 1.04248394
2886 1.04201923
2887 1.03852599
2888 1.04177203
2889 1.03905585
2890 1.04245297
2891 1.04812845
2892 1.05226456
2893 1.04459540
2894 1.04307911
2895 1.04032781
2896 1.04818705
2897 1.05363820
2898 1.03767702
2899 1.02825195
2900 1.03394603
2901 1.03534549
2902 1.03438727
2903 1.03778699
2904 1.03521644
2905 1.03599053
2906 1.03645906
2907 1.02732280
2908 1.03353735
2909 1.03775686
2910 1.02412285
2911 1.04136864
2912 1.02953185
2913 1.03642062
2914 1.04664881
2915 1.03620835
2916 1.03544771
2917 1.03037695
2918 1.03522199
2919 1.02825195
2920 1.04430580
2921 1.04686370
2922 1.04514999
2923 1.04960627
2924 1.04555378
2925 1.05877656
2926 1.04747987
2927 1.04335307
2928 1.05210225
2929 1.04777053
2930 1.05548702
2931 1.04012767
2932 1.05087983
2933 1.04846874
2934 1.04817329
2935 1.05223383
2936 1.04971282
2937 1.03298474
2938 1.05102103
2939 1.04267504
2940 1.04430580
2941 1.04134739
2942 1.04262109
2943 1.03534140
2944 1.04794109
2945 1.03388654
2946 1.04651130
2947 1.05206651
2948 1.04459649
2949 1.04460990
2950 1.03971937
2951 1.03385325
2952 1.03882879
2953 1.04535396
2954 1.03778525
2955 1.04029090
2956 1.05054525
2957 1.03609464
2958 1.05094016
2959 1.04029254
2960 1.04173465
2961 1.04134739
2962 1.04354009
2963 1.03661064
2964 1.04289635
2965 1.05124721
2966 1.04506499
2967 1.03967047
2968 1.04490202
2969 1.04448911
2970 1.04738149
2971 1.03760531
2972 1.04385936
2973 1.04836874
2974 1.04493031
2975 1.04615981
2976 1.04336334
2977 1.04324504
2978 1.03480237
2979 1.04706355
2980 1.04315412
2981 1.05235675
2982 1.04354009
2983 1.04358020
2984 1.04456612
2985 1.04117577
2986 1.04871346
2987 1.03965471
2988 1.04141327
2989 1.04131209
2990 1.04313571
2991 1.04787711
2992 1.04957424
2993 1.04232189
2994 1.03518438
2995 1.03972387
2996 1.03777517
2997 1.04621305
2998 1.04141564
2999 1.04751275
3000 1.03528491
3001 1.03674207
3002 1.04083402
3003 1.04358020
3004 1.04793211
3005 1.04979324
3006 1.05497798
3007 1.04591297
3008 1.04543067
3009 1.05260414
3010 1.04861619
3011 1.04514304
3012 1.05186161
3013 1.04823883
3014 1.05924069
3015 1.04604805
3016 1.04756889
3017 1.04943268
3018 1.05011585
3019 1.05081085
3020 1.05242465
3021 1.04377390
3022 1.04195558
3023 1.04568017
3024 1.04793211
