index DenDen_position
1 1.63247424
2 1.58471698
3 1.54742943
4 1.51742825
5 1.50047978
6 1.47561228
7 1.47702394
8 1.45494195
9 1.44585911
10 1.45058473
11 1.45259272
12 1.45725487
13 1.45981600
14 1.45268611
15 1.46847651
16 1.47991131
17 1.50277148
18 1.52028117
19 1.55065384
20 1.58910599
21 1.63247424
22 0.93904453
23 0.94999923
24 0.96850048
25 0.96325584
26 0.96757626
27 0.97696874
28 0.97965507
29 0.97455083
30 0.98425692
31 0.98556435
32 0.99054391
33 0.98462623
34 0.97167758
35 0.98264171
36 0.98444595
37 0.97901731
38 0.98078158
39 0.96407401
40 0.96284422
41 0.95488639
42 0.93904453
43 1.00225388
44 1.00770964
45 1.00427240
46 1.00072560
47 0.99619953
48 1.00482238
49 1.00235722
50 1.00373829
51 1.00050441
52 1.00226006
53 1.00765825
54 1.00319056
55 0.99903294
56 1.00269294
57 0.99552662
58 1.00746948
59 1.00491024
60 1.00531660
61 0.99661641
62 0.99043829
63 1.00225388
64 0.99180183
65 1.00136197
66 0.99768532
67 1.00568401
68 0.99684820
69 0.99227302
70 1.00094591
71 0.99998729
72 0.99405678
73 0.99852157
74 0.98889201
75 0.99627343
76 0.98493259
77 1.00083544
78 1.00287653
79 0.99610553
80 1.00597398
81 0.99483857
82 0.99724333
83 1.00926956
84 0.99180183
85 1.00309954
86 1.00458715
87 1.00024805
88 1.00838870
89 1.00731378
90 1.01162839
91 1.00195660
92 1.00098401
93 0.99634898
94 0.99810724
95 1.00317831
96 1.00705761
97 1.00059457
98 1.00635654
99 1.00495351
100 0.99741083
101 0.99451437
102 1.00504708
103 1.00508536
104 0.99941238
105 1.00309954
106 1.00964027
107 1.00378006
108 1.01172981
109 1.01247344
110 1.00118552
111 0.99987974
112 1.01342333
113 1.00582603
114 1.00838437
115 1.00685028
116 1.00825712
117 1.00752117
118 1.00148599
119 1.00774363
120 1.01233970
121 1.00972685
122 1.00948777
123 1.00466154
124 1.00498000
125 1.01970801
126 1.00964027
127 0.99674449
128 0.99866656
129 0.99084933
130 1.00090462
131 0.99387696
132 1.00149466
133 0.99335365
134 0.99893453
135 0.99871064
136 0.99487150
137 1.00745093
138 0.99488938
139 1.00197409
140 0.99850859
141 1.00204351
142 0.99354684
143 0.99381272
144 1.00732792
145 1.00301246
146 0.99312373
147 0.99674449
148 1.01454682
149 1.00341410
150 1.01084595
151 1.00812015
152 1.00813258
153 1.00624661
154 1.00445433
155 1.01103718
156 1.01372426
157 1.00522748
158 1.00520107
159 0.99555816
160 1.00423465
161 1.00102028
162 1.01666063
163 1.00175932
164 1.01602622
165 1.01004766
166 1.01358989
167 1.01274931
168 1.01454682
169 0.99958981
170 0.99715066
171 1.00738882
172 1.00820074
173 1.00326970
174 1.01051360
175 1.00759318
176 0.99761230
177 1.00978246
178 0.99556241
179 1.01283055
180 0.99427612
181 0.99875836
182 1.00606212
183 1.00081855
184 1.01229367
185 1.00536512
186 0.99810222
187 0.99736144
188 0.99671723
189 0.99958981
190 1.00328752
191 0.99196245
192 0.99346225
193 1.00134907
194 0.99188123
195 0.99382919
196 0.99052952
197 1.00447911
198 0.99857218
199 1.00324830
200 0.99903011
201 0.99289979
202 1.00116243
203 1.00173348
204 0.99646942
205 1.00181274
206 0.98985450
207 1.00597370
208 0.99204535
209 0.99191309
210 1.00328752
211 1.00278123
212 1.00280327
213 0.99982051
214 1.00079046
215 0.99738629
216 0.99043485
217 1.00687285
218 1.00134960
219 0.99619934
220 1.00116887
221 0.99708630
222 1.00124348
223 0.99517466
224 1.00993948
225 1.00152551
226 0.99783190
227 1.00420938
228 1.00085657
229 0.99808091
230 0.99580576
231 1.00278123
232 0.95043784
233 0.95767974
234 0.95984909
235 0.96575018
236 0.97173374
237 0.96994111
238 0.97497740
239 0.97085583
240 0.98249012
241 0.98526263
242 0.98049870
243 0.98318483
244 0.98856440
245 0.98341796
246 0.98384252
247 0.97602001
248 0.97877479
249 0.97117187
250 0.96325649
251 0.95530119
252 0.95043784
253 0.94728949
254 0.96392194
255 0.96813305
256 0.96867820
257 0.98134926
258 0.97694583
259 0.98474945
260 0.98453186
261 0.98719283
262 0.98717563
263 0.98331018
264 0.98006039
265 0.98864658
266 0.98176701
267 0.97947682
268 0.98023782
269 0.97363014
270 0.96594345
271 0.95869991
272 0.95949747
273 0.94728949
274 1.01405308
275 1.00006368
276 1.01218477
277 1.00384986
278 1.00845865
279 1.01073944
280 1.01394981
281 0.99855793
282 1.00974719
283 1.01207119
284 1.01323449
285 1.00835443
286 1.00655717
287 1.01252204
288 1.00923672
289 1.01151790
290 1.01312021
291 1.00907724
292 1.00967793
293 1.00687761
294 1.01405308
295 1.00174223
296 1.00577694
297 1.00928761
298 0.99692905
299 1.01158478
300 1.00149778
301 0.99751274
302 1.00683809
303 1.00552762
304 0.99249320
305 0.99603633
306 1.00232542
307 1.00742796
308 1.00872350
309 0.99394215
310 0.99787367
311 1.00113642
312 1.00793282
313 1.00316049
314 1.00801581
315 1.00174223
316 0.99867210
317 0.99976073
318 1.00064797
319 0.99253901
320 0.99373754
321 1.00206530
322 1.00131213
323 1.00097339
324 1.01292217
325 0.99968766
326 0.99924236
327 0.99340529
328 1.00985213
329 1.00770548
330 0.99153480
331 1.00003597
332 0.99791330
333 1.00405769
334 1.00061982
335 0.99547928
336 0.99867210
337 0.99847046
338 0.99908318
339 0.99740532
340 1.00425858
341 0.99715274
342 1.00467161
343 1.00470983
344 1.00027143
345 0.99242522
346 1.00341704
347 1.00351096
348 1.00041689
349 0.99943836
350 0.99955763
351 0.99092439
352 1.00156789
353 1.00505919
354 0.99971994
355 1.00511408
356 1.00091455
357 0.99847046
358 1.00246389
359 1.00576404
360 1.01199079
361 1.01010459
362 1.00929001
363 1.00179021
364 1.00896366
365 1.00540460
366 0.99421471
367 1.00640456
368 1.00469949
369 1.01248500
370 1.01318554
371 1.00914430
372 1.01564225
373 1.01271251
374 1.00492854
375 1.00596801
376 1.01122692
377 1.00686839
378 1.00246389
379 1.01066067
380 1.00025595
381 0.99639662
382 1.00230113
383 1.00190367
384 1.01166374
385 0.99928106
386 1.00037846
387 1.00495430
388 0.99725872
389 1.00910552
390 1.00112483
391 0.99785382
392 1.00155325
393 1.00581484
394 1.00094528
395 0.99722683
396 1.00311135
397 0.99857552
398 1.00210973
399 1.01066067
400 1.01308740
401 0.99538458
402 1.00391943
403 0.99551815
404 1.00646550
405 1.00781593
406 1.00169736
407 1.00228682
408 0.99122257
409 1.00655616
410 0.99268932
411 0.99342308
412 1.00422724
413 1.01563716
414 1.00045196
415 1.00333753
416 0.99353850
417 0.99794464
418 0.99499388
419 1.00170729
420 1.01308740
421 1.00215179
422 0.99403154
423 1.00990351
424 0.99669684
425 1.00252723
426 1.00189663
427 0.99749304
428 1.00553325
429 1.00284492
430 1.00426176
431 1.00062616
432 0.99920957
433 0.99297281
434 0.99250707
435 1.00483002
436 0.99625560
437 1.00592263
438 0.99790184
439 1.00293143
440 1.00681737
441 1.00215179
442 1.01138455
443 1.00651875
444 1.00017592
445 1.00859763
446 1.00897061
447 1.00202285
448 1.00330515
449 1.00620937
450 1.00330752
451 1.00645832
452 1.00303362
453 1.00154320
454 1.00346332
455 1.01167691
456 1.00551042
457 1.00749448
458 1.00847507
459 0.99134494
460 1.01117761
461 1.01271824
462 1.01138455
463 0.99361894
464 0.99737703
465 0.99374296
466 0.98967064
467 1.00478391
468 1.00433556
469 0.99461467
470 0.99797540
471 0.99735913
472 0.99244191
473 0.99920136
474 0.99212318
475 1.00115317
476 0.99785560
477 0.99824913
478 0.99728211
479 0.99610466
480 0.99656358
481 0.99745829
482 0.99774411
483 0.99361894
484 1.00221488
485 1.00682626
486 0.99979523
487 1.01485551
488 1.00002033
489 1.00854013
490 1.00822563
491 1.00474354
492 1.00768527
493 1.00540740
494 1.00447985
495 1.01062891
496 1.00690585
497 1.00184021
498 1.00321602
499 0.99910564
500 1.00990566
501 1.00018449
502 1.01325226
503 1.00365443
504 1.00221488
505 1.00003547
506 1.00420806
507 1.00989372
508 1.00243973
509 0.99861515
510 1.01547231
511 1.00720399
512 1.00667493
513 1.00359700
514 1.01243813
515 1.00241605
516 1.01039878
517 0.99959718
518 1.00690775
519 1.00280408
520 1.00556908
521 1.00660252
522 1.00155583
523 1.00516215
524 1.00458474
525 1.00003547
526 1.00254738
527 1.01374693
528 1.00338278
529 1.00358851
530 1.00217785
531 0.99922762
532 0.99521418
533 1.00224301
534 1.01129470
535 1.00662800
536 0.98996438
537 1.00328702
538 0.99912765
539 0.99570659
540 1.01116496
541 1.00812723
542 1.00284666
543 1.00853727
544 0.99414886
545 1.00386677
546 1.00254738
547 0.99582906
548 1.00955689
549 1.01019172
550 1.00479942
551 1.00506182
552 1.00539345
553 1.00600882
554 1.00290287
555 0.99818827
556 1.00661144
557 0.99392081
558 1.00642034
559 1.00086590
560 0.99765715
561 0.99968211
562 0.99427757
563 1.00567339
564 1.01031317
565 1.00336004
566 1.00134224
567 0.99582906
568 1.00591005
569 1.00302087
570 0.99418206
571 1.00765890
572 0.99945945
573 0.99966030
574 0.99848848
575 1.00147632
576 1.00537894
577 1.00274413
578 0.99934367
579 0.99859550
580 0.99960990
581 0.99371322
582 0.99586223
583 1.00219527
584 1.00158845
585 1.00007221
586 1.00131385
587 0.99870793
588 1.00591005
589 1.00092111
590 1.00186182
591 0.99981874
592 1.00317842
593 0.99730644
594 1.00087387
595 0.98916535
596 1.00001469
597 1.00508078
598 0.99732535
599 0.99718617
600 1.01377328
601 1.00438254
602 0.99958334
603 0.99889724
604 0.99559241
605 1.00154145
606 0.99568942
607 1.00209492
608 0.99836666
609 1.00092111
610 1.00888564
611 1.00363466
612 0.99923537
613 1.00348848
614 1.00133285
615 0.99815558
616 1.00185808
617 1.00371879
618 0.99964211
619 1.01177903
620 1.00373559
621 1.00577735
622 1.00740221
623 1.00768599
624 1.00352223
625 1.00611430
626 1.00529013
627 1.00730015
628 1.00638824
629 1.00750238
630 1.00888564
631 0.99107703
632 0.99420881
633 0.99665507
634 0.99760541
635 1.00583222
636 1.00032952
637 1.00421839
638 0.99532929
639 0.99908462
640 1.00512284
641 1.00018223
642 0.99668251
643 1.00463502
644 1.00008882
645 0.99889858
646 1.00872105
647 1.00125730
648 0.99087875
649 0.99670163
650 0.99826257
651 0.99107703
652 1.01006840
653 1.00860404
654 1.01229894
655 1.01891448
656 1.01070933
657 1.00998032
658 1.00357175
659 1.01020557
660 1.01072829
661 1.02208834
662 1.01374198
663 1.01160442
664 1.01170367
665 1.00283747
666 1.00327968
667 1.00563115
668 1.00580610
669 1.02193196
670 1.01770610
671 1.01168892
672 1.01006840
673 1.00628155
674 1.00898456
675 1.00363440
676 1.00174524
677 0.99614163
678 1.00251668
679 1.00656949
680 1.00266827
681 0.98688070
682 1.00651065
683 1.00567374
684 0.99296276
685 1.00060080
686 1.01292862
687 0.99937709
688 1.00925460
689 0.99287621
690 0.99383666
691 1.00532217
692 1.00511649
693 1.00628155
694 0.99776322
695 1.00333057
696 1.00754677
697 0.98667668
698 0.99884154
699 0.99223570
700 0.99625501
701 0.99995768
702 0.99545055
703 0.99804803
704 1.00563017
705 1.00249190
706 0.99322667
707 0.98890682
708 1.01401021
709 1.00659824
710 1.00678996
711 1.00373069
712 1.00064795
713 1.00804116
714 0.99776322
715 1.00459779
716 1.00896274
717 1.01824154
718 1.01070411
719 1.00522206
720 1.01261076
721 1.00938580
722 1.01516607
723 1.00051490
724 1.01839761
725 1.00616312
726 1.01850895
727 1.01003225
728 1.01250729
729 1.01099261
730 1.00651245
731 1.01103154
732 1.01597634
733 1.00722161
734 1.01417319
735 1.00459779
736 0.99616149
737 0.99188293
738 0.99458254
739 0.99083472
740 1.00037966
741 0.99624502
742 0.99657670
743 0.99521027
744 0.99616984
745 1.00424619
746 1.00305629
747 0.99974930
748 1.00899741
749 0.99807020
750 0.99111225
751 0.99124476
752 1.00334610
753 1.00436596
754 1.00907742
755 1.00188149
756 0.99616149
757 0.99382959
758 0.99351679
759 0.99077256
760 0.98865191
761 0.98508236
762 0.99451141
763 0.99041218
764 0.99875644
765 0.99783602
766 0.99027072
767 0.99468055
768 0.99517107
769 0.98989984
770 0.99487112
771 0.99517107
772 0.99004797
773 0.98476666
774 0.99190987
775 0.99695745
776 1.00025051
777 0.99382959
778 1.00089157
779 0.99796273
780 0.99662990
781 1.00210700
782 1.00554560
783 0.99289175
784 0.99213655
785 1.00915140
786 0.99675519
787 1.00123560
788 1.00058044
789 1.00473416
790 0.99807200
791 1.00884563
792 1.00563030
793 0.99912445
794 0.99772980
795 0.99741895
796 1.00164092
797 1.00101075
798 1.00089157
799 1.00459377
800 0.99203599
801 1.00613843
802 0.99649120
803 1.00661101
804 1.00392312
805 1.00556547
806 0.99350724
807 1.00732662
808 1.01139730
809 1.00528475
810 1.00084280
811 1.00321454
812 1.00759016
813 1.00003048
814 1.00935816
815 0.99923647
816 0.99865091
817 1.00838047
818 1.01528797
819 1.00459377
820 1.00265430
821 0.99735734
822 0.99573464
823 0.99586416
824 1.00018386
825 0.99946339
826 1.00039514
827 0.99382936
828 0.99703399
829 1.00166853
830 1.00353489
831 0.99369600
832 0.99259505
833 1.00127999
834 0.99103230
835 1.00289676
836 1.00324497
837 0.98991226
838 0.99530896
839 1.00469685
840 1.00265430
841 1.00763010
842 1.00514630
843 0.99853378
844 1.00249108
845 1.00689003
846 1.00019660
847 1.00357428
848 1.00528060
849 1.00219724
850 1.00322316
851 0.99967944
852 0.99967197
853 1.00471481
854 1.00154436
855 0.99649708
856 1.00995236
857 1.00389708
858 1.00690090
859 1.00661351
860 1.00781153
861 1.00763010
862 1.00508510
863 1.00369587
864 1.01120750
865 1.00296561
866 1.00026725
867 0.99197889
868 1.00115889
869 0.99995789
870 1.00851083
871 1.01002862
872 0.99749530
873 0.99987051
874 1.00639818
875 1.01029720
876 1.01010764
877 0.99497333
878 1.00251158
879 1.00022549
880 1.00219320
881 1.00464350
882 1.00508510
883 1.00329488
884 1.00253436
885 1.00225629
886 1.00506945
887 1.01081859
888 1.00542060
889 1.00952030
890 0.99852940
891 1.01474925
892 1.01462548
893 1.00491851
894 1.02091562
895 0.99078077
896 1.01097198
897 0.99922845
898 1.00449937
899 1.01058145
900 0.99385492
901 1.00172278
902 1.00418984
903 1.00329488
904 1.00575178
905 0.99882820
906 0.99021673
907 0.99726543
908 1.00037570
909 0.99491665
910 1.00127409
911 1.00645991
912 1.00153654
913 1.00774847
914 0.99566886
915 1.00472158
916 0.99856419
917 0.99146467
918 0.99981421
919 0.99818145
920 0.98799075
921 0.99244479
922 1.00255253
923 0.99556019
924 1.00575178
925 1.00139600
926 0.99813566
927 0.99734669
928 0.99768780
929 0.99553321
930 1.00224291
931 0.99458881
932 0.98835036
933 0.99660393
934 0.99843922
935 1.00018579
936 0.99851831
937 0.99953015
938 0.99778826
939 1.01096605
940 1.00400879
941 0.98752423
942 0.99411525
943 0.98427603
944 0.99160000
945 1.00139600
946 1.00993163
947 1.00043101
948 1.01044999
949 1.00348267
950 0.99909976
951 1.00366858
952 1.00550891
953 1.00409057
954 1.00932934
955 0.99677773
956 0.99912312
957 1.00683766
958 1.00615661
959 1.00472073
960 1.00656199
961 1.00712387
962 1.00202969
963 0.99946665
964 0.99466864
965 1.00430346
966 1.00993163
967 1.00587356
968 1.01065021
969 0.99931799
970 0.98563160
971 1.01317748
972 1.00527021
973 1.00859051
974 1.00170642
975 0.99661693
976 0.99957649
977 1.00019783
978 1.00287656
979 1.00012984
980 1.01117850
981 1.01024210
982 0.99970404
983 1.00312921
984 1.00244008
985 0.99602570
986 0.99923144
987 1.00587356
988 0.99464249
989 0.99845355
990 1.00279683
991 1.00116674
992 0.99786329
993 0.99648167
994 0.99824169
995 0.99855701
996 0.99326251
997 0.99392078
998 1.00145047
999 1.00644976
1000 0.99692772
1001 0.98806773
1002 0.99007458
1003 0.99616901
1004 1.00200746
1005 1.00102705
1006 0.99860018
1007 0.99499342
1008 0.99464249
1009 1.00304518
1010 1.00374216
1011 1.00333710
1012 0.99840951
1013 1.00837960
1014 1.00502138
1015 1.00470431
1016 1.01015615
1017 1.00172600
1018 1.00484664
1019 1.01074473
1020 1.00005257
1021 1.00493808
1022 0.99755097
1023 1.00690060
1024 0.98525258
1025 1.00420737
1026 1.00848434
1027 1.01207973
1028 0.99918069
1029 1.00304518
1030 1.00732901
1031 1.00262101
1032 1.00158451
1033 1.00133907
1034 1.01154833
1035 1.00726756
1036 1.00152003
1037 1.00359891
1038 1.00871936
1039 1.00464271
1040 1.00054205
1041 1.00886964
1042 0.99555570
1043 1.00702295
1044 0.99870982
1045 1.00456244
1046 1.00494886
1047 1.00505118
1048 1.00906713
1049 1.00600306
1050 1.00732901
1051 1.00571992
1052 1.00587713
1053 0.99946851
1054 1.00433746
1055 0.99329462
1056 1.01124051
1057 1.00059691
1058 1.00808647
1059 1.00346260
1060 1.00190065
1061 1.01786110
1062 1.00657196
1063 1.00502245
1064 1.00311192
1065 1.01284646
1066 1.00621065
1067 1.01414179
1068 1.00969114
1069 1.00530116
1070 1.01043372
1071 1.00571992
1072 1.00428833
1073 0.99911196
1074 1.00359629
1075 0.99772568
1076 0.99945643
1077 1.00303739
1078 0.99847389
1079 1.00434626
1080 1.00214449
1081 0.99685956
1082 1.00228439
1083 0.99923952
1084 0.99431417
1085 1.00419431
1086 1.00331463
1087 1.00649592
1088 0.99694402
1089 0.99741735
1090 0.99816446
1091 0.99154803
1092 1.00428833
1093 1.00923931
1094 0.99831720
1095 1.00091706
1096 0.98790055
1097 0.98956616
1098 1.00563307
1099 1.00451985
1100 0.99723423
1101 0.99317774
1102 1.00389716
1103 1.00306296
1104 0.99149398
1105 1.00127433
1106 1.00139544
1107 0.99036668
1108 0.99322041
1109 0.99758405
1110 0.99827900
1111 1.00601690
1112 0.99632872
1113 1.00923931
1114 1.01494488
1115 0.99642593
1116 1.00712570
1117 1.00869246
1118 0.99818235
1119 1.00543347
1120 1.00410164
1121 0.99850124
1122 1.00620390
1123 1.00748135
1124 1.00585425
1125 0.99982327
1126 1.00923632
1127 1.01221457
1128 1.00168655
1129 0.99782059
1130 1.00273924
1131 1.00556466
1132 0.99699711
1133 1.00375556
1134 1.01494488
1135 1.00989408
1136 1.01016636
1137 1.00825925
1138 1.00734369
1139 1.01089840
1140 1.01531187
1141 1.00633120
1142 1.00739351
1143 1.01286564
1144 1.00085651
1145 1.00464934
1146 1.01481335
1147 1.01360030
1148 1.00325422
1149 1.01129169
1150 1.00991626
1151 1.00847492
1152 1.00661244
1153 1.00435657
1154 1.00796854
1155 1.00989408
1156 1.00121177
1157 1.00552031
1158 0.98785709
1159 0.99680619
1160 1.00421649
1161 1.00967248
1162 0.99151595
1163 1.00842079
1164 1.00824433
1165 1.00415815
1166 0.99829424
1167 1.00609521
1168 1.00085431
1169 1.00746051
1170 0.99501896
1171 1.00225267
1172 1.00832259
1173 1.00387938
1174 1.00437888
1175 1.00286183
1176 1.00121177
1177 0.99427145
1178 0.99793841
1179 1.00562079
1180 1.00741820
1181 1.00151806
1182 0.99672567
1183 0.99692880
1184 1.00012562
1185 0.99500622
1186 0.99929406
1187 1.00950391
1188 1.00199262
1189 0.99629353
1190 0.99760870
1191 0.99949021
1192 1.00602395
1193 0.99998076
1194 0.99582647
1195 0.99601575
1196 1.00458660
1197 0.99427145
1198 1.01011259
1199 1.00318658
1200 1.00610829
1201 1.00743055
1202 1.01143411
1203 1.00176443
1204 1.01011188
1205 1.01121732
1206 1.00870001
1207 1.00687966
1208 1.01165971
1209 1.00191252
1210 1.01557866
1211 1.00387793
1212 1.00141478
1213 1.00736125
1214 1.00424020
1215 1.00932099
1216 1.00056974
1217 1.00592850
1218 1.01011259
1219 1.00566162
1220 1.00547567
1221 1.00248668
1222 0.99299812
1223 1.00595369
1224 0.99728832
1225 0.99985253
1226 1.00123909
1227 0.99525101
1228 0.99860189
1229 1.00479518
1230 0.99952378
1231 1.00488928
1232 1.00075081
1233 0.99879772
1234 1.00296609
1235 1.00078305
1236 1.00174966
1237 0.99502071
1238 0.99424027
1239 1.00566162
1240 1.00506340
1241 1.00755906
1242 1.00382843
1243 1.00807011
1244 1.00545126
1245 0.99822525
1246 1.00558481
1247 1.01249528
1248 1.00363646
1249 1.00548501
1250 0.99912537
1251 1.01159537
1252 1.00043629
1253 0.99724502
1254 1.00865624
1255 1.00505777
1256 1.00164408
1257 1.01130222
1258 0.99717589
1259 1.00167430
1260 1.00506340
1261 1.01538355
1262 1.00853014
1263 1.00427202
1264 1.01744081
1265 1.01090558
1266 1.01300491
1267 1.01030932
1268 1.01081118
1269 1.01479447
1270 1.01244519
1271 1.01660656
1272 1.00227546
1273 1.01099331
1274 1.01583594
1275 1.00344720
1276 1.01439661
1277 1.01339282
1278 1.00381400
1279 1.00414413
1280 1.01455631
1281 1.01538355
1282 1.00385675
1283 0.99512100
1284 0.99233293
1285 1.00011594
1286 0.99345948
1287 0.99833527
1288 1.00157515
1289 0.99730612
1290 1.00123340
1291 0.98889504
1292 0.99755641
1293 1.00207733
1294 0.99328949
1295 0.99973741
1296 0.99934055
1297 1.00748990
1298 0.99868058
1299 0.99813347
1300 1.00529793
1301 0.99254765
1302 1.00385675
1303 1.00054027
1304 0.99815098
1305 1.00185560
1306 1.00842893
1307 0.99750548
1308 1.00130835
1309 0.99847212
1310 1.00343049
1311 0.99876849
1312 1.00369227
1313 1.00457130
1314 1.01035085
1315 1.00486202
1316 0.99452893
1317 0.99718077
1318 0.99586799
1319 0.99670589
1320 0.99803256
1321 1.00067003
1322 1.00500535
1323 1.00054027
1324 1.00456878
1325 0.99851398
1326 0.99484621
1327 0.99286679
1328 1.00053857
1329 1.00166059
1330 1.01358728
1331 1.00004535
1332 1.00066826
1333 0.99429310
1334 0.99782775
1335 0.99751988
1336 1.00284482
1337 1.00225301
1338 0.99216627
1339 0.99018488
1340 1.00255700
1341 0.99252702
1342 1.00211579
1343 0.99583478
1344 1.00456878
1345 0.99801863
1346 0.99843050
1347 0.99686970
1348 0.99751784
1349 0.99230422
1350 1.00047321
1351 0.99525999
1352 1.00780594
1353 1.00256590
1354 1.00001216
1355 1.00870255
1356 0.99629669
1357 0.99568192
1358 0.99747837
1359 1.00198897
1360 1.00315489
1361 0.99430827
1362 0.99590546
1363 0.99244209
1364 0.99313945
1365 0.99801863
1366 1.00221146
1367 1.00075742
1368 1.00395057
1369 0.99600267
1370 0.99423516
1371 1.00632785
1372 0.99660157
1373 1.00784707
1374 1.00175813
1375 1.00444322
1376 1.00525977
1377 1.00204033
1378 1.00853175
1379 0.99326958
1380 1.00514193
1381 1.00826594
1382 1.00095236
1383 1.00355961
1384 1.00575891
1385 1.00199613
1386 1.00221146
1387 1.00538068
1388 1.00251216
1389 1.00272860
1390 1.01093852
1391 1.00032976
1392 1.00328289
1393 0.99765154
1394 1.00318785
1395 1.00544102
1396 1.00326896
1397 1.00237157
1398 1.00596841
1399 0.99905391
1400 1.00830740
1401 1.00585743
1402 1.00815866
1403 0.99977011
1404 1.00014855
1405 0.99755599
1406 1.00074196
1407 1.00538068
1408 1.00670737
1409 0.99404992
1410 1.00579102
1411 1.00782906
1412 0.99313581
1413 0.99980864
1414 0.99214007
1415 1.00064207
1416 0.99272389
1417 1.00474111
1418 1.00973346
1419 1.00239333
1420 1.00334185
1421 0.99803819
1422 0.99766527
1423 1.00145519
1424 1.00439244
1425 0.99586936
1426 1.00511848
1427 0.99354514
1428 1.00670737
1429 1.00578462
1430 1.00111124
1431 1.00582909
1432 1.00824120
1433 0.99877357
1434 1.00205294
1435 1.00388776
1436 1.01341354
1437 1.00446970
1438 0.99575627
1439 1.01457959
1440 1.01223181
1441 0.99723745
1442 1.00815717
1443 1.01054856
1444 0.99456090
1445 1.00638770
1446 1.01015467
1447 1.01095727
1448 1.01558649
1449 1.00578462
1450 1.02019277
1451 1.00058589
1452 1.00330946
1453 1.00900755
1454 1.00562445
1455 1.00990327
1456 1.01007101
1457 1.00551967
1458 0.99465655
1459 1.00330068
1460 1.01094410
1461 1.01015029
1462 1.00146815
1463 1.00455148
1464 1.00167960
1465 0.99727621
1466 1.00208418
1467 0.99349506
1468 1.00621446
1469 1.01029960
1470 1.02019277
1471 1.00037730
1472 0.99123452
1473 0.98887149
1474 1.00273069
1475 1.00102245
1476 1.00142436
1477 0.99027668
1478 0.98913333
1479 0.99750314
1480 0.99485121
1481 0.98823202
1482 0.99984366
1483 0.98770946
1484 1.00291964
1485 0.99866502
1486 0.98868186
1487 0.99394817
1488 0.99960962
1489 0.99665177
1490 0.99758569
1491 1.00037730
1492 1.00198270
1493 0.99914577
1494 1.00759715
1495 1.00029975
1496 1.00184799
1497 1.00078507
1498 1.00275574
1499 1.00661733
1500 1.00359450
1501 0.99649103
1502 0.99949296
1503 1.00258934
1504 1.00258381
1505 1.00097988
1506 1.01425669
1507 1.00014523
1508 0.99572085
1509 0.99966966
1510 0.99760061
1511 0.99546663
1512 1.00198270
1513 0.99734285
1514 0.99699573
1515 1.01455807
1516 1.00743095
1517 1.00154425
1518 1.00517268
1519 0.99960039
1520 0.99780371
1521 0.99972570
1522 0.99804964
1523 1.00689997
1524 0.99548401
1525 1.00173655
1526 1.00097178
1527 1.00878521
1528 1.01062818
1529 0.99749012
1530 1.00316337
1531 1.00002966
1532 1.00522157
1533 0.99734285
1534 1.00401951
1535 1.00392159
1536 1.00811646
1537 0.99789798
1538 0.99715364
1539 1.00148958
1540 1.00665962
1541 0.99507895
1542 1.00001925
1543 1.00132972
1544 1.00293070
1545 1.00160527
1546 0.99921062
1547 1.00182534
1548 0.99661908
1549 1.00647829
1550 1.00168518
1551 1.00539036
1552 1.00836561
1553 0.99612598
1554 1.00401951
1555 0.99631353
1556 1.00146076
1557 1.00314871
1558 1.00878937
1559 1.00196724
1560 0.99230645
1561 1.00530971
1562 1.00714246
1563 1.00617684
1564 1.00231833
1565 0.99982755
1566 1.00390249
1567 1.00005323
1568 0.99992741
1569 1.00172544
1570 1.01174412
1571 0.99861517
1572 1.01355504
1573 1.00292343
1574 1.00868708
1575 0.99631353
1576 0.99625253
1577 0.99365240
1578 0.99105830
1579 1.00022414
1580 0.99531124
1581 0.98743547
1582 0.99497091
1583 0.99754881
1584 0.99586081
1585 0.99386011
1586 0.99472503
1587 0.99687935
1588 0.99040422
1589 1.00080431
1590 1.00181700
1591 0.99362236
1592 1.00437967
1593 0.99539769
1594 0.98289793
1595 0.99852551
1596 0.99625253
1597 0.99727223
1598 1.00024717
1599 1.00916560
1600 1.00412446
1601 1.00370079
1602 0.99478741
1603 1.00498913
1604 1.00510010
1605 1.00955874
1606 0.99872567
1607 1.00899571
1608 1.00743351
1609 1.00288991
1610 1.00704007
1611 0.99855280
1612 1.00209016
1613 1.00269404
1614 0.99918830
1615 0.99342795
1616 1.00825653
1617 0.99727223
1618 1.00669084
1619 1.00475788
1620 1.00562001
1621 1.00296443
1622 1.00467871
1623 1.01109824
1624 1.00660286
1625 1.01192802
1626 1.00550761
1627 0.99665060
1628 0.99974733
1629 1.01211492
1630 1.00528707
1631 0.99950864
1632 1.00213713
1633 1.00566800
1634 1.00410936
1635 1.00612998
1636 1.00087113
1637 1.00358621
1638 1.00669084
1639 1.00433590
1640 1.00660859
1641 1.00762926
1642 1.00521893
1643 1.00594354
1644 1.01447735
1645 1.00557227
1646 1.00817859
1647 1.00301648
1648 1.00881319
1649 1.00658412
1650 1.00841141
1651 1.00044354
1652 1.00928096
1653 1.00846642
1654 1.00496662
1655 1.00305448
1656 1.01120278
1657 1.00354704
1658 1.00256380
1659 1.00433590
1660 0.99951379
1661 1.00647841
1662 0.99776167
1663 1.00639266
1664 1.00676003
1665 1.00557981
1666 0.99913403
1667 1.00125357
1668 1.01117952
1669 0.99954073
1670 1.00243322
1671 1.00045610
1672 1.01276232
1673 1.00928840
1674 1.00683697
1675 1.00065909
1676 1.00194379
1677 1.00123064
1678 1.00589142
1679 1.01222882
1680 0.99951379
1681 1.00549288
1682 0.99314314
1683 1.00449317
1684 1.00706280
1685 0.99828470
1686 1.00572789
1687 0.99644020
1688 1.00608580
1689 1.00625749
1690 0.99328730
1691 1.00243727
1692 0.99994568
1693 1.00513157
1694 0.99846558
1695 1.00477510
1696 0.99990103
1697 1.00035910
1698 0.99776025
1699 1.00129269
1700 0.99305983
1701 1.00549288
1702 0.99731129
1703 0.99888425
1704 0.99276261
1705 0.99907387
1706 1.00386501
1707 0.99666459
1708 0.99435253
1709 0.98570823
1710 0.99560855
1711 0.98898397
1712 0.99800745
1713 0.99900961
1714 0.99857965
1715 0.99778310
1716 0.99316518
1717 0.99944222
1718 1.00487604
1719 0.99654376
1720 0.99583263
1721 1.00288475
1722 0.99731129
1723 1.00225203
1724 1.00846075
1725 0.99845766
1726 1.00726718
1727 0.99997445
1728 1.00899916
1729 1.00149427
1730 1.01021375
1731 0.99783377
1732 1.00291223
1733 1.00948916
1734 1.00019364
1735 0.99810700
1736 1.00532782
1737 1.00217655
1738 1.00306839
1739 0.99970077
1740 1.00063441
1741 1.00104923
1742 1.00713220
1743 1.00225203
1744 1.00348160
1745 1.00737881
1746 1.00829064
1747 1.00177367
1748 1.00329943
1749 1.00508781
1750 1.00188876
1751 1.00115010
1752 1.01198606
1753 1.00015773
1754 1.00821581
1755 1.00804318
1756 1.00705252
1757 1.00261682
1758 1.00757009
1759 1.00689783
1760 1.00499974
1761 1.00215633
1762 1.00473870
1763 1.00438941
1764 1.00348160
1765 1.01050264
1766 1.01066366
1767 1.01284692
1768 1.00024151
1769 1.00143535
1770 1.01416445
1771 1.00799899
1772 1.01035508
1773 1.00883498
1774 1.00509377
1775 1.01434975
1776 1.01037965
1777 1.01254603
1778 1.00780654
1779 1.01152215
1780 1.01384991
1781 1.02065692
1782 1.01097127
1783 1.01683004
1784 1.01296267
1785 1.01050264
1786 1.00265166
1787 0.99783190
1788 1.00763370
1789 1.00859689
1790 1.00671000
1791 1.00467538
1792 0.99227037
1793 1.00906039
1794 1.00096486
1795 1.00906648
1796 1.00420591
1797 1.00262670
1798 1.00376850
1799 0.99902024
1800 0.99649575
1801 0.99871469
1802 1.00096331
1803 1.00425248
1804 1.00099525
1805 0.99754894
1806 1.00265166
1807 0.99568715
1808 0.98972347
1809 0.98800200
1810 0.99446104
1811 0.98661192
1812 0.99825700
1813 0.99594853
1814 0.98575667
1815 0.99368366
1816 0.99732367
1817 0.99621967
1818 1.00040608
1819 0.99280317
1820 0.98774471
1821 0.99681720
1822 0.98340586
1823 0.98815307
1824 0.99883133
1825 1.00460451
1826 0.99910934
1827 0.99568715
1828 1.01416770
1829 1.00784968
1830 1.00547629
1831 1.00362183
1832 1.00207834
1833 1.00362590
1834 1.00581496
1835 1.00782100
1836 1.00237725
1837 1.00150563
1838 1.00764211
1839 1.00841740
1840 1.00150666
1841 1.00006951
1842 1.00884574
1843 1.01407053
1844 1.00060513
1845 1.00931084
1846 1.00997500
1847 1.00964093
1848 1.01416770
1849 0.99748513
1850 1.00605726
1851 1.00321289
1852 1.01033823
1853 1.01264615
1854 1.00089945
1855 1.00767340
1856 1.00382825
1857 1.01390603
1858 0.99512417
1859 0.99444864
1860 1.00352955
1861 1.00397200
1862 1.00510930
1863 1.00588018
1864 1.00673111
1865 1.00613502
1866 1.00790624
1867 1.00191280
1868 1.00585745
1869 0.99748513
1870 1.00556968
1871 1.00798299
1872 1.01124675
1873 0.99872821
1874 1.00230794
1875 1.00464008
1876 1.00708113
1877 0.99852880
1878 1.00432494
1879 1.00387203
1880 1.00368622
1881 0.99262859
1882 1.00386436
1883 0.99578472
1884 1.00214386
1885 1.01047735
1886 1.00642634
1887 1.00029687
1888 1.00500255
1889 0.99667145
1890 1.00556968
1891 1.00497735
1892 0.99310000
1893 1.00594894
1894 0.99711791
1895 1.01199617
1896 0.99806439
1897 1.00620786
1898 1.00777786
1899 1.00562344
1900 1.00266663
1901 1.00471845
1902 1.00633258
1903 1.00694372
1904 1.01044968
1905 0.99865967
1906 0.99813739
1907 1.00254191
1908 0.99689736
1909 1.00550506
1910 1.00814523
1911 1.00497735
1912 1.00206080
1913 1.00016765
1914 1.00827650
1915 1.00580287
1916 1.00300137
1917 1.00188425
1918 0.99869263
1919 1.00549561
1920 1.00119058
1921 1.00541624
1922 1.00691199
1923 1.01079899
1924 1.00834050
1925 0.99968491
1926 0.99962175
1927 1.00266633
1928 1.00086143
1929 1.00185076
1930 1.00687238
1931 0.99642521
1932 1.00206080
1933 1.00020840
1934 1.00510004
1935 0.99341385
1936 1.00085037
1937 0.99927402
1938 0.99222497
1939 0.99899888
1940 1.00006579
1941 0.99304561
1942 0.99834969
1943 1.00185992
1944 0.99841198
1945 1.00270702
1946 0.99965752
1947 0.99756251
1948 1.00478767
1949 0.99197478
1950 1.00223577
1951 0.99077490
1952 0.99414391
1953 1.00020840
1954 0.99895069
1955 1.00094480
1956 1.00835056
1957 1.00674010
1958 1.00192935
1959 1.00803227
1960 0.99577314
1961 0.98922334
1962 0.99299396
1963 1.00619856
1964 0.99500898
1965 1.00364214
1966 1.00207921
1967 0.99670701
1968 0.98716337
1969 0.99699657
1970 0.99796038
1971 0.99918227
1972 1.00235029
1973 0.99815543
1974 0.99895069
1975 1.00377351
1976 1.00843514
1977 1.00233994
1978 0.99906275
1979 1.00657603
1980 1.00090760
1981 1.00870663
1982 1.00433752
1983 0.99900398
1984 1.00664549
1985 1.00073896
1986 0.99397397
1987 1.00473041
1988 0.99983602
1989 1.00260298
1990 1.00832878
1991 1.00037253
1992 0.99166718
1993 0.99504092
1994 1.00381019
1995 1.00377351
1996 1.00885993
1997 1.00900636
1998 0.99870592
1999 0.99812433
2000 0.99585342
2001 1.00514259
2002 1.00061708
2003 0.99168310
2004 0.99198039
2005 0.99438237
2006 0.99941533
2007 0.99334039
2008 0.99937130
2009 1.00674944
2010 1.00973572
2011 1.00036371
2012 0.99514645
2013 1.00107345
2014 0.99627909
2015 0.99194468
2016 1.00885993
2017 1.00268600
2018 1.00751575
2019 1.00963871
2020 1.00695506
2021 0.99748842
2022 1.00646018
2023 0.99925683
2024 1.01103806
2025 1.01304324
2026 1.01338975
2027 1.00768889
2028 1.00092063
2029 1.00714068
2030 1.00418526
2031 1.00388118
2032 1.00492023
2033 1.00535889
2034 1.00910681
2035 1.00251042
2036 0.99767932
2037 1.00268600
2038 1.00806526
2039 1.00042879
2040 0.99583288
2041 1.00571281
2042 0.99496300
2043 1.00381549
2044 1.00258367
2045 1.00486910
2046 1.00241389
2047 0.99809155
2048 1.00564164
2049 1.00240812
2050 1.00592230
2051 1.00746363
2052 1.00624987
2053 1.00604967
2054 0.99894823
2055 1.00652170
2056 1.00193515
2057 1.01063016
2058 1.00806526
2059 1.01212654
2060 0.99937669
2061 1.00579942
2062 1.00090811
2063 1.00340778
2064 1.00124407
2065 1.00481346
2066 0.99853072
2067 0.99536738
2068 0.99581538
2069 1.00215303
2070 1.00274379
2071 0.99709650
2072 1.00152498
2073 1.00872275
2074 1.00380541
2075 1.00354896
2076 1.00032408
2077 1.00325925
2078 1.00178372
2079 1.01212654
2080 1.00579522
2081 0.99816824
2082 1.01612112
2083 1.01081033
2084 1.00677347
2085 1.01595000
2086 0.99998898
2087 1.00381961
2088 1.00241023
2089 0.99377566
2090 1.00019885
2091 1.00744761
2092 0.99320957
2093 1.01482136
2094 1.00796082
2095 1.00641495
2096 1.00720322
2097 1.01030346
2098 0.99846931
2099 1.00434493
2100 1.00579522
2101 1.00394240
2102 1.00384276
2103 1.00741091
2104 0.99924799
2105 0.99040877
2106 1.00632226
2107 0.99639897
2108 0.99797318
2109 0.98870235
2110 0.99235754
2111 0.99977593
2112 0.99833444
2113 1.00539020
2114 1.00205516
2115 0.99808698
2116 0.99916838
2117 1.00966839
2118 0.99844924
2119 0.99471500
2120 1.00248211
2121 1.00394240
2122 0.99761385
2123 1.00778523
2124 1.00796226
2125 0.99829680
2126 1.00647745
2127 1.00836254
2128 1.00488748
2129 0.99752143
2130 1.00556322
2131 1.00698832
2132 1.00765956
2133 0.99935815
2134 1.00272544
2135 1.00749052
2136 1.00675449
2137 0.99819619
2138 0.99858927
2139 0.99933307
2140 1.00858506
2141 1.01315976
2142 0.99761385
2143 1.00984575
2144 1.00893221
2145 0.99932685
2146 1.00931337
2147 1.00308194
2148 1.00934117
2149 1.00669131
2150 1.00758806
2151 1.01188466
2152 1.00846687
2153 1.00568972
2154 1.01433368
2155 1.01573528
2156 1.00328371
2157 1.00720558
2158 1.01120914
2159 1.00183789
2160 1.01797717
2161 1.00698539
2162 1.01470643
2163 1.00984575
2164 1.00849121
2165 1.00816238
2166 1.00813858
2167 1.00838173
2168 1.00616486
2169 1.00554952
2170 1.00649711
2171 1.01280535
2172 1.00213192
2173 1.00904358
2174 1.00846958
2175 1.00163102
2176 1.00996634
2177 1.01154716
2178 1.00995818
2179 1.00408453
2180 1.00383693
2181 1.00607395
2182 1.00908422
2183 1.01662669
2184 1.00849121
2185 1.00495483
2186 0.99619321
2187 1.00044780
2188 0.99873318
2189 1.00165582
2190 1.00491887
2191 1.00409686
2192 1.00175604
2193 1.00079414
2194 1.00032213
2195 1.00361172
2196 0.99487428
2197 1.00544158
2198 0.99904462
2199 1.00074203
2200 1.00340289
2201 0.99684025
2202 1.00468761
2203 1.00849801
2204 0.99909590
2205 1.00495483
2206 1.00681906
2207 0.99461075
2208 0.99769165
2209 1.00113599
2210 0.99693304
2211 0.99936536
2212 0.99594246
2213 0.99767527
2214 1.00464586
2215 1.00675730
2216 0.99757796
2217 0.99825514
2218 0.98953684
2219 0.99586078
2220 1.00285312
2221 0.99683756
2222 1.00271277
2223 1.00366887
2224 0.99704284
2225 1.00876055
2226 1.00681906
2227 1.00927953
2228 1.01238869
2229 1.00706813
2230 1.00860281
2231 1.00805681
2232 0.99914621
2233 1.00933707
2234 1.01468145
2235 1.00153129
2236 1.00344650
2237 1.00702466
2238 0.99650793
2239 1.00319065
2240 1.00275964
2241 1.01492309
2242 1.00991231
2243 1.00917052
2244 1.00907100
2245 1.00869545
2246 1.01151000
2247 1.00927953
2248 1.00038337
2249 0.99986176
2250 0.99614023
2251 0.99244480
2252 1.00962583
2253 1.00556877
2254 0.99996495
2255 1.00095366
2256 1.00284442
2257 1.01040737
2258 1.00616054
2259 1.00883658
2260 1.00520505
2261 1.01225024
2262 1.00229347
2263 1.00178891
2264 1.00226855
2265 1.00914804
2266 0.99846433
2267 1.00356302
2268 1.00038337
2269 0.97978594
2270 0.99449762
2271 0.99410831
2272 0.99048377
2273 0.98929569
2274 1.00310245
2275 1.00018655
2276 0.99852236
2277 1.00067641
2278 0.99043728
2279 0.99636293
2280 1.00147639
2281 0.99558174
2282 1.00090671
2283 0.99398158
2284 0.99373239
2285 1.00680868
2286 0.99795962
2287 0.99182460
2288 1.00423935
2289 0.97978594
2290 0.99413577
2291 0.99835736
2292 0.99419948
2293 0.98802653
2294 1.00080779
2295 0.98846958
2296 0.99778080
2297 1.00064893
2298 0.99764876
2299 0.99333929
2300 0.99742956
2301 1.00641825
2302 1.00620635
2303 0.98477404
2304 0.99706556
2305 0.99982513
2306 0.99727415
2307 0.99203156
2308 0.99687194
2309 0.99211166
2310 0.99413577
2311 0.99665829
2312 1.00625717
2313 1.01084370
2314 1.00293792
2315 1.00736163
2316 1.00325945
2317 1.00352673
2318 0.99651586
2319 1.00383408
2320 1.00663506
2321 1.00641700
2322 1.00917951
2323 1.00858028
2324 1.01302274
2325 1.00258539
2326 1.00463142
2327 1.00135835
2328 1.00984008
2329 1.00666840
2330 1.00503579
2331 0.99665829
2332 1.00216379
2333 1.00773261
2334 1.00510347
2335 1.00936839
2336 1.00066130
2337 0.99855871
2338 0.99562957
2339 1.00467228
2340 1.00090059
2341 1.01057889
2342 1.01136632
2343 1.00380149
2344 1.00677430
2345 1.00308029
2346 1.00587113
2347 1.00073313
2348 1.00384644
2349 0.99633128
2350 1.00721013
2351 1.00565600
2352 1.00216379
2353 0.99476876
2354 0.99563889
2355 0.99622316
2356 0.98739685
2357 0.99985777
2358 1.00003642
2359 0.99510397
2360 0.99643248
2361 0.98885287
2362 1.00401019
2363 0.99765354
2364 0.99875600
2365 0.99600673
2366 1.00033374
2367 0.99374960
2368 0.99612262
2369 0.98950838
2370 1.00903434
2371 1.00209545
2372 1.00328353
2373 0.99476876
2374 1.01448824
2375 1.00538123
2376 1.00135691
2377 1.00057816
2378 0.98914424
2379 1.00621895
2380 1.00394518
2381 0.99860952
2382 1.00518204
2383 1.00228359
2384 1.00644647
2385 1.00313780
2386 1.00128766
2387 1.00456919
2388 1.01002860
2389 1.00480245
2390 0.99878048
2391 0.99607786
2392 1.00651710
2393 0.99379235
2394 1.01448824
2395 0.99853852
2396 1.01099946
2397 1.00284800
2398 1.00123134
2399 1.01178242
2400 1.01107570
2401 1.00477891
2402 0.99811743
2403 1.00716742
2404 0.99798312
2405 1.00044315
2406 1.00844420
2407 0.99578091
2408 0.99354937
2409 1.01824770
2410 0.99893576
2411 1.00663658
2412 1.01014952
2413 0.99544681
2414 1.00572873
2415 0.99853852
2416 1.00467759
2417 1.00322249
2418 0.99901818
2419 1.00399212
2420 0.99648359
2421 1.00934286
2422 0.99550177
2423 1.00293255
2424 1.01127169
2425 1.00033134
2426 1.00913692
2427 0.99912015
2428 1.00032798
2429 0.99306326
2430 0.99592197
2431 1.00021048
2432 1.00160411
2433 1.00111093
2434 1.00433670
2435 1.00328421
2436 1.00467759
2437 1.00637818
2438 1.00274335
2439 1.00466135
2440 1.00814498
2441 1.00377013
2442 1.01085466
2443 1.01073274
2444 1.00827237
2445 1.00093895
2446 1.00830893
2447 1.00346366
2448 1.00318771
2449 1.01359734
2450 0.99572336
2451 1.00250909
2452 1.00358171
2453 1.00475885
2454 1.01189452
2455 0.99904674
2456 0.99725579
2457 1.00637818
2458 0.99180234
2459 0.99667493
2460 0.99873114
2461 0.99977052
2462 1.00240943
2463 0.99321119
2464 0.99356017
2465 0.99688939
2466 0.99539579
2467 0.99820786
2468 0.98548266
2469 0.99964431
2470 0.99612149
2471 1.00331944
2472 0.99933572
2473 0.99114285
2474 0.99862874
2475 0.99849702
2476 0.99198542
2477 0.99406062
2478 0.99180234
2479 1.01082464
2480 1.00799587
2481 1.01049691
2482 1.01556106
2483 1.00487157
2484 1.00829995
2485 1.00879946
2486 1.00749832
2487 1.01908772
2488 1.00117150
2489 1.00195746
2490 1.01376005
2491 1.01019159
2492 1.00553422
2493 1.00067623
2494 1.01429832
2495 1.01109191
2496 1.00867963
2497 0.99923121
2498 1.00154975
2499 1.01082464
2500 1.00812387
2501 1.00969267
2502 0.99843920
2503 1.00927794
2504 1.00745625
2505 0.99629755
2506 0.99891513
2507 0.99874932
2508 1.00414060
2509 0.99321183
2510 0.99670869
2511 1.00212834
2512 1.00661783
2513 1.00868156
2514 0.99421514
2515 1.00187248
2516 1.00732239
2517 0.99942990
2518 1.00228743
2519 1.00325397
2520 1.00812387
2521 1.00365368
2522 1.00694984
2523 0.99731927
2524 0.99523550
2525 1.00808041
2526 0.99994108
2527 1.00762550
2528 1.00712658
2529 0.99726388
2530 1.00750169
2531 0.99663082
2532 1.00189833
2533 0.99436874
2534 1.00808837
2535 0.99884034
2536 1.00137854
2537 1.00516491
2538 1.00012347
2539 1.00006644
2540 0.99960342
2541 1.00365368
2542 0.99876136
2543 0.99652350
2544 1.00885057
2545 0.99795550
2546 0.99701057
2547 0.99870116
2548 0.99885734
2549 0.99681052
2550 0.99539783
2551 1.00285637
2552 1.00538121
2553 0.99007502
2554 1.00200610
2555 1.00082973
2556 1.00492216
2557 0.99757381
2558 0.99771621
2559 1.00138452
2560 0.99633905
2561 1.00122915
2562 0.99876136
2563 1.00119828
2564 1.00209929
2565 1.00553794
2566 1.00860641
2567 1.01427972
2568 1.00806002
2569 1.01183728
2570 1.00664222
2571 1.01678726
2572 1.00833580
2573 1.01302769
2574 1.00687670
2575 1.00942559
2576 1.01084484
2577 1.01768694
2578 1.01021929
2579 1.01454537
2580 1.01321395
2581 1.01196997
2582 1.00225470
2583 1.00119828
2584 1.00138897
2585 0.99922300
2586 0.99196753
2587 1.00119648
2588 1.00365894
2589 0.99772257
2590 1.00081249
2591 1.00864704
2592 0.99786460
2593 0.99814346
2594 1.00177167
2595 1.01150290
2596 1.00605746
2597 0.99096483
2598 0.99865086
2599 1.00195983
2600 1.00258673
2601 1.00105869
2602 1.00103657
2603 1.00305617
2604 1.00138897
2605 1.01391581
2606 1.00519413
2607 1.00254595
2608 1.01478073
2609 1.00836195
2610 1.00136014
2611 1.00081031
2612 1.00350000
2613 1.00751981
2614 1.00458376
2615 1.00392014
2616 1.00180241
2617 1.01286079
2618 1.00632736
2619 1.00072448
2620 1.00879336
2621 1.00620510
2622 1.00385188
2623 1.00671332
2624 1.00522630
2625 1.01391581
2626 1.00162273
2627 1.01018540
2628 1.01623774
2629 1.00873523
2630 1.01519046
2631 1.01955576
2632 1.00221532
2633 1.01563738
2634 1.00760566
2635 1.01243092
2636 1.01134418
2637 1.01265846
2638 1.01059916
2639 1.01086541
2640 1.01044770
2641 1.01762228
2642 1.01359843
2643 1.01349996
2644 1.00785505
2645 1.01059333
2646 1.00162273
2647 0.99519983
2648 1.00640727
2649 0.99099167
2650 1.00610166
2651 0.99866197
2652 1.00360672
2653 1.00403993
2654 0.99508048
2655 1.00527523
2656 1.00458900
2657 0.99883658
2658 0.99003954
2659 0.99731935
2660 0.99852039
2661 0.99676748
2662 0.99408235
2663 1.00379297
2664 0.99691108
2665 0.99558850
2666 1.00191083
2667 0.99519983
2668 1.00834050
2669 1.00841545
2670 1.00500543
2671 1.00567934
2672 1.01611672
2673 1.00849195
2674 1.00101060
2675 1.00625932
2676 1.01300764
2677 1.00712672
2678 1.00819989
2679 1.00738969
2680 0.99758818
2681 1.00252498
2682 1.01064379
2683 1.01042181
2684 1.01223398
2685 1.00901158
2686 1.00038979
2687 1.01007815
2688 1.00834050
2689 0.99053069
2690 0.99885004
2691 1.00000284
2692 1.00216308
2693 1.00430030
2694 1.00459414
2695 1.00293648
2696 0.99772709
2697 1.00017421
2698 0.98997315
2699 1.00552419
2700 0.99569730
2701 0.99678290
2702 1.00092608
2703 1.00786754
2704 1.00230821
2705 1.00030152
2706 0.99931092
2707 1.00558664
2708 1.00626415
2709 0.99053069
2710 0.99324772
2711 0.99798465
2712 0.99061311
2713 0.99711334
2714 1.00237242
2715 0.99651180
2716 1.00410744
2717 1.00291480
2718 0.99416615
2719 0.99533666
2720 0.99339825
2721 1.00659712
2722 0.99842547
2723 1.00191119
2724 0.99660539
2725 0.99784969
2726 0.99565196
2727 0.99899663
2728 0.99932573
2729 0.99688825
2730 0.99324772
2731 0.99748732
2732 1.00740107
2733 1.00691011
2734 1.00419366
2735 1.00196953
2736 1.00527334
2737 1.00579890
2738 1.00162418
2739 1.00523272
2740 1.00270767
2741 1.00199291
2742 1.00362568
2743 1.00237746
2744 1.00275068
2745 1.00051117
2746 0.99657911
2747 0.99519883
2748 0.99565998
2749 0.99754191
2750 1.00231903
2751 0.99748732
2752 0.99920411
2753 0.99825257
2754 1.00570135
2755 0.99696160
2756 0.98863769
2757 0.99473144
2758 0.99730002
2759 1.00291469
2760 0.99143005
2761 1.01388774
2762 0.99583001
2763 0.99980824
2764 0.99630338
2765 0.99622430
2766 1.00294836
2767 1.00088193
2768 0.99798500
2769 1.00359276
2770 0.99740716
2771 0.99409297
2772 0.99920411
2773 0.95683713
2774 0.95565509
2775 0.96228646
2776 0.97652743
2777 0.97602220
2778 0.97897150
2779 0.98866356
2780 0.98289110
2781 0.98369432
2782 0.97533727
2783 0.98770810
2784 0.98838191
2785 0.98684409
2786 0.97705757
2787 0.98650150
2788 0.97584918
2789 0.97722742
2790 0.97147129
2791 0.97122377
2792 0.96177114
2793 0.95683713
2794 1.00645376
2795 1.00984253
2796 1.00243207
2797 1.00363233
2798 1.00637368
2799 0.99648543
2800 1.00342688
2801 0.99711606
2802 1.00139927
2803 1.00218045
2804 1.00884658
2805 1.00007672
2806 1.00597612
2807 1.00408278
2808 1.00473022
2809 1.00692506
2810 1.00283291
2811 1.00314862
2812 0.99815553
2813 1.00807759
2814 1.00645376
2815 0.98908740
2816 0.99858703
2817 0.99539965
2818 0.99798501
2819 1.00201026
2820 0.99610067
2821 0.99825861
2822 1.00094127
2823 0.98826141
2824 0.99112908
2825 1.00153884
2826 0.99375386
2827 1.00511066
2828 0.99785742
2829 0.99751876
2830 0.99484013
2831 0.99585897
2832 0.99954905
2833 0.99326591
2834 1.00091864
2835 0.98908740
2836 1.00106433
2837 1.00306183
2838 1.00267012
2839 1.00127473
2840 1.00604670
2841 1.00506126
2842 1.00108328
2843 1.00103391
2844 1.01099409
2845 1.00961683
2846 1.00897301
2847 1.00377974
2848 1.00085417
2849 1.00385103
2850 1.00841004
2851 0.99835501
2852 1.00840586
2853 1.00765482
2854 1.00917073
2855 0.99721956
2856 1.00106433
2857 0.99732065
2858 0.99507381
2859 0.99342289
2860 1.00650825
2861 1.00201519
2862 0.99215072
2863 0.99598503
2864 0.99880706
2865 1.00877207
2866 0.99502067
2867 0.99900767
2868 1.00254361
2869 0.99924466
2870 1.00284664
2871 0.99474269
2872 1.00317252
2873 0.99537650
2874 1.00330860
2875 1.00224955
2876 0.99545870
2877 0.99732065
2878 0.99104715
2879 0.99886632
2880 0.99535595
2881 0.99770814
2882 1.00175714
2883 0.99608863
2884 0.99589295
2885 1.00622338
2886 0.99847277
2887 0.99757817
2888 0.99847099
2889 1.00223016
2890 1.00466731
2891 1.00307502
2892 0.99761410
2893 0.99744641
2894 0.99698929
2895 1.00149289
2896 0.99812705
2897 0.99482953
2898 0.99104715
2899 0.99432888
2900 1.00086800
2901 1.00791690
2902 1.00531392
2903 1.00177436
2904 1.00141794
2905 1.00111730
2906 1.00051995
2907 1.00889783
2908 1.00291977
2909 1.00425691
2910 1.01064582
2911 1.00463102
2912 0.99881464
2913 1.00409411
2914 1.00104772
2915 1.00965596
2916 1.00946364
2917 1.00369509
2918 0.99732048
2919 0.99432888
2920 1.00485415
2921 1.00672771
2922 1.01106983
2923 1.00751601
2924 1.01737174
2925 1.00169160
2926 1.00786614
2927 1.00849739
2928 1.00060093
2929 1.01244882
2930 1.00070733
2931 1.00762443
2932 1.01258022
2933 1.00534082
2934 1.00531884
2935 1.00950953
2936 1.00638360
2937 1.01190968
2938 1.01000574
2939 1.00282138
2940 1.00485415
2941 1.00419004
2942 1.00243178
2943 1.00557588
2944 1.00309252
2945 1.00165060
2946 0.99947164
2947 0.99175555
2948 1.00188697
2949 0.98997078
2950 0.99564180
2951 0.99496896
2952 0.99771750
2953 1.00671802
2954 0.99540856
2955 0.99785062
2956 1.00217233
2957 0.99179506
2958 1.01028603
2959 1.00345433
2960 0.99558416
2961 1.00419004
2962 0.99102548
2963 1.01211276
2964 1.00043959
2965 1.00017733
2966 1.01587363
2967 1.00192121
2968 0.99067564
2969 1.00002160
2970 0.99353102
2971 0.99082819
2972 1.00003096
2973 1.00117890
2974 0.99507073
2975 0.99953133
2976 1.00356460
2977 1.00945672
2978 0.99739762
2979 0.99854902
2980 0.99776806
2981 1.00345323
2982 0.99102548
2983 1.00292490
2984 1.00102759
2985 0.99849944
2986 1.00312893
2987 0.99599673
2988 1.00755954
2989 1.00257345
2990 1.00149880
2991 1.00956311
2992 0.98977951
2993 1.01497881
2994 1.00331890
2995 0.99878234
2996 1.01340642
2997 1.00263072
2998 1.00362806
2999 0.99510563
3000 1.00402688
3001 1.00194521
3002 1.00884964
3003 1.00292490
3004 0.99814428
3005 1.01106240
3006 1.00293616
3007 1.01161611
3008 1.01545494
3009 1.01383718
3010 1.00902882
3011 1.02464779
3012 1.01903816
3013 1.00922539
3014 1.01364057
3015 1.00870960
3016 1.01094889
3017 1.01103225
3018 1.00716681
3019 1.00395868
3020 1.00954737
3021 1.00505939
3022 1.01268690
3023 1.00322778
3024 0.99814428
