index DenDen_position
1 1.62113825
2 1.58032982
3 1.53272805
4 1.50387491
5 1.48830811
6 1.46959451
7 1.45456090
8 1.44724867
9 1.44214694
10 1.43553815
11 1.43533109
12 1.44730295
13 1.43659736
14 1.44722063
15 1.45344434
16 1.46944909
17 1.48617484
18 1.50203285
19 1.54239129
20 1.57429809
21 1.62113825
22 0.93823874
23 0.94866361
24 0.95271059
25 0.96794615
26 0.97325756
27 0.97010189
28 0.96172330
29 0.98350890
30 0.97801104
31 0.98443150
32 0.97483585
33 0.97532658
34 0.97257664
35 0.98407989
36 0.96409886
37 0.96703681
38 0.96411601
39 0.96580135
40 0.96187349
41 0.94449330
42 0.93823874
43 0.98688130
44 0.99670870
45 0.99325505
46 0.98507011
47 1.00010198
48 0.98658876
49 0.99166785
50 0.99146055
51 0.99517807
52 0.99638257
53 0.98031376
54 1.00124189
55 0.98681316
56 0.98994290
57 0.99739322
58 0.99088804
59 0.98323186
60 0.99207396
61 0.99041761
62 0.97644990
63 0.98688130
64 0.99272843
65 0.99247613
66 0.99897567
67 1.00253836
68 1.00036245
69 1.00774814
70 0.99852728
71 0.99237489
72 0.99350570
73 0.99883014
74 0.98862854
75 0.99393286
76 0.99902008
77 0.99536401
78 0.99235110
79 0.99426402
80 0.99724445
81 0.99614128
82 1.00622451
83 1.00003102
84 0.99272843
85 0.99688105
86 0.99662852
87 1.00074964
88 0.99180342
89 0.99437706
90 0.99006087
91 1.00209172
92 0.99828371
93 0.99366546
94 0.99849677
95 0.99152440
96 0.99146527
97 0.99649258
98 0.98844049
99 0.99337849
100 0.99823910
101 0.98778941
102 0.98928687
103 0.99422937
104 0.99856989
105 0.99688105
106 0.99209482
107 0.99779271
108 0.99017580
109 0.99047427
110 0.98978193
111 0.99745977
112 0.98923483
113 0.99390377
114 0.99709986
115 0.99130088
116 0.99888934
117 0.99386002
118 0.99159412
119 0.99780364
120 0.99430731
121 0.98788211
122 0.99328771
123 0.99580740
124 0.99875498
125 0.98688524
126 0.99209482
127 0.99425334
128 0.97901327
129 0.98785616
130 0.99024058
131 0.98543239
132 0.99715985
133 0.98357572
134 0.99353393
135 0.99423046
136 0.99601294
137 0.99147613
138 0.99915648
139 0.99118171
140 0.99398287
141 0.99584599
142 0.99869737
143 0.99794633
144 0.98599160
145 0.99608213
146 0.99441415
147 0.99425334
148 0.99269482
149 0.99168936
150 0.99794286
151 0.99327462
152 0.99698329
153 0.99259884
154 0.98913106
155 0.98961714
156 0.99299057
157 0.98449923
158 0.99796713
159 1.00094125
160 0.99416947
161 0.99503298
162 0.99231036
163 1.00148778
164 0.99003352
165 0.99049502
166 0.99501014
167 0.99203382
168 0.99269482
169 0.99209899
170 0.99599809
171 1.00097289
172 0.99909224
173 0.98271712
174 0.98954149
175 1.00231487
176 0.99379104
177 0.99024570
178 0.99735053
179 0.99655559
180 0.99612267
181 0.99492491
182 0.99265323
183 1.00046895
184 0.99641007
185 0.99414879
186 0.98545377
187 0.99046402
188 0.99883073
189 0.99209899
190 0.99735734
191 0.99200932
192 0.98994141
193 0.99102795
194 0.99892661
195 0.99562183
196 0.99662934
197 0.99677222
198 0.99725313
199 0.99147825
200 1.00040551
201 0.99815365
202 0.99902087
203 0.99618692
204 0.99779923
205 1.00122761
206 0.99982250
207 1.00098856
208 0.99625223
209 0.98722018
210 0.99735734
211 0.99343098
212 0.99058703
213 0.99463092
214 0.99056187
215 0.99783625
216 0.98696564
217 0.98592332
218 0.99469285
219 0.98258270
220 0.99450012
221 0.98107413
222 0.99538668
223 0.98803390
224 0.99372983
225 0.99264520
226 0.98910852
227 0.99857091
228 0.98615475
229 0.99075338
230 0.98938979
231 0.99343098
232 0.93737260
233 0.94669449
234 0.95300349
235 0.96395750
236 0.96331461
237 0.96990387
238 0.98571757
239 0.97369669
240 0.97466755
241 0.97786859
242 0.96619596
243 0.97580590
244 0.98128321
245 0.97892228
246 0.96784412
247 0.96918797
248 0.95833634
249 0.96509051
250 0.96724025
251 0.94486948
252 0.93737260
253 0.93375203
254 0.95073967
255 0.96324174
256 0.95727340
257 0.95956484
258 0.97031396
259 0.97455492
260 0.97012975
261 0.96940360
262 0.96851726
263 0.97833769
264 0.96323094
265 0.96794855
266 0.96530368
267 0.97484035
268 0.97132500
269 0.96562893
270 0.95421390
271 0.96231524
272 0.94722179
273 0.93375203
274 0.99236744
275 0.98687180
276 0.98719237
277 1.00001137
278 0.99771873
279 1.00527937
280 0.99572774
281 0.99781535
282 0.99462375
283 1.00865686
284 0.99504667
285 0.99602461
286 1.00014169
287 0.99037266
288 0.99335808
289 1.00063725
290 0.99717813
291 0.99505447
292 0.99460216
293 0.99448596
294 0.99236744
295 0.98977898
296 0.99804353
297 1.00181740
298 0.99656620
299 0.99460336
300 0.99458477
301 0.99716963
302 0.98860098
303 0.99864657
304 0.98966347
305 0.99103213
306 0.99187821
307 0.99072915
308 0.98797635
309 0.99368615
310 0.99316880
311 0.99614650
312 0.98315719
313 0.99189674
314 0.99178062
315 0.98977898
316 0.99324904
317 0.99466514
318 0.99311878
319 0.99649870
320 0.99451825
321 0.99178053
322 1.00156975
323 0.98752502
324 0.99287828
325 0.98507678
326 0.99116916
327 1.00064780
328 1.00205552
329 0.99723431
330 1.00157379
331 1.00023514
332 0.99546088
333 1.00185393
334 0.99365861
335 0.99552593
336 0.99324904
337 0.99618871
338 1.00017198
339 0.99164749
340 0.99810459
341 0.99708745
342 1.00445699
343 1.00186627
344 1.01236011
345 1.00179463
346 0.99356417
347 0.99509840
348 0.99660739
349 0.99438878
350 0.99485948
351 1.00425732
352 1.00062030
353 1.00890602
354 0.99534097
355 0.99062982
356 1.00048302
357 0.99618871
358 0.98480492
359 0.98941545
360 0.99594994
361 0.99196131
362 0.99146305
363 0.99354462
364 0.99389414
365 0.98467166
366 0.98610484
367 0.99830885
368 0.99067876
369 0.98858981
370 0.98828125
371 0.98876578
372 0.99284709
373 0.99333838
374 0.99322820
375 0.98710319
376 0.98243746
377 0.98477526
378 0.98480492
379 0.99357134
380 0.98934132
381 0.98848062
382 0.99259447
383 0.97598444
384 0.99369620
385 0.99482075
386 0.99271496
387 0.98673660
388 0.99152572
389 0.98398093
390 0.98479077
391 0.98965733
392 0.98927747
393 0.99446723
394 0.98951074
395 0.98801280
396 0.98575182
397 1.00134333
398 0.99083773
399 0.99357134
400 1.00036029
401 1.00042005
402 0.99638379
403 0.99321883
404 0.99086805
405 1.00405696
406 0.99099922
407 0.99103111
408 0.98842579
409 0.99531407
410 1.00630152
411 1.00315984
412 0.99201682
413 0.99892715
414 1.00440592
415 0.99563717
416 0.99196264
417 0.98944279
418 1.00056834
419 0.98762895
420 1.00036029
421 1.00199888
422 0.99611952
423 0.99690534
424 0.99526184
425 0.99078254
426 0.99218957
427 0.99789282
428 0.99829948
429 0.99983545
430 1.00466857
431 0.99415138
432 0.98901433
433 0.98975279
434 0.99929218
435 0.99889562
436 1.00183596
437 0.99620586
438 0.99075670
439 0.99933824
440 0.99368553
441 1.00199888
442 0.98856831
443 0.98669218
444 0.99438405
445 0.99346562
446 0.98849648
447 0.98832730
448 0.98761430
449 0.99532629
450 0.98349076
451 0.98762147
452 0.98625862
453 0.99015257
454 0.97799237
455 0.98268948
456 0.98758128
457 0.98003778
458 0.98613429
459 0.99429997
460 0.97870415
461 0.99407590
462 0.98856831
463 0.99381546
464 0.99781231
465 0.99583821
466 1.00140060
467 0.98968121
468 0.98553046
469 1.00096864
470 0.99607458
471 1.00401732
472 0.99164900
473 0.99834879
474 0.99805382
475 0.98971639
476 0.99173127
477 1.00029474
478 0.99704591
479 0.98832579
480 0.99031130
481 0.99448446
482 0.99924438
483 0.99381546
484 0.99603820
485 1.00117542
486 0.99727224
487 0.99800063
488 0.99969949
489 1.00465649
490 0.99374826
491 0.99851013
492 0.99718623
493 0.99741145
494 1.00644400
495 1.00522708
496 0.99785890
497 1.01028402
498 0.99619059
499 1.00379492
500 1.00182895
501 0.99918895
502 1.00280192
503 0.98656918
504 0.99603820
505 0.98619318
506 0.99587973
507 0.99400274
508 0.99753028
509 0.99248565
510 0.99628437
511 1.00155551
512 0.99421603
513 1.00038555
514 0.99503977
515 1.00239193
516 0.99773275
517 0.99426821
518 0.99511064
519 0.99558642
520 0.98458343
521 0.99868498
522 0.99698295
523 1.00503994
524 0.99777380
525 0.98619318
526 0.99222551
527 0.98922438
528 0.98961503
529 1.00104642
530 0.99360511
531 0.98671903
532 0.99090621
533 0.98961953
534 0.99859494
535 0.98641338
536 0.98950877
537 0.99486896
538 0.99572463
539 0.99158977
540 0.99807616
541 0.99248500
542 0.99726799
543 0.99102777
544 0.99547129
545 0.98844347
546 0.99222551
547 1.00509904
548 0.99513607
549 0.99583181
550 0.98730855
551 0.98776603
552 0.98632307
553 0.98963028
554 0.99610472
555 0.99507190
556 0.98741085
557 0.99110971
558 0.99528312
559 0.99690856
560 0.99771645
561 0.98809706
562 0.99743516
563 0.99169684
564 0.99712545
565 0.98300321
566 0.99355497
567 1.00509904
568 0.98658355
569 0.98928752
570 1.00362647
571 0.99444162
572 0.98096613
573 0.99718454
574 0.99277961
575 0.99891449
576 0.99025174
577 0.98558218
578 0.99922179
579 0.99288775
580 1.00014046
581 0.99062388
582 0.98768301
583 0.98633891
584 0.98186759
585 0.99233299
586 1.00138672
587 0.99941869
588 0.98658355
589 0.99797330
590 0.99931926
591 0.98860464
592 0.98904186
593 0.99922420
594 0.99430796
595 1.00183862
596 0.99360551
597 0.99433276
598 0.98699546
599 0.99441233
600 1.00045792
601 0.99551492
602 0.99977132
603 0.99919981
604 0.98558358
605 0.98887689
606 0.98877932
607 0.98918736
608 0.98718018
609 0.99797330
610 0.98777673
611 0.98048690
612 0.98817466
613 0.98973977
614 0.98374297
615 0.98990036
616 0.98365096
617 0.99355093
618 0.98976921
619 0.98017434
620 0.98158693
621 0.98521710
622 0.98107996
623 0.98317532
624 0.97798220
625 0.98582189
626 0.98605565
627 0.98831299
628 0.99078197
629 0.99651545
630 0.98777673
631 0.99560885
632 0.99432461
633 0.99289743
634 0.99119335
635 0.99458689
636 0.99725667
637 0.99805931
638 0.99682990
639 0.99869074
640 0.99262154
641 0.99939140
642 1.00491244
643 0.99589828
644 0.99511343
645 0.99071838
646 0.98964544
647 0.99283170
648 0.99398885
649 0.99516375
650 0.99675602
651 0.99560885
652 0.98752248
653 0.98415973
654 0.98985946
655 1.00043740
656 0.99033259
657 0.99380266
658 0.99424872
659 0.99355401
660 0.98875066
661 0.99073441
662 0.98347981
663 0.98652125
664 0.99375634
665 0.98908750
666 0.99174025
667 0.98696427
668 0.99163663
669 0.98704891
670 0.98846219
671 0.98589654
672 0.98752248
673 0.99857273
674 1.00334257
675 1.00441542
676 1.00008748
677 0.99796320
678 0.99362945
679 0.99645205
680 0.99764425
681 0.99172311
682 0.99824547
683 0.99443086
684 0.99840268
685 0.98624032
686 0.99585369
687 0.99673077
688 1.00132703
689 0.99873598
690 0.99940100
691 0.99692767
692 0.99405408
693 0.99857273
694 0.99877548
695 1.00026336
696 1.00597973
697 0.99930107
698 1.00351609
699 0.99999641
700 1.00408326
701 1.00206980
702 0.99867027
703 1.00328653
704 0.99708655
705 1.00970736
706 1.00359745
707 0.99590868
708 1.00261451
709 1.00199703
710 0.99007851
711 1.00389582
712 0.99240858
713 1.00608187
714 0.99877548
715 0.98753450
716 0.99698800
717 1.00007614
718 0.99427371
719 1.00662110
720 0.98841394
721 0.99979608
722 1.00114473
723 0.99867086
724 0.99553440
725 0.99445903
726 0.99125362
727 0.99325782
728 0.99411580
729 1.00625411
730 0.99966539
731 0.99708907
732 1.00592138
733 0.98387649
734 1.00478129
735 0.98753450
736 0.98655187
737 0.98749505
738 0.98527842
739 0.99499255
740 0.98399943
741 0.97592930
742 0.98972643
743 0.98558929
744 0.98913065
745 0.98212208
746 0.99009782
747 0.98881281
748 0.98191722
749 0.97668394
750 0.98299008
751 0.98124363
752 0.98779793
753 0.99725916
754 0.99184238
755 0.97825521
756 0.98655187
757 1.00245465
758 0.98674135
759 0.99569170
760 0.99889094
761 0.99486820
762 0.99235538
763 0.99672111
764 0.99856533
765 0.99502995
766 0.99005323
767 0.99732293
768 0.99516842
769 0.99399814
770 0.99010604
771 0.97399815
772 0.99589320
773 0.99955647
774 0.99330271
775 0.98458002
776 0.98776657
777 1.00245465
778 0.99512839
779 0.99909735
780 0.98592302
781 0.99229080
782 0.99743952
783 0.99467338
784 0.99079779
785 0.99415259
786 1.00139661
787 0.99248335
788 0.99516183
789 0.99636087
790 1.00016582
791 0.99471481
792 0.99960845
793 0.99970457
794 0.99078300
795 1.00316717
796 0.99023547
797 0.99415000
798 0.99512839
799 0.99651358
800 0.99452379
801 0.99173902
802 0.99127516
803 1.00350511
804 0.99107182
805 1.00149433
806 0.99592834
807 0.99594322
808 0.99667387
809 0.99753467
810 0.99765134
811 1.00594701
812 1.00792387
813 0.99577670
814 1.00161827
815 0.98896753
816 0.99572104
817 0.99406830
818 0.99135087
819 0.99651358
820 0.99166446
821 0.99510505
822 0.98751424
823 0.99907643
824 0.99153596
825 1.00209375
826 0.98585539
827 0.99659379
828 0.98591330
829 0.99497917
830 0.99731412
831 0.99595993
832 0.99374083
833 0.99355445
834 0.99233947
835 0.98941403
836 0.98888618
837 0.98479447
838 0.99269526
839 0.97821745
840 0.99166446
841 0.99313002
842 1.00484084
843 1.00402151
844 0.99998014
845 0.99483301
846 1.00258347
847 0.99102172
848 0.99304881
849 0.99040463
850 0.99318323
851 0.99319535
852 0.99318046
853 0.99022627
854 0.99745659
855 1.00074222
856 1.00446361
857 0.98922859
858 1.00635488
859 0.99815850
860 0.99842197
861 0.99313002
862 0.99880435
863 0.98546598
864 0.99543375
865 0.99113426
866 0.99185731
867 0.98325681
868 0.99123427
869 0.99181888
870 0.98069796
871 0.98567865
872 0.99145698
873 0.98565173
874 0.99010541
875 0.98387852
876 0.98218068
877 0.99139947
878 0.99424783
879 0.98462697
880 0.98660470
881 0.98626481
882 0.99880435
883 0.98981388
884 0.98902399
885 0.99299537
886 0.99176727
887 0.99528495
888 0.99720947
889 0.99021794
890 0.99243552
891 0.99692866
892 0.99678165
893 0.98632778
894 0.99407597
895 0.99751290
896 0.98825725
897 0.99542858
898 0.99143605
899 0.98912460
900 0.98705806
901 0.99129956
902 0.99577917
903 0.98981388
904 0.99339872
905 0.98979990
906 0.99822868
907 1.00384172
908 0.99849818
909 0.98974058
910 0.99403121
911 0.99481890
912 0.98993735
913 0.99441114
914 0.99445188
915 0.98920738
916 0.98907461
917 0.99613699
918 1.00031250
919 0.99122220
920 0.99444010
921 0.98417152
922 0.99248712
923 0.99903695
924 0.99339872
925 0.99771176
926 0.99271819
927 0.99900309
928 0.99386583
929 0.99680651
930 0.99636056
931 0.99580050
932 1.00514869
933 1.00028195
934 0.99316185
935 0.98651460
936 0.98673191
937 0.99515840
938 0.99099577
939 0.99041965
940 0.99046938
941 0.98918651
942 0.99011424
943 0.99199665
944 0.99763584
945 0.99771176
946 0.98864484
947 0.99610620
948 0.99550083
949 0.98810067
950 0.98798937
951 0.98534703
952 0.97693943
953 0.98074981
954 0.99204861
955 0.99412949
956 0.98479854
957 0.98585828
958 0.99219501
959 0.98534758
960 0.98886364
961 0.98631817
962 0.97870493
963 1.00261400
964 0.99639987
965 0.98807510
966 0.98864484
967 0.99591783
968 0.98991562
969 0.99302507
970 0.98038699
971 0.99752656
972 0.99076574
973 1.00039852
974 0.99474301
975 0.98980121
976 0.99120077
977 0.99158796
978 0.98989762
979 0.99293307
980 0.99056705
981 0.98352769
982 0.98437677
983 0.99104213
984 0.98784141
985 0.97885679
986 0.99268481
987 0.99591783
988 0.99415829
989 0.99338900
990 0.99855254
991 0.99826012
992 0.99269401
993 0.99243878
994 0.99777748
995 0.99882408
996 0.99996914
997 1.00124501
998 0.99434875
999 0.99161227
1000 0.99002171
1001 1.00481319
1002 0.99652277
1003 0.99566941
1004 0.99267922
1005 0.99711138
1006 0.99203173
1007 1.00432765
1008 0.99415829
1009 0.98589787
1010 0.98792483
1011 0.99274790
1012 1.00541584
1013 1.00222703
1014 0.99762110
1015 1.00257231
1016 0.99791280
1017 0.99752682
1018 0.99874466
1019 0.98705295
1020 0.99330267
1021 1.00089366
1022 0.98990071
1023 1.00493199
1024 0.99105909
1025 0.99152353
1026 0.98752233
1027 0.99600837
1028 1.00781368
1029 0.98589787
1030 0.98530881
1031 0.98297551
1032 0.98925517
1033 0.98761646
1034 0.98166611
1035 0.99868900
1036 0.99496048
1037 0.98210276
1038 0.98909889
1039 0.98503514
1040 0.98427071
1041 0.98253736
1042 0.99149795
1043 0.98598820
1044 0.98632371
1045 0.98412948
1046 0.98679372
1047 0.98223490
1048 0.97899199
1049 0.99255933
1050 0.98530881
1051 0.98710379
1052 0.98825448
1053 0.98589832
1054 0.98319402
1055 0.99185078
1056 0.98993451
1057 0.99863794
1058 0.98800918
1059 0.99325283
1060 0.98785541
1061 0.99447525
1062 0.98069885
1063 0.99355877
1064 0.98840497
1065 0.98968480
1066 0.99469360
1067 0.99530485
1068 0.99122641
1069 0.99644554
1070 0.98797497
1071 0.98710379
1072 0.99774409
1073 0.99667323
1074 1.00243547
1075 0.99615342
1076 0.99416691
1077 0.99949496
1078 0.99908738
1079 0.99280900
1080 0.99848142
1081 1.00104014
1082 0.99096934
1083 0.99709112
1084 1.00870713
1085 0.99714988
1086 1.00008485
1087 1.00447104
1088 0.99837532
1089 0.99456293
1090 1.00733026
1091 0.99986394
1092 0.99774409
1093 0.99140413
1094 0.97859834
1095 0.98651073
1096 0.99025660
1097 0.98589424
1098 0.98185732
1099 0.99191176
1100 0.98890835
1101 0.98882883
1102 0.98802300
1103 0.98937468
1104 0.99032414
1105 0.99469822
1106 0.99204735
1107 0.98618983
1108 0.97818213
1109 0.97946237
1110 0.99246530
1111 0.99027022
1112 0.98850888
1113 0.99140413
1114 1.00589299
1115 1.00026971
1116 0.99640294
1117 1.00124131
1118 1.00129737
1119 0.99142154
1120 0.98879447
1121 0.99761593
1122 1.00243177
1123 0.99198459
1124 0.98872276
1125 1.00058437
1126 0.99984345
1127 0.98817457
1128 0.99924073
1129 0.99701654
1130 0.99895759
1131 0.99574432
1132 1.00449005
1133 1.00257931
1134 1.00589299
1135 0.99758930
1136 0.99831986
1137 1.00237279
1138 0.99471648
1139 0.99438243
1140 0.98932313
1141 1.00403891
1142 0.99028558
1143 0.99719642
1144 1.00512580
1145 0.99774415
1146 0.99196372
1147 0.99382747
1148 0.99722429
1149 1.00337525
1150 0.99781249
1151 0.99601212
1152 0.99645293
1153 1.00058097
1154 0.99590370
1155 0.99758930
1156 0.99499737
1157 0.99397581
1158 0.99643528
1159 0.99859161
1160 1.00257923
1161 0.98099817
1162 0.99526500
1163 0.99474020
1164 0.98807335
1165 0.99630779
1166 0.98525018
1167 0.99231866
1168 0.99303572
1169 0.99663461
1170 0.98874028
1171 0.99703924
1172 0.99837755
1173 0.98955800
1174 0.98890374
1175 0.99526127
1176 0.99499737
1177 0.99635511
1178 0.99547761
1179 0.99234652
1180 0.99552243
1181 0.98759103
1182 0.98848894
1183 0.98649597
1184 1.00236702
1185 0.99686999
1186 1.00311125
1187 0.99549348
1188 0.99363272
1189 0.99050707
1190 0.99101967
1191 0.99367528
1192 0.99158184
1193 0.99440752
1194 0.99312613
1195 0.99273303
1196 0.99505972
1197 0.99635511
1198 0.99520752
1199 0.99246128
1200 0.98323714
1201 0.98822453
1202 0.99192234
1203 0.99283435
1204 0.99150803
1205 0.98995860
1206 0.99236582
1207 0.99177458
1208 0.98622403
1209 0.99462285
1210 0.98773826
1211 0.99179279
1212 0.98795661
1213 0.99326681
1214 0.99895893
1215 0.99455752
1216 0.99361576
1217 0.99936143
1218 0.99520752
1219 0.98864705
1220 0.99734066
1221 0.98977056
1222 0.99374490
1223 1.00047888
1224 1.00597878
1225 0.98939580
1226 0.98960334
1227 0.99990818
1228 0.99009712
1229 0.98469139
1230 0.99706845
1231 0.98693732
1232 0.99243175
1233 0.98312576
1234 0.99158034
1235 0.99249877
1236 0.99381920
1237 0.99452930
1238 0.99363248
1239 0.98864705
1240 0.99094307
1241 0.99483753
1242 0.99678903
1243 0.99742126
1244 0.99473123
1245 0.99904915
1246 0.99942675
1247 0.99221372
1248 0.99128777
1249 0.99570977
1250 1.00372888
1251 0.99430357
1252 1.00511645
1253 0.98772618
1254 1.00187485
1255 1.00663959
1256 0.99598673
1257 1.00851798
1258 0.98644580
1259 0.99183520
1260 0.99094307
1261 0.99030124
1262 0.99596689
1263 0.99228123
1264 0.99655394
1265 0.99882556
1266 0.99777646
1267 0.99943886
1268 0.98789272
1269 0.99404091
1270 0.99325363
1271 0.99732771
1272 0.98694426
1273 0.99320449
1274 0.98977450
1275 0.99434165
1276 0.99356486
1277 0.99952719
1278 0.99954296
1279 0.99394306
1280 0.98654463
1281 0.99030124
1282 0.99705814
1283 0.99647248
1284 1.00297376
1285 0.99126469
1286 0.99585694
1287 1.00644165
1288 1.00219499
1289 0.99016526
1290 0.99844845
1291 0.99665113
1292 0.98974522
1293 1.00216025
1294 0.99067592
1295 0.99448815
1296 0.99440294
1297 0.99288130
1298 0.98698358
1299 0.99476168
1300 0.99658718
1301 0.98986514
1302 0.99705814
1303 1.00389209
1304 0.99303787
1305 0.99766505
1306 0.98665779
1307 0.99825974
1308 0.99758465
1309 0.98889524
1310 0.99655332
1311 0.99131666
1312 0.99819884
1313 0.99181274
1314 0.99453426
1315 1.00127787
1316 0.98757416
1317 0.99655159
1318 0.99733380
1319 0.99911377
1320 0.99154106
1321 0.99267205
1322 0.99283645
1323 1.00389209
1324 1.00323076
1325 0.99812697
1326 0.99405602
1327 0.99732802
1328 0.99978315
1329 1.00142750
1330 1.00227993
1331 0.99401212
1332 0.99390699
1333 0.99985045
1334 1.00300434
1335 0.99832842
1336 0.99363247
1337 1.00348825
1338 0.99780867
1339 1.00106810
1340 0.99555136
1341 0.99405540
1342 1.00033275
1343 1.00204592
1344 1.00323076
1345 0.98754005
1346 0.99408128
1347 1.00459349
1348 0.99081303
1349 0.98880991
1350 0.99263447
1351 0.99246264
1352 0.98801786
1353 0.98990540
1354 0.98535206
1355 0.98997578
1356 0.99620170
1357 0.98845593
1358 0.99692833
1359 0.97868088
1360 0.98884151
1361 0.98656670
1362 0.98999292
1363 0.98613259
1364 0.99224797
1365 0.98754005
1366 0.98777467
1367 0.98586392
1368 0.98684281
1369 0.98809644
1370 0.98674625
1371 0.98851550
1372 1.00156428
1373 0.99410965
1374 0.98629600
1375 0.98864232
1376 0.99333726
1377 0.98353536
1378 0.98882010
1379 0.98421686
1380 0.98739731
1381 0.99055663
1382 0.98335105
1383 0.98825593
1384 0.98103300
1385 0.98632318
1386 0.98777467
1387 0.99142345
1388 0.98904096
1389 0.99068363
1390 0.98249742
1391 0.98830127
1392 0.98203088
1393 0.98950199
1394 0.99628381
1395 0.98942822
1396 0.99092893
1397 0.99367640
1398 0.99061506
1399 0.99519290
1400 0.97890438
1401 0.99489387
1402 0.98845077
1403 0.99419551
1404 0.99215974
1405 1.00330629
1406 0.99147181
1407 0.99142345
1408 1.00107384
1409 0.98439203
1410 0.98821715
1411 0.98905683
1412 0.99069529
1413 0.98416937
1414 0.99312812
1415 0.99036692
1416 0.98555919
1417 0.98393220
1418 0.98910856
1419 0.98998540
1420 0.98934871
1421 0.99115694
1422 0.99111230
1423 0.99091631
1424 0.98254932
1425 1.00237957
1426 0.99554399
1427 0.98564514
1428 1.00107384
1429 1.00626159
1430 0.99365588
1431 0.99675430
1432 1.00272856
1433 0.99282216
1434 0.99690436
1435 0.99197230
1436 1.00225946
1437 0.99146447
1438 0.99545275
1439 0.99515731
1440 0.99942020
1441 0.99444423
1442 0.99527351
1443 0.99808771
1444 0.99853122
1445 1.00215694
1446 0.99987614
1447 0.99735875
1448 1.00735652
1449 1.00626159
1450 0.99428900
1451 1.00359607
1452 0.98742664
1453 0.99543582
1454 0.99107685
1455 0.99142946
1456 0.99101671
1457 0.99486733
1458 0.99766565
1459 0.99184113
1460 0.99445838
1461 1.00375040
1462 0.99208656
1463 0.98425511
1464 0.98895918
1465 0.99744058
1466 0.99306493
1467 0.99393152
1468 0.99810343
1469 0.99395257
1470 0.99428900
1471 0.99294497
1472 1.01123235
1473 0.99098223
1474 0.99393993
1475 0.99563109
1476 0.99159640
1477 0.99627368
1478 0.98932074
1479 0.99606328
1480 0.99560159
1481 0.99654981
1482 0.98703103
1483 1.00209708
1484 0.98906917
1485 0.99424006
1486 0.99250335
1487 0.99981699
1488 0.99005704
1489 0.98783954
1490 0.99649761
1491 0.99294497
1492 0.99159572
1493 0.99066456
1494 0.98926837
1495 0.99245859
1496 0.99334089
1497 0.98800240
1498 0.98218641
1499 0.98795994
1500 0.99404478
1501 0.99400457
1502 0.98613224
1503 0.99143995
1504 0.99221874
1505 0.99243821
1506 1.00082683
1507 0.99076848
1508 0.99280099
1509 1.00062495
1510 0.98205674
1511 0.99478726
1512 0.99159572
1513 1.00029641
1514 0.99153241
1515 0.98738658
1516 0.99176879
1517 0.98958990
1518 0.98728082
1519 0.98132109
1520 0.98176261
1521 0.99219021
1522 0.99855497
1523 0.99272166
1524 0.99734398
1525 0.99699141
1526 0.98138257
1527 0.99858182
1528 0.99219554
1529 0.99828512
1530 1.00310517
1531 0.99559659
1532 0.99369419
1533 1.00029641
1534 0.98500877
1535 0.99101173
1536 0.99196778
1537 0.99472798
1538 0.99515169
1539 0.99469533
1540 1.00186541
1541 0.98702562
1542 0.99612506
1543 0.99276961
1544 0.98380917
1545 0.98400015
1546 0.99490332
1547 0.99142831
1548 0.98652389
1549 0.99522660
1550 0.99748447
1551 0.98738861
1552 1.00004659
1553 0.99701660
1554 0.98500877
1555 0.98660777
1556 0.98957303
1557 0.99110749
1558 0.99558407
1559 0.99506182
1560 0.98640064
1561 0.99194066
1562 0.99266751
1563 0.99675827
1564 0.98783241
1565 0.99538960
1566 0.99068770
1567 0.99797349
1568 0.99394546
1569 0.99024721
1570 0.99271615
1571 0.99267005
1572 0.99589020
1573 0.99012957
1574 0.99640929
1575 0.98660777
1576 0.98621331
1577 1.00177709
1578 0.99174204
1579 0.99251005
1580 0.99127744
1581 0.99790473
1582 0.98895499
1583 0.99461371
1584 0.99536380
1585 1.00494483
1586 0.98489070
1587 0.98671612
1588 0.99741319
1589 1.00135147
1590 0.98865867
1591 0.99825168
1592 0.99440568
1593 1.00427501
1594 0.99751568
1595 1.00124728
1596 0.98621331
1597 0.99427425
1598 0.99344114
1599 0.98995581
1600 0.98583114
1601 0.98618065
1602 0.98488520
1603 0.99079819
1604 0.97988884
1605 0.99740413
1606 0.99109264
1607 0.98916709
1608 0.98866402
1609 0.99068041
1610 0.98467216
1611 0.98824278
1612 0.98642327
1613 0.99201182
1614 0.99122041
1615 0.98236501
1616 0.98307863
1617 0.99427425
1618 0.98802291
1619 0.99780596
1620 0.98580761
1621 0.98988587
1622 0.98811089
1623 0.99376587
1624 0.98563444
1625 0.98720062
1626 0.99407974
1627 0.99861663
1628 0.99285000
1629 0.98936768
1630 0.99825216
1631 0.99810165
1632 0.99193179
1633 1.00242626
1634 0.98816223
1635 0.99235397
1636 0.99984202
1637 0.99283586
1638 0.98802291
1639 0.98442742
1640 0.98721127
1641 0.99812822
1642 0.99215137
1643 0.98609704
1644 0.98332121
1645 0.98933269
1646 0.98158993
1647 0.99515836
1648 0.98553358
1649 0.98945124
1650 0.98475300
1651 0.99166457
1652 0.99401562
1653 0.99437207
1654 0.98297927
1655 0.99923294
1656 0.98694908
1657 0.99420164
1658 0.98948635
1659 0.98442742
1660 0.99968135
1661 0.98461240
1662 0.99881943
1663 0.99834944
1664 1.00067403
1665 0.98209836
1666 0.99382966
1667 0.99036320
1668 0.99416664
1669 0.99209623
1670 0.99071100
1671 0.99060394
1672 0.99016625
1673 0.98796801
1674 0.99572642
1675 0.99789716
1676 0.99643284
1677 0.99710407
1678 0.99415791
1679 0.98836622
1680 0.99968135
1681 0.97987598
1682 0.98987547
1683 0.99270066
1684 0.99378296
1685 0.98901745
1686 0.99265475
1687 0.98981485
1688 0.98345543
1689 0.99122320
1690 0.98616667
1691 0.98655111
1692 0.98189186
1693 0.98164274
1694 0.98563538
1695 0.97770628
1696 0.98120733
1697 0.98410865
1698 0.99370103
1699 0.98575829
1700 0.99087037
1701 0.97987598
1702 0.99341475
1703 0.99730297
1704 0.99986148
1705 0.99349854
1706 0.98960548
1707 0.98932276
1708 0.99688787
1709 0.99051709
1710 0.99423028
1711 0.99039964
1712 0.98913416
1713 0.98965727
1714 0.99234097
1715 0.99825476
1716 0.98791606
1717 0.99620569
1718 1.00157499
1719 0.99650080
1720 0.98930472
1721 0.99344666
1722 0.99341475
1723 0.99971091
1724 0.99246170
1725 0.99907711
1726 1.00241085
1727 0.99485540
1728 0.99741600
1729 0.99773496
1730 0.99172565
1731 0.99368997
1732 0.99105675
1733 0.99145721
1734 0.98684444
1735 0.99317711
1736 0.99060668
1737 0.99712202
1738 0.99069597
1739 0.99675166
1740 0.99838309
1741 0.98509079
1742 0.99332170
1743 0.99971091
1744 0.99176851
1745 0.99235433
1746 0.99282742
1747 0.98980583
1748 0.99979346
1749 0.99326590
1750 0.99342447
1751 0.99885705
1752 0.98769843
1753 0.99956334
1754 0.99081156
1755 0.99137236
1756 0.98756078
1757 1.00316337
1758 0.99344059
1759 0.99301059
1760 1.00305942
1761 0.99491897
1762 0.98163904
1763 0.98278042
1764 0.99176851
1765 0.98870098
1766 0.98759988
1767 0.99846031
1768 0.99195061
1769 0.99110156
1770 0.98955770
1771 0.98981789
1772 0.99353558
1773 0.99148769
1774 0.99040235
1775 0.99552750
1776 0.99381337
1777 0.99771836
1778 0.99070077
1779 1.00459773
1780 1.00238112
1781 0.99661686
1782 0.97675526
1783 0.99745260
1784 0.99164353
1785 0.98870098
1786 0.99035162
1787 0.99013495
1788 0.99436190
1789 0.99023458
1790 0.99023905
1791 0.98772101
1792 0.98933287
1793 0.99337574
1794 1.00085778
1795 0.98213012
1796 0.99426656
1797 0.99302315
1798 0.99081460
1799 0.99505159
1800 0.99150273
1801 0.99030636
1802 0.99005750
1803 0.99671518
1804 0.98743174
1805 0.99086304
1806 0.99035162
1807 0.98950948
1808 0.98308074
1809 0.99268211
1810 1.00806525
1811 0.98143407
1812 0.98828151
1813 0.99432921
1814 0.99913392
1815 0.99677755
1816 0.98972299
1817 0.98750737
1818 0.98744837
1819 0.99398527
1820 0.98958648
1821 0.99810454
1822 0.99232357
1823 0.99562463
1824 0.99574962
1825 0.98455970
1826 0.99664872
1827 0.98950948
1828 0.99527644
1829 1.00197320
1830 1.00068133
1831 0.99035034
1832 1.00401500
1833 0.99561411
1834 0.99442888
1835 0.99340651
1836 0.98823411
1837 1.01000196
1838 0.99575364
1839 0.99045253
1840 0.98351421
1841 0.98998299
1842 0.98816401
1843 0.98838607
1844 0.99645542
1845 0.99455121
1846 0.99916077
1847 0.98803877
1848 0.99527644
1849 0.99117945
1850 0.99600991
1851 0.99383089
1852 1.00014250
1853 1.00370072
1854 1.00027904
1855 0.99280778
1856 0.99365614
1857 0.99450131
1858 1.00012944
1859 0.99764410
1860 0.98867128
1861 0.99545189
1862 0.99177510
1863 1.00944398
1864 0.99607386
1865 0.99597354
1866 0.98609095
1867 1.00246141
1868 1.00176377
1869 0.99117945
1870 0.98818433
1871 0.99082138
1872 0.99189123
1873 0.99423925
1874 0.98742890
1875 0.99606608
1876 0.98409632
1877 0.99513711
1878 0.98156328
1879 0.99316794
1880 0.98970532
1881 0.99544584
1882 0.98950341
1883 0.98626312
1884 0.98423936
1885 0.99640923
1886 0.98991369
1887 0.99502034
1888 0.99452523
1889 0.98927513
1890 0.98818433
1891 0.97975875
1892 0.98592277
1893 0.99318383
1894 0.98593935
1895 0.99517477
1896 0.99719374
1897 0.98964813
1898 0.98641976
1899 0.99130910
1900 0.97980513
1901 0.99198011
1902 1.00033672
1903 0.98763454
1904 0.99120776
1905 0.98878611
1906 0.99236400
1907 0.98666751
1908 0.98779455
1909 0.99534535
1910 0.99493370
1911 0.97975875
1912 0.98279103
1913 0.99457007
1914 0.98401739
1915 0.98779857
1916 0.98326490
1917 0.98853233
1918 0.99257108
1919 0.99015726
1920 0.98767751
1921 0.98701243
1922 0.98360905
1923 0.98524673
1924 0.98892704
1925 0.98579940
1926 0.98462620
1927 0.98351910
1928 0.98415844
1929 0.99351069
1930 0.98982801
1931 0.98681458
1932 0.98279103
1933 0.98644832
1934 0.98811103
1935 0.98687164
1936 0.99173089
1937 0.99270899
1938 0.98600746
1939 0.99258970
1940 0.99155814
1941 0.99151390
1942 1.00508348
1943 0.99709822
1944 0.98504519
1945 0.99166521
1946 1.00040283
1947 0.99303555
1948 0.99754816
1949 0.98085752
1950 0.99361691
1951 1.00030686
1952 0.99434578
1953 0.98644832
1954 0.99760627
1955 1.00123985
1956 0.99809167
1957 0.99908781
1958 1.00153712
1959 0.99532719
1960 0.99093430
1961 0.99753943
1962 0.99512856
1963 0.99429445
1964 0.98943195
1965 0.99745576
1966 0.99482604
1967 0.99388527
1968 0.99405030
1969 0.99956661
1970 0.99718117
1971 0.99763931
1972 0.98997811
1973 0.99645919
1974 0.99760627
1975 1.00095807
1976 0.99958854
1977 0.98569661
1978 0.99915147
1979 0.98491858
1980 0.98747823
1981 1.00000768
1982 0.99374489
1983 0.99352957
1984 0.99049940
1985 0.99846751
1986 0.99417384
1987 0.99502080
1988 1.00044305
1989 1.00039599
1990 0.99602713
1991 0.99373896
1992 1.00259775
1993 0.98400710
1994 0.99079493
1995 1.00095807
1996 1.00526686
1997 0.99283395
1998 1.00144358
1999 0.99103275
2000 0.99556233
2001 0.99878727
2002 0.98429180
2003 0.99469679
2004 0.99606306
2005 0.99346812
2006 0.99301076
2007 0.99543326
2008 0.99757349
2009 0.98654070
2010 1.00189518
2011 0.99779132
2012 0.99514919
2013 0.98807615
2014 0.99107109
2015 0.98875656
2016 1.00526686
2017 1.00016964
2018 1.00523222
2019 1.01090512
2020 0.99904260
2021 0.99261194
2022 1.00328320
2023 1.00188996
2024 0.99611055
2025 0.99713871
2026 1.00003724
2027 1.00182818
2028 0.99210624
2029 0.99704635
2030 1.00448584
2031 0.99896724
2032 0.99872254
2033 0.99960342
2034 0.99689893
2035 0.99640357
2036 1.00000956
2037 1.00016964
2038 1.00188578
2039 0.99817013
2040 0.99803175
2041 1.00078287
2042 1.00014374
2043 1.00547387
2044 0.99040216
2045 0.99449083
2046 1.00075309
2047 0.99046334
2048 0.99786381
2049 0.99331169
2050 1.00001063
2051 1.00031213
2052 0.99255303
2053 0.99473446
2054 0.99534283
2055 0.99896306
2056 0.99384493
2057 0.99528309
2058 1.00188578
2059 1.00152271
2060 0.99067641
2061 1.00413608
2062 0.99760991
2063 1.00019826
2064 0.99837775
2065 0.99253154
2066 0.98911627
2067 0.99803655
2068 0.99916682
2069 0.99591805
2070 0.99651488
2071 0.98584994
2072 0.99560159
2073 0.99795767
2074 0.99911873
2075 1.00095607
2076 0.99814837
2077 0.99582414
2078 1.00037344
2079 1.00152271
2080 0.98787837
2081 0.99408826
2082 1.00211390
2083 0.99492862
2084 0.99717661
2085 0.99138464
2086 0.99693935
2087 0.99428711
2088 0.99666190
2089 0.99359661
2090 0.99004578
2091 0.99125736
2092 0.99057605
2093 0.99354780
2094 0.99744360
2095 0.99184256
2096 0.98683764
2097 0.99653018
2098 1.00894185
2099 1.00646660
2100 0.98787837
2101 0.99919634
2102 0.98941579
2103 0.98658080
2104 0.99438767
2105 0.99580581
2106 0.98735581
2107 0.99111718
2108 0.99679074
2109 0.99608817
2110 1.00541743
2111 0.98854027
2112 0.99407689
2113 0.98874202
2114 0.99655945
2115 0.99475339
2116 1.00157058
2117 0.99427616
2118 0.99454210
2119 0.99150910
2120 0.99080155
2121 0.99919634
2122 1.00329854
2123 0.98947457
2124 0.99579253
2125 0.98522746
2126 0.99610670
2127 0.98568803
2128 0.99801047
2129 0.98803852
2130 0.99353365
2131 0.98353802
2132 0.98480041
2133 0.98908804
2134 0.99282816
2135 0.98496954
2136 1.00008881
2137 0.98773202
2138 0.99417059
2139 1.00363030
2140 0.98999451
2141 0.99246117
2142 1.00329854
2143 0.99192509
2144 0.99901492
2145 0.99023879
2146 0.99754374
2147 1.00367143
2148 0.99771059
2149 1.00148516
2150 1.00013663
2151 0.99972135
2152 0.99724093
2153 0.99554596
2154 1.00149135
2155 0.99335185
2156 1.00403989
2157 0.99856792
2158 1.00247233
2159 1.00064238
2160 0.99502290
2161 0.99109410
2162 0.99453927
2163 0.99192509
2164 1.01264464
2165 0.99420285
2166 0.98933007
2167 1.00155990
2168 0.99752731
2169 0.99527738
2170 0.99881772
2171 1.00032328
2172 0.99013427
2173 0.99022700
2174 0.99841126
2175 0.99943811
2176 0.98862847
2177 1.00197367
2178 0.99686692
2179 0.99863695
2180 0.99922664
2181 1.00286333
2182 0.99119669
2183 0.99559593
2184 1.01264464
2185 0.98533686
2186 0.98497120
2187 0.98004413
2188 1.00528121
2189 0.98038633
2190 0.99068744
2191 0.98977803
2192 0.99519908
2193 0.99744992
2194 0.99025667
2195 0.99094542
2196 0.99372002
2197 0.99151176
2198 0.99286861
2199 0.99211565
2200 0.99328715
2201 0.98824072
2202 0.98745488
2203 1.00067665
2204 0.97827194
2205 0.98533686
2206 0.99896095
2207 1.00265996
2208 0.98960428
2209 0.99434986
2210 0.99579969
2211 1.00100980
2212 0.99371614
2213 0.99379877
2214 0.99411015
2215 0.99708615
2216 1.00194012
2217 1.00458098
2218 1.00153620
2219 0.99360671
2220 1.00251370
2221 0.99524564
2222 1.00501859
2223 0.99058057
2224 0.99794828
2225 0.99256203
2226 0.99896095
2227 0.98918717
2228 0.98584702
2229 0.99067137
2230 0.99625041
2231 0.99226358
2232 0.99042589
2233 0.98991223
2234 0.99416104
2235 0.98521614
2236 0.99148062
2237 0.99382657
2238 0.99433535
2239 0.98614708
2240 0.99601260
2241 0.98422363
2242 0.99594756
2243 0.99359646
2244 0.98376930
2245 0.99465434
2246 0.98551674
2247 0.98918717
2248 0.98774898
2249 0.99410562
2250 0.99242464
2251 0.98989541
2252 0.99754866
2253 0.98832377
2254 0.99088341
2255 0.99126606
2256 0.99189188
2257 0.99059460
2258 0.98868326
2259 0.98873930
2260 0.98871553
2261 0.98926413
2262 0.98691189
2263 0.98652319
2264 1.00097055
2265 0.99746930
2266 0.99345150
2267 0.99408122
2268 0.98774898
2269 0.98038494
2270 0.99184462
2271 0.99833026
2272 0.99364703
2273 0.99047206
2274 0.99236291
2275 0.98664602
2276 0.99578490
2277 0.98882255
2278 1.00190822
2279 0.98637924
2280 0.99660696
2281 0.99117732
2282 0.99118381
2283 0.98965697
2284 0.99751763
2285 1.00345280
2286 0.99262892
2287 0.98954924
2288 0.99746456
2289 0.98038494
2290 1.00962059
2291 0.99336479
2292 0.99457793
2293 0.99659076
2294 1.00041089
2295 0.98828270
2296 0.99186234
2297 1.00876845
2298 0.99938909
2299 0.99792062
2300 0.99742318
2301 1.00023983
2302 0.98713244
2303 0.99341423
2304 0.99843990
2305 0.99737946
2306 1.00008858
2307 1.00234618
2308 0.98790637
2309 0.99797386
2310 1.00962059
2311 0.98882354
2312 0.98707728
2313 0.98723090
2314 0.98374290
2315 0.99097543
2316 0.98845832
2317 0.98664468
2318 0.98061200
2319 0.99016814
2320 0.97936675
2321 0.97978868
2322 0.98644545
2323 0.98037341
2324 0.98058407
2325 0.98585211
2326 0.99088499
2327 0.98773077
2328 0.99260609
2329 0.99164193
2330 0.98510020
2331 0.98882354
2332 0.98809766
2333 0.99220023
2334 0.98317268
2335 0.99284997
2336 0.98908699
2337 0.99078864
2338 0.98653062
2339 0.98737749
2340 0.99243732
2341 0.99589172
2342 0.99428273
2343 0.97633565
2344 0.98667945
2345 0.98812465
2346 0.98675256
2347 0.99330100
2348 0.99250624
2349 0.99382997
2350 0.99143414
2351 0.98364627
2352 0.98809766
2353 0.99215167
2354 0.99139438
2355 0.99886730
2356 0.98896768
2357 0.98573325
2358 0.99702012
2359 0.99425422
2360 0.98655316
2361 0.99519550
2362 0.99121619
2363 0.99890785
2364 0.99469251
2365 0.98254382
2366 0.99964247
2367 1.00062748
2368 0.99121093
2369 0.98664242
2370 0.98721696
2371 0.99441926
2372 0.98980070
2373 0.99215167
2374 0.99010847
2375 0.98499141
2376 0.98858415
2377 0.99385724
2378 1.00308534
2379 0.99385785
2380 0.98926794
2381 0.99535973
2382 0.99404840
2383 0.99281427
2384 0.99402844
2385 0.98588804
2386 0.99543334
2387 0.98944887
2388 0.98741487
2389 0.99151546
2390 0.99205678
2391 0.98962418
2392 0.99156564
2393 0.99760657
2394 0.99010847
2395 0.99220053
2396 0.99503436
2397 0.99159915
2398 0.98430099
2399 0.98848445
2400 0.98230604
2401 1.00232739
2402 0.99099541
2403 0.99673193
2404 0.99897184
2405 0.99403538
2406 0.99346816
2407 0.99426434
2408 0.99085593
2409 0.99304008
2410 0.99453037
2411 0.99583410
2412 0.98919139
2413 0.98881979
2414 0.99309077
2415 0.99220053
2416 0.98871386
2417 0.99527784
2418 0.98689372
2419 0.99704845
2420 0.99003909
2421 0.99109787
2422 0.98912180
2423 0.99399229
2424 0.98734099
2425 0.99201462
2426 0.99384523
2427 0.98984290
2428 0.98928380
2429 0.98835476
2430 0.98381583
2431 0.99220578
2432 0.98653691
2433 0.98630233
2434 0.98835516
2435 0.99846909
2436 0.98871386
2437 1.00797038
2438 0.99182923
2439 1.00141538
2440 0.99796483
2441 0.99533901
2442 0.99083138
2443 0.99739884
2444 1.00196799
2445 1.00326319
2446 1.00240596
2447 0.99796035
2448 0.99265044
2449 1.00557698
2450 0.99400933
2451 0.99651994
2452 1.00175568
2453 1.00079793
2454 0.99486670
2455 0.99907912
2456 0.98626867
2457 1.00797038
2458 0.98606337
2459 0.98469663
2460 0.98841365
2461 0.99388332
2462 0.99055682
2463 0.99528463
2464 0.99164787
2465 0.98449809
2466 1.00076605
2467 0.98873594
2468 0.99398343
2469 0.99058240
2470 0.98296381
2471 0.99066619
2472 0.99114399
2473 0.99772578
2474 0.99270844
2475 0.99183218
2476 0.98172517
2477 0.99000733
2478 0.98606337
2479 0.99807127
2480 0.98758195
2481 0.99467384
2482 1.00078311
2483 1.00442058
2484 0.99627467
2485 0.99674416
2486 0.99372050
2487 1.01120485
2488 1.00663714
2489 1.00395755
2490 0.99560223
2491 0.99942956
2492 0.99219657
2493 0.99940040
2494 0.99116901
2495 1.00968299
2496 0.99436088
2497 1.00445330
2498 0.99700721
2499 0.99807127
2500 0.99052486
2501 1.00318284
2502 0.99501017
2503 1.00035418
2504 0.99024438
2505 0.99219992
2506 0.99332034
2507 0.99257335
2508 0.98604118
2509 0.99440926
2510 0.99420842
2511 0.99816900
2512 0.99517693
2513 0.99926387
2514 0.99865527
2515 0.98870761
2516 0.99532298
2517 0.98685994
2518 0.99254003
2519 0.99156633
2520 0.99052486
2521 0.99969157
2522 1.00000369
2523 1.00076480
2524 0.99249963
2525 1.00367138
2526 0.99056166
2527 1.00525834
2528 0.99324310
2529 0.99727596
2530 0.99445706
2531 0.99939463
2532 0.99611023
2533 0.99997417
2534 0.99270038
2535 0.98993226
2536 1.01399127
2537 0.99750117
2538 0.99544328
2539 1.00179072
2540 1.00280167
2541 0.99969157
2542 0.98861957
2543 0.97981107
2544 0.98153229
2545 0.98725594
2546 0.98491928
2547 0.98155296
2548 0.99100807
2549 0.98234914
2550 0.97807351
2551 0.99032662
2552 0.98433849
2553 0.98292163
2554 0.98393557
2555 0.98704067
2556 0.99331009
2557 0.97701751
2558 0.98204135
2559 0.98510950
2560 0.98153242
2561 0.98041208
2562 0.98861957
2563 0.99485643
2564 1.00063293
2565 0.99245921
2566 0.99723378
2567 1.00491012
2568 0.99965858
2569 0.99714907
2570 0.98989706
2571 1.00150881
2572 0.99046798
2573 0.99841982
2574 1.00194812
2575 0.99615370
2576 0.98342353
2577 1.00021771
2578 0.99873075
2579 1.00409820
2580 1.00416296
2581 1.00673486
2582 0.99713714
2583 0.99485643
2584 1.00275861
2585 1.00077797
2586 1.00258282
2587 1.00655450
2588 0.99821097
2589 0.99737755
2590 0.99452634
2591 0.99592060
2592 0.99737457
2593 1.00022033
2594 0.99803438
2595 0.99761301
2596 1.00171465
2597 0.99854267
2598 0.99899357
2599 0.99933083
2600 1.00275611
2601 0.99512093
2602 1.00022846
2603 1.00567265
2604 1.00275861
2605 0.98648895
2606 1.00119439
2607 0.99814210
2608 0.99731236
2609 1.00007388
2610 0.99807995
2611 0.99730040
2612 0.99807397
2613 1.00106633
2614 0.99101633
2615 1.00172717
2616 0.99072399
2617 0.99929154
2618 0.99588675
2619 0.99757994
2620 0.99778143
2621 0.99668106
2622 1.00085068
2623 0.99096607
2624 0.99950059
2625 0.98648895
2626 0.99170313
2627 0.98730898
2628 0.98673481
2629 0.98615803
2630 0.99377516
2631 0.98639207
2632 0.99393456
2633 0.99186308
2634 0.98755690
2635 0.98173510
2636 0.99635899
2637 0.99290383
2638 0.98952907
2639 0.99587165
2640 0.98872715
2641 0.98400859
2642 0.99785701
2643 0.97932671
2644 0.98856669
2645 0.98410443
2646 0.99170313
2647 1.00618037
2648 0.99477605
2649 0.99592591
2650 0.99441927
2651 1.00123152
2652 0.99570018
2653 1.00153760
2654 0.99425791
2655 0.99775031
2656 0.99951008
2657 0.99015903
2658 0.99519607
2659 0.99423718
2660 0.99808778
2661 1.00661359
2662 0.99294047
2663 1.00243647
2664 0.99279862
2665 0.99249387
2666 0.98519745
2667 1.00618037
2668 0.98903070
2669 0.97573153
2670 0.98455407
2671 0.98127666
2672 0.99484282
2673 0.97984709
2674 0.97789357
2675 0.98554167
2676 0.98227230
2677 0.98706531
2678 0.97562714
2679 0.99243066
2680 0.99044957
2681 0.97945334
2682 0.98580024
2683 0.99271085
2684 0.98907617
2685 0.99161573
2686 0.98685613
2687 0.98743221
2688 0.98903070
2689 0.98864513
2690 0.99835222
2691 1.00045051
2692 0.99549232
2693 0.99503786
2694 0.99055979
2695 0.99273638
2696 0.99229364
2697 0.99079841
2698 0.99887103
2699 0.99653181
2700 0.99474948
2701 0.98893823
2702 0.99165349
2703 0.99574099
2704 0.99165814
2705 0.99202071
2706 0.99527187
2707 0.99791129
2708 1.00261067
2709 0.98864513
2710 0.99396036
2711 0.99194323
2712 0.99501767
2713 0.99029636
2714 0.99758655
2715 0.99830013
2716 0.99462990
2717 0.99954990
2718 0.99627962
2719 1.00318378
2720 0.99224854
2721 1.00025834
2722 0.98732347
2723 0.99363231
2724 1.00144261
2725 0.99432013
2726 0.99774692
2727 1.00370523
2728 0.99321596
2729 0.99981665
2730 0.99396036
2731 1.00158099
2732 1.00129006
2733 0.99021347
2734 1.00131499
2735 0.99197778
2736 0.99515364
2737 0.99169437
2738 0.99470074
2739 0.99018204
2740 1.00173121
2741 0.99166369
2742 0.99626904
2743 0.99299109
2744 0.99455512
2745 0.99113815
2746 0.99369713
2747 0.99495296
2748 0.99094262
2749 0.99239377
2750 0.98859970
2751 1.00158099
2752 0.98607339
2753 1.00302528
2754 0.98909952
2755 0.98603010
2756 0.98569843
2757 0.98674077
2758 0.98649369
2759 0.99420323
2760 0.99013449
2761 0.98658533
2762 0.99077403
2763 0.98804408
2764 0.99144604
2765 0.98697306
2766 0.99038354
2767 0.98394985
2768 0.99306787
2769 0.99314506
2770 0.99152591
2771 0.98756459
2772 0.98607339
2773 0.94300659
2774 0.94362327
2775 0.95334034
2776 0.96151553
2777 0.96477325
2778 0.97275602
2779 0.96604575
2780 0.96892658
2781 0.97592048
2782 0.97101094
2783 0.97865513
2784 0.98131234
2785 0.96928576
2786 0.97784669
2787 0.96907679
2788 0.96403996
2789 0.95970029
2790 0.95373550
2791 0.95196587
2792 0.93904889
2793 0.94300659
2794 1.00025315
2795 0.99363877
2796 1.00225482
2797 1.00404565
2798 0.99771880
2799 1.00545351
2800 0.99595364
2801 0.99369602
2802 1.00670687
2803 1.00559188
2804 0.99360467
2805 1.00281768
2806 1.00352693
2807 0.99493356
2808 0.99758838
2809 0.99470944
2810 1.00263537
2811 0.99557734
2812 0.99664666
2813 0.99703683
2814 1.00025315
2815 0.99111201
2816 1.00160927
2817 0.99286805
2818 0.98763282
2819 0.99365305
2820 0.99298275
2821 0.99734849
2822 0.99666760
2823 0.99733265
2824 0.98874487
2825 0.99592735
2826 0.99860008
2827 1.00434752
2828 0.98950858
2829 0.99634182
2830 0.99322393
2831 0.99419518
2832 0.98474943
2833 1.00096389
2834 0.99811372
2835 0.99111201
2836 0.98492072
2837 0.98135026
2838 0.99518827
2839 0.99240495
2840 0.99352673
2841 0.98914210
2842 0.98427985
2843 0.98352395
2844 0.98997491
2845 0.98313326
2846 0.98722068
2847 0.98427928
2848 0.99591228
2849 0.98818370
2850 0.98857623
2851 0.98645354
2852 0.98881360
2853 0.99128963
2854 0.98871416
2855 0.99081128
2856 0.98492072
2857 0.99605018
2858 1.00535290
2859 0.99321134
2860 0.99504101
2861 1.00371432
2862 0.98923772
2863 0.99887332
2864 0.98230272
2865 1.00184863
2866 1.00164844
2867 0.99038929
2868 1.00478895
2869 0.99123825
2870 0.99992275
2871 1.00208443
2872 0.98754314
2873 0.99177528
2874 0.98846988
2875 0.98934700
2876 0.99963246
2877 0.99605018
2878 0.99046071
2879 0.98552208
2880 1.00262459
2881 0.99949879
2882 0.99237501
2883 0.98462828
2884 0.99519465
2885 0.99616254
2886 0.99634651
2887 0.99925423
2888 1.00114448
2889 0.99294584
2890 0.99375465
2891 1.00489566
2892 0.98981896
2893 0.99634323
2894 1.00034394
2895 0.99324905
2896 0.99692354
2897 0.99138990
2898 0.99046071
2899 0.99268786
2900 0.99081325
2901 0.99226939
2902 0.99162533
2903 0.98754377
2904 0.98877144
2905 0.99272295
2906 0.99504301
2907 0.98619161
2908 0.98798487
2909 0.99042724
2910 0.98703519
2911 0.99128466
2912 0.97898836
2913 0.99031998
2914 0.99470736
2915 0.99448867
2916 0.99507059
2917 0.99266844
2918 0.98916428
2919 0.99268786
2920 0.98773606
2921 0.99529457
2922 0.98257415
2923 0.98775444
2924 0.98404483
2925 0.98754253
2926 0.98987555
2927 0.99001700
2928 0.98637819
2929 0.99404744
2930 0.99220675
2931 0.98240690
2932 0.97989125
2933 0.99631635
2934 0.99422892
2935 0.98654320
2936 0.99415205
2937 0.99615611
2938 1.00023092
2939 0.97840666
2940 0.98773606
2941 0.99843846
2942 0.99648901
2943 0.99924485
2944 1.00823323
2945 0.99326908
2946 1.00527165
2947 0.99492140
2948 0.98744660
2949 0.99030053
2950 0.99600130
2951 0.98618230
2952 1.00844666
2953 1.00152853
2954 0.99553589
2955 1.00075371
2956 0.99568543
2957 0.99351874
2958 1.00146424
2959 0.99845843
2960 0.98548342
2961 0.99843846
2962 1.00088450
2963 1.00058055
2964 0.99529208
2965 0.99953060
2966 0.99321211
2967 0.98123253
2968 0.99495678
2969 0.98660923
2970 1.00082121
2971 0.99600439
2972 0.99471675
2973 0.99877470
2974 0.98645433
2975 0.99222833
2976 0.98854043
2977 0.99775959
2978 0.99736463
2979 0.99618010
2980 0.99045226
2981 0.99642425
2982 1.00088450
2983 0.99217781
2984 0.99418726
2985 0.99508847
2986 0.99407200
2987 0.99330054
2988 0.99485804
2989 0.99045481
2990 0.99689006
2991 0.99785186
2992 0.99664517
2993 1.00179219
2994 0.99495223
2995 0.99317891
2996 0.99270737
2997 0.98364686
2998 0.99459938
2999 0.98682755
3000 0.99714505
3001 0.99808576
3002 1.00204980
3003 0.99217781
3004 0.98924332
3005 0.99316394
3006 0.99045345
3007 0.98907865
3008 0.98727865
3009 0.99398061
3010 0.99116737
3011 0.99662398
3012 1.00039712
3013 0.99594355
3014 0.99508744
3015 0.99767315
3016 1.00101405
3017 0.99651164
3018 0.98857622
3019 0.99219281
3020 0.99624090
3021 0.99482505
3022 0.99841382
3023 0.99461544
3024 0.98924332
