index DenDen_position
1 1.60918187
2 1.56440061
3 1.53091643
4 1.50073792
5 1.48874939
6 1.47001944
7 1.45527735
8 1.44698350
9 1.44044399
10 1.43444986
11 1.43498602
12 1.43995886
13 1.43514274
14 1.44857182
15 1.45978272
16 1.46198306
17 1.48472462
18 1.50504247
19 1.53390086
20 1.56888089
21 1.60918187
22 0.94122669
23 0.94258509
24 0.95503490
25 0.96004752
26 0.96302088
27 0.95929135
28 0.96526925
29 0.97139388
30 0.97121711
31 0.97338801
32 0.96871785
33 0.96667430
34 0.97136420
35 0.96567067
36 0.97325770
37 0.95545115
38 0.96212173
39 0.95764691
40 0.95377303
41 0.94585299
42 0.94122669
43 0.97442951
44 0.97755832
45 0.99466821
46 0.98914341
47 0.98157613
48 0.98574317
49 0.97661690
50 0.97986853
51 0.98679519
52 0.97877392
53 0.98265275
54 0.98542680
55 0.97658751
56 0.97666766
57 0.98218174
58 0.98242633
59 0.98224675
60 0.97802296
61 0.97627104
62 0.97582763
63 0.97442951
64 0.97923762
65 0.98054951
66 0.97516767
67 0.98210945
68 0.97814681
69 0.98319331
70 0.98742849
71 0.97964379
72 0.98095647
73 0.97981579
74 0.98724285
75 0.96879958
76 0.97966789
77 0.97502470
78 0.96930822
79 0.98518285
80 0.97087258
81 0.97950439
82 0.98766556
83 0.98398335
84 0.97923762
85 0.98142846
86 0.98553579
87 0.97507570
88 0.98194497
89 0.97623479
90 0.98463410
91 0.98581947
92 0.99108189
93 0.98268819
94 0.99172006
95 0.98324602
96 0.97666893
97 0.97838128
98 0.99154838
99 0.98935979
100 0.98056466
101 0.99123551
102 0.98485291
103 0.97810756
104 0.98242094
105 0.98142846
106 0.96983083
107 0.97718344
108 0.97482343
109 0.97654746
110 0.96961756
111 0.98121321
112 0.97845991
113 0.97518637
114 0.97272550
115 0.99019900
116 0.97995473
117 0.97289060
118 0.98022405
119 0.97807943
120 0.97721010
121 0.97512686
122 0.97218937
123 0.98003175
124 0.97973668
125 0.98522018
126 0.96983083
127 0.98273967
128 0.99424966
129 0.98271993
130 0.99512357
131 0.99648844
132 0.98209054
133 0.98587287
134 0.98505048
135 0.98410280
136 0.98082495
137 0.98463066
138 0.98172616
139 0.98491930
140 0.97898385
141 0.99072963
142 0.97918147
143 0.99004005
144 0.98608177
145 0.98201404
146 0.98749613
147 0.98273967
148 0.97392219
149 0.97314953
150 0.97651489
151 0.97692331
152 0.97608369
153 0.98183830
154 0.96954393
155 0.97398651
156 0.97256204
157 0.98060004
158 0.97546477
159 0.97147467
160 0.97374988
161 0.97972413
162 0.97396039
163 0.97513532
164 0.97384293
165 0.96924904
166 0.97552761
167 0.97272474
168 0.97392219
169 0.99020043
170 0.97867408
171 0.98288317
172 0.98314565
173 0.98123533
174 0.97756169
175 0.98166416
176 0.98883715
177 0.97358503
178 0.97414154
179 0.97958530
180 0.97816703
181 0.97996253
182 0.97596858
183 0.97896440
184 0.98785269
185 0.97230924
186 0.98502014
187 0.97910921
188 0.97180246
189 0.99020043
190 0.97897500
191 0.98103790
192 0.98044623
193 0.97539884
194 0.97475649
195 0.98448253
196 0.97586352
197 0.97747563
198 0.98499988
199 0.97066668
200 0.97660950
201 0.97965201
202 0.98252620
203 0.97737430
204 0.97323425
205 0.97506810
206 0.98011599
207 0.97724219
208 0.97616436
209 0.97217446
210 0.97897500
211 0.97883966
212 0.97780911
213 0.98594033
214 0.98099465
215 0.98478064
216 0.98046104
217 0.96508678
218 0.98366305
219 0.98701063
220 0.97817636
221 0.98434664
222 0.97173368
223 0.97921101
224 0.97701326
225 0.98233706
226 0.98233387
227 0.97214415
228 0.98450109
229 0.97269136
230 0.97439313
231 0.97883966
232 0.93041852
233 0.94195577
234 0.94784587
235 0.95090203
236 0.96373098
237 0.96753700
238 0.96412756
239 0.96092618
240 0.96671422
241 0.97605771
242 0.96826426
243 0.97440946
244 0.97251452
245 0.96579291
246 0.96058047
247 0.95525344
248 0.96158605
249 0.95597859
250 0.96413889
251 0.94314213
252 0.93041852
253 0.92146385
254 0.92809283
255 0.94350909
256 0.95385084
257 0.95685433
258 0.95324809
259 0.96058777
260 0.95498017
261 0.96288331
262 0.96408540
263 0.96044690
264 0.96137538
265 0.96894600
266 0.95867054
267 0.95888505
268 0.95641555
269 0.95157020
270 0.95393978
271 0.94091347
272 0.92527420
273 0.92146385
274 0.98846951
275 0.97724881
276 0.97863843
277 0.98450108
278 0.99011024
279 0.98505822
280 0.98948976
281 0.98876626
282 0.98894240
283 0.98489376
284 0.99140335
285 1.00149867
286 1.00121394
287 0.98728544
288 0.99693677
289 0.97891038
290 0.99079774
291 0.98353039
292 0.98395063
293 0.98019308
294 0.98846951
295 0.98998712
296 0.98877702
297 0.98254774
298 0.98801766
299 0.98038492
300 0.98941031
301 0.98210387
302 0.98964572
303 0.97800616
304 0.98776941
305 0.98195855
306 0.97979737
307 0.99024890
308 0.98416246
309 0.98318513
310 0.99971743
311 0.98781426
312 0.97559779
313 0.98017656
314 0.98196253
315 0.98998712
316 0.97342425
317 0.98146833
318 0.97480482
319 0.98283474
320 0.97920219
321 0.98461084
322 0.97888487
323 0.97905938
324 0.98080987
325 0.97972171
326 0.98544092
327 0.97912616
328 0.97615699
329 0.97983418
330 0.97799235
331 0.96769608
332 0.98027595
333 0.97085578
334 0.98218342
335 0.98191206
336 0.97342425
337 0.98202572
338 0.97723442
339 0.97847343
340 0.97888931
341 0.98211446
342 0.98375074
343 0.98108542
344 0.98236476
345 0.97781063
346 0.98384159
347 0.97188453
348 0.98618434
349 0.98481515
350 0.98814437
351 0.98325662
352 0.97587570
353 0.98217425
354 0.97822633
355 0.98671354
356 0.97424568
357 0.98202572
358 0.98795560
359 0.99425904
360 0.98411928
361 0.98330844
362 0.99047414
363 0.98254092
364 0.97314220
365 0.97487699
366 0.98257955
367 0.98663336
368 0.98233370
369 0.98268966
370 0.97985717
371 0.97997264
372 0.97668010
373 0.97906836
374 0.98945156
375 0.98261140
376 0.98397104
377 0.98021208
378 0.98795560
379 0.98436693
380 0.98602260
381 0.98529773
382 0.98054361
383 0.96937189
384 0.98676586
385 0.98495293
386 0.98500943
387 0.98379330
388 0.99043144
389 0.99123608
390 0.97867963
391 0.98493182
392 0.98735408
393 0.98719651
394 0.98000585
395 0.98074148
396 0.98505891
397 0.98322111
398 0.98153235
399 0.98436693
400 0.98142162
401 0.98620550
402 0.98702164
403 0.98590775
404 0.99401028
405 0.98973827
406 0.97850716
407 0.98266846
408 0.99031226
409 0.97986683
410 0.99055943
411 0.97891820
412 0.98278523
413 0.98505260
414 0.97904568
415 0.98368656
416 0.98391745
417 0.98165607
418 0.98387615
419 0.97908981
420 0.98142162
421 0.97907986
422 0.96693976
423 0.98316692
424 0.98505499
425 0.98196912
426 0.97526668
427 0.97634834
428 0.97528811
429 0.98249935
430 0.96775034
431 0.98057203
432 0.97699419
433 0.98420461
434 0.98229471
435 0.96869874
436 0.97353423
437 0.97415139
438 0.98153317
439 0.95691840
440 0.98377435
441 0.97907986
442 0.98645627
443 0.98540786
444 0.99196748
445 0.99250908
446 0.97891119
447 0.98687513
448 0.99141021
449 0.99720630
450 0.99073558
451 1.00004324
452 0.98768605
453 0.98417117
454 0.99123779
455 0.99556520
456 0.98233762
457 0.98699280
458 0.98462905
459 0.98627296
460 0.99300124
461 0.98854288
462 0.98645627
463 0.98090137
464 0.97687786
465 0.97883907
466 0.97706223
467 0.97544261
468 0.97958178
469 0.98140390
470 0.98626034
471 0.98169798
472 0.97867241
473 0.98460960
474 0.97531775
475 0.98761558
476 0.98733400
477 0.98335591
478 0.97806067
479 0.98664607
480 0.98307855
481 0.97172257
482 0.97476066
483 0.98090137
484 0.98209331
485 0.98299887
486 0.99140991
487 0.97900046
488 0.98528600
489 0.98912636
490 0.98409357
491 0.98328043
492 0.97963815
493 0.99246371
494 0.98592994
495 0.98158051
496 0.98599844
497 0.97599373
498 0.98037650
499 0.99034140
500 0.98713682
501 0.96671603
502 0.98048764
503 0.97733052
504 0.98209331
505 0.98626138
506 0.98493834
507 0.98300281
508 0.98430339
509 0.97893315
510 0.99629451
511 0.99043806
512 0.98556872
513 0.97960227
514 0.98264427
515 0.97967517
516 0.98784388
517 0.98458199
518 0.98309224
519 0.97969195
520 0.99082191
521 0.97328767
522 0.99160288
523 0.98761667
524 0.98674724
525 0.98626138
526 0.97770203
527 0.98202778
528 0.98642562
529 0.98603358
530 0.99162033
531 0.97479855
532 0.98589961
533 0.97831255
534 0.98350785
535 0.98566725
536 0.98501714
537 0.98537380
538 0.98967577
539 0.97368468
540 0.98584060
541 0.98024859
542 0.98081487
543 0.98037758
544 0.98189001
545 0.97869517
546 0.97770203
547 0.98769794
548 0.98759398
549 0.98565937
550 0.98079828
551 0.98570371
552 0.99344053
553 0.98890521
554 0.98978090
555 0.99266134
556 0.98877076
557 0.98042609
558 0.99578880
559 0.99355221
560 0.99029560
561 0.99120286
562 0.99506196
563 0.99074082
564 0.98978945
565 0.97928709
566 0.97030642
567 0.98769794
568 0.97974663
569 0.97893990
570 0.97092326
571 0.98189631
572 0.97599712
573 0.97925820
574 0.97364160
575 0.98874235
576 0.97845293
577 0.97738128
578 0.98668791
579 0.97646000
580 0.98924007
581 0.97481149
582 0.97818836
583 0.98277436
584 0.98847345
585 0.97819153
586 0.98072337
587 0.97736604
588 0.97974663
589 0.98121065
590 0.97715527
591 0.97566555
592 0.97623943
593 0.97575953
594 0.99101217
595 0.98351376
596 0.97980125
597 0.98260030
598 0.98215780
599 0.96854336
600 0.98365206
601 0.98300042
602 0.97730188
603 0.98826729
604 0.97832709
605 0.98618540
606 0.97918935
607 0.97916352
608 0.99102941
609 0.98121065
610 0.97373997
611 0.98339283
612 0.97911568
613 0.97101394
614 0.97716570
615 0.98085525
616 0.97811925
617 0.97599648
618 0.97202508
619 0.97724544
620 0.97423487
621 0.97953473
622 0.97039367
623 0.97278636
624 0.98135607
625 0.98294446
626 0.96938390
627 0.97959689
628 0.96674742
629 0.97914404
630 0.97373997
631 0.98075626
632 0.97894811
633 0.96950280
634 0.97954955
635 0.97020162
636 0.97175954
637 0.96842087
638 0.97830035
639 0.97604719
640 0.97541693
641 0.98218159
642 0.99012627
643 0.97235616
644 0.98022019
645 0.97820745
646 0.97282030
647 0.97528624
648 0.97991615
649 0.98175059
650 0.97448928
651 0.98075626
652 0.99259361
653 0.99369915
654 0.99075145
655 0.98765963
656 0.99528306
657 0.98961058
658 0.99175978
659 0.99294897
660 0.98606591
661 0.99802550
662 0.98055421
663 0.98656858
664 0.99866634
665 0.99711687
666 0.99536194
667 0.99152068
668 0.98928371
669 0.99583130
670 0.99360177
671 0.98366279
672 0.99259361
673 0.99121263
674 0.98055345
675 0.98364060
676 0.98405859
677 0.98908501
678 0.98266023
679 0.98345793
680 0.97878802
681 0.99494708
682 0.98386689
683 0.98598032
684 0.98499385
685 0.98847463
686 0.98792018
687 0.98470082
688 0.97756408
689 0.98092439
690 0.97682891
691 0.98430362
692 0.98481227
693 0.99121263
694 0.97694831
695 0.98414034
696 0.98146826
697 0.97435111
698 0.97164643
699 0.98950426
700 0.98064784
701 0.97796863
702 0.97445342
703 0.98220374
704 0.97540622
705 0.97476870
706 0.98349167
707 0.97151111
708 0.97592813
709 0.97277087
710 0.97823380
711 0.97996710
712 0.97549006
713 0.97599173
714 0.97694831
715 0.98622102
716 0.98764502
717 0.97340183
718 0.99676159
719 0.97522472
720 0.97330999
721 0.98157164
722 0.99696908
723 0.99883392
724 0.97987910
725 0.98284405
726 0.98908671
727 0.98378581
728 0.98442790
729 0.99322705
730 0.98736245
731 0.98714937
732 0.98380047
733 0.99257684
734 0.98966115
735 0.98622102
736 0.98503769
737 0.99682249
738 0.98116246
739 0.97899767
740 0.98116057
741 0.98039531
742 0.96988847
743 0.98146340
744 0.98542658
745 0.97718796
746 0.98225363
747 0.98180192
748 0.97763608
749 0.98670240
750 0.97792761
751 0.97900265
752 0.98392588
753 0.97645759
754 0.98637176
755 0.98198151
756 0.98503769
757 0.99005109
758 0.99362278
759 0.97864343
760 0.97506850
761 0.97578524
762 0.98255209
763 0.97803961
764 0.97882933
765 0.98587702
766 0.98221249
767 0.97645388
768 0.97084790
769 0.98720504
770 0.97641783
771 0.98214611
772 0.99040239
773 0.97739787
774 0.97694617
775 0.98465678
776 0.97807667
777 0.99005109
778 0.97766088
779 0.96767075
780 0.96514583
781 0.97385402
782 0.96945880
783 0.97668859
784 0.96566323
785 0.96998569
786 0.97181382
787 0.97721724
788 0.96886944
789 0.97102373
790 0.96865302
791 0.97113645
792 0.97948052
793 0.97302175
794 0.97144803
795 0.97424181
796 0.96599565
797 0.97978650
798 0.97766088
799 0.97411364
800 0.98355973
801 0.98106513
802 0.98587060
803 0.97863691
804 0.98457573
805 0.97880602
806 0.99422309
807 0.98875589
808 0.98228894
809 0.98535298
810 0.98930648
811 0.98594322
812 0.98048802
813 0.98074538
814 0.98367230
815 0.98362441
816 0.97726409
817 0.98227088
818 0.98011797
819 0.97411364
820 0.98162189
821 0.97871252
822 0.98292135
823 0.98036798
824 0.98708711
825 0.98735689
826 0.97196434
827 0.97783940
828 0.97906772
829 0.98520797
830 0.99726215
831 0.98439408
832 0.98670343
833 0.98306925
834 0.98769236
835 0.98123249
836 0.99131313
837 0.98619094
838 0.97518483
839 0.98076077
840 0.98162189
841 0.97801383
842 0.97350993
843 0.97560299
844 0.98300152
845 0.98041195
846 0.97870917
847 0.97036594
848 0.96813178
849 0.98276042
850 0.98635137
851 0.97535656
852 0.98799209
853 0.97685682
854 0.98436236
855 0.98303504
856 0.97823572
857 0.97383479
858 0.97910902
859 0.97739786
860 0.97565345
861 0.97801383
862 0.99072710
863 0.98985205
864 0.98979844
865 0.99048708
866 0.99198633
867 0.98524055
868 0.98770858
869 0.99469547
870 0.98385348
871 0.98822460
872 0.99428147
873 0.98709286
874 0.99200498
875 0.99692321
876 1.00035601
877 1.00033983
878 0.97837007
879 0.99644862
880 0.99842024
881 0.98749259
882 0.99072710
883 0.98213039
884 0.98130495
885 0.98480022
886 0.98407173
887 0.98228615
888 0.97982400
889 0.98151234
890 0.98267586
891 0.98695252
892 0.97261123
893 0.97610127
894 0.98810984
895 0.98139471
896 0.98350268
897 0.97837042
898 0.98751154
899 0.98424827
900 0.98839022
901 0.98451747
902 0.99034855
903 0.98213039
904 0.97463702
905 0.98420425
906 0.98204000
907 0.98478394
908 0.98532162
909 0.98480816
910 0.97817885
911 0.97600897
912 0.98570959
913 0.97785239
914 0.97578394
915 0.98034368
916 0.98006060
917 0.98244578
918 0.97063970
919 0.98273224
920 0.98570312
921 0.98381098
922 0.97390581
923 0.97588335
924 0.97463702
925 0.97743689
926 0.98051613
927 0.97161823
928 0.97515967
929 0.98396890
930 0.97831657
931 0.97866556
932 0.98207431
933 0.98222492
934 0.97741610
935 0.97428258
936 0.97194397
937 0.98286622
938 0.98546327
939 0.98283647
940 0.97757757
941 0.98041580
942 0.97481566
943 0.97232003
944 0.97877830
945 0.97743689
946 0.98381609
947 0.98273080
948 0.98423409
949 0.98945178
950 0.96916789
951 0.98542816
952 0.98395508
953 0.97570738
954 0.98454288
955 0.98940103
956 0.97412632
957 0.97704053
958 0.98489410
959 0.98200203
960 0.97796053
961 0.97757819
962 0.98160104
963 0.98357995
964 0.98168296
965 0.98115070
966 0.98381609
967 0.98232825
968 0.99305636
969 0.98789798
970 0.98391142
971 0.97296610
972 0.98406801
973 0.98343245
974 0.97446041
975 0.98909675
976 0.97931862
977 0.98501104
978 0.97908034
979 0.98080340
980 0.98953113
981 0.98668539
982 0.99008349
983 0.98169216
984 0.98541757
985 0.98176140
986 0.99021355
987 0.98232825
988 0.98702092
989 0.97268642
990 0.98624751
991 0.98954119
992 0.98184928
993 0.98214185
994 0.98172563
995 0.98077905
996 0.98636199
997 0.97644314
998 0.98234409
999 0.98161794
1000 0.98570164
1001 0.98889370
1002 0.98553077
1003 0.98670741
1004 0.98704074
1005 0.98988439
1006 0.99256463
1007 0.97588617
1008 0.98702092
1009 0.99261622
1010 0.99239790
1011 0.99460869
1012 0.99794257
1013 0.98724070
1014 0.99521951
1015 0.99816509
1016 0.98506945
1017 0.99609825
1018 0.99339708
1019 0.99246990
1020 0.99210132
1021 0.98917415
1022 0.99316468
1023 1.00137196
1024 0.99284631
1025 0.99944927
1026 0.99550273
1027 0.98907848
1028 0.99439819
1029 0.99261622
1030 0.97899072
1031 0.99214848
1032 0.98493208
1033 0.97770323
1034 0.98586688
1035 0.98052076
1036 0.98668215
1037 0.97676532
1038 0.97918450
1039 0.97751363
1040 0.97241702
1041 0.98398973
1042 0.98864920
1043 0.98778855
1044 0.97826722
1045 0.98836556
1046 0.98775249
1047 0.98328252
1048 0.98046831
1049 0.98552440
1050 0.97899072
1051 0.98490145
1052 0.99946476
1053 0.98112153
1054 0.98406021
1055 0.99245232
1056 0.97493277
1057 0.99079312
1058 0.98315126
1059 0.97599115
1060 0.98492078
1061 0.98345138
1062 0.99265769
1063 0.98431286
1064 0.98663223
1065 0.99115015
1066 0.98321986
1067 0.98357155
1068 0.98612730
1069 0.98351206
1070 0.99004089
1071 0.98490145
1072 0.98068957
1073 0.97508070
1074 0.96552466
1075 0.97776559
1076 0.96801410
1077 0.96745548
1078 0.97935552
1079 0.97543496
1080 0.97659134
1081 0.97153717
1082 0.97243978
1083 0.97795052
1084 0.97321476
1085 0.97178401
1086 0.97232959
1087 0.97655504
1088 0.97449845
1089 0.97133099
1090 0.96946084
1091 0.98091155
1092 0.98068957
1093 0.97861672
1094 0.97618661
1095 0.98943601
1096 0.98076453
1097 0.98898229
1098 0.98606422
1099 0.98173527
1100 0.98773078
1101 0.98487398
1102 0.98856476
1103 0.99113133
1104 0.97842215
1105 0.98292622
1106 0.98586621
1107 0.98652705
1108 0.99186337
1109 0.98973232
1110 0.97949780
1111 0.98220323
1112 0.98977303
1113 0.97861672
1114 0.97197118
1115 0.96875726
1116 0.97053665
1117 0.97704337
1118 0.97733358
1119 0.97566074
1120 0.96255993
1121 0.97070183
1122 0.97964694
1123 0.96758182
1124 0.97319910
1125 0.96420621
1126 0.96389871
1127 0.97571118
1128 0.97661306
1129 0.96444571
1130 0.97495926
1131 0.97254703
1132 0.96910148
1133 0.97569648
1134 0.97197118
1135 0.98342550
1136 0.98110987
1137 0.97635169
1138 0.97717597
1139 0.98504277
1140 0.97837330
1141 0.98842083
1142 0.98589341
1143 0.98952616
1144 0.97921045
1145 0.98064964
1146 0.98298314
1147 0.98678454
1148 0.98342316
1149 0.97585783
1150 0.98303481
1151 0.98229421
1152 0.96949144
1153 0.97639038
1154 0.98082085
1155 0.98342550
1156 0.97640628
1157 0.97976920
1158 0.97654177
1159 0.97317206
1160 0.98172791
1161 0.97151792
1162 0.97113615
1163 0.97995727
1164 0.97762947
1165 0.97485669
1166 0.97881329
1167 0.97244499
1168 0.97480778
1169 0.98319638
1170 0.97611298
1171 0.96821938
1172 0.97919295
1173 0.97155656
1174 0.97395549
1175 0.97066251
1176 0.97640628
1177 0.98199924
1178 0.98741024
1179 0.98060974
1180 0.98295205
1181 0.96888023
1182 0.97896101
1183 0.97949474
1184 0.97675399
1185 0.98121341
1186 0.97972637
1187 0.98112339
1188 0.97507500
1189 0.97793451
1190 0.97065231
1191 0.98249489
1192 0.97682110
1193 0.98202107
1194 0.98299308
1195 0.98084294
1196 0.97789036
1197 0.98199924
1198 0.98800434
1199 0.97831903
1200 0.98657910
1201 0.96789660
1202 0.98101025
1203 0.98209887
1204 0.97532419
1205 0.98328881
1206 0.97799661
1207 0.98236220
1208 0.97631796
1209 0.97683085
1210 0.99055499
1211 0.97788195
1212 0.98306110
1213 0.97971187
1214 0.97801114
1215 0.96970357
1216 0.98035756
1217 0.97767227
1218 0.98800434
1219 0.98008341
1220 0.96706868
1221 0.98269931
1222 0.97561503
1223 0.98428807
1224 0.98594328
1225 0.97664984
1226 0.98024501
1227 0.97127703
1228 0.98029942
1229 0.98027348
1230 0.97593840
1231 0.98108342
1232 0.99015444
1233 0.97307469
1234 0.97231656
1235 0.97737346
1236 0.97674629
1237 0.98445130
1238 0.98382678
1239 0.98008341
1240 0.99150019
1241 0.98490715
1242 0.98003531
1243 0.98423020
1244 0.98253305
1245 0.98331629
1246 0.97935508
1247 0.99247300
1248 0.98996781
1249 0.97792993
1250 0.98300601
1251 0.98640982
1252 0.98182312
1253 0.98404997
1254 0.98315668
1255 0.98431895
1256 0.98517832
1257 0.98548440
1258 0.97360118
1259 0.98311511
1260 0.99150019
1261 0.97927674
1262 0.97784733
1263 0.97207889
1264 0.98460838
1265 0.98712776
1266 0.97920374
1267 0.97380064
1268 0.97285528
1269 0.97500510
1270 0.97310781
1271 0.97384592
1272 0.97271133
1273 0.98030906
1274 0.97703237
1275 0.98181000
1276 0.99203708
1277 0.97243209
1278 0.97340902
1279 0.97601111
1280 0.97968041
1281 0.97927674
1282 0.98830782
1283 0.98371717
1284 0.98426849
1285 0.97681858
1286 0.98380333
1287 0.97403414
1288 0.98293863
1289 0.98875128
1290 0.97485111
1291 0.98377894
1292 0.98174414
1293 0.98356228
1294 0.98424896
1295 0.97882282
1296 0.97690777
1297 0.98604815
1298 0.98109803
1299 0.97670004
1300 0.98447333
1301 0.97793533
1302 0.98830782
1303 0.97826474
1304 0.96518381
1305 0.97808020
1306 0.97438936
1307 0.98841183
1308 0.97991817
1309 0.97398809
1310 0.97871705
1311 0.97514517
1312 0.98346324
1313 0.98508083
1314 0.98345160
1315 0.97110139
1316 0.98269578
1317 0.98415475
1318 0.97939118
1319 0.97805584
1320 0.97414855
1321 0.97315209
1322 0.98360400
1323 0.97826474
1324 0.98510187
1325 0.97061652
1326 0.98115608
1327 0.98031096
1328 0.97801840
1329 0.97551674
1330 0.98145312
1331 0.97636989
1332 0.97859630
1333 0.98716002
1334 0.98536180
1335 0.98091606
1336 0.97795229
1337 0.98732978
1338 0.99386487
1339 0.98314240
1340 0.98113970
1341 0.97891417
1342 0.98022419
1343 0.98322209
1344 0.98510187
1345 0.97101651
1346 0.97175808
1347 0.97217870
1348 0.97824131
1349 0.97907823
1350 0.97706833
1351 0.97759580
1352 0.98299657
1353 0.97645536
1354 0.97752138
1355 0.98021025
1356 0.97837290
1357 0.98383079
1358 0.98103253
1359 0.97349526
1360 0.97655204
1361 0.98189868
1362 0.97872187
1363 0.97464917
1364 0.98096856
1365 0.97101651
1366 0.98932702
1367 0.98390673
1368 0.98857473
1369 0.98534736
1370 0.99196834
1371 0.98383738
1372 0.98766653
1373 0.99150866
1374 0.99488825
1375 0.98586140
1376 0.97997801
1377 0.98350293
1378 0.98659178
1379 0.98570743
1380 0.99574143
1381 0.98932456
1382 0.99158522
1383 0.99181360
1384 0.98915393
1385 0.99043742
1386 0.98932702
1387 0.98354597
1388 0.97638730
1389 0.97676821
1390 0.98282743
1391 0.97954701
1392 0.98627084
1393 0.98258802
1394 0.97836813
1395 0.97442794
1396 0.97846096
1397 0.97906172
1398 0.98581847
1399 0.97263097
1400 0.97238496
1401 0.98313313
1402 0.98321841
1403 0.97872440
1404 0.98415429
1405 0.98854220
1406 0.98487337
1407 0.98354597
1408 0.97692141
1409 0.97397841
1410 0.98189927
1411 0.98795419
1412 0.97912376
1413 0.98331278
1414 0.97951801
1415 0.98128752
1416 0.97912809
1417 0.98223831
1418 0.98372213
1419 0.97379673
1420 0.98066853
1421 0.97923776
1422 0.97675853
1423 0.97655436
1424 0.97889838
1425 0.98878188
1426 0.98053958
1427 0.97170233
1428 0.97692141
1429 0.96924595
1430 0.97014957
1431 0.96495202
1432 0.97962943
1433 0.96670837
1434 0.97404697
1435 0.96252031
1436 0.97013552
1437 0.97156350
1438 0.96055296
1439 0.96961497
1440 0.97702051
1441 0.96728817
1442 0.97325283
1443 0.97528940
1444 0.96958253
1445 0.97605220
1446 0.96531492
1447 0.97272991
1448 0.97317662
1449 0.96924595
1450 0.98505575
1451 0.97766493
1452 0.97780857
1453 0.97992636
1454 0.98094692
1455 0.97476234
1456 0.98690313
1457 0.98042281
1458 0.97688547
1459 0.97700453
1460 0.98351235
1461 0.98603442
1462 0.98251416
1463 0.98827979
1464 0.98616283
1465 0.98238757
1466 0.97700248
1467 0.98460532
1468 0.97586320
1469 0.98874064
1470 0.98505575
1471 0.97369351
1472 0.99047725
1473 0.97464685
1474 0.97400085
1475 0.97126899
1476 0.97352311
1477 0.97867815
1478 0.98076566
1479 0.98723733
1480 0.98396660
1481 0.98418900
1482 0.98335408
1483 0.98446965
1484 0.97827869
1485 0.98005891
1486 0.98484315
1487 0.97715970
1488 0.98007790
1489 0.98031464
1490 0.97383963
1491 0.97369351
1492 0.98252773
1493 0.98855417
1494 0.99222878
1495 0.98622123
1496 0.98425445
1497 0.98261990
1498 0.98949678
1499 0.98647510
1500 0.98799887
1501 0.99824645
1502 0.99675331
1503 0.99283134
1504 0.99202891
1505 0.99225609
1506 0.97621054
1507 0.99081876
1508 0.97998375
1509 0.98222454
1510 0.98773909
1511 0.98529709
1512 0.98252773
1513 0.99274754
1514 0.98663592
1515 0.99236052
1516 0.99019871
1517 0.97886020
1518 0.99024065
1519 0.98518245
1520 1.00035587
1521 0.98329829
1522 0.98497423
1523 0.99767370
1524 0.99006845
1525 0.98191770
1526 0.98836292
1527 0.98762817
1528 0.98493438
1529 0.98221814
1530 0.99281273
1531 0.97911318
1532 0.99152573
1533 0.99274754
1534 0.98524015
1535 0.97972379
1536 0.97735467
1537 0.97972119
1538 0.97891477
1539 0.98033750
1540 0.98487372
1541 0.97701370
1542 0.98234381
1543 0.97759002
1544 0.97882861
1545 0.97697939
1546 0.98248465
1547 0.97645613
1548 0.98005392
1549 0.98824301
1550 0.98308227
1551 0.97581239
1552 0.98374420
1553 0.98595179
1554 0.98524015
1555 0.98647601
1556 0.97773362
1557 0.99809487
1558 0.98766102
1559 0.98617677
1560 0.99042502
1561 0.97925294
1562 0.98920473
1563 0.99474897
1564 0.97677958
1565 0.98228035
1566 0.99186611
1567 0.98364825
1568 0.98801978
1569 0.98916702
1570 0.98342864
1571 0.98748589
1572 0.98340830
1573 0.98575269
1574 0.98705657
1575 0.98647601
1576 0.98868526
1577 0.98724434
1578 0.98667922
1579 0.98301449
1580 0.97761311
1581 0.97742105
1582 0.98053334
1583 0.98458021
1584 0.98757237
1585 0.98255488
1586 0.97659823
1587 0.98799914
1588 0.98806679
1589 0.98814206
1590 0.98503957
1591 0.98950398
1592 0.99474007
1593 0.98630875
1594 0.97743211
1595 0.98482063
1596 0.98868526
1597 0.98802415
1598 0.99551715
1599 0.99452505
1600 0.98564869
1601 0.98122271
1602 0.99237961
1603 0.99261850
1604 0.99395134
1605 0.98885404
1606 0.98312650
1607 0.99304233
1608 0.98207201
1609 0.99694105
1610 0.99465618
1611 0.99128006
1612 0.98441882
1613 0.99551926
1614 0.98903821
1615 0.99283465
1616 0.99101730
1617 0.98802415
1618 0.97455127
1619 0.97084919
1620 0.98687046
1621 0.98033433
1622 0.98012213
1623 0.98219727
1624 0.97905419
1625 0.97731428
1626 0.97918334
1627 0.97729997
1628 0.97763290
1629 0.98672450
1630 0.97463231
1631 0.96978217
1632 0.97490175
1633 0.97830462
1634 0.98222341
1635 0.98211008
1636 0.96429152
1637 0.97734184
1638 0.97455127
1639 0.97979231
1640 0.97749985
1641 0.98306015
1642 0.97869227
1643 0.97800912
1644 0.98125579
1645 0.97767054
1646 0.96960597
1647 0.97638950
1648 0.97722620
1649 0.97449696
1650 0.97070439
1651 0.96291824
1652 0.97976409
1653 0.97730020
1654 0.98168187
1655 0.96907678
1656 0.98003059
1657 0.97355039
1658 0.97561253
1659 0.97979231
1660 0.97927836
1661 0.98403546
1662 0.97530632
1663 0.97541738
1664 0.97852227
1665 0.97533445
1666 0.97974779
1667 0.97433959
1668 0.97523983
1669 0.98262550
1670 0.97489465
1671 0.98049242
1672 0.97007947
1673 0.97655413
1674 0.97337780
1675 0.97485640
1676 0.97409410
1677 0.97863697
1678 0.97846266
1679 0.98497542
1680 0.97927836
1681 0.99389202
1682 0.98641216
1683 1.00159761
1684 0.99045987
1685 0.99430275
1686 0.98935486
1687 0.98610457
1688 0.98923574
1689 0.98676026
1690 0.98809484
1691 1.00182712
1692 0.99113442
1693 0.99006752
1694 0.99138584
1695 0.98715423
1696 0.99055325
1697 0.98388941
1698 0.98976574
1699 0.99332812
1700 1.00204095
1701 0.99389202
1702 0.99360850
1703 0.97979199
1704 0.97321522
1705 0.97445314
1706 0.98099568
1707 0.98271912
1708 0.97904090
1709 0.97809115
1710 0.97689662
1711 0.98191705
1712 0.98513838
1713 0.97948349
1714 0.98723432
1715 0.97528986
1716 0.98156397
1717 0.98694021
1718 0.98645813
1719 0.98147623
1720 0.97444092
1721 0.98782209
1722 0.99360850
1723 0.98548727
1724 0.99012584
1725 0.98989541
1726 0.98818522
1727 0.98436107
1728 0.98470759
1729 0.98447330
1730 0.98052200
1731 0.97781271
1732 0.99133703
1733 0.97795323
1734 0.98315833
1735 0.99282403
1736 0.98578384
1737 0.98946778
1738 0.98839711
1739 0.98097030
1740 0.98192160
1741 0.99077510
1742 0.98556972
1743 0.98548727
1744 0.98012766
1745 0.97845646
1746 0.97388526
1747 0.98043763
1748 0.97628950
1749 0.98475270
1750 0.98906590
1751 0.98351767
1752 0.98107614
1753 0.98531401
1754 0.98629598
1755 0.97656554
1756 0.99161297
1757 0.97402568
1758 0.98361567
1759 0.97784231
1760 0.98366348
1761 0.98345287
1762 0.97702474
1763 0.97710852
1764 0.98012766
1765 0.98251391
1766 0.97579399
1767 0.97830546
1768 0.97826813
1769 0.96189988
1770 0.97393542
1771 0.97886861
1772 0.97895294
1773 0.98156120
1774 0.96902341
1775 0.96988450
1776 0.97077241
1777 0.98719936
1778 0.97193314
1779 0.97523493
1780 0.96534665
1781 0.97717879
1782 0.98035921
1783 0.97608552
1784 0.98029561
1785 0.98251391
1786 0.98845375
1787 0.99213099
1788 0.99024813
1789 0.99535484
1790 0.99139712
1791 0.98627932
1792 0.98674469
1793 0.98129579
1794 0.99480418
1795 0.98801271
1796 0.98724189
1797 0.99313420
1798 0.99862570
1799 0.99178679
1800 0.98043674
1801 0.98080349
1802 0.97731674
1803 0.98908113
1804 0.98534901
1805 0.99187701
1806 0.98845375
1807 0.97964512
1808 0.97942544
1809 0.98330167
1810 0.97934033
1811 0.97222874
1812 0.98115219
1813 0.97638218
1814 0.97134694
1815 0.96899488
1816 0.97442499
1817 0.97591309
1818 0.97784221
1819 0.98026167
1820 0.98783054
1821 0.97685160
1822 0.96810981
1823 0.97034127
1824 0.96986009
1825 0.97454001
1826 0.98805323
1827 0.97964512
1828 0.97407291
1829 0.98318948
1830 0.97707310
1831 0.98905663
1832 0.97969861
1833 0.98445050
1834 0.98882565
1835 0.98698822
1836 0.97887077
1837 0.98021615
1838 0.99031978
1839 0.98299800
1840 0.98431681
1841 0.97236581
1842 0.98300249
1843 0.98742039
1844 0.98489584
1845 0.97935941
1846 0.99059023
1847 0.97296552
1848 0.97407291
1849 0.96489034
1850 0.96644087
1851 0.96350172
1852 0.97256096
1853 0.96514954
1854 0.97187834
1855 0.98065746
1856 0.96547312
1857 0.96182748
1858 0.96361088
1859 0.97063250
1860 0.96951799
1861 0.96620106
1862 0.97425176
1863 0.97114905
1864 0.97216756
1865 0.96973055
1866 0.97206560
1867 0.96862571
1868 0.96638757
1869 0.96489034
1870 0.97974358
1871 0.98094357
1872 0.98142452
1873 0.98951930
1874 0.97480884
1875 0.97481982
1876 0.97429683
1877 0.98267974
1878 0.97280757
1879 0.98924046
1880 0.98235697
1881 0.97884992
1882 0.98467414
1883 0.97610712
1884 0.97039414
1885 0.98374963
1886 0.96589954
1887 0.98190595
1888 0.96585600
1889 0.98136077
1890 0.97974358
1891 0.97599373
1892 0.98764284
1893 0.97569359
1894 0.97720688
1895 0.98257078
1896 0.98144520
1897 0.99026149
1898 0.98234089
1899 0.98172885
1900 0.99125546
1901 0.98056742
1902 0.97681246
1903 0.97263728
1904 0.98431602
1905 0.96735883
1906 0.97613679
1907 0.97223553
1908 0.98965193
1909 0.97284971
1910 0.98009084
1911 0.97599373
1912 0.98862425
1913 0.98892056
1914 0.98879750
1915 0.98928155
1916 0.98840169
1917 0.99077606
1918 0.98058522
1919 0.99958915
1920 0.98553309
1921 0.98435124
1922 0.98197902
1923 0.98057281
1924 0.99463406
1925 0.98817412
1926 0.97975467
1927 0.99206241
1928 0.99189747
1929 0.99127476
1930 0.98580523
1931 0.98104157
1932 0.98862425
1933 0.97422559
1934 0.97730029
1935 0.98378046
1936 0.97285183
1937 0.97026878
1938 0.98314865
1939 0.97618317
1940 0.97492265
1941 0.97643248
1942 0.97496362
1943 0.97191701
1944 0.97341803
1945 0.97677970
1946 0.97884755
1947 0.97893234
1948 0.97576852
1949 0.97473685
1950 0.98030272
1951 0.97186437
1952 0.98430993
1953 0.97422559
1954 0.98030227
1955 0.97586056
1956 0.98555142
1957 0.97851493
1958 0.98288088
1959 0.97843669
1960 0.97296296
1961 0.97690856
1962 0.98031297
1963 0.99321406
1964 0.98402496
1965 0.98367838
1966 0.98655279
1967 0.98120825
1968 0.97952748
1969 0.98443583
1970 0.98383659
1971 0.98708361
1972 0.98403862
1973 0.98346168
1974 0.98030227
1975 0.97744089
1976 0.96835561
1977 0.98529336
1978 0.97698075
1979 0.97548938
1980 0.98078139
1981 0.97371535
1982 0.98311688
1983 0.98506224
1984 0.97842179
1985 0.98210566
1986 0.97630347
1987 0.98509293
1988 0.97917774
1989 0.98198927
1990 0.98006669
1991 0.98576353
1992 0.98097654
1993 0.97885056
1994 0.97927696
1995 0.97744089
1996 0.97508299
1997 0.97835048
1998 0.97590626
1999 0.97086608
2000 0.97812238
2001 0.97277270
2002 0.97479907
2003 0.98898738
2004 0.98489304
2005 0.97636720
2006 0.97272377
2007 0.98410943
2008 0.97245996
2009 0.97738997
2010 0.97098189
2011 0.98345217
2012 0.98038770
2013 0.97934864
2014 0.97510953
2015 0.97716211
2016 0.97508299
2017 0.99081069
2018 0.99941748
2019 0.99080932
2020 1.00623985
2021 0.98987756
2022 0.99049476
2023 0.98836248
2024 0.98968276
2025 0.98989956
2026 0.99578027
2027 0.99383253
2028 0.99495569
2029 0.99194501
2030 0.99813748
2031 0.98218498
2032 1.00075657
2033 0.99340431
2034 0.99762089
2035 0.99242035
2036 1.00415226
2037 0.99081069
2038 0.98976774
2039 0.97411913
2040 0.98245382
2041 0.97783760
2042 0.98670653
2043 0.98361833
2044 0.98013363
2045 0.98800987
2046 0.97707338
2047 0.98245849
2048 0.98384999
2049 0.98314541
2050 0.98399259
2051 0.98874444
2052 0.97992412
2053 0.98437221
2054 0.98002215
2055 0.97772678
2056 0.97860009
2057 0.98770669
2058 0.98976774
2059 0.98308382
2060 0.97624110
2061 0.97980496
2062 0.98136959
2063 0.97946996
2064 0.98537072
2065 0.98549615
2066 0.97789457
2067 0.98191173
2068 0.98234057
2069 0.97864545
2070 0.98123039
2071 0.97889035
2072 0.98140215
2073 0.98541689
2074 0.97686548
2075 0.98269318
2076 0.97821263
2077 0.97690173
2078 0.97426499
2079 0.98308382
2080 0.97961991
2081 0.97683707
2082 0.97192135
2083 0.97947989
2084 0.97141043
2085 0.97134572
2086 0.98455873
2087 0.97125730
2088 0.97899327
2089 0.98184076
2090 0.97821111
2091 0.97385861
2092 0.98109069
2093 0.97507375
2094 0.96885214
2095 0.98482525
2096 0.98508439
2097 0.98495470
2098 0.97587717
2099 0.97064035
2100 0.97961991
2101 0.98212432
2102 0.97465349
2103 0.97464580
2104 0.98474885
2105 0.97214290
2106 0.97577289
2107 0.97514853
2108 0.97718688
2109 0.97633267
2110 0.96859001
2111 0.97899600
2112 0.97216152
2113 0.98055296
2114 0.97104648
2115 0.97237772
2116 0.97063044
2117 0.97458633
2118 0.97887122
2119 0.98100647
2120 0.96465930
2121 0.98212432
2122 0.97106276
2123 0.98117194
2124 0.97587685
2125 0.97559725
2126 0.97034712
2127 0.97668045
2128 0.96867213
2129 0.97189716
2130 0.97661637
2131 0.97903201
2132 0.97210545
2133 0.98313616
2134 0.96607864
2135 0.97622417
2136 0.98888493
2137 0.97640379
2138 0.96722835
2139 0.98315810
2140 0.99299237
2141 0.98450852
2142 0.97106276
2143 0.98565764
2144 0.97470782
2145 0.98127912
2146 0.98562953
2147 0.98457827
2148 0.97416392
2149 0.98018127
2150 0.97901894
2151 0.97715294
2152 0.97149355
2153 0.97549282
2154 0.99031946
2155 0.98484062
2156 0.98382734
2157 0.97826862
2158 0.98304767
2159 0.97744055
2160 0.98503987
2161 0.97681865
2162 0.98468353
2163 0.98565764
2164 0.97343541
2165 0.96556665
2166 0.96946252
2167 0.97426827
2168 0.97255731
2169 0.98870834
2170 0.96747717
2171 0.96579813
2172 0.97763438
2173 0.97735221
2174 0.97409013
2175 0.97510199
2176 0.97562765
2177 0.97364861
2178 0.96605077
2179 0.96875597
2180 0.96844525
2181 0.97208433
2182 0.97461669
2183 0.97919861
2184 0.97343541
2185 0.98492387
2186 0.97748654
2187 0.97720484
2188 0.98292049
2189 0.97858905
2190 0.98300565
2191 0.97729448
2192 0.98934429
2193 0.98475431
2194 0.98891379
2195 0.99385993
2196 0.98088623
2197 0.98157332
2198 0.97698158
2199 0.98091237
2200 0.99332361
2201 0.98914703
2202 0.98381841
2203 0.99323294
2204 0.98680634
2205 0.98492387
2206 0.98086506
2207 0.98207387
2208 0.97641769
2209 0.96887694
2210 0.97213456
2211 0.97962841
2212 0.97233887
2213 0.97000284
2214 0.97645016
2215 0.96928932
2216 0.97457786
2217 0.97834059
2218 0.97349713
2219 0.97468810
2220 0.97203180
2221 0.98691745
2222 0.97946122
2223 0.97510553
2224 0.98204789
2225 0.98382072
2226 0.98086506
2227 0.98779592
2228 0.97933839
2229 0.98825121
2230 0.98369833
2231 0.98256674
2232 0.98632862
2233 0.99187465
2234 0.99053024
2235 0.98533377
2236 0.98439064
2237 0.98017116
2238 0.98171899
2239 0.98049659
2240 0.98436135
2241 0.97606589
2242 0.98813618
2243 0.97843812
2244 0.98414276
2245 0.98972049
2246 0.98763286
2247 0.98779592
2248 0.99288352
2249 0.98559612
2250 0.98981152
2251 0.99025588
2252 0.98610557
2253 0.98836429
2254 0.98207937
2255 0.98001462
2256 0.98380804
2257 0.98578817
2258 0.97648032
2259 0.97869666
2260 0.98479757
2261 0.97819617
2262 0.98489705
2263 0.98547972
2264 0.97203713
2265 0.98403972
2266 0.98354619
2267 0.97868954
2268 0.99288352
2269 0.98175084
2270 0.99204420
2271 0.98867673
2272 0.98763276
2273 0.97786553
2274 0.99155023
2275 0.97853957
2276 0.97780087
2277 0.97804553
2278 0.98020595
2279 0.98179322
2280 0.98601139
2281 0.98092985
2282 0.98111588
2283 0.98078970
2284 0.98255415
2285 0.98054755
2286 0.98087893
2287 0.97663720
2288 0.98301313
2289 0.98175084
2290 0.97434708
2291 0.98777384
2292 0.97891790
2293 0.99054302
2294 0.99338757
2295 0.97997666
2296 0.98397175
2297 0.97879560
2298 0.98727799
2299 0.98546202
2300 0.97814381
2301 0.98318339
2302 0.98402969
2303 0.98373228
2304 0.98719956
2305 0.98755576
2306 0.98248884
2307 0.98134867
2308 0.98210388
2309 0.98773274
2310 0.97434708
2311 0.97977575
2312 0.98023880
2313 0.98084136
2314 0.99329042
2315 0.97815520
2316 0.97920744
2317 0.97948421
2318 0.98843873
2319 0.99028544
2320 0.99159434
2321 0.97779601
2322 0.98144586
2323 0.98454726
2324 0.98940662
2325 0.97877553
2326 0.98787551
2327 0.98715926
2328 0.97596113
2329 0.98707405
2330 0.98902209
2331 0.97977575
2332 0.97928634
2333 0.98067907
2334 0.97707162
2335 0.97986083
2336 0.97782209
2337 0.98380622
2338 0.97185973
2339 0.97411132
2340 0.98156207
2341 0.97704143
2342 0.98676292
2343 0.98404422
2344 0.98688455
2345 0.98097777
2346 0.98173827
2347 0.98603935
2348 0.97865456
2349 0.97830028
2350 0.98648784
2351 0.97759979
2352 0.97928634
2353 0.98418097
2354 0.97877095
2355 0.97723021
2356 0.98310656
2357 0.98110305
2358 0.97583105
2359 0.97303828
2360 0.97596076
2361 0.98572025
2362 0.96993577
2363 0.97911234
2364 0.98325567
2365 0.97939198
2366 0.97072562
2367 0.98121362
2368 0.97647154
2369 0.97916159
2370 0.98433359
2371 0.97311980
2372 0.97720183
2373 0.98418097
2374 0.98192966
2375 0.99049853
2376 0.98445313
2377 0.98789344
2378 0.98276151
2379 0.97778799
2380 0.98128793
2381 0.98360818
2382 0.98291393
2383 0.98414641
2384 1.00154299
2385 0.98574041
2386 0.97857690
2387 0.98375341
2388 0.97905042
2389 0.97691467
2390 0.98335946
2391 0.98288775
2392 0.97681494
2393 0.98293217
2394 0.98192966
2395 0.97769934
2396 0.98233255
2397 0.97832897
2398 0.98820718
2399 0.99129736
2400 0.98850145
2401 0.98480926
2402 0.97895168
2403 0.97861987
2404 0.99009837
2405 0.98346931
2406 0.98089650
2407 0.98996947
2408 0.98500185
2409 0.97814884
2410 0.97335529
2411 0.97538625
2412 0.98089221
2413 0.97974329
2414 0.97444125
2415 0.97769934
2416 0.99226820
2417 0.99206656
2418 0.98442731
2419 0.98996703
2420 0.99472218
2421 0.99094097
2422 0.99088780
2423 0.99754193
2424 0.99319921
2425 0.99160929
2426 0.99397818
2427 0.98721781
2428 0.99663787
2429 0.98684225
2430 0.98979755
2431 0.98768989
2432 0.98836681
2433 0.98557711
2434 0.98896906
2435 0.99814280
2436 0.99226820
2437 0.97659727
2438 0.97704599
2439 0.97295070
2440 0.98007666
2441 0.97370062
2442 0.97584981
2443 0.97898179
2444 0.98449422
2445 0.98459611
2446 0.98132806
2447 0.96652895
2448 0.97369644
2449 0.96657707
2450 0.98512637
2451 0.98366083
2452 0.97517017
2453 0.97560773
2454 0.97209575
2455 0.97676804
2456 0.98239847
2457 0.97659727
2458 0.98087663
2459 0.98182090
2460 0.98927756
2461 0.98419098
2462 0.97740753
2463 0.98797056
2464 0.98322926
2465 0.98384280
2466 0.98000571
2467 0.98308915
2468 0.98818898
2469 0.97771920
2470 0.97781180
2471 0.97315838
2472 0.98045441
2473 0.97380139
2474 0.97820108
2475 0.98760492
2476 0.98147856
2477 0.98671627
2478 0.98087663
2479 0.97804324
2480 0.98692291
2481 0.98258655
2482 0.98808551
2483 0.98345187
2484 0.98265318
2485 0.97640374
2486 0.97803882
2487 0.98882469
2488 0.98062664
2489 0.99478341
2490 0.99093944
2491 0.97813037
2492 0.98598762
2493 0.98139435
2494 0.99168418
2495 0.98024259
2496 0.98744114
2497 0.98242257
2498 0.98829630
2499 0.97804324
2500 0.97158157
2501 0.96733134
2502 0.97775459
2503 0.97742890
2504 0.97207266
2505 0.97591404
2506 0.97494082
2507 0.97568431
2508 0.97295526
2509 0.97022870
2510 0.97214919
2511 0.96890040
2512 0.96628698
2513 0.97153805
2514 0.96943102
2515 0.97002898
2516 0.96561399
2517 0.96879056
2518 0.97729830
2519 0.97542513
2520 0.97158157
2521 0.97515493
2522 0.98600978
2523 0.98560239
2524 0.98303257
2525 0.99095795
2526 0.98105204
2527 0.98754155
2528 0.97817155
2529 0.98473611
2530 0.98909005
2531 0.98589901
2532 0.97962809
2533 0.99166256
2534 0.98423920
2535 0.99204682
2536 0.98872012
2537 0.98407948
2538 0.98276435
2539 0.97607312
2540 0.98731136
2541 0.97515493
2542 0.98372930
2543 0.98587361
2544 0.97843678
2545 0.98005704
2546 0.99171081
2547 0.97919096
2548 0.98075424
2549 0.98397197
2550 0.97129392
2551 0.97448917
2552 0.97349016
2553 0.98385945
2554 0.98215392
2555 0.97993701
2556 0.97669630
2557 0.97944148
2558 0.99461279
2559 0.97779207
2560 0.98109979
2561 0.98177137
2562 0.98372930
2563 0.97985931
2564 0.99576473
2565 0.98642848
2566 0.97920550
2567 0.98565098
2568 0.98620108
2569 0.99177455
2570 0.98219805
2571 0.99280738
2572 0.98784416
2573 0.99031508
2574 0.99162478
2575 0.97840371
2576 0.98783373
2577 0.98392213
2578 0.97922485
2579 0.97544367
2580 0.98056901
2581 0.98401489
2582 0.99314942
2583 0.97985931
2584 0.98634843
2585 0.98030075
2586 0.97545508
2587 0.97692286
2588 0.97930080
2589 0.97472891
2590 0.97315312
2591 0.98117467
2592 0.99369062
2593 0.98609667
2594 0.98173792
2595 0.98314221
2596 0.97497046
2597 0.97749053
2598 0.97888198
2599 0.99051036
2600 0.98119019
2601 0.97204256
2602 0.97828895
2603 0.98044671
2604 0.98634843
2605 0.98728809
2606 0.98177622
2607 0.98265676
2608 0.97763109
2609 0.98878073
2610 0.99144105
2611 0.97895831
2612 0.98501818
2613 0.98541809
2614 0.98371092
2615 0.98138143
2616 0.97218215
2617 0.98677901
2618 0.97967193
2619 0.97758571
2620 0.97526897
2621 0.98402582
2622 0.98985100
2623 0.98163475
2624 0.98459110
2625 0.98728809
2626 0.99353799
2627 0.98547008
2628 0.99109616
2629 0.99555864
2630 0.99055393
2631 0.99332918
2632 0.99382290
2633 0.99363755
2634 0.99440184
2635 0.98424404
2636 0.98477493
2637 0.98728882
2638 0.98575141
2639 0.98381346
2640 0.98969870
2641 0.98789429
2642 0.99311285
2643 0.98793201
2644 0.98660268
2645 1.00158833
2646 0.99353799
2647 0.97812977
2648 0.97928025
2649 0.97243662
2650 0.97083974
2651 0.98046159
2652 0.97315193
2653 0.97764208
2654 0.97807074
2655 0.97958001
2656 0.97359098
2657 0.98080083
2658 0.97399522
2659 0.98466980
2660 0.97055076
2661 0.97153666
2662 0.97645919
2663 0.96866065
2664 0.97205782
2665 0.98439192
2666 0.97366919
2667 0.97812977
2668 0.98092794
2669 0.98314795
2670 0.98372949
2671 0.97340416
2672 0.96924959
2673 0.98161493
2674 0.98205951
2675 0.97949228
2676 0.97704025
2677 0.96966849
2678 0.96659204
2679 0.97851640
2680 0.97734427
2681 0.97941237
2682 0.97094631
2683 0.97246184
2684 0.97347565
2685 0.97687240
2686 0.96850631
2687 0.98350363
2688 0.98092794
2689 0.97042306
2690 0.97865557
2691 0.98320778
2692 0.98005755
2693 0.98585439
2694 0.98103578
2695 0.97836940
2696 0.98711437
2697 0.97167124
2698 0.98811881
2699 0.98419762
2700 0.97888955
2701 0.98373501
2702 0.98504478
2703 0.97254324
2704 0.98534170
2705 0.97321249
2706 0.98399348
2707 0.97336423
2708 0.97462124
2709 0.97042306
2710 0.98402102
2711 0.98457806
2712 0.98772250
2713 0.98472860
2714 0.97338679
2715 0.98398781
2716 0.98185482
2717 0.99177646
2718 0.98703638
2719 0.98548392
2720 0.97723379
2721 0.98503071
2722 0.97925859
2723 0.97448448
2724 0.97099370
2725 0.98652624
2726 0.98098888
2727 0.97915231
2728 0.97711767
2729 0.97953819
2730 0.98402102
2731 0.98570506
2732 0.98992630
2733 0.98304242
2734 0.98546516
2735 0.98955407
2736 0.98876312
2737 0.98691917
2738 0.97948093
2739 0.98726819
2740 0.98593422
2741 0.98762684
2742 0.99183812
2743 0.99065649
2744 0.99140315
2745 0.97937239
2746 0.98992411
2747 0.99474100
2748 0.97653994
2749 0.99093848
2750 0.98064416
2751 0.98570506
2752 0.97230736
2753 0.98799080
2754 0.98664052
2755 0.98512770
2756 0.98293399
2757 0.99070736
2758 0.98116353
2759 0.97707659
2760 0.98672350
2761 0.98034091
2762 0.98367877
2763 0.99301490
2764 0.98488801
2765 0.97829876
2766 0.98126676
2767 0.97614590
2768 0.98371274
2769 0.98722668
2770 0.97893542
2771 0.98678406
2772 0.97230736
2773 0.92137722
2774 0.93836446
2775 0.95176591
2776 0.94754397
2777 0.95029971
2778 0.95378451
2779 0.95516823
2780 0.96439971
2781 0.95929310
2782 0.96036549
2783 0.95289716
2784 0.95722859
2785 0.96178325
2786 0.96692267
2787 0.96036700
2788 0.96540305
2789 0.95385650
2790 0.94927635
2791 0.93995181
2792 0.92934903
2793 0.92137722
2794 0.98582293
2795 0.98165762
2796 0.98683837
2797 0.98312202
2798 1.00257547
2799 0.98059603
2800 0.98084528
2801 0.98200174
2802 0.98648617
2803 0.98373254
2804 0.99211074
2805 0.98007292
2806 0.98535401
2807 0.98547847
2808 0.99997770
2809 0.98281591
2810 0.98529228
2811 0.98437182
2812 0.98194835
2813 0.98601814
2814 0.98582293
2815 0.97871903
2816 0.97918866
2817 0.97586077
2818 0.98228580
2819 0.97225285
2820 0.98355485
2821 0.98021351
2822 0.97668462
2823 0.97742692
2824 0.97241130
2825 0.98137261
2826 0.98544574
2827 0.97321253
2828 0.98582013
2829 0.98317167
2830 0.97724676
2831 0.98433445
2832 0.97499452
2833 0.98018471
2834 0.98451236
2835 0.97871903
2836 0.98587121
2837 0.98482658
2838 0.98437763
2839 0.98269800
2840 0.98072828
2841 1.00137174
2842 0.98548337
2843 0.98969834
2844 0.98289101
2845 0.98079776
2846 0.97978042
2847 0.97870409
2848 0.98445651
2849 0.99277079
2850 0.98721098
2851 0.98459740
2852 0.98416447
2853 0.98969759
2854 0.99089963
2855 0.97840333
2856 0.98587121
2857 0.98768752
2858 0.98560930
2859 0.96911544
2860 0.98698420
2861 0.97384611
2862 0.96730512
2863 0.97596083
2864 0.97552095
2865 0.96952361
2866 0.97530674
2867 0.97328786
2868 0.97703233
2869 0.96426694
2870 0.97005002
2871 0.98470294
2872 0.97937133
2873 0.96865289
2874 0.98026248
2875 0.98057410
2876 0.97361854
2877 0.98768752
2878 0.98290006
2879 0.98319467
2880 0.98739658
2881 0.97877626
2882 0.98085679
2883 0.98260962
2884 0.98889646
2885 0.98630188
2886 0.98410483
2887 0.97943386
2888 0.98897299
2889 0.97302867
2890 0.98255579
2891 0.97745260
2892 0.97464180
2893 0.98149537
2894 0.98603728
2895 0.98846021
2896 0.98773519
2897 0.98422551
2898 0.98290006
2899 0.99301070
2900 0.98597090
2901 0.97595203
2902 0.98978668
2903 0.98211518
2904 0.99363833
2905 0.99645710
2906 0.98704527
2907 0.99342706
2908 0.98713296
2909 0.98120099
2910 0.98124780
2911 0.99496194
2912 0.98402209
2913 0.98535348
2914 0.97241305
2915 0.99216698
2916 0.98486904
2917 0.98444856
2918 0.99317714
2919 0.99301070
2920 0.99137402
2921 0.99104216
2922 0.99277865
2923 0.98197700
2924 0.98447476
2925 0.99003111
2926 0.98431790
2927 0.97840344
2928 0.98358513
2929 0.97653997
2930 0.98582551
2931 0.98099978
2932 0.98808789
2933 0.98493249
2934 0.98340018
2935 0.98233592
2936 0.99322578
2937 0.99031052
2938 0.98865037
2939 0.97878739
2940 0.99137402
2941 0.97774459
2942 0.98304357
2943 0.97643599
2944 0.98220217
2945 0.98450233
2946 0.98718365
2947 0.98822261
2948 0.98574456
2949 0.98484243
2950 0.97514626
2951 0.97484069
2952 0.97230182
2953 0.98354622
2954 0.98403800
2955 0.98225394
2956 0.97607856
2957 0.97482103
2958 0.98307745
2959 0.97473171
2960 0.98212231
2961 0.97774459
2962 0.97923544
2963 0.98285435
2964 0.97966583
2965 0.98133584
2966 0.98420673
2967 0.97908721
2968 0.97971214
2969 0.98418703
2970 0.97276266
2971 0.97721166
2972 0.97431107
2973 0.97196054
2974 0.98434244
2975 0.98638602
2976 0.98079181
2977 0.98034587
2978 0.98624645
2979 0.98130542
2980 0.98629156
2981 0.97351301
2982 0.97923544
2983 0.98206695
2984 0.98618383
2985 0.97642393
2986 0.99084827
2987 0.98079561
2988 0.97857741
2989 0.99010013
2990 0.97138415
2991 0.98225964
2992 0.98691770
2993 0.98457577
2994 0.97911872
2995 0.98718797
2996 0.98437087
2997 0.98734207
2998 0.98357849
2999 0.98215437
3000 0.99663189
3001 0.97942533
3002 0.98655886
3003 0.98206695
3004 0.98666427
3005 0.98971659
3006 0.98192465
3007 0.98861377
3008 0.98191751
3009 0.98302158
3010 0.99618130
3011 0.98776429
3012 0.99443620
3013 0.99115804
3014 0.99258394
3015 0.99569029
3016 0.98949628
3017 0.97895881
3018 0.98792111
3019 0.98696659
3020 0.98591667
3021 0.97999091
3022 0.98977366
3023 0.98598171
3024 0.98666427
