index DenDen_position
1 1.64807936
2 1.61521066
3 1.56731236
4 1.54893099
5 1.51668578
6 1.50982193
7 1.49378170
8 1.48420436
9 1.47619537
10 1.47356500
11 1.47414329
12 1.47769802
13 1.47498562
14 1.48193919
15 1.49539199
16 1.49615581
17 1.52141368
18 1.55278903
19 1.57119003
20 1.60617712
21 1.64807936
22 0.96013061
23 0.97496665
24 0.97066609
25 0.98266713
26 0.99134102
27 0.98821833
28 0.99162689
29 0.99434922
30 1.00309302
31 1.00291272
32 1.00272787
33 0.99563450
34 0.99276104
35 0.99451129
36 0.98259926
37 0.99512884
38 0.97957015
39 0.99213880
40 0.97793648
41 0.96608145
42 0.96013061
43 1.03687400
44 1.02765875
45 1.02152484
46 1.01515505
47 1.02211173
48 1.03146211
49 1.03558896
50 1.02821204
51 1.02519709
52 1.02788494
53 1.02573553
54 1.02748390
55 1.04069173
56 1.02814125
57 1.02514889
58 1.02938167
59 1.03455014
60 1.02892383
61 1.02479732
62 1.02701973
63 1.03687400
64 1.02057340
65 1.01253630
66 1.00709552
67 1.00955204
68 1.02091500
69 1.01407602
70 1.02510561
71 1.00844344
72 1.01412446
73 1.01617484
74 1.01963171
75 1.01556633
76 1.02114971
77 1.01519072
78 1.01601427
79 1.01821603
80 1.01594530
81 1.01706173
82 1.00697446
83 1.01722139
84 1.02057340
85 1.02834959
86 1.02678778
87 1.02808317
88 1.03298861
89 1.02315019
90 1.02681987
91 1.03131802
92 1.02660581
93 1.02867783
94 1.02796339
95 1.03302486
96 1.02747388
97 1.02451268
98 1.02070069
99 1.03517336
100 1.03410951
101 1.01729056
102 1.03255734
103 1.02265008
104 1.02947463
105 1.02834959
106 1.00616153
107 1.00871218
108 1.01877881
109 1.02189272
110 1.01076573
111 1.01921716
112 1.01330845
113 1.01347078
114 1.01848595
115 1.02169388
116 1.02109020
117 1.00736987
118 1.02034640
119 1.01782675
120 1.02357095
121 1.02551206
122 1.00561377
123 1.01400355
124 1.01487404
125 1.02439046
126 1.00616153
127 1.02346893
128 1.01076992
129 1.00729402
130 1.00905716
131 1.01250058
132 1.01481823
133 1.02334274
134 1.02034388
135 1.01456176
136 1.01746643
137 1.01077210
138 1.02384529
139 1.02049340
140 1.02011821
141 1.00348486
142 1.02363011
143 1.02124012
144 1.01384967
145 1.01174378
146 1.01599781
147 1.02346893
148 1.01736720
149 1.01573882
150 1.02503965
151 1.01627582
152 1.01608472
153 1.01436683
154 1.02047981
155 1.01778639
156 1.01475031
157 1.01236096
158 1.01355593
159 1.01545980
160 1.01119507
161 1.01367707
162 1.01557587
163 1.01565874
164 1.01188179
165 1.01363705
166 1.01245003
167 1.01800655
168 1.01736720
169 1.02881206
170 1.02216209
171 1.03248403
172 1.03001101
173 1.02717870
174 1.03047582
175 1.01637133
176 1.02786943
177 1.02227971
178 1.02345504
179 1.02951686
180 1.02707492
181 1.03030250
182 1.02421499
183 1.02558067
184 1.02637673
185 1.03312865
186 1.03497345
187 1.02817213
188 1.02099385
189 1.02881206
190 1.00850587
191 1.01665463
192 1.01462669
193 1.00912976
194 1.01601772
195 1.01564328
196 1.01818653
197 1.01110368
198 1.00690194
199 1.02139707
200 1.02086035
201 1.01173514
202 1.01775521
203 1.01599703
204 1.01060556
205 1.00952326
206 1.00778978
207 1.00628082
208 1.01510901
209 1.00345459
210 1.00850587
211 1.03588790
212 1.02583397
213 1.03018601
214 1.02121954
215 1.02963103
216 1.01671386
217 1.02996066
218 1.03931952
219 1.02994290
220 1.02546359
221 1.03213163
222 1.02341138
223 1.02993494
224 1.02978800
225 1.03210248
226 1.02659690
227 1.02185490
228 1.02980410
229 1.02951384
230 1.01688408
231 1.03588790
232 0.96084898
233 0.96453253
234 0.98428218
235 0.97645332
236 0.99176197
237 0.99167754
238 0.98676714
239 1.00415326
240 0.99642112
241 0.99506639
242 1.00176829
243 1.00519875
244 0.99471686
245 0.99721211
246 0.99728037
247 0.97650772
248 0.99064098
249 0.99041840
250 0.97128144
251 0.96876564
252 0.96084898
253 0.96011325
254 0.96115514
255 0.97553129
256 0.97957247
257 0.98405829
258 0.98121456
259 0.98727134
260 0.99454340
261 0.98060382
262 0.99298206
263 0.99925948
264 0.99339584
265 1.00105546
266 0.99114430
267 0.99302472
268 0.99138738
269 0.98809822
270 0.97926881
271 0.96622033
272 0.96129303
273 0.96011325
274 1.02396006
275 1.02546429
276 1.03162391
277 1.02387254
278 1.02563027
279 1.01890945
280 1.02389594
281 1.03610249
282 1.01914479
283 1.03171742
284 1.01984281
285 1.02911298
286 1.02836762
287 1.02918690
288 1.02338184
289 1.02916310
290 1.01672403
291 1.02405546
292 1.01414643
293 1.02229487
294 1.02396006
295 1.01749298
296 1.01799321
297 1.00944246
298 1.02125638
299 1.00850649
300 1.01228792
301 1.01809846
302 1.00579834
303 1.01402571
304 1.02017135
305 1.01756909
306 1.00931773
307 1.01175654
308 1.01239716
309 1.01554104
310 1.01484100
311 1.01763783
312 1.01279618
313 1.01056703
314 1.02247764
315 1.01749298
316 1.02008314
317 1.01354881
318 1.01957986
319 1.01874308
320 1.01605481
321 1.01606603
322 1.01217145
323 1.02556647
324 1.02001364
325 1.02205245
326 1.02074646
327 1.01147114
328 1.02482832
329 1.01836140
330 1.02843277
331 1.02069032
332 1.01358015
333 1.01589374
334 1.02224600
335 1.02864825
336 1.02008314
337 1.00697533
338 1.00061732
339 1.00388507
340 1.00650149
341 1.00483682
342 1.00603943
343 1.00294562
344 1.00674784
345 0.99712313
346 1.01305873
347 1.00886242
348 0.99384569
349 1.00101506
350 1.00368344
351 1.00261453
352 1.00595490
353 1.00549421
354 1.00689866
355 0.99780869
356 0.99848532
357 1.00697533
358 1.02874205
359 1.02629947
360 1.03570757
361 1.03140574
362 1.03093592
363 1.03719978
364 1.02800095
365 1.03146189
366 1.03780003
367 1.03667108
368 1.02054249
369 1.02209521
370 1.02420471
371 1.02383806
372 1.02890802
373 1.02612614
374 1.03131688
375 1.02873269
376 1.02795529
377 1.03596625
378 1.02874205
379 1.02115000
380 1.02545913
381 1.01939288
382 1.02157363
383 1.02212055
384 1.01509865
385 1.01443320
386 1.01614986
387 1.02318367
388 1.02656523
389 1.02726637
390 1.02740405
391 1.02651755
392 1.02123656
393 1.02559105
394 1.02359648
395 1.02939091
396 1.02162387
397 1.02226357
398 1.02242340
399 1.02115000
400 1.01795743
401 1.01133676
402 1.01752307
403 1.02064220
404 1.01270379
405 1.01735863
406 1.01748221
407 1.00967110
408 1.02649371
409 1.02719444
410 1.02431467
411 1.01912330
412 1.01296379
413 1.02756171
414 1.01725655
415 1.02414654
416 1.02103656
417 1.01283065
418 1.02263289
419 1.01320751
420 1.01795743
421 1.01081057
422 1.01085750
423 1.01366014
424 1.01572589
425 1.02412256
426 1.00648700
427 1.02072634
428 1.01047423
429 1.01878208
430 1.01762723
431 1.01218223
432 1.01793283
433 1.02180974
434 1.01910302
435 1.01449885
436 1.02716178
437 1.01567639
438 1.01814256
439 1.02153602
440 1.01586236
441 1.01081057
442 1.02391837
443 1.00818412
444 1.01596326
445 1.01774847
446 1.02919779
447 1.02687494
448 1.01794326
449 1.02700868
450 1.01829568
451 1.01220917
452 1.02287180
453 1.01594900
454 1.03230756
455 1.00657495
456 1.01350643
457 1.01846537
458 1.01816399
459 1.01568188
460 1.01655806
461 1.01528273
462 1.02391837
463 1.01960454
464 1.01741419
465 1.02342483
466 1.01335371
467 1.01102635
468 1.02139025
469 1.02225665
470 1.01645952
471 1.01881382
472 1.01747491
473 1.02083496
474 1.01533891
475 1.02996648
476 1.01555763
477 1.02108776
478 1.02756860
479 1.01266088
480 1.01547546
481 1.01465419
482 1.02183070
483 1.01960454
484 1.01307703
485 1.01117049
486 1.01987598
487 1.02632958
488 1.01909742
489 1.01455751
490 1.02310477
491 1.01661676
492 1.02135989
493 1.01874264
494 1.02858696
495 1.02234819
496 1.02741345
497 1.01819526
498 1.02162817
499 1.02319832
500 1.02744552
501 1.02076527
502 1.02341216
503 1.02007635
504 1.01307703
505 1.01405574
506 1.01200297
507 1.01122657
508 1.01952364
509 1.01325107
510 1.01437362
511 1.00581699
512 1.01595007
513 1.00965147
514 1.01429929
515 1.01596464
516 1.01100325
517 1.01857815
518 1.01246670
519 1.01668427
520 1.00900678
521 1.01839207
522 1.01902438
523 1.01736538
524 1.01136092
525 1.01405574
526 1.02011683
527 1.00805843
528 1.02353183
529 1.01063259
530 1.02024437
531 1.01797726
532 1.01163138
533 1.01866147
534 1.02151408
535 1.02168767
536 1.01366354
537 1.02175789
538 1.01817626
539 1.02946338
540 1.01343321
541 1.01461232
542 1.01588873
543 1.01686069
544 1.03331584
545 1.01047007
546 1.02011683
547 1.01241893
548 1.01472765
549 1.01961529
550 1.02111961
551 1.01715151
552 1.01283276
553 1.01235873
554 1.01204208
555 1.01553265
556 1.00788679
557 1.01306279
558 1.02081590
559 1.01740941
560 1.01598535
561 1.01296166
562 1.01003264
563 1.01951032
564 1.01342613
565 1.01447454
566 1.02069926
567 1.01241893
568 1.02383515
569 1.01119566
570 1.02136120
571 1.02266297
572 1.02544373
573 1.03107587
574 1.02041302
575 1.02822970
576 1.02487793
577 1.02327336
578 1.03122277
579 1.02449286
580 1.02909407
581 1.02727189
582 1.01710795
583 1.03351708
584 1.02328276
585 1.02264197
586 1.02506783
587 1.02586281
588 1.02383515
589 1.02281102
590 1.00919943
591 1.02029642
592 1.01080823
593 1.01376368
594 1.01595735
595 1.02093416
596 1.01620686
597 1.01679155
598 1.01877421
599 1.01644598
600 1.01267451
601 1.00675246
602 1.02166918
603 1.01744211
604 1.00884795
605 1.01999556
606 1.01872848
607 1.01125084
608 1.01174395
609 1.02281102
610 1.02932484
611 1.02532915
612 1.02069128
613 1.03047216
614 1.02395095
615 1.01369675
616 1.02858988
617 1.03041762
618 1.02257082
619 1.02519575
620 1.02799099
621 1.02608253
622 1.02793184
623 1.03054818
624 1.02891799
625 1.02862498
626 1.02508613
627 1.02457686
628 1.02870840
629 1.01501833
630 1.02932484
631 1.02390157
632 1.03152145
633 1.00623726
634 1.01720013
635 1.01941204
636 1.02766218
637 1.01866659
638 1.02669719
639 1.02627952
640 1.01551867
641 1.01957952
642 1.03127931
643 1.02628183
644 1.02916479
645 1.02432840
646 1.02242077
647 1.01955393
648 1.02105707
649 1.02568056
650 1.02087559
651 1.02390157
652 1.01587551
653 1.01764047
654 1.01481540
655 1.01407525
656 1.01269290
657 1.01627350
658 1.01141488
659 1.01527228
660 1.01265335
661 1.01950841
662 1.00460947
663 1.00783706
664 1.01483425
665 1.01336275
666 1.00970239
667 1.01342715
668 1.01009476
669 1.01568931
670 1.00775944
671 1.01622927
672 1.01587551
673 1.02730926
674 1.01696908
675 1.01901683
676 1.00460469
677 1.00693248
678 1.01830383
679 1.01592277
680 1.01674951
681 1.01615555
682 1.01446362
683 1.01483037
684 1.01552844
685 1.02623983
686 1.01841908
687 1.01563677
688 1.00819146
689 1.02163131
690 1.02697399
691 1.02050782
692 1.01568290
693 1.02730926
694 1.01679953
695 1.00556531
696 1.01126083
697 1.01435875
698 1.01736871
699 1.02159901
700 1.00972924
701 1.01627738
702 1.01963978
703 1.02283024
704 1.01213974
705 1.02177206
706 1.01589432
707 1.02438112
708 1.01623304
709 1.01603074
710 1.01661755
711 1.01683107
712 1.01300743
713 1.02453198
714 1.01679953
715 1.01956152
716 1.01455674
717 1.01270637
718 1.00428227
719 1.00901502
720 1.01226583
721 1.00840403
722 1.01499694
723 1.01542418
724 1.02093842
725 1.01790621
726 1.01480990
727 1.01265355
728 1.01632241
729 1.01449338
730 1.01580883
731 1.00766981
732 1.01284404
733 1.01167714
734 1.01867973
735 1.01956152
736 1.02504450
737 1.02028967
738 1.01812235
739 1.02514124
740 1.01882264
741 1.02679942
742 1.01371766
743 1.01948646
744 1.02533413
745 1.02578886
746 1.01477093
747 1.02810489
748 1.02680560
749 1.02265320
750 1.02413454
751 1.02150520
752 1.02216125
753 1.01686165
754 1.02200248
755 1.01960264
756 1.02504450
757 1.01557414
758 1.02675964
759 1.00905940
760 1.02276875
761 1.02443855
762 1.02393698
763 1.02196938
764 1.02993604
765 1.02606146
766 1.02055846
767 1.01835959
768 1.03215508
769 1.01706223
770 1.01970254
771 1.02245990
772 1.01664426
773 1.01670181
774 1.02367061
775 1.01950638
776 1.01713993
777 1.01557414
778 1.01228612
779 1.01629336
780 1.02151631
781 1.01659375
782 1.01616658
783 1.01539601
784 1.02093680
785 1.02440353
786 1.01270361
787 1.02267224
788 1.01575406
789 1.01506523
790 1.02144734
791 1.01687888
792 1.01199499
793 1.01616283
794 1.01363389
795 1.02125641
796 1.02241893
797 1.01758832
798 1.01228612
799 1.01258684
800 1.01443338
801 1.01337518
802 1.01035586
803 1.02004081
804 1.01028540
805 1.00142742
806 1.01140725
807 1.01494843
808 1.01445407
809 1.01072981
810 1.01227523
811 1.01209011
812 1.02075949
813 1.02312412
814 1.00999941
815 1.01501458
816 1.01222771
817 1.00394564
818 1.01964804
819 1.01258684
820 1.02274883
821 1.01438112
822 1.01786935
823 1.02184141
824 1.01710551
825 1.02500393
826 1.01926737
827 1.02559137
828 1.01298140
829 1.01700243
830 1.02255862
831 1.02335148
832 1.01300932
833 1.02787943
834 1.02298674
835 1.03186036
836 1.02552772
837 1.02002497
838 1.02346454
839 1.01620779
840 1.02274883
841 1.02644300
842 1.01769798
843 1.02752132
844 1.02815678
845 1.02443187
846 1.02476368
847 1.01342433
848 1.03311955
849 1.01824886
850 1.01542192
851 1.02593399
852 1.01895642
853 1.01624059
854 1.02289658
855 1.02246754
856 1.02108675
857 1.02948056
858 1.02779019
859 1.02297862
860 1.02790053
861 1.02644300
862 1.02168187
863 1.01749195
864 1.02256777
865 1.02553169
866 1.01729468
867 1.01275627
868 1.01718785
869 1.01593128
870 1.01832247
871 1.01633502
872 1.01717477
873 1.01854741
874 1.01294138
875 1.02066955
876 1.02098608
877 1.01744038
878 1.02378566
879 1.02002701
880 1.01820033
881 1.01386157
882 1.02168187
883 1.02987270
884 1.03033800
885 1.01303301
886 1.01664873
887 1.02242213
888 1.02021249
889 1.02575842
890 1.01721977
891 1.02729751
892 1.01657910
893 1.02463593
894 1.02689403
895 1.02627645
896 1.02033553
897 1.02551343
898 1.02317490
899 1.01853364
900 1.01769924
901 1.02979551
902 1.01962020
903 1.02987270
904 1.01293848
905 1.01213484
906 1.02068529
907 1.01960702
908 1.01901936
909 1.00691805
910 1.02312202
911 1.02227880
912 1.01253856
913 1.01909391
914 1.01532842
915 1.01593733
916 1.01451283
917 1.01877863
918 1.01792053
919 1.01722305
920 1.02111156
921 1.02298757
922 1.01338295
923 1.01446115
924 1.01293848
925 1.02620196
926 1.02603342
927 1.03055641
928 1.03342175
929 1.03286482
930 1.03331041
931 1.03046554
932 1.03088805
933 1.02384160
934 1.03406631
935 1.02817530
936 1.02104041
937 1.03463525
938 1.03132744
939 1.02705707
940 1.03305647
941 1.02128290
942 1.03241637
943 1.03160684
944 1.02857228
945 1.02620196
946 1.01529793
947 1.00315470
948 1.01432230
949 1.01340782
950 1.01208957
951 1.02494885
952 1.02668522
953 1.00714997
954 1.01115412
955 1.01715602
956 1.01451790
957 1.01324667
958 1.02080647
959 1.01508776
960 1.01387815
961 1.02046118
962 1.02278252
963 1.01396712
964 1.00979760
965 1.02332879
966 1.01529793
967 1.01144630
968 1.01964220
969 1.01286075
970 1.01826999
971 1.01389899
972 1.01286225
973 1.01932857
974 1.02442552
975 1.02198872
976 1.02553902
977 1.01514920
978 1.02552208
979 1.01632902
980 1.01367120
981 1.01719285
982 1.01477416
983 1.01416266
984 1.02113994
985 1.01863617
986 1.02248819
987 1.01144630
988 1.00949130
989 1.00765589
990 1.01032903
991 1.01243071
992 1.01303829
993 1.01514392
994 1.01124375
995 1.01250981
996 1.00855236
997 1.02113907
998 1.01403384
999 1.02080532
1000 1.02076785
1001 1.01157781
1002 1.00953555
1003 1.02105478
1004 1.01800481
1005 1.01138036
1006 1.01125468
1007 1.02017028
1008 1.00949130
1009 1.00354978
1010 1.00568052
1011 1.00952954
1012 1.01483490
1013 1.00100190
1014 1.00828751
1015 1.01070297
1016 1.00824766
1017 1.01215018
1018 1.01473621
1019 1.01381661
1020 1.00899246
1021 1.00508856
1022 1.01334047
1023 1.01252090
1024 1.01011508
1025 1.01175698
1026 1.01023270
1027 1.00776481
1028 1.01122777
1029 1.00354978
1030 1.03211356
1031 1.02304627
1032 1.01652702
1033 1.02585881
1034 1.02407612
1035 1.02263771
1036 1.02928847
1037 1.01049381
1038 1.01716362
1039 1.03272220
1040 1.01774826
1041 1.02856299
1042 1.02877191
1043 1.02518490
1044 1.01901337
1045 1.02036263
1046 1.02391914
1047 1.02654447
1048 1.03556357
1049 1.02184398
1050 1.03211356
1051 1.01702181
1052 1.02834467
1053 1.01778447
1054 1.01981716
1055 1.02263135
1056 1.02860782
1057 1.01912714
1058 1.02396627
1059 1.01935833
1060 1.01062347
1061 1.03420408
1062 1.02334092
1063 1.02365828
1064 1.02184819
1065 1.01572460
1066 1.02418635
1067 1.01464042
1068 1.01731798
1069 1.02663431
1070 1.02288824
1071 1.01702181
1072 1.02518705
1073 1.02247576
1074 1.01521892
1075 1.02419971
1076 1.01429832
1077 1.02694595
1078 1.01748188
1079 1.02198979
1080 1.01628997
1081 1.01229508
1082 1.01160752
1083 1.02217476
1084 1.02339970
1085 1.02150756
1086 1.01893716
1087 1.02885579
1088 1.03490883
1089 1.01741235
1090 1.01483044
1091 1.01984780
1092 1.02518705
1093 1.01028014
1094 1.01136972
1095 1.00540046
1096 1.01979348
1097 1.01470458
1098 1.00954956
1099 1.01123703
1100 1.01748108
1101 1.01597652
1102 1.01445047
1103 1.00887314
1104 1.01134783
1105 1.00216575
1106 1.00856145
1107 1.01244048
1108 1.01841176
1109 1.01207099
1110 1.00680005
1111 1.01522612
1112 1.01673574
1113 1.01028014
1114 1.01629944
1115 1.01550669
1116 1.01105473
1117 1.02391131
1118 1.01872752
1119 1.01624541
1120 1.02917793
1121 1.02140611
1122 1.01807177
1123 1.01665543
1124 1.01284308
1125 1.01597080
1126 1.02664167
1127 1.01895716
1128 1.01831252
1129 1.01382860
1130 1.01388571
1131 1.00821364
1132 1.02187658
1133 1.01374230
1134 1.01629944
1135 1.01774882
1136 1.01206729
1137 1.01314830
1138 1.01282885
1139 1.01575333
1140 1.02089736
1141 1.01224709
1142 1.01467583
1143 1.01797527
1144 1.01767600
1145 1.01062797
1146 1.01056121
1147 1.01679208
1148 1.01968115
1149 1.01567236
1150 1.01120634
1151 1.01094941
1152 1.01278145
1153 1.01562597
1154 1.01674391
1155 1.01774882
1156 1.03103401
1157 1.01279385
1158 1.00721779
1159 1.00846158
1160 1.01298640
1161 1.02950500
1162 1.01543520
1163 1.02013097
1164 1.02189746
1165 1.01620226
1166 1.01933420
1167 1.01788253
1168 1.01363928
1169 1.01772374
1170 1.01723998
1171 1.01914867
1172 1.00710591
1173 1.01536250
1174 1.01887816
1175 1.01556555
1176 1.03103401
1177 1.02340639
1178 1.01893096
1179 1.01611372
1180 1.02391245
1181 1.02316362
1182 1.01763353
1183 1.02887281
1184 1.00816566
1185 1.03193649
1186 1.01806842
1187 1.02717731
1188 1.02454653
1189 1.02003834
1190 1.02233892
1191 1.01062077
1192 1.02296261
1193 1.01806116
1194 1.01662693
1195 1.01936540
1196 1.02332641
1197 1.02340639
1198 1.01970655
1199 1.02539445
1200 1.02178044
1201 1.01724349
1202 1.02083082
1203 1.01922576
1204 1.01906310
1205 1.01685497
1206 1.01882441
1207 1.01600586
1208 1.02139502
1209 1.02704608
1210 1.01939775
1211 1.02364755
1212 1.01876925
1213 1.02679725
1214 1.01890637
1215 1.01745914
1216 1.01419213
1217 1.02564252
1218 1.01970655
1219 1.01454057
1220 1.02207799
1221 1.01781643
1222 1.02220628
1223 1.01482694
1224 1.01426133
1225 1.01439408
1226 1.02191001
1227 1.02038407
1228 1.02473297
1229 1.01840303
1230 1.02206413
1231 1.02951555
1232 1.02059326
1233 1.02009615
1234 1.02093599
1235 1.01609178
1236 1.02247009
1237 1.01341487
1238 1.02651284
1239 1.01454057
1240 1.02491320
1241 1.02068063
1242 1.02712040
1243 1.01696493
1244 1.01935050
1245 1.02276018
1246 1.01314485
1247 1.03145821
1248 1.01902174
1249 1.03422180
1250 1.01536984
1251 1.02509501
1252 1.01671735
1253 1.03106996
1254 1.02145148
1255 1.01978026
1256 1.02856624
1257 1.01638560
1258 1.02557974
1259 1.02389155
1260 1.02491320
1261 1.01490195
1262 1.01434097
1263 1.01024002
1264 1.02275814
1265 1.02066478
1266 1.02156567
1267 1.01693341
1268 1.01118205
1269 1.02188863
1270 1.02084741
1271 1.01553547
1272 1.01072362
1273 1.01993363
1274 1.02309733
1275 1.00267763
1276 1.01725416
1277 1.02311879
1278 1.01443044
1279 1.00868079
1280 1.01692974
1281 1.01490195
1282 1.02648506
1283 1.00679756
1284 1.01677337
1285 1.01761917
1286 1.01415488
1287 1.01827225
1288 1.01668643
1289 1.01669519
1290 1.02169877
1291 1.01894310
1292 1.01497785
1293 1.02322760
1294 1.01864326
1295 1.01949005
1296 1.01899012
1297 1.02800641
1298 1.01064334
1299 1.01266019
1300 1.01999719
1301 1.01510470
1302 1.02648506
1303 1.02570239
1304 1.02681241
1305 1.02099340
1306 1.02094045
1307 1.02036339
1308 1.02275955
1309 1.02311900
1310 1.01720959
1311 1.01959675
1312 1.01879782
1313 1.02436806
1314 1.01741124
1315 1.02563556
1316 1.01534030
1317 1.01235650
1318 1.01795289
1319 1.03242987
1320 1.01896480
1321 1.01758246
1322 1.02332383
1323 1.02570239
1324 1.01548034
1325 1.02040872
1326 1.00306650
1327 1.02759626
1328 1.02252460
1329 1.01718944
1330 1.01352607
1331 1.01454979
1332 1.02279306
1333 1.01655845
1334 1.01845524
1335 1.02264053
1336 1.01471589
1337 1.01288333
1338 1.01167541
1339 1.02244838
1340 1.01395057
1341 1.01319118
1342 1.02556093
1343 1.00824253
1344 1.01548034
1345 1.01567991
1346 1.01027081
1347 1.01987198
1348 1.01597151
1349 1.01395835
1350 1.01387242
1351 1.02064472
1352 1.01255327
1353 1.01331480
1354 1.01503514
1355 1.02333506
1356 1.01205977
1357 1.00596263
1358 1.00809625
1359 1.01284372
1360 1.01414713
1361 1.01452476
1362 1.00803297
1363 1.01150434
1364 1.02034414
1365 1.01567991
1366 1.01155305
1367 1.00881217
1368 1.01226173
1369 1.01261531
1370 1.00701760
1371 1.01181560
1372 1.01697338
1373 1.01678059
1374 1.01240658
1375 1.01265032
1376 1.01867674
1377 1.01892903
1378 1.01399298
1379 1.01745954
1380 1.01990568
1381 1.01446249
1382 1.01113881
1383 1.01566501
1384 1.00854516
1385 1.00737887
1386 1.01155305
1387 1.01594581
1388 1.01877695
1389 1.01710781
1390 1.01480898
1391 1.01180420
1392 1.02082461
1393 1.01857459
1394 1.01679633
1395 1.01163032
1396 1.01678641
1397 1.01315048
1398 1.02190370
1399 1.02895583
1400 1.01510934
1401 1.00914164
1402 1.01597538
1403 1.01005429
1404 1.01527902
1405 1.01097298
1406 1.01224635
1407 1.01594581
1408 1.01937436
1409 1.01636279
1410 1.01453080
1411 1.01867499
1412 1.01940501
1413 1.02534014
1414 1.01544519
1415 1.01765640
1416 1.00611026
1417 1.00646632
1418 1.01977215
1419 1.01872766
1420 1.01459226
1421 1.01156175
1422 1.01185033
1423 1.02505493
1424 1.02268579
1425 1.01731871
1426 1.01431213
1427 1.01456641
1428 1.01937436
1429 1.02597453
1430 1.02631654
1431 1.02099542
1432 1.01458247
1433 1.02231309
1434 1.02714407
1435 1.01896645
1436 1.01954135
1437 1.01272098
1438 1.01657443
1439 1.01745141
1440 1.01554801
1441 1.01973576
1442 1.02016746
1443 1.01517836
1444 1.02609032
1445 1.03342171
1446 1.02381510
1447 1.01365451
1448 1.01329977
1449 1.02597453
1450 1.01482939
1451 1.01780321
1452 1.02648478
1453 1.02971034
1454 1.02750028
1455 1.02420991
1456 1.02169306
1457 1.02515717
1458 1.02495540
1459 1.01033276
1460 1.02963781
1461 1.02749557
1462 1.01843297
1463 1.01629940
1464 1.02346502
1465 1.02035013
1466 1.01631063
1467 1.02055094
1468 1.02343724
1469 1.02216974
1470 1.01482939
1471 1.02321802
1472 1.03095294
1473 1.03482043
1474 1.02160349
1475 1.02058329
1476 1.03803005
1477 1.02639094
1478 1.02507987
1479 1.02875674
1480 1.02165011
1481 1.03261626
1482 1.03041906
1483 1.03058890
1484 1.02568035
1485 1.03252804
1486 1.02096656
1487 1.03135441
1488 1.02078876
1489 1.02552238
1490 1.02530025
1491 1.02321802
1492 1.00532570
1493 1.01934520
1494 1.01235360
1495 1.01782924
1496 1.02028616
1497 1.02262728
1498 1.02097254
1499 1.01286797
1500 1.01223380
1501 1.01194717
1502 1.01953702
1503 1.02155460
1504 1.01576227
1505 1.01373261
1506 1.00754675
1507 1.01459313
1508 1.01906948
1509 1.01009717
1510 1.02363553
1511 1.01667159
1512 1.00532570
1513 1.02441261
1514 1.01851105
1515 1.01319483
1516 1.01735822
1517 1.01980434
1518 1.02718498
1519 1.01608772
1520 1.00702353
1521 1.00876827
1522 1.01184354
1523 1.01756490
1524 1.02332647
1525 1.01661455
1526 1.01255915
1527 1.01983180
1528 1.01297853
1529 1.01351033
1530 1.02223545
1531 1.02275245
1532 1.02042601
1533 1.02441261
1534 1.02238718
1535 1.02423043
1536 1.01736986
1537 1.01990262
1538 1.02710635
1539 1.02163920
1540 1.01405954
1541 1.02717642
1542 1.01249067
1543 1.01539769
1544 1.02537530
1545 1.01692317
1546 1.02687350
1547 1.02728524
1548 1.01923904
1549 1.01514955
1550 1.01823093
1551 1.02355562
1552 1.02734951
1553 1.02874157
1554 1.02238718
1555 1.02425423
1556 1.01500197
1557 1.01376353
1558 1.01030084
1559 1.02286521
1560 1.01411676
1561 1.01833720
1562 1.00448681
1563 1.01351432
1564 1.01455528
1565 1.01108566
1566 1.01587826
1567 1.01823942
1568 1.00953989
1569 1.01834812
1570 1.02266657
1571 1.01774915
1572 1.00991803
1573 1.02495242
1574 1.02362163
1575 1.02425423
1576 1.00739670
1577 1.00760891
1578 1.00684516
1579 1.01064500
1580 1.01193564
1581 1.00875409
1582 1.01905754
1583 1.00258123
1584 1.01255154
1585 1.00865238
1586 1.00397127
1587 1.01157408
1588 1.01476634
1589 1.02015312
1590 1.01374060
1591 1.01676787
1592 1.01559006
1593 1.01296208
1594 0.99944511
1595 1.00395804
1596 1.00739670
1597 1.02965100
1598 1.02816605
1599 1.02360835
1600 1.02746667
1601 1.02197537
1602 1.01838862
1603 1.03142417
1604 1.02769899
1605 1.02547593
1606 1.03311705
1607 1.02032987
1608 1.02697886
1609 1.03580032
1610 1.02471721
1611 1.02905381
1612 1.01542570
1613 1.02530891
1614 1.02895305
1615 1.02240021
1616 1.02450547
1617 1.02965100
1618 1.01575302
1619 1.01319984
1620 1.02871349
1621 1.01041170
1622 1.01478933
1623 1.00861166
1624 1.01872858
1625 1.02037150
1626 1.01168508
1627 1.01693320
1628 1.01831847
1629 1.01666184
1630 1.01527474
1631 1.01519353
1632 1.01622113
1633 1.01382657
1634 1.02340705
1635 1.01792633
1636 1.02050337
1637 1.01138139
1638 1.01575302
1639 1.02999152
1640 1.02758727
1641 1.02798223
1642 1.02890169
1643 1.03808240
1644 1.02803986
1645 1.02266245
1646 1.03245968
1647 1.02731239
1648 1.02662870
1649 1.03198626
1650 1.02519930
1651 1.02526301
1652 1.03169849
1653 1.03193891
1654 1.02322597
1655 1.03203270
1656 1.02079073
1657 1.02535542
1658 1.01993151
1659 1.02999152
1660 1.00953623
1661 1.01134611
1662 1.01929031
1663 1.02830301
1664 1.01385611
1665 1.02140044
1666 1.01533003
1667 1.01476909
1668 1.01560498
1669 1.03132395
1670 1.01101853
1671 1.01980474
1672 1.02095032
1673 1.01467493
1674 1.02033749
1675 1.02482436
1676 1.01944654
1677 1.02258200
1678 1.02901278
1679 1.02448759
1680 1.00953623
1681 1.01647234
1682 1.02737263
1683 1.02936759
1684 1.03805612
1685 1.02785966
1686 1.02830795
1687 1.02108134
1688 1.02837638
1689 1.03796033
1690 1.02228977
1691 1.02390644
1692 1.02656331
1693 1.02760711
1694 1.02594111
1695 1.02292360
1696 1.03190554
1697 1.02788889
1698 1.03252697
1699 1.02519790
1700 1.03577151
1701 1.01647234
1702 1.01548966
1703 1.01683455
1704 1.01234943
1705 1.00404431
1706 1.00814226
1707 1.01505999
1708 1.00806164
1709 1.00884153
1710 1.01414028
1711 1.01129617
1712 1.01761138
1713 1.00540672
1714 1.01300277
1715 1.00552082
1716 1.01721297
1717 1.01522629
1718 1.00667855
1719 1.01577073
1720 1.00318685
1721 1.01535069
1722 1.01548966
1723 1.02270790
1724 1.02025439
1725 1.02152768
1726 1.01347964
1727 1.01265585
1728 1.01832447
1729 1.01621152
1730 1.01863761
1731 1.00906290
1732 1.01089743
1733 1.02081340
1734 1.01832626
1735 1.01954662
1736 1.01210500
1737 1.01021197
1738 1.01743699
1739 1.01860989
1740 1.02082935
1741 1.02319898
1742 1.00979112
1743 1.02270790
1744 1.02896885
1745 1.01937782
1746 1.02232580
1747 1.02092073
1748 1.02226878
1749 1.02399847
1750 1.01721037
1751 1.02335328
1752 1.01902014
1753 1.01679419
1754 1.02107039
1755 1.02551762
1756 1.02258067
1757 1.03157178
1758 1.02280941
1759 1.02835840
1760 1.01838180
1761 1.01991183
1762 1.01914071
1763 1.01957339
1764 1.02896885
1765 1.02033770
1766 1.01715381
1767 1.00719430
1768 1.01721274
1769 1.02197766
1770 1.02237541
1771 1.01795846
1772 1.02171400
1773 1.01969042
1774 1.01463457
1775 1.01449513
1776 1.01519720
1777 1.01440879
1778 1.01500962
1779 1.01461955
1780 1.01931184
1781 1.02303821
1782 1.01427188
1783 1.01199452
1784 1.02104051
1785 1.02033770
1786 1.01085845
1787 1.02131005
1788 1.01115542
1789 1.00815054
1790 1.01712417
1791 1.01574404
1792 1.02704881
1793 1.02214743
1794 1.02160105
1795 1.02826869
1796 1.01370182
1797 1.01229897
1798 1.01812053
1799 1.00852171
1800 1.01213944
1801 1.01838517
1802 1.01097270
1803 1.01777016
1804 1.01404483
1805 1.01136675
1806 1.01085845
1807 1.02365564
1808 1.03112345
1809 1.01982767
1810 1.02853657
1811 1.02428199
1812 1.02451217
1813 1.02577995
1814 1.03730109
1815 1.02589801
1816 1.03429851
1817 1.03447355
1818 1.02832865
1819 1.03111289
1820 1.02399361
1821 1.03175917
1822 1.02949817
1823 1.03608053
1824 1.02670007
1825 1.02473324
1826 1.02672834
1827 1.02365564
1828 1.02082818
1829 1.02661643
1830 1.02621785
1831 1.02218606
1832 1.02737858
1833 1.02992256
1834 1.02369976
1835 1.02355169
1836 1.02061740
1837 1.02001414
1838 1.01576977
1839 1.01978712
1840 1.02483421
1841 1.01702514
1842 1.02179890
1843 1.02488579
1844 1.02452955
1845 1.02645859
1846 1.03033545
1847 1.01835259
1848 1.02082818
1849 1.02061488
1850 1.01654810
1851 1.02527964
1852 1.02546930
1853 1.02114379
1854 1.02003719
1855 1.01432426
1856 1.02911400
1857 1.02348063
1858 1.02059154
1859 1.01392596
1860 1.00959313
1861 1.01891074
1862 1.01998824
1863 1.01788509
1864 1.03084260
1865 1.01311459
1866 1.01624895
1867 1.02513562
1868 1.01455152
1869 1.02061488
1870 1.01251954
1871 1.02184575
1872 1.02174646
1873 1.01562306
1874 1.02134917
1875 1.01311800
1876 1.02555650
1877 1.00510081
1878 1.02517901
1879 1.01463278
1880 1.02543765
1881 1.02072835
1882 1.01909156
1883 1.02074931
1884 1.01769799
1885 1.01676481
1886 1.01226919
1887 1.01684473
1888 1.02376949
1889 1.02327792
1890 1.01251954
1891 1.01824539
1892 1.01559690
1893 1.01956000
1894 1.01298013
1895 1.01159087
1896 1.00875902
1897 1.01311781
1898 1.00982699
1899 1.01356348
1900 1.00650577
1901 1.01603614
1902 1.02062344
1903 1.02316274
1904 1.00674658
1905 1.01237604
1906 1.00881493
1907 1.01951126
1908 1.01579513
1909 1.02452582
1910 1.00899300
1911 1.01824539
1912 1.02176890
1913 1.01288066
1914 1.00501167
1915 1.02064157
1916 1.01436982
1917 1.01649754
1918 1.00295629
1919 1.02106807
1920 1.01883243
1921 1.01147630
1922 1.01365942
1923 1.01149892
1924 1.01552731
1925 1.02328206
1926 1.01106975
1927 1.00992658
1928 1.01590611
1929 1.00881922
1930 1.01458347
1931 1.02209714
1932 1.02176890
1933 1.02205541
1934 1.00687668
1935 1.01351275
1936 1.02017574
1937 1.01561528
1938 1.01481377
1939 1.02607287
1940 1.01810551
1941 1.02539759
1942 1.00935608
1943 1.01744039
1944 1.00948099
1945 1.01843744
1946 1.02095041
1947 1.01470588
1948 1.02121314
1949 1.02360414
1950 1.01664575
1951 1.01014343
1952 1.01406241
1953 1.02205541
1954 1.01815652
1955 1.01543412
1956 1.01953867
1957 1.01129682
1958 1.00720206
1959 1.02476925
1960 1.01429023
1961 1.00845296
1962 1.01045129
1963 1.01690945
1964 1.01902077
1965 1.01255021
1966 1.01546407
1967 1.01035516
1968 1.01687865
1969 1.02657330
1970 1.01790660
1971 1.01979511
1972 1.02131380
1973 1.02487988
1974 1.01815652
1975 1.02700876
1976 1.02335667
1977 1.02221232
1978 1.01599718
1979 1.01946931
1980 1.02071616
1981 1.02411547
1982 1.02309329
1983 1.02053952
1984 1.02515646
1985 1.02081170
1986 1.01024557
1987 1.02391308
1988 1.01884794
1989 1.01625286
1990 1.02268118
1991 1.02538647
1992 1.01298463
1993 1.02033431
1994 1.02065716
1995 1.02700876
1996 1.00706113
1997 1.02559408
1998 1.02027039
1999 1.01634331
2000 1.01834915
2001 1.02006846
2002 1.01937897
2003 1.01521360
2004 1.01713216
2005 1.01669989
2006 1.01569289
2007 1.02562492
2008 1.01289396
2009 1.01656399
2010 1.02358306
2011 1.01905367
2012 1.02284087
2013 1.01877471
2014 1.02010481
2015 1.01040227
2016 1.00706113
2017 1.00446499
2018 1.01171696
2019 1.02047502
2020 1.00940530
2021 1.01206179
2022 1.01311143
2023 0.99571183
2024 1.00411239
2025 1.00572129
2026 1.01307350
2027 1.00108990
2028 1.00816506
2029 1.00474679
2030 1.00816187
2031 1.01093314
2032 1.01948690
2033 1.01373582
2034 1.01613393
2035 1.00819219
2036 1.01516163
2037 1.00446499
2038 1.01767570
2039 1.02457349
2040 1.02176772
2041 1.02637670
2042 1.01827043
2043 1.01879760
2044 1.01816546
2045 1.02158522
2046 1.01290143
2047 1.02247249
2048 1.02587033
2049 1.02184521
2050 1.01995346
2051 1.02045675
2052 1.02400546
2053 1.01372666
2054 1.02501322
2055 1.02622311
2056 1.02740579
2057 1.01517475
2058 1.01767570
2059 1.01910338
2060 1.01500110
2061 1.01819648
2062 1.01527241
2063 1.01010078
2064 1.02505598
2065 1.01151297
2066 1.00758682
2067 1.01607657
2068 1.01550904
2069 1.01598507
2070 1.01157192
2071 1.01848369
2072 1.02202785
2073 1.02189009
2074 1.01135501
2075 1.01569704
2076 1.01244412
2077 1.02271667
2078 1.01449919
2079 1.01910338
2080 1.02246443
2081 1.02897744
2082 1.01460027
2083 1.00867708
2084 1.02556795
2085 1.01944885
2086 1.01882323
2087 1.01683239
2088 1.02014394
2089 1.01816100
2090 1.02637146
2091 1.02003482
2092 1.01560022
2093 1.01169662
2094 1.01937027
2095 1.01682815
2096 1.01339485
2097 1.02351580
2098 1.02815692
2099 1.01441686
2100 1.02246443
2101 1.02153803
2102 1.03291004
2103 1.01418554
2104 1.01852820
2105 1.02483297
2106 1.01039033
2107 1.02191966
2108 1.01437534
2109 1.01844620
2110 1.01669074
2111 1.02272438
2112 1.01904469
2113 1.01950194
2114 1.02929843
2115 1.01133065
2116 1.02205004
2117 1.02487471
2118 1.02647177
2119 1.02053204
2120 1.02071547
2121 1.02153803
2122 1.02471954
2123 1.02008760
2124 1.01690387
2125 1.01581563
2126 1.01887884
2127 1.01796092
2128 1.01295013
2129 1.02107843
2130 1.01524741
2131 1.02180748
2132 1.01348401
2133 1.01592012
2134 1.02206924
2135 1.02170272
2136 1.02106242
2137 1.02129321
2138 1.01171589
2139 1.01962173
2140 1.01927968
2141 1.01789118
2142 1.02471954
2143 1.01235924
2144 1.01433822
2145 1.02414125
2146 1.01314082
2147 1.01424241
2148 1.01411359
2149 1.01116442
2150 1.01669045
2151 1.00592871
2152 1.01114318
2153 1.01442301
2154 1.02100948
2155 1.01737763
2156 1.01775137
2157 1.00910030
2158 1.02128577
2159 1.01291434
2160 1.02609394
2161 1.00994682
2162 1.02064949
2163 1.01235924
2164 1.01940477
2165 1.01327493
2166 1.01483082
2167 1.01474800
2168 1.01680435
2169 1.01951894
2170 1.00349962
2171 1.01316293
2172 1.02135493
2173 1.01998457
2174 1.02176814
2175 1.01105868
2176 1.01278229
2177 1.01030045
2178 1.01847027
2179 1.02092667
2180 1.01887997
2181 1.01539135
2182 1.01432785
2183 1.01410718
2184 1.01940477
2185 1.00975187
2186 1.01058861
2187 1.01417234
2188 1.01376959
2189 1.00902462
2190 1.01575893
2191 1.01871869
2192 1.01252109
2193 1.02303137
2194 1.01605495
2195 1.00325366
2196 1.01195743
2197 1.00825575
2198 1.01816115
2199 1.01935970
2200 1.00950260
2201 1.01201095
2202 1.01559173
2203 1.01253819
2204 1.01954526
2205 1.00975187
2206 1.01625129
2207 1.02235052
2208 1.02065260
2209 1.02233680
2210 1.01281183
2211 1.01827644
2212 1.02424465
2213 1.02519474
2214 1.02343518
2215 1.02710385
2216 1.02889554
2217 1.01962522
2218 1.01975699
2219 1.02071967
2220 1.02368621
2221 1.02728586
2222 1.02073841
2223 1.01602196
2224 1.02199044
2225 1.02089435
2226 1.01625129
2227 1.03103738
2228 1.01713998
2229 1.01746078
2230 1.02251097
2231 1.01720419
2232 1.02255131
2233 1.01750041
2234 1.02330024
2235 1.01710724
2236 1.02591877
2237 1.01105240
2238 1.02242941
2239 1.02392849
2240 1.01950178
2241 1.01625382
2242 1.01404159
2243 1.02354231
2244 1.01747631
2245 1.01274572
2246 1.01040924
2247 1.03103738
2248 1.01792297
2249 1.02567598
2250 1.01980236
2251 1.02688818
2252 1.02064239
2253 1.02378856
2254 1.01296086
2255 1.02179637
2256 1.02402554
2257 1.02270787
2258 1.02115441
2259 1.02527030
2260 1.01973768
2261 1.01934830
2262 1.02891621
2263 1.03041563
2264 1.03279186
2265 1.02862156
2266 1.02841345
2267 1.02484238
2268 1.01792297
2269 1.01978469
2270 1.01374567
2271 1.02371827
2272 1.02337582
2273 1.02465964
2274 1.01605438
2275 1.02026788
2276 1.02996507
2277 1.02646038
2278 1.01944573
2279 1.01791383
2280 1.01082790
2281 1.02603248
2282 1.02027366
2283 1.02222629
2284 1.01076328
2285 1.02310616
2286 1.02382034
2287 1.02859291
2288 1.02261152
2289 1.01978469
2290 1.00713218
2291 1.01767052
2292 1.00982013
2293 1.01082649
2294 1.01797770
2295 1.01332534
2296 1.01298543
2297 1.01339063
2298 1.01591672
2299 1.02227940
2300 1.00616986
2301 1.02286045
2302 1.01583967
2303 1.01575255
2304 1.01152797
2305 1.01535967
2306 1.01748910
2307 1.02267201
2308 1.01302076
2309 1.01356394
2310 1.00713218
2311 1.01433984
2312 1.01883579
2313 1.01487576
2314 1.01791566
2315 1.01784897
2316 1.01300026
2317 1.01797309
2318 1.01694569
2319 1.01314038
2320 1.02237375
2321 1.01768933
2322 1.03287230
2323 1.01936931
2324 1.02059288
2325 1.01682448
2326 1.01331944
2327 1.01217576
2328 1.01882991
2329 1.01414719
2330 1.02104848
2331 1.01433984
2332 1.01587259
2333 1.01296285
2334 1.01275753
2335 1.00966690
2336 1.01115795
2337 1.01612579
2338 1.01219573
2339 1.01166089
2340 1.00667751
2341 1.01844947
2342 1.02004869
2343 1.01288597
2344 1.02184324
2345 1.01592121
2346 1.01985916
2347 1.00815973
2348 1.01909737
2349 1.02042863
2350 1.00230305
2351 1.01074036
2352 1.01587259
2353 1.02825244
2354 1.02852575
2355 1.02567434
2356 1.03502257
2357 1.02404707
2358 1.01748620
2359 1.02137392
2360 1.02611423
2361 1.03970581
2362 1.02916711
2363 1.02623753
2364 1.03378091
2365 1.03579915
2366 1.03010173
2367 1.03176168
2368 1.02977219
2369 1.03190179
2370 1.02561910
2371 1.03031060
2372 1.03074538
2373 1.02825244
2374 1.01141772
2375 1.01988515
2376 1.02115753
2377 1.02397456
2378 1.01787337
2379 1.02723566
2380 1.01080413
2381 1.01258737
2382 1.01534343
2383 1.01005737
2384 1.00996656
2385 1.02064205
2386 1.00695191
2387 1.02116078
2388 1.01748636
2389 1.00987521
2390 1.01863402
2391 1.01690788
2392 1.01865785
2393 1.01541448
2394 1.01141772
2395 1.01988890
2396 1.01852101
2397 1.00989246
2398 1.01480240
2399 1.02178884
2400 1.02171714
2401 1.02180522
2402 1.01684747
2403 1.01607976
2404 1.01818863
2405 1.01845817
2406 1.02009487
2407 1.02152706
2408 1.00629037
2409 1.02513924
2410 1.02596435
2411 1.02174550
2412 1.02226054
2413 1.02064728
2414 1.02639700
2415 1.01988890
2416 1.02575371
2417 1.01154691
2418 1.01976540
2419 1.01112963
2420 1.01650763
2421 1.02775904
2422 1.01432225
2423 1.01157519
2424 1.02152407
2425 1.02134125
2426 1.01163081
2427 1.02328009
2428 1.01347249
2429 1.02146640
2430 1.01564472
2431 1.01596656
2432 1.01228125
2433 1.01580403
2434 1.01645654
2435 1.01300268
2436 1.02575371
2437 1.02502018
2438 1.02000653
2439 1.02577377
2440 1.02438068
2441 1.01619700
2442 1.02091652
2443 1.02199883
2444 1.03004017
2445 1.02422331
2446 1.02148464
2447 1.02354400
2448 1.01208865
2449 1.01691244
2450 1.02312938
2451 1.02843818
2452 1.02433796
2453 1.02904121
2454 1.01524906
2455 1.02517743
2456 1.02851342
2457 1.02502018
2458 1.00634069
2459 1.01532505
2460 1.02163070
2461 1.01646681
2462 1.02424148
2463 1.01674237
2464 1.02187413
2465 1.01495023
2466 1.02052253
2467 1.01820615
2468 1.01264482
2469 1.02218286
2470 1.02156737
2471 1.01677979
2472 1.02108973
2473 1.02341085
2474 1.02291558
2475 1.00955720
2476 1.02405304
2477 1.01375658
2478 1.00634069
2479 1.00441443
2480 1.01530196
2481 1.00966091
2482 1.00920178
2483 1.01648892
2484 1.00842604
2485 1.00651093
2486 1.01765660
2487 1.01548742
2488 1.01377483
2489 1.00650221
2490 1.01284006
2491 1.01383492
2492 1.01791496
2493 1.01840425
2494 1.00794899
2495 1.01432286
2496 1.01046782
2497 1.01597912
2498 1.01710218
2499 1.00441443
2500 1.02096500
2501 1.01589256
2502 1.01932297
2503 1.03321768
2504 1.02077443
2505 1.01020075
2506 1.02678221
2507 1.01727820
2508 1.02125316
2509 1.01677311
2510 1.02600401
2511 1.01935932
2512 1.01403598
2513 1.01340658
2514 1.02184753
2515 1.02106728
2516 1.02228526
2517 1.00976134
2518 1.01495276
2519 1.02038381
2520 1.02096500
2521 1.01012407
2522 1.02395266
2523 1.01837675
2524 1.00547314
2525 1.02350250
2526 1.01923591
2527 1.01779257
2528 1.02445078
2529 1.02127879
2530 1.01466904
2531 1.02020782
2532 1.01421535
2533 1.01464313
2534 1.00877278
2535 1.00939371
2536 1.02283506
2537 1.02160047
2538 1.00328340
2539 1.01919407
2540 1.02075842
2541 1.01012407
2542 1.02682790
2543 1.02304203
2544 1.01414688
2545 1.02748483
2546 1.02624927
2547 1.01586855
2548 1.02428118
2549 1.02261041
2550 1.01886509
2551 1.01803901
2552 1.02552005
2553 1.02458636
2554 1.02271883
2555 1.02074077
2556 1.02673480
2557 1.02449064
2558 1.01532458
2559 1.02368213
2560 1.02644760
2561 1.02021234
2562 1.02682790
2563 1.01208291
2564 1.00784451
2565 1.01860401
2566 1.01286025
2567 1.02592242
2568 1.01536351
2569 1.01619569
2570 1.00586269
2571 1.01761686
2572 1.01990607
2573 1.01268188
2574 1.00655275
2575 1.01480329
2576 1.01575743
2577 1.01864070
2578 1.01546340
2579 1.02491416
2580 1.01398324
2581 1.01712429
2582 1.01026773
2583 1.01208291
2584 1.01409399
2585 1.01696136
2586 1.01105350
2587 1.02621485
2588 1.00963097
2589 1.01951448
2590 1.01409601
2591 1.01702744
2592 1.01176028
2593 1.02188507
2594 1.02466065
2595 1.00788053
2596 1.01917724
2597 1.02607573
2598 1.01771561
2599 1.03026579
2600 1.01091343
2601 1.02073441
2602 1.00454190
2603 1.00926615
2604 1.01409399
2605 1.01302351
2606 1.01026533
2607 1.02815159
2608 1.01349903
2609 1.02231130
2610 1.01774503
2611 1.01583112
2612 1.02118483
2613 1.01632105
2614 1.01358894
2615 1.00972394
2616 1.01222119
2617 1.01785368
2618 1.01543741
2619 1.01860098
2620 1.01543188
2621 1.02396187
2622 1.02474139
2623 1.01922435
2624 1.01679987
2625 1.01302351
2626 1.02153869
2627 1.01113246
2628 1.01155796
2629 1.01461576
2630 1.02206091
2631 1.02173713
2632 1.01089309
2633 1.01588790
2634 1.01225448
2635 1.00913051
2636 1.01527461
2637 1.00988277
2638 1.01370323
2639 1.01746635
2640 1.01261441
2641 1.00904064
2642 1.01939214
2643 1.01146454
2644 1.01219859
2645 1.01971115
2646 1.02153869
2647 1.02094849
2648 1.02119948
2649 1.02593534
2650 1.02346349
2651 1.02307288
2652 1.02701481
2653 1.01218077
2654 1.01793503
2655 1.01800599
2656 1.02244174
2657 1.01400355
2658 1.01635911
2659 1.02161919
2660 1.02704682
2661 1.02197592
2662 1.01955035
2663 1.02676206
2664 1.01656172
2665 1.01884865
2666 1.02727454
2667 1.02094849
2668 1.02405284
2669 1.03237556
2670 1.02600353
2671 1.02535167
2672 1.02287499
2673 1.01968900
2674 1.02776271
2675 1.02911377
2676 1.02465406
2677 1.03074398
2678 1.02426486
2679 1.03493562
2680 1.02583287
2681 1.02984609
2682 1.02388219
2683 1.02407397
2684 1.02910579
2685 1.02062608
2686 1.02434236
2687 1.02600413
2688 1.02405284
2689 1.01983852
2690 1.00878469
2691 1.00496868
2692 1.00955394
2693 1.01367851
2694 1.01440255
2695 1.00841950
2696 1.01176325
2697 1.01277127
2698 1.02058906
2699 1.01095672
2700 1.00381449
2701 1.02336973
2702 1.01670792
2703 1.00869738
2704 1.01003483
2705 1.01456404
2706 1.00889222
2707 1.00413430
2708 1.02031682
2709 1.01983852
2710 1.02511162
2711 1.02424564
2712 1.03554758
2713 1.01266907
2714 1.02760418
2715 1.01826155
2716 1.02347276
2717 1.02609405
2718 1.02787124
2719 1.01994389
2720 1.02774917
2721 1.02115667
2722 1.03162147
2723 1.02620357
2724 1.02114173
2725 1.01783847
2726 1.02538794
2727 1.03103255
2728 1.02949426
2729 1.02853542
2730 1.02511162
2731 1.01381371
2732 1.01597398
2733 1.02268321
2734 1.01371763
2735 1.02102106
2736 1.00983710
2737 1.01912550
2738 1.01639092
2739 1.01478415
2740 1.01774215
2741 1.01531186
2742 1.01441953
2743 1.01563545
2744 1.01783580
2745 1.01297377
2746 1.01181893
2747 1.02058257
2748 1.01203098
2749 1.02056990
2750 1.01148075
2751 1.01381371
2752 1.01205157
2753 1.02312511
2754 1.02098737
2755 1.02000480
2756 1.01271112
2757 1.01880351
2758 1.02212829
2759 1.01450350
2760 1.02415152
2761 1.00586059
2762 1.01059875
2763 1.01851928
2764 1.01694961
2765 1.02116755
2766 1.02488107
2767 1.02276057
2768 1.02437363
2769 1.02074578
2770 1.00935214
2771 1.02346027
2772 1.01205157
2773 0.95539605
2774 0.95992842
2775 0.96835267
2776 0.97685651
2777 0.99077874
2778 0.99462360
2779 0.99333587
2780 0.99699811
2781 0.97830712
2782 0.99412898
2783 0.99193552
2784 0.99721237
2785 1.00133729
2786 0.99319083
2787 0.99342449
2788 0.98830605
2789 0.98800091
2790 0.98227325
2791 0.97787811
2792 0.97466786
2793 0.95539605
2794 1.02087277
2795 1.01890562
2796 1.01293496
2797 1.01765821
2798 1.02240396
2799 1.01645729
2800 1.01459810
2801 1.02067372
2802 1.03081679
2803 1.01931377
2804 1.02233080
2805 1.02859086
2806 1.02738166
2807 1.02647715
2808 1.02122083
2809 1.02625023
2810 1.02637589
2811 1.02489259
2812 1.01468439
2813 1.02366933
2814 1.02087277
2815 1.01345828
2816 1.02581416
2817 1.01625574
2818 1.01968791
2819 1.02210109
2820 1.01881748
2821 1.01816452
2822 1.01236580
2823 1.01183006
2824 1.03046976
2825 1.01098122
2826 1.01321991
2827 1.03286941
2828 1.01251720
2829 1.02467787
2830 1.02440464
2831 1.02030548
2832 1.01749399
2833 1.01562703
2834 1.01278709
2835 1.01345828
2836 1.01813378
2837 1.02364212
2838 1.01769551
2839 1.01694649
2840 1.02170634
2841 1.02496642
2842 1.01067799
2843 1.01670317
2844 1.02428060
2845 1.02462409
2846 1.01506100
2847 1.02870540
2848 1.02634150
2849 1.01278012
2850 1.01438323
2851 1.02169327
2852 1.02656170
2853 1.01180007
2854 1.01641400
2855 1.01569787
2856 1.01813378
2857 1.00815305
2858 1.01589963
2859 1.01414814
2860 1.01102686
2861 1.01358692
2862 1.01362067
2863 1.01521853
2864 1.01129186
2865 1.00787578
2866 1.01165405
2867 1.01310213
2868 1.00995872
2869 1.02035812
2870 1.01291088
2871 1.01349073
2872 1.01240241
2873 1.01742317
2874 1.01861050
2875 1.01639223
2876 1.01387586
2877 1.00815305
2878 1.01846217
2879 1.02651677
2880 1.02198137
2881 1.02023772
2882 1.00835101
2883 1.02731340
2884 1.01921278
2885 1.01929909
2886 1.02090275
2887 1.02206648
2888 1.02221027
2889 1.01873912
2890 1.01332743
2891 1.02108208
2892 1.01641129
2893 1.02295830
2894 1.02225249
2895 1.02029602
2896 1.02193489
2897 1.01719840
2898 1.01846217
2899 1.02335626
2900 1.02128896
2901 1.02615311
2902 1.02352479
2903 1.02161784
2904 1.02180006
2905 1.02445514
2906 1.03402933
2907 1.02788030
2908 1.03533581
2909 1.02098770
2910 1.02372977
2911 1.02695168
2912 1.02879871
2913 1.02462489
2914 1.01645516
2915 1.01974113
2916 1.02487500
2917 1.02281000
2918 1.02543150
2919 1.02335626
2920 1.02526643
2921 1.03831085
2922 1.02676895
2923 1.01739388
2924 1.02916809
2925 1.02026113
2926 1.02325535
2927 1.03141322
2928 1.02875848
2929 1.03462775
2930 1.03131627
2931 1.01758188
2932 1.02871360
2933 1.02118379
2934 1.01949652
2935 1.02748591
2936 1.02993212
2937 1.03569112
2938 1.02031771
2939 1.03125316
2940 1.02526643
2941 1.00355788
2942 1.00400394
2943 0.99957878
2944 1.00953596
2945 1.00736839
2946 0.99771266
2947 0.99551890
2948 0.99490767
2949 1.00141087
2950 1.00506890
2951 0.99670426
2952 1.00027313
2953 1.00617304
2954 1.00282765
2955 1.00865272
2956 0.99517061
2957 0.99595458
2958 1.01018447
2959 1.00151820
2960 1.00247970
2961 1.00355788
2962 1.01586645
2963 1.02034482
2964 1.01721942
2965 1.02643237
2966 1.01819207
2967 1.01121128
2968 1.02267550
2969 1.02479946
2970 1.02267834
2971 1.01212189
2972 1.03061549
2973 1.02012726
2974 1.01812939
2975 1.02300238
2976 1.02176717
2977 1.01579145
2978 1.02793327
2979 1.02155744
2980 1.02994619
2981 1.02305262
2982 1.01586645
2983 1.01208432
2984 1.01150761
2985 1.01797685
2986 1.00449552
2987 1.01477508
2988 1.00933741
2989 1.01179037
2990 1.01019092
2991 1.01353711
2992 1.00534719
2993 1.01642655
2994 1.01267102
2995 1.01279726
2996 1.00465322
2997 1.01375212
2998 1.01523244
2999 1.01409766
3000 1.00393476
3001 1.01972808
3002 1.01173978
3003 1.01208432
3004 1.02155306
3005 1.01969615
3006 1.02175084
3007 1.02163203
3008 1.01983273
3009 1.02157254
3010 1.02496873
3011 1.02009008
3012 1.01507494
3013 1.02466489
3014 1.01808187
3015 1.02157436
3016 1.02786825
3017 1.01931028
3018 1.02849794
3019 1.02818707
3020 1.01647222
3021 1.02371900
3022 1.01943320
3023 1.02365676
3024 1.02155306
