index DenDen_position
1 1.62482344
2 1.58625285
3 1.53855752
4 1.51718933
5 1.49034153
6 1.47463939
7 1.47630637
8 1.45375161
9 1.44602520
10 1.45783206
11 1.43886820
12 1.44405883
13 1.45076803
14 1.45713322
15 1.45310567
16 1.47753284
17 1.49736450
18 1.51193673
19 1.54424831
20 1.58184030
21 1.62482344
22 0.93148895
23 0.94141731
24 0.95498055
25 0.96858174
26 0.96507899
27 0.96950987
28 0.96970497
29 0.96978194
30 0.97377497
31 0.96569991
32 0.98060776
33 0.96924413
34 0.97028656
35 0.96818064
36 0.96052938
37 0.96762181
38 0.95442331
39 0.95654008
40 0.95420112
41 0.94557315
42 0.93148895
43 0.98449396
44 0.98995743
45 0.99902196
46 0.99457230
47 0.99752615
48 0.99782573
49 0.99334303
50 0.99817620
51 0.99488534
52 1.00318576
53 0.99549309
54 0.99821647
55 0.99454775
56 1.00111072
57 0.98987092
58 0.99484075
59 0.99478224
60 0.99176510
61 0.99250596
62 0.99367400
63 0.98449396
64 0.99699894
65 1.00313520
66 0.99424342
67 0.99045271
68 0.99828362
69 0.99931773
70 0.99882307
71 0.99349459
72 1.00211588
73 0.99458566
74 0.99785808
75 0.99670394
76 0.99719203
77 0.99637782
78 0.99741093
79 0.99700679
80 0.99715234
81 1.00238965
82 0.99790199
83 0.99621303
84 0.99699894
85 0.97788354
86 0.99253477
87 0.98628783
88 0.98587414
89 0.98979349
90 0.99371292
91 0.98818129
92 0.98077171
93 0.98937450
94 0.99107960
95 0.98239517
96 0.98698496
97 0.98602229
98 0.99521837
99 0.98454941
100 0.98326107
101 0.99510933
102 0.98893481
103 0.99797080
104 0.98479195
105 0.97788354
106 0.98725518
107 0.98557179
108 0.99380152
109 0.98590589
110 0.98591199
111 0.99135379
112 0.97998473
113 0.99265239
114 0.98816462
115 0.98927930
116 0.99289173
117 0.99165769
118 0.98688575
119 0.99496717
120 0.98050870
121 0.98635755
122 0.99377498
123 0.99194771
124 0.99780743
125 0.99596518
126 0.98725518
127 0.98122308
128 0.99459214
129 0.98869186
130 0.98311249
131 0.98619778
132 0.98942658
133 0.99532506
134 0.99563256
135 0.99276591
136 0.98623809
137 0.98536750
138 0.98345538
139 0.99356091
140 0.99005172
141 0.99169331
142 0.98807451
143 0.98826384
144 0.99178577
145 0.98276057
146 0.98810412
147 0.98122308
148 0.98823447
149 0.99555285
150 0.98364518
151 0.99329192
152 0.99257082
153 0.99207374
154 0.98550617
155 0.99152664
156 0.99549256
157 0.98284965
158 0.99552358
159 0.99808901
160 0.99139948
161 0.98263562
162 0.99343270
163 0.98463268
164 0.99470998
165 0.99400961
166 0.98363248
167 0.98855527
168 0.98823447
169 0.99442241
170 0.98287324
171 0.98362943
172 0.98606029
173 0.99275896
174 0.98620540
175 0.98197728
176 0.98175642
177 0.98117113
178 0.98299746
179 0.98128466
180 0.98593857
181 0.98351239
182 0.99071012
183 0.98260945
184 0.98155073
185 0.97403945
186 0.98301966
187 0.98611491
188 0.98860250
189 0.99442241
190 0.99481174
191 0.98624707
192 0.99848209
193 0.98912450
194 1.00140220
195 1.00869452
196 1.00027535
197 0.99129873
198 1.00633870
199 0.99657298
200 0.99103834
201 0.99283993
202 0.99786322
203 0.99792185
204 0.99258639
205 0.99989764
206 1.00031830
207 1.00395562
208 1.00661502
209 0.99262148
210 0.99481174
211 0.98534678
212 0.99299615
213 0.98972014
214 1.00098247
215 0.98948021
216 0.99485136
217 0.99030865
218 0.99449265
219 0.99988089
220 0.99686203
221 0.99488117
222 0.99622888
223 0.99206804
224 1.00323176
225 0.98710730
226 0.98807336
227 1.00075870
228 0.99304884
229 0.99452428
230 0.99684918
231 0.98534678
232 0.93611392
233 0.95577840
234 0.94615628
235 0.95861431
236 0.95847337
237 0.97376329
238 0.95810608
239 0.96426953
240 0.96610365
241 0.97058866
242 0.96940048
243 0.97272945
244 0.97577013
245 0.97336920
246 0.97071407
247 0.96394254
248 0.95069898
249 0.95535534
250 0.95491812
251 0.93780661
252 0.93611392
253 0.94093056
254 0.93932246
255 0.95454234
256 0.96073769
257 0.96634117
258 0.97785216
259 0.97614869
260 0.97727369
261 0.97629324
262 0.97864479
263 0.97719646
264 0.97234670
265 0.97441461
266 0.97192594
267 0.97096059
268 0.96471696
269 0.97534512
270 0.97020309
271 0.95886632
272 0.94870713
273 0.94093056
274 0.99837726
275 1.00335630
276 1.00398375
277 0.99960662
278 1.00893520
279 1.00970004
280 1.01286903
281 1.00192711
282 0.99722018
283 1.01379039
284 1.00307983
285 1.00455075
286 1.00094379
287 1.00633115
288 1.00372874
289 1.00697568
290 0.99828008
291 1.00375755
292 1.00299958
293 1.00273516
294 0.99837726
295 0.99675863
296 0.99587583
297 0.99369013
298 0.99399174
299 0.99410028
300 0.99508645
301 0.98984573
302 0.99009789
303 0.99288533
304 0.99213581
305 0.99404372
306 0.99165170
307 0.99577151
308 0.99211024
309 0.99125602
310 0.98650720
311 0.98923735
312 0.99282007
313 0.99432365
314 0.98589317
315 0.99675863
316 0.99910721
317 0.99859538
318 0.98878938
319 0.99185684
320 0.99498197
321 0.98874855
322 0.99499828
323 0.99924356
324 0.98879652
325 0.99074924
326 0.99463858
327 0.99555870
328 0.99577900
329 0.98829254
330 0.99489556
331 0.99280058
332 0.99630721
333 0.99105916
334 0.98999289
335 0.99906327
336 0.99910721
337 0.98778502
338 0.99473314
339 0.99990935
340 1.00378752
341 0.99834734
342 0.99993143
343 0.99129773
344 1.00227116
345 0.99379427
346 1.00445380
347 1.00230306
348 0.99005350
349 1.00137752
350 0.99538749
351 0.99727933
352 1.00018490
353 0.99576086
354 1.00016587
355 0.98693937
356 1.00016627
357 0.98778502
358 1.00001211
359 0.99315735
360 1.00122009
361 0.98713288
362 0.99941214
363 0.99744451
364 0.98480357
365 0.98934527
366 0.99298677
367 0.99763054
368 0.99733037
369 0.99948944
370 0.99198997
371 0.99012504
372 0.99874690
373 0.99272334
374 0.99033897
375 0.99391132
376 0.98508083
377 0.98616023
378 1.00001211
379 0.99953011
380 0.99120193
381 0.98108677
382 0.98775965
383 0.98521273
384 0.99676846
385 0.99692500
386 0.98452666
387 0.99114853
388 0.99029894
389 0.99600888
390 0.99311135
391 0.99582770
392 0.99006180
393 0.98364456
394 0.99510331
395 0.98171464
396 0.98324742
397 0.98515716
398 0.99297679
399 0.99953011
400 1.00427123
401 0.99472695
402 0.99809893
403 1.00413411
404 0.99456869
405 0.99396135
406 0.99540113
407 0.99941737
408 0.99438752
409 1.00232325
410 0.99877568
411 0.99016562
412 1.00182748
413 0.99437995
414 1.00034712
415 0.98891316
416 1.00005496
417 1.00284341
418 0.99311552
419 0.99219682
420 1.00427123
421 0.99853884
422 0.99466084
423 0.99128520
424 0.99220665
425 0.99774263
426 0.99482146
427 0.99406582
428 0.99431414
429 0.99075128
430 0.99929166
431 0.99597876
432 0.98529346
433 1.00317799
434 0.99096123
435 0.99476078
436 0.99618067
437 0.99436971
438 0.99760607
439 1.00052504
440 1.00018894
441 0.99853884
442 0.98568158
443 0.99069651
444 0.99782060
445 0.98438054
446 0.98503310
447 0.99845646
448 0.99268320
449 0.99352018
450 0.99173076
451 0.97947353
452 0.99113469
453 0.99148389
454 0.99262584
455 0.97961507
456 0.99325740
457 0.98179634
458 0.97491476
459 0.99193773
460 0.99444583
461 0.99477391
462 0.98568158
463 0.97806489
464 0.98771428
465 0.99543443
466 0.98789618
467 0.98223183
468 0.99382132
469 0.98859625
470 0.98277969
471 0.98492789
472 0.98828469
473 0.99381573
474 0.98614286
475 0.99004849
476 0.98544652
477 0.99314417
478 0.98269436
479 0.99266077
480 0.98968819
481 0.98491617
482 0.99252502
483 0.97806489
484 1.00246331
485 0.99592919
486 0.99899018
487 0.99787586
488 1.00351756
489 1.00153963
490 0.99920757
491 0.99384195
492 1.00196693
493 1.00991877
494 0.99571529
495 0.99641874
496 1.00213695
497 1.00543027
498 1.00016023
499 1.00200870
500 1.00518951
501 0.99570027
502 0.99692246
503 1.00148555
504 1.00246331
505 0.98468504
506 0.98993210
507 0.98929109
508 0.99231726
509 0.98851960
510 0.99120584
511 0.99189730
512 0.98913308
513 0.98310011
514 0.98427917
515 0.99466707
516 0.99418102
517 0.99421645
518 0.99404985
519 0.98667526
520 0.99189975
521 0.99274431
522 0.98848684
523 0.98682243
524 0.99544024
525 0.98468504
526 0.98535870
527 0.99335946
528 0.99903306
529 0.97938138
530 0.98602038
531 0.98338659
532 0.99156445
533 0.97797102
534 0.99146096
535 0.99368958
536 0.99032919
537 0.99201002
538 0.98998904
539 0.98446807
540 0.98852168
541 0.99855151
542 0.99422896
543 0.98735998
544 0.98681715
545 0.98454399
546 0.98535870
547 0.99016925
548 0.98781456
549 0.99254252
550 0.99863297
551 0.98781745
552 0.98911358
553 0.98840268
554 0.99354546
555 0.98763623
556 0.99012727
557 0.98604873
558 0.99661157
559 0.99279730
560 0.98485960
561 0.99894067
562 0.99721779
563 0.98965433
564 0.99352843
565 0.98441787
566 0.99439684
567 0.99016925
568 1.00662284
569 0.99251735
570 0.99572237
571 1.00119386
572 1.00388709
573 0.99931908
574 1.00243635
575 1.00351677
576 1.00295491
577 0.99933051
578 1.00268739
579 1.00664256
580 1.00460643
581 0.99473254
582 1.00151485
583 1.00539214
584 0.99821722
585 0.99969048
586 1.00391352
587 1.00360440
588 1.00662284
589 0.99215127
590 0.98581405
591 0.99514981
592 0.99968944
593 0.98844483
594 0.99293501
595 0.99803966
596 0.98704952
597 0.98989551
598 0.99177508
599 0.99267642
600 0.98777965
601 0.99143541
602 0.99507176
603 0.99004010
604 1.00053039
605 0.98227287
606 0.98743866
607 0.98778700
608 0.99572022
609 0.99215127
610 0.98830249
611 0.99006837
612 0.99519971
613 1.00069976
614 0.99585664
615 0.99093729
616 0.99103667
617 0.98364420
618 0.98512649
619 0.98606495
620 0.98376917
621 0.98267297
622 0.99050563
623 0.99694232
624 0.98659550
625 0.98175645
626 0.99727982
627 0.98850641
628 0.98850687
629 0.98774526
630 0.98830249
631 0.99055616
632 0.99770120
633 0.98695315
634 0.99297722
635 0.99159412
636 0.99167292
637 0.98584714
638 0.99262837
639 0.99272766
640 0.99254329
641 0.99067973
642 0.99209315
643 0.99879574
644 0.98775400
645 0.98715113
646 0.98673882
647 0.98847858
648 0.99108424
649 0.98784346
650 0.98550448
651 0.99055616
652 0.99811264
653 0.99858284
654 0.98916796
655 0.99120572
656 0.99458763
657 0.99396901
658 1.00332467
659 0.98726179
660 0.99521089
661 0.99820926
662 0.99958718
663 1.00622434
664 0.99853287
665 1.00904503
666 0.99603226
667 0.99202467
668 0.99183279
669 0.99435797
670 1.00207750
671 0.99106442
672 0.99811264
673 0.98753358
674 0.98604687
675 0.99218198
676 0.98435885
677 0.98972350
678 0.99065905
679 0.97597408
680 0.98616379
681 0.98565813
682 0.98763958
683 0.99357794
684 0.97923487
685 0.99056609
686 0.98780913
687 1.00045953
688 0.98236359
689 0.99564289
690 0.98994738
691 0.98233649
692 0.98149078
693 0.98753358
694 0.98978333
695 0.99219491
696 1.00333457
697 0.99212091
698 0.99039821
699 0.99197844
700 0.99815409
701 0.98402291
702 0.99677066
703 0.98548310
704 0.99273213
705 1.00403127
706 0.97968578
707 0.98872580
708 1.00158897
709 0.99280737
710 0.98635679
711 0.99627324
712 0.99041161
713 0.98910347
714 0.98978333
715 0.99851713
716 0.99191850
717 0.99779157
718 0.99782771
719 0.99383897
720 0.99882440
721 0.99754766
722 0.99532395
723 0.99821465
724 0.99254955
725 0.99158769
726 0.99270168
727 1.00879864
728 1.00270546
729 1.00065321
730 1.00162366
731 1.00165859
732 1.00277232
733 0.99381210
734 1.00735398
735 0.99851713
736 1.00097488
737 0.98533832
738 0.97912647
739 0.98955578
740 0.97977608
741 0.99303490
742 0.99389159
743 0.99569830
744 0.99226973
745 0.98997865
746 0.99163172
747 0.99331509
748 0.98488196
749 0.99050365
750 0.99304455
751 0.99712407
752 0.99833773
753 0.99068646
754 0.99038372
755 0.99182229
756 1.00097488
757 0.99312298
758 0.99340961
759 0.99125226
760 0.99701721
761 1.00594591
762 0.99808301
763 0.99739253
764 0.99651264
765 1.00887643
766 0.99496773
767 0.99359732
768 0.99133989
769 0.99916370
770 1.00509115
771 1.00303494
772 0.99940045
773 1.00890998
774 0.99939232
775 0.99521366
776 0.99863753
777 0.99312298
778 0.99480421
779 1.00059931
780 1.00255981
781 0.99352749
782 0.99390065
783 0.99548361
784 0.99268792
785 0.98808794
786 0.99866220
787 1.01005231
788 1.00308398
789 1.00366824
790 0.99974666
791 1.00563176
792 1.00269239
793 0.98558269
794 0.99654465
795 0.99845009
796 0.99063023
797 0.98833894
798 0.99480421
799 0.99002243
800 0.98111490
801 0.99486151
802 0.99764932
803 0.98973992
804 0.99346967
805 0.98285536
806 0.98911350
807 0.99192125
808 0.99735022
809 0.99109780
810 1.00187698
811 0.98677210
812 0.98635424
813 0.98569898
814 0.99432157
815 0.99874045
816 0.98633772
817 0.98226472
818 0.98486608
819 0.99002243
820 0.99380294
821 0.99448395
822 0.99466912
823 0.99405600
824 0.99557828
825 0.98609817
826 0.99328551
827 0.98609806
828 0.99241342
829 0.97824308
830 0.99533205
831 0.98804998
832 0.99166538
833 0.98748886
834 0.98156524
835 0.98159327
836 0.98801931
837 0.98720423
838 0.99294378
839 0.99100960
840 0.99380294
841 0.98667982
842 1.00276777
843 0.99052913
844 0.99356057
845 0.99368336
846 1.00030046
847 0.98200952
848 0.99231150
849 0.99531546
850 0.99184224
851 0.99748673
852 1.00038881
853 0.99260448
854 0.99923084
855 0.99105268
856 0.98832905
857 0.99943058
858 0.99177292
859 0.99457514
860 0.98973076
861 0.98667982
862 0.99778859
863 1.00079632
864 0.99536160
865 1.00076860
866 0.99629559
867 0.99333424
868 0.99576192
869 1.00029688
870 0.99217072
871 0.99764091
872 1.00239616
873 0.99685201
874 0.98889023
875 0.99029795
876 0.99161734
877 0.98887923
878 0.99388521
879 0.99774783
880 0.99236152
881 0.99787197
882 0.99778859
883 0.99502178
884 0.98909493
885 0.99611769
886 0.98541782
887 0.99165212
888 0.99534877
889 0.98804865
890 0.99032254
891 0.99307606
892 0.99609527
893 0.99843891
894 0.99381758
895 0.99571634
896 0.99798774
897 0.99359322
898 0.99104287
899 0.98943930
900 0.99322781
901 0.99988698
902 0.98934370
903 0.99502178
904 0.98483427
905 1.00553398
906 0.99910167
907 0.99312508
908 0.98839223
909 1.00339111
910 1.00579456
911 0.99075783
912 0.99263176
913 0.99691628
914 0.99113402
915 0.99617625
916 1.00147889
917 0.99121919
918 0.99941168
919 0.99640265
920 0.99645993
921 0.99154943
922 0.99409653
923 0.99293995
924 0.98483427
925 1.00059574
926 0.99972235
927 0.99344010
928 0.99237371
929 1.00183993
930 1.00619252
931 0.99553833
932 1.00839663
933 0.99426954
934 0.99324711
935 0.99619671
936 0.98932806
937 0.99215461
938 0.99756460
939 0.99773938
940 1.00277119
941 0.99263961
942 1.00374912
943 0.99277011
944 0.99771790
945 1.00059574
946 0.99265732
947 0.99019260
948 0.99147774
949 0.99291269
950 0.99169861
951 0.99479276
952 0.99308413
953 0.99408255
954 0.99642100
955 0.98144268
956 0.98808117
957 0.98865811
958 0.99594822
959 0.99789527
960 0.99002757
961 0.98964466
962 0.99405598
963 0.99045096
964 0.99191899
965 0.99391379
966 0.99265732
967 1.00325457
968 1.00112671
969 0.98946442
970 1.00439674
971 0.99701998
972 1.00071019
973 1.00487162
974 1.00546505
975 1.00992277
976 1.00169958
977 1.00055522
978 1.00306062
979 1.00239957
980 0.99853689
981 1.00190337
982 1.00060342
983 1.00267678
984 0.99856077
985 1.00303915
986 1.00360650
987 1.00325457
988 0.99927558
989 1.00149234
990 0.99246393
991 0.99199602
992 0.99615046
993 0.99749808
994 0.99792661
995 0.99239100
996 0.99273135
997 0.99504840
998 0.99079106
999 0.99518856
1000 0.99308245
1001 0.99484183
1002 0.99399873
1003 0.99180403
1004 1.00403016
1005 0.98806108
1006 0.99256343
1007 0.99166971
1008 0.99927558
1009 0.98488611
1010 0.97914150
1011 0.98686439
1012 0.98077261
1013 0.98113619
1014 0.97765705
1015 0.98829497
1016 0.98317125
1017 0.98727264
1018 0.97981959
1019 0.97912887
1020 0.98525044
1021 0.97490119
1022 0.98767956
1023 0.98623760
1024 0.98242898
1025 0.98170034
1026 0.98480750
1027 0.98478532
1028 0.97995244
1029 0.98488611
1030 0.99426394
1031 0.99815050
1032 0.99358446
1033 0.99017672
1034 0.99601304
1035 0.98977657
1036 0.99876669
1037 0.99677398
1038 0.99845132
1039 0.99384792
1040 0.99646112
1041 1.00156044
1042 1.00313095
1043 0.99792884
1044 0.98933167
1045 0.99065801
1046 0.99736773
1047 1.00253537
1048 1.00200675
1049 0.99943338
1050 0.99426394
1051 0.99879503
1052 1.00743471
1053 0.99590105
1054 0.99832365
1055 0.98979945
1056 1.00297701
1057 0.99941213
1058 0.99877657
1059 1.00087161
1060 0.99137792
1061 0.99770540
1062 0.99109057
1063 1.00304433
1064 1.00434146
1065 0.99758370
1066 0.99810521
1067 0.99528055
1068 0.99528642
1069 1.00147519
1070 0.99732614
1071 0.99879503
1072 0.99490977
1073 0.98928479
1074 0.99619311
1075 0.99617858
1076 0.98764025
1077 0.99451899
1078 0.98905477
1079 0.99786039
1080 0.99169497
1081 1.00475400
1082 0.98722674
1083 0.98438452
1084 0.98668492
1085 1.00035692
1086 0.99878811
1087 0.98741607
1088 0.99865866
1089 0.99735832
1090 1.00063528
1091 0.99085309
1092 0.99490977
1093 1.00393309
1094 0.99840700
1095 1.00081286
1096 0.99522646
1097 0.99211761
1098 0.99158679
1099 1.00029870
1100 0.99805812
1101 1.00232737
1102 0.99129287
1103 1.00368339
1104 0.99848143
1105 1.00671530
1106 1.00027179
1107 1.00363046
1108 0.99689087
1109 1.00042131
1110 1.00461675
1111 1.00411704
1112 0.99833374
1113 1.00393309
1114 0.99468278
1115 0.99501473
1116 0.98963615
1117 0.99534397
1118 0.99342879
1119 0.98318168
1120 0.99988117
1121 0.99732284
1122 0.99537584
1123 0.99126994
1124 0.98856383
1125 0.99498087
1126 1.00291944
1127 0.99156528
1128 0.99902450
1129 0.98840316
1130 0.99703809
1131 0.99862379
1132 0.99604583
1133 0.99623699
1134 0.99468278
1135 0.99824861
1136 0.98738394
1137 1.00300106
1138 0.99864338
1139 0.99972329
1140 0.99613789
1141 0.99510876
1142 0.99941764
1143 0.98616163
1144 0.99472770
1145 0.99257094
1146 0.99872072
1147 0.98495795
1148 0.98643257
1149 1.00339331
1150 0.98970006
1151 1.00142010
1152 0.99816314
1153 0.99396353
1154 0.99337732
1155 0.99824861
1156 0.98898639
1157 0.99430443
1158 0.99146881
1159 0.99144847
1160 0.99392672
1161 0.99758394
1162 0.98542306
1163 0.99056989
1164 0.98718408
1165 0.98595066
1166 0.99322027
1167 0.99256322
1168 0.98795369
1169 0.98620052
1170 0.98762295
1171 0.99778835
1172 0.99002093
1173 0.98721546
1174 0.98856606
1175 1.00162218
1176 0.98898639
1177 1.00774951
1178 0.99623056
1179 0.98984886
1180 1.00269273
1181 0.99813674
1182 0.99552593
1183 0.99487704
1184 1.00310397
1185 1.00431063
1186 1.00588991
1187 0.99500887
1188 0.99370335
1189 1.00541473
1190 1.00445311
1191 1.00216635
1192 1.00412664
1193 0.99682766
1194 0.99249532
1195 1.00215483
1196 0.99319390
1197 1.00774951
1198 0.99432632
1199 0.99182010
1200 0.99247724
1201 0.99900837
1202 0.99057894
1203 0.99672859
1204 0.98702678
1205 0.99057124
1206 0.99640073
1207 0.98770526
1208 0.98618617
1209 1.00081539
1210 0.99489176
1211 0.99512862
1212 0.99459758
1213 0.99521704
1214 0.99556871
1215 0.99919383
1216 1.00253440
1217 1.00411380
1218 0.99432632
1219 0.99476214
1220 0.99047557
1221 0.98882559
1222 0.99239327
1223 0.97597512
1224 0.98701661
1225 0.99083496
1226 0.99088213
1227 0.98051714
1228 0.99105411
1229 0.99002068
1230 0.99623421
1231 0.98884317
1232 0.98720921
1233 0.99055841
1234 0.98847309
1235 1.00073365
1236 0.99887342
1237 0.99015181
1238 0.99180806
1239 0.99476214
1240 0.98578004
1241 0.99477693
1242 0.99636102
1243 0.98857241
1244 0.99179972
1245 0.99608870
1246 0.98056410
1247 0.98931490
1248 0.98386619
1249 0.98730305
1250 0.98587388
1251 0.97946177
1252 0.99388550
1253 0.99622927
1254 0.99219118
1255 0.99589193
1256 0.99143273
1257 0.97792142
1258 0.98823679
1259 0.98905873
1260 0.98578004
1261 0.98714879
1262 0.99256705
1263 0.99619217
1264 1.00006212
1265 0.98848969
1266 0.98697076
1267 0.98611176
1268 0.99093866
1269 0.99873719
1270 0.99974797
1271 0.99111071
1272 0.99354292
1273 0.99072449
1274 0.99014334
1275 0.99243450
1276 0.99688144
1277 0.99673719
1278 0.98915698
1279 0.99080851
1280 1.00164861
1281 0.98714879
1282 0.98757469
1283 0.99130405
1284 0.98422096
1285 0.98971310
1286 0.98764788
1287 0.98710353
1288 0.99090697
1289 0.99246631
1290 0.98319007
1291 0.98671797
1292 0.98676491
1293 0.98835612
1294 0.98750983
1295 0.99639570
1296 0.99122803
1297 0.99130347
1298 0.97918738
1299 0.98684881
1300 0.98020446
1301 0.98806990
1302 0.98757469
1303 0.98998778
1304 0.99336125
1305 0.99525147
1306 0.99051324
1307 0.98967202
1308 0.99690128
1309 0.99163083
1310 0.99752779
1311 0.98911200
1312 0.99143183
1313 0.99760704
1314 0.99643350
1315 1.00103333
1316 0.98203309
1317 0.98936461
1318 0.99517432
1319 0.99027914
1320 0.99163166
1321 0.99565891
1322 0.99694581
1323 0.98998778
1324 0.99254957
1325 0.99319890
1326 0.99716395
1327 0.98922553
1328 0.99600230
1329 0.99981075
1330 0.99535980
1331 1.00148997
1332 0.99140490
1333 0.99323774
1334 0.99933694
1335 1.00337092
1336 0.99062772
1337 0.99424235
1338 0.99737088
1339 0.99967852
1340 0.99107411
1341 0.99802558
1342 0.99422073
1343 1.00842175
1344 0.99254957
1345 0.99734544
1346 0.99232438
1347 0.99632655
1348 0.99001146
1349 0.99359044
1350 0.98904775
1351 0.98780383
1352 0.99799527
1353 0.99042084
1354 0.99760662
1355 0.99347318
1356 0.99443862
1357 0.98325214
1358 0.99953573
1359 0.99162799
1360 0.99093993
1361 0.99189673
1362 0.99440937
1363 0.99327314
1364 0.98515669
1365 0.99734544
1366 0.98808251
1367 0.98967391
1368 0.97624856
1369 0.99365584
1370 0.98982023
1371 0.98762690
1372 0.99495325
1373 0.99283774
1374 0.98842405
1375 0.98551471
1376 0.97898312
1377 0.99207329
1378 0.98456007
1379 0.99211855
1380 0.99550841
1381 0.98709477
1382 0.98083179
1383 0.99382331
1384 0.98371868
1385 0.98795363
1386 0.98808251
1387 0.99671686
1388 0.99521317
1389 0.98825440
1390 0.99776436
1391 0.99607327
1392 0.99308856
1393 0.98641105
1394 0.98455690
1395 0.99240088
1396 0.99557805
1397 0.99289868
1398 0.99248283
1399 0.98378018
1400 0.99625148
1401 0.99516311
1402 0.99951542
1403 0.99671736
1404 0.99827687
1405 0.99254701
1406 0.99451245
1407 0.99671686
1408 0.99709489
1409 0.99104368
1410 0.99281878
1411 0.99102536
1412 0.99566448
1413 0.98879656
1414 0.98850963
1415 0.99413722
1416 1.00650391
1417 0.99250145
1418 0.99230638
1419 0.98731999
1420 0.99355789
1421 1.00051742
1422 0.99969519
1423 0.99615092
1424 0.99218760
1425 0.99312589
1426 0.99280546
1427 0.99582096
1428 0.99709489
1429 0.99062665
1430 1.00015681
1431 0.99924044
1432 0.99756757
1433 0.99700438
1434 0.99710596
1435 1.00147573
1436 0.99780344
1437 0.99724274
1438 0.99542294
1439 1.00156925
1440 0.99396398
1441 0.99907498
1442 0.98547236
1443 0.98808838
1444 0.99966751
1445 1.00346284
1446 0.99164292
1447 0.99010065
1448 0.99522349
1449 0.99062665
1450 0.98754928
1451 0.99144161
1452 0.98638134
1453 0.98587528
1454 0.99269247
1455 0.98370090
1456 0.97805263
1457 0.99173863
1458 0.99024324
1459 0.98011387
1460 0.98677599
1461 0.97771867
1462 0.98744155
1463 0.98303573
1464 0.97923706
1465 0.98848546
1466 0.99221298
1467 0.98466167
1468 0.98846622
1469 0.99384061
1470 0.98754928
1471 0.99906479
1472 0.99655472
1473 0.99925124
1474 0.99555840
1475 0.99508493
1476 0.99875925
1477 0.99402949
1478 0.99784008
1479 0.99374295
1480 0.99311161
1481 0.99203834
1482 0.99406696
1483 0.99660499
1484 0.99027458
1485 1.00072580
1486 0.99428016
1487 0.99472954
1488 0.98722336
1489 0.99508816
1490 0.98391358
1491 0.99906479
1492 1.00416623
1493 1.00083613
1494 1.00286314
1495 0.99194382
1496 1.00094693
1497 0.99717245
1498 1.00365122
1499 0.99500559
1500 1.00392916
1501 0.99059688
1502 1.00133777
1503 0.99950577
1504 0.99591463
1505 1.00835250
1506 1.00398519
1507 0.98940092
1508 0.99472837
1509 0.99870097
1510 1.00568688
1511 1.00275673
1512 1.00416623
1513 0.99475786
1514 0.99444033
1515 0.99156930
1516 0.98778572
1517 0.99038062
1518 0.99241423
1519 0.99060870
1520 0.98551022
1521 0.99469940
1522 0.99794867
1523 0.99054341
1524 0.98983106
1525 0.99649803
1526 0.99543626
1527 0.99612031
1528 0.98986296
1529 0.99000714
1530 0.99708239
1531 0.99118826
1532 0.98955717
1533 0.99475786
1534 0.99104566
1535 0.99000900
1536 0.98909910
1537 0.98717249
1538 0.98949952
1539 0.98676528
1540 0.99630226
1541 0.99330257
1542 0.98641971
1543 0.99199474
1544 0.98805694
1545 0.99780877
1546 0.98756341
1547 0.98452283
1548 0.99401138
1549 1.00098240
1550 0.99023950
1551 0.98844263
1552 0.98184268
1553 0.98630036
1554 0.99104566
1555 0.99511140
1556 0.98944290
1557 0.99454642
1558 0.99446665
1559 0.99452964
1560 0.99799717
1561 0.99716431
1562 0.99047652
1563 0.99351685
1564 0.99283535
1565 1.00200046
1566 0.99111228
1567 0.99591880
1568 0.99640048
1569 0.99894534
1570 0.99127737
1571 0.99585407
1572 1.00210002
1573 0.99839889
1574 0.98798467
1575 0.99511140
1576 1.00155900
1577 1.00539034
1578 0.99550651
1579 0.99155607
1580 1.00190903
1581 0.99020217
1582 0.99726460
1583 0.99611115
1584 0.99863629
1585 0.99464827
1586 0.99459701
1587 0.99123655
1588 0.99946323
1589 0.99500018
1590 1.00110886
1591 0.99474162
1592 0.99941818
1593 0.99893425
1594 0.99435096
1595 0.99804449
1596 1.00155900
1597 0.99777410
1598 0.99778196
1599 0.99886471
1600 0.98505037
1601 0.99840429
1602 0.99510344
1603 1.00357963
1604 0.99896432
1605 0.99416411
1606 0.98841210
1607 0.98889888
1608 0.99003250
1609 0.99150419
1610 1.00343382
1611 1.00152442
1612 0.99351691
1613 1.00180583
1614 0.99305058
1615 0.99229536
1616 0.99781749
1617 0.99777410
1618 0.99607018
1619 0.99040373
1620 0.99520167
1621 0.98967606
1622 0.99276879
1623 0.99507825
1624 0.98804945
1625 0.99457559
1626 0.99232810
1627 0.99371121
1628 0.98509235
1629 0.99756678
1630 0.99466119
1631 0.99321246
1632 0.99181505
1633 0.99286401
1634 0.99233412
1635 0.99021217
1636 0.99550746
1637 0.99673056
1638 0.99607018
1639 0.99623903
1640 1.00139006
1641 0.99064945
1642 0.99694347
1643 0.99841482
1644 0.99292471
1645 0.98381757
1646 0.99447409
1647 0.99573520
1648 0.99403709
1649 0.99389155
1650 1.00083792
1651 0.99571745
1652 0.99436549
1653 0.99405243
1654 0.99523776
1655 0.99918345
1656 0.98737604
1657 1.00263862
1658 1.00280408
1659 0.99623903
1660 0.99020930
1661 1.00377192
1662 0.98791167
1663 0.99658360
1664 0.99667246
1665 0.99066312
1666 0.99671692
1667 0.99732035
1668 0.99112910
1669 1.00053391
1670 0.99366535
1671 0.99617053
1672 0.99417212
1673 1.00075252
1674 0.98607788
1675 0.99227742
1676 1.00204679
1677 0.98760163
1678 0.99048702
1679 0.99980308
1680 0.99020930
1681 0.98820433
1682 0.99391478
1683 0.99276362
1684 0.99145247
1685 0.99500392
1686 0.99490885
1687 0.99720939
1688 0.98263968
1689 1.00684425
1690 0.99947127
1691 0.99357887
1692 0.99594509
1693 0.99129741
1694 0.99590335
1695 0.99287609
1696 0.99091237
1697 0.99238925
1698 0.99130675
1699 0.99561668
1700 0.99247400
1701 0.98820433
1702 1.00122584
1703 1.00353308
1704 0.99382208
1705 0.99481496
1706 0.99523275
1707 1.00591052
1708 1.00153776
1709 0.99720371
1710 0.99731914
1711 0.99637581
1712 1.00053200
1713 0.99800152
1714 0.99071685
1715 0.99818073
1716 1.00238388
1717 1.00546821
1718 0.98985219
1719 0.99775938
1720 1.00560385
1721 0.99647009
1722 1.00122584
1723 0.99083550
1724 0.99339511
1725 0.99674481
1726 1.00183734
1727 0.99373105
1728 1.00008438
1729 0.99706544
1730 0.99738770
1731 1.00077805
1732 0.99525062
1733 1.00345547
1734 0.99361832
1735 0.99134501
1736 0.99250676
1737 0.99525805
1738 1.00132763
1739 0.98732784
1740 0.99815026
1741 1.00372851
1742 0.99095955
1743 0.99083550
1744 0.98970232
1745 0.98745883
1746 0.98489382
1747 0.99517801
1748 0.98879796
1749 1.00111294
1750 0.99131661
1751 0.98600143
1752 0.99182294
1753 0.98955456
1754 1.00049108
1755 0.99109566
1756 0.98977143
1757 0.99135088
1758 0.99551792
1759 0.99188085
1760 0.99078152
1761 0.99398629
1762 0.99304292
1763 0.99981001
1764 0.98970232
1765 0.99160485
1766 0.99685160
1767 0.99222722
1768 0.99672444
1769 0.99145421
1770 0.99736875
1771 0.98285666
1772 0.99036506
1773 0.98765143
1774 0.99623918
1775 0.99218474
1776 0.98931322
1777 1.00008126
1778 0.99462341
1779 0.98903340
1780 0.99016039
1781 0.99689227
1782 0.99651117
1783 0.99734082
1784 0.99209705
1785 0.99160485
1786 0.99221553
1787 0.99838674
1788 1.00118914
1789 1.00639555
1790 0.99675804
1791 0.99776142
1792 0.99019809
1793 1.00138194
1794 0.99961622
1795 1.00454993
1796 1.00021639
1797 1.00269231
1798 1.00224425
1799 1.00072917
1800 1.01287873
1801 1.00077916
1802 1.00114844
1803 0.99747644
1804 0.99777948
1805 1.00630894
1806 0.99221553
1807 0.98676022
1808 0.98738206
1809 0.99389378
1810 0.99507048
1811 0.97971825
1812 1.00007276
1813 0.98112471
1814 0.99217676
1815 0.99824327
1816 0.99099921
1817 0.99406171
1818 0.99786613
1819 0.99418299
1820 0.99622458
1821 0.99449725
1822 0.99722563
1823 0.99232577
1824 0.99319003
1825 0.99302505
1826 0.98857805
1827 0.98676022
1828 0.98101706
1829 0.98337777
1830 0.98900901
1831 0.98856648
1832 0.98176551
1833 0.98319398
1834 0.99226900
1835 0.97908829
1836 0.99022707
1837 0.98979016
1838 0.98499773
1839 0.98531455
1840 0.98356916
1841 0.98543709
1842 0.98821231
1843 0.99303642
1844 0.98486821
1845 0.99281138
1846 0.97324308
1847 0.98464822
1848 0.98101706
1849 0.99908428
1850 0.99180669
1851 0.99282656
1852 1.00037765
1853 0.99706864
1854 0.98569711
1855 0.99890143
1856 0.99967777
1857 1.00229753
1858 0.99874309
1859 0.99112535
1860 0.99426348
1861 0.99286354
1862 0.98642346
1863 0.98796995
1864 0.99952429
1865 1.00051564
1866 0.99676518
1867 1.00171502
1868 0.99941268
1869 0.99908428
1870 0.99621683
1871 0.99457515
1872 1.00141834
1873 0.99037413
1874 0.99249953
1875 0.99365012
1876 0.99047051
1877 0.99366487
1878 0.99560494
1879 1.00018397
1880 0.99083299
1881 0.99093856
1882 0.98810878
1883 1.00172825
1884 0.99826142
1885 0.99306188
1886 0.99208969
1887 1.00046925
1888 0.99448631
1889 0.98837177
1890 0.99621683
1891 0.99638298
1892 0.98935881
1893 0.99151049
1894 0.98654993
1895 0.99641762
1896 0.99895680
1897 0.98318680
1898 0.99904970
1899 0.99482808
1900 0.99240150
1901 0.99605476
1902 0.99563233
1903 0.99764439
1904 0.99708142
1905 0.97631399
1906 1.00190919
1907 0.99457802
1908 0.99313952
1909 0.99179877
1910 0.99680463
1911 0.99638298
1912 0.98560872
1913 0.99245795
1914 0.99105454
1915 0.99125688
1916 0.99241475
1917 0.98520044
1918 0.98904710
1919 0.98540324
1920 0.98903069
1921 0.98530997
1922 0.98939846
1923 0.98247452
1924 0.98699200
1925 0.98391581
1926 0.98444363
1927 0.97787259
1928 0.99190611
1929 0.98173031
1930 0.99746909
1931 0.98739962
1932 0.98560872
1933 0.99872855
1934 0.99369218
1935 1.00422433
1936 0.99602818
1937 0.98359301
1938 0.98709613
1939 0.99255892
1940 0.99815271
1941 0.98868614
1942 0.99559741
1943 0.98610283
1944 0.99079313
1945 0.99786125
1946 0.98163517
1947 0.99081804
1948 0.99699049
1949 0.99808705
1950 0.99869698
1951 0.98874977
1952 1.00058422
1953 0.99872855
1954 0.99975434
1955 0.99415553
1956 0.99368323
1957 0.99393133
1958 0.99242930
1959 1.00058293
1960 0.98951466
1961 0.99280597
1962 0.99359766
1963 0.99869595
1964 0.99734646
1965 0.98342116
1966 0.99680534
1967 0.99686976
1968 0.99960894
1969 0.99643735
1970 1.00086997
1971 0.99515874
1972 1.00403587
1973 0.99201157
1974 0.99975434
1975 0.99212288
1976 0.99427171
1977 0.98849595
1978 0.99979206
1979 0.99758252
1980 0.99657192
1981 0.99387126
1982 0.99647155
1983 0.99107804
1984 0.99274753
1985 0.99329148
1986 0.99694917
1987 0.99524280
1988 0.99129300
1989 0.98164911
1990 0.99037029
1991 0.99180818
1992 0.99426639
1993 0.99197080
1994 0.99240209
1995 0.99212288
1996 0.98478254
1997 0.99491991
1998 0.98733679
1999 0.99601741
2000 0.99349160
2001 0.99280431
2002 0.98845872
2003 0.99269673
2004 0.97637214
2005 0.98297959
2006 0.98092812
2007 0.98173859
2008 0.98503079
2009 0.98170699
2010 0.99365300
2011 0.97945977
2012 0.99074534
2013 0.99080154
2014 0.99282878
2015 0.98070377
2016 0.98478254
2017 0.98565992
2018 0.98914647
2019 0.98012111
2020 0.98833226
2021 0.97812031
2022 0.97954047
2023 0.97997179
2024 0.97115948
2025 0.98545070
2026 0.98137866
2027 0.97512061
2028 0.98915558
2029 0.98113036
2030 0.97671182
2031 0.98258960
2032 0.97123969
2033 0.98936442
2034 0.98085012
2035 0.98396181
2036 0.97734539
2037 0.98565992
2038 0.98291510
2039 0.99086570
2040 0.98617912
2041 0.98868122
2042 0.98610271
2043 0.98949070
2044 0.98973043
2045 0.99060242
2046 0.99020445
2047 0.98401501
2048 0.98395899
2049 0.99613692
2050 0.98521191
2051 0.98649512
2052 0.99084472
2053 0.98598339
2054 0.98585663
2055 0.99662178
2056 0.98330164
2057 0.98721618
2058 0.98291510
2059 0.99033462
2060 0.99732945
2061 0.98719167
2062 0.97793317
2063 0.98612095
2064 0.99457544
2065 0.98775783
2066 0.99495106
2067 0.97869211
2068 0.99479160
2069 1.00209505
2070 0.99421232
2071 0.98619937
2072 0.99393254
2073 0.99414055
2074 0.99396272
2075 0.99398745
2076 0.99725178
2077 0.98622530
2078 0.98936136
2079 0.99033462
2080 0.98927546
2081 0.99332143
2082 0.98988635
2083 0.99525949
2084 0.98929342
2085 0.99704373
2086 0.99333085
2087 0.99212207
2088 0.98250629
2089 0.99741510
2090 0.99537439
2091 0.99743905
2092 0.99680994
2093 0.98486970
2094 0.99578576
2095 0.99446574
2096 0.99187425
2097 0.99138217
2098 0.99114785
2099 0.98988119
2100 0.98927546
2101 0.99667933
2102 1.00373777
2103 0.99645368
2104 0.99412386
2105 1.00219932
2106 1.00346089
2107 1.00866855
2108 1.00260253
2109 1.00632425
2110 0.99366928
2111 0.99208616
2112 1.00836634
2113 1.00457764
2114 0.99394702
2115 0.99197165
2116 1.00186050
2117 0.99102386
2118 1.00481090
2119 1.00316332
2120 1.00602781
2121 0.99667933
2122 0.98784021
2123 0.99066798
2124 0.99172882
2125 0.98350526
2126 0.98936748
2127 0.98351950
2128 0.98878376
2129 1.00038159
2130 0.98578843
2131 0.98617795
2132 0.99244485
2133 0.98714626
2134 0.98677303
2135 0.99408030
2136 0.99427373
2137 0.99824652
2138 0.98484720
2139 0.99435982
2140 0.98320438
2141 0.99297856
2142 0.98784021
2143 0.99797840
2144 0.99328408
2145 0.99417412
2146 0.99895524
2147 0.99967981
2148 1.00445799
2149 0.99957242
2150 0.99665076
2151 1.00745260
2152 0.99327786
2153 0.99650620
2154 0.99417453
2155 0.98840423
2156 0.99986496
2157 1.00119727
2158 1.00396668
2159 0.99467335
2160 0.99187302
2161 0.99894968
2162 0.99546616
2163 0.99797840
2164 0.99522053
2165 1.00136724
2166 0.99423153
2167 0.99270872
2168 0.99148162
2169 0.99284194
2170 0.99426622
2171 0.99345662
2172 0.99615965
2173 0.99639300
2174 0.99213659
2175 0.99685124
2176 0.99446593
2177 0.99206522
2178 0.99174615
2179 0.99325846
2180 0.99632472
2181 0.98872212
2182 0.99927638
2183 0.99522509
2184 0.99522053
2185 1.00505617
2186 1.00206001
2187 1.00064272
2188 1.00446321
2189 0.99331649
2190 0.99824790
2191 1.00415069
2192 0.99974940
2193 1.00016329
2194 1.00497551
2195 0.98962938
2196 0.99838724
2197 1.00886204
2198 0.99065877
2199 0.98775413
2200 1.00608050
2201 1.00492127
2202 1.00513388
2203 0.99899378
2204 1.00897383
2205 1.00505617
2206 0.98876624
2207 0.99306222
2208 0.99396963
2209 0.99492914
2210 0.99382182
2211 0.98934371
2212 0.98969053
2213 0.99352953
2214 0.98992088
2215 0.99097620
2216 0.99391338
2217 0.99696982
2218 0.99105736
2219 0.99153952
2220 0.98150733
2221 0.99693994
2222 0.99621759
2223 0.98819664
2224 0.98857227
2225 0.99934816
2226 0.98876624
2227 1.00656879
2228 1.00244378
2229 0.99283984
2230 0.99975268
2231 0.99864011
2232 0.99986092
2233 0.99737155
2234 1.00580382
2235 0.99376542
2236 0.98688631
2237 0.99716749
2238 0.99615404
2239 0.99684930
2240 0.99785433
2241 0.99758602
2242 0.99433316
2243 0.98799428
2244 1.00123155
2245 1.00703088
2246 1.00805614
2247 1.00656879
2248 0.99770903
2249 0.99936552
2250 0.99374884
2251 1.00193974
2252 0.99398553
2253 0.99000764
2254 0.99091635
2255 0.99557634
2256 0.98845403
2257 0.99802004
2258 0.99563432
2259 0.99067178
2260 1.00376089
2261 0.99337489
2262 0.99756829
2263 1.00220952
2264 1.00172194
2265 0.99123737
2266 0.99383929
2267 0.99676429
2268 0.99770903
2269 0.99667541
2270 0.99204337
2271 1.00299618
2272 1.00121383
2273 0.99668714
2274 1.00558830
2275 0.99505961
2276 1.00665344
2277 0.99468555
2278 0.99893810
2279 0.99605627
2280 1.00234014
2281 0.99175135
2282 1.00165090
2283 0.99969007
2284 1.00629679
2285 1.01103222
2286 0.99530021
2287 0.99734543
2288 1.00638089
2289 0.99667541
2290 0.99245525
2291 0.98951538
2292 1.00759612
2293 0.98578537
2294 1.00122707
2295 0.99385371
2296 0.99796404
2297 0.99955942
2298 0.99860335
2299 0.99147658
2300 1.00372723
2301 0.98710799
2302 0.98873541
2303 0.99489524
2304 0.99573731
2305 1.00257306
2306 0.99532318
2307 0.99817826
2308 0.99487204
2309 0.98801368
2310 0.99245525
2311 1.00703914
2312 1.00296971
2313 0.99752192
2314 1.00309186
2315 1.00097287
2316 0.99679036
2317 1.00601116
2318 1.00151973
2319 0.99832418
2320 1.00242973
2321 0.99617937
2322 1.00735131
2323 1.00215835
2324 1.00401217
2325 1.01066843
2326 1.00162371
2327 1.00648927
2328 1.00346404
2329 1.00705181
2330 0.99985821
2331 1.00703914
2332 0.99075783
2333 0.99044311
2334 0.99399583
2335 0.99284581
2336 1.00154239
2337 0.99196566
2338 0.98720095
2339 1.00159538
2340 1.00009417
2341 0.98971783
2342 0.98815631
2343 0.98720971
2344 0.99150655
2345 0.99949590
2346 0.98981599
2347 0.99294632
2348 0.98331658
2349 0.99065719
2350 0.99846287
2351 0.99040603
2352 0.99075783
2353 0.99807277
2354 0.99825872
2355 0.99774131
2356 0.99019997
2357 0.99579019
2358 0.99781428
2359 0.99927237
2360 0.99786676
2361 0.99542533
2362 0.99789984
2363 0.99534826
2364 0.99164385
2365 0.98919694
2366 0.99389210
2367 1.00041416
2368 0.99352990
2369 1.00019755
2370 0.99721895
2371 0.98831598
2372 0.99431332
2373 0.99807277
2374 0.99548427
2375 0.99786157
2376 0.99301434
2377 0.99605619
2378 0.99262581
2379 0.99604487
2380 0.99298838
2381 0.99555232
2382 0.98777149
2383 0.99239400
2384 0.99985525
2385 0.98493301
2386 0.99889841
2387 0.99565832
2388 0.99758759
2389 0.99670608
2390 1.00140393
2391 0.99066180
2392 0.99494377
2393 0.98404289
2394 0.99548427
2395 0.98801160
2396 0.99185676
2397 1.00458509
2398 0.98986896
2399 0.99383997
2400 0.98720620
2401 0.99637481
2402 0.98811678
2403 0.98814956
2404 0.98578807
2405 0.99892198
2406 1.00067338
2407 0.99555008
2408 1.00139373
2409 0.99004511
2410 0.99766509
2411 0.99365827
2412 0.99881509
2413 0.99860054
2414 0.99279238
2415 0.98801160
2416 0.99405217
2417 0.99820939
2418 0.99470037
2419 1.00340732
2420 0.99965313
2421 0.98576255
2422 0.98702591
2423 1.00125598
2424 0.99733928
2425 0.99705807
2426 0.99322859
2427 0.98865427
2428 1.00600547
2429 0.99935428
2430 1.00119673
2431 0.99382303
2432 0.99402120
2433 1.00428190
2434 0.99439234
2435 1.00035387
2436 0.99405217
2437 0.99313852
2438 1.00454077
2439 0.99885356
2440 0.98863864
2441 0.98223036
2442 0.99614135
2443 1.00106904
2444 0.99607673
2445 0.99179448
2446 0.99873530
2447 1.00042317
2448 0.99041743
2449 0.99852802
2450 0.99677218
2451 0.99000721
2452 0.99392940
2453 0.98926617
2454 1.00381947
2455 0.99208750
2456 0.99628244
2457 0.99313852
2458 0.99080011
2459 0.98975526
2460 0.99187095
2461 0.99529935
2462 0.98491482
2463 0.98642217
2464 0.99519637
2465 0.98433128
2466 0.99704791
2467 0.99432024
2468 0.98988666
2469 0.98717660
2470 0.98898605
2471 0.99000562
2472 0.98246786
2473 0.99016333
2474 0.98118276
2475 0.99306584
2476 0.98470893
2477 0.99387529
2478 0.99080011
2479 0.98720799
2480 0.99338953
2481 0.99570646
2482 0.99603134
2483 0.99711748
2484 0.99337910
2485 0.98754144
2486 0.99890389
2487 0.98783911
2488 0.98968615
2489 0.98269175
2490 0.98326279
2491 0.99787632
2492 0.98975299
2493 0.99085320
2494 0.99331547
2495 0.98039319
2496 0.99073757
2497 0.99322378
2498 0.99987412
2499 0.98720799
2500 0.99603648
2501 0.99441971
2502 1.00581176
2503 0.99609837
2504 0.99461453
2505 0.99763704
2506 0.99758015
2507 0.99898981
2508 0.98703617
2509 0.99870402
2510 0.99519909
2511 0.99623800
2512 0.99288688
2513 1.00079052
2514 0.99701845
2515 0.99713695
2516 0.99973921
2517 0.99985147
2518 0.98828638
2519 0.99495950
2520 0.99603648
2521 0.99851274
2522 0.99838590
2523 0.99613749
2524 1.00027355
2525 0.98732960
2526 0.98367460
2527 0.99165524
2528 0.99139970
2529 0.99164029
2530 0.99804533
2531 0.99076616
2532 0.98545665
2533 0.99444182
2534 0.99203566
2535 0.98245172
2536 0.99423827
2537 0.99469621
2538 0.99676613
2539 0.98845375
2540 0.99673972
2541 0.99851274
2542 0.99338203
2543 0.98985164
2544 0.99276645
2545 0.98790899
2546 0.99434367
2547 0.99679011
2548 1.00096881
2549 0.99717319
2550 0.98868451
2551 0.98796662
2552 0.98645325
2553 0.99366174
2554 0.99869370
2555 0.99625326
2556 0.98988955
2557 0.99904328
2558 0.99265663
2559 0.99423407
2560 0.99277094
2561 0.99603460
2562 0.99338203
2563 0.99430386
2564 0.99790649
2565 0.99594966
2566 0.99584885
2567 1.01048009
2568 0.99309994
2569 0.99266220
2570 0.99888426
2571 0.99662742
2572 1.00141148
2573 0.99662312
2574 0.99230373
2575 0.99796900
2576 0.98885473
2577 1.00224018
2578 0.99609352
2579 1.00758375
2580 1.00111417
2581 0.99408180
2582 1.00436579
2583 0.99430386
2584 0.98600409
2585 1.00160183
2586 0.99234371
2587 0.98916861
2588 0.99398849
2589 0.98507797
2590 0.99527228
2591 0.99415690
2592 0.98571819
2593 0.99172051
2594 0.99505199
2595 0.99508259
2596 0.99251541
2597 0.98954069
2598 0.99257223
2599 0.99083030
2600 0.99186198
2601 0.99433244
2602 0.99430039
2603 0.99467526
2604 0.98600409
2605 0.98703007
2606 0.98443177
2607 0.99423663
2608 0.99998780
2609 0.98823166
2610 0.98716983
2611 0.99175477
2612 0.98619983
2613 0.97866989
2614 0.98508471
2615 0.98642885
2616 0.98817803
2617 0.98173656
2618 0.99131391
2619 0.98507517
2620 0.98572217
2621 0.98904174
2622 0.98612164
2623 0.99645573
2624 0.99387383
2625 0.98703007
2626 0.99560094
2627 1.00286108
2628 1.00109317
2629 1.00091063
2630 1.00227055
2631 1.00056944
2632 1.00485058
2633 0.99608276
2634 0.99635477
2635 0.99144790
2636 0.99792392
2637 1.00402573
2638 0.98829725
2639 0.99363965
2640 1.00210732
2641 0.99459062
2642 0.99781943
2643 1.00442905
2644 1.00380262
2645 0.99434662
2646 0.99560094
2647 0.99727849
2648 0.99236603
2649 0.99505369
2650 0.99390038
2651 0.99687387
2652 1.00040282
2653 0.98999139
2654 0.99083960
2655 0.98683620
2656 0.99412891
2657 0.98979597
2658 0.99250776
2659 0.98861777
2660 0.99866747
2661 0.99567966
2662 0.98708380
2663 0.98854135
2664 0.99350107
2665 0.99467665
2666 0.99992388
2667 0.99727849
2668 0.98938705
2669 0.98567757
2670 0.99108226
2671 0.99642584
2672 0.97656970
2673 0.98177742
2674 0.98710710
2675 0.98852649
2676 0.97855617
2677 0.98143292
2678 0.98624681
2679 0.98544763
2680 0.99382635
2681 0.98604178
2682 0.97361925
2683 0.99574294
2684 0.98051502
2685 0.99291421
2686 0.99294213
2687 0.99145935
2688 0.98938705
2689 0.98953199
2690 0.99324811
2691 0.99503032
2692 0.99541905
2693 0.99401429
2694 0.98394604
2695 0.99598869
2696 0.98977348
2697 0.98997851
2698 0.99057983
2699 0.99024896
2700 0.99390591
2701 0.98877616
2702 0.98568275
2703 0.99055861
2704 0.97961447
2705 1.00040685
2706 0.99823159
2707 0.99378383
2708 0.99307139
2709 0.98953199
2710 0.99818230
2711 1.00308201
2712 0.99976746
2713 0.99381299
2714 1.00671403
2715 1.00145786
2716 0.99511401
2717 1.00318120
2718 1.00446168
2719 0.99791998
2720 0.99779424
2721 0.99624224
2722 0.99904474
2723 0.99328596
2724 1.00630609
2725 1.01246812
2726 0.99231193
2727 1.00166751
2728 1.00795844
2729 0.99462888
2730 0.99818230
2731 0.98949344
2732 0.99597138
2733 0.98734794
2734 0.98573705
2735 0.99253497
2736 0.99011665
2737 0.98675830
2738 0.99265471
2739 0.98612207
2740 0.98719438
2741 0.99172322
2742 0.99445211
2743 0.99140676
2744 0.98717926
2745 0.98542392
2746 1.00179733
2747 0.99065165
2748 0.98474775
2749 0.98925403
2750 0.99371890
2751 0.98949344
2752 0.99229293
2753 0.99583708
2754 0.99063435
2755 0.98705153
2756 1.00313408
2757 0.99204582
2758 0.99115635
2759 0.99569888
2760 0.98251146
2761 0.99245013
2762 0.99142490
2763 0.99560168
2764 0.98832763
2765 0.99964372
2766 0.99176666
2767 0.98690360
2768 0.98423659
2769 0.99643780
2770 0.99103479
2771 0.98647145
2772 0.99229293
2773 0.94900721
2774 0.94648745
2775 0.95082801
2776 0.97064274
2777 0.96621704
2778 0.95968622
2779 0.97773178
2780 0.99070815
2781 0.97903034
2782 0.97829420
2783 0.97362295
2784 0.96711528
2785 0.98677268
2786 0.96588138
2787 0.96643290
2788 0.96447380
2789 0.96990802
2790 0.96110524
2791 0.95612221
2792 0.95057237
2793 0.94900721
2794 0.99058703
2795 0.99330522
2796 0.99001597
2797 0.98668894
2798 0.99391013
2799 1.00048232
2800 0.99632725
2801 0.99434552
2802 1.00384292
2803 1.01073188
2804 0.99520818
2805 1.00048627
2806 0.99880944
2807 0.98672030
2808 0.99716010
2809 1.01090196
2810 0.99526634
2811 0.99220751
2812 0.99783751
2813 0.99050488
2814 0.99058703
2815 0.98793119
2816 0.97897275
2817 0.98749092
2818 0.97643125
2819 0.99250564
2820 0.98496845
2821 0.98929551
2822 0.98963069
2823 0.99057186
2824 0.98821328
2825 0.98092333
2826 0.98283966
2827 0.98308850
2828 0.99095176
2829 0.99201349
2830 0.98401619
2831 0.99192886
2832 0.98751927
2833 0.98957554
2834 0.99175025
2835 0.98793119
2836 0.98318962
2837 0.99699798
2838 0.99845488
2839 0.98394027
2840 0.99001220
2841 1.00045540
2842 0.98728402
2843 0.98937744
2844 0.99414908
2845 0.99829548
2846 0.98816306
2847 0.98455406
2848 0.99588883
2849 0.99413163
2850 0.99739647
2851 0.98863156
2852 0.99047496
2853 0.99731787
2854 0.99314194
2855 0.98925504
2856 0.98318962
2857 0.99483105
2858 0.99602006
2859 0.99603944
2860 0.99200828
2861 0.99355351
2862 1.00795404
2863 0.98886666
2864 0.99887081
2865 0.98955397
2866 0.99271493
2867 0.99955433
2868 0.99944046
2869 1.00247730
2870 0.99993168
2871 0.99624534
2872 0.98649963
2873 0.99477406
2874 1.00467076
2875 0.99396782
2876 0.99453794
2877 0.99483105
2878 0.99902881
2879 0.99834983
2880 0.99659980
2881 0.99494249
2882 0.99725464
2883 1.00229214
2884 0.99609955
2885 0.99260252
2886 0.99264159
2887 1.00381740
2888 0.99778942
2889 0.99593873
2890 0.99888756
2891 0.98904469
2892 0.99919809
2893 0.99891309
2894 0.99976529
2895 0.99889845
2896 0.98239350
2897 1.00809166
2898 0.99902881
2899 0.98680361
2900 0.99694256
2901 0.98955735
2902 0.97989294
2903 0.98702812
2904 0.98576271
2905 0.98729778
2906 0.99163029
2907 0.99111028
2908 0.98914355
2909 0.98392815
2910 0.98412773
2911 0.99411866
2912 0.98719489
2913 0.98725593
2914 0.98293532
2915 0.99152071
2916 1.00158695
2917 0.97993620
2918 1.00177827
2919 0.98680361
2920 0.99469579
2921 0.99045451
2922 0.99036506
2923 0.99673821
2924 0.99507955
2925 0.99563155
2926 1.00055483
2927 0.99776461
2928 0.99194294
2929 0.99231907
2930 0.99592707
2931 0.99635643
2932 0.99413121
2933 0.99676990
2934 1.00179862
2935 0.99360096
2936 1.00653414
2937 0.99604191
2938 0.99750234
2939 0.99805206
2940 0.99469579
2941 0.99953111
2942 1.00826767
2943 0.99600946
2944 0.99486202
2945 0.99644355
2946 1.00352338
2947 1.00766760
2948 0.99007782
2949 0.98915377
2950 0.99452794
2951 0.99963952
2952 1.01035966
2953 1.00451001
2954 0.99650336
2955 0.99775054
2956 0.99425804
2957 1.00500596
2958 0.99959022
2959 0.99812179
2960 0.99265355
2961 0.99953111
2962 0.99893753
2963 0.98649339
2964 0.99721649
2965 1.00575083
2966 0.99380235
2967 0.99166028
2968 0.99060013
2969 0.99503750
2970 0.98804176
2971 0.98704418
2972 0.99163247
2973 0.99028442
2974 1.00163672
2975 0.98808961
2976 0.98248451
2977 1.00186792
2978 0.99304275
2979 0.99686783
2980 0.99120716
2981 0.99849329
2982 0.99893753
2983 0.99303945
2984 0.99326077
2985 0.99526273
2986 0.99256928
2987 0.99722769
2988 0.98985681
2989 0.99486025
2990 0.99229392
2991 0.99106352
2992 0.99903664
2993 0.99235210
2994 0.99116960
2995 0.99090515
2996 0.99177543
2997 0.98587409
2998 1.00373990
2999 0.99055065
3000 0.99206977
3001 1.00281198
3002 0.99523671
3003 0.99303945
3004 0.99935997
3005 0.99538658
3006 1.00354507
3007 1.00641475
3008 1.00120211
3009 1.00167872
3010 0.98984077
3011 0.99720632
3012 1.00695899
3013 0.99936812
3014 1.00616387
3015 1.00075512
3016 1.00508560
3017 0.99382006
3018 1.01065917
3019 1.00583200
3020 1.00023601
3021 1.00294600
3022 1.00892727
3023 1.00740107
3024 0.99935997
