index DenDen_position
1 1.64226339
2 1.59356211
3 1.56485910
4 1.52988344
5 1.51447014
6 1.50253726
7 1.48018698
8 1.47858486
9 1.46844281
10 1.46322524
11 1.47202523
12 1.46835432
13 1.46768813
14 1.47764316
15 1.47839174
16 1.49963780
17 1.51108301
18 1.53562351
19 1.55934786
20 1.59992878
21 1.64226339
22 0.95555745
23 0.96879636
24 0.97112419
25 0.98723197
26 0.99537421
27 0.98814848
28 1.00161819
29 0.99696025
30 0.98966254
31 0.99719404
32 0.99545112
33 0.99480258
34 0.99621462
35 0.99433513
36 0.98952441
37 0.98659889
38 0.98204161
39 0.97799048
40 0.98135976
41 0.96066389
42 0.95555745
43 1.01437093
44 1.02164772
45 1.00787481
46 1.01736800
47 1.01002570
48 1.01523108
49 1.00316835
50 1.01291141
51 1.00101672
52 1.01223040
53 1.01774770
54 1.01304401
55 1.01639971
56 1.00365271
57 1.00972461
58 1.00615556
59 1.00993240
60 1.01529909
61 1.01338858
62 1.01685002
63 1.01437093
64 1.01373687
65 1.01421362
66 1.00314104
67 1.00906601
68 1.00839012
69 1.02088743
70 1.02457200
71 1.01008930
72 1.01159269
73 1.01167168
74 1.01534386
75 1.00533245
76 1.01084779
77 1.00905648
78 1.00535211
79 1.00818546
80 1.01036899
81 1.01602481
82 1.00750590
83 1.01366263
84 1.01373687
85 1.01188041
86 1.01843483
87 1.02753700
88 1.01303984
89 1.01534699
90 1.01348325
91 1.01230936
92 1.00817000
93 1.01099618
94 1.01608448
95 1.01742932
96 1.02036283
97 1.01318382
98 1.01907025
99 1.01329821
100 1.01006496
101 1.02079141
102 1.01613699
103 1.01217344
104 1.01141148
105 1.01188041
106 1.01831753
107 1.01758553
108 1.02364631
109 1.02096716
110 1.01878063
111 1.01182690
112 1.01652148
113 1.01449401
114 1.01502092
115 1.01792382
116 1.01199771
117 1.01170058
118 1.00628489
119 1.02548334
120 1.01713048
121 1.01439291
122 1.01815642
123 1.01392408
124 1.01889518
125 1.01713955
126 1.01831753
127 1.00843601
128 1.01209564
129 1.00814911
130 1.00929636
131 1.00390283
132 1.00847044
133 1.01093980
134 1.01500463
135 1.00533777
136 1.00581113
137 1.01287760
138 1.00746827
139 1.00991184
140 1.00722602
141 1.01147732
142 1.01129824
143 1.00525436
144 1.00603715
145 1.01095153
146 1.00033958
147 1.00843601
148 1.02283470
149 1.01700257
150 1.02009844
151 1.01689824
152 1.01086473
153 1.01439978
154 1.02392497
155 1.02203212
156 1.02323955
157 1.00441584
158 1.02139184
159 1.01981507
160 1.01458436
161 1.01415355
162 1.01627230
163 1.01337714
164 1.01285619
165 1.01479577
166 1.01458916
167 1.00828175
168 1.02283470
169 1.01133022
170 1.01691652
171 1.01236061
172 1.01917672
173 1.01270877
174 1.01508569
175 1.01504662
176 1.00774871
177 1.01561615
178 1.01315280
179 1.01143998
180 1.01162628
181 1.01792036
182 1.01050656
183 1.02235974
184 1.01827623
185 1.01165115
186 1.01135462
187 1.01100359
188 1.00558711
189 1.01133022
190 1.00877187
191 1.00032914
192 1.01588116
193 1.01752643
194 1.01602858
195 1.01264826
196 1.00584367
197 1.00407502
198 1.00825987
199 1.00134618
200 1.01265472
201 1.01033844
202 1.01266071
203 1.01640074
204 1.00607938
205 1.01969738
206 1.01397459
207 1.00870364
208 1.01340707
209 1.01773906
210 1.00877187
211 1.01439117
212 1.01101479
213 1.00731175
214 1.01280774
215 1.02034283
216 1.01467986
217 1.01592364
218 1.00850525
219 1.02075283
220 1.01223155
221 1.01748670
222 1.01571575
223 1.01732303
224 1.00865906
225 1.01368289
226 1.01070535
227 1.01244952
228 1.01802093
229 1.02010330
230 1.01245078
231 1.01439117
232 0.96278510
233 0.95986450
234 0.97647921
235 0.98913817
236 0.99484440
237 0.98430800
238 0.99020702
239 0.99473131
240 0.99676980
241 0.99958047
242 0.99005988
243 1.00132926
244 0.98409571
245 0.99596223
246 0.98825856
247 0.98968065
248 0.98661078
249 0.99095190
250 0.98164612
251 0.96547446
252 0.96278510
253 0.95145337
254 0.96784956
255 0.97434399
256 0.98317494
257 0.98857931
258 0.99420449
259 1.00440112
260 0.99354848
261 0.99974680
262 0.98904816
263 0.99669046
264 0.99263532
265 0.98885715
266 0.98998952
267 0.99202172
268 0.98340642
269 0.98708479
270 0.98745041
271 0.97055671
272 0.97616136
273 0.95145337
274 1.01474556
275 1.00741972
276 1.01668457
277 1.02572046
278 1.01527660
279 1.02342720
280 1.02553365
281 1.02648986
282 1.02693927
283 1.02104058
284 1.03154697
285 1.02106279
286 1.02606322
287 1.03176425
288 1.01980880
289 1.02303548
290 1.01889108
291 1.01252050
292 1.02761119
293 1.02514521
294 1.01474556
295 1.01511498
296 1.01099398
297 1.01489720
298 1.01770781
299 1.00869549
300 1.00730848
301 1.01132152
302 1.00959603
303 1.01390608
304 1.01658540
305 1.01812676
306 1.01024977
307 1.00843400
308 1.01240151
309 1.01291830
310 1.00450314
311 1.00900740
312 1.01347171
313 1.01060242
314 1.00942276
315 1.01511498
316 1.01347406
317 1.01494348
318 1.00685938
319 1.01581427
320 1.01354394
321 1.01754960
322 1.01798861
323 1.02026072
324 1.01719708
325 1.01370139
326 1.01853410
327 1.01129405
328 1.02070799
329 1.01523678
330 1.01812252
331 1.02291864
332 1.01654469
333 1.01632640
334 1.01038414
335 1.01750091
336 1.01347406
337 1.01477161
338 1.01050969
339 1.01195950
340 1.01814392
341 1.01533076
342 1.01740998
343 1.01020142
344 1.02017460
345 1.01462493
346 1.01854524
347 1.01169326
348 1.01145870
349 1.02184718
350 1.01386069
351 1.01368485
352 1.01333638
353 1.01218362
354 1.02317779
355 1.02146761
356 1.01487256
357 1.01477161
358 1.02173836
359 1.01002043
360 1.01426987
361 1.01712960
362 1.01189639
363 1.00580831
364 1.00401397
365 1.01523500
366 1.00683146
367 1.01799964
368 1.01751444
369 1.00585793
370 1.01691598
371 1.01881496
372 1.01573116
373 1.01146049
374 1.02256545
375 1.00792306
376 1.00866030
377 1.00784394
378 1.02173836
379 1.00677340
380 1.02064381
381 1.01810296
382 1.01313758
383 1.01170248
384 1.00465309
385 1.01639446
386 1.01440487
387 1.01374997
388 1.01669391
389 1.01255502
390 1.01546461
391 1.02127235
392 1.02150135
393 1.00845261
394 1.00629660
395 1.01386810
396 1.01986847
397 1.01229945
398 1.01181975
399 1.00677340
400 1.01341573
401 1.01502826
402 0.99913280
403 1.00691037
404 1.00782569
405 1.00339695
406 1.01638823
407 1.01832383
408 1.00336883
409 1.01081824
410 1.01016497
411 1.00031396
412 1.00920564
413 1.00887504
414 1.01445406
415 1.01222748
416 1.00891072
417 1.01357863
418 1.00856314
419 1.01077787
420 1.01341573
421 1.00757650
422 1.01392180
423 1.01754586
424 1.01450346
425 1.01558040
426 1.01201449
427 1.01312539
428 1.01535433
429 1.00948854
430 1.00954978
431 1.01086365
432 1.01903809
433 1.00284283
434 1.00567714
435 1.00805881
436 1.01448981
437 1.01157171
438 1.01239838
439 1.01276614
440 1.01590784
441 1.00757650
442 1.01256425
443 1.01434250
444 1.01306005
445 1.01134226
446 1.02654465
447 1.01366944
448 1.01339667
449 1.01506803
450 1.01483352
451 1.00891711
452 1.01080751
453 1.00863551
454 1.01115234
455 1.01299468
456 1.01482751
457 1.01259901
458 1.01494245
459 1.01802961
460 1.01213029
461 1.01825944
462 1.01256425
463 1.01043042
464 1.02528022
465 1.02173512
466 1.01640396
467 1.02768721
468 1.02439262
469 1.02303942
470 1.02494820
471 1.01590125
472 1.01559852
473 1.01860702
474 1.01591270
475 1.02311068
476 1.01022958
477 1.01995042
478 1.01505068
479 1.02641648
480 1.01903725
481 1.01653899
482 1.02445553
483 1.01043042
484 1.00991216
485 1.00932364
486 1.01855986
487 1.01081527
488 1.01859773
489 1.01737107
490 1.01754468
491 1.02934486
492 1.01763488
493 1.02109631
494 1.00759500
495 1.02285500
496 1.01987616
497 1.01674135
498 1.01242928
499 1.01075733
500 1.01551839
501 1.01618207
502 1.02246974
503 1.01155469
504 1.00991216
505 1.02009714
506 1.01038941
507 1.01260242
508 1.02532333
509 1.01719694
510 1.00767870
511 1.01681470
512 1.02420044
513 1.01454240
514 1.01593060
515 1.02151685
516 1.01465410
517 1.01657189
518 1.01097152
519 1.01292291
520 1.01138661
521 1.02006376
522 1.01887812
523 1.00907124
524 1.01835501
525 1.02009714
526 1.01285849
527 1.00785662
528 1.01275906
529 1.00498951
530 1.01764276
531 1.01559272
532 1.01143347
533 1.01054439
534 1.01287422
535 1.00934433
536 1.01282209
537 1.00764318
538 1.00943774
539 1.00438351
540 1.00838719
541 1.01367329
542 1.01407640
543 1.01518963
544 1.00211385
545 1.00904397
546 1.01285849
547 1.01347204
548 1.02002112
549 1.01251054
550 1.01187930
551 1.01756573
552 1.01359350
553 1.01356919
554 1.01709151
555 1.02706265
556 1.02166312
557 1.01389933
558 1.01753787
559 1.00654136
560 1.00732406
561 1.02610469
562 1.00628448
563 1.02027903
564 1.02546922
565 1.01446876
566 1.01971656
567 1.01347204
568 1.01559872
569 0.99481886
570 1.00353453
571 1.00742520
572 1.00940591
573 1.01418171
574 1.01665590
575 1.00687694
576 1.01107403
577 1.00770316
578 1.00486099
579 1.00710865
580 1.00484558
581 1.00984945
582 1.00848711
583 1.01656759
584 1.00386261
585 1.00608630
586 1.00687076
587 1.01027070
588 1.01559872
589 1.01908039
590 1.01810316
591 1.01423494
592 1.01657700
593 1.00524551
594 1.00794923
595 1.02511119
596 1.02161690
597 1.01336633
598 1.01431937
599 1.02079322
600 1.01476398
601 1.01600430
602 1.01395553
603 1.00964960
604 1.00717625
605 1.01729716
606 1.01712215
607 1.02185996
608 1.02233743
609 1.01908039
610 1.01197760
611 1.01122980
612 1.01801399
613 1.01703546
614 1.01235489
615 1.02257225
616 1.02086289
617 1.00964473
618 1.02254184
619 1.02035888
620 1.01424484
621 1.01782525
622 1.02157533
623 1.02600712
624 1.01891929
625 1.02633361
626 1.01961742
627 1.01220371
628 1.01754133
629 1.01545316
630 1.01197760
631 1.01318815
632 1.01490916
633 1.00807175
634 1.00824089
635 1.01090107
636 1.00652529
637 1.00622802
638 1.02098906
639 1.00876773
640 1.00134048
641 1.01793177
642 1.01772846
643 1.00554366
644 1.00669020
645 1.02044801
646 1.01141644
647 1.01497408
648 1.01147292
649 1.01384048
650 1.02215776
651 1.01318815
652 1.00763725
653 1.00547061
654 1.00269673
655 1.01361635
656 1.00689052
657 1.00187766
658 1.00429782
659 1.00458313
660 1.00379499
661 1.00062133
662 0.99497671
663 1.00626524
664 1.01170513
665 1.01175914
666 1.01149852
667 1.01339691
668 1.00060426
669 1.00419406
670 1.00252138
671 1.00306509
672 1.00763725
673 1.02249086
674 1.01538670
675 1.01665130
676 1.02263342
677 1.02495447
678 1.03069946
679 1.01661498
680 1.02861566
681 1.01882354
682 1.02095449
683 1.02079948
684 1.01802632
685 1.01929472
686 1.02435076
687 1.02283209
688 1.01160258
689 1.01467910
690 1.01874563
691 1.02355431
692 1.02415025
693 1.02249086
694 1.02673258
695 1.03100192
696 1.01896624
697 1.01982853
698 1.02476279
699 1.02003524
700 1.02744334
701 1.02266560
702 1.02298978
703 1.02325105
704 1.01849354
705 1.01657543
706 1.02173440
707 1.02588730
708 1.02295339
709 1.01470888
710 1.01828099
711 1.01917308
712 1.02732039
713 1.02352914
714 1.02673258
715 0.99558201
716 1.00599475
717 1.00644011
718 1.01510039
719 0.99110689
720 1.00601731
721 1.00402476
722 0.99786241
723 1.00962944
724 1.00278819
725 1.00388539
726 1.00766530
727 1.00794805
728 1.00607906
729 1.00139589
730 1.00388688
731 1.01943450
732 1.00163283
733 1.00543332
734 1.00313502
735 0.99558201
736 1.00480362
737 1.00808171
738 1.01259300
739 1.00434645
740 1.00908046
741 1.01056863
742 1.01422183
743 1.00780732
744 1.01136522
745 1.01388827
746 1.00994814
747 1.00467426
748 0.99726180
749 1.01532513
750 1.01703643
751 1.00991897
752 1.01648974
753 1.01006220
754 1.00665389
755 1.01190984
756 1.00480362
757 1.01644471
758 1.00926318
759 1.02143923
760 1.01039931
761 1.01370456
762 1.01480968
763 1.01057647
764 1.00553668
765 1.01709240
766 1.01411653
767 1.01451680
768 1.01552024
769 1.01252764
770 1.01928727
771 1.01244443
772 1.01996312
773 1.01487020
774 1.01476023
775 1.01780321
776 1.02602342
777 1.01644471
778 1.00913824
779 1.00574087
780 1.00669259
781 1.00888905
782 1.01148835
783 1.01788213
784 1.00643653
785 1.01097352
786 1.00077256
787 1.01457583
788 1.00326399
789 1.00695760
790 1.01259430
791 1.00296048
792 1.01286554
793 1.01189762
794 1.00552572
795 1.00073694
796 1.01229478
797 1.00553370
798 1.00913824
799 1.01315559
800 1.02313079
801 1.02295444
802 1.02283091
803 1.02080428
804 1.02662047
805 1.01110527
806 1.01305339
807 1.01486777
808 1.02746687
809 1.01422324
810 1.00695184
811 1.02444041
812 1.01468088
813 1.01578348
814 1.03155242
815 1.01839567
816 1.01744596
817 1.02063995
818 1.02150534
819 1.01315559
820 1.02117746
821 1.02232710
822 1.01810056
823 1.03369355
824 1.02016835
825 1.02576595
826 1.02351262
827 1.02860825
828 1.01476101
829 1.02609718
830 1.01709575
831 1.02432194
832 1.02852550
833 1.01749469
834 1.03387824
835 1.02085219
836 1.01690034
837 1.01742899
838 1.02654566
839 1.02519985
840 1.02117746
841 1.00333497
842 0.99651040
843 1.01081412
844 1.00364031
845 1.00837803
846 1.00429742
847 1.01020426
848 1.01413532
849 1.01480424
850 1.01544655
851 1.00987059
852 1.00054613
853 1.00730595
854 1.00750328
855 1.01226417
856 1.00854982
857 0.99977047
858 1.01055494
859 1.00758231
860 1.00154379
861 1.00333497
862 1.01905311
863 1.02017341
864 1.02188111
865 1.01930762
866 1.01765702
867 1.01231073
868 1.01253573
869 1.01395136
870 1.01596774
871 1.01160824
872 1.01176070
873 1.01506335
874 1.02112569
875 1.01618802
876 1.00905460
877 1.02427716
878 1.01820335
879 1.00774316
880 1.01885453
881 1.00813224
882 1.01905311
883 1.00036629
884 1.00543378
885 1.00577941
886 1.00556745
887 1.01662214
888 1.00732940
889 1.01134513
890 1.01313630
891 1.01708480
892 1.00770889
893 1.00070639
894 1.00494213
895 1.01064412
896 1.00864206
897 1.00615650
898 1.01529480
899 1.01366167
900 1.00625082
901 1.01109994
902 1.00501939
903 1.00036629
904 1.01296841
905 1.01784871
906 1.01985473
907 1.00722708
908 1.01895762
909 1.01209517
910 1.01498839
911 1.01012639
912 1.02141852
913 1.01784893
914 1.01601445
915 1.00959924
916 1.01840653
917 1.01486624
918 1.01470131
919 1.02031038
920 1.00980005
921 1.00942447
922 1.01485483
923 1.01349818
924 1.01296841
925 1.00604123
926 1.00473244
927 1.00639625
928 1.01137368
929 1.01297081
930 1.00925220
931 1.01019664
932 1.01689989
933 1.01008095
934 1.01507045
935 1.01534422
936 1.01154814
937 1.01560134
938 1.00559399
939 1.00406106
940 1.01454094
941 1.00498427
942 1.01272524
943 1.01016132
944 1.00335152
945 1.00604123
946 1.00989785
947 1.01477685
948 1.01516895
949 1.01247433
950 1.01409778
951 1.01371140
952 1.01494009
953 1.01709490
954 1.01455102
955 1.02297993
956 1.00461004
957 1.01723548
958 1.01978706
959 1.01933613
960 1.01816945
961 1.01597750
962 1.00650851
963 1.01159782
964 1.01806040
965 1.00934777
966 1.00989785
967 1.01780262
968 1.01277156
969 1.00186245
970 1.02087021
971 1.01591672
972 1.01332044
973 1.01131303
974 1.01524160
975 1.01966257
976 1.01781896
977 1.01900276
978 1.01487393
979 1.01006078
980 1.01329069
981 1.01808881
982 1.02051060
983 1.00948570
984 1.01201629
985 1.01511024
986 1.01742151
987 1.01780262
988 1.00287669
989 1.01377655
990 1.00826423
991 1.00909212
992 1.01794044
993 1.00920703
994 1.01339326
995 1.02168251
996 1.01584286
997 1.02140917
998 1.01759081
999 1.02067436
1000 1.01110054
1001 1.02264610
1002 1.01256160
1003 1.01172557
1004 1.00938660
1005 1.01140587
1006 1.02330111
1007 1.01527102
1008 1.00287669
1009 1.01439955
1010 1.01399421
1011 1.01663675
1012 1.01580389
1013 1.02030082
1014 1.01381273
1015 1.01855124
1016 1.01728437
1017 1.01234257
1018 1.00304219
1019 1.02044371
1020 1.01363048
1021 1.02400700
1022 1.02260493
1023 1.01633104
1024 1.01417494
1025 1.01503734
1026 1.01885640
1027 1.00859279
1028 1.01250821
1029 1.01439955
1030 1.00572943
1031 1.01187555
1032 1.01771110
1033 1.01652652
1034 1.01694078
1035 1.01514620
1036 1.00734736
1037 1.00642694
1038 1.01044531
1039 1.00374276
1040 1.00788874
1041 1.01250049
1042 1.01364103
1043 1.02578777
1044 1.01527453
1045 1.01220397
1046 1.02142656
1047 1.01328776
1048 1.00450377
1049 1.00737862
1050 1.00572943
1051 1.00996460
1052 1.00388143
1053 1.00793071
1054 1.01668129
1055 1.00863229
1056 1.01884296
1057 1.00568926
1058 1.01209884
1059 1.00923915
1060 1.00426583
1061 1.00892352
1062 1.00764646
1063 1.00754806
1064 0.99896528
1065 1.00849306
1066 1.01852028
1067 1.00310544
1068 1.00081331
1069 1.01513501
1070 1.01101537
1071 1.00996460
1072 1.01237796
1073 1.01213303
1074 1.01150055
1075 1.00841153
1076 1.00638821
1077 1.01557590
1078 1.00898828
1079 1.01391419
1080 1.00512862
1081 1.01466629
1082 1.01498639
1083 1.00448861
1084 1.00792698
1085 1.00790628
1086 1.02053376
1087 1.01376835
1088 1.01235347
1089 1.01047066
1090 1.01294478
1091 1.01211260
1092 1.01237796
1093 1.02421150
1094 1.01453470
1095 1.00649102
1096 1.01097595
1097 1.00935237
1098 1.01002557
1099 1.01607709
1100 1.01642565
1101 1.02424544
1102 1.00914081
1103 1.00997019
1104 1.01228855
1105 1.01868350
1106 1.01719335
1107 1.02270201
1108 1.01739678
1109 1.00594653
1110 1.01768810
1111 1.01943594
1112 1.01086256
1113 1.02421150
1114 1.01810946
1115 1.01184598
1116 1.01133181
1117 1.01332692
1118 1.00376307
1119 1.02033450
1120 1.01505027
1121 1.00833797
1122 1.01823321
1123 1.00524402
1124 1.00681460
1125 1.01983806
1126 1.01864057
1127 1.00923119
1128 1.02060290
1129 1.01488923
1130 1.01426226
1131 1.00196310
1132 1.00579091
1133 1.01355797
1134 1.01810946
1135 1.00510891
1136 1.01517732
1137 1.01826285
1138 1.01445925
1139 1.00974146
1140 1.01926941
1141 1.01377637
1142 1.01481819
1143 1.00917155
1144 1.01599616
1145 1.01878161
1146 1.01506082
1147 1.01907284
1148 1.01695689
1149 1.01915567
1150 1.01426922
1151 1.01585796
1152 1.01665977
1153 1.01348609
1154 1.01895291
1155 1.00510891
1156 1.01371790
1157 1.01390237
1158 1.01501555
1159 1.01263651
1160 1.01174351
1161 1.01108911
1162 1.00799734
1163 1.02264730
1164 1.01858487
1165 1.01758125
1166 1.01240012
1167 1.01822436
1168 1.00557253
1169 1.01428084
1170 1.00665649
1171 1.01020290
1172 1.01237842
1173 1.01454269
1174 1.01688919
1175 1.00993276
1176 1.01371790
1177 1.01595310
1178 1.02291985
1179 1.01700330
1180 1.02239626
1181 1.00963389
1182 1.01196424
1183 1.02191251
1184 1.02286771
1185 1.02832929
1186 1.02038246
1187 1.01303641
1188 1.00909938
1189 1.01420049
1190 1.02024829
1191 1.03024661
1192 1.01474828
1193 1.01310242
1194 1.01685728
1195 1.02520886
1196 1.01548575
1197 1.01595310
1198 1.01803505
1199 1.00974534
1200 1.01495917
1201 1.01851595
1202 1.02171644
1203 1.01480166
1204 1.01958115
1205 1.01189987
1206 1.01449725
1207 1.01637756
1208 1.01875612
1209 1.00916488
1210 1.02431528
1211 1.01710047
1212 1.01231601
1213 1.01833791
1214 1.01863828
1215 1.01390049
1216 1.01249289
1217 1.01352184
1218 1.01803505
1219 1.02068053
1220 1.01755174
1221 1.01699637
1222 1.02108835
1223 1.02631252
1224 1.02313967
1225 1.01958896
1226 1.02101454
1227 1.00503774
1228 1.01673160
1229 1.01726513
1230 1.01939998
1231 1.02044364
1232 1.02177576
1233 1.01527997
1234 1.00630133
1235 1.03061255
1236 1.01868211
1237 1.01580947
1238 1.01800574
1239 1.02068053
1240 1.00081598
1241 1.01844768
1242 1.00694661
1243 1.00802253
1244 1.01390989
1245 1.01169875
1246 1.00381816
1247 1.01796580
1248 1.00378740
1249 1.00701538
1250 1.01044805
1251 1.01101025
1252 1.01456078
1253 1.00945570
1254 1.00555932
1255 0.99841313
1256 0.99924262
1257 1.01481810
1258 1.00404792
1259 1.00372387
1260 1.00081598
1261 1.01337158
1262 1.02020968
1263 1.00836562
1264 1.00767844
1265 1.01970102
1266 1.01284139
1267 1.01256138
1268 1.02157542
1269 1.01889159
1270 1.01126867
1271 1.01172862
1272 1.00467916
1273 1.00374370
1274 1.01129465
1275 1.00733432
1276 1.01929342
1277 1.00761506
1278 1.00818324
1279 1.01324939
1280 1.01334844
1281 1.01337158
1282 1.01598034
1283 1.02095150
1284 1.00893113
1285 1.02204196
1286 1.00132507
1287 1.00534567
1288 1.00892625
1289 1.00650593
1290 1.01424525
1291 1.00979186
1292 1.01075556
1293 1.01152531
1294 1.00365068
1295 1.00943662
1296 1.00898823
1297 1.01074348
1298 1.01140891
1299 1.00935091
1300 1.00480558
1301 1.01314363
1302 1.01598034
1303 1.02106595
1304 1.02200876
1305 1.01828359
1306 1.01317743
1307 1.02007249
1308 1.01861205
1309 1.01320051
1310 1.02022254
1311 1.01489429
1312 1.01578727
1313 1.00930796
1314 1.02430558
1315 1.01988619
1316 1.01569555
1317 1.02371331
1318 1.02025473
1319 1.02201206
1320 1.01334647
1321 1.01907978
1322 1.02467564
1323 1.02106595
1324 1.02189337
1325 1.02035939
1326 1.01422042
1327 1.01863675
1328 1.01683973
1329 1.02266403
1330 1.01585178
1331 1.01478552
1332 1.02684150
1333 1.01766850
1334 1.01209903
1335 1.01830459
1336 1.01164283
1337 1.01617093
1338 1.02431331
1339 1.02128090
1340 1.02168148
1341 1.02142199
1342 1.01360172
1343 1.02155789
1344 1.02189337
1345 1.02498439
1346 1.01359363
1347 1.02035592
1348 1.01230853
1349 1.01274224
1350 1.01384700
1351 1.01989986
1352 1.01797940
1353 1.01270755
1354 1.01863487
1355 1.01139884
1356 1.01293694
1357 1.02168936
1358 1.01875883
1359 1.01245146
1360 1.01632071
1361 1.01717876
1362 1.01386734
1363 1.01938875
1364 1.01226439
1365 1.02498439
1366 1.01682807
1367 1.01519592
1368 1.01439949
1369 1.02187127
1370 1.01604765
1371 1.01994777
1372 1.02017658
1373 1.01354559
1374 1.01736937
1375 1.01609387
1376 1.02646005
1377 1.01694301
1378 1.01960964
1379 1.01838266
1380 1.01570959
1381 1.02465335
1382 1.01646101
1383 1.01617749
1384 1.02204044
1385 1.02697234
1386 1.01682807
1387 1.01973214
1388 1.01799929
1389 1.01577724
1390 1.01156589
1391 1.01291426
1392 1.01565938
1393 1.01850785
1394 1.01177269
1395 1.02181745
1396 1.01152671
1397 1.01282979
1398 1.01307486
1399 1.01989140
1400 1.01932822
1401 1.01144500
1402 1.01666766
1403 1.02556260
1404 1.02112812
1405 1.01808795
1406 1.01947739
1407 1.01973214
1408 1.01936911
1409 1.02235955
1410 1.01231407
1411 1.01301095
1412 1.02257280
1413 1.01405544
1414 1.01145154
1415 1.00870453
1416 1.01473024
1417 1.00494768
1418 1.01679795
1419 1.02461025
1420 1.01250396
1421 1.00933521
1422 1.00731083
1423 1.01179594
1424 1.02460752
1425 1.02268773
1426 1.00943244
1427 1.01492164
1428 1.01936911
1429 1.00910729
1430 1.01153086
1431 1.01071890
1432 1.02061129
1433 1.01159449
1434 1.02190097
1435 1.01309933
1436 1.00913391
1437 1.01029821
1438 1.01201501
1439 1.01674931
1440 1.00856444
1441 1.02607058
1442 1.01996691
1443 1.01962815
1444 1.01595818
1445 1.01195687
1446 1.02063576
1447 1.01943606
1448 1.02291873
1449 1.00910729
1450 1.02093700
1451 1.01873473
1452 1.01930371
1453 1.01145555
1454 1.02324056
1455 1.02745259
1456 1.02055232
1457 1.02379581
1458 1.01435782
1459 1.02451521
1460 1.02201148
1461 1.01639528
1462 1.01544579
1463 1.01553203
1464 1.01871973
1465 1.01512380
1466 1.02506420
1467 1.01872192
1468 1.02576737
1469 1.01667194
1470 1.02093700
1471 0.99822032
1472 1.00492187
1473 1.00378828
1474 1.01038979
1475 1.00624271
1476 1.00170393
1477 1.00112889
1478 1.00782026
1479 1.00351630
1480 1.00087989
1481 1.00637523
1482 0.99704057
1483 1.00652309
1484 1.00835330
1485 1.01060843
1486 1.00053040
1487 1.01277509
1488 0.99705227
1489 0.99450548
1490 1.00512288
1491 0.99822032
1492 1.01983048
1493 1.01725832
1494 1.00673050
1495 1.02112006
1496 1.02286393
1497 1.02513858
1498 1.01447572
1499 1.02477126
1500 1.02190234
1501 1.01379466
1502 1.02496386
1503 1.01855167
1504 1.01452871
1505 1.02026462
1506 1.02374527
1507 1.01937644
1508 1.02531352
1509 1.01723473
1510 1.02644826
1511 1.02484133
1512 1.01983048
1513 1.02122125
1514 1.02533799
1515 1.03246497
1516 1.03009307
1517 1.02218341
1518 1.01253896
1519 1.02221554
1520 1.02220733
1521 1.01874072
1522 1.02199944
1523 1.02542833
1524 1.01834295
1525 1.02079742
1526 1.02623606
1527 1.02390517
1528 1.02613838
1529 1.02433499
1530 1.02980936
1531 1.02155858
1532 1.01793627
1533 1.02122125
1534 1.01420137
1535 1.01550618
1536 1.01810937
1537 1.01202543
1538 1.02494682
1539 1.01626321
1540 1.02442405
1541 1.01404565
1542 1.01703320
1543 1.01256273
1544 1.01446757
1545 1.01667909
1546 1.01686753
1547 1.02076389
1548 1.01661834
1549 1.02540962
1550 1.01603687
1551 1.01228234
1552 1.01834696
1553 1.02009270
1554 1.01420137
1555 1.00432271
1556 0.99741360
1557 1.00423753
1558 0.99897163
1559 1.00421739
1560 1.00934495
1561 1.00350025
1562 1.00253056
1563 1.00384854
1564 1.00145015
1565 1.01068960
1566 1.00375419
1567 1.01517511
1568 1.00634129
1569 1.00307643
1570 1.00547766
1571 1.00080079
1572 1.01039080
1573 1.00808416
1574 1.00429678
1575 1.00432271
1576 1.00663258
1577 1.01200830
1578 1.00986262
1579 1.00051718
1580 1.01092428
1581 1.00224254
1582 1.01551281
1583 1.02037813
1584 1.00908972
1585 0.99950584
1586 1.00662733
1587 1.00974258
1588 1.00148116
1589 1.01994147
1590 1.00565457
1591 1.00918378
1592 1.00851055
1593 1.00696048
1594 1.00961208
1595 1.00503315
1596 1.00663258
1597 1.02615953
1598 1.02543474
1599 1.02211236
1600 1.03095801
1601 1.02959612
1602 1.02087369
1603 1.02318002
1604 1.02840508
1605 1.02399783
1606 1.01992121
1607 1.01780317
1608 1.01754123
1609 1.02628727
1610 1.02411311
1611 1.02302739
1612 1.02119764
1613 1.02670521
1614 1.01431199
1615 1.02369127
1616 1.02495942
1617 1.02615953
1618 1.00820276
1619 1.02368498
1620 1.01187083
1621 1.01615728
1622 1.02131016
1623 1.01501558
1624 1.01107649
1625 1.01852189
1626 1.02090598
1627 1.01157441
1628 1.01965740
1629 1.01899788
1630 1.01141787
1631 1.01849774
1632 1.01586187
1633 1.01869080
1634 1.01402505
1635 1.02385733
1636 1.01571476
1637 1.01945284
1638 1.00820276
1639 1.00971191
1640 1.00294168
1641 1.01400592
1642 1.01880318
1643 1.00475711
1644 1.00354880
1645 1.01081555
1646 1.01423647
1647 1.01022443
1648 1.01470280
1649 1.00447250
1650 1.00624593
1651 1.00425167
1652 1.01357496
1653 1.01015454
1654 1.01718499
1655 1.02334705
1656 1.00765186
1657 1.01003338
1658 1.00499476
1659 1.00971191
1660 1.02374600
1661 1.01777213
1662 1.02192887
1663 1.01726635
1664 1.00507469
1665 1.01440131
1666 1.01816548
1667 1.01186817
1668 1.01330910
1669 1.01488256
1670 1.01796302
1671 1.01988067
1672 1.00801962
1673 1.02156284
1674 1.01275583
1675 1.01496455
1676 1.02114819
1677 1.01415401
1678 1.02205755
1679 1.02041830
1680 1.02374600
1681 1.01967341
1682 1.02037826
1683 1.02185404
1684 1.01160413
1685 1.03599089
1686 1.01997768
1687 1.02186617
1688 1.01857701
1689 1.02561622
1690 1.01405389
1691 1.01133655
1692 1.01900397
1693 1.02225385
1694 1.02068002
1695 1.01211297
1696 1.01532072
1697 1.01373734
1698 1.02085570
1699 1.01455753
1700 1.02214589
1701 1.01967341
1702 1.01927421
1703 1.00176190
1704 1.00729712
1705 1.00338782
1706 1.00862316
1707 1.00023262
1708 1.01159295
1709 1.00877148
1710 1.01190744
1711 1.01396056
1712 1.00705527
1713 1.00659657
1714 0.99944087
1715 1.00892815
1716 1.00979864
1717 1.01134176
1718 1.00735202
1719 1.00036534
1720 0.99948681
1721 1.01388992
1722 1.01927421
1723 1.00962945
1724 0.99712378
1725 1.00723410
1726 1.00922723
1727 1.01014411
1728 1.00859931
1729 1.00847520
1730 1.01493463
1731 1.01379875
1732 1.00475065
1733 1.00591963
1734 1.01587113
1735 1.01287929
1736 0.99958380
1737 1.00768294
1738 1.00198810
1739 1.01133209
1740 0.99979740
1741 0.99387009
1742 1.00467937
1743 1.00962945
1744 1.01877332
1745 1.00601214
1746 1.00619846
1747 1.01645199
1748 1.02167161
1749 1.01131740
1750 1.01692216
1751 1.01729082
1752 1.01911512
1753 1.01978764
1754 1.01723960
1755 1.00763710
1756 1.02706184
1757 1.01422171
1758 1.01157888
1759 1.01626602
1760 1.01963449
1761 1.02070511
1762 1.00733160
1763 1.02092106
1764 1.01877332
1765 1.00622685
1766 1.01052663
1767 1.00918949
1768 1.00562634
1769 1.01307966
1770 1.01513036
1771 1.00977719
1772 1.00894960
1773 1.01443580
1774 1.01550191
1775 1.00088887
1776 1.01061705
1777 1.01061652
1778 1.00970684
1779 1.01166713
1780 1.01215594
1781 1.01771195
1782 1.00201180
1783 1.01295748
1784 1.01785618
1785 1.00622685
1786 1.02198513
1787 1.02445029
1788 1.02188582
1789 1.01487646
1790 1.02968207
1791 1.03034693
1792 1.02609473
1793 1.02005107
1794 1.01698111
1795 1.02325796
1796 1.02062510
1797 1.01941761
1798 1.01795146
1799 1.02475438
1800 1.02803571
1801 1.02459027
1802 1.02049893
1803 1.01997090
1804 1.02068030
1805 1.01204050
1806 1.02198513
1807 1.00790751
1808 0.99964226
1809 1.00779307
1810 1.01059287
1811 1.00069778
1812 1.01308415
1813 1.00697225
1814 1.01480822
1815 1.00320385
1816 1.01275211
1817 0.99696087
1818 1.00223389
1819 1.00899876
1820 0.99708179
1821 1.00894068
1822 1.01280138
1823 0.99632455
1824 1.01212817
1825 1.00357542
1826 1.00730298
1827 1.00790751
1828 1.02704527
1829 1.02724324
1830 1.01525456
1831 1.01868592
1832 1.01708283
1833 1.02474004
1834 1.02326556
1835 1.02236435
1836 1.02895289
1837 1.01822826
1838 1.02078303
1839 1.01725049
1840 1.01680571
1841 1.02280802
1842 1.02254913
1843 1.01966710
1844 1.01166587
1845 1.02598077
1846 1.01711187
1847 1.01966595
1848 1.02704527
1849 1.01572067
1850 1.01405641
1851 1.01635426
1852 1.00327499
1853 1.01603686
1854 1.01220653
1855 1.00163444
1856 1.01332022
1857 1.02021061
1858 1.00452487
1859 1.01846963
1860 1.01143643
1861 1.00661301
1862 1.01089545
1863 1.01151813
1864 1.00984713
1865 1.01182289
1866 1.01175941
1867 1.02248552
1868 1.01824957
1869 1.01572067
1870 1.02569799
1871 1.01011584
1872 1.02005073
1873 1.01282914
1874 1.01471625
1875 1.01602787
1876 1.01657529
1877 1.01389759
1878 1.01783193
1879 1.01647082
1880 1.01763945
1881 1.01156725
1882 1.01286882
1883 1.01826497
1884 1.01676645
1885 1.02356187
1886 1.01518268
1887 1.01276020
1888 1.01497968
1889 1.00930474
1890 1.02569799
1891 1.01656713
1892 1.01649130
1893 1.01424817
1894 1.01423572
1895 1.00566566
1896 1.01708465
1897 1.01672280
1898 1.01615578
1899 1.01197947
1900 1.01515930
1901 1.01568968
1902 1.01589212
1903 1.02378720
1904 1.02079068
1905 1.02020412
1906 1.01116209
1907 1.01226614
1908 1.01007214
1909 1.01520188
1910 1.01388206
1911 1.01656713
1912 1.01641442
1913 1.01025028
1914 1.02446837
1915 1.02200221
1916 1.01489998
1917 1.01150453
1918 1.02142136
1919 1.02167546
1920 1.01789066
1921 1.01842224
1922 1.02007453
1923 1.01953758
1924 1.01449743
1925 1.00683603
1926 1.01667604
1927 1.01659452
1928 1.01968000
1929 1.01537112
1930 1.02520758
1931 1.00882927
1932 1.01641442
1933 1.01649662
1934 1.01527057
1935 1.01268320
1936 1.00510479
1937 1.01152487
1938 1.01837138
1939 1.01543159
1940 1.00774871
1941 1.02160621
1942 1.02849647
1943 1.01490550
1944 1.00500920
1945 1.01156780
1946 1.01322225
1947 1.01602626
1948 1.02075730
1949 1.01910839
1950 1.01257389
1951 1.00635626
1952 1.01517198
1953 1.01649662
1954 1.01041232
1955 1.02232866
1956 1.02394261
1957 1.02193295
1958 1.02043457
1959 1.01489344
1960 1.01106988
1961 1.01869089
1962 1.00664003
1963 1.02243882
1964 1.02590593
1965 1.02152876
1966 1.02557834
1967 1.01680973
1968 1.00750072
1969 1.01257759
1970 1.01803494
1971 1.01792866
1972 1.01738953
1973 1.02224000
1974 1.01041232
1975 1.02458678
1976 1.01338025
1977 1.01185235
1978 1.01563881
1979 1.00815310
1980 1.01605853
1981 1.01107454
1982 1.00844389
1983 1.00789380
1984 1.01431776
1985 1.00792810
1986 1.01906607
1987 1.00415552
1988 1.01619031
1989 1.01801286
1990 1.01227993
1991 1.01142303
1992 1.01699356
1993 1.01419409
1994 1.02145381
1995 1.02458678
1996 1.01123010
1997 1.01705664
1998 1.01044957
1999 1.00877945
2000 1.01177259
2001 0.99889667
2002 0.99872321
2003 1.00958835
2004 1.01023757
2005 1.00118950
2006 1.00725917
2007 1.00691984
2008 1.01718214
2009 1.01159251
2010 1.01492866
2011 1.00654182
2012 1.00125876
2013 0.99760346
2014 1.00252755
2015 1.00209903
2016 1.01123010
2017 1.01985305
2018 1.01200353
2019 1.00609800
2020 1.01226894
2021 1.01688878
2022 1.01307907
2023 1.01416070
2024 1.00880946
2025 1.01601990
2026 1.01967079
2027 1.01848511
2028 1.01457834
2029 1.01873706
2030 1.01496982
2031 1.00455014
2032 1.00446907
2033 1.01164900
2034 1.01574965
2035 1.01682806
2036 1.01619156
2037 1.01985305
2038 1.01989360
2039 1.00883047
2040 1.01092199
2041 1.00799318
2042 1.01128199
2043 1.01370493
2044 1.01425044
2045 1.01465140
2046 1.01161354
2047 1.01394579
2048 1.01325486
2049 1.01598841
2050 1.00013208
2051 1.00994595
2052 1.01561277
2053 1.00965725
2054 1.00716289
2055 1.01157152
2056 1.00870618
2057 1.01401811
2058 1.01989360
2059 1.02163253
2060 1.02326604
2061 1.01951768
2062 1.01435747
2063 1.01171308
2064 1.01831074
2065 1.02189554
2066 1.01865647
2067 1.01728966
2068 1.02245777
2069 1.02069172
2070 1.01847191
2071 1.01670244
2072 1.01478889
2073 1.01942380
2074 1.02504305
2075 1.02069888
2076 1.02230282
2077 1.03101572
2078 1.01712556
2079 1.02163253
2080 1.01499324
2081 1.01167240
2082 1.02064055
2083 1.01592114
2084 1.01405929
2085 1.01960038
2086 1.02245288
2087 1.01860402
2088 1.01254684
2089 1.01261480
2090 1.01171285
2091 1.02147592
2092 1.01146389
2093 1.01273101
2094 1.01959639
2095 1.01538703
2096 1.01410922
2097 1.02245386
2098 1.01986992
2099 1.02011671
2100 1.01499324
2101 1.01505205
2102 1.01780559
2103 1.01414239
2104 1.01700458
2105 1.01404371
2106 1.02296493
2107 1.01347217
2108 1.00804341
2109 1.01427597
2110 1.01428113
2111 1.01739073
2112 1.01487558
2113 1.01585397
2114 1.01625788
2115 1.01257637
2116 1.01267425
2117 1.01968534
2118 1.01229220
2119 1.02554253
2120 1.01791336
2121 1.01505205
2122 1.00571287
2123 1.00801569
2124 1.00541195
2125 1.01720774
2126 1.00673094
2127 1.02018261
2128 1.01495895
2129 1.00991250
2130 1.01579703
2131 1.00288302
2132 1.01659560
2133 1.00499589
2134 1.01377679
2135 1.00292413
2136 1.00828587
2137 1.00818080
2138 1.01078138
2139 1.01727466
2140 1.02195474
2141 1.01079252
2142 1.00571287
2143 1.01318354
2144 1.01534147
2145 1.02401798
2146 1.01239348
2147 1.00562359
2148 1.01636258
2149 1.02035792
2150 1.02324008
2151 1.02311770
2152 1.02278024
2153 1.02470605
2154 1.01545336
2155 1.01612789
2156 1.00932949
2157 1.01024419
2158 1.00695950
2159 1.01760741
2160 1.01090723
2161 1.01632507
2162 1.01437724
2163 1.01318354
2164 1.01479403
2165 1.00980538
2166 1.01615413
2167 1.00718626
2168 1.00960782
2169 1.01398772
2170 1.01841682
2171 1.01584108
2172 1.01556859
2173 1.01035882
2174 1.00472359
2175 1.00805071
2176 1.00877034
2177 1.00507656
2178 1.01679603
2179 1.01506236
2180 1.00976100
2181 1.01520558
2182 1.00171249
2183 1.02463381
2184 1.01479403
2185 1.01552416
2186 1.00590772
2187 1.01449780
2188 1.00840888
2189 1.00930965
2190 1.01057167
2191 1.01628382
2192 1.01444394
2193 1.01797045
2194 1.01364910
2195 1.01548393
2196 1.01298004
2197 1.01159396
2198 1.00217596
2199 1.00657095
2200 1.01445049
2201 1.02584068
2202 1.00988951
2203 1.00741257
2204 1.01248321
2205 1.01552416
2206 1.00897733
2207 1.00757103
2208 1.01291605
2209 1.01484625
2210 1.00676919
2211 1.01459592
2212 0.99933297
2213 1.00315981
2214 1.01113122
2215 1.01756262
2216 1.01595079
2217 1.00564146
2218 1.00825740
2219 1.00593275
2220 1.00667023
2221 1.01302041
2222 1.00907680
2223 1.00818318
2224 1.01300728
2225 1.01084879
2226 1.00897733
2227 1.01199158
2228 1.01437917
2229 1.01555307
2230 1.01583713
2231 1.00754823
2232 1.00456084
2233 1.00654075
2234 1.01302968
2235 0.99835901
2236 1.01314865
2237 1.01248147
2238 1.01987155
2239 1.00576292
2240 1.01224107
2241 1.01126220
2242 1.00400738
2243 1.01546779
2244 1.01149794
2245 1.01699142
2246 1.00174246
2247 1.01199158
2248 1.00843556
2249 1.01951668
2250 1.01823252
2251 1.00918404
2252 1.00866581
2253 1.01293436
2254 1.00922790
2255 1.00821063
2256 1.01412423
2257 1.01151936
2258 1.01115229
2259 1.01354916
2260 1.01048321
2261 1.00423878
2262 1.01425252
2263 1.00655017
2264 1.01020142
2265 1.00034997
2266 1.01099615
2267 1.01449272
2268 1.00843556
2269 1.01228669
2270 1.02190642
2271 1.01799307
2272 1.01890508
2273 1.01246861
2274 1.01506009
2275 1.01580712
2276 1.01506082
2277 1.02060708
2278 1.01892886
2279 1.01022814
2280 1.01593191
2281 1.01722365
2282 1.01782269
2283 1.01404082
2284 1.01745714
2285 1.01778646
2286 1.01815496
2287 1.01553097
2288 1.01516558
2289 1.01228669
2290 1.01166147
2291 1.00864055
2292 1.01423029
2293 1.02218685
2294 1.01215051
2295 1.01415287
2296 1.00579762
2297 1.01013569
2298 1.02030182
2299 1.00923551
2300 1.01530620
2301 1.01145673
2302 1.01914166
2303 1.02030342
2304 1.01011835
2305 1.00972283
2306 1.01945655
2307 1.01589920
2308 1.00862774
2309 1.01679675
2310 1.01166147
2311 1.00957687
2312 1.01412166
2313 1.01640224
2314 1.01515505
2315 1.01396850
2316 1.01604139
2317 1.01603632
2318 1.01386008
2319 1.01428188
2320 1.01197959
2321 1.00684783
2322 1.01152297
2323 1.01006608
2324 1.01235218
2325 1.01097688
2326 1.01266971
2327 1.00693121
2328 1.01505899
2329 1.01221609
2330 1.01180000
2331 1.00957687
2332 1.01418993
2333 1.01375100
2334 1.01914129
2335 1.02243711
2336 1.01084120
2337 1.01648700
2338 1.02271285
2339 1.00711473
2340 1.01002664
2341 1.01298259
2342 1.02221568
2343 1.01010804
2344 1.01232769
2345 1.01957930
2346 1.00459141
2347 1.01056597
2348 1.01026857
2349 1.01421788
2350 1.00401531
2351 1.01087965
2352 1.01418993
2353 1.00802108
2354 1.01658209
2355 1.01244628
2356 1.01015935
2357 1.00917462
2358 1.01500568
2359 1.00726787
2360 1.01333299
2361 1.01825853
2362 1.01160530
2363 1.01499717
2364 1.01138766
2365 1.02250812
2366 1.01236541
2367 1.01794981
2368 1.02043063
2369 1.01438357
2370 1.00225461
2371 1.00951969
2372 1.01501642
2373 1.00802108
2374 1.01278870
2375 1.01532151
2376 1.01690255
2377 1.01232322
2378 1.00576967
2379 1.00983214
2380 1.01055583
2381 1.01830602
2382 1.01837932
2383 1.01375299
2384 1.01630926
2385 1.02113146
2386 1.00801217
2387 1.01229109
2388 1.01958740
2389 1.01415213
2390 1.02014367
2391 1.01701260
2392 1.02125617
2393 1.02368610
2394 1.01278870
2395 1.01407346
2396 1.00382084
2397 1.00855951
2398 0.99682873
2399 1.01592560
2400 1.00455809
2401 1.01638099
2402 1.00486428
2403 1.01096311
2404 1.00072111
2405 1.00226517
2406 1.00031824
2407 1.00417893
2408 1.00784735
2409 1.00219871
2410 1.00897867
2411 1.00721450
2412 1.00353564
2413 1.02102052
2414 1.00580395
2415 1.01407346
2416 1.02261602
2417 1.01632052
2418 1.01209767
2419 1.00970519
2420 1.02058782
2421 1.02608013
2422 1.01761242
2423 1.01225571
2424 1.01519279
2425 1.01999470
2426 1.01630420
2427 1.02107883
2428 1.01721302
2429 1.01441187
2430 1.01406115
2431 1.01495569
2432 1.01751822
2433 1.01259700
2434 1.01638160
2435 1.02299742
2436 1.02261602
2437 1.00578126
2438 1.00113965
2439 0.99906963
2440 0.99829890
2441 1.00954212
2442 1.00558271
2443 1.00502213
2444 1.00970457
2445 1.00442055
2446 1.00293439
2447 1.00821357
2448 1.00173463
2449 1.00379991
2450 1.00480956
2451 1.00948969
2452 1.01153649
2453 0.99850731
2454 1.01719723
2455 1.01175920
2456 1.00162682
2457 1.00578126
2458 1.02848852
2459 1.02417519
2460 1.02373212
2461 1.02214116
2462 1.01491895
2463 1.01976803
2464 1.03208639
2465 1.02620840
2466 1.01860701
2467 1.01305994
2468 1.02373411
2469 1.02821403
2470 1.01792453
2471 1.02325492
2472 1.02652505
2473 1.02971114
2474 1.02415456
2475 1.02118753
2476 1.02701784
2477 1.01561576
2478 1.02848852
2479 1.02383866
2480 1.02489205
2481 1.02235205
2482 1.02395834
2483 1.02420316
2484 1.00849649
2485 1.02286212
2486 1.02040080
2487 1.02550823
2488 1.01760182
2489 1.02001706
2490 1.01609905
2491 1.02805104
2492 1.01562758
2493 1.01717149
2494 1.01916473
2495 1.02140871
2496 1.02344039
2497 1.01323603
2498 1.01661780
2499 1.02383866
2500 1.01212277
2501 1.01437879
2502 1.00868185
2503 1.01045530
2504 1.00670837
2505 1.01401902
2506 1.00995136
2507 1.01322470
2508 1.01015473
2509 1.00404770
2510 1.00940086
2511 1.02021078
2512 1.01315409
2513 1.01631834
2514 1.00800723
2515 1.00972480
2516 1.00726777
2517 1.01033882
2518 1.00224345
2519 1.01453473
2520 1.01212277
2521 1.01768676
2522 1.00841069
2523 1.00942613
2524 1.01278171
2525 1.01675824
2526 1.00672505
2527 1.01710893
2528 1.01614056
2529 1.00920877
2530 1.01719785
2531 1.01923275
2532 1.01641351
2533 1.01419578
2534 1.01638948
2535 1.02037012
2536 1.01619410
2537 1.00966983
2538 1.00812628
2539 1.01338086
2540 1.01930680
2541 1.01768676
2542 1.00966323
2543 1.00488325
2544 1.01327928
2545 1.01258562
2546 1.02027788
2547 1.00521916
2548 1.01340123
2549 1.01668757
2550 1.01140236
2551 1.00916167
2552 1.01899913
2553 1.00986970
2554 1.00763201
2555 1.01292446
2556 1.00450816
2557 1.01742893
2558 1.01184937
2559 1.00027101
2560 1.00896523
2561 1.00913278
2562 1.00966323
2563 1.00561544
2564 1.00567552
2565 1.00570755
2566 0.99830746
2567 1.00311603
2568 1.00093291
2569 1.00670559
2570 0.99975775
2571 0.99502102
2572 1.00171082
2573 1.00093510
2574 1.00971148
2575 1.01123380
2576 1.00480237
2577 1.00139249
2578 1.01107424
2579 1.00682481
2580 1.00371982
2581 0.99765170
2582 1.00173080
2583 1.00561544
2584 1.02495608
2585 1.02159687
2586 1.01601300
2587 1.02795968
2588 1.02445100
2589 1.02707118
2590 1.02939556
2591 1.02413045
2592 1.03049644
2593 1.02570340
2594 1.01955721
2595 1.02134885
2596 1.02443112
2597 1.01874996
2598 1.02487720
2599 1.02602814
2600 1.02826740
2601 1.02312661
2602 1.01302978
2603 1.02121719
2604 1.02495608
2605 1.01470529
2606 1.02399623
2607 1.01728507
2608 1.01522843
2609 1.01446309
2610 1.01373567
2611 1.01570476
2612 1.01528944
2613 1.02169361
2614 1.01786757
2615 1.02257210
2616 1.02541538
2617 1.01789690
2618 1.02336661
2619 1.01917614
2620 1.01287545
2621 1.01711421
2622 1.01926018
2623 1.01962140
2624 1.02183930
2625 1.01470529
2626 1.00366554
2627 1.00499722
2628 1.00013057
2629 1.01223463
2630 1.00065671
2631 1.00288523
2632 1.00894729
2633 1.01202381
2634 1.01595198
2635 1.00400441
2636 1.00600067
2637 1.00571726
2638 0.99840402
2639 1.00675909
2640 0.99818524
2641 1.01493959
2642 0.99433507
2643 1.00256299
2644 1.00805632
2645 1.02095947
2646 1.00366554
2647 1.01066681
2648 1.01000151
2649 1.00651493
2650 1.00631961
2651 1.01250883
2652 1.01360865
2653 1.02298976
2654 1.00997388
2655 1.00081707
2656 1.00712867
2657 1.00953153
2658 1.01117519
2659 1.01172662
2660 1.01251181
2661 1.01541608
2662 1.01928602
2663 1.01193702
2664 1.01601424
2665 1.01612177
2666 1.01269699
2667 1.01066681
2668 1.02182378
2669 1.01391761
2670 1.01604626
2671 1.02571230
2672 1.01810170
2673 1.02019630
2674 1.01599919
2675 1.02442812
2676 1.01905923
2677 1.00864720
2678 1.01670546
2679 1.01428199
2680 1.01094713
2681 1.01901567
2682 1.01697148
2683 1.01409620
2684 1.01846630
2685 1.01830010
2686 1.01969870
2687 1.02017220
2688 1.02182378
2689 1.01903329
2690 1.02252638
2691 1.00498660
2692 1.01805039
2693 1.01651784
2694 1.00957812
2695 1.02336879
2696 1.01271790
2697 1.01430305
2698 1.01466592
2699 1.01472405
2700 1.01631938
2701 1.01885771
2702 1.02275982
2703 1.01136522
2704 1.01488358
2705 1.01750769
2706 1.01541533
2707 1.01327576
2708 1.02034119
2709 1.01903329
2710 1.01173464
2711 1.00983521
2712 1.00722921
2713 1.00904791
2714 1.01407184
2715 1.00845754
2716 1.01303129
2717 1.01453678
2718 0.99818570
2719 1.01062561
2720 1.01198155
2721 1.01193645
2722 1.00502526
2723 1.01269957
2724 1.02106648
2725 1.00602772
2726 1.01819840
2727 1.00987155
2728 1.00700305
2729 1.00634772
2730 1.01173464
2731 1.00758645
2732 1.01370696
2733 1.01708869
2734 1.01522494
2735 1.01287401
2736 1.01324158
2737 1.01874192
2738 1.01294011
2739 1.01291343
2740 1.01626212
2741 1.01434581
2742 1.01403821
2743 1.01746878
2744 1.01881342
2745 1.01195471
2746 1.01761470
2747 1.00447165
2748 1.01776320
2749 1.01707120
2750 1.01287701
2751 1.00758645
2752 1.01923348
2753 1.00769091
2754 1.01804073
2755 1.00763894
2756 1.01117604
2757 1.01042909
2758 1.00820336
2759 1.01912620
2760 1.01702665
2761 1.00760584
2762 1.01191636
2763 1.01840401
2764 1.01268015
2765 1.00544701
2766 1.01550223
2767 1.01495878
2768 1.00290112
2769 1.00405350
2770 1.01122584
2771 1.00941649
2772 1.01923348
2773 0.95937482
2774 0.96854478
2775 0.97974526
2776 0.97555667
2777 0.98431566
2778 1.00041900
2779 0.99586624
2780 0.99741018
2781 1.00389165
2782 0.99798917
2783 1.00207811
2784 0.99701066
2785 1.00112760
2786 1.00447232
2787 0.99800840
2788 0.98413528
2789 0.99356030
2790 0.98906968
2791 0.98260675
2792 0.96309626
2793 0.95937482
2794 1.01545904
2795 1.02595153
2796 1.00641863
2797 1.01492550
2798 1.02089605
2799 1.03193910
2800 1.02676621
2801 1.02384066
2802 1.02261477
2803 1.02425356
2804 1.02421276
2805 1.01661148
2806 1.02234106
2807 1.01938119
2808 1.02176366
2809 1.01962615
2810 1.02130990
2811 1.00708587
2812 1.01697225
2813 1.02507800
2814 1.01545904
2815 1.01950195
2816 1.01650891
2817 1.02348653
2818 1.01475637
2819 1.01032931
2820 1.01793795
2821 1.03249004
2822 1.01780954
2823 1.01598741
2824 1.01633914
2825 1.00831506
2826 1.02561992
2827 1.01537172
2828 1.02924057
2829 1.01887959
2830 1.01283983
2831 1.01877352
2832 1.02943395
2833 1.00897230
2834 1.02284984
2835 1.01950195
2836 1.02402980
2837 1.02037629
2838 1.02205561
2839 1.01001506
2840 1.01892561
2841 1.01643763
2842 1.01526116
2843 1.01660691
2844 1.00993139
2845 1.01516114
2846 1.01357694
2847 1.02327102
2848 1.02025149
2849 1.01096355
2850 1.02118658
2851 1.01705687
2852 1.01646651
2853 1.01017945
2854 1.01412368
2855 1.02226133
2856 1.02402980
2857 1.00870228
2858 1.00596334
2859 1.00943039
2860 1.01479550
2861 1.01280205
2862 1.01035125
2863 1.01685369
2864 1.01587909
2865 0.99818363
2866 1.01109615
2867 1.01811352
2868 1.00245362
2869 1.01193094
2870 1.01483688
2871 1.01131488
2872 1.01477672
2873 1.00480333
2874 1.01422537
2875 1.01601990
2876 1.01141957
2877 1.00870228
2878 1.00907836
2879 1.01088557
2880 1.01018266
2881 1.01203866
2882 1.01273279
2883 1.00903170
2884 1.01212149
2885 1.01453169
2886 1.01342064
2887 1.01023615
2888 1.01069840
2889 1.01278388
2890 1.00500524
2891 1.00430865
2892 1.01420071
2893 1.00636458
2894 1.01750659
2895 1.01569566
2896 1.01326749
2897 1.00816231
2898 1.00907836
2899 1.02170473
2900 1.01533246
2901 1.01399365
2902 1.00650158
2903 1.01272630
2904 1.01273075
2905 1.01013170
2906 1.01996621
2907 1.01795149
2908 1.01437000
2909 1.02385664
2910 1.01837985
2911 1.01725275
2912 1.01807024
2913 1.01751459
2914 1.00984045
2915 1.01096364
2916 1.00510396
2917 1.00929787
2918 1.01863304
2919 1.02170473
2920 1.00627692
2921 1.01268161
2922 1.01179460
2923 1.00304142
2924 1.00481356
2925 1.01627708
2926 1.00994541
2927 1.01282544
2928 1.01509366
2929 1.01837704
2930 1.00946042
2931 1.01702363
2932 1.00940415
2933 1.01567055
2934 1.00661347
2935 1.01246535
2936 1.01073719
2937 1.01073422
2938 1.01572577
2939 1.01439084
2940 1.00627692
2941 1.02211216
2942 1.01187288
2943 1.00678541
2944 1.02943837
2945 1.01652057
2946 1.01598992
2947 1.01392800
2948 1.01477213
2949 1.00867044
2950 1.02514437
2951 1.00913026
2952 1.01159574
2953 1.01979588
2954 1.01530503
2955 1.01223932
2956 1.01650372
2957 1.01256199
2958 1.01678536
2959 1.01791148
2960 1.01734421
2961 1.02211216
2962 1.01829168
2963 1.02283075
2964 1.01348534
2965 1.01562620
2966 1.02949695
2967 1.00978403
2968 1.01015714
2969 1.02868913
2970 1.01093414
2971 1.00713297
2972 1.01693627
2973 1.01453051
2974 1.02175692
2975 1.02121749
2976 1.01080916
2977 1.00876687
2978 1.02011469
2979 1.01087286
2980 1.00555791
2981 1.00887617
2982 1.01829168
2983 1.00762603
2984 1.00915269
2985 1.00986506
2986 1.01432128
2987 1.01536941
2988 1.01247577
2989 1.01794451
2990 1.01315073
2991 1.00661195
2992 1.01430391
2993 1.02299997
2994 1.00772625
2995 1.00740709
2996 1.00212369
2997 1.01030741
2998 1.01204082
2999 1.01299562
3000 1.01365830
3001 1.01450414
3002 1.00908519
3003 1.00762603
3004 1.01611243
3005 1.02353286
3006 1.01604584
3007 1.02523428
3008 1.01942914
3009 1.01586006
3010 1.02998412
3011 1.02216141
3012 1.02286907
3013 1.02532779
3014 1.01922536
3015 1.02216918
3016 1.01728199
3017 1.02164963
3018 1.02985157
3019 1.02033304
3020 1.01723486
3021 1.02411801
3022 1.01566387
3023 1.01987095
3024 1.01611243
