index DenDen_position
1 1.63604418
2 1.59676069
3 1.56106635
4 1.53749578
5 1.51015995
6 1.49640443
7 1.49118595
8 1.47168904
9 1.46332934
10 1.46701787
11 1.47081832
12 1.46901317
13 1.47250072
14 1.47837530
15 1.48332889
16 1.49564268
17 1.51277792
18 1.53344990
19 1.56240446
20 1.59938439
21 1.63604418
22 0.95363031
23 0.96602106
24 0.97991776
25 0.98767466
26 0.98092217
27 0.99180377
28 0.99383329
29 0.99277918
30 0.99158966
31 0.99102820
32 0.99141866
33 0.99521743
34 0.99075965
35 0.99198971
36 0.99111873
37 0.97995803
38 0.98242242
39 0.98300737
40 0.97141537
41 0.97460878
42 0.95363031
43 1.00830392
44 0.99941418
45 1.00552402
46 1.00611007
47 1.00601496
48 1.00668721
49 1.00210525
50 1.00329811
51 1.00702656
52 1.00178009
53 0.99458528
54 1.00440529
55 1.00073389
56 1.01445833
57 0.99323343
58 1.00059382
59 1.00737919
60 1.00064432
61 1.01009870
62 1.00232888
63 1.00830392
64 0.99719730
65 1.00082152
66 1.00563337
67 1.00815043
68 1.00381204
69 0.99955880
70 1.00354350
71 1.00307668
72 1.00268342
73 1.00289984
74 1.00202142
75 1.00427475
76 1.00921146
77 0.99686725
78 1.00824273
79 1.00203816
80 0.99388231
81 1.00032031
82 0.99466616
83 1.00038155
84 0.99719730
85 1.00620550
86 1.00629910
87 0.99579816
88 1.00269621
89 1.00024072
90 1.00489150
91 1.00181959
92 1.00168729
93 1.00349659
94 0.99842019
95 1.00392165
96 1.00261616
97 1.01162520
98 0.99277679
99 0.99723032
100 1.00471011
101 0.99830522
102 1.00593226
103 1.00401481
104 1.00923744
105 1.00620550
106 1.01096234
107 0.99997979
108 1.00601195
109 1.00817006
110 1.00184505
111 1.01190866
112 1.00559658
113 1.00180368
114 1.00587276
115 1.00005296
116 1.00744203
117 1.00303408
118 0.99946809
119 0.99498566
120 0.99494714
121 1.00587443
122 1.01233652
123 1.01627881
124 1.00123974
125 1.00816691
126 1.01096234
127 0.99812969
128 0.99819190
129 0.99576931
130 1.00265360
131 0.99957652
132 1.00160399
133 0.99136381
134 0.99682656
135 0.99937589
136 1.00943719
137 1.00122621
138 1.00197737
139 0.99620766
140 1.00121849
141 1.00044244
142 0.99912245
143 0.99959150
144 0.98731680
145 1.00149670
146 1.00105762
147 0.99812969
148 1.00726378
149 1.00728949
150 1.00381188
151 1.00465669
152 1.00616186
153 1.00955708
154 1.00843183
155 1.00279839
156 1.00926141
157 1.01055508
158 1.01167153
159 0.99521455
160 1.00959142
161 1.00957075
162 1.00310029
163 1.00321343
164 1.00308633
165 1.00695770
166 1.01021034
167 1.01353567
168 1.00726378
169 1.00789127
170 1.01000212
171 1.00460430
172 1.00092576
173 1.00760256
174 0.99586911
175 1.01064785
176 1.00392505
177 1.00492161
178 1.00678697
179 1.00454645
180 1.00272026
181 1.00796429
182 1.00666006
183 1.00371030
184 0.99852361
185 1.00548961
186 0.99750919
187 1.01664586
188 1.00281076
189 1.00789127
190 1.00392140
191 1.00186975
192 0.99401217
193 1.00889974
194 1.00696443
195 1.00810510
196 0.99626265
197 0.99136273
198 1.00101682
199 0.99980944
200 0.99570013
201 1.00343967
202 0.99828420
203 0.99802466
204 0.99989592
205 1.01265615
206 1.00653847
207 0.99606051
208 1.00109658
209 0.99892121
210 1.00392140
211 1.00432697
212 1.00111009
213 0.99722352
214 1.00991509
215 1.00317364
216 1.00498609
217 1.00679511
218 1.01332544
219 1.00131089
220 1.00277132
221 1.01151677
222 1.00480907
223 1.00522410
224 1.00260171
225 1.00677679
226 1.00166490
227 1.01133355
228 1.00722299
229 1.00658965
230 1.01180627
231 1.00432697
232 0.95336680
233 0.97510366
234 0.97132135
235 0.97878701
236 0.98198249
237 0.98606562
238 0.99128978
239 0.98905946
240 0.98885843
241 0.98641192
242 0.99505783
243 0.99990474
244 0.99255323
245 0.99561888
246 0.98832753
247 0.97980121
248 0.98272061
249 0.97915459
250 0.97075207
251 0.95611022
252 0.95336680
253 0.95102784
254 0.96110133
255 0.97082479
256 0.96886734
257 0.98623198
258 0.98612073
259 0.99185512
260 0.98827399
261 0.98700085
262 0.98514178
263 0.98674490
264 0.99816559
265 0.98716078
266 0.98448077
267 0.98646908
268 0.98099546
269 0.97719306
270 0.97607848
271 0.96629997
272 0.95574106
273 0.95102784
274 1.00572624
275 1.01306271
276 1.01301009
277 1.02511713
278 1.00863783
279 1.02498025
280 1.00711118
281 1.01984586
282 1.00932772
283 1.00972181
284 1.01594469
285 1.01631545
286 1.01568760
287 1.00783770
288 1.00952917
289 1.01338624
290 1.01688907
291 1.01403474
292 1.01063083
293 1.00636252
294 1.00572624
295 1.00110564
296 1.00509997
297 0.99622765
298 1.00077126
299 1.00419546
300 0.99298428
301 1.00300471
302 1.00323678
303 0.98334673
304 1.00542933
305 1.00053007
306 0.99869564
307 0.99927589
308 1.00347549
309 0.99243756
310 0.98959301
311 0.99321498
312 0.99476820
313 0.99777177
314 0.99719593
315 1.00110564
316 1.01561197
317 1.00305581
318 1.00471812
319 1.01063381
320 1.00109523
321 1.00993167
322 1.00908294
323 1.01447295
324 1.01059899
325 1.01899099
326 1.00132023
327 1.01131957
328 1.00619945
329 1.01602128
330 1.01185250
331 1.01082554
332 1.00707658
333 1.01655432
334 1.00691366
335 1.01136008
336 1.01561197
337 1.01189583
338 0.99745417
339 1.00016123
340 0.99676686
341 1.00457266
342 1.00619523
343 1.00588762
344 1.00857332
345 1.00438840
346 1.01027783
347 1.01196199
348 1.01200829
349 1.00671449
350 1.01315912
351 1.01225060
352 1.00940221
353 1.00069423
354 1.00540858
355 1.01265848
356 1.00020415
357 1.01189583
358 1.00247019
359 1.01573557
360 0.99813991
361 1.00536519
362 1.00389485
363 1.00366359
364 1.00937251
365 1.00286154
366 1.00432429
367 1.00954848
368 1.01164228
369 1.00068192
370 1.01334202
371 1.01084623
372 1.01060859
373 1.00591114
374 1.00429665
375 1.01128889
376 1.01265486
377 1.00861382
378 1.00247019
379 0.98402922
380 1.01101421
381 1.00651387
382 0.99346273
383 1.00755313
384 1.00583958
385 0.99919001
386 1.00397470
387 0.99486438
388 0.98965962
389 1.00351977
390 1.00441835
391 1.00181704
392 1.00001666
393 0.99844364
394 1.00518815
395 0.99376519
396 0.99906128
397 1.00043369
398 0.99270092
399 0.98402922
400 0.99467772
401 1.00674275
402 1.01184510
403 1.00538605
404 1.00721826
405 1.00394014
406 1.00908271
407 0.99650931
408 1.01152686
409 1.00488463
410 1.00204832
411 1.01033459
412 1.00270234
413 1.01210607
414 1.00686258
415 1.01609857
416 1.01036338
417 1.00472852
418 1.00808302
419 1.00301160
420 0.99467772
421 1.00474125
422 1.00833623
423 1.00530117
424 1.01506622
425 1.00362626
426 1.00919302
427 1.01139721
428 1.00452198
429 1.00812093
430 0.99832757
431 1.00699712
432 1.00699421
433 1.00726278
434 0.99964711
435 1.00991643
436 1.00846868
437 1.01533807
438 1.01007806
439 1.01533072
440 1.00558673
441 1.00474125
442 1.00361031
443 1.00753536
444 0.99570265
445 1.00513081
446 1.00244239
447 0.99994378
448 1.00337916
449 0.99752185
450 1.00359586
451 1.00266297
452 0.99569842
453 0.99629316
454 1.00238364
455 1.00508109
456 1.00669115
457 0.99887006
458 1.00060695
459 1.00780790
460 1.00425605
461 0.99831237
462 1.00361031
463 1.01074583
464 0.99899624
465 0.99514810
466 1.00329248
467 1.00633012
468 1.00985530
469 1.00319868
470 1.01007038
471 1.00283949
472 1.00844082
473 1.00009221
474 1.00188293
475 1.00005729
476 0.99769158
477 0.99376698
478 1.00179678
479 0.99844060
480 1.00237000
481 1.00479162
482 1.00650560
483 1.01074583
484 1.00721275
485 1.00257461
486 1.01104741
487 1.01357865
488 1.00967749
489 1.00819375
490 1.01865902
491 1.02012837
492 1.01069275
493 1.00367082
494 1.02344750
495 1.01241014
496 1.01265592
497 1.00864950
498 1.01270382
499 1.00092245
500 1.00816101
501 1.00651411
502 1.01023306
503 1.00835592
504 1.00721275
505 1.01064604
506 1.00320970
507 1.01061677
508 1.02322443
509 1.01681456
510 1.01708845
511 1.01911390
512 1.00990574
513 1.01657235
514 1.02059275
515 1.01493018
516 1.01133076
517 1.00760362
518 1.01799634
519 1.00780269
520 1.01023325
521 1.02056572
522 1.01973400
523 1.01425239
524 1.02003346
525 1.01064604
526 1.00192755
527 1.00736781
528 1.00549183
529 1.00425352
530 1.00036019
531 1.00669417
532 1.01143505
533 1.01423124
534 1.00487546
535 1.00782987
536 1.00601496
537 1.00383080
538 1.00351689
539 1.01289443
540 1.00300945
541 1.00737343
542 1.00656142
543 1.00999126
544 0.99604281
545 1.00811848
546 1.00192755
547 1.01114069
548 1.00688031
549 1.01570392
550 1.02179184
551 1.00853437
552 1.00608004
553 1.00597987
554 1.01291476
555 1.00359750
556 1.00270626
557 1.00536841
558 1.01131344
559 1.00597468
560 1.00640689
561 1.00817374
562 1.00421146
563 1.01279785
564 1.00754283
565 1.00790725
566 1.00417149
567 1.01114069
568 0.98735731
569 1.00084160
570 1.00509199
571 1.01275441
572 1.00264755
573 1.00006928
574 0.99587716
575 1.00771666
576 1.00499103
577 1.01407446
578 1.00580350
579 1.00377711
580 0.99991089
581 1.00158031
582 1.01260301
583 1.00338474
584 0.99918412
585 0.99531418
586 0.99867828
587 1.00371759
588 0.98735731
589 1.00500472
590 1.00350056
591 1.01299671
592 1.00490666
593 1.00823623
594 1.00626158
595 1.00616497
596 0.99706903
597 1.01060756
598 1.00674000
599 1.00454892
600 1.00258231
601 1.00340735
602 1.01013819
603 1.00513951
604 1.01231944
605 1.00745575
606 0.99479171
607 1.00714898
608 1.00563890
609 1.00500472
610 1.00252404
611 1.00630413
612 1.00573445
613 1.00149534
614 0.99356574
615 1.01122739
616 1.01044892
617 0.99250074
618 0.99813117
619 1.00314032
620 1.00264935
621 1.00679764
622 1.01057809
623 1.00293660
624 1.00165228
625 1.00244323
626 0.99710926
627 1.00514777
628 0.99645079
629 1.01822764
630 1.00252404
631 0.99846774
632 1.00301177
633 1.00293825
634 1.00914040
635 1.00550240
636 1.01051394
637 1.00429556
638 1.00554839
639 1.01044724
640 1.00498802
641 1.00273263
642 1.01354684
643 1.00480815
644 1.00980140
645 1.00877367
646 1.00474337
647 1.00310896
648 0.99974060
649 1.00481176
650 1.01067584
651 0.99846774
652 1.00268340
653 1.00297701
654 1.00720793
655 0.99696218
656 1.00361626
657 0.99437382
658 1.00208633
659 1.01424923
660 1.00588053
661 0.99397362
662 1.00084075
663 1.00278526
664 0.99336497
665 0.99701911
666 1.00050072
667 1.00054274
668 0.98974211
669 1.00103152
670 1.00799514
671 1.00910248
672 1.00268340
673 1.00768211
674 1.00863422
675 1.00860443
676 1.01133574
677 1.00085166
678 1.00867464
679 1.00916755
680 1.00905115
681 1.01230484
682 1.00779856
683 1.01099395
684 1.00732954
685 1.01085080
686 1.01438499
687 1.01983776
688 1.01433950
689 1.00762419
690 1.00680604
691 1.01810312
692 1.00428680
693 1.00768211
694 1.00881303
695 1.01070067
696 1.00290054
697 1.01134761
698 1.01427383
699 1.00590073
700 1.00748950
701 1.00992493
702 1.00901753
703 1.01045018
704 1.00125766
705 1.01588336
706 1.01605403
707 1.01117828
708 1.01256581
709 1.01594213
710 1.01708866
711 1.00620826
712 1.00912842
713 1.00500542
714 1.00881303
715 1.00299921
716 0.99948254
717 0.99467873
718 0.99943273
719 1.00238383
720 0.99974997
721 0.99597636
722 0.99951593
723 0.99809853
724 1.00375757
725 1.00341876
726 1.00650243
727 0.99726067
728 0.99624963
729 0.99787085
730 1.00805744
731 1.00158980
732 0.98765871
733 1.00456202
734 1.00380843
735 1.00299921
736 1.00797225
737 1.00396447
738 1.00474133
739 1.01695317
740 1.01753462
741 1.00455731
742 1.01107457
743 1.01072846
744 1.00287808
745 1.00321239
746 1.01274903
747 1.00838451
748 1.01911819
749 1.00923672
750 1.00403058
751 1.01214912
752 1.00635591
753 1.00938048
754 1.01481789
755 1.00513007
756 1.00797225
757 0.99294512
758 1.00382766
759 1.00189933
760 1.00163780
761 1.00269170
762 0.99950575
763 0.99527969
764 1.00271976
765 0.99816020
766 1.00393483
767 1.00486395
768 1.00016588
769 1.00827370
770 1.00749704
771 1.00103744
772 1.00453742
773 0.99970962
774 1.00169387
775 1.00118932
776 1.00038300
777 0.99294512
778 1.02491502
779 1.01648747
780 1.01734472
781 1.00870933
782 1.00827320
783 1.01856344
784 1.01469812
785 1.01464827
786 1.00043081
787 1.01607791
788 1.01485319
789 1.01379826
790 1.02116630
791 1.01613916
792 1.01168213
793 1.01969855
794 1.01103722
795 1.01108365
796 1.01455799
797 1.01457171
798 1.02491502
799 1.00275287
800 1.01177648
801 1.00212743
802 1.00042602
803 1.00577442
804 1.00544090
805 1.00966187
806 0.99971200
807 1.00062080
808 1.00594866
809 1.00294823
810 1.00280210
811 1.00669596
812 1.00644581
813 1.00676595
814 0.99997761
815 1.00910617
816 1.00420358
817 0.99618723
818 1.00306399
819 1.00275287
820 1.01195543
821 1.00914113
822 0.99785942
823 1.00464268
824 1.00825669
825 1.00675940
826 1.00349614
827 1.00707265
828 0.99690171
829 1.00205246
830 0.99839769
831 1.00063502
832 1.00938835
833 1.00439464
834 1.00236927
835 1.00915472
836 1.00063699
837 1.00718166
838 0.99937663
839 0.99970660
840 1.01195543
841 1.00003394
842 0.98899304
843 1.00195417
844 0.99836118
845 0.99711360
846 1.00185223
847 0.99328136
848 0.99768678
849 0.99813227
850 0.99654966
851 1.00457403
852 1.00371330
853 0.99960274
854 0.99246528
855 1.00080760
856 0.99757195
857 1.00196454
858 0.99845795
859 0.99916311
860 1.00108756
861 1.00003394
862 1.00383690
863 1.01583229
864 1.00885018
865 1.01285164
866 1.01275588
867 1.00917997
868 1.00734512
869 1.01260499
870 1.00791195
871 1.00763387
872 1.00637128
873 1.01227097
874 1.00969355
875 1.00720092
876 1.00802097
877 1.01689459
878 1.00692589
879 1.00633823
880 1.01437133
881 1.01711572
882 1.00383690
883 0.99889548
884 1.01083127
885 0.99842267
886 1.00286657
887 1.00169048
888 1.00429184
889 1.00378257
890 0.99869535
891 1.00517796
892 1.00165566
893 1.00249538
894 0.99822255
895 1.00514532
896 1.00125203
897 0.99950815
898 0.99269705
899 1.00592762
900 1.00290864
901 1.01051143
902 0.99496154
903 0.99889548
904 1.01029115
905 1.00104903
906 0.99841452
907 0.99778095
908 1.00409883
909 1.00498241
910 1.00571983
911 1.01796438
912 1.00088810
913 1.00723989
914 1.00231869
915 1.00258384
916 1.01565022
917 1.00260203
918 0.99471485
919 1.00780965
920 1.00550537
921 0.99654239
922 1.00378641
923 1.00519034
924 1.01029115
925 1.00546867
926 1.00665617
927 0.99773899
928 1.00490227
929 1.00392056
930 0.99491854
931 1.00255523
932 0.99934073
933 1.00031224
934 1.00535313
935 1.00442531
936 1.00563376
937 0.99985858
938 1.00732690
939 1.00458101
940 0.99805818
941 0.99511516
942 0.99762013
943 1.01030190
944 0.99749053
945 1.00546867
946 0.99866056
947 1.00248426
948 1.00136078
949 0.99812734
950 1.00039141
951 1.00277969
952 1.01121543
953 1.00875387
954 0.99999969
955 1.00065848
956 1.00683491
957 1.00398697
958 1.00670176
959 1.00956738
960 1.01030129
961 1.01106517
962 1.00834967
963 1.00934004
964 1.00471894
965 1.00409651
966 0.99866056
967 1.00210750
968 1.00118248
969 1.00331995
970 1.00181135
971 1.01138301
972 1.00011376
973 1.01419354
974 0.99413592
975 0.99824011
976 0.99944424
977 1.00197056
978 1.00651801
979 0.99905275
980 1.00039100
981 0.99715867
982 1.00667999
983 0.99492004
984 1.00630302
985 1.01511795
986 0.99783801
987 1.00210750
988 1.00512002
989 0.99790363
990 1.01100170
991 1.00873985
992 0.99412395
993 0.99938962
994 0.99780356
995 1.01154783
996 1.00234510
997 0.99366461
998 1.01109223
999 1.00450858
1000 0.99594747
1001 1.00089006
1002 1.00666553
1003 1.00094974
1004 0.99348770
1005 0.99806162
1006 1.00026301
1007 0.99580740
1008 1.00512002
1009 1.00644533
1010 1.01096724
1011 1.00781600
1012 1.01336092
1013 1.00023911
1014 0.99922365
1015 1.00889591
1016 1.00593229
1017 1.00983036
1018 1.00822309
1019 1.00560858
1020 1.01040202
1021 1.01023198
1022 1.01115584
1023 0.99961710
1024 1.00434496
1025 1.00408258
1026 1.00900420
1027 1.00938926
1028 1.00813334
1029 1.00644533
1030 1.01202160
1031 1.00747609
1032 1.01189318
1033 0.99988802
1034 1.00862601
1035 1.01078096
1036 1.00721890
1037 1.01118012
1038 1.00869335
1039 1.00634648
1040 1.01004066
1041 1.00488981
1042 1.00277701
1043 1.00397965
1044 1.01876253
1045 1.00782295
1046 1.00819490
1047 1.00150890
1048 1.00944280
1049 1.00794651
1050 1.01202160
1051 1.00868485
1052 1.01040565
1053 1.00872160
1054 1.01228120
1055 1.00803965
1056 1.01358122
1057 1.00906441
1058 1.01213820
1059 1.00929827
1060 1.00228901
1061 1.00803286
1062 1.01512385
1063 1.00416364
1064 1.00403929
1065 1.01035991
1066 1.00921573
1067 1.00368318
1068 1.00191407
1069 1.01451836
1070 1.01041509
1071 1.00868485
1072 0.99620586
1073 0.99457568
1074 0.99242500
1075 0.99656428
1076 0.99936264
1077 1.01001891
1078 0.99740450
1079 1.00434846
1080 1.00589481
1081 1.00471994
1082 0.99794273
1083 0.99589760
1084 0.99714288
1085 0.99003639
1086 1.00669667
1087 0.99481456
1088 1.00051980
1089 1.00342758
1090 0.99353953
1091 0.99617141
1092 0.99620586
1093 1.00853095
1094 1.00038645
1095 1.00843377
1096 0.99653893
1097 1.00688806
1098 0.99925012
1099 1.01334518
1100 1.01866336
1101 1.00062676
1102 1.01340576
1103 1.01414206
1104 1.00271855
1105 1.00171265
1106 1.00673078
1107 1.00753477
1108 1.01236243
1109 1.01085772
1110 0.99825370
1111 1.00655078
1112 1.00582514
1113 1.00853095
1114 1.00855726
1115 1.00285548
1116 0.99939485
1117 1.01007644
1118 1.00749912
1119 1.00049000
1120 1.00872624
1121 1.00543277
1122 1.00854698
1123 1.00056425
1124 1.00010402
1125 0.99930763
1126 1.00543603
1127 1.00878999
1128 1.00242227
1129 1.00241401
1130 1.00210635
1131 0.99880450
1132 1.00612147
1133 1.00075410
1134 1.00855726
1135 0.99778527
1136 0.99845855
1137 1.01241024
1138 0.99521719
1139 0.99929735
1140 1.00405888
1141 1.00217917
1142 1.00367372
1143 1.00306316
1144 1.00828963
1145 1.00243949
1146 1.01658269
1147 1.00298299
1148 0.99993217
1149 1.00696487
1150 1.00960866
1151 1.00259731
1152 1.00350590
1153 1.00610432
1154 1.01115578
1155 0.99778527
1156 0.99598485
1157 0.98959447
1158 0.99040568
1159 0.99845145
1160 0.99783621
1161 0.99679209
1162 0.99934990
1163 0.99818010
1164 1.00051979
1165 1.00031619
1166 0.99822916
1167 1.00352752
1168 1.00370683
1169 0.99063237
1170 0.99661322
1171 1.00461660
1172 0.99212669
1173 1.00227096
1174 1.01226106
1175 0.99897883
1176 0.99598485
1177 1.00735537
1178 1.00725730
1179 1.00112206
1180 0.99967555
1181 1.00252052
1182 1.00077637
1183 1.00144912
1184 0.99118166
1185 0.99422937
1186 1.01143161
1187 1.00407087
1188 1.00390878
1189 0.99887866
1190 1.00299428
1191 1.00217841
1192 1.00414146
1193 1.00078256
1194 1.00046377
1195 1.00048982
1196 1.01226049
1197 1.00735537
1198 1.00475308
1199 1.00464664
1200 0.99720068
1201 1.00514646
1202 1.00529495
1203 1.00415612
1204 1.01268937
1205 1.00198048
1206 1.00147220
1207 1.00790206
1208 1.00921060
1209 1.00628811
1210 1.00394050
1211 1.00760131
1212 1.00108901
1213 1.00989326
1214 1.00006930
1215 1.00617001
1216 1.00876884
1217 0.99808690
1218 1.00475308
1219 1.00844822
1220 1.00749167
1221 1.01154061
1222 1.01050641
1223 1.00259699
1224 1.00610270
1225 1.01588369
1226 1.00971733
1227 1.01454452
1228 1.00462724
1229 1.01226153
1230 1.00626021
1231 1.00879895
1232 1.01126886
1233 1.01183044
1234 1.01321780
1235 1.00848432
1236 1.00117919
1237 1.00543786
1238 1.01333278
1239 1.00844822
1240 1.00155021
1241 1.00831416
1242 1.00073783
1243 1.00007201
1244 1.00256054
1245 0.99495447
1246 0.99734546
1247 1.00343471
1248 0.99924424
1249 0.99574453
1250 1.00218255
1251 0.99645536
1252 0.99654966
1253 1.00217886
1254 1.00082011
1255 1.00313331
1256 1.00521226
1257 0.99163239
1258 1.00599013
1259 0.99174902
1260 1.00155021
1261 1.00596184
1262 0.99529861
1263 1.00536817
1264 0.99846435
1265 0.99913664
1266 1.00911103
1267 1.00475364
1268 0.99816909
1269 1.00457630
1270 0.99831371
1271 0.99435582
1272 0.99993510
1273 1.00089958
1274 1.00152660
1275 0.99737632
1276 1.00735748
1277 1.00765586
1278 1.00758418
1279 0.99696172
1280 1.01046542
1281 1.00596184
1282 1.01709542
1283 1.00853359
1284 1.01039268
1285 1.00187928
1286 1.00710273
1287 1.01330535
1288 1.01051144
1289 1.00851538
1290 1.01274942
1291 1.00926160
1292 1.00312523
1293 1.00408652
1294 1.01635410
1295 1.00700866
1296 1.00693514
1297 1.00567202
1298 1.00190603
1299 1.01566409
1300 1.00237152
1301 1.00966890
1302 1.01709542
1303 1.00368273
1304 1.00933254
1305 1.00585662
1306 1.00936363
1307 1.00145466
1308 0.99941956
1309 1.00177685
1310 1.00019731
1311 1.00395258
1312 1.00468828
1313 1.00823072
1314 1.01294917
1315 1.00786974
1316 1.00366263
1317 1.00483384
1318 1.01189550
1319 1.00328447
1320 1.00080057
1321 1.00445898
1322 1.00841354
1323 1.00368273
1324 0.99165339
1325 1.00207010
1326 0.99905693
1327 1.00637984
1328 0.99673249
1329 1.00620595
1330 0.99424882
1331 0.99940444
1332 0.99748055
1333 1.00219706
1334 1.00678174
1335 0.99550270
1336 1.00381822
1337 1.00348939
1338 0.99856792
1339 1.00170531
1340 1.01013224
1341 1.00269031
1342 1.00217231
1343 1.00137791
1344 0.99165339
1345 1.00599776
1346 0.99832397
1347 1.00282860
1348 0.99687523
1349 0.99755877
1350 1.00187982
1351 0.99618941
1352 1.00216518
1353 1.00708810
1354 0.99401451
1355 0.99572647
1356 1.00214712
1357 1.00074573
1358 1.00127490
1359 1.00040289
1360 0.99757290
1361 1.00296869
1362 1.00229540
1363 0.99870436
1364 0.99829829
1365 1.00599776
1366 1.01582297
1367 1.01532466
1368 1.01653547
1369 1.00508145
1370 1.01396323
1371 1.00786075
1372 1.01896707
1373 1.00999996
1374 1.01787709
1375 1.01468957
1376 1.01352607
1377 1.00655792
1378 1.00225229
1379 1.00263893
1380 1.01147935
1381 1.01602541
1382 1.01791425
1383 1.00985050
1384 1.00741775
1385 1.00202510
1386 1.01582297
1387 0.99595050
1388 1.00024615
1389 0.99602492
1390 0.99785910
1391 0.99745965
1392 1.00254038
1393 0.99632373
1394 1.00685377
1395 0.99637803
1396 0.99159684
1397 1.00620717
1398 0.99600316
1399 1.00338907
1400 1.00280457
1401 0.99505903
1402 1.00475544
1403 1.00602956
1404 1.00218840
1405 1.00339797
1406 0.99898258
1407 0.99595050
1408 1.00938773
1409 1.01298900
1410 1.02143115
1411 1.01108845
1412 1.00755780
1413 1.00736298
1414 1.01670215
1415 1.00840650
1416 1.01421906
1417 1.01470636
1418 1.01031106
1419 1.01090863
1420 1.01994828
1421 1.01460761
1422 1.01393018
1423 1.00784498
1424 1.01848313
1425 1.01032691
1426 1.01205254
1427 1.01905708
1428 1.00938773
1429 0.98649195
1430 0.98226780
1431 0.98286860
1432 0.99875707
1433 0.99474001
1434 0.98338667
1435 0.99206955
1436 0.99048016
1437 0.99860570
1438 0.99111292
1439 0.99448945
1440 0.99134304
1441 0.99408950
1442 0.99739803
1443 0.98728038
1444 0.98912025
1445 0.99743427
1446 0.97983166
1447 0.99148690
1448 0.98886211
1449 0.98649195
1450 1.01699491
1451 1.00512165
1452 1.01252528
1453 1.00226410
1454 1.00450105
1455 1.00705156
1456 1.01203505
1457 0.99546096
1458 1.01139434
1459 1.00290818
1460 1.00472265
1461 1.00315527
1462 1.00771374
1463 1.01222994
1464 1.00471127
1465 1.00158380
1466 1.01201741
1467 1.01010251
1468 1.00880790
1469 1.00724932
1470 1.01699491
1471 1.00258179
1472 1.00684761
1473 0.99624724
1474 1.00069784
1475 1.00378502
1476 1.00351416
1477 0.99981555
1478 0.99264809
1479 1.00093990
1480 0.99010511
1481 1.00203823
1482 0.99080431
1483 1.00470131
1484 1.00241688
1485 0.99432039
1486 0.99646489
1487 0.99454453
1488 1.00712293
1489 0.99820056
1490 0.99380697
1491 1.00258179
1492 1.00388690
1493 1.01783368
1494 1.01056822
1495 1.01174183
1496 1.00433334
1497 1.00311171
1498 0.99836732
1499 1.01143474
1500 0.99932575
1501 1.00626858
1502 0.99863128
1503 1.02066518
1504 1.00710089
1505 1.00172454
1506 1.00082088
1507 1.01025477
1508 1.00025520
1509 1.00002546
1510 1.01161650
1511 1.01226391
1512 1.00388690
1513 1.00917952
1514 0.99602529
1515 1.00428675
1516 1.00872630
1517 1.00607382
1518 0.99847716
1519 1.00179081
1520 0.99871870
1521 1.00536050
1522 1.00548632
1523 1.01216972
1524 1.00711852
1525 0.99859197
1526 1.00458465
1527 1.01182875
1528 1.01026684
1529 1.00241202
1530 1.00059188
1531 1.00869211
1532 1.00646339
1533 1.00917952
1534 0.99092966
1535 0.99944807
1536 1.00094934
1537 0.99370537
1538 0.99836788
1539 0.99065077
1540 1.00494781
1541 0.99364439
1542 1.00581181
1543 0.99396885
1544 0.99510234
1545 1.00869820
1546 0.99094814
1547 0.99403981
1548 0.99665879
1549 0.99675494
1550 1.00152240
1551 0.99655165
1552 1.00292752
1553 1.00426102
1554 0.99092966
1555 1.00711170
1556 1.00391628
1557 1.00699171
1558 1.01050105
1559 1.00401532
1560 0.99756876
1561 1.00311538
1562 1.00362352
1563 1.00533191
1564 1.01083416
1565 0.99759313
1566 1.01011717
1567 1.00876145
1568 1.00742870
1569 1.01288080
1570 1.01825309
1571 1.00308031
1572 1.00249059
1573 0.99947099
1574 1.00903793
1575 1.00711170
1576 1.01008926
1577 1.01140860
1578 1.02624720
1579 1.01297787
1580 1.01547076
1581 1.00512092
1582 1.01244519
1583 1.02013311
1584 0.99829958
1585 1.00558267
1586 1.01270847
1587 1.01189429
1588 1.01313312
1589 1.01502997
1590 1.01068306
1591 1.01150941
1592 1.01148969
1593 1.01606413
1594 1.01467720
1595 1.01135964
1596 1.01008926
1597 1.01146209
1598 1.01528412
1599 1.00796285
1600 1.01422838
1601 1.01738586
1602 1.01838585
1603 1.00910243
1604 1.01741738
1605 1.00627227
1606 1.01742250
1607 1.00849127
1608 1.01552113
1609 1.01845058
1610 1.01490969
1611 1.01123464
1612 1.01364222
1613 1.01142745
1614 1.01439691
1615 1.00521818
1616 1.00874025
1617 1.01146209
1618 0.99534998
1619 0.99681607
1620 0.99642224
1621 0.98789096
1622 0.98845906
1623 0.98607828
1624 1.00860789
1625 0.99871251
1626 1.00299584
1627 0.99942399
1628 0.99369345
1629 0.99074924
1630 1.00719237
1631 0.98959860
1632 0.99244254
1633 0.99377766
1634 0.99487136
1635 0.99902709
1636 0.99954682
1637 0.99411334
1638 0.99534998
1639 1.01437033
1640 0.99863800
1641 1.00346502
1642 1.01879684
1643 1.01151484
1644 1.00721819
1645 1.01175457
1646 1.00226577
1647 1.01296219
1648 1.00355641
1649 1.00954944
1650 1.00966832
1651 1.01224509
1652 1.00978950
1653 1.00961538
1654 1.01132002
1655 1.01926594
1656 1.01635634
1657 1.01732810
1658 1.01759717
1659 1.01437033
1660 0.99841845
1661 0.99647194
1662 0.98997887
1663 0.99355830
1664 0.99154737
1665 0.99312095
1666 0.99122047
1667 0.99925404
1668 0.99313208
1669 0.99528585
1670 0.99316570
1671 0.99494281
1672 0.99444537
1673 0.99590043
1674 0.99343950
1675 0.98751237
1676 0.98480169
1677 0.98821500
1678 1.00028775
1679 0.99490706
1680 0.99841845
1681 1.00185408
1682 1.01386704
1683 1.01088566
1684 1.00688281
1685 1.00950038
1686 1.01540292
1687 1.01644415
1688 1.00964975
1689 1.01163743
1690 1.01130983
1691 1.01186915
1692 1.01627462
1693 1.01749580
1694 1.01255772
1695 1.00477723
1696 1.01095213
1697 1.00860585
1698 1.01968574
1699 1.01055476
1700 1.01506186
1701 1.00185408
1702 1.01123475
1703 1.00788879
1704 1.01724344
1705 1.01866764
1706 1.01222834
1707 1.01932787
1708 1.01215813
1709 1.01417991
1710 1.02177315
1711 1.00259019
1712 1.00886717
1713 1.00892621
1714 1.00335867
1715 1.01112252
1716 1.00505750
1717 1.01782877
1718 1.01145523
1719 1.00883572
1720 1.00892845
1721 1.01012745
1722 1.01123475
1723 0.99850424
1724 1.00697781
1725 1.01045545
1726 1.00955647
1727 0.99830942
1728 1.00892205
1729 1.00690936
1730 0.99980474
1731 1.01029745
1732 1.00367110
1733 1.00367165
1734 0.99151984
1735 1.00388993
1736 1.00665606
1737 1.00396222
1738 1.00647262
1739 1.00704957
1740 1.00515923
1741 0.99536317
1742 0.99801040
1743 0.99850424
1744 1.00670826
1745 1.00286564
1746 1.00158030
1747 1.00618906
1748 0.99803005
1749 1.00097198
1750 0.99786510
1751 0.99941655
1752 0.99679290
1753 1.00380265
1754 0.99403236
1755 1.00033767
1756 1.00060523
1757 1.00772168
1758 1.00770994
1759 1.00504540
1760 1.01031938
1761 1.00527274
1762 1.00311090
1763 1.00877653
1764 1.00670826
1765 0.99287807
1766 1.00645301
1767 1.00733786
1768 0.99444820
1769 1.00364859
1770 1.00801551
1771 0.99939175
1772 1.00930414
1773 0.99440517
1774 1.00773040
1775 1.00154827
1776 1.00256274
1777 0.99226924
1778 1.00507696
1779 1.00404498
1780 0.99411543
1781 1.00503009
1782 1.00068135
1783 1.00743975
1784 1.00329113
1785 0.99287807
1786 1.01100699
1787 1.01016591
1788 1.00940541
1789 1.00511880
1790 1.01121348
1791 1.01393496
1792 1.00247239
1793 1.00823623
1794 1.00964347
1795 0.99956969
1796 1.01469428
1797 1.00114949
1798 1.00575158
1799 1.00630681
1800 1.00359411
1801 1.00416761
1802 1.00500191
1803 1.00504188
1804 1.00862677
1805 1.00305597
1806 1.01100699
1807 1.00029178
1808 1.00190392
1809 0.99707084
1810 0.99428872
1811 0.99513401
1812 1.00512801
1813 0.99328967
1814 1.01252168
1815 0.99594861
1816 1.00576330
1817 1.00261563
1818 0.99774492
1819 1.00167565
1820 1.00235580
1821 0.99499383
1822 1.00143586
1823 1.00258209
1824 1.00044144
1825 1.00288038
1826 0.98992476
1827 1.00029178
1828 1.01182744
1829 1.00418974
1830 1.00654289
1831 1.00832479
1832 1.01066766
1833 1.00303090
1834 1.01223199
1835 1.00170869
1836 1.01255426
1837 1.00517636
1838 1.00480654
1839 1.00921115
1840 1.00524907
1841 1.00976679
1842 1.00232841
1843 1.00536945
1844 1.00925761
1845 1.01146830
1846 1.00396572
1847 1.01005983
1848 1.01182744
1849 1.00253805
1850 0.99015021
1851 0.99144142
1852 1.00032531
1853 0.99199166
1854 0.99606326
1855 0.99875242
1856 1.00243701
1857 0.99441244
1858 1.00723364
1859 0.99130757
1860 0.99696284
1861 0.99693542
1862 0.97542448
1863 0.99267878
1864 0.99693443
1865 0.99390511
1866 0.99931191
1867 0.98407030
1868 0.98796689
1869 1.00253805
1870 1.01041691
1871 1.01865682
1872 1.00826454
1873 1.00900432
1874 1.01648435
1875 1.01698475
1876 1.01211971
1877 1.01601302
1878 1.01737282
1879 1.01647533
1880 1.01696100
1881 1.01679008
1882 1.01058221
1883 1.01379605
1884 1.01058521
1885 1.01470095
1886 1.01188531
1887 1.01293409
1888 1.01293694
1889 1.01417699
1890 1.01041691
1891 0.99923739
1892 1.00388181
1893 1.00344160
1894 1.00739710
1895 1.00020722
1896 1.00286598
1897 0.99753590
1898 1.00557173
1899 1.00449705
1900 0.99521324
1901 0.99937526
1902 0.99720520
1903 0.99857458
1904 1.00170968
1905 1.00428499
1906 1.00489072
1907 1.00651304
1908 0.99853248
1909 1.00030072
1910 0.99915161
1911 0.99923739
1912 1.00506659
1913 1.00218665
1914 1.00753030
1915 1.01326069
1916 1.01431472
1917 1.00937602
1918 1.00731998
1919 1.01691837
1920 1.01551447
1921 1.00723775
1922 1.01245358
1923 1.00886228
1924 1.00947947
1925 1.01123130
1926 1.01460933
1927 1.00812120
1928 1.00969269
1929 1.01312336
1930 1.01017104
1931 1.01624944
1932 1.00506659
1933 1.00089455
1934 1.00566992
1935 0.99377831
1936 1.00153218
1937 0.99887548
1938 0.99536507
1939 0.99271331
1940 1.00717639
1941 1.00519847
1942 1.01253234
1943 0.99590421
1944 1.00210934
1945 0.99558438
1946 1.00836638
1947 0.99803707
1948 1.00252696
1949 1.00062274
1950 1.00295253
1951 0.99801990
1952 0.99929834
1953 1.00089455
1954 1.00118683
1955 1.00294108
1956 1.00099528
1957 1.00703863
1958 0.99796150
1959 1.00576347
1960 1.00074587
1961 1.00516663
1962 1.00380344
1963 1.00531290
1964 1.00680152
1965 0.99522716
1966 1.00319096
1967 1.00903780
1968 1.00543864
1969 1.00404448
1970 1.00482783
1971 0.99423286
1972 1.00373046
1973 1.00256147
1974 1.00118683
1975 0.99825409
1976 1.00731635
1977 1.00503759
1978 1.00209082
1979 1.00724078
1980 1.00313829
1981 1.00296458
1982 1.00210166
1983 1.00721273
1984 1.00606325
1985 1.01185092
1986 1.00479179
1987 1.00699309
1988 1.00215752
1989 1.01152529
1990 1.00500751
1991 1.00216469
1992 0.99716728
1993 1.00571512
1994 1.00953951
1995 0.99825409
1996 1.00538585
1997 1.00681777
1998 1.01083410
1999 1.00843253
2000 1.01193434
2001 1.01221018
2002 1.01761836
2003 1.01424566
2004 1.00699944
2005 0.99765247
2006 1.01005158
2007 1.00831959
2008 1.01738089
2009 1.01018030
2010 1.00339797
2011 0.99615489
2012 1.01300287
2013 1.00952019
2014 1.01564731
2015 0.99883654
2016 1.00538585
2017 1.00452259
2018 1.01471577
2019 1.00763587
2020 1.01010380
2021 1.00288523
2022 1.00973245
2023 1.01140280
2024 0.99996922
2025 1.00783644
2026 1.00632437
2027 0.99794252
2028 1.00125897
2029 1.00911812
2030 1.00365417
2031 1.00235960
2032 1.01004053
2033 1.01258618
2034 1.01726565
2035 1.00925547
2036 1.00690539
2037 1.00452259
2038 0.99834965
2039 1.00397750
2040 1.00002678
2041 1.00827562
2042 1.00327939
2043 0.99994708
2044 0.99811461
2045 0.99319832
2046 1.00056738
2047 0.99814608
2048 0.99679689
2049 1.00319798
2050 1.00315232
2051 0.99743262
2052 0.99710606
2053 1.00261882
2054 0.99749012
2055 1.00162866
2056 1.00519745
2057 0.99977822
2058 0.99834965
2059 1.00675219
2060 1.01351545
2061 1.00426602
2062 1.01618848
2063 0.99946067
2064 1.00334204
2065 1.01060300
2066 1.01028476
2067 1.01784805
2068 1.01360232
2069 1.01530275
2070 1.00440680
2071 1.00794482
2072 1.01177787
2073 0.99997541
2074 1.01764103
2075 1.01415419
2076 1.00794839
2077 1.01732741
2078 1.01121013
2079 1.00675219
2080 1.00220446
2081 1.00022514
2082 0.99968302
2083 1.00343160
2084 0.99906225
2085 1.01218749
2086 1.00005083
2087 1.00976706
2088 1.00622678
2089 1.01235783
2090 1.01124736
2091 1.00751082
2092 1.00152258
2093 1.00590442
2094 1.00044237
2095 1.01167688
2096 0.99735234
2097 1.00779943
2098 1.00662310
2099 1.00757875
2100 1.00220446
2101 1.00335972
2102 1.00122962
2103 1.00274885
2104 0.99885361
2105 1.00268187
2106 1.00375888
2107 1.00060546
2108 1.01174763
2109 1.00020070
2110 1.00692119
2111 1.00525838
2112 1.00291559
2113 0.99353166
2114 1.00399279
2115 1.00075004
2116 1.00272505
2117 1.00364801
2118 0.99500516
2119 0.99734307
2120 1.00095038
2121 1.00335972
2122 0.98904208
2123 0.99829915
2124 0.99881906
2125 1.00539863
2126 1.00015850
2127 1.00891080
2128 0.99615439
2129 0.99958270
2130 0.99912604
2131 0.99362851
2132 0.99404472
2133 0.99988455
2134 1.00436189
2135 1.00032776
2136 0.99506789
2137 0.99730623
2138 0.99404175
2139 0.99050594
2140 0.99284523
2141 0.99217583
2142 0.98904208
2143 1.00714724
2144 1.01014687
2145 0.99714964
2146 1.00721005
2147 0.99624223
2148 1.00529123
2149 1.00940863
2150 1.00119184
2151 1.00861914
2152 0.99462047
2153 0.99643267
2154 1.01049025
2155 0.99850392
2156 1.01047363
2157 0.99899965
2158 1.00824656
2159 1.00868151
2160 1.00293421
2161 1.00791709
2162 1.00633593
2163 1.00714724
2164 1.01107719
2165 1.00090720
2166 0.99979507
2167 1.00469343
2168 1.00637256
2169 1.00315298
2170 0.99868519
2171 1.01022439
2172 1.00426721
2173 1.00671216
2174 1.01088331
2175 1.00662387
2176 0.99962821
2177 1.00934491
2178 1.00186877
2179 1.00255466
2180 1.00450901
2181 0.99783139
2182 1.00990893
2183 1.00371655
2184 1.01107719
2185 1.00121732
2186 1.00468508
2187 1.00811487
2188 1.00577328
2189 1.00719991
2190 1.01116942
2191 1.00724164
2192 1.01418085
2193 0.99378695
2194 1.01133103
2195 1.00336036
2196 1.00540568
2197 1.00555626
2198 1.00773092
2199 1.00468864
2200 0.99973574
2201 1.01127734
2202 1.01195093
2203 1.00063524
2204 1.00588873
2205 1.00121732
2206 1.00378844
2207 0.99258998
2208 1.00144636
2209 0.99716831
2210 0.99654709
2211 1.00187399
2212 0.99879093
2213 1.00233329
2214 0.99794936
2215 0.99803268
2216 1.00281139
2217 1.00259565
2218 0.99697490
2219 1.00032694
2220 1.00472123
2221 0.99930748
2222 1.00582381
2223 0.99382184
2224 1.00448847
2225 1.00174789
2226 1.00378844
2227 1.01281538
2228 1.00420922
2229 1.00502529
2230 0.99696213
2231 1.01034940
2232 1.01718835
2233 0.99798161
2234 1.00385077
2235 1.01346586
2236 1.01143608
2237 1.00307368
2238 1.00250017
2239 1.00513479
2240 1.01617245
2241 1.00392243
2242 1.00112847
2243 1.00914465
2244 1.00100717
2245 1.00725129
2246 1.00670365
2247 1.01281538
2248 1.00771207
2249 1.00036354
2250 1.00357970
2251 1.00944098
2252 1.00806842
2253 1.00250817
2254 1.01542232
2255 1.00693509
2256 1.01337886
2257 1.01043362
2258 1.00122634
2259 1.00783862
2260 1.00973095
2261 1.00929640
2262 1.00944498
2263 1.01575467
2264 1.00093121
2265 1.00482521
2266 1.00510704
2267 1.01308482
2268 1.00771207
2269 1.00397055
2270 0.99302615
2271 0.99818816
2272 0.99002508
2273 1.00407334
2274 0.99411325
2275 1.00351412
2276 0.99500885
2277 0.99564999
2278 0.99953614
2279 0.99711385
2280 0.99418870
2281 0.99691694
2282 0.99911917
2283 0.99743219
2284 0.99460085
2285 1.00383435
2286 0.99869805
2287 1.00041235
2288 0.99656284
2289 1.00397055
2290 0.99192365
2291 1.00340229
2292 1.00380001
2293 1.00356067
2294 1.00090942
2295 1.00162630
2296 0.99261552
2297 0.99845246
2298 0.99949186
2299 1.00355653
2300 1.00469588
2301 1.00388546
2302 1.00950911
2303 1.00317814
2304 0.99300745
2305 1.01032130
2306 1.00410285
2307 0.99470894
2308 1.00437736
2309 1.00330609
2310 0.99192365
2311 1.00641587
2312 0.99156087
2313 1.00884748
2314 0.99678564
2315 1.01258804
2316 1.01598554
2317 1.00841789
2318 1.00269776
2319 1.00053994
2320 1.00570187
2321 1.00753348
2322 0.99548549
2323 1.00242212
2324 1.00846420
2325 1.00649377
2326 1.00140837
2327 0.99999843
2328 1.00319482
2329 1.01205686
2330 0.99714365
2331 1.00641587
2332 1.00449480
2333 0.99679926
2334 1.00476286
2335 0.99769567
2336 1.01423930
2337 1.00877440
2338 1.00156587
2339 1.00436744
2340 0.99859306
2341 1.01212450
2342 1.00398322
2343 1.00272735
2344 0.99225321
2345 1.00296093
2346 1.00257608
2347 0.99946407
2348 0.99366476
2349 1.01556570
2350 0.99790038
2351 1.00168231
2352 1.00449480
2353 1.00109812
2354 0.99688845
2355 0.99464338
2356 1.00559831
2357 0.99597196
2358 1.00431149
2359 0.99405997
2360 1.00587485
2361 0.99914040
2362 1.01456295
2363 1.00719672
2364 0.99722428
2365 1.00391265
2366 1.00598823
2367 0.99288159
2368 0.99279609
2369 1.00661558
2370 1.00261001
2371 1.00922879
2372 1.00093732
2373 1.00109812
2374 1.00682853
2375 1.00409080
2376 1.00705445
2377 1.01552794
2378 1.00950854
2379 1.01030269
2380 1.00757458
2381 1.00533598
2382 1.00515201
2383 1.00547308
2384 1.01245609
2385 1.00772227
2386 1.00851814
2387 1.00638374
2388 1.00019092
2389 0.99879673
2390 1.00859223
2391 0.99566552
2392 1.00133429
2393 1.00439527
2394 1.00682853
2395 1.00248287
2396 0.99764243
2397 1.00073860
2398 0.99783089
2399 1.00084554
2400 0.99830210
2401 1.00110492
2402 1.00357996
2403 0.99692180
2404 0.99749626
2405 1.00177580
2406 0.99971123
2407 1.00655276
2408 0.99382676
2409 0.99889913
2410 0.99706673
2411 1.00072670
2412 0.99969217
2413 1.00397862
2414 1.00248699
2415 1.00248287
2416 1.00526657
2417 1.00814395
2418 1.01372801
2419 1.01409267
2420 1.00544386
2421 1.00452690
2422 1.00568126
2423 1.01134952
2424 1.01255302
2425 1.01554979
2426 1.00719654
2427 1.00288499
2428 1.00300293
2429 1.01474462
2430 1.00501213
2431 1.00547986
2432 0.99907489
2433 1.01311573
2434 1.01011408
2435 1.01671536
2436 1.00526657
2437 0.99632530
2438 0.99582752
2439 0.99484230
2440 0.98893883
2441 1.00219955
2442 1.00025108
2443 0.99993193
2444 0.99637265
2445 1.00711616
2446 0.99330095
2447 0.99632761
2448 0.99877051
2449 0.99619759
2450 0.99443756
2451 0.99876105
2452 1.00159644
2453 0.99661645
2454 1.00288857
2455 0.99738113
2456 0.99440660
2457 0.99632530
2458 1.00492069
2459 1.00465823
2460 1.00464174
2461 1.00752496
2462 1.00492774
2463 1.00792965
2464 1.00405736
2465 0.99816943
2466 1.01064677
2467 0.99962674
2468 1.01300796
2469 1.00811892
2470 0.99759612
2471 0.99874014
2472 0.99959730
2473 1.00509518
2474 1.00266814
2475 0.99997204
2476 1.00828014
2477 1.00140135
2478 1.00492069
2479 0.99853442
2480 1.00970742
2481 0.99697963
2482 1.00149350
2483 1.00169239
2484 1.00075981
2485 1.00250092
2486 0.99837268
2487 1.00503181
2488 1.00105652
2489 1.00344757
2490 0.99899451
2491 1.00562416
2492 1.00125917
2493 1.00117130
2494 0.99833705
2495 1.00115308
2496 0.98929518
2497 1.00681772
2498 1.00413715
2499 0.99853442
2500 1.02014899
2501 1.01461648
2502 1.02014653
2503 1.02054315
2504 1.01203442
2505 1.01840554
2506 1.01416287
2507 1.01914932
2508 1.01520797
2509 1.01087146
2510 1.01768062
2511 1.01308557
2512 1.02251265
2513 1.01396206
2514 1.01564610
2515 1.01678395
2516 1.02251593
2517 1.01647947
2518 1.01785885
2519 1.01951120
2520 1.02014899
2521 1.01299017
2522 1.01971323
2523 1.00977475
2524 1.01091885
2525 1.00607463
2526 1.01848778
2527 1.01086796
2528 1.00753155
2529 1.01752317
2530 1.01649610
2531 1.00852377
2532 1.01037304
2533 1.02144501
2534 1.01806964
2535 1.00597820
2536 1.01056776
2537 1.01685981
2538 1.01553067
2539 1.01546171
2540 1.01810542
2541 1.01299017
2542 1.01694887
2543 1.01042355
2544 1.00484401
2545 1.01375946
2546 1.02075995
2547 1.01114486
2548 1.00781950
2549 1.00833076
2550 1.01735428
2551 1.00774878
2552 1.01342565
2553 1.01869818
2554 1.01164812
2555 1.00602751
2556 1.01303202
2557 1.01307746
2558 1.00819401
2559 1.00416120
2560 1.01476310
2561 1.00402359
2562 1.01694887
2563 0.99781551
2564 0.99301477
2565 0.99979820
2566 1.00394393
2567 0.99351858
2568 1.00176425
2569 0.99371435
2570 1.00044023
2571 1.00969241
2572 1.00043431
2573 1.00229679
2574 1.00403979
2575 0.99948399
2576 0.99866971
2577 1.00373183
2578 1.00251856
2579 1.00664278
2580 1.00089625
2581 1.00502450
2582 0.99608095
2583 0.99781551
2584 1.00733727
2585 1.00908221
2586 1.01557380
2587 1.01803154
2588 1.01112913
2589 1.01283639
2590 1.00833150
2591 1.01109450
2592 1.01165103
2593 1.00389172
2594 1.00405547
2595 1.00258189
2596 1.01329682
2597 1.00592050
2598 1.00221908
2599 1.00322182
2600 1.00995601
2601 1.01147610
2602 1.00637021
2603 1.01547216
2604 1.00733727
2605 1.00287092
2606 1.00938500
2607 1.00800970
2608 1.01397320
2609 1.00826753
2610 1.01043935
2611 1.01051150
2612 1.02113604
2613 1.00248006
2614 1.00868618
2615 1.00428143
2616 1.00482740
2617 1.02120563
2618 1.00935764
2619 1.01733815
2620 1.01050621
2621 1.00480474
2622 1.01392587
2623 1.01046446
2624 1.00435850
2625 1.00287092
2626 0.99644241
2627 1.00522250
2628 0.99811160
2629 1.00518972
2630 1.00945206
2631 1.00235027
2632 1.00141564
2633 0.99468543
2634 1.00532566
2635 1.00786193
2636 1.00393579
2637 0.99786466
2638 0.99945369
2639 0.99399220
2640 0.99704010
2641 0.99842233
2642 1.00203463
2643 1.00814175
2644 1.00191024
2645 1.00667638
2646 0.99644241
2647 0.99928037
2648 1.00826562
2649 1.01096633
2650 1.01165552
2651 1.01407905
2652 0.99110865
2653 1.00578355
2654 0.99883178
2655 1.00752668
2656 1.00269764
2657 0.99602458
2658 1.00280052
2659 1.00017720
2660 1.00762647
2661 1.00701976
2662 1.00642392
2663 1.00119000
2664 1.01361247
2665 0.99924694
2666 1.00819552
2667 0.99928037
2668 1.00141169
2669 0.99961305
2670 1.00083224
2671 1.00758219
2672 0.99116899
2673 0.99724958
2674 1.01284598
2675 1.00390630
2676 1.01366060
2677 0.99410983
2678 1.00596174
2679 0.99668750
2680 0.99780726
2681 1.00073908
2682 0.99977268
2683 1.00830196
2684 1.00084333
2685 1.00625235
2686 1.01228455
2687 1.00088299
2688 1.00141169
2689 1.00397465
2690 1.00836624
2691 1.02055313
2692 1.00481152
2693 1.01025267
2694 1.01118895
2695 1.01167725
2696 0.99913116
2697 1.01492593
2698 1.00456146
2699 1.00664685
2700 0.99900135
2701 0.99983810
2702 1.00841050
2703 1.00937525
2704 0.99330483
2705 1.01028365
2706 1.00113330
2707 1.00604776
2708 1.00747947
2709 1.00397465
2710 1.00312725
2711 1.00351359
2712 1.00468299
2713 1.00680472
2714 1.00525753
2715 0.99534833
2716 1.00490259
2717 1.01064836
2718 1.00539702
2719 1.00249412
2720 1.00123368
2721 1.00234875
2722 1.00049881
2723 1.00445825
2724 0.99582543
2725 0.99593325
2726 0.99627679
2727 1.00631461
2728 1.00707386
2729 1.00196235
2730 1.00312725
2731 1.00186413
2732 1.01228879
2733 1.01023610
2734 1.00700037
2735 1.02239003
2736 1.00734085
2737 1.01042102
2738 1.01607121
2739 1.00788026
2740 1.01075683
2741 1.00345947
2742 1.01829827
2743 1.02011150
2744 1.01227387
2745 1.01530140
2746 1.00727617
2747 1.00462560
2748 1.01306258
2749 1.01140180
2750 1.00925901
2751 1.00186413
2752 1.00899520
2753 0.99611617
2754 1.00920713
2755 1.01034114
2756 1.00481692
2757 1.01263930
2758 1.00864919
2759 1.00896892
2760 1.00722045
2761 1.00509333
2762 1.00989289
2763 1.01341938
2764 1.00264243
2765 1.01423211
2766 1.00244806
2767 0.99490051
2768 1.00753109
2769 1.00783424
2770 0.99767460
2771 0.99405866
2772 1.00899520
2773 0.95118356
2774 0.96754045
2775 0.97580783
2776 0.97436773
2777 0.98013430
2778 0.98242763
2779 0.97778848
2780 0.98325124
2781 0.99511442
2782 0.98287117
2783 0.98664459
2784 0.98401982
2785 0.99397564
2786 0.99899474
2787 0.97987959
2788 0.98870827
2789 0.97293948
2790 0.97485544
2791 0.97495398
2792 0.95560153
2793 0.95118356
2794 1.01521853
2795 1.00980422
2796 1.00986255
2797 1.00769063
2798 1.00985624
2799 1.01494263
2800 1.01489610
2801 1.00742452
2802 1.00736775
2803 1.01376851
2804 1.00618325
2805 1.01574949
2806 1.01979198
2807 1.00716218
2808 1.00896052
2809 1.01405922
2810 1.02176388
2811 1.00597628
2812 1.01415658
2813 1.00262416
2814 1.01521853
2815 1.00453933
2816 0.99298069
2817 0.99937410
2818 1.00661746
2819 1.00724504
2820 1.00507804
2821 0.99890374
2822 0.99699625
2823 0.99751107
2824 1.00367795
2825 0.99833114
2826 0.99963979
2827 1.01161581
2828 0.99317881
2829 0.99913507
2830 1.00010214
2831 0.99751518
2832 1.00333135
2833 0.99869294
2834 1.00457487
2835 1.00453933
2836 1.00731171
2837 1.00459589
2838 0.99951748
2839 1.00259493
2840 0.99856912
2841 0.99451356
2842 1.00548096
2843 1.00464677
2844 0.99796438
2845 0.98942169
2846 1.00229800
2847 1.00111065
2848 1.00171514
2849 1.00146656
2850 1.00344995
2851 1.00649144
2852 0.99735500
2853 0.99579875
2854 1.00600808
2855 1.00238334
2856 1.00731171
2857 1.00231663
2858 1.01110414
2859 1.01962726
2860 1.01338676
2861 1.01053246
2862 1.00900156
2863 0.99735215
2864 1.00961335
2865 1.00150565
2866 1.00269852
2867 1.00076296
2868 0.99893265
2869 1.00283649
2870 1.00922073
2871 1.01299723
2872 1.00346003
2873 0.99780114
2874 0.99285538
2875 1.01092648
2876 1.00537320
2877 1.00231663
2878 1.00170217
2879 1.01019841
2880 1.00714818
2881 1.00358324
2882 1.00946864
2883 0.99847113
2884 1.01116605
2885 0.99867363
2886 1.00948168
2887 1.01317154
2888 1.00421419
2889 1.01998603
2890 0.99781648
2891 1.01700058
2892 1.01175360
2893 1.00274122
2894 1.00390780
2895 1.00539782
2896 1.00800878
2897 1.01966463
2898 1.00170217
2899 0.99873143
2900 0.99975096
2901 1.00512761
2902 1.00697573
2903 0.99375847
2904 0.99800772
2905 1.00094603
2906 0.99717164
2907 0.99446942
2908 0.99864724
2909 0.99525830
2910 1.00076185
2911 0.99349098
2912 1.00136575
2913 1.00558155
2914 1.00019924
2915 0.99216302
2916 0.99593776
2917 1.00147476
2918 1.00217854
2919 0.99873143
2920 1.00749007
2921 1.00727218
2922 1.01643352
2923 1.00871012
2924 1.01614154
2925 1.00954387
2926 1.00852168
2927 1.00643570
2928 1.01264283
2929 1.01167143
2930 1.00474008
2931 1.00844337
2932 1.00178021
2933 1.01044518
2934 1.00220510
2935 1.00387697
2936 1.00747439
2937 1.00459393
2938 1.01558112
2939 1.01258950
2940 1.00749007
2941 1.00061116
2942 0.99509156
2943 1.00499033
2944 1.00205799
2945 1.00195717
2946 0.99345949
2947 1.00981643
2948 1.00064845
2949 1.00677150
2950 1.00217622
2951 1.00998543
2952 1.00947801
2953 1.00842009
2954 1.01458335
2955 0.99472792
2956 1.00391295
2957 1.01219566
2958 1.00443935
2959 1.00710911
2960 1.00546624
2961 1.00061116
2962 1.00930023
2963 1.00815353
2964 1.00982941
2965 1.00725445
2966 1.00054371
2967 1.00466356
2968 1.01378459
2969 1.01299185
2970 1.01164211
2971 1.00805156
2972 1.00746430
2973 1.01541819
2974 1.01422264
2975 1.00836350
2976 1.01281714
2977 1.00986467
2978 1.01329108
2979 1.00276452
2980 1.00720260
2981 1.01028848
2982 1.00930023
2983 0.99758688
2984 0.99674820
2985 1.00042340
2986 0.99519829
2987 1.00719623
2988 0.99019760
2989 1.00971870
2990 0.99798054
2991 1.00145564
2992 0.99960980
2993 0.99540845
2994 0.99007215
2995 0.99295894
2996 1.00184877
2997 0.99846450
2998 0.99963410
2999 0.99830575
3000 1.00291749
3001 0.99490481
3002 0.99005450
3003 0.99758688
3004 1.01298677
3005 1.01397588
3006 1.00399408
3007 1.01464536
3008 1.01834804
3009 1.02264590
3010 1.00313815
3011 1.00477630
3012 1.00654125
3013 1.01528499
3014 1.01041583
3015 1.00773842
3016 1.00866284
3017 1.00930354
3018 1.01094499
3019 1.01007040
3020 1.01031276
3021 1.00753472
3022 1.00881481
3023 1.00533606
3024 1.01298677
