index DenDen_position
1 1.63623716
2 1.59114596
3 1.55186104
4 1.52082436
5 1.50404256
6 1.48666811
7 1.46831408
8 1.46572812
9 1.45329721
10 1.45301436
11 1.45895911
12 1.45087442
13 1.46842680
14 1.46011861
15 1.47267678
16 1.47969988
17 1.49632024
18 1.52274751
19 1.55766884
20 1.59023281
21 1.63623716
22 0.94335026
23 0.96585322
24 0.97113839
25 0.97467273
26 0.98137756
27 0.98200073
28 0.98498359
29 0.98392991
30 0.99137198
31 0.99257662
32 0.99185520
33 0.99425215
34 0.97746356
35 0.98552322
36 0.99208611
37 0.97277449
38 0.98122975
39 0.97885793
40 0.96918217
41 0.96407128
42 0.94335026
43 1.00275995
44 1.00413836
45 1.00685696
46 0.99967572
47 1.01136261
48 1.00368651
49 0.99168527
50 0.99938161
51 1.01007805
52 1.00072109
53 1.00596575
54 0.99717851
55 1.00213275
56 0.99965826
57 1.00616489
58 1.01585233
59 1.00160440
60 0.99725044
61 1.00462706
62 1.00501172
63 1.00275995
64 1.00592321
65 0.99697997
66 1.00103094
67 1.00249445
68 1.00038352
69 0.99862451
70 1.00578227
71 1.00494527
72 1.00190992
73 1.00121364
74 0.99720651
75 1.00346021
76 1.00657432
77 0.99745383
78 1.00314422
79 0.99685853
80 1.00360731
81 0.99404206
82 1.00712212
83 1.00856632
84 1.00592321
85 1.00749302
86 0.98897015
87 1.00856150
88 1.00011777
89 1.00484776
90 0.99986513
91 1.00618311
92 0.99997910
93 1.00089935
94 1.00308206
95 1.00917397
96 0.99915962
97 1.00162789
98 1.00282981
99 1.00327928
100 1.00224398
101 1.01072511
102 1.00014792
103 1.01362403
104 1.01098575
105 1.00749302
106 1.00497122
107 0.99938232
108 0.99837270
109 0.99575416
110 0.99848029
111 0.99648680
112 0.99998336
113 1.00127837
114 1.00441035
115 0.99794198
116 1.00046037
117 0.99712308
118 1.00307271
119 0.99970282
120 0.99903719
121 0.99442346
122 1.00132381
123 1.00676921
124 0.99951672
125 0.99679687
126 1.00497122
127 1.01668375
128 1.01526730
129 1.00846469
130 1.02158206
131 1.01228091
132 1.01740979
133 1.01039250
134 1.01762778
135 1.02335091
136 1.00404986
137 1.01940207
138 1.00889706
139 1.02054711
140 1.01005282
141 1.01497987
142 1.01561343
143 1.01326068
144 1.00635500
145 1.00347361
146 1.00686912
147 1.01668375
148 0.99923781
149 1.00086295
150 1.00258561
151 0.99789649
152 0.99598841
153 1.00114125
154 1.00195464
155 1.00323126
156 1.00347215
157 1.00368671
158 0.99480062
159 0.99626647
160 1.00006865
161 0.99331221
162 0.99686916
163 0.99133349
164 0.99119879
165 0.99358427
166 1.01304081
167 1.00472163
168 0.99923781
169 0.99799697
170 1.00776091
171 1.00596517
172 1.00579146
173 1.00364418
174 1.00510504
175 1.00446037
176 1.00158703
177 1.00464315
178 0.99441252
179 0.99907372
180 1.01486512
181 0.99966459
182 1.00248739
183 1.00920679
184 1.01429911
185 1.00291368
186 1.00491272
187 1.01389509
188 1.00650249
189 0.99799697
190 0.99215401
191 1.00007992
192 0.99973325
193 0.99802643
194 0.99636898
195 1.00954668
196 1.00197181
197 0.99743774
198 1.00749348
199 0.99126798
200 1.00503006
201 1.00935771
202 0.99514422
203 1.00192221
204 1.00339234
205 0.99274808
206 0.99164745
207 1.00563685
208 1.00969025
209 0.99838648
210 0.99215401
211 1.00166642
212 1.00138130
213 1.00111639
214 1.00353106
215 1.00314380
216 0.99923675
217 1.00595987
218 1.00201122
219 1.00381441
220 0.99827135
221 1.00238251
222 1.00676615
223 0.99791166
224 1.00085112
225 1.00314451
226 1.00114611
227 1.00697158
228 1.00283649
229 1.00183080
230 1.00447442
231 1.00166642
232 0.95572127
233 0.96296884
234 0.97081334
235 0.97039792
236 0.97890397
237 0.98330646
238 0.99005988
239 0.98822467
240 0.99192350
241 0.99340159
242 1.00069413
243 0.98534659
244 0.99256745
245 0.98430476
246 0.98518528
247 0.98883420
248 0.98070520
249 0.96825721
250 0.97385983
251 0.97013799
252 0.95572127
253 0.95946503
254 0.96801287
255 0.98092607
256 0.98669009
257 0.97548587
258 0.98750123
259 0.99698656
260 0.98557429
261 0.98581770
262 0.98981956
263 0.99059876
264 0.99507533
265 0.99584799
266 0.99312294
267 0.98535410
268 0.98760520
269 0.99122247
270 0.97467074
271 0.97474583
272 0.96338770
273 0.95946503
274 1.00502771
275 1.00636920
276 1.01437202
277 1.01654948
278 1.00463844
279 1.01621951
280 1.00733792
281 1.00499338
282 1.01326874
283 1.00884613
284 1.01746842
285 1.00918021
286 1.00938862
287 1.01082903
288 1.00340604
289 1.01285767
290 1.00836268
291 1.01138956
292 1.00817327
293 1.01095732
294 1.00502771
295 1.00452058
296 0.99892793
297 1.00989837
298 0.99852808
299 1.00786707
300 1.00980172
301 1.00631583
302 1.00097017
303 0.99840487
304 1.00082062
305 0.99601277
306 0.99458423
307 1.00598959
308 0.99917837
309 1.00726850
310 1.00366197
311 1.01147541
312 1.00021032
313 1.00591093
314 1.00544565
315 1.00452058
316 1.00093316
317 1.01039970
318 0.99665952
319 1.00406298
320 0.99805581
321 1.00323163
322 1.00058891
323 1.00051454
324 0.99618785
325 0.99379232
326 1.00519260
327 0.99912136
328 0.99871442
329 0.99624417
330 1.00251910
331 1.00026477
332 0.99259632
333 0.99244484
334 1.00109478
335 1.01031396
336 1.00093316
337 1.00349962
338 1.00113876
339 0.99808052
340 1.01953025
341 1.00277480
342 0.99964291
343 0.99359092
344 1.00443058
345 1.00287222
346 1.00253765
347 0.99636686
348 1.00710622
349 1.00739172
350 1.00531973
351 1.00268892
352 1.01010046
353 1.00940339
354 1.00641498
355 1.00744384
356 1.00793389
357 1.00349962
358 1.01725835
359 1.00663046
360 1.00661088
361 1.00751102
362 1.01281984
363 1.00387772
364 1.00740681
365 1.00382594
366 1.00436115
367 1.00956867
368 1.00881203
369 1.00793016
370 1.01019620
371 1.01539916
372 1.01778984
373 1.00562797
374 1.01497602
375 1.00820993
376 1.01418768
377 1.01302044
378 1.01725835
379 1.00396077
380 0.99962441
381 1.00832547
382 1.01048631
383 1.00627951
384 1.00127281
385 1.00381484
386 0.98923843
387 0.99764768
388 1.00460548
389 0.99894336
390 1.00101771
391 1.00175015
392 1.00554654
393 1.00409031
394 0.99599035
395 1.01454685
396 1.00153268
397 1.00945442
398 1.00489148
399 1.00396077
400 1.00780914
401 1.00178096
402 1.00275805
403 0.99993547
404 1.00643804
405 1.00147313
406 0.99902015
407 0.99954452
408 1.00090287
409 1.00158064
410 1.00002293
411 1.00016638
412 1.00893938
413 0.99285021
414 1.00152755
415 1.01130225
416 1.00152597
417 0.99908812
418 0.99936183
419 0.99890512
420 1.00780914
421 1.01000740
422 1.01549566
423 1.00111250
424 1.00188360
425 1.01499156
426 1.00867367
427 1.00941510
428 1.00623876
429 1.00763529
430 1.00229877
431 1.01125120
432 1.00473639
433 1.00850533
434 1.00258241
435 1.00564640
436 1.00408552
437 1.01436112
438 1.00830040
439 1.01416397
440 1.01444532
441 1.01000740
442 0.99594386
443 1.00277831
444 0.99962742
445 1.00485332
446 1.00022495
447 1.00147371
448 1.00609940
449 1.00488970
450 1.00088838
451 0.99822942
452 1.00816346
453 0.99261256
454 1.00674332
455 0.99678911
456 1.00058112
457 0.99702936
458 0.99642328
459 1.00542599
460 1.00523688
461 1.00765775
462 0.99594386
463 0.99989122
464 1.00927006
465 0.99667268
466 1.00183749
467 0.99881775
468 1.00279958
469 1.00139143
470 0.99988507
471 0.99948275
472 1.00226189
473 1.00747340
474 0.99219162
475 1.00231311
476 1.00914856
477 1.00297131
478 1.00487253
479 1.00336035
480 0.99803466
481 0.99807725
482 1.00833101
483 0.99989122
484 1.01047874
485 1.02135972
486 1.01198020
487 1.02232870
488 1.01452917
489 1.02013479
490 1.02362675
491 1.00681382
492 1.02167539
493 1.01568794
494 1.01581644
495 1.02143104
496 1.00167836
497 1.01875449
498 1.01502918
499 1.01818691
500 1.01316077
501 1.01849541
502 1.00245519
503 1.01821284
504 1.01047874
505 1.00513066
506 1.00557751
507 1.01637598
508 1.00079887
509 1.01299665
510 1.00244768
511 1.00057151
512 1.01425940
513 1.00049877
514 1.00006323
515 1.00815609
516 1.00712991
517 1.00012541
518 1.00810696
519 1.01577556
520 1.00014928
521 0.99967454
522 0.99964783
523 1.01033076
524 1.00606285
525 1.00513066
526 0.99869516
527 1.00417064
528 1.00313381
529 1.00650255
530 1.01075131
531 1.00348885
532 0.99956981
533 0.99290057
534 0.99608746
535 0.99244964
536 1.00052691
537 1.00190423
538 1.00115246
539 1.00276803
540 1.00372832
541 1.00245406
542 1.00558707
543 1.00144186
544 1.00595973
545 1.01111412
546 0.99869516
547 0.99934336
548 0.99632839
549 1.00250015
550 0.99778395
551 1.00007974
552 1.00423874
553 0.99871118
554 1.00336637
555 0.99926056
556 1.00042060
557 0.99199472
558 0.98983689
559 0.99552926
560 1.00398838
561 1.00072997
562 0.99163879
563 0.99798090
564 0.99837869
565 1.00739584
566 0.99581465
567 0.99934336
568 1.00695288
569 1.00883011
570 1.00965786
571 1.00548699
572 1.01012670
573 1.00980473
574 1.00459455
575 1.01025087
576 1.01216250
577 1.00768510
578 1.00755531
579 1.00456376
580 1.01263514
581 1.01023577
582 1.00371747
583 1.00930370
584 1.01156414
585 1.00718733
586 1.00329051
587 1.01410409
588 1.00695288
589 0.99716179
590 0.99297463
591 0.99732768
592 0.99466288
593 1.00569226
594 1.00605734
595 0.99269881
596 1.00515668
597 1.00659517
598 1.00514925
599 0.99935774
600 1.00169616
601 1.01536372
602 1.00181365
603 1.00376037
604 1.00240099
605 0.99799730
606 1.00335072
607 1.00607485
608 1.00876599
609 0.99716179
610 0.99238504
611 0.99723552
612 0.99207621
613 0.98860083
614 1.00554260
615 0.99298727
616 0.99676459
617 0.99357004
618 0.99674981
619 0.99387227
620 0.98915438
621 0.99374124
622 0.99140153
623 0.99420439
624 1.00257949
625 0.99586428
626 0.99863541
627 0.99628022
628 1.00381197
629 0.99329429
630 0.99238504
631 1.00468836
632 1.00566730
633 1.01780917
634 1.01140062
635 1.00459384
636 1.00377788
637 0.99783294
638 0.99962920
639 0.99896817
640 0.99824795
641 1.00809723
642 1.00720052
643 1.00186738
644 0.99774276
645 1.00785220
646 0.99757067
647 0.99724074
648 1.00974605
649 1.00733678
650 1.00367897
651 1.00468836
652 1.00671609
653 1.00671916
654 1.00620910
655 1.00501101
656 1.00428141
657 1.00341710
658 1.00542319
659 1.01315187
660 1.01855636
661 1.02019779
662 1.00410962
663 1.00502109
664 1.01036996
665 1.00961286
666 1.00132215
667 1.01599595
668 0.99556395
669 0.99914884
670 1.01689663
671 1.01130596
672 1.00671609
673 0.99497548
674 1.00302500
675 0.99867289
676 1.00080494
677 0.99184429
678 0.99531248
679 1.00783886
680 1.00731975
681 1.00320929
682 1.00115291
683 1.00112323
684 1.00225690
685 1.00000230
686 1.00007222
687 0.99836054
688 1.00944110
689 1.00543669
690 0.99819857
691 0.99931040
692 0.99171267
693 0.99497548
694 1.00078669
695 0.99728328
696 1.00499035
697 1.00188428
698 1.00970710
699 1.00005401
700 0.99818315
701 1.00674951
702 1.01104725
703 0.99794753
704 0.99908901
705 1.00004348
706 1.01032274
707 0.99883872
708 0.99973964
709 1.00038926
710 0.99556986
711 1.00416156
712 1.00208571
713 1.00867226
714 1.00078669
715 1.00635016
716 1.00749674
717 1.00505696
718 1.00308239
719 1.00177840
720 1.00537614
721 1.00895543
722 1.00848698
723 1.01074939
724 0.99991639
725 1.00694082
726 1.00204985
727 1.01139790
728 1.00864019
729 1.01554017
730 1.00339320
731 1.01334925
732 1.00483641
733 1.00404835
734 1.00161344
735 1.00635016
736 0.99621830
737 1.00804804
738 1.01240739
739 1.00861639
740 1.01630405
741 1.00394120
742 1.01086697
743 1.00038213
744 0.99824767
745 0.99893934
746 1.00919009
747 1.01416788
748 1.00260857
749 1.00005734
750 1.01016887
751 1.00714502
752 0.99774513
753 1.01177359
754 1.00586822
755 1.00590225
756 0.99621830
757 1.00503857
758 1.00204494
759 0.99919492
760 1.00470080
761 0.99812774
762 1.00028612
763 1.00189468
764 1.00379892
765 0.99772216
766 1.00545491
767 1.00129092
768 1.00494373
769 1.00730987
770 1.00509552
771 1.00298745
772 1.01432037
773 0.99579236
774 1.00368777
775 1.00040860
776 1.00531801
777 1.00503857
778 0.99569846
779 0.99850826
780 1.00005785
781 0.99381431
782 0.99443387
783 0.99049519
784 0.99364706
785 0.99621211
786 0.99112037
787 1.00149884
788 0.98866071
789 0.99659700
790 0.99070175
791 0.99792410
792 0.99827531
793 0.98233721
794 0.99807085
795 0.99001680
796 0.99523706
797 0.99814414
798 0.99569846
799 1.00590097
800 1.00846009
801 1.01208744
802 1.00893782
803 1.00739020
804 1.00930644
805 1.01455666
806 1.00566085
807 1.01679652
808 1.01127097
809 1.00183242
810 1.00812397
811 1.00392248
812 1.00875475
813 1.00718468
814 1.02413969
815 1.00756526
816 1.01109346
817 1.00091700
818 1.00688796
819 1.00590097
820 1.00234143
821 0.99743571
822 1.00455416
823 0.99969437
824 0.99822080
825 0.99179774
826 1.00741231
827 1.00285923
828 1.00072912
829 0.99906369
830 1.00023383
831 1.00669477
832 1.00024826
833 1.00239402
834 0.99627557
835 1.00549561
836 1.00123295
837 1.00032274
838 0.99937577
839 0.99902685
840 1.00234143
841 0.99935458
842 1.01278771
843 1.00415841
844 1.00169182
845 1.00082035
846 1.01772544
847 1.00616475
848 0.99646513
849 1.00451007
850 0.99556240
851 1.00967827
852 0.99905350
853 1.00614212
854 1.00258494
855 1.00491636
856 1.00263684
857 1.00302124
858 0.99832213
859 1.00448502
860 1.00342053
861 0.99935458
862 1.00669147
863 1.00990441
864 1.01880263
865 1.02093345
866 1.00815876
867 1.00715346
868 1.00487382
869 1.00105177
870 1.01781105
871 1.00747034
872 1.01925690
873 1.00816318
874 1.01128748
875 1.01122049
876 1.01920862
877 1.00682257
878 1.00574137
879 1.00360007
880 1.01281763
881 1.01207782
882 1.00669147
883 1.00763063
884 1.00513681
885 1.01018439
886 1.00452016
887 1.01288989
888 1.01066237
889 1.00472162
890 1.00928014
891 1.00714896
892 1.00571720
893 1.01824585
894 1.00019991
895 0.99688011
896 1.00380499
897 1.00415964
898 1.00508169
899 1.01090021
900 1.01069095
901 1.01666323
902 1.01557825
903 1.00763063
904 0.99692501
905 0.99519393
906 1.00245914
907 0.99546900
908 0.99390753
909 0.99230945
910 0.99810148
911 1.01161731
912 0.99997649
913 1.00025336
914 0.99539338
915 1.00342103
916 1.00408919
917 0.99900746
918 1.00208024
919 0.99740914
920 1.00204763
921 1.00238722
922 1.00309600
923 1.00453829
924 0.99692501
925 1.01491613
926 1.00611573
927 1.01241192
928 1.00791308
929 1.01491516
930 1.01364808
931 1.00140088
932 1.00207911
933 1.00918615
934 1.01214824
935 1.00331767
936 1.00395032
937 1.00332802
938 1.00470789
939 1.00254273
940 1.00812243
941 1.01075565
942 1.01342370
943 1.00134220
944 1.00940834
945 1.01491613
946 0.99729186
947 1.01094717
948 1.00008216
949 1.00409230
950 1.00961474
951 0.99753454
952 1.00938951
953 0.99835879
954 1.00630358
955 1.00272557
956 0.99499967
957 0.99501821
958 1.00093517
959 1.01093797
960 1.00099353
961 1.00423618
962 1.00270888
963 1.00220338
964 1.00703027
965 0.99785452
966 0.99729186
967 0.99430906
968 1.00706908
969 0.99547126
970 0.99428928
971 1.01095341
972 0.99417171
973 0.99724014
974 1.00078422
975 0.99694436
976 1.00313117
977 0.99452882
978 1.00749768
979 1.00973355
980 0.99412564
981 1.00827955
982 1.00927290
983 0.99970959
984 0.99486715
985 0.99879607
986 1.00008023
987 0.99430906
988 1.01204241
989 1.01704567
990 1.01164966
991 1.00825314
992 1.01073784
993 1.02557936
994 1.01754643
995 1.02099761
996 1.02058150
997 1.01105793
998 1.02020927
999 1.02838074
1000 1.01511193
1001 1.00717638
1002 1.01017042
1003 1.01272152
1004 1.01697327
1005 1.01963575
1006 1.01647680
1007 1.02337381
1008 1.01204241
1009 0.99935130
1010 0.99898224
1011 0.99884786
1012 0.99329418
1013 1.00491620
1014 0.99716904
1015 0.99981601
1016 1.00462888
1017 1.00085717
1018 0.99271483
1019 0.99318919
1020 0.99918533
1021 0.99867169
1022 0.99892733
1023 0.99831597
1024 0.99638432
1025 0.99659575
1026 0.99759573
1027 1.00196910
1028 1.00067936
1029 0.99935130
1030 1.01245401
1031 1.00639564
1032 1.00435788
1033 1.00543823
1034 1.01658302
1035 1.00375930
1036 1.00119330
1037 1.00970170
1038 0.99542079
1039 0.99909193
1040 1.01220261
1041 1.00341928
1042 1.00267931
1043 1.00238953
1044 1.01385202
1045 1.00415801
1046 1.00292704
1047 0.98862908
1048 1.01753431
1049 1.00739772
1050 1.01245401
1051 1.00764577
1052 1.00235584
1053 1.00626049
1054 1.01108049
1055 1.00686748
1056 1.00103787
1057 1.00274835
1058 1.00931571
1059 1.00783525
1060 1.01057720
1061 1.00323823
1062 1.00267486
1063 0.99942466
1064 0.99579449
1065 0.99793633
1066 1.00396588
1067 1.00063540
1068 1.01124131
1069 1.00262262
1070 0.99680506
1071 1.00764577
1072 1.00202391
1073 0.98879288
1074 1.00088192
1075 0.99804960
1076 1.00385973
1077 1.00506987
1078 0.99387599
1079 1.00153170
1080 0.99492122
1081 0.99342697
1082 0.99734375
1083 1.00834163
1084 1.00372478
1085 1.00554525
1086 0.99992144
1087 1.00649361
1088 0.99586881
1089 0.99522205
1090 0.99787164
1091 1.00190602
1092 1.00202391
1093 1.00694985
1094 1.00352033
1095 1.00414456
1096 1.00227105
1097 1.00246385
1098 1.01138846
1099 1.01025302
1100 1.01519982
1101 0.99796383
1102 0.99879623
1103 1.00663884
1104 1.00938501
1105 1.00979707
1106 1.00597944
1107 1.00728142
1108 1.00631622
1109 1.01522230
1110 1.00446288
1111 1.01214123
1112 1.00698224
1113 1.00694985
1114 1.01273709
1115 1.00624293
1116 1.01265822
1117 1.00705698
1118 1.01547866
1119 1.01187297
1120 1.02009494
1121 1.00451470
1122 1.00656632
1123 1.00721242
1124 1.01460025
1125 1.00597565
1126 1.00834894
1127 1.01320250
1128 1.01436856
1129 1.00775694
1130 1.00882892
1131 1.00086272
1132 1.01282950
1133 1.00289522
1134 1.01273709
1135 1.00249785
1136 0.99873428
1137 0.98907797
1138 0.99437791
1139 1.00024050
1140 0.99099154
1141 1.00023169
1142 0.99968103
1143 0.99981668
1144 0.99269761
1145 0.99050917
1146 0.99560941
1147 0.99920448
1148 0.99377298
1149 0.99813547
1150 1.00217315
1151 1.00156544
1152 0.99589263
1153 1.00292878
1154 0.99922396
1155 1.00249785
1156 1.00472619
1157 1.00009342
1158 0.99718360
1159 1.01733760
1160 0.99817523
1161 1.00354064
1162 1.00357354
1163 1.01464248
1164 1.00731747
1165 1.00264076
1166 1.00126700
1167 1.00768548
1168 0.99678323
1169 1.00389445
1170 1.00514930
1171 0.99761341
1172 1.01191677
1173 1.00002579
1174 1.00636880
1175 1.00620594
1176 1.00472619
1177 0.99998456
1178 1.00249275
1179 1.00081268
1180 1.00560130
1181 1.00674906
1182 1.00491536
1183 1.00256504
1184 1.00956756
1185 1.00608142
1186 1.00003934
1187 1.01199405
1188 1.00598276
1189 0.99336346
1190 1.00260611
1191 1.00333857
1192 0.99525605
1193 0.99748140
1194 1.00633796
1195 1.01111141
1196 1.00302212
1197 0.99998456
1198 0.99867867
1199 1.00875820
1200 1.00904063
1201 1.00661305
1202 0.99646288
1203 1.00821877
1204 1.00591881
1205 1.00014981
1206 0.99643368
1207 1.00347079
1208 1.00735754
1209 0.99714673
1210 1.00295897
1211 1.00995766
1212 1.00431335
1213 0.99522912
1214 1.00741966
1215 1.00591214
1216 1.00675587
1217 1.00316621
1218 0.99867867
1219 1.00459475
1220 1.01514000
1221 1.00381444
1222 1.00421727
1223 1.00775222
1224 1.00544672
1225 1.01231450
1226 1.01394521
1227 1.01938799
1228 1.01631205
1229 1.01369357
1230 1.00466492
1231 1.00849523
1232 1.00931202
1233 1.00702057
1234 1.00871454
1235 0.99844721
1236 1.01033198
1237 1.01362142
1238 1.00454695
1239 1.00459475
1240 1.00887429
1241 0.99961042
1242 1.00453299
1243 1.00576788
1244 1.00820219
1245 1.00636323
1246 1.00740586
1247 0.99842563
1248 1.01103411
1249 1.00107294
1250 1.01058084
1251 1.00925376
1252 1.01208368
1253 1.00638445
1254 1.00186469
1255 1.01016618
1256 1.00487301
1257 1.00372410
1258 1.00241614
1259 0.99995624
1260 1.00887429
1261 1.01708142
1262 1.00690599
1263 1.01211868
1264 1.00911384
1265 1.00860490
1266 1.01320933
1267 1.00887721
1268 1.01085933
1269 1.00370779
1270 1.00629660
1271 1.01101991
1272 1.00422080
1273 1.00808700
1274 1.01475304
1275 1.00338361
1276 1.00655793
1277 1.00966158
1278 1.00557050
1279 1.01054988
1280 1.00644912
1281 1.01708142
1282 1.01360042
1283 1.00483863
1284 1.00593815
1285 1.01116015
1286 1.00793801
1287 1.00984916
1288 1.00748503
1289 1.01092908
1290 0.99545214
1291 1.01020093
1292 1.00092187
1293 1.00445902
1294 1.01835882
1295 1.00743640
1296 1.00170315
1297 1.00056423
1298 1.00351001
1299 1.00253636
1300 1.00293720
1301 1.00403362
1302 1.01360042
1303 1.00437100
1304 0.99761132
1305 1.00116031
1306 0.99345896
1307 0.99368295
1308 1.00041524
1309 0.99209656
1310 1.00127147
1311 0.99530155
1312 0.99637063
1313 0.99582261
1314 1.00735755
1315 0.99783995
1316 1.00162732
1317 0.99833442
1318 0.98596098
1319 0.99639279
1320 0.99783942
1321 0.99594579
1322 0.99673828
1323 1.00437100
1324 1.00382113
1325 1.01653914
1326 1.01101090
1327 1.00745662
1328 1.00580966
1329 1.00627549
1330 1.00741135
1331 1.01444378
1332 1.00925199
1333 1.00320730
1334 1.01317876
1335 1.01149801
1336 1.00855058
1337 1.00036000
1338 1.01919423
1339 1.01040031
1340 1.00885976
1341 1.01263596
1342 0.99887871
1343 1.00849356
1344 1.00382113
1345 1.00552564
1346 1.00870634
1347 1.00319361
1348 1.00116626
1349 1.00621143
1350 0.99400153
1351 1.00545098
1352 1.01348083
1353 1.00391878
1354 1.00089736
1355 0.99981294
1356 1.00403600
1357 1.00627137
1358 1.00445897
1359 1.00923772
1360 1.01406947
1361 1.01329053
1362 1.01121618
1363 1.01102723
1364 1.00544920
1365 1.00552564
1366 1.01272120
1367 1.00667053
1368 1.00964046
1369 1.00614082
1370 1.00181029
1371 1.01027238
1372 1.00788907
1373 1.00085166
1374 1.00414425
1375 1.00153673
1376 0.99802018
1377 1.00708149
1378 1.00508129
1379 1.00335784
1380 1.00428220
1381 1.01129609
1382 0.99725534
1383 0.99999345
1384 0.99888620
1385 1.00988479
1386 1.01272120
1387 1.00224191
1388 1.02073992
1389 1.00820975
1390 1.00266158
1391 1.01423966
1392 1.00940810
1393 1.00375174
1394 1.01563055
1395 1.01330113
1396 1.00740245
1397 1.00510220
1398 1.00184064
1399 1.00981787
1400 1.01660017
1401 1.01538842
1402 1.00627317
1403 1.00871092
1404 1.01640915
1405 1.00943606
1406 1.01532008
1407 1.00224191
1408 1.00817487
1409 1.01538259
1410 1.01720764
1411 1.00225636
1412 1.00946962
1413 1.00539853
1414 1.01385018
1415 1.01436556
1416 1.01831086
1417 1.00726986
1418 1.01725419
1419 1.00885152
1420 1.00789236
1421 1.01603738
1422 1.01269523
1423 1.00341574
1424 1.01644996
1425 1.01450423
1426 1.01061599
1427 1.01502637
1428 1.00817487
1429 1.00296020
1430 1.00477732
1431 1.01586924
1432 1.00426049
1433 1.00872304
1434 1.00866028
1435 1.01366160
1436 1.01105368
1437 1.00818499
1438 1.01484179
1439 1.00123447
1440 1.00403987
1441 1.01077934
1442 1.00930227
1443 1.01182440
1444 1.01216207
1445 1.00798327
1446 1.01410988
1447 1.00351611
1448 1.01179625
1449 1.00296020
1450 1.01798374
1451 0.99926132
1452 1.00918312
1453 1.01206630
1454 1.01548943
1455 1.01533237
1456 1.01575832
1457 1.01503367
1458 1.01128041
1459 0.99934369
1460 1.00599869
1461 1.00704651
1462 1.00735638
1463 1.02071548
1464 0.99824941
1465 1.00259434
1466 1.01100741
1467 1.01603623
1468 1.01797895
1469 1.01373455
1470 1.01798374
1471 0.98681817
1472 0.99114371
1473 1.00078299
1474 1.00355227
1475 0.99093876
1476 1.00409537
1477 1.00099224
1478 0.99323684
1479 1.00569773
1480 0.99896470
1481 1.00303132
1482 1.00773114
1483 0.98625329
1484 0.99733614
1485 0.99776664
1486 0.99516232
1487 0.99724546
1488 0.99435284
1489 0.99959846
1490 1.00254792
1491 0.98681817
1492 1.00311126
1493 1.00345930
1494 1.00408527
1495 1.00394845
1496 1.00392783
1497 1.00660662
1498 0.99663277
1499 0.99701423
1500 0.99458565
1501 0.99558028
1502 1.00286302
1503 0.99802078
1504 1.00347310
1505 0.99813168
1506 0.99867210
1507 1.00191450
1508 0.99590698
1509 1.00457044
1510 1.00023766
1511 0.99148697
1512 1.00311126
1513 0.99841126
1514 0.99316018
1515 0.99624714
1516 1.00029566
1517 0.99711902
1518 0.98883588
1519 0.99160362
1520 0.99081575
1521 0.99647929
1522 0.99249829
1523 0.98533246
1524 0.98222286
1525 0.98456417
1526 0.99047048
1527 0.98662064
1528 0.99259133
1529 0.99114388
1530 0.98534452
1531 0.98825400
1532 0.99533145
1533 0.99841126
1534 1.01295608
1535 1.01333070
1536 1.00941029
1537 1.01868654
1538 1.01603316
1539 1.01187191
1540 1.01718399
1541 1.00996051
1542 1.01597194
1543 1.01342343
1544 1.01026468
1545 1.01359169
1546 1.00724877
1547 1.00781232
1548 1.00811708
1549 1.01491122
1550 1.01679914
1551 1.01891617
1552 1.01198422
1553 1.02218943
1554 1.01295608
1555 1.00409397
1556 0.99446809
1557 0.99850732
1558 1.00527655
1559 1.01544385
1560 1.00514881
1561 1.00059380
1562 1.00839743
1563 1.00525862
1564 1.00432818
1565 1.00013036
1566 0.99757273
1567 1.01416918
1568 1.00665995
1569 1.00258265
1570 1.00891168
1571 1.00605801
1572 1.00665466
1573 1.00366699
1574 1.00827947
1575 1.00409397
1576 1.00466993
1577 1.00459006
1578 1.00468703
1579 1.00201601
1580 0.99401663
1581 1.00280654
1582 1.00433181
1583 0.99631588
1584 0.99682571
1585 0.99488458
1586 1.00468086
1587 1.00361409
1588 1.01023362
1589 1.01183396
1590 0.99150898
1591 1.00319859
1592 1.00552478
1593 1.00858730
1594 1.00911307
1595 1.00082882
1596 1.00466993
1597 1.01250638
1598 1.01096347
1599 1.01194811
1600 1.00877895
1601 1.00605255
1602 1.00959162
1603 1.02054032
1604 1.02156093
1605 1.01135121
1606 1.01947173
1607 1.00490845
1608 1.01423907
1609 1.01211363
1610 1.01218309
1611 1.02026230
1612 1.01505571
1613 1.00467254
1614 1.00697068
1615 1.01327687
1616 1.01341320
1617 1.01250638
1618 0.99767636
1619 0.99431464
1620 0.99974452
1621 1.00455464
1622 1.00951801
1623 1.00269910
1624 1.00617884
1625 1.00608004
1626 1.00115488
1627 0.99746433
1628 1.00995404
1629 0.99971326
1630 0.99934123
1631 1.00483818
1632 0.99947178
1633 1.00658435
1634 0.99367564
1635 0.99848068
1636 1.00679299
1637 0.99285889
1638 0.99767636
1639 1.00748444
1640 1.00540649
1641 1.00239679
1642 0.99871829
1643 1.00731371
1644 1.01187825
1645 1.00159312
1646 1.00484333
1647 1.00152558
1648 1.00215059
1649 1.00135317
1650 1.00229943
1651 1.00465320
1652 0.99638947
1653 1.00598383
1654 1.00256895
1655 0.99808029
1656 0.99848273
1657 1.00203454
1658 1.00224875
1659 1.00748444
1660 1.00909303
1661 1.00039987
1662 1.00168480
1663 0.99652488
1664 0.99946163
1665 0.99233076
1666 1.00376282
1667 1.00132891
1668 0.99841394
1669 0.99445395
1670 1.00946040
1671 0.99944972
1672 1.00534291
1673 1.00446888
1674 0.99212209
1675 1.00214802
1676 1.00044807
1677 0.99921457
1678 1.00582130
1679 1.00510018
1680 1.00909303
1681 1.01322907
1682 1.01141879
1683 1.01886490
1684 1.00972040
1685 1.01149709
1686 1.00993204
1687 1.01025484
1688 1.01350280
1689 1.01567945
1690 1.01262209
1691 1.01163398
1692 1.01416126
1693 1.01087634
1694 1.01368915
1695 1.01892041
1696 1.00709588
1697 1.02609503
1698 1.01512097
1699 1.01061226
1700 1.00743482
1701 1.01322907
1702 1.00788748
1703 0.99673912
1704 1.01393285
1705 1.00246290
1706 1.00327236
1707 1.00221738
1708 1.00115229
1709 1.00635362
1710 0.99841841
1711 1.00537023
1712 1.00299074
1713 1.00093520
1714 1.00588764
1715 1.00452991
1716 0.99940520
1717 1.01429256
1718 1.00672101
1719 1.00691565
1720 1.00215708
1721 1.00741661
1722 1.00788748
1723 1.01194720
1724 1.00030990
1725 1.01184142
1726 1.01136077
1727 0.99679283
1728 1.01659496
1729 1.00791015
1730 0.99773484
1731 1.00673996
1732 1.00713305
1733 1.00633312
1734 1.00464247
1735 1.01169047
1736 1.01370894
1737 1.00164501
1738 1.00787819
1739 1.00750408
1740 1.00537805
1741 0.99486395
1742 1.00410110
1743 1.01194720
1744 1.02047419
1745 1.01222096
1746 1.01001644
1747 1.01589362
1748 1.01353783
1749 1.01648647
1750 1.01602357
1751 1.01457824
1752 1.01559953
1753 1.01960506
1754 1.01340757
1755 1.01085095
1756 1.01151695
1757 1.01193001
1758 1.01068137
1759 1.00959567
1760 1.01000791
1761 1.01653517
1762 1.00172457
1763 1.02237299
1764 1.02047419
1765 1.00455777
1766 1.00494749
1767 1.01527978
1768 1.00947280
1769 1.00485755
1770 1.01241112
1771 1.00798966
1772 1.01448633
1773 1.00615680
1774 1.00828594
1775 1.00552496
1776 1.00794351
1777 1.01190269
1778 1.01021984
1779 1.00281716
1780 1.00163063
1781 1.01051839
1782 1.00798302
1783 1.01273684
1784 1.00819275
1785 1.00455777
1786 1.00152681
1787 0.99842192
1788 0.99920017
1789 1.00990423
1790 1.00693769
1791 0.99992735
1792 0.99488807
1793 1.00252674
1794 1.00488572
1795 1.00250105
1796 1.01193207
1797 0.99666987
1798 0.98325363
1799 1.01273555
1800 1.00242408
1801 1.00138509
1802 0.99825819
1803 0.99984487
1804 1.00136612
1805 1.00209338
1806 1.00152681
1807 0.99513442
1808 1.00185805
1809 0.99450340
1810 0.99274416
1811 0.99059391
1812 0.99736689
1813 1.00040810
1814 0.99058374
1815 0.99197902
1816 0.99850171
1817 1.00249714
1818 0.99140462
1819 0.99223960
1820 0.99391850
1821 1.00235746
1822 0.98935943
1823 1.00131128
1824 0.99695284
1825 1.00188453
1826 0.99164980
1827 0.99513442
1828 1.01406402
1829 1.01055549
1830 1.00926892
1831 1.02590982
1832 1.00600563
1833 1.01767769
1834 1.00696850
1835 1.01034360
1836 1.01891778
1837 1.00910616
1838 1.00601426
1839 1.01596148
1840 1.00332852
1841 1.01308617
1842 1.01982544
1843 1.00924289
1844 1.01127354
1845 1.00575257
1846 1.00681291
1847 1.01352400
1848 1.01406402
1849 1.00867393
1850 0.99963714
1851 0.99657058
1852 1.01181177
1853 1.01079675
1854 1.00790695
1855 1.00791701
1856 1.01398515
1857 1.01478676
1858 1.00873251
1859 1.01168558
1860 1.01575146
1861 1.00469172
1862 1.00646933
1863 1.01089738
1864 1.00158777
1865 1.00792383
1866 1.00607848
1867 1.00939856
1868 1.01409191
1869 1.00867393
1870 1.00106160
1871 1.00613385
1872 1.01578881
1873 1.00658565
1874 1.01016888
1875 1.01563306
1876 1.01744488
1877 1.00953774
1878 1.00484720
1879 1.00203831
1880 1.00054038
1881 1.00904457
1882 1.00695547
1883 1.01917028
1884 1.01518517
1885 1.01034265
1886 1.01601685
1887 1.00748750
1888 1.01063237
1889 1.01424526
1890 1.00106160
1891 1.00440203
1892 1.00346483
1893 1.00830193
1894 1.00635154
1895 1.00419849
1896 1.01820433
1897 1.00985777
1898 1.00043349
1899 1.00550097
1900 1.01621044
1901 1.00530155
1902 1.00652171
1903 1.00579814
1904 1.00638554
1905 1.00177548
1906 1.00426068
1907 1.00568300
1908 1.01693735
1909 1.01414012
1910 1.01284706
1911 1.00440203
1912 1.01007563
1913 1.00258985
1914 1.00335833
1915 1.01952291
1916 1.00055032
1917 1.00662271
1918 1.00154032
1919 0.99700503
1920 1.00525304
1921 1.00373720
1922 1.00060877
1923 1.01440724
1924 1.00758289
1925 1.00391074
1926 1.00626200
1927 1.00299370
1928 1.00506741
1929 1.01128397
1930 0.99367275
1931 1.00454683
1932 1.01007563
1933 1.00775772
1934 1.00881929
1935 1.01100932
1936 1.00126505
1937 1.01111978
1938 1.01335820
1939 1.00366510
1940 1.01229760
1941 1.00954418
1942 0.99606940
1943 1.00124076
1944 1.00332036
1945 1.00458785
1946 1.01575318
1947 1.00635540
1948 1.00344318
1949 1.01551059
1950 0.99577364
1951 1.00789489
1952 1.00352189
1953 1.00775772
1954 1.00995940
1955 1.01848485
1956 1.00954066
1957 1.00894297
1958 1.01718103
1959 1.01806746
1960 1.00635686
1961 1.00822873
1962 1.01376690
1963 1.00138866
1964 1.00769778
1965 1.00479792
1966 1.01114321
1967 1.01057600
1968 1.01005503
1969 1.00921400
1970 1.00978931
1971 1.00481471
1972 1.00464690
1973 1.00117026
1974 1.00995940
1975 0.99486057
1976 1.00127851
1977 1.00123302
1978 0.99872262
1979 1.00246609
1980 0.99778868
1981 1.00397541
1982 0.99201318
1983 0.99561495
1984 0.99087920
1985 0.99656040
1986 0.98740817
1987 1.00059942
1988 0.99646874
1989 0.99333122
1990 0.99202364
1991 0.99947747
1992 1.00096830
1993 1.00015164
1994 0.99336776
1995 0.99486057
1996 1.00337581
1997 1.01387076
1998 1.01405171
1999 1.01087834
2000 1.01061339
2001 1.01319319
2002 1.00948099
2003 1.01003405
2004 1.00655766
2005 1.00597401
2006 1.00401587
2007 1.01149534
2008 1.01544482
2009 1.00975321
2010 1.00669771
2011 1.01547363
2012 1.01170475
2013 1.01005048
2014 1.01126787
2015 1.01463128
2016 1.00337581
2017 0.99807242
2018 1.00108969
2019 0.99728633
2020 1.00012374
2021 0.99460713
2022 1.00460576
2023 1.00666059
2024 1.00009977
2025 0.99304556
2026 0.99964286
2027 1.00150848
2028 0.99858818
2029 0.99765553
2030 1.00223952
2031 1.00133981
2032 1.00754531
2033 0.99116433
2034 0.99282100
2035 0.99862396
2036 1.00343702
2037 0.99807242
2038 1.01665092
2039 1.00095202
2040 0.99908877
2041 0.99729489
2042 1.00764405
2043 0.99566742
2044 1.01047721
2045 1.01038417
2046 1.00967944
2047 1.00826583
2048 1.01158131
2049 1.00001318
2050 1.00454442
2051 0.99963828
2052 1.00340304
2053 0.99620483
2054 0.99926433
2055 0.99850572
2056 1.00452129
2057 1.00648370
2058 1.01665092
2059 1.01799377
2060 1.01002953
2061 1.00709442
2062 1.01493019
2063 1.00086572
2064 1.00683440
2065 1.01243754
2066 1.00789204
2067 1.01474849
2068 1.01133830
2069 1.01562848
2070 1.01873962
2071 1.01047386
2072 1.00939100
2073 1.01129858
2074 1.00806911
2075 1.01178991
2076 1.00812848
2077 1.01678235
2078 1.00306154
2079 1.01799377
2080 1.00607033
2081 1.00358401
2082 1.00297021
2083 0.99490729
2084 1.00471434
2085 1.00713392
2086 1.00265685
2087 1.00077304
2088 0.99964626
2089 0.99843830
2090 1.00541881
2091 1.00393494
2092 1.00085240
2093 1.01080669
2094 0.99698275
2095 1.01197528
2096 1.00541658
2097 0.99329885
2098 1.00590411
2099 1.00063765
2100 1.00607033
2101 1.00080782
2102 0.99774886
2103 1.00389722
2104 1.01156846
2105 1.01064924
2106 1.00207174
2107 1.01620039
2108 1.00323384
2109 1.00595216
2110 1.00067665
2111 1.00502183
2112 0.99894420
2113 1.01494492
2114 1.00484300
2115 1.01069858
2116 1.00516457
2117 1.00470866
2118 0.99777837
2119 1.00681663
2120 1.01518517
2121 1.00080782
2122 1.00453206
2123 1.00290037
2124 1.00140508
2125 1.00190169
2126 1.00991200
2127 1.00940389
2128 1.00289428
2129 1.00810100
2130 1.00358367
2131 0.99269988
2132 1.00082184
2133 0.99884847
2134 1.00997053
2135 1.01085157
2136 1.00259100
2137 1.00725215
2138 1.00376874
2139 1.00177169
2140 0.99696843
2141 1.00557601
2142 1.00453206
2143 0.99862592
2144 1.00058517
2145 0.99819215
2146 1.00420498
2147 0.99896922
2148 0.99456507
2149 0.99728283
2150 0.99631261
2151 0.98848082
2152 0.99235613
2153 0.99539681
2154 0.99682584
2155 1.00309817
2156 0.99526487
2157 0.99877587
2158 1.00216525
2159 0.99225747
2160 0.98965775
2161 0.99909824
2162 0.99244884
2163 0.99862592
2164 0.99947947
2165 1.00484031
2166 1.01567142
2167 1.00596442
2168 1.00823787
2169 1.01077399
2170 1.00445078
2171 1.00819509
2172 1.01296584
2173 1.00304365
2174 1.00438472
2175 1.01155309
2176 1.01113652
2177 1.01311038
2178 1.00376133
2179 1.00785509
2180 0.99942817
2181 1.00505847
2182 1.00598633
2183 1.01401353
2184 0.99947947
2185 1.00768881
2186 0.99674039
2187 0.99325521
2188 0.99803422
2189 1.00522003
2190 1.00385885
2191 1.00986593
2192 1.01382063
2193 1.00826947
2194 0.99816903
2195 0.99705852
2196 1.00013875
2197 1.00349078
2198 1.00342765
2199 0.98991179
2200 0.99773224
2201 1.00536056
2202 1.00118073
2203 1.00703448
2204 1.00213442
2205 1.00768881
2206 0.99508036
2207 0.99639821
2208 1.00004701
2209 0.99916332
2210 0.99948473
2211 0.99260143
2212 0.99439543
2213 0.99990599
2214 0.99956752
2215 1.00287907
2216 1.00508220
2217 0.99352896
2218 1.00807377
2219 1.00634684
2220 0.99630191
2221 1.00096212
2222 1.00154273
2223 1.00337359
2224 0.99869704
2225 0.99126914
2226 0.99508036
2227 1.00350596
2228 1.00958944
2229 1.00996007
2230 1.00324570
2231 1.00088670
2232 1.00377337
2233 1.00206536
2234 1.01261212
2235 1.00683046
2236 1.00388917
2237 1.00544345
2238 1.00587017
2239 1.00365401
2240 1.00671152
2241 1.00975113
2242 1.00311621
2243 1.01377660
2244 1.01271924
2245 1.00518941
2246 0.99719743
2247 1.00350596
2248 1.01222845
2249 1.00724436
2250 1.01686740
2251 1.01101570
2252 1.00154462
2253 1.00683608
2254 1.00688997
2255 0.99824031
2256 1.01410105
2257 0.99859864
2258 1.00964422
2259 1.00117759
2260 1.01469592
2261 1.00594259
2262 1.00084118
2263 1.00000360
2264 1.01353241
2265 1.00838134
2266 1.01264594
2267 1.00436755
2268 1.01222845
2269 1.00629767
2270 1.00881361
2271 1.00906149
2272 1.00656883
2273 0.98871973
2274 0.99336242
2275 0.99230104
2276 1.00309132
2277 0.99765168
2278 1.00374022
2279 1.01237811
2280 0.99731164
2281 1.00312745
2282 0.99757137
2283 1.00306963
2284 1.00507576
2285 0.99269968
2286 1.00274169
2287 1.00439793
2288 1.00672035
2289 1.00629767
2290 1.02001785
2291 1.01556168
2292 1.01303188
2293 1.01130734
2294 1.01738847
2295 1.01342061
2296 1.02099790
2297 1.02024867
2298 1.01754809
2299 1.01038149
2300 1.01370599
2301 1.00994440
2302 1.02298947
2303 1.02139942
2304 1.01972978
2305 1.01208631
2306 1.00961526
2307 1.01370017
2308 1.01832264
2309 1.01295792
2310 1.02001785
2311 1.00509364
2312 0.99255108
2313 1.00275095
2314 0.99132170
2315 1.00341883
2316 1.00875799
2317 0.99884826
2318 0.99371171
2319 0.99863508
2320 0.98952413
2321 0.99859403
2322 0.99847680
2323 1.00464684
2324 0.99511945
2325 1.00320319
2326 0.99386612
2327 1.01099087
2328 0.99966590
2329 1.00519186
2330 0.99748672
2331 1.00509364
2332 0.99676727
2333 1.00354710
2334 0.99648070
2335 1.00509588
2336 0.99887826
2337 1.00167514
2338 1.00627123
2339 0.99702698
2340 1.01194197
2341 1.00083181
2342 1.00649864
2343 0.99769561
2344 0.99975617
2345 1.01509930
2346 0.99860475
2347 0.99451170
2348 1.00388615
2349 1.00713202
2350 1.00544771
2351 1.01060325
2352 0.99676727
2353 1.00656101
2354 1.00735498
2355 1.01029193
2356 1.00762599
2357 1.00434110
2358 1.01274433
2359 1.00837322
2360 1.00584699
2361 1.01810746
2362 1.00227487
2363 1.01534893
2364 1.01183412
2365 1.00703782
2366 1.01586233
2367 1.00682696
2368 1.01249765
2369 1.01058772
2370 1.00512291
2371 1.00594974
2372 1.01944522
2373 1.00656101
2374 1.00044372
2375 0.99734268
2376 0.98549888
2377 0.99905467
2378 0.99349958
2379 1.00222319
2380 1.00069029
2381 1.00608445
2382 0.99744130
2383 0.99325294
2384 1.00098031
2385 1.00606972
2386 1.00028854
2387 0.99348987
2388 0.98927356
2389 0.99551872
2390 0.99589361
2391 1.00474653
2392 1.00124955
2393 0.98557414
2394 1.00044372
2395 0.99755477
2396 1.01035991
2397 1.01871165
2398 1.00202573
2399 1.01804671
2400 1.02075993
2401 1.00361143
2402 1.01370642
2403 1.01023540
2404 1.00624981
2405 1.01573533
2406 1.00275318
2407 1.01190969
2408 1.00930019
2409 1.01600771
2410 1.00232815
2411 1.01355384
2412 1.01295243
2413 1.00212342
2414 1.00213203
2415 0.99755477
2416 1.00694205
2417 1.00585366
2418 1.00412155
2419 1.00453919
2420 1.01733297
2421 1.00743810
2422 1.01067475
2423 0.99819037
2424 1.01098200
2425 1.01862105
2426 1.00330295
2427 0.99737864
2428 1.00802383
2429 1.02363290
2430 1.01186205
2431 1.01659651
2432 1.01110590
2433 1.00995681
2434 1.00438816
2435 1.01029180
2436 1.00694205
2437 1.00161011
2438 1.01174628
2439 1.00304743
2440 0.99725738
2441 1.00600493
2442 1.01495951
2443 1.00763473
2444 1.00733625
2445 1.00269791
2446 1.00598904
2447 1.00266252
2448 1.00661028
2449 0.99962844
2450 1.00383784
2451 1.00766839
2452 1.01520972
2453 0.99891518
2454 1.01332898
2455 1.00784785
2456 1.00362594
2457 1.00161011
2458 1.00164351
2459 0.99637460
2460 1.00631367
2461 0.99220405
2462 1.00229500
2463 1.00171332
2464 0.99461100
2465 0.99923036
2466 0.99651381
2467 1.00653525
2468 1.00286308
2469 1.00579348
2470 1.00183419
2471 1.00257472
2472 1.00362366
2473 1.00556799
2474 1.00490305
2475 0.99727111
2476 1.00457396
2477 0.99374687
2478 1.00164351
2479 1.00420821
2480 1.00714468
2481 1.00782320
2482 1.01333564
2483 1.00455645
2484 1.01034647
2485 1.00653196
2486 1.00402558
2487 1.01447074
2488 1.00318741
2489 1.02051292
2490 1.01002575
2491 1.01079113
2492 1.01621114
2493 1.01144439
2494 1.00904359
2495 1.01012641
2496 1.00882334
2497 1.01222800
2498 1.01019864
2499 1.00420821
2500 0.99183150
2501 0.99508058
2502 0.99224096
2503 0.98623452
2504 0.99298271
2505 0.98520539
2506 0.99167873
2507 0.98850834
2508 1.00309428
2509 0.99638950
2510 0.98315563
2511 0.98346696
2512 0.99523157
2513 0.98938946
2514 0.98778812
2515 0.99061105
2516 0.99153123
2517 0.99186299
2518 0.99983121
2519 0.99598464
2520 0.99183150
2521 1.00918013
2522 0.99487197
2523 1.00230241
2524 0.99903775
2525 1.00411759
2526 1.00916125
2527 1.00831900
2528 1.00520421
2529 0.99728176
2530 0.99957511
2531 0.99884632
2532 1.00431886
2533 1.01046992
2534 0.99951585
2535 1.00419431
2536 1.00614007
2537 1.00602809
2538 1.00447229
2539 1.00477783
2540 0.99828875
2541 1.00918013
2542 1.00502544
2543 1.00163831
2544 1.00685872
2545 1.00884812
2546 1.00360905
2547 1.01040665
2548 1.00212769
2549 1.00342725
2550 1.00597073
2551 0.99476546
2552 1.01219370
2553 1.00624208
2554 1.00922468
2555 1.00457530
2556 1.00525063
2557 1.01515864
2558 0.99692999
2559 0.99841885
2560 1.00883334
2561 1.00907498
2562 1.00502544
2563 1.00558097
2564 1.00875490
2565 1.01201412
2566 1.00325284
2567 1.00614649
2568 1.01027566
2569 1.00440462
2570 0.99822300
2571 1.00675051
2572 1.01693427
2573 1.00459698
2574 1.01530351
2575 1.00998955
2576 1.00504467
2577 1.00438447
2578 0.99547258
2579 1.00805589
2580 1.00330307
2581 1.00204447
2582 1.00091904
2583 1.00558097
2584 1.00302123
2585 1.00278632
2586 1.00691536
2587 1.00973422
2588 1.00964008
2589 1.00755232
2590 1.00957389
2591 1.00117607
2592 1.00080773
2593 1.00354956
2594 1.00666271
2595 1.01605866
2596 1.00519896
2597 0.99860492
2598 1.00689879
2599 1.00361060
2600 1.01119289
2601 1.01397702
2602 1.00273095
2603 1.00370502
2604 1.00302123
2605 1.00185247
2606 0.99661303
2607 1.00238816
2608 1.00752288
2609 1.00459548
2610 0.99654556
2611 0.99961141
2612 0.98817004
2613 0.99720306
2614 0.99966824
2615 0.99771313
2616 1.00278718
2617 1.00485387
2618 1.00197058
2619 1.00591780
2620 0.99870113
2621 1.00018382
2622 0.99726251
2623 0.99296319
2624 0.99756686
2625 1.00185247
2626 1.00367350
2627 1.02373540
2628 1.00183863
2629 1.01071605
2630 1.01092428
2631 1.00861452
2632 1.00210227
2633 1.00985104
2634 1.00082528
2635 0.99779523
2636 1.00697831
2637 1.00806409
2638 1.00075887
2639 1.00025187
2640 1.00839220
2641 1.01709024
2642 1.00492893
2643 1.00823041
2644 1.01393764
2645 1.00729948
2646 1.00367350
2647 1.00627000
2648 1.00546280
2649 1.00541240
2650 0.99830299
2651 1.00862024
2652 1.00258712
2653 1.00829273
2654 1.00323468
2655 1.00462204
2656 0.99905951
2657 1.00514524
2658 0.99641915
2659 0.99976350
2660 0.99865948
2661 0.99494290
2662 1.00242778
2663 1.00264824
2664 1.01352475
2665 1.00464720
2666 1.00198343
2667 1.00627000
2668 0.99507671
2669 0.99753256
2670 0.99552973
2671 0.99553836
2672 0.99749738
2673 0.99460687
2674 0.99980253
2675 1.00070635
2676 0.98997199
2677 1.00168032
2678 1.00560875
2679 1.00015812
2680 0.99273691
2681 0.99309653
2682 0.99010900
2683 1.00654926
2684 0.99033175
2685 1.00304515
2686 0.99859041
2687 0.99694602
2688 0.99507671
2689 1.00129655
2690 1.00170332
2691 1.00645613
2692 1.00182572
2693 1.00220679
2694 1.00296191
2695 1.00663311
2696 0.99934331
2697 0.99620477
2698 0.99982898
2699 0.99650801
2700 1.00385480
2701 0.99352095
2702 0.99935520
2703 1.00163609
2704 1.00450270
2705 1.00138002
2706 1.00622344
2707 1.00098956
2708 1.01121058
2709 1.00129655
2710 1.01116223
2711 1.00558429
2712 1.01747739
2713 1.00940492
2714 1.01337946
2715 1.01474989
2716 1.00010163
2717 1.00783375
2718 1.00657367
2719 1.00709072
2720 1.00640355
2721 1.00536186
2722 1.00990160
2723 1.00059456
2724 1.01085633
2725 1.01383179
2726 1.00678516
2727 1.01686878
2728 1.01621894
2729 1.01296533
2730 1.01116223
2731 0.99744107
2732 1.00319248
2733 0.99656697
2734 0.99289683
2735 0.99806344
2736 1.00068287
2737 1.00247221
2738 1.00361052
2739 0.99456371
2740 1.00259927
2741 0.99570806
2742 0.99687428
2743 0.99637891
2744 0.99932536
2745 0.99340185
2746 0.98900777
2747 0.99870209
2748 1.00490103
2749 0.99909536
2750 0.99304342
2751 0.99744107
2752 1.00952638
2753 0.99832686
2754 1.00059732
2755 1.00341451
2756 1.00106990
2757 1.01252651
2758 1.00428769
2759 1.00270016
2760 0.99933064
2761 1.00286114
2762 1.00870959
2763 0.99663523
2764 0.99898793
2765 1.00189567
2766 1.00313807
2767 0.99618447
2768 1.00898684
2769 1.00576158
2770 1.00102013
2771 0.99809650
2772 1.00952638
2773 0.95042894
2774 0.96250307
2775 0.96709165
2776 0.98305257
2777 0.98021874
2778 0.98309432
2779 0.99240486
2780 0.98441138
2781 0.99007075
2782 0.98905883
2783 0.99036831
2784 0.99282554
2785 0.98713833
2786 0.99520150
2787 0.99216206
2788 0.98892951
2789 0.98188620
2790 0.97900985
2791 0.96580230
2792 0.96904814
2793 0.95042894
2794 1.00401445
2795 1.01461940
2796 1.01845439
2797 1.00651944
2798 1.00834174
2799 1.01053696
2800 1.01081708
2801 1.01176678
2802 1.02013664
2803 1.01912995
2804 1.01284963
2805 1.01134688
2806 1.02004224
2807 1.02256699
2808 1.01822558
2809 1.01205701
2810 1.01950885
2811 1.02318523
2812 1.01257749
2813 1.01800926
2814 1.00401445
2815 0.99828973
2816 1.00865919
2817 1.00758818
2818 1.00636686
2819 0.99776901
2820 1.00384964
2821 1.00171555
2822 1.00549301
2823 1.01176930
2824 1.00084101
2825 1.00826720
2826 1.00234623
2827 1.01604307
2828 1.00204096
2829 0.99286775
2830 0.99551348
2831 0.99862394
2832 0.99989273
2833 0.99846249
2834 0.99938593
2835 0.99828973
2836 1.00282903
2837 0.98870650
2838 1.00261902
2839 1.00159305
2840 1.00598188
2841 1.00088448
2842 0.99993460
2843 1.01506141
2844 1.00206267
2845 1.00541110
2846 0.99615365
2847 0.99644283
2848 1.00686781
2849 0.99783008
2850 1.00264231
2851 1.00913769
2852 0.99853486
2853 1.00455716
2854 1.00745942
2855 1.00060533
2856 1.00282903
2857 1.00226877
2858 1.00165450
2859 1.00138196
2860 1.00381974
2861 1.00570914
2862 1.00260687
2863 1.00290183
2864 1.01426414
2865 1.00261207
2866 0.99720454
2867 1.00485400
2868 1.00279666
2869 1.00345140
2870 1.00562005
2871 1.00285983
2872 1.00648957
2873 1.00821434
2874 0.99934086
2875 1.00343111
2876 1.01348848
2877 1.00226877
2878 1.00221116
2879 1.00226872
2880 1.00701559
2881 0.99708246
2882 0.99960699
2883 1.00241978
2884 1.00140927
2885 1.00200420
2886 1.00427007
2887 0.99912846
2888 1.00504381
2889 1.00646650
2890 1.00177695
2891 0.99689836
2892 1.00104882
2893 1.00377548
2894 0.99872886
2895 1.00245770
2896 0.99956673
2897 1.00108348
2898 1.00221116
2899 1.00374653
2900 0.99706696
2901 1.00787733
2902 0.98953419
2903 1.01417838
2904 1.00060340
2905 1.01428830
2906 1.00284247
2907 1.00174599
2908 1.00442735
2909 1.00191134
2910 1.00048055
2911 1.00096496
2912 1.01089091
2913 0.99967351
2914 1.00325970
2915 1.01146646
2916 1.01000403
2917 1.00825531
2918 1.00074903
2919 1.00374653
2920 1.01090269
2921 1.00606314
2922 1.01386081
2923 1.01447552
2924 1.01240341
2925 1.01060490
2926 1.01388594
2927 1.00735868
2928 1.01424921
2929 1.02391261
2930 1.01417149
2931 1.00677086
2932 1.00941470
2933 1.00902242
2934 1.00574104
2935 1.00797065
2936 1.00672910
2937 1.02608143
2938 1.00883112
2939 1.01576849
2940 1.01090269
2941 1.00772711
2942 1.00321006
2943 1.00670968
2944 1.00317213
2945 1.00500839
2946 0.99904706
2947 1.01352668
2948 1.00100247
2949 1.00540817
2950 1.00401948
2951 1.00386752
2952 1.00189290
2953 1.00071084
2954 1.00105854
2955 1.02330502
2956 1.00389685
2957 1.00340901
2958 1.00161425
2959 0.99791244
2960 1.00340044
2961 1.00772711
2962 0.99688507
2963 1.00462862
2964 0.99379644
2965 0.99479252
2966 0.99861752
2967 0.99613493
2968 0.99322806
2969 1.00071801
2970 1.00535312
2971 0.99894001
2972 0.99750821
2973 0.99628665
2974 0.99434412
2975 0.99588467
2976 0.98945168
2977 0.99934006
2978 1.00246627
2979 0.99751735
2980 1.00232288
2981 1.00065933
2982 0.99688507
2983 0.99737775
2984 1.01271718
2985 1.00710886
2986 1.00219730
2987 1.00398656
2988 1.01081171
2989 1.00755193
2990 1.00108094
2991 0.99826374
2992 1.01585931
2993 1.01022918
2994 1.01029468
2995 1.00453106
2996 0.99704871
2997 0.99713449
2998 1.00883880
2999 1.00446554
3000 0.99103348
3001 1.00380942
3002 1.00927531
3003 0.99737775
3004 1.00681218
3005 1.00751365
3006 1.01217994
3007 1.00802085
3008 1.00429756
3009 1.00557751
3010 1.01248330
3011 1.00726428
3012 1.00487788
3013 1.01225927
3014 1.02694533
3015 1.01387379
3016 1.02252126
3017 1.01034420
3018 1.00960891
3019 1.00912721
3020 1.00786494
3021 1.00855897
3022 1.00925374
3023 1.00687314
3024 1.00681218
