index DenDen_position
1 1.60970291
2 1.56074134
3 1.52448843
4 1.50775268
5 1.48085580
6 1.46415005
7 1.44911204
8 1.44112965
9 1.43853650
10 1.43626016
11 1.43083424
12 1.42712913
13 1.43145480
14 1.45323772
15 1.45376117
16 1.46272696
17 1.47575427
18 1.49757384
19 1.53238938
20 1.57256288
21 1.60970291
22 0.91374370
23 0.92652733
24 0.93506355
25 0.93515524
26 0.94059862
27 0.94967182
28 0.95327273
29 0.94609411
30 0.95378652
31 0.94603729
32 0.95328335
33 0.95663259
34 0.95947758
35 0.95144788
36 0.94178349
37 0.95652252
38 0.94551713
39 0.93924507
40 0.92900210
41 0.92170996
42 0.91374370
43 0.98668745
44 0.99184123
45 0.98345838
46 0.98908829
47 0.98405276
48 0.98552865
49 0.99006414
50 0.98081147
51 0.98921277
52 0.97885619
53 0.98733967
54 0.98063960
55 0.97712106
56 0.98942528
57 0.98410652
58 0.99770408
59 0.98925433
60 0.98302243
61 0.98405324
62 0.98363650
63 0.98668745
64 0.96311225
65 0.97902881
66 0.98279460
67 0.97478299
68 0.97413731
69 0.96677281
70 0.98098940
71 0.97356671
72 0.97795331
73 0.98079026
74 0.97311683
75 0.97311348
76 0.97717732
77 0.97356365
78 0.96925023
79 0.97915742
80 0.96950281
81 0.97973580
82 0.97861736
83 0.97993979
84 0.96311225
85 0.97884029
86 0.96963740
87 0.97054424
88 0.97365062
89 0.97318288
90 0.97934156
91 0.97935293
92 0.97078250
93 0.96933200
94 0.98181829
95 0.97152797
96 0.97397162
97 0.97660389
98 0.97087928
99 0.97413525
100 0.97478308
101 0.97154438
102 0.96784684
103 0.97950208
104 0.97069549
105 0.97884029
106 0.98053411
107 0.97476747
108 0.99251599
109 0.98503081
110 0.97207925
111 0.98122176
112 0.98261301
113 0.97852152
114 0.97563030
115 0.97798679
116 0.99137214
117 0.97967484
118 0.97990270
119 0.98885168
120 0.98035861
121 0.97631338
122 0.97698551
123 0.97803494
124 0.97994182
125 0.98968224
126 0.98053411
127 0.96927952
128 0.95892356
129 0.96826011
130 0.96200444
131 0.96920790
132 0.96408889
133 0.96795930
134 0.96967718
135 0.96718261
136 0.97128851
137 0.96087657
138 0.96282880
139 0.96888642
140 0.97280451
141 0.96349045
142 0.96696848
143 0.96254553
144 0.96498721
145 0.97107215
146 0.95795650
147 0.96927952
148 0.98474495
149 0.97699226
150 0.99377877
151 0.97799678
152 0.97771862
153 0.97847220
154 0.97475950
155 0.99002228
156 0.98459731
157 0.98410665
158 0.98676775
159 0.98849086
160 0.98153618
161 0.98477622
162 0.97929124
163 0.97858818
164 0.98607679
165 0.97981243
166 0.97620047
167 0.97745728
168 0.98474495
169 0.97580636
170 0.97270950
171 0.96377203
172 0.97155757
173 0.96001929
174 0.97679316
175 0.96756794
176 0.97284948
177 0.98405330
178 0.97667013
179 0.96958647
180 0.97303766
181 0.96718440
182 0.97894789
183 0.96915063
184 0.97546077
185 0.97695906
186 0.98383540
187 0.97009779
188 0.97777505
189 0.97580636
190 0.98249819
191 0.97114911
192 0.97441185
193 0.97566348
194 0.97313798
195 0.97367045
196 0.97757117
197 0.97202085
198 0.97599951
199 0.97416008
200 0.97790716
201 0.98414455
202 0.97667590
203 0.97144955
204 0.97844361
205 0.97726897
206 0.98505933
207 0.96923572
208 0.97367966
209 0.97861469
210 0.98249819
211 0.98627543
212 0.98067726
213 0.98688683
214 0.98491695
215 0.97739727
216 0.98765161
217 0.97878666
218 0.97712648
219 0.98588868
220 0.98533347
221 0.99059611
222 0.98853376
223 0.97555599
224 0.99317078
225 0.98257695
226 0.97860719
227 0.98442927
228 0.98188433
229 0.98215996
230 0.98294072
231 0.98627543
232 0.91514232
233 0.93318148
234 0.91866456
235 0.94293845
236 0.94635056
237 0.95354853
238 0.94449054
239 0.94529577
240 0.93722952
241 0.95363592
242 0.94851441
243 0.95592290
244 0.95525316
245 0.95707247
246 0.94889009
247 0.93862104
248 0.94817848
249 0.94216131
250 0.94387731
251 0.93139757
252 0.91514232
253 0.93479490
254 0.94214260
255 0.94321474
256 0.94994824
257 0.96056509
258 0.96458111
259 0.97004342
260 0.96483302
261 0.97449118
262 0.95930895
263 0.96081780
264 0.96240632
265 0.95795624
266 0.95985756
267 0.96150594
268 0.96562445
269 0.95333127
270 0.95592442
271 0.94147665
272 0.94165426
273 0.93479490
274 0.98357660
275 0.99033980
276 1.00170031
277 0.99678506
278 0.98942911
279 0.98524084
280 0.99459712
281 0.99127195
282 0.99175429
283 0.99723386
284 0.98996851
285 0.99698831
286 0.98892523
287 1.00040469
288 0.99235775
289 0.99323121
290 0.98521129
291 0.99231228
292 0.99566983
293 0.99040100
294 0.98357660
295 0.97999974
296 0.98551448
297 0.97654241
298 0.97823846
299 0.97832966
300 0.98574925
301 0.97707025
302 0.98022723
303 0.97726343
304 0.98564684
305 0.98009182
306 0.97487921
307 0.97776861
308 0.98121122
309 0.97971001
310 0.97208770
311 0.97824154
312 0.97881317
313 0.96844404
314 0.97902699
315 0.97999974
316 0.97997131
317 0.98041078
318 0.97944407
319 0.96899016
320 0.97887289
321 0.98181855
322 0.97818820
323 0.98165615
324 0.97262710
325 0.98496489
326 0.97971594
327 0.97914376
328 0.98208822
329 0.98394833
330 0.97500186
331 0.97883858
332 0.96385469
333 0.98500776
334 0.98279609
335 0.97287461
336 0.97997131
337 0.97844954
338 0.97389534
339 0.98540758
340 0.99038976
341 0.98525454
342 0.98088998
343 0.98090814
344 0.96884758
345 0.97388175
346 0.98819970
347 0.97658685
348 0.97570999
349 0.98714860
350 0.98164538
351 0.97663298
352 0.98389914
353 0.97617120
354 0.98522214
355 0.97690321
356 0.98343016
357 0.97844954
358 0.96294037
359 0.97251409
360 0.97465092
361 0.97060592
362 0.97071427
363 0.97564614
364 0.96919339
365 0.98069887
366 0.97206081
367 0.97370453
368 0.96604009
369 0.97121923
370 0.97479834
371 0.98160802
372 0.97942146
373 0.97338809
374 0.98019337
375 0.97703880
376 0.97760739
377 0.97305739
378 0.96294037
379 0.98535837
380 0.97660662
381 0.97458846
382 0.97791813
383 0.98051258
384 0.97389301
385 0.97380808
386 0.97735297
387 0.96885422
388 0.97637656
389 0.97794394
390 0.98582155
391 0.98298916
392 0.98165873
393 0.98475691
394 0.98625777
395 0.97890732
396 0.98498194
397 0.98222621
398 0.98567328
399 0.98535837
400 0.97889585
401 0.98136914
402 0.97835568
403 0.98325031
404 0.98320196
405 0.98493701
406 0.98350910
407 0.98778648
408 0.97274396
409 0.98521272
410 0.98523893
411 0.98245165
412 0.98900131
413 0.97669468
414 0.98486652
415 0.98331483
416 0.98584528
417 0.97408328
418 0.97491261
419 0.98104183
420 0.97889585
421 0.98398517
422 0.97909594
423 0.98220511
424 0.97803094
425 0.98674034
426 0.96985170
427 0.97585769
428 0.98513700
429 0.97753519
430 0.98371219
431 0.98969603
432 0.98058872
433 0.97851636
434 0.98072402
435 0.97993908
436 0.98898540
437 0.98272954
438 0.97984281
439 0.98387366
440 0.97262978
441 0.98398517
442 0.97142453
443 0.97663624
444 0.98212722
445 0.96655724
446 0.97651517
447 0.97634311
448 0.98225456
449 0.96981208
450 0.97627179
451 0.96817409
452 0.97630300
453 0.97749034
454 0.97460355
455 0.97647378
456 0.96999568
457 0.98392377
458 0.97921788
459 0.98860405
460 0.97467847
461 0.97816960
462 0.97142453
463 0.97593847
464 0.98755856
465 0.98482696
466 0.97642807
467 0.98138088
468 0.98335063
469 0.97777306
470 0.98233590
471 0.97847613
472 0.98079083
473 0.98184850
474 0.97433888
475 0.97857094
476 0.97364934
477 0.98277905
478 0.97540031
479 0.97979434
480 0.98379925
481 0.98221589
482 0.98300388
483 0.97593847
484 0.99284698
485 0.98186804
486 0.98751847
487 0.99122613
488 0.98908854
489 0.98532282
490 0.99404040
491 0.98370147
492 0.98814552
493 0.99091324
494 0.99433673
495 0.99190372
496 0.99057322
497 0.99747073
498 0.99372926
499 0.99102530
500 0.98301337
501 0.99204715
502 0.97726073
503 0.99109576
504 0.99284698
505 0.96729297
506 0.97798101
507 0.97264523
508 0.97087018
509 0.97360765
510 0.97773717
511 0.96944227
512 0.96889321
513 0.97111104
514 0.96994118
515 0.97558586
516 0.97370972
517 0.97398862
518 0.97883366
519 0.96989229
520 0.97766013
521 0.97233578
522 0.96449437
523 0.96932631
524 0.97089770
525 0.96729297
526 0.98703491
527 0.98350795
528 0.97801958
529 0.98050751
530 0.97690124
531 0.98724384
532 0.97699476
533 0.97162332
534 0.97717266
535 0.97810146
536 0.98298959
537 0.98342402
538 0.97306653
539 0.97255039
540 0.98664155
541 0.97261221
542 0.97418598
543 0.98003306
544 0.97413474
545 0.98215594
546 0.98703491
547 0.99389280
548 0.98494889
549 0.99006422
550 0.99303667
551 0.98505224
552 0.98181688
553 0.98878887
554 0.97596195
555 0.98252865
556 0.99345675
557 0.99250330
558 0.99057616
559 0.97941827
560 0.97918938
561 0.99262759
562 0.98452395
563 0.99403724
564 0.98112369
565 0.98782843
566 0.98886730
567 0.99389280
568 0.98902396
569 0.98589954
570 0.98463654
571 0.98806483
572 0.98057670
573 0.98268244
574 0.98620380
575 0.98349418
576 0.98887725
577 0.98616832
578 0.98179781
579 0.99000993
580 0.99324520
581 0.98959489
582 0.98678622
583 0.98522657
584 0.99333493
585 0.99057958
586 0.97765792
587 0.98645206
588 0.98902396
589 0.96988659
590 0.96750055
591 0.97350417
592 0.96902292
593 0.97148225
594 0.96952074
595 0.97504399
596 0.97077619
597 0.96265835
598 0.96401643
599 0.97423885
600 0.97186821
601 0.96606858
602 0.96866609
603 0.96678733
604 0.96194450
605 0.97461548
606 0.96645120
607 0.96976239
608 0.96103409
609 0.96988659
610 0.98566851
611 0.98201404
612 0.98243996
613 0.98169628
614 0.97667238
615 0.97491402
616 0.97527886
617 0.97311199
618 0.98125607
619 0.97799940
620 0.97080828
621 0.97741154
622 0.97464493
623 0.97052966
624 0.98337182
625 0.96763564
626 0.98041247
627 0.97534018
628 0.97448189
629 0.96584180
630 0.98566851
631 0.98602533
632 0.97490357
633 0.98400678
634 0.98014564
635 0.98202118
636 0.98058107
637 0.97637108
638 0.98464795
639 0.98535181
640 0.97581407
641 0.97576722
642 0.98169379
643 0.98664691
644 0.98477787
645 0.98450020
646 0.98682480
647 0.97586155
648 0.97724789
649 0.98887445
650 0.98422890
651 0.98602533
652 0.97947888
653 0.97162893
654 0.96924000
655 0.96976107
656 0.96496279
657 0.97038585
658 0.97210672
659 0.96769502
660 0.97151214
661 0.96837618
662 0.98326999
663 0.97423626
664 0.97503089
665 0.96202468
666 0.97801716
667 0.97013626
668 0.98261488
669 0.96951548
670 0.96651112
671 0.97291694
672 0.97947888
673 0.97825829
674 0.98307168
675 0.98086258
676 0.97463511
677 0.98150898
678 0.97775924
679 0.98315844
680 0.98340275
681 0.98106218
682 0.97798259
683 0.98353091
684 0.98143266
685 0.98447510
686 0.97856452
687 0.98405506
688 0.97059601
689 0.97256628
690 0.98853064
691 0.98206969
692 0.97742554
693 0.97825829
694 0.97695458
695 0.98193777
696 0.99016112
697 0.98731538
698 0.97512414
699 0.97409963
700 0.98544232
701 0.98138535
702 0.98943529
703 0.97723526
704 0.98315383
705 0.97539262
706 0.97446743
707 0.97983470
708 0.98748320
709 0.97270074
710 0.97891083
711 0.98058031
712 0.98071143
713 0.98576473
714 0.97695458
715 0.98183152
716 0.98711845
717 0.98252088
718 0.97753374
719 0.98218459
720 0.97389878
721 0.98719422
722 0.98740366
723 0.97289591
724 0.98362930
725 0.97736871
726 0.97761368
727 0.98028904
728 0.98458082
729 0.97836929
730 0.97822799
731 0.97913445
732 0.98626839
733 0.98092374
734 0.98166933
735 0.98183152
736 0.98102017
737 0.96854056
738 0.97885494
739 0.98262879
740 0.97552615
741 0.97747617
742 0.97485173
743 0.98465052
744 0.98511651
745 0.98722123
746 0.97783584
747 0.98393738
748 0.98103376
749 0.98250129
750 0.98026705
751 0.98055309
752 0.99286197
753 0.98028614
754 0.97595115
755 0.97844771
756 0.98102017
757 0.99181884
758 0.97913790
759 0.98406496
760 0.98322414
761 0.98490271
762 0.98024624
763 0.98083254
764 0.97983411
765 0.97365976
766 0.97973938
767 0.98204492
768 0.98101640
769 0.99918581
770 0.98302318
771 0.97712408
772 0.98378572
773 0.98077977
774 0.99436322
775 0.98452271
776 0.97714585
777 0.99181884
778 0.97402382
779 0.96829762
780 0.97389414
781 0.96713197
782 0.97879477
783 0.96724962
784 0.97314720
785 0.96948323
786 0.97133748
787 0.97449856
788 0.97429905
789 0.97480984
790 0.96342697
791 0.97625717
792 0.96930050
793 0.96828303
794 0.97107313
795 0.97248564
796 0.96924371
797 0.97513994
798 0.97402382
799 0.97516930
800 0.98336216
801 0.97446581
802 0.98363296
803 0.98041367
804 0.97521483
805 0.97637233
806 0.97774955
807 0.97468264
808 0.97788642
809 0.97953734
810 0.97721475
811 0.96961790
812 0.97722599
813 0.97872853
814 0.97934742
815 0.97580731
816 0.97653931
817 0.97985019
818 0.97826046
819 0.97516930
820 0.99039098
821 0.97337649
822 0.98193359
823 0.98444766
824 0.98300292
825 0.98933661
826 0.98211700
827 0.97813350
828 0.97778140
829 0.98989336
830 0.98429312
831 0.98056430
832 0.98911784
833 0.98081992
834 0.98786938
835 0.98570201
836 0.98675510
837 0.98601193
838 0.97732449
839 0.99167108
840 0.99039098
841 0.97718712
842 0.99024771
843 0.98459982
844 0.98684402
845 0.98589446
846 0.97979457
847 0.97521876
848 0.97976724
849 0.97687854
850 0.98093554
851 0.97443866
852 0.97063357
853 0.99089562
854 0.97985954
855 0.97287878
856 0.98488532
857 0.97833562
858 0.97714103
859 0.98029549
860 0.98291566
861 0.97718712
862 0.97323342
863 0.97937571
864 0.98542579
865 0.98707254
866 0.98721523
867 0.97731995
868 0.97925990
869 0.97601665
870 0.98059462
871 0.97447510
872 0.97349421
873 0.98123142
874 0.98303352
875 0.97402567
876 0.97630141
877 0.98105557
878 0.98189709
879 0.97372636
880 0.97581249
881 0.97945570
882 0.97323342
883 0.97818533
884 0.97858969
885 0.97216958
886 0.97828217
887 0.97571136
888 0.97699735
889 0.98698035
890 0.97885087
891 0.98499284
892 0.98034144
893 0.98164082
894 0.98447567
895 0.97578709
896 0.98037909
897 0.97915177
898 0.98447773
899 0.97938499
900 0.98129395
901 0.97688937
902 0.97754178
903 0.97818533
904 0.98295013
905 0.97276225
906 0.97438962
907 0.98204529
908 0.97629777
909 0.97503902
910 0.97813104
911 0.97196958
912 0.96936147
913 0.98512194
914 0.98716118
915 0.97736682
916 0.96561914
917 0.97760249
918 0.98604705
919 0.96784739
920 0.98525900
921 0.97389814
922 0.97124305
923 0.97305269
924 0.98295013
925 0.98120489
926 0.97258732
927 0.97546622
928 0.96778796
929 0.97238914
930 0.98490016
931 0.97640939
932 0.97508125
933 0.96875381
934 0.97345149
935 0.97724428
936 0.98067974
937 0.97183440
938 0.97396378
939 0.98334971
940 0.97474264
941 0.98051627
942 0.97556336
943 0.97507527
944 0.97256551
945 0.98120489
946 0.97968670
947 0.97529373
948 0.97954737
949 0.97750974
950 0.98276747
951 0.97444928
952 0.96660709
953 0.97997564
954 0.98248311
955 0.98135693
956 0.97617226
957 0.97810372
958 0.97889614
959 0.97947988
960 0.98535219
961 0.98927067
962 0.97489122
963 0.98356233
964 0.98011616
965 0.97938401
966 0.97968670
967 0.98588044
968 0.97375440
969 0.97978436
970 0.98948306
971 0.97483009
972 0.97474453
973 0.97615088
974 0.98035322
975 0.97865754
976 0.97807280
977 0.96916936
978 0.97532926
979 0.98021065
980 0.96802223
981 0.98025719
982 0.98638525
983 0.97810778
984 0.97725344
985 0.98234618
986 0.97982161
987 0.98588044
988 0.96668376
989 0.97095520
990 0.97297292
991 0.98087577
992 0.96916008
993 0.98189895
994 0.96755937
995 0.97954961
996 0.97638966
997 0.97733857
998 0.97593024
999 0.97619346
1000 0.97734755
1001 0.98155750
1002 0.98583523
1003 0.97372751
1004 0.98135313
1005 0.97432639
1006 0.97114538
1007 0.97454938
1008 0.96668376
1009 0.96856450
1010 0.96783023
1011 0.97530147
1012 0.97929879
1013 0.97399242
1014 0.96819622
1015 0.96850070
1016 0.96719611
1017 0.96894377
1018 0.97806753
1019 0.97478156
1020 0.96150674
1021 0.97115326
1022 0.97029861
1023 0.97410846
1024 0.96567273
1025 0.97306793
1026 0.97155842
1027 0.96920679
1028 0.95919459
1029 0.96856450
1030 0.98707423
1031 0.98600277
1032 0.98389122
1033 0.98465546
1034 0.99556047
1035 0.98408758
1036 0.98751634
1037 0.98647589
1038 0.99282538
1039 1.00246401
1040 0.98665989
1041 0.98414140
1042 0.99314250
1043 0.98719232
1044 0.98867809
1045 0.98941462
1046 0.98330917
1047 0.98319375
1048 0.98039835
1049 0.98685531
1050 0.98707423
1051 0.98167315
1052 0.98467362
1053 0.97843182
1054 0.98375735
1055 0.98202219
1056 0.97308216
1057 0.98750128
1058 0.98049098
1059 0.97608387
1060 0.97752701
1061 0.97682112
1062 0.98329341
1063 0.98430459
1064 0.97016668
1065 0.98393884
1066 0.97974034
1067 0.98519781
1068 0.97295859
1069 0.98568554
1070 0.98378216
1071 0.98167315
1072 0.97326271
1073 0.97659661
1074 0.97963073
1075 0.97401622
1076 0.97508185
1077 0.97409044
1078 0.99038988
1079 0.98621462
1080 0.97239771
1081 0.97895080
1082 0.97834523
1083 0.97305423
1084 0.97511859
1085 0.96776511
1086 0.97598537
1087 0.97862809
1088 0.97537196
1089 0.98106737
1090 0.97999473
1091 0.98400277
1092 0.97326271
1093 0.98550773
1094 0.98284712
1095 0.98623424
1096 0.97783610
1097 0.96907803
1098 0.98457236
1099 0.97496391
1100 0.98398614
1101 0.97819491
1102 0.98227591
1103 0.97884145
1104 0.99020133
1105 0.97138232
1106 0.98579350
1107 0.97313249
1108 0.97703659
1109 0.97384523
1110 0.97998933
1111 0.98019044
1112 0.98213869
1113 0.98550773
1114 0.97639258
1115 0.97765702
1116 0.98312056
1117 0.98065771
1118 0.98648784
1119 0.98024244
1120 0.96991744
1121 0.98215094
1122 0.98044439
1123 0.97592342
1124 0.98236965
1125 0.97528806
1126 0.98060895
1127 0.96705491
1128 0.97160207
1129 0.97999914
1130 0.98236204
1131 0.98139816
1132 0.98147095
1133 0.99048959
1134 0.97639258
1135 0.97678089
1136 0.97806757
1137 0.97205164
1138 0.97589240
1139 0.97868146
1140 0.97620751
1141 0.97653464
1142 0.97398917
1143 0.96956301
1144 0.96654086
1145 0.98429489
1146 0.97436591
1147 0.97677019
1148 0.97180295
1149 0.97742492
1150 0.97610806
1151 0.97449541
1152 0.97423644
1153 0.98231126
1154 0.97079334
1155 0.97678089
1156 0.97953081
1157 0.97888406
1158 0.98257220
1159 0.98050518
1160 0.98628658
1161 0.97586165
1162 0.98992611
1163 0.98517822
1164 0.97588719
1165 0.98195639
1166 0.98211007
1167 0.97121573
1168 0.96737765
1169 0.97976503
1170 0.97375862
1171 0.97746986
1172 0.96740661
1173 0.98218791
1174 0.97191100
1175 0.97725538
1176 0.97953081
1177 0.98346259
1178 0.97963835
1179 0.96785111
1180 0.97706624
1181 0.97803515
1182 0.97594247
1183 0.96827182
1184 0.97738346
1185 0.96277656
1186 0.98045358
1187 0.97559577
1188 0.97559504
1189 0.97350975
1190 0.98353580
1191 0.96334149
1192 0.97298231
1193 0.97884902
1194 0.98376912
1195 0.97917062
1196 0.97162733
1197 0.98346259
1198 0.97754409
1199 0.97726434
1200 0.97921730
1201 0.98455241
1202 0.97870900
1203 0.98151397
1204 0.97822454
1205 0.98624541
1206 0.97589428
1207 0.97783574
1208 0.97848432
1209 0.98063670
1210 0.97751757
1211 0.97874364
1212 0.98102090
1213 0.98059149
1214 0.97522919
1215 0.97591279
1216 0.98434608
1217 0.98265511
1218 0.97754409
1219 0.97746726
1220 0.98852706
1221 0.97274167
1222 0.97631157
1223 0.97331160
1224 0.96952674
1225 0.98397260
1226 0.97514463
1227 0.97664769
1228 0.97243250
1229 0.96881790
1230 0.97224693
1231 0.97539272
1232 0.98112317
1233 0.97782009
1234 0.96302877
1235 0.97892031
1236 0.97275496
1237 0.98140885
1238 0.97481563
1239 0.97746726
1240 0.97154828
1241 0.97369527
1242 0.98278194
1243 0.97162664
1244 0.97464684
1245 0.97942434
1246 0.97625504
1247 0.97622560
1248 0.97181258
1249 0.96845918
1250 0.96763200
1251 0.97374455
1252 0.97687640
1253 0.97984703
1254 0.96961831
1255 0.97982399
1256 0.97613499
1257 0.98581767
1258 0.97087649
1259 0.97321689
1260 0.97154828
1261 0.97799639
1262 0.97103994
1263 0.96882453
1264 0.97541588
1265 0.97193892
1266 0.97545439
1267 0.97604932
1268 0.98547114
1269 0.97008704
1270 0.97548240
1271 0.97076241
1272 0.97532672
1273 0.97137085
1274 0.97012858
1275 0.96877500
1276 0.97382760
1277 0.97464125
1278 0.96498475
1279 0.96333053
1280 0.97152420
1281 0.97799639
1282 0.97002525
1283 0.97431914
1284 0.97447956
1285 0.97998826
1286 0.97074859
1287 0.97630167
1288 0.97225071
1289 0.98241926
1290 0.98406801
1291 0.97933770
1292 0.97237352
1293 0.98978798
1294 0.97562851
1295 0.98014228
1296 0.97312942
1297 0.97854930
1298 0.97712665
1299 0.98106734
1300 0.97960959
1301 0.96241448
1302 0.97002525
1303 0.99143012
1304 0.98223666
1305 0.98254580
1306 0.98202619
1307 0.98370264
1308 0.98880915
1309 0.98002705
1310 0.98552263
1311 0.99141956
1312 0.98999000
1313 0.98823998
1314 0.97716162
1315 0.98144215
1316 0.99181297
1317 0.98019628
1318 0.98120707
1319 0.97651546
1320 0.99003242
1321 0.98424933
1322 0.98641159
1323 0.99143012
1324 0.98558592
1325 0.97835489
1326 0.97717092
1327 0.97486378
1328 0.97972571
1329 0.97513977
1330 0.97847390
1331 0.97929476
1332 0.97890305
1333 0.98202904
1334 0.97473528
1335 0.98667173
1336 0.97857527
1337 0.97762593
1338 0.98568784
1339 0.97196416
1340 0.97791551
1341 0.98189951
1342 0.98446555
1343 0.98416780
1344 0.98558592
1345 0.97687211
1346 0.97757935
1347 0.97212061
1348 0.97663488
1349 0.98134956
1350 0.98088903
1351 0.96910099
1352 0.97350907
1353 0.97983579
1354 0.97219275
1355 0.97615797
1356 0.98232224
1357 0.98283910
1358 0.97906277
1359 0.98046873
1360 0.97312722
1361 0.97599023
1362 0.98295723
1363 0.97681488
1364 0.98166975
1365 0.97687211
1366 0.97440461
1367 0.97910003
1368 0.96854177
1369 0.97149628
1370 0.96674529
1371 0.98205679
1372 0.96476028
1373 0.97237529
1374 0.97185663
1375 0.97817702
1376 0.97113933
1377 0.96948344
1378 0.98100169
1379 0.97732530
1380 0.96383169
1381 0.97310294
1382 0.97463071
1383 0.97761727
1384 0.97454591
1385 0.96933533
1386 0.97440461
1387 0.97890835
1388 0.97621899
1389 0.98778559
1390 0.97453045
1391 0.97945263
1392 0.98348052
1393 0.98600939
1394 0.97699791
1395 0.98338836
1396 0.98151385
1397 0.98141894
1398 0.96962618
1399 0.97431830
1400 0.98068495
1401 0.97596661
1402 0.97738110
1403 0.98456695
1404 0.97591514
1405 0.98831988
1406 0.98695159
1407 0.97890835
1408 0.98643760
1409 0.97336464
1410 0.98066924
1411 0.98249531
1412 0.98796418
1413 0.98422778
1414 0.98014645
1415 0.98842400
1416 0.97989344
1417 0.98243423
1418 0.98244988
1419 0.97463280
1420 0.97986936
1421 0.97890729
1422 0.97918549
1423 0.97868302
1424 0.98057721
1425 0.97439222
1426 0.98511347
1427 0.97885907
1428 0.98643760
1429 0.97731120
1430 0.97661802
1431 0.97676737
1432 0.97230080
1433 0.98231464
1434 0.97542696
1435 0.96657500
1436 0.98053681
1437 0.97871262
1438 0.98186970
1439 0.96779626
1440 0.97302440
1441 0.97762382
1442 0.98089744
1443 0.98583733
1444 0.97187481
1445 0.97110722
1446 0.98393012
1447 0.97912075
1448 0.98191855
1449 0.97731120
1450 0.96119430
1451 0.96410776
1452 0.97789200
1453 0.97151926
1454 0.96691491
1455 0.97348974
1456 0.98440855
1457 0.96527643
1458 0.97487108
1459 0.96556662
1460 0.97379475
1461 0.96989170
1462 0.97694046
1463 0.97225848
1464 0.97217684
1465 0.97667964
1466 0.96928781
1467 0.97085838
1468 0.97179439
1469 0.97474900
1470 0.96119430
1471 0.97998499
1472 0.98236012
1473 0.98086447
1474 0.98605587
1475 0.97776691
1476 0.98942785
1477 0.98168598
1478 0.98398793
1479 0.98287658
1480 0.98492223
1481 0.97465967
1482 0.97257560
1483 0.97609497
1484 0.97204008
1485 0.98593609
1486 0.98794477
1487 0.98295054
1488 0.97092137
1489 0.97437009
1490 0.97208221
1491 0.97998499
1492 0.97913628
1493 0.98385765
1494 0.98535432
1495 0.97549026
1496 0.98518014
1497 0.97268839
1498 0.97710240
1499 0.97641692
1500 0.97712933
1501 0.98429922
1502 0.98344255
1503 0.97384317
1504 0.98683112
1505 0.98585780
1506 0.97637834
1507 0.98707808
1508 0.98172176
1509 0.97912994
1510 0.98287709
1511 0.97690688
1512 0.97913628
1513 0.97996172
1514 0.98213491
1515 0.98916447
1516 0.98521813
1517 0.97837568
1518 0.98036289
1519 0.98293446
1520 0.98758811
1521 0.97811630
1522 0.98819875
1523 0.98352296
1524 0.97908226
1525 0.98097445
1526 0.98655012
1527 0.98062013
1528 0.98244451
1529 0.97547687
1530 0.98294721
1531 0.98477807
1532 0.98144950
1533 0.97996172
1534 0.98034908
1535 0.98597313
1536 0.97663347
1537 0.97833367
1538 0.97826677
1539 0.98134440
1540 0.98602507
1541 0.97137910
1542 0.98119879
1543 0.97814978
1544 0.98431545
1545 0.97826204
1546 0.97592319
1547 0.97653879
1548 0.97951492
1549 0.98207824
1550 0.97869142
1551 0.97437156
1552 0.98429455
1553 0.98026267
1554 0.98034908
1555 0.98098763
1556 0.97327452
1557 0.97682657
1558 0.97242904
1559 0.98046196
1560 0.98970364
1561 0.97202646
1562 0.98549755
1563 0.98350876
1564 0.97464869
1565 0.97528625
1566 0.97660542
1567 0.97458997
1568 0.97333904
1569 0.98278619
1570 0.97735560
1571 0.98292262
1572 0.98944929
1573 0.97645464
1574 0.97614173
1575 0.98098763
1576 0.97829569
1577 0.98391684
1578 0.97553550
1579 0.98042724
1580 0.98237476
1581 0.97882366
1582 0.97656202
1583 0.97999635
1584 0.97587753
1585 0.98314100
1586 0.97794965
1587 0.98006929
1588 0.97739408
1589 0.97050489
1590 0.98002191
1591 0.97112760
1592 0.99081666
1593 0.98012821
1594 0.97174663
1595 0.97300844
1596 0.97829569
1597 0.98648003
1598 0.98705986
1599 0.98270732
1600 0.98173660
1601 0.97917361
1602 0.97570175
1603 0.99097603
1604 0.98453022
1605 0.97951955
1606 0.98512387
1607 0.98516049
1608 0.98266722
1609 0.97765452
1610 0.98509416
1611 0.98304625
1612 0.98981457
1613 0.98048638
1614 0.99053995
1615 0.98155026
1616 0.98383841
1617 0.98648003
1618 0.97154499
1619 0.96315482
1620 0.97756336
1621 0.96827293
1622 0.97067933
1623 0.96525845
1624 0.98580676
1625 0.96789491
1626 0.97651535
1627 0.97044217
1628 0.97086888
1629 0.97439983
1630 0.97043127
1631 0.97047587
1632 0.97411280
1633 0.97411559
1634 0.97722432
1635 0.98144679
1636 0.98065553
1637 0.97277911
1638 0.97154499
1639 0.97877071
1640 0.97735729
1641 0.97455916
1642 0.98012972
1643 0.96990633
1644 0.97085548
1645 0.96790303
1646 0.97806929
1647 0.96873250
1648 0.97153285
1649 0.97566487
1650 0.98090345
1651 0.97460892
1652 0.97126992
1653 0.97576516
1654 0.96599017
1655 0.96558960
1656 0.96259868
1657 0.97927356
1658 0.97586796
1659 0.97877071
1660 0.98407185
1661 0.98337807
1662 0.96961731
1663 0.97429152
1664 0.98185446
1665 0.97700659
1666 0.97749929
1667 0.97428004
1668 0.97994303
1669 0.97883963
1670 0.97480960
1671 0.97188477
1672 0.97654108
1673 0.96825329
1674 0.98496896
1675 0.97663106
1676 0.97921091
1677 0.97399540
1678 0.97195605
1679 0.97968854
1680 0.98407185
1681 0.98023045
1682 0.98934665
1683 0.99808692
1684 0.98392918
1685 0.98216928
1686 0.97457813
1687 0.99363453
1688 0.98038540
1689 0.97384330
1690 0.98861960
1691 0.98707734
1692 0.98112510
1693 0.98276892
1694 0.99041363
1695 0.99598829
1696 0.97395582
1697 0.98869423
1698 0.98529036
1699 0.98719355
1700 0.97479222
1701 0.98023045
1702 0.98234237
1703 0.97889591
1704 0.97397683
1705 0.97747681
1706 0.97394205
1707 0.98778432
1708 0.98168843
1709 0.98406130
1710 0.97057528
1711 0.97237572
1712 0.98370050
1713 0.97342922
1714 0.98109489
1715 0.97918832
1716 0.98122011
1717 0.97718331
1718 0.97728526
1719 0.97545982
1720 0.98446310
1721 0.98833371
1722 0.98234237
1723 0.97996616
1724 0.98073202
1725 0.98541350
1726 0.98111640
1727 0.98484415
1728 0.96886633
1729 0.97995112
1730 0.97540304
1731 0.98314299
1732 0.97508672
1733 0.98138965
1734 0.97327202
1735 0.97396939
1736 0.98085810
1737 0.97978121
1738 0.97420393
1739 0.98608377
1740 0.97401524
1741 0.98347866
1742 0.97617242
1743 0.97996616
1744 0.98612908
1745 0.97116404
1746 0.98860123
1747 0.97995150
1748 0.97663354
1749 0.97848959
1750 0.97143739
1751 0.98150608
1752 0.97714938
1753 0.98141294
1754 0.98157136
1755 0.97677454
1756 0.99030301
1757 0.98185099
1758 0.97810340
1759 0.98120697
1760 0.97586457
1761 0.98077513
1762 0.98110414
1763 0.98194961
1764 0.98612908
1765 0.98046838
1766 0.97416867
1767 0.96668933
1768 0.98034131
1769 0.97315063
1770 0.97138169
1771 0.97248236
1772 0.97712501
1773 0.97160149
1774 0.96912135
1775 0.97329482
1776 0.97106171
1777 0.97141256
1778 0.97185946
1779 0.97082050
1780 0.96694231
1781 0.97276656
1782 0.96754908
1783 0.97154875
1784 0.97745219
1785 0.98046838
1786 0.98618250
1787 0.97273076
1788 0.98577345
1789 0.98239851
1790 0.98121738
1791 0.97478747
1792 0.98413572
1793 0.98265456
1794 0.98536393
1795 0.98113936
1796 0.98228191
1797 0.98268773
1798 0.99595593
1799 0.98359298
1800 0.97739286
1801 0.98992531
1802 0.98150660
1803 0.98256887
1804 0.98252691
1805 0.97033821
1806 0.98618250
1807 0.97686407
1808 0.97805347
1809 0.97510707
1810 0.97044739
1811 0.98043234
1812 0.97020455
1813 0.98198847
1814 0.97614028
1815 0.97855220
1816 0.97223512
1817 0.97809521
1818 0.97868411
1819 0.97971967
1820 0.97879396
1821 0.98092825
1822 0.97525634
1823 0.97335059
1824 0.98178175
1825 0.98391270
1826 0.98733689
1827 0.97686407
1828 0.96582711
1829 0.97040231
1830 0.96753895
1831 0.97928722
1832 0.97320654
1833 0.96694421
1834 0.97902542
1835 0.97142257
1836 0.97577887
1837 0.97312986
1838 0.97819572
1839 0.98265160
1840 0.98074770
1841 0.97265840
1842 0.97208371
1843 0.97540420
1844 0.97730277
1845 0.96545758
1846 0.97592817
1847 0.97542497
1848 0.96582711
1849 0.97714668
1850 0.96995133
1851 0.97484068
1852 0.98419048
1853 0.97526429
1854 0.97870858
1855 0.97774719
1856 0.96943528
1857 0.97661246
1858 0.97695309
1859 0.96953073
1860 0.97742831
1861 0.97198417
1862 0.97934670
1863 0.98157997
1864 0.97919237
1865 0.97517050
1866 0.97427168
1867 0.97631580
1868 0.97726042
1869 0.97714668
1870 0.98094122
1871 0.97737592
1872 0.98306181
1873 0.97828098
1874 0.97282564
1875 0.97747227
1876 0.97714017
1877 0.97529106
1878 0.97286882
1879 0.98618771
1880 0.97931560
1881 0.97227881
1882 0.97421986
1883 0.97595945
1884 0.97930573
1885 0.97521403
1886 0.97995083
1887 0.97398191
1888 0.97822894
1889 0.97583175
1890 0.98094122
1891 0.98557679
1892 0.97670077
1893 0.98307055
1894 0.97693122
1895 0.98034873
1896 0.97843639
1897 0.97668851
1898 0.97138665
1899 0.98022180
1900 0.98132715
1901 0.98048544
1902 0.98443869
1903 0.97736518
1904 0.98227189
1905 0.98291686
1906 0.97587874
1907 0.96882060
1908 0.98226370
1909 0.97512055
1910 0.96835916
1911 0.98557679
1912 0.97449917
1913 0.97379758
1914 0.98465981
1915 0.97372722
1916 0.97749953
1917 0.97422233
1918 0.97293093
1919 0.97037546
1920 0.97414427
1921 0.97221286
1922 0.96960884
1923 0.97901953
1924 0.96585315
1925 0.97844953
1926 0.97881937
1927 0.97515443
1928 0.97701543
1929 0.97274061
1930 0.98132471
1931 0.97172104
1932 0.97449917
1933 0.97884871
1934 0.98078935
1935 0.98118252
1936 0.97388927
1937 0.98749658
1938 0.97610737
1939 0.98182381
1940 0.98188603
1941 0.97305893
1942 0.98499765
1943 0.97029714
1944 0.97904365
1945 0.97948041
1946 0.97675670
1947 0.97567779
1948 0.97109762
1949 0.96707469
1950 0.98371068
1951 0.97572619
1952 0.97826880
1953 0.97884871
1954 0.97499920
1955 0.97561350
1956 0.97930005
1957 0.96830654
1958 0.97642306
1959 0.98140432
1960 0.97466659
1961 0.97211354
1962 0.97746163
1963 0.97920439
1964 0.97989891
1965 0.97638949
1966 0.97180017
1967 0.97598962
1968 0.97588995
1969 0.98630602
1970 0.98212436
1971 0.98276127
1972 0.97815403
1973 0.97473887
1974 0.97499920
1975 0.98165463
1976 0.98467723
1977 0.98478666
1978 0.99487929
1979 0.97749951
1980 0.99376501
1981 0.98152223
1982 0.97836769
1983 0.98047767
1984 0.96859423
1985 0.98954282
1986 0.99329175
1987 0.98543945
1988 0.98530343
1989 0.98171535
1990 0.99554421
1991 0.98148158
1992 0.97931803
1993 0.98699208
1994 0.98909093
1995 0.98165463
1996 0.98471178
1997 0.97848799
1998 0.97710079
1999 0.97106006
2000 0.97887814
2001 0.98174744
2002 0.97857223
2003 0.98151232
2004 0.98398468
2005 0.98839768
2006 0.97504978
2007 0.97404875
2008 0.97053334
2009 0.97469590
2010 0.97192475
2011 0.98253716
2012 0.98251064
2013 0.97317337
2014 0.98300629
2015 0.97383434
2016 0.98471178
2017 0.97709359
2018 0.98001066
2019 0.98377628
2020 0.97089379
2021 0.95711681
2022 0.97045557
2023 0.97283019
2024 0.97310278
2025 0.97738545
2026 0.97254747
2027 0.97651587
2028 0.96909299
2029 0.97343004
2030 0.96894347
2031 0.96818845
2032 0.96564980
2033 0.97584095
2034 0.97333259
2035 0.98134320
2036 0.97046518
2037 0.97709359
2038 0.98246083
2039 0.98295823
2040 0.97699624
2041 0.97734701
2042 0.97541921
2043 0.96877796
2044 0.97569307
2045 0.98598833
2046 0.97180748
2047 0.97305326
2048 0.97832369
2049 0.96813534
2050 0.98046851
2051 0.97514182
2052 0.97602355
2053 0.97000206
2054 0.98091355
2055 0.96925619
2056 0.97632416
2057 0.96588344
2058 0.98246083
2059 0.97281680
2060 0.97912282
2061 0.97297101
2062 0.97812446
2063 0.97809310
2064 0.97786231
2065 0.97841269
2066 0.97302104
2067 0.97593676
2068 0.98417838
2069 0.97393729
2070 0.97793426
2071 0.97012957
2072 0.97242485
2073 0.97310543
2074 0.97385961
2075 0.98200324
2076 0.98259686
2077 0.97446207
2078 0.98069650
2079 0.97281680
2080 0.97480180
2081 0.98539507
2082 0.97462229
2083 0.98199878
2084 0.98081255
2085 0.99018801
2086 0.97933582
2087 0.98235900
2088 0.97439442
2089 0.96761972
2090 0.98009618
2091 0.98021552
2092 0.98753923
2093 0.97470479
2094 0.97714605
2095 0.97769580
2096 0.97905292
2097 0.98238328
2098 0.99178383
2099 0.98292870
2100 0.97480180
2101 0.97269310
2102 0.97005155
2103 0.96604817
2104 0.97433207
2105 0.97340311
2106 0.97595099
2107 0.97812175
2108 0.97966035
2109 0.96821369
2110 0.98689273
2111 0.97391714
2112 0.97392577
2113 0.97307025
2114 0.97564531
2115 0.96659691
2116 0.97476525
2117 0.97902589
2118 0.97995336
2119 0.98154614
2120 0.97344511
2121 0.97269310
2122 0.98024794
2123 0.97940381
2124 0.97941033
2125 0.98420148
2126 0.97129795
2127 0.97705550
2128 0.97222561
2129 0.98219587
2130 0.98835872
2131 0.97389604
2132 0.97755566
2133 0.98831524
2134 0.98053328
2135 0.97628485
2136 0.98003727
2137 0.98105942
2138 0.97505524
2139 0.97851410
2140 0.97237316
2141 0.97340684
2142 0.98024794
2143 0.97159624
2144 0.98099622
2145 0.97890168
2146 0.97869450
2147 0.98244514
2148 0.97431313
2149 0.98158197
2150 0.97769552
2151 0.96824097
2152 0.98117170
2153 0.97834004
2154 0.97230305
2155 0.96736080
2156 0.97245516
2157 0.97973644
2158 0.97744881
2159 0.96859095
2160 0.98119128
2161 0.97386334
2162 0.97845709
2163 0.97159624
2164 0.98415271
2165 0.98292841
2166 0.98770960
2167 0.98434327
2168 0.97935748
2169 0.98369913
2170 0.98468004
2171 0.97848418
2172 0.98715407
2173 0.98494348
2174 0.98349436
2175 0.97912190
2176 0.98558840
2177 0.96878906
2178 0.97380481
2179 0.98666781
2180 0.98321944
2181 0.98205532
2182 0.98413813
2183 0.98631066
2184 0.98415271
2185 0.98852470
2186 0.97878435
2187 0.97593937
2188 0.98102043
2189 0.97327571
2190 0.97880293
2191 0.97815807
2192 0.97716425
2193 0.98145907
2194 0.97504554
2195 0.97937932
2196 0.97982689
2197 0.96773190
2198 0.97524104
2199 0.97610410
2200 0.98500877
2201 0.98145925
2202 0.97933273
2203 0.98109625
2204 0.97777004
2205 0.98852470
2206 0.98114499
2207 0.97256100
2208 0.98472718
2209 0.97573322
2210 0.97552268
2211 0.97302339
2212 0.98556420
2213 0.98632005
2214 0.98067291
2215 0.98706248
2216 0.97544850
2217 0.97430039
2218 0.97307022
2219 0.97652371
2220 0.98230946
2221 0.98267769
2222 0.97574816
2223 0.97322032
2224 0.97593220
2225 0.98204254
2226 0.98114499
2227 0.98585348
2228 0.97953828
2229 0.97803883
2230 0.98020046
2231 0.98036104
2232 0.98437338
2233 0.98311293
2234 0.98108493
2235 0.98241186
2236 0.97688587
2237 0.97374451
2238 0.97740519
2239 0.98308629
2240 0.97528623
2241 0.98011455
2242 0.96867204
2243 0.97898071
2244 0.97628880
2245 0.99030688
2246 0.97933978
2247 0.98585348
2248 0.98874027
2249 0.98802087
2250 0.98852026
2251 0.98449073
2252 0.99052366
2253 0.99362963
2254 0.98923541
2255 0.98459828
2256 0.98981967
2257 1.00042241
2258 0.97775474
2259 0.98919295
2260 0.98879884
2261 0.99116154
2262 0.98130687
2263 0.98334647
2264 0.97827173
2265 0.99184938
2266 0.98886473
2267 0.98770424
2268 0.98874027
2269 0.99130054
2270 0.98310563
2271 0.97692119
2272 0.98786019
2273 0.98693309
2274 0.98417949
2275 0.97835684
2276 0.97840761
2277 0.98695302
2278 0.98660306
2279 0.98583709
2280 0.97467026
2281 0.98315173
2282 0.98409722
2283 0.97680314
2284 0.98767949
2285 0.98966288
2286 0.98421818
2287 0.99264404
2288 0.98148186
2289 0.99130054
2290 0.98147519
2291 0.97566054
2292 0.97147423
2293 0.97116328
2294 0.98027522
2295 0.98252555
2296 0.97193146
2297 0.97786405
2298 0.97875182
2299 0.97057704
2300 0.98109950
2301 0.97273149
2302 0.98151324
2303 0.97660632
2304 0.97604821
2305 0.96538710
2306 0.97645079
2307 0.96990306
2308 0.98187436
2309 0.97460667
2310 0.98147519
2311 0.98307933
2312 0.97313226
2313 0.98132734
2314 0.98030215
2315 0.97695702
2316 0.97858237
2317 0.97250424
2318 0.97562756
2319 0.97101512
2320 0.97629830
2321 0.97736794
2322 0.98189710
2323 0.97549748
2324 0.97157471
2325 0.96643860
2326 0.97682896
2327 0.97322813
2328 0.97722009
2329 0.97456608
2330 0.98174946
2331 0.98307933
2332 0.97459485
2333 0.97367209
2334 0.98110302
2335 0.98362605
2336 0.98025146
2337 0.97029817
2338 0.98110168
2339 0.98669614
2340 0.97882579
2341 0.98024787
2342 0.97206855
2343 0.98534193
2344 0.97741213
2345 0.97758936
2346 0.97737014
2347 0.97626232
2348 0.98050403
2349 0.98456529
2350 0.97655936
2351 0.98048167
2352 0.97459485
2353 0.97883800
2354 0.97462214
2355 0.97799402
2356 0.97668716
2357 0.97520940
2358 0.98066115
2359 0.98073678
2360 0.97876061
2361 0.97530460
2362 0.97792018
2363 0.98230876
2364 0.98316565
2365 0.97620260
2366 0.97779908
2367 0.98136944
2368 0.97186552
2369 0.97597476
2370 0.97402066
2371 0.97443761
2372 0.98461016
2373 0.97883800
2374 0.97766960
2375 0.96814405
2376 0.97305859
2377 0.97811935
2378 0.97751489
2379 0.97355633
2380 0.97073036
2381 0.97070150
2382 0.98042744
2383 0.98264407
2384 0.97019700
2385 0.97481148
2386 0.97473559
2387 0.97411304
2388 0.97515708
2389 0.97888342
2390 0.97428221
2391 0.97746359
2392 0.97037071
2393 0.98335842
2394 0.97766960
2395 0.97349907
2396 0.98523270
2397 0.98527183
2398 0.98175753
2399 0.98107868
2400 0.98190024
2401 0.98512990
2402 0.97397376
2403 0.98835189
2404 0.97542603
2405 0.98577036
2406 0.98446823
2407 0.97476228
2408 0.97983647
2409 0.97910842
2410 0.98226354
2411 0.98713290
2412 0.98167024
2413 0.98070817
2414 0.98162363
2415 0.97349907
2416 0.97563860
2417 0.98339975
2418 0.96684679
2419 0.98707282
2420 0.97388077
2421 0.97346351
2422 0.98349741
2423 0.98172773
2424 0.98121361
2425 0.97633886
2426 0.97957711
2427 0.97878818
2428 0.98561319
2429 0.97977437
2430 0.98157815
2431 0.97283663
2432 0.98180862
2433 0.98446522
2434 0.98382857
2435 0.98324049
2436 0.97563860
2437 0.98127244
2438 0.98300569
2439 0.98082819
2440 0.97629601
2441 0.97832895
2442 0.98302514
2443 0.98279281
2444 0.97819858
2445 0.97792882
2446 0.98176842
2447 0.99563292
2448 0.97900694
2449 0.98187385
2450 0.97509543
2451 0.98205179
2452 0.98096172
2453 0.98383392
2454 0.98008407
2455 0.97230519
2456 0.96846051
2457 0.98127244
2458 0.97960650
2459 0.98472285
2460 0.98861718
2461 0.97883971
2462 0.98411147
2463 0.98709983
2464 0.98087544
2465 0.98306406
2466 0.98512650
2467 0.98260759
2468 0.98582445
2469 0.98483577
2470 0.98226103
2471 0.97952367
2472 0.99314271
2473 0.98023860
2474 0.98168390
2475 0.98846673
2476 0.98558691
2477 0.98321620
2478 0.97960650
2479 0.97563263
2480 0.98611385
2481 0.97279234
2482 0.99254151
2483 0.98603145
2484 0.98551806
2485 0.97720619
2486 0.97835753
2487 0.97790013
2488 0.96921957
2489 0.97574301
2490 0.97134698
2491 0.97738235
2492 0.97972663
2493 0.97807911
2494 0.98713295
2495 0.98499381
2496 0.98457328
2497 0.97706745
2498 0.98224920
2499 0.97563263
2500 0.97228829
2501 0.97123294
2502 0.97653200
2503 0.97024212
2504 0.97463597
2505 0.97052916
2506 0.98107434
2507 0.97109970
2508 0.97052634
2509 0.97294765
2510 0.96986395
2511 0.96539913
2512 0.97544853
2513 0.96856735
2514 0.97015076
2515 0.96341468
2516 0.97842728
2517 0.97439295
2518 0.97632987
2519 0.96144905
2520 0.97228829
2521 0.97005767
2522 0.96709939
2523 0.97309487
2524 0.97199234
2525 0.97488605
2526 0.97216903
2527 0.97491161
2528 0.97719463
2529 0.96303698
2530 0.97334760
2531 0.97197981
2532 0.97518892
2533 0.97459729
2534 0.96980390
2535 0.97930964
2536 0.97925043
2537 0.96967021
2538 0.96588633
2539 0.97156284
2540 0.97305310
2541 0.97005767
2542 0.98695818
2543 0.98359561
2544 0.97080456
2545 0.97680492
2546 0.97689953
2547 0.98494911
2548 0.98075277
2549 0.98994395
2550 0.98242605
2551 0.98475522
2552 0.97792242
2553 0.97562429
2554 0.98008805
2555 0.98625829
2556 0.98723536
2557 0.97934604
2558 0.97947433
2559 0.98034949
2560 0.97939448
2561 0.97670749
2562 0.98695818
2563 0.98474349
2564 0.98314616
2565 0.98610622
2566 0.97634915
2567 0.98985629
2568 0.97820792
2569 0.97959022
2570 0.98133436
2571 0.97854989
2572 0.97719827
2573 0.97167174
2574 0.97621089
2575 0.98255976
2576 0.98263584
2577 0.98456033
2578 0.97414155
2579 0.97618033
2580 0.98396220
2581 0.98024634
2582 0.97484036
2583 0.98474349
2584 0.98031672
2585 0.98568694
2586 0.98388251
2587 0.98764985
2588 0.97425539
2589 0.98669447
2590 0.98425317
2591 0.98072149
2592 0.98680776
2593 0.98255299
2594 0.98362184
2595 0.98447124
2596 0.97981601
2597 0.98353562
2598 0.98800495
2599 0.97837664
2600 0.97994798
2601 0.98067732
2602 0.98795468
2603 0.97833243
2604 0.98031672
2605 0.97711223
2606 0.98617910
2607 0.98993884
2608 0.98058726
2609 0.97566328
2610 0.97764933
2611 0.97853830
2612 0.97024350
2613 0.98199613
2614 0.98596512
2615 0.97915895
2616 0.97006976
2617 0.97618751
2618 0.97405111
2619 0.98779498
2620 0.98202704
2621 0.97588525
2622 0.98056485
2623 0.98749987
2624 0.97152872
2625 0.97711223
2626 0.96436847
2627 0.97012517
2628 0.97819612
2629 0.97048806
2630 0.97639194
2631 0.98349873
2632 0.97320554
2633 0.97038608
2634 0.96981941
2635 0.97828266
2636 0.97891943
2637 0.97238408
2638 0.97259012
2639 0.97631329
2640 0.97937656
2641 0.96934980
2642 0.97580170
2643 0.97103978
2644 0.98081756
2645 0.97260716
2646 0.96436847
2647 0.97887018
2648 0.98411756
2649 0.98445687
2650 0.97531487
2651 0.98669517
2652 0.98161519
2653 0.98508285
2654 0.97626905
2655 0.98152064
2656 0.98664728
2657 0.98251779
2658 0.98286095
2659 0.98815807
2660 0.98174919
2661 0.98218143
2662 0.98487264
2663 0.97545058
2664 0.98338682
2665 0.97804040
2666 0.97707124
2667 0.97887018
2668 0.97226013
2669 0.97544942
2670 0.97490983
2671 0.97349159
2672 0.97431718
2673 0.98460398
2674 0.98365092
2675 0.97797868
2676 0.97264802
2677 0.98029945
2678 0.97269200
2679 0.98068780
2680 0.97764125
2681 0.97712676
2682 0.97488366
2683 0.97302897
2684 0.98763895
2685 0.97909687
2686 0.97686614
2687 0.97997373
2688 0.97226013
2689 0.97632112
2690 0.96781891
2691 0.97535063
2692 0.96975851
2693 0.97374242
2694 0.97402145
2695 0.96676504
2696 0.97275696
2697 0.97412253
2698 0.97075626
2699 0.96750460
2700 0.97886401
2701 0.97071010
2702 0.97357145
2703 0.97078358
2704 0.96669757
2705 0.97428729
2706 0.97011553
2707 0.97676318
2708 0.96406326
2709 0.97632112
2710 0.98445980
2711 0.99489254
2712 0.98619182
2713 0.98814089
2714 0.98410930
2715 0.98873795
2716 0.98351175
2717 0.98202997
2718 0.99163714
2719 0.98723756
2720 0.98827078
2721 0.97789269
2722 0.99054847
2723 0.99022800
2724 0.98378616
2725 0.98308778
2726 0.98694485
2727 0.98815194
2728 0.97998510
2729 0.98201091
2730 0.98445980
2731 0.98668252
2732 0.99218871
2733 0.98759046
2734 0.98789510
2735 0.98182050
2736 0.98375513
2737 0.98946396
2738 0.98621771
2739 0.98838334
2740 0.98900649
2741 0.98788795
2742 0.98973167
2743 0.98660414
2744 0.99167698
2745 0.99001588
2746 0.99053929
2747 0.99285070
2748 0.98581470
2749 0.99174088
2750 0.99154484
2751 0.98668252
2752 0.97848299
2753 0.98029016
2754 0.97751903
2755 0.98395386
2756 0.98468828
2757 0.98649226
2758 0.98348427
2759 0.97053384
2760 0.98403678
2761 0.98243600
2762 0.99165594
2763 0.98197858
2764 0.98322613
2765 0.97617111
2766 0.98119225
2767 0.97966771
2768 0.97750325
2769 0.97551101
2770 0.97563789
2771 0.97399958
2772 0.97848299
2773 0.93005811
2774 0.92146248
2775 0.94755954
2776 0.95518777
2777 0.95909686
2778 0.96003083
2779 0.96979070
2780 0.96836447
2781 0.97201933
2782 0.97457561
2783 0.96239025
2784 0.96031948
2785 0.96553791
2786 0.96474749
2787 0.95755091
2788 0.95369480
2789 0.95212880
2790 0.95049389
2791 0.94607389
2792 0.93905352
2793 0.93005811
2794 1.00288294
2795 0.98789122
2796 0.99063306
2797 0.97461817
2798 0.97608458
2799 0.99320861
2800 0.99408125
2801 0.98630338
2802 0.98412533
2803 0.98558570
2804 0.98913525
2805 0.99068922
2806 0.98498693
2807 0.99678125
2808 0.98379970
2809 0.98915139
2810 0.97948969
2811 0.98346748
2812 0.98440108
2813 0.98046629
2814 1.00288294
2815 0.98405781
2816 0.98339839
2817 0.97961085
2818 0.98492065
2819 0.99274436
2820 0.98116836
2821 0.97526636
2822 0.97722438
2823 0.97918540
2824 0.97944505
2825 0.97766905
2826 0.97351080
2827 0.98035188
2828 0.98112152
2829 0.98504250
2830 0.98420432
2831 0.98036240
2832 0.97407399
2833 0.98739453
2834 0.98367238
2835 0.98405781
2836 0.97247527
2837 0.97132297
2838 0.98194026
2839 0.97851511
2840 0.97515526
2841 0.98008429
2842 0.97351493
2843 0.97171255
2844 0.97455464
2845 0.98275349
2846 0.98498339
2847 0.98022370
2848 0.96977999
2849 0.97473069
2850 0.97857408
2851 0.98479748
2852 0.96887527
2853 0.97626135
2854 0.97729213
2855 0.97990418
2856 0.97247527
2857 0.98504228
2858 0.98319404
2859 0.98073769
2860 0.97094578
2861 0.97420471
2862 0.97592103
2863 0.98349499
2864 0.98160041
2865 0.98026637
2866 0.98364254
2867 0.97948001
2868 0.97347142
2869 0.98244079
2870 0.98686451
2871 0.98459218
2872 0.97221517
2873 0.98535704
2874 0.98924351
2875 0.98234408
2876 0.98615619
2877 0.98504228
2878 0.98342097
2879 0.98263053
2880 0.97802891
2881 0.97671458
2882 0.98772440
2883 0.98268576
2884 0.97123365
2885 0.98341628
2886 0.98344446
2887 0.97461894
2888 0.98288611
2889 0.98803403
2890 0.98234572
2891 0.98869972
2892 0.99044826
2893 0.99064644
2894 0.97739418
2895 0.98025052
2896 0.98928947
2897 0.98266643
2898 0.98342097
2899 0.97943830
2900 0.98242410
2901 0.97894516
2902 0.98248821
2903 0.97527769
2904 0.97263992
2905 0.98197292
2906 0.98053706
2907 0.96673624
2908 0.97583555
2909 0.98552424
2910 0.97904098
2911 0.99117749
2912 0.98290944
2913 0.97684116
2914 0.97872561
2915 0.98360886
2916 0.97966448
2917 0.98250200
2918 0.98417032
2919 0.97943830
2920 0.97729992
2921 0.96695159
2922 0.97098899
2923 0.98299746
2924 0.97654164
2925 0.97255570
2926 0.97172790
2927 0.97433824
2928 0.96745153
2929 0.97273715
2930 0.97358496
2931 0.97255807
2932 0.96959100
2933 0.98000172
2934 0.97373778
2935 0.97894456
2936 0.97970628
2937 0.97667446
2938 0.97647696
2939 0.97122451
2940 0.97729992
2941 0.98418825
2942 0.98194194
2943 0.98332511
2944 0.98241985
2945 0.98543736
2946 0.98088199
2947 0.97669289
2948 0.98342312
2949 0.97426083
2950 0.97524635
2951 0.98100685
2952 0.97513822
2953 0.97168458
2954 0.97801170
2955 0.98567453
2956 0.97924499
2957 0.98051922
2958 0.97754656
2959 0.98536519
2960 0.98900230
2961 0.98418825
2962 0.97698376
2963 0.98202913
2964 0.97400091
2965 0.97930541
2966 0.97311505
2967 0.97860095
2968 0.97146582
2969 0.97351807
2970 0.97717829
2971 0.97984399
2972 0.97464005
2973 0.97896019
2974 0.98040731
2975 0.98039500
2976 0.97622775
2977 0.96649351
2978 0.97191442
2979 0.97418740
2980 0.98316888
2981 0.98723419
2982 0.97698376
2983 0.98119470
2984 0.97872898
2985 0.96989517
2986 0.97238063
2987 0.97662530
2988 0.97671301
2989 0.98071574
2990 0.97711327
2991 0.97002171
2992 0.96889755
2993 0.97128342
2994 0.97868826
2995 0.98089227
2996 0.97690190
2997 0.97230874
2998 0.97004681
2999 0.97519048
3000 0.96942828
3001 0.97710243
3002 0.97224223
3003 0.98119470
3004 0.99141004
3005 0.99234112
3006 0.98492022
3007 0.99836359
3008 0.98795478
3009 0.99790932
3010 0.99510724
3011 0.99177163
3012 0.99249006
3013 0.98704602
3014 0.99339040
3015 0.99114752
3016 0.99131743
3017 1.00018709
3018 0.98936147
3019 0.99963282
3020 0.98593306
3021 0.98842043
3022 0.98487570
3023 0.98212635
3024 0.99141004
