index DenDen_position
1 1.62903612
2 1.59035160
3 1.55317180
4 1.52768385
5 1.50166911
6 1.48570733
7 1.47249608
8 1.46078941
9 1.44620934
10 1.46067493
11 1.45400207
12 1.45491973
13 1.45031679
14 1.45376341
15 1.46348255
16 1.47659609
17 1.49757987
18 1.51994957
19 1.54604328
20 1.58700059
21 1.62903612
22 0.94146133
23 0.94628697
24 0.97509599
25 0.96184888
26 0.97344971
27 0.96492107
28 0.97027783
29 0.97893901
30 0.97866764
31 0.98005798
32 0.97356478
33 0.97039060
34 0.98215659
35 0.97501183
36 0.97344336
37 0.97841952
38 0.96136968
39 0.96208341
40 0.95466235
41 0.95473467
42 0.94146133
43 0.99899820
44 1.00421680
45 0.99280069
46 0.99736482
47 1.00014147
48 0.99743277
49 0.99707776
50 0.99984457
51 1.00477576
52 0.99807573
53 1.00254181
54 1.00720190
55 0.98939535
56 0.99999205
57 0.99436874
58 0.99494845
59 1.00630045
60 1.00041411
61 1.00113132
62 0.99501367
63 0.99899820
64 0.99689648
65 0.98946125
66 0.99329109
67 0.99012232
68 0.99837924
69 0.99277727
70 0.99186894
71 1.00252337
72 0.99346323
73 0.99224010
74 0.98762488
75 0.98390187
76 0.99877307
77 0.99267277
78 0.98253002
79 0.99433928
80 1.00252665
81 0.98838244
82 0.99580639
83 0.99084926
84 0.99689648
85 0.99781532
86 1.00015357
87 0.99242022
88 0.99510387
89 0.99823814
90 0.98790958
91 1.00420793
92 0.99282416
93 1.00227497
94 0.99623425
95 1.01574852
96 0.99774721
97 0.99667917
98 1.00630535
99 0.99197613
100 0.99078028
101 0.99850142
102 0.99269775
103 0.99868841
104 1.00056751
105 0.99781532
106 0.99465279
107 1.00049043
108 0.99881508
109 1.00684191
110 1.00295853
111 0.99763954
112 0.99355640
113 0.99960318
114 1.00081410
115 0.98832067
116 1.00582738
117 0.99048128
118 1.00953069
119 0.99025036
120 1.00157791
121 0.99518206
122 0.98814399
123 1.00206295
124 0.99938613
125 1.00100123
126 0.99465279
127 0.99084883
128 0.99038625
129 0.99928757
130 0.98482679
131 0.98609821
132 1.00258713
133 0.99044492
134 0.99371940
135 0.98172532
136 0.99739586
137 0.99637567
138 0.99346307
139 0.99349663
140 0.99533788
141 1.00789150
142 0.98051283
143 0.99194221
144 0.98661578
145 0.99108280
146 0.99456177
147 0.99084883
148 1.00117644
149 0.99986903
150 0.99916950
151 1.00678928
152 0.99795152
153 1.00498125
154 0.99621430
155 0.99417978
156 0.99808947
157 1.00161301
158 0.99910395
159 1.00190690
160 1.00644803
161 1.00649040
162 1.01149947
163 0.99720859
164 0.99859449
165 0.99935819
166 1.00197527
167 0.99935711
168 1.00117644
169 1.00068971
170 0.99550494
171 0.99810280
172 0.99791620
173 1.00132593
174 0.99771903
175 1.00066212
176 1.00548393
177 0.99570586
178 0.99671386
179 0.99810149
180 0.99714665
181 1.00735282
182 0.99266733
183 0.99439617
184 1.00776730
185 1.00712910
186 1.00145078
187 0.99694639
188 0.99872243
189 1.00068971
190 1.00158620
191 1.00234228
192 0.99181393
193 0.99863253
194 0.99496340
195 0.98714961
196 0.99375641
197 0.99334248
198 1.00212838
199 0.99749493
200 0.99361688
201 0.99263827
202 0.99287775
203 0.99806923
204 0.99797352
205 0.99306276
206 0.99931244
207 0.99511947
208 0.99440889
209 0.99138587
210 1.00158620
211 0.99290390
212 0.99821272
213 0.99869560
214 0.99659711
215 0.99752101
216 0.99529646
217 1.00350329
218 0.99780252
219 1.00137743
220 0.99456565
221 1.00358060
222 1.00219289
223 1.00265860
224 0.98662404
225 1.00037121
226 1.00534028
227 1.00232751
228 0.99637727
229 0.99995333
230 0.99719850
231 0.99290390
232 0.93926058
233 0.95691693
234 0.95710528
235 0.95873080
236 0.97677635
237 0.97335155
238 0.96412066
239 0.97217983
240 0.97629533
241 0.97731367
242 0.97525644
243 0.98317803
244 0.97412415
245 0.98046338
246 0.97384947
247 0.97415869
248 0.97883723
249 0.96472024
250 0.97127610
251 0.95692504
252 0.93926058
253 0.93983703
254 0.94903162
255 0.96013824
256 0.97268842
257 0.97538567
258 0.97404869
259 0.97889989
260 0.97233606
261 0.98419599
262 0.98371797
263 0.98492205
264 0.98536997
265 0.97668992
266 0.97826482
267 0.97537033
268 0.97694906
269 0.96732381
270 0.95871960
271 0.96285231
272 0.95950791
273 0.93983703
274 0.99417935
275 1.00649814
276 0.99783063
277 1.00361554
278 1.00830247
279 0.99877808
280 1.00227970
281 0.99880352
282 0.99523193
283 0.99916210
284 1.00036803
285 1.00101187
286 1.00669829
287 0.99836864
288 0.99830876
289 0.99589542
290 1.01098595
291 0.98958742
292 0.99945673
293 0.99854436
294 0.99417935
295 0.99609096
296 1.00143904
297 0.99880537
298 0.99286572
299 0.99728126
300 1.00544534
301 0.99734484
302 1.00157251
303 0.99925845
304 1.00461910
305 1.00228314
306 0.99978084
307 1.00338628
308 0.99886967
309 0.99825423
310 0.99934196
311 1.00883114
312 0.99912828
313 0.99972527
314 1.00353033
315 0.99609096
316 1.00064886
317 0.99410761
318 0.99631608
319 0.99537387
320 1.00178972
321 1.00647620
322 0.99728673
323 0.99291609
324 0.99300097
325 0.99756403
326 0.98715217
327 1.00446760
328 0.99732934
329 1.00669758
330 0.99937757
331 0.99296944
332 0.99939146
333 0.98980989
334 0.99484080
335 0.99255764
336 1.00064886
337 1.01940675
338 1.00639815
339 0.99286665
340 1.01421456
341 1.00177677
342 1.00491588
343 1.00527025
344 1.00979464
345 1.00143866
346 1.01112758
347 1.01090683
348 1.01488517
349 0.99830453
350 1.00857717
351 0.99817774
352 1.00789539
353 0.99577125
354 1.00874455
355 1.00900347
356 1.00797912
357 1.01940675
358 0.99571352
359 0.99254618
360 0.98956996
361 0.99333400
362 1.01157242
363 1.00168040
364 0.99847798
365 0.98983817
366 0.98759447
367 1.00558581
368 0.99485873
369 0.99827094
370 0.99992799
371 0.99700379
372 0.98837601
373 0.98628287
374 1.00583756
375 1.00081062
376 1.00051011
377 0.99900367
378 0.99571352
379 0.99397308
380 0.99585781
381 1.00142901
382 0.99623547
383 0.99840751
384 0.99431690
385 0.99085542
386 0.99977511
387 0.99208636
388 0.99264673
389 0.99547697
390 0.99542838
391 0.99110320
392 0.99397608
393 0.99531452
394 0.99246037
395 1.00083009
396 0.99245546
397 0.99601281
398 0.98892118
399 0.99397308
400 1.00286939
401 0.99441756
402 1.00713985
403 1.00727160
404 1.00570828
405 0.99732931
406 1.00732098
407 1.00386365
408 1.00728607
409 1.00729764
410 0.99934447
411 1.00139946
412 0.99919847
413 1.00272839
414 1.00538338
415 1.00667421
416 0.99889214
417 1.00282066
418 0.99668408
419 0.99640854
420 1.00286939
421 0.99892777
422 1.00284761
423 1.00479566
424 1.00495889
425 1.00652763
426 0.98952772
427 1.00096670
428 1.00230093
429 1.00789687
430 1.00772612
431 1.00296786
432 0.99217625
433 1.00459995
434 0.99969802
435 0.99842418
436 0.99829727
437 0.99739193
438 1.00078183
439 0.99916884
440 0.99475811
441 0.99892777
442 0.98669825
443 0.99660474
444 0.99347390
445 0.99964306
446 1.00120457
447 0.99301543
448 1.00188952
449 0.99704580
450 0.99464806
451 0.99155449
452 1.00157847
453 0.99788092
454 0.99811420
455 0.99593600
456 1.00398515
457 0.99158465
458 1.00121836
459 0.99400088
460 0.99061424
461 0.99598037
462 0.98669825
463 1.00821311
464 1.00252333
465 1.00456986
466 1.00413589
467 0.99486525
468 0.99488262
469 1.00677966
470 0.99026182
471 0.99203565
472 1.00083220
473 0.99312235
474 0.99493246
475 1.00312919
476 1.01073060
477 1.00289291
478 1.00404700
479 1.00045418
480 0.99137464
481 0.99705745
482 1.00000204
483 1.00821311
484 1.00325416
485 1.00286439
486 1.00306262
487 0.99060306
488 1.00031351
489 1.00352439
490 1.00306059
491 1.00113770
492 1.00284358
493 0.99884589
494 1.00482599
495 1.01190877
496 0.99576977
497 0.99692207
498 1.00066003
499 1.01327833
500 1.00258938
501 0.99446180
502 1.00110921
503 0.99515774
504 1.00325416
505 0.99211194
506 0.99557314
507 0.99968102
508 0.98959035
509 0.99094582
510 0.99552447
511 1.00274566
512 0.99860611
513 0.99284603
514 0.99930593
515 0.98514213
516 1.00572290
517 0.99059341
518 0.99951462
519 1.00197300
520 0.98727678
521 0.98681132
522 0.98545986
523 0.99177170
524 1.00203452
525 0.99211194
526 1.00617226
527 1.01220944
528 0.99904447
529 1.00395108
530 1.01186771
531 1.00607254
532 1.00601011
533 1.00809841
534 1.00270084
535 1.00921140
536 1.00521016
537 1.00796070
538 1.00831860
539 1.01635330
540 0.99688329
541 1.01141154
542 1.00356839
543 1.00514102
544 1.01446707
545 1.01182062
546 1.00617226
547 0.99560351
548 0.99818453
549 0.99974648
550 1.00132851
551 0.99894869
552 0.99109524
553 0.99211223
554 0.98136233
555 0.98843127
556 0.99943214
557 0.99321101
558 1.00551283
559 0.99924117
560 0.99535542
561 0.99521167
562 1.00376526
563 0.99490755
564 0.99238136
565 0.99347513
566 0.99260794
567 0.99560351
568 0.99927764
569 0.99593448
570 1.00490728
571 0.99869764
572 1.01229963
573 0.99883844
574 1.00975423
575 1.00521012
576 0.99625816
577 0.99551785
578 0.99557241
579 0.99566374
580 1.00055830
581 1.00281215
582 0.99526646
583 1.00137270
584 1.00274246
585 0.99625140
586 0.99956293
587 1.00226090
588 0.99927764
589 0.98923164
590 0.99059596
591 0.97691077
592 0.99021840
593 0.99105860
594 0.98697763
595 0.99275777
596 0.99438895
597 0.98217796
598 0.99421486
599 0.99328296
600 0.98961471
601 0.98553649
602 0.99319618
603 0.99903131
604 0.98766403
605 0.98895445
606 0.99891038
607 0.99085791
608 0.98610450
609 0.98923164
610 1.00695972
611 1.00458643
612 1.00018810
613 1.00487779
614 1.00904732
615 1.00760616
616 1.00041782
617 0.99674239
618 0.99985476
619 1.01180423
620 0.99799338
621 1.00926835
622 1.00530510
623 1.00482865
624 1.00462958
625 1.00941524
626 0.99652789
627 1.00544862
628 0.99667993
629 0.99611474
630 1.00695972
631 0.99550904
632 0.99934350
633 1.00159855
634 0.99025191
635 0.99298659
636 1.00664263
637 0.99988874
638 0.98720266
639 1.00118021
640 1.00343202
641 0.99510850
642 0.98977327
643 0.99238045
644 0.99579275
645 0.99846866
646 1.00666122
647 0.98383236
648 0.98866378
649 0.99017420
650 0.99468120
651 0.99550904
652 0.99357474
653 1.00290312
654 0.99417777
655 0.99144846
656 1.00589816
657 0.99161007
658 0.99878998
659 0.99937961
660 1.00185217
661 0.99332001
662 1.00199117
663 0.99250996
664 0.99415078
665 1.00150214
666 0.98495378
667 0.98778457
668 1.00324122
669 1.00570734
670 1.00289772
671 1.00328866
672 0.99357474
673 1.00512997
674 1.00516520
675 1.00146292
676 1.00708231
677 1.00240171
678 0.99903851
679 0.99388856
680 0.99364510
681 1.00025686
682 1.00224824
683 0.99069339
684 1.00001644
685 0.99498618
686 0.99472695
687 0.98851390
688 1.00358690
689 0.99812944
690 1.00140668
691 0.99711420
692 0.99744377
693 1.00512997
694 1.00524509
695 1.00105714
696 0.99670097
697 0.99936361
698 1.00131593
699 1.00082057
700 1.01266576
701 1.00467152
702 0.99497180
703 1.00130758
704 0.99780750
705 0.99944194
706 1.00359956
707 1.00278162
708 0.99531516
709 1.00524591
710 1.00055977
711 1.00605956
712 0.99444778
713 1.00552601
714 1.00524509
715 1.00245168
716 1.00573838
717 0.99148551
718 0.99644027
719 0.99616373
720 1.00801788
721 0.99530377
722 1.00201341
723 1.00742752
724 0.99568241
725 0.99702337
726 1.00081002
727 0.99937109
728 1.00600580
729 0.99697719
730 0.99485141
731 1.00281880
732 0.99954709
733 1.01086986
734 1.00224907
735 1.00245168
736 0.98957498
737 0.99977617
738 1.00103861
739 1.00118275
740 0.99717597
741 1.00518938
742 1.00577306
743 0.99798498
744 0.99071977
745 0.99367758
746 1.00165513
747 0.98819544
748 0.99651677
749 0.98939016
750 1.00549352
751 1.00019575
752 0.99110990
753 0.99869891
754 0.99391092
755 1.00239357
756 0.98957498
757 1.00680958
758 1.00636250
759 1.00692322
760 0.99918172
761 1.00321759
762 0.99321969
763 1.00637373
764 1.00240363
765 1.00687021
766 1.00900040
767 1.00717022
768 1.01386980
769 0.99592547
770 1.00441447
771 1.00337807
772 1.00042313
773 1.00738712
774 0.99961711
775 1.00846502
776 1.00570580
777 1.00680958
778 0.99893818
779 0.99707921
780 0.99405668
781 1.00139110
782 0.99471696
783 1.00369184
784 1.00177993
785 0.99545636
786 1.00240478
787 1.00491322
788 0.99775694
789 1.00097339
790 1.00048454
791 0.99322770
792 1.00660644
793 0.99874701
794 1.00682089
795 1.00296905
796 0.99990714
797 0.99742397
798 0.99893818
799 1.00168225
800 0.99965830
801 1.00358253
802 1.01287657
803 1.01579203
804 1.00248164
805 1.01033011
806 1.00556549
807 0.99996923
808 0.99660342
809 1.00108433
810 1.00321611
811 1.00348454
812 1.01128973
813 1.00630055
814 1.00217775
815 1.01108389
816 1.01004776
817 1.00726049
818 0.99856782
819 1.00168225
820 0.99524521
821 0.99085375
822 1.00034732
823 0.99687575
824 0.99542041
825 0.99320911
826 1.00808865
827 0.99882833
828 0.99513863
829 0.99493917
830 0.98832965
831 0.99717133
832 1.00322331
833 0.99298322
834 1.00553907
835 0.99768314
836 0.99999701
837 0.99117735
838 0.99829057
839 0.99635544
840 0.99524521
841 0.99919202
842 1.00208463
843 0.99963945
844 1.00098218
845 1.00488616
846 0.99868481
847 1.00091397
848 1.00012906
849 1.01269933
850 0.99973132
851 1.00089344
852 1.00151225
853 1.00302084
854 1.00743309
855 1.00294559
856 0.99708401
857 1.00125657
858 1.01040672
859 1.00546167
860 1.00408087
861 0.99919202
862 1.00077309
863 0.99981051
864 1.00714589
865 1.00206388
866 1.00654450
867 0.99481398
868 1.00137764
869 1.00286717
870 1.01178473
871 0.99688945
872 1.00806777
873 0.99937266
874 1.01001179
875 1.01403958
876 1.01077866
877 1.00503949
878 1.00919013
879 0.99507838
880 1.00300176
881 1.00232872
882 1.00077309
883 1.00366718
884 0.99425803
885 0.99167550
886 0.98821043
887 1.00053358
888 0.98765223
889 0.99844068
890 0.99275221
891 0.98816653
892 0.99736622
893 1.00018059
894 0.99353288
895 0.99479670
896 0.99978400
897 0.98465157
898 0.99453987
899 1.00323574
900 0.99304124
901 0.98944230
902 0.99606862
903 1.00366718
904 0.99379734
905 1.00093731
906 1.00609650
907 1.00592631
908 0.99206650
909 1.00262107
910 1.00077558
911 0.99503957
912 1.00395042
913 0.99503027
914 1.00054029
915 1.00202606
916 0.99937451
917 0.99634609
918 0.99743178
919 0.99275269
920 0.99669296
921 0.99830052
922 1.00431126
923 0.99123283
924 0.99379734
925 0.99887788
926 0.99313704
927 0.98964346
928 0.99404511
929 0.99949517
930 0.99189528
931 0.99820488
932 0.99090489
933 0.99390893
934 0.99437590
935 0.99402166
936 0.98860005
937 0.99266311
938 0.99199360
939 0.99702425
940 0.99137238
941 0.99541654
942 0.99176254
943 0.99250975
944 0.99256584
945 0.99887788
946 0.99264909
947 0.99968471
948 0.99932727
949 0.99236226
950 1.00526584
951 1.00244743
952 1.00409753
953 1.00359397
954 1.00467845
955 0.99587310
956 0.99127553
957 1.00763383
958 0.99343008
959 0.99113906
960 1.00035001
961 1.00010573
962 0.99209117
963 0.99023237
964 1.00154348
965 1.00662856
966 0.99264909
967 1.00231049
968 0.99349084
969 0.99626404
970 0.99963076
971 0.99024792
972 0.99743588
973 0.99922447
974 1.00734777
975 0.98936918
976 0.99348450
977 0.99679454
978 1.00200475
979 0.99709961
980 0.99756833
981 1.00089021
982 1.00678778
983 1.00146739
984 0.98359369
985 0.99947994
986 1.00154366
987 1.00231049
988 0.99683755
989 0.99463199
990 0.99520587
991 1.00536524
992 0.99750080
993 1.00601711
994 0.99989649
995 1.00840183
996 1.00156113
997 1.00388613
998 0.99356429
999 1.01515051
1000 0.99968882
1001 1.00548606
1002 0.98709116
1003 1.00504329
1004 1.00682597
1005 1.00799135
1006 1.01017696
1007 0.99802623
1008 0.99683755
1009 0.98685988
1010 0.98871042
1011 0.99227782
1012 0.99110253
1013 0.98532941
1014 0.99947258
1015 0.99060924
1016 0.99193091
1017 1.00050786
1018 0.98593956
1019 1.00113582
1020 0.99111135
1021 0.99995764
1022 0.99117310
1023 0.99454761
1024 0.98897676
1025 0.98979417
1026 0.99600973
1027 0.98715553
1028 1.00148447
1029 0.98685988
1030 1.01570319
1031 1.00543464
1032 1.00389218
1033 1.00635626
1034 1.01140225
1035 1.01353775
1036 1.00022321
1037 1.00504705
1038 1.00994134
1039 1.01494988
1040 1.01140084
1041 1.00874906
1042 1.00860065
1043 1.00143341
1044 1.00377992
1045 1.01012418
1046 1.01387259
1047 1.01065092
1048 1.00642917
1049 1.00601935
1050 1.01570319
1051 0.99505068
1052 0.99533425
1053 0.99668840
1054 0.99835130
1055 0.98398060
1056 0.99872660
1057 0.99751551
1058 0.99684942
1059 0.99749604
1060 1.00301930
1061 0.99208316
1062 0.99002609
1063 0.99184608
1064 1.00042029
1065 0.98785515
1066 0.99010597
1067 0.99584505
1068 0.99597965
1069 0.99111248
1070 1.00163490
1071 0.99505068
1072 0.99840747
1073 1.00234421
1074 1.00963908
1075 1.00339361
1076 1.00975246
1077 1.01433866
1078 1.00061746
1079 0.99480160
1080 1.00794944
1081 0.99881037
1082 1.00381490
1083 0.99584683
1084 1.00173606
1085 1.00837456
1086 1.00797688
1087 1.01220711
1088 0.99780933
1089 1.00434233
1090 0.99604343
1091 1.00171510
1092 0.99840747
1093 0.98891633
1094 1.01371706
1095 0.99541778
1096 0.99379707
1097 1.00542357
1098 1.00038633
1099 1.00252964
1100 1.00615799
1101 1.00034217
1102 1.00423904
1103 1.00160549
1104 1.00255572
1105 0.99878723
1106 1.00073010
1107 0.99775980
1108 1.00410987
1109 1.00277223
1110 0.99477049
1111 1.00514971
1112 0.99461910
1113 0.98891633
1114 0.99741408
1115 1.00416331
1116 1.00084296
1117 0.99443742
1118 1.00148238
1119 1.00092885
1120 1.00015218
1121 0.99305507
1122 0.98885631
1123 0.99083413
1124 0.99542823
1125 1.00046938
1126 0.99588597
1127 0.98648701
1128 0.99882966
1129 0.99954231
1130 0.99894396
1131 0.99426100
1132 0.99706498
1133 0.99847796
1134 0.99741408
1135 1.00830377
1136 1.00838007
1137 1.00371844
1138 1.00549318
1139 0.99328347
1140 1.00562502
1141 1.00658642
1142 0.99856951
1143 1.00366693
1144 1.00735911
1145 1.00803944
1146 0.99500648
1147 0.99533617
1148 1.00865166
1149 1.00049047
1150 1.00142188
1151 1.00124290
1152 0.99992782
1153 0.99974492
1154 1.00186434
1155 1.00830377
1156 0.99892590
1157 1.00126737
1158 1.00146658
1159 0.98405457
1160 0.99676499
1161 0.99895674
1162 1.00578004
1163 0.99303299
1164 0.99614703
1165 0.99802378
1166 1.00872469
1167 0.99738328
1168 1.00595439
1169 0.99094343
1170 0.99785929
1171 1.00569661
1172 0.99574043
1173 0.99574010
1174 0.99460490
1175 1.00350486
1176 0.99892590
1177 1.00552282
1178 0.99175810
1179 0.98956235
1180 0.99257406
1181 1.00152614
1182 0.99580826
1183 0.99476618
1184 0.99384969
1185 0.99446390
1186 0.99774006
1187 1.00255721
1188 1.00119247
1189 0.99567125
1190 0.98946710
1191 0.98729647
1192 0.99623635
1193 1.00125279
1194 0.99622841
1195 0.99834468
1196 1.00195616
1197 1.00552282
1198 0.99283523
1199 1.00033497
1200 0.99989765
1201 0.99757714
1202 0.99766609
1203 0.99116015
1204 1.00058987
1205 0.99484925
1206 1.00505336
1207 0.99836088
1208 1.00260705
1209 1.00509738
1210 1.00480931
1211 0.99807744
1212 0.99019381
1213 1.00277761
1214 0.99897540
1215 0.99337480
1216 1.00534895
1217 0.99367420
1218 0.99283523
1219 1.00649961
1220 1.00977224
1221 1.01443175
1222 1.00974842
1223 1.00163977
1224 1.01035762
1225 1.00302535
1226 0.99840068
1227 1.01258935
1228 1.01005502
1229 0.99823237
1230 1.00847615
1231 1.00368134
1232 1.00038921
1233 1.00681032
1234 1.00519800
1235 1.01253643
1236 1.01382091
1237 1.00983538
1238 0.99653648
1239 1.00649961
1240 1.00130324
1241 0.99645247
1242 0.99230730
1243 0.99421427
1244 1.00108503
1245 0.99055971
1246 0.98702214
1247 0.99151993
1248 1.00438934
1249 0.99249554
1250 0.99308295
1251 0.99114719
1252 0.99677644
1253 0.99034389
1254 1.00026809
1255 0.99754865
1256 1.00112551
1257 0.98966311
1258 0.99134696
1259 1.00099236
1260 1.00130324
1261 1.00883367
1262 1.00010753
1263 1.00862352
1264 1.00980307
1265 1.00614404
1266 1.00706230
1267 1.01265589
1268 1.00701601
1269 1.00885786
1270 1.00954196
1271 1.01320553
1272 1.01047486
1273 1.00896857
1274 1.01968324
1275 1.00298101
1276 1.01289298
1277 1.00686073
1278 1.00893854
1279 1.00381737
1280 1.01046372
1281 1.00883367
1282 0.98493964
1283 0.99385070
1284 0.99204648
1285 0.99742314
1286 0.99954156
1287 0.99845000
1288 0.99748863
1289 0.99344469
1290 0.99621552
1291 0.99206767
1292 0.99013732
1293 0.99874516
1294 1.00116677
1295 0.99913046
1296 0.99053133
1297 0.99779954
1298 0.99615731
1299 0.98996107
1300 1.00099126
1301 0.99182880
1302 0.98493964
1303 0.99491219
1304 1.00115463
1305 0.99427716
1306 1.00990870
1307 1.00515940
1308 1.00043573
1309 0.99831604
1310 1.00834072
1311 0.99891609
1312 1.00219719
1313 1.00075584
1314 0.99717783
1315 1.00357887
1316 1.00463520
1317 1.00213166
1318 1.00177778
1319 0.99869092
1320 0.99402779
1321 0.99706330
1322 1.00885154
1323 0.99491219
1324 1.00017062
1325 0.99921967
1326 0.99890940
1327 0.99622316
1328 1.00423978
1329 0.99777173
1330 1.00006652
1331 0.99403804
1332 1.00060788
1333 1.00346269
1334 0.99804978
1335 1.00073890
1336 0.99734733
1337 0.99838827
1338 1.00170238
1339 1.00579501
1340 1.00476044
1341 1.01232247
1342 1.00497201
1343 1.00293391
1344 1.00017062
1345 1.00121452
1346 0.99777669
1347 1.00833397
1348 1.00592333
1349 0.99988112
1350 0.99448929
1351 1.00042783
1352 0.99846776
1353 0.99509806
1354 1.00055714
1355 1.00287346
1356 1.00532748
1357 1.00036699
1358 0.99643529
1359 1.00121036
1360 1.00056223
1361 0.99313116
1362 0.99608260
1363 1.00106348
1364 0.99146187
1365 1.00121452
1366 0.99745096
1367 1.01184959
1368 1.00172737
1369 1.01124502
1370 1.02141787
1371 1.00736787
1372 0.99683801
1373 0.99967545
1374 1.00723244
1375 1.01202994
1376 1.00278831
1377 1.01039072
1378 1.00341213
1379 1.00591626
1380 1.00424696
1381 1.01553761
1382 1.00198726
1383 1.01311987
1384 1.01161570
1385 1.00150670
1386 0.99745096
1387 1.00339430
1388 1.00017210
1389 1.00406373
1390 0.99605687
1391 0.99518869
1392 1.00408839
1393 1.00148154
1394 1.00028057
1395 1.00758596
1396 0.99926355
1397 1.00422576
1398 1.01027204
1399 0.98800980
1400 0.99926396
1401 1.00415379
1402 0.99558077
1403 0.99450035
1404 0.99518466
1405 1.00015557
1406 0.99379154
1407 1.00339430
1408 1.00362601
1409 1.00422315
1410 0.99532133
1411 1.00733138
1412 0.99288008
1413 1.00632262
1414 1.00517933
1415 1.00249317
1416 0.99728121
1417 1.00076294
1418 0.99554663
1419 0.99091529
1420 1.00257108
1421 1.00101425
1422 1.01204803
1423 1.00131289
1424 0.99819137
1425 0.99665741
1426 0.99824350
1427 1.00204088
1428 1.00362601
1429 0.99419791
1430 0.99738600
1431 0.99450844
1432 0.99227439
1433 0.99663577
1434 0.98049976
1435 0.99914404
1436 0.99212624
1437 0.99591048
1438 0.99537464
1439 1.00195143
1440 0.98769219
1441 0.99263673
1442 0.99153614
1443 0.99420751
1444 0.99176645
1445 0.99441343
1446 0.99541013
1447 0.99208582
1448 0.99591600
1449 0.99419791
1450 1.00093266
1451 1.00354998
1452 1.00162868
1453 0.99838090
1454 0.99879406
1455 1.00371275
1456 0.99541588
1457 0.99471208
1458 1.00562484
1459 1.00697943
1460 0.99409372
1461 1.00112981
1462 1.00320076
1463 1.00316800
1464 0.99531551
1465 1.01177142
1466 1.00069198
1467 0.99904562
1468 0.99902569
1469 1.00857788
1470 1.00093266
1471 1.00967885
1472 1.00107762
1473 1.00166299
1474 1.00866993
1475 1.00467958
1476 0.99519257
1477 1.00125139
1478 1.00168769
1479 1.00009641
1480 0.99851670
1481 0.99887415
1482 0.99832637
1483 0.99488796
1484 0.99426572
1485 1.00789332
1486 0.99528439
1487 0.99716329
1488 0.99692057
1489 0.99832373
1490 1.00230632
1491 1.00967885
1492 1.01252630
1493 1.00030469
1494 1.00215338
1495 0.99463140
1496 1.01091950
1497 1.00525394
1498 1.00434570
1499 0.99936341
1500 1.00350010
1501 1.00588891
1502 0.99685037
1503 1.00675367
1504 0.99807162
1505 0.99243551
1506 0.99207125
1507 0.99526796
1508 0.99657115
1509 0.99334836
1510 1.00027904
1511 1.00519979
1512 1.01252630
1513 1.00293696
1514 0.99585128
1515 1.00335350
1516 1.00948926
1517 1.00511931
1518 1.00261890
1519 0.99413948
1520 0.99849121
1521 0.99652668
1522 0.98815186
1523 1.00032389
1524 0.99678271
1525 0.99728333
1526 1.00391734
1527 0.99374257
1528 1.00364865
1529 0.99450317
1530 0.99262962
1531 1.00776097
1532 1.00330617
1533 1.00293696
1534 0.99087374
1535 0.99418237
1536 0.99777033
1537 0.99964863
1538 0.99759156
1539 0.99587610
1540 1.00160272
1541 0.99304162
1542 1.00832315
1543 1.00435239
1544 0.99454457
1545 0.99769065
1546 1.00261292
1547 1.00283583
1548 0.99218373
1549 0.99552415
1550 1.00288214
1551 0.99541639
1552 1.00050039
1553 1.00182807
1554 0.99087374
1555 1.00133151
1556 0.99383392
1557 0.99509558
1558 0.98541875
1559 0.99482878
1560 0.98729998
1561 0.99531008
1562 0.99045698
1563 0.99864384
1564 0.99116359
1565 0.99688312
1566 0.99631877
1567 1.00421460
1568 1.00198454
1569 0.99450875
1570 0.99728114
1571 0.99214678
1572 0.99606491
1573 0.99261867
1574 0.99832289
1575 1.00133151
1576 0.99522313
1577 0.99851997
1578 0.99873755
1579 0.99827126
1580 1.00106759
1581 1.00140579
1582 1.00004991
1583 1.00182873
1584 0.99705292
1585 1.00389084
1586 1.00130211
1587 0.99571234
1588 0.99153142
1589 0.99570853
1590 1.00172684
1591 0.99935766
1592 1.00736563
1593 1.00598242
1594 1.00415371
1595 1.00965823
1596 0.99522313
1597 0.99912449
1598 0.99311815
1599 1.00269817
1600 1.00463051
1601 0.99629642
1602 1.00508029
1603 0.99238138
1604 0.99338297
1605 0.99255766
1606 1.00331012
1607 0.99268243
1608 1.00718785
1609 0.99826122
1610 0.99739758
1611 0.99004859
1612 1.00468897
1613 0.99182665
1614 0.99250589
1615 0.99650319
1616 0.99500114
1617 0.99912449
1618 0.98971805
1619 0.99451421
1620 0.99254156
1621 0.99749989
1622 1.00274707
1623 0.99679544
1624 0.99399971
1625 0.99674571
1626 0.98761193
1627 0.99182114
1628 0.98831984
1629 0.98187187
1630 0.99153711
1631 0.99614508
1632 0.99023993
1633 0.97964701
1634 0.99837616
1635 0.99511845
1636 0.99065770
1637 0.99095833
1638 0.98971805
1639 0.99089911
1640 0.99445945
1641 0.99219517
1642 0.97950186
1643 0.98873338
1644 0.99173853
1645 0.99191574
1646 0.99873279
1647 0.97994939
1648 0.98829515
1649 0.99408267
1650 0.99100866
1651 0.98599619
1652 0.99271042
1653 0.99828775
1654 0.98628601
1655 0.98343157
1656 0.99266762
1657 0.99722816
1658 0.99780990
1659 0.99089911
1660 0.98484017
1661 0.99385562
1662 0.98959931
1663 0.99675338
1664 0.99178772
1665 0.98706250
1666 0.99263225
1667 0.98212799
1668 0.99704746
1669 0.98782061
1670 0.98279518
1671 0.99019658
1672 0.98917893
1673 0.98904249
1674 0.98963333
1675 0.98808322
1676 0.99690914
1677 0.99528098
1678 0.99905840
1679 0.99220307
1680 0.98484017
1681 0.99794616
1682 1.00586052
1683 0.99450657
1684 1.00080068
1685 0.99823339
1686 0.99443037
1687 0.99133646
1688 0.99219322
1689 0.99217531
1690 0.99659957
1691 0.99125480
1692 1.00293939
1693 0.98901105
1694 0.99754779
1695 0.99758216
1696 0.99820181
1697 0.99309608
1698 0.98444781
1699 0.99098038
1700 1.00147496
1701 0.99794616
1702 1.00420408
1703 0.99410186
1704 1.00196660
1705 1.00538788
1706 0.99487161
1707 1.00338834
1708 1.00113056
1709 0.99770615
1710 1.00142812
1711 1.00063678
1712 0.99283364
1713 1.00127969
1714 0.99711590
1715 1.01247628
1716 1.00203005
1717 1.00902398
1718 0.99766969
1719 1.00627821
1720 0.99726042
1721 1.00106187
1722 1.00420408
1723 0.99015529
1724 0.99868180
1725 0.99164704
1726 0.99628176
1727 0.98715463
1728 1.00161345
1729 1.00172459
1730 0.99690351
1731 0.99925367
1732 1.00065773
1733 1.00561654
1734 0.99115358
1735 0.98731576
1736 0.98738839
1737 0.99613215
1738 0.98768425
1739 0.99204718
1740 0.98270523
1741 0.99774424
1742 0.98984810
1743 0.99015529
1744 0.99053214
1745 0.99869708
1746 0.99404339
1747 0.99701895
1748 0.99624206
1749 1.00197419
1750 1.00084797
1751 1.00152105
1752 0.99511265
1753 1.00110606
1754 0.99901079
1755 0.99975065
1756 0.99646668
1757 0.99540381
1758 0.99734591
1759 0.99381468
1760 1.00106060
1761 0.99337258
1762 0.99520441
1763 0.99476521
1764 0.99053214
1765 1.01908510
1766 1.00865997
1767 1.00759184
1768 1.00615441
1769 1.00505441
1770 1.00500849
1771 0.99972482
1772 0.99607253
1773 1.00975817
1774 1.00702156
1775 1.01015692
1776 1.00438147
1777 1.01509580
1778 1.00438582
1779 1.01211285
1780 1.00197037
1781 1.01212588
1782 1.00229329
1783 1.00794239
1784 1.01160787
1785 1.01908510
1786 1.00729458
1787 0.99720330
1788 0.99763622
1789 0.99524975
1790 1.00462969
1791 1.00052581
1792 1.00944214
1793 1.00151707
1794 0.99808158
1795 0.99530616
1796 0.99482898
1797 1.00689097
1798 1.00515937
1799 1.00180949
1800 1.00625610
1801 0.99749078
1802 1.00074562
1803 0.99163647
1804 0.99464143
1805 0.99921011
1806 1.00729458
1807 1.00065744
1808 1.00366842
1809 1.00275049
1810 0.99729044
1811 1.00377740
1812 1.00828765
1813 1.00447634
1814 1.00029248
1815 1.00112677
1816 0.99616696
1817 0.99680452
1818 1.00296657
1819 0.99708622
1820 0.99883494
1821 0.98988153
1822 1.00608399
1823 0.99694488
1824 0.99811297
1825 1.00695545
1826 0.99525640
1827 1.00065744
1828 0.99704178
1829 0.99932446
1830 1.00022397
1831 1.00502090
1832 1.00181633
1833 0.98807781
1834 0.99554115
1835 0.99726564
1836 1.00575727
1837 1.00256931
1838 1.00599317
1839 1.00070491
1840 0.99484936
1841 1.00184414
1842 1.00677216
1843 1.00745138
1844 0.99571357
1845 0.99317821
1846 1.00324975
1847 0.99842760
1848 0.99704178
1849 0.99032712
1850 0.99613004
1851 0.98950646
1852 0.99649570
1853 0.99106683
1854 0.99240307
1855 0.99119994
1856 0.99203595
1857 0.99103918
1858 0.99375515
1859 0.99359715
1860 0.99010176
1861 0.99671129
1862 0.99567532
1863 0.99931977
1864 0.98849072
1865 0.99010163
1866 0.99949460
1867 0.98996933
1868 0.99340171
1869 0.99032712
1870 1.00178030
1871 0.99618903
1872 0.99781608
1873 1.00048478
1874 0.99581244
1875 0.99841641
1876 0.99571273
1877 0.98969904
1878 0.99958171
1879 0.99692026
1880 0.99598794
1881 1.00679155
1882 1.00224817
1883 0.99994716
1884 0.99823701
1885 1.00441832
1886 0.99873578
1887 1.00062042
1888 1.00999559
1889 0.99461637
1890 1.00178030
1891 1.00050454
1892 1.00051652
1893 1.00158034
1894 0.99819557
1895 1.00248507
1896 1.00161674
1897 0.99603524
1898 0.99728119
1899 1.00472235
1900 1.00079236
1901 0.99842189
1902 1.00369755
1903 0.99461018
1904 1.00496329
1905 0.99905631
1906 1.00279418
1907 1.00396928
1908 1.00321764
1909 0.99476845
1910 0.99927869
1911 1.00050454
1912 0.99587564
1913 1.00631044
1914 1.01117941
1915 1.01057361
1916 1.00852225
1917 1.00476197
1918 1.01363798
1919 0.99846420
1920 1.01598589
1921 1.00790835
1922 1.01367255
1923 1.00536893
1924 1.00690095
1925 1.00482277
1926 1.00437533
1927 1.00801228
1928 1.00214430
1929 1.00501489
1930 1.01477512
1931 1.00514993
1932 0.99587564
1933 1.00135043
1934 0.99923232
1935 0.99833689
1936 1.00118905
1937 1.00471897
1938 1.00728130
1939 1.00203613
1940 0.99744611
1941 1.00557879
1942 0.99390795
1943 0.99926268
1944 1.00002613
1945 0.99576025
1946 0.99825008
1947 1.00327500
1948 1.00282608
1949 1.00647362
1950 0.99914946
1951 1.01375699
1952 1.00478587
1953 1.00135043
1954 1.00382656
1955 0.99900439
1956 1.00067644
1957 0.99794204
1958 1.00674230
1959 1.00352943
1960 0.99863723
1961 1.00148562
1962 0.99838659
1963 1.00301198
1964 0.99345532
1965 0.99999711
1966 0.99654486
1967 1.00279060
1968 0.99600757
1969 1.00589820
1970 1.00692146
1971 1.00081892
1972 1.00113418
1973 0.99109499
1974 1.00382656
1975 1.00243504
1976 1.00413800
1977 1.01020697
1978 1.00489216
1979 0.99941149
1980 0.99799153
1981 0.99694050
1982 0.99723274
1983 0.99440092
1984 1.00390818
1985 1.00204581
1986 0.99243108
1987 0.99383620
1988 0.99862576
1989 1.00321799
1990 0.99791094
1991 1.00378591
1992 1.00092506
1993 0.99883549
1994 1.00192486
1995 1.00243504
1996 0.99504063
1997 0.99239733
1998 1.00043418
1999 0.99990044
2000 0.99425600
2001 0.99527762
2002 0.99334571
2003 0.99081592
2004 0.98807037
2005 0.99035458
2006 0.99138507
2007 0.99374600
2008 0.98573433
2009 0.99993453
2010 0.99445396
2011 0.98802764
2012 0.99358904
2013 0.99837131
2014 0.99559159
2015 0.99488241
2016 0.99504063
2017 1.00535565
2018 0.99420341
2019 0.99486779
2020 1.00458403
2021 0.99109276
2022 0.98915523
2023 0.99401271
2024 0.99876648
2025 0.99757653
2026 1.00022674
2027 0.99550997
2028 1.00067902
2029 0.99420923
2030 0.99463023
2031 1.00269364
2032 0.99426841
2033 0.99786577
2034 1.00302153
2035 0.99550181
2036 0.99665924
2037 1.00535565
2038 0.99375172
2039 0.99179345
2040 0.99198447
2041 0.98872560
2042 0.99355851
2043 0.99339218
2044 0.99624312
2045 0.99789108
2046 0.98820743
2047 0.99194926
2048 0.99899039
2049 0.99355666
2050 0.98775643
2051 0.99452792
2052 0.98763573
2053 0.99484567
2054 0.99430800
2055 0.99479657
2056 0.99372040
2057 0.98920281
2058 0.99375172
2059 1.01106413
2060 1.00362554
2061 1.00618080
2062 1.02383132
2063 1.00212962
2064 1.01131499
2065 1.00514388
2066 1.00672156
2067 1.00087317
2068 1.00991566
2069 1.01066882
2070 0.99576579
2071 1.00224077
2072 1.00806662
2073 1.00730292
2074 1.00355950
2075 1.00184865
2076 1.00578882
2077 1.00889491
2078 1.00904678
2079 1.01106413
2080 0.99898121
2081 0.99916684
2082 0.99734615
2083 0.99761787
2084 0.98655797
2085 1.00919019
2086 0.99966989
2087 0.99031504
2088 0.98270401
2089 0.99454360
2090 0.99009860
2091 0.99619898
2092 1.00155285
2093 0.99180264
2094 0.99818317
2095 0.98587322
2096 0.99982017
2097 1.00384905
2098 0.99922787
2099 1.00203514
2100 0.99898121
2101 1.00279347
2102 0.99580744
2103 0.98892591
2104 0.99012490
2105 0.99564145
2106 1.00015414
2107 0.98466999
2108 1.00081352
2109 1.00012007
2110 0.99165615
2111 1.00013792
2112 0.99206440
2113 0.98801676
2114 0.99462929
2115 0.99821844
2116 0.99454992
2117 0.97894108
2118 0.99537733
2119 0.99440981
2120 1.00218038
2121 1.00279347
2122 0.99343910
2123 0.99849758
2124 0.99287443
2125 0.99766513
2126 1.00069301
2127 0.99560691
2128 1.00171880
2129 1.00313632
2130 0.98692458
2131 0.99157185
2132 0.99901693
2133 1.00852484
2134 0.99689465
2135 0.99433119
2136 0.99544392
2137 1.00000150
2138 0.99784974
2139 0.99774886
2140 1.00720808
2141 0.99164223
2142 0.99343910
2143 1.00539474
2144 1.00170831
2145 1.01370616
2146 0.99925202
2147 0.99591244
2148 0.99865897
2149 1.00301799
2150 1.00271728
2151 1.01037753
2152 0.99966113
2153 1.01155411
2154 1.00076473
2155 1.00519461
2156 1.00562835
2157 1.00269915
2158 0.99974793
2159 0.99812742
2160 1.00523463
2161 1.00107711
2162 1.00055205
2163 1.00539474
2164 0.99496585
2165 0.99447143
2166 0.99154743
2167 0.99825062
2168 0.99670120
2169 0.99696287
2170 0.99426895
2171 1.00518100
2172 1.00007246
2173 0.99426516
2174 0.99922276
2175 0.99577181
2176 0.99582064
2177 1.00609193
2178 1.00109141
2179 0.99270692
2180 1.00494282
2181 0.99253711
2182 0.99420886
2183 0.99393775
2184 0.99496585
2185 1.00494197
2186 0.99171981
2187 0.99945694
2188 0.99947033
2189 1.00040797
2190 0.99810322
2191 0.99873883
2192 0.99834946
2193 1.01254911
2194 0.99409602
2195 1.00011007
2196 0.99651560
2197 0.99889876
2198 0.99309183
2199 1.00420889
2200 1.00480202
2201 0.99973397
2202 1.00519690
2203 1.00351478
2204 1.00060518
2205 1.00494197
2206 1.00637655
2207 1.00474413
2208 1.00339235
2209 0.98969495
2210 1.01196863
2211 1.01140027
2212 1.01034332
2213 1.00407193
2214 1.00176499
2215 1.00477528
2216 1.00569712
2217 0.99976850
2218 1.00703368
2219 1.00500414
2220 1.00590935
2221 1.01047306
2222 1.00390706
2223 1.00753081
2224 1.00591004
2225 1.00908420
2226 1.00637655
2227 0.99555584
2228 0.99462990
2229 0.99494821
2230 0.99301191
2231 0.98992655
2232 0.99455990
2233 0.99855703
2234 0.98838260
2235 0.99043745
2236 0.99602027
2237 1.00032809
2238 0.98977857
2239 0.99551499
2240 1.00008614
2241 0.99071603
2242 0.99747560
2243 0.99433187
2244 0.99478844
2245 0.99414769
2246 0.99252892
2247 0.99555584
2248 1.00979995
2249 1.00726873
2250 1.00345948
2251 0.99629143
2252 1.01108292
2253 1.00545401
2254 1.00431821
2255 1.00548269
2256 1.00366346
2257 1.00377114
2258 1.00664769
2259 1.00063628
2260 1.01099320
2261 1.00791625
2262 1.00572003
2263 1.00735351
2264 1.00561505
2265 1.00564677
2266 1.00665049
2267 1.01139251
2268 1.00979995
2269 1.00581788
2270 1.00429657
2271 0.99720160
2272 0.99921264
2273 0.99829663
2274 1.00972449
2275 1.00383282
2276 0.99756436
2277 1.01229844
2278 0.99808813
2279 0.99586779
2280 1.00516430
2281 1.00946678
2282 1.01347966
2283 1.00321498
2284 1.00729512
2285 0.99888081
2286 1.00087455
2287 0.99884301
2288 1.00462819
2289 1.00581788
2290 1.00320063
2291 1.00278613
2292 1.00206828
2293 0.99782183
2294 1.00422426
2295 1.00199932
2296 0.99475487
2297 1.00128213
2298 0.99729242
2299 1.00658790
2300 1.00164998
2301 1.00598944
2302 0.99767547
2303 1.00145977
2304 1.00345045
2305 1.00188799
2306 1.00082012
2307 1.00844227
2308 1.00202295
2309 0.99849537
2310 1.00320063
2311 0.99291656
2312 0.99163058
2313 0.99089205
2314 0.99210750
2315 0.99306155
2316 0.99754284
2317 0.98860297
2318 1.00375388
2319 0.99911682
2320 0.99454789
2321 0.99477985
2322 1.00508162
2323 0.99832446
2324 1.00243950
2325 0.99348993
2326 0.99657734
2327 0.99477216
2328 0.99723459
2329 1.00035396
2330 1.00250870
2331 0.99291656
2332 1.00524134
2333 1.00869001
2334 0.99599165
2335 0.98967090
2336 0.99906089
2337 1.00495773
2338 1.00389136
2339 1.00209210
2340 1.00403737
2341 0.99330094
2342 0.99872281
2343 1.00036356
2344 0.99797095
2345 1.00402772
2346 0.99673324
2347 1.00161991
2348 1.00041474
2349 1.00250163
2350 1.00094429
2351 0.99509137
2352 1.00524134
2353 0.99792927
2354 0.99122497
2355 0.99801232
2356 0.99566336
2357 0.99579449
2358 0.99620775
2359 0.99413526
2360 0.99680911
2361 1.00117326
2362 0.99600913
2363 0.99909413
2364 1.00346128
2365 0.99258231
2366 0.99623095
2367 0.99242822
2368 0.99758046
2369 0.98894815
2370 0.99502531
2371 0.98674435
2372 0.99356757
2373 0.99792927
2374 1.00204667
2375 1.00398491
2376 0.99524034
2377 1.00011768
2378 1.00805018
2379 0.99646062
2380 0.99913271
2381 0.99997439
2382 1.00308560
2383 0.99586698
2384 1.00052821
2385 1.00581251
2386 0.99406834
2387 1.00054128
2388 0.99464123
2389 0.99461100
2390 0.99590864
2391 0.99768050
2392 1.00054365
2393 0.99513678
2394 1.00204667
2395 0.99920561
2396 0.98559774
2397 0.98935450
2398 1.00038921
2399 1.00318361
2400 0.99113982
2401 1.00059257
2402 0.98843364
2403 0.99667013
2404 0.99118163
2405 0.99165268
2406 0.99513185
2407 0.99448136
2408 0.99962337
2409 0.99018457
2410 0.99919155
2411 0.98629131
2412 0.99180328
2413 0.99046379
2414 0.99792353
2415 0.99920561
2416 0.99380039
2417 1.00695113
2418 0.99762014
2419 1.00381821
2420 1.00930401
2421 1.01134905
2422 0.99861356
2423 0.99600332
2424 1.00800201
2425 1.00288938
2426 1.00912288
2427 1.00806823
2428 1.00898559
2429 1.00300045
2430 1.00139439
2431 1.00170254
2432 1.00561716
2433 0.99937382
2434 0.99984474
2435 1.00119253
2436 0.99380039
2437 1.00420662
2438 1.00415954
2439 1.01907977
2440 0.99807695
2441 1.00506138
2442 1.00991128
2443 1.01002609
2444 0.99829004
2445 1.00944854
2446 0.99861042
2447 1.00438292
2448 1.00212384
2449 1.00126613
2450 1.00082740
2451 0.99963658
2452 1.00345624
2453 0.99783187
2454 1.00367121
2455 1.00430660
2456 1.00344891
2457 1.00420662
2458 0.98936677
2459 0.99692359
2460 0.99892102
2461 0.99434026
2462 1.00570045
2463 0.99348428
2464 0.99623155
2465 0.99362819
2466 1.00880795
2467 1.00106452
2468 0.99909551
2469 0.99710952
2470 1.00380450
2471 0.99590127
2472 1.00137276
2473 0.99597401
2474 0.98971971
2475 0.99373539
2476 0.99370054
2477 0.99387981
2478 0.98936677
2479 1.01089620
2480 1.00543689
2481 1.00795437
2482 1.00218393
2483 1.00049888
2484 1.01062842
2485 1.00096687
2486 1.00991913
2487 1.00541496
2488 1.01118091
2489 1.01951830
2490 0.99914158
2491 1.00281305
2492 1.00085096
2493 1.00422880
2494 1.00538954
2495 1.00548967
2496 1.00660785
2497 1.01123164
2498 1.01025123
2499 1.01089620
2500 0.99679714
2501 0.99666942
2502 0.99838593
2503 0.99201976
2504 1.00171689
2505 1.00099060
2506 0.99338047
2507 0.99950327
2508 0.99808714
2509 0.99812811
2510 1.00670769
2511 0.99492816
2512 0.99838653
2513 0.99267138
2514 0.99498889
2515 1.00651445
2516 1.00241365
2517 0.99330489
2518 0.99370018
2519 1.00496434
2520 0.99679714
2521 0.98785547
2522 0.99276892
2523 1.00102672
2524 0.99711419
2525 1.00049249
2526 1.00135578
2527 1.00378574
2528 0.99528441
2529 0.99319104
2530 1.00062860
2531 0.99965140
2532 0.99823858
2533 0.99006927
2534 1.00082170
2535 1.00315964
2536 0.99336475
2537 0.99808257
2538 0.99790722
2539 0.99076905
2540 0.99306149
2541 0.98785547
2542 0.99792888
2543 1.00033639
2544 0.99191396
2545 1.00393027
2546 0.98987805
2547 1.00217566
2548 0.99383177
2549 0.99896125
2550 0.99179210
2551 1.00063243
2552 0.99827045
2553 1.00034819
2554 1.00169068
2555 1.00224978
2556 0.99392084
2557 1.00191509
2558 0.99901702
2559 0.99925312
2560 0.99626204
2561 0.99950795
2562 0.99792888
2563 0.99559469
2564 0.99823937
2565 0.99664801
2566 1.00084367
2567 0.99375109
2568 0.99871452
2569 0.99817063
2570 1.00548181
2571 1.00750400
2572 1.00177823
2573 0.99303471
2574 1.00129046
2575 0.99978762
2576 0.99457052
2577 0.99840258
2578 0.99811788
2579 1.00781973
2580 1.01148529
2581 1.00640847
2582 0.99812284
2583 0.99559469
2584 0.99942267
2585 1.00487566
2586 1.00658256
2587 1.00295053
2588 1.00137442
2589 1.00194316
2590 1.00994401
2591 1.00313869
2592 0.99803967
2593 0.99537738
2594 1.00023387
2595 0.99378386
2596 1.00340790
2597 1.00915462
2598 1.01418738
2599 1.00672816
2600 1.00826064
2601 0.99479346
2602 1.01335958
2603 1.01212329
2604 0.99942267
2605 0.99697368
2606 1.00002025
2607 0.99772265
2608 0.99601209
2609 0.99961329
2610 0.99666868
2611 0.98750254
2612 1.01132806
2613 1.00044596
2614 0.99694767
2615 1.00347863
2616 1.00416679
2617 0.99556986
2618 1.00477291
2619 0.99659606
2620 1.00801441
2621 1.00173328
2622 0.99262681
2623 0.99095527
2624 0.99845773
2625 0.99697368
2626 1.00266575
2627 0.99230489
2628 0.98700350
2629 1.00483190
2630 1.01292501
2631 0.99570860
2632 0.99846666
2633 0.99472152
2634 0.99849141
2635 0.99341602
2636 0.99773828
2637 0.99352506
2638 0.99301411
2639 0.99871519
2640 1.00879835
2641 1.00387541
2642 0.99878615
2643 1.00356092
2644 1.00297254
2645 1.00466209
2646 1.00266575
2647 0.99473595
2648 0.99105600
2649 0.98908302
2650 0.99191505
2651 1.00308716
2652 0.99851991
2653 0.99615366
2654 0.99709898
2655 1.00003494
2656 0.98606081
2657 0.99198697
2658 0.99842218
2659 0.99410086
2660 1.00164173
2661 1.00165583
2662 0.99248722
2663 0.99811244
2664 1.00185529
2665 0.99418757
2666 0.99108922
2667 0.99473595
2668 0.99596932
2669 0.99774032
2670 1.00165334
2671 1.00239743
2672 1.00286721
2673 1.00184937
2674 1.00313021
2675 1.00271331
2676 1.00397831
2677 1.00423786
2678 1.00654703
2679 0.99636799
2680 1.00367023
2681 1.00091421
2682 1.00389433
2683 1.00406597
2684 1.00704003
2685 1.01415457
2686 1.00755287
2687 1.00755990
2688 0.99596932
2689 0.98497050
2690 0.98201302
2691 0.98764709
2692 0.99478198
2693 0.97808606
2694 0.98637068
2695 0.98394103
2696 0.99282480
2697 1.00275936
2698 0.97770677
2699 0.99291427
2700 0.99183280
2701 0.98701724
2702 0.99148097
2703 0.99100662
2704 0.98921907
2705 0.98849374
2706 0.98926410
2707 0.99450966
2708 0.99176724
2709 0.98497050
2710 1.00809458
2711 1.01196931
2712 1.00518050
2713 1.00023923
2714 1.00350506
2715 1.00206748
2716 0.99939844
2717 1.00190620
2718 1.00222079
2719 0.99530793
2720 0.99537978
2721 1.00923870
2722 1.00198653
2723 1.00307669
2724 1.00076522
2725 1.00365295
2726 1.00000925
2727 0.99661128
2728 0.99989715
2729 1.00079136
2730 1.00809458
2731 1.00277300
2732 1.00112864
2733 0.99217567
2734 0.99748912
2735 0.99157769
2736 0.99775547
2737 0.99186347
2738 0.99233150
2739 0.99763884
2740 0.98902909
2741 0.98838641
2742 0.99188859
2743 0.98877704
2744 0.98354524
2745 0.99827207
2746 0.99241315
2747 0.98612063
2748 0.99630178
2749 0.99421208
2750 0.98999410
2751 1.00277300
2752 1.00258683
2753 1.00777301
2754 1.00479745
2755 0.99995191
2756 1.00822497
2757 0.99775329
2758 1.01267072
2759 0.99787151
2760 1.00505551
2761 1.00706250
2762 1.00583697
2763 1.00860069
2764 1.00582109
2765 1.00455887
2766 1.00784203
2767 1.00591961
2768 1.00173277
2769 1.00984151
2770 1.00964120
2771 1.00978323
2772 1.00258683
2773 0.94280212
2774 0.95995864
2775 0.96252302
2776 0.97173784
2777 0.97545950
2778 0.97246251
2779 0.97561211
2780 0.97703215
2781 0.97949222
2782 0.97708068
2783 0.98380516
2784 0.97753389
2785 0.97712338
2786 0.98244762
2787 0.97670417
2788 0.98221694
2789 0.97146441
2790 0.96715071
2791 0.97124606
2792 0.95897727
2793 0.94280212
2794 1.00015315
2795 0.99583217
2796 0.99807025
2797 0.99351717
2798 0.99905238
2799 0.99554285
2800 1.00013501
2801 1.00892079
2802 1.00651431
2803 1.00854982
2804 1.00356486
2805 0.99653690
2806 0.99884129
2807 1.00215491
2808 1.00355214
2809 0.99947075
2810 0.99963051
2811 0.99494683
2812 0.99789795
2813 1.00028888
2814 1.00015315
2815 1.01070241
2816 0.99229706
2817 0.99970086
2818 1.00209412
2819 0.99470997
2820 0.99477975
2821 1.00485074
2822 1.00289258
2823 0.99338370
2824 1.00451160
2825 1.00058887
2826 1.00338175
2827 1.00510370
2828 0.99469311
2829 1.00431951
2830 0.99585915
2831 0.99757233
2832 1.00562861
2833 1.00741262
2834 1.00022786
2835 1.01070241
2836 0.98898911
2837 1.00228195
2838 0.99701484
2839 1.00590545
2840 0.99225247
2841 0.99807345
2842 1.00034214
2843 1.00037493
2844 0.98515954
2845 0.99813768
2846 0.99233270
2847 0.99530185
2848 1.00105294
2849 0.99989165
2850 1.00542007
2851 0.99353473
2852 1.00075879
2853 0.99612382
2854 0.99859197
2855 1.00144626
2856 0.98898911
2857 1.00639687
2858 0.99876783
2859 0.99910850
2860 0.99997671
2861 0.99337883
2862 1.00604831
2863 1.00947302
2864 0.99754305
2865 0.99221733
2866 1.00015457
2867 0.99350408
2868 0.99937606
2869 1.00311111
2870 1.00202892
2871 1.00498046
2872 1.00294029
2873 0.99937468
2874 0.99255239
2875 0.99784118
2876 0.99338735
2877 1.00639687
2878 1.00531590
2879 1.00719304
2880 1.01814068
2881 0.99656934
2882 1.00409048
2883 1.00955317
2884 1.00397969
2885 1.00615763
2886 1.00153939
2887 0.99923081
2888 1.00734334
2889 1.00775532
2890 0.99882735
2891 0.99788499
2892 1.00499681
2893 1.00329992
2894 1.00527751
2895 1.00211114
2896 1.00147626
2897 1.00341484
2898 1.00531590
2899 1.00003983
2900 0.99272383
2901 0.99579319
2902 0.98769503
2903 0.99351315
2904 0.99218806
2905 0.99648601
2906 0.99195005
2907 0.99918634
2908 0.98372363
2909 0.99646109
2910 0.99739833
2911 1.00315301
2912 1.00336483
2913 0.98884781
2914 0.99398089
2915 0.99861724
2916 0.99075188
2917 1.00213627
2918 0.98747125
2919 1.00003983
2920 0.99859831
2921 0.99329851
2922 0.99979133
2923 0.99321431
2924 1.00279863
2925 0.99054884
2926 0.99524965
2927 0.99865149
2928 1.00957502
2929 0.99821046
2930 0.99493449
2931 1.00834138
2932 0.99606079
2933 0.98975019
2934 0.99983837
2935 1.00246634
2936 1.00434326
2937 0.98889847
2938 0.99494765
2939 1.00240942
2940 0.99859831
2941 1.00771703
2942 1.01198685
2943 1.00777056
2944 1.00637683
2945 1.00690955
2946 1.00599868
2947 1.00984130
2948 1.01450580
2949 1.00575712
2950 1.00941430
2951 1.01099859
2952 1.00882575
2953 1.00357193
2954 1.01223650
2955 1.00289732
2956 1.00884712
2957 1.00541140
2958 1.00535097
2959 1.00891001
2960 1.00881909
2961 1.00771703
2962 0.98548715
2963 1.00280037
2964 0.99411441
2965 0.99921144
2966 0.99760567
2967 0.98617803
2968 0.99570859
2969 0.99966077
2970 1.00491401
2971 0.99894172
2972 0.99664619
2973 0.99152761
2974 1.00223624
2975 0.99601371
2976 0.99310016
2977 1.00518125
2978 0.99293810
2979 0.99303196
2980 0.99997239
2981 0.99876960
2982 0.98548715
2983 1.00215671
2984 1.00074718
2985 1.00809412
2986 1.00017274
2987 1.00056020
2988 0.99407035
2989 0.99337095
2990 0.99464478
2991 0.98933678
2992 0.98871550
2993 0.99271192
2994 1.00192274
2995 0.98248542
2996 0.99643148
2997 0.99699383
2998 0.98468280
2999 0.99954589
3000 0.98640115
3001 1.00103865
3002 0.98749787
3003 1.00215671
3004 0.99675692
3005 0.99332813
3006 0.99860559
3007 0.99092630
3008 0.99532148
3009 1.00797233
3010 1.00022618
3011 0.99367139
3012 0.99713933
3013 1.00597623
3014 1.00673777
3015 0.99266052
3016 1.00425725
3017 1.00410445
3018 1.00563677
3019 1.00225618
3020 1.00733177
3021 1.00130974
3022 1.00312285
3023 0.99793445
3024 0.99675692
