index DenDen_position
1 1.59895732
2 1.55466626
3 1.51406201
4 1.49011392
5 1.46816081
6 1.44374096
7 1.43629335
8 1.42743227
9 1.42691558
10 1.41882938
11 1.41689860
12 1.41607139
13 1.42101219
14 1.42431843
15 1.44502956
16 1.45081588
17 1.46658362
18 1.48980082
19 1.50894600
20 1.55377770
21 1.59895732
22 0.90100337
23 0.91706692
24 0.92526381
25 0.92565706
26 0.93943862
27 0.92662850
28 0.93648143
29 0.94434497
30 0.94488731
31 0.94460279
32 0.93989780
33 0.94909856
34 0.94035697
35 0.94894176
36 0.93020082
37 0.94643694
38 0.93196177
39 0.93347330
40 0.92526423
41 0.91680054
42 0.90100337
43 0.96554374
44 0.96222200
45 0.96129029
46 0.97033854
47 0.96749957
48 0.97095172
49 0.95610772
50 0.97098466
51 0.95913825
52 0.96243555
53 0.96305521
54 0.96036234
55 0.96829021
56 0.96516496
57 0.95818916
58 0.96787390
59 0.95810235
60 0.97088398
61 0.95915569
62 0.96852915
63 0.96554374
64 0.96549879
65 0.96311766
66 0.95128356
67 0.95236067
68 0.95584299
69 0.96725195
70 0.96550861
71 0.95624038
72 0.96530923
73 0.96245061
74 0.95890940
75 0.97007137
76 0.95626189
77 0.96287362
78 0.96639242
79 0.95709033
80 0.96166017
81 0.96077591
82 0.96431151
83 0.96864533
84 0.96549879
85 0.96246544
86 0.97052167
87 0.96472361
88 0.95382985
89 0.95404958
90 0.94791015
91 0.95866076
92 0.96735028
93 0.96078730
94 0.95737080
95 0.96197274
96 0.96384516
97 0.96389063
98 0.96246194
99 0.95764410
100 0.95446138
101 0.95552296
102 0.96998031
103 0.95914478
104 0.96082121
105 0.96246544
106 0.96856845
107 0.97340675
108 0.97035030
109 0.96890007
110 0.97015314
111 0.96650051
112 0.96626574
113 0.96369404
114 0.96749365
115 0.96963678
116 0.97834003
117 0.96917976
118 0.96783283
119 0.96452436
120 0.97392406
121 0.96569133
122 0.96785436
123 0.97604592
124 0.95899349
125 0.97251788
126 0.96856845
127 0.96354008
128 0.97788349
129 0.96939263
130 0.96481872
131 0.96729179
132 0.96804900
133 0.96514802
134 0.96638783
135 0.96915669
136 0.96668541
137 0.97419652
138 0.97551031
139 0.97232444
140 0.96738992
141 0.97316924
142 0.96624690
143 0.95813703
144 0.97038710
145 0.97496062
146 0.97192073
147 0.96354008
148 0.96273041
149 0.95938308
150 0.96173038
151 0.96584175
152 0.96549910
153 0.96934759
154 0.96646932
155 0.96993975
156 0.96729456
157 0.96730987
158 0.96481370
159 0.96862790
160 0.96060933
161 0.97283958
162 0.97538692
163 0.97171710
164 0.98113213
165 0.96909092
166 0.96910627
167 0.97007137
168 0.96273041
169 0.95117509
170 0.95930630
171 0.95912335
172 0.96284723
173 0.95749358
174 0.96454955
175 0.95203086
176 0.96776752
177 0.96734017
178 0.96184971
179 0.95976306
180 0.95646716
181 0.95677962
182 0.96072862
183 0.96972749
184 0.96196625
185 0.95653847
186 0.95446419
187 0.96654656
188 0.96338750
189 0.95117509
190 0.95559490
191 0.95734163
192 0.96947512
193 0.96696481
194 0.95302438
195 0.96226503
196 0.96237510
197 0.96298679
198 0.95713526
199 0.96743985
200 0.96732897
201 0.96870864
202 0.96388569
203 0.96515749
204 0.95135694
205 0.96329312
206 0.95662635
207 0.96739405
208 0.95901238
209 0.96132116
210 0.95559490
211 0.97008535
212 0.96730427
213 0.97026118
214 0.97198353
215 0.96419916
216 0.95571641
217 0.96433293
218 0.96103836
219 0.97532264
220 0.96737532
221 0.96303659
222 0.96405823
223 0.97324517
224 0.96961295
225 0.96864335
226 0.96775499
227 0.95793446
228 0.96490279
229 0.96009012
230 0.96297660
231 0.97008535
232 0.91945328
233 0.91799358
234 0.91695597
235 0.92971654
236 0.93674620
237 0.93868170
238 0.94426596
239 0.94474178
240 0.94750625
241 0.94396995
242 0.94102384
243 0.94707285
244 0.95282948
245 0.94075777
246 0.93730644
247 0.94606663
248 0.92799805
249 0.92964042
250 0.92580419
251 0.91488906
252 0.91945328
253 0.91313854
254 0.91841667
255 0.92569730
256 0.92794416
257 0.94419408
258 0.93728674
259 0.94568310
260 0.94430128
261 0.94830192
262 0.93806582
263 0.94950369
264 0.94496603
265 0.94494641
266 0.94507201
267 0.94552267
268 0.93311081
269 0.92744404
270 0.93355982
271 0.92456364
272 0.92203253
273 0.91313854
274 0.98133219
275 0.97328469
276 0.97808596
277 0.97816866
278 0.97918541
279 0.97938027
280 0.97770476
281 0.97610623
282 0.97160384
283 0.97074590
284 0.97670974
285 0.98264626
286 0.97276120
287 0.97610547
288 0.97435825
289 0.97882449
290 0.97165712
291 0.97420518
292 0.96520445
293 0.97224786
294 0.98133219
295 0.96282511
296 0.96501817
297 0.96016569
298 0.96957839
299 0.95979118
300 0.96523944
301 0.95868287
302 0.96712518
303 0.96600778
304 0.96958206
305 0.95685681
306 0.95933644
307 0.96302395
308 0.96331689
309 0.96172122
310 0.96166478
311 0.96472304
312 0.96301787
313 0.96439343
314 0.96077232
315 0.96282511
316 0.97105271
317 0.96082640
318 0.96496779
319 0.96875795
320 0.97014325
321 0.96698572
322 0.96025680
323 0.96239070
324 0.96569799
325 0.96497596
326 0.96268281
327 0.96511267
328 0.96062176
329 0.96316982
330 0.96731182
331 0.96000125
332 0.96303671
333 0.95858852
334 0.96796678
335 0.97401196
336 0.97105271
337 0.96742851
338 0.96353307
339 0.97143299
340 0.95939096
341 0.96607659
342 0.96366677
343 0.96306714
344 0.96748586
345 0.95981774
346 0.96340632
347 0.97481899
348 0.96277160
349 0.96215402
350 0.95998674
351 0.96716676
352 0.96398085
353 0.97069394
354 0.96760120
355 0.96056373
356 0.96978136
357 0.96742851
358 0.97075685
359 0.97109779
360 0.96325385
361 0.96337209
362 0.97116648
363 0.97027016
364 0.96880426
365 0.96744779
366 0.96574025
367 0.96904430
368 0.96842788
369 0.97646755
370 0.97173508
371 0.96614864
372 0.96155135
373 0.97107799
374 0.97141741
375 0.96765143
376 0.96661578
377 0.96896033
378 0.97075685
379 0.96597051
380 0.97203694
381 0.96047916
382 0.95602917
383 0.95963053
384 0.97259112
385 0.96084082
386 0.96637488
387 0.96965174
388 0.97055379
389 0.96009157
390 0.95883554
391 0.96452247
392 0.97002144
393 0.96994774
394 0.96587718
395 0.95876151
396 0.96410421
397 0.96591354
398 0.96362769
399 0.96597051
400 0.96095862
401 0.97129070
402 0.97289901
403 0.96744492
404 0.96826842
405 0.97128054
406 0.97344128
407 0.96592783
408 0.97461954
409 0.96091103
410 0.97001470
411 0.96065283
412 0.97212965
413 0.96778301
414 0.97013650
415 0.97327608
416 0.97297204
417 0.96656471
418 0.96739294
419 0.96568463
420 0.96095862
421 0.96885709
422 0.96648280
423 0.97501498
424 0.96128065
425 0.96436958
426 0.97495575
427 0.97332549
428 0.96883871
429 0.96394861
430 0.96548655
431 0.96635020
432 0.96723821
433 0.96640214
434 0.96931757
435 0.96208146
436 0.96752542
437 0.96636732
438 0.96446613
439 0.96484853
440 0.96829253
441 0.96885709
442 0.97488828
443 0.98924806
444 0.97650023
445 0.97172749
446 0.96771294
447 0.97798725
448 0.98438986
449 0.97617708
450 0.97357465
451 0.98514074
452 0.97420928
453 0.98418527
454 0.97485038
455 0.96898800
456 0.98508441
457 0.97740278
458 0.98087176
459 0.97548652
460 0.98167548
461 0.98194189
462 0.97488828
463 0.95977351
464 0.95382016
465 0.95379058
466 0.94875379
467 0.95582695
468 0.96257134
469 0.96377534
470 0.95682518
471 0.96564549
472 0.95233535
473 0.95485644
474 0.95183484
475 0.96446451
476 0.95427934
477 0.95550948
478 0.95733681
479 0.95177948
480 0.96209556
481 0.95913749
482 0.95492563
483 0.95977351
484 0.96893162
485 0.97409337
486 0.97530146
487 0.97156501
488 0.97595250
489 0.98127581
490 0.97963618
491 0.97958003
492 0.97878843
493 0.98478698
494 0.98091908
495 0.98304279
496 0.97507494
497 0.97961228
498 0.97658089
499 0.97562084
500 0.98047882
501 0.98177325
502 0.97445629
503 0.98099830
504 0.96893162
505 0.96682647
506 0.96748848
507 0.97112910
508 0.95897146
509 0.96083654
510 0.96806130
511 0.96682674
512 0.96044979
513 0.96527719
514 0.96745896
515 0.97506781
516 0.96429781
517 0.97775723
518 0.96686015
519 0.96867133
520 0.95846710
521 0.96819096
522 0.97070433
523 0.96803098
524 0.96586490
525 0.96682647
526 0.96895303
527 0.96261662
528 0.95959754
529 0.96178058
530 0.97146573
531 0.96235368
532 0.96276320
533 0.96414933
534 0.95912799
535 0.97207140
536 0.96850364
537 0.95631638
538 0.96464287
539 0.95515082
540 0.96968534
541 0.95842404
542 0.95089977
543 0.96205777
544 0.95303311
545 0.95551150
546 0.96895303
547 0.96678543
548 0.96214184
549 0.96055717
550 0.96745560
551 0.97008684
552 0.96534252
553 0.96547511
554 0.97060262
555 0.96567364
556 0.96622411
557 0.95710103
558 0.96901969
559 0.96384920
560 0.96006421
561 0.96211638
562 0.96054226
563 0.96707234
564 0.97083887
565 0.96919091
566 0.97469479
567 0.96678543
568 0.96227844
569 0.97163883
570 0.97270356
571 0.98164667
572 0.97024792
573 0.97367560
574 0.96958077
575 0.97534068
576 0.96706114
577 0.96706898
578 0.97354965
579 0.97028987
580 0.96987259
581 0.96837218
582 0.95997932
583 0.96762254
584 0.96705569
585 0.97011201
586 0.97333063
587 0.96476392
588 0.96227844
589 0.96203567
590 0.96778008
591 0.96656928
592 0.96455222
593 0.97128219
594 0.96452470
595 0.97453949
596 0.97332811
597 0.96539320
598 0.97386766
599 0.96791993
600 0.96597044
601 0.98123414
602 0.97650123
603 0.96800051
604 0.96735485
605 0.97498663
606 0.97141020
607 0.97084160
608 0.97013452
609 0.96203567
610 0.97152273
611 0.97017794
612 0.97462402
613 0.98405327
614 0.97592148
615 0.98712872
616 0.97199281
617 0.97569780
618 0.97242490
619 0.96297504
620 0.97430347
621 0.97758851
622 0.97307338
623 0.98087669
624 0.97676576
625 0.97401940
626 0.97648813
627 0.96712305
628 0.96681897
629 0.97371141
630 0.97152273
631 0.96849159
632 0.97118405
633 0.97407252
634 0.97083139
635 0.97483164
636 0.96993789
637 0.97183584
638 0.96944273
639 0.97375336
640 0.96690230
641 0.97668416
642 0.97411090
643 0.96959334
644 0.97421418
645 0.97879045
646 0.97652969
647 0.97148472
648 0.96726909
649 0.96264826
650 0.96950235
651 0.96849159
652 0.95481663
653 0.96681241
654 0.95886048
655 0.95933126
656 0.97040093
657 0.96249218
658 0.96465345
659 0.95883224
660 0.96121412
661 0.96536126
662 0.96339818
663 0.96588961
664 0.96819484
665 0.96046314
666 0.96369597
667 0.95764349
668 0.96883444
669 0.96385806
670 0.96579693
671 0.96440057
672 0.95481663
673 0.95321350
674 0.95364811
675 0.96142183
676 0.95845423
677 0.96993522
678 0.96360315
679 0.96178568
680 0.95200802
681 0.95738436
682 0.95644156
683 0.96786749
684 0.95830765
685 0.95986681
686 0.95380023
687 0.96007718
688 0.96555526
689 0.95452403
690 0.96661662
691 0.95219398
692 0.96552921
693 0.95321350
694 0.96694125
695 0.96372313
696 0.96954501
697 0.96614930
698 0.96359331
699 0.96793419
700 0.96640584
701 0.97607983
702 0.95751308
703 0.96934731
704 0.96463312
705 0.96833718
706 0.96147154
707 0.95777266
708 0.96437880
709 0.96791071
710 0.96512390
711 0.96818059
712 0.96884445
713 0.97446191
714 0.96694125
715 0.96246921
716 0.96090588
717 0.96882482
718 0.96882067
719 0.95524734
720 0.96740510
721 0.96240998
722 0.97208969
723 0.96466380
724 0.96554147
725 0.96641657
726 0.97094163
727 0.96937404
728 0.96017832
729 0.97084175
730 0.96910242
731 0.97297831
732 0.96032676
733 0.96604661
734 0.96262583
735 0.96246921
736 0.95910970
737 0.96614791
738 0.95710355
739 0.96814166
740 0.96320370
741 0.96074312
742 0.95776810
743 0.96594690
744 0.95883490
745 0.96183614
746 0.96265070
747 0.96825342
748 0.96460852
749 0.96152292
750 0.96487757
751 0.96090337
752 0.96043395
753 0.96416642
754 0.96102937
755 0.96157172
756 0.95910970
757 0.96924512
758 0.97502876
759 0.96929646
760 0.96932480
761 0.96417750
762 0.96844004
763 0.97494391
764 0.97159079
765 0.97185492
766 0.96767622
767 0.97341520
768 0.96972054
769 0.97295551
770 0.96860338
771 0.97545737
772 0.97464572
773 0.97015950
774 0.97691506
775 0.97175241
776 0.97054271
777 0.96924512
778 0.96207564
779 0.96795227
780 0.96115649
781 0.96764517
782 0.96295856
783 0.97160104
784 0.96672971
785 0.96118644
786 0.96735738
787 0.96858539
788 0.96959748
789 0.95267718
790 0.96359928
791 0.96310574
792 0.97225266
793 0.96109908
794 0.96902616
795 0.96261537
796 0.97683390
797 0.96962849
798 0.96207564
799 0.96777114
800 0.96830419
801 0.97558890
802 0.96825876
803 0.97290377
804 0.97864272
805 0.97088181
806 0.96298010
807 0.97323082
808 0.98211333
809 0.96425533
810 0.96601615
811 0.96919403
812 0.97636103
813 0.96324486
814 0.97493837
815 0.96828688
816 0.96727245
817 0.97058885
818 0.97062953
819 0.96777114
820 0.96487403
821 0.96673754
822 0.96623042
823 0.95937620
824 0.96636842
825 0.96449046
826 0.96235541
827 0.96612664
828 0.96174764
829 0.96445943
830 0.96941365
831 0.96931167
832 0.96728933
833 0.96636626
834 0.96632157
835 0.96770443
836 0.97280994
837 0.96914483
838 0.96700478
839 0.96943793
840 0.96487403
841 0.96070469
842 0.96669451
843 0.96054695
844 0.97083082
845 0.96746668
846 0.96777810
847 0.96431273
848 0.96848419
849 0.96864845
850 0.97603266
851 0.96559450
852 0.96792454
853 0.96904411
854 0.97100143
855 0.96651742
856 0.97415873
857 0.96935567
858 0.96697475
859 0.97624219
860 0.97442655
861 0.96070469
862 0.96914359
863 0.96568404
864 0.96170723
865 0.96220917
866 0.96405417
867 0.96470155
868 0.97732724
869 0.96449924
870 0.96453053
871 0.96889203
872 0.97078174
873 0.96840900
874 0.96896257
875 0.96459058
876 0.96336876
877 0.96131036
878 0.96786181
879 0.96118658
880 0.96628567
881 0.96166171
882 0.96914359
883 0.96753341
884 0.97110552
885 0.97045777
886 0.96497027
887 0.96594390
888 0.97230053
889 0.97401496
890 0.97085397
891 0.96126410
892 0.96817272
893 0.97122095
894 0.96545097
895 0.97012281
896 0.96697813
897 0.96176899
898 0.96360014
899 0.97132841
900 0.97049477
901 0.97398349
902 0.96105369
903 0.96753341
904 0.96614794
905 0.96554738
906 0.97458791
907 0.96777435
908 0.97224695
909 0.96816894
910 0.97732302
911 0.97160969
912 0.97278352
913 0.97834517
914 0.97891927
915 0.96228053
916 0.97675004
917 0.95734023
918 0.97782364
919 0.97307466
920 0.96628984
921 0.97444052
922 0.96797300
923 0.96384904
924 0.96614794
925 0.95820059
926 0.96083903
927 0.95474262
928 0.95684543
929 0.96356432
930 0.95852991
931 0.96083209
932 0.96491871
933 0.96107146
934 0.96665712
935 0.96314503
936 0.95836038
937 0.95948802
938 0.95779860
939 0.94715107
940 0.96200478
941 0.96246246
942 0.95689161
943 0.95646851
944 0.95063604
945 0.95820059
946 0.97427815
947 0.97364056
948 0.97352502
949 0.98074073
950 0.98368044
951 0.97170007
952 0.97061782
953 0.97744572
954 0.97353771
955 0.97295653
956 0.96867497
957 0.97594632
958 0.96605127
959 0.98378476
960 0.96729674
961 0.96927960
962 0.97381782
963 0.97235084
964 0.97393639
965 0.97294656
966 0.97427815
967 0.97292927
968 0.97441498
969 0.96078901
970 0.96098416
971 0.95929948
972 0.96608297
973 0.96168457
974 0.96332329
975 0.95822929
976 0.95798025
977 0.95877969
978 0.95821908
979 0.96351540
980 0.96469865
981 0.96378016
982 0.96594843
983 0.96346986
984 0.96066027
985 0.95489180
986 0.96209963
987 0.97292927
988 0.96575438
989 0.96438883
990 0.96314029
991 0.96593675
992 0.96709304
993 0.96545087
994 0.97264594
995 0.96416907
996 0.97656210
997 0.97513156
998 0.96464593
999 0.96631195
1000 0.96645750
1001 0.96784770
1002 0.97547114
1003 0.96379825
1004 0.96691104
1005 0.96349109
1006 0.97079743
1007 0.97032951
1008 0.96575438
1009 0.95554494
1010 0.96692275
1011 0.96250029
1012 0.95252655
1013 0.95973930
1014 0.95592749
1015 0.96119545
1016 0.95271233
1017 0.95614549
1018 0.96163480
1019 0.96002295
1020 0.95928771
1021 0.95322249
1022 0.96175487
1023 0.95609973
1024 0.96565903
1025 0.96036655
1026 0.95480760
1027 0.95412948
1028 0.95193952
1029 0.95554494
1030 0.96660837
1031 0.96360816
1032 0.95971467
1033 0.95482463
1034 0.96516328
1035 0.95539823
1036 0.96085659
1037 0.96176488
1038 0.96062580
1039 0.96071931
1040 0.96424928
1041 0.96957012
1042 0.95899058
1043 0.95479841
1044 0.96143307
1045 0.95843585
1046 0.95715607
1047 0.96091750
1048 0.95964687
1049 0.96029562
1050 0.96660837
1051 0.96542749
1052 0.96006270
1053 0.95989919
1054 0.97247200
1055 0.96369281
1056 0.97285112
1057 0.95877185
1058 0.95916417
1059 0.95736794
1060 0.96230973
1061 0.95814417
1062 0.96209068
1063 0.95424710
1064 0.95809300
1065 0.96278785
1066 0.96639129
1067 0.96471376
1068 0.96117115
1069 0.96292387
1070 0.96269580
1071 0.96542749
1072 0.96234611
1073 0.97224890
1074 0.96263102
1075 0.97606196
1076 0.97424684
1077 0.96760859
1078 0.96997346
1079 0.98176781
1080 0.96067043
1081 0.96574120
1082 0.97079055
1083 0.97687494
1084 0.96650472
1085 0.96308409
1086 0.98064841
1087 0.96754522
1088 0.96992915
1089 0.98310683
1090 0.96330535
1091 0.96712896
1092 0.96234611
1093 0.97086307
1094 0.96854892
1095 0.96050380
1096 0.95985319
1097 0.97121002
1098 0.97063591
1099 0.95825616
1100 0.95547395
1101 0.97011549
1102 0.96334540
1103 0.97279543
1104 0.96922832
1105 0.96939080
1106 0.96538157
1107 0.96657395
1108 0.96825718
1109 0.96793241
1110 0.96960582
1111 0.96541573
1112 0.96244705
1113 0.97086307
1114 0.96931783
1115 0.96807612
1116 0.97518087
1117 0.96932150
1118 0.96399089
1119 0.97256666
1120 0.96881005
1121 0.96707817
1122 0.97246328
1123 0.97510888
1124 0.97442564
1125 0.97496970
1126 0.96905498
1127 0.96881005
1128 0.97867137
1129 0.97011687
1130 0.96408428
1131 0.96390581
1132 0.97741922
1133 0.97018850
1134 0.96931783
1135 0.96522710
1136 0.96671864
1137 0.95687499
1138 0.96079619
1139 0.96741019
1140 0.97192154
1141 0.96256060
1142 0.96504231
1143 0.95675185
1144 0.96082704
1145 0.96570790
1146 0.95917306
1147 0.95924188
1148 0.96415613
1149 0.96140128
1150 0.96065637
1151 0.96950016
1152 0.95664977
1153 0.96027835
1154 0.95745859
1155 0.96522710
1156 0.96561571
1157 0.96578597
1158 0.96463839
1159 0.96985735
1160 0.96898647
1161 0.96382106
1162 0.96895655
1163 0.96908725
1164 0.96631308
1165 0.97654459
1166 0.96993675
1167 0.97858498
1168 0.96795068
1169 0.95684513
1170 0.97014350
1171 0.96844829
1172 0.96527913
1173 0.96819957
1174 0.97641528
1175 0.95770263
1176 0.96561571
1177 0.96975049
1178 0.96705779
1179 0.96551676
1180 0.97075076
1181 0.98014205
1182 0.96886285
1183 0.96818383
1184 0.97496731
1185 0.96612107
1186 0.97080526
1187 0.96925339
1188 0.97459190
1189 0.96712582
1190 0.97166690
1191 0.96051408
1192 0.97316487
1193 0.96133576
1194 0.96851896
1195 0.97853636
1196 0.96035946
1197 0.96975049
1198 0.97782851
1199 0.96580286
1200 0.96129443
1201 0.97010285
1202 0.97060718
1203 0.97212432
1204 0.96859087
1205 0.97054619
1206 0.96650680
1207 0.97077034
1208 0.97508370
1209 0.97498142
1210 0.97757894
1211 0.97205948
1212 0.96788473
1213 0.97215197
1214 0.96904784
1215 0.97040300
1216 0.96962139
1217 0.96869207
1218 0.97782851
1219 0.98232944
1220 0.97300357
1221 0.97850509
1222 0.97049992
1223 0.97364308
1224 0.97040029
1225 0.97308487
1226 0.97707642
1227 0.97336039
1228 0.97638715
1229 0.96163155
1230 0.97002094
1231 0.97681203
1232 0.96397844
1233 0.97190724
1234 0.96362440
1235 0.97111534
1236 0.97828799
1237 0.96331985
1238 0.97316716
1239 0.98232944
1240 0.96868201
1241 0.96613437
1242 0.97646346
1243 0.96708447
1244 0.96027460
1245 0.96980294
1246 0.96439746
1247 0.96855609
1248 0.97464696
1249 0.96750173
1250 0.97064360
1251 0.96930199
1252 0.95966293
1253 0.97456648
1254 0.96906531
1255 0.97860666
1256 0.96773521
1257 0.96882511
1258 0.97942581
1259 0.96450644
1260 0.96868201
1261 0.96830425
1262 0.96791334
1263 0.97164746
1264 0.97175592
1265 0.96388066
1266 0.96427462
1267 0.96608421
1268 0.96550668
1269 0.96896986
1270 0.96921794
1271 0.97085108
1272 0.96592319
1273 0.96653551
1274 0.96055744
1275 0.96252729
1276 0.96983457
1277 0.95265963
1278 0.96831641
1279 0.97264673
1280 0.96924725
1281 0.96830425
1282 0.97672809
1283 0.97088079
1284 0.97001308
1285 0.95704139
1286 0.95442306
1287 0.96316073
1288 0.96301099
1289 0.96217257
1290 0.96168874
1291 0.97445254
1292 0.95994393
1293 0.96146303
1294 0.96854456
1295 0.96119236
1296 0.97114158
1297 0.96475265
1298 0.96848074
1299 0.96259783
1300 0.96452994
1301 0.96695558
1302 0.97672809
1303 0.96087629
1304 0.95938357
1305 0.96099110
1306 0.96118098
1307 0.96238594
1308 0.96865230
1309 0.95971104
1310 0.95997629
1311 0.97049161
1312 0.96152731
1313 0.96703719
1314 0.96138194
1315 0.96263552
1316 0.95973241
1317 0.96130811
1318 0.95603387
1319 0.96005838
1320 0.96679168
1321 0.96590688
1322 0.97856466
1323 0.96087629
1324 0.96911102
1325 0.96491634
1326 0.95980147
1327 0.96348789
1328 0.97085370
1329 0.95813562
1330 0.95986909
1331 0.95446223
1332 0.95932362
1333 0.95342443
1334 0.95977408
1335 0.96654715
1336 0.96344961
1337 0.95772185
1338 0.97344086
1339 0.95428784
1340 0.95108500
1341 0.94887349
1342 0.96011273
1343 0.96817634
1344 0.96911102
1345 0.96487670
1346 0.96825656
1347 0.96072009
1348 0.97343404
1349 0.97379865
1350 0.96517677
1351 0.96330853
1352 0.97806569
1353 0.98117545
1354 0.97163773
1355 0.97202398
1356 0.96737429
1357 0.97162993
1358 0.96646225
1359 0.96452708
1360 0.97369450
1361 0.96900155
1362 0.97579070
1363 0.97006492
1364 0.96732812
1365 0.96487670
1366 0.96782181
1367 0.96398461
1368 0.95988529
1369 0.96634342
1370 0.96706730
1371 0.96428912
1372 0.96524482
1373 0.96547214
1374 0.96377430
1375 0.96289627
1376 0.97153199
1377 0.96339751
1378 0.96445034
1379 0.96218840
1380 0.96184221
1381 0.96412295
1382 0.96573228
1383 0.97064885
1384 0.95320718
1385 0.96745093
1386 0.96782181
1387 0.96442535
1388 0.97156877
1389 0.96849894
1390 0.97252576
1391 0.97556138
1392 0.97783019
1393 0.97227542
1394 0.96635774
1395 0.97014292
1396 0.96394398
1397 0.96434303
1398 0.97436337
1399 0.97421033
1400 0.97492979
1401 0.97455740
1402 0.96592684
1403 0.98069490
1404 0.96650589
1405 0.96898436
1406 0.97437466
1407 0.96442535
1408 0.96078112
1409 0.97330958
1410 0.96513782
1411 0.96980459
1412 0.97372060
1413 0.96540586
1414 0.96426263
1415 0.96799807
1416 0.96883807
1417 0.97012665
1418 0.96535481
1419 0.96874332
1420 0.96425326
1421 0.96152546
1422 0.97140882
1423 0.96411361
1424 0.96521474
1425 0.96931584
1426 0.97176355
1427 0.96661518
1428 0.96078112
1429 0.96066246
1430 0.96372853
1431 0.96422687
1432 0.96505092
1433 0.97047777
1434 0.96790463
1435 0.96827579
1436 0.96097596
1437 0.96499594
1438 0.95392484
1439 0.97099057
1440 0.96104203
1441 0.97202541
1442 0.97027037
1443 0.96935677
1444 0.96446482
1445 0.96501907
1446 0.96464960
1447 0.95816344
1448 0.96566520
1449 0.96066246
1450 0.96341894
1451 0.96925401
1452 0.96586542
1453 0.97141248
1454 0.97030716
1455 0.96141152
1456 0.97041742
1457 0.96222415
1458 0.96483632
1459 0.96397691
1460 0.96477198
1461 0.97554677
1462 0.96300093
1463 0.96565545
1464 0.96647414
1465 0.97088520
1466 0.96981527
1467 0.95674972
1468 0.96328091
1469 0.96883886
1470 0.96341894
1471 0.95784957
1472 0.96962617
1473 0.96293741
1474 0.96458528
1475 0.97028268
1476 0.96641937
1477 0.96396437
1478 0.95936255
1479 0.95456804
1480 0.96404766
1481 0.97211844
1482 0.96652525
1483 0.96244352
1484 0.96731870
1485 0.96383361
1486 0.95875517
1487 0.97390012
1488 0.96681066
1489 0.96291014
1490 0.96538273
1491 0.95784957
1492 0.95506531
1493 0.95860076
1494 0.96511666
1495 0.97112262
1496 0.95645828
1497 0.96700479
1498 0.96981825
1499 0.96463451
1500 0.95918269
1501 0.95654718
1502 0.96204943
1503 0.96714076
1504 0.96851445
1505 0.96735959
1506 0.96627341
1507 0.95741283
1508 0.96153988
1509 0.97188776
1510 0.96693514
1511 0.96287468
1512 0.95506531
1513 0.96952039
1514 0.97853776
1515 0.97548739
1516 0.98310025
1517 0.98012120
1518 0.98249755
1519 0.98009656
1520 0.97676929
1521 0.98214955
1522 0.97768243
1523 0.97313990
1524 0.97204600
1525 0.97822045
1526 0.97758928
1527 0.97470496
1528 0.98052522
1529 0.97032583
1530 0.97508155
1531 0.97947473
1532 0.97152288
1533 0.96952039
1534 0.97167431
1535 0.95431817
1536 0.96256033
1537 0.97305250
1538 0.96750276
1539 0.97280045
1540 0.96888908
1541 0.95940987
1542 0.96631138
1543 0.97211859
1544 0.96790948
1545 0.96904078
1546 0.96373541
1547 0.96380250
1548 0.97092641
1549 0.96461814
1550 0.97048606
1551 0.96712772
1552 0.96090450
1553 0.97101634
1554 0.97167431
1555 0.97290590
1556 0.97068393
1557 0.98022318
1558 0.97214185
1559 0.97179530
1560 0.97882272
1561 0.97070933
1562 0.97521417
1563 0.97717903
1564 0.97637342
1565 0.97461665
1566 0.97131519
1567 0.97744646
1568 0.96955992
1569 0.97867930
1570 0.97383037
1571 0.97872638
1572 0.96314509
1573 0.97565726
1574 0.96525325
1575 0.97290590
1576 0.97187430
1577 0.96450717
1578 0.97642291
1579 0.96724743
1580 0.97195113
1581 0.97100996
1582 0.97249095
1583 0.97106283
1584 0.96426532
1585 0.96851293
1586 0.97393475
1587 0.97211290
1588 0.96909572
1589 0.96519288
1590 0.97260140
1591 0.97065785
1592 0.97071754
1593 0.97243367
1594 0.96900922
1595 0.97268663
1596 0.97187430
1597 0.97330124
1598 0.97101025
1599 0.96648745
1600 0.96971726
1601 0.97386338
1602 0.96899928
1603 0.96765032
1604 0.96917915
1605 0.97512322
1606 0.97729248
1607 0.96669875
1608 0.97957634
1609 0.96086750
1610 0.97113764
1611 0.96438472
1612 0.97150728
1613 0.96830514
1614 0.97656986
1615 0.97164688
1616 0.97850452
1617 0.97330124
1618 0.96420148
1619 0.95714099
1620 0.96294919
1621 0.95556050
1622 0.95978716
1623 0.95907994
1624 0.96770885
1625 0.96005915
1626 0.95833064
1627 0.96219453
1628 0.96456244
1629 0.95852879
1630 0.96275253
1631 0.95730474
1632 0.96150322
1633 0.96807861
1634 0.96101530
1635 0.96370484
1636 0.95774510
1637 0.96245295
1638 0.96420148
1639 0.96508125
1640 0.96102039
1641 0.96556401
1642 0.95962933
1643 0.95553336
1644 0.96374407
1645 0.97612571
1646 0.96438595
1647 0.97040962
1648 0.96404283
1649 0.95820407
1650 0.97031144
1651 0.97721101
1652 0.96667787
1653 0.96927231
1654 0.97101634
1655 0.95883266
1656 0.95923180
1657 0.96190858
1658 0.96260646
1659 0.96508125
1660 0.96506112
1661 0.96209209
1662 0.95580352
1663 0.95358727
1664 0.95450653
1665 0.95553530
1666 0.95748542
1667 0.96072512
1668 0.96184366
1669 0.95854823
1670 0.95408673
1671 0.96625031
1672 0.96434409
1673 0.96053643
1674 0.96915899
1675 0.96267832
1676 0.96323439
1677 0.96157577
1678 0.96215208
1679 0.95690826
1680 0.96506112
1681 0.97746646
1682 0.96980719
1683 0.97237538
1684 0.96885604
1685 0.97471277
1686 0.96346631
1687 0.96787963
1688 0.97115507
1689 0.97837523
1690 0.97000129
1691 0.96233215
1692 0.96784246
1693 0.96589844
1694 0.96973625
1695 0.96947254
1696 0.96602832
1697 0.96647646
1698 0.97652690
1699 0.96810681
1700 0.96832766
1701 0.97746646
1702 0.96073694
1703 0.96538735
1704 0.96818950
1705 0.96592739
1706 0.97683051
1707 0.96971160
1708 0.96617372
1709 0.96450450
1710 0.96663563
1711 0.97471482
1712 0.97212011
1713 0.96613494
1714 0.96559971
1715 0.97932281
1716 0.96484841
1717 0.96880586
1718 0.98312724
1719 0.96652539
1720 0.97593758
1721 0.97080059
1722 0.96073694
1723 0.97227110
1724 0.96769554
1725 0.97444506
1726 0.97044158
1727 0.96596639
1728 0.97673932
1729 0.97132837
1730 0.96921856
1731 0.96593356
1732 0.96747824
1733 0.97067063
1734 0.97574679
1735 0.97294073
1736 0.96730318
1737 0.97247254
1738 0.97678983
1739 0.97401866
1740 0.98060846
1741 0.98354181
1742 0.97424562
1743 0.97227110
1744 0.96403302
1745 0.96169091
1746 0.96760940
1747 0.96400801
1748 0.96468669
1749 0.96536189
1750 0.96307881
1751 0.96252925
1752 0.96861753
1753 0.96374620
1754 0.97005134
1755 0.96157460
1756 0.96792389
1757 0.97483757
1758 0.96004405
1759 0.97068807
1760 0.97031501
1761 0.96740578
1762 0.95874866
1763 0.96309972
1764 0.96403302
1765 0.97410978
1766 0.97695897
1767 0.96943750
1768 0.97853212
1769 0.96098931
1770 0.95802071
1771 0.96983490
1772 0.97414703
1773 0.97080746
1774 0.96451921
1775 0.96433472
1776 0.97298906
1777 0.96757440
1778 0.96975890
1779 0.96805718
1780 0.96558657
1781 0.96005698
1782 0.97303108
1783 0.96840533
1784 0.97027091
1785 0.97410978
1786 0.96753425
1787 0.96283881
1788 0.96277620
1789 0.96212136
1790 0.95722826
1791 0.96044595
1792 0.96235024
1793 0.95781081
1794 0.96278868
1795 0.96277166
1796 0.97375418
1797 0.95628989
1798 0.96490930
1799 0.96841895
1800 0.96419797
1801 0.95872798
1802 0.95212475
1803 0.96705414
1804 0.95440415
1805 0.96061544
1806 0.96753425
1807 0.96822425
1808 0.95847935
1809 0.96380022
1810 0.96563607
1811 0.95750316
1812 0.96164087
1813 0.97178109
1814 0.96526567
1815 0.97382561
1816 0.94936470
1817 0.96911582
1818 0.96829065
1819 0.96185124
1820 0.95872427
1821 0.95838367
1822 0.95981356
1823 0.96372088
1824 0.95863012
1825 0.96508015
1826 0.95901591
1827 0.96822425
1828 0.97050586
1829 0.96781946
1830 0.97028530
1831 0.96616821
1832 0.96949603
1833 0.96914891
1834 0.97181135
1835 0.97006334
1836 0.96815138
1837 0.96479239
1838 0.96972767
1839 0.96978235
1840 0.97690772
1841 0.97561514
1842 0.97774839
1843 0.96099344
1844 0.96988753
1845 0.96936365
1846 0.97437149
1847 0.95770058
1848 0.97050586
1849 0.96701179
1850 0.96859267
1851 0.96090017
1852 0.96326152
1853 0.96182422
1854 0.96877559
1855 0.95993071
1856 0.96575460
1857 0.96323473
1858 0.97035030
1859 0.96174129
1860 0.96590466
1861 0.96313121
1862 0.96594812
1863 0.96566426
1864 0.96593791
1865 0.95998133
1866 0.95269535
1867 0.95676325
1868 0.96047995
1869 0.96701179
1870 0.96680236
1871 0.96439820
1872 0.97091182
1873 0.96078612
1874 0.96597726
1875 0.96589776
1876 0.96689319
1877 0.96723360
1878 0.96574501
1879 0.96220587
1880 0.96948020
1881 0.96733914
1882 0.96509060
1883 0.97534858
1884 0.96498028
1885 0.96617566
1886 0.96299095
1887 0.96692878
1888 0.96824012
1889 0.96028823
1890 0.96680236
1891 0.96935790
1892 0.96767470
1893 0.97171076
1894 0.97461629
1895 0.96897051
1896 0.97169943
1897 0.96653976
1898 0.97549195
1899 0.97272291
1900 0.97186414
1901 0.97440626
1902 0.96663798
1903 0.97019134
1904 0.96562502
1905 0.97251751
1906 0.97001157
1907 0.96969019
1908 0.97743881
1909 0.96682629
1910 0.97154181
1911 0.96935790
1912 0.96654750
1913 0.96774273
1914 0.96385494
1915 0.96654129
1916 0.97118611
1917 0.97588158
1918 0.96683474
1919 0.96908962
1920 0.96912649
1921 0.96743942
1922 0.95823838
1923 0.97058401
1924 0.97024611
1925 0.97179813
1926 0.96720245
1927 0.95909671
1928 0.96209018
1929 0.97028698
1930 0.96601809
1931 0.96219430
1932 0.96654750
1933 0.97282502
1934 0.96924042
1935 0.96971403
1936 0.95987753
1937 0.96813743
1938 0.96805543
1939 0.97787625
1940 0.96705328
1941 0.97283060
1942 0.97270985
1943 0.96653908
1944 0.97852009
1945 0.97457623
1946 0.96853554
1947 0.96848009
1948 0.98294961
1949 0.97305938
1950 0.95740041
1951 0.97208384
1952 0.96596969
1953 0.97282502
1954 0.96602217
1955 0.95630771
1956 0.96406385
1957 0.96711359
1958 0.95868280
1959 0.96383778
1960 0.95549680
1961 0.96430703
1962 0.95272656
1963 0.95879678
1964 0.95136015
1965 0.96301796
1966 0.96080440
1967 0.96129495
1968 0.96080025
1969 0.96146591
1970 0.96195180
1971 0.96357072
1972 0.96527439
1973 0.94446066
1974 0.96602217
1975 0.96057348
1976 0.96345310
1977 0.96830737
1978 0.96198590
1979 0.96966943
1980 0.96718631
1981 0.96395220
1982 0.96355228
1983 0.96746329
1984 0.95737959
1985 0.95412396
1986 0.96141411
1987 0.96091931
1988 0.95413630
1989 0.96146667
1990 0.96478068
1991 0.96906131
1992 0.95754305
1993 0.95916853
1994 0.96522672
1995 0.96057348
1996 0.95859052
1997 0.96318257
1998 0.95794447
1999 0.96202748
2000 0.96099781
2001 0.97065575
2002 0.96134524
2003 0.96763023
2004 0.96261302
2005 0.96102448
2006 0.96387363
2007 0.95791745
2008 0.96321579
2009 0.96308836
2010 0.96116204
2011 0.96012186
2012 0.95474210
2013 0.96863961
2014 0.96946696
2015 0.96790061
2016 0.95859052
2017 0.96054284
2018 0.96212274
2019 0.94711724
2020 0.95353359
2021 0.95922748
2022 0.96196836
2023 0.96082102
2024 0.96499650
2025 0.95421130
2026 0.95338939
2027 0.96067729
2028 0.96387303
2029 0.95475568
2030 0.95029799
2031 0.96250687
2032 0.95843532
2033 0.96298709
2034 0.96735869
2035 0.95808848
2036 0.95999166
2037 0.96054284
2038 0.98568640
2039 0.95912995
2040 0.97267894
2041 0.96823054
2042 0.97567882
2043 0.97798356
2044 0.97215053
2045 0.96976400
2046 0.96545016
2047 0.96826001
2048 0.97769683
2049 0.97143178
2050 0.97801701
2051 0.96345422
2052 0.96606696
2053 0.97040249
2054 0.98166274
2055 0.96499819
2056 0.97143693
2057 0.97352595
2058 0.98568640
2059 0.97677846
2060 0.97479426
2061 0.97767344
2062 0.96941697
2063 0.97200062
2064 0.96876304
2065 0.96622457
2066 0.97200108
2067 0.96528240
2068 0.97912818
2069 0.97362817
2070 0.97843192
2071 0.97596163
2072 0.96801445
2073 0.97809769
2074 0.96959911
2075 0.97871565
2076 0.96702045
2077 0.97697927
2078 0.97161857
2079 0.97677846
2080 0.96646830
2081 0.96386554
2082 0.96564365
2083 0.97831293
2084 0.97088066
2085 0.97288572
2086 0.96469688
2087 0.97095405
2088 0.97310395
2089 0.96834903
2090 0.96799821
2091 0.96736013
2092 0.97085614
2093 0.97074761
2094 0.96521976
2095 0.95750694
2096 0.97486946
2097 0.97583739
2098 0.96218476
2099 0.96609079
2100 0.96646830
2101 0.96111044
2102 0.98225576
2103 0.96557295
2104 0.97128231
2105 0.96529197
2106 0.97121422
2107 0.97015598
2108 0.97010543
2109 0.97329116
2110 0.97492045
2111 0.97870042
2112 0.96737188
2113 0.97207603
2114 0.96706293
2115 0.96179997
2116 0.97376711
2117 0.97197002
2118 0.96775145
2119 0.96850302
2120 0.96574092
2121 0.96111044
2122 0.97313520
2123 0.97593952
2124 0.97022508
2125 0.96566447
2126 0.97693368
2127 0.96904395
2128 0.96268061
2129 0.96835354
2130 0.96663358
2131 0.96895290
2132 0.96982872
2133 0.96636503
2134 0.96095904
2135 0.96507591
2136 0.96331962
2137 0.96860981
2138 0.96534055
2139 0.96184569
2140 0.97381173
2141 0.97158967
2142 0.97313520
2143 0.96974699
2144 0.97329611
2145 0.96707486
2146 0.95420221
2147 0.96503723
2148 0.95316204
2149 0.95682595
2150 0.96507667
2151 0.96546903
2152 0.97017760
2153 0.97276477
2154 0.96828925
2155 0.96367451
2156 0.97347076
2157 0.97808162
2158 0.96943353
2159 0.96987358
2160 0.95590331
2161 0.96906208
2162 0.95766988
2163 0.96974699
2164 0.96890455
2165 0.97685017
2166 0.97367188
2167 0.96703420
2168 0.96861194
2169 0.97001754
2170 0.98220439
2171 0.96785392
2172 0.97560423
2173 0.96549342
2174 0.97608213
2175 0.97337827
2176 0.97517862
2177 0.96597396
2178 0.96388032
2179 0.97776469
2180 0.96021224
2181 0.97739989
2182 0.97322701
2183 0.96800527
2184 0.96890455
2185 0.97133491
2186 0.96089316
2187 0.97124757
2188 0.95802428
2189 0.97143768
2190 0.96941533
2191 0.97085655
2192 0.97514978
2193 0.96230965
2194 0.96705841
2195 0.96458645
2196 0.95801911
2197 0.96084913
2198 0.96269002
2199 0.96754622
2200 0.96634662
2201 0.95877417
2202 0.96453643
2203 0.95405366
2204 0.96378850
2205 0.97133491
2206 0.96524804
2207 0.96028912
2208 0.96806680
2209 0.97598558
2210 0.97532056
2211 0.97429981
2212 0.96514810
2213 0.97188328
2214 0.97395752
2215 0.97018489
2216 0.97298719
2217 0.96855003
2218 0.97127788
2219 0.96552032
2220 0.96636922
2221 0.97279814
2222 0.96256927
2223 0.95919312
2224 0.96575546
2225 0.96744895
2226 0.96524804
2227 0.95027023
2228 0.96965028
2229 0.95937895
2230 0.96653403
2231 0.96477195
2232 0.96335421
2233 0.96149702
2234 0.95695816
2235 0.96521731
2236 0.97057920
2237 0.95317455
2238 0.96117673
2239 0.96256090
2240 0.95913347
2241 0.96500962
2242 0.96166027
2243 0.96370502
2244 0.96266066
2245 0.95553203
2246 0.95402919
2247 0.95027023
2248 0.96040110
2249 0.95395439
2250 0.96105275
2251 0.95298164
2252 0.95356440
2253 0.95708892
2254 0.96144700
2255 0.97017186
2256 0.96700262
2257 0.95948136
2258 0.95019206
2259 0.95513625
2260 0.95550962
2261 0.95925778
2262 0.96626653
2263 0.96140885
2264 0.95230020
2265 0.95889725
2266 0.95035014
2267 0.95669102
2268 0.96040110
2269 0.96986855
2270 0.97410124
2271 0.96880049
2272 0.96185055
2273 0.97347216
2274 0.97732728
2275 0.96596559
2276 0.97722753
2277 0.97085218
2278 0.97562801
2279 0.96960342
2280 0.96958238
2281 0.97036177
2282 0.95925835
2283 0.97379214
2284 0.96667687
2285 0.96421635
2286 0.97816341
2287 0.97194547
2288 0.97035326
2289 0.96986855
2290 0.97763722
2291 0.96301176
2292 0.96990776
2293 0.96387565
2294 0.96588604
2295 0.96179408
2296 0.96820661
2297 0.96598249
2298 0.96810611
2299 0.95933571
2300 0.96560633
2301 0.96667858
2302 0.96943676
2303 0.96964499
2304 0.97064809
2305 0.96668483
2306 0.95550521
2307 0.96940451
2308 0.97731828
2309 0.97214726
2310 0.97763722
2311 0.96605824
2312 0.96300795
2313 0.95947577
2314 0.96581833
2315 0.96030936
2316 0.96147278
2317 0.96748690
2318 0.96447018
2319 0.96708625
2320 0.96558758
2321 0.96901036
2322 0.95493130
2323 0.96441938
2324 0.96153326
2325 0.96465956
2326 0.96726483
2327 0.96715571
2328 0.96046099
2329 0.95063328
2330 0.96719427
2331 0.96605824
2332 0.97743757
2333 0.97426317
2334 0.98375225
2335 0.97918117
2336 0.97813213
2337 0.97050673
2338 0.97101368
2339 0.97689370
2340 0.97291484
2341 0.98151658
2342 0.97052548
2343 0.97384561
2344 0.97333966
2345 0.97546079
2346 0.97137851
2347 0.98236648
2348 0.96173933
2349 0.96570024
2350 0.97144686
2351 0.97005213
2352 0.97743757
2353 0.95125834
2354 0.95021434
2355 0.95892369
2356 0.95434393
2357 0.95795764
2358 0.95583129
2359 0.95901936
2360 0.96462294
2361 0.94740283
2362 0.95476525
2363 0.96022634
2364 0.95740609
2365 0.96009193
2366 0.95601955
2367 0.96077794
2368 0.95588420
2369 0.95467021
2370 0.96172339
2371 0.96328104
2372 0.95729632
2373 0.95125834
2374 0.97159947
2375 0.97692344
2376 0.97338628
2377 0.96836769
2378 0.97318050
2379 0.97362530
2380 0.96400907
2381 0.97061493
2382 0.96980709
2383 0.97763345
2384 0.97391760
2385 0.97189400
2386 0.96586909
2387 0.96775542
2388 0.97705679
2389 0.97056947
2390 0.97023071
2391 0.96277058
2392 0.96885673
2393 0.97455065
2394 0.97159947
2395 0.97614971
2396 0.96784328
2397 0.96237961
2398 0.96934437
2399 0.97342941
2400 0.96613240
2401 0.97362787
2402 0.96877591
2403 0.97305187
2404 0.96463991
2405 0.96550276
2406 0.96423597
2407 0.95890798
2408 0.96326685
2409 0.97110478
2410 0.96366706
2411 0.96690767
2412 0.96225769
2413 0.96752122
2414 0.97413309
2415 0.97614971
2416 0.95957914
2417 0.97051426
2418 0.97496812
2419 0.95407761
2420 0.97145411
2421 0.96727162
2422 0.95949992
2423 0.97049211
2424 0.95680958
2425 0.96824267
2426 0.97238561
2427 0.96776084
2428 0.96419559
2429 0.96347885
2430 0.95870585
2431 0.96951296
2432 0.96195595
2433 0.96543234
2434 0.96143233
2435 0.96666150
2436 0.95957914
2437 0.97971118
2438 0.97039529
2439 0.97024056
2440 0.96677855
2441 0.96929756
2442 0.96831988
2443 0.96574007
2444 0.96845493
2445 0.96998989
2446 0.96525710
2447 0.97818008
2448 0.96785407
2449 0.96361929
2450 0.97094156
2451 0.96772311
2452 0.95868702
2453 0.96638360
2454 0.95425050
2455 0.96672516
2456 0.96909392
2457 0.97971118
2458 0.96857142
2459 0.95763308
2460 0.96805247
2461 0.96217028
2462 0.96924563
2463 0.95606436
2464 0.96399879
2465 0.96101315
2466 0.96383660
2467 0.97590378
2468 0.96603543
2469 0.97312002
2470 0.96904220
2471 0.96995661
2472 0.96443990
2473 0.96378853
2474 0.96971636
2475 0.97422139
2476 0.96459615
2477 0.96653382
2478 0.96857142
2479 0.96809601
2480 0.96352476
2481 0.98051158
2482 0.96949454
2483 0.97824686
2484 0.96276652
2485 0.97228702
2486 0.97251654
2487 0.97632415
2488 0.97509693
2489 0.96730270
2490 0.97756696
2491 0.95955050
2492 0.96857079
2493 0.96375323
2494 0.96731194
2495 0.97231236
2496 0.96976055
2497 0.97517122
2498 0.97135687
2499 0.96809601
2500 0.96895567
2501 0.96294493
2502 0.96749485
2503 0.97867578
2504 0.96609848
2505 0.95708835
2506 0.96306756
2507 0.96750983
2508 0.96740095
2509 0.97463946
2510 0.97249747
2511 0.96892183
2512 0.96513175
2513 0.96771936
2514 0.97065682
2515 0.97656853
2516 0.96539683
2517 0.96495051
2518 0.97665450
2519 0.96166480
2520 0.96895567
2521 0.97263549
2522 0.97476422
2523 0.97105298
2524 0.97479191
2525 0.97029966
2526 0.97003796
2527 0.96632692
2528 0.97959668
2529 0.97423678
2530 0.96588711
2531 0.97916920
2532 0.97012655
2533 0.96831108
2534 0.96944314
2535 0.96581028
2536 0.96138779
2537 0.97231596
2538 0.97679534
2539 0.97464281
2540 0.97367916
2541 0.97263549
2542 0.96163540
2543 0.96485328
2544 0.96974106
2545 0.96459267
2546 0.96217595
2547 0.95877942
2548 0.96244436
2549 0.96572388
2550 0.96354028
2551 0.96583048
2552 0.96173767
2553 0.96412990
2554 0.95879613
2555 0.96065937
2556 0.96679498
2557 0.95840594
2558 0.95748120
2559 0.95513809
2560 0.96023428
2561 0.96914627
2562 0.96163540
2563 0.95936304
2564 0.96450229
2565 0.96621352
2566 0.95176249
2567 0.96394747
2568 0.97333167
2569 0.96595692
2570 0.96629959
2571 0.96444537
2572 0.96212709
2573 0.96409341
2574 0.96204874
2575 0.96715109
2576 0.96302633
2577 0.96899000
2578 0.96012411
2579 0.96701318
2580 0.95761754
2581 0.95611402
2582 0.95827111
2583 0.95936304
2584 0.97374840
2585 0.96298627
2586 0.96419482
2587 0.95975159
2588 0.96503569
2589 0.96930824
2590 0.96306763
2591 0.96672357
2592 0.96157330
2593 0.96290622
2594 0.97221959
2595 0.96509970
2596 0.96820508
2597 0.96679709
2598 0.97477002
2599 0.96972151
2600 0.96654480
2601 0.96222315
2602 0.96565375
2603 0.95459941
2604 0.97374840
2605 0.95969666
2606 0.95828419
2607 0.96170563
2608 0.95956601
2609 0.95925042
2610 0.97198875
2611 0.96538809
2612 0.96378178
2613 0.95827555
2614 0.96191214
2615 0.96883778
2616 0.95516461
2617 0.95990984
2618 0.95690883
2619 0.95724871
2620 0.97252632
2621 0.96284079
2622 0.96259131
2623 0.95771072
2624 0.95871675
2625 0.95969666
2626 0.95674928
2627 0.96872094
2628 0.96954413
2629 0.95919070
2630 0.96148767
2631 0.96619833
2632 0.95931288
2633 0.96138978
2634 0.96135453
2635 0.96735632
2636 0.96351039
2637 0.96170393
2638 0.95694545
2639 0.96179800
2640 0.95562273
2641 0.97013990
2642 0.96132587
2643 0.97277787
2644 0.95987415
2645 0.95859999
2646 0.95674928
2647 0.97400042
2648 0.97511564
2649 0.97150522
2650 0.97542245
2651 0.96855939
2652 0.97183401
2653 0.98532416
2654 0.98088954
2655 0.97251723
2656 0.97352852
2657 0.97110614
2658 0.97779229
2659 0.97306335
2660 0.97444001
2661 0.97239722
2662 0.97613166
2663 0.97604040
2664 0.97945425
2665 0.97383601
2666 0.97907830
2667 0.97400042
2668 0.97345113
2669 0.97742116
2670 0.96881864
2671 0.98457726
2672 0.97650321
2673 0.97713531
2674 0.97578019
2675 0.97476858
2676 0.97060825
2677 0.97169604
2678 0.98010452
2679 0.97658698
2680 0.96805837
2681 0.97764977
2682 0.97298816
2683 0.98541056
2684 0.98411624
2685 0.97248360
2686 0.97316989
2687 0.97364245
2688 0.97345113
2689 0.98422488
2690 0.96985248
2691 0.97162185
2692 0.97576847
2693 0.96448530
2694 0.97028532
2695 0.97263086
2696 0.96536946
2697 0.97434721
2698 0.97187411
2699 0.96269161
2700 0.97199383
2701 0.97722813
2702 0.97074417
2703 0.95880609
2704 0.95879607
2705 0.97826420
2706 0.96392136
2707 0.96261797
2708 0.97241442
2709 0.98422488
2710 0.97587467
2711 0.97034627
2712 0.97555844
2713 0.96921903
2714 0.98015213
2715 0.97376564
2716 0.97773848
2717 0.97271214
2718 0.97492715
2719 0.98505482
2720 0.97550201
2721 0.97063820
2722 0.97249957
2723 0.96785594
2724 0.97192915
2725 0.97267067
2726 0.96814250
2727 0.97591977
2728 0.96691479
2729 0.97320582
2730 0.97587467
2731 0.97857727
2732 0.97400659
2733 0.96360807
2734 0.96986305
2735 0.96656558
2736 0.95862028
2737 0.97242764
2738 0.97123184
2739 0.96711048
2740 0.97196325
2741 0.95994877
2742 0.96698610
2743 0.96389941
2744 0.96464414
2745 0.96096546
2746 0.97505353
2747 0.96081714
2748 0.96607458
2749 0.96715009
2750 0.96206470
2751 0.97857727
2752 0.95383575
2753 0.96934306
2754 0.97127382
2755 0.95458285
2756 0.96207016
2757 0.96453526
2758 0.96320572
2759 0.96122127
2760 0.97371672
2761 0.96400193
2762 0.96135163
2763 0.95979588
2764 0.95997119
2765 0.96071014
2766 0.95839689
2767 0.96011063
2768 0.97263388
2769 0.96417576
2770 0.96238137
2771 0.96743755
2772 0.95383575
2773 0.90010270
2774 0.91817397
2775 0.92278530
2776 0.94029267
2777 0.92907915
2778 0.94369687
2779 0.94281652
2780 0.94011038
2781 0.94740497
2782 0.93277235
2783 0.94305866
2784 0.94336057
2785 0.95328266
2786 0.94370628
2787 0.94200682
2788 0.93228358
2789 0.93834972
2790 0.93637641
2791 0.92581445
2792 0.92034666
2793 0.90010270
2794 0.96933694
2795 0.97229558
2796 0.97360625
2797 0.96790196
2798 0.97445150
2799 0.97742455
2800 0.98327017
2801 0.98402186
2802 0.97895115
2803 0.97759658
2804 0.98798688
2805 0.98007197
2806 0.97092344
2807 0.98023823
2808 0.98497318
2809 0.96733341
2810 0.97613507
2811 0.96357587
2812 0.96901919
2813 0.97522208
2814 0.96933694
2815 0.95439673
2816 0.95193619
2817 0.95444715
2818 0.94905616
2819 0.95740649
2820 0.94969820
2821 0.95118326
2822 0.95185352
2823 0.94281471
2824 0.96152369
2825 0.94459557
2826 0.95232323
2827 0.95394120
2828 0.96531643
2829 0.95121512
2830 0.95474824
2831 0.95942593
2832 0.95690295
2833 0.96025906
2834 0.95034794
2835 0.95439673
2836 0.97923664
2837 0.98192571
2838 0.98062621
2839 0.96808159
2840 0.98507999
2841 0.96867890
2842 0.97900250
2843 0.97429319
2844 0.96691883
2845 0.97745295
2846 0.97200018
2847 0.97035686
2848 0.98652671
2849 0.97469701
2850 0.98021269
2851 0.97419256
2852 0.97696190
2853 0.97958375
2854 0.98315441
2855 0.98008662
2856 0.97923664
2857 0.96507160
2858 0.95448479
2859 0.97102697
2860 0.97726902
2861 0.96840974
2862 0.96568667
2863 0.97300253
2864 0.96827905
2865 0.96978565
2866 0.97551122
2867 0.96929441
2868 0.96631009
2869 0.96480160
2870 0.97140738
2871 0.97059062
2872 0.97105443
2873 0.97245375
2874 0.95893126
2875 0.96605530
2876 0.97087406
2877 0.96507160
2878 0.96865178
2879 0.97651522
2880 0.96682165
2881 0.96986162
2882 0.96532806
2883 0.96864177
2884 0.97395457
2885 0.96594774
2886 0.97064716
2887 0.97548166
2888 0.97108610
2889 0.97006737
2890 0.97393387
2891 0.97146513
2892 0.97113140
2893 0.97215552
2894 0.96664649
2895 0.97144015
2896 0.96892807
2897 0.97243033
2898 0.96865178
2899 0.96786062
2900 0.96319844
2901 0.95945218
2902 0.95936546
2903 0.96808452
2904 0.96308922
2905 0.96934370
2906 0.96072474
2907 0.96552715
2908 0.96166971
2909 0.96783942
2910 0.96162375
2911 0.96557163
2912 0.96672875
2913 0.96898190
2914 0.96217029
2915 0.96218127
2916 0.97412603
2917 0.96053170
2918 0.97628295
2919 0.96786062
2920 0.96122762
2921 0.97504963
2922 0.97057820
2923 0.97610073
2924 0.96444292
2925 0.96792388
2926 0.96217330
2927 0.97150648
2928 0.96811461
2929 0.98227548
2930 0.96783102
2931 0.95977643
2932 0.95642492
2933 0.96748362
2934 0.97124588
2935 0.95982507
2936 0.96569904
2937 0.97059512
2938 0.96882294
2939 0.97360308
2940 0.96122762
2941 0.95912342
2942 0.96889615
2943 0.95495804
2944 0.97500440
2945 0.97516158
2946 0.96280250
2947 0.95910895
2948 0.96745288
2949 0.96387730
2950 0.96669021
2951 0.95935611
2952 0.96449450
2953 0.96930932
2954 0.95695271
2955 0.96360157
2956 0.96362102
2957 0.96773360
2958 0.96559180
2959 0.96280172
2960 0.95916205
2961 0.95912342
2962 0.95886533
2963 0.95551183
2964 0.96558171
2965 0.96685898
2966 0.96278560
2967 0.96305509
2968 0.96152011
2969 0.96755427
2970 0.97410038
2971 0.96700554
2972 0.96328475
2973 0.97207032
2974 0.96943806
2975 0.96259291
2976 0.96681176
2977 0.96030379
2978 0.96251377
2979 0.96647371
2980 0.97026560
2981 0.96819356
2982 0.95886533
2983 0.95898669
2984 0.95850240
2985 0.95771497
2986 0.96485530
2987 0.96318899
2988 0.95845315
2989 0.96677226
2990 0.95733702
2991 0.96008777
2992 0.96327392
2993 0.97009542
2994 0.96053418
2995 0.96287593
2996 0.96211109
2997 0.96245803
2998 0.95666883
2999 0.97122041
3000 0.96498026
3001 0.96267802
3002 0.95956451
3003 0.95898669
3004 0.97438154
3005 0.97464507
3006 0.96912167
3007 0.97304841
3008 0.96930251
3009 0.96236827
3010 0.97438381
3011 0.98577537
3012 0.97472749
3013 0.96609338
3014 0.97080948
3015 0.97875266
3016 0.97213981
3017 0.97797932
3018 0.96847860
3019 0.97031956
3020 0.97720041
3021 0.97645330
3022 0.97652113
3023 0.97420846
3024 0.97438154
