index DenDen_position
1 1.63369381
2 1.58276073
3 1.55785021
4 1.52268330
5 1.50110544
6 1.48851074
7 1.48421867
8 1.46786474
9 1.46031984
10 1.45596259
11 1.45386600
12 1.45273301
13 1.46111927
14 1.45277626
15 1.47891207
16 1.48877553
17 1.49643040
18 1.52890305
19 1.55183665
20 1.58900912
21 1.63369381
22 0.95775315
23 0.97531365
24 0.97509398
25 0.98315017
26 0.98366777
27 0.98254312
28 0.98985922
29 0.98800411
30 0.99647554
31 0.99854184
32 0.99361092
33 0.99535479
34 0.99077820
35 0.99338412
36 0.99524093
37 0.99759918
38 0.98055737
39 0.97576656
40 0.97205579
41 0.97400998
42 0.95775315
43 1.00511959
44 1.00769894
45 1.00630535
46 1.01097424
47 1.01241669
48 1.01017837
49 1.00723668
50 1.01425068
51 1.00319198
52 1.00960893
53 1.00581506
54 1.00725722
55 1.01658488
56 1.01607133
57 1.01284821
58 1.01195579
59 1.00842852
60 0.99970076
61 1.01376399
62 1.00939970
63 1.00511959
64 0.99376921
65 1.00175249
66 1.00878858
67 1.00034538
68 1.00331393
69 1.01205657
70 1.00327438
71 1.00480922
72 0.99897443
73 0.99544484
74 1.00490646
75 0.99901661
76 1.00716984
77 1.00226931
78 1.00006765
79 1.01171152
80 0.99612696
81 1.00668289
82 1.00142673
83 1.00415199
84 0.99376921
85 1.01284032
86 1.00876161
87 1.02084539
88 1.01476252
89 1.01137565
90 1.01683990
91 1.01785543
92 1.00596826
93 1.00922046
94 1.00855402
95 1.01737091
96 1.00724500
97 1.02280249
98 1.01006750
99 1.01811258
100 1.00954405
101 1.01768542
102 1.01584517
103 1.01845772
104 1.01203648
105 1.01284032
106 1.00206770
107 0.99925915
108 1.00755836
109 1.00800447
110 1.00611646
111 1.00915103
112 1.00519421
113 1.01317412
114 0.99442040
115 1.00555129
116 1.00301117
117 1.00679338
118 1.00080067
119 1.00164300
120 1.00519207
121 1.00270935
122 1.00292398
123 1.00544636
124 1.01179933
125 1.00288973
126 1.00206770
127 0.99779236
128 0.99694843
129 0.99637282
130 0.99899627
131 1.00571939
132 1.00150958
133 0.99853931
134 1.00461709
135 0.99145505
136 1.00342179
137 1.00723049
138 1.00144464
139 1.00479753
140 1.00283050
141 1.00022563
142 1.00454298
143 1.00431703
144 1.00283945
145 0.99820074
146 1.00504955
147 0.99779236
148 1.00621434
149 1.01248416
150 1.00517128
151 1.00687304
152 1.01054283
153 1.00295538
154 0.99943621
155 1.00594421
156 0.99876943
157 0.99805765
158 0.99707441
159 1.01194496
160 1.00259654
161 1.00066846
162 0.99628695
163 0.99814479
164 0.99703425
165 1.00129165
166 1.00116008
167 1.00013117
168 1.00621434
169 1.00845876
170 1.01253240
171 1.01066571
172 1.01806942
173 1.01197781
174 1.00919727
175 1.00458639
176 1.01139642
177 1.01143477
178 1.01278798
179 1.01711830
180 1.01388619
181 1.01283308
182 1.01338869
183 1.01726144
184 1.00543013
185 1.01347059
186 1.00738313
187 1.00494345
188 1.00466243
189 1.00845876
190 1.00370304
191 1.00358030
192 1.00946571
193 1.00194264
194 1.00625379
195 1.00737258
196 0.99858488
197 1.00175609
198 1.01026082
199 1.00443434
200 1.00501864
201 1.00564721
202 1.00644989
203 1.00523867
204 1.00552720
205 1.00048624
206 1.00823900
207 1.00217802
208 1.00204170
209 1.00828315
210 1.00370304
211 1.00939518
212 1.00917320
213 1.00866582
214 0.99553684
215 1.00255381
216 1.00483931
217 1.00508685
218 1.00659603
219 1.00688155
220 0.99796161
221 1.00618943
222 1.00899961
223 1.01615873
224 1.00968071
225 1.00369787
226 1.01278766
227 1.00543475
228 1.01707798
229 1.00421421
230 1.00955716
231 1.00939518
232 0.95143333
233 0.97014354
234 0.97406600
235 0.97650305
236 0.98771150
237 0.99040709
238 0.98821622
239 1.00436539
240 0.99321561
241 0.99311393
242 0.99051239
243 0.99649249
244 0.99281045
245 0.99703460
246 0.98819157
247 0.98387810
248 0.98243428
249 0.98855689
250 0.97665043
251 0.95879238
252 0.95143333
253 0.95858763
254 0.96596749
255 0.96069737
256 0.98281664
257 0.98396649
258 0.99723402
259 0.98216205
260 0.99186256
261 0.97952142
262 0.99227619
263 0.99472827
264 1.00055466
265 0.98496990
266 0.98598812
267 0.98690353
268 0.97733149
269 0.98251726
270 0.97279273
271 0.96226661
272 0.96792296
273 0.95858763
274 1.01366768
275 1.00276602
276 1.00288611
277 1.00312675
278 1.00279461
279 1.00064318
280 1.00377095
281 1.00778187
282 1.01193273
283 1.00790883
284 1.01011654
285 0.99964031
286 1.00288801
287 1.00660667
288 1.00954666
289 1.00770096
290 0.99947211
291 1.00413440
292 1.00557312
293 1.00382120
294 1.01366768
295 0.98886552
296 1.00407051
297 1.00034616
298 1.00705419
299 1.00165796
300 0.99860115
301 0.99579545
302 0.99616437
303 0.99974527
304 0.99607247
305 0.99547366
306 1.00821032
307 1.00059543
308 1.00159790
309 0.99963164
310 1.00256236
311 1.00214652
312 1.00492609
313 1.00034586
314 1.00746318
315 0.98886552
316 1.01006685
317 0.99381079
318 0.99724815
319 1.00100383
320 1.00212139
321 1.00090340
322 1.00505708
323 1.00039469
324 1.00190886
325 1.00014706
326 1.00408653
327 1.00039984
328 0.99949792
329 1.00300508
330 1.00436529
331 1.00355977
332 0.99513988
333 1.00415660
334 0.99438871
335 0.99200527
336 1.01006685
337 1.01145087
338 1.01127720
339 1.00383551
340 1.00467556
341 1.01365532
342 1.00598378
343 1.00564749
344 1.00220773
345 1.00576298
346 1.00949188
347 1.00449817
348 1.00497969
349 1.01281027
350 1.00795143
351 1.00701880
352 1.00472638
353 1.00664458
354 1.00838248
355 1.00528040
356 1.00839896
357 1.01145087
358 1.00352906
359 1.00836852
360 1.00504084
361 1.00390231
362 1.00168196
363 1.00436511
364 1.00955530
365 1.00270422
366 1.00697618
367 0.99565362
368 0.99685648
369 1.00131171
370 0.99646706
371 0.99643349
372 1.01151810
373 0.99912334
374 1.00386222
375 1.00232348
376 0.99636597
377 1.01055819
378 1.00352906
379 1.00542438
380 0.99538664
381 0.99940663
382 1.00896321
383 1.00447396
384 0.99207543
385 0.99112238
386 0.99870444
387 0.99637672
388 0.99597710
389 0.99989741
390 0.99613579
391 0.99794575
392 1.00702804
393 0.99884009
394 1.00422028
395 1.00398163
396 1.00006038
397 0.98630205
398 0.99995856
399 1.00542438
400 1.00689031
401 1.00646205
402 1.00841823
403 1.00475284
404 1.00770494
405 1.01423691
406 1.01469879
407 1.01560058
408 1.00646272
409 1.00931553
410 1.00491321
411 1.01000028
412 1.01148349
413 1.00987646
414 1.01749020
415 1.01641066
416 1.01535226
417 1.00420384
418 1.00376804
419 1.01392599
420 1.00689031
421 1.01449976
422 1.00225538
423 0.99699814
424 1.01086990
425 0.99897727
426 1.01497093
427 1.00867391
428 1.01308781
429 1.00566169
430 1.01114328
431 1.00916208
432 1.00564566
433 1.00753782
434 1.00385807
435 1.00315537
436 1.01098683
437 1.00795505
438 1.00923796
439 1.00915494
440 1.01058114
441 1.01449976
442 0.99663765
443 1.00385927
444 1.01433230
445 1.01266170
446 1.01158555
447 1.00008042
448 1.00884141
449 1.00387237
450 1.00423692
451 1.01153335
452 1.01955381
453 1.00848293
454 0.99951696
455 1.00453076
456 1.01559609
457 1.01104445
458 1.00007706
459 1.00614960
460 1.00376030
461 1.01078016
462 0.99663765
463 0.99602926
464 1.00086258
465 0.99431947
466 0.99524813
467 0.99755274
468 1.00214463
469 0.99558940
470 1.00261919
471 1.00205950
472 1.00519357
473 1.00333244
474 1.00169446
475 1.00930773
476 0.99785415
477 0.99452093
478 0.99731902
479 1.00176052
480 0.99960784
481 1.00281042
482 1.00410800
483 0.99602926
484 1.01666393
485 1.01255690
486 1.01636622
487 1.01797349
488 1.02522719
489 1.02298503
490 1.01483779
491 1.01193241
492 1.01163228
493 1.02049074
494 1.02685175
495 1.01765941
496 1.01469228
497 1.02982370
498 1.01637641
499 1.01205309
500 1.01783426
501 1.02302929
502 1.01528623
503 1.01897751
504 1.01666393
505 1.01157561
506 1.00622943
507 1.00768308
508 1.01899316
509 1.01125774
510 1.00663033
511 1.01201942
512 1.01223136
513 1.01049089
514 0.99992538
515 1.00889626
516 1.01413517
517 1.01233909
518 1.00907795
519 1.01760511
520 1.01259821
521 1.00789012
522 1.00597457
523 1.01471872
524 1.01102770
525 1.01157561
526 1.00255344
527 1.00872297
528 1.01123993
529 1.01256259
530 1.00759402
531 1.00786909
532 1.00609826
533 1.01392711
534 1.01804341
535 1.01356743
536 1.01846823
537 1.01100208
538 1.00516382
539 1.00167256
540 1.01552979
541 1.00718707
542 1.01107278
543 1.00372264
544 1.01107722
545 1.01141084
546 1.00255344
547 1.00696227
548 1.01502851
549 1.01214744
550 1.02048910
551 1.01349821
552 1.00773949
553 1.02152284
554 1.02011420
555 1.01243427
556 1.01961802
557 1.01985386
558 1.01000919
559 1.00981835
560 1.01239028
561 1.01600544
562 1.01783472
563 1.01637792
564 1.01858333
565 1.00791541
566 1.00834257
567 1.00696227
568 1.00822528
569 0.99475070
570 0.99897959
571 1.00862024
572 1.01239909
573 1.01037283
574 1.01379884
575 1.00309097
576 0.99576835
577 1.00674123
578 1.00134091
579 1.00861070
580 1.00901738
581 1.00801308
582 1.01328572
583 1.01147180
584 1.00210843
585 1.00567476
586 1.00791314
587 1.01011998
588 1.00822528
589 1.01013073
590 1.00636276
591 1.00138549
592 1.00640348
593 0.99877060
594 1.01660006
595 1.00997257
596 1.00477529
597 1.00407676
598 1.00512226
599 1.02127637
600 1.00563463
601 1.00408670
602 1.01308252
603 1.00827260
604 1.00484899
605 1.00280503
606 1.00606986
607 0.99934284
608 1.00711817
609 1.01013073
610 1.01234422
611 1.00791867
612 1.00881487
613 1.00232999
614 1.00397344
615 1.00636579
616 1.00485321
617 1.00055315
618 1.00576735
619 1.00785792
620 1.00234618
621 0.99381918
622 1.01730208
623 1.01036185
624 1.00827454
625 1.00811586
626 1.00516098
627 1.00588837
628 1.01614008
629 1.00965519
630 1.01234422
631 1.00606787
632 1.00546779
633 1.00613014
634 1.00640909
635 1.01270809
636 1.01079624
637 1.00042492
638 1.00268837
639 1.00484849
640 0.99816444
641 1.00805505
642 1.00346132
643 0.99936371
644 1.00444888
645 1.00508251
646 1.00612556
647 1.00667388
648 1.00637420
649 1.00093117
650 1.00357370
651 1.00606787
652 1.00470403
653 1.00191561
654 1.00020965
655 1.00100897
656 1.00248030
657 1.01144114
658 1.01025740
659 1.01207067
660 1.01436954
661 1.00895636
662 1.00155376
663 0.99921783
664 0.99958730
665 1.01416280
666 0.99557304
667 1.00672701
668 1.00420758
669 1.00811640
670 1.00808251
671 1.02037286
672 1.00470403
673 0.99745002
674 1.00588911
675 1.00132086
676 1.01225807
677 1.00350195
678 1.00391387
679 1.00528006
680 0.99914802
681 1.00600886
682 1.00052181
683 0.99742072
684 1.00140195
685 1.00356720
686 1.00271017
687 1.00627856
688 1.00412904
689 1.00574552
690 1.00930230
691 1.00043574
692 0.99891645
693 0.99745002
694 1.01078817
695 1.01257457
696 1.01185915
697 1.00458255
698 1.00429541
699 1.00811091
700 1.00653365
701 1.00814619
702 1.00138304
703 1.00524804
704 1.01582579
705 1.00810751
706 1.00138502
707 1.00533311
708 1.01601218
709 1.00813391
710 1.01012397
711 1.01546880
712 1.01119683
713 1.01837289
714 1.01078817
715 1.01156726
716 0.99876712
717 1.00666113
718 1.00080100
719 0.99743863
720 1.00309042
721 1.00287164
722 1.00933287
723 1.00453956
724 1.00296931
725 1.00282192
726 1.00381102
727 1.01263794
728 1.01219823
729 1.00225049
730 1.00579016
731 1.00651853
732 1.00890092
733 1.00813373
734 1.00658299
735 1.01156726
736 1.00771088
737 1.00341674
738 1.01109732
739 1.00665590
740 1.01452803
741 1.00530375
742 1.01388990
743 1.01146934
744 1.00589806
745 1.01704121
746 1.00556910
747 1.01136509
748 1.01472140
749 1.00536773
750 1.00617615
751 1.01231105
752 1.01418508
753 1.01016191
754 1.00462409
755 1.00113200
756 1.00771088
757 1.00257693
758 1.00218171
759 1.00816285
760 1.00653928
761 1.00568229
762 1.00021791
763 1.00478547
764 1.01362136
765 1.00283074
766 0.99852523
767 0.99427820
768 1.00686960
769 1.00087346
770 1.00037635
771 1.00888139
772 1.00778037
773 1.01063050
774 1.00439792
775 0.99890591
776 1.01006632
777 1.00257693
778 1.00519049
779 1.00000810
780 0.99603879
781 1.00409784
782 1.00232563
783 1.00750218
784 1.00691223
785 1.00126414
786 1.00103610
787 1.00019516
788 1.01201563
789 1.00097531
790 1.00482184
791 1.00540846
792 0.99896055
793 1.00381763
794 1.00814232
795 0.99967963
796 1.00648764
797 1.00622935
798 1.00519049
799 1.00555070
800 1.00320276
801 1.01323063
802 1.00376858
803 1.01026628
804 0.99963721
805 1.01116001
806 1.01539748
807 1.01021652
808 1.00573376
809 1.00170988
810 1.00590142
811 1.00783224
812 1.00368028
813 1.01001938
814 1.00750924
815 1.00926115
816 1.00276897
817 0.99247089
818 1.00612571
819 1.00555070
820 1.00863195
821 1.01145307
822 1.00588712
823 1.00926187
824 0.99761402
825 1.00415206
826 1.01600107
827 1.00833414
828 1.00112111
829 1.00898138
830 1.00646865
831 1.00362940
832 1.00910253
833 1.00550830
834 1.00668704
835 1.00418593
836 1.00962649
837 1.00456462
838 1.00970521
839 1.00356257
840 1.00863195
841 1.00114491
842 1.01107947
843 1.00966183
844 1.01251146
845 0.99980711
846 1.00962048
847 1.00155028
848 1.00997526
849 1.01014507
850 1.00295203
851 1.01184999
852 1.01155731
853 1.00092263
854 1.01115753
855 1.01203127
856 0.99734485
857 1.01101145
858 1.01308777
859 1.00988122
860 1.01209001
861 1.00114491
862 0.99412796
863 1.00315360
864 0.99751070
865 1.00255414
866 1.00022455
867 0.99781086
868 0.99400012
869 1.00076205
870 1.00680155
871 1.00120186
872 1.00133458
873 1.00069142
874 1.00280176
875 0.99406224
876 1.00203176
877 1.00042644
878 1.00251790
879 0.99620163
880 1.00414644
881 1.00110028
882 0.99412796
883 0.99609723
884 1.00017410
885 0.99960978
886 0.99285342
887 1.00327936
888 1.00733427
889 1.00980036
890 1.00439796
891 1.00949205
892 0.99797433
893 0.99018661
894 1.00845678
895 1.00744975
896 0.99741626
897 1.00050536
898 1.00671009
899 1.00716326
900 0.99564286
901 1.00722235
902 0.99750309
903 0.99609723
904 1.00626390
905 1.00394108
906 1.00069248
907 1.01060354
908 1.01325297
909 0.99961974
910 1.00337176
911 1.00886070
912 1.00516547
913 1.01104777
914 1.00658346
915 1.01178679
916 1.01293925
917 1.00422444
918 0.99738763
919 1.00889547
920 1.00088576
921 1.00969534
922 1.00492538
923 1.00416732
924 1.00626390
925 1.00761857
926 1.00420006
927 1.00487186
928 1.00657894
929 0.99176819
930 1.00761312
931 1.00592111
932 1.00240353
933 0.99870828
934 1.01132679
935 1.00330774
936 1.00536248
937 1.00887164
938 1.00022346
939 0.99461737
940 1.00742532
941 1.00436658
942 1.01142285
943 1.00741315
944 1.00827091
945 1.00761857
946 1.00399888
947 1.01460928
948 1.00870160
949 1.00094803
950 1.00245765
951 0.99635377
952 1.00459194
953 1.00223831
954 1.00673237
955 1.00179843
956 1.01687975
957 1.00977869
958 1.01225990
959 1.00964386
960 1.01530838
961 1.00463750
962 1.01274830
963 1.00876029
964 1.01162184
965 1.01183692
966 1.00399888
967 1.00115524
968 1.01059738
969 1.01225761
970 1.01419212
971 1.00919537
972 0.99831714
973 1.01007583
974 1.01410169
975 1.01943131
976 1.00679830
977 1.00225596
978 1.00341776
979 1.00951479
980 1.01339714
981 1.01265992
982 1.00455823
983 1.01170907
984 1.00883930
985 1.01389660
986 1.00936601
987 1.00115524
988 1.01406395
989 1.00309650
990 1.01173278
991 1.01823604
992 1.01617715
993 1.00806237
994 1.00940558
995 1.01709677
996 1.01474242
997 1.01501821
998 1.01128709
999 1.01431685
1000 1.00971941
1001 1.02056405
1002 1.00247597
1003 1.00407288
1004 1.00586345
1005 1.01428592
1006 1.00961408
1007 1.01178976
1008 1.01406395
1009 0.99837442
1010 1.00706714
1011 1.00022445
1012 1.00370197
1013 1.00326495
1014 1.00419676
1015 1.00345374
1016 1.00563417
1017 1.00479487
1018 1.00081047
1019 1.01109397
1020 1.00618429
1021 1.00912215
1022 1.00025226
1023 1.00778272
1024 1.00605043
1025 1.00307185
1026 1.00558047
1027 1.00171126
1028 1.01127828
1029 0.99837442
1030 1.01668422
1031 1.00686144
1032 1.00663468
1033 1.00796518
1034 1.00766576
1035 1.00326502
1036 1.01267860
1037 1.01283152
1038 1.01289623
1039 1.00954954
1040 1.01606433
1041 1.01825746
1042 1.01202936
1043 1.00581263
1044 1.00991794
1045 1.01635471
1046 1.01330201
1047 1.00608027
1048 1.01076461
1049 1.01769456
1050 1.01668422
1051 1.01028298
1052 1.00933999
1053 1.00856290
1054 1.00586891
1055 1.00927799
1056 1.00446896
1057 1.01247492
1058 1.00174677
1059 1.00449483
1060 1.00803877
1061 1.00160937
1062 1.00456778
1063 1.00951520
1064 1.00695585
1065 1.00475299
1066 1.00869994
1067 1.00413823
1068 1.00122831
1069 1.01083824
1070 1.00193170
1071 1.01028298
1072 1.01759037
1073 1.00953163
1074 1.01076790
1075 1.01119183
1076 1.00883755
1077 1.00633310
1078 1.01049806
1079 1.00344945
1080 1.01605737
1081 1.01287226
1082 1.00796920
1083 1.00489262
1084 1.01447885
1085 1.01517971
1086 1.00765763
1087 1.00953620
1088 1.01733473
1089 1.01122895
1090 1.00764312
1091 1.00624333
1092 1.01759037
1093 1.01001655
1094 1.01334990
1095 1.01187030
1096 1.00265802
1097 1.00899020
1098 1.00914381
1099 1.01542778
1100 1.00085718
1101 1.00866476
1102 1.00567113
1103 1.00615532
1104 1.01846797
1105 1.01365955
1106 0.99743390
1107 1.00955405
1108 1.00926210
1109 1.00781734
1110 1.00650395
1111 1.00270952
1112 1.01034972
1113 1.01001655
1114 1.00979393
1115 1.01252967
1116 1.00777632
1117 1.00932545
1118 1.01113847
1119 0.99670574
1120 1.00317165
1121 1.01461015
1122 0.99945080
1123 1.00233660
1124 1.00108970
1125 1.00175087
1126 1.01276075
1127 1.00128909
1128 1.00098866
1129 1.00568337
1130 1.00442217
1131 0.99859332
1132 0.99901064
1133 1.00569761
1134 1.00979393
1135 1.00146416
1136 1.00333235
1137 1.01472050
1138 1.00029216
1139 1.00383444
1140 1.00464915
1141 0.99987895
1142 0.99749939
1143 0.99915832
1144 0.99825963
1145 1.00083543
1146 0.99903697
1147 1.01364009
1148 1.00537745
1149 0.99954796
1150 1.00476330
1151 1.00972227
1152 1.00755832
1153 1.01035604
1154 1.00217062
1155 1.00146416
1156 1.00541193
1157 1.01112551
1158 1.01330808
1159 0.99914840
1160 0.99873376
1161 0.99190830
1162 1.01219995
1163 1.00320991
1164 0.99843414
1165 1.00844770
1166 1.00533119
1167 1.00985992
1168 1.00572405
1169 1.00245805
1170 1.00411268
1171 1.00184157
1172 0.99671300
1173 1.00258726
1174 1.01041298
1175 1.00234526
1176 1.00541193
1177 1.01456451
1178 1.00761621
1179 1.00789870
1180 1.00863257
1181 1.01472327
1182 1.00984068
1183 1.00668902
1184 1.00959565
1185 1.01098088
1186 1.00744597
1187 1.01122584
1188 1.00912829
1189 1.00891435
1190 1.02237110
1191 1.01103909
1192 1.01167925
1193 1.01424852
1194 1.00960469
1195 1.00677930
1196 1.00781557
1197 1.01456451
1198 1.00621174
1199 1.00731324
1200 1.01277131
1201 1.01128263
1202 1.02253668
1203 1.00467819
1204 0.99471321
1205 1.01405447
1206 1.00623824
1207 1.01113603
1208 1.01524956
1209 1.01642839
1210 1.01004879
1211 1.00983580
1212 1.01882184
1213 1.01150298
1214 1.01309699
1215 1.00898344
1216 1.00606244
1217 1.01300419
1218 1.00621174
1219 1.00688227
1220 1.00545457
1221 1.00157315
1222 1.01140025
1223 1.00687344
1224 1.00542809
1225 0.99989681
1226 1.00935884
1227 1.00761864
1228 0.99804545
1229 1.00340432
1230 1.00986953
1231 1.00897155
1232 1.00666420
1233 1.00034414
1234 1.00663755
1235 1.00029123
1236 1.00729387
1237 1.00647334
1238 0.99751134
1239 1.00688227
1240 1.00046418
1241 0.99347228
1242 1.00326996
1243 1.00573979
1244 1.00377756
1245 1.00449029
1246 1.00353248
1247 1.00626074
1248 1.00424817
1249 1.00871904
1250 1.00933717
1251 1.00913423
1252 0.99935764
1253 1.00291749
1254 1.00568206
1255 1.01312971
1256 1.00547370
1257 1.00416332
1258 1.00675290
1259 0.99984416
1260 1.00046418
1261 1.01040055
1262 0.99833703
1263 1.01088255
1264 0.99846535
1265 1.00625396
1266 1.00987113
1267 1.00928867
1268 1.00945450
1269 1.00686916
1270 1.00790453
1271 1.00673167
1272 1.00091385
1273 1.00376101
1274 1.00504952
1275 1.00055069
1276 0.99968825
1277 1.01007525
1278 1.00240019
1279 0.99775960
1280 1.00264818
1281 1.01040055
1282 1.00700698
1283 1.00901613
1284 1.01284666
1285 1.00898264
1286 1.00634316
1287 1.00047436
1288 1.01141146
1289 1.00124784
1290 1.00925195
1291 1.00623668
1292 1.00697594
1293 1.00942219
1294 1.00414372
1295 1.00330407
1296 1.00989364
1297 1.01418188
1298 1.00524453
1299 1.00524358
1300 1.00293972
1301 1.00242710
1302 1.00700698
1303 1.00819774
1304 1.01680897
1305 1.00593728
1306 1.00367180
1307 1.01039136
1308 1.01119124
1309 1.01093845
1310 1.00043408
1311 1.01101209
1312 1.00833994
1313 1.01407053
1314 1.01463138
1315 1.01538228
1316 1.00076189
1317 1.01598766
1318 1.01608093
1319 0.99774211
1320 1.00491998
1321 1.00497232
1322 1.00967257
1323 1.00819774
1324 1.00247312
1325 1.00377328
1326 0.99019424
1327 0.99936962
1328 0.99857410
1329 1.00879804
1330 1.00156715
1331 1.00015432
1332 1.00736339
1333 1.00398858
1334 1.00380620
1335 1.00915799
1336 0.99673376
1337 1.00967668
1338 1.01002385
1339 1.00830343
1340 1.00691076
1341 1.00596732
1342 1.00025737
1343 1.01440354
1344 1.00247312
1345 1.00478810
1346 1.00721043
1347 1.01634028
1348 1.00212463
1349 1.00280332
1350 1.01120952
1351 1.01255081
1352 1.00167483
1353 1.01165948
1354 1.00820757
1355 0.99847196
1356 1.00818996
1357 1.00023165
1358 1.00987747
1359 1.00028378
1360 1.00492337
1361 0.99962092
1362 1.00406909
1363 1.00162728
1364 1.00908633
1365 1.00478810
1366 1.00205069
1367 1.00083239
1368 1.00112573
1369 1.00439266
1370 0.99895169
1371 0.99593057
1372 0.99917660
1373 1.01414961
1374 1.00443112
1375 1.00373720
1376 1.01140501
1377 1.00249810
1378 0.99291841
1379 1.00416921
1380 1.02042857
1381 1.00474080
1382 1.00483360
1383 1.00131259
1384 1.00083139
1385 0.99957386
1386 1.00205069
1387 0.99880011
1388 1.00853402
1389 0.99470129
1390 1.01467992
1391 0.99951320
1392 1.01712417
1393 1.00922796
1394 0.99871401
1395 1.00417103
1396 0.99746885
1397 1.00523559
1398 1.00468905
1399 1.00782383
1400 1.00473045
1401 1.01208727
1402 1.00077000
1403 1.00913447
1404 1.00838369
1405 1.00955336
1406 1.00236350
1407 0.99880011
1408 1.00418949
1409 1.00475780
1410 0.99978778
1411 1.01173839
1412 1.00944301
1413 1.00820440
1414 1.00048521
1415 1.00222157
1416 1.00748524
1417 1.00266515
1418 1.00723788
1419 1.00577965
1420 1.00807688
1421 1.01278012
1422 1.00438658
1423 1.00282819
1424 1.00717941
1425 1.01340895
1426 1.00283801
1427 1.00256966
1428 1.00418949
1429 1.00484568
1430 1.01151476
1431 1.00331101
1432 1.00518885
1433 1.02340212
1434 1.00209759
1435 1.01319193
1436 1.00720334
1437 1.01052019
1438 1.01082689
1439 1.00900764
1440 0.99989103
1441 1.01699012
1442 1.01113828
1443 1.00934371
1444 1.00017957
1445 1.00787651
1446 1.01334662
1447 1.01807046
1448 1.00261166
1449 1.00484568
1450 1.01444670
1451 1.01218810
1452 1.01221633
1453 1.01252986
1454 1.00497536
1455 1.00954465
1456 1.00044588
1457 1.00941197
1458 1.01326244
1459 1.01499210
1460 1.01021349
1461 1.01154701
1462 1.00622543
1463 1.01298832
1464 1.01670718
1465 1.00732384
1466 1.00332065
1467 1.00303132
1468 1.01234899
1469 1.01909262
1470 1.01444670
1471 0.99629679
1472 1.01166430
1473 1.01034652
1474 1.00681275
1475 1.00665734
1476 1.00029011
1477 1.00445350
1478 1.00000074
1479 0.99979405
1480 1.00756461
1481 1.00753315
1482 1.00131750
1483 1.01252501
1484 0.99979967
1485 1.00821809
1486 1.00051548
1487 0.99568003
1488 1.00455998
1489 0.99685512
1490 0.99997877
1491 0.99629679
1492 1.00098572
1493 1.00096125
1494 0.99777724
1495 1.00499179
1496 1.00196982
1497 0.99985842
1498 1.01295356
1499 1.00116119
1500 1.00311410
1501 0.99935954
1502 1.00165568
1503 0.99660837
1504 0.99201986
1505 0.99795133
1506 1.01401115
1507 1.00447335
1508 0.99526318
1509 0.99534898
1510 1.00126623
1511 0.99799815
1512 1.00098572
1513 0.99882254
1514 1.00508341
1515 1.00242675
1516 1.00409530
1517 1.00942816
1518 1.00816265
1519 1.00254265
1520 1.00081083
1521 0.99813586
1522 1.00045034
1523 1.00171054
1524 1.00596235
1525 1.00571426
1526 0.99973346
1527 1.00458067
1528 1.00306357
1529 1.00815648
1530 0.99378553
1531 1.01117182
1532 1.00735213
1533 0.99882254
1534 1.01147007
1535 1.00631627
1536 1.00753609
1537 0.99799500
1538 1.01273133
1539 1.00938947
1540 1.00794847
1541 1.00405376
1542 1.00198450
1543 1.00908383
1544 1.00788739
1545 0.99995418
1546 1.01241984
1547 1.00121207
1548 1.01096989
1549 0.99586797
1550 1.00961639
1551 1.00575799
1552 1.00270984
1553 1.00558366
1554 1.01147007
1555 1.00700038
1556 0.99488706
1557 1.00120079
1558 0.99876126
1559 0.99446254
1560 1.01052337
1561 0.99888995
1562 0.99791745
1563 0.99840507
1564 1.00003084
1565 0.99012300
1566 0.99978724
1567 0.99320641
1568 1.00746292
1569 1.00072255
1570 1.00489608
1571 1.00821818
1572 0.99968032
1573 0.99614690
1574 1.00551251
1575 1.00700038
1576 1.00355982
1577 1.00560687
1578 0.99801006
1579 1.00351629
1580 1.00245377
1581 0.99899906
1582 0.99985181
1583 0.99863126
1584 1.00891462
1585 1.00882198
1586 1.00391657
1587 1.00905438
1588 1.00842137
1589 1.01048857
1590 1.00058569
1591 0.99402388
1592 1.00800329
1593 1.00599346
1594 1.00351187
1595 0.99857348
1596 1.00355982
1597 1.01144764
1598 1.01556472
1599 1.01518260
1600 1.01168868
1601 1.00477345
1602 1.00957488
1603 1.01039391
1604 1.01240762
1605 1.01215305
1606 1.00593536
1607 1.00782274
1608 1.00774282
1609 1.01150712
1610 1.00864915
1611 1.00854219
1612 1.00891364
1613 0.99645655
1614 1.01066127
1615 0.99987737
1616 1.00912278
1617 1.01144764
1618 1.00429998
1619 0.99991848
1620 1.00617484
1621 1.00887533
1622 1.00192246
1623 1.00675827
1624 1.01878143
1625 1.01211475
1626 1.01113361
1627 1.00171800
1628 1.01035241
1629 1.00296891
1630 0.99729097
1631 1.01314867
1632 1.00986740
1633 1.00733148
1634 1.01778335
1635 1.00752950
1636 0.99553234
1637 1.00364150
1638 1.00429998
1639 1.00744418
1640 1.01490910
1641 1.00802462
1642 1.00976845
1643 1.01601518
1644 1.01206325
1645 1.00944725
1646 1.01407567
1647 1.01680671
1648 1.00196410
1649 1.01248718
1650 1.01316276
1651 1.01022087
1652 1.00859241
1653 1.01623280
1654 1.01482593
1655 1.00375377
1656 1.01460558
1657 1.01154256
1658 1.00462211
1659 1.00744418
1660 1.00816440
1661 1.00631260
1662 0.99448798
1663 1.01195035
1664 1.00772577
1665 1.01559202
1666 1.00788930
1667 1.01204297
1668 1.00157030
1669 1.00718246
1670 1.01212533
1671 1.00712469
1672 1.00449729
1673 1.00860549
1674 1.00185064
1675 1.00467449
1676 1.00337292
1677 1.01109947
1678 1.00406990
1679 1.00752572
1680 1.00816440
1681 1.00921252
1682 1.00734245
1683 1.01489356
1684 1.01248275
1685 1.01432300
1686 1.01075522
1687 1.00746862
1688 1.01729214
1689 1.00599290
1690 1.01796560
1691 1.01528092
1692 1.00605039
1693 1.01384598
1694 1.01052847
1695 1.00982893
1696 1.01167789
1697 1.00912569
1698 1.00960279
1699 1.01489267
1700 1.00324906
1701 1.00921252
1702 1.00377360
1703 1.00077535
1704 1.01238997
1705 0.98969002
1706 1.00849136
1707 0.99370846
1708 0.99927433
1709 1.00455618
1710 0.99851109
1711 0.99745932
1712 1.00047023
1713 0.99883443
1714 0.99636463
1715 1.00185355
1716 1.00916734
1717 0.99977681
1718 0.99907073
1719 1.00146074
1720 1.00301577
1721 1.00311602
1722 1.00377360
1723 0.99908686
1724 1.00525059
1725 0.99893564
1726 0.99852134
1727 1.00046649
1728 1.00733193
1729 0.99224452
1730 0.99208077
1731 0.99596194
1732 0.99656289
1733 1.00613072
1734 1.00352991
1735 1.00140221
1736 1.01199749
1737 1.00654322
1738 1.00011588
1739 1.00101245
1740 1.00367871
1741 1.00225828
1742 0.99702749
1743 0.99908686
1744 1.00857210
1745 1.01164872
1746 1.00306329
1747 1.01462823
1748 1.01352667
1749 1.01621295
1750 1.01446878
1751 1.00362273
1752 1.01059543
1753 1.01162714
1754 1.00740853
1755 1.01144486
1756 1.00907949
1757 1.00053546
1758 1.01120584
1759 1.00543051
1760 1.00914548
1761 1.01471729
1762 1.01064291
1763 1.00226941
1764 1.00857210
1765 1.00360622
1766 1.00145651
1767 1.00291818
1768 1.00105481
1769 1.00321158
1770 0.99879189
1771 1.00747499
1772 0.99984117
1773 1.00201560
1774 1.00277881
1775 0.99896550
1776 1.00277838
1777 1.00344870
1778 1.01289720
1779 1.00406132
1780 1.00557493
1781 1.01113513
1782 0.99687914
1783 0.99788910
1784 1.00244903
1785 1.00360622
1786 1.00733476
1787 0.99864015
1788 0.99941505
1789 1.00186937
1790 0.98763383
1791 1.00144891
1792 0.99923772
1793 1.00219460
1794 1.00535067
1795 1.00028166
1796 1.00153628
1797 0.99738128
1798 0.99517834
1799 0.99812436
1800 1.00226585
1801 0.99050893
1802 1.00392443
1803 1.00184016
1804 0.99699229
1805 0.99031480
1806 1.00733476
1807 1.00623245
1808 1.00603436
1809 1.00565951
1810 1.01366096
1811 1.00584364
1812 1.00669361
1813 1.01295386
1814 1.00191945
1815 0.99763287
1816 1.01654117
1817 1.01028872
1818 1.00360307
1819 1.00988491
1820 1.01000138
1821 1.00649770
1822 1.00387926
1823 1.00050075
1824 1.01593291
1825 1.00610335
1826 1.00761978
1827 1.00623245
1828 0.99993347
1829 1.01221993
1830 1.00728171
1831 1.01355598
1832 1.00804098
1833 1.00532010
1834 1.00492220
1835 1.01387734
1836 1.00782467
1837 1.00846648
1838 1.01603440
1839 1.01823584
1840 1.00783953
1841 1.00955783
1842 1.01215741
1843 1.00269347
1844 1.01201378
1845 1.00886956
1846 1.01804053
1847 1.00751852
1848 0.99993347
1849 1.01277143
1850 1.00684750
1851 1.01881689
1852 1.01217326
1853 1.01007892
1854 1.01416716
1855 1.00937288
1856 1.00851592
1857 1.01039336
1858 1.00796347
1859 1.01112320
1860 1.01321975
1861 0.99654175
1862 1.02094583
1863 1.01621572
1864 1.00411164
1865 0.99804895
1866 1.01413417
1867 1.00619002
1868 1.00281087
1869 1.01277143
1870 1.00074420
1871 1.00480739
1872 1.01186639
1873 1.00065385
1874 1.00697242
1875 1.00757523
1876 0.99777338
1877 1.00902198
1878 1.00992759
1879 1.01388911
1880 1.00370363
1881 1.01330881
1882 0.99686928
1883 1.00318354
1884 1.00145171
1885 1.00937074
1886 1.01138652
1887 1.01196741
1888 1.00270371
1889 1.00302600
1890 1.00074420
1891 1.01364584
1892 1.00534987
1893 1.00508601
1894 0.99875684
1895 1.00640103
1896 1.01032405
1897 1.00483999
1898 1.00537292
1899 1.00677999
1900 1.01053204
1901 1.00119508
1902 1.00486018
1903 1.00261967
1904 1.00223388
1905 1.00655691
1906 1.00342920
1907 1.01518056
1908 1.00764698
1909 0.99544231
1910 1.00281820
1911 1.01364584
1912 1.00533972
1913 1.00819622
1914 0.99727104
1915 1.00618906
1916 1.01274702
1917 1.00933869
1918 1.00487398
1919 1.00253556
1920 1.00736913
1921 1.00212649
1922 1.01019536
1923 1.00087671
1924 1.00287498
1925 0.99867816
1926 0.99848439
1927 1.01169327
1928 1.00271540
1929 0.99346456
1930 1.00216087
1931 1.00258349
1932 1.00533972
1933 1.00713946
1934 0.99444376
1935 1.00944453
1936 1.00115138
1937 1.00251887
1938 0.99939606
1939 1.01314590
1940 1.00554873
1941 1.01129592
1942 1.00659812
1943 1.00674790
1944 1.00773014
1945 1.00628763
1946 1.00382504
1947 1.00503890
1948 1.00652536
1949 1.00560454
1950 1.00275499
1951 0.99889618
1952 1.01167176
1953 1.00713946
1954 1.00391225
1955 1.00740695
1956 0.99208634
1957 0.99733933
1958 1.00488408
1959 1.00261080
1960 1.00380695
1961 0.99947896
1962 1.01312489
1963 1.00194542
1964 1.00210332
1965 1.00766289
1966 1.01205540
1967 0.99787037
1968 1.00741499
1969 1.01344971
1970 1.00375063
1971 0.99965656
1972 0.99881361
1973 1.01010410
1974 1.00391225
1975 1.01038455
1976 1.00948017
1977 1.01362614
1978 1.00297834
1979 1.00909194
1980 1.00845743
1981 1.01854180
1982 1.00652962
1983 1.00533913
1984 1.01606323
1985 1.01014554
1986 1.00773088
1987 0.99946370
1988 1.00225401
1989 1.00596645
1990 1.01174341
1991 1.00847522
1992 1.01047120
1993 1.00139876
1994 1.01239716
1995 1.01038455
1996 1.00633752
1997 1.00619865
1998 1.00770924
1999 1.00550966
2000 1.00299468
2001 1.01144027
2002 1.00205999
2003 1.01007167
2004 1.00254735
2005 1.00657577
2006 1.00518571
2007 1.00264135
2008 0.99882545
2009 1.00669951
2010 1.00497944
2011 1.00456252
2012 1.00421277
2013 1.00797816
2014 1.00969511
2015 1.01033279
2016 1.00633752
2017 1.00615835
2018 1.00481769
2019 1.00617723
2020 1.00289971
2021 1.00777345
2022 1.00011800
2023 1.00647598
2024 0.99320657
2025 1.00208252
2026 1.00950014
2027 1.00009473
2028 1.00302291
2029 1.00161886
2030 1.00171527
2031 1.01063067
2032 1.01079749
2033 1.00785456
2034 0.99921332
2035 1.01179554
2036 0.99786532
2037 1.00615835
2038 1.00424367
2039 1.01163985
2040 1.00586070
2041 1.00979378
2042 0.99871531
2043 1.00228889
2044 0.99811521
2045 1.00130896
2046 1.00659018
2047 1.01668806
2048 0.99970944
2049 1.00829455
2050 1.00611498
2051 1.00112386
2052 1.00281367
2053 1.01162837
2054 1.00033396
2055 1.01431308
2056 1.00700802
2057 0.99666323
2058 1.00424367
2059 1.00548243
2060 1.00302614
2061 1.00649603
2062 0.99550474
2063 1.00378479
2064 1.00186254
2065 1.00504939
2066 1.00896113
2067 1.00194653
2068 1.01095000
2069 1.00049358
2070 0.99733338
2071 1.01425850
2072 0.99902532
2073 0.99933290
2074 1.00452634
2075 1.00449149
2076 1.00693055
2077 0.99967372
2078 1.00251819
2079 1.00548243
2080 1.01132155
2081 1.00754225
2082 1.01107775
2083 1.00861861
2084 1.01029497
2085 1.00817834
2086 1.00727537
2087 1.01459356
2088 1.00642553
2089 1.01648539
2090 1.01044554
2091 1.00602581
2092 1.01740559
2093 1.01014830
2094 1.01389665
2095 1.01516134
2096 1.01017589
2097 1.01373323
2098 1.00526840
2099 1.01009807
2100 1.01132155
2101 1.00961771
2102 1.01123647
2103 1.00688432
2104 1.01074015
2105 1.01556245
2106 1.00861870
2107 1.01352036
2108 1.00773527
2109 1.01027951
2110 1.01249208
2111 1.00903620
2112 1.00706756
2113 1.01131086
2114 1.01168739
2115 1.01445063
2116 1.00995986
2117 1.01910188
2118 1.01091902
2119 1.01290384
2120 1.00751057
2121 1.00961771
2122 1.00279560
2123 1.01384734
2124 0.99242249
2125 0.99786931
2126 1.00585624
2127 1.00646918
2128 0.99844506
2129 1.00414615
2130 1.00934608
2131 1.01070653
2132 1.00406621
2133 1.00862587
2134 1.00935576
2135 1.00097049
2136 1.01212368
2137 1.00946991
2138 1.00433625
2139 1.00873090
2140 1.00732670
2141 1.01206203
2142 1.00279560
2143 1.00409019
2144 1.00226451
2145 1.00454606
2146 1.00447791
2147 1.00732585
2148 1.00966450
2149 0.99784720
2150 1.00625502
2151 1.01080776
2152 1.00362179
2153 1.00454255
2154 1.00055167
2155 1.00317439
2156 1.00793538
2157 0.99979837
2158 0.99730844
2159 1.00734311
2160 1.01449168
2161 1.00190216
2162 0.99644862
2163 1.00409019
2164 1.00146549
2165 1.00350872
2166 1.00888349
2167 0.99783643
2168 0.99834448
2169 1.00218020
2170 1.00093176
2171 1.00351125
2172 0.99879919
2173 1.00891147
2174 1.00411067
2175 1.00849222
2176 1.00612973
2177 1.00675430
2178 1.00139426
2179 1.01023084
2180 1.01270009
2181 1.00379076
2182 1.00134732
2183 1.00827780
2184 1.00146549
2185 1.00263415
2186 1.00197941
2187 1.00515419
2188 1.00854264
2189 1.00561917
2190 1.00713195
2191 1.01672424
2192 0.99705067
2193 1.00036064
2194 1.00935099
2195 0.99610079
2196 1.01066567
2197 0.98914189
2198 1.00686656
2199 1.00394369
2200 1.00687557
2201 1.00283202
2202 0.99894379
2203 1.00373193
2204 1.00453852
2205 1.00263415
2206 1.00989795
2207 1.00239236
2208 1.00953016
2209 1.00608655
2210 1.01200659
2211 1.01947053
2212 1.00859460
2213 1.00166436
2214 1.01149255
2215 1.01259863
2216 1.01888622
2217 1.00697593
2218 1.00729000
2219 1.02024516
2220 1.01537010
2221 1.01311839
2222 1.00617591
2223 1.00959754
2224 1.01510093
2225 1.00482343
2226 1.00989795
2227 1.00989951
2228 1.01492080
2229 1.00644119
2230 1.00655872
2231 1.00898147
2232 1.00075192
2233 1.00049926
2234 1.00733504
2235 1.00124014
2236 1.01644274
2237 1.01282569
2238 1.00249051
2239 1.00027121
2240 0.99481557
2241 1.00856208
2242 1.01003035
2243 0.99990567
2244 1.00792621
2245 1.00638883
2246 1.00462461
2247 1.00989951
2248 1.02347234
2249 1.01244985
2250 1.01657334
2251 1.01817085
2252 1.00532320
2253 1.00868800
2254 1.01588930
2255 1.01151350
2256 1.01966114
2257 1.01397776
2258 1.01232337
2259 1.01543572
2260 1.01272233
2261 1.01398813
2262 1.00751425
2263 1.01468984
2264 1.00594732
2265 1.01401040
2266 1.01437586
2267 1.01077941
2268 1.02347234
2269 1.00666856
2270 0.99891329
2271 1.00675353
2272 1.01245332
2273 1.00013831
2274 1.00744195
2275 1.00092637
2276 1.00710891
2277 1.00631065
2278 1.00509875
2279 0.99584596
2280 1.00417315
2281 1.01980727
2282 0.99857676
2283 1.01417805
2284 1.00242073
2285 1.00684986
2286 1.00232509
2287 1.01073142
2288 1.00388856
2289 1.00666856
2290 1.00517572
2291 1.00720497
2292 1.00589264
2293 1.01303623
2294 1.01399111
2295 1.01611039
2296 1.00793919
2297 1.00560799
2298 1.01992755
2299 1.01059588
2300 1.01517730
2301 1.01246371
2302 1.01103833
2303 1.02110996
2304 1.01020746
2305 1.01424451
2306 1.01334215
2307 1.00975884
2308 1.01678903
2309 1.01124078
2310 1.00517572
2311 1.01390960
2312 1.00691769
2313 1.01169247
2314 1.00721845
2315 1.01326913
2316 1.00236871
2317 1.00857070
2318 1.01161205
2319 1.00739245
2320 1.00957413
2321 1.00207044
2322 1.01465082
2323 1.00631310
2324 1.01085605
2325 1.00628796
2326 1.00928997
2327 1.01175483
2328 1.01465797
2329 1.01460359
2330 1.00605620
2331 1.01390960
2332 1.00599811
2333 1.01208770
2334 1.00404007
2335 1.00897012
2336 1.00686322
2337 1.00420242
2338 1.01482113
2339 1.00450935
2340 1.01043560
2341 1.00710745
2342 1.01476597
2343 1.01039889
2344 1.00622534
2345 1.00723931
2346 1.01093349
2347 1.01548068
2348 1.01530588
2349 1.00642440
2350 1.00718424
2351 1.00717948
2352 1.00599811
2353 0.99968147
2354 1.01032217
2355 0.99994374
2356 1.00729788
2357 1.00956258
2358 1.00860577
2359 1.00806751
2360 1.00627362
2361 0.99984252
2362 1.00778498
2363 1.00889499
2364 0.99873681
2365 1.00257497
2366 1.00180302
2367 1.01465881
2368 1.01186844
2369 1.00028059
2370 1.00375063
2371 1.00920546
2372 1.01516244
2373 0.99968147
2374 1.00491495
2375 1.00548369
2376 1.01004244
2377 1.01211055
2378 1.00565697
2379 1.00902129
2380 1.00457125
2381 1.00043129
2382 1.01121424
2383 1.01143254
2384 1.00904008
2385 1.00588360
2386 1.00173274
2387 1.01232185
2388 1.00514672
2389 1.00145688
2390 1.00819499
2391 1.01352186
2392 1.00870550
2393 1.00414049
2394 1.00491495
2395 1.00702823
2396 1.00888672
2397 1.00944962
2398 0.99797277
2399 0.99547996
2400 1.00363224
2401 1.00344013
2402 1.00968210
2403 1.00513811
2404 0.99892361
2405 0.99855014
2406 0.99488133
2407 1.01266700
2408 0.99988377
2409 0.99789543
2410 1.00388913
2411 1.00072310
2412 1.00938232
2413 0.99507756
2414 1.00137393
2415 1.00702823
2416 1.00686375
2417 0.99831344
2418 1.00390960
2419 1.00140204
2420 0.99580469
2421 0.99928911
2422 1.00450723
2423 0.99595543
2424 0.99291631
2425 1.00300170
2426 1.00595956
2427 0.99551966
2428 1.00804184
2429 1.00342707
2430 0.99645231
2431 1.01006407
2432 0.99569700
2433 1.00505846
2434 1.00160442
2435 0.99065935
2436 1.00686375
2437 1.00405980
2438 1.01059438
2439 1.01223862
2440 0.99765321
2441 1.00383537
2442 0.99650389
2443 1.00447469
2444 1.00599012
2445 0.99830310
2446 1.00477535
2447 1.00600358
2448 1.00780359
2449 1.00727185
2450 1.01783429
2451 1.01137458
2452 1.00340092
2453 1.00761419
2454 1.01536368
2455 1.00629812
2456 1.00691426
2457 1.00405980
2458 1.00383067
2459 1.01250461
2460 1.00431276
2461 1.00405203
2462 1.00110354
2463 1.00111593
2464 1.00748390
2465 1.00373323
2466 1.00841019
2467 1.00360287
2468 1.01190089
2469 1.00410047
2470 1.01389833
2471 1.00680299
2472 1.01386280
2473 1.00393042
2474 1.01295282
2475 1.01257941
2476 1.00753161
2477 1.00248674
2478 1.00383067
2479 1.00763052
2480 1.01178125
2481 1.01032415
2482 1.01467068
2483 1.00796467
2484 1.01276675
2485 1.01013686
2486 1.00473807
2487 1.01088451
2488 1.01924783
2489 1.00750205
2490 1.00149572
2491 1.00714938
2492 1.00952204
2493 1.00790156
2494 1.01765705
2495 1.00834029
2496 1.00668368
2497 1.00564607
2498 1.00402642
2499 1.00763052
2500 1.00114111
2501 1.00033850
2502 1.00443378
2503 0.99989716
2504 1.00524458
2505 0.99318885
2506 0.99669892
2507 1.00253866
2508 1.00663360
2509 1.00674529
2510 1.00173966
2511 1.00574244
2512 1.00887731
2513 1.00022789
2514 0.99896823
2515 1.00214239
2516 1.00138485
2517 1.01140736
2518 0.99999143
2519 1.00165260
2520 1.00114111
2521 1.01879462
2522 1.00502440
2523 1.00551025
2524 1.00083093
2525 1.01555649
2526 1.01381560
2527 1.01070199
2528 1.02056544
2529 1.01211324
2530 1.01345710
2531 1.01405348
2532 1.00988893
2533 1.00568952
2534 1.01796888
2535 1.01382298
2536 1.01114855
2537 1.01127832
2538 1.01223466
2539 1.01160422
2540 1.00800869
2541 1.01879462
2542 1.00620411
2543 1.01191272
2544 1.00211786
2545 1.00460680
2546 1.00586032
2547 1.00499671
2548 1.00557267
2549 1.01018506
2550 1.00893750
2551 1.00716745
2552 1.01250460
2553 1.00763650
2554 1.01419358
2555 1.00579752
2556 1.00252583
2557 1.00539097
2558 1.00360858
2559 1.01169643
2560 1.00167792
2561 1.01862735
2562 1.00620411
2563 1.00790284
2564 1.00000434
2565 1.00745867
2566 0.99624883
2567 1.00486839
2568 1.00710218
2569 1.00288928
2570 0.99162253
2571 0.99862495
2572 0.99886386
2573 1.01482498
2574 1.00733008
2575 1.00047520
2576 1.01389827
2577 1.00178151
2578 1.00136831
2579 1.00710292
2580 1.00570587
2581 0.99356010
2582 1.00539747
2583 1.00790284
2584 1.00533417
2585 1.01109535
2586 1.00988693
2587 1.00886602
2588 1.00703158
2589 1.00853159
2590 1.00622745
2591 1.00554523
2592 1.00491206
2593 1.00882831
2594 0.99421233
2595 1.00985397
2596 1.00724763
2597 1.00558838
2598 1.00927282
2599 1.00231370
2600 1.01294916
2601 1.01317947
2602 1.01268156
2603 1.00114364
2604 1.00533417
2605 0.99933814
2606 0.99520332
2607 1.00340994
2608 0.99680419
2609 1.00196055
2610 1.00142999
2611 1.00453065
2612 1.00763790
2613 0.99915964
2614 1.00786328
2615 0.99945515
2616 1.01052890
2617 1.00590690
2618 0.99842824
2619 1.00555441
2620 1.00283514
2621 1.00010053
2622 1.00452060
2623 1.00471484
2624 1.00198281
2625 0.99933814
2626 1.00259104
2627 1.00671174
2628 1.00997476
2629 1.00133860
2630 1.01312956
2631 1.00290365
2632 1.00133173
2633 1.00672925
2634 1.00603860
2635 1.01087376
2636 1.00978471
2637 1.01386461
2638 1.00870684
2639 1.00523653
2640 1.00330135
2641 1.00907914
2642 1.00964665
2643 1.00960892
2644 1.00332164
2645 1.00572571
2646 1.00259104
2647 1.00007596
2648 1.00496213
2649 1.00809402
2650 1.00349851
2651 0.99956160
2652 1.00277112
2653 1.01095785
2654 1.00209459
2655 1.00173906
2656 1.00719639
2657 1.00354296
2658 1.01082039
2659 1.00547738
2660 1.00328136
2661 1.00629560
2662 0.99701031
2663 1.00688902
2664 1.01064814
2665 1.01380349
2666 1.00075473
2667 1.00007596
2668 1.00733345
2669 1.01205473
2670 1.01397981
2671 1.01181915
2672 1.01268532
2673 0.99303719
2674 1.00356686
2675 1.00345405
2676 1.00933820
2677 1.00274935
2678 1.00279917
2679 1.00225631
2680 0.99818040
2681 1.00398972
2682 0.99858045
2683 1.01092680
2684 1.00531872
2685 1.01028949
2686 1.00201877
2687 1.00467299
2688 1.00733345
2689 1.01172166
2690 1.00906876
2691 1.00948466
2692 1.00584263
2693 1.00056273
2694 1.01306499
2695 1.00980697
2696 1.00796333
2697 1.00012115
2698 1.00881452
2699 1.00570259
2700 1.00586272
2701 1.00909983
2702 0.99433917
2703 1.01141531
2704 1.00881848
2705 1.00494728
2706 1.00703235
2707 0.99975170
2708 1.00869776
2709 1.01172166
2710 1.00540087
2711 1.01384735
2712 1.00521294
2713 1.00632141
2714 1.00064021
2715 1.00134296
2716 1.01311192
2717 1.00955027
2718 1.00387824
2719 1.01014006
2720 1.00573426
2721 1.00632902
2722 1.00890603
2723 1.00955195
2724 1.01133269
2725 0.99573881
2726 1.00363973
2727 1.00617019
2728 1.00938761
2729 1.00118619
2730 1.00540087
2731 1.01322458
2732 1.01137548
2733 1.02173907
2734 1.00957470
2735 1.01065912
2736 1.01349581
2737 1.01035431
2738 1.00548019
2739 1.00720875
2740 1.00879063
2741 1.01432184
2742 1.01344544
2743 1.01198603
2744 1.00723871
2745 1.01131615
2746 1.01367665
2747 1.01547983
2748 1.01035551
2749 1.01047578
2750 1.00808220
2751 1.01322458
2752 1.00715384
2753 1.00904842
2754 0.99582878
2755 1.01643739
2756 1.01222222
2757 1.02647905
2758 1.01990690
2759 1.01818332
2760 1.00601037
2761 1.01173176
2762 1.01154688
2763 1.00934311
2764 1.00842389
2765 1.00569637
2766 1.01344509
2767 1.01014752
2768 1.00936765
2769 1.01349925
2770 1.00636759
2771 0.99945076
2772 1.00715384
2773 0.95082697
2774 0.95917009
2775 0.96736703
2776 0.96783925
2777 0.98693901
2778 0.98004262
2779 0.98440251
2780 0.98813236
2781 0.98451306
2782 0.99347975
2783 0.99616675
2784 0.98503343
2785 0.99084647
2786 0.99013951
2787 0.98223148
2788 0.97843333
2789 0.98183021
2790 0.97798451
2791 0.96636480
2792 0.96440376
2793 0.95082697
2794 1.01706837
2795 1.01762535
2796 1.01858862
2797 1.02367775
2798 1.01332631
2799 1.01715308
2800 1.00916064
2801 1.01808311
2802 1.01593181
2803 1.02191326
2804 1.01676545
2805 1.01904817
2806 1.01946576
2807 1.02633483
2808 1.01250058
2809 1.01752030
2810 1.01636376
2811 1.01559026
2812 1.01907241
2813 1.01280558
2814 1.01706837
2815 1.00676201
2816 1.00456593
2817 0.99998756
2818 1.00108326
2819 1.00200921
2820 1.00320931
2821 1.00493840
2822 0.99687669
2823 0.99216174
2824 0.99962811
2825 0.99572065
2826 1.00138261
2827 0.99478016
2828 0.99987020
2829 1.00921308
2830 1.00597942
2831 0.99411121
2832 0.99902700
2833 1.01045429
2834 1.00593469
2835 1.00676201
2836 1.00986457
2837 1.00596035
2838 1.00737124
2839 1.00776725
2840 1.01101120
2841 1.01463750
2842 1.00474211
2843 1.01283383
2844 1.00865118
2845 1.00334983
2846 1.00393333
2847 1.00050051
2848 0.99945196
2849 1.01425088
2850 1.01172611
2851 1.00596902
2852 1.01750734
2853 1.00977684
2854 1.00924348
2855 1.00693769
2856 1.00986457
2857 1.00912937
2858 1.00918618
2859 1.00951510
2860 1.00344379
2861 1.00822496
2862 1.00798299
2863 1.00707617
2864 1.00736607
2865 1.00582350
2866 1.00428114
2867 1.00778414
2868 1.00810967
2869 0.99993827
2870 1.01356630
2871 1.01277536
2872 1.00289162
2873 1.00871266
2874 1.00724336
2875 1.00297266
2876 1.01737251
2877 1.00912937
2878 1.01058154
2879 1.01472507
2880 1.00760291
2881 1.02480172
2882 1.01593260
2883 1.01144243
2884 1.01020800
2885 1.01564200
2886 1.00955128
2887 1.00081302
2888 1.01133151
2889 1.01518284
2890 1.01263764
2891 1.01364266
2892 1.00942943
2893 1.01475101
2894 1.01421047
2895 1.00928839
2896 1.01148962
2897 1.01028172
2898 1.01058154
2899 0.99856243
2900 0.99518901
2901 0.99651440
2902 0.99017044
2903 1.00836633
2904 1.00229419
2905 0.99754114
2906 1.00050140
2907 0.99581370
2908 1.00061125
2909 1.00246434
2910 0.99156528
2911 1.00081917
2912 1.00078309
2913 0.99804440
2914 0.99215794
2915 0.99440143
2916 0.99809820
2917 0.99358837
2918 0.99493701
2919 0.99856243
2920 0.99934460
2921 1.01275450
2922 0.99869202
2923 1.00057761
2924 1.00186411
2925 1.00066991
2926 0.99518438
2927 1.00342371
2928 1.00352569
2929 1.00154415
2930 1.00730777
2931 0.99955157
2932 1.00163426
2933 1.00743005
2934 1.00709709
2935 1.00827682
2936 1.00270935
2937 1.01060015
2938 1.00937355
2939 1.00513783
2940 0.99934460
2941 1.00416343
2942 1.00124215
2943 1.00585757
2944 0.99867007
2945 1.00903834
2946 1.01044994
2947 1.00773867
2948 1.00803988
2949 1.01266823
2950 1.00069617
2951 1.00153157
2952 0.99908295
2953 1.00485173
2954 1.00390220
2955 1.00108887
2956 1.00151893
2957 1.00464384
2958 1.00713104
2959 0.99799564
2960 0.99563747
2961 1.00416343
2962 0.99967981
2963 1.00325029
2964 1.00256453
2965 0.99927140
2966 0.99992804
2967 1.00061508
2968 1.00390765
2969 1.00664358
2970 1.00490191
2971 1.00944942
2972 0.99873018
2973 1.00548089
2974 1.00311120
2975 1.00330625
2976 1.00569322
2977 1.00519980
2978 1.00316572
2979 1.00819080
2980 1.00646888
2981 0.99825155
2982 0.99967981
2983 1.00575840
2984 1.00795163
2985 1.00489574
2986 0.99632816
2987 1.00554803
2988 1.00823028
2989 0.99965932
2990 1.01143935
2991 0.99581025
2992 1.00716029
2993 0.99212182
2994 1.00002595
2995 1.00787473
2996 1.00068705
2997 0.98645781
2998 1.00755643
2999 1.00231241
3000 0.99755998
3001 0.99480683
3002 1.00847301
3003 1.00575840
3004 1.00406382
3005 1.00400721
3006 0.99930082
3007 0.99506955
3008 1.00407968
3009 1.00541694
3010 1.00309744
3011 0.99946814
3012 0.99626881
3013 1.01135632
3014 1.00383022
3015 1.00388111
3016 1.00294105
3017 0.99881779
3018 1.00465474
3019 1.00593236
3020 0.99391291
3021 1.00715546
3022 1.00322209
3023 1.00654804
3024 1.00406382
