index DenDen_position
1 1.63162203
2 1.58702103
3 1.55300549
4 1.52236347
5 1.50923430
6 1.48472804
7 1.47326319
8 1.46198857
9 1.45437863
10 1.45966252
11 1.45064144
12 1.45137394
13 1.45932259
14 1.46366971
15 1.46903041
16 1.48813337
17 1.49316698
18 1.51471704
19 1.54762566
20 1.58706681
21 1.63162203
22 0.94704361
23 0.95713417
24 0.96672089
25 0.96292157
26 0.97177703
27 0.98761901
28 0.97897266
29 0.98380150
30 0.98545163
31 0.98703978
32 0.98308982
33 0.98967702
34 0.98089289
35 0.97530486
36 0.97932115
37 0.97466288
38 0.97464431
39 0.96611714
40 0.96575626
41 0.95388212
42 0.94704361
43 0.99885988
44 1.00072037
45 0.99300447
46 0.99853251
47 0.99861412
48 1.00063536
49 1.00343128
50 0.99782379
51 0.99966396
52 1.00302606
53 1.01072167
54 1.00370059
55 1.00311825
56 0.99219970
57 0.99625989
58 1.00066002
59 1.00592514
60 1.00480182
61 1.00385025
62 0.99917382
63 0.99885988
64 1.01170379
65 1.01362275
66 1.01031467
67 1.00607042
68 1.01092336
69 1.01015442
70 1.01536680
71 1.00663311
72 1.02370907
73 1.01619402
74 1.00176862
75 1.01462052
76 1.00707444
77 1.00440060
78 1.00587751
79 1.00565644
80 1.01281273
81 1.00820562
82 1.00851081
83 1.01018782
84 1.01170379
85 1.01155018
86 0.99940083
87 1.00465921
88 1.00660463
89 0.99881310
90 1.00908384
91 1.00565639
92 1.00366156
93 1.00436300
94 0.99789243
95 1.00590350
96 0.99238304
97 0.99955643
98 1.00007370
99 1.00502978
100 1.00459439
101 1.00742024
102 1.00328347
103 0.99876318
104 1.00807277
105 1.01155018
106 1.00740340
107 1.00241348
108 0.99493212
109 1.00009729
110 1.00641028
111 1.00604236
112 1.00575506
113 1.00262077
114 1.00741231
115 1.00510790
116 0.99486025
117 1.00259773
118 1.00057141
119 1.01541232
120 1.00474507
121 1.01322933
122 0.99638835
123 0.99636944
124 1.00432443
125 1.00766269
126 1.00740340
127 1.00650637
128 1.00378882
129 1.00445359
130 1.00180501
131 1.01325091
132 1.01210322
133 1.00008328
134 1.00011393
135 0.99594176
136 1.00050348
137 1.00592097
138 0.99431481
139 1.00557113
140 0.99730476
141 1.00694755
142 1.00913367
143 1.00327675
144 0.98635444
145 1.01247742
146 1.00533202
147 1.00650637
148 1.00556681
149 1.00870444
150 1.00351194
151 1.00586982
152 1.00114213
153 1.00051375
154 1.00540076
155 0.99831715
156 0.99328954
157 1.00158117
158 1.00418284
159 1.00720835
160 1.00340654
161 1.00423497
162 0.99847163
163 1.00578909
164 1.00050784
165 1.00053864
166 1.00757757
167 1.00755647
168 1.00556681
169 0.99773679
170 1.00220575
171 0.99738864
172 0.99772747
173 0.99735891
174 1.00042913
175 1.00611361
176 1.00300134
177 1.00734918
178 0.99712292
179 0.99995753
180 1.00836512
181 1.00365409
182 1.00316249
183 1.00156176
184 1.01180420
185 0.99933439
186 1.00021624
187 1.01104404
188 1.00446136
189 0.99773679
190 1.01691920
191 0.99937777
192 1.00884464
193 1.00766421
194 1.00034783
195 1.00685020
196 1.00928872
197 1.01004248
198 1.00943053
199 1.01142727
200 1.00774598
201 1.01180583
202 1.01002209
203 1.00270339
204 1.01350227
205 1.00942679
206 1.00899296
207 1.00435701
208 1.00747527
209 1.00250077
210 1.01691920
211 1.00519050
212 0.99310007
213 1.00388943
214 1.00200577
215 1.00359888
216 1.00503241
217 1.00275972
218 0.99988589
219 1.00570474
220 0.99915578
221 1.00431413
222 1.00451692
223 0.99910267
224 1.00254296
225 1.00122166
226 0.99841189
227 0.98771766
228 0.99768418
229 1.00456023
230 1.00250204
231 1.00519050
232 0.95241391
233 0.95410351
234 0.96608974
235 0.96384403
236 0.97012106
237 0.97625601
238 0.98985471
239 0.97816416
240 0.98527093
241 0.98240010
242 0.98018793
243 0.98643184
244 0.98583437
245 0.97674174
246 0.97224160
247 0.98039354
248 0.98258171
249 0.97911233
250 0.96480869
251 0.95982257
252 0.95241391
253 0.94115210
254 0.96412744
255 0.97280638
256 0.98110492
257 0.97462898
258 0.98687550
259 0.98477732
260 0.99499971
261 0.98600485
262 0.98097601
263 0.99729162
264 0.98628774
265 0.98445749
266 0.98143460
267 0.98144290
268 0.98614275
269 0.97560139
270 0.96765764
271 0.97184600
272 0.95877909
273 0.94115210
274 1.00185490
275 1.00368734
276 1.01334090
277 1.00684891
278 1.00848768
279 1.00211901
280 1.00664054
281 1.01133025
282 1.00419477
283 1.00252873
284 1.00029721
285 1.00837367
286 1.02107491
287 1.00720445
288 0.99770759
289 1.01170864
290 1.00599556
291 1.00348263
292 1.00882174
293 1.00358493
294 1.00185490
295 1.00557443
296 1.00852958
297 1.00970628
298 1.01292880
299 0.99778697
300 1.00750283
301 0.99747514
302 1.00888805
303 1.00961891
304 1.00448718
305 1.00713815
306 1.01046877
307 1.00317094
308 1.01519031
309 1.00960957
310 1.01365143
311 1.00652511
312 1.00073910
313 1.00853972
314 1.00879262
315 1.00557443
316 0.99957102
317 0.99358662
318 0.99455852
319 1.00742725
320 0.99950868
321 1.00520907
322 1.00077908
323 0.99578679
324 1.00524830
325 0.99852908
326 1.00290277
327 1.00468069
328 1.00220464
329 1.00894468
330 0.99773771
331 1.00043763
332 0.99846118
333 1.00266804
334 0.99231987
335 1.00583741
336 0.99957102
337 1.00268562
338 1.00583667
339 1.00396276
340 0.99600193
341 1.00678395
342 0.99466483
343 1.00067872
344 1.00088524
345 0.99211450
346 1.01443935
347 1.00436002
348 0.98871175
349 1.00218299
350 1.00391875
351 1.00127176
352 0.99520551
353 1.00619645
354 0.99923483
355 0.99564884
356 0.99780997
357 1.00268562
358 0.99834994
359 1.00087041
360 0.99128683
361 1.00092971
362 1.00729412
363 0.99939056
364 1.00326837
365 1.00600599
366 1.00067080
367 0.99131292
368 1.00365870
369 1.00003168
370 1.00847152
371 1.00392296
372 1.00035439
373 0.99833100
374 0.99723396
375 0.99961986
376 0.99768326
377 1.00273039
378 0.99834994
379 1.01295787
380 1.00483240
381 1.00990655
382 1.00560739
383 1.00197906
384 1.01002516
385 1.00588352
386 1.01542210
387 1.01095041
388 1.00966580
389 1.01583331
390 1.01338688
391 1.00341658
392 1.00533558
393 1.01135876
394 1.00725821
395 1.01780952
396 1.01530072
397 1.01287840
398 1.00629123
399 1.01295787
400 1.00133478
401 1.00029507
402 1.00003621
403 1.00011541
404 1.00312028
405 0.99910676
406 1.00049572
407 0.99882766
408 0.99861590
409 1.00815556
410 1.00227663
411 0.99733736
412 1.01028576
413 1.00872455
414 1.00945285
415 0.99604647
416 1.01309872
417 0.99469858
418 0.99143514
419 0.99813173
420 1.00133478
421 0.99720627
422 1.00068933
423 0.99809807
424 0.99137208
425 1.00015968
426 0.99996025
427 1.00213394
428 0.99567257
429 1.00411530
430 0.99970690
431 0.99898299
432 1.00288679
433 1.00418652
434 0.99757247
435 0.99386158
436 0.99379784
437 0.99501587
438 0.99434610
439 0.99771859
440 0.99733040
441 0.99720627
442 0.99652693
443 0.99909028
444 0.99629224
445 1.00143551
446 1.01008076
447 0.99910348
448 1.00127487
449 0.99906070
450 0.99896179
451 0.99798395
452 1.00155282
453 0.99350623
454 0.99877494
455 0.98985273
456 1.00302867
457 0.98845207
458 1.00315536
459 1.00815513
460 0.99703999
461 1.00844939
462 0.99652693
463 0.99877763
464 1.00865195
465 0.99949473
466 1.00252515
467 1.00179671
468 1.00480668
469 1.00541463
470 1.00246705
471 1.00321892
472 1.00650710
473 1.00577100
474 1.00058698
475 1.00478343
476 1.00480092
477 1.00473209
478 1.00539965
479 1.00721032
480 1.01232303
481 1.00559455
482 1.00400063
483 0.99877763
484 1.00403725
485 0.99784899
486 1.01329076
487 0.99613693
488 1.00080364
489 0.99492074
490 1.00128376
491 0.99027769
492 1.00698747
493 1.00413648
494 0.99909212
495 1.00354452
496 1.00318311
497 0.99329004
498 1.00302937
499 0.99311525
500 1.00085130
501 1.00704613
502 1.00260285
503 0.99677504
504 1.00403725
505 1.00439264
506 1.00172987
507 0.99459258
508 0.99038052
509 1.00649249
510 1.00122040
511 0.99583645
512 0.99552210
513 1.00250110
514 0.99285092
515 1.00693036
516 0.98684679
517 0.99229444
518 0.99493133
519 1.00188973
520 1.00485757
521 0.99945179
522 1.00505228
523 1.00026807
524 1.00553035
525 1.00439264
526 0.99653145
527 1.00342365
528 1.00264551
529 0.99080914
530 0.99522239
531 0.99469355
532 0.99518695
533 1.00006174
534 0.99305682
535 0.99146305
536 1.00037549
537 0.99228170
538 0.99415499
539 0.99475416
540 0.98981849
541 0.99572561
542 1.00556189
543 0.99923533
544 0.99173234
545 0.98595785
546 0.99653145
547 1.00139131
548 1.01257372
549 0.99928701
550 0.99736168
551 0.99956732
552 1.00224285
553 0.99747764
554 1.00084836
555 0.99193836
556 1.00213042
557 0.99647132
558 0.99767353
559 0.99160131
560 1.00260789
561 0.99645571
562 0.99622991
563 0.99977095
564 1.00383784
565 1.00753412
566 1.00657696
567 1.00139131
568 0.99699502
569 1.00600332
570 0.99648780
571 1.00274191
572 0.99906854
573 0.99294917
574 0.99486140
575 0.99276630
576 1.00144482
577 0.99531445
578 0.99640938
579 0.99184724
580 1.00056220
581 1.00518096
582 0.99478011
583 0.99201274
584 0.99114302
585 1.00242999
586 0.99555998
587 0.99944987
588 0.99699502
589 1.01229218
590 1.00390199
591 1.01351175
592 1.00559993
593 1.00277207
594 1.00675743
595 1.00225760
596 1.00846691
597 1.00419923
598 1.00055652
599 1.00686189
600 1.00292357
601 1.00975406
602 0.99919949
603 0.99388886
604 1.00158660
605 1.00047214
606 1.00869455
607 1.00337114
608 0.99997949
609 1.01229218
610 1.01431360
611 1.00119275
612 1.00956359
613 1.00471046
614 1.00217251
615 1.01099976
616 1.00867686
617 1.00358459
618 1.00653469
619 1.00539514
620 1.00541282
621 1.01103402
622 1.00693164
623 1.01182570
624 1.00885449
625 1.01029753
626 1.01077636
627 1.01408841
628 1.01166117
629 1.00444100
630 1.01431360
631 0.98864976
632 0.99484086
633 0.99922603
634 0.99297369
635 0.99277326
636 0.99291381
637 0.99813647
638 0.99009964
639 0.99168518
640 0.99130224
641 1.00316019
642 0.99136470
643 0.98953757
644 0.99541603
645 0.99316921
646 1.00116099
647 1.00004318
648 1.00091447
649 0.99129200
650 1.00254161
651 0.98864976
652 1.00141341
653 1.00287175
654 0.99335254
655 1.00322992
656 0.99746128
657 0.99240006
658 0.99718920
659 0.99546460
660 1.00502036
661 1.00088013
662 1.00475155
663 0.99254424
664 0.99614316
665 1.00007806
666 0.99139940
667 0.99838474
668 0.99822616
669 1.00129536
670 0.99992459
671 0.99724922
672 1.00141341
673 1.00171535
674 0.99863620
675 1.00560655
676 1.00569822
677 1.00775994
678 1.01264671
679 1.00968989
680 1.00476690
681 1.00663038
682 1.00303719
683 1.01693075
684 1.00833608
685 1.00130752
686 1.00642501
687 1.01597803
688 1.01036603
689 1.01313670
690 1.00444946
691 1.00774488
692 1.01603211
693 1.00171535
694 1.00319986
695 0.99663205
696 1.00291426
697 0.99733109
698 1.00386131
699 1.01104848
700 1.00428640
701 1.00899088
702 1.01130074
703 1.00668096
704 0.99245941
705 1.01044798
706 1.00818200
707 1.00228218
708 1.01488109
709 1.00323866
710 1.00674900
711 0.99536231
712 0.99987560
713 1.00476446
714 1.00319986
715 0.99997621
716 0.99589054
717 0.99552377
718 0.99651378
719 1.00194952
720 0.99510976
721 0.99475677
722 0.99550108
723 0.99453811
724 0.99577902
725 1.00151246
726 0.99781594
727 0.99656182
728 1.00548127
729 0.99413289
730 0.99409300
731 0.99749339
732 0.99826116
733 1.00030408
734 0.98876330
735 0.99997621
736 0.99718753
737 1.01022866
738 1.01382669
739 1.00184264
740 1.00907332
741 1.01390329
742 1.00606329
743 1.01204784
744 1.00803035
745 1.01305162
746 1.00010490
747 1.01071944
748 1.00650873
749 1.00893460
750 1.00591064
751 0.99801687
752 1.00628201
753 0.99924435
754 1.01045137
755 1.00433740
756 0.99718753
757 1.00039683
758 1.00259241
759 0.98471531
760 0.99643386
761 1.00363667
762 0.98430892
763 0.99744772
764 0.99343312
765 0.99411948
766 0.98771178
767 0.99176703
768 0.99763894
769 0.98823249
770 0.99558689
771 0.99869782
772 0.99642215
773 0.99614367
774 1.00671702
775 0.99861011
776 0.99013620
777 1.00039683
778 0.99394390
779 1.00423164
780 1.00023187
781 1.00357473
782 1.00348836
783 1.00940069
784 1.00136011
785 1.00534641
786 1.01824493
787 1.00936935
788 1.00516234
789 1.00496474
790 1.00826743
791 1.00280742
792 1.01113313
793 1.01094903
794 1.00429967
795 0.99843224
796 1.01859884
797 1.00520809
798 0.99394390
799 1.00287775
800 1.00573939
801 1.00124009
802 1.00495219
803 1.00942151
804 0.99841316
805 1.00726973
806 0.99807545
807 1.00332771
808 0.99640077
809 1.01519399
810 1.00329766
811 0.99978870
812 1.00673320
813 1.00793004
814 1.00912209
815 0.99965157
816 0.99861514
817 0.99694354
818 1.00236287
819 1.00287775
820 1.00216000
821 1.00486100
822 1.00950675
823 1.00219663
824 1.00112096
825 1.00950838
826 1.00772115
827 1.01707562
828 0.99014037
829 1.00611769
830 0.99641389
831 1.00195630
832 1.00583485
833 1.00391253
834 0.99935696
835 1.00280410
836 1.00478783
837 0.99984987
838 1.00311432
839 1.00817236
840 1.00216000
841 1.00540041
842 1.00859575
843 0.99978207
844 1.00071636
845 1.00613851
846 1.00903998
847 1.00922273
848 1.00021328
849 1.00330619
850 1.00084610
851 1.00240395
852 1.00058479
853 1.00638070
854 1.00715674
855 1.00323421
856 0.99372804
857 0.99214152
858 0.99736675
859 1.00290856
860 1.00263921
861 1.00540041
862 1.00338889
863 0.99481474
864 0.99945798
865 1.00264521
866 0.99606768
867 0.99745455
868 0.98998385
869 1.00134864
870 0.98608724
871 1.00290402
872 0.99111860
873 0.99915047
874 1.00241257
875 0.99947671
876 1.00205159
877 0.99552817
878 0.99862263
879 1.00158451
880 0.99879634
881 0.99037922
882 1.00338889
883 1.00895028
884 1.00156384
885 1.00189903
886 1.01249780
887 1.01053794
888 1.01075519
889 1.00710739
890 1.01226221
891 1.00552727
892 1.00467894
893 1.00287775
894 1.00382601
895 1.01610177
896 1.01208195
897 1.00628728
898 1.00871728
899 1.01141606
900 1.00971029
901 1.00495591
902 1.00377053
903 1.00895028
904 1.00540605
905 0.99683038
906 0.99746788
907 1.00576924
908 0.99875189
909 0.99144812
910 1.00789351
911 0.99572689
912 1.00947270
913 0.99754818
914 1.00495812
915 0.99883824
916 1.00215968
917 0.99664040
918 1.00288638
919 1.00136229
920 0.99413420
921 1.00129090
922 0.99672794
923 1.00875404
924 1.00540605
925 1.00060303
926 1.00084545
927 1.00081458
928 0.99972755
929 1.00921300
930 1.00926601
931 1.00426588
932 0.99309494
933 0.99987300
934 1.00229489
935 1.00859818
936 1.00366401
937 1.00663519
938 1.00005188
939 1.00545744
940 1.00585953
941 1.01303546
942 1.00178557
943 1.00794167
944 1.00325902
945 1.00060303
946 1.00737839
947 1.00921602
948 1.00316086
949 1.00649345
950 1.00680622
951 1.00526787
952 1.01591965
953 1.00233695
954 1.00399342
955 1.00276604
956 1.01075338
957 0.99817264
958 1.01466164
959 1.00110125
960 1.00515047
961 1.00672658
962 1.00727012
963 1.00370833
964 1.00649415
965 1.00515684
966 1.00737839
967 1.00867792
968 1.00636092
969 1.00110807
970 1.00343103
971 1.00586584
972 0.99737994
973 1.00095371
974 0.99975116
975 1.00211224
976 1.00464433
977 1.00003421
978 1.00651657
979 0.99243716
980 1.00257875
981 1.00126693
982 0.99335950
983 1.00049969
984 1.00119670
985 1.00318895
986 1.00030949
987 1.00867792
988 0.99542472
989 1.00563326
990 1.00060389
991 1.00069579
992 0.99552491
993 1.00152625
994 1.00564270
995 0.99549720
996 1.00605585
997 1.00058735
998 1.00809361
999 0.99414194
1000 0.99724498
1001 1.00459546
1002 1.00746715
1003 1.00899776
1004 0.99649334
1005 1.00392420
1006 0.99302798
1007 1.00633415
1008 0.99542472
1009 1.00766749
1010 1.00735713
1011 1.00804931
1012 1.00378135
1013 1.01555038
1014 1.00321357
1015 1.01216452
1016 0.99730522
1017 1.00084031
1018 1.00377003
1019 1.00898422
1020 1.00993735
1021 1.00244738
1022 1.00382942
1023 1.00795647
1024 0.99969987
1025 1.01226167
1026 1.01507488
1027 1.00865453
1028 1.01298705
1029 1.00766749
1030 0.99599590
1031 0.99407455
1032 0.99452099
1033 0.99782127
1034 0.99603329
1035 1.00031175
1036 1.00885042
1037 1.00028030
1038 0.99705997
1039 0.99598015
1040 0.99574316
1041 1.00471147
1042 0.99482407
1043 1.00003114
1044 0.98862541
1045 0.99788375
1046 1.00187258
1047 0.99753865
1048 0.99757568
1049 0.99533054
1050 0.99599590
1051 1.00282810
1052 1.00081104
1053 1.00340779
1054 1.00565663
1055 1.00050459
1056 0.99888306
1057 1.00407059
1058 1.00304951
1059 1.00262423
1060 0.99797333
1061 0.99939380
1062 1.00265577
1063 0.99812101
1064 1.00371096
1065 0.99935900
1066 1.00388277
1067 1.00914093
1068 0.99911967
1069 1.00230356
1070 1.00359587
1071 1.00282810
1072 1.00101539
1073 1.00330540
1074 1.00160242
1075 0.99975826
1076 1.00110437
1077 0.99476657
1078 1.00125709
1079 0.99986738
1080 1.00149529
1081 1.00952650
1082 1.00465495
1083 1.00882510
1084 1.00084996
1085 1.01071108
1086 1.00589011
1087 1.01532204
1088 1.00255864
1089 0.99336917
1090 1.01015861
1091 1.01591282
1092 1.00101539
1093 0.99365018
1094 1.00657699
1095 1.00000203
1096 0.99470870
1097 0.99651972
1098 0.99656724
1099 0.99635688
1100 0.99769076
1101 1.00160285
1102 1.00134513
1103 0.99288105
1104 1.00184096
1105 0.99387929
1106 0.99833571
1107 0.99803398
1108 0.99172541
1109 0.99358997
1110 1.00481318
1111 0.99521264
1112 0.99798420
1113 0.99365018
1114 1.01829457
1115 1.01371415
1116 1.00918684
1117 1.00234866
1118 1.01596727
1119 1.00842076
1120 1.00776692
1121 1.01116648
1122 1.01209541
1123 1.00622723
1124 1.00842963
1125 1.01516507
1126 1.00576970
1127 1.00564457
1128 1.01878177
1129 1.01116295
1130 1.01783645
1131 1.01726102
1132 1.00365740
1133 1.01216152
1134 1.01829457
1135 1.00275202
1136 0.99238783
1137 0.99486201
1138 0.99232141
1139 1.00129425
1140 0.99300331
1141 0.98314643
1142 0.99803085
1143 0.99804262
1144 0.99893169
1145 0.99148930
1146 0.99217211
1147 0.99362324
1148 1.00861062
1149 0.99406539
1150 0.99406951
1151 0.98922695
1152 0.99188070
1153 0.98885808
1154 0.99179289
1155 1.00275202
1156 1.00184478
1157 1.00606557
1158 1.00121601
1159 1.00664288
1160 0.99883128
1161 1.00040203
1162 1.00597842
1163 0.99505885
1164 1.00980088
1165 0.99981266
1166 1.00037773
1167 1.00336984
1168 1.00415203
1169 1.00191656
1170 1.00553817
1171 1.00279561
1172 1.01092536
1173 1.00179723
1174 0.99759768
1175 1.01230174
1176 1.00184478
1177 1.00414060
1178 1.01366450
1179 1.01452906
1180 1.01343774
1181 1.01332515
1182 1.01087353
1183 1.01451117
1184 1.00517201
1185 1.00881076
1186 1.00569592
1187 1.00882244
1188 1.00615867
1189 1.00859581
1190 1.00676301
1191 0.99622618
1192 1.00397742
1193 1.00704799
1194 1.00243413
1195 1.00201658
1196 1.00675593
1197 1.00414060
1198 1.00334076
1199 1.00900275
1200 1.00313289
1201 1.00263719
1202 1.00471183
1203 1.00790001
1204 1.00091082
1205 1.00657643
1206 1.00111496
1207 1.00250950
1208 1.00404172
1209 1.00452243
1210 0.99467297
1211 1.00534870
1212 0.99642940
1213 1.00371796
1214 1.00206223
1215 0.99984399
1216 0.99832627
1217 0.99944799
1218 1.00334076
1219 1.00087052
1220 0.99915386
1221 0.99380477
1222 0.99912090
1223 0.99386901
1224 0.99928664
1225 0.99421387
1226 1.00074957
1227 0.99429133
1228 1.00720164
1229 0.99206325
1230 0.98831403
1231 1.00265498
1232 0.99492668
1233 0.99737665
1234 0.98570490
1235 0.99784395
1236 0.99930357
1237 0.99950880
1238 0.99657393
1239 1.00087052
1240 0.98474908
1241 0.99600398
1242 0.99551960
1243 0.99571681
1244 0.99398420
1245 0.99377833
1246 0.99921155
1247 0.99542766
1248 0.99946633
1249 0.98934144
1250 0.98958836
1251 0.99475122
1252 0.99414582
1253 0.99865997
1254 0.99604007
1255 0.99202563
1256 0.99333988
1257 1.00041443
1258 1.00431975
1259 0.99249225
1260 0.98474908
1261 1.00199909
1262 1.00341673
1263 1.00250974
1264 1.00315777
1265 0.99991065
1266 0.99829262
1267 0.99544927
1268 1.00927550
1269 0.99193812
1270 1.00056911
1271 1.00405021
1272 1.00066165
1273 1.00165401
1274 0.99153230
1275 0.99426069
1276 0.99402231
1277 1.00483350
1278 0.99018004
1279 0.99393106
1280 0.99388713
1281 1.00199909
1282 1.01012109
1283 1.00558556
1284 1.01080467
1285 1.00835532
1286 1.01302384
1287 1.01797990
1288 1.00855797
1289 1.00167007
1290 1.01676422
1291 1.00912348
1292 1.00527077
1293 1.00731443
1294 1.00950244
1295 1.01196977
1296 1.01337547
1297 1.01123787
1298 1.01424708
1299 1.00501916
1300 1.00499975
1301 1.00767639
1302 1.01012109
1303 0.99902908
1304 0.99939646
1305 1.00739102
1306 1.00852359
1307 1.00465178
1308 1.00926403
1309 1.00940770
1310 0.99285860
1311 0.99661860
1312 1.00267219
1313 1.00851899
1314 1.00183005
1315 1.00022358
1316 1.00566028
1317 0.99784699
1318 0.99743129
1319 1.00606115
1320 1.00316424
1321 1.00626060
1322 0.99744481
1323 0.99902908
1324 0.99115323
1325 0.99503780
1326 0.99205003
1327 0.99524073
1328 0.99700885
1329 0.98937352
1330 0.99267830
1331 0.99765025
1332 0.98859416
1333 0.99067432
1334 0.99644694
1335 0.99508622
1336 0.99189251
1337 0.99877357
1338 0.99580001
1339 0.99894347
1340 0.98859058
1341 0.98933134
1342 0.99809997
1343 0.99068126
1344 0.99115323
1345 0.99753917
1346 1.00482020
1347 1.00269136
1348 1.00046575
1349 1.00146662
1350 0.99930600
1351 1.00503291
1352 0.99711636
1353 0.99519713
1354 0.99922202
1355 1.00935009
1356 1.01386091
1357 1.00170855
1358 1.00043547
1359 1.00196581
1360 1.00446670
1361 1.00865651
1362 0.99697344
1363 1.00214136
1364 0.99820313
1365 0.99753917
1366 1.00917193
1367 1.00288003
1368 1.00995184
1369 1.00800144
1370 1.00371815
1371 0.99834555
1372 1.00870220
1373 1.01240292
1374 1.00560173
1375 1.00432634
1376 0.99798758
1377 1.00370724
1378 1.00202403
1379 1.01591072
1380 1.00685669
1381 1.00272836
1382 1.01019363
1383 1.00813879
1384 1.00379741
1385 1.01550192
1386 1.00917193
1387 1.00139588
1388 1.01321264
1389 1.01049477
1390 1.00529096
1391 1.00464001
1392 1.00198668
1393 1.01081247
1394 1.00135378
1395 1.00336277
1396 1.00888259
1397 1.00804642
1398 1.00847384
1399 1.00533431
1400 1.00674923
1401 1.00546973
1402 1.01748415
1403 1.01376568
1404 1.00428916
1405 1.00426694
1406 1.00743047
1407 1.00139588
1408 1.00229213
1409 0.99776266
1410 0.99069399
1411 1.00191319
1412 1.00436057
1413 0.99679547
1414 1.00443742
1415 1.00923352
1416 0.99556307
1417 0.99518837
1418 1.00371917
1419 0.99452146
1420 1.00042786
1421 1.00132563
1422 1.00156584
1423 1.01140294
1424 1.00094095
1425 0.99649792
1426 0.99384471
1427 1.00173719
1428 1.00229213
1429 0.99965984
1430 1.01411202
1431 1.00427468
1432 1.00078305
1433 1.00438417
1434 1.00885391
1435 1.00034538
1436 1.00426354
1437 1.00721071
1438 1.00609374
1439 1.00714264
1440 1.00661325
1441 0.99783802
1442 1.01088180
1443 1.00171564
1444 1.01280057
1445 1.00424251
1446 1.01408419
1447 1.00464001
1448 1.00722783
1449 0.99965984
1450 1.00933995
1451 0.99795199
1452 0.99830177
1453 0.99661051
1454 0.99133581
1455 0.99774734
1456 1.00298583
1457 0.99342815
1458 0.99881289
1459 1.00830423
1460 0.99754056
1461 1.00052851
1462 0.99175504
1463 0.99544145
1464 0.99814707
1465 0.99052627
1466 1.00571951
1467 1.00165001
1468 0.99936661
1469 1.00047770
1470 1.00933995
1471 1.02489015
1472 1.01673751
1473 1.02122560
1474 1.00952389
1475 1.01188379
1476 1.00426177
1477 1.01775645
1478 1.01579337
1479 1.00914748
1480 1.01161991
1481 1.01512969
1482 1.01633537
1483 1.01311308
1484 1.01946873
1485 1.00740751
1486 1.01743432
1487 1.01331644
1488 1.02828136
1489 1.01329048
1490 1.01450228
1491 1.02489015
1492 0.98266067
1493 0.98028925
1494 0.99072676
1495 0.99312969
1496 0.99611468
1497 0.99730361
1498 0.98690895
1499 0.99587288
1500 0.99875310
1501 0.99368211
1502 0.99608975
1503 0.99270577
1504 0.98766330
1505 0.99373716
1506 1.00111055
1507 0.99330235
1508 0.98828813
1509 0.99675519
1510 0.98732874
1511 0.99952262
1512 0.98266067
1513 1.01572083
1514 1.01585896
1515 1.00726124
1516 1.00807387
1517 1.01650671
1518 1.02090492
1519 1.02457945
1520 1.01879579
1521 1.01833854
1522 1.01539033
1523 1.01789461
1524 1.01334382
1525 1.02212545
1526 1.01991478
1527 1.01086612
1528 1.01210167
1529 1.01332181
1530 1.01477269
1531 1.01101393
1532 1.01664803
1533 1.01572083
1534 1.00868123
1535 1.00436725
1536 1.01067366
1537 1.00604243
1538 1.00194307
1539 1.01976825
1540 1.00213244
1541 1.01672524
1542 1.00955997
1543 1.02134027
1544 1.00607552
1545 1.00782769
1546 1.00217908
1547 1.01150858
1548 1.00979094
1549 1.01717407
1550 1.01119929
1551 1.01035103
1552 1.01724832
1553 1.00139432
1554 1.00868123
1555 1.00060928
1556 0.99618124
1557 0.99298006
1558 1.00768457
1559 0.99701582
1560 1.00082710
1561 0.98985483
1562 0.99620415
1563 0.98557658
1564 0.99519697
1565 0.99494854
1566 0.99293425
1567 0.99988098
1568 1.00596019
1569 1.00055908
1570 1.00100360
1571 0.99896842
1572 0.99995044
1573 0.99574877
1574 0.99739627
1575 1.00060928
1576 1.00390712
1577 1.00600697
1578 1.01482944
1579 1.00732976
1580 1.00436819
1581 1.00971766
1582 1.00207934
1583 1.00918143
1584 1.00468559
1585 1.00243471
1586 1.00493829
1587 1.00911109
1588 1.00497481
1589 1.01072270
1590 1.00659479
1591 1.00221474
1592 1.00670432
1593 1.00287665
1594 1.00911878
1595 1.00613123
1596 1.00390712
1597 1.00647602
1598 0.99981038
1599 1.01106407
1600 1.01184389
1601 1.00211610
1602 1.00130776
1603 1.00840734
1604 1.00172009
1605 1.00286271
1606 1.00958009
1607 0.99925045
1608 1.00761249
1609 1.00818641
1610 1.01012785
1611 1.00157202
1612 0.99754261
1613 1.00644054
1614 0.99912135
1615 1.00073151
1616 0.99959842
1617 1.00647602
1618 0.99756696
1619 1.00495224
1620 1.00560201
1621 1.00486777
1622 0.99996558
1623 1.00106406
1624 1.00029962
1625 1.00165406
1626 1.00265483
1627 1.00887843
1628 1.00652030
1629 1.00306390
1630 1.00515315
1631 0.99527578
1632 1.00815207
1633 1.00948679
1634 0.99821151
1635 1.00404014
1636 1.01333423
1637 1.01477309
1638 0.99756696
1639 0.99630453
1640 1.00010625
1641 1.00673299
1642 1.00005766
1643 1.00111742
1644 0.99805379
1645 0.99501246
1646 0.99378075
1647 0.99648825
1648 0.99886915
1649 0.99801442
1650 1.00160698
1651 1.01120401
1652 0.99362114
1653 1.00240934
1654 1.00862340
1655 1.00281052
1656 0.99867755
1657 1.00650599
1658 0.99596440
1659 0.99630453
1660 1.01161745
1661 0.99839116
1662 1.00785616
1663 1.00797798
1664 1.00886798
1665 1.00557466
1666 1.01188745
1667 1.00540130
1668 1.01063186
1669 1.01323643
1670 1.00242793
1671 1.00616101
1672 1.00870872
1673 1.00926867
1674 0.99975884
1675 1.00662451
1676 0.99970611
1677 1.00659119
1678 1.00950194
1679 0.99818387
1680 1.01161745
1681 1.00739742
1682 1.00461026
1683 1.00910364
1684 1.00483014
1685 1.00626816
1686 1.00685807
1687 1.00797961
1688 1.00971840
1689 1.00731727
1690 0.99702860
1691 1.00191644
1692 1.00495126
1693 0.99777420
1694 1.01054261
1695 1.00542412
1696 1.01643120
1697 1.00947048
1698 0.99933080
1699 1.00399074
1700 0.99995031
1701 1.00739742
1702 1.01667457
1703 1.00223597
1704 1.00724092
1705 0.99345108
1706 1.00783362
1707 1.00766436
1708 1.00978303
1709 1.00400832
1710 1.00763716
1711 1.00490851
1712 1.00246300
1713 1.00336812
1714 0.99975889
1715 1.00443879
1716 1.01674824
1717 1.00941960
1718 1.00187191
1719 1.01041479
1720 0.99783780
1721 1.00194501
1722 1.01667457
1723 0.99988397
1724 1.00542916
1725 1.00276420
1726 0.99389159
1727 0.99789878
1728 1.00001537
1729 0.99962317
1730 0.99596427
1731 1.00346997
1732 0.99586834
1733 0.98841391
1734 1.00564902
1735 0.99952848
1736 0.99646082
1737 0.99479541
1738 1.00578706
1739 0.99196730
1740 1.00015824
1741 0.99822614
1742 1.00733718
1743 0.99988397
1744 1.00531405
1745 1.00880473
1746 1.01206635
1747 1.01487850
1748 1.01277658
1749 1.00840998
1750 1.01637418
1751 1.01707304
1752 1.01802913
1753 1.01350909
1754 1.00285834
1755 1.01422860
1756 1.00952496
1757 1.01076969
1758 1.00572752
1759 1.01541404
1760 1.00551933
1761 1.01228987
1762 1.00679634
1763 1.01234802
1764 1.00531405
1765 1.00040945
1766 1.00270443
1767 0.99716695
1768 1.00353729
1769 0.99327552
1770 0.99954794
1771 0.99092654
1772 0.99282931
1773 0.99216779
1774 0.99399529
1775 0.99630405
1776 0.99694635
1777 0.99422718
1778 1.00277807
1779 0.98824890
1780 1.00571584
1781 0.99323459
1782 0.99857164
1783 0.99570009
1784 0.99623730
1785 1.00040945
1786 0.98795596
1787 0.99390777
1788 0.99255950
1789 0.99750576
1790 0.98481129
1791 0.99870148
1792 0.99785213
1793 0.99208615
1794 0.99860227
1795 0.99138559
1796 0.99517649
1797 0.99321129
1798 0.99300665
1799 0.99378070
1800 0.99743742
1801 0.99903950
1802 0.98489559
1803 0.98448734
1804 0.99508219
1805 1.00125773
1806 0.98795596
1807 1.01503082
1808 1.01797690
1809 1.01815807
1810 1.01639270
1811 1.01617132
1812 1.01213725
1813 1.00775087
1814 1.00966910
1815 1.00855876
1816 1.01117126
1817 1.01548600
1818 1.01176400
1819 1.02169261
1820 1.01002354
1821 1.00710321
1822 1.02219703
1823 1.01489167
1824 1.01253342
1825 1.01106531
1826 1.00495594
1827 1.01503082
1828 0.99952529
1829 0.99578772
1830 1.00465714
1831 1.00563809
1832 0.99936524
1833 1.00284102
1834 0.99565496
1835 0.99637329
1836 1.00558660
1837 1.00628178
1838 0.99383332
1839 1.00490336
1840 1.00566925
1841 0.99877692
1842 0.99538418
1843 0.99036092
1844 0.99845952
1845 1.00711261
1846 0.99702212
1847 0.99102013
1848 0.99952529
1849 1.00242859
1850 1.00152654
1851 1.00099121
1852 1.00859828
1853 1.00235124
1854 1.00168349
1855 1.00958216
1856 0.99780742
1857 0.99954930
1858 1.00037334
1859 1.00714379
1860 0.99956336
1861 1.00792136
1862 1.00499304
1863 1.00629313
1864 1.00598638
1865 1.01038966
1866 1.00706225
1867 1.00770768
1868 1.00995573
1869 1.00242859
1870 0.99386091
1871 1.00086222
1872 1.00262897
1873 1.00765395
1874 0.99691726
1875 1.00216718
1876 1.00151393
1877 0.99968992
1878 1.00916499
1879 0.99761750
1880 1.00931848
1881 0.99770648
1882 0.99902005
1883 1.00391418
1884 1.00786556
1885 1.00057729
1886 1.00340849
1887 1.00566322
1888 0.99731789
1889 0.99416879
1890 0.99386091
1891 1.00347410
1892 1.01367127
1893 1.00043759
1894 1.00343256
1895 1.01024765
1896 1.00477128
1897 1.01328298
1898 1.00993855
1899 1.00632610
1900 1.01296592
1901 1.01211735
1902 1.00930807
1903 1.00908668
1904 1.02023182
1905 1.00950628
1906 1.00176952
1907 1.00613158
1908 1.01514592
1909 1.01271380
1910 1.00515069
1911 1.00347410
1912 1.00245770
1913 1.00263140
1914 1.00987002
1915 1.00685778
1916 1.00677365
1917 1.00275688
1918 1.01026622
1919 1.00930250
1920 1.01325096
1921 1.00254941
1922 1.00247612
1923 1.00649437
1924 1.00724676
1925 0.99912543
1926 0.99956019
1927 1.01035006
1928 1.01099796
1929 0.99998531
1930 1.00224181
1931 1.00675001
1932 1.00245770
1933 1.00569314
1934 1.00482747
1935 0.99584383
1936 1.00814571
1937 1.00147372
1938 0.99515107
1939 0.99845023
1940 1.00360731
1941 1.00835491
1942 1.00535801
1943 1.01306726
1944 1.00108899
1945 0.99386283
1946 1.00457804
1947 1.00377757
1948 1.00617984
1949 1.00136496
1950 1.00840310
1951 1.00804459
1952 1.00079359
1953 1.00569314
1954 0.99031468
1955 0.99032343
1956 0.99922589
1957 0.99660227
1958 0.98979136
1959 0.99085281
1960 0.99307571
1961 0.99547616
1962 0.99083467
1963 0.99491435
1964 0.99943521
1965 0.99316570
1966 0.99805537
1967 0.99799368
1968 0.99680819
1969 1.00384991
1970 0.99052281
1971 1.00228162
1972 1.00247530
1973 0.99007926
1974 0.99031468
1975 1.01823756
1976 1.00132321
1977 1.00072684
1978 1.00214364
1979 1.00169344
1980 1.00360469
1981 1.00005226
1982 1.00458096
1983 1.00748674
1984 1.00307916
1985 0.99971626
1986 0.99916418
1987 0.99936364
1988 0.99788325
1989 1.00278524
1990 0.99945744
1991 1.01196364
1992 0.99494003
1993 1.00062391
1994 1.00901033
1995 1.01823756
1996 1.00957008
1997 1.01508622
1998 1.01173912
1999 1.01012862
2000 1.01337325
2001 1.01577964
2002 1.00754274
2003 1.01104926
2004 1.01874957
2005 1.01063541
2006 1.01959176
2007 1.00673110
2008 1.01340199
2009 1.01570015
2010 1.01835597
2011 1.00424665
2012 1.00717242
2013 1.00870570
2014 1.00921023
2015 1.01267902
2016 1.00957008
2017 1.00624388
2018 1.00395504
2019 1.00641368
2020 1.00952882
2021 1.01516959
2022 0.99734715
2023 1.00738638
2024 1.00000580
2025 1.00090039
2026 1.00332789
2027 1.01135762
2028 1.00982407
2029 1.00349441
2030 1.00669907
2031 1.01416910
2032 1.01627801
2033 1.00526950
2034 1.00870004
2035 1.00416404
2036 1.00684401
2037 1.00624388
2038 0.99454322
2039 1.00389335
2040 0.99665755
2041 1.00265198
2042 1.00070696
2043 0.98672225
2044 0.99227687
2045 0.99823373
2046 0.99423257
2047 0.99472775
2048 0.99806246
2049 0.99621536
2050 0.99279580
2051 0.99542700
2052 1.00120969
2053 1.00241928
2054 0.99891582
2055 0.99792528
2056 0.98870555
2057 0.99808732
2058 0.99454322
2059 0.99130620
2060 0.99589905
2061 0.99327683
2062 0.99243665
2063 1.00214640
2064 1.00255740
2065 1.00171749
2066 0.99693361
2067 0.99981346
2068 0.99004657
2069 0.98617052
2070 0.99799032
2071 0.99599480
2072 0.99039647
2073 0.99597120
2074 0.99848828
2075 1.00460413
2076 0.99875187
2077 1.00002822
2078 1.00142813
2079 0.99130620
2080 0.99180255
2081 0.99646660
2082 1.00529158
2083 0.99967130
2084 0.99845817
2085 1.00846339
2086 1.00622680
2087 1.00854230
2088 1.00973314
2089 0.99767046
2090 0.99964302
2091 0.99542297
2092 1.00011322
2093 1.00513395
2094 0.99380745
2095 1.00407404
2096 0.99877937
2097 1.00370791
2098 0.99892721
2099 0.99993189
2100 0.99180255
2101 1.00113978
2102 1.00457419
2103 1.00137919
2104 1.00809344
2105 0.99967689
2106 0.99569859
2107 1.00424200
2108 1.00256131
2109 1.00625792
2110 1.00607452
2111 0.99981460
2112 1.00996717
2113 1.00313030
2114 1.00659501
2115 1.01007213
2116 1.01597912
2117 1.00686339
2118 1.00451847
2119 1.00973804
2120 1.00187152
2121 1.00113978
2122 1.00301189
2123 1.00147600
2124 0.99948053
2125 1.00456352
2126 1.00940342
2127 1.00660353
2128 1.00062875
2129 0.99831653
2130 1.00206751
2131 1.00751890
2132 0.99630339
2133 1.00138100
2134 1.00502121
2135 1.00985499
2136 0.99657635
2137 1.00053407
2138 1.00846889
2139 0.99822258
2140 1.00593466
2141 1.00570958
2142 1.00301189
2143 0.99652945
2144 0.99634653
2145 0.98612467
2146 0.99161848
2147 1.00347341
2148 0.99047172
2149 0.99366189
2150 0.99464841
2151 0.99957501
2152 0.99111510
2153 0.99053055
2154 0.99903064
2155 0.99175791
2156 0.99396539
2157 0.99867697
2158 0.99179245
2159 0.99911700
2160 0.99808802
2161 0.99243326
2162 0.99212556
2163 0.99652945
2164 1.01457621
2165 1.01026849
2166 1.00548668
2167 1.00700280
2168 1.01040061
2169 1.00676293
2170 1.00461977
2171 1.00930027
2172 1.01271146
2173 1.00080109
2174 1.00563224
2175 1.00492616
2176 1.01294728
2177 1.01199886
2178 1.01209352
2179 1.01031120
2180 1.01520683
2181 1.01166425
2182 1.00198309
2183 1.01118675
2184 1.01457621
2185 1.00482386
2186 0.99761517
2187 0.99635749
2188 0.99883482
2189 0.98943634
2190 1.00401035
2191 0.99475824
2192 1.01133695
2193 0.99390350
2194 1.00105952
2195 0.99563368
2196 0.99248380
2197 0.99104311
2198 0.98796237
2199 0.99838731
2200 0.99496860
2201 1.00740432
2202 0.99796064
2203 1.00628065
2204 0.99704169
2205 1.00482386
2206 0.99839075
2207 0.99526976
2208 0.99889943
2209 0.99770402
2210 1.00185586
2211 1.00932023
2212 0.99689224
2213 1.00318922
2214 0.99648810
2215 1.00020278
2216 1.00757367
2217 1.00937136
2218 1.00601638
2219 0.99983294
2220 1.00445985
2221 1.00824895
2222 1.00365346
2223 0.99682688
2224 1.00892444
2225 1.00539628
2226 0.99839075
2227 1.00157460
2228 1.00112146
2229 1.00803694
2230 1.00285802
2231 1.00452758
2232 0.99608889
2233 1.00199732
2234 1.01010277
2235 0.99633169
2236 1.00613405
2237 0.99966477
2238 1.00612497
2239 1.00725197
2240 0.99663279
2241 0.99988091
2242 1.00026892
2243 1.01396623
2244 1.00434798
2245 1.00241846
2246 1.00798770
2247 1.00157460
2248 0.99554161
2249 0.99650369
2250 0.99435661
2251 0.99818461
2252 1.00736129
2253 1.00274522
2254 0.99265609
2255 0.99669487
2256 0.99351929
2257 1.00012416
2258 0.99444904
2259 0.99046698
2260 1.00233504
2261 0.99283232
2262 0.99470339
2263 0.98640956
2264 0.99931362
2265 0.99072193
2266 0.99853850
2267 0.99515096
2268 0.99554161
2269 0.99766274
2270 1.00308584
2271 0.99917301
2272 0.99892504
2273 0.99662503
2274 1.00304606
2275 0.99840608
2276 0.99062742
2277 0.99694235
2278 0.99665872
2279 1.00181804
2280 0.99527101
2281 0.99960217
2282 1.00161676
2283 1.00277569
2284 0.99960828
2285 1.00237960
2286 0.98962004
2287 0.98129156
2288 0.99462991
2289 0.99766274
2290 1.00103490
2291 0.99944710
2292 1.00936198
2293 1.01466257
2294 1.00138631
2295 1.00060913
2296 0.98948578
2297 0.99358697
2298 1.00681741
2299 0.99923611
2300 0.99246063
2301 1.00138624
2302 0.99623584
2303 1.00028543
2304 1.00190370
2305 1.00235563
2306 1.00150601
2307 0.99680097
2308 0.99365787
2309 0.99632335
2310 1.00103490
2311 1.00559177
2312 0.99847240
2313 1.00696176
2314 1.00025530
2315 0.99779081
2316 0.99877571
2317 1.00039882
2318 0.99932394
2319 0.99970404
2320 1.00763347
2321 1.00138793
2322 1.00568398
2323 1.00220094
2324 1.00714093
2325 1.00488669
2326 1.00752880
2327 1.00789023
2328 0.99672071
2329 1.00711891
2330 0.99761920
2331 1.00559177
2332 1.01921406
2333 1.00414058
2334 1.01166903
2335 1.01113423
2336 1.00606374
2337 1.01510813
2338 1.00626134
2339 1.00554056
2340 1.00082352
2341 1.00182118
2342 1.00337635
2343 1.00643007
2344 1.00862487
2345 1.00412690
2346 1.00227432
2347 1.00702757
2348 1.00841804
2349 1.01510225
2350 1.00300349
2351 1.00191878
2352 1.01921406
2353 1.00553067
2354 1.00012625
2355 1.00151425
2356 0.99778638
2357 1.00599691
2358 1.00325891
2359 0.99854079
2360 1.00736466
2361 0.99833373
2362 1.00599483
2363 1.01042869
2364 0.99294048
2365 1.00760205
2366 0.99834755
2367 1.00283529
2368 1.00720091
2369 1.00007509
2370 1.00193100
2371 1.00643041
2372 1.00049185
2373 1.00553067
2374 0.99558101
2375 1.00622159
2376 0.99259333
2377 0.99530896
2378 0.99642755
2379 0.99814766
2380 1.00421319
2381 0.99650835
2382 0.99743094
2383 1.00006513
2384 1.00205120
2385 0.99059306
2386 0.99600723
2387 1.00073785
2388 0.99611505
2389 0.98888142
2390 1.00195191
2391 0.99742125
2392 1.00750289
2393 1.00390523
2394 0.99558101
2395 1.00334900
2396 1.01226367
2397 1.00637819
2398 1.01400349
2399 1.00315914
2400 1.01265221
2401 1.00985271
2402 1.00088260
2403 0.99960976
2404 1.01101386
2405 1.00864663
2406 1.00788935
2407 1.00072775
2408 1.00124425
2409 1.00310989
2410 1.00765252
2411 1.00515275
2412 1.00416495
2413 1.00579843
2414 1.00604356
2415 1.00334900
2416 0.99856191
2417 0.99391529
2418 1.00710910
2419 0.99924604
2420 1.00655648
2421 0.99551877
2422 1.00227126
2423 0.98980387
2424 0.98877897
2425 0.99449276
2426 0.99305714
2427 0.99981768
2428 0.98946303
2429 0.99655658
2430 0.98949029
2431 1.01404815
2432 1.00353239
2433 0.99414191
2434 0.99946411
2435 1.00366047
2436 0.99856191
2437 0.99504381
2438 0.99929207
2439 1.00972205
2440 1.01007240
2441 1.00768920
2442 1.00670817
2443 1.00425340
2444 1.00748387
2445 1.00081974
2446 1.00612196
2447 1.00135515
2448 0.99890769
2449 1.00215679
2450 0.99867599
2451 0.99901651
2452 1.00393528
2453 0.99590251
2454 0.99808104
2455 1.00160097
2456 0.99668350
2457 0.99504381
2458 0.99626790
2459 0.99672692
2460 1.00739774
2461 1.00421046
2462 0.99683260
2463 1.00923213
2464 0.99064105
2465 0.99717389
2466 1.00313306
2467 1.00280002
2468 1.00416808
2469 1.00321311
2470 1.00065683
2471 0.99780706
2472 1.00306744
2473 0.99933581
2474 1.00436886
2475 1.00256497
2476 1.00085276
2477 1.00796877
2478 0.99626790
2479 0.99840218
2480 1.00080136
2481 1.00400278
2482 0.99794271
2483 1.00936929
2484 1.00232748
2485 1.00621035
2486 1.00727160
2487 1.00279981
2488 1.00297844
2489 0.99620123
2490 1.00519294
2491 1.00563834
2492 1.00454284
2493 1.00255279
2494 1.00678250
2495 1.01087819
2496 1.00913822
2497 1.01307427
2498 1.00898501
2499 0.99840218
2500 1.00843091
2501 1.00096085
2502 1.00527262
2503 1.00778890
2504 1.00564719
2505 1.00685149
2506 1.00634253
2507 0.99859537
2508 1.00741515
2509 1.00657221
2510 1.01200748
2511 1.00772624
2512 1.01040454
2513 1.00401475
2514 1.01585728
2515 0.99812814
2516 1.00397104
2517 1.00933544
2518 1.01616514
2519 1.01429739
2520 1.00843091
2521 1.00225898
2522 1.00563489
2523 1.00279677
2524 1.00046963
2525 1.00019148
2526 1.00164475
2527 1.00264934
2528 0.99923800
2529 0.99802574
2530 0.99957891
2531 1.00127992
2532 1.00459416
2533 0.98881230
2534 1.00170685
2535 0.99432416
2536 0.99123801
2537 1.00279253
2538 1.00262661
2539 1.00095996
2540 1.00625524
2541 1.00225898
2542 1.00206249
2543 1.00156361
2544 1.00584457
2545 1.00817557
2546 1.01773466
2547 1.00597186
2548 1.00924091
2549 1.01100904
2550 1.01542166
2551 1.00844197
2552 1.01333962
2553 1.00370290
2554 1.00606002
2555 0.99673579
2556 1.00314663
2557 0.99481998
2558 1.00688800
2559 1.00833251
2560 1.00699630
2561 1.00291309
2562 1.00206249
2563 0.98769929
2564 0.99619639
2565 0.99334930
2566 0.99381122
2567 0.99513051
2568 0.99792633
2569 0.99466605
2570 0.99747209
2571 0.99128303
2572 0.98925544
2573 1.00013622
2574 0.99549139
2575 0.98779928
2576 0.99709919
2577 0.99295424
2578 1.00211479
2579 0.99360611
2580 1.00191074
2581 0.99605254
2582 1.00143685
2583 0.98769929
2584 1.01316542
2585 1.01225162
2586 1.00768531
2587 1.01090059
2588 1.01252138
2589 1.00311774
2590 0.99606052
2591 1.01001068
2592 0.99839266
2593 0.99978534
2594 1.00337090
2595 0.99833663
2596 1.01090486
2597 1.00205318
2598 1.01418506
2599 0.99348069
2600 0.99869250
2601 1.00811513
2602 1.00637553
2603 1.00196964
2604 1.01316542
2605 1.00505142
2606 0.99396121
2607 1.01143060
2608 1.00403224
2609 1.00552243
2610 1.00107467
2611 1.00439297
2612 1.01053265
2613 0.99968827
2614 1.00291432
2615 0.99667210
2616 1.00774901
2617 1.00305909
2618 1.01586565
2619 1.01333771
2620 1.00648213
2621 1.00237748
2622 1.01072391
2623 1.00695903
2624 1.00561947
2625 1.00505142
2626 1.00704154
2627 0.99952756
2628 0.99902739
2629 0.99552164
2630 1.00851670
2631 0.98991427
2632 0.99691290
2633 0.99892083
2634 1.00666326
2635 0.99977894
2636 1.00747038
2637 1.01057830
2638 1.00323002
2639 0.99930761
2640 1.00451924
2641 0.99978572
2642 1.00387289
2643 0.99632293
2644 0.99562375
2645 1.00300445
2646 1.00704154
2647 0.99863406
2648 0.99023028
2649 1.00057189
2650 0.99204458
2651 0.99080587
2652 0.99912824
2653 1.00131268
2654 0.98933818
2655 0.99492844
2656 0.99565543
2657 0.98572653
2658 1.00535217
2659 1.00135512
2660 0.99582398
2661 0.99266334
2662 0.99634802
2663 0.99114299
2664 0.99859215
2665 0.99839801
2666 0.99816831
2667 0.99863406
2668 1.00038226
2669 1.00649288
2670 1.00788793
2671 0.99913023
2672 1.01116796
2673 0.99534825
2674 1.00813144
2675 1.00256404
2676 1.00824359
2677 1.01746621
2678 1.00652291
2679 1.01001223
2680 1.00687370
2681 1.01043365
2682 1.00322696
2683 1.01450578
2684 1.00182619
2685 1.01148058
2686 1.01166200
2687 1.00697019
2688 1.00038226
2689 1.00406016
2690 1.00894317
2691 1.00986683
2692 1.00796849
2693 1.00476675
2694 1.00807606
2695 1.00553341
2696 1.00583201
2697 1.00457259
2698 1.00204903
2699 1.00306743
2700 0.99903033
2701 1.00570083
2702 1.00515736
2703 1.00465048
2704 1.00459886
2705 0.99733128
2706 1.01647230
2707 1.00476379
2708 1.00588142
2709 1.00406016
2710 0.99609468
2711 0.99909053
2712 0.99731613
2713 1.00365072
2714 1.00343013
2715 1.00480408
2716 1.00474218
2717 0.99761133
2718 0.99916753
2719 1.00192581
2720 1.00043023
2721 0.99218492
2722 0.99684625
2723 1.00071041
2724 1.00372444
2725 0.99048224
2726 0.98834854
2727 0.99929979
2728 1.00064987
2729 0.99733831
2730 0.99609468
2731 1.00562649
2732 0.99734120
2733 1.00146126
2734 1.00235389
2735 1.00198510
2736 0.99601498
2737 1.00040720
2738 0.99510874
2739 1.00150427
2740 0.99541585
2741 0.99560091
2742 1.00410910
2743 0.99910483
2744 1.00381998
2745 1.00005111
2746 1.00246475
2747 1.00720161
2748 0.99601553
2749 0.99872467
2750 0.99864287
2751 1.00562649
2752 0.99281854
2753 0.99227953
2754 0.99369076
2755 0.99538095
2756 0.99441602
2757 0.99831085
2758 0.99133620
2759 0.99233152
2760 0.99594439
2761 0.99995657
2762 0.99732386
2763 0.99345078
2764 0.98738690
2765 0.98563071
2766 0.99182566
2767 0.99844263
2768 0.98767646
2769 0.99092504
2770 1.00164844
2771 0.99572390
2772 0.99281854
2773 0.94824118
2774 0.95988259
2775 0.97165109
2776 0.97061471
2777 0.98392287
2778 0.98227257
2779 0.99001641
2780 0.98995499
2781 0.99235067
2782 0.98710873
2783 0.98542525
2784 0.98848027
2785 0.99575212
2786 0.98750556
2787 0.98070182
2788 0.98010480
2789 0.98801094
2790 0.98147592
2791 0.97761795
2792 0.95197465
2793 0.94824118
2794 1.00549553
2795 1.00663621
2796 1.00324584
2797 0.99048930
2798 1.00125520
2799 1.00243434
2800 0.99873155
2801 0.99872396
2802 0.99559674
2803 1.00416005
2804 1.00112939
2805 1.01040467
2806 1.00228705
2807 0.99257865
2808 0.99311842
2809 0.99639200
2810 1.00094178
2811 0.99596893
2812 0.99266358
2813 0.99829536
2814 1.00549553
2815 1.00078853
2816 1.01062324
2817 1.00148414
2818 1.00533250
2819 0.99013022
2820 1.00070987
2821 1.00190231
2822 0.99996288
2823 1.00585643
2824 1.00795830
2825 1.00743362
2826 1.00752382
2827 0.99798595
2828 1.01113034
2829 1.00117401
2830 1.00217778
2831 1.00833097
2832 1.00197632
2833 1.00472941
2834 1.00560239
2835 1.00078853
2836 0.99346040
2837 0.99764923
2838 0.99777432
2839 0.99263691
2840 0.98330202
2841 1.00499881
2842 0.99580876
2843 0.99712244
2844 1.00008067
2845 1.00045362
2846 1.00617578
2847 0.99595798
2848 0.99099547
2849 0.99410152
2850 0.99991182
2851 1.00312287
2852 1.00243903
2853 1.00283719
2854 0.99735932
2855 0.99967913
2856 0.99346040
2857 0.99195095
2858 0.99438099
2859 0.99798567
2860 0.99335563
2861 0.99948827
2862 1.00096732
2863 1.00655491
2864 1.00602383
2865 0.99881413
2866 0.99761701
2867 1.00973864
2868 0.99300606
2869 0.99917388
2870 0.99846677
2871 1.00018257
2872 0.99614031
2873 1.00359403
2874 0.99371363
2875 0.99475912
2876 1.00278828
2877 0.99195095
2878 1.00101012
2879 1.00151546
2880 1.00302922
2881 0.99549365
2882 0.99781304
2883 1.00112653
2884 1.00456115
2885 1.00727567
2886 0.99328623
2887 1.01599682
2888 0.99862075
2889 1.00225169
2890 0.99266874
2891 0.99907218
2892 1.01163311
2893 1.00201156
2894 1.00511223
2895 1.00464333
2896 1.00063600
2897 1.00373167
2898 1.00101012
2899 1.01809545
2900 1.01385438
2901 1.01554416
2902 1.01739871
2903 1.01199741
2904 1.01289786
2905 1.00781247
2906 1.01069089
2907 1.00733600
2908 1.00676420
2909 1.00626192
2910 0.99992627
2911 1.01079805
2912 1.00076354
2913 1.00873719
2914 1.00662357
2915 1.02106931
2916 1.01651502
2917 1.00913803
2918 1.00826537
2919 1.01809545
2920 1.00697937
2921 0.99647937
2922 0.99733269
2923 0.99525288
2924 0.99881396
2925 1.00265127
2926 1.00153124
2927 0.99810002
2928 1.00120420
2929 0.99697748
2930 0.99708107
2931 1.00212240
2932 0.99923471
2933 0.99098435
2934 1.00307256
2935 1.00512976
2936 0.99678924
2937 1.00054837
2938 0.99452745
2939 1.00072798
2940 1.00697937
2941 0.98913757
2942 0.99686927
2943 0.99672724
2944 0.99689989
2945 1.00133114
2946 0.98798992
2947 1.00528864
2948 1.00296378
2949 1.00580932
2950 1.00236805
2951 0.99987002
2952 1.00891810
2953 0.99783184
2954 0.98652283
2955 1.00071467
2956 0.99757396
2957 0.98949023
2958 0.99298245
2959 1.01423915
2960 0.99821806
2961 0.98913757
2962 0.99727562
2963 0.99828678
2964 1.00307540
2965 1.00367539
2966 1.00408939
2967 1.00449199
2968 1.00128663
2969 1.00464167
2970 1.00487204
2971 0.99854381
2972 0.99761029
2973 0.99689071
2974 1.00619425
2975 0.99408687
2976 1.00400839
2977 1.01635313
2978 0.99917053
2979 1.00582030
2980 0.99765209
2981 1.00301705
2982 0.99727562
2983 1.00007058
2984 1.00445276
2985 0.99753950
2986 1.00005106
2987 1.00277659
2988 1.01319724
2989 1.00265305
2990 1.00410188
2991 0.99687721
2992 1.00576941
2993 1.00630385
2994 1.00517281
2995 1.01291628
2996 1.00535828
2997 0.99976190
2998 1.00771099
2999 1.00313303
3000 1.00842998
3001 1.00774453
3002 1.01599816
3003 1.00007058
3004 1.00273342
3005 1.01179539
3006 1.00714351
3007 1.00627439
3008 1.00648708
3009 1.00545973
3010 1.01101425
3011 1.00549931
3012 0.99596225
3013 1.00868674
3014 0.99959687
3015 1.00414141
3016 1.00099449
3017 1.00623740
3018 1.00964646
3019 0.99868773
3020 1.00341395
3021 1.00658154
3022 1.01200644
3023 0.99724051
3024 1.00273342
