index DenDen_position
1 1.63609436
2 1.58824607
3 1.55796436
4 1.52614770
5 1.50269999
6 1.49101516
7 1.47441050
8 1.46737526
9 1.46306848
10 1.45533650
11 1.46366833
12 1.45631427
13 1.46154859
14 1.47408175
15 1.47988178
16 1.48841990
17 1.50949255
18 1.52706529
19 1.55611526
20 1.58863220
21 1.63609436
22 0.94660784
23 0.95393520
24 0.97417363
25 0.97353139
26 0.97558819
27 0.97891178
28 0.98766864
29 0.98898566
30 0.98707806
31 0.98396308
32 0.98769682
33 0.98930079
34 0.97982585
35 0.98903192
36 0.98115179
37 0.99272316
38 0.97632635
39 0.97275168
40 0.96904140
41 0.96281797
42 0.94660784
43 1.00481993
44 0.99849501
45 1.00082783
46 1.01137046
47 1.00741955
48 1.00712316
49 0.99797221
50 0.99571643
51 0.99904862
52 1.00853159
53 0.99782333
54 1.01351581
55 0.99732765
56 1.00650998
57 1.00442251
58 1.00121744
59 0.99345035
60 1.00159441
61 1.00754067
62 0.99946526
63 1.00481993
64 1.00011246
65 1.01105960
66 1.00017737
67 1.00761631
68 1.01336804
69 1.00607306
70 1.01679880
71 1.00529864
72 1.00276821
73 1.00311154
74 0.99516680
75 1.00078279
76 1.00366141
77 0.99913383
78 1.00081718
79 1.00432984
80 1.01442021
81 1.00471156
82 1.00826147
83 1.00541794
84 1.00011246
85 1.00355113
86 0.99287353
87 1.00156736
88 0.99493531
89 1.00478646
90 0.99714224
91 1.00277682
92 0.99804106
93 1.00590378
94 0.99777348
95 1.00584076
96 1.00092819
97 1.00357911
98 0.99209967
99 1.01265397
100 1.00032719
101 0.99489957
102 1.00099291
103 1.00880415
104 0.99164136
105 1.00355113
106 1.00071601
107 0.99902409
108 0.99676380
109 0.99028663
110 1.00942609
111 1.00140502
112 1.00177956
113 1.00274243
114 1.00080239
115 0.99782084
116 1.00476893
117 0.99645107
118 1.00297995
119 1.00141130
120 1.01163352
121 1.00546746
122 1.01577832
123 1.00541241
124 1.00497308
125 1.00192610
126 1.00071601
127 1.00577518
128 1.00968343
129 0.99785203
130 1.00478844
131 0.99364880
132 1.01815989
133 0.99973335
134 0.99734659
135 0.99637243
136 1.00055491
137 0.99645364
138 1.01173803
139 1.01938651
140 1.00579621
141 1.00039056
142 1.00739085
143 0.99602675
144 1.01309026
145 1.00289263
146 0.99864419
147 1.00577518
148 1.00495180
149 0.99776429
150 0.99472755
151 1.00702384
152 0.99674536
153 1.00104704
154 1.00984808
155 1.00270632
156 1.00871018
157 1.01130486
158 1.00279051
159 1.00629883
160 0.99445041
161 0.99559554
162 1.00197159
163 1.00789250
164 1.00430118
165 1.00523175
166 1.00694699
167 1.00170938
168 1.00495180
169 0.99230929
170 1.00388423
171 0.99140115
172 0.99203979
173 1.00016441
174 0.99826106
175 1.00176879
176 0.99624649
177 1.00347243
178 1.00176357
179 1.00593883
180 0.99404075
181 1.00192579
182 1.00284521
183 1.00800282
184 1.00206199
185 1.00885277
186 1.00410544
187 0.99832679
188 1.00800037
189 0.99230929
190 1.00218451
191 1.01065006
192 1.00265215
193 0.99301653
194 1.00500790
195 1.00797345
196 1.01118464
197 0.99622414
198 1.00642697
199 1.00482312
200 0.99627356
201 1.00710393
202 1.00162873
203 1.00061768
204 1.01175162
205 0.99495081
206 1.00147841
207 1.00218001
208 1.00105866
209 0.99746532
210 1.00218451
211 1.00352222
212 1.00517618
213 0.99380095
214 1.00056073
215 1.00753029
216 1.01376031
217 1.00778034
218 1.00295252
219 1.00237750
220 1.00459437
221 1.00950759
222 1.00371266
223 1.00397299
224 0.99734851
225 1.00814525
226 1.00467701
227 0.99912676
228 0.99824813
229 1.01112739
230 0.99889953
231 1.00352222
232 0.94307890
233 0.95224065
234 0.96789147
235 0.96714865
236 0.98142184
237 0.98367075
238 0.98336881
239 0.98496084
240 0.98805267
241 0.97759593
242 0.98290832
243 0.99294352
244 0.98570524
245 0.97582749
246 0.99061233
247 0.98828846
248 0.97636377
249 0.96499013
250 0.96477013
251 0.95572205
252 0.94307890
253 0.94618308
254 0.95303760
255 0.96620794
256 0.96729684
257 0.96781215
258 0.97300181
259 0.97844839
260 0.98823160
261 0.98256255
262 0.98065274
263 0.98375763
264 0.98137387
265 0.98952352
266 0.98054127
267 0.98253455
268 0.98336278
269 0.97755610
270 0.97028415
271 0.96899517
272 0.95162728
273 0.94618308
274 1.00736085
275 1.00185882
276 1.00839561
277 1.00812403
278 1.00136365
279 1.00553355
280 1.02075283
281 1.00085258
282 1.00786549
283 1.01371211
284 1.01754710
285 1.01521181
286 1.00819707
287 1.00614152
288 1.00994055
289 1.00828498
290 1.00345959
291 1.00143246
292 1.00881358
293 1.00894593
294 1.00736085
295 1.00421701
296 1.00345381
297 1.00767446
298 0.99559143
299 0.99950721
300 1.00543961
301 1.00166411
302 1.00061645
303 1.00224550
304 1.00793517
305 0.99649100
306 1.00593362
307 0.99909248
308 1.00221244
309 1.00522091
310 1.00455249
311 0.99633469
312 1.00448817
313 1.00378172
314 1.00339623
315 1.00421701
316 1.00569614
317 0.99856865
318 1.00263211
319 0.99631176
320 0.98498131
321 0.99914782
322 0.99287770
323 0.99618117
324 0.99716574
325 1.00239428
326 1.00021447
327 1.00482177
328 0.99048325
329 1.00007732
330 0.99845495
331 0.99898357
332 0.99534462
333 1.00588609
334 1.00686681
335 0.99281783
336 1.00569614
337 1.01598325
338 1.01548049
339 1.01072626
340 1.01818878
341 1.01672489
342 1.01625264
343 1.01852808
344 1.01971783
345 1.01792957
346 1.01875378
347 1.01018213
348 1.01968549
349 1.02156758
350 1.00758248
351 1.00131295
352 1.01772324
353 1.01958669
354 1.01100757
355 1.01130990
356 1.00889174
357 1.01598325
358 1.00250146
359 0.99776198
360 0.99879724
361 1.00019060
362 0.99597530
363 1.00144334
364 1.00173423
365 0.99428877
366 1.00482464
367 1.00069277
368 1.00012381
369 0.99476966
370 1.00135855
371 0.99909274
372 0.99359755
373 1.00103162
374 0.99588627
375 1.00420415
376 0.99649359
377 1.00645561
378 1.00250146
379 1.00177958
380 1.00531401
381 1.00926304
382 1.00045107
383 1.00508556
384 1.01122307
385 1.00217039
386 1.01040092
387 1.00405289
388 1.00399197
389 1.00047574
390 1.01796137
391 1.00380966
392 1.00778737
393 1.00455164
394 1.00938855
395 1.00805700
396 1.01586390
397 1.01175479
398 1.00120845
399 1.00177958
400 1.00400076
401 1.00958598
402 1.00402368
403 1.00159647
404 1.00113038
405 1.00347392
406 1.00065115
407 0.99856745
408 1.00828405
409 1.00104618
410 1.00336360
411 1.01025305
412 1.00072408
413 1.00456796
414 1.00557392
415 1.01571084
416 0.99924405
417 0.99510259
418 1.00584070
419 0.99927039
420 1.00400076
421 1.00317598
422 0.99700099
423 1.01068457
424 1.00524085
425 0.99969931
426 1.00017139
427 1.01038826
428 1.00361597
429 0.99786979
430 1.00450383
431 1.00147837
432 1.00295291
433 1.00780939
434 0.99236855
435 0.99972705
436 1.00349050
437 1.00961894
438 1.00150319
439 1.00559518
440 1.00089130
441 1.00317598
442 1.00624478
443 1.00027120
444 1.00124899
445 1.00378423
446 0.99795280
447 1.00465350
448 1.00077266
449 1.00103181
450 1.00412446
451 0.99703259
452 0.99408842
453 0.99883315
454 0.99691852
455 1.00850707
456 0.99295920
457 0.99384525
458 0.99815244
459 1.00173320
460 0.99597697
461 0.99925074
462 1.00624478
463 1.00196147
464 1.00238294
465 1.00288752
466 1.00685669
467 1.00836855
468 1.00573025
469 1.00081681
470 1.00918209
471 1.00763683
472 1.00039573
473 1.00110471
474 0.99448943
475 1.00763765
476 1.00406336
477 1.00188914
478 0.99241029
479 1.00509178
480 1.00004230
481 0.99390187
482 1.00751163
483 1.00196147
484 1.00049471
485 1.00597116
486 1.00721008
487 1.00697274
488 1.01550804
489 1.01974056
490 1.01069010
491 1.01218051
492 1.00807279
493 1.01602952
494 1.00316828
495 1.01259384
496 1.01530845
497 1.00885318
498 1.00612495
499 1.00392643
500 1.01217175
501 1.00355226
502 1.02009342
503 0.99861772
504 1.00049471
505 0.99345129
506 1.00026272
507 1.00297066
508 0.99981809
509 1.00441338
510 0.99631758
511 1.00074790
512 1.00263748
513 0.99883377
514 1.00082282
515 1.00221759
516 0.99894960
517 1.00299807
518 0.99626610
519 0.99731205
520 1.00253595
521 1.00145925
522 1.00018686
523 1.00211124
524 1.00278935
525 0.99345129
526 1.00764823
527 1.00512113
528 1.00784639
529 1.00389114
530 1.00699937
531 1.00288201
532 1.00307602
533 0.99907900
534 0.99248487
535 1.01154298
536 0.99814648
537 1.00979739
538 1.00843249
539 1.01029924
540 1.00903898
541 1.00365998
542 0.99984872
543 1.00202561
544 0.99991829
545 1.00261294
546 1.00764823
547 1.00273347
548 1.00797996
549 0.99611381
550 1.00618926
551 1.00332927
552 1.00749618
553 0.99708975
554 0.99718995
555 1.00363201
556 0.99683526
557 1.00001171
558 0.98944248
559 1.01002482
560 1.00435394
561 1.00858998
562 1.00745596
563 1.00699338
564 0.99538855
565 0.99395551
566 1.00311009
567 1.00273347
568 1.01085788
569 1.00916289
570 1.01698323
571 1.00662823
572 1.00933925
573 1.01005418
574 1.01331943
575 1.01119451
576 1.00834675
577 1.01769708
578 1.00454684
579 1.01627499
580 1.01359999
581 1.00585472
582 1.01334603
583 1.00562016
584 1.00762395
585 1.00734612
586 1.01115926
587 1.01218016
588 1.01085788
589 1.00314826
590 1.00015950
591 1.00388493
592 1.00504075
593 0.99957970
594 1.00434963
595 0.99483012
596 1.00261754
597 1.00008123
598 1.00168955
599 0.99787579
600 1.00814368
601 1.00107158
602 1.00221470
603 1.00411713
604 1.00619788
605 1.00670525
606 1.00390757
607 1.00505779
608 0.99782448
609 1.00314826
610 0.98892160
611 1.00297117
612 0.99310404
613 0.99101590
614 1.01139463
615 0.99131758
616 0.99858616
617 0.99518307
618 0.99956683
619 0.99486589
620 1.00147323
621 0.99976046
622 0.98529886
623 0.99570230
624 0.99995704
625 0.99706217
626 0.99230179
627 1.00098891
628 0.99940682
629 1.00250680
630 0.98892160
631 1.00670658
632 1.00467502
633 1.00485520
634 0.99650488
635 1.00711416
636 1.01362993
637 1.01818898
638 1.00458587
639 1.00377257
640 1.01426260
641 0.99906571
642 1.00901760
643 1.00752426
644 1.01374260
645 1.00615430
646 0.99864098
647 0.99967322
648 1.01629981
649 1.00894195
650 1.00821590
651 1.00670658
652 1.00308955
653 0.99680817
654 0.99697305
655 0.99991158
656 0.99605748
657 1.00300805
658 1.00700491
659 1.00441048
660 0.99649877
661 1.00393557
662 0.99966576
663 1.00510146
664 1.00433536
665 0.99844788
666 1.00223390
667 1.00375699
668 1.00703921
669 1.00221725
670 1.00083906
671 1.00749528
672 1.00308955
673 1.00972900
674 1.00553283
675 1.01109766
676 1.00886631
677 1.01264481
678 1.01174187
679 1.00303110
680 1.00577129
681 1.01181906
682 1.01069588
683 1.00306103
684 1.00229123
685 1.01015685
686 1.00732869
687 1.00274719
688 1.00670924
689 1.01342911
690 1.01296616
691 1.01452979
692 1.00738068
693 1.00972900
694 1.00438407
695 1.00575623
696 0.99954427
697 1.01267974
698 1.00408710
699 0.99951641
700 1.00683697
701 1.00492673
702 1.01346010
703 1.00750937
704 1.01003855
705 0.99411534
706 1.01201814
707 1.00907283
708 1.00203997
709 1.00972634
710 1.00494975
711 1.00801924
712 0.99717969
713 1.00030369
714 1.00438407
715 1.00126512
716 1.00665272
717 1.00976283
718 1.00816630
719 1.00906884
720 1.01052988
721 1.00325881
722 1.00241736
723 1.00356826
724 1.00270793
725 1.00319838
726 1.00602205
727 1.00566605
728 1.00237955
729 1.00163567
730 0.99647181
731 1.00940735
732 1.00973907
733 0.99901068
734 0.99876423
735 1.00126512
736 1.00294767
737 1.00090931
738 1.00097151
739 1.00025243
740 1.00163801
741 0.99600648
742 1.00397305
743 0.99238756
744 0.99902190
745 0.99038707
746 0.99772599
747 0.99806350
748 1.00049503
749 0.99363851
750 0.99705403
751 0.99741460
752 0.99792941
753 1.00150507
754 1.00071427
755 0.98388526
756 1.00294767
757 1.00453357
758 0.99682238
759 1.00639405
760 0.99753041
761 1.01579658
762 1.00613620
763 1.00462525
764 0.99880412
765 1.00628484
766 1.01146834
767 0.99661403
768 1.00773536
769 1.00978850
770 1.01657957
771 0.99406547
772 1.00753711
773 1.01087459
774 1.00851959
775 1.00582489
776 1.01183488
777 1.00453357
778 1.00511336
779 1.00679396
780 1.00265644
781 0.99971504
782 0.99995733
783 0.99719300
784 1.00223994
785 1.00013899
786 1.00276359
787 1.00014775
788 1.00768332
789 0.99934775
790 1.01297415
791 1.00876504
792 0.99842334
793 0.99166088
794 1.00576828
795 1.00287558
796 1.00487386
797 1.00091319
798 1.00511336
799 1.00091651
800 1.00276986
801 1.01231912
802 0.99781278
803 0.99553767
804 0.99910854
805 1.00270221
806 0.99736373
807 1.00153951
808 1.00384383
809 0.99821410
810 1.00595018
811 1.00492725
812 1.00410343
813 1.00091733
814 1.00310507
815 1.00616455
816 1.00141570
817 1.00028855
818 1.00538753
819 1.00091651
820 1.00025608
821 1.00024352
822 1.00355227
823 1.00330219
824 1.00183790
825 0.99674870
826 1.00597908
827 0.99469442
828 1.00413334
829 1.00784336
830 0.99375106
831 1.00910045
832 1.00531309
833 1.00819462
834 1.01279524
835 1.00928143
836 1.00616564
837 1.01253205
838 1.00349963
839 1.00723364
840 1.00025608
841 0.99355238
842 0.99964809
843 0.99618867
844 1.01219354
845 1.00309196
846 1.00341692
847 0.99908949
848 1.00133904
849 0.99992880
850 0.99677294
851 1.00507009
852 1.00299886
853 0.99527404
854 1.00343377
855 0.99674488
856 0.99261249
857 1.00097818
858 0.99881413
859 1.00100592
860 0.99846470
861 0.99355238
862 1.00837510
863 1.00321471
864 1.01312525
865 1.01075219
866 0.99472359
867 1.00896775
868 1.01274226
869 1.01103532
870 1.00815861
871 1.01060437
872 0.99976236
873 1.00945752
874 1.00627367
875 1.01142496
876 1.01034289
877 1.00575439
878 1.00990572
879 1.00755166
880 1.00384209
881 1.00313007
882 1.00837510
883 0.99461419
884 1.00081679
885 0.99912823
886 0.99930773
887 0.99879209
888 1.00120526
889 0.99874140
890 0.99410223
891 1.00249633
892 1.00042535
893 1.00237555
894 0.99200683
895 0.99788701
896 1.00116042
897 1.00017058
898 0.99281417
899 0.99224546
900 0.99418763
901 0.99895554
902 0.99472854
903 0.99461419
904 1.00933802
905 1.00150382
906 1.00912026
907 1.00395973
908 1.01073789
909 1.00885809
910 1.00491604
911 1.00611950
912 1.00324615
913 1.00818181
914 1.00309905
915 1.01293183
916 1.00812687
917 1.00714747
918 1.00450890
919 1.00917275
920 1.00069718
921 1.00734526
922 1.00572081
923 1.00983387
924 1.00933802
925 1.00291867
926 1.00714894
927 1.00525734
928 1.00255021
929 0.99934376
930 1.00461873
931 0.99326598
932 1.00862409
933 1.00844482
934 1.00107912
935 1.00613924
936 1.00280770
937 1.01270016
938 1.00684625
939 1.00082966
940 0.99969376
941 1.00038874
942 1.00338181
943 0.99858420
944 1.00198966
945 1.00291867
946 1.00631213
947 1.00808785
948 1.01021109
949 1.00609326
950 1.00413377
951 1.00526125
952 0.99740238
953 0.99914186
954 1.00233679
955 1.00069765
956 1.00982483
957 1.00134639
958 1.00659282
959 0.99787077
960 1.01304515
961 1.00429052
962 1.01518683
963 1.01233343
964 0.99508966
965 1.00400818
966 1.00631213
967 1.00556744
968 1.00569998
969 1.00069244
970 0.99776974
971 1.00034846
972 0.99712613
973 0.99992653
974 1.00177241
975 0.99551493
976 1.00585794
977 1.00527742
978 0.99509163
979 0.99316228
980 0.99558411
981 0.99725437
982 0.99507653
983 1.00041940
984 0.99468991
985 1.00310608
986 0.99479922
987 1.00556744
988 0.99914246
989 1.00320691
990 1.00760155
991 1.00243741
992 1.00438194
993 0.99862361
994 1.00604151
995 1.00583619
996 1.00802712
997 1.00515663
998 0.99305614
999 0.99766679
1000 1.01472447
1001 0.99858392
1002 1.01069628
1003 1.00892165
1004 1.00400412
1005 1.01238281
1006 1.00933584
1007 0.99949420
1008 0.99914246
1009 1.00536113
1010 1.00644125
1011 0.99837683
1012 0.98727461
1013 1.00793316
1014 1.00934549
1015 1.00402825
1016 1.00304046
1017 1.01433161
1018 1.01569088
1019 0.99380674
1020 1.00134636
1021 1.00393826
1022 1.01067714
1023 1.00491872
1024 1.00059514
1025 1.00507468
1026 1.00603620
1027 1.00059230
1028 1.00915369
1029 1.00536113
1030 0.99417774
1031 0.99073649
1032 0.99859678
1033 0.99275476
1034 0.98603647
1035 0.99176654
1036 0.99137469
1037 0.99612607
1038 0.99765089
1039 0.98655755
1040 0.99412219
1041 0.98802795
1042 0.99493303
1043 1.00293407
1044 0.98915881
1045 0.99369897
1046 1.00462647
1047 0.99962141
1048 0.99769321
1049 0.99093598
1050 0.99417774
1051 1.00791489
1052 1.01775316
1053 1.01379453
1054 1.00778787
1055 1.00563147
1056 1.00709258
1057 1.01163417
1058 1.01038319
1059 1.00267655
1060 1.00847392
1061 1.00869175
1062 1.00541915
1063 1.01605709
1064 1.00671428
1065 1.00637410
1066 1.01940806
1067 1.01506241
1068 1.01688318
1069 1.00786600
1070 1.00988391
1071 1.00791489
1072 0.99710548
1073 1.00337804
1074 1.00195658
1075 0.99585967
1076 0.99753677
1077 0.99878602
1078 0.99740942
1079 0.99373625
1080 1.00302384
1081 1.00237823
1082 1.00193982
1083 0.99918476
1084 1.00122993
1085 1.00155686
1086 1.00637250
1087 0.99926952
1088 1.00186909
1089 1.00389064
1090 0.99560653
1091 0.99884355
1092 0.99710548
1093 0.99985080
1094 1.00729431
1095 1.00523984
1096 1.00867443
1097 1.00933094
1098 1.00455925
1099 1.00995944
1100 1.00520712
1101 1.01364333
1102 1.00667282
1103 1.00405874
1104 1.00857280
1105 1.00941337
1106 1.00720354
1107 1.01067190
1108 1.00993960
1109 1.00651829
1110 0.99646318
1111 1.00719603
1112 1.00388043
1113 0.99985080
1114 1.00894497
1115 0.99696298
1116 1.00074352
1117 1.00098645
1118 1.00424675
1119 0.99911005
1120 1.00356350
1121 0.99734921
1122 0.99741188
1123 1.00744157
1124 1.00163395
1125 0.99870027
1126 1.00239638
1127 0.99766131
1128 0.99397282
1129 0.99027688
1130 0.99787605
1131 0.99570188
1132 1.00146936
1133 1.00001639
1134 1.00894497
1135 0.99667283
1136 1.00869100
1137 0.99496129
1138 1.00200701
1139 1.00885407
1140 0.99273169
1141 1.00429758
1142 1.00349926
1143 1.00551920
1144 1.00105344
1145 1.00564690
1146 1.00509645
1147 1.00787783
1148 1.00244065
1149 1.00593048
1150 1.00326113
1151 1.00784233
1152 1.01057383
1153 1.00365860
1154 1.01176571
1155 0.99667283
1156 1.01025668
1157 1.00071486
1158 1.00488721
1159 0.99871280
1160 1.00177182
1161 0.99330772
1162 1.01174588
1163 0.99765020
1164 1.00651578
1165 1.00795532
1166 0.99626809
1167 0.99725272
1168 1.00927213
1169 1.00323323
1170 1.01435557
1171 1.00665147
1172 1.00684052
1173 1.00234489
1174 1.00368882
1175 1.00897256
1176 1.01025668
1177 0.99586688
1178 0.99982666
1179 1.00307033
1180 1.00338898
1181 0.99253588
1182 0.99810900
1183 0.99954573
1184 1.00480261
1185 1.01109260
1186 1.00295520
1187 1.00201965
1188 0.99013093
1189 0.99648131
1190 1.00968176
1191 1.00314254
1192 1.00493368
1193 0.99165210
1194 1.01484538
1195 1.00436172
1196 0.99618779
1197 0.99586688
1198 1.00189365
1199 0.99790465
1200 1.00147359
1201 1.00306889
1202 1.00393168
1203 1.01433921
1204 1.00667325
1205 1.00077119
1206 1.00316106
1207 1.00538305
1208 1.00798318
1209 1.00935465
1210 1.00129088
1211 1.00344468
1212 0.99177295
1213 0.99618388
1214 0.99548767
1215 1.00811911
1216 0.99576615
1217 0.99480690
1218 1.00189365
1219 1.00494996
1220 1.00072035
1221 1.00854858
1222 1.00871688
1223 1.01156999
1224 1.00560496
1225 0.99842380
1226 1.01158167
1227 1.00643605
1228 1.00336026
1229 1.01379452
1230 1.00137641
1231 1.00944912
1232 1.00848312
1233 1.01248144
1234 1.00393205
1235 1.00324168
1236 1.00380744
1237 1.00645308
1238 0.99480042
1239 1.00494996
1240 1.00002712
1241 1.00080145
1242 1.00416644
1243 0.99081086
1244 0.99543994
1245 0.99780532
1246 0.99871101
1247 0.99787834
1248 1.00285308
1249 0.99321124
1250 0.99809281
1251 1.00416699
1252 1.00550556
1253 0.99666818
1254 1.00704100
1255 1.00212078
1256 1.00686289
1257 1.00156274
1258 1.00206319
1259 0.99915686
1260 1.00002712
1261 0.98917706
1262 1.00227873
1263 0.99821674
1264 0.99565582
1265 0.99901124
1266 0.99474736
1267 0.99544776
1268 0.99572497
1269 0.99135279
1270 0.99678530
1271 1.00035238
1272 0.99548052
1273 0.99017676
1274 0.99525004
1275 0.99423110
1276 1.00167606
1277 0.99803246
1278 0.98949263
1279 1.00529890
1280 0.99547942
1281 0.98917706
1282 1.01565332
1283 1.01002051
1284 1.01294328
1285 1.00281713
1286 1.00548516
1287 1.01024257
1288 1.00868633
1289 1.01854119
1290 1.01742302
1291 1.00773830
1292 1.00819022
1293 1.01332175
1294 1.01298517
1295 1.00348513
1296 1.02006619
1297 1.01427624
1298 1.00941626
1299 1.01092355
1300 1.02381741
1301 1.01647141
1302 1.01565332
1303 0.99786057
1304 1.00515547
1305 1.00834742
1306 1.00657390
1307 1.01579889
1308 1.00333277
1309 1.00924448
1310 0.99722665
1311 1.00066330
1312 1.00845205
1313 1.00493589
1314 1.00436570
1315 1.01110831
1316 1.00401676
1317 1.00502452
1318 0.98923428
1319 1.00133952
1320 1.00309956
1321 1.00703480
1322 1.00447387
1323 0.99786057
1324 0.99897680
1325 1.00506838
1326 1.00975723
1327 1.00962165
1328 1.00828982
1329 0.99806876
1330 1.00288700
1331 0.99757100
1332 1.00332029
1333 1.00930306
1334 1.00773837
1335 1.00698119
1336 0.99935600
1337 1.00493569
1338 1.00811965
1339 1.00234340
1340 1.00820722
1341 1.00736310
1342 1.00637817
1343 1.00788098
1344 0.99897680
1345 1.00046806
1346 1.00108793
1347 0.99340878
1348 1.00207756
1349 1.00524121
1350 0.99616154
1351 0.99882723
1352 0.98527528
1353 0.99208595
1354 0.99953050
1355 1.00609543
1356 0.99448628
1357 0.99580538
1358 0.99950228
1359 0.99355569
1360 0.99888736
1361 0.99023214
1362 0.99744541
1363 1.00314307
1364 0.99299234
1365 1.00046806
1366 0.99637419
1367 1.00595907
1368 1.00923879
1369 1.00822430
1370 1.00622385
1371 1.00403052
1372 1.01615943
1373 1.01404869
1374 1.00735056
1375 1.01137275
1376 0.99838388
1377 1.01020396
1378 0.99445038
1379 1.00468905
1380 1.00912053
1381 1.00098457
1382 1.00984391
1383 1.01235303
1384 1.00898143
1385 1.00382825
1386 0.99637419
1387 0.99974849
1388 1.00142638
1389 1.00863793
1390 1.00295202
1391 1.01575607
1392 1.00531620
1393 1.01437592
1394 1.01074927
1395 0.99071305
1396 1.00701954
1397 1.00569882
1398 1.01194141
1399 1.00315661
1400 1.00818819
1401 1.00489710
1402 1.01561364
1403 1.00962471
1404 1.01064437
1405 1.00182867
1406 0.99873719
1407 0.99974849
1408 0.99097445
1409 0.99885571
1410 0.98681458
1411 1.00221735
1412 0.98307094
1413 0.99019594
1414 0.98304307
1415 1.00203496
1416 0.99867855
1417 0.99440092
1418 1.00171357
1419 0.98753575
1420 0.98693131
1421 0.99533786
1422 0.99459175
1423 0.99862273
1424 0.99238377
1425 0.99663964
1426 0.99360885
1427 0.98537947
1428 0.99097445
1429 1.00944458
1430 1.01005654
1431 1.00124850
1432 1.00557803
1433 1.01070299
1434 0.99789282
1435 1.00113433
1436 1.01169267
1437 1.00175852
1438 1.00575616
1439 1.00412931
1440 1.00248410
1441 1.00770073
1442 1.00772692
1443 1.00456606
1444 1.01012528
1445 1.00901321
1446 1.00739618
1447 1.00946412
1448 0.99681367
1449 1.00944458
1450 1.00226740
1451 1.00736071
1452 1.01991615
1453 1.00497619
1454 1.00552596
1455 1.01279444
1456 1.01049645
1457 1.02064272
1458 1.00933312
1459 1.00732196
1460 1.00383712
1461 1.00493404
1462 1.00835520
1463 1.00493465
1464 1.01507996
1465 1.00606995
1466 1.00762909
1467 1.01272517
1468 1.01357681
1469 1.00563916
1470 1.00226740
1471 1.00129898
1472 1.00419104
1473 1.00576043
1474 1.01060493
1475 1.00298842
1476 1.00846514
1477 1.00098941
1478 1.01124384
1479 1.00698398
1480 1.00536841
1481 1.00766272
1482 1.01244837
1483 1.00230218
1484 1.00252969
1485 1.00936039
1486 1.00999367
1487 1.00485896
1488 1.01235571
1489 1.01293817
1490 1.00150658
1491 1.00129898
1492 1.00287805
1493 1.00245887
1494 0.99892148
1495 1.00129739
1496 1.00102715
1497 1.00131320
1498 1.01029780
1499 1.00700551
1500 1.01062636
1501 1.01379874
1502 1.01060529
1503 1.01364646
1504 1.01163839
1505 1.01248078
1506 1.00469818
1507 1.01597898
1508 1.01007855
1509 1.00373800
1510 1.00623025
1511 1.01227402
1512 1.00287805
1513 1.00683018
1514 1.00848379
1515 1.00824817
1516 1.00102010
1517 0.99950188
1518 1.00035020
1519 0.99296468
1520 0.99926389
1521 1.01099695
1522 1.00191114
1523 0.99623141
1524 0.99972095
1525 0.99780158
1526 0.99797285
1527 1.01509731
1528 0.99665923
1529 0.99141698
1530 1.01606802
1531 1.00454843
1532 0.99036151
1533 1.00683018
1534 1.00923107
1535 0.99157939
1536 0.99922101
1537 0.99407067
1538 1.01044538
1539 0.99224179
1540 0.99302835
1541 0.99633062
1542 1.00130971
1543 1.00091065
1544 0.99686387
1545 0.99706523
1546 0.99470461
1547 1.00461300
1548 0.98724790
1549 1.00259656
1550 0.99685872
1551 0.99641182
1552 0.99496737
1553 0.99526933
1554 1.00923107
1555 1.00903796
1556 1.01036018
1557 1.00227531
1558 1.00636706
1559 1.01891343
1560 1.00485243
1561 1.00894008
1562 0.99870070
1563 1.00958765
1564 1.00888124
1565 1.01294891
1566 1.00285504
1567 1.01427800
1568 1.00140270
1569 1.00288210
1570 1.01836172
1571 1.00688796
1572 1.00650229
1573 0.99791779
1574 1.00637984
1575 1.00903796
1576 1.01041420
1577 1.00396404
1578 1.00919952
1579 1.01181032
1580 1.01239128
1581 1.01237515
1582 1.00541504
1583 1.01290286
1584 1.01015668
1585 1.01713744
1586 0.99941129
1587 1.00143452
1588 1.01677292
1589 1.01269308
1590 1.01301442
1591 1.00622330
1592 1.00667503
1593 1.00565863
1594 0.99818536
1595 1.01275419
1596 1.01041420
1597 1.01031659
1598 1.00436571
1599 1.00628547
1600 1.00917213
1601 1.01513239
1602 1.01237067
1603 1.00086819
1604 1.01062335
1605 1.01442759
1606 1.00405174
1607 1.01387170
1608 1.00528899
1609 1.00668077
1610 1.00982639
1611 1.00633116
1612 1.00795451
1613 1.01082166
1614 1.00427683
1615 1.01049325
1616 1.00317359
1617 1.01031659
1618 1.00818968
1619 1.00210707
1620 1.00312269
1621 1.00336573
1622 1.00324695
1623 1.00420814
1624 1.00515447
1625 1.00088460
1626 1.00391827
1627 1.00649006
1628 1.00567793
1629 1.00370421
1630 0.99484968
1631 0.99710844
1632 1.00220139
1633 1.00848735
1634 1.00350988
1635 1.00459584
1636 0.99885203
1637 1.00487007
1638 1.00818968
1639 1.01404074
1640 1.01332474
1641 1.00487114
1642 1.00289644
1643 1.01700638
1644 1.01897662
1645 1.00699073
1646 1.01126742
1647 1.00265998
1648 1.01642689
1649 1.01329374
1650 1.00001974
1651 1.00711275
1652 1.01044168
1653 1.00357468
1654 1.00942641
1655 1.01092303
1656 1.00351638
1657 1.01131869
1658 1.00420538
1659 1.01404074
1660 1.01150539
1661 0.99333455
1662 1.01112583
1663 1.00302689
1664 0.99817082
1665 1.00913820
1666 1.00603061
1667 1.00487007
1668 0.99505770
1669 1.00526941
1670 1.00952940
1671 1.00817321
1672 1.00728586
1673 1.00773487
1674 1.00186777
1675 1.00444277
1676 1.00664735
1677 1.00255259
1678 1.00139305
1679 1.00751148
1680 1.01150539
1681 1.00790876
1682 1.01431539
1683 1.01461571
1684 1.02385590
1685 1.00422105
1686 1.01292100
1687 1.01108036
1688 1.00805532
1689 1.01583258
1690 1.00390203
1691 1.00054343
1692 1.00118265
1693 1.01224511
1694 1.01278233
1695 1.00008104
1696 1.00660177
1697 0.99977779
1698 1.00300861
1699 1.00586228
1700 1.00892742
1701 1.00790876
1702 1.01107539
1703 1.00047917
1704 1.00536414
1705 1.00714812
1706 1.00651294
1707 1.01039202
1708 1.00773376
1709 1.00644906
1710 1.01146151
1711 1.00750599
1712 1.01122464
1713 1.00842705
1714 1.01472606
1715 1.00695074
1716 1.00644018
1717 1.00311123
1718 1.00702997
1719 1.00577795
1720 1.01072149
1721 1.00508194
1722 1.01107539
1723 1.00890666
1724 1.02430773
1725 1.01380974
1726 1.01446273
1727 1.00579637
1728 1.00299323
1729 1.00703238
1730 1.01677243
1731 1.00253629
1732 1.00870483
1733 1.01245643
1734 1.01606641
1735 1.01171880
1736 1.00963664
1737 1.01572283
1738 1.01041188
1739 1.00149168
1740 1.01345194
1741 1.00161812
1742 1.00137288
1743 1.00890666
1744 0.99522759
1745 0.99716727
1746 1.00417765
1747 1.00679518
1748 1.00598976
1749 0.99805326
1750 0.99626389
1751 1.00643286
1752 1.00290692
1753 1.00460627
1754 1.00325771
1755 0.99256195
1756 0.99735770
1757 1.00165976
1758 1.00094506
1759 1.00257717
1760 1.00393291
1761 0.99916098
1762 1.00398236
1763 1.00439926
1764 0.99522759
1765 0.99055591
1766 0.99513633
1767 0.99024462
1768 0.99147223
1769 0.98916759
1770 0.99510144
1771 0.98873567
1772 0.99049931
1773 0.99891073
1774 0.99758110
1775 0.98957060
1776 1.00041313
1777 0.99073655
1778 0.99901430
1779 0.99116562
1780 0.99415022
1781 1.00367871
1782 0.99244535
1783 0.99142636
1784 0.98821664
1785 0.99055591
1786 1.01075897
1787 1.00107016
1788 1.00456965
1789 1.01672536
1790 1.00671274
1791 1.00571892
1792 1.01171354
1793 1.00961928
1794 1.01184121
1795 1.01182663
1796 1.01315728
1797 1.01436051
1798 0.99613177
1799 1.00350198
1800 1.00899603
1801 1.00676610
1802 1.00022772
1803 1.00339283
1804 1.00984399
1805 1.00433255
1806 1.01075897
1807 1.01194309
1808 1.00441330
1809 1.01215126
1810 1.00943204
1811 1.01390956
1812 1.00095334
1813 1.00320643
1814 0.99971014
1815 1.00757944
1816 1.01199230
1817 1.01178878
1818 1.01420119
1819 1.00128910
1820 1.01006043
1821 1.00876188
1822 1.00832388
1823 1.00962792
1824 1.00045611
1825 1.00328053
1826 1.01300941
1827 1.01194309
1828 1.01578509
1829 1.01168057
1830 1.00745540
1831 1.01066804
1832 1.00511853
1833 1.01153447
1834 1.01087281
1835 1.01059225
1836 1.01397309
1837 1.00711068
1838 1.00898350
1839 1.01055054
1840 1.01729481
1841 1.00503466
1842 1.00129324
1843 1.01825860
1844 1.01128077
1845 1.01123918
1846 1.00815219
1847 1.01216188
1848 1.01578509
1849 1.00608187
1850 1.00524654
1851 1.00300586
1852 1.00132757
1853 1.00497295
1854 1.00504389
1855 1.00474815
1856 1.00632462
1857 1.00201408
1858 1.00856357
1859 0.99828133
1860 1.00856863
1861 1.00350513
1862 1.00324685
1863 1.00904921
1864 1.01310480
1865 0.99845487
1866 1.00794065
1867 1.00599783
1868 1.01616905
1869 1.00608187
1870 0.98683042
1871 0.99342187
1872 0.98468893
1873 0.98603896
1874 0.98642322
1875 0.99025608
1876 0.98803187
1877 0.99164843
1878 0.98583455
1879 1.00355449
1880 0.99209445
1881 0.99517647
1882 0.99516406
1883 0.99369892
1884 0.99224282
1885 0.98413698
1886 0.98727553
1887 0.97640967
1888 0.98711458
1889 0.98919088
1890 0.98683042
1891 1.00415988
1892 1.00634248
1893 0.99941924
1894 0.99998288
1895 1.01064171
1896 1.00695330
1897 1.00535013
1898 1.01200856
1899 1.01162279
1900 1.00971186
1901 1.01005495
1902 1.00800072
1903 1.01172011
1904 1.01903884
1905 1.00900355
1906 1.01733174
1907 1.01608932
1908 1.00634971
1909 1.00856909
1910 1.00984361
1911 1.00415988
1912 1.00181084
1913 1.00371889
1914 1.00945431
1915 1.00353961
1916 0.99149507
1917 1.00648397
1918 1.01580007
1919 0.99595688
1920 1.00399681
1921 1.00295259
1922 1.00294333
1923 1.00018239
1924 1.00003812
1925 1.00229590
1926 1.01191209
1927 1.01139860
1928 1.00462133
1929 1.01399782
1930 1.00762807
1931 1.00025052
1932 1.00181084
1933 1.00071397
1934 0.99031615
1935 0.98891279
1936 1.00227828
1937 0.99470673
1938 0.99104462
1939 1.00035752
1940 0.99902267
1941 0.99777965
1942 1.00147778
1943 0.99546384
1944 0.99692266
1945 0.99980213
1946 0.99590820
1947 1.00768214
1948 0.99511495
1949 0.99723835
1950 0.99771410
1951 0.99208167
1952 0.99870287
1953 1.00071397
1954 1.00578225
1955 1.01060608
1956 1.00572518
1957 1.00756321
1958 1.01183005
1959 1.00800254
1960 1.00183362
1961 1.00779036
1962 0.99725480
1963 0.99662870
1964 1.00386615
1965 1.00117108
1966 1.00264863
1967 1.00044041
1968 1.00898287
1969 1.01243944
1970 1.00446215
1971 1.00518390
1972 1.00089140
1973 1.00247061
1974 1.00578225
1975 0.99819355
1976 1.00309292
1977 1.00928538
1978 1.00210030
1979 1.00550668
1980 1.00673321
1981 1.00265164
1982 1.00929314
1983 1.01077835
1984 1.00095141
1985 1.00562878
1986 1.00221507
1987 1.01169400
1988 1.00700320
1989 1.00873776
1990 1.01011082
1991 0.99628305
1992 1.00731732
1993 1.00774718
1994 1.00140627
1995 0.99819355
1996 1.01197462
1997 1.00819777
1998 1.01121253
1999 1.01112954
2000 1.01484036
2001 1.01023765
2002 1.01635434
2003 1.00640413
2004 1.00691588
2005 1.00531851
2006 1.00759673
2007 1.01057689
2008 1.01048082
2009 1.01365142
2010 1.01889033
2011 1.01141814
2012 1.01426521
2013 1.00437147
2014 1.01751701
2015 1.01465649
2016 1.01197462
2017 0.99995000
2018 1.00311961
2019 1.00811762
2020 1.00413814
2021 1.00280259
2022 1.01133564
2023 1.00732029
2024 0.99397265
2025 0.99836216
2026 1.00829472
2027 1.00574702
2028 1.00680082
2029 0.99956520
2030 1.00108171
2031 1.01219371
2032 0.99693880
2033 0.99736695
2034 1.01015299
2035 1.00447583
2036 1.00213850
2037 0.99995000
2038 0.99935967
2039 0.99356251
2040 1.00159779
2041 1.00600106
2042 1.00380280
2043 0.99186882
2044 1.00872387
2045 0.99327140
2046 1.00647197
2047 0.99458253
2048 0.99562010
2049 0.98854731
2050 1.00465402
2051 1.00393942
2052 0.99456249
2053 1.00337590
2054 0.99850623
2055 0.99154996
2056 1.00353756
2057 0.99742237
2058 0.99935967
2059 1.00394030
2060 1.00261781
2061 1.00642817
2062 1.00954530
2063 1.01514224
2064 1.00837853
2065 1.01050066
2066 1.00917006
2067 1.00869572
2068 1.00801504
2069 0.99545776
2070 1.01291133
2071 1.01448481
2072 1.00772185
2073 1.01099367
2074 1.01604074
2075 1.00398439
2076 1.01347631
2077 1.00109992
2078 1.01006233
2079 1.00394030
2080 1.00078928
2081 1.00643989
2082 1.00357752
2083 1.00398769
2084 0.99981237
2085 1.00077851
2086 1.00198378
2087 0.99870789
2088 0.99365997
2089 1.00419036
2090 1.00314706
2091 1.00131285
2092 1.00467874
2093 0.99368155
2094 1.00251583
2095 1.00501551
2096 0.99859897
2097 1.00093555
2098 1.00685652
2099 1.00158427
2100 1.00078928
2101 1.00771085
2102 0.99326900
2103 1.00341030
2104 1.00728429
2105 1.01730435
2106 0.99666487
2107 1.00413005
2108 0.99864419
2109 1.00124514
2110 0.99913024
2111 0.99690287
2112 1.00026287
2113 0.99421715
2114 1.00238399
2115 0.99743559
2116 0.99546832
2117 1.00083235
2118 0.99579027
2119 0.99940882
2120 0.99822774
2121 1.00771085
2122 1.00165316
2123 1.00591437
2124 1.01540605
2125 1.00259936
2126 1.00405345
2127 1.00459846
2128 1.00137297
2129 0.99791862
2130 1.00902570
2131 1.00068368
2132 0.99494343
2133 1.00447310
2134 1.00484425
2135 1.01082063
2136 1.00037408
2137 1.00390385
2138 1.00567499
2139 1.01154523
2140 1.00007803
2141 1.00021286
2142 1.00165316
2143 0.99500531
2144 0.99983050
2145 1.00789410
2146 0.99909873
2147 1.00266223
2148 0.99810944
2149 1.00996180
2150 1.00614896
2151 0.99877687
2152 1.00915312
2153 1.00373536
2154 1.00875890
2155 1.00947371
2156 1.00689471
2157 1.00995366
2158 0.99869490
2159 1.00204068
2160 1.00715030
2161 1.00654405
2162 1.00359107
2163 0.99500531
2164 1.00452612
2165 0.99811930
2166 1.00520241
2167 0.99698845
2168 1.00698209
2169 1.00171821
2170 0.99257484
2171 1.00908307
2172 1.00114824
2173 0.99751293
2174 0.99604466
2175 1.00193598
2176 1.00299544
2177 1.00324506
2178 1.00010040
2179 1.00242790
2180 0.99450423
2181 1.00557722
2182 0.99410731
2183 1.00228618
2184 1.00452612
2185 0.99510514
2186 1.00462265
2187 1.01338547
2188 1.00855986
2189 1.00656285
2190 1.01269953
2191 1.00639009
2192 1.01739898
2193 1.01049528
2194 1.00960013
2195 1.00064626
2196 1.00201215
2197 1.01226423
2198 1.00760285
2199 1.00898911
2200 1.01213687
2201 1.00013410
2202 1.01097144
2203 1.01403356
2204 1.00363301
2205 0.99510514
2206 1.00764791
2207 0.99982387
2208 1.00336061
2209 0.99520847
2210 0.99835782
2211 1.00281121
2212 1.00617152
2213 0.98338024
2214 1.00233545
2215 1.00128263
2216 1.00201487
2217 1.00652774
2218 1.00432792
2219 1.00190353
2220 1.00199198
2221 0.99719507
2222 1.00287481
2223 0.99508283
2224 0.99800875
2225 0.99684384
2226 1.00764791
2227 1.00545567
2228 1.00848490
2229 1.01320365
2230 1.01213453
2231 1.00549301
2232 1.00354693
2233 1.01149540
2234 1.01623962
2235 1.01193144
2236 1.00656070
2237 1.01875406
2238 1.01660587
2239 1.01231737
2240 1.01320282
2241 1.00500811
2242 1.01318779
2243 1.01503036
2244 1.01994327
2245 1.01300842
2246 1.01588601
2247 1.00545567
2248 0.98648016
2249 0.99798478
2250 0.99559116
2251 1.00295000
2252 0.99859341
2253 0.99672393
2254 1.00354654
2255 0.99737009
2256 0.99158990
2257 0.99401075
2258 0.99559537
2259 0.99212838
2260 0.99842656
2261 1.00590714
2262 0.99210647
2263 0.99166184
2264 1.00428515
2265 0.99045396
2266 0.99602210
2267 0.99062509
2268 0.98648016
2269 1.00287270
2270 1.00545547
2271 1.00759959
2272 1.01373949
2273 1.00553218
2274 1.01210747
2275 1.00462878
2276 1.00643983
2277 1.00809683
2278 1.00928489
2279 1.00892773
2280 1.00859822
2281 1.00967241
2282 1.01445958
2283 0.99876265
2284 1.00729101
2285 1.00506132
2286 1.00548357
2287 1.00422370
2288 1.01192406
2289 1.00287270
2290 1.01174072
2291 1.00283874
2292 1.00742804
2293 1.01815320
2294 1.00411951
2295 0.99569104
2296 1.01407377
2297 1.00898863
2298 1.01118339
2299 1.00969637
2300 0.99602319
2301 1.00903379
2302 1.00915122
2303 1.01297196
2304 1.00744475
2305 1.00437985
2306 1.00648676
2307 1.00158621
2308 1.01024858
2309 0.99800099
2310 1.01174072
2311 0.99954455
2312 0.99672855
2313 1.00086419
2314 0.99968676
2315 1.00512778
2316 1.00612777
2317 0.99695337
2318 0.99402583
2319 0.99318024
2320 0.99605010
2321 0.99735037
2322 0.99260415
2323 0.99953143
2324 0.99741122
2325 1.00427653
2326 0.99569504
2327 0.99572608
2328 0.99597089
2329 0.98884769
2330 1.00030366
2331 0.99954455
2332 1.00636699
2333 0.99541094
2334 1.00194482
2335 1.00399817
2336 0.99895889
2337 1.00825347
2338 1.00596035
2339 1.00035507
2340 1.00448678
2341 1.00048174
2342 1.00799514
2343 1.00137500
2344 1.00277754
2345 1.01246083
2346 1.00410319
2347 0.99915439
2348 1.00173559
2349 1.00865197
2350 0.99934156
2351 1.01076607
2352 1.00636699
2353 1.00042850
2354 1.00847772
2355 1.00471128
2356 1.00995792
2357 1.00313355
2358 0.99641917
2359 1.00149027
2360 1.00806061
2361 1.00170824
2362 0.99504781
2363 0.99440311
2364 1.00031853
2365 0.99529998
2366 1.00438719
2367 1.00719622
2368 0.99350020
2369 1.00368674
2370 1.00366224
2371 0.99747354
2372 1.01540130
2373 1.00042850
2374 1.00571822
2375 1.00584266
2376 1.00732207
2377 1.00304790
2378 1.00272321
2379 0.99981769
2380 1.00615231
2381 1.00181224
2382 1.00495362
2383 1.00405421
2384 1.01203619
2385 1.00021877
2386 1.00037689
2387 1.00067508
2388 1.01006329
2389 1.00163275
2390 1.00435098
2391 1.00945867
2392 1.00064558
2393 1.00277054
2394 1.00571822
2395 0.99467771
2396 0.99998120
2397 0.99236240
2398 0.99950812
2399 1.01201680
2400 0.99535006
2401 1.00185178
2402 0.99133173
2403 1.00284826
2404 0.99833117
2405 1.00053332
2406 1.00585952
2407 1.00497663
2408 1.00957361
2409 0.99450556
2410 0.99855468
2411 0.99550697
2412 0.99536115
2413 1.00130962
2414 0.99749420
2415 0.99467771
2416 1.01019525
2417 1.00066839
2418 0.99688242
2419 1.00402466
2420 0.99401230
2421 1.01801879
2422 1.00503755
2423 0.99653995
2424 1.00102641
2425 1.00649382
2426 1.00375923
2427 1.00559456
2428 1.01785797
2429 1.01272153
2430 1.00516587
2431 1.00131731
2432 1.00419351
2433 1.00464535
2434 0.99955469
2435 1.01666758
2436 1.01019525
2437 1.01054437
2438 0.99599400
2439 1.00024154
2440 1.00401158
2441 1.00008155
2442 1.00790734
2443 1.00077202
2444 0.99405153
2445 1.00936104
2446 0.99846101
2447 1.00608420
2448 1.00705745
2449 1.00330016
2450 1.00593184
2451 0.99687292
2452 1.00400410
2453 1.00631952
2454 0.99791579
2455 1.00386324
2456 0.99714694
2457 1.01054437
2458 1.00062964
2459 1.01291044
2460 1.00590703
2461 1.00424952
2462 1.01498033
2463 1.00870761
2464 1.00384476
2465 1.00307670
2466 0.99830251
2467 1.00942082
2468 1.00932728
2469 1.01046348
2470 0.99894426
2471 1.00716665
2472 1.00145478
2473 1.00713641
2474 1.00739368
2475 1.00286701
2476 1.00247829
2477 0.99945439
2478 1.00062964
2479 0.99353200
2480 1.00042880
2481 0.99820728
2482 1.00244941
2483 0.99516826
2484 1.00339670
2485 0.99885996
2486 1.00267820
2487 0.99908125
2488 1.00230353
2489 1.00731569
2490 0.99303738
2491 1.00085235
2492 0.99919581
2493 0.99571724
2494 1.00142794
2495 1.00772524
2496 1.00823074
2497 0.99932310
2498 1.00014767
2499 0.99353200
2500 0.99965162
2501 1.00001887
2502 1.00104338
2503 1.00228295
2504 1.00626851
2505 0.99335777
2506 0.99339351
2507 0.99703643
2508 0.99365002
2509 1.00390862
2510 1.00041700
2511 0.99422485
2512 1.00615635
2513 1.00434328
2514 0.99429894
2515 1.00392957
2516 0.99470816
2517 0.99724261
2518 0.99796159
2519 1.00123486
2520 0.99965162
2521 1.00150202
2522 1.00427380
2523 1.01128812
2524 0.99885017
2525 1.00061835
2526 1.00772461
2527 1.00778591
2528 1.00261523
2529 1.00945424
2530 1.00540227
2531 1.00403177
2532 1.01099981
2533 1.00603014
2534 1.00016095
2535 1.00478180
2536 1.01052707
2537 1.00493360
2538 1.00256873
2539 1.01073289
2540 0.99694854
2541 1.00150202
2542 1.00017400
2543 0.99390227
2544 0.99350178
2545 1.00234322
2546 1.00157415
2547 1.00513282
2548 1.00020914
2549 0.99643058
2550 1.00364002
2551 1.00567803
2552 0.99906934
2553 0.99555920
2554 0.99794997
2555 1.00180492
2556 1.00317641
2557 1.00056529
2558 1.00264662
2559 1.00161963
2560 0.99921722
2561 1.00316504
2562 1.00017400
2563 1.00463088
2564 0.99625656
2565 1.00104865
2566 1.00305976
2567 1.00693817
2568 1.00805558
2569 1.00248419
2570 1.00406932
2571 1.00653341
2572 1.00370091
2573 1.01268531
2574 1.00930395
2575 0.99944698
2576 1.00332753
2577 1.00818551
2578 1.00687580
2579 1.00576487
2580 1.00469944
2581 1.00201383
2582 1.00548322
2583 1.00463088
2584 1.00332195
2585 1.00235269
2586 1.00111832
2587 0.99939027
2588 1.01015818
2589 1.01023855
2590 1.00452451
2591 1.01531490
2592 1.00753837
2593 0.99748409
2594 1.00600488
2595 1.00584519
2596 0.99529294
2597 1.00831061
2598 0.99940780
2599 1.00002837
2600 0.99910340
2601 1.00626762
2602 1.00367024
2603 1.00677621
2604 1.00332195
2605 1.00356313
2606 1.00772788
2607 1.01436696
2608 1.00595372
2609 1.01219010
2610 1.00427992
2611 1.01096465
2612 1.00988475
2613 1.01252661
2614 1.00931695
2615 1.00547204
2616 1.00956490
2617 0.99850302
2618 1.00284166
2619 1.01338228
2620 1.00891102
2621 1.00430180
2622 1.01108505
2623 1.00173121
2624 1.00327953
2625 1.00356313
2626 0.99776879
2627 1.00031904
2628 0.99734613
2629 0.99174533
2630 1.00194666
2631 1.00536063
2632 1.00676024
2633 1.00292927
2634 1.00813970
2635 1.00349893
2636 1.00799611
2637 1.00112986
2638 0.99648197
2639 0.99719434
2640 0.99529669
2641 1.00854328
2642 1.00716963
2643 0.99876918
2644 1.00624672
2645 0.99886848
2646 0.99776879
2647 1.00404043
2648 1.00241755
2649 1.00359389
2650 1.01047790
2651 1.00527696
2652 1.00961438
2653 1.01296697
2654 1.01287078
2655 1.00177621
2656 1.00029600
2657 1.00928662
2658 1.01490329
2659 1.00912975
2660 1.01165775
2661 1.00987542
2662 1.00259826
2663 1.01130700
2664 1.00775851
2665 1.00192008
2666 0.99692878
2667 1.00404043
2668 0.98744908
2669 0.99403077
2670 1.00317630
2671 1.00344818
2672 0.98818630
2673 0.99949690
2674 1.00251775
2675 0.99232410
2676 0.99686283
2677 1.00081213
2678 1.00919881
2679 1.00123618
2680 1.00795414
2681 0.99856649
2682 0.99467362
2683 0.99664162
2684 1.00292204
2685 0.99389039
2686 0.99787359
2687 0.99390599
2688 0.98744908
2689 1.00370618
2690 0.99402393
2691 0.99145088
2692 0.99961601
2693 1.00582350
2694 0.99520353
2695 1.00468906
2696 1.00421862
2697 0.99572262
2698 1.00228299
2699 1.01014782
2700 0.99984183
2701 1.00089787
2702 1.00029949
2703 0.99991030
2704 1.00410661
2705 1.00338190
2706 0.99305067
2707 1.00666149
2708 1.00037655
2709 1.00370618
2710 1.01814680
2711 1.00456672
2712 1.00384849
2713 1.01092059
2714 1.00822325
2715 1.00700904
2716 1.00605956
2717 1.00847047
2718 1.00863897
2719 0.99824745
2720 1.00564382
2721 1.00877651
2722 1.00932661
2723 1.01503886
2724 1.00396987
2725 1.01185046
2726 1.01369663
2727 1.01436182
2728 0.99867010
2729 1.00439693
2730 1.01814680
2731 0.99805396
2732 1.01032267
2733 1.00597487
2734 1.00677158
2735 1.00460248
2736 1.00528200
2737 1.00391136
2738 1.00806722
2739 1.00526995
2740 1.00446834
2741 1.00127224
2742 1.01402540
2743 1.00290610
2744 1.00361325
2745 1.00303916
2746 1.01152702
2747 0.99390326
2748 1.00720873
2749 0.99843941
2750 1.00964230
2751 0.99805396
2752 1.00526996
2753 1.00025908
2754 0.99611597
2755 1.00094932
2756 1.00283593
2757 0.99073170
2758 1.00444523
2759 1.00486706
2760 1.00679509
2761 1.00920260
2762 1.00913321
2763 1.00597475
2764 1.01014718
2765 0.99927043
2766 1.01487021
2767 1.00528952
2768 1.00685545
2769 0.99853544
2770 1.00579492
2771 1.00021684
2772 1.00526996
2773 0.95268779
2774 0.95344977
2775 0.96815631
2776 0.97035820
2777 0.97557605
2778 0.98023203
2779 0.97140455
2780 0.97804589
2781 0.98310983
2782 0.98497351
2783 0.98544538
2784 0.98669037
2785 0.97931619
2786 0.98253755
2787 0.98155367
2788 0.97194490
2789 0.97445561
2790 0.96939875
2791 0.95867562
2792 0.95799035
2793 0.95268779
2794 0.99690561
2795 1.00581490
2796 1.00247356
2797 1.01305563
2798 1.00948603
2799 1.01735339
2800 1.01524355
2801 1.00859932
2802 1.00518966
2803 1.01563620
2804 1.00756886
2805 1.00717732
2806 1.01463161
2807 1.01214656
2808 1.00246907
2809 1.01549586
2810 1.00569389
2811 1.01355834
2812 1.00322945
2813 1.01689672
2814 0.99690561
2815 1.00637002
2816 1.00464904
2817 1.00348657
2818 1.00981540
2819 1.00209094
2820 0.99947611
2821 1.00852393
2822 0.99947396
2823 1.00575198
2824 1.00388175
2825 0.99840118
2826 1.00566135
2827 1.01253581
2828 0.99991015
2829 1.00328866
2830 1.00144458
2831 1.00776819
2832 1.01127638
2833 1.00064483
2834 1.00413108
2835 1.00637002
2836 1.00476939
2837 1.00648960
2838 1.01668815
2839 0.99722128
2840 1.00050372
2841 0.99839603
2842 1.00306433
2843 0.99985907
2844 0.99488066
2845 0.99771235
2846 0.99403581
2847 1.00847153
2848 0.99600139
2849 0.99543970
2850 0.99412724
2851 1.00777354
2852 1.00593753
2853 1.00104974
2854 1.00087070
2855 0.99919353
2856 1.00476939
2857 0.99457728
2858 1.00166996
2859 1.00219674
2860 1.00160441
2861 1.00115934
2862 0.99827242
2863 1.00249358
2864 0.99723937
2865 1.00555385
2866 1.00400340
2867 1.00424442
2868 1.01234574
2869 1.00311700
2870 1.00367017
2871 1.00235626
2872 1.00918441
2873 0.99526539
2874 1.00149945
2875 0.99911877
2876 1.00834226
2877 0.99457728
2878 0.99608301
2879 1.00756831
2880 1.00943557
2881 1.01174796
2882 1.00213482
2883 1.00469595
2884 1.00028829
2885 1.00153998
2886 1.00629690
2887 1.00137788
2888 1.01113569
2889 1.00658196
2890 1.00474355
2891 0.99799022
2892 1.00792337
2893 1.00572158
2894 1.00755451
2895 1.00652144
2896 1.00049196
2897 1.00668181
2898 0.99608301
2899 1.00907958
2900 1.00564499
2901 1.00647881
2902 1.01142553
2903 0.99974990
2904 0.99693278
2905 1.00891989
2906 1.01374934
2907 1.01362974
2908 1.01021308
2909 1.01810689
2910 1.00823128
2911 1.00753040
2912 1.01051036
2913 1.00075914
2914 1.01421631
2915 1.00332894
2916 1.01265043
2917 1.00710394
2918 1.00846540
2919 1.00907958
2920 1.00280071
2921 1.01408015
2922 1.00780532
2923 0.99808233
2924 1.00917045
2925 1.00125096
2926 1.00417269
2927 1.00903780
2928 1.00481803
2929 1.00034914
2930 1.01391245
2931 1.00160108
2932 1.00148529
2933 1.00671425
2934 1.00606981
2935 1.00437461
2936 1.00471906
2937 0.99899212
2938 1.00918479
2939 1.00504256
2940 1.00280071
2941 1.01278089
2942 1.01261886
2943 1.01705887
2944 1.02068417
2945 1.02303885
2946 1.01429388
2947 1.00892775
2948 1.01939860
2949 1.01027637
2950 1.01217737
2951 1.01354847
2952 1.02162054
2953 1.01155814
2954 1.02530835
2955 1.01077364
2956 1.00390710
2957 1.01919310
2958 1.01256465
2959 1.01567462
2960 1.01545612
2961 1.01278089
2962 1.00681491
2963 1.01071758
2964 0.99599487
2965 0.99165944
2966 1.00122922
2967 1.00062536
2968 1.00064678
2969 1.00627098
2970 1.00085160
2971 1.00270069
2972 1.00261108
2973 0.99292740
2974 0.99505632
2975 1.00358163
2976 0.99093723
2977 0.98822679
2978 0.99583789
2979 0.99594856
2980 1.00048280
2981 1.00190666
2982 1.00681491
2983 0.99240020
2984 1.00150562
2985 1.00116447
2986 0.99506545
2987 0.99719108
2988 1.00581778
2989 1.00847096
2990 1.00281997
2991 1.00694786
2992 1.00332229
2993 1.00643447
2994 1.00289745
2995 0.99910470
2996 1.00490027
2997 1.00055600
2998 1.00693355
2999 1.00893852
3000 0.99838387
3001 1.00407682
3002 1.00537870
3003 0.99240020
3004 1.01140303
3005 1.00219127
3006 1.00332655
3007 1.00910168
3008 1.01705604
3009 1.00846220
3010 1.00564348
3011 1.01299735
3012 1.00785078
3013 1.01639820
3014 1.01665105
3015 1.01623204
3016 1.01163878
3017 1.00053970
3018 1.01414589
3019 1.01474390
3020 1.01250103
3021 1.00195276
3022 1.00487033
3023 1.02052139
3024 1.01140303
