index DenDen_position
1 1.63014459
2 1.58389292
3 1.54681551
4 1.51791689
5 1.50136909
6 1.48382642
7 1.47473816
8 1.45474968
9 1.45629675
10 1.45338980
11 1.44764760
12 1.45512273
13 1.45907192
14 1.45799347
15 1.46874442
16 1.48537076
17 1.49952787
18 1.52078475
19 1.54186838
20 1.57907764
21 1.63014459
22 0.94638122
23 0.95501966
24 0.96381222
25 0.97590574
26 0.98164681
27 0.97669756
28 0.98444249
29 0.98081382
30 0.98749464
31 0.98895965
32 0.98210073
33 0.98573108
34 0.99021107
35 0.98673994
36 0.98246811
37 0.98179847
38 0.98423874
39 0.97832087
40 0.96356675
41 0.96858337
42 0.94638122
43 0.99898549
44 0.99190203
45 0.99109791
46 1.00056088
47 0.99988708
48 0.99284279
49 0.99872042
50 0.99874410
51 1.00555346
52 1.00291037
53 0.99532086
54 0.99898906
55 0.99633775
56 0.99756293
57 1.00303615
58 0.99671089
59 1.00834351
60 1.00319602
61 0.99922212
62 0.98878221
63 0.99898549
64 0.99406238
65 1.00407813
66 1.00483105
67 1.00375414
68 0.99825437
69 0.99457740
70 0.99656687
71 0.99955464
72 1.00043728
73 1.00846801
74 1.00555058
75 1.00076906
76 1.00727258
77 0.99559431
78 1.00008959
79 1.00539013
80 0.99930696
81 1.00588412
82 1.00805543
83 1.00595609
84 0.99406238
85 1.00818597
86 0.99099698
87 0.99672705
88 1.00509796
89 0.98857965
90 0.99953416
91 1.00210159
92 0.99290297
93 0.99359049
94 0.99537169
95 0.98959971
96 0.99436705
97 1.00093535
98 0.99091730
99 1.00833111
100 0.99065745
101 0.99831068
102 0.99225257
103 0.99613949
104 1.00894942
105 1.00818597
106 1.00064049
107 0.98998492
108 0.98746795
109 0.99279323
110 0.98890449
111 1.00191261
112 0.99597589
113 0.99127174
114 0.99137005
115 0.99221462
116 0.98838891
117 0.99087049
118 0.98397526
119 0.98699739
120 1.00065507
121 0.99509437
122 1.00027284
123 0.99682172
124 0.99607626
125 0.99624384
126 1.00064049
127 0.99349931
128 0.98958537
129 0.99607850
130 0.99647463
131 0.98468294
132 0.99306803
133 0.99897707
134 0.99505734
135 0.98884352
136 0.99862362
137 1.00038347
138 0.99081077
139 0.98290329
140 0.99651049
141 0.99131900
142 0.98320871
143 0.99745769
144 0.99059940
145 0.99473853
146 0.99762460
147 0.99349931
148 0.99586904
149 0.99333669
150 0.98551371
151 0.98849705
152 0.98371380
153 0.98557578
154 0.99427010
155 0.99789326
156 0.98057796
157 0.98513452
158 0.99163319
159 0.98939363
160 0.98941009
161 0.98773538
162 0.99690868
163 0.99552542
164 0.99559382
165 0.99513602
166 0.99330614
167 0.98815443
168 0.99586904
169 0.99886543
170 1.00570680
171 0.99972629
172 1.00349029
173 0.98930542
174 1.00562543
175 0.99477333
176 0.99455094
177 1.00173624
178 1.00585808
179 0.99210377
180 1.00021118
181 1.00932060
182 0.99743745
183 0.99862124
184 0.99591814
185 1.00117879
186 0.99623678
187 1.00387568
188 1.00210275
189 0.99886543
190 1.00210606
191 1.00633948
192 0.99376088
193 1.00322586
194 1.00500931
195 1.00373220
196 1.00488434
197 0.99608539
198 1.00830780
199 0.99814128
200 0.99817360
201 0.99863918
202 0.99906852
203 1.00369492
204 1.00656463
205 1.00389783
206 0.99870987
207 0.99442799
208 0.99526513
209 1.00238879
210 1.00210606
211 0.99985894
212 0.99596582
213 0.99740876
214 1.00900915
215 1.00135267
216 1.00154711
217 1.00073514
218 1.00004862
219 1.00135046
220 0.99647455
221 0.99872809
222 1.01169918
223 0.99841617
224 0.99918607
225 0.99560994
226 0.99541524
227 0.99972574
228 0.99394915
229 0.99457166
230 1.00259458
231 0.99985894
232 0.94862890
233 0.95650824
234 0.96746169
235 0.96426044
236 0.98283378
237 0.97404295
238 0.98352166
239 0.99170395
240 0.98396716
241 0.99048673
242 0.98392881
243 0.98561817
244 0.99404277
245 0.98461220
246 0.97278658
247 0.97836065
248 0.98205388
249 0.97128190
250 0.96420150
251 0.96310197
252 0.94862890
253 0.93413094
254 0.93861399
255 0.96341141
256 0.97045720
257 0.96912156
258 0.98556575
259 0.97854334
260 0.97912224
261 0.97392391
262 0.98911658
263 0.98565222
264 0.97675954
265 0.97120193
266 0.96879633
267 0.97336660
268 0.97419174
269 0.96712588
270 0.96456431
271 0.95638777
272 0.94957626
273 0.93413094
274 1.00166464
275 1.00536315
276 1.00859239
277 1.00325621
278 1.00791419
279 1.00322109
280 1.00044065
281 1.00891580
282 1.01086691
283 1.01003178
284 1.00829694
285 1.00516149
286 1.00228185
287 1.00134601
288 1.00020781
289 1.00117653
290 1.00067129
291 0.99314039
292 1.01379919
293 1.00474731
294 1.00166464
295 0.99510208
296 0.99267710
297 0.99152443
298 1.00222526
299 1.00111381
300 0.99875481
301 0.99498098
302 0.99570206
303 0.99445287
304 0.99331377
305 1.00088742
306 0.98327721
307 0.99621662
308 0.99578981
309 1.00327312
310 0.99332284
311 0.98840933
312 0.98552312
313 0.98942351
314 0.99432993
315 0.99510208
316 0.99524769
317 0.99721650
318 0.99633244
319 0.99057132
320 0.98499934
321 0.98663623
322 0.99965578
323 0.98377333
324 0.99874238
325 0.99292142
326 0.99652154
327 0.99352309
328 0.99140835
329 0.99327456
330 0.98361873
331 0.99339673
332 1.00142044
333 0.98686246
334 0.98979191
335 0.98706027
336 0.99524769
337 0.99347058
338 0.99633030
339 0.99289726
340 1.00231572
341 0.99392464
342 0.99753979
343 0.99825928
344 0.99956158
345 0.99472163
346 0.99911670
347 0.99783068
348 1.00316594
349 1.00488630
350 0.99449282
351 0.99683152
352 0.98898327
353 0.99350870
354 0.99241078
355 0.99418841
356 0.99766696
357 0.99347058
358 0.99532233
359 0.98857510
360 0.99596500
361 0.99487834
362 0.98568109
363 0.98544957
364 0.99382078
365 0.99155005
366 0.98988008
367 0.98813134
368 0.99631353
369 0.99537640
370 0.98656385
371 0.98560198
372 0.98992950
373 0.99417719
374 0.99382478
375 0.99280071
376 0.99295754
377 0.99513742
378 0.99532233
379 1.00293826
380 1.00054797
381 1.00190928
382 1.00681785
383 0.99902911
384 0.99616458
385 1.00019409
386 1.00533396
387 1.00363860
388 0.99974976
389 1.00435313
390 1.00021801
391 1.00240027
392 0.99820903
393 1.00449096
394 0.99351731
395 0.99627194
396 0.99738759
397 1.00071235
398 1.00576195
399 1.00293826
400 0.99278834
401 0.99606576
402 0.99373651
403 0.99264584
404 0.99909576
405 0.99754325
406 1.00596083
407 0.99392413
408 0.98701570
409 0.99443254
410 0.98801743
411 0.99746499
412 0.99448386
413 0.99119656
414 0.99419528
415 0.99951964
416 0.99190174
417 0.98774070
418 0.98446779
419 0.99765608
420 0.99278834
421 1.00947880
422 1.00333519
423 1.01165778
424 1.00317440
425 1.00124241
426 1.00319838
427 1.00119412
428 1.01710397
429 1.00287040
430 1.01265714
431 1.00691885
432 1.00122187
433 0.99848344
434 0.99296860
435 1.01567277
436 1.00289898
437 1.00379245
438 0.99948705
439 1.00305706
440 0.99738473
441 1.00947880
442 1.00574838
443 1.00388689
444 0.98889929
445 0.99617846
446 0.99142463
447 1.00076751
448 0.98854930
449 1.00166408
450 0.99697226
451 0.98740792
452 0.98956101
453 0.99666393
454 0.99746974
455 0.99756804
456 0.98865991
457 0.99117080
458 1.00070040
459 0.99890538
460 0.99438732
461 0.99996874
462 1.00574838
463 0.99585289
464 1.00332845
465 1.00065242
466 1.00167690
467 0.99384801
468 1.00461612
469 1.00865107
470 0.99592330
471 1.00390362
472 1.00413583
473 0.99925238
474 0.99871881
475 0.99257317
476 0.99893891
477 1.01455958
478 1.00271861
479 0.99894541
480 1.00218293
481 0.99695886
482 1.00098518
483 0.99585289
484 0.99997238
485 0.99925429
486 0.99782850
487 1.00043849
488 1.00297882
489 1.00682078
490 1.00561802
491 1.00226942
492 0.98924426
493 1.00097563
494 1.00412013
495 1.00452562
496 1.00758876
497 1.01001189
498 1.00555146
499 0.99451164
500 1.00062454
501 0.99925472
502 0.99625465
503 1.00643255
504 0.99997238
505 0.99549451
506 1.00078905
507 0.99698186
508 0.99788066
509 0.99489157
510 1.00778861
511 0.99869901
512 0.99280368
513 0.99128603
514 0.99732616
515 0.99373480
516 0.99184202
517 0.99887054
518 1.00042847
519 0.99487581
520 0.98917016
521 0.99195632
522 1.00192720
523 0.99048962
524 0.98924320
525 0.99549451
526 0.99343838
527 1.00030907
528 0.98528589
529 0.99231192
530 0.98718975
531 0.99987274
532 0.98921967
533 0.99217121
534 0.98767275
535 0.99396017
536 1.00297145
537 0.99529822
538 0.99194078
539 0.99540517
540 0.99530755
541 0.98901082
542 0.98563651
543 0.98312656
544 0.99125395
545 0.99569274
546 0.99343838
547 0.99818010
548 0.99992136
549 1.01012510
550 0.99929016
551 0.98906377
552 0.99871746
553 1.01050036
554 1.00228579
555 1.00154779
556 1.00217717
557 0.99834126
558 1.00130064
559 1.00541468
560 1.00202990
561 1.00988737
562 0.98299925
563 0.99714466
564 0.99948865
565 0.99834944
566 0.99903780
567 0.99818010
568 1.00487551
569 0.99276334
570 0.99843830
571 0.99465982
572 0.99527838
573 0.99199443
574 0.99466981
575 0.99850993
576 0.99933290
577 1.00136057
578 1.00366164
579 0.99422918
580 0.99490638
581 0.99685182
582 0.99240258
583 1.00321702
584 1.00071812
585 0.99976992
586 0.99998077
587 0.99633828
588 1.00487551
589 0.99928029
590 0.99169887
591 0.99793485
592 0.99388807
593 1.00739344
594 0.98603665
595 1.00019841
596 0.99170656
597 0.99921346
598 1.00266120
599 1.00232857
600 0.99780567
601 0.99763615
602 0.99656655
603 1.00244958
604 0.98946288
605 0.98505738
606 0.99156154
607 0.99127262
608 0.99331432
609 0.99928029
610 1.00419226
611 1.00597122
612 1.00291032
613 0.99713882
614 1.00735117
615 1.00543031
616 0.99876055
617 0.99040497
618 1.00295416
619 1.00544444
620 1.00305919
621 1.00154579
622 1.00458486
623 1.01159044
624 0.99893674
625 1.00264637
626 1.00690578
627 1.00588970
628 1.01677726
629 1.00205028
630 1.00419226
631 0.99998783
632 1.00426548
633 1.00290124
634 1.00604334
635 0.99393727
636 1.00496254
637 1.00090707
638 0.99535146
639 1.00306122
640 0.98635404
641 0.99627445
642 1.00045012
643 1.00333227
644 1.00591449
645 1.00037640
646 1.00506014
647 1.00319131
648 1.00044702
649 1.00663488
650 1.00024796
651 0.99998783
652 0.99505175
653 0.99798970
654 0.99373085
655 0.98936021
656 0.99314518
657 0.99232700
658 0.99305939
659 0.99135128
660 1.00661291
661 1.00347525
662 0.99299559
663 1.00430025
664 0.99448779
665 1.00153713
666 0.99058917
667 1.00379778
668 0.99132006
669 1.00405072
670 0.99742610
671 0.99940892
672 0.99505175
673 0.98348349
674 0.99252237
675 0.99027558
676 0.99287439
677 0.98108891
678 0.98923572
679 0.99837151
680 0.99047515
681 0.99367899
682 0.98967193
683 0.99135838
684 0.98489440
685 1.00229152
686 0.99876493
687 0.99979752
688 0.99540251
689 0.99172025
690 0.99387949
691 0.99102516
692 0.99211372
693 0.98348349
694 1.00172994
695 0.99658991
696 0.99895320
697 1.00719891
698 0.99592055
699 1.00211648
700 1.00970370
701 1.00635856
702 1.00214688
703 1.00560267
704 0.99844822
705 0.99501732
706 1.00108829
707 0.99401709
708 0.99261971
709 1.00575155
710 0.99834353
711 0.99365365
712 1.00044789
713 0.99849445
714 1.00172994
715 0.98912164
716 0.99326826
717 0.98730851
718 0.98943378
719 0.99135552
720 0.99492183
721 0.99786390
722 0.99714878
723 0.99818728
724 0.98911418
725 0.99306598
726 1.00265040
727 0.99665610
728 0.98967799
729 0.99367721
730 0.99111462
731 1.00063089
732 0.99992447
733 0.99643073
734 0.99613059
735 0.98912164
736 1.00000454
737 0.99414960
738 1.00111292
739 0.99714002
740 0.99290979
741 1.00106713
742 1.00489199
743 0.99594048
744 0.99957230
745 1.00359723
746 0.99581134
747 0.98794950
748 0.99353678
749 0.99525080
750 0.99676979
751 1.00272902
752 0.99520046
753 1.00204607
754 1.00796188
755 1.00962888
756 1.00000454
757 0.99112317
758 0.99158060
759 0.98819159
760 0.99132949
761 0.99200744
762 0.98714922
763 0.99526449
764 0.99066992
765 0.99144939
766 0.99500441
767 0.98717263
768 0.99163756
769 0.99758784
770 0.99856747
771 0.99345323
772 0.98987786
773 0.99460186
774 0.99545800
775 0.99609707
776 0.99616600
777 0.99112317
778 0.99455918
779 0.99425655
780 0.98748213
781 0.99822427
782 0.99110386
783 0.98903614
784 0.99036899
785 0.99494806
786 0.99459401
787 0.99720826
788 0.99349291
789 0.99464021
790 0.99571906
791 0.98784802
792 0.99041061
793 0.99347073
794 0.99322078
795 0.99057735
796 0.99563213
797 0.99617670
798 0.99455918
799 0.99549132
800 1.00145331
801 0.99302187
802 0.99982723
803 0.99719904
804 0.99662289
805 1.00013001
806 0.99803030
807 0.99175561
808 1.00128607
809 0.99631263
810 0.99718873
811 1.00327836
812 0.99451721
813 0.99786671
814 0.98538894
815 0.99760714
816 1.00611739
817 0.99869450
818 1.00460596
819 0.99549132
820 0.99501508
821 0.99938415
822 0.99632897
823 1.00033458
824 1.00477984
825 0.99686279
826 0.99588279
827 1.00421088
828 0.99747790
829 0.99169443
830 0.99429726
831 1.00241116
832 0.99683993
833 0.99428610
834 0.99592624
835 1.00467206
836 0.99075521
837 1.00608012
838 0.99621608
839 0.99501530
840 0.99501508
841 0.98959731
842 0.98971728
843 0.99564953
844 0.98234784
845 0.99375702
846 0.99449442
847 1.00020665
848 0.99771344
849 0.99027380
850 0.99256375
851 0.99187337
852 0.98983705
853 0.99181318
854 0.99484202
855 0.98290698
856 0.98998223
857 0.98703976
858 0.98211572
859 0.99691476
860 0.98754388
861 0.98959731
862 0.99629367
863 0.98498406
864 0.99053752
865 0.98855138
866 0.98981644
867 0.99403952
868 0.99002408
869 0.99293169
870 0.99018025
871 0.98034008
872 0.99088554
873 0.99091848
874 0.99310176
875 0.99487161
876 0.99742508
877 0.98387267
878 0.99428705
879 0.98970912
880 0.99580197
881 0.99793871
882 0.99629367
883 0.99743185
884 1.00031148
885 0.99918613
886 0.99773733
887 0.99998707
888 0.99897007
889 1.00009440
890 0.99329668
891 1.00226887
892 0.99102132
893 0.98740071
894 1.00190846
895 0.99524899
896 0.98661630
897 1.00283855
898 0.99574292
899 1.00396316
900 1.00125133
901 1.00624396
902 1.00258600
903 0.99743185
904 1.00238163
905 0.99862428
906 1.00322906
907 0.99927859
908 0.99881304
909 1.00045900
910 0.99919262
911 1.01021949
912 1.00466009
913 0.99932774
914 0.99648919
915 1.00038268
916 1.00845947
917 0.99948108
918 0.99848408
919 1.01115125
920 1.00506881
921 1.00464676
922 0.99890023
923 1.00623911
924 1.00238163
925 1.00065420
926 1.00110172
927 0.99705753
928 0.99574530
929 0.99849652
930 1.01213162
931 1.00371835
932 1.00512147
933 0.99892916
934 0.98842369
935 0.99296019
936 1.00319210
937 1.00119490
938 0.98926261
939 0.99799519
940 1.00263124
941 1.00307801
942 0.99948050
943 0.99872347
944 1.00141786
945 1.00065420
946 0.99935127
947 0.99627183
948 1.00001686
949 0.99277340
950 0.99995133
951 0.99704889
952 1.00233006
953 0.99916545
954 0.98393997
955 0.98835524
956 1.00152268
957 0.99632404
958 0.99300331
959 0.99772620
960 0.99472952
961 0.99164880
962 1.00300663
963 0.98478234
964 0.99417621
965 1.00372315
966 0.99935127
967 0.98908225
968 0.99997015
969 0.98679085
970 0.99588000
971 1.00046434
972 1.00177439
973 0.99625913
974 0.99506528
975 0.99118089
976 1.00134323
977 0.99250545
978 0.99510266
979 1.00127989
980 0.99800373
981 0.98628721
982 1.00215993
983 0.99528858
984 0.98550551
985 0.99710064
986 0.99315828
987 0.98908225
988 0.99546817
989 0.99099205
990 0.99193325
991 0.99107568
992 0.99709008
993 0.99600486
994 0.99171015
995 1.00014806
996 0.99535449
997 0.99647002
998 0.99576142
999 0.99438379
1000 0.99683906
1001 0.99506125
1002 0.99943291
1003 1.00443653
1004 0.99816390
1005 0.99513045
1006 1.00069625
1007 0.99312026
1008 0.99546817
1009 1.00747945
1010 0.99309293
1011 1.00087012
1012 0.99533479
1013 1.01091931
1014 1.00028690
1015 0.99406371
1016 1.00021486
1017 1.00199137
1018 1.00402234
1019 1.00698528
1020 0.99574959
1021 0.99425609
1022 1.00310439
1023 0.99642567
1024 0.99917815
1025 1.00683039
1026 0.99437124
1027 1.01234045
1028 1.00437952
1029 1.00747945
1030 0.98802545
1031 0.99710430
1032 0.99795353
1033 0.99986002
1034 0.99168739
1035 1.00187184
1036 0.99290081
1037 0.99852344
1038 0.99895242
1039 1.00263648
1040 0.99422123
1041 0.99990551
1042 0.98856672
1043 0.98892656
1044 0.99703292
1045 0.99264531
1046 1.00399802
1047 1.00147660
1048 1.00732467
1049 1.00095716
1050 0.98802545
1051 0.99352279
1052 0.99259524
1053 0.99244367
1054 1.00010505
1055 0.99501612
1056 0.99291280
1057 0.99817181
1058 1.00127985
1059 1.00344507
1060 0.98679579
1061 1.00115865
1062 1.00522080
1063 0.99417720
1064 0.99588482
1065 0.98992133
1066 0.99255756
1067 0.98716885
1068 0.98829060
1069 0.99273298
1070 0.99289050
1071 0.99352279
1072 0.99707211
1073 0.99933745
1074 0.99665261
1075 1.00113090
1076 1.00126990
1077 1.00332722
1078 0.99207112
1079 1.00858576
1080 0.99217735
1081 0.99045280
1082 0.98617360
1083 0.99342518
1084 0.99283993
1085 0.99441806
1086 1.00275581
1087 0.99722787
1088 0.99548302
1089 0.99895893
1090 0.99723907
1091 0.99412203
1092 0.99707211
1093 1.00386953
1094 1.00001100
1095 0.99976439
1096 1.00275073
1097 0.99956571
1098 0.99447230
1099 1.00940657
1100 1.00114604
1101 1.00319191
1102 0.99640079
1103 1.00301893
1104 1.00018775
1105 1.00043190
1106 0.99635792
1107 1.00368931
1108 1.00063089
1109 0.99577682
1110 1.00131989
1111 0.99795981
1112 1.00056728
1113 1.00386953
1114 1.00460764
1115 0.99482868
1116 1.00646914
1117 0.99487363
1118 1.00133656
1119 0.99740169
1120 0.99817382
1121 0.99817490
1122 1.00506277
1123 1.00425111
1124 0.99730407
1125 1.00329792
1126 0.99812367
1127 1.00207617
1128 0.99491483
1129 0.98935977
1130 0.99730605
1131 0.98865834
1132 0.99814225
1133 0.99201380
1134 1.00460764
1135 0.98972449
1136 1.00314038
1137 0.99232107
1138 0.98575737
1139 0.99623318
1140 1.00559449
1141 0.99462618
1142 0.99096219
1143 0.99559035
1144 0.98912371
1145 0.99690725
1146 0.99721278
1147 0.99250795
1148 1.00003663
1149 0.99661761
1150 0.99693279
1151 0.99505413
1152 0.98831365
1153 0.98752141
1154 0.98395758
1155 0.98972449
1156 1.00121560
1157 0.99733783
1158 0.99027476
1159 1.01349252
1160 1.00249454
1161 0.99667937
1162 1.00856641
1163 0.99924860
1164 0.99983936
1165 1.00494966
1166 1.00268595
1167 1.00799334
1168 1.00594260
1169 1.01023732
1170 1.00043839
1171 1.00435464
1172 1.00348574
1173 1.00555096
1174 1.00482690
1175 0.99553979
1176 1.00121560
1177 0.99038084
1178 0.99029980
1179 0.98231259
1180 0.99546409
1181 0.99558014
1182 0.98176511
1183 0.98871855
1184 0.99082236
1185 0.98403939
1186 0.99159952
1187 0.99249375
1188 0.98818920
1189 0.99559716
1190 0.98171594
1191 0.98406005
1192 0.98751203
1193 0.98238304
1194 0.99199460
1195 0.98390562
1196 0.98589415
1197 0.99038084
1198 1.00530102
1199 0.98823698
1200 0.99469272
1201 0.99634118
1202 0.99135986
1203 1.00003506
1204 0.99065020
1205 0.99227016
1206 0.99628693
1207 0.99428925
1208 1.00103334
1209 0.99271584
1210 0.99851211
1211 1.00600006
1212 1.00128361
1213 0.99893583
1214 0.99568223
1215 0.99839830
1216 0.99668056
1217 0.99405440
1218 1.00530102
1219 0.99818191
1220 0.99890470
1221 0.99406137
1222 1.00070708
1223 1.00310005
1224 0.99891898
1225 0.98930492
1226 0.99800001
1227 0.99127370
1228 1.00145020
1229 1.00120079
1230 0.99758742
1231 1.00110739
1232 0.99893924
1233 0.99852257
1234 1.00103360
1235 0.99795876
1236 0.99653652
1237 0.99944884
1238 1.00808667
1239 0.99818191
1240 0.99426001
1241 0.99873306
1242 0.99328330
1243 0.98926782
1244 1.00308244
1245 0.99269155
1246 1.00538432
1247 0.99927056
1248 0.99255356
1249 1.00230842
1250 0.99710357
1251 0.99750673
1252 0.99470218
1253 0.99087366
1254 0.99096421
1255 0.99240894
1256 0.99293054
1257 1.00875002
1258 0.99952192
1259 1.00127528
1260 0.99426001
1261 0.99962438
1262 0.99789219
1263 0.98722544
1264 0.99190508
1265 0.99641381
1266 1.00186716
1267 0.99285484
1268 0.99606068
1269 0.99347562
1270 0.98980222
1271 0.99222352
1272 0.99673086
1273 0.99723496
1274 0.99494860
1275 1.00373326
1276 0.99294657
1277 0.99267780
1278 0.99404936
1279 0.99608014
1280 0.98979385
1281 0.99962438
1282 1.02102739
1283 1.00973915
1284 1.00549307
1285 1.01161686
1286 1.00923139
1287 1.00395623
1288 1.00261359
1289 1.00890036
1290 0.99738173
1291 1.00588069
1292 1.00120252
1293 1.00362518
1294 1.01208342
1295 1.00566919
1296 1.01325714
1297 1.00041686
1298 1.00761711
1299 1.00942681
1300 1.01183120
1301 0.99819338
1302 1.02102739
1303 0.98707209
1304 0.98941456
1305 0.99549703
1306 0.99950033
1307 0.98396569
1308 0.99831944
1309 0.99652494
1310 0.98634298
1311 0.99078513
1312 0.98804170
1313 0.99803252
1314 0.98938950
1315 0.99317683
1316 1.00256789
1317 1.00402433
1318 1.00314079
1319 0.98453010
1320 1.00049326
1321 0.99005952
1322 0.99000218
1323 0.98707209
1324 0.99703001
1325 0.98833565
1326 0.99299212
1327 0.98780979
1328 1.00019618
1329 0.99213890
1330 0.98098334
1331 1.00042702
1332 0.99551911
1333 0.99325806
1334 0.99100075
1335 0.98761655
1336 0.99999196
1337 0.99379123
1338 1.00143445
1339 0.99577023
1340 0.98886126
1341 0.99712156
1342 0.99078908
1343 0.99271901
1344 0.99703001
1345 0.99618539
1346 0.99469113
1347 0.99541178
1348 0.98611042
1349 0.99625209
1350 0.99136757
1351 0.98985595
1352 0.99377716
1353 0.99799240
1354 0.98831657
1355 0.98506167
1356 0.99201944
1357 0.99596330
1358 0.99324570
1359 0.98679404
1360 0.98447343
1361 0.99036537
1362 0.99176150
1363 0.98560587
1364 0.99085709
1365 0.99618539
1366 1.00362000
1367 0.99801460
1368 0.99476551
1369 0.99394176
1370 0.98903624
1371 0.99608488
1372 0.99281439
1373 0.99930638
1374 1.00620373
1375 0.99612608
1376 0.99472393
1377 0.99921147
1378 0.99463558
1379 1.00186180
1380 0.99347995
1381 1.00810849
1382 0.99270371
1383 0.99496065
1384 0.99226653
1385 0.99307414
1386 1.00362000
1387 0.98970876
1388 1.00056988
1389 1.00223568
1390 1.00209221
1391 1.00034328
1392 0.98979900
1393 0.99351746
1394 0.99460583
1395 0.99571064
1396 1.00493140
1397 1.00922440
1398 0.99884724
1399 0.99893013
1400 0.99876822
1401 1.00264749
1402 1.00300742
1403 0.99368319
1404 0.99804002
1405 0.99274786
1406 0.99061609
1407 0.98970876
1408 0.98093906
1409 0.98675849
1410 0.99380604
1411 0.98741562
1412 0.99707388
1413 0.99330325
1414 0.99246884
1415 0.99500251
1416 0.98985066
1417 0.99136329
1418 0.98824070
1419 0.99375238
1420 0.98501630
1421 0.98428002
1422 0.98504703
1423 0.98898896
1424 0.99142386
1425 0.99087904
1426 0.99289523
1427 0.99797482
1428 0.98093906
1429 0.98982536
1430 0.99581886
1431 1.00068477
1432 1.00004441
1433 1.00579441
1434 1.01128202
1435 1.00075626
1436 1.00059820
1437 0.99933708
1438 0.98843342
1439 0.99806205
1440 1.00824463
1441 1.00237954
1442 1.00183870
1443 0.99282978
1444 0.99654992
1445 0.99658710
1446 0.99660735
1447 1.01644340
1448 1.00366487
1449 0.98982536
1450 0.99898245
1451 0.99591754
1452 1.00215329
1453 0.99892839
1454 0.99517574
1455 1.00579559
1456 0.99439553
1457 1.00111767
1458 0.99895516
1459 0.99757022
1460 0.99494747
1461 0.99307615
1462 0.99984529
1463 1.00161040
1464 0.99624555
1465 1.00587783
1466 0.99919826
1467 0.99469243
1468 1.00001139
1469 0.99973651
1470 0.99898245
1471 0.99967196
1472 1.00051773
1473 0.99855498
1474 1.00669556
1475 0.99955568
1476 0.99567756
1477 1.00840950
1478 0.99885218
1479 1.00241820
1480 0.99951931
1481 0.99458899
1482 0.99125237
1483 1.00245666
1484 1.00769542
1485 0.99671494
1486 1.01131480
1487 0.99885787
1488 0.99820510
1489 0.99697321
1490 1.00151406
1491 0.99967196
1492 0.99283399
1493 0.98778743
1494 0.98942195
1495 0.98903457
1496 0.98245623
1497 1.00063383
1498 0.99430815
1499 0.98360262
1500 0.99641587
1501 0.99375701
1502 0.99863467
1503 0.98857509
1504 0.99217501
1505 0.99443634
1506 0.99444922
1507 0.99538538
1508 0.99034988
1509 0.99595445
1510 0.98564245
1511 0.99123430
1512 0.99283399
1513 0.99877999
1514 0.99691468
1515 0.98365717
1516 0.99282129
1517 1.00336613
1518 0.99822813
1519 0.99980648
1520 1.00417667
1521 0.99355013
1522 0.99406496
1523 0.99802342
1524 1.00188905
1525 0.99955546
1526 0.99395747
1527 0.99434447
1528 0.99869775
1529 0.99428203
1530 0.99844519
1531 1.00644549
1532 0.99004482
1533 0.99877999
1534 0.98850740
1535 0.98595457
1536 0.99014156
1537 0.98160739
1538 0.99487196
1539 0.98553624
1540 0.98867966
1541 0.98329599
1542 0.98251154
1543 0.99254393
1544 0.98902867
1545 0.98401947
1546 0.98723432
1547 0.99201432
1548 0.98772312
1549 0.99297468
1550 0.98093228
1551 0.98534594
1552 0.99636567
1553 0.98440901
1554 0.98850740
1555 0.99469554
1556 0.98985356
1557 1.00105527
1558 0.98624620
1559 0.98956733
1560 1.00200748
1561 0.98894577
1562 0.99100230
1563 1.00320025
1564 0.99211335
1565 0.99888420
1566 0.99114962
1567 0.99775210
1568 0.99663039
1569 0.99824588
1570 0.99162394
1571 0.99386435
1572 0.99644267
1573 0.99234637
1574 0.99054536
1575 0.99469554
1576 0.99757467
1577 0.99965594
1578 1.00149649
1579 0.99825319
1580 1.00397536
1581 0.99820227
1582 1.00024680
1583 1.00193616
1584 0.99572441
1585 0.99676456
1586 1.00515396
1587 0.99659108
1588 1.00781978
1589 1.00702398
1590 0.99753783
1591 0.99297285
1592 0.99781415
1593 0.99978220
1594 0.99458017
1595 0.99088330
1596 0.99757467
1597 0.98629414
1598 0.98365125
1599 0.98631389
1600 0.99420595
1601 0.99044287
1602 0.98851700
1603 0.99000783
1604 0.98181446
1605 0.98520147
1606 0.98450891
1607 0.98389198
1608 1.00002342
1609 0.99103879
1610 0.98599323
1611 0.98138322
1612 0.98802992
1613 0.99614276
1614 0.97696227
1615 0.99581037
1616 0.98661457
1617 0.98629414
1618 0.99333460
1619 0.99071549
1620 1.00057207
1621 0.99026403
1622 0.99966340
1623 0.98939215
1624 0.99452441
1625 0.99922088
1626 0.99343220
1627 0.99254787
1628 0.99131323
1629 0.99771752
1630 0.98556971
1631 0.99256517
1632 0.98875588
1633 0.98888419
1634 1.00068264
1635 0.98515538
1636 0.99801376
1637 0.99229904
1638 0.99333460
1639 0.99910699
1640 0.99873157
1641 1.00333250
1642 1.00265517
1643 0.99763215
1644 1.00551565
1645 1.00456756
1646 1.00381206
1647 1.00413752
1648 0.99316061
1649 1.00104607
1650 0.99547990
1651 1.00456024
1652 1.00143329
1653 1.00096865
1654 1.00257468
1655 1.00687484
1656 0.99487983
1657 0.99659889
1658 0.99727112
1659 0.99910699
1660 0.98813019
1661 0.99636730
1662 0.99153092
1663 0.99244413
1664 0.99152019
1665 1.00193910
1666 0.99054934
1667 0.99998747
1668 0.99748093
1669 0.98624600
1670 0.99526942
1671 0.98769838
1672 0.99564759
1673 0.99209978
1674 0.99345569
1675 1.00231149
1676 0.98658414
1677 0.99934990
1678 0.99522157
1679 0.99514043
1680 0.98813019
1681 0.98782331
1682 0.98536637
1683 0.98196441
1684 0.99776437
1685 0.99839436
1686 0.98270899
1687 0.98339014
1688 0.99594756
1689 0.98947394
1690 0.99281049
1691 0.98331670
1692 0.98304541
1693 0.99541590
1694 0.99139964
1695 0.99297688
1696 1.00112407
1697 0.98600299
1698 0.99396100
1699 0.99177145
1700 0.98761841
1701 0.98782331
1702 1.00137770
1703 0.99855639
1704 0.99586710
1705 0.99744480
1706 0.99826971
1707 0.98777679
1708 0.98553693
1709 0.99328548
1710 0.99573507
1711 0.98788197
1712 1.00045059
1713 1.00014136
1714 1.00215948
1715 0.99532015
1716 0.99446802
1717 1.00209796
1718 0.99504972
1719 0.99798096
1720 0.99682090
1721 0.99984720
1722 1.00137770
1723 0.99285206
1724 1.00131133
1725 1.00069957
1726 0.99340161
1727 0.99141518
1728 0.99298086
1729 0.99818847
1730 0.99381632
1731 0.99543874
1732 1.00184218
1733 0.99353315
1734 0.99365190
1735 0.99564832
1736 0.99453734
1737 0.99711037
1738 0.99113905
1739 0.98796963
1740 0.99882603
1741 1.00662220
1742 0.99464267
1743 0.99285206
1744 0.98876987
1745 0.99078765
1746 0.99073776
1747 0.98705897
1748 0.99427988
1749 0.98549322
1750 0.99510662
1751 0.99033659
1752 0.98750468
1753 0.98424748
1754 0.99211825
1755 0.99209157
1756 0.99024337
1757 0.99602378
1758 0.98670328
1759 0.98978006
1760 0.98030159
1761 0.98180699
1762 0.98565767
1763 0.99272889
1764 0.98876987
1765 0.99907992
1766 0.99308230
1767 0.99679363
1768 0.99624008
1769 0.99600044
1770 0.99877269
1771 0.99392959
1772 0.99217514
1773 0.99534472
1774 0.98928377
1775 0.99720744
1776 1.00145243
1777 0.99965555
1778 0.99449136
1779 0.99621154
1780 0.98878943
1781 0.99857947
1782 0.99317573
1783 0.99384382
1784 0.99818333
1785 0.99907992
1786 0.99961282
1787 1.00317572
1788 0.99564475
1789 0.99572865
1790 0.99542771
1791 0.99715077
1792 0.99889759
1793 0.99444481
1794 0.99901626
1795 0.99315333
1796 0.99841486
1797 0.99810383
1798 0.99506714
1799 1.00112115
1800 1.00311847
1801 0.99087564
1802 0.99748946
1803 0.99580489
1804 0.98902791
1805 1.00819670
1806 0.99961282
1807 0.99890444
1808 1.01445589
1809 0.99916486
1810 1.00180208
1811 0.99878327
1812 1.00185808
1813 1.00263105
1814 1.00483656
1815 0.99990108
1816 1.00280871
1817 1.00327349
1818 0.99559867
1819 0.99435800
1820 1.00193294
1821 1.00064590
1822 1.00011460
1823 0.99762084
1824 1.01235826
1825 0.99655941
1826 0.99923655
1827 0.99890444
1828 0.99540468
1829 0.99577968
1830 0.99238334
1831 1.00733109
1832 0.99561690
1833 1.00005144
1834 0.99979644
1835 0.98666898
1836 0.99195562
1837 1.00163624
1838 1.00612321
1839 0.99949683
1840 0.99590563
1841 0.99849646
1842 0.98841703
1843 0.99945871
1844 0.99745055
1845 0.99814874
1846 0.99440076
1847 1.00057709
1848 0.99540468
1849 0.99275111
1850 1.00321505
1851 1.01004061
1852 0.99892767
1853 1.00651199
1854 0.99577915
1855 1.00476084
1856 0.98946142
1857 0.99524253
1858 0.99689161
1859 1.00059506
1860 1.00125382
1861 1.00235907
1862 0.99814823
1863 1.00374916
1864 1.00208019
1865 0.99463390
1866 1.00832278
1867 1.00412055
1868 0.99739059
1869 0.99275111
1870 1.00121599
1871 0.98331286
1872 0.98874825
1873 0.99840943
1874 0.98551324
1875 0.99719298
1876 0.99561253
1877 0.98919178
1878 0.98858382
1879 0.99116006
1880 0.99486586
1881 0.99482087
1882 0.98522203
1883 0.99472950
1884 0.98314543
1885 0.98649219
1886 0.99117295
1887 0.98730502
1888 0.97986878
1889 0.99862708
1890 1.00121599
1891 0.99828239
1892 1.00481167
1893 0.99825828
1894 0.99122611
1895 1.00340622
1896 1.00165463
1897 1.00083093
1898 0.99644244
1899 0.99583490
1900 0.99979718
1901 1.00784030
1902 0.99747661
1903 1.00164728
1904 1.01378772
1905 1.00162037
1906 1.00397056
1907 0.99707441
1908 0.98982661
1909 0.99529473
1910 1.00434270
1911 0.99828239
1912 0.99285556
1913 0.99306840
1914 0.99402415
1915 1.00376725
1916 1.00140178
1917 0.99380814
1918 1.00073255
1919 0.99256306
1920 0.98915671
1921 1.00023223
1922 0.99302945
1923 0.99411651
1924 1.00751941
1925 0.99463998
1926 0.99568345
1927 1.00402355
1928 0.99683838
1929 0.99392751
1930 0.99268141
1931 0.99740598
1932 0.99285556
1933 0.99593161
1934 0.99278997
1935 0.97701912
1936 0.99536272
1937 0.99086481
1938 0.99845908
1939 0.99397539
1940 0.99364655
1941 0.98801236
1942 0.98941033
1943 0.98754915
1944 0.98908021
1945 1.00061031
1946 0.99650040
1947 0.98779970
1948 0.99678400
1949 0.98802845
1950 0.98285612
1951 0.98474718
1952 0.99067416
1953 0.99593161
1954 0.98344314
1955 1.00366274
1956 1.00086556
1957 0.99252459
1958 1.00150226
1959 0.99659870
1960 0.99585867
1961 0.98946291
1962 0.99581816
1963 0.99498446
1964 0.99391923
1965 0.99645330
1966 1.00320808
1967 0.99651203
1968 0.99378025
1969 0.98930724
1970 0.99697355
1971 0.99218433
1972 0.98856796
1973 0.98354448
1974 0.98344314
1975 0.99389010
1976 0.99300731
1977 0.99425925
1978 0.99689656
1979 0.99171371
1980 0.98927892
1981 0.99403630
1982 0.99811982
1983 0.99958474
1984 0.99859003
1985 1.00140607
1986 0.99618073
1987 0.99149515
1988 0.99537183
1989 0.98483751
1990 0.98781596
1991 0.98410739
1992 0.99379481
1993 0.99886147
1994 0.99532012
1995 0.99389010
1996 1.01125046
1997 0.99740466
1998 1.00158428
1999 1.00086828
2000 1.01509054
2001 1.00182698
2002 1.01002160
2003 1.00634198
2004 1.00282906
2005 1.00986656
2006 1.01851254
2007 1.00904580
2008 1.00633994
2009 1.00535367
2010 1.00883164
2011 1.00492523
2012 1.00230236
2013 1.00526623
2014 1.00556308
2015 1.00858486
2016 1.01125046
2017 1.00040400
2018 0.99704488
2019 0.99972803
2020 1.00257471
2021 0.99491968
2022 1.00248648
2023 1.00155892
2024 1.00199255
2025 1.00574177
2026 1.00919211
2027 1.00118962
2028 0.99435017
2029 1.00641898
2030 1.00087600
2031 1.00943627
2032 0.99576826
2033 1.00240988
2034 1.00423442
2035 1.01413875
2036 1.00513559
2037 1.00040400
2038 0.99742463
2039 0.99900867
2040 0.99763713
2041 0.99966410
2042 0.99563560
2043 1.00111475
2044 0.99792007
2045 0.99692566
2046 1.00459523
2047 0.98996934
2048 1.00312760
2049 0.99929980
2050 1.00105367
2051 0.99211950
2052 1.00259856
2053 1.00322886
2054 0.99383879
2055 0.99812113
2056 0.99509748
2057 1.00163762
2058 0.99742463
2059 0.99723906
2060 0.99221394
2061 1.00427758
2062 0.99420526
2063 0.98824483
2064 0.99957477
2065 1.00279321
2066 1.00461581
2067 0.99437714
2068 0.99652977
2069 0.99307040
2070 1.00291903
2071 0.99930052
2072 0.99387693
2073 1.00230875
2074 0.99939183
2075 1.00199128
2076 1.00341801
2077 0.99826787
2078 0.99842526
2079 0.99723906
2080 0.99929832
2081 0.99594046
2082 1.00503141
2083 0.99386113
2084 0.99586579
2085 0.99320499
2086 1.00664756
2087 0.99156571
2088 0.99605220
2089 1.00263657
2090 0.99605516
2091 0.99375513
2092 0.99289375
2093 0.99529519
2094 0.99473224
2095 0.99591484
2096 1.00399441
2097 0.99861422
2098 1.00252733
2099 1.00138432
2100 0.99929832
2101 0.97428803
2102 0.98336903
2103 0.98500694
2104 0.99169721
2105 0.98577773
2106 0.98389137
2107 0.99938837
2108 0.98893995
2109 0.98424181
2110 0.99103406
2111 0.99027671
2112 0.99332110
2113 0.98421938
2114 0.98578117
2115 0.98694056
2116 0.98795983
2117 0.98485744
2118 0.98020002
2119 0.98723851
2120 0.98882484
2121 0.97428803
2122 1.00810931
2123 1.00091498
2124 0.99779307
2125 0.99903269
2126 1.00037162
2127 1.00798987
2128 0.99895410
2129 0.99888152
2130 1.00257028
2131 0.99960945
2132 1.00798276
2133 1.00778185
2134 0.99396414
2135 1.00680220
2136 1.00190505
2137 1.00611363
2138 0.99953254
2139 1.00163766
2140 0.99795862
2141 0.99038413
2142 1.00810931
2143 0.98982913
2144 0.98721922
2145 0.98822410
2146 0.99190532
2147 0.99752011
2148 0.98865854
2149 0.99233568
2150 0.99743795
2151 0.98563443
2152 0.99356537
2153 0.99222486
2154 0.99284276
2155 0.98855414
2156 0.99613663
2157 0.99062556
2158 0.98896135
2159 0.97507829
2160 1.00706165
2161 0.98241601
2162 0.98227937
2163 0.98982913
2164 1.00314419
2165 0.99179647
2166 0.99551267
2167 0.99622718
2168 1.00169531
2169 1.00268582
2170 0.99456398
2171 0.99473498
2172 0.98570641
2173 0.99604694
2174 1.00223230
2175 0.99547348
2176 1.00592057
2177 1.00474448
2178 0.99762615
2179 0.99688213
2180 1.00178329
2181 0.99771068
2182 0.99950110
2183 0.98545429
2184 1.00314419
2185 1.00094000
2186 1.00410414
2187 1.00227352
2188 0.99048514
2189 1.00820135
2190 1.00141406
2191 1.00359744
2192 0.99948391
2193 1.00018762
2194 0.99625855
2195 1.00411594
2196 0.99060174
2197 0.99703664
2198 1.00506310
2199 0.99936593
2200 0.99360435
2201 0.99805689
2202 1.00171978
2203 1.00011227
2204 0.99850675
2205 1.00094000
2206 0.99250174
2207 0.99961717
2208 0.99474988
2209 1.00455503
2210 0.99847098
2211 0.99806730
2212 1.00271244
2213 0.98964439
2214 1.00081849
2215 0.99763216
2216 0.99980219
2217 1.00261869
2218 0.99784019
2219 0.99628321
2220 0.99315967
2221 1.00017655
2222 0.99512845
2223 0.99592670
2224 0.98765229
2225 0.99338375
2226 0.99250174
2227 0.99628738
2228 1.01023785
2229 0.99819924
2230 1.00329916
2231 0.99729752
2232 0.99616305
2233 1.00819747
2234 0.98873314
2235 1.00345587
2236 0.99240532
2237 0.99911432
2238 0.99631728
2239 1.00238720
2240 0.99694470
2241 0.99652845
2242 1.00092424
2243 1.01086752
2244 0.99976123
2245 0.99505722
2246 0.99863303
2247 0.99628738
2248 0.99434315
2249 0.98982530
2250 0.99207619
2251 0.99262334
2252 0.99573003
2253 0.99718673
2254 0.99662187
2255 0.99698971
2256 0.99583485
2257 0.99096748
2258 0.99305457
2259 0.99383087
2260 0.99648582
2261 0.99365938
2262 0.99512195
2263 0.99525019
2264 1.00171375
2265 1.00077000
2266 1.00437897
2267 0.99553303
2268 0.99434315
2269 0.99596099
2270 0.99619689
2271 0.99832364
2272 0.99292413
2273 1.00237857
2274 0.98822402
2275 0.99260150
2276 0.98930473
2277 0.99522793
2278 0.99448121
2279 0.98242171
2280 0.99228216
2281 0.99310400
2282 0.99003990
2283 1.00310253
2284 0.99032983
2285 0.98901601
2286 0.99837879
2287 0.99134038
2288 0.99443466
2289 0.99596099
2290 1.00002348
2291 1.00294307
2292 1.00110285
2293 0.99787808
2294 0.99919408
2295 0.99668677
2296 0.99380280
2297 1.00355989
2298 0.99902773
2299 0.99596945
2300 1.00445164
2301 0.99997397
2302 0.99790870
2303 0.98834198
2304 1.00089658
2305 0.98917130
2306 0.99123698
2307 0.99791843
2308 1.00762226
2309 0.99472155
2310 1.00002348
2311 0.98951820
2312 0.99101805
2313 0.99757148
2314 1.00298011
2315 0.99496363
2316 0.99413245
2317 0.99710474
2318 0.99639482
2319 0.99828591
2320 0.98617926
2321 0.98239139
2322 0.99945306
2323 0.99686902
2324 0.99888270
2325 1.00215329
2326 1.00052323
2327 0.99389084
2328 0.99179586
2329 0.99269117
2330 0.99434152
2331 0.98951820
2332 0.99961707
2333 1.00573445
2334 0.99502641
2335 0.99685204
2336 0.99494287
2337 0.99636128
2338 0.99414849
2339 0.98300859
2340 0.99643665
2341 0.99557806
2342 0.99631220
2343 0.99828707
2344 0.99756672
2345 0.99998916
2346 0.99637025
2347 0.99917906
2348 0.99909181
2349 0.98989992
2350 0.99902432
2351 0.98741884
2352 0.99961707
2353 1.00323101
2354 0.99499635
2355 0.99973975
2356 1.00425067
2357 0.99006622
2358 1.00560434
2359 0.99829270
2360 0.99929618
2361 0.99740422
2362 0.99924398
2363 0.99620423
2364 0.99932687
2365 1.00318766
2366 1.00051937
2367 1.00382293
2368 1.00973168
2369 1.00102121
2370 1.00255828
2371 0.99464828
2372 1.00227843
2373 1.00323101
2374 1.00063001
2375 1.00997660
2376 0.99919296
2377 0.99696108
2378 1.00385053
2379 1.00880794
2380 1.00143637
2381 0.99688287
2382 1.01446098
2383 1.00156742
2384 1.01502217
2385 1.01059721
2386 0.99814767
2387 1.00194152
2388 1.00193904
2389 0.99732267
2390 1.00231778
2391 0.99590848
2392 1.00490149
2393 1.00780811
2394 1.00063001
2395 0.99677616
2396 1.00365954
2397 0.99389402
2398 1.00239289
2399 0.99437484
2400 1.00052444
2401 0.99729466
2402 0.99134972
2403 0.99438350
2404 0.99163281
2405 1.00595875
2406 0.99670927
2407 1.00293067
2408 1.00714003
2409 0.99816371
2410 0.98468842
2411 0.99864021
2412 1.00301537
2413 1.00408450
2414 1.00500241
2415 0.99677616
2416 0.99490231
2417 0.99823646
2418 0.99980880
2419 0.98949552
2420 0.99455138
2421 0.99031226
2422 0.99538408
2423 0.98885810
2424 0.99312769
2425 0.99171483
2426 0.98938401
2427 0.99382126
2428 0.99955561
2429 0.99258871
2430 0.99138802
2431 1.00037375
2432 0.98822780
2433 0.98881437
2434 0.99597824
2435 0.98886743
2436 0.99490231
2437 0.99557988
2438 0.98736449
2439 0.98935850
2440 0.99485662
2441 0.99510674
2442 0.98849846
2443 1.00212401
2444 0.99118019
2445 0.98938127
2446 0.99541452
2447 0.99682372
2448 0.99009901
2449 0.99061360
2450 0.99450403
2451 0.99477366
2452 0.99776990
2453 0.99292755
2454 1.00151117
2455 0.99166839
2456 0.98902123
2457 0.99557988
2458 1.00954533
2459 1.00591014
2460 1.00159830
2461 0.99013308
2462 0.99466802
2463 0.99843157
2464 1.00341497
2465 0.99796442
2466 1.00336468
2467 0.99596024
2468 1.00280680
2469 0.99934454
2470 0.99278762
2471 1.00207661
2472 1.00033576
2473 0.99733934
2474 0.99686088
2475 1.01148675
2476 0.99389095
2477 1.00180412
2478 1.00954533
2479 1.00314464
2480 0.98879425
2481 0.99694148
2482 0.99787947
2483 0.99732773
2484 1.00570307
2485 0.98963524
2486 1.00535151
2487 0.99523647
2488 0.98753289
2489 1.00348823
2490 0.99828045
2491 0.99869245
2492 0.99536626
2493 0.99486377
2494 0.99772281
2495 1.00064431
2496 0.99093457
2497 1.01048100
2498 0.99706105
2499 1.00314464
2500 0.98994405
2501 0.99437656
2502 0.98769739
2503 0.98715372
2504 0.99652615
2505 1.00244216
2506 0.98319026
2507 0.98947631
2508 0.99297727
2509 0.99010687
2510 0.99930104
2511 0.98714921
2512 1.00356794
2513 0.98905119
2514 0.98374208
2515 0.98466323
2516 0.99717554
2517 0.99069792
2518 0.98375885
2519 0.99777117
2520 0.98994405
2521 1.00231920
2522 0.98809333
2523 0.99956581
2524 0.99025220
2525 0.99573652
2526 0.99676199
2527 0.99740032
2528 0.99316876
2529 0.99419997
2530 1.00047495
2531 1.00151513
2532 0.99196558
2533 0.98695378
2534 0.99922262
2535 0.99462998
2536 1.00503367
2537 0.99774013
2538 0.99702428
2539 0.99566805
2540 0.99377188
2541 1.00231920
2542 1.00411640
2543 0.99575312
2544 1.00116486
2545 0.98820559
2546 0.99838006
2547 0.99932811
2548 0.99844176
2549 0.99563003
2550 0.99770650
2551 1.00752867
2552 0.99577897
2553 0.99413914
2554 0.98889052
2555 0.99981597
2556 0.99603964
2557 1.00168885
2558 1.00620528
2559 1.00310771
2560 0.99590979
2561 0.99795096
2562 1.00411640
2563 0.99991485
2564 0.99535983
2565 0.99526026
2566 0.99249358
2567 0.99685178
2568 0.99616360
2569 0.98882766
2570 0.99710917
2571 0.99148813
2572 0.98791379
2573 1.01172684
2574 0.98616206
2575 0.99288883
2576 0.99580236
2577 0.98974768
2578 1.00468896
2579 0.99448517
2580 1.00018398
2581 0.99571476
2582 0.99595071
2583 0.99991485
2584 1.00249284
2585 1.00077817
2586 1.00231053
2587 0.99900325
2588 0.99865145
2589 0.98936242
2590 1.00276576
2591 0.99387043
2592 0.99652085
2593 1.00214696
2594 1.00345697
2595 1.00314907
2596 1.00363220
2597 1.00088499
2598 0.99468732
2599 0.99795117
2600 0.99771484
2601 0.99100005
2602 0.99940617
2603 0.99657534
2604 1.00249284
2605 0.99227634
2606 0.99036788
2607 0.99638105
2608 0.99177781
2609 0.98476928
2610 0.99652687
2611 0.99715612
2612 0.99591504
2613 0.99551502
2614 0.98331152
2615 0.99670732
2616 0.98874464
2617 0.99816077
2618 0.99377006
2619 0.98968656
2620 0.99090820
2621 0.98219189
2622 0.99254874
2623 0.99282670
2624 0.99924935
2625 0.99227634
2626 1.00190625
2627 0.99202352
2628 0.99597814
2629 0.99505917
2630 0.99802016
2631 1.00479669
2632 1.00429214
2633 1.00083184
2634 0.99377168
2635 1.00470124
2636 0.99750236
2637 1.00321849
2638 1.00261241
2639 0.99450400
2640 0.99787171
2641 0.99558520
2642 0.99552412
2643 0.99971771
2644 0.99362246
2645 0.99536179
2646 1.00190625
2647 0.99942470
2648 0.99146932
2649 1.00389649
2650 0.98985994
2651 1.00585520
2652 0.99430486
2653 1.00311490
2654 0.99977444
2655 0.99784977
2656 0.99845176
2657 1.00581584
2658 0.99640610
2659 0.99634390
2660 1.00107817
2661 1.00645844
2662 1.00490696
2663 1.00053056
2664 0.99891877
2665 0.99652463
2666 1.01026514
2667 0.99942470
2668 0.99499702
2669 1.00200813
2670 0.99632334
2671 1.00454151
2672 0.99814288
2673 1.00500279
2674 0.99820756
2675 1.00580416
2676 0.99722479
2677 1.00661821
2678 1.00035968
2679 1.00517336
2680 0.98850041
2681 1.00400724
2682 1.00356656
2683 0.99064150
2684 1.00208261
2685 0.99690772
2686 1.00075390
2687 0.99168649
2688 0.99499702
2689 0.99444025
2690 0.99737264
2691 0.99935010
2692 0.99625454
2693 1.00034265
2694 0.99122613
2695 1.00014109
2696 0.99795073
2697 0.99231344
2698 0.98400226
2699 0.99133682
2700 0.98697011
2701 0.99294993
2702 0.99625578
2703 0.98977508
2704 0.99632032
2705 1.00056675
2706 0.99679927
2707 0.98876065
2708 0.99126098
2709 0.99444025
2710 1.00484971
2711 1.00204546
2712 0.99640744
2713 0.99265004
2714 1.00859142
2715 1.00618551
2716 0.99884629
2717 0.99729205
2718 0.99935633
2719 0.99373478
2720 0.99776088
2721 0.99930881
2722 0.99427573
2723 1.00402902
2724 0.99639414
2725 0.99537541
2726 0.98812271
2727 0.99102997
2728 1.00074771
2729 1.00084551
2730 1.00484971
2731 0.99722251
2732 1.00275741
2733 1.00650359
2734 1.00399044
2735 0.99925611
2736 1.00471143
2737 1.00728858
2738 1.00531001
2739 1.01205645
2740 0.99601347
2741 1.00742279
2742 0.99599919
2743 0.99934989
2744 1.00711113
2745 1.00761281
2746 1.01395134
2747 1.00324257
2748 0.99709480
2749 1.00456178
2750 1.00432533
2751 0.99722251
2752 0.99318041
2753 0.98596261
2754 0.99155425
2755 0.98869192
2756 0.98954786
2757 0.98306945
2758 0.99086338
2759 0.99151374
2760 0.98686333
2761 0.97390320
2762 1.00284558
2763 0.99168351
2764 0.99655073
2765 0.99385796
2766 0.98922104
2767 0.99284957
2768 0.98939074
2769 0.98656007
2770 0.98692068
2771 0.99129987
2772 0.99318041
2773 0.93783989
2774 0.95196343
2775 0.95039625
2776 0.96480924
2777 0.95423384
2778 0.97084082
2779 0.97844687
2780 0.97693051
2781 0.97203789
2782 0.98216322
2783 0.97283770
2784 0.97912925
2785 0.97570225
2786 0.97031330
2787 0.97163096
2788 0.97617028
2789 0.96097812
2790 0.96833106
2791 0.95739227
2792 0.95007238
2793 0.93783989
2794 0.98979167
2795 0.99214658
2796 1.00423273
2797 0.99678793
2798 1.00409413
2799 1.00524715
2800 0.99584658
2801 1.00296814
2802 0.99406845
2803 1.00679151
2804 1.00502887
2805 0.99750466
2806 1.00010146
2807 1.00251648
2808 0.99219857
2809 1.00147669
2810 1.00419910
2811 0.99838062
2812 1.01145148
2813 0.99370121
2814 0.98979167
2815 1.00339990
2816 0.99944969
2817 0.99637929
2818 0.99820689
2819 0.99960498
2820 0.99976106
2821 1.00307149
2822 1.01296058
2823 1.00064003
2824 0.99949212
2825 0.99538436
2826 1.00612546
2827 1.00477412
2828 1.00632592
2829 1.00841289
2830 1.00426941
2831 1.00000217
2832 1.00547249
2833 0.99462344
2834 0.99411046
2835 1.00339990
2836 1.00166505
2837 0.99030092
2838 0.98987940
2839 0.99333958
2840 0.98874452
2841 0.99588779
2842 0.98320746
2843 0.99592123
2844 0.98675979
2845 0.98605834
2846 1.00126019
2847 0.99344615
2848 1.00539645
2849 0.99604129
2850 1.00208360
2851 0.99570209
2852 0.99822781
2853 0.98851378
2854 0.99236709
2855 0.99392076
2856 1.00166505
2857 1.00407888
2858 1.00208670
2859 1.00937049
2860 0.99772417
2861 1.00881319
2862 0.99743407
2863 1.00359125
2864 1.00369647
2865 1.00360013
2866 1.00888793
2867 1.00539730
2868 0.99540092
2869 1.00825128
2870 0.99738044
2871 0.99621280
2872 1.01691825
2873 1.01352398
2874 1.00610268
2875 0.99858512
2876 1.00625608
2877 1.00407888
2878 0.99017754
2879 0.99429816
2880 0.99349065
2881 0.98785029
2882 0.99230901
2883 0.99731727
2884 0.99390395
2885 0.99496375
2886 0.99892132
2887 0.99402088
2888 0.99430027
2889 0.99796500
2890 0.99542798
2891 0.99919788
2892 0.98829253
2893 0.99460313
2894 0.99466860
2895 0.99455330
2896 0.99468284
2897 0.99494028
2898 0.99017754
2899 1.00943787
2900 0.99821013
2901 1.00884557
2902 1.00281809
2903 1.00514414
2904 0.99328604
2905 0.99340754
2906 1.00014802
2907 1.00892752
2908 1.00151919
2909 1.00410265
2910 1.00113601
2911 1.00434968
2912 0.98751170
2913 1.00446941
2914 0.99964508
2915 0.99856217
2916 1.00592672
2917 0.99547278
2918 1.00088300
2919 1.00943787
2920 0.98783681
2921 0.98501020
2922 0.98725787
2923 0.99249678
2924 0.99961144
2925 0.98838144
2926 0.98935558
2927 0.98956725
2928 0.99133790
2929 0.98576628
2930 0.99570061
2931 0.98465482
2932 0.98401617
2933 0.99058775
2934 0.99217045
2935 0.99298115
2936 0.99134102
2937 0.99120499
2938 0.99056155
2939 0.98875669
2940 0.98783681
2941 0.99641925
2942 0.99893657
2943 1.00366871
2944 0.99729141
2945 0.99399024
2946 0.99472347
2947 0.99482322
2948 0.99591567
2949 0.99836972
2950 0.99039825
2951 0.99252686
2952 0.99802591
2953 0.99791464
2954 1.00575307
2955 1.00351188
2956 0.99631241
2957 0.99238009
2958 1.00020931
2959 0.99789267
2960 0.99463490
2961 0.99641925
2962 0.98970277
2963 0.98688488
2964 0.98819334
2965 0.99755044
2966 0.98358609
2967 0.99392697
2968 0.98987713
2969 1.00206459
2970 0.98620023
2971 0.99142588
2972 1.00048671
2973 0.99763084
2974 0.99957329
2975 0.99120228
2976 0.99676902
2977 0.98824331
2978 0.99292773
2979 0.99613141
2980 0.99475906
2981 0.98650135
2982 0.98970277
2983 0.99807873
2984 0.99057859
2985 0.99202633
2986 0.99486140
2987 0.99631417
2988 1.00190334
2989 0.99109756
2990 0.99931784
2991 0.99625097
2992 0.98926421
2993 0.99504949
2994 0.99634124
2995 0.98675143
2996 0.99582594
2997 0.99293803
2998 0.98834464
2999 0.99966778
3000 0.99269857
3001 0.99072701
3002 0.98977663
3003 0.99807873
3004 0.99996007
3005 1.00162084
3006 1.00335831
3007 1.00009556
3008 0.99952278
3009 1.01197980
3010 1.00934049
3011 1.00443239
3012 1.00627581
3013 1.00398168
3014 1.01099861
3015 1.00295711
3016 1.00556699
3017 1.00454767
3018 1.00191791
3019 0.99333257
3020 0.99641816
3021 1.01032573
3022 0.99821923
3023 1.00440093
3024 0.99996007
