index DenDen_position
1 1.62550161
2 1.58486830
3 1.54519498
4 1.51510281
5 1.49689584
6 1.48283854
7 1.47075627
8 1.45915599
9 1.45242047
10 1.45491078
11 1.44041727
12 1.44796688
13 1.45259665
14 1.46047271
15 1.46074475
16 1.47782892
17 1.49677539
18 1.51427072
19 1.55378910
20 1.57591184
21 1.62550161
22 0.93532207
23 0.94717072
24 0.94927394
25 0.96665099
26 0.95987387
27 0.96371844
28 0.96373769
29 0.97662610
30 0.97025018
31 0.96745430
32 0.96994511
33 0.96999011
34 0.97781434
35 0.98065825
36 0.96386699
37 0.96431836
38 0.96786072
39 0.95645618
40 0.95129436
41 0.93851969
42 0.93532207
43 0.99428485
44 1.00016770
45 0.99034186
46 0.98700219
47 0.98810359
48 0.99368299
49 0.99245289
50 0.99473303
51 0.99937211
52 0.99262857
53 0.98577819
54 1.00619742
55 0.99305440
56 0.98983443
57 0.99131869
58 0.99405304
59 0.99123017
60 0.99745400
61 0.99510625
62 0.99026680
63 0.99428485
64 1.00237603
65 1.00318192
66 1.00562957
67 1.00376006
68 1.00083708
69 1.00448401
70 0.99949517
71 1.00695986
72 1.00633709
73 1.00505754
74 0.99520592
75 1.00440446
76 1.00124239
77 0.99922293
78 1.00646159
79 1.00714275
80 1.00358552
81 1.00495985
82 0.99509315
83 1.01141871
84 1.00237603
85 0.99419820
86 0.99245244
87 0.98374938
88 0.99048244
89 0.99225830
90 0.98739734
91 0.98766352
92 0.99235222
93 0.99381140
94 0.99498451
95 0.98341462
96 0.98714584
97 0.99403258
98 0.99628424
99 0.98887678
100 0.99194681
101 0.99959732
102 0.99050512
103 0.99543991
104 0.99353751
105 0.99419820
106 1.00064543
107 0.98759999
108 0.99334607
109 1.00456657
110 0.99524430
111 0.99936982
112 0.99915160
113 1.00747452
114 1.00322777
115 0.99670242
116 0.99353203
117 1.00271757
118 0.99668573
119 1.00263127
120 0.99183896
121 0.99194034
122 1.00468061
123 0.99503029
124 0.99254121
125 1.00368367
126 1.00064543
127 1.00344233
128 0.99697779
129 1.00036420
130 0.99676237
131 1.00154404
132 1.00401244
133 0.99860755
134 1.00265517
135 0.99304420
136 0.99922519
137 1.00073125
138 1.00521052
139 1.00569284
140 0.99702093
141 1.00471760
142 0.99999734
143 0.99358649
144 0.99647127
145 1.00137569
146 1.00217226
147 1.00344233
148 0.99491080
149 1.00317865
150 0.98815755
151 0.98568711
152 0.99685467
153 0.99547468
154 0.99534554
155 1.00320884
156 0.99619873
157 0.99900840
158 1.00027443
159 0.99896183
160 1.00273466
161 1.00034722
162 0.99274571
163 0.99606186
164 0.99784713
165 0.99960893
166 0.99225434
167 1.00294528
168 0.99491080
169 1.00637601
170 0.98967950
171 0.99026306
172 0.99544201
173 0.99925373
174 0.98724800
175 0.99189572
176 0.99039969
177 0.98104486
178 0.99590367
179 0.98785167
180 0.98908633
181 0.99828231
182 0.99617151
183 0.98214230
184 0.99460544
185 0.99503005
186 0.99814553
187 0.99275908
188 0.99553186
189 1.00637601
190 1.00378834
191 1.00431097
192 1.00431828
193 1.00031326
194 0.99780811
195 0.99696210
196 1.00714436
197 1.00411206
198 1.00600705
199 1.00402705
200 0.98849762
201 0.99827078
202 0.99867151
203 0.99112909
204 1.00405756
205 0.99108599
206 0.99308271
207 0.99888178
208 0.99476579
209 1.00734959
210 1.00378834
211 0.98802672
212 0.99287200
213 0.98994358
214 0.99395689
215 0.99761178
216 0.99575845
217 0.99594971
218 0.99695007
219 1.00249681
220 1.00095112
221 0.99434060
222 0.99020655
223 0.99515683
224 0.98865817
225 0.99462294
226 0.99623015
227 1.00362616
228 0.98606518
229 0.98723815
230 0.99271073
231 0.98802672
232 0.93014406
233 0.95329396
234 0.95437718
235 0.95903094
236 0.96977180
237 0.96933328
238 0.96835656
239 0.97348491
240 0.96798023
241 0.97744686
242 0.96909151
243 0.97435368
244 0.98088370
245 0.96291262
246 0.97761868
247 0.97020872
248 0.96369410
249 0.97250859
250 0.95061129
251 0.94880343
252 0.93014406
253 0.94219792
254 0.94654429
255 0.95219073
256 0.95992945
257 0.96504301
258 0.97414964
259 0.97031901
260 0.97874386
261 0.97359681
262 0.97681579
263 0.97403287
264 0.97511057
265 0.97778169
266 0.97941426
267 0.97708878
268 0.97377012
269 0.96723669
270 0.96049749
271 0.95767438
272 0.94366817
273 0.94219792
274 0.98721486
275 0.99898130
276 1.01179420
277 0.99745288
278 0.99607050
279 0.99019376
280 0.99957087
281 0.99200404
282 1.00773143
283 1.00736112
284 0.99911547
285 1.00266340
286 1.01085587
287 1.00144577
288 1.00755191
289 1.00408794
290 1.00789943
291 1.00701494
292 0.98535651
293 0.99835949
294 0.98721486
295 0.99075621
296 0.99991656
297 0.98487532
298 0.99295859
299 0.99751541
300 0.98470466
301 0.99799612
302 0.99559917
303 0.99572680
304 0.98927728
305 0.98710186
306 1.00115455
307 0.99726658
308 0.99347534
309 0.98712359
310 0.99208417
311 0.99116591
312 0.99992487
313 0.99198578
314 0.98843499
315 0.99075621
316 0.98740606
317 0.99454368
318 0.99903760
319 0.99347201
320 0.99956509
321 0.99251887
322 1.00147368
323 0.99954437
324 0.99764257
325 0.99894349
326 0.99360671
327 1.00221025
328 0.98852758
329 0.98769244
330 1.00337841
331 1.00079335
332 1.00177575
333 0.99908043
334 0.99636905
335 1.00367949
336 0.98740606
337 0.99739470
338 0.99443462
339 0.99479333
340 0.99361889
341 0.99438466
342 1.00107343
343 1.00107646
344 0.99953822
345 0.98965924
346 0.99767953
347 0.99632480
348 0.99923726
349 0.98729083
350 0.99358511
351 0.99043998
352 0.99621782
353 0.98783980
354 0.99856224
355 0.98941230
356 0.99531608
357 0.99739470
358 0.99658642
359 0.99921336
360 0.99571052
361 0.99748416
362 1.00775354
363 0.99935777
364 1.00157446
365 0.99635311
366 0.99745403
367 0.99882357
368 0.99609065
369 1.00424742
370 1.00252133
371 0.99764574
372 0.99613409
373 1.00180403
374 1.00949491
375 0.99907192
376 1.00315973
377 0.99628407
378 0.99658642
379 0.99514286
380 0.99686219
381 1.00390434
382 1.00183780
383 0.99430511
384 0.98943653
385 0.99808540
386 1.00454285
387 0.99468944
388 1.00415663
389 1.00164569
390 1.00239601
391 0.99698981
392 1.00226950
393 1.00115483
394 0.99528419
395 1.00583665
396 1.00564439
397 0.99341581
398 0.99380951
399 0.99514286
400 0.99435038
401 0.98818776
402 0.99703849
403 1.01013745
404 0.98889698
405 1.00276593
406 0.99972647
407 0.99932893
408 0.99071794
409 0.99694789
410 1.00010201
411 0.99373146
412 0.99968425
413 1.00552070
414 0.98333688
415 0.99625247
416 0.99377967
417 0.99456412
418 0.99126328
419 0.99594971
420 0.99435038
421 0.99369940
422 0.99318353
423 0.99847306
424 0.99376945
425 0.99043148
426 0.98969234
427 1.00112914
428 0.99920506
429 0.99712875
430 1.00152689
431 0.98532568
432 0.99156916
433 0.99538386
434 0.99550850
435 0.99718100
436 0.99317644
437 0.99445591
438 0.99050367
439 0.99334651
440 1.00093803
441 0.99369940
442 0.99604019
443 0.99571032
444 0.99005567
445 0.99277986
446 0.99189020
447 0.99029967
448 0.99687774
449 0.98434957
450 0.98979715
451 0.99056676
452 0.99259466
453 0.99216058
454 0.99628249
455 0.98890166
456 0.99316670
457 0.99730318
458 0.99649904
459 0.99552421
460 0.99551701
461 0.99773106
462 0.99604019
463 1.00470235
464 0.99990880
465 0.99797193
466 1.00741649
467 1.00323662
468 0.99416992
469 0.99810639
470 0.99775223
471 0.99183179
472 1.00404986
473 1.00184381
474 0.99611287
475 1.00730524
476 0.99555038
477 0.99548953
478 1.00329735
479 1.00111921
480 0.99843220
481 1.00371184
482 0.99668284
483 1.00470235
484 1.00274540
485 1.00990794
486 1.00502267
487 1.00493683
488 1.01108642
489 1.00391541
490 1.01031563
491 1.00458854
492 1.01289084
493 1.01049968
494 1.01030655
495 1.00236624
496 1.00961151
497 1.00161340
498 1.00726647
499 1.00629985
500 1.01106223
501 1.00816357
502 1.00829165
503 1.00771117
504 1.00274540
505 0.99881458
506 0.99425248
507 0.99956312
508 0.99548656
509 0.99845485
510 0.99442463
511 0.99531077
512 1.00307110
513 0.98741061
514 0.99399344
515 0.99959962
516 0.98825105
517 0.99485932
518 0.99207663
519 0.99410065
520 0.99239385
521 0.99549182
522 0.99912658
523 0.99975322
524 0.99664861
525 0.99881458
526 0.98831772
527 0.99507243
528 0.98470281
529 0.99407955
530 0.98236227
531 0.98918174
532 0.98988500
533 0.98463582
534 0.99566596
535 0.98556365
536 0.98577153
537 0.99089553
538 0.99604553
539 0.98833672
540 0.98815366
541 0.98501284
542 0.98699996
543 0.97945585
544 0.98562304
545 0.99641668
546 0.98831772
547 1.00572044
548 0.99825391
549 0.99317664
550 1.00462517
551 1.00009528
552 0.99530019
553 1.00239529
554 0.99784246
555 0.99962267
556 0.99650643
557 1.00129779
558 1.00563512
559 1.00145836
560 1.00876246
561 1.00308295
562 1.00147027
563 0.99831120
564 0.99536530
565 1.00104812
566 1.00312529
567 1.00572044
568 0.98721289
569 0.99117548
570 0.99586070
571 0.99683104
572 0.98394398
573 0.99358946
574 0.98875795
575 0.98572317
576 0.99295378
577 0.99033500
578 0.99852098
579 0.99451403
580 0.99663152
581 0.99936414
582 0.98738398
583 0.99588959
584 0.99455305
585 0.98601892
586 0.99433821
587 1.00229484
588 0.98721289
589 1.00551832
590 1.00219619
591 0.99652310
592 0.99938597
593 0.99862933
594 0.99832083
595 0.99994465
596 1.00657893
597 1.00661859
598 1.00771759
599 1.00013162
600 0.99566613
601 0.99919152
602 1.00185619
603 1.00182144
604 1.01265953
605 1.00545617
606 1.00481677
607 1.00166092
608 1.01372492
609 1.00551832
610 0.99722863
611 1.00015796
612 0.98387154
613 0.99592075
614 1.00294784
615 0.99230219
616 0.99221513
617 0.99903710
618 0.97780706
619 0.99264162
620 0.98628797
621 0.99534478
622 0.98988625
623 0.99012505
624 0.99747035
625 0.99231419
626 0.99099739
627 0.98660859
628 0.98748530
629 0.99752402
630 0.99722863
631 0.98659673
632 0.99513057
633 0.99671715
634 1.00164002
635 0.99535980
636 0.99234649
637 0.99927031
638 0.99754193
639 1.00125570
640 0.99501523
641 0.99517361
642 1.00062641
643 1.00327695
644 0.99573862
645 1.00253982
646 0.99559211
647 1.00541484
648 1.00570146
649 0.99703313
650 1.00406385
651 0.98659673
652 0.99694000
653 0.99232367
654 0.99923237
655 1.00091279
656 0.99378133
657 1.01021178
658 1.00000010
659 0.99135308
660 1.00504180
661 1.00138636
662 1.00070299
663 0.99819871
664 1.00180599
665 1.00412349
666 1.00856174
667 0.99473579
668 0.99685010
669 1.00024356
670 1.00000622
671 0.99708493
672 0.99694000
673 0.98728693
674 1.00217004
675 0.99530730
676 1.00677628
677 0.99554152
678 0.99887766
679 0.98431947
680 0.98992304
681 0.99146757
682 0.99587804
683 1.00286591
684 0.99390841
685 0.98929822
686 0.99494504
687 0.99616419
688 1.00447971
689 0.99814444
690 0.99258118
691 0.99523249
692 0.99380252
693 0.98728693
694 0.99973406
695 1.00282043
696 1.00079620
697 1.00383413
698 1.00104256
699 1.00622357
700 0.99901398
701 1.00510537
702 1.00162189
703 1.00798466
704 0.99567552
705 1.00292231
706 0.99805148
707 0.99871864
708 0.99602579
709 0.99684665
710 0.99494565
711 0.99429493
712 1.00189190
713 1.00546302
714 0.99973406
715 0.98761931
716 1.00204960
717 0.99137134
718 0.99342516
719 0.99459058
720 1.00151819
721 0.99422073
722 0.99367710
723 1.00150310
724 0.99161949
725 1.00163706
726 0.99800487
727 0.99599750
728 0.99807478
729 0.99712049
730 0.99840321
731 0.99709272
732 0.98933242
733 1.00299299
734 0.99155607
735 0.98761931
736 0.99891830
737 0.98784637
738 0.99244570
739 1.00070772
740 0.99965600
741 0.99813610
742 0.99130345
743 0.98911729
744 0.99205124
745 0.99269798
746 0.99040654
747 0.99112565
748 0.99337131
749 0.99650225
750 0.99921965
751 1.00177378
752 0.99540891
753 0.99742564
754 0.99505249
755 0.98957319
756 0.99891830
757 0.99043962
758 0.99711209
759 0.99290097
760 0.99136032
761 1.00323780
762 0.99209067
763 0.98768360
764 0.99710949
765 0.99254483
766 0.99698023
767 0.99634640
768 0.98834435
769 0.99341008
770 1.00677642
771 0.98979799
772 0.98830600
773 0.99538458
774 1.00003827
775 0.98952917
776 0.98555800
777 0.99043962
778 1.00518029
779 1.00462068
780 1.00396939
781 1.00448046
782 1.00715994
783 1.00449637
784 1.00333570
785 1.00494312
786 1.00480653
787 0.98318716
788 1.00785320
789 1.00877511
790 1.01056384
791 1.00084244
792 1.01085075
793 0.99977799
794 1.00750470
795 0.99649920
796 1.00303015
797 1.00449764
798 1.00518029
799 0.99095573
800 0.98744296
801 0.98106432
802 0.99583929
803 0.98870329
804 0.99196148
805 0.98464680
806 0.98487177
807 0.99236895
808 0.98850125
809 0.98716923
810 0.97843326
811 0.98821086
812 0.98835968
813 0.99546125
814 0.99532465
815 0.98722354
816 0.98400972
817 0.98966901
818 0.98233425
819 0.99095573
820 0.99892832
821 1.00201156
822 1.00691818
823 0.99711267
824 1.00192655
825 1.00504757
826 1.00143447
827 1.00665151
828 0.99983325
829 1.00110085
830 0.99618954
831 1.00342319
832 1.00981662
833 0.99961863
834 1.00867625
835 1.00735875
836 0.99859861
837 1.00381026
838 1.00088682
839 1.00134797
840 0.99892832
841 0.99838478
842 1.00123906
843 0.99668705
844 0.99447175
845 1.00242083
846 0.99140148
847 0.99428729
848 1.00019255
849 1.00204925
850 0.99528709
851 0.99712423
852 0.98790603
853 0.99685464
854 0.99265069
855 1.00158105
856 0.99658242
857 0.99787851
858 0.99550603
859 0.99121173
860 1.00383715
861 0.99838478
862 0.99556833
863 0.99505205
864 1.00455270
865 0.99936521
866 0.99640644
867 0.99583395
868 0.99688326
869 0.99693065
870 1.00214062
871 1.00119293
872 1.00027923
873 1.00097270
874 0.99779911
875 0.99869363
876 0.99774097
877 0.99494926
878 1.00686704
879 1.00345114
880 1.00182181
881 0.99250060
882 0.99556833
883 0.99490071
884 1.00045166
885 0.99602414
886 0.99924379
887 1.00468940
888 1.00235251
889 0.99063651
890 0.99989794
891 1.00145240
892 0.98961999
893 0.99329807
894 1.00858545
895 1.00029315
896 0.99065903
897 0.99771501
898 0.99879340
899 0.98962073
900 0.99292694
901 0.99917199
902 0.99795173
903 0.99490071
904 0.99368010
905 1.00455530
906 1.00736135
907 0.99536072
908 0.99674025
909 0.99559514
910 0.99296443
911 1.00548955
912 1.00945807
913 1.00701356
914 1.00135116
915 1.00490062
916 1.00660027
917 1.00352433
918 0.99700311
919 0.99611706
920 0.99647170
921 1.00055977
922 1.00120013
923 0.99614669
924 0.99368010
925 0.99695084
926 1.00525652
927 0.99810853
928 1.00367241
929 1.00787742
930 0.99784305
931 1.00165829
932 1.00368039
933 1.00471693
934 0.99919695
935 0.99571219
936 1.00157129
937 1.00101133
938 1.00146181
939 1.00665723
940 0.99770836
941 0.99965459
942 1.00846605
943 1.00021002
944 1.00345204
945 0.99695084
946 0.99285591
947 0.99711114
948 0.99276442
949 0.98707677
950 0.99759854
951 0.99491273
952 1.00103014
953 0.99876047
954 0.99207756
955 0.99999176
956 1.00022248
957 0.99285226
958 0.99510060
959 0.98235362
960 0.99621849
961 0.99413112
962 1.00021307
963 0.99146158
964 0.99026237
965 0.99862924
966 0.99285591
967 1.00814355
968 0.99428963
969 0.99063674
970 0.98811475
971 1.00184175
972 1.00136775
973 0.99198998
974 0.99460532
975 0.99842715
976 0.99501842
977 0.99633928
978 1.00505827
979 0.99779213
980 1.00074819
981 0.99304737
982 0.99350187
983 0.98437249
984 0.99569263
985 1.00487485
986 0.99221560
987 1.00814355
988 0.98485855
989 0.98713540
990 0.98846611
991 0.98878587
992 0.98763201
993 0.99018156
994 0.99356705
995 0.98167847
996 0.98487685
997 0.98759532
998 0.98771474
999 0.99800095
1000 0.98318370
1001 0.99289691
1002 0.99371465
1003 0.99378154
1004 0.99035356
1005 0.99216481
1006 0.99832641
1007 0.99254072
1008 0.98485855
1009 0.99846972
1010 1.00008717
1011 0.99697862
1012 0.98466096
1013 1.00640894
1014 0.98480965
1015 0.99399890
1016 0.99754875
1017 0.98610037
1018 1.00011185
1019 1.00043916
1020 0.98914379
1021 0.99189836
1022 1.00018227
1023 0.98995824
1024 0.98808301
1025 0.99178663
1026 0.99496058
1027 0.99700137
1028 1.00075096
1029 0.99846972
1030 1.00472942
1031 0.99620751
1032 0.99832484
1033 0.99702864
1034 0.99331187
1035 1.00085542
1036 1.00116984
1037 0.99647370
1038 1.00006741
1039 1.00369349
1040 1.00459470
1041 1.00013612
1042 1.00103498
1043 1.00456078
1044 0.99988842
1045 1.00184250
1046 1.00616897
1047 0.99724646
1048 0.99943025
1049 1.01062313
1050 1.00472942
1051 0.99770991
1052 0.98642938
1053 0.99783761
1054 1.00539365
1055 0.99120553
1056 1.00431139
1057 0.99910327
1058 0.99852565
1059 0.98715514
1060 0.98684920
1061 0.99959823
1062 0.99827028
1063 0.99042870
1064 0.99753047
1065 0.99661015
1066 0.98551193
1067 0.99647355
1068 0.98994484
1069 0.99756033
1070 0.99533352
1071 0.99770991
1072 0.99552346
1073 0.99915633
1074 0.99772317
1075 0.99391792
1076 1.00254977
1077 0.99906899
1078 1.00122098
1079 0.99391108
1080 0.98179859
1081 0.99676840
1082 1.00473469
1083 0.99752921
1084 0.99142353
1085 0.99102029
1086 1.00575841
1087 1.00689090
1088 0.99561620
1089 0.99362082
1090 0.99985336
1091 0.99696062
1092 0.99552346
1093 0.99832292
1094 0.99631607
1095 0.99054262
1096 0.98578200
1097 0.99469946
1098 0.98642009
1099 0.98527700
1100 0.99142938
1101 0.99566967
1102 0.99114042
1103 0.99668404
1104 0.98694293
1105 0.98759783
1106 0.98862733
1107 1.00095170
1108 0.99170848
1109 0.99097586
1110 0.99916411
1111 0.98904929
1112 0.98756530
1113 0.99832292
1114 0.98496282
1115 0.99307348
1116 0.98489259
1117 0.98572127
1118 0.98572490
1119 0.98734842
1120 0.99398021
1121 0.98906671
1122 0.99371349
1123 0.99537147
1124 0.98420389
1125 0.97711842
1126 0.99050455
1127 0.98548666
1128 0.98197019
1129 0.98960027
1130 0.99037031
1131 0.99416096
1132 0.98461076
1133 0.98575558
1134 0.98496282
1135 1.00237439
1136 1.00202168
1137 0.99893373
1138 1.00078445
1139 0.99767619
1140 0.99098120
1141 1.00549123
1142 0.98822699
1143 0.98717257
1144 1.00466758
1145 0.99840132
1146 0.99430350
1147 0.99718237
1148 0.99559463
1149 0.98839572
1150 0.99922515
1151 1.00189112
1152 1.00534367
1153 0.99752902
1154 0.99470992
1155 1.00237439
1156 0.99106177
1157 0.99524793
1158 0.99718333
1159 0.99257815
1160 1.00392975
1161 0.99592303
1162 0.99322425
1163 0.99961519
1164 1.00204580
1165 0.98564014
1166 0.99938105
1167 0.99085503
1168 0.99291706
1169 0.99918805
1170 0.99960674
1171 0.99809158
1172 0.99469355
1173 1.00612427
1174 0.99805444
1175 0.99631190
1176 0.99106177
1177 0.99236628
1178 0.99630165
1179 0.98590161
1180 0.99114544
1181 0.98399524
1182 0.99238523
1183 0.99118424
1184 0.98385808
1185 0.99558312
1186 0.99257900
1187 0.99196580
1188 0.98969387
1189 0.99031283
1190 0.99208949
1191 0.98928199
1192 0.98286248
1193 0.99458368
1194 0.99381504
1195 0.98737302
1196 0.99074360
1197 0.99236628
1198 1.00015830
1199 0.98291165
1200 0.98307758
1201 0.99284318
1202 0.98397811
1203 0.99087578
1204 0.98620730
1205 0.98713505
1206 0.98839693
1207 0.99243835
1208 0.98700650
1209 0.98422508
1210 0.98589258
1211 0.98660474
1212 0.99881292
1213 0.98643499
1214 0.99131583
1215 0.98929164
1216 0.98777511
1217 0.99163312
1218 1.00015830
1219 0.99744619
1220 0.99897592
1221 0.99744516
1222 0.99303468
1223 0.99129000
1224 0.99024482
1225 0.99226388
1226 0.99920580
1227 0.98662017
1228 0.99803978
1229 0.99237553
1230 0.99999878
1231 0.99401424
1232 0.99818730
1233 0.99611693
1234 1.00060075
1235 0.98738514
1236 0.99291032
1237 0.99368623
1238 0.99415924
1239 0.99744619
1240 1.00380443
1241 0.99463261
1242 0.99657198
1243 0.99626745
1244 0.99458489
1245 1.00233338
1246 0.99987939
1247 1.00559678
1248 1.00333974
1249 1.00525784
1250 0.99587175
1251 1.00254926
1252 1.00328626
1253 0.99783316
1254 1.00664259
1255 0.99767525
1256 0.99470565
1257 0.99547291
1258 0.99879004
1259 1.00152529
1260 1.00380443
1261 1.00215161
1262 0.99337737
1263 0.98923151
1264 1.00768364
1265 0.99893850
1266 0.99969073
1267 0.99999762
1268 0.99900685
1269 0.99200277
1270 1.00141388
1271 0.99629463
1272 0.99627871
1273 1.00012775
1274 1.00565231
1275 0.99690713
1276 0.99663306
1277 0.98620030
1278 0.99489707
1279 1.00764686
1280 1.00561744
1281 1.00215161
1282 0.99543320
1283 0.99690195
1284 0.99027257
1285 0.99087355
1286 0.98718111
1287 0.99503006
1288 0.99034099
1289 0.99981342
1290 0.99276260
1291 0.97820690
1292 0.99750042
1293 0.99120772
1294 0.99053835
1295 0.98088799
1296 0.99448839
1297 0.98822354
1298 0.99351716
1299 0.98718332
1300 0.99608555
1301 0.99018292
1302 0.99543320
1303 1.00076558
1304 0.99935509
1305 1.00189511
1306 0.99951196
1307 1.01120754
1308 0.99715454
1309 1.00452306
1310 1.00158746
1311 1.00691723
1312 0.99930201
1313 0.99928234
1314 0.99998408
1315 0.99762102
1316 1.01165619
1317 1.00188962
1318 0.98622177
1319 0.99839444
1320 0.98936073
1321 1.01323194
1322 1.01164550
1323 1.00076558
1324 0.99998451
1325 0.99142767
1326 0.99570787
1327 0.99284895
1328 0.98626899
1329 0.99861917
1330 0.99543498
1331 1.00194866
1332 0.99902228
1333 1.00551875
1334 0.99432183
1335 1.00470935
1336 1.00146123
1337 0.99660640
1338 0.99643008
1339 0.99537535
1340 0.99539717
1341 0.99619377
1342 0.99527197
1343 1.00203017
1344 0.99998451
1345 0.99914702
1346 0.99608648
1347 0.99684960
1348 0.99582152
1349 1.00142739
1350 0.99057433
1351 0.99426648
1352 0.99139639
1353 1.00123119
1354 0.99746355
1355 0.99781754
1356 0.99523178
1357 0.99498114
1358 1.00138999
1359 1.00281107
1360 0.98341419
1361 1.00823429
1362 0.99737839
1363 0.99684345
1364 0.98918246
1365 0.99914702
1366 0.99855720
1367 0.98689233
1368 1.01106258
1369 1.00035178
1370 1.00448761
1371 0.98866177
1372 0.99638389
1373 0.99870993
1374 0.99860653
1375 0.99301797
1376 0.99673163
1377 1.01139334
1378 0.99795918
1379 0.98833840
1380 1.01049741
1381 1.00419412
1382 1.00637712
1383 0.99320481
1384 1.00162989
1385 0.99773994
1386 0.99855720
1387 0.99794169
1388 0.99103918
1389 0.99657902
1390 0.99272737
1391 0.99547655
1392 0.99076867
1393 0.99653337
1394 0.98476600
1395 0.99391401
1396 1.00176619
1397 0.98789117
1398 0.99120136
1399 0.99315822
1400 1.00168347
1401 1.00413037
1402 0.99756848
1403 0.98571850
1404 0.99205712
1405 0.98750439
1406 0.99987090
1407 0.99794169
1408 1.00870765
1409 1.00310422
1410 1.00123500
1411 0.99207571
1412 1.00451495
1413 0.99758034
1414 1.00936974
1415 1.01126816
1416 1.00062526
1417 1.00084935
1418 0.99702233
1419 1.00716953
1420 1.00098630
1421 1.00012801
1422 0.99906604
1423 1.00015571
1424 1.00075375
1425 0.99618437
1426 0.99803952
1427 1.00085451
1428 1.00870765
1429 0.98884564
1430 1.00193484
1431 0.99811897
1432 0.98969291
1433 1.00720207
1434 0.99345285
1435 1.00084493
1436 1.00551226
1437 0.99993620
1438 0.99639561
1439 0.99531363
1440 0.99359947
1441 0.98909413
1442 1.00372458
1443 0.99468245
1444 1.00431946
1445 0.98768088
1446 0.99312218
1447 1.00093007
1448 1.00479300
1449 0.98884564
1450 1.00377205
1451 1.00012690
1452 1.00154072
1453 1.00875088
1454 1.00566030
1455 1.00253454
1456 0.99943069
1457 1.00140262
1458 1.00225306
1459 1.00496143
1460 1.00222629
1461 1.00229127
1462 0.99916687
1463 1.00636840
1464 1.00852989
1465 1.00042171
1466 1.00295442
1467 1.00749683
1468 1.00548847
1469 1.00703836
1470 1.00377205
1471 0.98187012
1472 0.99596793
1473 0.99448836
1474 0.99286507
1475 0.99148462
1476 0.99992315
1477 0.99102626
1478 0.99983430
1479 0.99493534
1480 0.99885204
1481 0.99904709
1482 1.00270200
1483 0.99258653
1484 0.99879972
1485 0.98792607
1486 0.99787688
1487 1.00590700
1488 0.99335161
1489 1.00424413
1490 0.99331986
1491 0.98187012
1492 1.00105957
1493 1.00540295
1494 0.99809306
1495 1.00592060
1496 0.99097273
1497 1.00071887
1498 0.99246745
1499 1.00424161
1500 0.99517639
1501 0.99916284
1502 0.99235427
1503 0.99741466
1504 1.00023915
1505 1.00594425
1506 0.99654687
1507 0.99679347
1508 1.00395303
1509 0.99462563
1510 0.99173313
1511 1.00211544
1512 1.00105957
1513 0.99710227
1514 1.00270411
1515 0.98599995
1516 0.99107498
1517 0.99605362
1518 0.99608393
1519 0.99097308
1520 1.00015133
1521 0.98665352
1522 0.98851392
1523 0.99722627
1524 0.99298017
1525 0.98235939
1526 0.99596888
1527 0.98532559
1528 1.00046116
1529 0.98227569
1530 0.98960129
1531 0.99666256
1532 0.99672034
1533 0.99710227
1534 0.99956074
1535 0.99839599
1536 0.99986221
1537 1.00251429
1538 0.99701856
1539 1.00160557
1540 0.99703976
1541 0.99462413
1542 1.00058645
1543 1.00957098
1544 1.00007234
1545 0.98929688
1546 0.99778606
1547 0.98676098
1548 1.00806122
1549 1.00237814
1550 1.00031948
1551 1.00528429
1552 0.99852031
1553 0.98835778
1554 0.99956074
1555 0.99976092
1556 0.98954794
1557 0.99005105
1558 0.99576860
1559 0.99811207
1560 0.99210573
1561 1.00923894
1562 1.00126496
1563 0.99828028
1564 0.99993919
1565 0.99530807
1566 0.99377507
1567 0.99885739
1568 0.99508831
1569 0.99536931
1570 0.99594934
1571 1.00429697
1572 0.99859192
1573 0.99864953
1574 1.00243289
1575 0.99976092
1576 0.97884437
1577 0.99169229
1578 0.99789306
1579 0.99331310
1580 0.99585083
1581 0.99767335
1582 0.99385936
1583 0.98970106
1584 1.00089511
1585 0.99768496
1586 0.99091640
1587 1.00008308
1588 0.99173959
1589 0.98825857
1590 0.99950104
1591 0.99137445
1592 0.99575110
1593 0.99285433
1594 0.99431742
1595 0.99547481
1596 0.97884437
1597 0.98927946
1598 0.99879231
1599 1.00407878
1600 0.99516622
1601 1.00253534
1602 0.99416064
1603 0.99518119
1604 0.99231443
1605 0.99363977
1606 0.99676494
1607 0.99468713
1608 1.00000404
1609 1.00315600
1610 0.99807686
1611 0.99837743
1612 0.99408755
1613 0.99612187
1614 0.99046302
1615 0.99334625
1616 0.99827938
1617 0.98927946
1618 0.99545096
1619 0.99839536
1620 0.99682659
1621 0.99306329
1622 0.98514505
1623 0.99494911
1624 0.99040248
1625 0.98325824
1626 0.99262407
1627 0.99948208
1628 0.98400870
1629 0.99599965
1630 0.98445580
1631 0.98996468
1632 0.99469727
1633 0.98677297
1634 0.99332475
1635 0.99843218
1636 0.98763179
1637 0.99238602
1638 0.99545096
1639 1.00481527
1640 1.00553104
1641 1.00249843
1642 1.00907130
1643 0.99418357
1644 0.99847580
1645 1.00018038
1646 1.00377422
1647 1.00819153
1648 1.00121308
1649 0.99868049
1650 1.00193291
1651 0.99938556
1652 1.00053421
1653 1.00779034
1654 1.00196295
1655 1.00395626
1656 0.99560298
1657 1.00483167
1658 0.99833064
1659 1.00481527
1660 0.99400138
1661 0.98718820
1662 0.99624604
1663 0.99122976
1664 0.99463273
1665 0.99067635
1666 0.98638288
1667 0.99214760
1668 0.99952293
1669 0.98293234
1670 0.98598382
1671 0.99169820
1672 0.99073433
1673 0.98415915
1674 0.98761866
1675 0.99247541
1676 0.98711645
1677 0.99340320
1678 0.98165826
1679 0.99038669
1680 0.99400138
1681 0.99254493
1682 0.98252581
1683 0.99653209
1684 0.99756575
1685 0.99675155
1686 0.98893693
1687 0.99648659
1688 0.99282749
1689 1.00051347
1690 0.99600821
1691 1.00624834
1692 0.99150837
1693 0.99309341
1694 0.99017239
1695 0.99936604
1696 0.99234743
1697 1.00075468
1698 0.99018070
1699 0.99801265
1700 0.99423234
1701 0.99254493
1702 0.98803940
1703 0.99089280
1704 0.99235291
1705 0.99715458
1706 0.99015764
1707 1.00010048
1708 0.99733936
1709 1.00454169
1710 0.99595260
1711 0.99916781
1712 0.98915595
1713 0.99645709
1714 0.99130758
1715 0.99311586
1716 0.99233279
1717 0.99651615
1718 0.98990992
1719 0.99316629
1720 0.99275713
1721 0.99565158
1722 0.98803940
1723 0.99609187
1724 1.00526153
1725 0.99716489
1726 0.99247813
1727 0.99487965
1728 0.99429522
1729 0.99474680
1730 0.99311979
1731 1.00057440
1732 0.99738051
1733 0.99352133
1734 0.99422554
1735 0.99193956
1736 0.99338160
1737 0.99776624
1738 0.99765720
1739 0.99004296
1740 0.99078729
1741 0.99185767
1742 0.99441070
1743 0.99609187
1744 0.98850439
1745 0.99685230
1746 0.99864480
1747 0.99852662
1748 0.99797303
1749 0.99684830
1750 0.99666538
1751 0.99985675
1752 1.00272455
1753 0.99157909
1754 0.99345552
1755 0.99954934
1756 0.99854601
1757 1.00297477
1758 0.99792159
1759 0.99195736
1760 1.00127790
1761 0.99683730
1762 1.00282919
1763 0.99510350
1764 0.98850439
1765 0.99844215
1766 0.99312604
1767 1.00112396
1768 0.99625755
1769 1.00624825
1770 1.00095135
1771 1.00283988
1772 0.99459975
1773 1.00077648
1774 0.99569742
1775 0.99442129
1776 0.99542629
1777 0.99419502
1778 1.00672907
1779 1.00379895
1780 0.99570111
1781 1.00162193
1782 0.99875482
1783 0.99148129
1784 0.99614562
1785 0.99844215
1786 1.00216059
1787 0.99719592
1788 0.99885626
1789 0.99729137
1790 0.99883870
1791 1.00181740
1792 0.99859232
1793 1.01296705
1794 0.99945085
1795 1.00017794
1796 0.99636620
1797 0.99344682
1798 0.99799277
1799 0.99278731
1800 1.00076394
1801 0.99513231
1802 0.98820976
1803 0.99153007
1804 0.99300018
1805 0.99405713
1806 1.00216059
1807 0.99255811
1808 0.98632534
1809 0.99482696
1810 0.99723236
1811 0.98925392
1812 0.98639163
1813 0.99100933
1814 1.00532021
1815 0.98494548
1816 0.99674296
1817 0.98138822
1818 0.99701594
1819 0.99108883
1820 0.98845420
1821 1.00094260
1822 0.99716969
1823 0.99097475
1824 0.99628531
1825 1.00238239
1826 0.99764424
1827 0.99255811
1828 0.99791853
1829 1.00640313
1830 1.00940766
1831 1.00389865
1832 1.00579865
1833 0.99635435
1834 0.99965979
1835 1.00095717
1836 1.00736584
1837 0.99935948
1838 1.00380582
1839 0.99885554
1840 1.01189981
1841 1.01497265
1842 1.00002742
1843 1.00391034
1844 1.00584246
1845 0.98893090
1846 0.99919896
1847 1.00216496
1848 0.99791853
1849 0.98711972
1850 0.99330941
1851 0.99384425
1852 0.98911220
1853 1.00027087
1854 0.99104595
1855 1.00405367
1856 0.99070902
1857 0.99222876
1858 0.99824182
1859 0.99225061
1860 0.99186403
1861 0.99421172
1862 1.00135143
1863 0.99130636
1864 1.00262944
1865 0.98564755
1866 0.99530715
1867 0.99024285
1868 0.99845999
1869 0.98711972
1870 0.99473007
1871 0.99801081
1872 1.00885139
1873 0.99641653
1874 1.00135397
1875 0.99681485
1876 0.99868709
1877 0.99907340
1878 1.00002857
1879 0.99652357
1880 1.00786755
1881 0.99397317
1882 0.99891252
1883 0.99905545
1884 1.00079923
1885 0.99526463
1886 1.00099963
1887 0.98793811
1888 1.00592650
1889 1.00216936
1890 0.99473007
1891 0.99769366
1892 0.99476369
1893 0.99079230
1894 0.99560201
1895 0.98783553
1896 0.98949872
1897 0.98867624
1898 0.99706526
1899 0.99856350
1900 0.98647071
1901 1.00688408
1902 0.99259251
1903 1.00483228
1904 0.98737411
1905 0.99427774
1906 0.99018239
1907 0.99864616
1908 0.99667554
1909 0.97999247
1910 0.99629387
1911 0.99769366
1912 1.00217045
1913 0.99679514
1914 0.99850551
1915 0.99507014
1916 1.00166974
1917 0.99697206
1918 0.99584698
1919 1.00110460
1920 1.00073482
1921 1.00763468
1922 1.00287340
1923 0.99707072
1924 0.99749091
1925 0.99713579
1926 0.99995798
1927 1.00087911
1928 1.00157213
1929 0.99545099
1930 0.99455892
1931 1.00093148
1932 1.00217045
1933 1.00283385
1934 0.99877901
1935 0.99150322
1936 0.99842285
1937 1.00137465
1938 0.99663769
1939 0.99664697
1940 0.99702474
1941 0.99862182
1942 1.00303101
1943 0.99680377
1944 0.99811451
1945 0.99778478
1946 0.99755868
1947 1.00177093
1948 0.99701132
1949 0.99730749
1950 0.99624473
1951 0.99171024
1952 0.99845408
1953 1.00283385
1954 0.99305716
1955 0.99727822
1956 0.99355175
1957 0.99475111
1958 1.00254800
1959 1.00885760
1960 0.99888249
1961 1.00554216
1962 1.00081005
1963 0.99329890
1964 0.99612403
1965 0.99094153
1966 1.00805540
1967 1.00135560
1968 0.99550996
1969 0.99542125
1970 1.00421945
1971 1.01138900
1972 0.99549453
1973 0.99283177
1974 0.99305716
1975 1.00175503
1976 1.00325662
1977 1.01270304
1978 1.00277194
1979 1.00621802
1980 0.99702239
1981 1.00091370
1982 0.99853184
1983 1.00273477
1984 1.00070670
1985 0.99730215
1986 1.01075700
1987 1.01091602
1988 1.00019779
1989 0.99771580
1990 1.00677574
1991 1.00256641
1992 0.98866339
1993 0.99913092
1994 1.00082625
1995 1.00175503
1996 0.98527205
1997 0.98278247
1998 0.98393287
1999 0.99395149
2000 0.98663248
2001 0.99417772
2002 0.99382511
2003 0.99123662
2004 0.99563175
2005 0.99221543
2006 0.99140453
2007 0.99412177
2008 0.99165761
2009 0.99515093
2010 0.98917676
2011 0.99126750
2012 0.99586853
2013 0.99208257
2014 0.99186355
2015 0.99933234
2016 0.98527205
2017 0.99906387
2018 1.00309660
2019 0.98687768
2020 1.00140798
2021 0.98632979
2022 0.99308698
2023 0.99414806
2024 0.99997809
2025 1.00016583
2026 0.98988465
2027 0.99719413
2028 0.99481942
2029 0.99753137
2030 1.00094821
2031 0.99412808
2032 0.99073895
2033 0.99832000
2034 0.99333759
2035 0.99860911
2036 0.99178034
2037 0.99906387
2038 0.99176977
2039 1.00350502
2040 0.99533769
2041 0.99574861
2042 0.99934709
2043 0.99227610
2044 0.99673527
2045 0.99752815
2046 1.00179066
2047 0.99617185
2048 1.00213778
2049 0.99435745
2050 1.00887585
2051 1.00407033
2052 1.00693061
2053 1.00126093
2054 0.99859107
2055 0.99059923
2056 0.99786709
2057 0.99235903
2058 0.99176977
2059 0.98875879
2060 0.99706584
2061 1.00047875
2062 1.00519719
2063 0.99012073
2064 0.99130291
2065 0.98950881
2066 1.00282426
2067 0.99908654
2068 0.99759445
2069 1.00706789
2070 0.99042600
2071 0.99035426
2072 0.99454897
2073 0.98634177
2074 0.99597830
2075 0.99062306
2076 0.99099200
2077 0.99449848
2078 0.99280446
2079 0.98875879
2080 0.98435413
2081 0.99053980
2082 0.99919762
2083 0.98571293
2084 0.99275452
2085 0.98300121
2086 0.99243779
2087 0.98188673
2088 0.98058318
2089 0.98412247
2090 0.99785743
2091 0.99571119
2092 0.99506176
2093 0.98859396
2094 0.99054806
2095 0.99255318
2096 0.98504264
2097 0.99113261
2098 0.99215348
2099 0.98407310
2100 0.98435413
2101 0.99485178
2102 0.98393613
2103 0.99621210
2104 0.99275482
2105 0.99189385
2106 0.99218450
2107 0.98599879
2108 0.98516159
2109 0.99093861
2110 0.99357153
2111 0.99987341
2112 0.99364950
2113 0.99944791
2114 0.99467922
2115 0.99651305
2116 0.98882929
2117 0.98560552
2118 0.99420699
2119 0.99162709
2120 0.98514764
2121 0.99485178
2122 1.00621517
2123 0.99930393
2124 0.99048240
2125 0.99597707
2126 0.99796040
2127 1.00617585
2128 0.99676721
2129 1.00237344
2130 0.99719267
2131 1.00200789
2132 0.99827117
2133 0.99555549
2134 0.99481647
2135 0.99883199
2136 0.99307155
2137 0.99810059
2138 1.00083000
2139 1.00531490
2140 0.99822982
2141 0.99438662
2142 1.00621517
2143 0.99514569
2144 0.99484784
2145 0.99666127
2146 0.98631462
2147 0.99671906
2148 0.99636411
2149 0.99417533
2150 0.98772388
2151 0.99464348
2152 0.99518337
2153 0.99962931
2154 0.98678522
2155 0.99437150
2156 0.99498485
2157 0.99920495
2158 1.00340728
2159 0.99993017
2160 0.99043506
2161 0.99873903
2162 0.99626937
2163 0.99514569
2164 0.98921463
2165 0.98909871
2166 0.98917968
2167 0.99062116
2168 0.98681948
2169 0.98093085
2170 0.98732249
2171 0.98766788
2172 0.99313529
2173 0.98579125
2174 0.98693593
2175 0.98870525
2176 0.98579879
2177 0.99265067
2178 0.98970977
2179 0.98218001
2180 0.98920517
2181 0.99178930
2182 0.98599837
2183 0.98157563
2184 0.98921463
2185 1.00910543
2186 0.98990562
2187 0.98405226
2188 1.00238676
2189 0.99018772
2190 0.98756597
2191 0.99334594
2192 1.00145278
2193 1.00104577
2194 0.99083295
2195 0.97907902
2196 0.99620483
2197 0.99108069
2198 0.99527713
2199 0.98648287
2200 0.98688574
2201 0.99778701
2202 0.99239868
2203 0.99169532
2204 0.99087617
2205 1.00910543
2206 0.98864307
2207 1.00413868
2208 1.00904460
2209 1.00667782
2210 1.00160167
2211 0.99194098
2212 0.99302432
2213 1.00575256
2214 0.99818037
2215 0.99857184
2216 1.00213988
2217 0.99991510
2218 0.99117122
2219 0.99908025
2220 1.00163412
2221 0.99620202
2222 1.00492929
2223 1.00291291
2224 0.99391360
2225 1.00330616
2226 0.98864307
2227 0.99000513
2228 0.99093489
2229 0.99787113
2230 1.00103441
2231 0.98939904
2232 0.99776139
2233 0.99110125
2234 0.99358301
2235 0.99698427
2236 0.98856052
2237 0.98970404
2238 1.00105581
2239 0.99882529
2240 0.99500792
2241 0.99524539
2242 0.99525653
2243 0.99772601
2244 0.98896144
2245 0.98255512
2246 0.97774182
2247 0.99000513
2248 1.00138233
2249 1.00225120
2250 1.00384590
2251 0.99804935
2252 0.99988682
2253 0.99757847
2254 1.00504786
2255 1.00589598
2256 1.00003007
2257 1.00319270
2258 1.00420876
2259 1.00163415
2260 1.00963279
2261 1.00813052
2262 1.00066472
2263 0.99600700
2264 1.00072936
2265 1.00290436
2266 1.00685931
2267 0.99848639
2268 1.00138233
2269 0.99350880
2270 0.99811404
2271 1.00348577
2272 0.99680480
2273 1.00275653
2274 0.99244223
2275 0.98646295
2276 1.01161509
2277 0.99659760
2278 0.98955442
2279 0.99555324
2280 1.00313239
2281 0.99854497
2282 0.99503408
2283 1.00350009
2284 0.99656026
2285 1.00083940
2286 0.99054444
2287 0.99106543
2288 0.99272151
2289 0.99350880
2290 0.98047648
2291 0.98444915
2292 0.98849454
2293 0.99117077
2294 0.98180439
2295 0.99119341
2296 0.99383606
2297 0.99313499
2298 0.99600181
2299 0.98623386
2300 0.97587766
2301 0.99001735
2302 0.98236429
2303 0.98021498
2304 0.98119691
2305 0.99310696
2306 0.98505343
2307 0.98513237
2308 0.98928461
2309 0.98774853
2310 0.98047648
2311 1.00106141
2312 1.00502146
2313 0.99957251
2314 0.99317844
2315 0.98701037
2316 0.99767550
2317 0.99988099
2318 1.00266671
2319 0.99710712
2320 1.00175961
2321 0.99172933
2322 1.00211378
2323 0.99602154
2324 0.99844707
2325 1.00047880
2326 1.00016774
2327 1.00564485
2328 0.99241298
2329 0.99789335
2330 0.99931575
2331 1.00106141
2332 0.99467095
2333 0.98739160
2334 0.99514319
2335 1.01072091
2336 0.99667825
2337 0.98509057
2338 0.98983383
2339 1.00109727
2340 0.99579199
2341 0.99463326
2342 0.99589803
2343 0.99718310
2344 0.99283674
2345 0.98952409
2346 0.99916220
2347 0.99996648
2348 0.99314666
2349 0.98969439
2350 0.99646580
2351 0.98923654
2352 0.99467095
2353 1.00387477
2354 0.99014164
2355 0.99716894
2356 0.99683293
2357 0.99807439
2358 0.99491507
2359 0.99766511
2360 1.00051973
2361 0.99217884
2362 1.00679051
2363 1.00116120
2364 1.01112385
2365 0.99779190
2366 0.99820146
2367 0.99636135
2368 1.00731982
2369 0.99343774
2370 0.99621485
2371 1.00769860
2372 1.00214609
2373 1.00387477
2374 1.00494319
2375 1.00264511
2376 0.99716854
2377 0.99578054
2378 1.00162294
2379 0.99896091
2380 1.01122421
2381 1.00065638
2382 1.00042065
2383 1.00549633
2384 0.99686255
2385 1.00501309
2386 1.00553919
2387 0.99468086
2388 1.00273799
2389 0.99782152
2390 0.99966361
2391 0.99649355
2392 0.99645414
2393 0.99635009
2394 1.00494319
2395 0.99334422
2396 0.99839966
2397 0.99988785
2398 0.99982273
2399 1.00116075
2400 0.98970903
2401 0.99328986
2402 0.99513721
2403 0.99548813
2404 0.99983122
2405 0.99662706
2406 0.99816052
2407 0.99903453
2408 0.98711120
2409 0.99994220
2410 0.99045131
2411 1.00322129
2412 0.99342353
2413 0.99694091
2414 0.99456748
2415 0.99334422
2416 0.99936008
2417 0.99763849
2418 0.99903925
2419 0.99202385
2420 0.99577784
2421 0.99837726
2422 0.99417145
2423 0.99814548
2424 0.99985228
2425 0.99633474
2426 0.99395804
2427 0.99749479
2428 0.99442078
2429 1.00113224
2430 0.99588140
2431 1.00443912
2432 0.99546272
2433 0.99744962
2434 0.99391042
2435 1.00060674
2436 0.99936008
2437 0.99306707
2438 0.98901519
2439 1.00321147
2440 1.00365554
2441 0.99652485
2442 0.99394646
2443 0.98876832
2444 0.99668260
2445 0.99388651
2446 0.98863028
2447 0.99732675
2448 1.00132973
2449 0.99601797
2450 1.00052604
2451 0.98894835
2452 1.00038511
2453 1.00251651
2454 1.00120269
2455 0.99453998
2456 0.98886626
2457 0.99306707
2458 0.99722266
2459 1.00058145
2460 0.99279373
2461 1.00666790
2462 1.00587994
2463 0.99995993
2464 1.00363639
2465 1.01076765
2466 0.99805539
2467 1.00348456
2468 0.98960095
2469 1.00664150
2470 1.00285207
2471 1.00819594
2472 1.00392791
2473 1.01018304
2474 1.00577611
2475 1.00756890
2476 0.99158668
2477 0.99855905
2478 0.99722266
2479 0.98725115
2480 0.99100131
2481 0.99521822
2482 0.99148423
2483 0.98549143
2484 0.98274860
2485 0.99007084
2486 0.98420194
2487 0.98773705
2488 0.98531646
2489 0.98142593
2490 0.99077173
2491 0.98910004
2492 0.98899177
2493 0.98855393
2494 0.99604926
2495 0.99668878
2496 0.98329217
2497 0.99321771
2498 0.99042268
2499 0.98725115
2500 1.00294216
2501 1.00114304
2502 1.00448755
2503 1.00108765
2504 1.01312349
2505 1.00021826
2506 1.00842532
2507 1.00919245
2508 1.00160795
2509 1.00520658
2510 0.99088598
2511 0.99295881
2512 1.00290453
2513 1.00596952
2514 1.00370767
2515 1.00744456
2516 1.00259170
2517 1.00757357
2518 1.00737027
2519 1.00776476
2520 1.00294216
2521 0.99239277
2522 0.99570340
2523 0.99398605
2524 1.00167063
2525 0.99630662
2526 0.99112552
2527 0.99394791
2528 1.00417311
2529 0.99214713
2530 0.99802022
2531 0.99037284
2532 1.00101182
2533 0.99603727
2534 0.99531156
2535 0.99381642
2536 0.99320864
2537 0.99276266
2538 0.99916417
2539 0.99132249
2540 0.98731453
2541 0.99239277
2542 1.00188590
2543 0.99272607
2544 0.98359436
2545 0.99993313
2546 0.99227999
2547 0.99255424
2548 1.00053040
2549 0.98905539
2550 1.00156480
2551 0.99904084
2552 0.99118095
2553 1.00266835
2554 0.99279811
2555 0.98968842
2556 1.00002280
2557 0.99756141
2558 0.99210205
2559 1.00370930
2560 0.99609227
2561 0.98828841
2562 1.00188590
2563 0.99500937
2564 0.99193351
2565 0.98639257
2566 0.99995086
2567 0.99232040
2568 0.99395663
2569 0.99318007
2570 0.99067842
2571 0.99633998
2572 0.99068213
2573 0.99817177
2574 0.98928845
2575 0.99145686
2576 0.99737533
2577 0.98609950
2578 0.99399816
2579 0.99940940
2580 0.99963199
2581 0.98583765
2582 1.00609223
2583 0.99500937
2584 0.99860716
2585 1.00332420
2586 1.00318548
2587 1.00233581
2588 0.99338095
2589 1.00358759
2590 0.99336107
2591 1.00032398
2592 1.00649887
2593 1.00049176
2594 1.00220487
2595 1.00321066
2596 1.00008377
2597 1.00570750
2598 0.99777853
2599 1.01045534
2600 1.00506421
2601 1.00137768
2602 1.00240616
2603 1.00152375
2604 0.99860716
2605 0.98984825
2606 0.99197319
2607 0.98214269
2608 0.99606442
2609 0.98893914
2610 0.99966794
2611 0.99385773
2612 0.99435405
2613 0.99690587
2614 0.99905570
2615 1.00098219
2616 0.98785966
2617 0.99454731
2618 0.99536700
2619 0.99560070
2620 0.99749056
2621 0.99082989
2622 0.99738846
2623 0.99310386
2624 0.98905660
2625 0.98984825
2626 1.00765583
2627 1.00330433
2628 1.00604300
2629 1.00252155
2630 1.00247195
2631 0.99290750
2632 1.00936391
2633 0.99572447
2634 1.00143682
2635 0.99980754
2636 1.00335723
2637 0.99509031
2638 0.99810532
2639 0.99835241
2640 0.99637524
2641 1.01408768
2642 0.99842410
2643 1.00397289
2644 0.99257409
2645 0.99749500
2646 1.00765583
2647 0.99004288
2648 0.99828324
2649 0.98934324
2650 0.99533757
2651 0.99038484
2652 0.99541845
2653 0.99347350
2654 0.99868137
2655 0.99769964
2656 0.99799736
2657 0.99331436
2658 0.99390622
2659 0.99909944
2660 0.99312710
2661 0.99416170
2662 0.99646775
2663 1.00539798
2664 0.99218825
2665 0.99175273
2666 1.00814939
2667 0.99004288
2668 0.98948138
2669 0.99443280
2670 0.98957499
2671 0.98681822
2672 0.99426523
2673 0.98820461
2674 0.99039335
2675 0.98828073
2676 0.99592905
2677 0.98869934
2678 0.98376050
2679 0.99361344
2680 0.99807116
2681 0.98855558
2682 0.98915865
2683 0.98690118
2684 0.99976899
2685 0.99476353
2686 0.99914441
2687 0.99425795
2688 0.98948138
2689 1.00992135
2690 0.99685703
2691 0.99645250
2692 1.00753045
2693 0.99817723
2694 0.99986699
2695 1.00483022
2696 1.00560467
2697 1.00200401
2698 0.99823166
2699 1.01288823
2700 1.00597615
2701 1.00684195
2702 1.01185552
2703 1.00660684
2704 1.00652257
2705 1.01322385
2706 1.00103299
2707 0.99873225
2708 1.00646828
2709 1.00992135
2710 0.98890834
2711 0.99290543
2712 0.99853467
2713 0.99724891
2714 0.99725564
2715 0.99236679
2716 0.99496714
2717 1.00017262
2718 0.99527218
2719 0.99275715
2720 0.99831802
2721 0.99786509
2722 0.99865072
2723 0.99795852
2724 0.99589629
2725 0.98780636
2726 0.98771694
2727 1.00106195
2728 1.00412885
2729 0.99178914
2730 0.98890834
2731 0.99628615
2732 0.99842368
2733 1.00521843
2734 0.99782827
2735 1.00126899
2736 0.99307361
2737 1.00164192
2738 0.99992135
2739 1.00257223
2740 0.99505362
2741 1.00360084
2742 0.99819571
2743 0.99747725
2744 1.00053810
2745 1.00057824
2746 0.99894832
2747 0.98946864
2748 1.00361893
2749 1.00677071
2750 1.00221630
2751 0.99628615
2752 0.98089145
2753 0.99139907
2754 0.98680481
2755 0.98519951
2756 0.99188777
2757 0.98852029
2758 0.98427844
2759 0.98216896
2760 0.98362482
2761 0.99088558
2762 0.99117395
2763 0.98278801
2764 0.99452055
2765 0.99425493
2766 0.98752484
2767 0.97828909
2768 0.98544345
2769 0.98417786
2770 0.98560471
2771 0.97918764
2772 0.98089145
2773 0.93756048
2774 0.95140244
2775 0.95315670
2776 0.96023853
2777 0.97002219
2778 0.97008103
2779 0.98071034
2780 0.97770590
2781 0.97754297
2782 0.97337395
2783 0.97892101
2784 0.97192749
2785 0.97635954
2786 0.97333131
2787 0.98094139
2788 0.96360268
2789 0.96864584
2790 0.95692860
2791 0.95467175
2792 0.94489684
2793 0.93756048
2794 0.99900360
2795 1.01045345
2796 1.00754205
2797 1.00988040
2798 0.99610768
2799 1.00875585
2800 1.00091138
2801 1.01355470
2802 1.00482754
2803 1.00863303
2804 1.00624287
2805 1.00486483
2806 1.00662978
2807 1.00029589
2808 1.00737358
2809 1.00878162
2810 1.00856948
2811 1.00240702
2812 1.00230462
2813 1.00116288
2814 0.99900360
2815 0.99529423
2816 1.00106543
2817 1.01040148
2818 1.00003750
2819 0.99558532
2820 1.00056742
2821 1.01231683
2822 0.99723942
2823 1.00063451
2824 1.00005894
2825 0.99839501
2826 1.00318748
2827 0.99794392
2828 0.99827854
2829 0.99771953
2830 1.00975755
2831 1.00007807
2832 0.99584786
2833 1.00726172
2834 0.99852695
2835 0.99529423
2836 0.97927546
2837 0.99170646
2838 0.99156696
2839 1.00031993
2840 0.99139107
2841 0.99180116
2842 0.98878372
2843 0.99958100
2844 0.99502988
2845 0.99115342
2846 0.99026317
2847 0.98577622
2848 0.98584710
2849 0.99429623
2850 0.99813986
2851 0.99540570
2852 0.98900999
2853 0.99300835
2854 0.99270782
2855 0.99760816
2856 0.97927546
2857 0.98647520
2858 0.99516448
2859 0.99342724
2860 0.99496737
2861 1.00111968
2862 1.00046512
2863 0.99411776
2864 0.99552634
2865 0.99314607
2866 0.99341396
2867 0.99198903
2868 0.99373455
2869 0.99828148
2870 0.98898720
2871 0.99261475
2872 1.00307220
2873 0.99236673
2874 0.99502688
2875 0.99326009
2876 0.99677840
2877 0.98647520
2878 0.99336231
2879 0.98857366
2880 0.99545626
2881 0.99529131
2882 0.99629831
2883 0.99256419
2884 1.00454020
2885 0.99451185
2886 0.99627317
2887 1.00629019
2888 0.99529818
2889 1.00033831
2890 0.99725793
2891 0.99444027
2892 0.99432012
2893 0.99596347
2894 0.99355707
2895 1.00098968
2896 0.99738342
2897 0.99429940
2898 0.99336231
2899 0.99576348
2900 0.99060199
2901 0.98735695
2902 1.00009142
2903 0.99415944
2904 0.99903178
2905 0.99613980
2906 0.99686274
2907 1.00050600
2908 1.00713104
2909 0.99871612
2910 1.00054959
2911 0.99361666
2912 0.99462174
2913 0.99205136
2914 1.00501558
2915 1.00889126
2916 1.00142958
2917 0.99742945
2918 1.00293210
2919 0.99576348
2920 1.00220950
2921 1.00040974
2922 1.00236472
2923 0.99322551
2924 1.00292029
2925 1.00259835
2926 0.99703957
2927 0.99970422
2928 0.98963636
2929 1.00243916
2930 1.00104961
2931 0.99902031
2932 1.00581983
2933 0.98759753
2934 0.99321869
2935 0.99432376
2936 1.00194080
2937 0.99647667
2938 0.99674957
2939 1.00707362
2940 1.00220950
2941 0.99703659
2942 0.99651576
2943 0.99568012
2944 1.00393762
2945 0.99220734
2946 1.00452062
2947 0.98832197
2948 0.99213607
2949 0.99122998
2950 0.99982763
2951 0.99351727
2952 0.99845066
2953 0.99980445
2954 0.98934429
2955 0.99370702
2956 0.99423702
2957 1.00165358
2958 1.00134836
2959 0.99725292
2960 0.99390316
2961 0.99703659
2962 1.00108698
2963 0.99054814
2964 0.98696334
2965 0.99734163
2966 0.99729811
2967 0.99951954
2968 1.00666254
2969 0.99114402
2970 1.00178787
2971 1.00065178
2972 1.00140563
2973 1.00099944
2974 1.00690057
2975 0.99695252
2976 0.99900287
2977 0.99533762
2978 1.00583232
2979 1.00628525
2980 0.99412861
2981 0.99787997
2982 1.00108698
2983 0.98627884
2984 0.99127718
2985 0.99045486
2986 0.98920700
2987 0.99090230
2988 0.98539990
2989 0.99501907
2990 0.98394872
2991 1.00355297
2992 0.98723889
2993 0.99390817
2994 0.98719359
2995 0.99204033
2996 0.99119125
2997 0.99421641
2998 0.99852729
2999 0.99644889
3000 0.99116194
3001 0.98647021
3002 0.99003761
3003 0.98627884
3004 1.00041708
3005 1.00714903
3006 0.99468340
3007 0.98720864
3008 1.00464790
3009 1.00117227
3010 0.99982457
3011 1.00992853
3012 0.99421979
3013 1.00264253
3014 1.00234925
3015 1.00257498
3016 0.99936151
3017 0.99862111
3018 0.99499381
3019 1.01203172
3020 1.01455257
3021 1.00915241
3022 0.99848138
3023 0.99915233
3024 1.00041708
