index DenDen_position
1 1.63927344
2 1.58322880
3 1.56235857
4 1.53005534
5 1.50534123
6 1.50137456
7 1.48029464
8 1.46893164
9 1.46762138
10 1.46100386
11 1.46035574
12 1.46387391
13 1.46745615
14 1.47986930
15 1.48133577
16 1.50204058
17 1.50754871
18 1.53553179
19 1.55772225
20 1.59102110
21 1.63927344
22 0.94765779
23 0.95775929
24 0.95884974
25 0.96921273
26 0.97349829
27 0.97840570
28 0.98479264
29 0.99621226
30 0.97862098
31 0.98260571
32 0.98616199
33 0.97956694
34 0.98244891
35 0.98021287
36 0.98449863
37 0.97716402
38 0.97079761
39 0.96898657
40 0.95488727
41 0.96062059
42 0.94765779
43 1.00289658
44 0.99787300
45 0.99978978
46 1.00947989
47 0.99786953
48 0.99944772
49 0.99152519
50 0.99820265
51 1.00337825
52 0.99854732
53 1.00306096
54 1.00024732
55 1.00326302
56 0.99651355
57 1.00111197
58 1.00122503
59 1.00382786
60 1.00062663
61 1.00191898
62 0.99287381
63 1.00289658
64 1.02012796
65 1.00683310
66 1.00643976
67 1.02082258
68 1.01532269
69 1.01096243
70 1.01623373
71 1.00851492
72 1.00916924
73 1.02050032
74 1.00518959
75 1.01533932
76 1.01305579
77 1.01314014
78 1.00718374
79 1.01686010
80 1.00704724
81 1.00816338
82 1.00560454
83 1.00753486
84 1.02012796
85 1.00304699
86 1.00259288
87 0.99591577
88 0.99644606
89 1.00297522
90 1.00461077
91 0.99806401
92 0.99660662
93 1.00788120
94 0.99330602
95 1.01166231
96 0.99980521
97 0.99895442
98 1.01045303
99 0.99715208
100 0.99609391
101 1.00601573
102 0.99820605
103 0.99601200
104 1.00224761
105 1.00304699
106 1.01280728
107 1.00252489
108 0.99373144
109 1.00210620
110 1.00203203
111 0.99795816
112 1.00306443
113 1.00689632
114 0.99453589
115 0.98940529
116 0.99625784
117 1.00092174
118 1.00104142
119 1.00321141
120 0.98880065
121 1.00792940
122 1.00282189
123 1.00088745
124 1.00136430
125 0.99621494
126 1.01280728
127 0.99881107
128 1.00337841
129 0.99804323
130 0.99714539
131 1.00353503
132 1.00740214
133 0.99038683
134 1.00103096
135 0.99413354
136 0.99608815
137 1.00750176
138 1.00237047
139 1.00190756
140 1.00419650
141 0.99309367
142 1.00342681
143 1.00277854
144 1.00384153
145 0.99692147
146 0.99624973
147 0.99881107
148 1.00261972
149 0.99722126
150 1.00412107
151 1.00148592
152 0.99967716
153 1.00311291
154 0.99993480
155 1.00348935
156 0.99985159
157 0.99981322
158 0.99684078
159 1.00472767
160 0.99921454
161 0.99736816
162 0.99763963
163 1.00649726
164 0.99662405
165 0.99977323
166 1.00662057
167 1.00069664
168 1.00261972
169 1.00412994
170 1.00293598
171 0.99923365
172 0.99146327
173 0.98874132
174 1.00899727
175 0.99859204
176 0.99962188
177 0.99877069
178 1.00363523
179 0.99711780
180 0.99686277
181 1.00363354
182 1.00920851
183 1.00266409
184 0.99636411
185 0.99856233
186 1.00658733
187 0.99574711
188 0.99767881
189 1.00412994
190 1.02010002
191 1.01496992
192 1.01061687
193 1.00580974
194 1.01471002
195 1.00883357
196 1.01247667
197 1.01379956
198 1.00779820
199 1.01096115
200 1.01758889
201 1.01838719
202 1.02229897
203 1.01083286
204 1.01159490
205 1.02208551
206 1.00964514
207 1.00587771
208 1.01543327
209 1.02398289
210 1.02010002
211 1.00287616
212 1.00197327
213 1.00829274
214 0.99531784
215 1.00013825
216 1.00992270
217 1.00212494
218 1.00036592
219 1.00719827
220 0.99436996
221 1.00404560
222 1.00574967
223 0.99981432
224 1.00561909
225 1.00217290
226 0.99383367
227 1.00238038
228 1.00437300
229 0.99340257
230 0.99783573
231 1.00287616
232 0.94482111
233 0.95386608
234 0.96465586
235 0.97789672
236 0.97501524
237 0.97579299
238 0.97622183
239 0.97830805
240 0.98916059
241 0.98150766
242 0.97869547
243 0.98075327
244 0.98201970
245 0.97872597
246 0.97021627
247 0.97373595
248 0.97246446
249 0.97156793
250 0.96173416
251 0.95241706
252 0.94482111
253 0.94449626
254 0.95443256
255 0.95534432
256 0.97163860
257 0.97535994
258 0.97590009
259 0.98412005
260 0.97167781
261 0.97555138
262 0.98180699
263 0.98481960
264 0.97675643
265 0.98067757
266 0.97786819
267 0.97443261
268 0.96462956
269 0.96708953
270 0.96933529
271 0.95452470
272 0.95463032
273 0.94449626
274 1.01248536
275 1.01007902
276 1.01392752
277 1.01257306
278 1.00851291
279 1.02189932
280 1.00800897
281 1.00906694
282 1.00963443
283 1.01828780
284 1.00729800
285 1.01656885
286 1.00562307
287 1.01552581
288 1.00645789
289 1.00957128
290 1.00535900
291 1.01202649
292 1.00963767
293 1.01567169
294 1.01248536
295 1.00935838
296 0.98922080
297 1.00396859
298 1.00876085
299 1.01207243
300 0.99986153
301 0.99468423
302 1.01201500
303 1.00087244
304 0.99792718
305 1.00235076
306 1.00828583
307 0.99943711
308 0.99187242
309 1.01206977
310 0.99279688
311 1.00054346
312 1.00604368
313 0.99810786
314 1.00647919
315 1.00935838
316 0.99988456
317 0.99755118
318 1.01103647
319 1.00815043
320 1.00433453
321 1.00682126
322 1.00453887
323 1.00807612
324 1.00656785
325 1.00477725
326 1.00309991
327 1.00289335
328 1.01096600
329 1.00816978
330 1.01177469
331 1.01170189
332 0.99478846
333 1.01145303
334 1.00682237
335 1.01075682
336 0.99988456
337 1.00076167
338 1.00359463
339 1.00356070
340 1.00306373
341 1.00398614
342 0.99621823
343 1.00575691
344 1.01573730
345 1.00973782
346 1.01009437
347 1.01336766
348 1.01128487
349 0.99600090
350 0.99759224
351 1.00619042
352 1.00680661
353 1.00675808
354 1.00919825
355 1.00977534
356 1.01045503
357 1.00076167
358 1.01391796
359 1.01749987
360 1.00702093
361 1.01877758
362 1.00656867
363 1.00925150
364 1.01444392
365 1.01162257
366 1.00400689
367 1.00385186
368 1.00394113
369 1.01650098
370 1.01081744
371 1.01169664
372 1.00811232
373 1.00715081
374 1.01112807
375 1.01258373
376 1.01369821
377 1.00010134
378 1.01391796
379 1.01751748
380 1.00800742
381 1.01848044
382 1.01634232
383 1.01656168
384 1.01536195
385 1.00360072
386 1.02403495
387 1.00581722
388 1.01309406
389 1.00778423
390 1.01725046
391 1.01835469
392 1.00524820
393 1.01619853
394 1.00726626
395 1.01537188
396 1.01058305
397 1.00731573
398 1.01007898
399 1.01751748
400 1.00559440
401 1.01089813
402 1.00194094
403 1.00086546
404 1.00087274
405 1.00013713
406 1.00537321
407 1.00192917
408 0.99935992
409 1.00517753
410 1.01631180
411 1.00363839
412 1.00474565
413 1.00018063
414 0.99514885
415 1.00070725
416 1.00085830
417 1.00618015
418 1.01431764
419 1.00612167
420 1.00559440
421 1.00786117
422 1.00749247
423 1.00567214
424 1.00766662
425 1.00145386
426 1.01028138
427 1.00216378
428 1.00808434
429 1.01419275
430 1.00635756
431 1.00526495
432 1.00789636
433 1.00485469
434 1.00232101
435 1.00502407
436 1.00914303
437 1.01321350
438 1.00871522
439 1.01308582
440 1.00696806
441 1.00786117
442 1.00124736
443 0.99732786
444 1.01440506
445 0.99823734
446 1.00228192
447 1.00613732
448 0.99990974
449 1.00549513
450 1.00963755
451 0.99871690
452 1.00489267
453 1.00236558
454 0.99188243
455 1.00525996
456 1.01087421
457 1.01502107
458 1.00162002
459 1.00342602
460 0.99697308
461 1.00134956
462 1.00124736
463 0.99620562
464 0.99529135
465 1.00716540
466 1.00568387
467 1.00122744
468 0.99879138
469 1.00263502
470 1.00594351
471 0.98854588
472 1.00511102
473 0.99209039
474 1.00342735
475 1.00193965
476 1.00100985
477 0.99596202
478 0.98894511
479 0.99819550
480 0.99580074
481 0.98879622
482 1.00197039
483 0.99620562
484 1.01006701
485 1.00662985
486 1.00798117
487 0.99451266
488 1.00618471
489 1.00242500
490 1.00432027
491 1.01016041
492 1.00538284
493 1.00607038
494 1.01094209
495 1.00140387
496 1.01219059
497 1.00147845
498 1.01599272
499 1.00874407
500 1.00706956
501 1.00820916
502 1.00496329
503 1.00007555
504 1.01006701
505 1.00942845
506 1.00954280
507 1.01621815
508 1.01657383
509 1.00898124
510 1.01298806
511 1.00290717
512 1.01143536
513 1.01595408
514 1.00601804
515 1.01060923
516 1.01638804
517 1.00754064
518 1.01396425
519 1.00708906
520 1.00757865
521 1.00971305
522 1.02425459
523 1.00928811
524 1.01324891
525 1.00942845
526 1.00481850
527 1.00536774
528 1.01272604
529 0.99982395
530 1.00831319
531 1.00638220
532 1.00299347
533 1.00369612
534 1.00441004
535 0.99931420
536 1.00611683
537 1.01324481
538 1.00442996
539 1.00549235
540 1.00296468
541 0.99865582
542 1.01405273
543 0.99877431
544 1.00130904
545 1.00524927
546 1.00481850
547 0.99782945
548 1.00501180
549 1.00343757
550 0.99134889
551 1.00537378
552 1.00240631
553 1.00012427
554 1.01669374
555 1.01134464
556 1.00109272
557 1.00606034
558 0.99607378
559 0.99494450
560 1.00334671
561 0.99812608
562 0.98899943
563 1.01128000
564 1.01276270
565 1.00330074
566 0.99947313
567 0.99782945
568 1.01523729
569 1.01023857
570 1.00695237
571 1.00125954
572 1.00674089
573 1.00613083
574 1.00717633
575 1.00889781
576 1.00325578
577 1.01202807
578 1.00942567
579 1.01458017
580 1.00518082
581 1.01100639
582 1.00023137
583 1.00951476
584 1.00757702
585 1.00913304
586 1.00893743
587 1.01123115
588 1.01523729
589 1.00547316
590 1.00588958
591 1.00441160
592 1.01126711
593 1.00088339
594 1.00560821
595 1.00792245
596 1.00276258
597 1.00554353
598 1.00069605
599 0.99714311
600 1.00022553
601 1.00654991
602 1.00139127
603 1.00335915
604 1.00878989
605 1.00855213
606 1.00460298
607 1.00092697
608 1.00647782
609 1.00547316
610 0.99450085
611 1.01045153
612 1.00241388
613 0.99972415
614 0.99315475
615 0.99481431
616 1.01110718
617 0.99999883
618 0.99892083
619 1.00149997
620 0.98976235
621 0.99991757
622 1.00090690
623 1.00613121
624 1.00666019
625 0.99814325
626 1.00754826
627 0.99359567
628 0.99495433
629 0.98737835
630 0.99450085
631 0.99390727
632 0.99180284
633 0.99879491
634 1.00373831
635 1.00467068
636 0.99060334
637 0.98691924
638 0.99743550
639 1.00589135
640 1.00342046
641 1.00445060
642 1.00970239
643 0.99515553
644 1.00513592
645 1.01404290
646 0.99050329
647 1.00267678
648 1.00338931
649 1.00377597
650 1.00378815
651 0.99390727
652 1.00288339
653 1.00786866
654 1.00118625
655 1.00859741
656 1.00604461
657 1.00852934
658 1.01034743
659 1.00642564
660 1.01205915
661 0.99372361
662 1.00266394
663 1.01230865
664 1.00230486
665 1.00512351
666 1.00745014
667 1.01566336
668 1.01111099
669 1.00968244
670 1.01274843
671 1.00734015
672 1.00288339
673 1.00205314
674 0.99797469
675 1.00146453
676 1.00229407
677 1.01651615
678 0.99783583
679 0.99661714
680 0.99081983
681 0.99681409
682 1.00377451
683 1.00110231
684 0.99829499
685 0.99338009
686 0.99928279
687 1.00120195
688 1.00258575
689 0.99255870
690 1.00013117
691 1.00850698
692 0.99719590
693 1.00205314
694 1.01496685
695 1.00659040
696 1.01449446
697 1.00888530
698 1.00843679
699 1.00489535
700 1.00993702
701 1.00897708
702 1.01977933
703 1.00618923
704 1.01542555
705 1.01024826
706 1.01698936
707 1.00837648
708 1.01082394
709 1.00238374
710 1.01376343
711 1.00762146
712 1.00925561
713 1.00664171
714 1.01496685
715 0.99339289
716 1.00071624
717 0.99503063
718 0.99939049
719 0.99377229
720 1.00463802
721 0.99889217
722 0.99831869
723 1.00021596
724 0.99196381
725 0.99861691
726 0.98859738
727 0.99445243
728 0.99151559
729 0.99980085
730 0.99206104
731 0.99943726
732 0.99876179
733 0.99923004
734 0.99460366
735 0.99339289
736 0.99485690
737 1.00154729
738 0.99808984
739 1.01510860
740 0.99807610
741 1.01259623
742 1.00445439
743 1.00697994
744 1.01546182
745 1.00326088
746 1.00401132
747 1.00665501
748 1.00805908
749 0.99810053
750 1.00983381
751 1.01022860
752 1.00906421
753 1.00642866
754 1.00192218
755 1.00477293
756 0.99485690
757 1.01331372
758 1.01116802
759 1.00451844
760 0.99458956
761 1.00324710
762 0.99956338
763 1.00446618
764 1.00229103
765 1.00447905
766 0.99930214
767 1.00401112
768 1.00243677
769 0.99803872
770 1.00738615
771 0.99146821
772 1.00090117
773 0.99940694
774 1.00386976
775 0.99876969
776 0.99609104
777 1.01331372
778 1.00682754
779 1.01087138
780 1.00516457
781 0.99931386
782 1.00166721
783 1.00328646
784 1.00980776
785 1.00444493
786 1.00720345
787 1.01275356
788 1.00136122
789 1.00849410
790 1.00765677
791 0.99732438
792 1.00065388
793 1.00171003
794 1.00283909
795 0.99623029
796 1.00035013
797 0.99950215
798 1.00682754
799 1.01379165
800 1.01185104
801 1.00723258
802 1.01332218
803 1.01270656
804 1.01291644
805 1.01605238
806 1.01442470
807 1.01131970
808 1.01957571
809 1.01059974
810 1.02152040
811 1.01220722
812 1.01513071
813 1.00838926
814 1.01368058
815 1.00955219
816 1.00522676
817 1.00679336
818 1.00725142
819 1.01379165
820 1.00512042
821 1.00889051
822 1.00223863
823 1.00437496
824 0.99592371
825 1.01537804
826 1.01080571
827 1.00158978
828 1.00227000
829 1.00446331
830 1.00918210
831 1.00711713
832 1.00300513
833 0.99869970
834 1.00627722
835 1.00545894
836 1.01476387
837 1.00419152
838 0.99181050
839 1.00809262
840 1.00512042
841 1.00738959
842 1.01281385
843 1.00130574
844 1.01260455
845 1.00442120
846 1.00926117
847 1.01716435
848 1.01456088
849 1.01582704
850 1.01340461
851 1.01754161
852 1.00851377
853 1.01632639
854 1.01252670
855 1.00959312
856 1.00823556
857 1.00729260
858 0.99337570
859 1.00616110
860 1.00877730
861 1.00738959
862 0.99918200
863 1.00549245
864 1.00202245
865 0.99876580
866 1.00866659
867 1.00133549
868 1.01201134
869 1.00336122
870 1.00677709
871 1.00923705
872 1.00021384
873 1.00729248
874 0.99957148
875 1.00654348
876 1.00577058
877 1.01130386
878 0.99850721
879 1.00957900
880 1.00547856
881 1.00743240
882 0.99918200
883 1.00136701
884 1.00289194
885 1.00478188
886 0.99998756
887 1.00194683
888 1.00691901
889 0.99809093
890 0.99626127
891 1.00941435
892 1.00506725
893 1.01396778
894 1.00122728
895 0.98826766
896 1.00485691
897 0.99776198
898 1.00097567
899 1.00418232
900 1.00483730
901 1.00581025
902 0.99856024
903 1.00136701
904 0.99909150
905 0.99780567
906 1.00261241
907 0.99545322
908 0.99437650
909 0.99323241
910 1.00910092
911 0.99930436
912 0.99361323
913 0.99196883
914 0.99728990
915 1.00459651
916 0.99047618
917 0.99253359
918 0.99658677
919 0.99121562
920 0.99001528
921 0.99674450
922 0.99271839
923 1.00224734
924 0.99909150
925 1.00621178
926 1.00065915
927 1.00393731
928 0.99706167
929 1.00578244
930 1.00560456
931 0.99956827
932 1.00081279
933 1.01006017
934 1.00167665
935 0.99523879
936 1.00476901
937 1.00587826
938 0.99871651
939 0.99875941
940 0.99670316
941 1.00874730
942 1.00683304
943 1.00808414
944 1.00595181
945 1.00621178
946 1.00438718
947 0.99593327
948 0.99761592
949 0.99871496
950 0.99967272
951 0.99917173
952 1.00226590
953 1.00246390
954 0.99571802
955 0.99954880
956 1.00479170
957 0.99878564
958 0.99570846
959 0.99889120
960 1.00177720
961 0.99091203
962 0.99734417
963 1.00203311
964 0.99862048
965 0.99734943
966 1.00438718
967 1.00576279
968 1.00847119
969 1.00367603
970 1.00137655
971 1.00853937
972 1.00330417
973 1.00957882
974 1.00552560
975 1.00159689
976 1.00945893
977 1.00965715
978 0.99968826
979 1.00592734
980 1.00465340
981 0.99445547
982 1.01169905
983 1.00726304
984 0.99576952
985 0.99786310
986 1.00504430
987 1.00576279
988 1.00581310
989 0.99839167
990 0.99976480
991 0.99901773
992 1.00548919
993 0.99927064
994 1.00822197
995 1.00113243
996 1.00088037
997 0.99581008
998 1.00454738
999 1.00571929
1000 1.00524873
1001 0.99271973
1002 0.99045407
1003 1.00229093
1004 1.00744247
1005 0.99643012
1006 0.99728690
1007 1.00087250
1008 1.00581310
1009 1.00228561
1010 1.00480221
1011 1.00671361
1012 0.99645589
1013 1.00421033
1014 1.00204304
1015 1.00709852
1016 1.00033044
1017 1.00800265
1018 0.99490263
1019 1.00934520
1020 1.00191081
1021 1.01358657
1022 1.00013442
1023 0.99955836
1024 1.00331144
1025 1.00116518
1026 0.99967635
1027 1.00476367
1028 1.00981350
1029 1.00228561
1030 0.99962472
1031 1.01474944
1032 1.00936375
1033 1.00064775
1034 1.00491916
1035 1.00299113
1036 1.01024238
1037 1.00066410
1038 1.00305424
1039 1.00676788
1040 1.00572697
1041 1.01424024
1042 1.00323019
1043 1.00780735
1044 1.00422782
1045 1.00863332
1046 0.99491112
1047 0.99717277
1048 1.00783906
1049 1.00015089
1050 0.99962472
1051 1.00157282
1052 0.99924867
1053 0.99860732
1054 0.99192766
1055 1.00315415
1056 0.99780621
1057 1.00839275
1058 0.99194126
1059 0.99624316
1060 0.99908143
1061 1.00400658
1062 1.00009602
1063 1.00219216
1064 1.00013741
1065 1.00338214
1066 1.00473974
1067 1.00403375
1068 1.00275253
1069 1.00120077
1070 1.00420300
1071 1.00157282
1072 1.01672888
1073 1.01112752
1074 1.00881075
1075 1.01551587
1076 1.00906733
1077 1.01339650
1078 1.02076575
1079 1.00786104
1080 1.01589829
1081 1.00837437
1082 1.00716861
1083 1.01063821
1084 1.01074817
1085 1.01685382
1086 1.00739599
1087 1.00918893
1088 1.00298564
1089 1.01201667
1090 1.00782296
1091 1.01526851
1092 1.01672888
1093 1.00183907
1094 1.00005659
1095 0.98730639
1096 1.00128582
1097 1.00900426
1098 0.99477229
1099 0.99846339
1100 1.00883109
1101 1.00010276
1102 1.00029937
1103 0.99512320
1104 1.00231984
1105 0.99252381
1106 1.00373490
1107 1.00217492
1108 0.98799084
1109 0.99516128
1110 1.00000391
1111 0.99603580
1112 1.00521577
1113 1.00183907
1114 1.00490886
1115 1.01472880
1116 1.00064673
1117 1.00972512
1118 1.00066716
1119 1.01200494
1120 1.00552422
1121 1.00193875
1122 0.99300831
1123 1.00499940
1124 1.00674095
1125 1.00430760
1126 1.00513991
1127 0.99551649
1128 1.00016625
1129 1.00118682
1130 1.01125972
1131 1.00032264
1132 1.00335772
1133 1.00537243
1134 1.00490886
1135 0.99351849
1136 1.00547895
1137 1.00111591
1138 1.00311280
1139 1.00219046
1140 0.99432494
1141 1.00146622
1142 1.00639990
1143 1.00749078
1144 1.00209513
1145 0.99206626
1146 1.00618117
1147 1.00169974
1148 1.00176074
1149 1.01062585
1150 1.00337369
1151 1.00624620
1152 0.99692196
1153 1.00319261
1154 1.00352936
1155 0.99351849
1156 1.00074029
1157 1.00195225
1158 1.00282170
1159 1.00939462
1160 1.00224341
1161 1.00369640
1162 0.99922203
1163 1.00180937
1164 1.00345431
1165 1.00376692
1166 1.00202410
1167 0.99317339
1168 1.00564044
1169 1.00408941
1170 1.00132641
1171 0.99549064
1172 1.00300997
1173 1.00726209
1174 1.00365413
1175 1.00387240
1176 1.00074029
1177 1.00962867
1178 1.01031632
1179 1.00378159
1180 1.01092056
1181 1.00087194
1182 1.00184740
1183 1.00211672
1184 1.00999127
1185 1.01248155
1186 1.01691668
1187 1.00615681
1188 1.00724407
1189 1.00670522
1190 1.01373076
1191 1.01185644
1192 1.01599174
1193 1.00962072
1194 1.01255405
1195 1.00565240
1196 1.00806222
1197 1.00962867
1198 1.01261825
1199 0.99715889
1200 1.01393216
1201 0.99781589
1202 0.99369037
1203 1.00861617
1204 0.99549233
1205 0.99372006
1206 1.00734880
1207 1.00100332
1208 0.99898441
1209 1.00836649
1210 0.99280079
1211 1.01192515
1212 1.01474853
1213 0.99493494
1214 1.00176958
1215 1.00499802
1216 1.00976507
1217 0.99837932
1218 1.01261825
1219 1.00706799
1220 0.99881017
1221 1.00818944
1222 1.00960879
1223 1.00375911
1224 1.01263887
1225 1.01114009
1226 1.00681289
1227 1.01225889
1228 1.00412397
1229 1.00379940
1230 1.00397052
1231 1.01156153
1232 1.00281927
1233 1.01365872
1234 1.00654471
1235 1.01186614
1236 1.00170359
1237 1.01283867
1238 1.00426365
1239 1.00706799
1240 1.00258433
1241 1.01340243
1242 1.00656053
1243 1.00457210
1244 1.00067049
1245 1.00075765
1246 1.00220148
1247 1.00506749
1248 1.00046118
1249 1.00255852
1250 1.00040120
1251 1.00316766
1252 1.00457233
1253 0.99883872
1254 0.99450257
1255 1.00545555
1256 1.00842259
1257 1.00579358
1258 1.00938556
1259 1.00159131
1260 1.00258433
1261 1.00115773
1262 1.00393705
1263 1.00731202
1264 1.00350889
1265 1.01678316
1266 1.00201155
1267 1.00626497
1268 1.00944498
1269 0.99973678
1270 1.00360237
1271 1.00196360
1272 0.99922261
1273 1.00932035
1274 0.99403487
1275 1.00812212
1276 1.01143671
1277 1.01052471
1278 1.00419607
1279 1.00506645
1280 1.00392098
1281 1.00115773
1282 0.99902999
1283 0.99765017
1284 0.99867960
1285 0.99868185
1286 1.00228325
1287 1.00151410
1288 0.99766564
1289 0.99766087
1290 0.99845923
1291 1.00266061
1292 0.99821829
1293 0.99148703
1294 1.00297610
1295 0.99833142
1296 0.99454167
1297 1.00157925
1298 0.99265978
1299 1.00401345
1300 0.99274337
1301 0.99666353
1302 0.99902999
1303 0.99464814
1304 0.99918228
1305 1.00023540
1306 0.99023653
1307 0.99944719
1308 0.99954351
1309 0.99645685
1310 0.99977251
1311 0.99701983
1312 0.99755154
1313 0.99987324
1314 0.99302624
1315 1.00417344
1316 0.99930184
1317 0.99701802
1318 0.99123506
1319 0.99946578
1320 0.99602953
1321 0.99590493
1322 1.00244232
1323 0.99464814
1324 0.99982858
1325 1.00272487
1326 1.00128855
1327 1.00680725
1328 0.99221510
1329 1.00527123
1330 0.99956170
1331 1.00282732
1332 1.00336230
1333 1.00323997
1334 1.00242135
1335 1.00306127
1336 1.01483683
1337 1.00279023
1338 1.00067032
1339 0.99861959
1340 1.00369474
1341 0.99619899
1342 1.00115456
1343 1.00336422
1344 0.99982858
1345 1.01461611
1346 1.01829644
1347 1.00591028
1348 1.01585905
1349 1.01472111
1350 1.00292503
1351 1.01185590
1352 1.00862267
1353 1.01078154
1354 1.01376048
1355 1.00375623
1356 1.01200460
1357 1.01446933
1358 1.01706094
1359 1.01233427
1360 1.01676428
1361 0.99745961
1362 1.00645424
1363 1.01953353
1364 1.00288560
1365 1.01461611
1366 1.00991944
1367 0.99961610
1368 1.00280290
1369 1.00187982
1370 1.00428705
1371 1.01379107
1372 1.01041249
1373 1.00834931
1374 0.99634702
1375 1.01068486
1376 1.01411233
1377 1.00455445
1378 1.01020707
1379 1.00648042
1380 1.00781486
1381 1.00300118
1382 1.00981279
1383 1.00663271
1384 1.00719144
1385 1.00466630
1386 1.00991944
1387 0.99778223
1388 0.99679248
1389 1.00919898
1390 1.00111891
1391 1.00540998
1392 0.99762020
1393 1.00442487
1394 1.01385232
1395 1.00121194
1396 1.00121591
1397 0.99589514
1398 1.00590547
1399 1.00169616
1400 1.00489286
1401 0.99459912
1402 0.99881607
1403 0.99926034
1404 1.00524450
1405 1.01326050
1406 1.00384502
1407 0.99778223
1408 1.00052635
1409 1.00552900
1410 1.00049629
1411 1.00763255
1412 1.00848563
1413 1.00833837
1414 1.00337294
1415 0.99865475
1416 1.00079900
1417 1.00110631
1418 1.00744052
1419 1.01420196
1420 1.01126742
1421 1.01251066
1422 0.99764559
1423 1.00470001
1424 1.00967908
1425 1.00158766
1426 1.00099210
1427 1.01215572
1428 1.00052635
1429 0.98509941
1430 0.98556744
1431 0.98775367
1432 0.98746057
1433 0.99545988
1434 0.99357155
1435 0.99289438
1436 0.99410757
1437 0.98834613
1438 0.98329444
1439 0.99544617
1440 0.98921423
1441 0.98123097
1442 0.99204703
1443 0.99363331
1444 0.98787707
1445 0.99279470
1446 0.99745290
1447 0.98491796
1448 0.98794019
1449 0.98509941
1450 1.00657669
1451 0.99758469
1452 1.00186720
1453 1.00053253
1454 1.00769677
1455 0.99814670
1456 1.00459641
1457 1.00535857
1458 1.00413799
1459 1.00098600
1460 1.00083281
1461 1.01062098
1462 1.00420334
1463 1.00685696
1464 1.00953781
1465 1.00965535
1466 1.00198736
1467 1.00740939
1468 1.00793986
1469 0.99210746
1470 1.00657669
1471 1.00670224
1472 0.99312592
1473 0.99155148
1474 1.00062512
1475 1.00516888
1476 1.00206944
1477 0.99392273
1478 0.99921221
1479 1.00729736
1480 0.99315074
1481 1.00627668
1482 1.00470503
1483 1.00194057
1484 1.00190196
1485 0.99174573
1486 0.99754961
1487 1.00634349
1488 1.00425780
1489 1.00125696
1490 1.00387090
1491 1.00670224
1492 1.00850920
1493 1.00686439
1494 1.00558996
1495 1.00047963
1496 1.01119676
1497 1.00829044
1498 1.01100366
1499 1.00416251
1500 1.00353500
1501 1.00444592
1502 1.00958628
1503 1.00617275
1504 1.00448289
1505 1.00425129
1506 1.00710088
1507 1.00671619
1508 1.00818310
1509 1.01150171
1510 1.01029392
1511 1.01646599
1512 1.00850920
1513 1.01413229
1514 1.00624870
1515 1.00598486
1516 1.00820220
1517 1.01410893
1518 1.02296530
1519 1.00968928
1520 1.00877779
1521 1.00305123
1522 1.00701793
1523 1.01172557
1524 1.00438707
1525 1.01541877
1526 1.01201433
1527 1.00218644
1528 1.01265388
1529 1.00356438
1530 1.00552930
1531 0.99884582
1532 1.00545089
1533 1.01413229
1534 0.99968103
1535 1.00952716
1536 1.00129586
1537 1.00362372
1538 1.00414164
1539 0.99698856
1540 1.00626269
1541 1.00694112
1542 1.00246222
1543 0.99958625
1544 1.00392608
1545 0.99819146
1546 1.00136006
1547 1.00076521
1548 1.00310728
1549 1.00288571
1550 1.00288971
1551 0.99642987
1552 0.99740420
1553 1.00187551
1554 0.99968103
1555 1.01117530
1556 0.99834151
1557 0.99813283
1558 0.99875814
1559 1.00167032
1560 1.00561725
1561 1.00492547
1562 0.99853428
1563 1.00589855
1564 1.01185259
1565 0.99510642
1566 1.00925163
1567 1.00074579
1568 1.00616284
1569 1.00777955
1570 1.00847552
1571 1.00318604
1572 1.01234893
1573 1.00379842
1574 1.00858488
1575 1.01117530
1576 0.99699527
1577 0.99901844
1578 1.00320161
1579 1.00269914
1580 1.00707090
1581 0.99405862
1582 1.00013044
1583 0.99707229
1584 1.00249064
1585 0.99763804
1586 1.01138959
1587 1.00908186
1588 1.00816275
1589 0.99185180
1590 0.99963434
1591 1.00437059
1592 1.00512259
1593 1.01116115
1594 1.00215953
1595 0.99365501
1596 0.99699527
1597 1.00524728
1598 1.01086749
1599 1.02182623
1600 1.01873218
1601 1.00801389
1602 1.01226408
1603 1.01283710
1604 1.00535101
1605 1.01114210
1606 1.01723780
1607 1.01734794
1608 1.00557311
1609 1.01274582
1610 1.01485541
1611 1.00880660
1612 1.01492890
1613 1.00908640
1614 1.00253883
1615 1.01125063
1616 1.00863204
1617 1.00524728
1618 1.00728589
1619 1.00395694
1620 1.01136245
1621 1.01108315
1622 1.01372642
1623 1.00195521
1624 1.01547632
1625 1.00277515
1626 1.00918760
1627 1.00469519
1628 1.00733355
1629 1.00938131
1630 1.00161652
1631 1.00495324
1632 1.01365868
1633 1.00036738
1634 1.01116363
1635 1.00365245
1636 1.01043960
1637 1.00811915
1638 1.00728589
1639 1.01110705
1640 0.99325909
1641 1.01356014
1642 1.00796467
1643 1.00460850
1644 0.99527944
1645 1.01267193
1646 0.99994655
1647 1.00232370
1648 1.01379087
1649 1.00752769
1650 1.00830382
1651 1.00346972
1652 1.01053353
1653 0.99767714
1654 1.00309405
1655 1.00640400
1656 1.00219985
1657 1.00258932
1658 1.00598962
1659 1.01110705
1660 1.00393437
1661 1.00966378
1662 1.00702478
1663 1.00287933
1664 1.00741888
1665 1.00759511
1666 1.00086436
1667 0.99746768
1668 1.00559660
1669 1.00025692
1670 1.02045385
1671 1.00585895
1672 1.00969080
1673 1.01323714
1674 1.00184790
1675 1.00134416
1676 1.00251198
1677 0.99968609
1678 1.00343354
1679 0.99822218
1680 1.00393437
1681 1.01608773
1682 1.01504708
1683 1.01494436
1684 1.01882995
1685 1.01433673
1686 1.02285699
1687 1.01418917
1688 1.00255598
1689 1.00960820
1690 1.00473982
1691 1.02112109
1692 1.01328840
1693 1.01551958
1694 1.01626595
1695 1.00610773
1696 1.00937047
1697 1.00924228
1698 1.00204882
1699 1.00968587
1700 1.01005697
1701 1.01608773
1702 0.99812948
1703 1.00246449
1704 0.99510757
1705 0.99347861
1706 0.99094828
1707 1.01064747
1708 1.00839375
1709 0.99386506
1710 1.00037066
1711 1.00382542
1712 0.99101302
1713 1.00366961
1714 0.99111024
1715 1.00560133
1716 0.99391487
1717 1.00625767
1718 1.00000253
1719 0.99250509
1720 1.00305512
1721 0.99234688
1722 0.99812948
1723 1.00864544
1724 1.00776280
1725 0.99965782
1726 1.00705063
1727 1.00835696
1728 1.00399126
1729 1.00738393
1730 1.00638689
1731 1.01125414
1732 0.99969039
1733 1.01255509
1734 1.00215772
1735 1.00491698
1736 1.00531578
1737 1.00408256
1738 1.00165347
1739 1.00865787
1740 1.01710906
1741 1.01388214
1742 1.01252870
1743 1.00864544
1744 1.01172332
1745 1.00605772
1746 1.00669330
1747 1.00617330
1748 1.01342389
1749 1.00712738
1750 1.00994971
1751 1.00503925
1752 0.99761602
1753 1.00629180
1754 1.00346508
1755 1.00934157
1756 1.00926010
1757 1.00263417
1758 1.00484585
1759 1.00714785
1760 1.00520097
1761 1.00745139
1762 0.99700619
1763 1.00890766
1764 1.01172332
1765 0.99475364
1766 1.01035776
1767 1.00093818
1768 1.00624338
1769 1.00565841
1770 1.00629363
1771 0.99928666
1772 1.00743950
1773 1.00834571
1774 1.00533335
1775 1.00826289
1776 1.00022614
1777 1.00062639
1778 1.00524809
1779 1.00489110
1780 1.00881290
1781 1.00818280
1782 0.99792339
1783 1.00366317
1784 1.00206702
1785 0.99475364
1786 1.01176303
1787 1.00746125
1788 0.99904292
1789 1.00844050
1790 1.01265058
1791 1.01031173
1792 1.01066618
1793 1.00752128
1794 1.00933194
1795 1.00912766
1796 1.00642520
1797 1.01290916
1798 1.00938429
1799 1.00057974
1800 1.01416757
1801 1.00166320
1802 1.00761904
1803 1.00510391
1804 1.01085202
1805 1.01662107
1806 1.01176303
1807 0.99642910
1808 1.01028674
1809 1.00153878
1810 1.00766492
1811 1.00586213
1812 1.00730179
1813 1.01024265
1814 1.00600702
1815 1.00578402
1816 1.00726327
1817 0.99862204
1818 1.00450620
1819 1.00476426
1820 1.00538658
1821 1.00856971
1822 1.00318968
1823 1.00293967
1824 1.00474018
1825 1.00128261
1826 1.01290535
1827 0.99642910
1828 1.01008761
1829 0.99736508
1830 1.01261855
1831 1.00052191
1832 1.00391554
1833 1.00281566
1834 1.00383915
1835 0.99645074
1836 1.00431477
1837 1.00842423
1838 0.99951001
1839 1.00059548
1840 1.00261642
1841 1.00368315
1842 1.01317009
1843 1.00924828
1844 1.00863338
1845 1.00868501
1846 0.99402429
1847 1.00389729
1848 1.01008761
1849 0.99204234
1850 0.98692170
1851 0.98575320
1852 0.99017944
1853 0.98408590
1854 0.99433248
1855 0.99585827
1856 0.98259265
1857 0.99141058
1858 0.99459037
1859 0.99637005
1860 0.98852057
1861 0.98941753
1862 0.99467210
1863 0.99227359
1864 0.99090981
1865 0.98347063
1866 0.98425845
1867 0.98675780
1868 0.98910134
1869 0.99204234
1870 1.00140423
1871 1.00507191
1872 1.00437141
1873 0.99963566
1874 1.00539372
1875 1.00404195
1876 1.00327954
1877 1.00835788
1878 1.00524312
1879 1.01601839
1880 1.00656507
1881 1.00690216
1882 1.01038874
1883 1.00333192
1884 1.01049207
1885 1.00255694
1886 1.01233151
1887 1.00336504
1888 1.00460320
1889 1.00829962
1890 1.00140423
1891 0.99995090
1892 1.00851553
1893 1.00378020
1894 1.00648443
1895 1.00256120
1896 1.00920381
1897 1.00394016
1898 0.99888243
1899 1.00594754
1900 0.99786488
1901 1.00481091
1902 0.99598986
1903 1.00468036
1904 1.00673025
1905 1.00150579
1906 1.00829361
1907 1.00738643
1908 1.00667555
1909 0.99827953
1910 1.00548361
1911 0.99995090
1912 1.00248890
1913 1.01091812
1914 1.01581152
1915 1.00635078
1916 1.00675616
1917 1.00334331
1918 1.00845816
1919 1.00656245
1920 1.01065893
1921 0.99964487
1922 1.00364292
1923 1.00352520
1924 1.00872078
1925 1.01103215
1926 1.00086761
1927 1.00796287
1928 1.00019109
1929 1.00460857
1930 1.00228860
1931 1.00561928
1932 1.00248890
1933 1.00962343
1934 1.00164658
1935 1.00487166
1936 1.00962952
1937 1.00589150
1938 1.00846489
1939 1.01502557
1940 1.00606952
1941 1.00618285
1942 1.01765487
1943 1.00283904
1944 1.01331125
1945 1.00977369
1946 1.00557670
1947 1.00958924
1948 1.01171499
1949 1.00531889
1950 1.00770158
1951 1.00976817
1952 1.01440555
1953 1.00962343
1954 1.00002780
1955 1.00647136
1956 1.00050582
1957 0.99580957
1958 0.99832679
1959 0.99494537
1960 1.00433858
1961 0.99555498
1962 1.00351285
1963 1.00203701
1964 0.99618367
1965 1.00646326
1966 0.99862462
1967 0.99811482
1968 0.99848056
1969 1.00432016
1970 0.99817134
1971 1.00029988
1972 1.00458994
1973 0.99586876
1974 1.00002780
1975 0.99566099
1976 0.99353622
1977 0.99579242
1978 0.99897466
1979 0.99750818
1980 0.99702406
1981 0.99687569
1982 0.99742490
1983 1.00868532
1984 1.00622424
1985 0.99584506
1986 0.99736297
1987 0.99957470
1988 1.00020662
1989 0.99573908
1990 0.99830907
1991 1.00169881
1992 1.00036391
1993 1.00225472
1994 0.99494607
1995 0.99566099
1996 1.00177800
1997 1.00984220
1998 1.00040055
1999 1.00325481
2000 0.99244580
2001 0.99752529
2002 0.99492608
2003 1.00548866
2004 1.00058061
2005 1.00364208
2006 1.00054688
2007 0.99966698
2008 1.00653650
2009 1.00094759
2010 0.99437767
2011 0.99268650
2012 1.00011232
2013 1.00232151
2014 1.00335173
2015 0.99356796
2016 1.00177800
2017 1.00852352
2018 1.00095802
2019 1.00292974
2020 1.00201997
2021 0.99612363
2022 1.00754541
2023 1.00395727
2024 0.99799970
2025 1.01070665
2026 1.00080996
2027 0.99990518
2028 0.99141094
2029 1.00057437
2030 1.00039182
2031 1.00562221
2032 1.00086135
2033 1.00373896
2034 1.01046349
2035 1.00691115
2036 0.99938172
2037 1.00852352
2038 1.00776353
2039 1.01331694
2040 0.99526646
2041 1.00062840
2042 1.00361458
2043 1.00044252
2044 1.00117008
2045 1.01154257
2046 1.00095724
2047 1.00822834
2048 0.99640605
2049 1.00067066
2050 1.00028056
2051 1.00093221
2052 1.01013962
2053 1.00736682
2054 1.00842403
2055 0.99579163
2056 1.00535561
2057 1.00912551
2058 1.00776353
2059 1.00833377
2060 1.00609572
2061 1.01006310
2062 1.00624159
2063 1.00558658
2064 1.01172995
2065 1.00684650
2066 0.99754748
2067 1.00835485
2068 1.00859161
2069 1.00718843
2070 1.01101156
2071 0.99795301
2072 1.01640305
2073 1.00666784
2074 1.00781325
2075 1.00320333
2076 1.00696119
2077 1.00106252
2078 1.00128379
2079 1.00833377
2080 1.00891234
2081 1.00887147
2082 0.99896640
2083 1.01092003
2084 1.00207562
2085 0.99503369
2086 0.99861018
2087 1.01065820
2088 1.01013122
2089 1.01116168
2090 0.99708650
2091 1.00389501
2092 1.00119939
2093 0.99865988
2094 0.99638186
2095 1.00372091
2096 1.01039291
2097 1.00163897
2098 0.99648874
2099 0.99564335
2100 1.00891234
2101 1.01009200
2102 1.01749201
2103 1.01004457
2104 1.01292496
2105 1.00764330
2106 1.01448636
2107 1.00991656
2108 1.01560946
2109 1.01888717
2110 1.00529017
2111 1.00067041
2112 1.01269547
2113 1.00817093
2114 1.00648273
2115 1.00677215
2116 1.00812025
2117 1.00930848
2118 1.01412190
2119 1.00558225
2120 1.00055110
2121 1.01009200
2122 0.99950941
2123 1.00054511
2124 1.00018099
2125 0.99841578
2126 0.99665179
2127 1.00703637
2128 1.00044015
2129 1.00365513
2130 1.00591545
2131 0.99769704
2132 1.00502823
2133 0.99803720
2134 0.99756762
2135 1.00233144
2136 1.00375450
2137 1.00322323
2138 0.99122746
2139 1.00428754
2140 0.99172668
2141 0.99642753
2142 0.99950941
2143 1.00891654
2144 0.99683576
2145 1.00398993
2146 1.00128518
2147 0.99647535
2148 1.00363280
2149 0.99958417
2150 1.00821230
2151 1.00284039
2152 1.00586714
2153 0.99823509
2154 1.00146832
2155 0.99801822
2156 1.00125555
2157 1.00135758
2158 0.99525174
2159 0.99138319
2160 1.00013667
2161 1.00336163
2162 1.00505829
2163 1.00891654
2164 1.01052928
2165 1.00812842
2166 0.99606652
2167 1.00411772
2168 1.00473766
2169 1.00063641
2170 1.00733727
2171 1.00442178
2172 0.99797646
2173 1.01323825
2174 1.00769923
2175 1.00873718
2176 1.00096457
2177 0.99696327
2178 0.99840686
2179 1.00037139
2180 1.00806122
2181 1.01016376
2182 1.00171638
2183 1.00416920
2184 1.01052928
2185 1.00554576
2186 1.00146703
2187 1.00159131
2188 0.99667859
2189 0.99398605
2190 1.00449491
2191 1.00253954
2192 0.99908340
2193 1.00671534
2194 0.99263281
2195 1.00488695
2196 1.00378714
2197 0.99469279
2198 0.99862316
2199 1.00379809
2200 0.99339724
2201 1.00287968
2202 1.00634271
2203 0.99983173
2204 1.01020616
2205 1.00554576
2206 1.01031410
2207 1.00061479
2208 1.01612682
2209 1.02135074
2210 1.00191211
2211 1.01038601
2212 1.01721393
2213 1.00973551
2214 1.00962669
2215 1.01091553
2216 1.01027197
2217 1.00846791
2218 1.02037350
2219 1.01535397
2220 1.01191012
2221 1.00239033
2222 1.01357178
2223 1.02019956
2224 1.01223647
2225 1.01147032
2226 1.01031410
2227 0.99761735
2228 1.01268837
2229 1.00605481
2230 1.00011320
2231 0.99528133
2232 0.99395638
2233 1.00276925
2234 1.00192641
2235 0.99965038
2236 1.00616025
2237 0.98444259
2238 0.99606449
2239 1.00091798
2240 1.00783134
2241 0.99985282
2242 1.00592522
2243 1.00499394
2244 1.00563458
2245 1.00613026
2246 1.00681895
2247 0.99761735
2248 1.00287630
2249 1.00976735
2250 0.99316149
2251 1.00054123
2252 1.01162763
2253 1.01759440
2254 1.00953895
2255 1.00366056
2256 0.99572330
2257 1.00510810
2258 1.01154220
2259 1.00031651
2260 1.01367738
2261 1.00325236
2262 1.00725432
2263 1.00254897
2264 1.00741681
2265 1.00242224
2266 1.01695231
2267 1.00125186
2268 1.00287630
2269 0.99898610
2270 1.00630822
2271 0.99319829
2272 1.00431591
2273 0.99832964
2274 0.99319939
2275 1.00530126
2276 0.99823745
2277 1.00722968
2278 0.99700909
2279 1.00489074
2280 1.00759764
2281 0.99949963
2282 1.00333700
2283 0.99943896
2284 0.99722915
2285 0.99497331
2286 1.00904252
2287 1.00247429
2288 0.98845044
2289 0.99898610
2290 1.01016452
2291 1.00484941
2292 1.00572519
2293 1.00846778
2294 1.00582388
2295 1.00246650
2296 0.99229238
2297 1.00433499
2298 1.00873622
2299 1.00234701
2300 0.99517738
2301 1.00240648
2302 1.00452213
2303 1.00309248
2304 0.99697938
2305 1.00236772
2306 1.00448690
2307 1.00431514
2308 1.01177240
2309 1.00315672
2310 1.01016452
2311 1.00265105
2312 1.00303197
2313 1.00538652
2314 1.01026195
2315 1.01299071
2316 1.00325008
2317 1.00648061
2318 1.00772606
2319 0.99237227
2320 1.00699791
2321 1.00998441
2322 1.00155211
2323 1.00256666
2324 1.00438183
2325 1.00091174
2326 1.00241567
2327 1.00264467
2328 0.99803014
2329 1.01562173
2330 1.00039648
2331 1.00265105
2332 0.99833016
2333 0.99384485
2334 1.00472407
2335 0.99732467
2336 1.00299792
2337 1.00461142
2338 1.00506020
2339 0.99168190
2340 0.99851638
2341 0.99691320
2342 1.00057840
2343 1.01204184
2344 0.99789818
2345 1.00402071
2346 1.00143925
2347 0.99864271
2348 1.00662910
2349 1.00156785
2350 0.99572325
2351 1.00602262
2352 0.99833016
2353 0.99951664
2354 1.00162951
2355 1.00916779
2356 1.00702667
2357 1.00484681
2358 1.00912705
2359 1.00095816
2360 0.99526692
2361 1.01045023
2362 0.99791847
2363 1.00711350
2364 1.00222383
2365 0.99487002
2366 1.00206580
2367 1.00271862
2368 1.00199612
2369 0.99866862
2370 0.99980477
2371 1.00686568
2372 1.00080322
2373 0.99951664
2374 0.99689409
2375 1.00175270
2376 0.99124871
2377 0.99480796
2378 0.99262606
2379 1.00097135
2380 0.99251945
2381 0.98833840
2382 0.99393576
2383 1.00278695
2384 1.00515052
2385 1.00120067
2386 0.99032062
2387 0.98172162
2388 0.99356902
2389 1.00020129
2390 0.99363242
2391 0.98771774
2392 0.99264019
2393 0.99221621
2394 0.99689409
2395 0.99942957
2396 1.00560536
2397 1.00299782
2398 1.00186827
2399 1.00205276
2400 1.00463511
2401 1.00685745
2402 1.00841827
2403 1.00117854
2404 0.99644942
2405 0.99891484
2406 0.99849161
2407 0.99713861
2408 1.00628688
2409 1.00271726
2410 1.00553779
2411 1.00064244
2412 0.99527930
2413 1.00150578
2414 1.01202279
2415 0.99942957
2416 1.00002435
2417 1.01312159
2418 0.99999161
2419 0.99876317
2420 1.00948829
2421 1.00727756
2422 0.99391085
2423 1.00147630
2424 1.01090363
2425 1.01172482
2426 1.00853833
2427 1.00381430
2428 0.99913904
2429 1.00996753
2430 1.00425879
2431 1.00656466
2432 1.00713495
2433 0.99991272
2434 1.00226781
2435 1.00473576
2436 1.00002435
2437 1.01106192
2438 1.01394956
2439 1.00760318
2440 1.00721162
2441 1.01881178
2442 1.00740072
2443 1.00708192
2444 1.00908730
2445 1.00520440
2446 1.01155566
2447 1.00974235
2448 1.01166196
2449 1.00980056
2450 1.01626133
2451 1.00619624
2452 1.01477127
2453 1.01575988
2454 1.00198840
2455 1.00952831
2456 1.00020176
2457 1.01106192
2458 0.99436291
2459 1.00592055
2460 1.00880204
2461 1.00597992
2462 1.01308209
2463 1.00193072
2464 1.00797843
2465 1.00100046
2466 1.00529652
2467 1.01103982
2468 1.00240981
2469 1.00973353
2470 1.00308420
2471 1.00217423
2472 1.00422351
2473 1.01054197
2474 1.01432130
2475 1.00262955
2476 1.01043732
2477 1.00596250
2478 0.99436291
2479 1.00299183
2480 1.01050543
2481 0.99848374
2482 1.01520419
2483 1.00550643
2484 1.01193143
2485 1.01116425
2486 1.00093186
2487 1.01563493
2488 1.01531890
2489 1.00156233
2490 1.01121401
2491 1.00956667
2492 1.00090770
2493 1.00264722
2494 1.01041225
2495 1.00371335
2496 1.01259551
2497 1.00698679
2498 1.00228120
2499 1.00299183
2500 0.99697751
2501 1.00595718
2502 0.99292098
2503 0.99611174
2504 1.00689820
2505 1.00378843
2506 0.99519760
2507 1.00216609
2508 1.00293557
2509 1.01605035
2510 1.00033052
2511 1.00113583
2512 1.00874102
2513 1.00285501
2514 1.00925013
2515 1.01387697
2516 0.99881227
2517 1.01073487
2518 1.00998127
2519 1.00860942
2520 0.99697751
2521 1.01186182
2522 1.00530227
2523 1.01600818
2524 1.01330805
2525 1.01190022
2526 1.00720695
2527 1.01041075
2528 1.01129034
2529 1.01182728
2530 1.00776494
2531 1.01226556
2532 1.00892465
2533 1.00141298
2534 1.00340012
2535 1.01050123
2536 1.01332402
2537 1.01594915
2538 1.01723784
2539 1.00050837
2540 1.01596585
2541 1.01186182
2542 1.00068445
2543 1.00617249
2544 1.00259729
2545 0.99874369
2546 1.00321163
2547 1.00427725
2548 1.01473052
2549 1.00286727
2550 1.00238934
2551 0.99539603
2552 0.99949881
2553 1.00358332
2554 0.99620192
2555 1.00833585
2556 1.00721537
2557 1.01128651
2558 1.00049730
2559 1.00708451
2560 1.01253357
2561 0.99761301
2562 1.00068445
2563 0.98117739
2564 0.99735367
2565 0.99959041
2566 1.00692783
2567 0.99812450
2568 0.99911830
2569 1.00076746
2570 0.98496767
2571 0.99570286
2572 1.00667311
2573 0.99327830
2574 0.99759487
2575 1.00798160
2576 0.99973261
2577 0.99866776
2578 0.99354113
2579 0.99062067
2580 1.00078645
2581 0.99606105
2582 0.99608810
2583 0.98117739
2584 1.01550468
2585 1.00335112
2586 1.00763105
2587 0.99771680
2588 1.00925767
2589 1.01444394
2590 1.00715556
2591 1.01545802
2592 1.01135801
2593 1.01458500
2594 1.01645193
2595 1.01079810
2596 1.01057677
2597 1.00826419
2598 1.02091355
2599 1.00522709
2600 1.00748509
2601 1.00915545
2602 1.00734798
2603 0.99895389
2604 1.01550468
2605 1.00420089
2606 0.99191355
2607 0.99861447
2608 1.00161165
2609 0.99763479
2610 1.00208164
2611 0.99597837
2612 1.00951371
2613 1.00317838
2614 0.98925391
2615 0.99395686
2616 1.00240563
2617 1.00587475
2618 1.00329037
2619 1.00420721
2620 0.99608802
2621 0.99833943
2622 1.00159465
2623 1.00629717
2624 1.01112940
2625 1.00420089
2626 1.00562120
2627 1.01384242
2628 1.00619710
2629 1.01600720
2630 1.01178974
2631 1.00254428
2632 1.00177676
2633 1.01406985
2634 1.01052781
2635 1.00626023
2636 1.00730952
2637 1.00535484
2638 1.00916941
2639 1.01068674
2640 1.00847720
2641 1.01631107
2642 1.00954958
2643 1.01352678
2644 1.01002860
2645 1.00790444
2646 1.00562120
2647 1.00622899
2648 1.00073097
2649 1.00277552
2650 0.99945419
2651 0.99934490
2652 1.01140659
2653 0.98883239
2654 0.99579402
2655 1.00216113
2656 1.00852690
2657 1.00622047
2658 1.00735365
2659 1.00143868
2660 0.99243388
2661 1.00827657
2662 0.99290769
2663 0.99279335
2664 1.00624305
2665 1.00759877
2666 1.00165303
2667 1.00622899
2668 1.00504649
2669 1.00876591
2670 1.00363209
2671 0.99974061
2672 0.99826677
2673 1.00724432
2674 0.99533920
2675 1.00483277
2676 1.00034041
2677 1.00100421
2678 0.99945693
2679 0.99545648
2680 0.99632134
2681 1.00168949
2682 1.00214375
2683 0.99837840
2684 1.00079972
2685 0.99433605
2686 1.00651813
2687 1.00231510
2688 1.00504649
2689 0.99748334
2690 1.00345646
2691 0.99660560
2692 1.00525213
2693 1.00355750
2694 0.99345597
2695 1.00521065
2696 1.00768807
2697 1.00713571
2698 1.00482064
2699 1.01070556
2700 1.00737810
2701 1.00410027
2702 1.00930284
2703 1.00420934
2704 1.00771859
2705 1.00253944
2706 1.00395609
2707 0.99723780
2708 1.00406946
2709 0.99748334
2710 1.01054075
2711 1.00820124
2712 1.00757138
2713 1.00354383
2714 1.01108455
2715 1.00624558
2716 1.00897707
2717 1.01046015
2718 1.00346985
2719 1.01837577
2720 1.00164623
2721 1.01258534
2722 1.01200941
2723 0.99631959
2724 1.01231137
2725 1.00349003
2726 1.00351826
2727 1.01867596
2728 1.00455255
2729 1.00207888
2730 1.01054075
2731 0.99646007
2732 1.00685466
2733 1.00386393
2734 1.00912512
2735 1.00666955
2736 0.99972717
2737 1.00253908
2738 1.00392715
2739 0.99446870
2740 1.00181869
2741 1.00834307
2742 1.00826266
2743 1.01094963
2744 0.99912792
2745 1.00865382
2746 0.99864077
2747 0.99692125
2748 0.99982940
2749 1.00045226
2750 1.00003519
2751 0.99646007
2752 0.99838783
2753 1.00708010
2754 1.00380739
2755 0.99727326
2756 1.01035218
2757 0.99746814
2758 1.00804385
2759 1.00036365
2760 1.00347476
2761 1.00825570
2762 1.01033896
2763 1.00884430
2764 1.00512603
2765 1.00939006
2766 1.01060354
2767 1.00212316
2768 1.00671460
2769 1.01054119
2770 1.00294703
2771 1.00612351
2772 0.99838783
2773 0.93485046
2774 0.94464567
2775 0.95965821
2776 0.96000069
2777 0.96420059
2778 0.97814492
2779 0.97445303
2780 0.98212216
2781 0.97702775
2782 0.98465252
2783 0.97708984
2784 0.97071351
2785 0.97649494
2786 0.97301237
2787 0.97959144
2788 0.97250534
2789 0.97212389
2790 0.95720029
2791 0.96390891
2792 0.95526187
2793 0.93485046
2794 1.00920611
2795 1.00852707
2796 1.00508286
2797 1.00975237
2798 1.00344071
2799 1.00734617
2800 1.00240100
2801 1.00723910
2802 1.00240506
2803 1.01938289
2804 1.00998677
2805 1.00050903
2806 1.00653497
2807 1.01326448
2808 1.00480414
2809 0.99346524
2810 1.01290421
2811 1.00631966
2812 0.99497891
2813 1.01066903
2814 1.00920611
2815 1.00150591
2816 1.00018262
2817 1.00448379
2818 0.99601558
2819 0.99607483
2820 1.00417554
2821 1.00176171
2822 0.99478610
2823 0.99621008
2824 1.00841487
2825 1.00089715
2826 0.99766976
2827 1.00444497
2828 0.99573752
2829 0.99403007
2830 0.99482273
2831 0.99281643
2832 0.99779662
2833 0.99412497
2834 0.99666650
2835 1.00150591
2836 1.00116345
2837 1.00419765
2838 1.01089560
2839 1.01133786
2840 0.99885501
2841 1.00760110
2842 1.00669780
2843 1.00596624
2844 1.00676233
2845 1.00575021
2846 1.00633319
2847 1.00112506
2848 1.00929537
2849 1.01054871
2850 1.01120684
2851 1.00334288
2852 1.00363697
2853 0.99409674
2854 1.00263630
2855 1.00312363
2856 1.00116345
2857 1.00959143
2858 1.00833244
2859 1.01230747
2860 1.00149961
2861 1.00158749
2862 1.00313111
2863 1.00726017
2864 1.01527964
2865 1.01944606
2866 1.01062470
2867 1.00351202
2868 1.01630367
2869 1.00465922
2870 1.01701733
2871 1.00082831
2872 1.00888847
2873 1.00649726
2874 1.00955829
2875 1.00981355
2876 1.00579193
2877 1.00959143
2878 1.00464818
2879 0.99964888
2880 1.00131161
2881 1.00168634
2882 1.00494671
2883 0.99514443
2884 0.99772547
2885 0.99626171
2886 1.00159924
2887 1.00000847
2888 1.00652111
2889 1.00989300
2890 1.00530186
2891 1.00881059
2892 0.99528098
2893 0.99337738
2894 1.00494969
2895 0.99995149
2896 1.00367284
2897 1.00856304
2898 1.00464818
2899 1.00661508
2900 1.02061814
2901 1.00504421
2902 1.00623209
2903 1.01038302
2904 1.01120152
2905 1.01282329
2906 1.00428928
2907 1.01704643
2908 1.01119550
2909 0.99926934
2910 1.00829909
2911 1.01883202
2912 1.02237241
2913 1.00749460
2914 1.00811764
2915 1.01087843
2916 1.01079475
2917 1.00623126
2918 1.01719224
2919 1.00661508
2920 1.01045566
2921 1.01642126
2922 1.00907871
2923 1.00373602
2924 1.01218438
2925 1.01262937
2926 1.01508668
2927 1.01541080
2928 1.01630733
2929 1.01177845
2930 1.01146280
2931 1.00887933
2932 1.00855796
2933 1.00835756
2934 1.00445394
2935 1.00940189
2936 1.01199476
2937 1.00745696
2938 1.00826905
2939 1.01005950
2940 1.01045566
2941 1.00999344
2942 1.00930131
2943 1.00162760
2944 0.99599379
2945 1.00365956
2946 1.00925168
2947 1.00291629
2948 0.99135427
2949 1.00486032
2950 1.00593962
2951 0.99562165
2952 1.00820214
2953 1.00531823
2954 1.00014443
2955 1.00017111
2956 1.01232177
2957 1.00617714
2958 0.99672846
2959 1.00926546
2960 1.00979874
2961 1.00999344
2962 1.01230376
2963 1.01166284
2964 1.01454463
2965 1.01006422
2966 1.00370720
2967 1.00429228
2968 0.99644339
2969 1.00881035
2970 1.00334649
2971 1.00219396
2972 1.00306834
2973 1.00566305
2974 1.00999062
2975 0.99418988
2976 1.01251970
2977 1.00489550
2978 1.00076128
2979 1.01789644
2980 1.01725421
2981 1.00129772
2982 1.01230376
2983 1.00199258
2984 0.99808774
2985 1.00562738
2986 0.99460861
2987 1.00777683
2988 1.00821517
2989 1.00876728
2990 1.01567859
2991 1.00428374
2992 1.00940680
2993 1.01268596
2994 1.00144030
2995 1.00509843
2996 1.00400908
2997 1.00155215
2998 1.00359960
2999 0.99923250
3000 1.00164158
3001 0.99615323
3002 0.99166793
3003 1.00199258
3004 1.00062868
3005 0.99888303
3006 1.00716985
3007 1.00862612
3008 1.00779510
3009 1.01153827
3010 1.01519260
3011 1.00645572
3012 1.01908287
3013 1.01573346
3014 1.01688289
3015 1.01035561
3016 1.00736187
3017 1.01209332
3018 1.00658257
3019 1.01520350
3020 1.00691359
3021 1.00719256
3022 1.00941301
3023 1.01088277
3024 1.00062868
