index DenDen_position
1 1.61298460
2 1.57303698
3 1.52716130
4 1.50484265
5 1.48273806
6 1.45968389
7 1.45135595
8 1.43892220
9 1.43036110
10 1.43354702
11 1.43331293
12 1.43454647
13 1.42902358
14 1.43905939
15 1.44063043
16 1.46203804
17 1.47958919
18 1.50539633
19 1.53034915
20 1.56538776
21 1.61298460
22 0.92385851
23 0.94095244
24 0.95516367
25 0.95062689
26 0.96163575
27 0.95797922
28 0.96664070
29 0.96711476
30 0.97053175
31 0.96579906
32 0.95851430
33 0.96617993
34 0.96405829
35 0.97372699
36 0.95780899
37 0.95817682
38 0.96372263
39 0.95808997
40 0.95002809
41 0.94691273
42 0.92385851
43 0.98652895
44 0.97535244
45 0.98682460
46 0.98873509
47 0.98629622
48 0.98476329
49 0.99792466
50 0.98816452
51 0.99258123
52 0.98766576
53 0.99202932
54 0.98996173
55 0.98687069
56 0.99030437
57 0.98852358
58 0.99430806
59 0.98640317
60 0.98406577
61 0.98884492
62 0.98575934
63 0.98652895
64 0.97800136
65 0.97964881
66 0.98370812
67 0.98163532
68 0.97709598
69 0.98342914
70 0.97937227
71 0.98315189
72 0.98082186
73 0.98851558
74 0.98064996
75 0.98203935
76 0.97581190
77 0.98134496
78 0.98745827
79 0.98384296
80 0.98453591
81 0.97377619
82 0.98923801
83 0.98786002
84 0.97800136
85 0.98061054
86 0.99212272
87 0.98858464
88 0.97446404
89 0.99354529
90 0.98722503
91 0.98972075
92 0.97900943
93 0.98286618
94 0.99182653
95 0.98619819
96 0.98047897
97 0.98743520
98 0.98048150
99 0.98974220
100 0.98342356
101 0.99291931
102 0.97964495
103 0.98786836
104 0.99514890
105 0.98061054
106 1.00801156
107 1.00142436
108 1.00227025
109 1.00027599
110 0.99848679
111 1.00101626
112 0.99862315
113 1.00977148
114 0.99149075
115 0.99723211
116 0.99755400
117 0.99822667
118 0.99781577
119 1.00467256
120 0.99688651
121 1.00099126
122 0.99264675
123 1.00854527
124 1.00304371
125 0.99944849
126 1.00801156
127 0.98644183
128 0.98712598
129 0.98497537
130 0.98884034
131 0.98510362
132 0.99236907
133 0.98636498
134 0.99353133
135 0.99662087
136 0.98742839
137 0.98662332
138 0.99700658
139 0.99321247
140 1.00088990
141 0.99327913
142 0.98522049
143 0.99168917
144 0.99381888
145 0.98955648
146 0.98419064
147 0.98644183
148 0.99699370
149 0.99930124
150 0.99471327
151 0.99545447
152 1.00264350
153 1.00323644
154 0.99243862
155 0.99725302
156 0.99584196
157 0.99347834
158 0.99424672
159 0.98832637
160 0.99813794
161 0.99469567
162 0.99676789
163 0.99901429
164 0.99007521
165 1.00211825
166 1.00310074
167 1.00078174
168 0.99699370
169 0.97831733
170 0.97919410
171 0.97713830
172 0.99814353
173 0.98382720
174 0.98427670
175 0.98276165
176 0.98979991
177 0.98965434
178 0.98869015
179 0.98158194
180 0.98987201
181 0.99260179
182 0.97851349
183 0.98566275
184 0.98273230
185 0.98255633
186 0.97941213
187 0.98478742
188 0.98359565
189 0.97831733
190 0.97867019
191 0.97985391
192 0.97532445
193 0.98129783
194 0.97271375
195 0.98673897
196 0.98495932
197 0.98007720
198 0.98101009
199 0.97978918
200 0.98189368
201 0.98442438
202 0.97231261
203 0.99121861
204 0.98048931
205 0.98834997
206 0.97956663
207 0.97467938
208 0.98068456
209 0.98197800
210 0.97867019
211 0.98702507
212 0.99036868
213 0.98773023
214 0.98548689
215 0.98143969
216 0.98618210
217 0.99161983
218 0.99266240
219 0.98615208
220 0.99238573
221 0.97859752
222 0.98909578
223 0.98855239
224 0.98854394
225 0.99194531
226 0.98629914
227 0.99227984
228 0.98766145
229 0.98433786
230 0.99061223
231 0.98702507
232 0.92522967
233 0.94839181
234 0.95493337
235 0.95472861
236 0.95008014
237 0.96417324
238 0.95882222
239 0.96812617
240 0.96856743
241 0.97095368
242 0.96728605
243 0.97497826
244 0.97190386
245 0.96787390
246 0.96600130
247 0.96363019
248 0.95874668
249 0.95292142
250 0.94450713
251 0.94607349
252 0.92522967
253 0.92993926
254 0.94223381
255 0.95224109
256 0.95849839
257 0.96012078
258 0.96291380
259 0.95822566
260 0.96589793
261 0.96046836
262 0.96959535
263 0.97565086
264 0.96409464
265 0.97139448
266 0.96233958
267 0.95228153
268 0.96257431
269 0.95877910
270 0.95818593
271 0.94745167
272 0.93577701
273 0.92993926
274 0.99535535
275 0.99139392
276 0.99614691
277 0.99958130
278 0.99032814
279 1.00120384
280 1.00371375
281 0.99508633
282 1.00207076
283 0.99910927
284 0.98925839
285 0.99712735
286 0.99360451
287 0.99488602
288 0.99089711
289 1.00254000
290 0.99798700
291 1.00497135
292 0.99272682
293 0.99053305
294 0.99535535
295 0.98625127
296 0.98523664
297 0.98685068
298 0.98256267
299 0.99102260
300 0.97781720
301 0.98359792
302 0.97774500
303 0.98435009
304 0.98606762
305 0.97573387
306 0.99062804
307 0.98626126
308 0.98187418
309 0.98833194
310 0.98646003
311 0.98500971
312 0.98328665
313 0.98337081
314 0.98643593
315 0.98625127
316 0.98829370
317 0.99150827
318 0.99017696
319 0.99018429
320 0.98912758
321 0.98231044
322 0.99149150
323 0.99150933
324 0.98663550
325 0.99118341
326 0.99021653
327 0.99164757
328 0.99461725
329 0.98708538
330 0.99240042
331 0.98298426
332 0.98960096
333 0.98682284
334 0.98351447
335 0.99416288
336 0.98829370
337 0.98383841
338 0.98425158
339 0.98919868
340 0.98315718
341 0.98497405
342 0.98042575
343 0.98434110
344 0.99064730
345 0.97717379
346 0.98333150
347 0.98355662
348 0.98929634
349 0.98578871
350 0.98111217
351 0.97849137
352 0.97682134
353 0.97852590
354 0.98923677
355 0.97946754
356 0.97937630
357 0.98383841
358 0.99770699
359 0.99112250
360 0.99424409
361 0.99455478
362 0.98448351
363 0.99293562
364 0.98944245
365 0.98363640
366 0.99435368
367 0.99307560
368 0.98671439
369 0.99254422
370 0.99602525
371 0.98815927
372 0.98937577
373 0.99165711
374 0.99449345
375 0.98757780
376 0.98896842
377 0.98992055
378 0.99770699
379 0.98490246
380 0.98966102
381 0.97884502
382 0.99583012
383 0.98950892
384 0.99269305
385 0.99127568
386 0.98714379
387 0.98843537
388 0.99454850
389 0.99163947
390 0.98774609
391 0.97975442
392 0.98866453
393 0.99387966
394 0.98898667
395 0.98600573
396 0.99851874
397 0.98995637
398 1.00326108
399 0.98490246
400 0.99325844
401 0.98605070
402 0.99097067
403 0.99711400
404 0.98798954
405 0.98426510
406 0.98652336
407 0.99112368
408 0.99691996
409 0.98716979
410 0.98052109
411 0.98787541
412 0.99166161
413 0.99160059
414 0.99351642
415 0.99529071
416 0.99123438
417 0.98777956
418 0.98707075
419 0.98256425
420 0.99325844
421 0.99138016
422 0.98586793
423 0.98575834
424 0.98516030
425 0.97810981
426 0.97589761
427 0.98711355
428 0.98851207
429 0.97957312
430 0.99088881
431 0.98873044
432 0.98252133
433 0.98820107
434 0.98969164
435 0.98224530
436 0.98361709
437 0.98390951
438 0.99050951
439 0.99288044
440 0.98322291
441 0.99138016
442 0.98719928
443 0.99662925
444 0.99102176
445 0.98864198
446 0.98715715
447 0.98800580
448 0.99005517
449 0.99222336
450 0.99166142
451 0.98274333
452 0.99508943
453 0.98394683
454 0.98133636
455 0.99283187
456 0.98291749
457 0.98891679
458 0.99246345
459 0.99482345
460 0.99063664
461 0.98209192
462 0.98719928
463 0.98879228
464 1.00275812
465 0.99813180
466 0.98747419
467 0.99138934
468 0.99638924
469 0.99143868
470 0.99222678
471 0.99903066
472 0.99340618
473 0.99526884
474 0.99513111
475 0.99041586
476 0.99073849
477 0.99172916
478 0.99312598
479 0.98857277
480 0.99843758
481 0.99228575
482 0.98730179
483 0.98879228
484 0.99502606
485 0.98913067
486 0.98880165
487 0.98750626
488 0.98639831
489 0.99917162
490 0.99475681
491 0.99888294
492 0.99841880
493 0.99287363
494 0.99650951
495 0.99230339
496 0.97934809
497 0.98421520
498 0.98731466
499 0.99174268
500 0.98534937
501 0.99351009
502 0.99322817
503 0.99361259
504 0.99502606
505 0.98954529
506 1.00114247
507 0.99651917
508 0.99316277
509 0.99212836
510 1.00169063
511 0.99025764
512 0.98932084
513 1.00000351
514 0.99020384
515 0.98627675
516 0.99530590
517 0.99191475
518 0.99447615
519 0.98745770
520 0.99903220
521 0.99812273
522 0.99219309
523 1.00035094
524 0.99309852
525 0.98954529
526 0.99268441
527 0.98174070
528 0.99305303
529 0.98332406
530 0.98595843
531 0.97893017
532 0.98127988
533 0.98124109
534 0.99939604
535 0.98236287
536 0.97786668
537 0.98316855
538 0.98044295
539 0.98595092
540 0.98262240
541 0.99561208
542 0.98605070
543 0.98411472
544 0.98444656
545 0.99222011
546 0.99268441
547 0.99198235
548 0.98881062
549 0.98666673
550 1.00215335
551 0.98848713
552 0.99203705
553 0.99316948
554 0.99109532
555 0.98483877
556 0.99494020
557 0.99309553
558 0.99050540
559 0.99523736
560 0.99553072
561 0.98471696
562 0.98794429
563 0.98350665
564 0.98625796
565 0.99036120
566 0.98219930
567 0.99198235
568 0.99308313
569 0.99387404
570 0.99560886
571 0.99991673
572 0.99658781
573 0.99506964
574 0.99935034
575 0.99378774
576 0.99879933
577 0.99899917
578 1.00183067
579 1.00040896
580 0.99925806
581 0.99530598
582 1.00432727
583 0.98833301
584 0.98910274
585 0.99956797
586 0.99972153
587 0.99486895
588 0.99308313
589 0.98483570
590 0.98319335
591 0.98241633
592 0.98941300
593 0.98076968
594 0.98497288
595 0.98358262
596 0.98505019
597 0.98235255
598 0.97798766
599 0.97532095
600 0.97955160
601 0.97565923
602 0.98476040
603 0.98707588
604 0.97693395
605 0.98792296
606 0.98426058
607 0.99313141
608 0.98407102
609 0.98483570
610 0.98238801
611 0.98910164
612 0.98412042
613 0.98184087
614 0.97815050
615 0.99880117
616 0.98527867
617 0.99409184
618 0.97943430
619 0.98527888
620 0.99118167
621 0.98953474
622 0.98694931
623 0.98063833
624 0.99255600
625 0.98878095
626 0.98455054
627 0.98463083
628 0.98604850
629 0.97544553
630 0.98238801
631 0.97825440
632 0.98909513
633 0.98732661
634 0.98940374
635 0.99046815
636 0.97917473
637 0.98262802
638 0.98448811
639 0.98801419
640 0.98025079
641 0.97547008
642 0.97945096
643 0.98279596
644 0.97773514
645 0.98455617
646 0.99053759
647 0.98666954
648 0.97945487
649 0.98338996
650 0.98281538
651 0.97825440
652 0.99549427
653 0.99520032
654 0.98817587
655 0.99233202
656 0.98617827
657 0.98683998
658 0.98023528
659 0.99657209
660 0.98811987
661 0.98718527
662 0.98265087
663 0.98744355
664 0.99104970
665 0.98752411
666 0.98794669
667 0.99552256
668 0.99738306
669 0.99681152
670 0.98851677
671 0.99134504
672 0.99549427
673 0.98953698
674 0.98679696
675 0.99408598
676 0.99475475
677 0.98886917
678 0.99966787
679 0.98784364
680 0.98596955
681 0.99310304
682 1.00020241
683 0.98690982
684 0.99797505
685 0.99487385
686 0.99575874
687 0.99051776
688 0.98224827
689 0.99121214
690 0.99781767
691 0.99136644
692 0.98566111
693 0.98953698
694 0.98929531
695 0.99261544
696 0.98832848
697 0.99273887
698 0.99569446
699 0.98780049
700 0.99511683
701 0.98878953
702 0.98936202
703 0.99806171
704 0.99263832
705 0.99143412
706 0.99252068
707 0.99256912
708 0.99502872
709 0.98874209
710 0.99099547
711 0.99531080
712 1.00207754
713 0.98941134
714 0.98929531
715 0.97734925
716 0.98654483
717 0.97708500
718 0.97684312
719 0.98263912
720 0.99048698
721 0.98363637
722 0.98754620
723 0.97204207
724 0.99049725
725 0.98737651
726 0.98240227
727 0.98806831
728 0.98584864
729 0.97570225
730 0.98933770
731 0.99011368
732 0.98532905
733 0.98321295
734 0.98490141
735 0.97734925
736 0.98797708
737 0.98320962
738 0.98896267
739 0.97809395
740 0.98009651
741 0.98785510
742 0.98912273
743 0.99082771
744 0.99339786
745 0.98191455
746 0.98527834
747 0.98311765
748 0.99384823
749 0.98599988
750 0.98844793
751 0.98051601
752 0.98243238
753 0.97915095
754 0.99149435
755 0.98591844
756 0.98797708
757 0.98839699
758 0.99789526
759 0.99226678
760 0.98445975
761 0.99315051
762 0.99238729
763 0.99267660
764 1.00060402
765 0.98878340
766 1.00017334
767 0.99068409
768 0.99556409
769 0.99248764
770 0.99892011
771 1.00731523
772 0.99448447
773 0.99311950
774 0.99607558
775 0.99375154
776 1.00354587
777 0.98839699
778 0.98219762
779 0.98511205
780 0.98430241
781 0.99115787
782 0.98225480
783 0.98457768
784 0.97754217
785 0.98614639
786 0.98579802
787 0.98017136
788 0.98314004
789 0.98642578
790 0.97934044
791 0.98797904
792 0.98226375
793 0.97622103
794 0.97528908
795 0.99325442
796 0.98693263
797 0.98156225
798 0.98219762
799 0.99199792
800 0.98881070
801 0.99251974
802 0.98680178
803 0.99136780
804 0.99811050
805 0.99373101
806 0.99634227
807 0.99360497
808 0.99478435
809 0.99739013
810 0.99324841
811 0.99653609
812 1.00261863
813 0.99462537
814 0.99238892
815 0.99925330
816 0.99366044
817 0.98776318
818 0.98906968
819 0.99199792
820 0.98559781
821 0.98469449
822 0.97793600
823 0.98982264
824 0.99023984
825 0.97884680
826 0.98174487
827 0.99024054
828 0.98679299
829 0.98886300
830 0.98376969
831 0.98505077
832 0.99060451
833 0.98969715
834 0.99390605
835 0.98932502
836 0.98404054
837 0.98727149
838 0.98168047
839 0.98539392
840 0.98559781
841 0.98940467
842 0.98618000
843 0.99301510
844 0.98627426
845 0.99165143
846 0.97465203
847 0.98071286
848 0.98731729
849 0.98524621
850 0.98640209
851 0.98187231
852 0.98982127
853 0.99153383
854 0.98304414
855 0.99569626
856 0.98893296
857 0.98204624
858 0.98694772
859 0.99247879
860 0.98636910
861 0.98940467
862 0.99124373
863 0.99283053
864 0.98362139
865 1.00062532
866 0.99106607
867 0.99735680
868 0.98622529
869 0.98366630
870 0.98532174
871 0.99376282
872 0.98827314
873 0.99453856
874 0.99126582
875 0.98445223
876 0.99419584
877 0.98548619
878 0.99417471
879 0.99522488
880 0.98884686
881 0.98633621
882 0.99124373
883 0.99288413
884 0.98485382
885 0.99090364
886 0.98750266
887 0.99860202
888 0.98796762
889 0.99444482
890 1.00196915
891 0.98728501
892 0.98492672
893 0.99107103
894 0.98872566
895 0.99365839
896 0.99010201
897 0.99902667
898 1.00222386
899 0.99090438
900 0.99132668
901 0.98433158
902 0.99396557
903 0.99288413
904 0.99001551
905 0.99377349
906 0.99766271
907 0.99174156
908 0.99258301
909 0.99752444
910 0.98191552
911 0.99231467
912 0.99069606
913 0.99127569
914 0.99462575
915 0.99332712
916 0.98688521
917 0.99909690
918 0.98354796
919 0.99687177
920 0.98642014
921 0.98263188
922 0.99836609
923 0.98577206
924 0.99001551
925 0.99401900
926 0.98727326
927 0.98952647
928 1.00180164
929 0.99346151
930 0.99351947
931 0.99630128
932 0.99280019
933 1.00428101
934 0.99776759
935 0.99777333
936 0.99466219
937 0.99989172
938 0.99383587
939 0.99930714
940 1.00211938
941 1.00892952
942 0.99846281
943 1.00241778
944 0.99727060
945 0.99401900
946 0.97298529
947 0.99150971
948 0.98271678
949 0.98684194
950 0.98072825
951 0.99248793
952 0.99692817
953 0.99675751
954 0.98183123
955 0.98824039
956 0.99023858
957 0.98399160
958 0.98961941
959 0.98224064
960 0.98874182
961 0.98569056
962 0.98963567
963 0.98594049
964 0.98607483
965 0.99782224
966 0.97298529
967 0.99959752
968 0.99064973
969 0.99724027
970 0.99059599
971 0.98749627
972 0.98743466
973 0.99387821
974 0.98863088
975 0.99520802
976 0.99466682
977 0.99485487
978 1.00072530
979 0.98942250
980 0.98714919
981 1.00119622
982 0.98525673
983 0.98407101
984 0.99312240
985 0.98367421
986 0.98615428
987 0.99959752
988 0.98103884
989 0.98493792
990 0.98328195
991 0.98724046
992 0.99172925
993 0.99590027
994 0.99227165
995 0.99149989
996 0.99267209
997 0.98381587
998 0.99081153
999 0.98688964
1000 0.98845626
1001 1.00076443
1002 0.98975117
1003 0.98323139
1004 0.98296225
1005 0.98632479
1006 0.99002246
1007 0.98338194
1008 0.98103884
1009 0.98099566
1010 0.98995752
1011 0.99048500
1012 0.98641775
1013 0.99092788
1014 0.98578484
1015 0.98982851
1016 0.99284969
1017 0.99575790
1018 0.98792766
1019 0.99113662
1020 0.98530136
1021 0.98679503
1022 0.99102698
1023 0.99658686
1024 0.99132170
1025 0.99541935
1026 0.99392845
1027 0.98942527
1028 0.98536498
1029 0.98099566
1030 0.99578017
1031 0.99642180
1032 0.99661399
1033 0.99796094
1034 1.00305078
1035 0.99954913
1036 0.99414708
1037 1.00226561
1038 0.99896273
1039 0.99488008
1040 1.00050504
1041 0.99535031
1042 0.99083439
1043 0.98807806
1044 0.99741520
1045 0.98479245
1046 0.99233492
1047 0.99583765
1048 0.99676162
1049 0.99828038
1050 0.99578017
1051 0.98512760
1052 0.98352765
1053 0.97931585
1054 0.97788337
1055 0.98144055
1056 0.98278740
1057 0.96666410
1058 0.98456022
1059 0.98126849
1060 0.99065438
1061 0.97162232
1062 0.98428266
1063 0.98909371
1064 0.97834917
1065 0.98406942
1066 0.98114726
1067 0.98153044
1068 0.97943170
1069 0.98340897
1070 0.98059950
1071 0.98512760
1072 0.99389504
1073 0.99253670
1074 0.99947378
1075 0.99401283
1076 0.99500515
1077 0.99296846
1078 0.99558025
1079 0.99842655
1080 0.98935635
1081 0.99669690
1082 0.98832386
1083 0.99976637
1084 0.99080022
1085 0.99301731
1086 1.00033610
1087 1.00410332
1088 0.99941248
1089 0.99980987
1090 0.98665989
1091 0.99930264
1092 0.99389504
1093 0.98784956
1094 0.98887468
1095 0.99281307
1096 1.00063578
1097 0.99867990
1098 0.99529171
1099 0.99562943
1100 0.99272429
1101 0.99082928
1102 0.98854928
1103 1.00683533
1104 0.99646967
1105 0.99137594
1106 0.99092485
1107 0.99312422
1108 0.99464622
1109 0.98965152
1110 1.00295557
1111 0.99777651
1112 0.99574212
1113 0.98784956
1114 0.98835870
1115 0.99818937
1116 0.98537904
1117 0.99950308
1118 0.99102914
1119 0.98547564
1120 0.99430117
1121 0.99681649
1122 0.98143194
1123 0.98979655
1124 0.99238352
1125 0.98554747
1126 0.99419778
1127 0.99438381
1128 0.99361419
1129 0.99272756
1130 0.99083319
1131 0.99174465
1132 0.98389156
1133 0.99544176
1134 0.98835870
1135 0.99258256
1136 0.97981689
1137 0.98570896
1138 0.99023537
1139 0.98408279
1140 1.00036024
1141 0.99132733
1142 0.98632247
1143 0.98976803
1144 0.98437999
1145 0.98505097
1146 0.98815750
1147 0.98081352
1148 0.98944656
1149 0.98638065
1150 0.98977293
1151 0.99090174
1152 0.99665727
1153 0.97969071
1154 0.98485524
1155 0.99258256
1156 0.98918243
1157 0.99359640
1158 0.98995165
1159 0.98883784
1160 0.98512928
1161 0.99258505
1162 0.98342103
1163 0.98561990
1164 0.98830352
1165 0.98292443
1166 0.98728408
1167 0.98851730
1168 0.99155183
1169 0.98308922
1170 0.99162158
1171 0.98966321
1172 0.97086309
1173 0.98465667
1174 0.98546925
1175 0.98916639
1176 0.98918243
1177 0.98050660
1178 0.97901629
1179 0.98913885
1180 0.98918905
1181 0.98484389
1182 0.98522040
1183 0.99459984
1184 0.98619541
1185 0.98110558
1186 0.99025608
1187 0.98521447
1188 0.99702440
1189 0.99382685
1190 0.99034682
1191 0.97894008
1192 0.98402533
1193 0.98483747
1194 0.98516624
1195 0.98600987
1196 0.99481313
1197 0.98050660
1198 0.99246028
1199 0.99362529
1200 0.98865475
1201 0.99508737
1202 0.99878611
1203 0.98735423
1204 0.98765491
1205 0.99751114
1206 0.99292905
1207 0.98940588
1208 0.98823801
1209 0.99583389
1210 0.99278830
1211 0.99515882
1212 0.98900610
1213 0.98889344
1214 0.99007041
1215 0.98590512
1216 0.99038659
1217 0.99732437
1218 0.99246028
1219 0.98996264
1220 0.99306065
1221 0.99530576
1222 0.98741432
1223 0.98764250
1224 0.98487976
1225 0.99464587
1226 0.99089708
1227 0.98335755
1228 0.98779351
1229 0.98157871
1230 0.97599086
1231 0.99398159
1232 0.97994081
1233 0.98558778
1234 0.98494515
1235 0.98370272
1236 0.99049743
1237 0.99300723
1238 0.98292242
1239 0.98996264
1240 0.98006112
1241 0.97638328
1242 0.98251089
1243 0.98132596
1244 0.98678203
1245 0.97459199
1246 0.97262086
1247 0.97735879
1248 0.99126679
1249 0.97458297
1250 0.97436594
1251 0.97935709
1252 0.97495824
1253 0.97440547
1254 0.97858671
1255 0.97774385
1256 0.98113944
1257 0.98462131
1258 0.98483283
1259 0.97088946
1260 0.98006112
1261 0.98972737
1262 0.98540272
1263 0.98979208
1264 0.98580718
1265 0.98845531
1266 0.98737001
1267 0.98243065
1268 0.98751696
1269 0.98191048
1270 0.99274438
1271 0.98413948
1272 0.99082983
1273 0.98818894
1274 0.98793127
1275 0.98741430
1276 0.99149915
1277 0.98752997
1278 0.99018964
1279 0.98900294
1280 0.98542485
1281 0.98972737
1282 0.98465063
1283 0.98118723
1284 0.98754015
1285 0.98729551
1286 0.98568290
1287 0.98067307
1288 0.97872932
1289 0.98046253
1290 0.97612615
1291 0.97879952
1292 0.97858248
1293 0.97723201
1294 0.97696928
1295 0.97632946
1296 0.98755204
1297 0.97321178
1298 0.98648933
1299 0.98013605
1300 0.98174472
1301 0.98402894
1302 0.98465063
1303 0.98922897
1304 0.99416903
1305 0.98941211
1306 0.99571083
1307 0.98194264
1308 0.98198312
1309 0.99261394
1310 0.97853650
1311 0.99895072
1312 0.99721675
1313 0.98403500
1314 0.99585494
1315 0.99407615
1316 0.99337576
1317 0.98261744
1318 0.99419111
1319 0.99531687
1320 0.98664336
1321 0.98731248
1322 0.98639067
1323 0.98922897
1324 0.98142884
1325 0.98956866
1326 0.98518491
1327 0.98141693
1328 0.98167701
1329 0.99029348
1330 0.98945978
1331 0.99690240
1332 0.98930706
1333 0.99070622
1334 0.98442055
1335 0.99377429
1336 0.98900155
1337 0.98677743
1338 0.99255309
1339 0.98982126
1340 0.98691433
1341 0.99310886
1342 0.98360637
1343 0.98281505
1344 0.98142884
1345 0.98302036
1346 0.98545084
1347 0.99364159
1348 0.99005874
1349 0.98526294
1350 0.99105317
1351 0.98617471
1352 0.98611654
1353 0.98777184
1354 0.99184092
1355 0.99504417
1356 0.98998196
1357 0.98616946
1358 0.98085894
1359 0.98909753
1360 0.98599995
1361 0.98566276
1362 0.98516498
1363 0.99207952
1364 0.98916337
1365 0.98302036
1366 0.99308540
1367 0.98335288
1368 0.99531358
1369 0.98433995
1370 0.98588188
1371 0.98686035
1372 0.98474233
1373 0.99098276
1374 0.98637319
1375 0.98432997
1376 0.97781663
1377 0.99209310
1378 0.98396201
1379 0.98629024
1380 0.98539096
1381 0.98701539
1382 1.00179199
1383 0.98527856
1384 0.99041406
1385 0.98469804
1386 0.99308540
1387 0.99267328
1388 0.99554143
1389 0.99000316
1390 0.98925315
1391 0.98672731
1392 0.98897354
1393 0.99198075
1394 0.98383384
1395 0.98865713
1396 0.98862612
1397 0.99751300
1398 0.98765187
1399 0.99553281
1400 0.98744122
1401 0.98896325
1402 0.98273016
1403 0.99204553
1404 0.98671994
1405 0.99668638
1406 0.98976797
1407 0.99267328
1408 0.99153349
1409 0.99528121
1410 0.99838942
1411 0.98955652
1412 1.00266147
1413 0.99790819
1414 0.98403020
1415 0.98989688
1416 0.99602215
1417 0.98054718
1418 0.99159431
1419 0.98992338
1420 0.99180044
1421 0.98538434
1422 0.98113458
1423 0.98664213
1424 0.99959183
1425 0.99385248
1426 0.98982493
1427 0.99383850
1428 0.99153349
1429 0.98333758
1430 0.98894257
1431 0.99020533
1432 0.99145504
1433 0.98164674
1434 0.98378297
1435 0.99388962
1436 0.98740618
1437 0.99613380
1438 0.99287617
1439 0.98980513
1440 0.98808305
1441 0.98663599
1442 0.98439499
1443 0.98449289
1444 0.98050545
1445 0.99035826
1446 0.98359179
1447 0.98938017
1448 0.98832705
1449 0.98333758
1450 0.98713131
1451 0.98495022
1452 0.98883443
1453 0.99247893
1454 0.98643769
1455 0.98892034
1456 0.98956010
1457 0.98873378
1458 0.99141316
1459 0.99777246
1460 0.98448433
1461 0.99650168
1462 0.98938899
1463 0.98640921
1464 0.99233978
1465 0.98925693
1466 0.98964985
1467 0.98317531
1468 0.98415269
1469 0.98883940
1470 0.98713131
1471 0.98995788
1472 0.99320565
1473 0.98990168
1474 0.98472668
1475 0.99076203
1476 0.99126146
1477 0.98959097
1478 0.99068624
1479 0.99107487
1480 0.98776586
1481 0.98897624
1482 0.97916269
1483 0.98358801
1484 0.98424691
1485 0.98040512
1486 0.98620739
1487 0.98731873
1488 0.98463289
1489 0.98994859
1490 0.98690344
1491 0.98995788
1492 0.99179740
1493 0.99455411
1494 0.99203379
1495 0.99798042
1496 0.98772206
1497 0.99109744
1498 0.99034919
1499 0.98073100
1500 0.98894808
1501 0.99503304
1502 0.99042736
1503 0.99381234
1504 0.98802637
1505 0.98964244
1506 0.99243184
1507 0.99329741
1508 0.98607282
1509 0.98216109
1510 0.99558443
1511 0.98841019
1512 0.99179740
1513 0.97829943
1514 0.98202243
1515 0.99011562
1516 0.98373391
1517 0.98310421
1518 0.99162645
1519 0.98111202
1520 0.98708068
1521 0.99052466
1522 0.98848916
1523 0.98614446
1524 0.99118670
1525 0.99609684
1526 0.98012214
1527 0.97521631
1528 0.99117523
1529 0.98211961
1530 0.98962502
1531 0.98916163
1532 0.98414062
1533 0.97829943
1534 0.99178101
1535 0.99026900
1536 0.98410323
1537 0.99809370
1538 0.99285995
1539 0.99565073
1540 0.99418465
1541 0.99363965
1542 0.99691884
1543 0.98451248
1544 0.98753764
1545 0.98787064
1546 0.98147380
1547 0.98095338
1548 0.98364743
1549 0.98863557
1550 0.99722337
1551 0.98781704
1552 0.98621847
1553 0.99079705
1554 0.99178101
1555 0.98739925
1556 0.99709317
1557 0.98183647
1558 0.98578984
1559 0.98810972
1560 0.98477933
1561 0.98836357
1562 0.98495268
1563 0.97993164
1564 0.98169565
1565 0.98544587
1566 0.97851413
1567 0.98419636
1568 0.98683416
1569 0.98342263
1570 0.98929188
1571 0.97930288
1572 0.98954575
1573 0.98902861
1574 0.98298864
1575 0.98739925
1576 0.98353411
1577 0.98613151
1578 0.99011710
1579 0.99758000
1580 0.99221722
1581 0.99308806
1582 0.98548025
1583 0.99173511
1584 0.98347300
1585 0.99292942
1586 0.99074966
1587 0.98289644
1588 0.98405287
1589 0.99164234
1590 0.99534061
1591 0.99240717
1592 0.99471815
1593 0.98682025
1594 0.99117009
1595 0.98722847
1596 0.98353411
1597 0.99491185
1598 0.99143169
1599 0.99220432
1600 0.99796018
1601 0.98451852
1602 0.98833436
1603 0.98323675
1604 0.99497187
1605 0.98060106
1606 0.98948377
1607 0.99672205
1608 0.99041907
1609 0.98298794
1610 0.98833771
1611 0.98563913
1612 0.99459055
1613 0.98275177
1614 0.98609394
1615 0.98204435
1616 0.99159262
1617 0.99491185
1618 0.99563495
1619 0.99169456
1620 0.99794825
1621 0.99623967
1622 0.98930936
1623 0.99377260
1624 0.97538810
1625 0.99524006
1626 0.98499822
1627 0.99475741
1628 0.99495297
1629 0.99910847
1630 0.98220143
1631 0.99953873
1632 0.98922404
1633 0.98381288
1634 0.98971629
1635 0.98396382
1636 0.99233936
1637 0.99849178
1638 0.99563495
1639 0.98623066
1640 0.99111424
1641 0.99479892
1642 0.99458306
1643 0.98322695
1644 0.99196067
1645 0.98368577
1646 0.98802385
1647 0.98246670
1648 0.98864764
1649 0.98490649
1650 0.98727471
1651 0.99217366
1652 0.99321165
1653 0.99049090
1654 0.97476944
1655 0.98116243
1656 0.99828064
1657 0.98604555
1658 0.98093556
1659 0.98623066
1660 0.99185819
1661 0.99110771
1662 0.98648750
1663 0.98470477
1664 0.98982896
1665 0.98615074
1666 0.98859175
1667 0.99052866
1668 0.99266044
1669 0.99609933
1670 0.98217855
1671 0.98565423
1672 0.98777568
1673 0.99067929
1674 0.98745613
1675 0.98794978
1676 0.99660507
1677 0.98382310
1678 0.99669383
1679 0.98978237
1680 0.99185819
1681 0.98541779
1682 0.98616222
1683 0.99561513
1684 0.98403650
1685 0.97977639
1686 0.99338298
1687 0.98410440
1688 0.99181735
1689 0.98864478
1690 0.99385597
1691 0.98358953
1692 0.99369085
1693 0.99040790
1694 0.98233041
1695 0.99252157
1696 0.99060306
1697 0.98634679
1698 0.98897213
1699 0.99129469
1700 0.99255620
1701 0.98541779
1702 0.99507039
1703 0.99252098
1704 0.98971989
1705 0.98955510
1706 0.99365597
1707 0.99148074
1708 0.98550005
1709 0.98743462
1710 0.98965584
1711 0.99185452
1712 0.99154720
1713 0.99168818
1714 0.98824860
1715 0.98683992
1716 0.98229525
1717 0.99174332
1718 0.98968971
1719 0.98397874
1720 0.98709179
1721 0.98705125
1722 0.99507039
1723 0.98173075
1724 0.98740170
1725 0.98463536
1726 0.98502298
1727 0.99244496
1728 0.98809518
1729 0.98156047
1730 0.98085124
1731 0.97550164
1732 0.99092867
1733 0.97941571
1734 0.99468082
1735 0.98030304
1736 0.98288907
1737 0.98780931
1738 0.98384034
1739 0.99061720
1740 0.99036050
1741 0.97759445
1742 0.98862314
1743 0.98173075
1744 0.99318108
1745 0.98983941
1746 0.99324734
1747 0.98999999
1748 0.99056899
1749 0.98685754
1750 0.99069481
1751 0.99208065
1752 0.98567843
1753 0.98722451
1754 0.98832528
1755 0.99695208
1756 0.99087930
1757 0.98723623
1758 0.99039134
1759 0.98234190
1760 0.97873095
1761 0.98976223
1762 0.98694814
1763 0.99685023
1764 0.99318108
1765 0.99107258
1766 0.98538089
1767 0.98552598
1768 0.98040619
1769 0.98706122
1770 0.98621927
1771 0.99101992
1772 0.98605747
1773 0.97425461
1774 0.98968188
1775 0.98884810
1776 0.98612322
1777 0.98229148
1778 0.98951437
1779 0.98848947
1780 0.98621659
1781 0.99059828
1782 0.98474685
1783 0.98607955
1784 0.98771356
1785 0.99107258
1786 0.98858082
1787 0.99806673
1788 0.98786746
1789 0.99135852
1790 0.98655351
1791 0.98499825
1792 0.98721679
1793 0.99502039
1794 1.00100590
1795 0.98832475
1796 0.99432987
1797 0.99094833
1798 0.98664337
1799 0.99021712
1800 1.00314932
1801 0.98906691
1802 0.98803228
1803 0.99384526
1804 0.98853895
1805 0.98960605
1806 0.98858082
1807 0.99356354
1808 1.00309421
1809 0.98291723
1810 0.98974936
1811 0.99281550
1812 0.99045139
1813 0.98193386
1814 0.99926802
1815 0.99262909
1816 0.98307447
1817 0.98190478
1818 0.99006205
1819 0.99479979
1820 0.98819257
1821 0.98614349
1822 0.98615314
1823 0.98464985
1824 0.97861696
1825 0.98194363
1826 0.99308040
1827 0.99356354
1828 0.99052445
1829 0.99492157
1830 0.98549928
1831 0.99793005
1832 0.99526192
1833 0.99358137
1834 0.99030153
1835 0.98437579
1836 0.99606571
1837 0.98620819
1838 0.98732145
1839 0.99555120
1840 0.99354921
1841 1.00094131
1842 0.98315669
1843 0.99496959
1844 0.99507994
1845 0.99330551
1846 0.99275881
1847 0.99148523
1848 0.99052445
1849 0.99483155
1850 0.98403503
1851 0.99246889
1852 0.98214058
1853 0.98189929
1854 0.98193152
1855 0.98580341
1856 0.97935607
1857 0.98776576
1858 0.97765313
1859 0.98601716
1860 0.98453414
1861 0.99099999
1862 0.98456599
1863 0.97984093
1864 0.98837997
1865 0.98769752
1866 0.98522695
1867 0.98570948
1868 0.98091602
1869 0.99483155
1870 0.98814140
1871 0.99544270
1872 0.98605528
1873 0.99283795
1874 0.98780118
1875 0.99257577
1876 0.99058459
1877 0.98384277
1878 0.99940043
1879 0.99245921
1880 0.99099320
1881 0.98547585
1882 0.99266497
1883 0.99038152
1884 0.99683254
1885 0.99438992
1886 0.98972860
1887 0.98420199
1888 0.99256359
1889 0.98420117
1890 0.98814140
1891 0.98058981
1892 0.99011139
1893 0.99028418
1894 0.99196250
1895 0.98563071
1896 0.98971539
1897 0.99241506
1898 0.98078994
1899 0.98924529
1900 0.99050874
1901 0.99059424
1902 0.99208074
1903 0.98568506
1904 0.99583529
1905 0.99296356
1906 0.98657050
1907 0.98849635
1908 0.98096170
1909 0.98817240
1910 1.00062240
1911 0.98058981
1912 0.98725581
1913 0.98860402
1914 0.99225456
1915 0.98131161
1916 0.98696936
1917 0.98725497
1918 0.98005255
1919 0.99189328
1920 0.98241564
1921 0.97631870
1922 0.98150491
1923 0.98808826
1924 0.98364510
1925 0.99179952
1926 0.98344568
1927 0.98604554
1928 0.97897791
1929 0.98783710
1930 0.98299978
1931 0.97590608
1932 0.98725581
1933 0.98510930
1934 0.98664112
1935 0.98659734
1936 0.98972608
1937 0.98375198
1938 0.97717730
1939 0.99314541
1940 0.98745046
1941 0.98788474
1942 0.98295939
1943 0.98623870
1944 0.99360121
1945 0.99090441
1946 0.99130404
1947 0.97745203
1948 0.98302013
1949 0.99434917
1950 0.99062644
1951 0.99600783
1952 0.98743032
1953 0.98510930
1954 0.99110803
1955 0.99011964
1956 0.99125040
1957 0.99325532
1958 0.98920967
1959 0.97967833
1960 0.99617218
1961 0.98809592
1962 0.98926823
1963 0.99734021
1964 1.00013586
1965 0.98994846
1966 1.00064943
1967 0.98849328
1968 0.99636356
1969 0.99154145
1970 0.98519893
1971 0.98972079
1972 0.99993140
1973 0.98753597
1974 0.99110803
1975 0.98866512
1976 0.98959192
1977 0.98811752
1978 0.99148607
1979 0.99134076
1980 0.99899900
1981 0.99261091
1982 0.99890745
1983 1.00182804
1984 0.99550403
1985 0.98950531
1986 0.99469582
1987 0.98410723
1988 0.98604606
1989 0.99030265
1990 0.98514295
1991 0.98099754
1992 0.99290755
1993 0.99126937
1994 0.98831263
1995 0.98866512
1996 0.97812854
1997 0.97761307
1998 0.98058633
1999 0.98765162
2000 0.99104337
2001 0.98780056
2002 0.98546331
2003 0.99120317
2004 0.98484780
2005 0.99253784
2006 0.98338499
2007 0.97748770
2008 0.98151801
2009 0.98418130
2010 0.97967521
2011 0.98199099
2012 0.98729392
2013 0.98836961
2014 0.98688235
2015 0.98776788
2016 0.97812854
2017 0.99206261
2018 0.98697931
2019 0.99367548
2020 0.99360005
2021 0.98651098
2022 0.98989160
2023 0.99195151
2024 0.98549056
2025 0.98731555
2026 0.99360664
2027 0.98723190
2028 0.98356698
2029 0.98429079
2030 0.99105888
2031 0.99508573
2032 0.98116391
2033 0.98760337
2034 0.99268049
2035 0.98890529
2036 0.98044621
2037 0.99206261
2038 0.98388921
2039 0.97896720
2040 0.98703564
2041 0.98506578
2042 0.97641738
2043 0.97919530
2044 0.97224423
2045 0.97858869
2046 0.98360814
2047 0.98707975
2048 0.97322274
2049 0.98695624
2050 0.98940861
2051 0.97946115
2052 0.97999140
2053 0.97105695
2054 0.97463402
2055 0.97567466
2056 0.98598481
2057 0.97459177
2058 0.98388921
2059 0.99274433
2060 0.98920750
2061 0.99324569
2062 0.99725765
2063 0.99181591
2064 0.98591032
2065 0.98670182
2066 0.99718704
2067 0.97614928
2068 0.99329225
2069 0.98971134
2070 0.98693812
2071 0.98486069
2072 0.98363835
2073 0.99022317
2074 0.99435318
2075 0.97826337
2076 0.98633908
2077 0.98705520
2078 0.98884680
2079 0.99274433
2080 0.99870835
2081 0.99102795
2082 0.98825290
2083 0.99097653
2084 0.99221017
2085 0.98656865
2086 0.99594549
2087 0.98798147
2088 0.99329005
2089 0.98123218
2090 0.99247860
2091 0.98938665
2092 0.99175763
2093 0.98911059
2094 0.98893139
2095 0.98879407
2096 0.98878855
2097 0.98960942
2098 0.98554004
2099 0.98712273
2100 0.99870835
2101 0.98077184
2102 0.98774400
2103 0.99114635
2104 0.99174228
2105 0.99645315
2106 0.98688532
2107 0.97849788
2108 0.99186380
2109 0.98428698
2110 0.98607019
2111 0.98402242
2112 0.99247943
2113 0.98341091
2114 0.97417589
2115 0.99428450
2116 0.99125520
2117 0.99166860
2118 0.98964744
2119 0.98211958
2120 0.98072535
2121 0.98077184
2122 0.98927386
2123 0.99340471
2124 0.98712584
2125 0.98917799
2126 0.99188230
2127 0.98887757
2128 0.99337801
2129 0.97463271
2130 0.98866085
2131 0.99289639
2132 0.98298035
2133 0.99459731
2134 0.99341194
2135 0.99104613
2136 0.98618026
2137 0.98673306
2138 0.98426553
2139 0.99214108
2140 0.98684906
2141 0.98668180
2142 0.98927386
2143 0.98528505
2144 0.99154669
2145 0.99605494
2146 0.99065656
2147 0.98227857
2148 0.98497819
2149 0.98923662
2150 0.98757556
2151 0.98562368
2152 0.98483545
2153 0.99779323
2154 0.98128186
2155 0.98125653
2156 0.99176251
2157 0.99764308
2158 0.97840805
2159 0.98595391
2160 0.99422128
2161 0.98430370
2162 0.98581413
2163 0.98528505
2164 0.98835505
2165 0.98648962
2166 0.98543827
2167 0.98887399
2168 0.98269151
2169 0.99137241
2170 0.97884032
2171 0.99018697
2172 0.98856157
2173 0.99468082
2174 0.99010908
2175 0.98589167
2176 0.98878209
2177 0.98657376
2178 0.99939568
2179 0.99364563
2180 0.99318646
2181 0.99997254
2182 0.98693357
2183 0.98483232
2184 0.98835505
2185 0.98914338
2186 0.99802709
2187 0.98746821
2188 0.99237307
2189 0.98779698
2190 0.99188095
2191 0.98761009
2192 0.99445438
2193 0.98700573
2194 0.99209671
2195 0.99852504
2196 0.99816616
2197 0.99015312
2198 0.99578573
2199 0.98575494
2200 0.98873533
2201 0.99624220
2202 0.98338014
2203 0.98613878
2204 0.99938368
2205 0.98914338
2206 1.00142482
2207 0.98755232
2208 0.99913201
2209 0.99090876
2210 0.99874561
2211 0.99894589
2212 0.99001325
2213 0.99598687
2214 1.00574950
2215 0.99540134
2216 0.98904007
2217 0.99529347
2218 0.98867712
2219 0.99312657
2220 0.98748612
2221 1.00238310
2222 0.99813968
2223 0.99884037
2224 0.99506095
2225 0.99179074
2226 1.00142482
2227 0.98127789
2228 0.98114380
2229 0.96339204
2230 0.98307770
2231 0.98831062
2232 0.98298791
2233 0.98735925
2234 0.98289611
2235 0.97780159
2236 0.98764951
2237 0.97869863
2238 0.98582871
2239 0.98313938
2240 0.98552491
2241 0.98134462
2242 0.99891450
2243 0.97983499
2244 0.97421403
2245 0.98739890
2246 0.97680564
2247 0.98127789
2248 0.99861119
2249 0.99848598
2250 0.99950374
2251 0.99903176
2252 0.99338047
2253 0.99073164
2254 0.99726117
2255 0.99358768
2256 0.98801240
2257 0.99916355
2258 0.99304929
2259 0.99092720
2260 0.99216603
2261 0.99723632
2262 0.99642123
2263 0.99625182
2264 0.99542137
2265 0.99203531
2266 1.00152792
2267 0.99741501
2268 0.99861119
2269 0.99090988
2270 0.99937550
2271 0.99667254
2272 0.98675696
2273 0.98941233
2274 0.99135978
2275 0.99294962
2276 0.99631240
2277 0.99414593
2278 0.99843019
2279 1.00411732
2280 0.99431211
2281 1.00019567
2282 0.98993616
2283 0.99541360
2284 0.99852827
2285 0.99482887
2286 0.99710866
2287 0.98452361
2288 1.00181783
2289 0.99090988
2290 0.98403932
2291 0.98424835
2292 0.99416044
2293 0.98165198
2294 0.98979221
2295 0.98690243
2296 0.98565970
2297 0.98963571
2298 0.99151346
2299 0.99693179
2300 0.98864138
2301 0.98395531
2302 0.98826743
2303 0.98650764
2304 0.97967905
2305 0.98440129
2306 0.98528162
2307 0.98272317
2308 0.98005460
2309 0.98743435
2310 0.98403932
2311 0.99011297
2312 0.99441086
2313 0.98550536
2314 0.99048283
2315 0.98677217
2316 0.99186484
2317 0.97892824
2318 0.99727739
2319 0.99856832
2320 0.98614669
2321 0.98628803
2322 0.99068234
2323 0.99378792
2324 0.99326263
2325 0.99007096
2326 0.98776374
2327 0.99257257
2328 0.99456464
2329 0.99157282
2330 0.99126640
2331 0.99011297
2332 0.99209003
2333 0.98427725
2334 0.98460381
2335 0.98156403
2336 0.99357201
2337 0.99542320
2338 0.97780325
2339 0.99034610
2340 0.99009870
2341 0.99474234
2342 0.98886904
2343 0.98697497
2344 0.98796190
2345 0.98822121
2346 0.99057479
2347 0.98081509
2348 0.99652054
2349 0.97987539
2350 0.98831159
2351 0.98654266
2352 0.99209003
2353 0.99637937
2354 0.99238391
2355 1.00399444
2356 0.99010957
2357 1.00318984
2358 0.99607100
2359 0.98789782
2360 0.99327744
2361 0.99814522
2362 0.99783578
2363 0.99986813
2364 0.98786211
2365 0.99444335
2366 0.99616931
2367 1.00108585
2368 0.99347958
2369 0.99253946
2370 0.99920454
2371 0.98748273
2372 0.99923011
2373 0.99637937
2374 0.99214371
2375 0.98669389
2376 0.98815981
2377 0.99284533
2378 0.98453713
2379 0.99190091
2380 0.99109967
2381 0.98658774
2382 0.98930677
2383 0.97655597
2384 0.99662408
2385 0.99283834
2386 0.99303162
2387 0.99398109
2388 0.98690401
2389 0.99560085
2390 0.98099463
2391 0.99236203
2392 0.98485669
2393 0.99701313
2394 0.99214371
2395 0.99422783
2396 0.99365687
2397 0.99361163
2398 0.98427868
2399 0.98989943
2400 0.98888284
2401 0.99490281
2402 0.99699915
2403 0.99289037
2404 0.99535102
2405 0.99107984
2406 0.98817408
2407 0.98661067
2408 0.99787583
2409 0.99100002
2410 0.98543809
2411 0.99627273
2412 0.99987768
2413 0.99479280
2414 1.00078253
2415 0.99422783
2416 0.99368525
2417 0.99006769
2418 0.99632908
2419 0.99475395
2420 0.99654120
2421 0.98820561
2422 0.98885865
2423 0.98774790
2424 0.99322859
2425 0.99490920
2426 0.99965074
2427 0.98587203
2428 0.99043383
2429 0.99277792
2430 0.98749985
2431 0.98539331
2432 0.99944313
2433 0.99493156
2434 0.99236455
2435 0.99240867
2436 0.99368525
2437 0.99182820
2438 0.98700111
2439 0.98469211
2440 0.98360041
2441 0.98636962
2442 0.98336040
2443 0.99461241
2444 0.98074251
2445 0.98168906
2446 0.98386299
2447 0.98743208
2448 0.98512576
2449 0.98767074
2450 0.98944269
2451 0.98409818
2452 0.97645912
2453 0.97696568
2454 0.98475018
2455 0.98907317
2456 0.98681563
2457 0.99182820
2458 0.98514739
2459 0.98589840
2460 0.99442669
2461 0.98858379
2462 0.99091526
2463 0.98427993
2464 0.98191808
2465 1.00183690
2466 0.98343889
2467 0.98551524
2468 0.99236852
2469 0.97943573
2470 0.99182863
2471 0.98447372
2472 0.99197975
2473 0.98444736
2474 0.99216528
2475 0.98785290
2476 0.98629616
2477 1.00018874
2478 0.98514739
2479 0.98635209
2480 0.99472409
2481 0.99055978
2482 0.98792385
2483 0.98521403
2484 0.98845255
2485 0.99166812
2486 0.98843962
2487 0.99206831
2488 0.99086429
2489 0.99167406
2490 0.99354917
2491 0.98072841
2492 0.99147935
2493 0.99192874
2494 0.99517008
2495 0.99160304
2496 1.00081954
2497 0.98475343
2498 0.98448725
2499 0.98635209
2500 0.99134752
2501 0.97464746
2502 0.99630780
2503 0.98117506
2504 0.99529426
2505 0.98625021
2506 0.98038353
2507 0.98839493
2508 0.98871524
2509 0.97955683
2510 0.99007756
2511 0.98621430
2512 0.98688251
2513 0.98106604
2514 0.98066477
2515 0.97769264
2516 0.97891625
2517 0.98824408
2518 0.99200693
2519 0.98385894
2520 0.99134752
2521 0.99209290
2522 0.98392393
2523 1.00294879
2524 0.99106034
2525 0.99013874
2526 1.00217829
2527 0.98674801
2528 0.99872142
2529 0.99632189
2530 0.99382745
2531 0.99589870
2532 1.00095303
2533 0.98963328
2534 0.99113020
2535 0.98728746
2536 1.00090533
2537 1.00017177
2538 0.98466586
2539 0.98702727
2540 1.00554006
2541 0.99209290
2542 0.98975972
2543 0.98896721
2544 0.98133900
2545 0.98542842
2546 0.98521896
2547 0.98539361
2548 0.98730345
2549 0.98165911
2550 0.99094609
2551 0.97755097
2552 0.98568006
2553 0.98926942
2554 0.98303436
2555 0.98097405
2556 0.99520049
2557 0.97855336
2558 0.98480942
2559 0.98673928
2560 0.98332874
2561 0.98299383
2562 0.98975972
2563 0.97988469
2564 0.98540894
2565 0.97757367
2566 0.98452068
2567 0.98922858
2568 0.98525624
2569 0.99669056
2570 0.98075220
2571 0.98232431
2572 0.99036731
2573 0.98690172
2574 0.98891341
2575 0.98340937
2576 0.98062822
2577 0.99226424
2578 0.97980133
2579 0.98584030
2580 0.98658229
2581 0.98783812
2582 0.98967900
2583 0.97988469
2584 0.99241885
2585 0.99552305
2586 0.98731013
2587 0.99888564
2588 0.98826302
2589 0.98758380
2590 0.99527590
2591 0.99162159
2592 0.99072301
2593 0.98571105
2594 0.99701665
2595 1.00069718
2596 0.98764798
2597 0.99112172
2598 0.99580861
2599 0.99331981
2600 0.99004672
2601 0.99782865
2602 0.98838881
2603 0.99157128
2604 0.99241885
2605 1.00016622
2606 0.99032879
2607 0.99661524
2608 0.98368059
2609 0.98526134
2610 0.98642268
2611 0.98452869
2612 0.99309859
2613 0.98622802
2614 0.98839077
2615 0.99546465
2616 0.99837973
2617 0.99672546
2618 0.99277761
2619 0.98558713
2620 0.98878169
2621 0.98570618
2622 0.99384736
2623 0.98601212
2624 0.99450828
2625 1.00016622
2626 0.99189830
2627 0.98768975
2628 0.98828748
2629 0.98995448
2630 0.98874275
2631 0.98589802
2632 0.98553016
2633 0.98597029
2634 0.98562936
2635 1.00216176
2636 0.98965826
2637 0.99542607
2638 0.98686505
2639 0.97984629
2640 0.97629126
2641 0.99228817
2642 0.98802462
2643 0.98794194
2644 0.98985596
2645 0.99003646
2646 0.99189830
2647 0.98744106
2648 0.98555951
2649 0.98306958
2650 0.98541702
2651 0.98884821
2652 0.98173145
2653 0.97924148
2654 0.98573425
2655 0.97455265
2656 0.98374246
2657 0.97209132
2658 0.98331548
2659 0.98984767
2660 0.98400828
2661 0.99295892
2662 0.98119703
2663 0.97476271
2664 0.99171943
2665 0.98753062
2666 0.98831359
2667 0.98744106
2668 0.98739059
2669 0.98512654
2670 0.99189357
2671 0.98299344
2672 0.98954484
2673 0.98464420
2674 0.98872962
2675 0.99295876
2676 0.99370554
2677 0.99150598
2678 0.99188304
2679 0.98275937
2680 0.98560298
2681 0.98869905
2682 0.99080389
2683 0.98261901
2684 0.98913057
2685 0.98274823
2686 0.98660634
2687 0.98697737
2688 0.98739059
2689 0.98008122
2690 0.97988662
2691 0.98151066
2692 0.97622051
2693 0.97912982
2694 0.98447567
2695 0.98194035
2696 0.97572914
2697 0.97561508
2698 0.98132175
2699 0.98171230
2700 0.98502247
2701 0.98465011
2702 0.98471284
2703 0.98139743
2704 0.98509743
2705 0.97463258
2706 0.98046462
2707 0.98156191
2708 0.98721332
2709 0.98008122
2710 0.99817330
2711 0.99676709
2712 1.00058764
2713 0.99535843
2714 0.98615833
2715 1.00575757
2716 0.99677205
2717 1.00327702
2718 0.98827971
2719 0.99783013
2720 0.98890953
2721 0.99295612
2722 0.99578150
2723 0.98687822
2724 0.99485051
2725 0.99375881
2726 0.99648069
2727 0.99439351
2728 1.00172422
2729 0.99239092
2730 0.99817330
2731 0.98982506
2732 0.99127889
2733 0.98736506
2734 0.98489387
2735 0.98874058
2736 0.99726227
2737 0.99047694
2738 0.99331608
2739 0.99029492
2740 0.98717152
2741 0.98298499
2742 0.98661807
2743 0.98390408
2744 0.98974154
2745 0.98920266
2746 0.99658619
2747 0.98608740
2748 0.98701048
2749 0.99085162
2750 0.97803629
2751 0.98982506
2752 0.99527373
2753 0.98840639
2754 0.99481692
2755 0.98104758
2756 0.98733108
2757 0.98034792
2758 0.98824633
2759 0.98589582
2760 0.99332727
2761 0.98814759
2762 0.98480620
2763 0.99705394
2764 0.99284023
2765 0.98479814
2766 0.99641534
2767 0.98528202
2768 0.98870886
2769 0.99310997
2770 0.98600469
2771 0.97892130
2772 0.99527373
2773 0.92505544
2774 0.94350632
2775 0.94795308
2776 0.95061027
2777 0.95777154
2778 0.96068320
2779 0.96128248
2780 0.96814729
2781 0.96358399
2782 0.96492967
2783 0.97681940
2784 0.96974484
2785 0.96922279
2786 0.96303313
2787 0.95686578
2788 0.95845579
2789 0.96236130
2790 0.95713772
2791 0.94418207
2792 0.93045348
2793 0.92505544
2794 0.98207261
2795 0.99101410
2796 0.98235770
2797 0.99942243
2798 0.99823796
2799 1.00002594
2800 0.98155816
2801 0.99106317
2802 0.99621962
2803 0.99236669
2804 1.00210890
2805 0.99985573
2806 0.98813411
2807 0.99902394
2808 0.99674257
2809 0.98855618
2810 0.99732111
2811 0.99305516
2812 0.98702747
2813 0.99366076
2814 0.98207261
2815 0.98875929
2816 0.99024185
2817 0.98483550
2818 0.99071254
2819 0.98983235
2820 0.99077768
2821 0.98738777
2822 0.98869136
2823 0.99196046
2824 0.99581577
2825 0.99516865
2826 0.98408644
2827 0.99045208
2828 0.99600340
2829 0.99096107
2830 0.99268403
2831 0.98695095
2832 0.99338587
2833 0.99602430
2834 0.98897497
2835 0.98875929
2836 0.99162227
2837 0.99009989
2838 0.98435823
2839 0.99049126
2840 0.98582656
2841 0.98448778
2842 0.99984473
2843 0.99764804
2844 0.98749657
2845 0.99464682
2846 0.98786014
2847 0.99630802
2848 0.98714004
2849 0.99309667
2850 0.99494373
2851 0.98990941
2852 0.98463760
2853 0.98969656
2854 0.98959033
2855 0.99929846
2856 0.99162227
2857 0.98502804
2858 0.98647058
2859 0.99089058
2860 0.98844912
2861 0.99269040
2862 0.98247348
2863 0.98797414
2864 0.97168409
2865 0.98103545
2866 0.98399322
2867 0.99895569
2868 0.98984598
2869 0.99025337
2870 0.97761118
2871 0.98431476
2872 0.99938933
2873 0.99600165
2874 0.97826507
2875 0.99128449
2876 0.98294617
2877 0.98502804
2878 0.98708798
2879 0.98654849
2880 0.99189285
2881 0.99343694
2882 0.98378390
2883 0.98698012
2884 0.98707302
2885 0.98589334
2886 0.98763129
2887 0.98802629
2888 0.98813367
2889 0.98431423
2890 0.98713412
2891 0.98696470
2892 0.98518285
2893 0.98074402
2894 0.98632367
2895 0.98193682
2896 0.98666338
2897 0.98586534
2898 0.98708798
2899 0.98385935
2900 0.99588593
2901 0.98878949
2902 0.99505846
2903 0.99131175
2904 0.98754921
2905 0.98976967
2906 0.98914349
2907 0.99267924
2908 0.99542971
2909 0.99169833
2910 0.98954197
2911 0.98177926
2912 0.98957928
2913 0.99472620
2914 0.99324902
2915 0.98677018
2916 0.98193335
2917 0.98551725
2918 0.99656426
2919 0.98385935
2920 0.99274318
2921 0.99519987
2922 0.99771052
2923 0.98985965
2924 0.99885700
2925 0.99276328
2926 0.98529608
2927 0.99231111
2928 0.98833423
2929 1.00066248
2930 1.00029913
2931 0.98996350
2932 0.99043900
2933 0.98996963
2934 0.99802451
2935 1.00112523
2936 0.99296502
2937 0.99881059
2938 0.99841676
2939 0.99600636
2940 0.99274318
2941 0.98239704
2942 0.98428409
2943 0.97853290
2944 0.97319174
2945 0.98174792
2946 0.98581212
2947 0.97768501
2948 0.97179430
2949 0.98260759
2950 0.98330172
2951 0.98449489
2952 0.98604018
2953 0.98201569
2954 0.98073811
2955 0.98345459
2956 0.98370913
2957 0.98050419
2958 0.98465621
2959 0.97846168
2960 0.97922205
2961 0.98239704
2962 0.99357291
2963 0.99043299
2964 0.99203365
2965 0.99221165
2966 0.99571247
2967 0.99631122
2968 0.98728694
2969 0.99267998
2970 0.99213471
2971 0.99200156
2972 0.98651367
2973 0.99007819
2974 0.99076280
2975 0.99438180
2976 0.98652391
2977 0.98650183
2978 0.99383337
2979 0.99325757
2980 0.98589163
2981 0.99385089
2982 0.99357291
2983 0.98770964
2984 0.98370046
2985 0.97860072
2986 0.98247341
2987 0.98624309
2988 0.98747849
2989 0.98206791
2990 0.99407994
2991 0.98248984
2992 0.98195638
2993 0.98362732
2994 0.96991593
2995 0.98265433
2996 0.98112803
2997 0.98470293
2998 0.98966383
2999 0.97420022
3000 0.98097311
3001 0.99085063
3002 0.99100494
3003 0.98770964
3004 0.98682796
3005 0.99608752
3006 1.00106154
3007 0.98989195
3008 0.99303270
3009 0.99193282
3010 1.00086351
3011 0.99703625
3012 1.00115574
3013 1.00177246
3014 0.99610247
3015 0.99654412
3016 1.00179775
3017 0.99565036
3018 0.99865207
3019 1.00284501
3020 1.00193286
3021 1.00047462
3022 0.99476120
3023 1.00091120
3024 0.98682796
