index DenDen_position
1 1.63994461
2 1.59557165
3 1.55700211
4 1.52670336
5 1.51191949
6 1.49021925
7 1.48119231
8 1.48378675
9 1.46393981
10 1.46440310
11 1.46683953
12 1.46653752
13 1.46163063
14 1.46627339
15 1.48338681
16 1.49905614
17 1.50568444
18 1.52475787
19 1.55556553
20 1.59351727
21 1.63994461
22 0.96987757
23 0.97315983
24 0.98337339
25 0.98336067
26 0.99986856
27 0.99318726
28 0.99874377
29 0.99167370
30 0.99787489
31 0.98965840
32 1.00195885
33 1.00292584
34 1.00109186
35 0.99601847
36 0.99752311
37 0.99319546
38 0.99314655
39 0.99003374
40 0.98403234
41 0.97568019
42 0.96987757
43 1.01358955
44 1.01553999
45 1.00459757
46 1.01170208
47 1.00496572
48 1.00156206
49 1.01231428
50 1.00870447
51 1.01317770
52 1.00520868
53 1.00993101
54 1.00792656
55 1.00542243
56 1.00554284
57 1.00053951
58 1.00588164
59 1.01469623
60 1.00529165
61 0.99509160
62 1.00348645
63 1.01358955
64 1.01596465
65 1.01784032
66 1.01293932
67 1.01400731
68 1.01260395
69 1.01951713
70 1.01744333
71 1.01939881
72 1.01773480
73 1.02626088
74 1.00515283
75 1.00732159
76 1.01894579
77 1.01253536
78 1.00917425
79 1.01410473
80 1.01422303
81 1.00738451
82 1.01327150
83 1.01855064
84 1.01596465
85 1.01205579
86 1.00098899
87 1.00914638
88 1.01298411
89 1.01392773
90 1.01482820
91 1.01590018
92 1.01748692
93 1.02460941
94 1.01425403
95 1.01188383
96 1.00429410
97 1.00968400
98 1.01278163
99 0.99966239
100 1.00952794
101 1.01239850
102 1.00550688
103 1.01082977
104 1.01421036
105 1.01205579
106 1.00703892
107 1.00617744
108 1.00954579
109 1.01525870
110 1.01261862
111 1.01220099
112 1.00751807
113 1.00059002
114 1.00961594
115 0.99546820
116 1.01109107
117 1.00980853
118 1.00965543
119 1.00387299
120 1.01611551
121 1.00677289
122 0.99826038
123 1.01236359
124 1.00622092
125 0.99830663
126 1.00703892
127 1.01475681
128 1.02207249
129 1.02303391
130 1.01349376
131 1.01451492
132 1.01637515
133 1.01396464
134 1.01980483
135 1.01223490
136 1.02221463
137 1.01354390
138 1.01300890
139 1.01615080
140 1.01169920
141 1.01358038
142 1.01727479
143 1.01394930
144 1.01431865
145 1.01183843
146 1.01628660
147 1.01475681
148 1.00953388
149 1.01533540
150 1.01854733
151 1.00611190
152 1.01530925
153 1.00744144
154 1.00208799
155 1.00459657
156 1.01552402
157 1.00057779
158 1.01027498
159 1.00453082
160 0.99903479
161 1.00718050
162 1.00836245
163 1.00031730
164 1.00786918
165 0.99987062
166 1.00962468
167 1.00279288
168 1.00953388
169 1.01896504
170 1.00473930
171 1.01383750
172 1.00028747
173 1.01364406
174 1.01314810
175 1.00926024
176 1.00782163
177 1.01750523
178 1.00724613
179 1.00820905
180 1.01768578
181 1.00615556
182 1.01029181
183 1.01580779
184 1.01126104
185 1.01071909
186 1.00662197
187 1.01724409
188 1.00881654
189 1.01896504
190 1.01543979
191 1.01577117
192 1.01738436
193 1.01058872
194 1.02205590
195 1.01368599
196 1.00918836
197 1.01769465
198 1.01524809
199 1.02382609
200 1.00626202
201 1.01541575
202 1.00706308
203 1.02509918
204 1.01675044
205 1.01157662
206 1.01291949
207 1.00734059
208 1.01823489
209 1.00700187
210 1.01543979
211 1.00292680
212 1.00691613
213 1.01204757
214 1.01449282
215 1.01110208
216 1.00836145
217 1.01226710
218 1.00559637
219 1.00644473
220 1.00283581
221 1.01227873
222 1.00608810
223 1.00177527
224 1.00655302
225 1.01128173
226 1.01856730
227 1.00717091
228 1.01539979
229 1.00701405
230 1.01223451
231 1.00292680
232 0.96367039
233 0.96692828
234 0.98417433
235 0.98305765
236 0.98331263
237 0.99425922
238 0.99279022
239 0.99952567
240 1.00096760
241 1.00595328
242 1.00735573
243 0.99797286
244 0.99978115
245 1.00186925
246 1.00058213
247 0.99281771
248 0.99695809
249 0.98588605
250 0.97985836
251 0.97243189
252 0.96367039
253 0.95512381
254 0.97290877
255 0.98513298
256 0.98084638
257 0.98634565
258 0.99319673
259 0.98507575
260 0.99864542
261 0.99288406
262 0.98984945
263 1.00067241
264 0.99783149
265 0.99920861
266 0.99973933
267 0.99198606
268 0.99848868
269 0.99101478
270 0.98814124
271 0.98011668
272 0.97231518
273 0.95512381
274 1.01564314
275 1.01301218
276 1.01791021
277 1.01884917
278 1.01263553
279 1.01425943
280 1.01953214
281 1.01480072
282 1.01629535
283 1.01709613
284 1.01012740
285 1.02555538
286 1.02169760
287 1.01729022
288 1.02181375
289 1.01442355
290 1.00759649
291 1.01626645
292 1.01589001
293 1.01471940
294 1.01564314
295 1.00734043
296 1.01162726
297 1.01253065
298 1.01265471
299 1.00531407
300 1.00870486
301 1.02604402
302 1.01168385
303 1.01361923
304 1.01844549
305 1.01137346
306 1.01453796
307 1.01287228
308 1.01401977
309 1.00780021
310 1.00655835
311 1.02077244
312 1.01584109
313 1.00715128
314 1.00540730
315 1.00734043
316 1.01190249
317 1.02582462
318 1.02456920
319 1.01980241
320 1.01335710
321 1.02012441
322 1.02041232
323 1.01946190
324 1.01266409
325 1.01265433
326 1.01506115
327 1.01854262
328 1.01605724
329 1.01230445
330 1.01243557
331 1.00811659
332 1.01154648
333 1.01147122
334 1.01807249
335 1.00870431
336 1.01190249
337 1.00587911
338 1.00246519
339 1.00637850
340 1.00288141
341 1.01267323
342 0.99651995
343 1.00547097
344 1.00558799
345 1.00885643
346 1.00507120
347 0.99970607
348 1.01029668
349 0.99865250
350 1.00762356
351 1.00681729
352 1.01316256
353 1.01376339
354 1.00467487
355 1.01469575
356 1.00931902
357 1.00587911
358 1.01700951
359 1.01658772
360 1.01308893
361 1.01351096
362 1.02039688
363 1.00513320
364 1.01607262
365 1.01756320
366 1.01817599
367 1.01763814
368 1.01981446
369 1.00910146
370 1.01483523
371 1.00693221
372 1.01905534
373 1.02239236
374 1.01809021
375 1.00997463
376 1.02104832
377 1.01650858
378 1.01700951
379 1.01770409
380 1.02037526
381 1.01270777
382 1.02312217
383 1.01038469
384 1.01561491
385 1.00961732
386 1.02504626
387 1.01673910
388 1.01694585
389 1.01169049
390 1.01112554
391 1.01127946
392 1.01106680
393 1.00876910
394 1.00830555
395 1.01026742
396 1.01286177
397 1.00921733
398 1.00672135
399 1.01770409
400 1.02560515
401 1.00898508
402 1.00716746
403 1.02023366
404 1.01189800
405 1.01168965
406 1.01849966
407 1.01109108
408 1.01934823
409 1.00610796
410 1.02065239
411 1.01522385
412 1.01842871
413 1.01708840
414 1.00441292
415 1.01538838
416 1.02178029
417 1.01750159
418 1.01417681
419 1.01609686
420 1.02560515
421 1.00925488
422 1.01243140
423 1.01080614
424 1.01166711
425 1.00707205
426 1.01350527
427 1.01008357
428 1.01288399
429 1.01241014
430 1.01494470
431 1.00285891
432 1.01208451
433 1.01638818
434 1.01025746
435 1.02602006
436 1.01647082
437 1.01508507
438 1.01902696
439 1.02079977
440 1.01154499
441 1.00925488
442 1.01214394
443 1.01510597
444 1.01755162
445 1.00684682
446 1.01419945
447 1.01524758
448 1.01278086
449 1.01123113
450 1.01898633
451 1.01937597
452 1.01478693
453 1.01371760
454 1.01409073
455 1.01344576
456 1.01562477
457 1.01435552
458 1.00398941
459 1.01764972
460 1.00789189
461 1.00879623
462 1.01214394
463 0.99999091
464 0.99529252
465 1.00309072
466 1.00194251
467 0.99998576
468 0.99593541
469 1.00902552
470 1.00004240
471 1.00090902
472 1.00317914
473 0.99527759
474 0.99860793
475 1.00598795
476 1.00788751
477 1.00439270
478 1.00075199
479 1.00092240
480 1.00568000
481 1.01028527
482 1.00207438
483 0.99999091
484 1.00220808
485 1.00069130
486 1.01580624
487 1.01447414
488 1.01349227
489 1.01485055
490 1.01344021
491 1.01680103
492 1.01504898
493 1.03058752
494 1.02175552
495 1.01338218
496 1.01349554
497 1.01312009
498 1.01682018
499 1.00897782
500 1.01967485
501 1.01823573
502 1.01831386
503 1.01841727
504 1.00220808
505 1.01005044
506 0.99886126
507 1.01588567
508 1.01046864
509 1.01757899
510 1.01053062
511 1.01491317
512 1.01033569
513 1.00739177
514 1.00918613
515 1.02301390
516 1.00530436
517 1.01650699
518 1.00405320
519 1.01615206
520 1.00120849
521 1.01143529
522 1.00438841
523 1.01176681
524 1.01133154
525 1.01005044
526 1.00873169
527 1.00386697
528 1.01204431
529 1.00957308
530 1.01548656
531 1.01307220
532 0.99928373
533 1.00419853
534 1.01024846
535 1.00851334
536 1.01402378
537 1.00310039
538 1.01272520
539 1.00906419
540 1.01254326
541 1.01538673
542 1.00898178
543 1.01559378
544 1.00972572
545 1.00535777
546 1.00873169
547 1.00795684
548 1.01413441
549 1.01129575
550 1.00846662
551 1.01779197
552 1.01157663
553 1.01377764
554 1.01112103
555 1.00946640
556 1.00975440
557 1.01219587
558 1.01529253
559 1.00806940
560 1.01144335
561 1.01062907
562 1.00744565
563 1.00050034
564 1.00260873
565 1.01839413
566 1.01482293
567 1.00795684
568 0.99703835
569 1.00117582
570 1.00425860
571 1.00366140
572 1.00901761
573 1.00571861
574 1.00398350
575 0.99989449
576 1.00042327
577 1.01096546
578 1.00281905
579 0.99832921
580 1.00370206
581 1.00375188
582 1.00422175
583 1.00231664
584 1.00289786
585 1.00265133
586 1.00067579
587 1.00833984
588 0.99703835
589 1.00106258
590 1.00609163
591 0.99204858
592 0.99901754
593 1.00803017
594 0.99816125
595 1.00495153
596 1.00841452
597 1.00215874
598 1.00563386
599 1.00064766
600 1.00363863
601 1.00312424
602 1.00120447
603 1.00786993
604 1.00559559
605 1.00120200
606 1.00557845
607 1.00214565
608 1.01308632
609 1.00106258
610 1.02015211
611 1.01255298
612 1.00988469
613 1.01436241
614 1.01469053
615 1.02164157
616 1.00776837
617 1.01919822
618 1.00790607
619 1.01334439
620 1.01649054
621 1.01706471
622 1.01239962
623 1.01014198
624 1.01681103
625 1.02501848
626 1.02133618
627 1.01394248
628 1.01601451
629 1.01268067
630 1.02015211
631 1.00824482
632 1.01243356
633 1.00657604
634 1.01435124
635 1.01091414
636 1.01603071
637 1.01834686
638 1.01331204
639 1.01084138
640 1.01156784
641 1.01345930
642 1.00751755
643 1.00153099
644 1.02239889
645 1.01961020
646 1.00814515
647 1.01271080
648 1.00095286
649 1.02036241
650 1.01502440
651 1.00824482
652 1.01507722
653 1.01174768
654 1.01254550
655 1.01388937
656 1.02929791
657 1.00522848
658 1.02129030
659 1.01510158
660 1.01413049
661 1.00957231
662 1.01022107
663 1.01081317
664 1.00485460
665 1.01480303
666 1.01804670
667 1.01156034
668 1.01606223
669 1.01690359
670 1.00784085
671 1.02228719
672 1.01507722
673 1.00118153
674 1.00874886
675 1.00188646
676 1.00651210
677 1.01084970
678 1.01079968
679 1.00846306
680 0.99664409
681 0.99083207
682 1.00030807
683 1.00614501
684 1.00878819
685 1.01697596
686 0.99883376
687 1.00099112
688 0.99980693
689 1.01010921
690 1.00186028
691 1.01048361
692 0.99479361
693 1.00118153
694 1.00641777
695 1.00081978
696 1.01133553
697 1.01069001
698 1.00851373
699 1.00211893
700 1.00790145
701 1.00120807
702 1.01081707
703 1.00875852
704 1.00917012
705 1.00502226
706 1.01112825
707 1.00266317
708 1.00178752
709 1.01168338
710 1.01703095
711 1.00922827
712 1.00537038
713 1.01357303
714 1.00641777
715 1.01970138
716 1.00944451
717 1.01374188
718 1.01834193
719 1.02261811
720 1.01967363
721 1.01389737
722 1.02318509
723 1.01375903
724 1.01806341
725 1.00756934
726 1.01552419
727 1.01488879
728 1.01171238
729 1.01120980
730 1.02214389
731 1.01318336
732 1.02284841
733 1.01782199
734 1.01695717
735 1.01970138
736 1.00882503
737 1.01470389
738 1.01832012
739 1.01105758
740 1.00757875
741 1.00651109
742 1.01460160
743 1.01259619
744 1.00805346
745 1.00487001
746 1.00880456
747 1.02408560
748 1.01574745
749 1.01503052
750 1.01432801
751 1.00807861
752 1.01283664
753 1.02203160
754 1.01404724
755 1.01447117
756 1.00882503
757 1.01749395
758 1.01202820
759 1.01256603
760 1.02288336
761 1.01376161
762 1.00886760
763 1.01738111
764 1.00352643
765 1.02166097
766 1.00962161
767 1.01338315
768 1.00938151
769 1.00933047
770 1.02169292
771 1.01392309
772 1.01660865
773 1.01443970
774 1.01093638
775 1.00356212
776 1.00335058
777 1.01749395
778 1.02567870
779 1.02615304
780 1.02142491
781 1.02310551
782 1.01432376
783 1.02093029
784 1.02305372
785 1.01892582
786 1.01561294
787 1.01859121
788 1.01187949
789 1.01674033
790 1.01765927
791 1.02338555
792 1.02691289
793 1.01529737
794 1.02349595
795 1.01950926
796 1.01234989
797 1.02132773
798 1.02567870
799 1.01198878
800 1.02605877
801 1.01839949
802 1.01788274
803 1.01944589
804 1.02393729
805 1.02003197
806 1.01527416
807 1.01946124
808 1.01715690
809 1.02875787
810 1.00867559
811 1.01443302
812 1.01108450
813 1.01938771
814 1.02160008
815 1.02009693
816 1.00723166
817 1.01621785
818 1.01920285
819 1.01198878
820 1.00479362
821 1.00590330
822 0.98498733
823 0.99933024
824 0.99324524
825 0.99722259
826 0.99442783
827 0.99903290
828 1.00222125
829 1.00109307
830 1.00272795
831 1.00963613
832 1.00108070
833 1.00686232
834 1.00339282
835 0.99690765
836 1.00273259
837 1.00746335
838 1.00594036
839 1.00182026
840 1.00479362
841 1.01231545
842 0.99961472
843 1.01775626
844 1.01025857
845 1.00940943
846 1.01224153
847 1.01094174
848 1.01515133
849 1.00487832
850 1.01752482
851 1.01022436
852 1.01130325
853 1.00431372
854 1.01557096
855 1.01918023
856 1.02209704
857 1.02170090
858 1.02326537
859 1.00987604
860 1.01962504
861 1.01231545
862 1.01086056
863 1.01086270
864 1.01729991
865 1.01042403
866 1.02535663
867 1.01515216
868 1.02611070
869 1.02038503
870 1.01411338
871 1.00720196
872 1.01621327
873 1.01458966
874 1.01425461
875 1.02041123
876 1.02684624
877 1.01522212
878 1.02124822
879 1.01155337
880 1.01346927
881 1.01506572
882 1.01086056
883 1.01159303
884 1.00963782
885 1.00087597
886 1.00743874
887 1.00951584
888 1.01441651
889 1.01310752
890 1.01266298
891 1.00982323
892 1.00185941
893 1.01315233
894 1.01991849
895 1.00781657
896 1.00921281
897 1.01522866
898 1.01617947
899 1.01318216
900 1.01652988
901 1.00718020
902 1.00799661
903 1.01159303
904 1.01464517
905 1.01324055
906 1.01918279
907 1.01434865
908 1.01372857
909 1.01815027
910 1.02163194
911 1.02173463
912 1.01736721
913 1.01080918
914 1.02017264
915 1.02222739
916 1.01486901
917 1.01413486
918 1.01859786
919 1.00746462
920 1.02364837
921 1.02242049
922 1.02532117
923 1.01536173
924 1.01464517
925 1.01991076
926 1.00109571
927 1.01282497
928 1.00913449
929 1.01753464
930 1.01260068
931 1.01510003
932 1.01643387
933 1.01935296
934 1.01651182
935 1.01294573
936 1.02087903
937 1.01618423
938 1.02349907
939 1.01496710
940 1.01438890
941 1.00875709
942 1.01234811
943 1.01032357
944 1.01372830
945 1.01991076
946 1.00465823
947 1.00005626
948 1.00523663
949 1.01507912
950 1.01844866
951 1.00813200
952 1.01181142
953 1.01382931
954 1.00262427
955 1.00905573
956 1.01764725
957 1.00999315
958 1.01147405
959 1.00838012
960 1.01120575
961 1.00829282
962 1.00974016
963 1.00799199
964 1.00736879
965 1.01665253
966 1.00465823
967 1.01262218
968 1.01530642
969 1.00711364
970 1.01042746
971 1.00845649
972 1.01526281
973 1.01395240
974 1.01640696
975 1.00924370
976 1.00573867
977 1.00771579
978 1.01182779
979 1.01011946
980 1.00760205
981 1.00472939
982 1.01421778
983 1.01195879
984 1.01047066
985 1.00272682
986 1.01616362
987 1.01262218
988 1.00318223
989 1.00880438
990 1.00776994
991 1.01292216
992 1.01380052
993 1.01956506
994 1.01901439
995 1.00772428
996 1.01631830
997 1.01767042
998 1.01594379
999 1.02005470
1000 1.01274690
1001 1.01527845
1002 1.01421965
1003 1.01123757
1004 1.01503194
1005 1.01097257
1006 1.01340085
1007 1.02148213
1008 1.00318223
1009 0.99581356
1010 1.00649356
1011 0.99661405
1012 1.00567405
1013 1.01179174
1014 1.00789752
1015 0.99185234
1016 1.00175038
1017 1.00052391
1018 1.01039944
1019 1.00976941
1020 0.99942437
1021 0.99849561
1022 1.00306704
1023 1.00482346
1024 1.00754478
1025 0.99562044
1026 1.00220955
1027 1.00324276
1028 1.00840325
1029 0.99581356
1030 1.01341375
1031 1.01707198
1032 1.01518883
1033 1.00836923
1034 1.00969992
1035 1.01300049
1036 1.00899667
1037 1.02202891
1038 1.01625528
1039 1.01865108
1040 1.01188360
1041 1.01014317
1042 1.01450051
1043 1.01484628
1044 1.01721329
1045 1.01201649
1046 1.01371998
1047 1.01291861
1048 1.01330850
1049 1.01264312
1050 1.01341375
1051 1.00599050
1052 1.00630167
1053 0.99933227
1054 1.01149304
1055 1.00426531
1056 1.01297177
1057 1.01304399
1058 1.01945951
1059 1.01919323
1060 1.00640038
1061 1.00843372
1062 1.00332231
1063 1.00576983
1064 1.00485530
1065 1.00560450
1066 1.00697956
1067 1.01196289
1068 1.01020594
1069 1.00426244
1070 1.01772314
1071 1.00599050
1072 1.00880238
1073 1.00471393
1074 1.01221515
1075 1.01704562
1076 1.00687291
1077 1.01323547
1078 1.00688895
1079 1.00434310
1080 1.00344140
1081 1.00132027
1082 1.00979571
1083 1.01292384
1084 1.01273570
1085 1.00891339
1086 1.00572553
1087 1.01197963
1088 1.00125319
1089 1.01242508
1090 1.01444591
1091 1.00593031
1092 1.00880238
1093 1.01041365
1094 1.00992225
1095 1.00817792
1096 1.01203180
1097 1.00968833
1098 1.01612272
1099 1.01455336
1100 1.00753079
1101 1.01059147
1102 1.00717357
1103 1.00845011
1104 1.01466733
1105 1.01174845
1106 1.00634269
1107 1.01627444
1108 1.01138559
1109 1.01204255
1110 1.01641435
1111 1.01253290
1112 1.01245790
1113 1.01041365
1114 1.02205366
1115 1.01653620
1116 1.01707832
1117 1.02460281
1118 1.02272376
1119 1.01707399
1120 1.01545257
1121 1.01949330
1122 1.01350765
1123 1.01844826
1124 1.01949400
1125 1.02176306
1126 1.01331783
1127 1.01112801
1128 1.02073469
1129 1.01146397
1130 1.01827318
1131 1.02716658
1132 1.02635536
1133 1.01832883
1134 1.02205366
1135 1.00954801
1136 1.00550206
1137 1.00925794
1138 0.99673111
1139 1.00302470
1140 1.00776809
1141 1.00393055
1142 1.00596946
1143 1.00293210
1144 1.00500662
1145 1.01205193
1146 1.01038083
1147 0.99668840
1148 1.00715947
1149 1.00673923
1150 1.00762165
1151 1.00044469
1152 1.00201916
1153 0.99804891
1154 0.99987540
1155 1.00954801
1156 1.00830086
1157 1.00731760
1158 1.01009459
1159 1.01168312
1160 1.01002785
1161 0.99736666
1162 1.00797972
1163 1.00469217
1164 1.00420104
1165 1.00547950
1166 1.01250584
1167 1.00497488
1168 1.01504015
1169 1.00727286
1170 1.00490453
1171 1.00930379
1172 1.01045725
1173 1.00905498
1174 1.00854611
1175 1.01440185
1176 1.00830086
1177 1.00661795
1178 1.01295024
1179 1.00259370
1180 1.01091193
1181 0.99876295
1182 1.01275083
1183 1.01335422
1184 1.00575288
1185 1.00548193
1186 1.01913996
1187 1.00860782
1188 1.01273778
1189 1.01408733
1190 1.01170809
1191 1.00402202
1192 1.01118822
1193 1.01313373
1194 1.00618538
1195 1.01208772
1196 1.01100382
1197 1.00661795
1198 1.00957490
1199 1.01295065
1200 1.01730993
1201 1.01369329
1202 1.01284755
1203 1.01642455
1204 1.00897156
1205 1.01573245
1206 1.01897858
1207 1.01280637
1208 1.01369695
1209 1.00939632
1210 1.01391891
1211 1.01439295
1212 1.00481636
1213 1.01379141
1214 1.01686628
1215 1.01791538
1216 1.01240006
1217 1.00769891
1218 1.00957490
1219 1.02006066
1220 1.02424170
1221 1.02296057
1222 1.01699459
1223 1.01768038
1224 1.01389634
1225 1.01908722
1226 1.01601288
1227 1.02719854
1228 1.02584444
1229 1.01726217
1230 1.02198747
1231 1.01919125
1232 1.01962989
1233 1.01882973
1234 1.01989029
1235 1.01866976
1236 1.01733459
1237 1.02361341
1238 1.01102707
1239 1.02006066
1240 0.99566249
1241 1.00770264
1242 1.00774386
1243 1.00452350
1244 1.00510352
1245 1.01535160
1246 1.01198827
1247 1.00239634
1248 1.00927690
1249 1.00412530
1250 1.01118976
1251 1.02022105
1252 1.01472779
1253 0.99666383
1254 1.01211655
1255 1.00828227
1256 1.00908186
1257 1.00949955
1258 1.01584347
1259 1.00268254
1260 0.99566249
1261 1.00982561
1262 1.02442875
1263 1.01105376
1264 1.00246707
1265 1.01092909
1266 1.01700146
1267 1.01482844
1268 1.01553956
1269 1.01786331
1270 1.00464977
1271 1.01454405
1272 1.01193764
1273 1.00112039
1274 1.01159105
1275 1.01326996
1276 1.01598649
1277 1.01349067
1278 1.00147701
1279 1.01033967
1280 1.01322059
1281 1.00982561
1282 1.01195057
1283 1.01757657
1284 1.01270136
1285 1.01153718
1286 1.01649174
1287 1.00732084
1288 1.00991960
1289 1.01409625
1290 1.00668983
1291 1.01338005
1292 1.01719995
1293 1.01686223
1294 1.00899801
1295 1.01513389
1296 1.01262611
1297 1.01090833
1298 1.01058080
1299 1.00952687
1300 1.01631850
1301 1.01475131
1302 1.01195057
1303 1.00602112
1304 1.01465451
1305 1.01651629
1306 1.00057067
1307 1.01542831
1308 1.01884885
1309 1.01141700
1310 1.01398955
1311 1.01173065
1312 1.01183067
1313 1.00922793
1314 1.01379660
1315 1.01014464
1316 1.00779054
1317 1.00560054
1318 1.00152643
1319 1.00574162
1320 1.01135332
1321 1.00909313
1322 1.00211419
1323 1.00602112
1324 1.00762734
1325 1.00956106
1326 1.01753401
1327 1.01087824
1328 1.01092090
1329 0.99958936
1330 1.01073002
1331 1.01904172
1332 1.01443024
1333 1.01278625
1334 1.01534843
1335 1.01377702
1336 1.00702852
1337 1.01238915
1338 1.00751146
1339 1.00437998
1340 1.00289004
1341 1.01526908
1342 1.00966406
1343 1.01675104
1344 1.00762734
1345 1.01395803
1346 1.02279265
1347 1.01150736
1348 1.01499909
1349 1.01545557
1350 1.01983671
1351 1.01365306
1352 1.01164476
1353 1.01983579
1354 1.01463507
1355 1.01081757
1356 1.02907223
1357 1.00818770
1358 1.01619568
1359 1.02213649
1360 1.01433813
1361 1.01426350
1362 1.02183679
1363 1.02429909
1364 1.01745045
1365 1.01395803
1366 1.01316818
1367 1.00629213
1368 1.00380056
1369 1.00435742
1370 1.00365301
1371 1.01528776
1372 1.00212191
1373 1.00757356
1374 1.00225736
1375 1.00676624
1376 0.99969184
1377 1.01072488
1378 1.00200422
1379 1.01477950
1380 1.01414825
1381 1.00494043
1382 0.99951934
1383 1.01153833
1384 1.00951231
1385 1.01286559
1386 1.01316818
1387 1.00815738
1388 1.01072824
1389 1.02709078
1390 1.01727937
1391 1.00495644
1392 1.00397118
1393 1.01104764
1394 1.00039150
1395 1.00341677
1396 1.00907136
1397 1.00806671
1398 1.00967574
1399 1.00034813
1400 1.01564872
1401 1.01213846
1402 1.00977638
1403 1.00668343
1404 1.00408874
1405 1.00379463
1406 1.01535351
1407 1.00815738
1408 1.00552483
1409 1.00081780
1410 1.01550154
1411 1.01016811
1412 0.99540876
1413 1.01763148
1414 0.99823621
1415 1.01279221
1416 1.01840562
1417 1.01153436
1418 1.00460362
1419 1.00245820
1420 1.01478147
1421 1.00477205
1422 1.00909227
1423 1.00431988
1424 1.00847600
1425 1.00121213
1426 0.99679366
1427 1.00615565
1428 1.00552483
1429 1.01560346
1430 1.01112943
1431 1.01720031
1432 0.99420813
1433 1.00588084
1434 1.00779435
1435 1.01261342
1436 1.01501419
1437 1.01701434
1438 1.01150373
1439 1.00584528
1440 1.00898763
1441 1.00679658
1442 1.00635779
1443 1.00398171
1444 1.01494675
1445 1.01913163
1446 1.01219386
1447 1.01545459
1448 1.00609177
1449 1.01560346
1450 0.99957130
1451 1.01188038
1452 1.00971503
1453 0.99821139
1454 0.99474718
1455 0.99741181
1456 1.01343700
1457 0.99531785
1458 1.01177629
1459 1.00877086
1460 1.01702913
1461 1.00578725
1462 1.00065214
1463 1.01372224
1464 1.00124255
1465 1.01451880
1466 0.99776852
1467 1.00104889
1468 1.00367181
1469 1.01023872
1470 0.99957130
1471 1.00787534
1472 1.01394469
1473 1.01600301
1474 1.01937112
1475 1.02059297
1476 1.01375257
1477 1.01653805
1478 1.00731669
1479 1.02283279
1480 1.02138797
1481 1.01879162
1482 1.01799718
1483 1.00773172
1484 1.01824115
1485 1.01273595
1486 1.02786119
1487 1.00821213
1488 1.00778887
1489 1.02143437
1490 1.01157886
1491 1.00787534
1492 0.99834508
1493 1.00525836
1494 0.99637637
1495 1.01175214
1496 1.00648730
1497 1.01519555
1498 1.00672976
1499 0.99601520
1500 1.00725231
1501 1.00557655
1502 1.00833679
1503 1.00728781
1504 1.00720990
1505 1.00148675
1506 1.00309595
1507 1.00237869
1508 0.99756614
1509 1.00243203
1510 1.00613833
1511 1.00444044
1512 0.99834508
1513 1.01242624
1514 1.00700920
1515 1.01171294
1516 1.00649631
1517 1.00869667
1518 1.00863266
1519 1.01083220
1520 0.99998204
1521 1.00851034
1522 1.00496653
1523 1.00600331
1524 1.01910022
1525 1.00072082
1526 1.00584231
1527 1.01496508
1528 1.01877185
1529 1.01023591
1530 1.00896758
1531 1.01041914
1532 1.01601750
1533 1.01242624
1534 1.01404479
1535 1.01052460
1536 1.02032406
1537 1.01296059
1538 1.01739551
1539 1.00806983
1540 1.01451736
1541 1.00750974
1542 1.01046403
1543 1.00735745
1544 1.01497179
1545 1.01487563
1546 1.00658531
1547 1.01593728
1548 1.00827052
1549 1.01310824
1550 1.01255106
1551 1.00965920
1552 1.01469556
1553 1.00901130
1554 1.01404479
1555 1.01849638
1556 1.01306041
1557 1.01041396
1558 1.01007846
1559 1.01669973
1560 1.01018862
1561 1.01632410
1562 1.01085678
1563 1.01164478
1564 1.01390835
1565 1.01044465
1566 1.01972759
1567 1.01615610
1568 1.02164197
1569 1.01414953
1570 1.01378918
1571 1.01163380
1572 1.01656062
1573 1.01272019
1574 1.01712702
1575 1.01849638
1576 1.00887830
1577 1.02046911
1578 1.01448081
1579 1.01421745
1580 1.00319025
1581 1.01212612
1582 1.01294198
1583 1.01062993
1584 1.00584223
1585 1.00196883
1586 1.00885901
1587 1.00050127
1588 1.01305035
1589 1.00865573
1590 1.01171248
1591 1.01588360
1592 1.00893095
1593 1.01017978
1594 1.00256263
1595 1.00725862
1596 1.00887830
1597 1.00088992
1598 1.01461000
1599 0.99999218
1600 1.00049147
1601 1.00835121
1602 1.00764044
1603 1.01299886
1604 1.00929681
1605 1.00590523
1606 1.00514046
1607 1.00443538
1608 0.99833691
1609 1.00518399
1610 1.00007169
1611 1.00342843
1612 0.99914345
1613 1.00515212
1614 1.00529098
1615 1.00455789
1616 1.00527494
1617 1.00088992
1618 1.01909176
1619 1.01966112
1620 1.01907391
1621 1.01421194
1622 1.01223276
1623 1.02032830
1624 1.02088723
1625 1.01708769
1626 1.01264095
1627 1.02204634
1628 1.01117915
1629 1.02292431
1630 1.02110350
1631 1.01357356
1632 1.01743925
1633 1.01524587
1634 1.01171681
1635 1.01190293
1636 1.01443609
1637 1.01585120
1638 1.01909176
1639 1.01799319
1640 1.02418778
1641 1.01396898
1642 1.01592250
1643 1.02127177
1644 1.01849008
1645 1.01162690
1646 1.01731508
1647 1.01317594
1648 1.00938163
1649 1.02152936
1650 1.02081430
1651 1.01267989
1652 1.00936138
1653 1.02028803
1654 1.01344370
1655 1.01188326
1656 1.01743708
1657 1.02184258
1658 1.01292139
1659 1.01799319
1660 1.02028360
1661 1.01194348
1662 1.01303237
1663 1.02357228
1664 1.01046746
1665 1.02607904
1666 1.01126881
1667 1.01468127
1668 1.01361853
1669 1.01220036
1670 1.01912175
1671 1.01462418
1672 1.01464661
1673 1.02174106
1674 1.01640587
1675 1.01156523
1676 1.01270425
1677 1.01518236
1678 1.01334240
1679 1.00484392
1680 1.02028360
1681 1.00826928
1682 1.00556500
1683 1.01099744
1684 1.01082622
1685 1.00891215
1686 1.00634467
1687 1.00847515
1688 1.00914785
1689 0.99977952
1690 1.00039127
1691 1.00424995
1692 1.00174399
1693 1.00256011
1694 1.00780427
1695 1.01099033
1696 1.00405909
1697 0.99461429
1698 1.00133506
1699 0.99682995
1700 1.01318679
1701 1.00826928
1702 1.01358644
1703 1.01105306
1704 1.01461772
1705 1.00868323
1706 1.01420105
1707 1.00620811
1708 1.00007970
1709 1.01117068
1710 1.01525141
1711 0.99720110
1712 1.01059544
1713 1.01156996
1714 1.00716019
1715 1.01269633
1716 1.01430345
1717 1.00721434
1718 0.99991866
1719 1.01393986
1720 1.00912958
1721 1.01314177
1722 1.01358644
1723 1.02052436
1724 1.02442645
1725 1.01942883
1726 1.01572939
1727 1.01493686
1728 1.02147671
1729 1.01177406
1730 1.02486798
1731 1.00817863
1732 1.01051397
1733 1.01054899
1734 1.01261591
1735 1.01317735
1736 1.01206736
1737 1.01047192
1738 1.01607280
1739 1.01430154
1740 1.01959271
1741 1.01606546
1742 1.01938460
1743 1.02052436
1744 0.99830216
1745 1.01710226
1746 1.00868275
1747 1.00414800
1748 1.02210203
1749 1.00883632
1750 1.00880646
1751 1.00977518
1752 1.01221557
1753 1.00751245
1754 1.01381009
1755 1.01302857
1756 1.00467819
1757 1.00703771
1758 1.00553695
1759 1.01025817
1760 1.00486720
1761 1.01025509
1762 1.00936309
1763 1.01131331
1764 0.99830216
1765 1.02107155
1766 1.01429636
1767 1.01492038
1768 1.01614880
1769 1.01969707
1770 1.01711449
1771 1.00680277
1772 1.01435645
1773 1.00608216
1774 1.00922514
1775 1.00544487
1776 1.01609674
1777 1.01151877
1778 1.00545881
1779 1.00861605
1780 1.01934050
1781 1.02076386
1782 1.00722342
1783 1.01723275
1784 1.01152979
1785 1.02107155
1786 1.00633300
1787 1.00143856
1788 1.00360318
1789 1.01258571
1790 1.00666531
1791 1.00731975
1792 1.00717723
1793 1.00855661
1794 1.00657567
1795 1.01876526
1796 1.01014011
1797 0.99237415
1798 1.00531148
1799 1.00657012
1800 1.00531517
1801 1.00471981
1802 1.01193495
1803 1.00776619
1804 1.01687953
1805 1.01015402
1806 1.00633300
1807 1.01626935
1808 1.01557442
1809 1.01116331
1810 1.01549906
1811 1.01348713
1812 1.01708363
1813 1.01929042
1814 1.02279661
1815 1.01403524
1816 1.01286674
1817 1.01623417
1818 1.00838467
1819 1.01623801
1820 1.01589512
1821 1.01147133
1822 1.01661319
1823 1.01432691
1824 1.01199453
1825 1.02220933
1826 1.00423234
1827 1.01626935
1828 1.00211468
1829 1.00494225
1830 1.00768235
1831 1.01142307
1832 1.00015700
1833 1.01427121
1834 1.01275006
1835 1.00546460
1836 1.00893710
1837 1.00772829
1838 1.00026764
1839 1.00426290
1840 0.99918428
1841 1.01788252
1842 1.00438420
1843 1.00899666
1844 1.00025337
1845 1.00033103
1846 1.00878616
1847 1.00485198
1848 1.00211468
1849 1.00305686
1850 1.01460092
1851 1.01678959
1852 1.00401814
1853 1.00715614
1854 1.01177327
1855 1.01153013
1856 1.00453344
1857 1.00986756
1858 1.01546907
1859 1.00671695
1860 1.01743103
1861 1.00772206
1862 1.01296448
1863 1.00685502
1864 1.01098918
1865 1.00325703
1866 1.00844962
1867 1.01043814
1868 1.00568572
1869 1.00305686
1870 1.01119008
1871 1.02036784
1872 1.00654240
1873 1.01168861
1874 1.00433194
1875 1.01424787
1876 1.01281630
1877 1.01733282
1878 1.00101975
1879 1.00406478
1880 1.00501727
1881 1.01706892
1882 1.00363867
1883 0.99653949
1884 0.99911224
1885 1.01388958
1886 1.00805110
1887 1.00356125
1888 1.00727855
1889 1.00777104
1890 1.01119008
1891 1.00829425
1892 1.00048283
1893 1.01075788
1894 1.01055524
1895 1.00656600
1896 1.01066804
1897 1.01403201
1898 1.00772228
1899 1.01298523
1900 1.00102754
1901 0.99909781
1902 1.01045402
1903 0.99784402
1904 1.00411611
1905 1.00593773
1906 1.01315336
1907 1.00770454
1908 1.00785641
1909 1.01130455
1910 1.00812428
1911 1.00829425
1912 1.00244679
1913 1.01037219
1914 1.01228573
1915 1.00776545
1916 1.00251139
1917 1.01705219
1918 1.00006437
1919 1.01120011
1920 1.00352992
1921 1.00288407
1922 1.01046087
1923 1.00996813
1924 1.00621702
1925 1.00829572
1926 1.01095446
1927 1.01077973
1928 1.01502393
1929 1.01982758
1930 1.00989277
1931 1.01443481
1932 1.00244679
1933 1.01916456
1934 1.02457389
1935 1.00765646
1936 1.01685279
1937 1.02539022
1938 1.01582589
1939 1.01675452
1940 1.01704641
1941 1.01959281
1942 1.01803098
1943 1.01616798
1944 1.02203768
1945 1.01191734
1946 1.02743018
1947 1.02260290
1948 1.02102312
1949 1.01384592
1950 1.02025245
1951 1.01664061
1952 1.02010140
1953 1.01916456
1954 1.00522405
1955 1.01656950
1956 1.00440719
1957 0.99950869
1958 1.00745580
1959 1.01007600
1960 1.02037193
1961 1.01262655
1962 1.01360221
1963 1.01205674
1964 1.01279203
1965 1.00677849
1966 1.01717640
1967 1.01382987
1968 1.00909821
1969 1.01527850
1970 1.01220323
1971 1.01520078
1972 1.01001699
1973 1.01179631
1974 1.00522405
1975 1.00635086
1976 1.00795629
1977 1.00898712
1978 1.01294875
1979 1.00616357
1980 1.01229721
1981 0.99931625
1982 1.00891664
1983 1.01763397
1984 1.01682148
1985 1.00206026
1986 1.01230525
1987 1.01512478
1988 1.00456816
1989 1.01338525
1990 1.01424738
1991 1.00817585
1992 1.00970064
1993 1.00692959
1994 1.01457432
1995 1.00635086
1996 1.01193362
1997 1.01057401
1998 1.00607667
1999 1.01166246
2000 0.99863195
2001 1.01932982
2002 1.01875946
2003 1.00697343
2004 1.01512650
2005 1.00300954
2006 1.01382848
2007 1.01833381
2008 1.01144800
2009 1.01426990
2010 1.01456943
2011 1.01084013
2012 1.01118771
2013 1.00713673
2014 1.01344121
2015 1.01113040
2016 1.01193362
2017 1.00932029
2018 1.01118045
2019 0.99955480
2020 1.00707497
2021 1.01013489
2022 1.00790251
2023 1.01085752
2024 0.99697934
2025 1.00647168
2026 1.00084106
2027 1.00923605
2028 0.99670290
2029 0.99895846
2030 1.01143018
2031 1.00815036
2032 1.00801899
2033 1.00693130
2034 1.01262790
2035 0.99748688
2036 1.00190713
2037 1.00932029
2038 0.99869091
2039 1.00560832
2040 1.00269718
2041 1.00247416
2042 1.00341999
2043 1.00803590
2044 1.00670764
2045 1.00708692
2046 1.00714894
2047 1.01178465
2048 1.01324746
2049 1.00195514
2050 1.00513118
2051 1.00726495
2052 0.99889630
2053 1.01219141
2054 1.00674775
2055 1.00656402
2056 1.01575438
2057 1.01449136
2058 0.99869091
2059 1.02578026
2060 1.02441988
2061 1.01973921
2062 1.02569482
2063 1.02604322
2064 1.02649047
2065 1.01417487
2066 1.01876199
2067 1.01323955
2068 1.01925109
2069 1.01871491
2070 1.01847196
2071 1.01679909
2072 1.01736486
2073 1.02472452
2074 1.02637103
2075 1.02140539
2076 1.01599739
2077 1.01494192
2078 1.01424243
2079 1.02578026
2080 1.00968851
2081 1.00848755
2082 1.00789403
2083 1.00165524
2084 1.02068030
2085 1.00979142
2086 1.00844816
2087 1.01119046
2088 1.01081770
2089 1.01414895
2090 1.02066022
2091 1.01363089
2092 1.01739205
2093 1.01093441
2094 1.01477223
2095 1.01897633
2096 1.01137722
2097 1.01519260
2098 1.00686426
2099 1.01703537
2100 1.00968851
2101 1.00239124
2102 1.00791865
2103 1.00513360
2104 1.00822563
2105 1.01334052
2106 1.01033766
2107 1.01014908
2108 1.02238526
2109 1.00964878
2110 1.01213776
2111 1.00807619
2112 1.00245264
2113 1.00846254
2114 1.00552558
2115 1.01305871
2116 1.01605006
2117 1.00513557
2118 1.00516847
2119 1.00248998
2120 1.01289795
2121 1.00239124
2122 1.00457790
2123 1.00197073
2124 1.00637128
2125 1.01390406
2126 1.01132056
2127 1.00436069
2128 1.00882613
2129 1.00822949
2130 1.00784853
2131 1.00032829
2132 1.00584696
2133 1.00565946
2134 1.01810617
2135 1.00748169
2136 1.01156362
2137 1.00190040
2138 1.00859923
2139 1.00445623
2140 1.00121654
2141 1.00315820
2142 1.00457790
2143 1.01194616
2144 1.01132255
2145 0.99790259
2146 1.00783962
2147 1.01497874
2148 1.00012648
2149 1.00747902
2150 1.00478392
2151 1.01020392
2152 1.00689055
2153 1.01343752
2154 1.00332373
2155 1.01062003
2156 0.99730447
2157 1.00561201
2158 0.99879319
2159 1.01041083
2160 1.00722053
2161 1.00146484
2162 1.00988894
2163 1.01194616
2164 1.01935834
2165 1.02009436
2166 1.01984341
2167 1.02112215
2168 1.02307558
2169 1.01215343
2170 1.00895931
2171 1.02329324
2172 1.01094895
2173 1.01293753
2174 1.01326410
2175 1.01545036
2176 1.01319631
2177 1.01785151
2178 1.02013380
2179 1.01273046
2180 1.01187861
2181 1.01861485
2182 1.01360342
2183 1.01610403
2184 1.01935834
2185 1.01645653
2186 1.01578065
2187 1.00823775
2188 1.01054379
2189 1.00643568
2190 1.00163877
2191 1.01038037
2192 1.00524365
2193 1.00679760
2194 1.01479803
2195 0.99691256
2196 1.00113273
2197 1.00624937
2198 1.00545331
2199 1.00947603
2200 1.01321725
2201 1.00981398
2202 1.00407388
2203 1.01360666
2204 1.01643110
2205 1.01645653
2206 1.00311323
2207 1.01465219
2208 1.01428433
2209 1.00748528
2210 1.00773423
2211 1.00492782
2212 1.00477674
2213 1.01685631
2214 1.01012268
2215 1.00825220
2216 1.00532807
2217 1.00874728
2218 0.99461648
2219 1.01633070
2220 1.00437058
2221 1.01206741
2222 1.01481803
2223 1.01436319
2224 1.01357673
2225 1.01623257
2226 1.00311323
2227 0.99955212
2228 1.00920731
2229 1.02053027
2230 1.01550044
2231 1.00461527
2232 0.99583688
2233 1.00917648
2234 1.01498957
2235 0.99899693
2236 1.00807901
2237 1.00485518
2238 1.00831132
2239 1.00318882
2240 1.01120181
2241 1.00708496
2242 1.00282859
2243 1.00618995
2244 1.01019855
2245 1.00825556
2246 1.00406214
2247 0.99955212
2248 1.01092500
2249 1.00802265
2250 1.01215833
2251 1.01708724
2252 1.00495680
2253 1.01525207
2254 1.01171007
2255 1.00675398
2256 1.00865234
2257 1.01375560
2258 1.01150111
2259 1.01890465
2260 1.01416687
2261 1.01607863
2262 1.00434677
2263 1.00774214
2264 1.00846132
2265 1.00802528
2266 1.01332486
2267 1.01122500
2268 1.01092500
2269 1.01277631
2270 1.01863425
2271 1.00688693
2272 1.01875912
2273 1.01712682
2274 1.01093233
2275 1.00655037
2276 1.00385846
2277 1.01666417
2278 1.01229575
2279 1.01344281
2280 1.01059767
2281 1.01849067
2282 1.01923284
2283 1.00507305
2284 1.00527008
2285 1.01717899
2286 1.02033627
2287 1.01178530
2288 1.00852321
2289 1.01277631
2290 1.00123877
2291 1.00697266
2292 1.01465891
2293 1.00833537
2294 1.01203325
2295 1.00802439
2296 1.02017739
2297 1.01525950
2298 1.01750854
2299 1.01528681
2300 1.01387452
2301 1.02124797
2302 1.00994786
2303 1.00893514
2304 1.01337761
2305 1.00613642
2306 1.02114269
2307 1.01702435
2308 1.01191892
2309 1.01035692
2310 1.00123877
2311 1.00493586
2312 1.01018077
2313 1.00447996
2314 1.00816460
2315 1.00822757
2316 1.01777610
2317 1.00376438
2318 1.00153261
2319 1.00924225
2320 1.00861122
2321 1.00546504
2322 1.00001812
2323 1.00799700
2324 1.01652358
2325 1.01230438
2326 1.00128784
2327 1.00939298
2328 0.99820581
2329 1.00306978
2330 1.00601615
2331 1.00493586
2332 1.01726525
2333 1.02280785
2334 1.01096826
2335 0.99977928
2336 1.00518864
2337 1.01395680
2338 1.00375519
2339 1.01053059
2340 1.00629416
2341 1.00795997
2342 1.01507516
2343 1.01266909
2344 1.01497822
2345 1.01875455
2346 1.00357952
2347 1.01046534
2348 1.01351646
2349 0.99937377
2350 1.01116862
2351 1.00890718
2352 1.01726525
2353 1.00725084
2354 1.00872429
2355 1.00993014
2356 1.01161431
2357 1.01199076
2358 1.01061969
2359 1.01415634
2360 1.00842683
2361 1.01055011
2362 1.01434344
2363 1.00730986
2364 1.01742020
2365 1.01438296
2366 1.01412441
2367 1.00829318
2368 1.01507240
2369 1.00488365
2370 1.01909188
2371 1.01038814
2372 1.01738530
2373 1.00725084
2374 1.01848054
2375 1.00694975
2376 1.02438498
2377 1.02594036
2378 1.01878686
2379 1.01791489
2380 1.01977088
2381 1.01306420
2382 1.02622449
2383 1.01891316
2384 1.01929038
2385 1.01827273
2386 1.01869677
2387 1.01383906
2388 1.01695019
2389 1.01126175
2390 1.02509010
2391 1.01947924
2392 1.01950632
2393 1.00181352
2394 1.01848054
2395 1.00962063
2396 1.01332983
2397 1.01504831
2398 1.01298859
2399 1.01186191
2400 1.00819454
2401 1.00692915
2402 1.00898897
2403 1.00927299
2404 1.01115500
2405 1.00734400
2406 1.00884839
2407 1.01246123
2408 1.00482093
2409 1.01595622
2410 0.99973589
2411 1.00752422
2412 1.01480718
2413 1.00109228
2414 1.01385436
2415 1.00962063
2416 1.02687512
2417 1.01714206
2418 1.01131246
2419 1.01694798
2420 1.01746921
2421 1.01249353
2422 1.01589956
2423 1.01102727
2424 1.02453752
2425 1.01735926
2426 1.01376016
2427 1.01671043
2428 1.01567232
2429 1.01175770
2430 1.01771442
2431 1.01676340
2432 1.01141420
2433 1.01532309
2434 1.01558865
2435 1.01128689
2436 1.02687512
2437 1.01298100
2438 1.01527034
2439 1.01012824
2440 1.00644117
2441 1.00762588
2442 1.00749447
2443 1.01938396
2444 1.00959486
2445 1.01297226
2446 1.01863906
2447 1.01534669
2448 1.01481800
2449 1.01347224
2450 1.01132001
2451 1.01588408
2452 1.01417054
2453 1.01768569
2454 1.01668182
2455 1.00817291
2456 1.01722342
2457 1.01298100
2458 1.00450995
2459 1.00899050
2460 0.99960566
2461 0.99786665
2462 0.99979756
2463 1.00294666
2464 0.99486487
2465 0.99762066
2466 1.00057978
2467 1.00058651
2468 1.00078997
2469 1.00252745
2470 0.99189988
2471 1.01147119
2472 1.00525265
2473 1.00388842
2474 1.00648957
2475 0.99536677
2476 1.00687189
2477 0.99679936
2478 1.00450995
2479 1.01784495
2480 1.01834450
2481 1.02551536
2482 1.01237801
2483 1.01457641
2484 1.00969582
2485 1.01989683
2486 1.02842540
2487 1.01108706
2488 1.01892422
2489 1.00934551
2490 1.01100891
2491 1.01665536
2492 1.01386314
2493 1.01327768
2494 1.01121541
2495 1.01561520
2496 1.00690839
2497 1.01839852
2498 1.01333075
2499 1.01784495
2500 1.00789672
2501 1.01978740
2502 1.00948267
2503 1.02301607
2504 1.01372397
2505 1.01345906
2506 1.01800817
2507 1.01392155
2508 1.01448392
2509 1.01168570
2510 1.02789314
2511 1.01826049
2512 1.01117078
2513 1.01767531
2514 1.01782980
2515 1.02108488
2516 1.02164140
2517 1.02039457
2518 1.01073137
2519 1.01861728
2520 1.00789672
2521 1.00615382
2522 1.01195891
2523 1.01695467
2524 1.00414570
2525 1.01738489
2526 1.01110412
2527 1.01483063
2528 1.01117129
2529 1.01823396
2530 1.01024577
2531 1.01526802
2532 1.01458451
2533 1.00714967
2534 1.00627779
2535 1.01245705
2536 0.99747652
2537 1.02573638
2538 1.01063296
2539 1.00350991
2540 1.00321640
2541 1.00615382
2542 1.01425145
2543 1.01101865
2544 1.00875013
2545 1.01367045
2546 1.00677923
2547 1.00934458
2548 1.01942039
2549 1.00031496
2550 1.00950398
2551 1.01166556
2552 1.01306115
2553 1.00910951
2554 1.01143967
2555 1.01441909
2556 1.01390503
2557 1.01294578
2558 1.01008252
2559 1.00387266
2560 1.00882284
2561 1.00776086
2562 1.01425145
2563 1.01492323
2564 1.01786723
2565 1.01105882
2566 1.01570529
2567 1.00859427
2568 1.02065134
2569 1.02098157
2570 1.02098162
2571 1.01494634
2572 1.01610937
2573 1.01770381
2574 1.01587982
2575 1.02015059
2576 1.01289019
2577 1.00605968
2578 1.01580745
2579 1.01588235
2580 1.00970923
2581 1.01996665
2582 1.02045270
2583 1.01492323
2584 1.01367888
2585 1.01345664
2586 1.01332799
2587 1.00775587
2588 1.01561975
2589 1.00467690
2590 1.01203722
2591 1.00307751
2592 1.01032122
2593 1.00849924
2594 1.01474120
2595 1.01546698
2596 1.01059958
2597 1.01521766
2598 1.01294131
2599 1.01015031
2600 1.01429722
2601 1.00851560
2602 1.00942363
2603 1.01027553
2604 1.01367888
2605 1.00289839
2606 1.00348510
2607 1.00439708
2608 0.99908683
2609 1.00043951
2610 1.00502121
2611 1.00820314
2612 1.00970947
2613 1.00564875
2614 1.00469962
2615 1.00872394
2616 1.01250452
2617 1.01036815
2618 1.00405486
2619 1.01790356
2620 1.00765642
2621 1.01439309
2622 1.00089756
2623 1.00614477
2624 1.01025814
2625 1.00289839
2626 1.01029391
2627 1.01767500
2628 1.01225933
2629 1.02357650
2630 1.00987572
2631 1.01579997
2632 1.02400759
2633 1.01425238
2634 1.01503200
2635 1.01895409
2636 1.01316456
2637 1.00880063
2638 1.00243738
2639 1.01578768
2640 1.01538944
2641 1.03438803
2642 1.01303035
2643 1.01256836
2644 1.01400721
2645 1.02306516
2646 1.01029391
2647 1.01638887
2648 1.00583276
2649 1.01045605
2650 1.01296037
2651 1.01166651
2652 0.99962858
2653 1.01053442
2654 1.01168814
2655 1.01228449
2656 1.02225532
2657 1.00574314
2658 1.01773334
2659 1.01422941
2660 1.00741063
2661 1.01144570
2662 1.00620298
2663 1.01744904
2664 1.01534511
2665 1.00835487
2666 1.00976143
2667 1.01638887
2668 1.01764584
2669 1.01264751
2670 1.01505348
2671 1.00993485
2672 1.01928264
2673 1.01780275
2674 1.02290653
2675 1.01172706
2676 1.01061575
2677 1.01705201
2678 1.00866735
2679 1.01901062
2680 1.01638763
2681 1.01880511
2682 1.01027633
2683 1.01872729
2684 1.02179657
2685 1.00335461
2686 1.01794243
2687 1.01616817
2688 1.01764584
2689 0.99698784
2690 1.00495234
2691 0.99302842
2692 1.00487757
2693 1.01362962
2694 1.00435813
2695 1.01142278
2696 0.99764789
2697 1.00767525
2698 1.00156768
2699 0.99748349
2700 1.00258063
2701 1.00197387
2702 1.00543946
2703 1.00750553
2704 1.01433241
2705 0.99554053
2706 1.01236870
2707 0.99569533
2708 0.99834800
2709 0.99698784
2710 1.00506502
2711 1.00842037
2712 0.99467200
2713 1.00051614
2714 1.01141074
2715 1.00772712
2716 1.00202637
2717 1.00962169
2718 1.00706416
2719 1.00385255
2720 1.00315260
2721 1.00648580
2722 1.00529765
2723 1.00436400
2724 1.00459186
2725 1.00616044
2726 1.00231246
2727 1.01118192
2728 1.00632457
2729 1.00339408
2730 1.00506502
2731 1.01283049
2732 1.01358716
2733 1.00807824
2734 1.00678834
2735 1.01109274
2736 1.00699171
2737 1.01321375
2738 1.01150384
2739 1.01776061
2740 1.00620137
2741 1.01072650
2742 1.01253843
2743 1.00622895
2744 1.00312151
2745 1.01033525
2746 1.00458221
2747 1.01164821
2748 1.00567054
2749 1.01532080
2750 1.01294030
2751 1.01283049
2752 1.01325532
2753 1.00855553
2754 1.00615014
2755 1.00928790
2756 1.01852529
2757 1.01921965
2758 1.00843429
2759 1.01459292
2760 1.01461626
2761 1.00309650
2762 1.00885433
2763 1.02206221
2764 1.01025182
2765 1.01759108
2766 1.01097832
2767 1.00785255
2768 1.01197157
2769 1.01222028
2770 1.00432010
2771 1.01636531
2772 1.01325532
2773 0.94726158
2774 0.97158347
2775 0.97834217
2776 0.97601422
2777 0.97875467
2778 0.99208946
2779 0.99425172
2780 1.00108620
2781 1.00179654
2782 0.99562707
2783 0.99136605
2784 0.99653930
2785 1.00193807
2786 0.98910640
2787 0.98934977
2788 0.98552570
2789 0.97893908
2790 0.98301676
2791 0.97882844
2792 0.96783548
2793 0.94726158
2794 1.01351985
2795 1.01682762
2796 1.02138642
2797 1.01041909
2798 1.01814038
2799 1.02069779
2800 1.01122270
2801 1.01683780
2802 1.01123242
2803 1.01592752
2804 1.02052530
2805 1.02363328
2806 1.02134767
2807 1.01374759
2808 1.01063315
2809 1.02066601
2810 1.01515284
2811 1.01441313
2812 1.01615240
2813 1.01010637
2814 1.01351985
2815 1.00403319
2816 1.00612444
2817 1.00101454
2818 1.00200536
2819 1.00525685
2820 1.00429008
2821 1.00475938
2822 0.99802113
2823 0.99856268
2824 1.00040172
2825 1.00716452
2826 1.00738839
2827 0.99303045
2828 1.00872940
2829 1.00430104
2830 1.00193880
2831 1.00458722
2832 1.00115712
2833 0.99199894
2834 0.99209023
2835 1.00403319
2836 1.01239232
2837 1.01340944
2838 1.01624797
2839 1.01688862
2840 1.00702833
2841 1.00981597
2842 1.00875072
2843 1.01140957
2844 1.00992452
2845 1.01627087
2846 0.99972485
2847 1.01844110
2848 1.00588907
2849 1.00902269
2850 1.01413816
2851 1.01566778
2852 1.01835841
2853 1.00624181
2854 1.01203525
2855 1.01166901
2856 1.01239232
2857 1.01451595
2858 1.01346994
2859 1.00584587
2860 1.01408188
2861 1.01889208
2862 1.01376727
2863 1.01137019
2864 1.01145436
2865 1.01529594
2866 1.02125659
2867 1.01515091
2868 1.01587842
2869 1.01319210
2870 1.01061614
2871 1.00055012
2872 1.02172511
2873 1.00710908
2874 1.00425162
2875 1.01482582
2876 1.01137951
2877 1.01451595
2878 1.02441277
2879 1.01586948
2880 1.00651477
2881 1.01484822
2882 1.01641473
2883 1.01049007
2884 1.01375428
2885 1.01738576
2886 1.01068013
2887 1.01596508
2888 1.01640712
2889 1.01437015
2890 1.00704564
2891 1.02255264
2892 1.00823409
2893 1.00744006
2894 1.00980236
2895 1.01380780
2896 1.00982177
2897 1.01485325
2898 1.02441277
2899 1.02262398
2900 1.00317552
2901 1.00910165
2902 1.01437328
2903 1.02369634
2904 1.00536044
2905 1.02016947
2906 1.01074275
2907 1.01984610
2908 1.00973635
2909 1.01491434
2910 1.01184513
2911 1.01509398
2912 1.01351032
2913 1.00972247
2914 1.01164939
2915 1.01272636
2916 1.00502328
2917 1.01749073
2918 1.01884496
2919 1.02262398
2920 1.01780228
2921 1.01426151
2922 1.01353705
2923 1.01359120
2924 1.00813635
2925 1.00710976
2926 1.01721855
2927 1.02406197
2928 1.01466535
2929 1.01843219
2930 1.01662304
2931 1.00811765
2932 1.01231832
2933 1.01463290
2934 1.01457501
2935 1.00276933
2936 1.01884160
2937 1.01912931
2938 1.01254356
2939 1.01434041
2940 1.01780228
2941 1.00191617
2942 1.00148991
2943 1.00781852
2944 1.00414802
2945 1.00741099
2946 1.00407408
2947 1.00020276
2948 1.00673458
2949 1.01825531
2950 1.01059877
2951 1.00835950
2952 1.00258081
2953 1.00679457
2954 1.00900453
2955 0.99950586
2956 1.01518719
2957 0.99423947
2958 1.00651976
2959 0.99944896
2960 1.01047387
2961 1.00191617
2962 1.01694673
2963 1.01495303
2964 1.01536416
2965 1.01474453
2966 1.02552873
2967 1.01420813
2968 1.02283573
2969 1.02473604
2970 1.02218340
2971 1.01432264
2972 1.01191572
2973 1.00916100
2974 1.01301263
2975 1.02087656
2976 1.01616397
2977 1.02132182
2978 1.01193103
2979 1.01797097
2980 1.01423423
2981 1.02021566
2982 1.01694673
2983 1.01022469
2984 1.00186547
2985 1.01617677
2986 1.01729140
2987 1.01582884
2988 1.01164639
2989 1.01711005
2990 1.01617388
2991 1.01246567
2992 1.00873788
2993 1.00696799
2994 1.00531431
2995 1.00374542
2996 1.01550729
2997 1.00644211
2998 1.00710212
2999 1.01704129
3000 1.01700391
3001 1.00648945
3002 1.00888511
3003 1.01022469
3004 1.01726426
3005 1.01355119
3006 1.01847669
3007 1.01204110
3008 1.01202150
3009 1.01410620
3010 1.01759294
3011 1.02116354
3012 1.01207751
3013 1.01829213
3014 1.02584759
3015 1.01776500
3016 1.01963733
3017 1.02494905
3018 1.01409378
3019 1.01624910
3020 1.01536062
3021 1.01636267
3022 1.02028855
3023 1.01355505
3024 1.01726426
