index DenDen_position
1 1.66172252
2 1.61586003
3 1.57607782
4 1.56124639
5 1.53540268
6 1.52284183
7 1.50890823
8 1.50092650
9 1.48949782
10 1.49042670
11 1.48295519
12 1.48966264
13 1.48584118
14 1.50309292
15 1.50964604
16 1.52005540
17 1.53152868
18 1.56489992
19 1.58584251
20 1.61717467
21 1.66172252
22 0.98334017
23 0.99298628
24 1.00124531
25 1.01020307
26 1.01048159
27 1.00913440
28 1.02002837
29 1.02609601
30 1.02382288
31 1.02792241
32 1.02223116
33 1.02234243
34 1.02098875
35 1.02726629
36 1.00991177
37 1.02098770
38 1.01501964
39 1.01368150
40 1.00854923
41 0.99251450
42 0.98334017
43 1.03163152
44 1.03529441
45 1.03366907
46 1.03756697
47 1.03584140
48 1.04280945
49 1.02995111
50 1.04168030
51 1.04241750
52 1.03572434
53 1.04909497
54 1.03146555
55 1.04321024
56 1.04420449
57 1.03822619
58 1.03617506
59 1.03709412
60 1.03097152
61 1.04406295
62 1.03639178
63 1.03163152
64 1.04004533
65 1.03601807
66 1.04359079
67 1.03318845
68 1.03196344
69 1.04349558
70 1.03750478
71 1.04144075
72 1.03908862
73 1.04549466
74 1.04637552
75 1.03079737
76 1.04415259
77 1.03709490
78 1.03582951
79 1.03669027
80 1.03545291
81 1.04798427
82 1.04105654
83 1.03884014
84 1.04004533
85 1.03746169
86 1.02902544
87 1.02316935
88 1.02091476
89 1.03492485
90 1.02942599
91 1.02241018
92 1.02484995
93 1.02106412
94 1.03188474
95 1.03100674
96 1.02752337
97 1.02809604
98 1.02902418
99 1.03231248
100 1.02612610
101 1.02396662
102 1.02860398
103 1.03105519
104 1.02276164
105 1.03746169
106 1.04416987
107 1.03902139
108 1.04126237
109 1.03926223
110 1.04578616
111 1.03936081
112 1.03704672
113 1.04445412
114 1.04630523
115 1.05007470
116 1.04678323
117 1.04736033
118 1.04484744
119 1.03483424
120 1.04015011
121 1.04890465
122 1.03939920
123 1.03653973
124 1.04780338
125 1.04958477
126 1.04416987
127 1.02884277
128 1.04152859
129 1.04878865
130 1.03274742
131 1.04410281
132 1.03291567
133 1.02978481
134 1.03714320
135 1.03851145
136 1.03075075
137 1.03637245
138 1.03988682
139 1.03755479
140 1.03706245
141 1.03202002
142 1.03432375
143 1.03649968
144 1.03082853
145 1.02801677
146 1.04593140
147 1.02884277
148 1.03767078
149 1.03475906
150 1.04386808
151 1.04258176
152 1.03503508
153 1.03427237
154 1.03955402
155 1.03036801
156 1.04756039
157 1.04352968
158 1.04271028
159 1.03623574
160 1.03806883
161 1.03463104
162 1.04009901
163 1.04148075
164 1.03934721
165 1.04140642
166 1.04420479
167 1.03472859
168 1.03767078
169 1.02552813
170 1.02934145
171 1.02519975
172 1.02294543
173 1.02502095
174 1.02030269
175 1.02934167
176 1.03264737
177 1.02775353
178 1.02897672
179 1.02523164
180 1.01857410
181 1.03441472
182 1.02225697
183 1.02127794
184 1.02862637
185 1.03150222
186 1.02800207
187 1.02271420
188 1.03052977
189 1.02552813
190 1.04359237
191 1.03735847
192 1.03761486
193 1.03880494
194 1.03874878
195 1.04538435
196 1.03896440
197 1.04019548
198 1.04931784
199 1.04236064
200 1.03604237
201 1.03699381
202 1.03817848
203 1.04063577
204 1.03484254
205 1.03742194
206 1.04768324
207 1.04013160
208 1.03090243
209 1.02781283
210 1.04359237
211 1.04088586
212 1.03966104
213 1.03875719
214 1.03660225
215 1.03684628
216 1.03572577
217 1.03772588
218 1.04238248
219 1.03333376
220 1.04928144
221 1.04490371
222 1.03607607
223 1.03839854
224 1.03521800
225 1.04317761
226 1.03463767
227 1.04136285
228 1.03974317
229 1.04443943
230 1.04517660
231 1.04088586
232 0.98483032
233 0.99156481
234 1.00136574
235 1.00195332
236 1.01890502
237 1.01516358
238 1.01518288
239 1.02634512
240 1.02198821
241 1.02675373
242 1.02815884
243 1.03283146
244 1.02295882
245 1.01541960
246 1.02845480
247 1.02009128
248 1.01679937
249 1.02013119
250 1.00165262
251 1.00046906
252 0.98483032
253 0.98080149
254 0.97821947
255 1.00147419
256 0.99251085
257 1.01296654
258 1.01103962
259 1.00825780
260 1.02276875
261 1.02154986
262 1.01542380
263 1.01786596
264 1.02020523
265 1.00991114
266 1.01770710
267 1.01275969
268 1.02063570
269 1.01055190
270 1.00721932
271 0.98976065
272 0.98055810
273 0.98080149
274 1.03383758
275 1.03776633
276 1.03331762
277 1.03422545
278 1.03655856
279 1.03646197
280 1.03271954
281 1.04966973
282 1.04057159
283 1.03527414
284 1.03236427
285 1.03499173
286 1.03550594
287 1.02989419
288 1.04464065
289 1.03909450
290 1.03485382
291 1.04229311
292 1.03141747
293 1.03607158
294 1.03383758
295 1.03700402
296 1.02637145
297 1.01827274
298 1.02404144
299 1.03382441
300 1.03280985
301 1.02982534
302 1.02117993
303 1.03253812
304 1.02420575
305 1.02810322
306 1.02701605
307 1.02779562
308 1.02803505
309 1.02131822
310 1.02459778
311 1.03524095
312 1.02322016
313 1.03567274
314 1.02798940
315 1.03700402
316 1.03343393
317 1.03001384
318 1.02876900
319 1.03524830
320 1.03553594
321 1.03848592
322 1.01885239
323 1.03063537
324 1.04370673
325 1.03433357
326 1.03323281
327 1.03265379
328 1.02705254
329 1.03904327
330 1.02892163
331 1.03211953
332 1.03320997
333 1.03232331
334 1.03717855
335 1.03400733
336 1.03343393
337 1.04609884
338 1.04045559
339 1.03508059
340 1.03228598
341 1.03872289
342 1.03438166
343 1.04390410
344 1.03869218
345 1.03734710
346 1.03884105
347 1.03421913
348 1.03992849
349 1.04404199
350 1.04388771
351 1.04642202
352 1.04170515
353 1.03257287
354 1.03733588
355 1.04273902
356 1.05283323
357 1.04609884
358 1.02810665
359 1.02978862
360 1.03070932
361 1.02494426
362 1.02411875
363 1.03290079
364 1.03157669
365 1.02596597
366 1.02983431
367 1.03271376
368 1.02588809
369 1.03415381
370 1.02297343
371 1.03077387
372 1.03198804
373 1.02750103
374 1.03098065
375 1.03595192
376 1.02653937
377 1.02621554
378 1.02810665
379 1.03886184
380 1.03481933
381 1.03382387
382 1.02272220
383 1.02646744
384 1.01802569
385 1.02767154
386 1.02872816
387 1.02424587
388 1.03826395
389 1.02930750
390 1.02254205
391 1.03778712
392 1.03180806
393 1.03800189
394 1.02438893
395 1.03228593
396 1.02842095
397 1.02210040
398 1.02281647
399 1.03886184
400 1.03167750
401 1.02841783
402 1.03766602
403 1.03725592
404 1.03674809
405 1.02499625
406 1.03220089
407 1.02477575
408 1.03225277
409 1.03452911
410 1.03569489
411 1.03082332
412 1.04255277
413 1.03750249
414 1.03680748
415 1.03904176
416 1.03108942
417 1.02621359
418 1.03421944
419 1.03518649
420 1.03167750
421 1.03372912
422 1.02662718
423 1.02474123
424 1.02961298
425 1.03175221
426 1.02661380
427 1.02766134
428 1.03054784
429 1.03118748
430 1.03401999
431 1.02776088
432 1.03243219
433 1.02996995
434 1.03379196
435 1.03334833
436 1.03673710
437 1.03247048
438 1.03326368
439 1.01963395
440 1.02503169
441 1.03372912
442 1.03674445
443 1.04612313
444 1.04042879
445 1.03195194
446 1.04702374
447 1.03915728
448 1.04084222
449 1.04359609
450 1.04051487
451 1.03065421
452 1.03484567
453 1.03569818
454 1.04082944
455 1.03831016
456 1.04401572
457 1.03690247
458 1.03724898
459 1.04216964
460 1.03738661
461 1.03655763
462 1.03674445
463 1.03243948
464 1.03575300
465 1.03401006
466 1.02986988
467 1.03419847
468 1.03695917
469 1.02893013
470 1.02798373
471 1.03091729
472 1.03373105
473 1.02701479
474 1.02718273
475 1.03425746
476 1.03026042
477 1.03613496
478 1.03745051
479 1.03357451
480 1.04461353
481 1.02784591
482 1.02514345
483 1.03243948
484 1.03363255
485 1.03216905
486 1.03815168
487 1.04175206
488 1.04238826
489 1.04502633
490 1.04742284
491 1.04183950
492 1.04649720
493 1.03865564
494 1.04546234
495 1.05533293
496 1.03372720
497 1.02525794
498 1.03365472
499 1.03357530
500 1.03299382
501 1.04010668
502 1.03575302
503 1.03749379
504 1.03363255
505 1.02803595
506 1.02829011
507 1.02610365
508 1.02395966
509 1.02824380
510 1.03153739
511 1.03400646
512 1.02459459
513 1.03552694
514 1.02951035
515 1.02436081
516 1.03752297
517 1.03554562
518 1.03277188
519 1.02955662
520 1.03296179
521 1.03517045
522 1.02536995
523 1.02453946
524 1.03385687
525 1.02803595
526 1.04335916
527 1.04792858
528 1.04358852
529 1.04461606
530 1.04093929
531 1.03640551
532 1.04120784
533 1.04124741
534 1.04632850
535 1.04104623
536 1.04518268
537 1.04100141
538 1.03866568
539 1.04692838
540 1.04034050
541 1.04303456
542 1.04286960
543 1.04307172
544 1.04746427
545 1.03889005
546 1.04335916
547 1.03725925
548 1.04001547
549 1.03986360
550 1.03011719
551 1.02787134
552 1.02744624
553 1.02685625
554 1.02983510
555 1.03145451
556 1.03017011
557 1.02269487
558 1.03235440
559 1.03286557
560 1.03213166
561 1.03128473
562 1.03357213
563 1.03171768
564 1.03288326
565 1.03000538
566 1.03396294
567 1.03725925
568 1.03846918
569 1.04493787
570 1.03137173
571 1.04016684
572 1.04185302
573 1.03123464
574 1.04075778
575 1.03914376
576 1.04264117
577 1.02694315
578 1.03238163
579 1.03656915
580 1.03869197
581 1.04831790
582 1.04503784
583 1.03692218
584 1.03307615
585 1.03732548
586 1.03807173
587 1.03681785
588 1.03846918
589 1.03824299
590 1.05222019
591 1.04142423
592 1.04173706
593 1.03065406
594 1.04289970
595 1.03761641
596 1.03450168
597 1.04334011
598 1.04184646
599 1.03345216
600 1.03290833
601 1.04060680
602 1.04030516
603 1.03689045
604 1.03915478
605 1.03613936
606 1.03357848
607 1.03534182
608 1.04285584
609 1.03824299
610 1.02014719
611 1.03924499
612 1.03884453
613 1.03173452
614 1.03486629
615 1.03634964
616 1.03192074
617 1.03716492
618 1.03766228
619 1.02295773
620 1.02944222
621 1.03110151
622 1.03947713
623 1.03942472
624 1.02576277
625 1.03068673
626 1.03782752
627 1.02622339
628 1.03966075
629 1.04056398
630 1.02014719
631 1.03684083
632 1.03947484
633 1.04521140
634 1.03740792
635 1.02863904
636 1.03546983
637 1.03912281
638 1.02779731
639 1.03944092
640 1.03896901
641 1.03646041
642 1.04097986
643 1.03333312
644 1.02357756
645 1.03500587
646 1.03640611
647 1.03421015
648 1.03944633
649 1.02967636
650 1.02583144
651 1.03684083
652 1.02850604
653 1.03710249
654 1.03636110
655 1.02679970
656 1.03208302
657 1.03552268
658 1.03048880
659 1.02731631
660 1.04292126
661 1.03609943
662 1.02960630
663 1.03154362
664 1.03463036
665 1.03215108
666 1.03002034
667 1.03554290
668 1.04484180
669 1.03514523
670 1.03443983
671 1.03289220
672 1.02850604
673 1.03295227
674 1.03072501
675 1.03614867
676 1.03196744
677 1.04025204
678 1.04239145
679 1.03764593
680 1.03403533
681 1.04109492
682 1.04187103
683 1.02954004
684 1.02835256
685 1.04167516
686 1.03976814
687 1.03969919
688 1.04110725
689 1.03700255
690 1.04122282
691 1.03054175
692 1.03114405
693 1.03295227
694 1.03447405
695 1.04391534
696 1.03382611
697 1.03467287
698 1.03224407
699 1.03346300
700 1.03444859
701 1.04106042
702 1.03713329
703 1.03505523
704 1.03484829
705 1.03307090
706 1.02854849
707 1.03951855
708 1.03596461
709 1.03434653
710 1.03307499
711 1.03201911
712 1.03553878
713 1.02930290
714 1.03447405
715 1.04229127
716 1.03514825
717 1.04236939
718 1.03824009
719 1.02858905
720 1.03203935
721 1.04248690
722 1.03985607
723 1.03550986
724 1.04342261
725 1.03697191
726 1.04046804
727 1.03177308
728 1.04467346
729 1.03444922
730 1.04350825
731 1.03521430
732 1.03083874
733 1.03258739
734 1.04197623
735 1.04229127
736 1.04065491
737 1.04074503
738 1.03774775
739 1.03154424
740 1.03392080
741 1.04884096
742 1.04046607
743 1.03355544
744 1.03120333
745 1.03457063
746 1.04047930
747 1.04809952
748 1.02987365
749 1.04061134
750 1.03427856
751 1.04071237
752 1.03743643
753 1.04288218
754 1.03999094
755 1.02972375
756 1.04065491
757 1.03290067
758 1.03697564
759 1.03089119
760 1.04193868
761 1.03214991
762 1.03945138
763 1.02763091
764 1.02922731
765 1.03512093
766 1.03298694
767 1.02316510
768 1.03933515
769 1.03161643
770 1.03423560
771 1.02593579
772 1.04108213
773 1.03093807
774 1.03387855
775 1.03659636
776 1.02510575
777 1.03290067
778 1.02731288
779 1.03207785
780 1.04981462
781 1.03637200
782 1.02660162
783 1.03833361
784 1.03321796
785 1.03863357
786 1.03364328
787 1.03959737
788 1.03172597
789 1.03167126
790 1.03063520
791 1.03422903
792 1.03788890
793 1.04079836
794 1.02692174
795 1.03162458
796 1.03363423
797 1.03617286
798 1.02731288
799 1.04683336
800 1.02976044
801 1.03336817
802 1.03303333
803 1.03771261
804 1.03905057
805 1.03741848
806 1.03146337
807 1.03434606
808 1.03584230
809 1.03262912
810 1.03498824
811 1.02981993
812 1.03583073
813 1.04085683
814 1.03527784
815 1.03189504
816 1.03322993
817 1.03883844
818 1.02670952
819 1.04683336
820 1.03829656
821 1.04431366
822 1.03792318
823 1.05075033
824 1.03892360
825 1.03904002
826 1.03935729
827 1.03852974
828 1.04532106
829 1.03546279
830 1.03216824
831 1.04234340
832 1.04254162
833 1.04400947
834 1.04318130
835 1.03766191
836 1.04583567
837 1.03924880
838 1.03857125
839 1.03275627
840 1.03829656
841 1.02923315
842 1.03447896
843 1.02962188
844 1.04602010
845 1.03487882
846 1.03273959
847 1.03816984
848 1.02976020
849 1.02820423
850 1.03281446
851 1.03263923
852 1.02645418
853 1.02825779
854 1.03525598
855 1.03370168
856 1.03259006
857 1.02620392
858 1.02858028
859 1.01850828
860 1.02128695
861 1.02923315
862 1.03678981
863 1.03124635
864 1.03238296
865 1.02784568
866 1.04103002
867 1.03892557
868 1.04410534
869 1.03829194
870 1.03915557
871 1.03589837
872 1.04366306
873 1.04716880
874 1.03161792
875 1.03655265
876 1.03593009
877 1.04294765
878 1.04504829
879 1.04066436
880 1.05132563
881 1.02905891
882 1.03678981
883 1.03818493
884 1.03454165
885 1.03512743
886 1.03274760
887 1.03556912
888 1.04961170
889 1.04722516
890 1.03342914
891 1.03478866
892 1.03290098
893 1.03924454
894 1.03688605
895 1.02957085
896 1.04465100
897 1.03218955
898 1.03302354
899 1.03729462
900 1.03148536
901 1.03536644
902 1.04967668
903 1.03818493
904 1.03462992
905 1.02650124
906 1.04026636
907 1.04564777
908 1.02961995
909 1.03976150
910 1.03197450
911 1.03674422
912 1.03129858
913 1.04579595
914 1.02961556
915 1.04587070
916 1.04149002
917 1.04419301
918 1.03682476
919 1.03174907
920 1.04378015
921 1.03080390
922 1.02743366
923 1.03571676
924 1.03462992
925 1.03525209
926 1.04121238
927 1.04066130
928 1.02796514
929 1.03980747
930 1.03604586
931 1.03545392
932 1.03657692
933 1.03738731
934 1.03653970
935 1.04320135
936 1.03252237
937 1.03549450
938 1.04036037
939 1.02453044
940 1.03211461
941 1.04267825
942 1.03925221
943 1.03155688
944 1.03529160
945 1.03525209
946 1.03306433
947 1.02289357
948 1.03192864
949 1.02576042
950 1.02844577
951 1.04190138
952 1.02635568
953 1.02555743
954 1.03319582
955 1.02943281
956 1.03274161
957 1.02819450
958 1.03183354
959 1.03155539
960 1.02903611
961 1.02650369
962 1.03353366
963 1.02684562
964 1.02437101
965 1.02952372
966 1.03306433
967 1.03589032
968 1.04511540
969 1.04330604
970 1.03774174
971 1.03557612
972 1.02924950
973 1.03984894
974 1.03018024
975 1.04443603
976 1.04041644
977 1.03824230
978 1.03167666
979 1.04380982
980 1.03706560
981 1.04057348
982 1.03963444
983 1.03306237
984 1.04219476
985 1.04166873
986 1.03217699
987 1.03589032
988 1.02869094
989 1.03419990
990 1.02880311
991 1.03409502
992 1.02246864
993 1.02986774
994 1.03383452
995 1.03075067
996 1.02663844
997 1.03090485
998 1.03276792
999 1.02855597
1000 1.03769341
1001 1.03078685
1002 1.03152001
1003 1.03005598
1004 1.03091789
1005 1.03310802
1006 1.04061277
1007 1.03813508
1008 1.02869094
1009 1.03089588
1010 1.02533054
1011 1.03458349
1012 1.03828083
1013 1.03464740
1014 1.03572518
1015 1.03869191
1016 1.04190409
1017 1.03232026
1018 1.03416440
1019 1.03161108
1020 1.03516094
1021 1.02977799
1022 1.02726967
1023 1.04284706
1024 1.04223834
1025 1.02904825
1026 1.03375544
1027 1.03906746
1028 1.03215903
1029 1.03089588
1030 1.02553776
1031 1.02560247
1032 1.03738997
1033 1.03481251
1034 1.03747915
1035 1.03702308
1036 1.04322525
1037 1.02870857
1038 1.03222015
1039 1.04349012
1040 1.02605014
1041 1.03883593
1042 1.03424901
1043 1.03617295
1044 1.03423528
1045 1.03340581
1046 1.03519374
1047 1.03063791
1048 1.03536248
1049 1.03108146
1050 1.02553776
1051 1.03784949
1052 1.02871511
1053 1.03182647
1054 1.03179142
1055 1.03786218
1056 1.03411353
1057 1.03277911
1058 1.03285790
1059 1.02479413
1060 1.02970787
1061 1.03914027
1062 1.03186495
1063 1.02804540
1064 1.04068033
1065 1.03058683
1066 1.03445024
1067 1.03583134
1068 1.03221726
1069 1.03255085
1070 1.03356414
1071 1.03784949
1072 1.03755689
1073 1.02421603
1074 1.02581596
1075 1.02815777
1076 1.02668453
1077 1.02676151
1078 1.02225112
1079 1.02958272
1080 1.02894531
1081 1.02592663
1082 1.02541839
1083 1.03212286
1084 1.01608726
1085 1.02293245
1086 1.03678853
1087 1.02513520
1088 1.02771835
1089 1.02336672
1090 1.02824855
1091 1.03271829
1092 1.03755689
1093 1.03640542
1094 1.02905870
1095 1.03249345
1096 1.03035119
1097 1.02745755
1098 1.03201757
1099 1.03248326
1100 1.03282497
1101 1.03317429
1102 1.03409204
1103 1.02988955
1104 1.03372548
1105 1.02907602
1106 1.02081620
1107 1.03592627
1108 1.01806568
1109 1.03360452
1110 1.02845098
1111 1.03412313
1112 1.02936538
1113 1.03640542
1114 1.04087903
1115 1.03666504
1116 1.03899543
1117 1.03889687
1118 1.03868869
1119 1.04237733
1120 1.04046128
1121 1.03146106
1122 1.03908328
1123 1.03772006
1124 1.03913594
1125 1.02677465
1126 1.02698975
1127 1.03598395
1128 1.03522165
1129 1.03721134
1130 1.04135105
1131 1.03416751
1132 1.02912679
1133 1.03580396
1134 1.04087903
1135 1.03724690
1136 1.04184756
1137 1.03697004
1138 1.03476346
1139 1.03664139
1140 1.04574383
1141 1.03678202
1142 1.04177992
1143 1.04481864
1144 1.04318533
1145 1.04214603
1146 1.04114127
1147 1.03696215
1148 1.03808693
1149 1.04158518
1150 1.03538334
1151 1.03984785
1152 1.03834439
1153 1.03590538
1154 1.04254744
1155 1.03724690
1156 1.04310780
1157 1.02956691
1158 1.02388457
1159 1.03051225
1160 1.03912646
1161 1.02848758
1162 1.03735369
1163 1.02864683
1164 1.02825497
1165 1.03488411
1166 1.03546126
1167 1.04088748
1168 1.02555923
1169 1.02299395
1170 1.04362576
1171 1.02458260
1172 1.03222655
1173 1.03650034
1174 1.03188198
1175 1.03118151
1176 1.04310780
1177 1.04260375
1178 1.03733660
1179 1.03062815
1180 1.03893196
1181 1.03305590
1182 1.03333565
1183 1.03469147
1184 1.03530234
1185 1.02901760
1186 1.03608945
1187 1.03341014
1188 1.03567864
1189 1.02596792
1190 1.04300772
1191 1.03262428
1192 1.03728480
1193 1.03608664
1194 1.03034066
1195 1.03385284
1196 1.02734747
1197 1.04260375
1198 1.04312497
1199 1.04137362
1200 1.02624267
1201 1.03525451
1202 1.04194848
1203 1.03220191
1204 1.04435398
1205 1.03771343
1206 1.02498911
1207 1.03711160
1208 1.04536026
1209 1.03339284
1210 1.02756166
1211 1.03239454
1212 1.03561744
1213 1.03065350
1214 1.03117879
1215 1.03309942
1216 1.02672196
1217 1.03027116
1218 1.04312497
1219 1.03317715
1220 1.03375681
1221 1.03505878
1222 1.04164187
1223 1.03622932
1224 1.03207871
1225 1.03357292
1226 1.03505079
1227 1.03048758
1228 1.03571453
1229 1.03479951
1230 1.03976373
1231 1.03711797
1232 1.03065310
1233 1.03728771
1234 1.03121154
1235 1.03263902
1236 1.03593250
1237 1.03237287
1238 1.04593363
1239 1.03317715
1240 1.03203692
1241 1.03251380
1242 1.02771261
1243 1.02948901
1244 1.03362702
1245 1.04194110
1246 1.02981181
1247 1.03671903
1248 1.03802448
1249 1.04536682
1250 1.03268843
1251 1.04047313
1252 1.03207556
1253 1.03529746
1254 1.03328749
1255 1.03917150
1256 1.03560746
1257 1.03430330
1258 1.02966133
1259 1.03484557
1260 1.03203692
1261 1.04599649
1262 1.04121743
1263 1.03677466
1264 1.02975738
1265 1.03385729
1266 1.03463468
1267 1.03331268
1268 1.03341738
1269 1.03799278
1270 1.04501663
1271 1.04279973
1272 1.03646197
1273 1.03473184
1274 1.03388256
1275 1.03771448
1276 1.03807762
1277 1.05071833
1278 1.04258213
1279 1.03576209
1280 1.03688804
1281 1.04599649
1282 1.03740137
1283 1.03117014
1284 1.03717820
1285 1.03031141
1286 1.03989221
1287 1.03843428
1288 1.04140546
1289 1.03440583
1290 1.03495648
1291 1.03493474
1292 1.03545176
1293 1.04223240
1294 1.03883069
1295 1.03521650
1296 1.03152681
1297 1.03230008
1298 1.04213708
1299 1.04217817
1300 1.03410286
1301 1.03684898
1302 1.03740137
1303 1.03851678
1304 1.03868511
1305 1.03936318
1306 1.03272955
1307 1.03691884
1308 1.02896290
1309 1.03050422
1310 1.03007487
1311 1.03351021
1312 1.03288531
1313 1.02905085
1314 1.03086509
1315 1.03083451
1316 1.04056293
1317 1.03515208
1318 1.03183993
1319 1.02788047
1320 1.03131181
1321 1.03505173
1322 1.03240767
1323 1.03851678
1324 1.02902047
1325 1.02991766
1326 1.03169859
1327 1.03707113
1328 1.03332772
1329 1.04122303
1330 1.03194701
1331 1.03179500
1332 1.03005131
1333 1.03440759
1334 1.02871108
1335 1.03021838
1336 1.03500070
1337 1.04188676
1338 1.03224206
1339 1.03296389
1340 1.02596237
1341 1.03174046
1342 1.02754195
1343 1.03362118
1344 1.02902047
1345 1.03748648
1346 1.04904217
1347 1.04274473
1348 1.04651085
1349 1.04476812
1350 1.04215959
1351 1.04835021
1352 1.03698183
1353 1.03750157
1354 1.03897466
1355 1.04269592
1356 1.04492291
1357 1.04484077
1358 1.03673528
1359 1.04265969
1360 1.03651723
1361 1.04686763
1362 1.04544417
1363 1.04265217
1364 1.03352363
1365 1.03748648
1366 1.03009717
1367 1.03848870
1368 1.03867182
1369 1.04159624
1370 1.04042488
1371 1.04055327
1372 1.04005251
1373 1.03756332
1374 1.04091786
1375 1.03820505
1376 1.03185494
1377 1.04249054
1378 1.05132149
1379 1.03189040
1380 1.03676840
1381 1.03439008
1382 1.04105624
1383 1.03818183
1384 1.03655510
1385 1.03214134
1386 1.03009717
1387 1.03478796
1388 1.03363563
1389 1.04111443
1390 1.04113197
1391 1.03497372
1392 1.03171944
1393 1.04003711
1394 1.04238659
1395 1.03813719
1396 1.03029673
1397 1.03204427
1398 1.03012207
1399 1.03677750
1400 1.03836696
1401 1.03429429
1402 1.03027458
1403 1.03932846
1404 1.04286037
1405 1.03774955
1406 1.04269231
1407 1.03478796
1408 1.04581284
1409 1.03681423
1410 1.04685933
1411 1.04240906
1412 1.04296441
1413 1.04067967
1414 1.03881551
1415 1.04433024
1416 1.04291138
1417 1.04621281
1418 1.03760301
1419 1.04065925
1420 1.05169632
1421 1.05917040
1422 1.04521400
1423 1.03901401
1424 1.04818088
1425 1.03756680
1426 1.04820893
1427 1.04521755
1428 1.04581284
1429 1.03258433
1430 1.04228021
1431 1.03071365
1432 1.03390305
1433 1.02280806
1434 1.03131628
1435 1.03101483
1436 1.03287024
1437 1.03849700
1438 1.02300076
1439 1.02013087
1440 1.04010109
1441 1.03484376
1442 1.03181666
1443 1.03558357
1444 1.03368673
1445 1.03300651
1446 1.03114582
1447 1.03060063
1448 1.03662778
1449 1.03258433
1450 1.03792908
1451 1.02977087
1452 1.03338284
1453 1.04492404
1454 1.02988312
1455 1.03149726
1456 1.04407292
1457 1.04171390
1458 1.03789367
1459 1.04570057
1460 1.03640643
1461 1.03654832
1462 1.04380945
1463 1.03723006
1464 1.03620460
1465 1.03197434
1466 1.03713174
1467 1.03857888
1468 1.04476465
1469 1.03982108
1470 1.03792908
1471 1.03186647
1472 1.03086293
1473 1.04276615
1474 1.03598812
1475 1.04498925
1476 1.02948590
1477 1.04115070
1478 1.02969158
1479 1.03541159
1480 1.03629356
1481 1.04175688
1482 1.04020506
1483 1.03458396
1484 1.03439931
1485 1.03535216
1486 1.03732846
1487 1.03173618
1488 1.04582582
1489 1.03961248
1490 1.03668334
1491 1.03186647
1492 1.04188915
1493 1.02951728
1494 1.03411579
1495 1.03231593
1496 1.03199406
1497 1.03703248
1498 1.03697394
1499 1.03477670
1500 1.03798982
1501 1.03521135
1502 1.03793818
1503 1.03270601
1504 1.04189269
1505 1.03556750
1506 1.02988880
1507 1.04142350
1508 1.02362676
1509 1.03841834
1510 1.04610321
1511 1.03576715
1512 1.04188915
1513 1.03454816
1514 1.03389119
1515 1.03539564
1516 1.03709261
1517 1.03022600
1518 1.03211137
1519 1.03444868
1520 1.03824890
1521 1.03387381
1522 1.03701967
1523 1.04005581
1524 1.04184449
1525 1.03486798
1526 1.03340135
1527 1.03684728
1528 1.03378515
1529 1.04279170
1530 1.02669538
1531 1.03089966
1532 1.03283159
1533 1.03454816
1534 1.03264740
1535 1.03881392
1536 1.02967512
1537 1.02664748
1538 1.02556306
1539 1.03404509
1540 1.03397388
1541 1.03866470
1542 1.02378385
1543 1.03108618
1544 1.02240597
1545 1.02995987
1546 1.02975779
1547 1.02822027
1548 1.02925746
1549 1.02403740
1550 1.02857708
1551 1.02793053
1552 1.03748306
1553 1.04238944
1554 1.03264740
1555 1.03571262
1556 1.03150870
1557 1.03895922
1558 1.03900437
1559 1.03508351
1560 1.03086113
1561 1.03555971
1562 1.03841885
1563 1.03605436
1564 1.04006096
1565 1.03853599
1566 1.04358460
1567 1.02849012
1568 1.03430853
1569 1.04247314
1570 1.03943014
1571 1.03259854
1572 1.03587948
1573 1.04416395
1574 1.04692553
1575 1.03571262
1576 1.03342536
1577 1.03704713
1578 1.04416189
1579 1.03358351
1580 1.03440364
1581 1.03160117
1582 1.03629378
1583 1.03635439
1584 1.04494122
1585 1.04354297
1586 1.04060662
1587 1.03445522
1588 1.03215717
1589 1.02977092
1590 1.03075797
1591 1.04458990
1592 1.04053831
1593 1.04517787
1594 1.03188698
1595 1.03719983
1596 1.03342536
1597 1.03703694
1598 1.02964976
1599 1.04378200
1600 1.04122187
1601 1.03375889
1602 1.04177500
1603 1.02860047
1604 1.03982368
1605 1.04753117
1606 1.03704658
1607 1.03821247
1608 1.02874622
1609 1.03991434
1610 1.03574710
1611 1.04450120
1612 1.03995264
1613 1.03455126
1614 1.04096695
1615 1.03962510
1616 1.03625182
1617 1.03703694
1618 1.03736225
1619 1.02245020
1620 1.02640017
1621 1.03974852
1622 1.03822861
1623 1.03941031
1624 1.03081243
1625 1.03574866
1626 1.03899522
1627 1.03222827
1628 1.03848811
1629 1.03863497
1630 1.02607181
1631 1.03098465
1632 1.03459954
1633 1.03093696
1634 1.03369123
1635 1.04313624
1636 1.03360898
1637 1.03832525
1638 1.03736225
1639 1.03404324
1640 1.03476474
1641 1.03798444
1642 1.03101708
1643 1.03825390
1644 1.04157698
1645 1.03741386
1646 1.03640320
1647 1.03166154
1648 1.03842641
1649 1.03667787
1650 1.03173465
1651 1.03306036
1652 1.01957528
1653 1.03023934
1654 1.02587723
1655 1.03485706
1656 1.04020947
1657 1.03807872
1658 1.04327339
1659 1.03404324
1660 1.03053293
1661 1.03682299
1662 1.02865668
1663 1.03825234
1664 1.03115748
1665 1.02954708
1666 1.03483067
1667 1.03869955
1668 1.03046153
1669 1.04208349
1670 1.03738552
1671 1.03197038
1672 1.03768279
1673 1.02885127
1674 1.03377466
1675 1.03306324
1676 1.03472312
1677 1.03000540
1678 1.04281440
1679 1.03218339
1680 1.03053293
1681 1.04012096
1682 1.03501367
1683 1.04472643
1684 1.03779272
1685 1.03375196
1686 1.04339362
1687 1.03123923
1688 1.03467955
1689 1.04183240
1690 1.03223885
1691 1.03552694
1692 1.04174650
1693 1.03625847
1694 1.04137096
1695 1.02873797
1696 1.02694216
1697 1.03662091
1698 1.03635630
1699 1.03226938
1700 1.03355699
1701 1.04012096
1702 1.02821481
1703 1.03628038
1704 1.03606692
1705 1.03224362
1706 1.04420657
1707 1.04360073
1708 1.03363449
1709 1.03739214
1710 1.03523916
1711 1.03116664
1712 1.03933060
1713 1.02862889
1714 1.03366119
1715 1.03416401
1716 1.03385100
1717 1.03263063
1718 1.03629788
1719 1.03766577
1720 1.04132551
1721 1.03672655
1722 1.02821481
1723 1.03451873
1724 1.03670975
1725 1.03642651
1726 1.03620175
1727 1.03806734
1728 1.03059650
1729 1.04413908
1730 1.04457010
1731 1.03664886
1732 1.04285505
1733 1.04335015
1734 1.04189517
1735 1.03726233
1736 1.03463241
1737 1.04315622
1738 1.04288318
1739 1.03100539
1740 1.03703884
1741 1.04277220
1742 1.04606770
1743 1.03451873
1744 1.03457627
1745 1.03831725
1746 1.03053957
1747 1.03468042
1748 1.02773870
1749 1.02482214
1750 1.03801639
1751 1.02976542
1752 1.03862766
1753 1.03419252
1754 1.03090265
1755 1.03737764
1756 1.03992755
1757 1.03424258
1758 1.03247225
1759 1.02436936
1760 1.02816999
1761 1.03184407
1762 1.03428896
1763 1.02956083
1764 1.03457627
1765 1.03091412
1766 1.03564072
1767 1.03564802
1768 1.03771246
1769 1.03715432
1770 1.02940244
1771 1.04010165
1772 1.04240923
1773 1.03426043
1774 1.04454097
1775 1.03361154
1776 1.03690052
1777 1.03043623
1778 1.02603287
1779 1.03903433
1780 1.02840330
1781 1.03753746
1782 1.03912118
1783 1.02350371
1784 1.03229700
1785 1.03091412
1786 1.02754879
1787 1.03442372
1788 1.03613674
1789 1.04155476
1790 1.04111446
1791 1.04174543
1792 1.04526117
1793 1.03695686
1794 1.03978148
1795 1.03994611
1796 1.03988955
1797 1.02641851
1798 1.03392730
1799 1.02583596
1800 1.03711537
1801 1.04346940
1802 1.03193106
1803 1.04078886
1804 1.04165482
1805 1.03843789
1806 1.02754879
1807 1.02987903
1808 1.04240101
1809 1.03523887
1810 1.03183934
1811 1.03616489
1812 1.03176135
1813 1.03783854
1814 1.04001008
1815 1.03690497
1816 1.04268267
1817 1.04133899
1818 1.03391513
1819 1.03929800
1820 1.04354643
1821 1.04447370
1822 1.04143759
1823 1.03668795
1824 1.04519894
1825 1.04071613
1826 1.03446332
1827 1.02987903
1828 1.03597410
1829 1.03883670
1830 1.03512760
1831 1.02953115
1832 1.03769943
1833 1.03226105
1834 1.04245677
1835 1.03677797
1836 1.03888034
1837 1.04073038
1838 1.04127535
1839 1.03066937
1840 1.03015094
1841 1.03474958
1842 1.03182426
1843 1.03983811
1844 1.04478004
1845 1.03828488
1846 1.03432549
1847 1.04528605
1848 1.03597410
1849 1.03798938
1850 1.02892305
1851 1.02916389
1852 1.02525056
1853 1.03163813
1854 1.03456054
1855 1.04020295
1856 1.03504544
1857 1.03372729
1858 1.03813656
1859 1.03120159
1860 1.02639711
1861 1.03536729
1862 1.03216089
1863 1.02719574
1864 1.02797554
1865 1.02241864
1866 1.02106680
1867 1.02709255
1868 1.03683978
1869 1.03798938
1870 1.03984932
1871 1.03371014
1872 1.03841238
1873 1.03768090
1874 1.04423792
1875 1.03058671
1876 1.04302517
1877 1.04111174
1878 1.04102363
1879 1.04924856
1880 1.04823785
1881 1.04257544
1882 1.03807578
1883 1.04115614
1884 1.04376821
1885 1.03803860
1886 1.04481177
1887 1.03445640
1888 1.03898735
1889 1.03596005
1890 1.03984932
1891 1.02732823
1892 1.03659622
1893 1.03525423
1894 1.04652959
1895 1.02676567
1896 1.03989615
1897 1.04420658
1898 1.03740767
1899 1.03473503
1900 1.04680937
1901 1.03124628
1902 1.03525621
1903 1.03355742
1904 1.03507150
1905 1.03746559
1906 1.03954644
1907 1.03862340
1908 1.04439347
1909 1.04769037
1910 1.03139142
1911 1.02732823
1912 1.04306985
1913 1.02927421
1914 1.04598075
1915 1.03560906
1916 1.04536810
1917 1.03998272
1918 1.03888565
1919 1.03383464
1920 1.03886404
1921 1.04938257
1922 1.03908584
1923 1.03495931
1924 1.04703939
1925 1.03713733
1926 1.04231110
1927 1.03461834
1928 1.03746528
1929 1.03585583
1930 1.03542025
1931 1.03471180
1932 1.04306985
1933 1.03393211
1934 1.03919518
1935 1.04986566
1936 1.02402015
1937 1.03852223
1938 1.03596893
1939 1.03151492
1940 1.04732339
1941 1.03587425
1942 1.05053152
1943 1.03040628
1944 1.03558647
1945 1.03902204
1946 1.03541090
1947 1.04320104
1948 1.03670295
1949 1.03794789
1950 1.03730756
1951 1.03529821
1952 1.04332807
1953 1.03393211
1954 1.03275487
1955 1.03473176
1956 1.04009516
1957 1.04401594
1958 1.03229344
1959 1.02578055
1960 1.03978255
1961 1.03026266
1962 1.03042842
1963 1.02987819
1964 1.03064934
1965 1.02245554
1966 1.03280955
1967 1.03194595
1968 1.03131416
1969 1.03504766
1970 1.03508138
1971 1.03408248
1972 1.03933157
1973 1.03953424
1974 1.03275487
1975 1.03198552
1976 1.03823342
1977 1.03485917
1978 1.04296105
1979 1.03280023
1980 1.03756731
1981 1.04018996
1982 1.03034276
1983 1.03638400
1984 1.03491400
1985 1.03573036
1986 1.04161968
1987 1.03649981
1988 1.03330621
1989 1.03824262
1990 1.03016349
1991 1.03411519
1992 1.03882168
1993 1.02899179
1994 1.03450879
1995 1.03198552
1996 1.04433468
1997 1.02965938
1998 1.03306593
1999 1.04748817
2000 1.04077737
2001 1.03272251
2002 1.03827429
2003 1.03211807
2004 1.04240204
2005 1.04457152
2006 1.04015173
2007 1.03495190
2008 1.04335321
2009 1.03778528
2010 1.03239228
2011 1.03599232
2012 1.04196875
2013 1.03632001
2014 1.04290675
2015 1.03664566
2016 1.04433468
2017 1.02881595
2018 1.02411854
2019 1.02898085
2020 1.03477493
2021 1.03630353
2022 1.02682442
2023 1.02847436
2024 1.03294982
2025 1.03458663
2026 1.03009302
2027 1.03321870
2028 1.03018014
2029 1.03843486
2030 1.02633189
2031 1.02635737
2032 1.03265790
2033 1.03493655
2034 1.03826182
2035 1.03296893
2036 1.03956798
2037 1.02881595
2038 1.02697246
2039 1.03470877
2040 1.03414380
2041 1.02997330
2042 1.02427846
2043 1.04065180
2044 1.03098214
2045 1.03483718
2046 1.03434585
2047 1.03485624
2048 1.04054819
2049 1.03415664
2050 1.02739886
2051 1.03825065
2052 1.02523641
2053 1.02779672
2054 1.02446276
2055 1.03270849
2056 1.02572684
2057 1.03396508
2058 1.02697246
2059 1.03360236
2060 1.03472003
2061 1.03129152
2062 1.03726637
2063 1.03769895
2064 1.03612784
2065 1.03244570
2066 1.03743374
2067 1.02657791
2068 1.03946742
2069 1.04274390
2070 1.04319282
2071 1.04158127
2072 1.03228326
2073 1.04354238
2074 1.02907907
2075 1.04033196
2076 1.04063950
2077 1.03849213
2078 1.03026244
2079 1.03360236
2080 1.03949579
2081 1.03657768
2082 1.04271340
2083 1.04274378
2084 1.03277739
2085 1.03827163
2086 1.02966795
2087 1.03757149
2088 1.04501262
2089 1.03787158
2090 1.04529238
2091 1.03641337
2092 1.03407416
2093 1.03455284
2094 1.03624787
2095 1.03788468
2096 1.03338523
2097 1.04323029
2098 1.03913652
2099 1.03690221
2100 1.03949579
2101 1.03533126
2102 1.03151755
2103 1.02465405
2104 1.03505961
2105 1.04072486
2106 1.03024690
2107 1.03486547
2108 1.03060160
2109 1.03678498
2110 1.03182115
2111 1.03803735
2112 1.02984807
2113 1.03931186
2114 1.03626417
2115 1.03227675
2116 1.03519014
2117 1.03407849
2118 1.03505950
2119 1.03652033
2120 1.03285216
2121 1.03533126
2122 1.03298070
2123 1.02666357
2124 1.03498590
2125 1.03977546
2126 1.03042913
2127 1.04391242
2128 1.03385817
2129 1.03731022
2130 1.03573907
2131 1.03439037
2132 1.03917128
2133 1.03242038
2134 1.02972299
2135 1.03517507
2136 1.03296245
2137 1.02777543
2138 1.03897062
2139 1.03389391
2140 1.02816897
2141 1.03698888
2142 1.03298070
2143 1.04154297
2144 1.03968062
2145 1.04110421
2146 1.04195340
2147 1.03480071
2148 1.03936383
2149 1.03790421
2150 1.03727160
2151 1.04097599
2152 1.03696372
2153 1.03828930
2154 1.03849075
2155 1.04935812
2156 1.03487864
2157 1.04009327
2158 1.04339629
2159 1.04509167
2160 1.04131826
2161 1.04413048
2162 1.03931805
2163 1.04154297
2164 1.03938910
2165 1.04119016
2166 1.03509817
2167 1.03466915
2168 1.04139359
2169 1.03658562
2170 1.02957574
2171 1.03424165
2172 1.03422384
2173 1.04407844
2174 1.03151347
2175 1.03413318
2176 1.03318438
2177 1.03538763
2178 1.02983265
2179 1.03842779
2180 1.03395520
2181 1.03562118
2182 1.04457304
2183 1.03238796
2184 1.03938910
2185 1.03360340
2186 1.03464835
2187 1.02621014
2188 1.03157044
2189 1.03359743
2190 1.02808003
2191 1.03795336
2192 1.03445414
2193 1.02727913
2194 1.02890621
2195 1.02333396
2196 1.03013441
2197 1.02955535
2198 1.03588545
2199 1.03511152
2200 1.02675581
2201 1.02870595
2202 1.03382101
2203 1.02631936
2204 1.03135090
2205 1.03360340
2206 1.03026383
2207 1.02389512
2208 1.02689985
2209 1.03233108
2210 1.03040650
2211 1.03277410
2212 1.02614697
2213 1.03246051
2214 1.02555124
2215 1.02607798
2216 1.03226973
2217 1.02269925
2218 1.02665940
2219 1.02700207
2220 1.03099007
2221 1.02558944
2222 1.03124926
2223 1.04107924
2224 1.03376729
2225 1.02366508
2226 1.03026383
2227 1.02802642
2228 1.03417022
2229 1.03807181
2230 1.03466744
2231 1.03588822
2232 1.02838550
2233 1.03988705
2234 1.03966706
2235 1.02402963
2236 1.02995607
2237 1.03626977
2238 1.02454983
2239 1.03041385
2240 1.03661991
2241 1.03304604
2242 1.03773761
2243 1.03586872
2244 1.03798411
2245 1.03103794
2246 1.03571689
2247 1.02802642
2248 1.03510029
2249 1.03827308
2250 1.03702892
2251 1.04291503
2252 1.04136592
2253 1.04022233
2254 1.03792098
2255 1.03339714
2256 1.02927180
2257 1.02882485
2258 1.04342144
2259 1.03304113
2260 1.03485114
2261 1.03320523
2262 1.03175563
2263 1.03001053
2264 1.03370345
2265 1.03783527
2266 1.03230893
2267 1.02779715
2268 1.03510029
2269 1.02885428
2270 1.02594698
2271 1.03010787
2272 1.03624459
2273 1.02902881
2274 1.03135832
2275 1.02788587
2276 1.04147524
2277 1.03327861
2278 1.03408423
2279 1.03788975
2280 1.03474471
2281 1.03584351
2282 1.03759278
2283 1.03455581
2284 1.03152781
2285 1.03224737
2286 1.03079479
2287 1.03276881
2288 1.03159882
2289 1.02885428
2290 1.02517791
2291 1.03852948
2292 1.04189111
2293 1.03607731
2294 1.02186226
2295 1.03389277
2296 1.02455295
2297 1.03538911
2298 1.03003997
2299 1.02450783
2300 1.03341399
2301 1.03625220
2302 1.03444269
2303 1.04006135
2304 1.02871146
2305 1.03207314
2306 1.03505781
2307 1.03246053
2308 1.03435960
2309 1.03814907
2310 1.02517791
2311 1.04078732
2312 1.02879797
2313 1.03690323
2314 1.03887761
2315 1.04016990
2316 1.02866003
2317 1.04190775
2318 1.03941387
2319 1.03838563
2320 1.03201505
2321 1.03388374
2322 1.03968379
2323 1.03671562
2324 1.04287220
2325 1.03933244
2326 1.03880449
2327 1.03484588
2328 1.03465659
2329 1.03245317
2330 1.03621882
2331 1.04078732
2332 1.02448205
2333 1.02806648
2334 1.02899856
2335 1.02906141
2336 1.02651386
2337 1.02655446
2338 1.03559218
2339 1.02614752
2340 1.03543554
2341 1.02863790
2342 1.02433037
2343 1.03135937
2344 1.03412079
2345 1.02567721
2346 1.02573566
2347 1.02782582
2348 1.02362385
2349 1.03141502
2350 1.01808990
2351 1.03234350
2352 1.02448205
2353 1.02826610
2354 1.03906734
2355 1.03081599
2356 1.03465441
2357 1.04645924
2358 1.03762861
2359 1.03218997
2360 1.04174937
2361 1.03159991
2362 1.03577731
2363 1.02458508
2364 1.02939960
2365 1.03872327
2366 1.03582245
2367 1.03633794
2368 1.03521208
2369 1.03551048
2370 1.04813637
2371 1.03590831
2372 1.03125814
2373 1.02826610
2374 1.04878116
2375 1.02973014
2376 1.03631318
2377 1.02800586
2378 1.03649737
2379 1.03175685
2380 1.04026066
2381 1.03754511
2382 1.03067489
2383 1.04151552
2384 1.03808452
2385 1.02756244
2386 1.03689052
2387 1.03518428
2388 1.03453516
2389 1.03461583
2390 1.03059642
2391 1.04094542
2392 1.03822456
2393 1.04415939
2394 1.04878116
2395 1.03558849
2396 1.04454247
2397 1.03593301
2398 1.03797430
2399 1.04062670
2400 1.03329715
2401 1.04911355
2402 1.03749794
2403 1.03992698
2404 1.04642969
2405 1.04503306
2406 1.03698158
2407 1.03922214
2408 1.04015428
2409 1.03354872
2410 1.03834078
2411 1.04120142
2412 1.04378458
2413 1.04071553
2414 1.03996518
2415 1.03558849
2416 1.03238746
2417 1.02868028
2418 1.03725501
2419 1.03255784
2420 1.03746208
2421 1.03282314
2422 1.03246801
2423 1.04295065
2424 1.03911803
2425 1.03110887
2426 1.03493365
2427 1.04030678
2428 1.03977976
2429 1.02974128
2430 1.02612230
2431 1.04212935
2432 1.03488234
2433 1.03782667
2434 1.03316782
2435 1.03169827
2436 1.03238746
2437 1.02711973
2438 1.03200315
2439 1.02747489
2440 1.03557114
2441 1.02884769
2442 1.02919848
2443 1.02950724
2444 1.03311806
2445 1.03587513
2446 1.03044723
2447 1.03214626
2448 1.02805608
2449 1.03617751
2450 1.03419827
2451 1.03223681
2452 1.03139496
2453 1.02321221
2454 1.01937383
2455 1.03384599
2456 1.03524791
2457 1.02711973
2458 1.03921743
2459 1.03591636
2460 1.04229619
2461 1.03668954
2462 1.05031234
2463 1.04070280
2464 1.04543954
2465 1.03848116
2466 1.04315268
2467 1.04130927
2468 1.04136144
2469 1.03403342
2470 1.04111602
2471 1.03691295
2472 1.04622308
2473 1.03548083
2474 1.03652675
2475 1.03693028
2476 1.04406380
2477 1.04297090
2478 1.03921743
2479 1.04245250
2480 1.03872768
2481 1.02881859
2482 1.03677662
2483 1.02946364
2484 1.03447837
2485 1.03710489
2486 1.03829294
2487 1.03346001
2488 1.03402506
2489 1.03140296
2490 1.04316298
2491 1.02913397
2492 1.02885998
2493 1.03930756
2494 1.04026500
2495 1.03772317
2496 1.03161140
2497 1.03358054
2498 1.03535328
2499 1.04245250
2500 1.03758976
2501 1.03270763
2502 1.03405217
2503 1.03174583
2504 1.03254422
2505 1.03111204
2506 1.02822739
2507 1.04348295
2508 1.04148142
2509 1.04009649
2510 1.03764150
2511 1.04388958
2512 1.03006501
2513 1.03836639
2514 1.03652457
2515 1.03889200
2516 1.03478822
2517 1.03987226
2518 1.03424343
2519 1.04328201
2520 1.03758976
2521 1.03562547
2522 1.02838808
2523 1.03114110
2524 1.02412330
2525 1.03819090
2526 1.02717879
2527 1.03169708
2528 1.02436401
2529 1.02624662
2530 1.03408514
2531 1.03098876
2532 1.03333477
2533 1.03754117
2534 1.03586174
2535 1.03698850
2536 1.02979136
2537 1.02844013
2538 1.03453173
2539 1.03068253
2540 1.02399093
2541 1.03562547
2542 1.03919463
2543 1.03900859
2544 1.04593082
2545 1.03979605
2546 1.02863667
2547 1.03820660
2548 1.03841327
2549 1.03159089
2550 1.03444839
2551 1.02931008
2552 1.02899641
2553 1.02926670
2554 1.03824254
2555 1.03768483
2556 1.03142689
2557 1.04189846
2558 1.04208939
2559 1.03964801
2560 1.03247795
2561 1.02576187
2562 1.03919463
2563 1.03511959
2564 1.04136082
2565 1.03663716
2566 1.04092578
2567 1.04014464
2568 1.04575660
2569 1.03716222
2570 1.04792003
2571 1.04427318
2572 1.03552931
2573 1.04385397
2574 1.04348146
2575 1.04333982
2576 1.04219648
2577 1.04305322
2578 1.03999258
2579 1.04730495
2580 1.03868110
2581 1.03341304
2582 1.04052593
2583 1.03511959
2584 1.02889143
2585 1.03486659
2586 1.04079371
2587 1.02609758
2588 1.03113780
2589 1.03341291
2590 1.04047528
2591 1.03614767
2592 1.03446447
2593 1.02390353
2594 1.03434958
2595 1.02618572
2596 1.03122425
2597 1.03673823
2598 1.03954246
2599 1.03345929
2600 1.03887044
2601 1.03310502
2602 1.03251629
2603 1.03731225
2604 1.02889143
2605 1.03653025
2606 1.03100683
2607 1.03311000
2608 1.03974906
2609 1.02876356
2610 1.03539529
2611 1.03127339
2612 1.04073656
2613 1.02863044
2614 1.03679172
2615 1.03816494
2616 1.04108493
2617 1.03722791
2618 1.03966168
2619 1.03389590
2620 1.03605411
2621 1.02916215
2622 1.03487120
2623 1.04908636
2624 1.02641414
2625 1.03653025
2626 1.03564510
2627 1.04322009
2628 1.03764454
2629 1.03711804
2630 1.03092051
2631 1.03784798
2632 1.04025641
2633 1.02566374
2634 1.02839170
2635 1.03110511
2636 1.03559906
2637 1.03662674
2638 1.03622159
2639 1.03967023
2640 1.03779988
2641 1.03284763
2642 1.02776729
2643 1.02647906
2644 1.03613104
2645 1.03513693
2646 1.03564510
2647 1.03054187
2648 1.03078455
2649 1.02773457
2650 1.02701198
2651 1.04207416
2652 1.02858295
2653 1.02716954
2654 1.03295639
2655 1.03950446
2656 1.03046802
2657 1.04312257
2658 1.03024926
2659 1.04259083
2660 1.02552473
2661 1.03156134
2662 1.03870778
2663 1.02522564
2664 1.02987601
2665 1.03198332
2666 1.03364783
2667 1.03054187
2668 1.02997619
2669 1.04170980
2670 1.03401644
2671 1.03718892
2672 1.04090808
2673 1.03113559
2674 1.03201549
2675 1.03135671
2676 1.03277602
2677 1.03100538
2678 1.04095051
2679 1.02862151
2680 1.04258638
2681 1.03810454
2682 1.03848196
2683 1.03744588
2684 1.04678546
2685 1.03292493
2686 1.02370298
2687 1.02565756
2688 1.02997619
2689 1.03462513
2690 1.04646120
2691 1.03892842
2692 1.04231989
2693 1.03994878
2694 1.04712571
2695 1.04162244
2696 1.03353341
2697 1.03660341
2698 1.04798560
2699 1.04536754
2700 1.04639492
2701 1.04235515
2702 1.04534743
2703 1.03480484
2704 1.04305214
2705 1.04638345
2706 1.04143889
2707 1.03300577
2708 1.02923897
2709 1.03462513
2710 1.03979600
2711 1.04063674
2712 1.04394473
2713 1.03678756
2714 1.02887440
2715 1.03942769
2716 1.03421102
2717 1.03675717
2718 1.03740487
2719 1.04474171
2720 1.03933221
2721 1.03871009
2722 1.03964624
2723 1.03395688
2724 1.03965266
2725 1.03579178
2726 1.03410691
2727 1.03608598
2728 1.04635165
2729 1.03808450
2730 1.03979600
2731 1.02921606
2732 1.03186653
2733 1.03223697
2734 1.03460772
2735 1.02645009
2736 1.02934723
2737 1.03365362
2738 1.03082641
2739 1.03506752
2740 1.03584239
2741 1.02152288
2742 1.03689997
2743 1.03263065
2744 1.03326013
2745 1.02957831
2746 1.02789266
2747 1.03316980
2748 1.02761697
2749 1.03348324
2750 1.03807072
2751 1.02921606
2752 1.02704127
2753 1.03525771
2754 1.05000632
2755 1.04664689
2756 1.04973038
2757 1.03419346
2758 1.03610673
2759 1.03882262
2760 1.04365537
2761 1.05320385
2762 1.03544649
2763 1.04487406
2764 1.04437498
2765 1.03696611
2766 1.04291271
2767 1.04323971
2768 1.03383528
2769 1.04010862
2770 1.04554882
2771 1.04597369
2772 1.02704127
2773 0.97778233
2774 0.98985409
2775 0.99929087
2776 1.00775780
2777 1.00555097
2778 1.01252573
2779 1.01826235
2780 1.01007719
2781 1.01571285
2782 1.02027559
2783 1.02141365
2784 1.01297931
2785 1.02354422
2786 1.02038091
2787 1.01733422
2788 1.00128534
2789 1.00478747
2790 1.00053640
2791 0.99261231
2792 0.99689199
2793 0.97778233
2794 1.03660357
2795 1.03470566
2796 1.03959949
2797 1.03447255
2798 1.03341365
2799 1.03721886
2800 1.03433591
2801 1.03997413
2802 1.04138003
2803 1.04258155
2804 1.03989630
2805 1.04155965
2806 1.04407155
2807 1.04546771
2808 1.03462757
2809 1.04276863
2810 1.03736585
2811 1.04073841
2812 1.03500134
2813 1.04765185
2814 1.03660357
2815 1.03355022
2816 1.03431267
2817 1.02918880
2818 1.03433659
2819 1.02982332
2820 1.03371771
2821 1.02940010
2822 1.03398757
2823 1.03334765
2824 1.02315734
2825 1.04149361
2826 1.02825454
2827 1.03432459
2828 1.04121961
2829 1.03805045
2830 1.02941285
2831 1.03691623
2832 1.04088221
2833 1.02670873
2834 1.02829719
2835 1.03355022
2836 1.03353555
2837 1.03968318
2838 1.04095686
2839 1.03243555
2840 1.03824718
2841 1.03528060
2842 1.03075856
2843 1.04256857
2844 1.04313299
2845 1.03879162
2846 1.03932827
2847 1.03725063
2848 1.03181770
2849 1.03687212
2850 1.03783234
2851 1.04477043
2852 1.03707784
2853 1.03624698
2854 1.04091719
2855 1.03659711
2856 1.03353555
2857 1.02038076
2858 1.02660911
2859 1.02147745
2860 1.02884223
2861 1.02486327
2862 1.03890061
2863 1.04013936
2864 1.02410117
2865 1.03347799
2866 1.02429023
2867 1.03376335
2868 1.03780299
2869 1.03066421
2870 1.03197298
2871 1.02347921
2872 1.02988402
2873 1.03017649
2874 1.02207606
2875 1.02367505
2876 1.03039303
2877 1.02038076
2878 1.03218370
2879 1.03315050
2880 1.03442149
2881 1.04129769
2882 1.02775625
2883 1.03630456
2884 1.02937071
2885 1.03108580
2886 1.02448041
2887 1.03560089
2888 1.02328340
2889 1.03403817
2890 1.03936769
2891 1.03341231
2892 1.02840923
2893 1.03778352
2894 1.03113236
2895 1.02820693
2896 1.03760149
2897 1.03465668
2898 1.03218370
2899 1.02646163
2900 1.03642277
2901 1.02774075
2902 1.02294917
2903 1.02888778
2904 1.02507658
2905 1.03425016
2906 1.02599926
2907 1.03068739
2908 1.02929687
2909 1.03098615
2910 1.04188444
2911 1.03295016
2912 1.03440685
2913 1.02860824
2914 1.02931458
2915 1.03057686
2916 1.03268520
2917 1.02585353
2918 1.02708752
2919 1.02646163
2920 1.03409144
2921 1.03655077
2922 1.02273648
2923 1.03264114
2924 1.03088788
2925 1.02619440
2926 1.03135557
2927 1.03646491
2928 1.03389688
2929 1.02817691
2930 1.03255720
2931 1.03102044
2932 1.03135171
2933 1.03541172
2934 1.03200165
2935 1.03402997
2936 1.02759865
2937 1.02109069
2938 1.02995493
2939 1.02668844
2940 1.03409144
2941 1.04588560
2942 1.03628784
2943 1.03920911
2944 1.04428824
2945 1.04738505
2946 1.03347002
2947 1.04769333
2948 1.03723160
2949 1.04866215
2950 1.03101515
2951 1.04399241
2952 1.03519530
2953 1.04538247
2954 1.03843290
2955 1.04533564
2956 1.03965138
2957 1.04802843
2958 1.04514215
2959 1.04508456
2960 1.03372075
2961 1.04588560
2962 1.02667429
2963 1.02415170
2964 1.03914376
2965 1.02065841
2966 1.03932883
2967 1.03658111
2968 1.03002449
2969 1.03421900
2970 1.03355642
2971 1.02335354
2972 1.03455837
2973 1.03089761
2974 1.03791992
2975 1.03030169
2976 1.03572896
2977 1.03638314
2978 1.03616757
2979 1.03889656
2980 1.02935334
2981 1.03174538
2982 1.02667429
2983 1.02800682
2984 1.02352225
2985 1.02961335
2986 1.02481064
2987 1.01894264
2988 1.02110165
2989 1.03171900
2990 1.02928903
2991 1.02792783
2992 1.03195110
2993 1.02888302
2994 1.02502174
2995 1.02113736
2996 1.02408879
2997 1.01850339
2998 1.02662002
2999 1.02921416
3000 1.02398942
3001 1.02980022
3002 1.02404866
3003 1.02800682
3004 1.03783363
3005 1.03882138
3006 1.03810009
3007 1.03772276
3008 1.03938060
3009 1.03538769
3010 1.03831027
3011 1.04289664
3012 1.03543157
3013 1.04032376
3014 1.04330091
3015 1.03539876
3016 1.03453427
3017 1.04329458
3018 1.03145101
3019 1.03701760
3020 1.04192257
3021 1.03834832
3022 1.02776792
3023 1.04094760
3024 1.03783363
