index DenDen_position
1 1.65957855
2 1.61073505
3 1.57264953
4 1.54897604
5 1.53465924
6 1.51903233
7 1.51071802
8 1.49898430
9 1.49018760
10 1.48907481
11 1.48103397
12 1.48605069
13 1.48676433
14 1.49667892
15 1.50175435
16 1.51561742
17 1.52076008
18 1.55085004
19 1.57902149
20 1.61376068
21 1.65957855
22 0.96932540
23 0.97161049
24 0.98575255
25 0.99711404
26 0.99236586
27 1.00050184
28 0.99816336
29 1.00314093
30 1.01507115
31 1.00804495
32 1.01069572
33 1.00433044
34 1.02213427
35 1.01386397
36 1.00732207
37 1.00670795
38 0.99788090
39 0.99230318
40 0.98354297
41 0.98035586
42 0.96932540
43 1.02083278
44 1.02231339
45 1.02484194
46 1.02907364
47 1.01637895
48 1.02981607
49 1.01534889
50 1.02501905
51 1.02185677
52 1.02198161
53 1.01530287
54 1.02218865
55 1.02678574
56 1.01202324
57 1.02355835
58 1.02863069
59 1.02407451
60 1.02071820
61 1.02294816
62 1.01782431
63 1.02083278
64 1.02349519
65 1.03171635
66 1.03673142
67 1.01800666
68 1.02301784
69 1.02125483
70 1.02606513
71 1.02451612
72 1.01706581
73 1.02116176
74 1.02369357
75 1.02003733
76 1.02136372
77 1.02376993
78 1.00981409
79 1.02521042
80 1.02839980
81 1.02579173
82 1.02998483
83 1.01859322
84 1.02349519
85 1.02296572
86 1.02010036
87 1.02088773
88 1.02150071
89 1.02552785
90 1.02278883
91 1.01732466
92 1.02907639
93 1.03045700
94 1.02727580
95 1.02521936
96 1.01417694
97 1.03376558
98 1.02240934
99 1.01943776
100 1.02668007
101 1.02615967
102 1.02724673
103 1.02672204
104 1.02572356
105 1.02296572
106 1.03201505
107 1.03537306
108 1.02683261
109 1.01681025
110 1.02957621
111 1.02976840
112 1.02968274
113 1.02541777
114 1.02237876
115 1.03059915
116 1.02517062
117 1.01839131
118 1.02717041
119 1.03254249
120 1.02465173
121 1.03323622
122 1.02687511
123 1.02298437
124 1.02849350
125 1.03342981
126 1.03201505
127 1.03607043
128 1.03999049
129 1.02924648
130 1.03418491
131 1.03188490
132 1.03227354
133 1.03276577
134 1.04423215
135 1.03267935
136 1.04490566
137 1.04334394
138 1.05209071
139 1.02754727
140 1.03916624
141 1.04492216
142 1.04048868
143 1.03142804
144 1.03802049
145 1.03218884
146 1.03591419
147 1.03607043
148 1.03163562
149 1.02138491
150 1.03102561
151 1.02377680
152 1.03225508
153 1.04031128
154 1.02591629
155 1.04012433
156 1.03575983
157 1.02566565
158 1.02929549
159 1.03543452
160 1.02609834
161 1.02174964
162 1.03379169
163 1.02464889
164 1.03189358
165 1.04279350
166 1.01670335
167 1.03179162
168 1.03163562
169 1.02503244
170 1.01697194
171 1.03278113
172 1.02797132
173 1.03162401
174 1.02741217
175 1.01939888
176 1.02448129
177 1.02089096
178 1.02054101
179 1.02955883
180 1.03217960
181 1.02534422
182 1.02360731
183 1.02854320
184 1.01731706
185 1.01344429
186 1.02574498
187 1.02177365
188 1.02468340
189 1.02503244
190 1.02712122
191 1.02351847
192 1.03397829
193 1.02194916
194 1.02730205
195 1.02477385
196 1.01856642
197 1.02185706
198 1.02529559
199 1.02337872
200 1.02299479
201 1.02543165
202 1.02938904
203 1.02168243
204 1.02252677
205 1.01612871
206 1.02593398
207 1.02728679
208 1.02643941
209 1.02270664
210 1.02712122
211 1.02415341
212 1.02179163
213 1.02169523
214 1.01971941
215 1.02246958
216 1.02098218
217 1.02958761
218 1.01984830
219 1.01944265
220 1.02283438
221 1.02290193
222 1.03269030
223 1.02032797
224 1.02241396
225 1.02313446
226 1.02173961
227 1.02251415
228 1.02323354
229 1.03086932
230 1.02336755
231 1.02415341
232 0.97993652
233 0.97968307
234 0.97990826
235 0.99521922
236 0.99764096
237 1.00182956
238 1.00379846
239 1.00284486
240 0.99866246
241 1.00888515
242 1.00915082
243 1.01315089
244 1.00374926
245 1.00732316
246 1.00667092
247 0.99421390
248 1.00136891
249 0.98866578
250 0.98651110
251 0.97738798
252 0.97993652
253 0.97682093
254 0.98282339
255 0.99819328
256 1.00247670
257 1.01755090
258 1.00687672
259 1.00716814
260 1.01713362
261 1.01778152
262 1.01005057
263 1.01316656
264 1.01506407
265 1.01971210
266 1.01518759
267 1.01345429
268 1.01058219
269 1.00425665
270 1.00322537
271 0.99896357
272 0.98551318
273 0.97682093
274 1.03215075
275 1.03346853
276 1.02076935
277 1.03218001
278 1.03345576
279 1.03835322
280 1.03490507
281 1.03654527
282 1.02726390
283 1.03309450
284 1.03084166
285 1.03351466
286 1.03293080
287 1.03384531
288 1.02273963
289 1.02376744
290 1.02820296
291 1.02692831
292 1.03262639
293 1.02323881
294 1.03215075
295 1.02091301
296 1.01178037
297 1.01770418
298 1.02577907
299 1.02063646
300 1.01394759
301 1.02175984
302 1.01675252
303 1.02272772
304 1.02311833
305 1.02617039
306 1.03008312
307 1.01474282
308 1.02404129
309 1.01695951
310 1.01946770
311 1.02220043
312 1.01925671
313 1.01632679
314 1.02118761
315 1.02091301
316 1.03291821
317 1.02133028
318 1.03014416
319 1.03357949
320 1.02882879
321 1.02791790
322 1.03163134
323 1.02610382
324 1.04262955
325 1.02899074
326 1.03116124
327 1.03721640
328 1.02922674
329 1.02585469
330 1.03213777
331 1.03280163
332 1.03302839
333 1.03505104
334 1.03075434
335 1.02864136
336 1.03291821
337 1.03167919
338 1.01695740
339 1.02325219
340 1.02464919
341 1.02372143
342 1.02877326
343 1.02767038
344 1.02747215
345 1.03227517
346 1.02585468
347 1.03440586
348 1.02535976
349 1.03304478
350 1.02092200
351 1.02649228
352 1.02226658
353 1.01813692
354 1.02957390
355 1.02404221
356 1.01664319
357 1.03167919
358 1.01331669
359 1.01465334
360 1.02494383
361 1.02686780
362 1.01930134
363 1.02684533
364 1.02615013
365 1.02406403
366 1.02229102
367 1.02762019
368 1.02870585
369 1.02871513
370 1.03176546
371 1.01984379
372 1.02960300
373 1.02764062
374 1.02583630
375 1.02336652
376 1.02397722
377 1.02396744
378 1.01331669
379 1.02556872
380 1.02359340
381 1.03463547
382 1.03285653
383 1.03266538
384 1.02667520
385 1.03151248
386 1.02643388
387 1.02960432
388 1.02956591
389 1.03381585
390 1.02758564
391 1.03880352
392 1.02945538
393 1.02430024
394 1.03354773
395 1.04417296
396 1.02691795
397 1.02867126
398 1.02570139
399 1.02556872
400 1.01788348
401 1.02683687
402 1.02833194
403 1.02208630
404 1.03293814
405 1.02830260
406 1.02702423
407 1.03646193
408 1.01750939
409 1.02728657
410 1.03121378
411 1.02028744
412 1.02304852
413 1.02825528
414 1.01941068
415 1.02555970
416 1.03233144
417 1.02497880
418 1.02227289
419 1.02076012
420 1.01788348
421 1.03125020
422 1.03659033
423 1.03263541
424 1.02857434
425 1.03487767
426 1.02925522
427 1.02461816
428 1.02426172
429 1.03897535
430 1.02361609
431 1.02675378
432 1.02785727
433 1.02989233
434 1.03136941
435 1.03351644
436 1.02799738
437 1.03046259
438 1.02901847
439 1.03419006
440 1.02778854
441 1.03125020
442 1.02525799
443 1.02583484
444 1.02850118
445 1.01991944
446 1.03171873
447 1.02118872
448 1.02184528
449 1.02412447
450 1.02756461
451 1.02468572
452 1.02643118
453 1.02915449
454 1.03142290
455 1.02649041
456 1.02498014
457 1.00674940
458 1.02975093
459 1.03691870
460 1.02430132
461 1.02270606
462 1.02525799
463 1.02784203
464 1.02367821
465 1.02306857
466 1.03142948
467 1.02793767
468 1.03095828
469 1.01522763
470 1.01539154
471 1.02404263
472 1.01835387
473 1.02000043
474 1.02759642
475 1.01650384
476 1.01372041
477 1.02045084
478 1.02255606
479 1.01663190
480 1.02725876
481 1.02136375
482 1.02408981
483 1.02784203
484 1.02870250
485 1.03221470
486 1.03673555
487 1.03531982
488 1.03002688
489 1.03878292
490 1.04084199
491 1.03935694
492 1.04250966
493 1.03737016
494 1.03588225
495 1.04125725
496 1.03243753
497 1.03853123
498 1.03241598
499 1.03075534
500 1.04266267
501 1.03628048
502 1.03556143
503 1.03804581
504 1.02870250
505 1.01897175
506 1.03696981
507 1.03836128
508 1.02778174
509 1.03137830
510 1.03835901
511 1.03027866
512 1.02126552
513 1.02902968
514 1.03425730
515 1.03377284
516 1.03245137
517 1.02768466
518 1.03536024
519 1.02589493
520 1.03215947
521 1.03007597
522 1.02725129
523 1.03202305
524 1.02827862
525 1.01897175
526 1.02437884
527 1.04297409
528 1.03225813
529 1.02693707
530 1.04018989
531 1.03829491
532 1.03470223
533 1.03734554
534 1.02844988
535 1.02974228
536 1.03999773
537 1.03245208
538 1.03342930
539 1.02465581
540 1.03104630
541 1.02840585
542 1.03653051
543 1.03492450
544 1.03821014
545 1.03249047
546 1.02437884
547 1.02092495
548 1.02742542
549 1.02146329
550 1.01847602
551 1.02541790
552 1.02119881
553 1.02806818
554 1.03018420
555 1.01285245
556 1.02539697
557 1.02330874
558 1.01698826
559 1.01727342
560 1.02529837
561 1.02260041
562 1.02427678
563 1.01950379
564 1.02519844
565 1.02213907
566 1.02660729
567 1.02092495
568 1.03202830
569 1.03149691
570 1.02446199
571 1.03652185
572 1.02901071
573 1.04359300
574 1.02627809
575 1.03118403
576 1.03359365
577 1.03298924
578 1.02761715
579 1.03986818
580 1.03649086
581 1.02620000
582 1.02491514
583 1.02983238
584 1.02439914
585 1.03102555
586 1.03179400
587 1.02615551
588 1.03202830
589 1.03133608
590 1.02235526
591 1.03013126
592 1.01416483
593 1.03116810
594 1.03755650
595 1.03427336
596 1.03695461
597 1.02307192
598 1.02880265
599 1.04292675
600 1.03584872
601 1.02497617
602 1.03752789
603 1.03241268
604 1.03159015
605 1.03202131
606 1.03631594
607 1.03503411
608 1.03474700
609 1.03133608
610 1.02320979
611 1.01659169
612 1.02230186
613 1.02981370
614 1.02010909
615 1.02190119
616 1.02667678
617 1.01977559
618 1.02728096
619 1.02443736
620 1.01897581
621 1.02135719
622 1.02986235
623 1.02411905
624 1.02616771
625 1.01972322
626 1.03198756
627 1.02137102
628 1.02886309
629 1.02679629
630 1.02320979
631 1.02432474
632 1.02644621
633 1.02443199
634 1.03353247
635 1.03123235
636 1.03342223
637 1.02059405
638 1.03445063
639 1.02941632
640 1.03075420
641 1.03252900
642 1.02991628
643 1.03253287
644 1.02888094
645 1.01980362
646 1.03702959
647 1.02108048
648 1.03007488
649 1.02599341
650 1.02577961
651 1.02432474
652 1.02648664
653 1.02100125
654 1.03001889
655 1.03039169
656 1.03255505
657 1.03088263
658 1.03868263
659 1.03225804
660 1.02703654
661 1.02339394
662 1.02843853
663 1.02898949
664 1.02618903
665 1.03162004
666 1.02840469
667 1.01744250
668 1.02671423
669 1.02234805
670 1.03341268
671 1.01611866
672 1.02648664
673 1.02452760
674 1.02577101
675 1.02747037
676 1.02021273
677 1.01853436
678 1.02086718
679 1.02681866
680 1.02255725
681 1.01943268
682 1.01937504
683 1.01770410
684 1.02917558
685 1.02268075
686 1.03188392
687 1.02312779
688 1.01701464
689 1.02149956
690 1.01692016
691 1.01823597
692 1.00860931
693 1.02452760
694 1.03824454
695 1.03278404
696 1.04131756
697 1.03479636
698 1.03271958
699 1.02872605
700 1.04845188
701 1.04361864
702 1.03458608
703 1.02606784
704 1.03088388
705 1.03314111
706 1.04388527
707 1.03220244
708 1.03805366
709 1.03384712
710 1.04058201
711 1.03112007
712 1.03748767
713 1.03605806
714 1.03824454
715 1.02311826
716 1.02925621
717 1.02904278
718 1.03093331
719 1.03033618
720 1.02283074
721 1.02065065
722 1.03299789
723 1.04006375
724 1.02709583
725 1.02193168
726 1.03144617
727 1.03788237
728 1.03237529
729 1.02728853
730 1.01879295
731 1.03670867
732 1.02492287
733 1.03529542
734 1.03439356
735 1.02311826
736 1.02247102
737 1.02665467
738 1.03504966
739 1.02821195
740 1.03299101
741 1.02898576
742 1.02106083
743 1.02478791
744 1.03020031
745 1.02569121
746 1.02784811
747 1.02564522
748 1.02810806
749 1.02732156
750 1.01869295
751 1.02596044
752 1.02310045
753 1.02838787
754 1.03517985
755 1.03295558
756 1.02247102
757 1.02743838
758 1.02222689
759 1.02372095
760 1.02094220
761 1.02832903
762 1.02720872
763 1.02665824
764 1.01206935
765 1.02275318
766 1.02641389
767 1.02401142
768 1.03143469
769 1.02347730
770 1.01901639
771 1.02936598
772 1.03812035
773 1.02332927
774 1.02819983
775 1.03250632
776 1.02743687
777 1.02743838
778 1.03389614
779 1.02355201
780 1.02468365
781 1.03127158
782 1.04040257
783 1.02208345
784 1.03017143
785 1.03088893
786 1.02650254
787 1.01462312
788 1.02920821
789 1.03060771
790 1.03057023
791 1.02911298
792 1.02815932
793 1.03136613
794 1.02207110
795 1.01906293
796 1.02684596
797 1.02582928
798 1.03389614
799 1.02189000
800 1.02568957
801 1.01712994
802 1.02763549
803 1.02341398
804 1.01711421
805 1.01856223
806 1.02612232
807 1.02550754
808 1.02868224
809 1.03075734
810 1.01529386
811 1.01819272
812 1.03026624
813 1.02144559
814 1.02188631
815 1.02518605
816 1.01808909
817 1.02897075
818 1.02468390
819 1.02189000
820 1.02664752
821 1.02634894
822 1.01781949
823 1.02192868
824 1.02556481
825 1.01800922
826 1.02269706
827 1.01847161
828 1.02415870
829 1.02741025
830 1.02701295
831 1.01641343
832 1.01081203
833 1.01866868
834 1.01981262
835 1.02008057
836 1.01632352
837 1.01385022
838 1.02402015
839 1.02431415
840 1.02664752
841 1.03819987
842 1.04159079
843 1.04009640
844 1.03056748
845 1.03500121
846 1.02262946
847 1.03148211
848 1.02417131
849 1.03562725
850 1.04583468
851 1.03027407
852 1.03292685
853 1.03132528
854 1.02533420
855 1.02960266
856 1.04255806
857 1.03315111
858 1.03808837
859 1.02484681
860 1.02930119
861 1.03819987
862 1.03084262
863 1.02928808
864 1.03108334
865 1.03165642
866 1.02748570
867 1.02383891
868 1.03588977
869 1.02532070
870 1.02707239
871 1.02497843
872 1.02773758
873 1.02663339
874 1.02236755
875 1.03674235
876 1.02891792
877 1.02262963
878 1.02808717
879 1.03084279
880 1.01918938
881 1.02227215
882 1.03084262
883 1.03693186
884 1.02886902
885 1.03912562
886 1.03051546
887 1.03173534
888 1.02815806
889 1.03544311
890 1.02831168
891 1.04077170
892 1.02512279
893 1.03193417
894 1.02785501
895 1.03072439
896 1.04088701
897 1.02782889
898 1.03944951
899 1.02657154
900 1.03320069
901 1.02810788
902 1.03746975
903 1.03693186
904 1.02767121
905 1.03532675
906 1.02620695
907 1.03427348
908 1.03302400
909 1.03056380
910 1.02453069
911 1.02509962
912 1.01814717
913 1.02985096
914 1.03424222
915 1.02015090
916 1.02456695
917 1.02856451
918 1.03192218
919 1.02706157
920 1.02554807
921 1.02008207
922 1.03400097
923 1.03519082
924 1.02767121
925 1.02528179
926 1.02602141
927 1.02053443
928 1.02583187
929 1.02997358
930 1.02614181
931 1.02053518
932 1.02968438
933 1.02446622
934 1.02765429
935 1.02054033
936 1.01633206
937 1.02876327
938 1.02032231
939 1.02691342
940 1.02488682
941 1.04211465
942 1.02579980
943 1.02494033
944 1.03224001
945 1.02528179
946 1.02057497
947 1.02395659
948 1.01720337
949 1.01549711
950 1.02991957
951 1.01416599
952 1.01233757
953 1.01415861
954 1.02347981
955 1.01780830
956 1.02436424
957 1.02559985
958 1.01885423
959 1.01804682
960 1.01491904
961 1.01876480
962 1.01159711
963 1.01966706
964 1.01775615
965 1.02142101
966 1.02057497
967 1.02823042
968 1.02181376
969 1.02860130
970 1.02993690
971 1.01962461
972 1.02666472
973 1.02649155
974 1.02306297
975 1.03169392
976 1.02334842
977 1.02097244
978 1.02766961
979 1.01629480
980 1.02779115
981 1.02193737
982 1.02730874
983 1.02976410
984 1.02756597
985 1.01745689
986 1.02205813
987 1.02823042
988 1.03570014
989 1.04885441
990 1.03328612
991 1.03624796
992 1.03192583
993 1.02978365
994 1.03078677
995 1.03779590
996 1.03244748
997 1.02456145
998 1.03247190
999 1.03182781
1000 1.03776195
1001 1.03586408
1002 1.03514509
1003 1.04313328
1004 1.03662638
1005 1.03905755
1006 1.04022129
1007 1.03262480
1008 1.03570014
1009 1.01848210
1010 1.02194626
1011 1.02719990
1012 1.02386941
1013 1.02392375
1014 1.02423701
1015 1.02445925
1016 1.02461973
1017 1.01861463
1018 1.01590406
1019 1.02515657
1020 1.03393564
1021 1.01838489
1022 1.03051806
1023 1.02024167
1024 1.03232009
1025 1.02615589
1026 1.01949390
1027 1.03044574
1028 1.02540792
1029 1.01848210
1030 1.03041936
1031 1.04144188
1032 1.02467213
1033 1.03698180
1034 1.02673596
1035 1.02073752
1036 1.02830989
1037 1.03216159
1038 1.03407895
1039 1.03690047
1040 1.03008206
1041 1.03027565
1042 1.03199004
1043 1.03698987
1044 1.03033779
1045 1.02391345
1046 1.03442589
1047 1.03533167
1048 1.02937036
1049 1.02964309
1050 1.03041936
1051 1.03232449
1052 1.04266407
1053 1.03667758
1054 1.02950417
1055 1.03372980
1056 1.03946858
1057 1.02525950
1058 1.03357713
1059 1.03211265
1060 1.02978182
1061 1.02565994
1062 1.02963916
1063 1.02716011
1064 1.02093878
1065 1.03211404
1066 1.02886307
1067 1.02071660
1068 1.03424198
1069 1.02648663
1070 1.03181731
1071 1.03232449
1072 1.02931857
1073 1.02810566
1074 1.02530093
1075 1.02093165
1076 1.02706367
1077 1.02570569
1078 1.02644221
1079 1.03038122
1080 1.02976585
1081 1.03314747
1082 1.02666338
1083 1.02542033
1084 1.02986646
1085 1.01780289
1086 1.03769131
1087 1.02845064
1088 1.02019500
1089 1.02750914
1090 1.02487599
1091 1.02709355
1092 1.02931857
1093 1.02571338
1094 1.01899467
1095 1.02459289
1096 1.02732242
1097 1.01977520
1098 1.03155300
1099 1.02082616
1100 1.02288915
1101 1.02288403
1102 1.02496080
1103 1.02542442
1104 1.01941461
1105 1.02409774
1106 1.02721671
1107 1.02671024
1108 1.02653343
1109 1.03613676
1110 1.02474136
1111 1.03108455
1112 1.02399335
1113 1.02571338
1114 1.02317176
1115 1.02813889
1116 1.03256331
1117 1.03023146
1118 1.02936844
1119 1.03473618
1120 1.03249351
1121 1.03040788
1122 1.03012783
1123 1.03300712
1124 1.02463010
1125 1.02559107
1126 1.03217014
1127 1.03207904
1128 1.02888251
1129 1.03478761
1130 1.02548083
1131 1.03953120
1132 1.03208851
1133 1.03054532
1134 1.02317176
1135 1.02471158
1136 1.02977160
1137 1.02132334
1138 1.03043708
1139 1.02851234
1140 1.03073020
1141 1.02466892
1142 1.02365831
1143 1.02721969
1144 1.03162904
1145 1.02700511
1146 1.03346890
1147 1.03694500
1148 1.02806306
1149 1.02145937
1150 1.02499656
1151 1.01720357
1152 1.02357177
1153 1.01877385
1154 1.01482255
1155 1.02471158
1156 1.02935792
1157 1.03317538
1158 1.02295116
1159 1.03071333
1160 1.02471577
1161 1.03385811
1162 1.03803283
1163 1.03237523
1164 1.02151600
1165 1.03278168
1166 1.02963751
1167 1.02225264
1168 1.03163698
1169 1.02905940
1170 1.02683242
1171 1.02482661
1172 1.02304148
1173 1.03166375
1174 1.02581837
1175 1.02231840
1176 1.02935792
1177 1.01694151
1178 1.02284090
1179 1.01000581
1180 1.02729935
1181 1.03494701
1182 1.02853737
1183 1.02875510
1184 1.03292066
1185 1.02305651
1186 1.02271413
1187 1.02254073
1188 1.03387946
1189 1.03041629
1190 1.01948150
1191 1.02012198
1192 1.03071352
1193 1.02756570
1194 1.02177243
1195 1.02645882
1196 1.02461130
1197 1.01694151
1198 1.02606872
1199 1.03030205
1200 1.02711570
1201 1.02441319
1202 1.03559192
1203 1.03868545
1204 1.02435821
1205 1.03332973
1206 1.02508023
1207 1.03166829
1208 1.03407454
1209 1.02788961
1210 1.02669342
1211 1.03119652
1212 1.03638094
1213 1.02417882
1214 1.03208046
1215 1.02921015
1216 1.02960452
1217 1.03658871
1218 1.02606872
1219 1.01586570
1220 1.03235348
1221 1.02979174
1222 1.02585292
1223 1.02476173
1224 1.02714628
1225 1.02666261
1226 1.04335370
1227 1.02327970
1228 1.03655165
1229 1.02808534
1230 1.03070308
1231 1.03187811
1232 1.02737351
1233 1.03080673
1234 1.03131874
1235 1.03605377
1236 1.02685248
1237 1.03303805
1238 1.03281525
1239 1.01586570
1240 1.02544804
1241 1.03052174
1242 1.01964295
1243 1.01972782
1244 1.02461852
1245 1.03004248
1246 1.01869268
1247 1.02468646
1248 1.02187734
1249 1.02599369
1250 1.02570836
1251 1.02610662
1252 1.02877376
1253 1.03490404
1254 1.02247809
1255 1.01108362
1256 1.02521954
1257 1.02112693
1258 1.03129567
1259 1.02373265
1260 1.02544804
1261 1.01917159
1262 1.03098689
1263 1.02142844
1264 1.03524629
1265 1.02639982
1266 1.01586836
1267 1.01299154
1268 1.02551329
1269 1.02739790
1270 1.02426303
1271 1.02869172
1272 1.01584833
1273 1.01496606
1274 1.02578496
1275 1.02008598
1276 1.03013931
1277 1.02600059
1278 1.03569905
1279 1.03033871
1280 1.02284286
1281 1.01917159
1282 1.02408125
1283 1.02206733
1284 1.03757600
1285 1.02087427
1286 1.01615226
1287 1.02911961
1288 1.03535963
1289 1.02235574
1290 1.02842785
1291 1.02629994
1292 1.02948136
1293 1.03203151
1294 1.03304251
1295 1.03163881
1296 1.02216913
1297 1.02842830
1298 1.02880817
1299 1.03026725
1300 1.03461523
1301 1.02493488
1302 1.02408125
1303 1.03586156
1304 1.02858504
1305 1.03665708
1306 1.03015853
1307 1.03333664
1308 1.03537233
1309 1.03033958
1310 1.03153045
1311 1.02774611
1312 1.03392169
1313 1.02951630
1314 1.03438287
1315 1.03214909
1316 1.02466002
1317 1.03543320
1318 1.03937926
1319 1.03224594
1320 1.03217222
1321 1.02928710
1322 1.02721820
1323 1.03586156
1324 1.01843156
1325 1.01990760
1326 1.01825843
1327 1.01896285
1328 1.01503502
1329 1.01891067
1330 1.02560624
1331 1.01839935
1332 1.01544508
1333 1.02605606
1334 1.02588718
1335 1.01837116
1336 1.02216732
1337 1.02573378
1338 1.01830201
1339 1.02572484
1340 1.01683752
1341 1.02848068
1342 1.02060915
1343 1.02688541
1344 1.01843156
1345 1.03522623
1346 1.03194797
1347 1.03011505
1348 1.02989732
1349 1.02679389
1350 1.03548870
1351 1.03623200
1352 1.04085448
1353 1.02750340
1354 1.02585557
1355 1.03212812
1356 1.02990655
1357 1.02804849
1358 1.03089683
1359 1.02577050
1360 1.03572704
1361 1.03512199
1362 1.04015592
1363 1.02759359
1364 1.04129532
1365 1.03522623
1366 1.01777661
1367 1.02231344
1368 1.01709988
1369 1.03235953
1370 1.01797451
1371 1.03595513
1372 1.02968604
1373 1.02250403
1374 1.02470030
1375 1.02907061
1376 1.03257922
1377 1.01888020
1378 1.02598755
1379 1.02213305
1380 1.02799354
1381 1.01206400
1382 1.02520653
1383 1.01659236
1384 1.02130506
1385 1.01788126
1386 1.01777661
1387 1.03116320
1388 1.01794895
1389 1.02334090
1390 1.02435911
1391 1.02639425
1392 1.03271415
1393 1.02630600
1394 1.02826277
1395 1.02817798
1396 1.01801493
1397 1.03029039
1398 1.02791356
1399 1.02510100
1400 1.01881231
1401 1.03096168
1402 1.02346071
1403 1.02376943
1404 1.03158388
1405 1.03066860
1406 1.02649308
1407 1.03116320
1408 1.03310329
1409 1.01494581
1410 1.02790136
1411 1.02542987
1412 1.02340029
1413 1.01916511
1414 1.03289163
1415 1.02708950
1416 1.02199433
1417 1.02415276
1418 1.02921392
1419 1.02098573
1420 1.02956309
1421 1.01854686
1422 1.02307092
1423 1.03407470
1424 1.03143578
1425 1.03399528
1426 1.03111485
1427 1.02720446
1428 1.03310329
1429 1.02725769
1430 1.02108302
1431 1.03169198
1432 1.02615903
1433 1.01752456
1434 1.02134582
1435 1.02859148
1436 1.03563014
1437 1.02974054
1438 1.03732251
1439 1.02652366
1440 1.03333255
1441 1.03007408
1442 1.02829179
1443 1.03152507
1444 1.02606984
1445 1.03588253
1446 1.03237662
1447 1.03021046
1448 1.02638116
1449 1.02725769
1450 1.02186644
1451 1.01679561
1452 1.02641033
1453 1.02509846
1454 1.02792731
1455 1.02056160
1456 1.02513582
1457 1.03167715
1458 1.02544215
1459 1.02653272
1460 1.03532521
1461 1.03345400
1462 1.02495450
1463 1.02536944
1464 1.02107916
1465 1.02965972
1466 1.03411865
1467 1.02930338
1468 1.02919235
1469 1.02589226
1470 1.02186644
1471 1.02784755
1472 1.02943764
1473 1.02706798
1474 1.01634512
1475 1.03074998
1476 1.01743022
1477 1.03622003
1478 1.02874340
1479 1.02365917
1480 1.02768625
1481 1.02806362
1482 1.03149151
1483 1.02563764
1484 1.02188309
1485 1.02727643
1486 1.03514632
1487 1.03399328
1488 1.03265716
1489 1.02466044
1490 1.02453459
1491 1.02784755
1492 1.01869375
1493 1.01839555
1494 1.01149478
1495 1.01562343
1496 1.02834249
1497 1.02078652
1498 1.02073795
1499 1.01766000
1500 1.01689287
1501 1.02560946
1502 1.02863113
1503 1.02648014
1504 1.01471086
1505 1.03173300
1506 1.02037422
1507 1.02208371
1508 1.02782191
1509 1.02124954
1510 1.01977236
1511 1.02917507
1512 1.01869375
1513 1.02428369
1514 1.02657007
1515 1.02776947
1516 1.02365598
1517 1.01911200
1518 1.02613179
1519 1.02584386
1520 1.03140870
1521 1.03148295
1522 1.02687905
1523 1.02898842
1524 1.03225168
1525 1.03935509
1526 1.03587940
1527 1.03269837
1528 1.02572529
1529 1.03214852
1530 1.01689729
1531 1.02379089
1532 1.02949801
1533 1.02428369
1534 1.03150401
1535 1.03610536
1536 1.02973136
1537 1.03543307
1538 1.02553149
1539 1.02916442
1540 1.03112526
1541 1.02836533
1542 1.03210790
1543 1.03438673
1544 1.03020134
1545 1.02600108
1546 1.03756464
1547 1.02998326
1548 1.03702254
1549 1.02718226
1550 1.03286834
1551 1.03517525
1552 1.02901763
1553 1.02999066
1554 1.03150401
1555 1.03154555
1556 1.03068446
1557 1.03445228
1558 1.02780103
1559 1.03135849
1560 1.03436409
1561 1.01508072
1562 1.01795418
1563 1.03387341
1564 1.02519689
1565 1.03201893
1566 1.03358102
1567 1.02858318
1568 1.03331665
1569 1.02516627
1570 1.03716163
1571 1.02814501
1572 1.02371790
1573 1.02165743
1574 1.03204768
1575 1.03154555
1576 1.01950962
1577 1.02534854
1578 1.01395134
1579 1.01963296
1580 1.01438960
1581 1.01525604
1582 1.01350168
1583 1.01321845
1584 1.01985014
1585 1.01918366
1586 1.01833478
1587 1.02383567
1588 1.02727679
1589 1.02912636
1590 1.03214500
1591 1.01371627
1592 1.01755081
1593 1.02163575
1594 1.02054160
1595 1.01873533
1596 1.01950962
1597 1.03039117
1598 1.02505196
1599 1.04503154
1600 1.02947037
1601 1.04650406
1602 1.03050263
1603 1.02009191
1604 1.03847144
1605 1.03125296
1606 1.03363800
1607 1.02360325
1608 1.03481352
1609 1.02695854
1610 1.03729281
1611 1.04224685
1612 1.03479968
1613 1.03345621
1614 1.03773374
1615 1.03931632
1616 1.02719905
1617 1.03039117
1618 1.02728487
1619 1.02427001
1620 1.02265515
1621 1.03017299
1622 1.03759945
1623 1.02980307
1624 1.03201885
1625 1.03390739
1626 1.01929126
1627 1.02763280
1628 1.04359413
1629 1.03311571
1630 1.03348158
1631 1.03519896
1632 1.03239695
1633 1.03661063
1634 1.02327625
1635 1.02719448
1636 1.02743402
1637 1.03080724
1638 1.02728487
1639 1.02458264
1640 1.02447104
1641 1.01862346
1642 1.02617501
1643 1.01284506
1644 1.01548372
1645 1.01563444
1646 1.01911873
1647 1.01990579
1648 1.02612029
1649 1.02307784
1650 1.02028277
1651 1.02927852
1652 1.02600084
1653 1.02154892
1654 1.01817549
1655 1.02640883
1656 1.01991085
1657 1.02619724
1658 1.02017071
1659 1.02458264
1660 1.03056388
1661 1.02546126
1662 1.02543972
1663 1.02167875
1664 1.02656418
1665 1.03025730
1666 1.02085670
1667 1.02344098
1668 1.02933325
1669 1.02131455
1670 1.02295694
1671 1.03241954
1672 1.03394126
1673 1.02674995
1674 1.03017732
1675 1.01316055
1676 1.03931433
1677 1.02932778
1678 1.02432623
1679 1.03665824
1680 1.03056388
1681 1.03469580
1682 1.04128078
1683 1.03183149
1684 1.03734705
1685 1.03496148
1686 1.03904591
1687 1.02957592
1688 1.03854384
1689 1.03449336
1690 1.03119059
1691 1.04124589
1692 1.03086823
1693 1.03474958
1694 1.03948072
1695 1.03765785
1696 1.03134258
1697 1.03788311
1698 1.03985481
1699 1.03051984
1700 1.03756759
1701 1.03469580
1702 1.02530044
1703 1.02555826
1704 1.01707087
1705 1.02552234
1706 1.01932392
1707 1.01898927
1708 1.01612636
1709 1.01086729
1710 1.03373185
1711 1.02447391
1712 1.02455357
1713 1.01427504
1714 1.01868338
1715 1.02789134
1716 1.02914664
1717 1.01785436
1718 1.02425204
1719 1.02631983
1720 1.02278422
1721 1.02510025
1722 1.02530044
1723 1.02707619
1724 1.03424729
1725 1.02740156
1726 1.02179576
1727 1.02140793
1728 1.02505562
1729 1.02975487
1730 1.02340850
1731 1.02186147
1732 1.02846369
1733 1.01923670
1734 1.03242258
1735 1.02544733
1736 1.02719661
1737 1.03470084
1738 1.02690589
1739 1.02431819
1740 1.02762715
1741 1.03004258
1742 1.03276719
1743 1.02707619
1744 1.03056609
1745 1.02003560
1746 1.02611868
1747 1.03167493
1748 1.01805643
1749 1.03285391
1750 1.02809772
1751 1.03207636
1752 1.03242180
1753 1.03143466
1754 1.02958601
1755 1.03935029
1756 1.03560653
1757 1.02666436
1758 1.02309987
1759 1.02752480
1760 1.03314762
1761 1.03282727
1762 1.03408584
1763 1.03308468
1764 1.03056609
1765 1.02203482
1766 1.01925164
1767 1.02653451
1768 1.03583847
1769 1.01928318
1770 1.01730718
1771 1.01558065
1772 1.02045570
1773 1.02204407
1774 1.02553431
1775 1.02157008
1776 1.02510629
1777 1.03039683
1778 1.02407577
1779 1.02310002
1780 1.02472990
1781 1.02366971
1782 1.00993471
1783 1.01916703
1784 1.01951712
1785 1.02203482
1786 1.02302160
1787 1.02267210
1788 1.02232273
1789 1.02059396
1790 1.02304436
1791 1.01934274
1792 1.02148015
1793 1.03036124
1794 1.03237391
1795 1.01601669
1796 1.01514698
1797 1.02565953
1798 1.01059718
1799 1.02525994
1800 1.02309732
1801 1.02431266
1802 1.02898022
1803 1.01330140
1804 1.02632971
1805 1.02382404
1806 1.02302160
1807 1.02305016
1808 1.02579611
1809 1.03170190
1810 1.02856150
1811 1.02411597
1812 1.03060868
1813 1.02769823
1814 1.01299729
1815 1.03205637
1816 1.02814703
1817 1.02444064
1818 1.02346661
1819 1.02835507
1820 1.02804314
1821 1.02260717
1822 1.02748602
1823 1.02494391
1824 1.02782307
1825 1.03062569
1826 1.03374420
1827 1.02305016
1828 1.03312919
1829 1.03120841
1830 1.01779654
1831 1.02491765
1832 1.02446139
1833 1.02808467
1834 1.01867872
1835 1.01811605
1836 1.01312393
1837 1.01774678
1838 1.02633201
1839 1.02773212
1840 1.02842779
1841 1.02683904
1842 1.02806077
1843 1.03183831
1844 1.02674638
1845 1.02175564
1846 1.02263057
1847 1.02414075
1848 1.03312919
1849 1.02106646
1850 1.03509103
1851 1.01999429
1852 1.03097161
1853 1.02672686
1854 1.02695993
1855 1.02872511
1856 1.01932950
1857 1.02332814
1858 1.02817752
1859 1.03560343
1860 1.02526946
1861 1.02939322
1862 1.02949796
1863 1.02696223
1864 1.03152457
1865 1.02467852
1866 1.03969428
1867 1.03839505
1868 1.03775166
1869 1.02106646
1870 1.02240005
1871 1.02199863
1872 1.01928192
1873 1.03256003
1874 1.02115434
1875 1.01675664
1876 1.01700251
1877 1.03233404
1878 1.02743211
1879 1.03205744
1880 1.01950623
1881 1.02482877
1882 1.02285285
1883 1.02312342
1884 1.01830576
1885 1.02101968
1886 1.03106025
1887 1.02993872
1888 1.02797730
1889 1.02747160
1890 1.02240005
1891 1.02521225
1892 1.02855525
1893 1.02763380
1894 1.02388078
1895 1.02116206
1896 1.02336236
1897 1.02158378
1898 1.02909705
1899 1.02832447
1900 1.02279816
1901 1.03216472
1902 1.02848835
1903 1.03128205
1904 1.03023221
1905 1.01700946
1906 1.02858463
1907 1.03076530
1908 1.02202135
1909 1.03474919
1910 1.03400963
1911 1.02521225
1912 1.02713903
1913 1.02601308
1914 1.02098285
1915 1.02534172
1916 1.02044902
1917 1.02260780
1918 1.02415645
1919 1.02421125
1920 1.01964609
1921 1.01403894
1922 1.02142260
1923 1.02115469
1924 1.02079901
1925 1.02642054
1926 1.01716857
1927 1.02305598
1928 1.02035266
1929 1.01542918
1930 1.02140543
1931 1.01874055
1932 1.02713903
1933 1.03605711
1934 1.03068962
1935 1.04248808
1936 1.02518928
1937 1.02865611
1938 1.03602332
1939 1.03414423
1940 1.02878897
1941 1.02663212
1942 1.03166787
1943 1.02234279
1944 1.03236612
1945 1.03293576
1946 1.02872645
1947 1.03365079
1948 1.03998892
1949 1.03263285
1950 1.03645586
1951 1.04106010
1952 1.03397434
1953 1.03605711
1954 1.02155913
1955 1.02176613
1956 1.01873421
1957 1.01881444
1958 1.02073639
1959 1.01476899
1960 1.02799721
1961 1.01607683
1962 1.02083350
1963 1.02426943
1964 1.02097643
1965 1.01344622
1966 1.01499311
1967 1.02554165
1968 1.01538427
1969 1.02260901
1970 1.02786708
1971 1.01260275
1972 1.01553313
1973 1.02305982
1974 1.02155913
1975 1.02848047
1976 1.03514325
1977 1.03147973
1978 1.02903531
1979 1.02480194
1980 1.02965656
1981 1.02888395
1982 1.04467609
1983 1.02477199
1984 1.03513212
1985 1.03157738
1986 1.02814959
1987 1.03611931
1988 1.03005021
1989 1.03505087
1990 1.02836631
1991 1.02772475
1992 1.03321979
1993 1.02394817
1994 1.02939713
1995 1.02848047
1996 1.03225834
1997 1.02644676
1998 1.02378983
1999 1.02413740
2000 1.02258660
2001 1.02148656
2002 1.02813503
2003 1.02581010
2004 1.02376380
2005 1.02963535
2006 1.04014415
2007 1.02569910
2008 1.02762253
2009 1.02882322
2010 1.02454740
2011 1.02589230
2012 1.02713727
2013 1.03915288
2014 1.02879044
2015 1.03227459
2016 1.03225834
2017 1.02819810
2018 1.03093366
2019 1.02816151
2020 1.02405279
2021 1.02677205
2022 1.02278014
2023 1.02964694
2024 1.03459943
2025 1.02187581
2026 1.03272563
2027 1.02311558
2028 1.02077863
2029 1.02796275
2030 1.02938208
2031 1.02367846
2032 1.02941010
2033 1.02687533
2034 1.03003220
2035 1.03429835
2036 1.03233248
2037 1.02819810
2038 1.03194359
2039 1.03284893
2040 1.02981634
2041 1.03379239
2042 1.02116763
2043 1.02842558
2044 1.02665817
2045 1.02342827
2046 1.01886855
2047 1.02634225
2048 1.02177712
2049 1.03065171
2050 1.01679883
2051 1.02635747
2052 1.01744849
2053 1.02999861
2054 1.02019554
2055 1.01751322
2056 1.02343335
2057 1.02428703
2058 1.03194359
2059 1.03004697
2060 1.04462275
2061 1.03273574
2062 1.03059288
2063 1.03180715
2064 1.02712576
2065 1.03202529
2066 1.04041035
2067 1.03120855
2068 1.03470265
2069 1.03319972
2070 1.03937882
2071 1.02468481
2072 1.03365739
2073 1.02673779
2074 1.01881673
2075 1.03229468
2076 1.02154949
2077 1.02911610
2078 1.02660545
2079 1.03004697
2080 1.02693076
2081 1.02657521
2082 1.02085450
2083 1.03048417
2084 1.02584714
2085 1.03535973
2086 1.03388790
2087 1.02581579
2088 1.02896442
2089 1.03046131
2090 1.02827228
2091 1.04209307
2092 1.02511405
2093 1.03038632
2094 1.02350478
2095 1.02069546
2096 1.02573902
2097 1.03525005
2098 1.02434265
2099 1.03430185
2100 1.02693076
2101 1.02318620
2102 1.02644755
2103 1.02574527
2104 1.03187005
2105 1.02170389
2106 1.03423907
2107 1.02605940
2108 1.02523886
2109 1.02378539
2110 1.02836894
2111 1.03062961
2112 1.02076891
2113 1.02492902
2114 1.02046748
2115 1.01894970
2116 1.01868678
2117 1.02824271
2118 1.02416049
2119 1.03071047
2120 1.03439726
2121 1.02318620
2122 1.02773250
2123 1.02776724
2124 1.03506949
2125 1.02428996
2126 1.03056005
2127 1.02192000
2128 1.03357494
2129 1.02559516
2130 1.02565016
2131 1.02760833
2132 1.02994642
2133 1.03365778
2134 1.02313846
2135 1.02971743
2136 1.02740053
2137 1.02923384
2138 1.01851455
2139 1.03701228
2140 1.04530934
2141 1.02792103
2142 1.02773250
2143 1.03016576
2144 1.01736142
2145 1.02295958
2146 1.02498408
2147 1.03253399
2148 1.01123348
2149 1.02329769
2150 1.02663194
2151 1.01824089
2152 1.02669391
2153 1.02411701
2154 1.02624769
2155 1.02649530
2156 1.02243074
2157 1.03080495
2158 1.02788716
2159 1.02054981
2160 1.02591194
2161 1.02495873
2162 1.01666559
2163 1.03016576
2164 1.03278068
2165 1.02895940
2166 1.02093391
2167 1.02831113
2168 1.03793413
2169 1.03118583
2170 1.03655106
2171 1.02708380
2172 1.03454694
2173 1.03011107
2174 1.02498822
2175 1.02299034
2176 1.03614181
2177 1.02298963
2178 1.02811289
2179 1.03255700
2180 1.01837408
2181 1.02899247
2182 1.03161089
2183 1.03351212
2184 1.03278068
2185 1.02508034
2186 1.02738190
2187 1.02924625
2188 1.03197676
2189 1.02057187
2190 1.03016478
2191 1.02680950
2192 1.03138894
2193 1.02487943
2194 1.02563319
2195 1.02556782
2196 1.01568385
2197 1.03009437
2198 1.02369254
2199 1.03243790
2200 1.03176079
2201 1.03048420
2202 1.02199821
2203 1.02103279
2204 1.02355108
2205 1.02508034
2206 1.03481593
2207 1.03305306
2208 1.02632867
2209 1.03153051
2210 1.02876164
2211 1.02557572
2212 1.02063647
2213 1.03298147
2214 1.03152754
2215 1.02668471
2216 1.03393294
2217 1.02835130
2218 1.03097950
2219 1.02816707
2220 1.02337709
2221 1.03330035
2222 1.02961561
2223 1.03134731
2224 1.01635040
2225 1.03536684
2226 1.03481593
2227 1.02836225
2228 1.02828939
2229 1.02546646
2230 1.01959167
2231 1.02588491
2232 1.03098873
2233 1.03095429
2234 1.02207366
2235 1.03306274
2236 1.02183169
2237 1.02866618
2238 1.02635128
2239 1.03617399
2240 1.02909817
2241 1.02610418
2242 1.02447732
2243 1.03142860
2244 1.02634705
2245 1.03596519
2246 1.02568395
2247 1.02836225
2248 1.02669344
2249 1.02623539
2250 1.03831723
2251 1.03488224
2252 1.02768309
2253 1.03518860
2254 1.02358595
2255 1.01954179
2256 1.03127243
2257 1.02913769
2258 1.03114851
2259 1.03008698
2260 1.02536543
2261 1.02892920
2262 1.02715745
2263 1.03091740
2264 1.03259394
2265 1.03095891
2266 1.03434209
2267 1.02742235
2268 1.02669344
2269 1.02741183
2270 1.03212684
2271 1.02901556
2272 1.01712257
2273 1.02865989
2274 1.02513085
2275 1.02813515
2276 1.02587949
2277 1.02594146
2278 1.03166744
2279 1.03638406
2280 1.03165369
2281 1.02634880
2282 1.02878151
2283 1.02192006
2284 1.03187324
2285 1.02082310
2286 1.02786971
2287 1.01740884
2288 1.01957597
2289 1.02741183
2290 1.03559077
2291 1.05084139
2292 1.04108849
2293 1.02542927
2294 1.03637383
2295 1.03237242
2296 1.04019558
2297 1.03758329
2298 1.03658731
2299 1.03543067
2300 1.03944674
2301 1.03872673
2302 1.03897723
2303 1.03670127
2304 1.02501165
2305 1.03777809
2306 1.02742704
2307 1.03525523
2308 1.03302840
2309 1.02662077
2310 1.03559077
2311 1.02575191
2312 1.01853752
2313 1.02116070
2314 1.02834152
2315 1.01436915
2316 1.01974882
2317 1.02030941
2318 1.02897346
2319 1.01656340
2320 1.02897893
2321 1.03231218
2322 1.02824486
2323 1.02116320
2324 1.02584671
2325 1.02040736
2326 1.02429965
2327 1.02286888
2328 1.02271233
2329 1.02832079
2330 1.02645987
2331 1.02575191
2332 1.01699560
2333 1.01621581
2334 1.02465510
2335 1.00987874
2336 1.01754529
2337 1.02468520
2338 1.01473786
2339 1.01471110
2340 1.01961263
2341 1.02086053
2342 1.01881135
2343 1.02634085
2344 1.02016220
2345 1.02659893
2346 1.01639331
2347 1.02520171
2348 1.01892686
2349 1.01802133
2350 1.02326506
2351 1.01577683
2352 1.01699560
2353 1.02583842
2354 1.02446194
2355 1.03027510
2356 1.02404958
2357 1.03263094
2358 1.02504621
2359 1.02308499
2360 1.02396333
2361 1.01478931
2362 1.03325316
2363 1.02318989
2364 1.02057538
2365 1.03096770
2366 1.02133115
2367 1.02365434
2368 1.01869349
2369 1.02552917
2370 1.01931841
2371 1.02824774
2372 1.02127199
2373 1.02583842
2374 1.01948189
2375 1.03488772
2376 1.02407192
2377 1.02817134
2378 1.03250483
2379 1.02698242
2380 1.03329785
2381 1.03078071
2382 1.03622355
2383 1.03737377
2384 1.02971395
2385 1.03317885
2386 1.02795721
2387 1.03116092
2388 1.03430822
2389 1.03517068
2390 1.02285953
2391 1.02713133
2392 1.02695863
2393 1.03807971
2394 1.01948189
2395 1.03148547
2396 1.03064130
2397 1.03269771
2398 1.02954669
2399 1.03934622
2400 1.03164647
2401 1.02593209
2402 1.02905652
2403 1.02752000
2404 1.02064475
2405 1.03643708
2406 1.02663585
2407 1.02648970
2408 1.03180275
2409 1.03374771
2410 1.04135859
2411 1.02620860
2412 1.02450475
2413 1.03761326
2414 1.03477439
2415 1.03148547
2416 1.02804277
2417 1.02713147
2418 1.01960588
2419 1.02489419
2420 1.02648429
2421 1.03340482
2422 1.03164449
2423 1.03653897
2424 1.02273689
2425 1.03397564
2426 1.02400963
2427 1.03188637
2428 1.02828161
2429 1.02226127
2430 1.02934056
2431 1.02738864
2432 1.02970123
2433 1.02959584
2434 1.02807756
2435 1.02868740
2436 1.02804277
2437 1.02842075
2438 1.03030461
2439 1.03434895
2440 1.03459398
2441 1.03949950
2442 1.03143202
2443 1.03764991
2444 1.03090006
2445 1.03589432
2446 1.03406082
2447 1.03499382
2448 1.03130195
2449 1.02441323
2450 1.03280703
2451 1.03173305
2452 1.03130713
2453 1.02677973
2454 1.03904298
2455 1.03527575
2456 1.02980287
2457 1.02842075
2458 1.01970834
2459 1.02087412
2460 1.02877785
2461 1.02956996
2462 1.03124683
2463 1.01779996
2464 1.02374292
2465 1.02976396
2466 1.02206378
2467 1.02873512
2468 1.02472209
2469 1.02526676
2470 1.02575333
2471 1.01638773
2472 1.01894596
2473 1.01745518
2474 1.01592758
2475 1.02353316
2476 1.02046479
2477 1.01907666
2478 1.01970834
2479 1.02317452
2480 1.02307461
2481 1.01631107
2482 1.02689835
2483 1.01942477
2484 1.02248812
2485 1.02782445
2486 1.01217636
2487 1.02395569
2488 1.01444447
2489 1.01938931
2490 1.01985091
2491 1.02236224
2492 1.02089042
2493 1.01522554
2494 1.02092988
2495 1.02244915
2496 1.01720534
2497 1.02086004
2498 1.03042170
2499 1.02317452
2500 1.03658302
2501 1.02677472
2502 1.03266929
2503 1.02926246
2504 1.03508542
2505 1.03292206
2506 1.02876751
2507 1.03182961
2508 1.02618596
2509 1.02889969
2510 1.03007286
2511 1.02721945
2512 1.02579155
2513 1.01986164
2514 1.03160346
2515 1.02794595
2516 1.02072823
2517 1.03309202
2518 1.03736146
2519 1.03092421
2520 1.03658302
2521 1.02508522
2522 1.03583526
2523 1.02468311
2524 1.03175566
2525 1.02731084
2526 1.02793179
2527 1.03920449
2528 1.02855067
2529 1.04300262
2530 1.02962442
2531 1.02539486
2532 1.03268474
2533 1.02354582
2534 1.03728352
2535 1.03240943
2536 1.03425068
2537 1.03985731
2538 1.02578447
2539 1.02428886
2540 1.02912840
2541 1.02508522
2542 1.02166013
2543 1.03109960
2544 1.03254648
2545 1.02547784
2546 1.02998795
2547 1.02604810
2548 1.02961999
2549 1.03545011
2550 1.02798024
2551 1.02517422
2552 1.02813102
2553 1.03263820
2554 1.02643592
2555 1.02444349
2556 1.02806741
2557 1.02739106
2558 1.02159725
2559 1.02613095
2560 1.02948836
2561 1.01103144
2562 1.02166013
2563 1.02277365
2564 1.02512087
2565 1.01673801
2566 1.02634904
2567 1.02641957
2568 1.02803524
2569 1.03200750
2570 1.01386753
2571 1.02205874
2572 1.01848868
2573 1.03564726
2574 1.02553863
2575 1.02875257
2576 1.01819074
2577 1.02748720
2578 1.03060233
2579 1.03129294
2580 1.02664291
2581 1.03171044
2582 1.02831954
2583 1.02277365
2584 1.02966774
2585 1.04649478
2586 1.02791858
2587 1.03602510
2588 1.05353323
2589 1.02935614
2590 1.03499418
2591 1.03664644
2592 1.03857588
2593 1.03310698
2594 1.03591534
2595 1.03775126
2596 1.03254336
2597 1.03803409
2598 1.03158363
2599 1.04175044
2600 1.03348952
2601 1.04166487
2602 1.03171517
2603 1.02566402
2604 1.02966774
2605 1.01976163
2606 1.01389887
2607 1.01836542
2608 1.02127694
2609 1.01707333
2610 1.01297150
2611 1.01713098
2612 1.01742255
2613 1.01607051
2614 1.01251207
2615 1.02091718
2616 1.03148091
2617 1.02307635
2618 1.02280716
2619 1.01913291
2620 1.01755558
2621 1.02449711
2622 1.02264282
2623 1.01626185
2624 1.02167237
2625 1.01976163
2626 1.02186397
2627 1.02520111
2628 1.03432846
2629 1.02075150
2630 1.03532805
2631 1.02637634
2632 1.02648481
2633 1.03070055
2634 1.02604495
2635 1.02694119
2636 1.03423775
2637 1.02343305
2638 1.02923206
2639 1.03164330
2640 1.03527769
2641 1.02172922
2642 1.03635654
2643 1.02246001
2644 1.02824547
2645 1.02157856
2646 1.02186397
2647 1.03461444
2648 1.02952589
2649 1.01654767
2650 1.02318332
2651 1.03335094
2652 1.03074581
2653 1.03111564
2654 1.03344968
2655 1.02763948
2656 1.02644738
2657 1.03080237
2658 1.03258167
2659 1.03053679
2660 1.02107074
2661 1.03092361
2662 1.02738821
2663 1.02684844
2664 1.03508840
2665 1.02933138
2666 1.02145721
2667 1.03461444
2668 1.02646075
2669 1.02415759
2670 1.01950334
2671 1.02940057
2672 1.02217135
2673 1.02346217
2674 1.01935328
2675 1.02112220
2676 1.02258231
2677 1.02189728
2678 1.02603335
2679 1.02600890
2680 1.03108443
2681 1.02469296
2682 1.02591398
2683 1.02173571
2684 1.02580401
2685 1.02341831
2686 1.01589218
2687 1.02600362
2688 1.02646075
2689 1.03587621
2690 1.03374600
2691 1.02876886
2692 1.03520643
2693 1.02868315
2694 1.03505965
2695 1.03599483
2696 1.02987135
2697 1.01775087
2698 1.03819215
2699 1.02984010
2700 1.02886323
2701 1.02838507
2702 1.02848778
2703 1.03620812
2704 1.04065828
2705 1.03262954
2706 1.02886815
2707 1.03418090
2708 1.03360278
2709 1.03587621
2710 1.03173424
2711 1.03705985
2712 1.03977498
2713 1.02691661
2714 1.02612286
2715 1.02589858
2716 1.02795152
2717 1.02572458
2718 1.02808374
2719 1.03181175
2720 1.03154603
2721 1.02657671
2722 1.03243437
2723 1.02813388
2724 1.02638275
2725 1.03632512
2726 1.03044898
2727 1.02503282
2728 1.02924850
2729 1.02448545
2730 1.03173424
2731 1.03388172
2732 1.01975735
2733 1.02913334
2734 1.02923572
2735 1.03038990
2736 1.02463200
2737 1.03238017
2738 1.02360253
2739 1.01750036
2740 1.02094020
2741 1.02504632
2742 1.03268368
2743 1.02665512
2744 1.02456321
2745 1.02548581
2746 1.02030424
2747 1.02627734
2748 1.01804122
2749 1.02538281
2750 1.02880457
2751 1.03388172
2752 1.02826290
2753 1.03292541
2754 1.02397850
2755 1.03090108
2756 1.03114464
2757 1.03075442
2758 1.02449418
2759 1.02974841
2760 1.03288893
2761 1.03540936
2762 1.02753600
2763 1.02682344
2764 1.03175985
2765 1.02436476
2766 1.04094782
2767 1.03732186
2768 1.03765226
2769 1.02799689
2770 1.02794540
2771 1.02926159
2772 1.02826290
2773 0.97419622
2774 0.98350993
2775 0.99622326
2776 0.99976880
2777 1.00143391
2778 1.00392228
2779 1.01193958
2780 1.01954937
2781 1.01602260
2782 1.00961169
2783 1.00909099
2784 1.01416328
2785 1.02157078
2786 1.01465931
2787 1.01219219
2788 1.00475578
2789 1.00402220
2790 1.00997129
2791 0.99483364
2792 0.98634406
2793 0.97419622
2794 1.03812415
2795 1.03320688
2796 1.03215115
2797 1.02967375
2798 1.02773517
2799 1.03522985
2800 1.03268075
2801 1.02585167
2802 1.02844178
2803 1.02867164
2804 1.02895502
2805 1.02891555
2806 1.04667927
2807 1.03783275
2808 1.03931337
2809 1.02544867
2810 1.02500816
2811 1.03642093
2812 1.02770037
2813 1.03717833
2814 1.03812415
2815 1.02749586
2816 1.02415345
2817 1.01603505
2818 1.02373563
2819 1.01925047
2820 1.01725019
2821 1.02225731
2822 1.01736189
2823 1.01805805
2824 1.02085862
2825 1.02107389
2826 1.01122709
2827 1.02391440
2828 1.02790061
2829 1.02690844
2830 1.01919883
2831 1.02171320
2832 1.02335355
2833 1.02236621
2834 1.02400396
2835 1.02749586
2836 1.02043146
2837 1.02268208
2838 1.01765494
2839 1.02042683
2840 1.03370757
2841 1.02656053
2842 1.02499187
2843 1.01676554
2844 1.02884993
2845 1.02977297
2846 1.02685319
2847 1.03038771
2848 1.02527754
2849 1.02332355
2850 1.02328511
2851 1.02225226
2852 1.01525941
2853 1.02028772
2854 1.02755743
2855 1.02347663
2856 1.02043146
2857 1.02827742
2858 1.04385046
2859 1.02952579
2860 1.03101403
2861 1.02687368
2862 1.02576148
2863 1.03327327
2864 1.02560827
2865 1.02631476
2866 1.03039202
2867 1.04106850
2868 1.03898572
2869 1.02810634
2870 1.02800363
2871 1.03041958
2872 1.02045641
2873 1.03260909
2874 1.02111527
2875 1.02728080
2876 1.03431560
2877 1.02827742
2878 1.02908241
2879 1.03304706
2880 1.02601823
2881 1.02067731
2882 1.02901550
2883 1.02150167
2884 1.02789238
2885 1.03110368
2886 1.02002402
2887 1.02965047
2888 1.02174799
2889 1.02080403
2890 1.02694084
2891 1.02445663
2892 1.02568277
2893 1.02819529
2894 1.01861841
2895 1.02604990
2896 1.02243646
2897 1.02784667
2898 1.02908241
2899 1.03623784
2900 1.02426411
2901 1.03217902
2902 1.02576360
2903 1.03116769
2904 1.02639197
2905 1.03845362
2906 1.03967074
2907 1.03394616
2908 1.03158512
2909 1.02884632
2910 1.02708879
2911 1.03290753
2912 1.03546919
2913 1.03152257
2914 1.02469276
2915 1.03487411
2916 1.03368197
2917 1.02998688
2918 1.03819921
2919 1.03623784
2920 1.02430917
2921 1.02952547
2922 1.02637780
2923 1.00914407
2924 1.02457782
2925 1.02859031
2926 1.03266481
2927 1.02602969
2928 1.02899246
2929 1.02765472
2930 1.02575932
2931 1.02343900
2932 1.02264302
2933 1.02631715
2934 1.02225944
2935 1.02098952
2936 1.02327331
2937 1.01464877
2938 1.00839327
2939 1.02589472
2940 1.02430917
2941 1.02225836
2942 1.02024955
2943 1.03312103
2944 1.02603289
2945 1.02215015
2946 1.02181245
2947 1.02381544
2948 1.02492042
2949 1.02976920
2950 1.02405660
2951 1.02418041
2952 1.02111778
2953 1.02435286
2954 1.03300139
2955 1.02280415
2956 1.02652069
2957 1.02076696
2958 1.02109496
2959 1.02090072
2960 1.02604294
2961 1.02225836
2962 1.02933221
2963 1.03312872
2964 1.03237517
2965 1.03168633
2966 1.02901084
2967 1.02727170
2968 1.02368784
2969 1.02784747
2970 1.02556046
2971 1.02000985
2972 1.04116247
2973 1.03297352
2974 1.02611556
2975 1.02982026
2976 1.03911947
2977 1.03436115
2978 1.03054907
2979 1.02197056
2980 1.03475266
2981 1.03736436
2982 1.02933221
2983 1.01806107
2984 1.02904801
2985 1.02590090
2986 1.02062393
2987 1.02258458
2988 1.02745042
2989 1.01816941
2990 1.02104883
2991 1.01251521
2992 1.02649382
2993 1.02062914
2994 1.01552155
2995 1.01937411
2996 1.01745778
2997 1.01538445
2998 1.01631471
2999 1.02096373
3000 1.01598556
3001 1.01962751
3002 1.02044583
3003 1.01806107
3004 1.03932465
3005 1.03626999
3006 1.03351183
3007 1.02816726
3008 1.02085312
3009 1.02975270
3010 1.02458403
3011 1.03612661
3012 1.02969770
3013 1.04155337
3014 1.03954905
3015 1.03072093
3016 1.03469150
3017 1.02904212
3018 1.02959507
3019 1.02899165
3020 1.03798347
3021 1.03492921
3022 1.02920143
3023 1.02892270
3024 1.03932465
