density
0.68227722
0.91858238
1.12817658
1.40679810
1.49285474
1.43904398
1.44208271
0.73164479
1.46608680
1.30922500
0.52231429
0.32213657
1.11899001
1.75735710
0.35495681
0.92481630
1.53288616
1.58441993
1.27568733
1.19152597
1.26283132
1.22268702
1.40068144
0.92418932
0.40747858
0.25550276
1.44319471
1.57735873
0.89578315
0.92699113
1.03226686
1.46605574
1.60807000
1.12145512
0.11880184
0.79345293
1.35060839
1.91518417
0.99554606
0.77861571
0.57635782
0.20907083
1.28623574
0.63663359
1.81546927
0.96397038
1.52007796
1.60017728
1.09359074
0.46018752
0.01018497
0.17516693
1.81032849
0.43663995
0.66528637
1.60353412
0.46666516
0.43044897
1.64634388
1.00321693
0.24521077
1.04347654
0.66213281
1.62291531
1.38731435
1.01627341
1.67396232
0.33742375
1.10157352
1.33034447
1.72393669
1.01228021
0.09677823
1.33942981
0.28709634
1.61580051
0.46404249
1.19589614
0.94898366
1.60571159
0.60169034
0.38057709
1.79367825
1.07439058
0.33497768
0.48303001
0.50371853
0.31650754
1.25350254
1.34728913
1.39281886
1.89870702
0.85589294
1.22511706
1.72543512
0.29772765
0.99354306
0.81395781
1.51457325
1.56447803
0.62890378
1.95266907
0.23690765
1.41731303
1.19554889
0.27449400
0.63870462
1.61264834
1.60043023
0.06896783
0.88985281
0.10954167
1.74679237
0.93216748
1.43937931
-0.12504725
0.61804563
0.42381331
1.50089614
1.03180329
1.38835233
1.34357556
0.71999083
0.99879029
1.51585153
0.96624163
1.51479815
1.28371702
0.81991615
1.81530260
0.48814563
2.03260199
1.45016273
1.37521537
0.82523638
1.00949774
1.55155047
1.52300733
1.50979757
0.86677674
0.56787931
0.81663570
0.51191645
0.69474239
