density
0.38762827
1.30573466
1.49448193
0.51030125
2.14568502
0.69594494
-0.13722277
0.95027296
0.23395067
0.33451673
1.14967695
0.67180926
0.11133231
0.83305967
1.02948364
0.77888231
1.49209633
0.85220096
1.04783053
0.63973492
1.20371327
1.85985156
1.59391009
1.38078126
1.48878760
0.45493654
1.30646542
1.54729119
1.28997283
1.79731341
0.87135217
1.17842689
1.79982968
0.55405324
1.48376737
1.76923043
2.07993176
0.93570054
1.40416934
1.22627117
1.07848290
0.26862397
1.32614426
0.95173624
0.55683331
-0.05902235
0.90289008
0.61527793
1.89816829
1.68605953
0.77988797
1.19573208
1.52919618
0.24823123
0.41292148
0.69346234
1.02074987
0.33834494
1.26042307
2.10093006
0.35183801
1.37820892
1.49555967
0.87344933
0.49960328
0.84065802
1.44839155
0.59229528
1.23852159
1.44461947
0.71245676
1.01455580
0.48768744
1.33594694
0.36442538
0.42637220
0.28556897
1.66825514
1.36280470
1.10906298
1.26100718
0.16656779
0.55040621
1.57942275
1.10662722
1.55074526
0.60568111
0.82649257
1.62113264
1.44404046
1.45162527
0.91286043
0.67015165
1.05235255
0.36282719
0.76760592
0.76039090
0.71621581
1.25272996
1.02779768
0.73804602
0.12361492
1.05555163
1.54034149
1.20424085
0.63716921
1.36805901
1.21287566
0.32126221
1.47999349
1.62587592
1.35010361
1.03019217
1.71704788
0.88343068
1.25384821
1.18475047
1.02150895
-0.00170164
0.45702923
0.34516861
1.16583753
0.84866284
1.02772819
1.80643233
1.24199266
0.99898337
1.49396553
0.26391506
0.81203121
0.30251018
1.57702176
1.48082483
0.40615636
1.69635890
1.13628232
1.80974769
0.61134240
1.17070387
0.60583261
0.66342350
0.38065590
1.69454170
0.30002572
