density
0.40821411
1.42642335
0.57376370
0.40565544
1.65635284
1.87682565
0.52069577
1.55814199
1.20579842
1.32808726
0.61764111
1.31973441
0.26556375
0.60826843
1.22609616
-0.16434961
1.15621437
0.90516016
0.83259347
0.21759041
0.47466188
1.50822498
0.86237165
0.88492835
0.85752065
1.57377826
-0.19229021
0.35859792
1.78537144
0.56304962
0.70624532
0.83791623
0.41699737
0.63875498
0.76986737
0.51780360
1.34353330
0.34492550
0.95241942
0.10876395
0.76484633
1.99366269
0.50713446
0.44159485
1.34676855
1.36348506
2.01634859
1.87129209
1.48829621
-0.03672819
-0.00151859
0.53882052
1.60426114
1.36425681
1.69064685
1.90464021
1.38845138
1.44990274
1.18304110
0.22071434
1.65596409
1.43710916
0.51929494
1.26330523
0.15537669
1.69058498
0.73482543
0.63934705
0.75721160
0.88617976
1.70795609
1.04741408
0.54055554
0.68963951
0.57059791
0.28249953
1.95558911
0.65964171
0.75560015
1.21779954
1.73190219
0.69234494
1.51057625
1.74571514
0.45109468
1.42128439
1.33773487
0.80027970
1.12620296
1.75658310
0.38809552
2.00111894
0.22230589
1.91879130
0.38098102
1.14661062
0.92996923
0.77922456
1.32829927
2.00047403
0.54212390
0.76430291
1.79814201
1.68790768
0.38196621
1.28064837
1.08010157
1.20036107
0.92807297
1.12779835
0.44800819
-0.08813910
0.48724126
0.83123407
0.81192003
0.46200538
0.88336984
1.43315980
0.69865850
1.51429589
1.66965551
1.04263952
1.85536111
0.78015925
1.45803667
0.09124969
0.52746042
1.52650790
0.80531500
0.40764819
1.75967605
1.97081325
1.62775481
0.62492234
1.33747722
1.26889296
1.13414399
0.31755087
0.96310480
1.38982697
0.99747596
1.37086643
-0.01266394
0.37906285
