density
0.69206020
1.62482732
0.35758995
0.66828199
1.13812145
1.13935298
1.12097515
1.18614103
0.69086438
1.10415960
1.77066605
1.39801657
0.78740279
0.23688005
0.54001754
1.61901185
1.22203474
1.04896500
1.53393132
1.80875480
0.79351959
0.49254685
0.79104562
0.53672192
0.96997479
1.06889111
0.31017774
0.81053800
0.79946476
0.35961822
1.01195966
0.84572042
0.13105441
0.93655390
1.56161447
1.63556358
1.14474786
1.07207663
0.22804200
1.82053306
0.77326090
0.24754066
1.34205226
1.44077652
1.18211457
2.01422267
0.72502316
0.87648880
-0.03313446
1.48096495
1.21107786
0.16532729
1.67621770
1.15316907
0.67895595
0.89633963
0.27687241
1.04228339
0.56081146
1.76230699
0.65967506
1.87554913
1.44311603
0.38161564
0.90708104
0.97951866
0.44362974
2.00566866
0.30814811
1.48834849
1.79447876
0.53575543
0.90995911
0.65252735
0.26749804
1.27850108
0.35996841
1.41816454
1.90800598
0.82162428
1.23563944
0.76233693
1.78684887
2.00230423
0.48119227
1.18819643
0.62618229
0.93865705
-0.10763616
1.20007723
1.52937653
1.14365701
0.28271415
1.32460365
1.31462086
0.04386188
1.80355342
1.51692213
0.76855208
0.65909145
1.77377802
0.91264457
1.30249574
0.81996740
1.66882617
1.40099370
1.70075221
1.83261528
2.00950284
1.22778360
0.07969085
1.15620847
0.71315843
2.07841999
1.28651316
1.60118947
0.77820387
1.20930003
-0.04833231
0.00818458
1.58589271
0.56919714
0.48979266
0.88389233
1.37795814
0.53415118
0.13850682
1.54979254
0.17025233
0.45017461
0.17723897
1.00913629
1.29109037
0.43813088
1.22681529
1.17352111
1.51557057
0.60956833
0.57786332
1.29067039
0.25829990
1.48772053
0.37792893
1.94680826
