density
1.43266246
1.17355608
0.15534469
0.28189653
0.38378295
0.56753870
2.07617554
0.09262942
0.52614048
1.02722172
0.01892026
-0.15739325
0.09057827
0.88670081
0.85185575
0.78602203
2.06065097
1.11954270
1.55546903
0.58432502
0.21366446
1.08826868
1.24836010
1.08569331
1.32713284
1.32525941
0.59473887
1.47202827
1.75600406
0.85183952
1.13329555
1.51689854
2.07465396
1.27186958
1.39719535
0.30514620
0.91573345
0.77318014
0.83198180
1.56902467
0.91227792
0.96265768
1.95024203
0.22713394
1.67699071
1.82201642
0.61382890
0.89597134
1.23495466
1.14229347
0.46117870
1.87578787
0.45491165
-0.17552510
0.31415294
1.27273441
1.03463757
0.33473817
1.68032151
1.54174669
0.93469840
0.71519455
1.40177009
0.55298858
0.59933993
1.05652821
1.03755204
1.40294371
0.48993725
1.28902982
0.27395001
-0.23759765
1.57406161
0.31547820
0.85074893
2.04493634
0.54916176
0.92801838
1.05960133
1.64779097
1.25274885
0.58891965
0.52721753
0.24312157
0.79690323
1.33157409
1.00832622
1.68790232
1.44946297
0.78923800
0.79689661
1.10661200
0.49173193
1.32786254
1.04410850
1.26809265
0.10358787
0.57422499
0.63721834
0.95750532
0.87129631
1.17031441
2.04967839
1.23215589
0.78542808
1.17309825
1.27033119
1.09904086
0.45898844
0.75443962
0.67604052
1.72768715
0.16446960
1.47995145
1.50922404
1.28697559
1.49355538
0.21636676
1.87344704
1.60866306
1.67392770
0.42073514
1.01320355
0.25425251
1.49015392
0.52688580
1.00596339
0.67776349
0.53717242
1.95468910
0.71613888
0.93257612
0.51916557
0.37799997
1.10857021
1.68956458
0.99225258
1.52364872
0.31145157
0.54847645
0.65587528
0.95558225
1.08590584
1.16289552
