density
1.32651204
1.44880162
1.31642841
0.48564550
0.76292468
0.04609159
1.07284509
0.52655275
1.58553814
0.50353574
0.38089612
0.69384235
0.88990446
1.04744899
1.33618266
-0.19691903
0.99753889
1.76660178
0.27949412
1.58626984
0.40840362
0.74308036
0.21829279
1.58058915
1.92987515
0.65915463
0.22568075
0.28796447
0.85008873
1.20268861
0.29571774
1.80130306
1.50233023
2.15677797
1.09738744
1.39257989
0.83129552
1.04358344
0.21126146
1.14572997
0.78562384
0.31379490
1.39155611
1.68957715
1.45552756
0.41751469
1.57449760
1.12638756
0.42757280
1.84946217
0.91879889
0.86485422
1.73471803
0.69272299
0.70542114
1.59053013
0.67784247
1.07390332
0.53686807
1.05866313
1.61502664
1.86871361
1.75992714
1.45622181
0.96123882
0.62232004
0.32005125
1.56019172
1.37707278
0.67259070
1.44070944
2.17426530
-0.13817549
0.24432300
1.80994219
0.26538913
0.33961036
1.57050381
0.29752164
0.92476733
-0.53438079
2.01659472
0.72345253
0.75404660
1.50080966
-0.20233244
1.76603881
0.85432575
0.60975181
1.92487704
1.49979111
2.06274628
1.04289475
0.89939101
0.11398021
0.65201848
0.00911812
0.86520695
-0.01223723
1.81674960
0.30460899
1.07798139
1.40609555
1.21702403
1.65699113
0.41722288
-0.00120392
1.53932386
0.38773406
1.12009120
1.68633874
1.62497505
1.85806512
1.34365188
1.22307310
0.55417068
0.84295002
0.82834474
1.09931406
0.19838512
0.03149985
0.61249016
1.20773248
0.78102858
0.46185746
1.43896424
0.91554694
1.81064205
0.37759769
2.02831069
0.04644610
1.63139710
0.61268501
1.83019455
1.55852881
0.96461507
0.99790515
0.64466950
1.46402370
1.69019203
1.25647228
-0.54422564
1.84961918
0.70384508
