density
0.47568668
0.99321567
1.83464978
0.69503822
1.95960890
1.38690524
0.70765769
0.31031066
1.07050669
1.50209065
1.83258498
1.60267723
1.76358563
0.56912324
0.62800580
0.67862514
1.22940515
0.95206155
0.62374376
2.16375174
0.40219053
0.90911435
1.12708185
1.46375463
0.60270802
0.60485872
1.41509002
1.24792736
0.65872839
0.78127713
1.49701744
0.10329839
1.24437696
0.17264790
1.55455952
0.82740942
0.99861524
1.15157481
1.27585047
0.41204481
1.13134371
0.41697975
1.82950647
1.07122979
0.29525466
1.57155541
0.59347775
1.21923324
1.29314115
1.24350521
1.31745283
1.04604629
0.99583882
0.72259095
1.78178443
0.47976492
1.37657847
1.40803429
1.85419868
1.78907719
0.75805527
1.22471119
1.68225521
1.74353358
1.07679415
0.83593417
1.53995973
1.73497696
1.70262677
0.87566945
1.81070164
0.51033985
1.49632976
0.50684649
1.42950442
0.88841569
2.01830046
1.26955125
1.77232731
0.90591453
1.65593486
0.40647593
1.24164366
0.33877732
1.40177725
1.26283029
1.83267170
1.06648228
2.13019284
1.10026664
0.07798800
0.75002002
0.76056108
0.49496430
1.12832396
1.50234977
0.45635203
1.68037927
1.75792039
1.37527524
0.44247799
0.37864604
0.25526331
-0.13167207
1.57369885
0.88479826
0.86658541
1.83155536
0.37165089
0.73147680
1.49363237
1.44792283
-0.09216121
1.75991522
0.34281409
0.73002623
1.01919806
0.69323600
0.43521578
0.92540551
0.28933848
1.09232622
1.69666602
0.19252758
2.01960825
0.97205187
0.44110898
1.28023035
0.46779657
1.04944096
0.26484278
1.10180308
1.08046034
0.63243962
0.40211005
0.64480981
1.00256812
1.23744369
1.16970328
1.75670644
1.01076071
0.92399625
0.78877871
0.39189467
