density
0.44187636
0.51011754
0.96202304
0.65658568
1.90074032
2.00665883
0.46030505
1.16523585
1.99659516
1.15460747
0.29303223
1.90752703
0.58983472
0.58392151
0.74212126
0.13504591
0.41473319
1.53114754
1.00647126
0.15363236
0.30249863
1.59238256
0.90101028
1.11878248
0.81409678
1.35104194
0.37896480
1.55222875
1.98185006
0.07277305
1.58721768
0.03567697
0.49949056
0.14537696
1.09854547
1.35134521
1.50402339
0.35154432
1.22665298
0.13180171
0.36311086
1.59617890
0.16289370
0.39451498
1.07354713
1.54127824
0.54103638
1.59279491
0.66362374
0.81191585
0.71653358
1.34768209
1.84069032
1.71884129
1.39412297
1.75928157
1.60075795
1.46926338
1.00861482
1.15149350
1.10814795
1.60767979
0.27228968
1.76316064
0.43832688
0.31759289
1.40930601
0.33419743
0.57437810
0.43059951
1.72676410
0.14118635
1.00817922
-0.00722480
0.87503642
0.27289296
2.09279912
0.59886123
0.82152940
1.03842816
1.71486596
0.34209729
1.93212279
1.37457563
0.08941097
1.67297447
1.41008325
0.54300309
1.45229793
1.66801941
0.36506437
1.72478672
0.09466233
1.80297251
0.33340749
1.87902112
0.45503639
-0.00263220
0.95020829
1.51991215
1.17632427
0.41430351
0.20610253
0.50590413
0.63364186
1.32548245
1.63115612
1.58480448
0.55808812
0.54254815
0.36905532
0.40053821
1.14835419
0.67684730
1.00848768
0.49084512
0.92175541
0.93522029
0.52012593
1.22688289
0.65637392
1.22489755
1.30804862
0.50406284
1.76798332
0.23438734
0.82257171
0.67706719
1.35262325
0.07067568
1.61432766
1.54493412
1.71958979
0.78423012
1.49656333
0.47829817
0.98287142
-0.06919146
1.36646078
1.09876338
0.53256717
1.83056400
0.06975448
0.72423414
