density
0.94487025
1.53605107
0.95759670
0.43481456
0.58805604
1.58044786
1.59703953
1.71055444
1.47198037
0.66190276
1.75807234
1.65954598
1.37237972
1.17712983
0.74993408
-0.38670072
0.51646937
1.62402309
0.98964342
0.89089685
0.64589535
1.24745075
0.25048795
0.16918790
1.95026003
1.23889445
1.34351935
0.55415411
0.73927985
0.90542874
1.07219526
1.58277826
1.88679625
1.01829888
0.07851121
1.18683681
1.05126162
1.32790821
0.92498395
0.73154271
0.37388554
2.05828434
0.57871953
1.78003562
0.84456885
0.89389053
0.38703068
1.72726584
1.24895345
0.92123638
0.66567868
0.36723784
1.40919484
1.59576189
0.30571341
1.06907729
1.32135947
0.04484400
0.31005289
0.12833604
0.79676662
0.60489462
1.08851889
1.23721785
1.81568618
0.71898449
0.47481222
0.60236700
1.02827582
1.09635985
0.85100254
0.32007002
1.04170170
0.90355706
1.16897623
-0.06046210
1.64595872
0.65780305
1.62807790
0.20505126
1.62259386
1.18249460
1.57418650
1.06470873
0.90988697
1.10497423
0.17001524
1.43460355
1.43828455
1.60897487
0.10218287
1.01641047
0.76826720
1.20078596
0.79993683
1.74246416
0.14559366
0.66975142
1.06091236
1.39345988
1.43227336
1.70669239
0.40855942
1.37697189
1.32562764
0.83627604
1.39534387
1.55856971
1.83932222
1.36795888
0.62840316
0.40049822
1.68894732
0.14815711
0.77242923
1.36472747
-0.03403939
1.81084576
1.51512297
0.22094449
0.88695976
1.33935561
0.83403138
0.30615465
0.36271221
0.26465921
0.37736628
0.25329121
1.43683582
1.34226193
0.34281314
1.41488480
0.44206330
0.98536793
0.37125709
1.32549927
1.22489240
1.13501855
1.21352056
0.60295327
1.41959327
1.00991644
0.87845974
1.43259440
