density
0.37526329
1.24116936
1.82631783
0.61197941
1.66796585
0.86095591
1.15476369
1.55634514
0.81475282
0.36886682
0.73262331
0.76591151
0.57382065
1.77242919
0.99493530
0.32153769
1.36930909
-0.02420202
1.18224350
1.42301060
1.39696991
1.96306298
0.44735252
1.03008070
1.73094535
0.22466471
1.59647844
1.08472669
1.22895442
1.21543676
0.92222249
0.15125139
2.29391092
0.42272186
1.65215945
0.83808738
0.47036075
0.39523408
0.31614770
1.15249670
1.13287834
0.93384938
1.47873516
0.46289831
0.98283359
1.76560548
0.15006311
0.54481390
1.20642974
2.14812862
0.70938663
0.72209818
1.36524531
0.82727520
0.46605192
1.29807995
0.92861530
0.14887599
0.51124667
1.62001733
0.33807196
0.71624180
1.11074658
1.23473928
0.57995447
1.06165724
1.39625829
0.47028257
1.03334885
1.00727793
0.80923974
0.58359555
1.17020297
1.49958778
1.01280399
2.10637287
-0.17486507
1.92690301
1.18034645
0.69286892
0.66164804
1.49359347
1.78055257
0.68321961
0.24310403
0.84613777
0.13230169
0.12572746
1.67184158
0.53718386
1.31841112
0.60653080
1.33117503
1.28918013
0.93880130
0.16076436
2.03897537
1.01512693
0.69701806
1.42173664
0.71969861
0.83391293
1.89513281
0.45128088
1.47685185
1.38769356
1.40621114
-0.27369638
-0.02133638
1.02500599
1.52373874
1.59764713
0.65213408
1.19373551
1.97716552
0.65525900
1.26533974
1.55006810
0.59881911
0.59137964
1.49602428
1.17895643
1.36800728
1.10584952
1.23149479
1.62525734
1.29307735
2.05550861
0.68739601
0.40079051
0.22925207
0.93859881
1.00421309
0.39738916
0.32891666
1.63996935
1.43661454
0.24784271
1.10968571
0.24391683
1.43078618
1.17865157
1.71024862
0.05850699
