density
0.77453940
1.02427288
1.92374623
0.95176833
1.23901486
1.35997860
0.83562551
1.60617156
1.33305500
0.52975776
1.78571478
0.24170485
0.82570402
0.37640901
-0.22763357
0.14851854
1.45035945
1.54729548
1.57027568
1.68293179
0.45500008
0.49715596
0.51873982
0.98689711
0.83833461
0.67675212
0.69263729
1.82605091
0.48231387
-0.09992361
1.85364328
1.21962655
1.12180383
0.63403350
2.41952853
1.55749434
1.06292437
0.83884336
0.71386288
0.87050091
1.68813397
1.07795829
1.62697064
1.14742941
1.18062015
1.85710944
1.05933453
0.69016640
0.67616468
1.46874814
1.09089651
0.55081104
0.97659061
0.53219819
1.07170698
0.88443743
0.66958091
0.72866001
0.46547584
1.52263796
0.31691608
1.70682986
1.54906792
0.31728877
1.34933762
1.05694975
0.73437654
2.05820416
0.73521044
1.50048503
1.50955696
0.20954647
0.01305626
0.34162386
0.51595706
1.68578408
0.80388609
1.59408061
1.57163497
1.65536276
1.20485159
0.96219840
1.21487984
1.49557505
0.57776779
1.06198389
0.10621017
1.00268509
0.05040593
0.80290616
1.12988679
1.37190369
0.22978455
0.27011379
1.27627898
0.39121337
1.07881953
1.37189031
0.06358862
-0.39686117
1.53449945
1.58043055
0.18348574
0.90578716
1.80795537
1.64068255
1.59533738
2.01868918
2.01477800
0.12940998
0.19737670
1.22246575
0.60585883
2.03476995
1.39981346
1.10731835
1.31438935
0.81957567
1.37401771
0.41361352
1.72940581
0.41080493
1.09036923
1.57939772
1.30090639
0.11418361
0.46926214
1.48778658
0.43613238
0.92195460
0.49873079
1.58220297
1.13746641
0.25700114
0.45357520
0.60696824
1.15902018
0.60432084
0.60788182
1.16036836
0.55156012
0.69038833
0.51856970
1.71262361
