density
1.62729636
1.61333881
0.82410029
0.94035459
1.59083975
1.47322105
1.30747078
1.18490626
0.45840007
0.98917353
0.67932122
0.87536903
0.73632953
0.12174418
1.77238272
1.04892457
-0.15920072
1.16127395
1.62037186
0.47925076
0.58490697
0.41138384
1.04274285
0.53364274
1.56541235
1.42377002
0.57998860
1.31514523
1.63084103
1.11341897
0.88831647
0.71658509
1.68707174
0.64327789
1.63866744
0.72617777
0.65842895
0.46154353
0.35655266
0.28187875
0.56795587
1.14632891
1.48954670
1.83653666
1.87515409
0.28913103
1.53794356
1.37753545
1.67593662
1.26135699
0.02285252
0.11636874
1.64929456
1.27402005
0.42625875
1.77375852
0.58928766
1.57263615
0.49598971
0.42967296
0.74322447
0.54618694
0.95077626
1.13715875
0.63056374
0.89806810
1.84615310
1.16514932
1.09799791
0.48965830
1.43462433
0.29608252
1.16669674
1.36259040
1.47905732
0.35980574
0.60225942
0.48813297
0.79119995
1.33232775
1.47535285
0.45687330
1.85625758
1.81565650
0.71925912
0.71939951
1.52822905
0.96156232
0.48825985
0.43988585
0.15541399
1.73294960
1.08795715
0.63619634
1.41907641
1.32552793
0.80369518
1.45192212
1.35174892
1.16889117
0.64076488
0.49845518
0.73202182
1.18486546
0.70040417
1.12088213
-0.59943006
1.24535199
1.00314979
0.14387676
0.16905301
0.42105737
1.18013674
0.95434327
1.61412581
0.56929953
0.66096681
0.48689026
0.20863370
-0.05014291
1.25902215
0.92433941
1.47335306
0.75558716
1.19499410
0.36846056
0.86553740
1.38281188
1.57383934
1.55189502
1.31765007
1.37478452
0.39359272
1.75971098
0.32500650
0.51902744
1.03635951
0.28920486
0.70330682
1.37919901
1.98439955
1.75752801
1.79608960
1.59242936
