density
1.57044113
1.51827266
1.44989216
0.46640803
1.72137621
1.47806578
0.77782882
1.21763703
0.75730065
0.94535033
1.40665059
0.41866069
0.97538228
1.11172293
1.62254513
0.31045725
0.50588007
0.49567874
1.71091175
1.26718195
0.51661937
1.03858041
0.65712605
1.30353359
1.12628158
1.57296896
0.50643915
1.48814474
1.15488385
0.98362112
1.14273238
1.29680349
0.98838088
1.56554779
1.58480701
1.89402883
1.50146961
0.97340703
-0.13723766
0.39770821
1.38643538
1.05231478
0.20591742
1.30744389
1.70095713
0.82526027
1.14843058
1.83356116
1.31808557
0.97979197
0.94297149
1.17699276
0.20225517
0.73461481
1.08695096
1.15041931
0.67489630
1.45468684
0.96030769
0.92761766
0.92182387
0.52186558
1.14381505
0.00300429
0.68279576
1.27058995
0.15901224
1.76449931
0.35426238
1.44621940
0.17863339
1.15262691
1.76117718
1.37376065
1.41050465
0.13975714
0.20038636
0.20351343
1.35016656
1.63317132
0.75907120
0.13212097
2.08701262
1.90339095
0.90201735
1.11557542
0.28726527
0.76407345
1.23043778
1.58011614
1.35090037
0.32709620
0.98351909
1.55314639
0.96874399
0.95889602
0.61485411
1.63599940
1.02713497
1.49770863
1.11562943
1.50513948
0.23337000
1.46610106
0.80952312
0.86954775
1.09255741
1.62787517
0.32189584
0.07140568
0.84890612
-0.02835071
1.59243410
1.88001811
1.74366460
1.25175301
1.44708044
1.45878828
1.49679271
1.03538243
1.70041324
1.44464585
1.82034615
0.68850116
1.47689758
1.27720987
1.13062700
1.91866897
1.22715242
2.13691465
1.26174800
0.59416169
0.55748220
1.49135160
-0.03416423
1.45355744
0.89925186
1.13175780
1.22655141
0.69649718
0.63856550
0.86047827
1.35148025
1.97270026
