density
0.16523099
1.25658268
0.95735682
0.71517900
1.76581781
1.63853146
0.27413145
1.43895294
1.73317462
1.58019390
1.13506753
1.79889393
1.36765703
0.51134400
0.24395532
1.05373513
1.08753974
0.38017876
0.53870636
1.79658557
0.80918141
0.63693633
1.91321690
1.20161062
-0.21461057
1.13111647
1.57708479
1.34954130
0.37372400
0.79055971
1.51986580
0.34951238
0.68812192
0.11396802
1.40138851
0.29561265
1.03418403
1.68901730
1.08893465
0.90028880
1.16021549
0.62263455
1.54536396
1.06641388
0.42648733
1.02697941
0.49898591
1.82251171
1.12454143
0.56281695
1.08803119
0.61234157
1.49859994
0.07439857
1.40484832
0.96270667
1.66214203
1.96903918
1.60591433
1.64715082
0.28865678
1.16680817
1.46434233
1.01487474
1.02824463
0.75441923
1.70630456
1.33298037
1.46962616
0.95628782
1.71911139
1.05271389
1.28527008
0.82732073
1.17598151
1.34094132
1.54135213
1.26968697
1.62508700
1.23284233
1.31309966
1.13701582
1.67386107
0.06409223
1.25304678
1.25329082
1.96165841
0.80634985
1.71355227
1.26346233
0.33028146
0.99975373
0.36404723
0.44150604
0.17440264
1.43393864
0.55820996
1.93323470
1.82900585
1.66951042
0.39698002
0.48029973
0.67577332
0.74609864
1.18910275
1.25095886
1.17883788
1.40634635
0.75751139
-0.17798950
2.07038467
1.63494885
0.22956078
1.78252044
0.19470690
0.99020334
0.91106687
1.30387825
0.52145114
1.62211568
0.28613688
1.32166052
1.69796705
0.47246091
1.56552109
0.75199683
1.02761334
0.72109623
0.21307694
1.14227020
0.40968141
1.48721875
1.58504034
0.34454311
0.15069359
1.06475370
1.46340046
1.18121504
1.16295580
1.44190512
0.29832652
0.71893634
1.26642584
0.28408578
