density
1.73632411
1.10027709
1.55558379
-0.31666697
0.85104867
-0.34990491
0.57721733
1.25429844
1.45650728
0.76471995
1.09577872
0.95002185
0.57613887
1.03528659
0.98938174
0.79668061
1.39410137
1.34524401
0.58704969
1.48965744
1.00793253
0.69161286
1.29155989
1.74513181
1.52359299
-0.08068734
0.22152228
0.72302322
0.44917166
1.61366861
0.58516287
1.90420513
0.88815465
1.72260344
1.75390864
1.67100715
1.31730949
0.27190327
0.60084340
1.38681126
1.46439746
1.14382089
0.75321533
2.05901064
0.89115269
0.54836386
1.36206830
1.31973664
1.59561662
1.84628912
1.07537136
1.07192664
1.44163539
0.40546129
0.82564840
1.39752183
1.16746218
0.52499859
0.74814185
1.62478517
0.59035473
0.86599599
1.20992965
1.54521350
0.82152849
0.16480799
0.92517397
1.73952194
1.41056892
0.64175594
1.23217047
1.54640952
1.71418349
0.84887412
1.62210758
0.75316732
1.21018455
1.58243388
0.10970971
0.83874184
0.68568049
1.71855709
0.31387978
0.38710000
1.73759028
0.06742767
1.89540272
1.08335435
1.01949951
1.52429328
1.69047466
1.78683784
1.43738405
0.35860158
0.45523000
1.56890766
0.48685034
0.30150885
0.22519031
1.92405613
0.47463580
1.18822925
1.79453375
0.83247413
1.82923084
0.62086647
0.49592194
1.09402354
1.34059829
0.35134617
2.02220504
1.01904609
1.85234894
1.22460867
1.12236667
1.88629459
0.40191692
1.27779763
0.65112900
1.01995001
0.61187721
0.09815827
1.60767642
0.89600394
0.82456788
1.61179133
0.30264777
1.50285719
-0.05766722
1.75223204
0.42090903
1.54653045
0.74076565
1.10001017
1.72243710
0.99037132
-0.44921980
-0.19540281
0.52252277
0.32662983
0.88143116
1.87718798
1.66977230
1.30412042
