density
1.29486747
0.31791393
1.33383757
1.01813401
1.40680628
1.42185447
1.24943243
1.28747073
1.35673896
1.64128001
1.14347073
1.12446897
0.08328943
1.65763500
0.24836081
1.67464107
1.68003877
1.77473333
1.51561286
1.12659935
1.37697329
1.51053237
1.56914134
1.63199842
1.20053744
0.62859610
0.32977375
1.48159078
0.83222087
0.56207833
0.69308054
1.20228407
1.70524957
0.89628163
1.34036170
0.84061998
1.03751855
0.80063307
1.22617072
0.95185450
0.99011566
0.66761737
1.24428000
0.24170348
1.54004655
0.42750826
1.76656239
1.42268055
0.44728018
0.40708057
0.46860235
0.45750272
1.77026481
0.66191348
0.31768421
1.91077026
0.27010881
0.20226575
1.77942643
1.24058948
0.90965788
1.51296620
0.44779928
0.65433973
1.21548178
1.03706258
1.46247558
0.66162878
1.22540901
1.16337116
0.79857125
1.49740884
0.64029448
1.23091830
0.34750226
1.89449436
0.78563114
1.34508891
0.45687692
1.44619532
1.31981069
-0.07441436
1.04356384
1.50579413
0.79377639
1.18516053
0.49243718
0.35041520
1.21654674
1.85462188
1.50988688
1.14364547
0.70414705
1.30049114
1.53816141
0.73646529
0.07735148
0.51339265
1.53246416
1.33743051
0.47223098
1.66308829
0.33030384
1.04430183
1.09290886
0.62170976
0.44116230
1.85021742
1.49659051
0.95090894
0.77398587
1.07381737
1.95438580
1.02751443
1.96947791
0.30545501
0.64617869
0.66204456
1.14947654
0.24873179
1.35315145
1.80568960
0.35020013
1.15859672
1.42032917
1.20955665
1.73630975
1.24821180
1.31940853
1.37750722
0.00037479
1.69795780
2.30509827
0.95557903
0.31929230
1.09875260
1.13383150
1.75553741
1.25196222
1.55176147
0.71644085
0.45610562
0.43292106
0.27126098
