density
0.98272644
1.22608133
1.51919258
0.92210055
1.78062220
-0.17449324
0.25102588
1.59487928
0.03381800
0.41893424
1.07234382
1.09294068
0.18920628
1.44583517
0.71102362
0.69170224
1.49182671
1.30968767
1.03622629
0.61511066
1.19863292
1.86380879
0.99535141
1.08729423
1.03499817
0.40084133
0.76963959
1.84402218
1.52131101
1.51153674
0.18741437
0.40780118
1.37481078
1.14299213
1.76881905
1.74217927
1.99360067
0.08711453
1.61885297
1.83767427
0.89222026
0.53814461
1.15288864
0.66362161
0.43175341
0.65467082
0.83793505
0.80382566
1.29082025
1.58200982
0.58306163
0.97056240
1.46430127
0.27177880
0.56254245
0.60459907
1.94780902
0.73969019
0.82788312
1.85418273
0.21930507
1.06374272
1.76432219
1.10413966
0.59757114
1.02518641
1.20070474
0.99533660
0.91108468
0.85843459
1.15493500
0.41374402
1.29212665
1.02389334
0.56025334
0.60683105
0.28532901
1.81394475
1.62417180
0.89131025
0.75399726
1.41717937
1.30932591
1.76789623
0.64678730
1.55308567
-0.02684412
1.30257759
1.55823115
1.20658128
1.78865769
1.07468423
0.74694681
1.48557213
1.03626241
0.39145117
1.18217055
0.88615249
1.44756687
0.87640762
0.53354446
-0.07340251
1.32146373
0.33201599
1.41500798
0.86494269
1.13474273
1.20058276
0.57596994
1.32248429
1.02346454
1.39054143
1.02379241
1.53087966
0.50242195
0.99595243
0.34310577
0.41383389
0.51419584
0.28272298
1.30656195
0.97537752
1.18275162
0.45145574
1.68943073
1.82726927
0.55014096
0.85784516
0.94003666
0.63117710
0.48164389
1.09794466
1.25264478
0.78411198
0.91099662
1.63800588
1.39917297
0.62711748
1.11965268
0.55178703
0.88256709
0.80944761
1.81268751
0.62520766
