density
1.84529490
0.12811622
-0.14610973
1.83993819
0.63999847
1.72244854
1.32658136
2.03834447
1.38450693
1.71690256
0.90778117
0.07421097
0.84462631
1.27181614
0.48233267
1.96221414
0.57041781
1.65632412
1.68731315
1.25382251
-0.05539123
1.94108636
0.67223615
1.46955113
0.97641456
1.33649180
0.61748814
1.71006583
1.71041613
0.38017851
0.41029950
-0.07921018
0.64225965
0.27815128
0.37329204
1.15971823
0.90991791
1.21977297
1.64998847
0.66076415
1.01131144
0.84340136
1.21002629
1.40502793
0.82663989
0.84287000
0.65677220
1.69152559
1.39988418
1.55311879
1.01143518
0.33542412
0.05526454
-0.05526124
0.83193951
0.86083059
0.71982681
-0.01932781
1.72453880
0.45088414
0.52518469
1.13910350
1.92742896
0.15732152
1.57312375
0.90942672
1.40485386
0.65663163
1.55410785
1.84438485
0.69365358
0.54887837
0.72044504
1.13548212
0.79518616
1.76151366
0.38193871
-0.07919618
1.33541313
0.75810041
1.53144176
1.52566799
0.77779789
1.94937445
1.28050848
1.85678152
0.59950792
1.39133372
1.50186936
0.64496779
1.37201075
1.09571866
-0.02578816
1.67418342
1.31528814
0.61306615
1.08562893
0.52992518
1.75933049
0.60208337
2.21730075
0.21287159
1.66931960
0.20060347
0.30797051
-0.04245316
0.30881451
1.49469184
1.06161876
0.07848832
1.59301445
1.12794602
0.71591939
1.15803770
0.85196056
1.91698524
1.22727642
0.52044143
1.59431997
1.24407943
1.14558562
1.49752533
0.61063465
0.76860546
0.61850987
1.55509292
0.51361759
1.62923156
1.23624103
1.86004389
0.64075770
1.25402352
1.46332419
0.62438704
1.45939491
1.41916857
0.52695074
0.86640915
1.43897486
0.55821718
1.58582929
0.71378827
0.34875603
1.78663716
