density
0.20872097
1.18332847
1.66818692
1.64854774
0.67006364
0.49047783
0.59305554
1.47016545
0.62197421
1.59100404
0.70177902
0.59836873
0.74789609
1.09316246
0.73663926
0.86545963
2.11488652
1.57882660
0.87242900
1.27284985
1.78812065
0.32304205
1.62113510
1.51763276
1.24328148
0.21622162
1.35535781
0.76056827
0.51361689
1.66892734
0.64686231
0.84926433
0.38485936
0.47543838
0.69445085
1.31501007
0.38683790
1.37359408
1.26463669
0.65478782
1.07365013
0.28264366
1.92868730
0.57983025
0.71317051
1.98807297
0.91527028
0.60787781
1.48022439
0.88152289
0.80759401
0.54996170
1.69800229
1.56545834
0.35836686
1.02620765
1.05968708
0.64587597
1.10267031
1.77804580
2.00676741
-0.21084921
1.17297910
0.68327160
0.65674937
-0.15248343
1.34523657
1.24875656
0.75866744
1.04204001
0.17145165
1.61180940
0.68242027
1.65373882
0.59885547
1.25883157
1.97502548
1.09005758
0.66523916
0.41060239
1.87943230
1.13997119
0.55076164
0.59923569
0.95450975
1.04345215
1.68297003
1.49660791
1.29470958
1.02371684
0.39053760
1.46499012
0.40550529
2.00738671
1.53966171
1.21332058
1.47676355
1.47711433
0.63281230
0.26804468
1.02087629
0.66697188
0.87230786
0.83475791
1.94262665
0.21093876
1.56780144
0.56661063
1.65908185
1.69932178
1.18960830
1.81773179
0.85966932
1.38181035
0.49311214
1.01746077
1.02157462
1.14374748
0.33514399
0.71940590
1.42207645
2.07756262
1.20366395
0.97113113
-0.01817701
1.44523175
0.94755345
1.08468059
1.98230696
0.42906165
0.94685010
0.72244740
1.35654226
0.77252574
1.10106785
1.48655634
1.69171673
1.58916826
1.54019677
1.25257270
0.92376453
1.73553877
1.75092775
0.18919317
