density
0.81348762
1.62527957
1.74149608
0.91052238
1.41371248
1.19228894
0.44078029
1.60339069
1.60474223
1.48077242
1.67817775
0.56944714
1.59088361
1.21679893
0.13795790
0.49604709
1.03666989
1.75906891
1.02135448
1.81328914
0.14893935
1.04453590
0.20724963
0.30621527
0.63547206
1.47926751
0.70918597
1.46964655
0.21353688
0.43729553
0.63152969
1.25259562
0.98340367
-0.03798386
1.79953569
1.96247607
0.05723665
0.71564218
1.56163286
1.05201826
1.43566137
0.88676070
1.61369975
2.05254249
0.33775675
1.79852247
1.04314529
0.56705345
1.70877544
0.89076811
1.72066090
-0.02483794
2.29046274
0.13374322
0.64924009
1.54768144
0.70432931
0.07783189
0.50252898
0.96707848
-0.10415611
1.14558763
1.21818763
1.19171153
2.01232593
0.71287018
1.39775641
1.27480993
0.03678008
1.54059764
1.38571398
0.42238129
-0.27956630
0.63431697
0.74621295
1.21372373
0.74800709
0.68703016
1.10018804
0.93330897
1.28552632
0.58069900
1.00388257
0.48096357
0.46146702
1.29229514
1.21982731
0.84528572
0.83729316
1.78100577
0.60241903
0.75252543
-0.30194346
1.23728984
0.99015857
0.87561633
1.83957091
0.66010530
0.19958941
-0.26727439
0.34695085
1.77528877
0.72090685
0.35685951
1.29770114
1.18656774
1.49214644
0.48464252
1.97435267
0.32476445
0.12796435
1.63560641
1.14101167
1.32275796
1.14204256
0.62695359
1.55213922
0.80402640
1.29314149
0.61169734
0.98005893
0.72146253
1.04080105
1.03569576
1.96405407
-0.03541325
0.75342845
0.61126494
0.21742449
0.55845739
0.79088440
1.58771018
0.14646427
0.53067192
1.43186904
0.62799194
1.88375284
0.03902798
0.62931543
0.83177698
0.54379030
1.54880666
0.35397008
0.83465345
