index DenDen_momentum
1 140.94338436
2 140.93985858
3 140.88542758
4 140.80712669
5 140.94352967
6 140.98848739
7 140.88902101
8 141.04520199
9 141.05361106
10 140.98818692
11 140.98563731
12 141.00319408
13 140.94731055
14 140.90101911
15 140.88432848
16 140.88541384
17 140.95092051
18 141.01393713
19 141.03992115
20 140.95295235
21 140.94338436
22 0.46910609
23 0.41616060
24 0.43227764
25 0.49963969
26 0.45973167
27 0.39671454
28 0.45339118
29 0.41740723
30 0.41695107
31 0.48027667
32 0.39064060
33 0.48306655
34 0.43801430
35 0.37300856
36 0.46239600
37 0.43861214
38 0.38560707
39 0.42524198
40 0.38844824
41 0.42826224
42 0.46910609
43 0.39446037
44 0.40602139
45 0.40227247
46 0.45932257
47 0.43773247
48 0.42858398
49 0.40215167
50 0.40769050
51 0.41315267
52 0.46220571
53 0.40463828
54 0.36517767
55 0.37475133
56 0.36754943
57 0.41413214
58 0.44306274
59 0.35637698
60 0.42631550
61 0.46444679
62 0.38575913
63 0.39446037
64 0.54849912
65 0.48925924
66 0.47566105
67 0.47267835
68 0.51852809
69 0.47647466
70 0.53317508
71 0.50591370
72 0.48999357
73 0.46553573
74 0.46355531
75 0.44863181
76 0.45376274
77 0.45351282
78 0.47373886
79 0.41782169
80 0.52196609
81 0.50385598
82 0.45690003
83 0.56195301
84 0.54849912
85 0.47913537
86 0.54383967
87 0.54387149
88 0.52975758
89 0.51536777
90 0.44121947
91 0.45795621
92 0.42723807
93 0.38351781
94 0.46877882
95 0.45550659
96 0.43241403
97 0.49164032
98 0.46269004
99 0.46986279
100 0.49084807
101 0.47559122
102 0.60221796
103 0.48758258
104 0.54811722
105 0.47913537
106 0.60687352
107 0.66921843
108 0.56060524
109 0.50246933
110 0.46783981
111 0.54738496
112 0.48732728
113 0.41184877
114 0.49985174
115 0.47794691
116 0.47935735
117 0.45805681
118 0.45828212
119 0.40424262
120 0.49257460
121 0.57195897
122 0.47642586
123 0.55737710
124 0.55278092
125 0.54710280
126 0.60687352
127 0.58807703
128 0.67903352
129 0.55499167
130 0.62722894
131 0.63630828
132 0.55901890
133 0.55840953
134 0.44565780
135 0.59170915
136 0.47769238
137 0.55373746
138 0.42759118
139 0.56283700
140 0.54729467
141 0.57635073
142 0.59446187
143 0.64335920
144 0.53136132
145 0.65556523
146 0.64162462
147 0.58807703
148 0.60687352
149 0.66921843
150 0.56060524
151 0.50246933
152 0.46783981
153 0.54738496
154 0.48732728
155 0.41184877
156 0.49985174
157 0.47794691
158 0.47935735
159 0.45805681
160 0.45828212
161 0.40424262
162 0.49257460
163 0.57195897
164 0.47642586
165 0.55737710
166 0.55278092
167 0.54710280
168 0.60687352
169 0.47913537
170 0.54383967
171 0.54387149
172 0.52975758
173 0.51536777
174 0.44121947
175 0.45795621
176 0.42723807
177 0.38351781
178 0.46877882
179 0.45550659
180 0.43241403
181 0.49164032
182 0.46269004
183 0.46986279
184 0.49084807
185 0.47559122
186 0.60221796
187 0.48758258
188 0.54811722
189 0.47913537
190 0.54849912
191 0.48925924
192 0.47566105
193 0.47267835
194 0.51852809
195 0.47647466
196 0.53317508
197 0.50591370
198 0.48999357
199 0.46553573
200 0.46355531
201 0.44863181
202 0.45376274
203 0.45351282
204 0.47373886
205 0.41782169
206 0.52196609
207 0.50385598
208 0.45690003
209 0.56195301
210 0.54849912
211 0.39446037
212 0.40602139
213 0.40227247
214 0.45932257
215 0.43773247
216 0.42858398
217 0.40215167
218 0.40769050
219 0.41315267
220 0.46220571
221 0.40463828
222 0.36517767
223 0.37475133
224 0.36754943
225 0.41413214
226 0.44306274
227 0.35637698
228 0.42631550
229 0.46444679
230 0.38575913
231 0.39446037
232 0.46910609
233 0.41616060
234 0.43227764
235 0.49963969
236 0.45973167
237 0.39671454
238 0.45339118
239 0.41740723
240 0.41695107
241 0.48027667
242 0.39064060
243 0.48306655
244 0.43801430
245 0.37300856
246 0.46239600
247 0.43861214
248 0.38560707
249 0.42524198
250 0.38844824
251 0.42826224
252 0.46910609
253 0.34861279
254 0.39078918
255 0.44767434
256 0.45096259
257 0.32386461
258 0.45025376
259 0.36058680
260 0.37846490
261 0.44092586
262 0.39700022
263 0.35112462
264 0.32231812
265 0.35958410
266 0.35358273
267 0.35818271
268 0.37741723
269 0.33842080
270 0.39504925
271 0.36897926
272 0.44261266
273 0.34861279
274 0.50983669
275 0.55176917
276 0.51596551
277 0.47688399
278 0.44593435
279 0.56644349
280 0.58465059
281 0.52731958
282 0.46820265
283 0.48132243
284 0.49659703
285 0.54494824
286 0.43543879
287 0.52191294
288 0.50821196
289 0.45742012
290 0.41680836
291 0.50050440
292 0.56407540
293 0.47122753
294 0.50983669
295 0.43727759
296 0.43462401
297 0.44722802
298 0.41589742
299 0.41441157
300 0.36502458
301 0.43680408
302 0.48754632
303 0.37406541
304 0.44127471
305 0.42820100
306 0.46478618
307 0.29971616
308 0.37229626
309 0.39736698
310 0.37670803
311 0.45197990
312 0.37054887
313 0.45458137
314 0.43137067
315 0.43727759
316 0.45480151
317 0.54875363
318 0.42668335
319 0.51616538
320 0.42791811
321 0.45414813
322 0.44246797
323 0.44232173
324 0.45931147
325 0.36460078
326 0.40309659
327 0.37917087
328 0.40592472
329 0.41123643
330 0.48360775
331 0.47711638
332 0.44257581
333 0.44941889
334 0.46989524
335 0.46867902
336 0.45480151
337 0.53818877
338 0.47356886
339 0.55321861
340 0.55674924
341 0.39402306
342 0.44144475
343 0.41461022
344 0.39057916
345 0.38868832
346 0.43089211
347 0.35612349
348 0.44392054
349 0.38264252
350 0.50670136
351 0.36862257
352 0.40043958
353 0.38907838
354 0.47606556
355 0.49118871
356 0.52016044
357 0.53818877
358 0.59108873
359 0.51727680
360 0.53447696
361 0.50868228
362 0.45614785
363 0.49054215
364 0.45468820
365 0.41878707
366 0.35503055
367 0.37818333
368 0.42506715
369 0.46003368
370 0.41859730
371 0.43209611
372 0.42678164
373 0.44409309
374 0.42881772
375 0.58275702
376 0.52813169
377 0.61151469
378 0.59108873
379 0.73477971
380 0.68288520
381 0.62492909
382 0.53352988
383 0.53912092
384 0.47722344
385 0.42714252
386 0.53516465
387 0.44304378
388 0.48888026
389 0.49194065
390 0.52260977
391 0.51361320
392 0.52337830
393 0.45291663
394 0.43105574
395 0.56147932
396 0.53559103
397 0.54295733
398 0.64292878
399 0.73477971
400 0.67433160
401 0.60642328
402 0.58520487
403 0.58488250
404 0.46016236
405 0.45462568
406 0.53809827
407 0.47083615
408 0.39243998
409 0.44476022
410 0.42011994
411 0.38724779
412 0.48588615
413 0.45604997
414 0.50599966
415 0.52862279
416 0.57434990
417 0.53364788
418 0.60893380
419 0.57875695
420 0.67433160
421 0.50228282
422 0.50928242
423 0.49304130
424 0.42751826
425 0.42511489
426 0.33176183
427 0.42662407
428 0.41050144
429 0.37947812
430 0.40718732
431 0.38684845
432 0.40187937
433 0.43410264
434 0.35490044
435 0.35033162
436 0.50272933
437 0.49505950
438 0.44026168
439 0.50128589
440 0.51859330
441 0.50228282
442 0.45831449
443 0.49036352
444 0.48689563
445 0.45096294
446 0.39126378
447 0.45526969
448 0.47638827
449 0.45113615
450 0.42651615
451 0.34758445
452 0.40454118
453 0.49164150
454 0.36336365
455 0.39871649
456 0.39082610
457 0.38915961
458 0.42891715
459 0.38200996
460 0.41566329
461 0.52908371
462 0.45831449
463 0.45172790
464 0.42279148
465 0.37643302
466 0.41997562
467 0.44733129
468 0.38563307
469 0.42309030
470 0.47864475
471 0.50919584
472 0.36326179
473 0.38997531
474 0.37508066
475 0.42997606
476 0.41120102
477 0.39741684
478 0.39276364
479 0.43674024
480 0.43403764
481 0.40254855
482 0.49038312
483 0.45172790
484 0.53690456
485 0.44903622
486 0.53331832
487 0.40080793
488 0.41634870
489 0.55604460
490 0.40654081
491 0.52010469
492 0.47973440
493 0.52495674
494 0.34657207
495 0.51041530
496 0.41498322
497 0.47516840
498 0.44012292
499 0.51778435
500 0.58246140
501 0.49215399
502 0.60516267
503 0.47301393
504 0.53690456
505 0.50628455
506 0.46526676
507 0.54476470
508 0.48073272
509 0.40786100
510 0.48395952
511 0.51347006
512 0.46214864
513 0.44432142
514 0.39737262
515 0.31641272
516 0.48226557
517 0.42727811
518 0.41232290
519 0.43026858
520 0.44410425
521 0.44225478
522 0.47129140
523 0.39170269
524 0.44145213
525 0.50628455
526 0.57173858
527 0.56030348
528 0.50337978
529 0.46155531
530 0.46003631
531 0.42581511
532 0.42490414
533 0.44853663
534 0.43165561
535 0.45014266
536 0.44807466
537 0.40646801
538 0.42617191
539 0.48603701
540 0.48058432
541 0.50488447
542 0.43846356
543 0.45149077
544 0.47268338
545 0.46977236
546 0.57173858
547 0.51649887
548 0.44340022
549 0.43859672
550 0.44840457
551 0.49848394
552 0.44630392
553 0.44161405
554 0.48329497
555 0.41620193
556 0.36639417
557 0.45298222
558 0.41195703
559 0.46435606
560 0.39714275
561 0.44982543
562 0.44142789
563 0.51092822
564 0.47074758
565 0.50670428
566 0.57999062
567 0.51649887
568 0.62585025
569 0.58953241
570 0.46754454
571 0.47435753
572 0.48921089
573 0.51148676
574 0.46628105
575 0.37212166
576 0.36717517
577 0.42874909
578 0.35072802
579 0.41053316
580 0.45027836
581 0.39912001
582 0.39482545
583 0.45230831
584 0.47398577
585 0.59931252
586 0.40236904
587 0.53983298
588 0.62585025
589 0.61620486
590 0.56088358
591 0.54139993
592 0.39287771
593 0.51578377
594 0.53448980
595 0.34971152
596 0.49186013
597 0.42747919
598 0.48242438
599 0.48576782
600 0.41815248
601 0.44700579
602 0.40399017
603 0.43231989
604 0.47189579
605 0.39006843
606 0.51605636
607 0.55917144
608 0.57541677
609 0.61620486
610 0.54185190
611 0.58518020
612 0.56337264
613 0.48919989
614 0.49883969
615 0.36938583
616 0.47343333
617 0.45238529
618 0.41507358
619 0.40679720
620 0.47062022
621 0.45169887
622 0.41266498
623 0.40947626
624 0.39548932
625 0.46799030
626 0.49243444
627 0.57634213
628 0.52326306
629 0.63066228
630 0.54185190
631 0.73135845
632 0.72907338
633 0.60942172
634 0.59319958
635 0.64801903
636 0.56156231
637 0.60333436
638 0.52998736
639 0.54375192
640 0.50065092
641 0.57399857
642 0.54502628
643 0.56500054
644 0.54882433
645 0.61222748
646 0.59965956
647 0.57104751
648 0.61800508
649 0.67638375
650 0.75228234
651 0.73135845
652 0.59791664
653 0.53493092
654 0.60314252
655 0.50901978
656 0.48248881
657 0.33838233
658 0.44101338
659 0.38108248
660 0.36222046
661 0.37661141
662 0.35271552
663 0.44871230
664 0.40668234
665 0.40875409
666 0.42491276
667 0.44696984
668 0.43449670
669 0.47345441
670 0.49129012
671 0.53648265
672 0.59791664
673 0.54853305
674 0.43549622
675 0.43580501
676 0.40792148
677 0.48164158
678 0.43971842
679 0.41787248
680 0.34461867
681 0.43649425
682 0.29183873
683 0.48446862
684 0.30407922
685 0.37793556
686 0.36864195
687 0.38096930
688 0.49285784
689 0.41234682
690 0.46407840
691 0.58161438
692 0.51708898
693 0.54853305
694 0.63688364
695 0.52410623
696 0.49001449
697 0.53973643
698 0.51899002
699 0.47281918
700 0.46514069
701 0.52044238
702 0.46917798
703 0.42308066
704 0.48456604
705 0.46939726
706 0.44117142
707 0.50274419
708 0.46533344
709 0.48551517
710 0.44817914
711 0.53540009
712 0.55795737
713 0.58233274
714 0.63688364
715 0.58586235
716 0.53310337
717 0.56221537
718 0.49242042
719 0.50506682
720 0.47114659
721 0.45959942
722 0.39351351
723 0.42497417
724 0.42896399
725 0.40485669
726 0.41177975
727 0.44826159
728 0.46134256
729 0.52039198
730 0.49285685
731 0.51627349
732 0.44634131
733 0.50589379
734 0.50592392
735 0.58586235
736 0.47079465
737 0.51823592
738 0.46901992
739 0.41396815
740 0.51127452
741 0.46828086
742 0.45515124
743 0.40079191
744 0.50143928
745 0.40123964
746 0.40236299
747 0.44364430
748 0.40997248
749 0.41009062
750 0.42673406
751 0.43411890
752 0.43546318
753 0.51308202
754 0.43895464
755 0.49212265
756 0.47079465
757 0.47674138
758 0.56578933
759 0.54871995
760 0.54245980
761 0.43222194
762 0.53697512
763 0.46846606
764 0.42576090
765 0.52347879
766 0.53968731
767 0.41562265
768 0.47234439
769 0.53246341
770 0.51412969
771 0.51200841
772 0.39807504
773 0.48858167
774 0.51196502
775 0.61219352
776 0.51767142
777 0.47674138
778 0.55347616
779 0.50745437
780 0.53876380
781 0.51021183
782 0.47217048
783 0.49821201
784 0.57940751
785 0.46674575
786 0.37527544
787 0.43576580
788 0.47173432
789 0.49899015
790 0.49876121
791 0.46122851
792 0.42230711
793 0.46973227
794 0.45811890
795 0.53304948
796 0.56233756
797 0.49843109
798 0.55347616
799 0.59218769
800 0.54271270
801 0.51269008
802 0.56864580
803 0.50841502
804 0.48350202
805 0.47631748
806 0.43129953
807 0.49259370
808 0.41136317
809 0.38198164
810 0.48287468
811 0.36389702
812 0.46192955
813 0.38481728
814 0.52737827
815 0.50275579
816 0.44641487
817 0.51076447
818 0.51104257
819 0.59218769
820 0.59812440
821 0.51415866
822 0.42877215
823 0.43748929
824 0.52733686
825 0.46354283
826 0.43422189
827 0.51216655
828 0.46282858
829 0.35335996
830 0.46664919
831 0.41495664
832 0.36242289
833 0.41840183
834 0.38304409
835 0.41518027
836 0.41877807
837 0.48489485
838 0.51520795
839 0.54546159
840 0.59812440
841 0.63930006
842 0.64935076
843 0.56313123
844 0.59530855
845 0.51493748
846 0.57930339
847 0.54720438
848 0.50557862
849 0.45040065
850 0.50308074
851 0.51407873
852 0.41939804
853 0.53559214
854 0.47911073
855 0.45867298
856 0.55081262
857 0.58985770
858 0.61480914
859 0.64652898
860 0.61039046
861 0.63930006
862 0.79140417
863 0.69763572
864 0.69132837
865 0.61564374
866 0.63227953
867 0.57204057
868 0.60141178
869 0.47979487
870 0.48484777
871 0.51327404
872 0.49220429
873 0.45573588
874 0.56495095
875 0.44723677
876 0.52793346
877 0.57637744
878 0.53110744
879 0.53365778
880 0.62479358
881 0.63848323
882 0.79140417
883 0.63548720
884 0.65879642
885 0.56906009
886 0.57521090
887 0.49991286
888 0.53390415
889 0.44892982
890 0.47060657
891 0.43971256
892 0.46633478
893 0.44133371
894 0.48909023
895 0.39033032
896 0.38105599
897 0.43764508
898 0.49094389
899 0.56832491
900 0.52947671
901 0.56629256
902 0.55694056
903 0.63548720
904 0.71413224
905 0.65213340
906 0.58403183
907 0.52197273
908 0.49369540
909 0.46440401
910 0.41172121
911 0.47305313
912 0.41661106
913 0.47724997
914 0.42014004
915 0.50657529
916 0.49569419
917 0.46422175
918 0.39361415
919 0.51802373
920 0.56160669
921 0.52674583
922 0.52227254
923 0.56945660
924 0.71413224
925 0.65267429
926 0.54117927
927 0.47936755
928 0.54820613
929 0.48541205
930 0.45707794
931 0.41627769
932 0.37693475
933 0.42649443
934 0.47418686
935 0.45666454
936 0.49890043
937 0.40325937
938 0.38389263
939 0.40512949
940 0.51050509
941 0.51202333
942 0.49695877
943 0.43672762
944 0.64840427
945 0.65267429
946 0.59357938
947 0.61739925
948 0.51615636
949 0.55954290
950 0.51296028
951 0.47493488
952 0.56847920
953 0.46840897
954 0.50467103
955 0.51072436
956 0.48688418
957 0.43939807
958 0.39602953
959 0.52951853
960 0.47914851
961 0.48684653
962 0.56535615
963 0.47627673
964 0.59204046
965 0.62267953
966 0.59357938
967 0.61795264
968 0.53635469
969 0.47523841
970 0.49239947
971 0.47558243
972 0.44698945
973 0.34929451
974 0.37705949
975 0.45505317
976 0.40349962
977 0.38029361
978 0.48570717
979 0.38945714
980 0.39464430
981 0.43464275
982 0.37884546
983 0.38548664
984 0.46971183
985 0.46714166
986 0.49833590
987 0.61795264
988 0.59950381
989 0.58611451
990 0.51412476
991 0.48800950
992 0.46500026
993 0.45580816
994 0.45499819
995 0.41084723
996 0.47100834
997 0.42778778
998 0.46499521
999 0.37943859
1000 0.46311076
1001 0.42842797
1002 0.44843109
1003 0.42259091
1004 0.37937096
1005 0.49692938
1006 0.55729626
1007 0.55979735
1008 0.59950381
1009 0.56412827
1010 0.61802833
1011 0.49470850
1012 0.50401416
1013 0.42257993
1014 0.52201300
1015 0.43427363
1016 0.45056876
1017 0.56491851
1018 0.41480969
1019 0.43530450
1020 0.43191885
1021 0.48879103
1022 0.43187625
1023 0.44237829
1024 0.44341426
1025 0.44886990
1026 0.49087286
1027 0.55664286
1028 0.54695620
1029 0.56412827
1030 0.50281286
1031 0.56463057
1032 0.53089615
1033 0.49074845
1034 0.53328098
1035 0.46272731
1036 0.38038995
1037 0.37657210
1038 0.47769420
1039 0.51211002
1040 0.40422923
1041 0.39776749
1042 0.47512259
1043 0.44767282
1044 0.51261311
1045 0.50020578
1046 0.45537418
1047 0.49125378
1048 0.52504774
1049 0.53637532
1050 0.50281286
1051 0.63138496
1052 0.58804248
1053 0.57422254
1054 0.50558956
1055 0.43750219
1056 0.47140326
1057 0.42451090
1058 0.47235979
1059 0.45858052
1060 0.37805280
1061 0.40311971
1062 0.44044731
1063 0.48430819
1064 0.46698229
1065 0.49837007
1066 0.48723224
1067 0.47324181
1068 0.57008753
1069 0.52950649
1070 0.59449077
1071 0.63138496
1072 0.67059193
1073 0.63324605
1074 0.59870722
1075 0.55452290
1076 0.51276026
1077 0.51802429
1078 0.49027772
1079 0.42129721
1080 0.52850162
1081 0.47907680
1082 0.53535386
1083 0.46243697
1084 0.49579409
1085 0.51605145
1086 0.39921898
1087 0.45142097
1088 0.51363693
1089 0.60083559
1090 0.63939178
1091 0.63296724
1092 0.67059193
1093 0.58370223
1094 0.49181914
1095 0.47718925
1096 0.42056143
1097 0.49402284
1098 0.46368142
1099 0.33987433
1100 0.34308512
1101 0.42713290
1102 0.38953240
1103 0.38284661
1104 0.36136501
1105 0.39837579
1106 0.42968601
1107 0.43691343
1108 0.44617008
1109 0.37640198
1110 0.45210582
1111 0.48004506
1112 0.53713636
1113 0.58370223
1114 0.83593727
1115 0.70827970
1116 0.70470373
1117 0.69186570
1118 0.61594545
1119 0.66541579
1120 0.65649642
1121 0.62803913
1122 0.53896747
1123 0.66843003
1124 0.52053460
1125 0.59818964
1126 0.59013774
1127 0.49031946
1128 0.58646429
1129 0.64060624
1130 0.62392425
1131 0.68351783
1132 0.71421443
1133 0.75209259
1134 0.83593727
1135 0.86586572
1136 0.75880855
1137 0.67740716
1138 0.58418176
1139 0.62571091
1140 0.58291100
1141 0.60161542
1142 0.53317610
1143 0.49135232
1144 0.49966555
1145 0.51380489
1146 0.53431881
1147 0.50847878
1148 0.56814282
1149 0.46769279
1150 0.56393540
1151 0.58995513
1152 0.62956258
1153 0.70231173
1154 0.69508372
1155 0.86586572
1156 0.79843042
1157 0.74242005
1158 0.67280188
1159 0.57188354
1160 0.53004590
1161 0.56549124
1162 0.49059499
1163 0.54432853
1164 0.53495542
1165 0.49759958
1166 0.53208665
1167 0.56652264
1168 0.54054938
1169 0.52628561
1170 0.55680395
1171 0.52850862
1172 0.57885738
1173 0.63940704
1174 0.58788743
1175 0.62855539
1176 0.79843042
1177 0.76742453
1178 0.64222440
1179 0.67779554
1180 0.65716591
1181 0.51187480
1182 0.52166178
1183 0.57872833
1184 0.45683271
1185 0.47315364
1186 0.45986802
1187 0.48188825
1188 0.40005638
1189 0.56478385
1190 0.55558368
1191 0.56923615
1192 0.55505881
1193 0.57979783
1194 0.54287030
1195 0.63190064
1196 0.60546156
1197 0.76742453
1198 0.62945659
1199 0.55699602
1200 0.49677826
1201 0.56414288
1202 0.45545680
1203 0.42144197
1204 0.46915144
1205 0.37304180
1206 0.40968382
1207 0.40705801
1208 0.46092451
1209 0.46186432
1210 0.38596158
1211 0.41248968
1212 0.43857647
1213 0.40422241
1214 0.48256328
1215 0.55183216
1216 0.58030641
1217 0.61088326
1218 0.62945659
1219 0.70054836
1220 0.61344187
1221 0.51157037
1222 0.62417234
1223 0.55642660
1224 0.52799178
1225 0.51929632
1226 0.45347255
1227 0.41419758
1228 0.46597648
1229 0.53423435
1230 0.52017475
1231 0.51850712
1232 0.52476713
1233 0.52645322
1234 0.49135540
1235 0.50619091
1236 0.55257021
1237 0.61762285
1238 0.54360805
1239 0.70054836
1240 0.64971866
1241 0.59808782
1242 0.55265528
1243 0.45484829
1244 0.55023837
1245 0.48272713
1246 0.43578823
1247 0.50175378
1248 0.41220616
1249 0.44488212
1250 0.49458874
1251 0.44900523
1252 0.44226535
1253 0.55306754
1254 0.50166474
1255 0.50791269
1256 0.47178622
1257 0.49314909
1258 0.53698819
1259 0.52189334
1260 0.64971866
1261 0.76131311
1262 0.50517833
1263 0.54801400
1264 0.48114589
1265 0.50853513
1266 0.47664169
1267 0.37197808
1268 0.45641464
1269 0.42396295
1270 0.44212216
1271 0.45454141
1272 0.48041385
1273 0.46448085
1274 0.45237994
1275 0.39920792
1276 0.51355120
1277 0.49299423
1278 0.54131009
1279 0.51196332
1280 0.48878879
1281 0.76131311
1282 0.56512279
1283 0.54941278
1284 0.54109641
1285 0.50772971
1286 0.55302560
1287 0.42232512
1288 0.50662081
1289 0.40694204
1290 0.42156512
1291 0.44039749
1292 0.47646115
1293 0.42999205
1294 0.47795848
1295 0.45013968
1296 0.41050334
1297 0.50479227
1298 0.43916716
1299 0.50788102
1300 0.54456006
1301 0.58474719
1302 0.56512279
1303 0.74750848
1304 0.69962191
1305 0.57424836
1306 0.63015195
1307 0.51342988
1308 0.52136244
1309 0.45502894
1310 0.49420442
1311 0.53869422
1312 0.42897291
1313 0.38947179
1314 0.49844044
1315 0.54922762
1316 0.50166949
1317 0.50356658
1318 0.47652825
1319 0.45629618
1320 0.62784780
1321 0.60079556
1322 0.63267980
1323 0.74750848
1324 0.72145164
1325 0.71346632
1326 0.72728639
1327 0.66227630
1328 0.60531150
1329 0.52913401
1330 0.56775300
1331 0.57528550
1332 0.57443437
1333 0.49823448
1334 0.53793249
1335 0.47695670
1336 0.60095867
1337 0.63451903
1338 0.44278567
1339 0.56126081
1340 0.62985283
1341 0.68210866
1342 0.55642686
1343 0.72064951
1344 0.72145164
1345 0.74312965
1346 0.70512090
1347 0.74355934
1348 0.52339734
1349 0.54692385
1350 0.49329347
1351 0.57241411
1352 0.42990569
1353 0.56592059
1354 0.45374262
1355 0.44988202
1356 0.43895194
1357 0.56028663
1358 0.51386072
1359 0.54350917
1360 0.50170179
1361 0.53265190
1362 0.62930442
1363 0.64766988
1364 0.70272509
1365 0.74312965
1366 0.74621979
1367 0.66720345
1368 0.57776700
1369 0.44162673
1370 0.52822642
1371 0.43793475
1372 0.46656859
1373 0.46705974
1374 0.47474321
1375 0.41053492
1376 0.48472812
1377 0.47374435
1378 0.44685726
1379 0.44688383
1380 0.48757493
1381 0.46735372
1382 0.45336289
1383 0.60054907
1384 0.58131632
1385 0.68625208
1386 0.74621979
1387 0.75562486
1388 0.63583556
1389 0.60911133
1390 0.53064341
1391 0.46393562
1392 0.48628287
1393 0.50112364
1394 0.49802803
1395 0.45819397
1396 0.42480955
1397 0.41531995
1398 0.48216361
1399 0.44677532
1400 0.48113800
1401 0.50042769
1402 0.49717382
1403 0.50139371
1404 0.55626814
1405 0.64739447
1406 0.70546537
1407 0.75562486
1408 0.88525200
1409 0.77924600
1410 0.73037857
1411 0.61518910
1412 0.60913659
1413 0.58476249
1414 0.50918288
1415 0.58368963
1416 0.60507725
1417 0.56262834
1418 0.59788374
1419 0.45747566
1420 0.55674346
1421 0.56955670
1422 0.58078155
1423 0.57055886
1424 0.65283753
1425 0.60079951
1426 0.64778425
1427 0.76712521
1428 0.88525200
1429 0.79203733
1430 0.68992144
1431 0.56652999
1432 0.61495558
1433 0.53712151
1434 0.49870722
1435 0.47997961
1436 0.38925528
1437 0.40904279
1438 0.46582477
1439 0.40899372
1440 0.45867845
1441 0.45933250
1442 0.42171244
1443 0.43431656
1444 0.41498293
1445 0.51095260
1446 0.57686438
1447 0.58627226
1448 0.61840443
1449 0.79203733
1450 0.69580755
1451 0.65154623
1452 0.58049669
1453 0.54873590
1454 0.52527045
1455 0.55911670
1456 0.50070582
1457 0.44199087
1458 0.40098693
1459 0.49261731
1460 0.46063710
1461 0.50268903
1462 0.46135528
1463 0.47344200
1464 0.54604259
1465 0.53647010
1466 0.54248575
1467 0.57618213
1468 0.59409382
1469 0.65037863
1470 0.69580755
1471 0.66107888
1472 0.63205538
1473 0.60646081
1474 0.58439432
1475 0.51677412
1476 0.49699863
1477 0.37052961
1478 0.37056768
1479 0.42096255
1480 0.48883373
1481 0.47506254
1482 0.42555235
1483 0.38862470
1484 0.45602893
1485 0.53898042
1486 0.46605204
1487 0.50404173
1488 0.56813356
1489 0.50843323
1490 0.68560544
1491 0.66107888
1492 0.60159122
1493 0.52131589
1494 0.59420452
1495 0.46244255
1496 0.47606845
1497 0.42085761
1498 0.40201553
1499 0.35702743
1500 0.44746919
1501 0.38761872
1502 0.40188695
1503 0.44432833
1504 0.43779247
1505 0.42157490
1506 0.41362465
1507 0.46407554
1508 0.41503626
1509 0.46304124
1510 0.48217053
1511 0.54022029
1512 0.60159122
1513 0.60638934
1514 0.58257376
1515 0.56024432
1516 0.48778718
1517 0.41197143
1518 0.54329988
1519 0.44368190
1520 0.40400523
1521 0.38880398
1522 0.47439452
1523 0.47276816
1524 0.45532353
1525 0.41080824
1526 0.46908465
1527 0.45790597
1528 0.49784702
1529 0.66381251
1530 0.49606872
1531 0.49445935
1532 0.57773200
1533 0.60638934
1534 0.74171026
1535 0.67869243
1536 0.60299634
1537 0.62246879
1538 0.60605407
1539 0.43028154
1540 0.54082085
1541 0.52950420
1542 0.52763168
1543 0.55333359
1544 0.52681687
1545 0.52560917
1546 0.53166675
1547 0.50886773
1548 0.56830643
1549 0.49861617
1550 0.55437879
1551 0.61141007
1552 0.65381424
1553 0.67257887
1554 0.74171026
1555 0.79662799
1556 0.76524729
1557 0.62756896
1558 0.63524914
1559 0.59545395
1560 0.52683285
1561 0.60365004
1562 0.56431934
1563 0.55858799
1564 0.51572804
1565 0.54721206
1566 0.51417000
1567 0.54892352
1568 0.65404606
1569 0.51607706
1570 0.51046926
1571 0.57145400
1572 0.62325030
1573 0.65664998
1574 0.77452301
1575 0.79662799
1576 0.80202925
1577 0.74469658
1578 0.66741852
1579 0.58797311
1580 0.57732824
1581 0.60039904
1582 0.55051041
1583 0.49113758
1584 0.52705498
1585 0.49550774
1586 0.44401194
1587 0.53011827
1588 0.47860509
1589 0.50330843
1590 0.55309918
1591 0.58050051
1592 0.62062286
1593 0.56231701
1594 0.70503115
1595 0.81200917
1596 0.80202925
1597 0.89386744
1598 0.72633727
1599 0.72926006
1600 0.66666302
1601 0.64096467
1602 0.53842455
1603 0.53579828
1604 0.60381952
1605 0.67443198
1606 0.60785852
1607 0.53901876
1608 0.56950023
1609 0.57406456
1610 0.54450518
1611 0.60336681
1612 0.64067555
1613 0.64975384
1614 0.58919941
1615 0.74713798
1616 0.76049975
1617 0.89386744
1618 1.00118482
1619 0.82864293
1620 0.89424304
1621 0.78712288
1622 0.72767214
1623 0.75030737
1624 0.71388719
1625 0.68642900
1626 0.66739622
1627 0.74862393
1628 0.65503175
1629 0.67575967
1630 0.70824564
1631 0.71728504
1632 0.58161623
1633 0.68952819
1634 0.76280873
1635 0.79961325
1636 0.83622812
1637 0.92720960
1638 1.00118482
1639 0.94411196
1640 0.81642190
1641 0.71484143
1642 0.77578665
1643 0.73791664
1644 0.56501971
1645 0.68305907
1646 0.67581231
1647 0.65323954
1648 0.64050181
1649 0.49313883
1650 0.57823553
1651 0.54665517
1652 0.66023458
1653 0.63342500
1654 0.67786784
1655 0.64982602
1656 0.68421652
1657 0.68198588
1658 0.83036687
1659 0.94411196
1660 1.00118482
1661 0.82864293
1662 0.89424304
1663 0.78712288
1664 0.72767214
1665 0.75030737
1666 0.71388719
1667 0.68642900
1668 0.66739622
1669 0.74862393
1670 0.65503175
1671 0.67575967
1672 0.70824564
1673 0.71728504
1674 0.58161623
1675 0.68952819
1676 0.76280873
1677 0.79961325
1678 0.83622812
1679 0.92720960
1680 1.00118482
1681 0.89386744
1682 0.72633727
1683 0.72926006
1684 0.66666302
1685 0.64096467
1686 0.53842455
1687 0.53579828
1688 0.60381952
1689 0.67443198
1690 0.60785852
1691 0.53901876
1692 0.56950023
1693 0.57406456
1694 0.54450518
1695 0.60336681
1696 0.64067555
1697 0.64975384
1698 0.58919941
1699 0.74713798
1700 0.76049975
1701 0.89386744
1702 0.80202925
1703 0.74469658
1704 0.66741852
1705 0.58797311
1706 0.57732824
1707 0.60039904
1708 0.55051041
1709 0.49113758
1710 0.52705498
1711 0.49550774
1712 0.44401194
1713 0.53011827
1714 0.47860509
1715 0.50330843
1716 0.55309918
1717 0.58050051
1718 0.62062286
1719 0.56231701
1720 0.70503115
1721 0.81200917
1722 0.80202925
1723 0.79662799
1724 0.76524729
1725 0.62756896
1726 0.63524914
1727 0.59545395
1728 0.52683285
1729 0.60365004
1730 0.56431934
1731 0.55858799
1732 0.51572804
1733 0.54721206
1734 0.51417000
1735 0.54892352
1736 0.65404606
1737 0.51607706
1738 0.51046926
1739 0.57145400
1740 0.62325030
1741 0.65664998
1742 0.77452301
1743 0.79662799
1744 0.74171026
1745 0.67869243
1746 0.60299634
1747 0.62246879
1748 0.60605407
1749 0.43028154
1750 0.54082085
1751 0.52950420
1752 0.52763168
1753 0.55333359
1754 0.52681687
1755 0.52560917
1756 0.53166675
1757 0.50886773
1758 0.56830643
1759 0.49861617
1760 0.55437879
1761 0.61141007
1762 0.65381424
1763 0.67257887
1764 0.74171026
1765 0.76131311
1766 0.50517833
1767 0.54801400
1768 0.48114589
1769 0.50853513
1770 0.47664169
1771 0.37197808
1772 0.45641464
1773 0.42396295
1774 0.44212216
1775 0.45454141
1776 0.48041385
1777 0.46448085
1778 0.45237994
1779 0.39920792
1780 0.51355120
1781 0.49299423
1782 0.54131009
1783 0.51196332
1784 0.48878879
1785 0.76131311
1786 0.60159122
1787 0.52131589
1788 0.59420452
1789 0.46244255
1790 0.47606845
1791 0.42085761
1792 0.40201553
1793 0.35702743
1794 0.44746919
1795 0.38761872
1796 0.40188695
1797 0.44432833
1798 0.43779247
1799 0.42157490
1800 0.41362465
1801 0.46407554
1802 0.41503626
1803 0.46304124
1804 0.48217053
1805 0.54022029
1806 0.60159122
1807 0.66107888
1808 0.63205538
1809 0.60646081
1810 0.58439432
1811 0.51677412
1812 0.49699863
1813 0.37052961
1814 0.37056768
1815 0.42096255
1816 0.48883373
1817 0.47506254
1818 0.42555235
1819 0.38862470
1820 0.45602893
1821 0.53898042
1822 0.46605204
1823 0.50404173
1824 0.56813356
1825 0.50843323
1826 0.68560544
1827 0.66107888
1828 0.69580755
1829 0.65154623
1830 0.58049669
1831 0.54873590
1832 0.52527045
1833 0.55911670
1834 0.50070582
1835 0.44199087
1836 0.40098693
1837 0.49261731
1838 0.46063710
1839 0.50268903
1840 0.46135528
1841 0.47344200
1842 0.54604259
1843 0.53647010
1844 0.54248575
1845 0.57618213
1846 0.59409382
1847 0.65037863
1848 0.69580755
1849 0.79203733
1850 0.68992144
1851 0.56652999
1852 0.61495558
1853 0.53712151
1854 0.49870722
1855 0.47997961
1856 0.38925528
1857 0.40904279
1858 0.46582477
1859 0.40899372
1860 0.45867845
1861 0.45933250
1862 0.42171244
1863 0.43431656
1864 0.41498293
1865 0.51095260
1866 0.57686438
1867 0.58627226
1868 0.61840443
1869 0.79203733
1870 0.88525200
1871 0.77924600
1872 0.73037857
1873 0.61518910
1874 0.60913659
1875 0.58476249
1876 0.50918288
1877 0.58368963
1878 0.60507725
1879 0.56262834
1880 0.59788374
1881 0.45747566
1882 0.55674346
1883 0.56955670
1884 0.58078155
1885 0.57055886
1886 0.65283753
1887 0.60079951
1888 0.64778425
1889 0.76712521
1890 0.88525200
1891 0.75562486
1892 0.63583556
1893 0.60911133
1894 0.53064341
1895 0.46393562
1896 0.48628287
1897 0.50112364
1898 0.49802803
1899 0.45819397
1900 0.42480955
1901 0.41531995
1902 0.48216361
1903 0.44677532
1904 0.48113800
1905 0.50042769
1906 0.49717382
1907 0.50139371
1908 0.55626814
1909 0.64739447
1910 0.70546537
1911 0.75562486
1912 0.74621979
1913 0.66720345
1914 0.57776700
1915 0.44162673
1916 0.52822642
1917 0.43793475
1918 0.46656859
1919 0.46705974
1920 0.47474321
1921 0.41053492
1922 0.48472812
1923 0.47374435
1924 0.44685726
1925 0.44688383
1926 0.48757493
1927 0.46735372
1928 0.45336289
1929 0.60054907
1930 0.58131632
1931 0.68625208
1932 0.74621979
1933 0.74312965
1934 0.70512090
1935 0.74355934
1936 0.52339734
1937 0.54692385
1938 0.49329347
1939 0.57241411
1940 0.42990569
1941 0.56592059
1942 0.45374262
1943 0.44988202
1944 0.43895194
1945 0.56028663
1946 0.51386072
1947 0.54350917
1948 0.50170179
1949 0.53265190
1950 0.62930442
1951 0.64766988
1952 0.70272509
1953 0.74312965
1954 0.72145164
1955 0.71346632
1956 0.72728639
1957 0.66227630
1958 0.60531150
1959 0.52913401
1960 0.56775300
1961 0.57528550
1962 0.57443437
1963 0.49823448
1964 0.53793249
1965 0.47695670
1966 0.60095867
1967 0.63451903
1968 0.44278567
1969 0.56126081
1970 0.62985283
1971 0.68210866
1972 0.55642686
1973 0.72064951
1974 0.72145164
1975 0.74750848
1976 0.69962191
1977 0.57424836
1978 0.63015195
1979 0.51342988
1980 0.52136244
1981 0.45502894
1982 0.49420442
1983 0.53869422
1984 0.42897291
1985 0.38947179
1986 0.49844044
1987 0.54922762
1988 0.50166949
1989 0.50356658
1990 0.47652825
1991 0.45629618
1992 0.62784780
1993 0.60079556
1994 0.63267980
1995 0.74750848
1996 0.56512279
1997 0.54941278
1998 0.54109641
1999 0.50772971
2000 0.55302560
2001 0.42232512
2002 0.50662081
2003 0.40694204
2004 0.42156512
2005 0.44039749
2006 0.47646115
2007 0.42999205
2008 0.47795848
2009 0.45013968
2010 0.41050334
2011 0.50479227
2012 0.43916716
2013 0.50788102
2014 0.54456006
2015 0.58474719
2016 0.56512279
2017 0.56412827
2018 0.61802833
2019 0.49470850
2020 0.50401416
2021 0.42257993
2022 0.52201300
2023 0.43427363
2024 0.45056876
2025 0.56491851
2026 0.41480969
2027 0.43530450
2028 0.43191885
2029 0.48879103
2030 0.43187625
2031 0.44237829
2032 0.44341426
2033 0.44886990
2034 0.49087286
2035 0.55664286
2036 0.54695620
2037 0.56412827
2038 0.64971866
2039 0.59808782
2040 0.55265528
2041 0.45484829
2042 0.55023837
2043 0.48272713
2044 0.43578823
2045 0.50175378
2046 0.41220616
2047 0.44488212
2048 0.49458874
2049 0.44900523
2050 0.44226535
2051 0.55306754
2052 0.50166474
2053 0.50791269
2054 0.47178622
2055 0.49314909
2056 0.53698819
2057 0.52189334
2058 0.64971866
2059 0.70054836
2060 0.61344187
2061 0.51157037
2062 0.62417234
2063 0.55642660
2064 0.52799178
2065 0.51929632
2066 0.45347255
2067 0.41419758
2068 0.46597648
2069 0.53423435
2070 0.52017475
2071 0.51850712
2072 0.52476713
2073 0.52645322
2074 0.49135540
2075 0.50619091
2076 0.55257021
2077 0.61762285
2078 0.54360805
2079 0.70054836
2080 0.62945659
2081 0.55699602
2082 0.49677826
2083 0.56414288
2084 0.45545680
2085 0.42144197
2086 0.46915144
2087 0.37304180
2088 0.40968382
2089 0.40705801
2090 0.46092451
2091 0.46186432
2092 0.38596158
2093 0.41248968
2094 0.43857647
2095 0.40422241
2096 0.48256328
2097 0.55183216
2098 0.58030641
2099 0.61088326
2100 0.62945659
2101 0.76742453
2102 0.64222440
2103 0.67779554
2104 0.65716591
2105 0.51187480
2106 0.52166178
2107 0.57872833
2108 0.45683271
2109 0.47315364
2110 0.45986802
2111 0.48188825
2112 0.40005638
2113 0.56478385
2114 0.55558368
2115 0.56923615
2116 0.55505881
2117 0.57979783
2118 0.54287030
2119 0.63190064
2120 0.60546156
2121 0.76742453
2122 0.79843042
2123 0.74242005
2124 0.67280188
2125 0.57188354
2126 0.53004590
2127 0.56549124
2128 0.49059499
2129 0.54432853
2130 0.53495542
2131 0.49759958
2132 0.53208665
2133 0.56652264
2134 0.54054938
2135 0.52628561
2136 0.55680395
2137 0.52850862
2138 0.57885738
2139 0.63940704
2140 0.58788743
2141 0.62855539
2142 0.79843042
2143 0.86586572
2144 0.75880855
2145 0.67740716
2146 0.58418176
2147 0.62571091
2148 0.58291100
2149 0.60161542
2150 0.53317610
2151 0.49135232
2152 0.49966555
2153 0.51380489
2154 0.53431881
2155 0.50847878
2156 0.56814282
2157 0.46769279
2158 0.56393540
2159 0.58995513
2160 0.62956258
2161 0.70231173
2162 0.69508372
2163 0.86586572
2164 0.83593727
2165 0.70827970
2166 0.70470373
2167 0.69186570
2168 0.61594545
2169 0.66541579
2170 0.65649642
2171 0.62803913
2172 0.53896747
2173 0.66843003
2174 0.52053460
2175 0.59818964
2176 0.59013774
2177 0.49031946
2178 0.58646429
2179 0.64060624
2180 0.62392425
2181 0.68351783
2182 0.71421443
2183 0.75209259
2184 0.83593727
2185 0.58370223
2186 0.49181914
2187 0.47718925
2188 0.42056143
2189 0.49402284
2190 0.46368142
2191 0.33987433
2192 0.34308512
2193 0.42713290
2194 0.38953240
2195 0.38284661
2196 0.36136501
2197 0.39837579
2198 0.42968601
2199 0.43691343
2200 0.44617008
2201 0.37640198
2202 0.45210582
2203 0.48004506
2204 0.53713636
2205 0.58370223
2206 0.67059193
2207 0.63324605
2208 0.59870722
2209 0.55452290
2210 0.51276026
2211 0.51802429
2212 0.49027772
2213 0.42129721
2214 0.52850162
2215 0.47907680
2216 0.53535386
2217 0.46243697
2218 0.49579409
2219 0.51605145
2220 0.39921898
2221 0.45142097
2222 0.51363693
2223 0.60083559
2224 0.63939178
2225 0.63296724
2226 0.67059193
2227 0.63138496
2228 0.58804248
2229 0.57422254
2230 0.50558956
2231 0.43750219
2232 0.47140326
2233 0.42451090
2234 0.47235979
2235 0.45858052
2236 0.37805280
2237 0.40311971
2238 0.44044731
2239 0.48430819
2240 0.46698229
2241 0.49837007
2242 0.48723224
2243 0.47324181
2244 0.57008753
2245 0.52950649
2246 0.59449077
2247 0.63138496
2248 0.50281286
2249 0.56463057
2250 0.53089615
2251 0.49074845
2252 0.53328098
2253 0.46272731
2254 0.38038995
2255 0.37657210
2256 0.47769420
2257 0.51211002
2258 0.40422923
2259 0.39776749
2260 0.47512259
2261 0.44767282
2262 0.51261311
2263 0.50020578
2264 0.45537418
2265 0.49125378
2266 0.52504774
2267 0.53637532
2268 0.50281286
2269 0.47674138
2270 0.56578933
2271 0.54871995
2272 0.54245980
2273 0.43222194
2274 0.53697512
2275 0.46846606
2276 0.42576090
2277 0.52347879
2278 0.53968731
2279 0.41562265
2280 0.47234439
2281 0.53246341
2282 0.51412969
2283 0.51200841
2284 0.39807504
2285 0.48858167
2286 0.51196502
2287 0.61219352
2288 0.51767142
2289 0.47674138
2290 0.59950381
2291 0.58611451
2292 0.51412476
2293 0.48800950
2294 0.46500026
2295 0.45580816
2296 0.45499819
2297 0.41084723
2298 0.47100834
2299 0.42778778
2300 0.46499521
2301 0.37943859
2302 0.46311076
2303 0.42842797
2304 0.44843109
2305 0.42259091
2306 0.37937096
2307 0.49692938
2308 0.55729626
2309 0.55979735
2310 0.59950381
2311 0.61795264
2312 0.53635469
2313 0.47523841
2314 0.49239947
2315 0.47558243
2316 0.44698945
2317 0.34929451
2318 0.37705949
2319 0.45505317
2320 0.40349962
2321 0.38029361
2322 0.48570717
2323 0.38945714
2324 0.39464430
2325 0.43464275
2326 0.37884546
2327 0.38548664
2328 0.46971183
2329 0.46714166
2330 0.49833590
2331 0.61795264
2332 0.59357938
2333 0.61739925
2334 0.51615636
2335 0.55954290
2336 0.51296028
2337 0.47493488
2338 0.56847920
2339 0.46840897
2340 0.50467103
2341 0.51072436
2342 0.48688418
2343 0.43939807
2344 0.39602953
2345 0.52951853
2346 0.47914851
2347 0.48684653
2348 0.56535615
2349 0.47627673
2350 0.59204046
2351 0.62267953
2352 0.59357938
2353 0.65267429
2354 0.54117927
2355 0.47936755
2356 0.54820613
2357 0.48541205
2358 0.45707794
2359 0.41627769
2360 0.37693475
2361 0.42649443
2362 0.47418686
2363 0.45666454
2364 0.49890043
2365 0.40325937
2366 0.38389263
2367 0.40512949
2368 0.51050509
2369 0.51202333
2370 0.49695877
2371 0.43672762
2372 0.64840427
2373 0.65267429
2374 0.71413224
2375 0.65213340
2376 0.58403183
2377 0.52197273
2378 0.49369540
2379 0.46440401
2380 0.41172121
2381 0.47305313
2382 0.41661106
2383 0.47724997
2384 0.42014004
2385 0.50657529
2386 0.49569419
2387 0.46422175
2388 0.39361415
2389 0.51802373
2390 0.56160669
2391 0.52674583
2392 0.52227254
2393 0.56945660
2394 0.71413224
2395 0.63548720
2396 0.65879642
2397 0.56906009
2398 0.57521090
2399 0.49991286
2400 0.53390415
2401 0.44892982
2402 0.47060657
2403 0.43971256
2404 0.46633478
2405 0.44133371
2406 0.48909023
2407 0.39033032
2408 0.38105599
2409 0.43764508
2410 0.49094389
2411 0.56832491
2412 0.52947671
2413 0.56629256
2414 0.55694056
2415 0.63548720
2416 0.79140417
2417 0.69763572
2418 0.69132837
2419 0.61564374
2420 0.63227953
2421 0.57204057
2422 0.60141178
2423 0.47979487
2424 0.48484777
2425 0.51327404
2426 0.49220429
2427 0.45573588
2428 0.56495095
2429 0.44723677
2430 0.52793346
2431 0.57637744
2432 0.53110744
2433 0.53365778
2434 0.62479358
2435 0.63848323
2436 0.79140417
2437 0.63930006
2438 0.64935076
2439 0.56313123
2440 0.59530855
2441 0.51493748
2442 0.57930339
2443 0.54720438
2444 0.50557862
2445 0.45040065
2446 0.50308074
2447 0.51407873
2448 0.41939804
2449 0.53559214
2450 0.47911073
2451 0.45867298
2452 0.55081262
2453 0.58985770
2454 0.61480914
2455 0.64652898
2456 0.61039046
2457 0.63930006
2458 0.59812440
2459 0.51415866
2460 0.42877215
2461 0.43748929
2462 0.52733686
2463 0.46354283
2464 0.43422189
2465 0.51216655
2466 0.46282858
2467 0.35335996
2468 0.46664919
2469 0.41495664
2470 0.36242289
2471 0.41840183
2472 0.38304409
2473 0.41518027
2474 0.41877807
2475 0.48489485
2476 0.51520795
2477 0.54546159
2478 0.59812440
2479 0.59218769
2480 0.54271270
2481 0.51269008
2482 0.56864580
2483 0.50841502
2484 0.48350202
2485 0.47631748
2486 0.43129953
2487 0.49259370
2488 0.41136317
2489 0.38198164
2490 0.48287468
2491 0.36389702
2492 0.46192955
2493 0.38481728
2494 0.52737827
2495 0.50275579
2496 0.44641487
2497 0.51076447
2498 0.51104257
2499 0.59218769
2500 0.55347616
2501 0.50745437
2502 0.53876380
2503 0.51021183
2504 0.47217048
2505 0.49821201
2506 0.57940751
2507 0.46674575
2508 0.37527544
2509 0.43576580
2510 0.47173432
2511 0.49899015
2512 0.49876121
2513 0.46122851
2514 0.42230711
2515 0.46973227
2516 0.45811890
2517 0.53304948
2518 0.56233756
2519 0.49843109
2520 0.55347616
2521 0.50628455
2522 0.46526676
2523 0.54476470
2524 0.48073272
2525 0.40786100
2526 0.48395952
2527 0.51347006
2528 0.46214864
2529 0.44432142
2530 0.39737262
2531 0.31641272
2532 0.48226557
2533 0.42727811
2534 0.41232290
2535 0.43026858
2536 0.44410425
2537 0.44225478
2538 0.47129140
2539 0.39170269
2540 0.44145213
2541 0.50628455
2542 0.47079465
2543 0.51823592
2544 0.46901992
2545 0.41396815
2546 0.51127452
2547 0.46828086
2548 0.45515124
2549 0.40079191
2550 0.50143928
2551 0.40123964
2552 0.40236299
2553 0.44364430
2554 0.40997248
2555 0.41009062
2556 0.42673406
2557 0.43411890
2558 0.43546318
2559 0.51308202
2560 0.43895464
2561 0.49212265
2562 0.47079465
2563 0.58586235
2564 0.53310337
2565 0.56221537
2566 0.49242042
2567 0.50506682
2568 0.47114659
2569 0.45959942
2570 0.39351351
2571 0.42497417
2572 0.42896399
2573 0.40485669
2574 0.41177975
2575 0.44826159
2576 0.46134256
2577 0.52039198
2578 0.49285685
2579 0.51627349
2580 0.44634131
2581 0.50589379
2582 0.50592392
2583 0.58586235
2584 0.63688364
2585 0.52410623
2586 0.49001449
2587 0.53973643
2588 0.51899002
2589 0.47281918
2590 0.46514069
2591 0.52044238
2592 0.46917798
2593 0.42308066
2594 0.48456604
2595 0.46939726
2596 0.44117142
2597 0.50274419
2598 0.46533344
2599 0.48551517
2600 0.44817914
2601 0.53540009
2602 0.55795737
2603 0.58233274
2604 0.63688364
2605 0.54853305
2606 0.43549622
2607 0.43580501
2608 0.40792148
2609 0.48164158
2610 0.43971842
2611 0.41787248
2612 0.34461867
2613 0.43649425
2614 0.29183873
2615 0.48446862
2616 0.30407922
2617 0.37793556
2618 0.36864195
2619 0.38096930
2620 0.49285784
2621 0.41234682
2622 0.46407840
2623 0.58161438
2624 0.51708898
2625 0.54853305
2626 0.59791664
2627 0.53493092
2628 0.60314252
2629 0.50901978
2630 0.48248881
2631 0.33838233
2632 0.44101338
2633 0.38108248
2634 0.36222046
2635 0.37661141
2636 0.35271552
2637 0.44871230
2638 0.40668234
2639 0.40875409
2640 0.42491276
2641 0.44696984
2642 0.43449670
2643 0.47345441
2644 0.49129012
2645 0.53648265
2646 0.59791664
2647 0.73135845
2648 0.72907338
2649 0.60942172
2650 0.59319958
2651 0.64801903
2652 0.56156231
2653 0.60333436
2654 0.52998736
2655 0.54375192
2656 0.50065092
2657 0.57399857
2658 0.54502628
2659 0.56500054
2660 0.54882433
2661 0.61222748
2662 0.59965956
2663 0.57104751
2664 0.61800508
2665 0.67638375
2666 0.75228234
2667 0.73135845
2668 0.54185190
2669 0.58518020
2670 0.56337264
2671 0.48919989
2672 0.49883969
2673 0.36938583
2674 0.47343333
2675 0.45238529
2676 0.41507358
2677 0.40679720
2678 0.47062022
2679 0.45169887
2680 0.41266498
2681 0.40947626
2682 0.39548932
2683 0.46799030
2684 0.49243444
2685 0.57634213
2686 0.52326306
2687 0.63066228
2688 0.54185190
2689 0.61620486
2690 0.56088358
2691 0.54139993
2692 0.39287771
2693 0.51578377
2694 0.53448980
2695 0.34971152
2696 0.49186013
2697 0.42747919
2698 0.48242438
2699 0.48576782
2700 0.41815248
2701 0.44700579
2702 0.40399017
2703 0.43231989
2704 0.47189579
2705 0.39006843
2706 0.51605636
2707 0.55917144
2708 0.57541677
2709 0.61620486
2710 0.62585025
2711 0.58953241
2712 0.46754454
2713 0.47435753
2714 0.48921089
2715 0.51148676
2716 0.46628105
2717 0.37212166
2718 0.36717517
2719 0.42874909
2720 0.35072802
2721 0.41053316
2722 0.45027836
2723 0.39912001
2724 0.39482545
2725 0.45230831
2726 0.47398577
2727 0.59931252
2728 0.40236904
2729 0.53983298
2730 0.62585025
2731 0.51649887
2732 0.44340022
2733 0.43859672
2734 0.44840457
2735 0.49848394
2736 0.44630392
2737 0.44161405
2738 0.48329497
2739 0.41620193
2740 0.36639417
2741 0.45298222
2742 0.41195703
2743 0.46435606
2744 0.39714275
2745 0.44982543
2746 0.44142789
2747 0.51092822
2748 0.47074758
2749 0.50670428
2750 0.57999062
2751 0.51649887
2752 0.57173858
2753 0.56030348
2754 0.50337978
2755 0.46155531
2756 0.46003631
2757 0.42581511
2758 0.42490414
2759 0.44853663
2760 0.43165561
2761 0.45014266
2762 0.44807466
2763 0.40646801
2764 0.42617191
2765 0.48603701
2766 0.48058432
2767 0.50488447
2768 0.43846356
2769 0.45149077
2770 0.47268338
2771 0.46977236
2772 0.57173858
2773 0.34861279
2774 0.39078918
2775 0.44767434
2776 0.45096259
2777 0.32386461
2778 0.45025376
2779 0.36058680
2780 0.37846490
2781 0.44092586
2782 0.39700022
2783 0.35112462
2784 0.32231812
2785 0.35958410
2786 0.35358273
2787 0.35818271
2788 0.37741723
2789 0.33842080
2790 0.39504925
2791 0.36897926
2792 0.44261266
2793 0.34861279
2794 0.53690456
2795 0.44903622
2796 0.53331832
2797 0.40080793
2798 0.41634870
2799 0.55604460
2800 0.40654081
2801 0.52010469
2802 0.47973440
2803 0.52495674
2804 0.34657207
2805 0.51041530
2806 0.41498322
2807 0.47516840
2808 0.44012292
2809 0.51778435
2810 0.58246140
2811 0.49215399
2812 0.60516267
2813 0.47301393
2814 0.53690456
2815 0.45172790
2816 0.42279148
2817 0.37643302
2818 0.41997562
2819 0.44733129
2820 0.38563307
2821 0.42309030
2822 0.47864475
2823 0.50919584
2824 0.36326179
2825 0.38997531
2826 0.37508066
2827 0.42997606
2828 0.41120102
2829 0.39741684
2830 0.39276364
2831 0.43674024
2832 0.43403764
2833 0.40254855
2834 0.49038312
2835 0.45172790
2836 0.45831449
2837 0.49036352
2838 0.48689563
2839 0.45096294
2840 0.39126378
2841 0.45526969
2842 0.47638827
2843 0.45113615
2844 0.42651615
2845 0.34758445
2846 0.40454118
2847 0.49164150
2848 0.36336365
2849 0.39871649
2850 0.39082610
2851 0.38915961
2852 0.42891715
2853 0.38200996
2854 0.41566329
2855 0.52908371
2856 0.45831449
2857 0.50228282
2858 0.50928242
2859 0.49304130
2860 0.42751826
2861 0.42511489
2862 0.33176183
2863 0.42662407
2864 0.41050144
2865 0.37947812
2866 0.40718732
2867 0.38684845
2868 0.40187937
2869 0.43410264
2870 0.35490044
2871 0.35033162
2872 0.50272933
2873 0.49505950
2874 0.44026168
2875 0.50128589
2876 0.51859330
2877 0.50228282
2878 0.67433160
2879 0.60642328
2880 0.58520487
2881 0.58488250
2882 0.46016236
2883 0.45462568
2884 0.53809827
2885 0.47083615
2886 0.39243998
2887 0.44476022
2888 0.42011994
2889 0.38724779
2890 0.48588615
2891 0.45604997
2892 0.50599966
2893 0.52862279
2894 0.57434990
2895 0.53364788
2896 0.60893380
2897 0.57875695
2898 0.67433160
2899 0.73477971
2900 0.68288520
2901 0.62492909
2902 0.53352988
2903 0.53912092
2904 0.47722344
2905 0.42714252
2906 0.53516465
2907 0.44304378
2908 0.48888026
2909 0.49194065
2910 0.52260977
2911 0.51361320
2912 0.52337830
2913 0.45291663
2914 0.43105574
2915 0.56147932
2916 0.53559103
2917 0.54295733
2918 0.64292878
2919 0.73477971
2920 0.59108873
2921 0.51727680
2922 0.53447696
2923 0.50868228
2924 0.45614785
2925 0.49054215
2926 0.45468820
2927 0.41878707
2928 0.35503055
2929 0.37818333
2930 0.42506715
2931 0.46003368
2932 0.41859730
2933 0.43209611
2934 0.42678164
2935 0.44409309
2936 0.42881772
2937 0.58275702
2938 0.52813169
2939 0.61151469
2940 0.59108873
2941 0.53818877
2942 0.47356886
2943 0.55321861
2944 0.55674924
2945 0.39402306
2946 0.44144475
2947 0.41461022
2948 0.39057916
2949 0.38868832
2950 0.43089211
2951 0.35612349
2952 0.44392054
2953 0.38264252
2954 0.50670136
2955 0.36862257
2956 0.40043958
2957 0.38907838
2958 0.47606556
2959 0.49118871
2960 0.52016044
2961 0.53818877
2962 0.45480151
2963 0.54875363
2964 0.42668335
2965 0.51616538
2966 0.42791811
2967 0.45414813
2968 0.44246797
2969 0.44232173
2970 0.45931147
2971 0.36460078
2972 0.40309659
2973 0.37917087
2974 0.40592472
2975 0.41123643
2976 0.48360775
2977 0.47711638
2978 0.44257581
2979 0.44941889
2980 0.46989524
2981 0.46867902
2982 0.45480151
2983 0.43727759
2984 0.43462401
2985 0.44722802
2986 0.41589742
2987 0.41441157
2988 0.36502458
2989 0.43680408
2990 0.48754632
2991 0.37406541
2992 0.44127471
2993 0.42820100
2994 0.46478618
2995 0.29971616
2996 0.37229626
2997 0.39736698
2998 0.37670803
2999 0.45197990
3000 0.37054887
3001 0.45458137
3002 0.43137067
3003 0.43727759
3004 0.50983669
3005 0.55176917
3006 0.51596551
3007 0.47688399
3008 0.44593435
3009 0.56644349
3010 0.58465059
3011 0.52731958
3012 0.46820265
3013 0.48132243
3014 0.49659703
3015 0.54494824
3016 0.43543879
3017 0.52191294
3018 0.50821196
3019 0.45742012
3020 0.41680836
3021 0.50050440
3022 0.56407540
3023 0.47122753
3024 0.50983669
