index DenDen_momentum
1 141.43990802
2 141.52800186
3 141.47736430
4 141.49159108
5 141.54947351
6 141.51365364
7 141.46844612
8 141.56554112
9 141.63116459
10 141.53093894
11 141.55409217
12 141.42989957
13 141.44138504
14 141.56222315
15 141.49164648
16 141.50967878
17 141.60985074
18 141.53049104
19 141.50005818
20 141.59824703
21 141.43990802
22 0.36600069
23 0.40501746
24 0.39378947
25 0.43583901
26 0.29549986
27 0.37527314
28 0.34054944
29 0.41245272
30 0.40472088
31 0.40874695
32 0.37236004
33 0.37755904
34 0.37797575
35 0.30666503
36 0.32851495
37 0.39040186
38 0.37259682
39 0.42662531
40 0.38253752
41 0.29859428
42 0.36600069
43 0.43786042
44 0.42285695
45 0.41671690
46 0.34949243
47 0.44191911
48 0.42926211
49 0.35771435
50 0.40958967
51 0.33561493
52 0.39738056
53 0.34935034
54 0.33547651
55 0.38817606
56 0.40969172
57 0.38954987
58 0.41044038
59 0.41263139
60 0.32462809
61 0.43790168
62 0.50035125
63 0.43786042
64 0.46938097
65 0.49131874
66 0.47524530
67 0.42473977
68 0.38966908
69 0.35660314
70 0.42957740
71 0.33339344
72 0.38309397
73 0.37707744
74 0.35106576
75 0.43316599
76 0.41735769
77 0.40810783
78 0.33731200
79 0.33103909
80 0.46851036
81 0.43031375
82 0.49263428
83 0.46116960
84 0.46938097
85 0.49478297
86 0.49286150
87 0.49801465
88 0.48837065
89 0.40300526
90 0.46027765
91 0.38442763
92 0.39277772
93 0.32678247
94 0.38020120
95 0.40429644
96 0.32608074
97 0.37177240
98 0.43136433
99 0.37928565
100 0.44635158
101 0.44987932
102 0.50898637
103 0.52073500
104 0.47611589
105 0.49478297
106 0.59004177
107 0.50522637
108 0.49866002
109 0.50952657
110 0.51498106
111 0.52966598
112 0.37008473
113 0.42381154
114 0.39283695
115 0.44993024
116 0.41694081
117 0.39292003
118 0.40920942
119 0.44539452
120 0.44855975
121 0.47747679
122 0.45729929
123 0.49086530
124 0.51506526
125 0.53258142
126 0.59004177
127 0.63101996
128 0.51722230
129 0.44143180
130 0.24280192
131 0.52431273
132 0.38056157
133 0.40989530
134 0.42044745
135 0.44639838
136 0.31865778
137 0.33396260
138 0.28076811
139 0.36761149
140 0.32882282
141 0.44766243
142 0.38108315
143 0.31572652
144 0.46071513
145 0.50917258
146 0.53254038
147 0.63101996
148 0.59004177
149 0.50522637
150 0.49866002
151 0.50952657
152 0.51498106
153 0.52966598
154 0.37008473
155 0.42381154
156 0.39283695
157 0.44993024
158 0.41694081
159 0.39292003
160 0.40920942
161 0.44539452
162 0.44855975
163 0.47747679
164 0.45729929
165 0.49086530
166 0.51506526
167 0.53258142
168 0.59004177
169 0.49478297
170 0.49286150
171 0.49801465
172 0.48837065
173 0.40300526
174 0.46027765
175 0.38442763
176 0.39277772
177 0.32678247
178 0.38020120
179 0.40429644
180 0.32608074
181 0.37177240
182 0.43136433
183 0.37928565
184 0.44635158
185 0.44987932
186 0.50898637
187 0.52073500
188 0.47611589
189 0.49478297
190 0.46938097
191 0.49131874
192 0.47524530
193 0.42473977
194 0.38966908
195 0.35660314
196 0.42957740
197 0.33339344
198 0.38309397
199 0.37707744
200 0.35106576
201 0.43316599
202 0.41735769
203 0.40810783
204 0.33731200
205 0.33103909
206 0.46851036
207 0.43031375
208 0.49263428
209 0.46116960
210 0.46938097
211 0.43786042
212 0.42285695
213 0.41671690
214 0.34949243
215 0.44191911
216 0.42926211
217 0.35771435
218 0.40958967
219 0.33561493
220 0.39738056
221 0.34935034
222 0.33547651
223 0.38817606
224 0.40969172
225 0.38954987
226 0.41044038
227 0.41263139
228 0.32462809
229 0.43790168
230 0.50035125
231 0.43786042
232 0.36600069
233 0.40501746
234 0.39378947
235 0.43583901
236 0.29549986
237 0.37527314
238 0.34054944
239 0.41245272
240 0.40472088
241 0.40874695
242 0.37236004
243 0.37755904
244 0.37797575
245 0.30666503
246 0.32851495
247 0.39040186
248 0.37259682
249 0.42662531
250 0.38253752
251 0.29859428
252 0.36600069
253 0.48319808
254 0.43109497
255 0.46147298
256 0.49047423
257 0.37703945
258 0.42186051
259 0.40986670
260 0.42715664
261 0.43661705
262 0.39777692
263 0.44875696
264 0.47386725
265 0.42549941
266 0.40906923
267 0.47709614
268 0.43404563
269 0.48306943
270 0.33459301
271 0.35937390
272 0.49437258
273 0.48319808
274 0.51106362
275 0.45737083
276 0.45065095
277 0.44861961
278 0.35663796
279 0.40505384
280 0.43935200
281 0.40780594
282 0.40932688
283 0.42418021
284 0.47202964
285 0.43453004
286 0.44553149
287 0.46591322
288 0.35107220
289 0.39362700
290 0.44312839
291 0.45394238
292 0.46185655
293 0.36689253
294 0.51106362
295 0.49063560
296 0.50588809
297 0.53543590
298 0.46926546
299 0.52117693
300 0.48244650
301 0.45616447
302 0.50294338
303 0.53457327
304 0.49425722
305 0.53257432
306 0.46143055
307 0.49935033
308 0.42388702
309 0.45772349
310 0.44480163
311 0.49390318
312 0.43236502
313 0.52341293
314 0.44721466
315 0.49063560
316 0.48661580
317 0.44526816
318 0.41470016
319 0.44675024
320 0.39318642
321 0.36502439
322 0.34721217
323 0.42224076
324 0.29047885
325 0.36508921
326 0.39530474
327 0.36129261
328 0.36365671
329 0.30316573
330 0.37187806
331 0.32794145
332 0.42928338
333 0.33480807
334 0.41997832
335 0.39932965
336 0.48661580
337 0.57724722
338 0.64450170
339 0.53402453
340 0.48289187
341 0.51466083
342 0.42923045
343 0.44936877
344 0.50753021
345 0.42719826
346 0.43934970
347 0.43620048
348 0.44824364
349 0.40470976
350 0.52702220
351 0.47639302
352 0.48407618
353 0.45330318
354 0.46821188
355 0.53844957
356 0.62894266
357 0.57724722
358 0.63775421
359 0.55072202
360 0.57027897
361 0.47012956
362 0.44135317
363 0.44960217
364 0.45499981
365 0.40457317
366 0.46336461
367 0.44870888
368 0.42772337
369 0.40274129
370 0.41842628
371 0.42892531
372 0.47910943
373 0.41911820
374 0.39775005
375 0.46974508
376 0.56066525
377 0.53786720
378 0.63775421
379 0.64495472
380 0.56828000
381 0.44402322
382 0.44573639
383 0.47450261
384 0.37411468
385 0.35994586
386 0.37579532
387 0.33644814
388 0.36354279
389 0.34268424
390 0.30110984
391 0.37261131
392 0.45908198
393 0.37172639
394 0.42072652
395 0.34891782
396 0.32750366
397 0.51520270
398 0.53061032
399 0.64495472
400 0.71373220
401 0.70099942
402 0.53137702
403 0.67390117
404 0.54775266
405 0.56601363
406 0.53326919
407 0.48240641
408 0.55189372
409 0.38441824
410 0.52108627
411 0.58333892
412 0.56208719
413 0.51263952
414 0.54333204
415 0.56665091
416 0.52545852
417 0.63863177
418 0.65912956
419 0.65350310
420 0.71373220
421 0.62420065
422 0.60561426
423 0.54474815
424 0.51145430
425 0.48907722
426 0.51347216
427 0.53783689
428 0.49659900
429 0.45263184
430 0.52578726
431 0.49957956
432 0.48455093
433 0.48475233
434 0.48547998
435 0.52804405
436 0.47515541
437 0.55734142
438 0.55701422
439 0.58815614
440 0.57108142
441 0.62420065
442 0.46660093
443 0.41742297
444 0.44315050
445 0.48054403
446 0.40537222
447 0.44383035
448 0.28238132
449 0.32365017
450 0.51171554
451 0.46278313
452 0.35200648
453 0.33656611
454 0.37047113
455 0.41242847
456 0.37342278
457 0.41535767
458 0.43433119
459 0.42304265
460 0.45415131
461 0.43315050
462 0.46660093
463 0.47825694
464 0.55611666
465 0.47213404
466 0.39632355
467 0.46221988
468 0.53030889
469 0.43396970
470 0.37667560
471 0.43022569
472 0.40315715
473 0.40461955
474 0.41391277
475 0.47315208
476 0.42899020
477 0.40161521
478 0.43669250
479 0.38472266
480 0.54592372
481 0.45943750
482 0.48790528
483 0.47825694
484 0.46235588
485 0.48389195
486 0.44478773
487 0.42675752
488 0.42864008
489 0.44496819
490 0.46334601
491 0.44499958
492 0.43644198
493 0.44286094
494 0.49205695
495 0.42645993
496 0.43087820
497 0.48186088
498 0.45917689
499 0.40636325
500 0.49108618
501 0.53342048
502 0.37364468
503 0.43138887
504 0.46235588
505 0.50123578
506 0.55802160
507 0.41533521
508 0.49129692
509 0.45329450
510 0.46099484
511 0.43480242
512 0.40700986
513 0.44012210
514 0.44471136
515 0.43333126
516 0.50632457
517 0.41625365
518 0.45072302
519 0.52511900
520 0.40035305
521 0.47326149
522 0.42448717
523 0.49206346
524 0.43141408
525 0.50123578
526 0.44935558
527 0.49860060
528 0.47318677
529 0.49935841
530 0.44594667
531 0.39966097
532 0.42508724
533 0.33577782
534 0.43170634
535 0.39826238
536 0.43046824
537 0.43213201
538 0.33393590
539 0.37799267
540 0.45033455
541 0.42235080
542 0.44825283
543 0.45103870
544 0.49033327
545 0.50273145
546 0.44935558
547 0.56754098
548 0.44849543
549 0.49274342
550 0.51848578
551 0.52463896
552 0.43994280
553 0.48841199
554 0.43641016
555 0.39455654
556 0.37872146
557 0.45622628
558 0.48891769
559 0.53252473
560 0.48858411
561 0.45706123
562 0.40035151
563 0.42584936
564 0.50752357
565 0.47791550
566 0.50982907
567 0.56754098
568 0.64052627
569 0.67402372
570 0.68115691
571 0.60782546
572 0.59011399
573 0.65668482
574 0.63029735
575 0.60131738
576 0.52923536
577 0.55131227
578 0.54514294
579 0.50108064
580 0.53453849
581 0.55006760
582 0.53828037
583 0.60370093
584 0.58022146
585 0.67655224
586 0.56721409
587 0.62541212
588 0.64052627
589 0.67597011
590 0.61634444
591 0.49571048
592 0.59823652
593 0.45766938
594 0.51933844
595 0.65652014
596 0.51389036
597 0.42808548
598 0.47991576
599 0.46094868
600 0.48056219
601 0.46785164
602 0.46157455
603 0.44691241
604 0.46291474
605 0.53846921
606 0.57999865
607 0.47328215
608 0.64106629
609 0.67597011
610 0.62193869
611 0.57504218
612 0.59628931
613 0.53683688
614 0.55119643
615 0.45256370
616 0.46020201
617 0.38262014
618 0.40574829
619 0.39843424
620 0.46595198
621 0.40390589
622 0.41912213
623 0.44739048
624 0.52146911
625 0.50578639
626 0.52734074
627 0.61444003
628 0.51977671
629 0.61928612
630 0.62193869
631 0.65994032
632 0.67842872
633 0.60763840
634 0.51459012
635 0.47270929
636 0.42708081
637 0.48484490
638 0.49021197
639 0.43531529
640 0.37306338
641 0.48447955
642 0.42260997
643 0.43314441
644 0.49100972
645 0.48024627
646 0.50422425
647 0.53579868
648 0.52767403
649 0.55006572
650 0.59297144
651 0.65994032
652 0.69745239
653 0.65148260
654 0.57067872
655 0.53954656
656 0.53970147
657 0.56267886
658 0.51572810
659 0.52714727
660 0.37236302
661 0.52881085
662 0.46303343
663 0.45706145
664 0.54703483
665 0.54490169
666 0.49865338
667 0.50746360
668 0.57597376
669 0.65097295
670 0.60143275
671 0.66807670
672 0.69745239
673 0.62711256
674 0.64724704
675 0.60893344
676 0.68180483
677 0.55064936
678 0.46144733
679 0.48801145
680 0.41736014
681 0.43479443
682 0.55573474
683 0.41094297
684 0.47435818
685 0.42670421
686 0.49368991
687 0.49780051
688 0.45674809
689 0.52821871
690 0.55737357
691 0.56709261
692 0.62450726
693 0.62711256
694 0.56513307
695 0.45740661
696 0.49020708
697 0.51412268
698 0.42324029
699 0.37372575
700 0.41811266
701 0.44034152
702 0.36045245
703 0.43957565
704 0.33973840
705 0.36288102
706 0.42355383
707 0.39590596
708 0.43452479
709 0.46825278
710 0.52615096
711 0.51053749
712 0.45974862
713 0.55785673
714 0.56513307
715 0.41664585
716 0.47237368
717 0.39286189
718 0.39053823
719 0.42278847
720 0.34813025
721 0.31432070
722 0.27137750
723 0.31855291
724 0.37172987
725 0.38329480
726 0.29859161
727 0.33147070
728 0.34807843
729 0.38224429
730 0.36851016
731 0.38697622
732 0.39863859
733 0.42752502
734 0.42355268
735 0.41664585
736 0.52001275
737 0.41303799
738 0.46583652
739 0.44750200
740 0.48324748
741 0.41047254
742 0.39022138
743 0.51428010
744 0.38287091
745 0.34501803
746 0.42490433
747 0.38599714
748 0.42762356
749 0.39716114
750 0.44119592
751 0.43371671
752 0.48426116
753 0.52441795
754 0.41158649
755 0.51664964
756 0.52001275
757 0.44726112
758 0.43258175
759 0.48822728
760 0.39065404
761 0.40811129
762 0.34354811
763 0.34817981
764 0.43338871
765 0.32927431
766 0.27927069
767 0.40200935
768 0.37739196
769 0.33764726
770 0.38272388
771 0.40283252
772 0.42943543
773 0.38241517
774 0.42927196
775 0.40652036
776 0.45438476
777 0.44726112
778 0.53838463
779 0.46558736
780 0.50493431
781 0.44776349
782 0.41566627
783 0.39251407
784 0.45405612
785 0.42001758
786 0.42484321
787 0.41618354
788 0.47268858
789 0.39640649
790 0.37975759
791 0.40153733
792 0.47275028
793 0.41033625
794 0.50068636
795 0.48613564
796 0.40827820
797 0.51559376
798 0.53838463
799 0.42583860
800 0.53214117
801 0.43549119
802 0.33016105
803 0.41037555
804 0.44559045
805 0.38862748
806 0.35103975
807 0.36838686
808 0.28741675
809 0.28645797
810 0.32354773
811 0.36388889
812 0.37236188
813 0.33537375
814 0.42548975
815 0.40055033
816 0.46183979
817 0.37217779
818 0.42347291
819 0.42583860
820 0.62764563
821 0.57588175
822 0.49664270
823 0.56288102
824 0.47939563
825 0.47437122
826 0.40306799
827 0.51897175
828 0.44129547
829 0.41702232
830 0.45226779
831 0.51834249
832 0.49200357
833 0.50666984
834 0.48368548
835 0.52255091
836 0.49085684
837 0.50844682
838 0.54024046
839 0.61277994
840 0.62764563
841 0.80679804
842 0.72067694
843 0.61557567
844 0.70076394
845 0.67304791
846 0.66197362
847 0.63027891
848 0.54216412
849 0.59996818
850 0.48264112
851 0.57407925
852 0.58968616
853 0.54107600
854 0.59904472
855 0.58912465
856 0.64724515
857 0.57733391
858 0.58747995
859 0.65747209
860 0.81435019
861 0.80679804
862 0.77074480
863 0.73427436
864 0.66665083
865 0.66552452
866 0.60970166
867 0.53220031
868 0.50312350
869 0.51361432
870 0.49609323
871 0.50096173
872 0.55065248
873 0.50344421
874 0.49989074
875 0.39670693
876 0.42956162
877 0.52215912
878 0.58694621
879 0.63797249
880 0.58595482
881 0.68102139
882 0.77074480
883 0.72825402
884 0.69733377
885 0.56235880
886 0.59310425
887 0.51782749
888 0.51568664
889 0.51803272
890 0.36785113
891 0.44151252
892 0.51635247
893 0.48793801
894 0.45829069
895 0.44215068
896 0.48165818
897 0.47257532
898 0.44458050
899 0.50896012
900 0.60410462
901 0.57070227
902 0.56813193
903 0.72825402
904 0.82177000
905 0.68326471
906 0.61862486
907 0.56281879
908 0.63321917
909 0.58656880
910 0.51481074
911 0.54093897
912 0.58512323
913 0.57762867
914 0.56891919
915 0.46383979
916 0.58052593
917 0.57106161
918 0.53991756
919 0.68516535
920 0.58360199
921 0.69835766
922 0.60361723
923 0.64621327
924 0.82177000
925 0.58654397
926 0.56475563
927 0.55652838
928 0.57593714
929 0.48387482
930 0.45513129
931 0.48931271
932 0.49295121
933 0.44114733
934 0.45204847
935 0.41749876
936 0.41924357
937 0.46052575
938 0.47387299
939 0.55824154
940 0.50519156
941 0.44562987
942 0.49505385
943 0.49614054
944 0.62376010
945 0.58654397
946 0.77683969
947 0.53521892
948 0.55773698
949 0.51808826
950 0.46042764
951 0.51930291
952 0.45496236
953 0.51825041
954 0.48820254
955 0.41886784
956 0.48257168
957 0.42619007
958 0.55028558
959 0.54514362
960 0.53560653
961 0.50611347
962 0.39638737
963 0.54877908
964 0.54566624
965 0.52967416
966 0.77683969
967 0.52093061
968 0.49753515
969 0.40819360
970 0.51107372
971 0.46743469
972 0.49567164
973 0.38819802
974 0.44016228
975 0.42408645
976 0.44197623
977 0.45911469
978 0.45021330
979 0.48680970
980 0.41079833
981 0.44102586
982 0.44234420
983 0.49083617
984 0.46273290
985 0.51992739
986 0.55429899
987 0.52093061
988 0.48289214
989 0.48630774
990 0.49762117
991 0.38682990
992 0.48433614
993 0.40411677
994 0.37311395
995 0.43480025
996 0.48179731
997 0.35306996
998 0.43334419
999 0.40473861
1000 0.36433656
1001 0.43096171
1002 0.54584815
1003 0.43637572
1004 0.37917193
1005 0.49160709
1006 0.48400115
1007 0.52248722
1008 0.48289214
1009 0.58194558
1010 0.49699754
1011 0.45700946
1012 0.46617057
1013 0.46314886
1014 0.42780465
1015 0.48304590
1016 0.44088145
1017 0.41919674
1018 0.43287451
1019 0.49784558
1020 0.48757667
1021 0.47876190
1022 0.44401701
1023 0.42227442
1024 0.46398942
1025 0.45303501
1026 0.49334720
1027 0.54332767
1028 0.57609079
1029 0.58194558
1030 0.57378353
1031 0.50239564
1032 0.51969385
1033 0.59364219
1034 0.46188184
1035 0.49174646
1036 0.39227221
1037 0.44031205
1038 0.34681530
1039 0.41215174
1040 0.45795629
1041 0.44326135
1042 0.44671625
1043 0.45664377
1044 0.47461798
1045 0.43894330
1046 0.50966651
1047 0.52729064
1048 0.53669753
1049 0.61824357
1050 0.57378353
1051 0.57438981
1052 0.53949694
1053 0.47455688
1054 0.45641881
1055 0.50473782
1056 0.44599524
1057 0.38133259
1058 0.39595434
1059 0.39125892
1060 0.42401413
1061 0.37168789
1062 0.38506187
1063 0.42132772
1064 0.37410794
1065 0.32120530
1066 0.45908617
1067 0.50437165
1068 0.53247395
1069 0.51371637
1070 0.56432290
1071 0.57438981
1072 0.62632819
1073 0.71320853
1074 0.54823050
1075 0.56099989
1076 0.60595914
1077 0.51653904
1078 0.45508178
1079 0.45211073
1080 0.46195840
1081 0.36105933
1082 0.45534204
1083 0.44467605
1084 0.37143148
1085 0.52632740
1086 0.52241899
1087 0.53956623
1088 0.51941374
1089 0.61144538
1090 0.65022808
1091 0.67068812
1092 0.62632819
1093 0.75343114
1094 0.60719159
1095 0.63686776
1096 0.60022271
1097 0.63424155
1098 0.49724884
1099 0.53985904
1100 0.51105657
1101 0.51791890
1102 0.50369187
1103 0.46777702
1104 0.49082089
1105 0.47128549
1106 0.51006103
1107 0.56473352
1108 0.56802322
1109 0.61234772
1110 0.58336443
1111 0.64531151
1112 0.68242957
1113 0.75343114
1114 0.73317262
1115 0.69287505
1116 0.66467977
1117 0.62332964
1118 0.57562400
1119 0.49258140
1120 0.46087844
1121 0.47514984
1122 0.46386160
1123 0.44990722
1124 0.44694342
1125 0.53571993
1126 0.44815199
1127 0.46445218
1128 0.51660102
1129 0.54696339
1130 0.56020403
1131 0.62623024
1132 0.62135124
1133 0.70461502
1134 0.73317262
1135 0.73190187
1136 0.68414842
1137 0.63214405
1138 0.53745389
1139 0.45970316
1140 0.42034545
1141 0.49537834
1142 0.41555949
1143 0.39725012
1144 0.46781659
1145 0.39758997
1146 0.46166025
1147 0.47434042
1148 0.47243236
1149 0.57239211
1150 0.50773815
1151 0.57100009
1152 0.56162272
1153 0.60552497
1154 0.73926548
1155 0.73190187
1156 0.86413328
1157 0.81870317
1158 0.75829357
1159 0.75221723
1160 0.70059717
1161 0.55878850
1162 0.68601562
1163 0.65882698
1164 0.59729161
1165 0.61817127
1166 0.68225911
1167 0.53465376
1168 0.60684945
1169 0.61673241
1170 0.67335212
1171 0.65889910
1172 0.64062773
1173 0.67115000
1174 0.78798324
1175 0.83093518
1176 0.86413328
1177 0.66542692
1178 0.67303846
1179 0.60876714
1180 0.51497061
1181 0.56978922
1182 0.46921985
1183 0.50971364
1184 0.46737682
1185 0.40622723
1186 0.46162661
1187 0.41056480
1188 0.44120016
1189 0.48963555
1190 0.46392348
1191 0.44227128
1192 0.52426739
1193 0.52877180
1194 0.50023520
1195 0.56924118
1196 0.57676561
1197 0.66542692
1198 0.64948540
1199 0.61053413
1200 0.59405737
1201 0.53924980
1202 0.54873937
1203 0.47905334
1204 0.46402753
1205 0.44504998
1206 0.54473279
1207 0.47709727
1208 0.42470081
1209 0.44104308
1210 0.47478011
1211 0.45534346
1212 0.42241982
1213 0.47558921
1214 0.51286236
1215 0.53168753
1216 0.55465783
1217 0.63856404
1218 0.64948540
1219 0.59255161
1220 0.56744746
1221 0.56562621
1222 0.42906951
1223 0.41383602
1224 0.42711420
1225 0.52510482
1226 0.45723629
1227 0.35199899
1228 0.33961280
1229 0.37055162
1230 0.39185398
1231 0.44788555
1232 0.34422902
1233 0.48084558
1234 0.42742246
1235 0.46882816
1236 0.48974548
1237 0.48608660
1238 0.54071025
1239 0.59255161
1240 0.54393646
1241 0.51029221
1242 0.52195051
1243 0.48725296
1244 0.50627216
1245 0.36954389
1246 0.46290846
1247 0.34605483
1248 0.44259035
1249 0.31100804
1250 0.45506859
1251 0.36226497
1252 0.42481500
1253 0.45374586
1254 0.48930407
1255 0.51172514
1256 0.49954200
1257 0.37146589
1258 0.56403566
1259 0.51076846
1260 0.54393646
1261 0.63583499
1262 0.48718308
1263 0.53836148
1264 0.49291493
1265 0.48160410
1266 0.45076017
1267 0.42135959
1268 0.39316678
1269 0.43733462
1270 0.43303777
1271 0.44317610
1272 0.39761172
1273 0.43968362
1274 0.50880237
1275 0.39721130
1276 0.39630044
1277 0.43524527
1278 0.51905555
1279 0.54379086
1280 0.54673832
1281 0.63583499
1282 0.64949481
1283 0.50925218
1284 0.51507372
1285 0.47288149
1286 0.52943260
1287 0.51112466
1288 0.48598967
1289 0.39972500
1290 0.38840622
1291 0.40822871
1292 0.41822575
1293 0.51660408
1294 0.38937635
1295 0.38429388
1296 0.41891334
1297 0.49154118
1298 0.49560121
1299 0.48525908
1300 0.50866938
1301 0.53926076
1302 0.64949481
1303 0.69648501
1304 0.63405559
1305 0.60199286
1306 0.64932135
1307 0.55107916
1308 0.60217025
1309 0.50027543
1310 0.52662460
1311 0.53626475
1312 0.44634662
1313 0.51839599
1314 0.51510553
1315 0.56787000
1316 0.49224175
1317 0.54016616
1318 0.60360098
1319 0.56797671
1320 0.57791488
1321 0.61383087
1322 0.60895810
1323 0.69648501
1324 0.72989830
1325 0.56850537
1326 0.60954375
1327 0.59795423
1328 0.58153152
1329 0.59926995
1330 0.46035077
1331 0.52583287
1332 0.46212119
1333 0.48097151
1334 0.41565104
1335 0.41659240
1336 0.39760006
1337 0.47595176
1338 0.47536012
1339 0.51180378
1340 0.55081347
1341 0.55827159
1342 0.62961327
1343 0.59547759
1344 0.72989830
1345 0.76922686
1346 0.62597124
1347 0.58063935
1348 0.59392913
1349 0.51453442
1350 0.53618032
1351 0.42998183
1352 0.48921395
1353 0.52048107
1354 0.41622554
1355 0.43383406
1356 0.42534791
1357 0.52545405
1358 0.56081033
1359 0.46565393
1360 0.58073462
1361 0.50648687
1362 0.58043348
1363 0.57917964
1364 0.65905625
1365 0.76922686
1366 0.79664426
1367 0.77093610
1368 0.70299833
1369 0.57296426
1370 0.64665407
1371 0.62753814
1372 0.56094134
1373 0.57192128
1374 0.52798312
1375 0.56989362
1376 0.51934599
1377 0.53843846
1378 0.55191242
1379 0.60009909
1380 0.51850322
1381 0.56421512
1382 0.67557221
1383 0.68855683
1384 0.73295052
1385 0.79267168
1386 0.79664426
1387 0.91845084
1388 0.76743989
1389 0.76144030
1390 0.59774531
1391 0.68333571
1392 0.59083781
1393 0.53996826
1394 0.57283429
1395 0.59462394
1396 0.55054305
1397 0.56347561
1398 0.56819354
1399 0.56595196
1400 0.53561645
1401 0.62078444
1402 0.55747863
1403 0.68396468
1404 0.69261376
1405 0.66441180
1406 0.81182661
1407 0.91845084
1408 0.65883395
1409 0.56743852
1410 0.57271760
1411 0.52332382
1412 0.50367490
1413 0.44649047
1414 0.43788434
1415 0.40543229
1416 0.42724110
1417 0.35135663
1418 0.37926850
1419 0.28380002
1420 0.34895384
1421 0.38452624
1422 0.37312363
1423 0.43698457
1424 0.47792843
1425 0.48968779
1426 0.49675485
1427 0.55939376
1428 0.65883395
1429 0.74644909
1430 0.77891027
1431 0.65895042
1432 0.62826616
1433 0.50842900
1434 0.69546504
1435 0.54010399
1436 0.44922425
1437 0.54630659
1438 0.56235445
1439 0.47300659
1440 0.50484109
1441 0.58398449
1442 0.63886998
1443 0.61734600
1444 0.59955519
1445 0.60768970
1446 0.67278461
1447 0.68443782
1448 0.79302391
1449 0.74644909
1450 0.73263521
1451 0.64258841
1452 0.62543657
1453 0.60215786
1454 0.52868992
1455 0.49770027
1456 0.43049359
1457 0.47961234
1458 0.48514796
1459 0.49432665
1460 0.47374528
1461 0.52664545
1462 0.55511178
1463 0.52589803
1464 0.56239797
1465 0.47484494
1466 0.50959660
1467 0.54354396
1468 0.61093225
1469 0.61629445
1470 0.73263521
1471 0.71077641
1472 0.65767987
1473 0.56968629
1474 0.50044033
1475 0.50636840
1476 0.49614183
1477 0.48980559
1478 0.42284258
1479 0.49445717
1480 0.58790561
1481 0.54250050
1482 0.43408132
1483 0.47378967
1484 0.50471594
1485 0.40740053
1486 0.47825667
1487 0.54914231
1488 0.57282412
1489 0.56166306
1490 0.59723941
1491 0.71077641
1492 0.64590175
1493 0.53515770
1494 0.51605427
1495 0.47256772
1496 0.51611688
1497 0.44525544
1498 0.40461524
1499 0.38872356
1500 0.38197513
1501 0.38834310
1502 0.44893406
1503 0.40070984
1504 0.34089454
1505 0.38687498
1506 0.43166531
1507 0.52023691
1508 0.45964966
1509 0.50539595
1510 0.50481174
1511 0.59595979
1512 0.64590175
1513 0.62358697
1514 0.40881841
1515 0.55388955
1516 0.39631964
1517 0.51469891
1518 0.45910981
1519 0.47994977
1520 0.47778253
1521 0.45737558
1522 0.46281132
1523 0.46870913
1524 0.35061488
1525 0.44301382
1526 0.49631329
1527 0.51999846
1528 0.49756985
1529 0.43717379
1530 0.56110602
1531 0.59817150
1532 0.48612372
1533 0.62358697
1534 0.52744317
1535 0.57866218
1536 0.54780421
1537 0.47267854
1538 0.37014906
1539 0.46024546
1540 0.45861562
1541 0.38352440
1542 0.37144668
1543 0.39287303
1544 0.37192473
1545 0.36380107
1546 0.49715223
1547 0.35225126
1548 0.37261394
1549 0.38135244
1550 0.46389130
1551 0.51732681
1552 0.52939110
1553 0.48579819
1554 0.52744317
1555 0.61413361
1556 0.61484458
1557 0.62681715
1558 0.42513925
1559 0.55807143
1560 0.51820056
1561 0.44330503
1562 0.46838322
1563 0.47334822
1564 0.41904098
1565 0.46718699
1566 0.55271132
1567 0.46496592
1568 0.49986605
1569 0.45588872
1570 0.49380202
1571 0.55283697
1572 0.57199131
1573 0.53856676
1574 0.55365125
1575 0.61413361
1576 0.72175794
1577 0.64555029
1578 0.52598788
1579 0.47787756
1580 0.49099307
1581 0.53895300
1582 0.46370959
1583 0.45553107
1584 0.43768568
1585 0.39945403
1586 0.48118147
1587 0.40208496
1588 0.43332704
1589 0.45528859
1590 0.51625991
1591 0.51069150
1592 0.46536415
1593 0.60402546
1594 0.53655200
1595 0.64338907
1596 0.72175794
1597 0.90059984
1598 0.76664464
1599 0.70302752
1600 0.65495422
1601 0.69249509
1602 0.62983590
1603 0.64387661
1604 0.52265249
1605 0.59142291
1606 0.61291086
1607 0.53993822
1608 0.55483940
1609 0.58495850
1610 0.55450784
1611 0.60388379
1612 0.60538616
1613 0.61050913
1614 0.61958654
1615 0.69166041
1616 0.77162478
1617 0.90059984
1618 0.74232242
1619 0.70691764
1620 0.61703484
1621 0.65605615
1622 0.56521595
1623 0.50064036
1624 0.57602127
1625 0.55465055
1626 0.48710732
1627 0.50005580
1628 0.45304731
1629 0.42374474
1630 0.48707166
1631 0.60255388
1632 0.48474747
1633 0.47334471
1634 0.64924805
1635 0.57254889
1636 0.68683954
1637 0.70070768
1638 0.74232242
1639 1.06447924
1640 0.95652557
1641 0.86651747
1642 0.78672128
1643 0.82486758
1644 0.85939630
1645 0.71951790
1646 0.78370874
1647 0.75369373
1648 0.76605688
1649 0.75019410
1650 0.69325113
1651 0.69387426
1652 0.74765422
1653 0.81912914
1654 0.71806235
1655 0.87152681
1656 0.92814508
1657 1.02011963
1658 0.98166306
1659 1.06447924
1660 0.74232242
1661 0.70691764
1662 0.61703484
1663 0.65605615
1664 0.56521595
1665 0.50064036
1666 0.57602127
1667 0.55465055
1668 0.48710732
1669 0.50005580
1670 0.45304731
1671 0.42374474
1672 0.48707166
1673 0.60255388
1674 0.48474747
1675 0.47334471
1676 0.64924805
1677 0.57254889
1678 0.68683954
1679 0.70070768
1680 0.74232242
1681 0.90059984
1682 0.76664464
1683 0.70302752
1684 0.65495422
1685 0.69249509
1686 0.62983590
1687 0.64387661
1688 0.52265249
1689 0.59142291
1690 0.61291086
1691 0.53993822
1692 0.55483940
1693 0.58495850
1694 0.55450784
1695 0.60388379
1696 0.60538616
1697 0.61050913
1698 0.61958654
1699 0.69166041
1700 0.77162478
1701 0.90059984
1702 0.72175794
1703 0.64555029
1704 0.52598788
1705 0.47787756
1706 0.49099307
1707 0.53895300
1708 0.46370959
1709 0.45553107
1710 0.43768568
1711 0.39945403
1712 0.48118147
1713 0.40208496
1714 0.43332704
1715 0.45528859
1716 0.51625991
1717 0.51069150
1718 0.46536415
1719 0.60402546
1720 0.53655200
1721 0.64338907
1722 0.72175794
1723 0.61413361
1724 0.61484458
1725 0.62681715
1726 0.42513925
1727 0.55807143
1728 0.51820056
1729 0.44330503
1730 0.46838322
1731 0.47334822
1732 0.41904098
1733 0.46718699
1734 0.55271132
1735 0.46496592
1736 0.49986605
1737 0.45588872
1738 0.49380202
1739 0.55283697
1740 0.57199131
1741 0.53856676
1742 0.55365125
1743 0.61413361
1744 0.52744317
1745 0.57866218
1746 0.54780421
1747 0.47267854
1748 0.37014906
1749 0.46024546
1750 0.45861562
1751 0.38352440
1752 0.37144668
1753 0.39287303
1754 0.37192473
1755 0.36380107
1756 0.49715223
1757 0.35225126
1758 0.37261394
1759 0.38135244
1760 0.46389130
1761 0.51732681
1762 0.52939110
1763 0.48579819
1764 0.52744317
1765 0.63583499
1766 0.48718308
1767 0.53836148
1768 0.49291493
1769 0.48160410
1770 0.45076017
1771 0.42135959
1772 0.39316678
1773 0.43733462
1774 0.43303777
1775 0.44317610
1776 0.39761172
1777 0.43968362
1778 0.50880237
1779 0.39721130
1780 0.39630044
1781 0.43524527
1782 0.51905555
1783 0.54379086
1784 0.54673832
1785 0.63583499
1786 0.64590175
1787 0.53515770
1788 0.51605427
1789 0.47256772
1790 0.51611688
1791 0.44525544
1792 0.40461524
1793 0.38872356
1794 0.38197513
1795 0.38834310
1796 0.44893406
1797 0.40070984
1798 0.34089454
1799 0.38687498
1800 0.43166531
1801 0.52023691
1802 0.45964966
1803 0.50539595
1804 0.50481174
1805 0.59595979
1806 0.64590175
1807 0.71077641
1808 0.65767987
1809 0.56968629
1810 0.50044033
1811 0.50636840
1812 0.49614183
1813 0.48980559
1814 0.42284258
1815 0.49445717
1816 0.58790561
1817 0.54250050
1818 0.43408132
1819 0.47378967
1820 0.50471594
1821 0.40740053
1822 0.47825667
1823 0.54914231
1824 0.57282412
1825 0.56166306
1826 0.59723941
1827 0.71077641
1828 0.73263521
1829 0.64258841
1830 0.62543657
1831 0.60215786
1832 0.52868992
1833 0.49770027
1834 0.43049359
1835 0.47961234
1836 0.48514796
1837 0.49432665
1838 0.47374528
1839 0.52664545
1840 0.55511178
1841 0.52589803
1842 0.56239797
1843 0.47484494
1844 0.50959660
1845 0.54354396
1846 0.61093225
1847 0.61629445
1848 0.73263521
1849 0.74644909
1850 0.77891027
1851 0.65895042
1852 0.62826616
1853 0.50842900
1854 0.69546504
1855 0.54010399
1856 0.44922425
1857 0.54630659
1858 0.56235445
1859 0.47300659
1860 0.50484109
1861 0.58398449
1862 0.63886998
1863 0.61734600
1864 0.59955519
1865 0.60768970
1866 0.67278461
1867 0.68443782
1868 0.79302391
1869 0.74644909
1870 0.65883395
1871 0.56743852
1872 0.57271760
1873 0.52332382
1874 0.50367490
1875 0.44649047
1876 0.43788434
1877 0.40543229
1878 0.42724110
1879 0.35135663
1880 0.37926850
1881 0.28380002
1882 0.34895384
1883 0.38452624
1884 0.37312363
1885 0.43698457
1886 0.47792843
1887 0.48968779
1888 0.49675485
1889 0.55939376
1890 0.65883395
1891 0.91845084
1892 0.76743989
1893 0.76144030
1894 0.59774531
1895 0.68333571
1896 0.59083781
1897 0.53996826
1898 0.57283429
1899 0.59462394
1900 0.55054305
1901 0.56347561
1902 0.56819354
1903 0.56595196
1904 0.53561645
1905 0.62078444
1906 0.55747863
1907 0.68396468
1908 0.69261376
1909 0.66441180
1910 0.81182661
1911 0.91845084
1912 0.79664426
1913 0.77093610
1914 0.70299833
1915 0.57296426
1916 0.64665407
1917 0.62753814
1918 0.56094134
1919 0.57192128
1920 0.52798312
1921 0.56989362
1922 0.51934599
1923 0.53843846
1924 0.55191242
1925 0.60009909
1926 0.51850322
1927 0.56421512
1928 0.67557221
1929 0.68855683
1930 0.73295052
1931 0.79267168
1932 0.79664426
1933 0.76922686
1934 0.62597124
1935 0.58063935
1936 0.59392913
1937 0.51453442
1938 0.53618032
1939 0.42998183
1940 0.48921395
1941 0.52048107
1942 0.41622554
1943 0.43383406
1944 0.42534791
1945 0.52545405
1946 0.56081033
1947 0.46565393
1948 0.58073462
1949 0.50648687
1950 0.58043348
1951 0.57917964
1952 0.65905625
1953 0.76922686
1954 0.72989830
1955 0.56850537
1956 0.60954375
1957 0.59795423
1958 0.58153152
1959 0.59926995
1960 0.46035077
1961 0.52583287
1962 0.46212119
1963 0.48097151
1964 0.41565104
1965 0.41659240
1966 0.39760006
1967 0.47595176
1968 0.47536012
1969 0.51180378
1970 0.55081347
1971 0.55827159
1972 0.62961327
1973 0.59547759
1974 0.72989830
1975 0.69648501
1976 0.63405559
1977 0.60199286
1978 0.64932135
1979 0.55107916
1980 0.60217025
1981 0.50027543
1982 0.52662460
1983 0.53626475
1984 0.44634662
1985 0.51839599
1986 0.51510553
1987 0.56787000
1988 0.49224175
1989 0.54016616
1990 0.60360098
1991 0.56797671
1992 0.57791488
1993 0.61383087
1994 0.60895810
1995 0.69648501
1996 0.64949481
1997 0.50925218
1998 0.51507372
1999 0.47288149
2000 0.52943260
2001 0.51112466
2002 0.48598967
2003 0.39972500
2004 0.38840622
2005 0.40822871
2006 0.41822575
2007 0.51660408
2008 0.38937635
2009 0.38429388
2010 0.41891334
2011 0.49154118
2012 0.49560121
2013 0.48525908
2014 0.50866938
2015 0.53926076
2016 0.64949481
2017 0.58194558
2018 0.49699754
2019 0.45700946
2020 0.46617057
2021 0.46314886
2022 0.42780465
2023 0.48304590
2024 0.44088145
2025 0.41919674
2026 0.43287451
2027 0.49784558
2028 0.48757667
2029 0.47876190
2030 0.44401701
2031 0.42227442
2032 0.46398942
2033 0.45303501
2034 0.49334720
2035 0.54332767
2036 0.57609079
2037 0.58194558
2038 0.54393646
2039 0.51029221
2040 0.52195051
2041 0.48725296
2042 0.50627216
2043 0.36954389
2044 0.46290846
2045 0.34605483
2046 0.44259035
2047 0.31100804
2048 0.45506859
2049 0.36226497
2050 0.42481500
2051 0.45374586
2052 0.48930407
2053 0.51172514
2054 0.49954200
2055 0.37146589
2056 0.56403566
2057 0.51076846
2058 0.54393646
2059 0.59255161
2060 0.56744746
2061 0.56562621
2062 0.42906951
2063 0.41383602
2064 0.42711420
2065 0.52510482
2066 0.45723629
2067 0.35199899
2068 0.33961280
2069 0.37055162
2070 0.39185398
2071 0.44788555
2072 0.34422902
2073 0.48084558
2074 0.42742246
2075 0.46882816
2076 0.48974548
2077 0.48608660
2078 0.54071025
2079 0.59255161
2080 0.64948540
2081 0.61053413
2082 0.59405737
2083 0.53924980
2084 0.54873937
2085 0.47905334
2086 0.46402753
2087 0.44504998
2088 0.54473279
2089 0.47709727
2090 0.42470081
2091 0.44104308
2092 0.47478011
2093 0.45534346
2094 0.42241982
2095 0.47558921
2096 0.51286236
2097 0.53168753
2098 0.55465783
2099 0.63856404
2100 0.64948540
2101 0.66542692
2102 0.67303846
2103 0.60876714
2104 0.51497061
2105 0.56978922
2106 0.46921985
2107 0.50971364
2108 0.46737682
2109 0.40622723
2110 0.46162661
2111 0.41056480
2112 0.44120016
2113 0.48963555
2114 0.46392348
2115 0.44227128
2116 0.52426739
2117 0.52877180
2118 0.50023520
2119 0.56924118
2120 0.57676561
2121 0.66542692
2122 0.86413328
2123 0.81870317
2124 0.75829357
2125 0.75221723
2126 0.70059717
2127 0.55878850
2128 0.68601562
2129 0.65882698
2130 0.59729161
2131 0.61817127
2132 0.68225911
2133 0.53465376
2134 0.60684945
2135 0.61673241
2136 0.67335212
2137 0.65889910
2138 0.64062773
2139 0.67115000
2140 0.78798324
2141 0.83093518
2142 0.86413328
2143 0.73190187
2144 0.68414842
2145 0.63214405
2146 0.53745389
2147 0.45970316
2148 0.42034545
2149 0.49537834
2150 0.41555949
2151 0.39725012
2152 0.46781659
2153 0.39758997
2154 0.46166025
2155 0.47434042
2156 0.47243236
2157 0.57239211
2158 0.50773815
2159 0.57100009
2160 0.56162272
2161 0.60552497
2162 0.73926548
2163 0.73190187
2164 0.73317262
2165 0.69287505
2166 0.66467977
2167 0.62332964
2168 0.57562400
2169 0.49258140
2170 0.46087844
2171 0.47514984
2172 0.46386160
2173 0.44990722
2174 0.44694342
2175 0.53571993
2176 0.44815199
2177 0.46445218
2178 0.51660102
2179 0.54696339
2180 0.56020403
2181 0.62623024
2182 0.62135124
2183 0.70461502
2184 0.73317262
2185 0.75343114
2186 0.60719159
2187 0.63686776
2188 0.60022271
2189 0.63424155
2190 0.49724884
2191 0.53985904
2192 0.51105657
2193 0.51791890
2194 0.50369187
2195 0.46777702
2196 0.49082089
2197 0.47128549
2198 0.51006103
2199 0.56473352
2200 0.56802322
2201 0.61234772
2202 0.58336443
2203 0.64531151
2204 0.68242957
2205 0.75343114
2206 0.62632819
2207 0.71320853
2208 0.54823050
2209 0.56099989
2210 0.60595914
2211 0.51653904
2212 0.45508178
2213 0.45211073
2214 0.46195840
2215 0.36105933
2216 0.45534204
2217 0.44467605
2218 0.37143148
2219 0.52632740
2220 0.52241899
2221 0.53956623
2222 0.51941374
2223 0.61144538
2224 0.65022808
2225 0.67068812
2226 0.62632819
2227 0.57438981
2228 0.53949694
2229 0.47455688
2230 0.45641881
2231 0.50473782
2232 0.44599524
2233 0.38133259
2234 0.39595434
2235 0.39125892
2236 0.42401413
2237 0.37168789
2238 0.38506187
2239 0.42132772
2240 0.37410794
2241 0.32120530
2242 0.45908617
2243 0.50437165
2244 0.53247395
2245 0.51371637
2246 0.56432290
2247 0.57438981
2248 0.57378353
2249 0.50239564
2250 0.51969385
2251 0.59364219
2252 0.46188184
2253 0.49174646
2254 0.39227221
2255 0.44031205
2256 0.34681530
2257 0.41215174
2258 0.45795629
2259 0.44326135
2260 0.44671625
2261 0.45664377
2262 0.47461798
2263 0.43894330
2264 0.50966651
2265 0.52729064
2266 0.53669753
2267 0.61824357
2268 0.57378353
2269 0.44726112
2270 0.43258175
2271 0.48822728
2272 0.39065404
2273 0.40811129
2274 0.34354811
2275 0.34817981
2276 0.43338871
2277 0.32927431
2278 0.27927069
2279 0.40200935
2280 0.37739196
2281 0.33764726
2282 0.38272388
2283 0.40283252
2284 0.42943543
2285 0.38241517
2286 0.42927196
2287 0.40652036
2288 0.45438476
2289 0.44726112
2290 0.48289214
2291 0.48630774
2292 0.49762117
2293 0.38682990
2294 0.48433614
2295 0.40411677
2296 0.37311395
2297 0.43480025
2298 0.48179731
2299 0.35306996
2300 0.43334419
2301 0.40473861
2302 0.36433656
2303 0.43096171
2304 0.54584815
2305 0.43637572
2306 0.37917193
2307 0.49160709
2308 0.48400115
2309 0.52248722
2310 0.48289214
2311 0.52093061
2312 0.49753515
2313 0.40819360
2314 0.51107372
2315 0.46743469
2316 0.49567164
2317 0.38819802
2318 0.44016228
2319 0.42408645
2320 0.44197623
2321 0.45911469
2322 0.45021330
2323 0.48680970
2324 0.41079833
2325 0.44102586
2326 0.44234420
2327 0.49083617
2328 0.46273290
2329 0.51992739
2330 0.55429899
2331 0.52093061
2332 0.77683969
2333 0.53521892
2334 0.55773698
2335 0.51808826
2336 0.46042764
2337 0.51930291
2338 0.45496236
2339 0.51825041
2340 0.48820254
2341 0.41886784
2342 0.48257168
2343 0.42619007
2344 0.55028558
2345 0.54514362
2346 0.53560653
2347 0.50611347
2348 0.39638737
2349 0.54877908
2350 0.54566624
2351 0.52967416
2352 0.77683969
2353 0.58654397
2354 0.56475563
2355 0.55652838
2356 0.57593714
2357 0.48387482
2358 0.45513129
2359 0.48931271
2360 0.49295121
2361 0.44114733
2362 0.45204847
2363 0.41749876
2364 0.41924357
2365 0.46052575
2366 0.47387299
2367 0.55824154
2368 0.50519156
2369 0.44562987
2370 0.49505385
2371 0.49614054
2372 0.62376010
2373 0.58654397
2374 0.82177000
2375 0.68326471
2376 0.61862486
2377 0.56281879
2378 0.63321917
2379 0.58656880
2380 0.51481074
2381 0.54093897
2382 0.58512323
2383 0.57762867
2384 0.56891919
2385 0.46383979
2386 0.58052593
2387 0.57106161
2388 0.53991756
2389 0.68516535
2390 0.58360199
2391 0.69835766
2392 0.60361723
2393 0.64621327
2394 0.82177000
2395 0.72825402
2396 0.69733377
2397 0.56235880
2398 0.59310425
2399 0.51782749
2400 0.51568664
2401 0.51803272
2402 0.36785113
2403 0.44151252
2404 0.51635247
2405 0.48793801
2406 0.45829069
2407 0.44215068
2408 0.48165818
2409 0.47257532
2410 0.44458050
2411 0.50896012
2412 0.60410462
2413 0.57070227
2414 0.56813193
2415 0.72825402
2416 0.77074480
2417 0.73427436
2418 0.66665083
2419 0.66552452
2420 0.60970166
2421 0.53220031
2422 0.50312350
2423 0.51361432
2424 0.49609323
2425 0.50096173
2426 0.55065248
2427 0.50344421
2428 0.49989074
2429 0.39670693
2430 0.42956162
2431 0.52215912
2432 0.58694621
2433 0.63797249
2434 0.58595482
2435 0.68102139
2436 0.77074480
2437 0.80679804
2438 0.72067694
2439 0.61557567
2440 0.70076394
2441 0.67304791
2442 0.66197362
2443 0.63027891
2444 0.54216412
2445 0.59996818
2446 0.48264112
2447 0.57407925
2448 0.58968616
2449 0.54107600
2450 0.59904472
2451 0.58912465
2452 0.64724515
2453 0.57733391
2454 0.58747995
2455 0.65747209
2456 0.81435019
2457 0.80679804
2458 0.62764563
2459 0.57588175
2460 0.49664270
2461 0.56288102
2462 0.47939563
2463 0.47437122
2464 0.40306799
2465 0.51897175
2466 0.44129547
2467 0.41702232
2468 0.45226779
2469 0.51834249
2470 0.49200357
2471 0.50666984
2472 0.48368548
2473 0.52255091
2474 0.49085684
2475 0.50844682
2476 0.54024046
2477 0.61277994
2478 0.62764563
2479 0.42583860
2480 0.53214117
2481 0.43549119
2482 0.33016105
2483 0.41037555
2484 0.44559045
2485 0.38862748
2486 0.35103975
2487 0.36838686
2488 0.28741675
2489 0.28645797
2490 0.32354773
2491 0.36388889
2492 0.37236188
2493 0.33537375
2494 0.42548975
2495 0.40055033
2496 0.46183979
2497 0.37217779
2498 0.42347291
2499 0.42583860
2500 0.53838463
2501 0.46558736
2502 0.50493431
2503 0.44776349
2504 0.41566627
2505 0.39251407
2506 0.45405612
2507 0.42001758
2508 0.42484321
2509 0.41618354
2510 0.47268858
2511 0.39640649
2512 0.37975759
2513 0.40153733
2514 0.47275028
2515 0.41033625
2516 0.50068636
2517 0.48613564
2518 0.40827820
2519 0.51559376
2520 0.53838463
2521 0.50123578
2522 0.55802160
2523 0.41533521
2524 0.49129692
2525 0.45329450
2526 0.46099484
2527 0.43480242
2528 0.40700986
2529 0.44012210
2530 0.44471136
2531 0.43333126
2532 0.50632457
2533 0.41625365
2534 0.45072302
2535 0.52511900
2536 0.40035305
2537 0.47326149
2538 0.42448717
2539 0.49206346
2540 0.43141408
2541 0.50123578
2542 0.52001275
2543 0.41303799
2544 0.46583652
2545 0.44750200
2546 0.48324748
2547 0.41047254
2548 0.39022138
2549 0.51428010
2550 0.38287091
2551 0.34501803
2552 0.42490433
2553 0.38599714
2554 0.42762356
2555 0.39716114
2556 0.44119592
2557 0.43371671
2558 0.48426116
2559 0.52441795
2560 0.41158649
2561 0.51664964
2562 0.52001275
2563 0.41664585
2564 0.47237368
2565 0.39286189
2566 0.39053823
2567 0.42278847
2568 0.34813025
2569 0.31432070
2570 0.27137750
2571 0.31855291
2572 0.37172987
2573 0.38329480
2574 0.29859161
2575 0.33147070
2576 0.34807843
2577 0.38224429
2578 0.36851016
2579 0.38697622
2580 0.39863859
2581 0.42752502
2582 0.42355268
2583 0.41664585
2584 0.56513307
2585 0.45740661
2586 0.49020708
2587 0.51412268
2588 0.42324029
2589 0.37372575
2590 0.41811266
2591 0.44034152
2592 0.36045245
2593 0.43957565
2594 0.33973840
2595 0.36288102
2596 0.42355383
2597 0.39590596
2598 0.43452479
2599 0.46825278
2600 0.52615096
2601 0.51053749
2602 0.45974862
2603 0.55785673
2604 0.56513307
2605 0.62711256
2606 0.64724704
2607 0.60893344
2608 0.68180483
2609 0.55064936
2610 0.46144733
2611 0.48801145
2612 0.41736014
2613 0.43479443
2614 0.55573474
2615 0.41094297
2616 0.47435818
2617 0.42670421
2618 0.49368991
2619 0.49780051
2620 0.45674809
2621 0.52821871
2622 0.55737357
2623 0.56709261
2624 0.62450726
2625 0.62711256
2626 0.69745239
2627 0.65148260
2628 0.57067872
2629 0.53954656
2630 0.53970147
2631 0.56267886
2632 0.51572810
2633 0.52714727
2634 0.37236302
2635 0.52881085
2636 0.46303343
2637 0.45706145
2638 0.54703483
2639 0.54490169
2640 0.49865338
2641 0.50746360
2642 0.57597376
2643 0.65097295
2644 0.60143275
2645 0.66807670
2646 0.69745239
2647 0.65994032
2648 0.67842872
2649 0.60763840
2650 0.51459012
2651 0.47270929
2652 0.42708081
2653 0.48484490
2654 0.49021197
2655 0.43531529
2656 0.37306338
2657 0.48447955
2658 0.42260997
2659 0.43314441
2660 0.49100972
2661 0.48024627
2662 0.50422425
2663 0.53579868
2664 0.52767403
2665 0.55006572
2666 0.59297144
2667 0.65994032
2668 0.62193869
2669 0.57504218
2670 0.59628931
2671 0.53683688
2672 0.55119643
2673 0.45256370
2674 0.46020201
2675 0.38262014
2676 0.40574829
2677 0.39843424
2678 0.46595198
2679 0.40390589
2680 0.41912213
2681 0.44739048
2682 0.52146911
2683 0.50578639
2684 0.52734074
2685 0.61444003
2686 0.51977671
2687 0.61928612
2688 0.62193869
2689 0.67597011
2690 0.61634444
2691 0.49571048
2692 0.59823652
2693 0.45766938
2694 0.51933844
2695 0.65652014
2696 0.51389036
2697 0.42808548
2698 0.47991576
2699 0.46094868
2700 0.48056219
2701 0.46785164
2702 0.46157455
2703 0.44691241
2704 0.46291474
2705 0.53846921
2706 0.57999865
2707 0.47328215
2708 0.64106629
2709 0.67597011
2710 0.64052627
2711 0.67402372
2712 0.68115691
2713 0.60782546
2714 0.59011399
2715 0.65668482
2716 0.63029735
2717 0.60131738
2718 0.52923536
2719 0.55131227
2720 0.54514294
2721 0.50108064
2722 0.53453849
2723 0.55006760
2724 0.53828037
2725 0.60370093
2726 0.58022146
2727 0.67655224
2728 0.56721409
2729 0.62541212
2730 0.64052627
2731 0.56754098
2732 0.44849543
2733 0.49274342
2734 0.51848578
2735 0.52463896
2736 0.43994280
2737 0.48841199
2738 0.43641016
2739 0.39455654
2740 0.37872146
2741 0.45622628
2742 0.48891769
2743 0.53252473
2744 0.48858411
2745 0.45706123
2746 0.40035151
2747 0.42584936
2748 0.50752357
2749 0.47791550
2750 0.50982907
2751 0.56754098
2752 0.44935558
2753 0.49860060
2754 0.47318677
2755 0.49935841
2756 0.44594667
2757 0.39966097
2758 0.42508724
2759 0.33577782
2760 0.43170634
2761 0.39826238
2762 0.43046824
2763 0.43213201
2764 0.33393590
2765 0.37799267
2766 0.45033455
2767 0.42235080
2768 0.44825283
2769 0.45103870
2770 0.49033327
2771 0.50273145
2772 0.44935558
2773 0.48319808
2774 0.43109497
2775 0.46147298
2776 0.49047423
2777 0.37703945
2778 0.42186051
2779 0.40986670
2780 0.42715664
2781 0.43661705
2782 0.39777692
2783 0.44875696
2784 0.47386725
2785 0.42549941
2786 0.40906923
2787 0.47709614
2788 0.43404563
2789 0.48306943
2790 0.33459301
2791 0.35937390
2792 0.49437258
2793 0.48319808
2794 0.46235588
2795 0.48389195
2796 0.44478773
2797 0.42675752
2798 0.42864008
2799 0.44496819
2800 0.46334601
2801 0.44499958
2802 0.43644198
2803 0.44286094
2804 0.49205695
2805 0.42645993
2806 0.43087820
2807 0.48186088
2808 0.45917689
2809 0.40636325
2810 0.49108618
2811 0.53342048
2812 0.37364468
2813 0.43138887
2814 0.46235588
2815 0.47825694
2816 0.55611666
2817 0.47213404
2818 0.39632355
2819 0.46221988
2820 0.53030889
2821 0.43396970
2822 0.37667560
2823 0.43022569
2824 0.40315715
2825 0.40461955
2826 0.41391277
2827 0.47315208
2828 0.42899020
2829 0.40161521
2830 0.43669250
2831 0.38472266
2832 0.54592372
2833 0.45943750
2834 0.48790528
2835 0.47825694
2836 0.46660093
2837 0.41742297
2838 0.44315050
2839 0.48054403
2840 0.40537222
2841 0.44383035
2842 0.28238132
2843 0.32365017
2844 0.51171554
2845 0.46278313
2846 0.35200648
2847 0.33656611
2848 0.37047113
2849 0.41242847
2850 0.37342278
2851 0.41535767
2852 0.43433119
2853 0.42304265
2854 0.45415131
2855 0.43315050
2856 0.46660093
2857 0.62420065
2858 0.60561426
2859 0.54474815
2860 0.51145430
2861 0.48907722
2862 0.51347216
2863 0.53783689
2864 0.49659900
2865 0.45263184
2866 0.52578726
2867 0.49957956
2868 0.48455093
2869 0.48475233
2870 0.48547998
2871 0.52804405
2872 0.47515541
2873 0.55734142
2874 0.55701422
2875 0.58815614
2876 0.57108142
2877 0.62420065
2878 0.71373220
2879 0.70099942
2880 0.53137702
2881 0.67390117
2882 0.54775266
2883 0.56601363
2884 0.53326919
2885 0.48240641
2886 0.55189372
2887 0.38441824
2888 0.52108627
2889 0.58333892
2890 0.56208719
2891 0.51263952
2892 0.54333204
2893 0.56665091
2894 0.52545852
2895 0.63863177
2896 0.65912956
2897 0.65350310
2898 0.71373220
2899 0.64495472
2900 0.56828000
2901 0.44402322
2902 0.44573639
2903 0.47450261
2904 0.37411468
2905 0.35994586
2906 0.37579532
2907 0.33644814
2908 0.36354279
2909 0.34268424
2910 0.30110984
2911 0.37261131
2912 0.45908198
2913 0.37172639
2914 0.42072652
2915 0.34891782
2916 0.32750366
2917 0.51520270
2918 0.53061032
2919 0.64495472
2920 0.63775421
2921 0.55072202
2922 0.57027897
2923 0.47012956
2924 0.44135317
2925 0.44960217
2926 0.45499981
2927 0.40457317
2928 0.46336461
2929 0.44870888
2930 0.42772337
2931 0.40274129
2932 0.41842628
2933 0.42892531
2934 0.47910943
2935 0.41911820
2936 0.39775005
2937 0.46974508
2938 0.56066525
2939 0.53786720
2940 0.63775421
2941 0.57724722
2942 0.64450170
2943 0.53402453
2944 0.48289187
2945 0.51466083
2946 0.42923045
2947 0.44936877
2948 0.50753021
2949 0.42719826
2950 0.43934970
2951 0.43620048
2952 0.44824364
2953 0.40470976
2954 0.52702220
2955 0.47639302
2956 0.48407618
2957 0.45330318
2958 0.46821188
2959 0.53844957
2960 0.62894266
2961 0.57724722
2962 0.48661580
2963 0.44526816
2964 0.41470016
2965 0.44675024
2966 0.39318642
2967 0.36502439
2968 0.34721217
2969 0.42224076
2970 0.29047885
2971 0.36508921
2972 0.39530474
2973 0.36129261
2974 0.36365671
2975 0.30316573
2976 0.37187806
2977 0.32794145
2978 0.42928338
2979 0.33480807
2980 0.41997832
2981 0.39932965
2982 0.48661580
2983 0.49063560
2984 0.50588809
2985 0.53543590
2986 0.46926546
2987 0.52117693
2988 0.48244650
2989 0.45616447
2990 0.50294338
2991 0.53457327
2992 0.49425722
2993 0.53257432
2994 0.46143055
2995 0.49935033
2996 0.42388702
2997 0.45772349
2998 0.44480163
2999 0.49390318
3000 0.43236502
3001 0.52341293
3002 0.44721466
3003 0.49063560
3004 0.51106362
3005 0.45737083
3006 0.45065095
3007 0.44861961
3008 0.35663796
3009 0.40505384
3010 0.43935200
3011 0.40780594
3012 0.40932688
3013 0.42418021
3014 0.47202964
3015 0.43453004
3016 0.44553149
3017 0.46591322
3018 0.35107220
3019 0.39362700
3020 0.44312839
3021 0.45394238
3022 0.46185655
3023 0.36689253
3024 0.51106362
