index DenDen_momentum
1 150.44889897
2 150.52734113
3 150.59823656
4 150.60528857
5 150.54031995
6 150.56174857
7 150.54169947
8 150.55347712
9 150.56923671
10 150.43691642
11 150.61000572
12 150.55956736
13 150.54068644
14 150.52042467
15 150.58621963
16 150.49254453
17 150.53904214
18 150.52288927
19 150.49393825
20 150.69281369
21 150.44889897
22 0.39951858
23 0.48621545
24 0.43211558
25 0.38438812
26 0.38372877
27 0.38799656
28 0.47536158
29 0.36993010
30 0.43209688
31 0.37726564
32 0.42714057
33 0.45982174
34 0.37920124
35 0.40322244
36 0.39834579
37 0.37162940
38 0.38337405
39 0.40500920
40 0.44857988
41 0.38032073
42 0.39951858
43 0.57444282
44 0.43936875
45 0.46706842
46 0.55194635
47 0.55376081
48 0.52121992
49 0.50434211
50 0.56009002
51 0.52122492
52 0.53800793
53 0.47628147
54 0.54521288
55 0.50802762
56 0.57356368
57 0.53379589
58 0.48981932
59 0.47922414
60 0.53870063
61 0.49057765
62 0.55764891
63 0.57444282
64 0.54274285
65 0.43228243
66 0.47115787
67 0.48105638
68 0.46216185
69 0.37621932
70 0.38469136
71 0.31259354
72 0.43151290
73 0.42364870
74 0.42330572
75 0.41842087
76 0.42837448
77 0.39771177
78 0.44210449
79 0.40241405
80 0.43531276
81 0.44832509
82 0.38647482
83 0.51140439
84 0.54274285
85 0.55600399
86 0.46454860
87 0.45552132
88 0.46219328
89 0.39216091
90 0.50924868
91 0.42400682
92 0.39126792
93 0.40101491
94 0.29829049
95 0.32130076
96 0.32950266
97 0.41816333
98 0.38025325
99 0.35571275
100 0.38854970
101 0.40361355
102 0.52013256
103 0.44222492
104 0.47930799
105 0.55600399
106 0.63319341
107 0.65925572
108 0.58692744
109 0.44682102
110 0.52183959
111 0.55368667
112 0.50636773
113 0.44408897
114 0.50425828
115 0.47088458
116 0.44660777
117 0.35877317
118 0.47944006
119 0.52169447
120 0.53916538
121 0.50999025
122 0.55583365
123 0.50644237
124 0.58343867
125 0.64202437
126 0.63319341
127 0.50134359
128 0.47633624
129 0.47311186
130 0.49063632
131 0.30402860
132 0.28114409
133 0.31616850
134 0.41299786
135 0.34931352
136 0.42771180
137 0.35656317
138 0.40212694
139 0.54585936
140 0.24875498
141 0.34478147
142 0.44219214
143 0.49529704
144 0.46987397
145 0.48106534
146 0.45966926
147 0.50134359
148 0.63319341
149 0.65925572
150 0.58692744
151 0.44682102
152 0.52183959
153 0.55368667
154 0.50636773
155 0.44408897
156 0.50425828
157 0.47088458
158 0.44660777
159 0.35877317
160 0.47944006
161 0.52169447
162 0.53916538
163 0.50999025
164 0.55583365
165 0.50644237
166 0.58343867
167 0.64202437
168 0.63319341
169 0.55600399
170 0.46454860
171 0.45552132
172 0.46219328
173 0.39216091
174 0.50924868
175 0.42400682
176 0.39126792
177 0.40101491
178 0.29829049
179 0.32130076
180 0.32950266
181 0.41816333
182 0.38025325
183 0.35571275
184 0.38854970
185 0.40361355
186 0.52013256
187 0.44222492
188 0.47930799
189 0.55600399
190 0.54274285
191 0.43228243
192 0.47115787
193 0.48105638
194 0.46216185
195 0.37621932
196 0.38469136
197 0.31259354
198 0.43151290
199 0.42364870
200 0.42330572
201 0.41842087
202 0.42837448
203 0.39771177
204 0.44210449
205 0.40241405
206 0.43531276
207 0.44832509
208 0.38647482
209 0.51140439
210 0.54274285
211 0.57444282
212 0.43936875
213 0.46706842
214 0.55194635
215 0.55376081
216 0.52121992
217 0.50434211
218 0.56009002
219 0.52122492
220 0.53800793
221 0.47628147
222 0.54521288
223 0.50802762
224 0.57356368
225 0.53379589
226 0.48981932
227 0.47922414
228 0.53870063
229 0.49057765
230 0.55764891
231 0.57444282
232 0.39951858
233 0.48621545
234 0.43211558
235 0.38438812
236 0.38372877
237 0.38799656
238 0.47536158
239 0.36993010
240 0.43209688
241 0.37726564
242 0.42714057
243 0.45982174
244 0.37920124
245 0.40322244
246 0.39834579
247 0.37162940
248 0.38337405
249 0.40500920
250 0.44857988
251 0.38032073
252 0.39951858
253 0.47952546
254 0.47004772
255 0.43834172
256 0.48350887
257 0.43091390
258 0.43094207
259 0.45459943
260 0.51753352
261 0.41221758
262 0.46354262
263 0.48619031
264 0.43995884
265 0.43881162
266 0.46481386
267 0.39252153
268 0.47948427
269 0.48616597
270 0.46195438
271 0.45462376
272 0.51178579
273 0.47952546
274 0.39815191
275 0.38986428
276 0.40421427
277 0.45050141
278 0.47940028
279 0.34659266
280 0.43944750
281 0.43988747
282 0.46546083
283 0.34649250
284 0.39117233
285 0.40643516
286 0.45085250
287 0.42629472
288 0.44337556
289 0.42112670
290 0.43609844
291 0.39994501
292 0.46294360
293 0.40013764
294 0.39815191
295 0.40646203
296 0.45226846
297 0.46355846
298 0.43992395
299 0.42051756
300 0.48496022
301 0.32883426
302 0.37402617
303 0.38969604
304 0.46049819
305 0.44123642
306 0.36113028
307 0.45396403
308 0.53378534
309 0.42343928
310 0.40275578
311 0.47901276
312 0.42621763
313 0.36745315
314 0.50097852
315 0.40646203
316 0.57452164
317 0.51637447
318 0.49490132
319 0.46198916
320 0.41671099
321 0.44239598
322 0.48538871
323 0.42138922
324 0.45612443
325 0.47705571
326 0.35068578
327 0.46010573
328 0.42970486
329 0.37049997
330 0.39329654
331 0.44177665
332 0.51166207
333 0.51757570
334 0.50610861
335 0.47398927
336 0.57452164
337 0.59070974
338 0.52149726
339 0.57936231
340 0.51697135
341 0.46777839
342 0.44872983
343 0.42297365
344 0.50352199
345 0.40712713
346 0.47935853
347 0.41096880
348 0.43990644
349 0.36737083
350 0.41695133
351 0.45786584
352 0.44172580
353 0.52945697
354 0.44025464
355 0.50878773
356 0.51092896
357 0.59070974
358 0.72935643
359 0.58513540
360 0.55128482
361 0.61624089
362 0.47056410
363 0.48545468
364 0.52250558
365 0.37802261
366 0.36960211
367 0.43445827
368 0.49526059
369 0.47369436
370 0.45436396
371 0.52534172
372 0.45806343
373 0.53102711
374 0.51311553
375 0.50854964
376 0.52465818
377 0.52941634
378 0.72935643
379 0.60039850
380 0.58203985
381 0.48648016
382 0.43933000
383 0.44902838
384 0.46023257
385 0.37977727
386 0.38765451
387 0.37360646
388 0.41295742
389 0.34921419
390 0.41809220
391 0.37936406
392 0.32121850
393 0.31739460
394 0.44381265
395 0.41053764
396 0.43268491
397 0.47311593
398 0.52187826
399 0.60039850
400 0.63940038
401 0.62553960
402 0.60643324
403 0.48585536
404 0.51236091
405 0.49840594
406 0.46609391
407 0.53289193
408 0.42524143
409 0.44264356
410 0.38197729
411 0.43425032
412 0.47912591
413 0.44859488
414 0.46974539
415 0.46350896
416 0.54339594
417 0.52567107
418 0.60885822
419 0.59036188
420 0.63940038
421 0.67851772
422 0.69512134
423 0.65145348
424 0.58764478
425 0.61655814
426 0.53967608
427 0.59224264
428 0.64455505
429 0.59485398
430 0.53686100
431 0.56079531
432 0.56985554
433 0.54782469
434 0.59742782
435 0.53729886
436 0.59450686
437 0.61623428
438 0.63172180
439 0.65223974
440 0.72050868
441 0.67851772
442 0.61007203
443 0.51393835
444 0.44728716
445 0.49067017
446 0.54220821
447 0.42173246
448 0.44270015
449 0.42982935
450 0.41576969
451 0.41752588
452 0.45619189
453 0.36995985
454 0.36049306
455 0.34659070
456 0.38362575
457 0.47618038
458 0.44059102
459 0.40450000
460 0.41701495
461 0.51452910
462 0.61007203
463 0.34699058
464 0.47451769
465 0.41228618
466 0.38912347
467 0.42543041
468 0.36252013
469 0.34196458
470 0.30374286
471 0.43545228
472 0.36788703
473 0.39565801
474 0.32298296
475 0.40614855
476 0.40896467
477 0.42936010
478 0.33552728
479 0.41612834
480 0.37019781
481 0.43312802
482 0.43836673
483 0.34699058
484 0.41142916
485 0.46047082
486 0.33123188
487 0.34813073
488 0.30437264
489 0.40366387
490 0.37701623
491 0.38049519
492 0.40274259
493 0.35531101
494 0.46155645
495 0.40746811
496 0.38290764
497 0.40846974
498 0.37230879
499 0.34226548
500 0.35048626
501 0.36277767
502 0.34873365
503 0.37362181
504 0.41142916
505 0.49049342
506 0.51769122
507 0.55988253
508 0.51438543
509 0.45923406
510 0.51419199
511 0.50726662
512 0.49981429
513 0.43494240
514 0.51858752
515 0.50935383
516 0.44817764
517 0.47868911
518 0.56501835
519 0.47087135
520 0.49282946
521 0.47343168
522 0.41383544
523 0.60869833
524 0.47080838
525 0.49049342
526 0.51919397
527 0.41323740
528 0.64228837
529 0.51967374
530 0.57306868
531 0.39914868
532 0.53869292
533 0.55344711
534 0.38888817
535 0.47033571
536 0.52014917
537 0.53352715
538 0.49918193
539 0.51640743
540 0.55945671
541 0.51718814
542 0.51346461
543 0.51256066
544 0.54542702
545 0.51918555
546 0.51919397
547 0.47001335
548 0.45948697
549 0.45364329
550 0.50092667
551 0.44736916
552 0.47358839
553 0.36017199
554 0.40603284
555 0.37425672
556 0.39565750
557 0.37442045
558 0.42577308
559 0.44349687
560 0.38769180
561 0.42295247
562 0.43130878
563 0.42528557
564 0.49287265
565 0.48885000
566 0.51986737
567 0.47001335
568 0.54564989
569 0.54488677
570 0.47008417
571 0.44570165
572 0.49996488
573 0.37291250
574 0.41064307
575 0.43563331
576 0.40727889
577 0.38222936
578 0.37891400
579 0.39089360
580 0.38147288
581 0.41082997
582 0.43072009
583 0.46375179
584 0.42793686
585 0.39001884
586 0.44791493
587 0.48376684
588 0.54564989
589 0.64895242
590 0.52829306
591 0.50966130
592 0.53258670
593 0.44773578
594 0.48286727
595 0.41155299
596 0.38341530
597 0.43542293
598 0.45204253
599 0.41375958
600 0.47937301
601 0.45773186
602 0.45500088
603 0.43932966
604 0.48668813
605 0.52860932
606 0.44247522
607 0.57445744
608 0.60179825
609 0.64895242
610 0.64453789
611 0.58047740
612 0.62685298
613 0.56924528
614 0.59102103
615 0.56022361
616 0.50065023
617 0.48504736
618 0.42998029
619 0.46097290
620 0.46142140
621 0.53011333
622 0.53803944
623 0.42218737
624 0.47308126
625 0.40810038
626 0.54321790
627 0.52159818
628 0.59005227
629 0.59291119
630 0.64453789
631 0.72697184
632 0.65221141
633 0.72378108
634 0.67348708
635 0.64041992
636 0.56388640
637 0.58092282
638 0.56910332
639 0.48144272
640 0.48588598
641 0.54616071
642 0.49945095
643 0.49562486
644 0.54408826
645 0.47807720
646 0.60590483
647 0.54499228
648 0.58956190
649 0.63539493
650 0.59726432
651 0.72697184
652 0.73853913
653 0.62158405
654 0.59489677
655 0.63405021
656 0.54405404
657 0.52120223
658 0.49275203
659 0.45222064
660 0.42587783
661 0.47620347
662 0.45634571
663 0.48698660
664 0.47342529
665 0.46484764
666 0.49381151
667 0.43397180
668 0.53328032
669 0.59530378
670 0.54687565
671 0.64006751
672 0.73853913
673 0.56883722
674 0.50716565
675 0.50065571
676 0.48422269
677 0.44620265
678 0.43591142
679 0.41335807
680 0.41770877
681 0.41003702
682 0.46535657
683 0.36054663
684 0.44225293
685 0.41610734
686 0.47155127
687 0.41719253
688 0.51956840
689 0.53284524
690 0.49064648
691 0.51185216
692 0.60081714
693 0.56883722
694 0.55459104
695 0.58492395
696 0.44689758
697 0.42069205
698 0.47853934
699 0.43431204
700 0.40293498
701 0.41550835
702 0.46866805
703 0.34639938
704 0.37609051
705 0.42610276
706 0.42208785
707 0.38766294
708 0.46217184
709 0.45550610
710 0.45632542
711 0.48403874
712 0.48493302
713 0.48680219
714 0.55459104
715 0.53695239
716 0.43589324
717 0.50670506
718 0.39074879
719 0.38286767
720 0.45535338
721 0.41038563
722 0.42555689
723 0.41846728
724 0.37870605
725 0.40462075
726 0.42043487
727 0.38901494
728 0.35131919
729 0.34043388
730 0.53453935
731 0.43639959
732 0.44556327
733 0.50081658
734 0.48836233
735 0.53695239
736 0.47747795
737 0.42613331
738 0.39629740
739 0.36606600
740 0.39917610
741 0.47479128
742 0.36273566
743 0.36298773
744 0.38845609
745 0.44599352
746 0.36468789
747 0.31614386
748 0.40949636
749 0.35030282
750 0.34947695
751 0.35360793
752 0.43749290
753 0.43671530
754 0.32263244
755 0.44626628
756 0.47747795
757 0.46656371
758 0.57608977
759 0.46927028
760 0.47894201
761 0.50835501
762 0.44965820
763 0.39202434
764 0.43699538
765 0.29732213
766 0.44278812
767 0.40399319
768 0.43516251
769 0.45693348
770 0.43938740
771 0.46784949
772 0.40715769
773 0.47368712
774 0.52184294
775 0.44650314
776 0.54193948
777 0.46656371
778 0.56272434
779 0.46265762
780 0.49154772
781 0.44104402
782 0.40765878
783 0.42560007
784 0.35213866
785 0.33212777
786 0.44303486
787 0.44507302
788 0.47920750
789 0.43209913
790 0.40749356
791 0.45609310
792 0.36702174
793 0.35695250
794 0.49874403
795 0.40694491
796 0.41379150
797 0.45480818
798 0.56272434
799 0.56677476
800 0.55338489
801 0.49943864
802 0.41178478
803 0.43439722
804 0.44676050
805 0.43528181
806 0.44946019
807 0.37011137
808 0.43030601
809 0.43809096
810 0.37256120
811 0.49593735
812 0.34149418
813 0.41686899
814 0.44439189
815 0.47562834
816 0.49700287
817 0.49969598
818 0.55739084
819 0.56677476
820 0.62915420
821 0.58622209
822 0.46274851
823 0.52567716
824 0.45685047
825 0.41224693
826 0.48562171
827 0.40352931
828 0.36889456
829 0.44150750
830 0.47879827
831 0.39632659
832 0.41813154
833 0.42008856
834 0.43203197
835 0.40799798
836 0.42481420
837 0.38320202
838 0.50814574
839 0.54157466
840 0.62915420
841 0.65934794
842 0.56978860
843 0.52743715
844 0.47840750
845 0.47615729
846 0.49698868
847 0.35399918
848 0.40567012
849 0.43533026
850 0.44483067
851 0.47913940
852 0.42291864
853 0.35234443
854 0.41733558
855 0.46305444
856 0.44168494
857 0.51626562
858 0.51484599
859 0.53592746
860 0.63802690
861 0.65934794
862 0.82514095
863 0.79223567
864 0.73415527
865 0.68433097
866 0.61368131
867 0.63834293
868 0.57277678
869 0.57917665
870 0.59657541
871 0.60498792
872 0.60412559
873 0.52164311
874 0.59753868
875 0.52515996
876 0.57862245
877 0.64821256
878 0.66210296
879 0.70535964
880 0.68178541
881 0.75863176
882 0.82514095
883 0.70878218
884 0.56840329
885 0.49762433
886 0.48647911
887 0.43228597
888 0.47119053
889 0.37221454
890 0.48404772
891 0.45758252
892 0.44863902
893 0.43052369
894 0.30562976
895 0.34914892
896 0.42455067
897 0.39563435
898 0.45816815
899 0.45417501
900 0.45942049
901 0.55620444
902 0.60884082
903 0.70878218
904 0.70441089
905 0.57303529
906 0.57508560
907 0.57867575
908 0.54460283
909 0.40122127
910 0.48532926
911 0.43933437
912 0.37095887
913 0.49475002
914 0.45414509
915 0.42012614
916 0.50913000
917 0.42874461
918 0.42992034
919 0.47709312
920 0.51137862
921 0.53297173
922 0.54593982
923 0.59190227
924 0.70441089
925 0.64028263
926 0.66789313
927 0.52657564
928 0.47189635
929 0.45435570
930 0.45675521
931 0.44887463
932 0.42342864
933 0.35870475
934 0.42588448
935 0.45069939
936 0.39237332
937 0.38937553
938 0.51868025
939 0.46704608
940 0.46470619
941 0.50366086
942 0.47286612
943 0.56031632
944 0.56167346
945 0.64028263
946 0.60524135
947 0.60597466
948 0.65253493
949 0.50674274
950 0.61978593
951 0.60708307
952 0.57911246
953 0.48389353
954 0.43686741
955 0.41443065
956 0.47247662
957 0.51054887
958 0.51871625
959 0.52896551
960 0.51207905
961 0.57161047
962 0.55218795
963 0.51541745
964 0.58040378
965 0.62501343
966 0.60524135
967 0.68744849
968 0.52624170
969 0.53027789
970 0.48612942
971 0.52515344
972 0.53223806
973 0.43344556
974 0.48868024
975 0.47559341
976 0.32985757
977 0.51500770
978 0.52410223
979 0.45290745
980 0.52284056
981 0.56348003
982 0.52891727
983 0.41964008
984 0.57259702
985 0.63373048
986 0.60097308
987 0.68744849
988 0.61419354
989 0.52678764
990 0.51027148
991 0.53035052
992 0.53149183
993 0.44786009
994 0.47387137
995 0.45254302
996 0.49209992
997 0.51029044
998 0.50845433
999 0.50166115
1000 0.53971469
1001 0.43776801
1002 0.47319893
1003 0.50264633
1004 0.57491688
1005 0.51788908
1006 0.51853546
1007 0.49509713
1008 0.61419354
1009 0.60884164
1010 0.53028452
1011 0.46048533
1012 0.52412291
1013 0.45755041
1014 0.48499319
1015 0.43179192
1016 0.47900721
1017 0.41817777
1018 0.42808387
1019 0.43186762
1020 0.45255268
1021 0.43656252
1022 0.52455693
1023 0.44631499
1024 0.51917119
1025 0.49304152
1026 0.52291120
1027 0.49101004
1028 0.49413402
1029 0.60884164
1030 0.57290623
1031 0.59333531
1032 0.52727930
1033 0.58812541
1034 0.51194581
1035 0.46273737
1036 0.50252446
1037 0.49400283
1038 0.49033594
1039 0.49613139
1040 0.47255219
1041 0.51312019
1042 0.46649973
1043 0.52185816
1044 0.46474687
1045 0.44371464
1046 0.48579954
1047 0.45203290
1048 0.61431535
1049 0.62391276
1050 0.57290623
1051 0.44827469
1052 0.56350112
1053 0.45639367
1054 0.38567181
1055 0.45168615
1056 0.45592281
1057 0.42026001
1058 0.41717580
1059 0.40780112
1060 0.46314033
1061 0.44665952
1062 0.32025229
1063 0.35286188
1064 0.43600220
1065 0.36627244
1066 0.44032993
1067 0.43817293
1068 0.49126003
1069 0.47561050
1070 0.45642504
1071 0.44827469
1072 0.62490617
1073 0.70579028
1074 0.52249831
1075 0.46560552
1076 0.46769177
1077 0.54225113
1078 0.50623928
1079 0.51091529
1080 0.45951634
1081 0.44662328
1082 0.51531433
1083 0.52082996
1084 0.46877786
1085 0.46404719
1086 0.47877372
1087 0.48627401
1088 0.49563989
1089 0.55964116
1090 0.60020410
1091 0.65480258
1092 0.62490617
1093 0.70780318
1094 0.65505485
1095 0.62091899
1096 0.61034146
1097 0.44083963
1098 0.45958927
1099 0.44416918
1100 0.44875758
1101 0.39481759
1102 0.48816139
1103 0.46647957
1104 0.45614491
1105 0.50677579
1106 0.42222364
1107 0.40682712
1108 0.49297843
1109 0.47729869
1110 0.48337788
1111 0.52010807
1112 0.67501587
1113 0.70780318
1114 0.77883896
1115 0.68105877
1116 0.73624334
1117 0.60305231
1118 0.62112684
1119 0.55150628
1120 0.59385265
1121 0.53613043
1122 0.52954833
1123 0.50855803
1124 0.52005640
1125 0.60446754
1126 0.54933556
1127 0.60041082
1128 0.57710656
1129 0.60820074
1130 0.60690854
1131 0.69828041
1132 0.69360323
1133 0.76844563
1134 0.77883896
1135 0.87017074
1136 0.81075474
1137 0.72230753
1138 0.66492709
1139 0.61273547
1140 0.62141869
1141 0.57948870
1142 0.63399530
1143 0.62023547
1144 0.53872354
1145 0.65787778
1146 0.57017108
1147 0.61745874
1148 0.60434921
1149 0.66728334
1150 0.64278095
1151 0.54740387
1152 0.62238504
1153 0.69135739
1154 0.72650110
1155 0.87017074
1156 0.79567240
1157 0.71069135
1158 0.50378577
1159 0.66612367
1160 0.54260730
1161 0.52780690
1162 0.57821560
1163 0.45774593
1164 0.49174755
1165 0.54859354
1166 0.56836261
1167 0.51719852
1168 0.49646290
1169 0.54332250
1170 0.53537886
1171 0.59251015
1172 0.66480665
1173 0.58160382
1174 0.67135278
1175 0.72923342
1176 0.79567240
1177 0.81978990
1178 0.72943440
1179 0.58184104
1180 0.62180855
1181 0.52985495
1182 0.54573322
1183 0.50253289
1184 0.47548828
1185 0.46792353
1186 0.44635416
1187 0.44042942
1188 0.48152863
1189 0.54984249
1190 0.46235821
1191 0.49417280
1192 0.48014407
1193 0.54996064
1194 0.52558802
1195 0.61045644
1196 0.66775174
1197 0.81978990
1198 0.66870508
1199 0.57833958
1200 0.54327007
1201 0.46482646
1202 0.46447509
1203 0.53061778
1204 0.48055443
1205 0.46856000
1206 0.38305142
1207 0.49542907
1208 0.41037945
1209 0.44634284
1210 0.42254807
1211 0.45103763
1212 0.47514000
1213 0.44753084
1214 0.45139942
1215 0.49377065
1216 0.57061861
1217 0.58795926
1218 0.66870508
1219 0.66605404
1220 0.53814311
1221 0.48568219
1222 0.54595036
1223 0.52292257
1224 0.47256897
1225 0.43226305
1226 0.44515436
1227 0.51632748
1228 0.43391439
1229 0.41529197
1230 0.41667372
1231 0.48538563
1232 0.44023661
1233 0.43364443
1234 0.44047494
1235 0.52713637
1236 0.51931444
1237 0.50910986
1238 0.58863951
1239 0.66605404
1240 0.56060040
1241 0.45702770
1242 0.53579440
1243 0.46086855
1244 0.44969643
1245 0.44326509
1246 0.42847540
1247 0.35382696
1248 0.40647269
1249 0.32288341
1250 0.44095544
1251 0.36616107
1252 0.45091814
1253 0.45384419
1254 0.47377370
1255 0.34899710
1256 0.48272158
1257 0.50275453
1258 0.45106757
1259 0.51771426
1260 0.56060040
1261 0.64398839
1262 0.63864882
1263 0.56140055
1264 0.58933892
1265 0.55736967
1266 0.56148991
1267 0.48538416
1268 0.52856815
1269 0.50860614
1270 0.49643030
1271 0.47559241
1272 0.49763050
1273 0.45037774
1274 0.52911368
1275 0.48398348
1276 0.51769544
1277 0.54258788
1278 0.53448592
1279 0.52169247
1280 0.62629725
1281 0.64398839
1282 0.57140599
1283 0.45910932
1284 0.42203420
1285 0.43773632
1286 0.43837404
1287 0.43240218
1288 0.28831902
1289 0.32898443
1290 0.35293832
1291 0.35677414
1292 0.33860642
1293 0.34899576
1294 0.31328851
1295 0.33038225
1296 0.41396467
1297 0.41333121
1298 0.40062241
1299 0.42093221
1300 0.55676670
1301 0.50448521
1302 0.57140599
1303 0.67765777
1304 0.53827036
1305 0.56268875
1306 0.48461262
1307 0.45093193
1308 0.48294264
1309 0.45521997
1310 0.48940784
1311 0.45053889
1312 0.41920157
1313 0.45375763
1314 0.38991147
1315 0.50578998
1316 0.38244939
1317 0.43230709
1318 0.51259125
1319 0.50224144
1320 0.49629086
1321 0.53443573
1322 0.61080956
1323 0.67765777
1324 0.69220886
1325 0.75223275
1326 0.56696799
1327 0.53721536
1328 0.51463187
1329 0.52452658
1330 0.47937566
1331 0.41243217
1332 0.44111164
1333 0.43390990
1334 0.41551309
1335 0.51401196
1336 0.43995435
1337 0.48990910
1338 0.57518518
1339 0.43130216
1340 0.49233584
1341 0.50766379
1342 0.48704294
1343 0.59048684
1344 0.69220886
1345 0.77970465
1346 0.66610406
1347 0.65536885
1348 0.68912653
1349 0.56209598
1350 0.49990100
1351 0.51284910
1352 0.54616500
1353 0.52095049
1354 0.51853620
1355 0.46606947
1356 0.52901717
1357 0.49629984
1358 0.54215105
1359 0.52509384
1360 0.52963865
1361 0.64866935
1362 0.61966483
1363 0.62412910
1364 0.74842932
1365 0.77970465
1366 0.74345389
1367 0.70591622
1368 0.62225081
1369 0.50525418
1370 0.52500030
1371 0.56035387
1372 0.37972362
1373 0.43264676
1374 0.43324791
1375 0.33438037
1376 0.47630113
1377 0.43609262
1378 0.48674056
1379 0.48861779
1380 0.49858648
1381 0.45050942
1382 0.43099815
1383 0.55360680
1384 0.56866677
1385 0.58355087
1386 0.74345389
1387 0.81164780
1388 0.84279516
1389 0.67408962
1390 0.62798600
1391 0.64134256
1392 0.52899006
1393 0.51748362
1394 0.53317104
1395 0.52124128
1396 0.50967130
1397 0.53778823
1398 0.58318564
1399 0.55806493
1400 0.55218014
1401 0.58171474
1402 0.58237731
1403 0.51338952
1404 0.70870734
1405 0.68434001
1406 0.74827010
1407 0.81164780
1408 0.83222390
1409 0.69918180
1410 0.71215265
1411 0.70736320
1412 0.72972618
1413 0.64262151
1414 0.59074826
1415 0.56899539
1416 0.48600368
1417 0.58400949
1418 0.56311286
1419 0.53894770
1420 0.51170541
1421 0.51993010
1422 0.52633524
1423 0.60503095
1424 0.56035490
1425 0.65198652
1426 0.68208911
1427 0.83476928
1428 0.83222390
1429 0.79858188
1430 0.69248052
1431 0.74615946
1432 0.58847506
1433 0.61995537
1434 0.54818508
1435 0.54456371
1436 0.57431183
1437 0.49335791
1438 0.54491740
1439 0.52202694
1440 0.49626073
1441 0.52826945
1442 0.55149601
1443 0.61228163
1444 0.55926357
1445 0.58984254
1446 0.65201522
1447 0.66135986
1448 0.68597124
1449 0.79858188
1450 0.69512358
1451 0.57251462
1452 0.64357146
1453 0.52725756
1454 0.56652300
1455 0.46807533
1456 0.41089791
1457 0.55437724
1458 0.55973753
1459 0.43832775
1460 0.46471685
1461 0.47064994
1462 0.45173673
1463 0.47255106
1464 0.43283800
1465 0.60318989
1466 0.56574704
1467 0.50439073
1468 0.59712265
1469 0.65020296
1470 0.69512358
1471 0.73432173
1472 0.66505741
1473 0.58390733
1474 0.59513044
1475 0.54415299
1476 0.49044519
1477 0.57122578
1478 0.48170875
1479 0.54480487
1480 0.44394559
1481 0.46028266
1482 0.42296322
1483 0.48500130
1484 0.42131127
1485 0.55199328
1486 0.49524162
1487 0.50884513
1488 0.55557100
1489 0.55581335
1490 0.64420908
1491 0.73432173
1492 0.66543771
1493 0.62261263
1494 0.63153972
1495 0.59318523
1496 0.55804511
1497 0.48979907
1498 0.65697590
1499 0.57566290
1500 0.52859238
1501 0.50793852
1502 0.51695924
1503 0.46042599
1504 0.51765620
1505 0.48245970
1506 0.49332487
1507 0.57558877
1508 0.62763962
1509 0.54279093
1510 0.58785085
1511 0.66741244
1512 0.66543771
1513 0.47657717
1514 0.47571225
1515 0.38446424
1516 0.42567717
1517 0.37500870
1518 0.42403519
1519 0.33473251
1520 0.31326506
1521 0.38411043
1522 0.29352213
1523 0.37808467
1524 0.40269426
1525 0.40586235
1526 0.38853899
1527 0.33492513
1528 0.39503219
1529 0.29791509
1530 0.47857739
1531 0.42621971
1532 0.44411055
1533 0.47657717
1534 0.67073856
1535 0.58521851
1536 0.51949937
1537 0.50108852
1538 0.50148292
1539 0.49555405
1540 0.48257161
1541 0.36171830
1542 0.38029285
1543 0.40995884
1544 0.39967585
1545 0.35314748
1546 0.41940044
1547 0.44961519
1548 0.39062952
1549 0.46182630
1550 0.50566255
1551 0.50511541
1552 0.50260364
1553 0.49359277
1554 0.67073856
1555 0.63603230
1556 0.63211162
1557 0.53422808
1558 0.59141155
1559 0.46614746
1560 0.50212301
1561 0.46698896
1562 0.50491559
1563 0.40230676
1564 0.31986973
1565 0.38079517
1566 0.36193401
1567 0.40485626
1568 0.42466308
1569 0.45104275
1570 0.42411062
1571 0.49952934
1572 0.51546418
1573 0.55172689
1574 0.56849616
1575 0.63603230
1576 0.74683034
1577 0.68381459
1578 0.66321715
1579 0.60962530
1580 0.58317511
1581 0.50946944
1582 0.57578178
1583 0.50783327
1584 0.57291607
1585 0.52148508
1586 0.42096687
1587 0.52778966
1588 0.44636435
1589 0.48663267
1590 0.51442489
1591 0.60652141
1592 0.57761172
1593 0.63672662
1594 0.63222107
1595 0.69404575
1596 0.74683034
1597 0.82608852
1598 0.70104597
1599 0.59355039
1600 0.53354665
1601 0.59693858
1602 0.48628659
1603 0.51583244
1604 0.52857598
1605 0.50688734
1606 0.49612048
1607 0.50372751
1608 0.46038860
1609 0.55178961
1610 0.55985221
1611 0.52784763
1612 0.53382205
1613 0.54075820
1614 0.53991764
1615 0.64634907
1616 0.74559574
1617 0.82608852
1618 0.90815371
1619 0.72979265
1620 0.74210577
1621 0.72084110
1622 0.62098709
1623 0.64579906
1624 0.52698048
1625 0.64928604
1626 0.55302833
1627 0.61925471
1628 0.51530226
1629 0.56292449
1630 0.61137844
1631 0.52602657
1632 0.59339141
1633 0.68329523
1634 0.66848777
1635 0.66297252
1636 0.77758212
1637 0.81306021
1638 0.90815371
1639 0.85305651
1640 0.75381443
1641 0.73427105
1642 0.75745476
1643 0.60447164
1644 0.64320453
1645 0.58721508
1646 0.55044732
1647 0.60956663
1648 0.52402407
1649 0.67783484
1650 0.63052824
1651 0.64144930
1652 0.65972403
1653 0.72030393
1654 0.58272461
1655 0.71190307
1656 0.70856985
1657 0.68839065
1658 0.81417297
1659 0.85305651
1660 0.90815371
1661 0.72979265
1662 0.74210577
1663 0.72084110
1664 0.62098709
1665 0.64579906
1666 0.52698048
1667 0.64928604
1668 0.55302833
1669 0.61925471
1670 0.51530226
1671 0.56292449
1672 0.61137844
1673 0.52602657
1674 0.59339141
1675 0.68329523
1676 0.66848777
1677 0.66297252
1678 0.77758212
1679 0.81306021
1680 0.90815371
1681 0.82608852
1682 0.70104597
1683 0.59355039
1684 0.53354665
1685 0.59693858
1686 0.48628659
1687 0.51583244
1688 0.52857598
1689 0.50688734
1690 0.49612048
1691 0.50372751
1692 0.46038860
1693 0.55178961
1694 0.55985221
1695 0.52784763
1696 0.53382205
1697 0.54075820
1698 0.53991764
1699 0.64634907
1700 0.74559574
1701 0.82608852
1702 0.74683034
1703 0.68381459
1704 0.66321715
1705 0.60962530
1706 0.58317511
1707 0.50946944
1708 0.57578178
1709 0.50783327
1710 0.57291607
1711 0.52148508
1712 0.42096687
1713 0.52778966
1714 0.44636435
1715 0.48663267
1716 0.51442489
1717 0.60652141
1718 0.57761172
1719 0.63672662
1720 0.63222107
1721 0.69404575
1722 0.74683034
1723 0.63603230
1724 0.63211162
1725 0.53422808
1726 0.59141155
1727 0.46614746
1728 0.50212301
1729 0.46698896
1730 0.50491559
1731 0.40230676
1732 0.31986973
1733 0.38079517
1734 0.36193401
1735 0.40485626
1736 0.42466308
1737 0.45104275
1738 0.42411062
1739 0.49952934
1740 0.51546418
1741 0.55172689
1742 0.56849616
1743 0.63603230
1744 0.67073856
1745 0.58521851
1746 0.51949937
1747 0.50108852
1748 0.50148292
1749 0.49555405
1750 0.48257161
1751 0.36171830
1752 0.38029285
1753 0.40995884
1754 0.39967585
1755 0.35314748
1756 0.41940044
1757 0.44961519
1758 0.39062952
1759 0.46182630
1760 0.50566255
1761 0.50511541
1762 0.50260364
1763 0.49359277
1764 0.67073856
1765 0.64398839
1766 0.63864882
1767 0.56140055
1768 0.58933892
1769 0.55736967
1770 0.56148991
1771 0.48538416
1772 0.52856815
1773 0.50860614
1774 0.49643030
1775 0.47559241
1776 0.49763050
1777 0.45037774
1778 0.52911368
1779 0.48398348
1780 0.51769544
1781 0.54258788
1782 0.53448592
1783 0.52169247
1784 0.62629725
1785 0.64398839
1786 0.66543771
1787 0.62261263
1788 0.63153972
1789 0.59318523
1790 0.55804511
1791 0.48979907
1792 0.65697590
1793 0.57566290
1794 0.52859238
1795 0.50793852
1796 0.51695924
1797 0.46042599
1798 0.51765620
1799 0.48245970
1800 0.49332487
1801 0.57558877
1802 0.62763962
1803 0.54279093
1804 0.58785085
1805 0.66741244
1806 0.66543771
1807 0.73432173
1808 0.66505741
1809 0.58390733
1810 0.59513044
1811 0.54415299
1812 0.49044519
1813 0.57122578
1814 0.48170875
1815 0.54480487
1816 0.44394559
1817 0.46028266
1818 0.42296322
1819 0.48500130
1820 0.42131127
1821 0.55199328
1822 0.49524162
1823 0.50884513
1824 0.55557100
1825 0.55581335
1826 0.64420908
1827 0.73432173
1828 0.69512358
1829 0.57251462
1830 0.64357146
1831 0.52725756
1832 0.56652300
1833 0.46807533
1834 0.41089791
1835 0.55437724
1836 0.55973753
1837 0.43832775
1838 0.46471685
1839 0.47064994
1840 0.45173673
1841 0.47255106
1842 0.43283800
1843 0.60318989
1844 0.56574704
1845 0.50439073
1846 0.59712265
1847 0.65020296
1848 0.69512358
1849 0.79858188
1850 0.69248052
1851 0.74615946
1852 0.58847506
1853 0.61995537
1854 0.54818508
1855 0.54456371
1856 0.57431183
1857 0.49335791
1858 0.54491740
1859 0.52202694
1860 0.49626073
1861 0.52826945
1862 0.55149601
1863 0.61228163
1864 0.55926357
1865 0.58984254
1866 0.65201522
1867 0.66135986
1868 0.68597124
1869 0.79858188
1870 0.83222390
1871 0.69918180
1872 0.71215265
1873 0.70736320
1874 0.72972618
1875 0.64262151
1876 0.59074826
1877 0.56899539
1878 0.48600368
1879 0.58400949
1880 0.56311286
1881 0.53894770
1882 0.51170541
1883 0.51993010
1884 0.52633524
1885 0.60503095
1886 0.56035490
1887 0.65198652
1888 0.68208911
1889 0.83476928
1890 0.83222390
1891 0.81164780
1892 0.84279516
1893 0.67408962
1894 0.62798600
1895 0.64134256
1896 0.52899006
1897 0.51748362
1898 0.53317104
1899 0.52124128
1900 0.50967130
1901 0.53778823
1902 0.58318564
1903 0.55806493
1904 0.55218014
1905 0.58171474
1906 0.58237731
1907 0.51338952
1908 0.70870734
1909 0.68434001
1910 0.74827010
1911 0.81164780
1912 0.74345389
1913 0.70591622
1914 0.62225081
1915 0.50525418
1916 0.52500030
1917 0.56035387
1918 0.37972362
1919 0.43264676
1920 0.43324791
1921 0.33438037
1922 0.47630113
1923 0.43609262
1924 0.48674056
1925 0.48861779
1926 0.49858648
1927 0.45050942
1928 0.43099815
1929 0.55360680
1930 0.56866677
1931 0.58355087
1932 0.74345389
1933 0.77970465
1934 0.66610406
1935 0.65536885
1936 0.68912653
1937 0.56209598
1938 0.49990100
1939 0.51284910
1940 0.54616500
1941 0.52095049
1942 0.51853620
1943 0.46606947
1944 0.52901717
1945 0.49629984
1946 0.54215105
1947 0.52509384
1948 0.52963865
1949 0.64866935
1950 0.61966483
1951 0.62412910
1952 0.74842932
1953 0.77970465
1954 0.69220886
1955 0.75223275
1956 0.56696799
1957 0.53721536
1958 0.51463187
1959 0.52452658
1960 0.47937566
1961 0.41243217
1962 0.44111164
1963 0.43390990
1964 0.41551309
1965 0.51401196
1966 0.43995435
1967 0.48990910
1968 0.57518518
1969 0.43130216
1970 0.49233584
1971 0.50766379
1972 0.48704294
1973 0.59048684
1974 0.69220886
1975 0.67765777
1976 0.53827036
1977 0.56268875
1978 0.48461262
1979 0.45093193
1980 0.48294264
1981 0.45521997
1982 0.48940784
1983 0.45053889
1984 0.41920157
1985 0.45375763
1986 0.38991147
1987 0.50578998
1988 0.38244939
1989 0.43230709
1990 0.51259125
1991 0.50224144
1992 0.49629086
1993 0.53443573
1994 0.61080956
1995 0.67765777
1996 0.57140599
1997 0.45910932
1998 0.42203420
1999 0.43773632
2000 0.43837404
2001 0.43240218
2002 0.28831902
2003 0.32898443
2004 0.35293832
2005 0.35677414
2006 0.33860642
2007 0.34899576
2008 0.31328851
2009 0.33038225
2010 0.41396467
2011 0.41333121
2012 0.40062241
2013 0.42093221
2014 0.55676670
2015 0.50448521
2016 0.57140599
2017 0.60884164
2018 0.53028452
2019 0.46048533
2020 0.52412291
2021 0.45755041
2022 0.48499319
2023 0.43179192
2024 0.47900721
2025 0.41817777
2026 0.42808387
2027 0.43186762
2028 0.45255268
2029 0.43656252
2030 0.52455693
2031 0.44631499
2032 0.51917119
2033 0.49304152
2034 0.52291120
2035 0.49101004
2036 0.49413402
2037 0.60884164
2038 0.56060040
2039 0.45702770
2040 0.53579440
2041 0.46086855
2042 0.44969643
2043 0.44326509
2044 0.42847540
2045 0.35382696
2046 0.40647269
2047 0.32288341
2048 0.44095544
2049 0.36616107
2050 0.45091814
2051 0.45384419
2052 0.47377370
2053 0.34899710
2054 0.48272158
2055 0.50275453
2056 0.45106757
2057 0.51771426
2058 0.56060040
2059 0.66605404
2060 0.53814311
2061 0.48568219
2062 0.54595036
2063 0.52292257
2064 0.47256897
2065 0.43226305
2066 0.44515436
2067 0.51632748
2068 0.43391439
2069 0.41529197
2070 0.41667372
2071 0.48538563
2072 0.44023661
2073 0.43364443
2074 0.44047494
2075 0.52713637
2076 0.51931444
2077 0.50910986
2078 0.58863951
2079 0.66605404
2080 0.66870508
2081 0.57833958
2082 0.54327007
2083 0.46482646
2084 0.46447509
2085 0.53061778
2086 0.48055443
2087 0.46856000
2088 0.38305142
2089 0.49542907
2090 0.41037945
2091 0.44634284
2092 0.42254807
2093 0.45103763
2094 0.47514000
2095 0.44753084
2096 0.45139942
2097 0.49377065
2098 0.57061861
2099 0.58795926
2100 0.66870508
2101 0.81978990
2102 0.72943440
2103 0.58184104
2104 0.62180855
2105 0.52985495
2106 0.54573322
2107 0.50253289
2108 0.47548828
2109 0.46792353
2110 0.44635416
2111 0.44042942
2112 0.48152863
2113 0.54984249
2114 0.46235821
2115 0.49417280
2116 0.48014407
2117 0.54996064
2118 0.52558802
2119 0.61045644
2120 0.66775174
2121 0.81978990
2122 0.79567240
2123 0.71069135
2124 0.50378577
2125 0.66612367
2126 0.54260730
2127 0.52780690
2128 0.57821560
2129 0.45774593
2130 0.49174755
2131 0.54859354
2132 0.56836261
2133 0.51719852
2134 0.49646290
2135 0.54332250
2136 0.53537886
2137 0.59251015
2138 0.66480665
2139 0.58160382
2140 0.67135278
2141 0.72923342
2142 0.79567240
2143 0.87017074
2144 0.81075474
2145 0.72230753
2146 0.66492709
2147 0.61273547
2148 0.62141869
2149 0.57948870
2150 0.63399530
2151 0.62023547
2152 0.53872354
2153 0.65787778
2154 0.57017108
2155 0.61745874
2156 0.60434921
2157 0.66728334
2158 0.64278095
2159 0.54740387
2160 0.62238504
2161 0.69135739
2162 0.72650110
2163 0.87017074
2164 0.77883896
2165 0.68105877
2166 0.73624334
2167 0.60305231
2168 0.62112684
2169 0.55150628
2170 0.59385265
2171 0.53613043
2172 0.52954833
2173 0.50855803
2174 0.52005640
2175 0.60446754
2176 0.54933556
2177 0.60041082
2178 0.57710656
2179 0.60820074
2180 0.60690854
2181 0.69828041
2182 0.69360323
2183 0.76844563
2184 0.77883896
2185 0.70780318
2186 0.65505485
2187 0.62091899
2188 0.61034146
2189 0.44083963
2190 0.45958927
2191 0.44416918
2192 0.44875758
2193 0.39481759
2194 0.48816139
2195 0.46647957
2196 0.45614491
2197 0.50677579
2198 0.42222364
2199 0.40682712
2200 0.49297843
2201 0.47729869
2202 0.48337788
2203 0.52010807
2204 0.67501587
2205 0.70780318
2206 0.62490617
2207 0.70579028
2208 0.52249831
2209 0.46560552
2210 0.46769177
2211 0.54225113
2212 0.50623928
2213 0.51091529
2214 0.45951634
2215 0.44662328
2216 0.51531433
2217 0.52082996
2218 0.46877786
2219 0.46404719
2220 0.47877372
2221 0.48627401
2222 0.49563989
2223 0.55964116
2224 0.60020410
2225 0.65480258
2226 0.62490617
2227 0.44827469
2228 0.56350112
2229 0.45639367
2230 0.38567181
2231 0.45168615
2232 0.45592281
2233 0.42026001
2234 0.41717580
2235 0.40780112
2236 0.46314033
2237 0.44665952
2238 0.32025229
2239 0.35286188
2240 0.43600220
2241 0.36627244
2242 0.44032993
2243 0.43817293
2244 0.49126003
2245 0.47561050
2246 0.45642504
2247 0.44827469
2248 0.57290623
2249 0.59333531
2250 0.52727930
2251 0.58812541
2252 0.51194581
2253 0.46273737
2254 0.50252446
2255 0.49400283
2256 0.49033594
2257 0.49613139
2258 0.47255219
2259 0.51312019
2260 0.46649973
2261 0.52185816
2262 0.46474687
2263 0.44371464
2264 0.48579954
2265 0.45203290
2266 0.61431535
2267 0.62391276
2268 0.57290623
2269 0.46656371
2270 0.57608977
2271 0.46927028
2272 0.47894201
2273 0.50835501
2274 0.44965820
2275 0.39202434
2276 0.43699538
2277 0.29732213
2278 0.44278812
2279 0.40399319
2280 0.43516251
2281 0.45693348
2282 0.43938740
2283 0.46784949
2284 0.40715769
2285 0.47368712
2286 0.52184294
2287 0.44650314
2288 0.54193948
2289 0.46656371
2290 0.61419354
2291 0.52678764
2292 0.51027148
2293 0.53035052
2294 0.53149183
2295 0.44786009
2296 0.47387137
2297 0.45254302
2298 0.49209992
2299 0.51029044
2300 0.50845433
2301 0.50166115
2302 0.53971469
2303 0.43776801
2304 0.47319893
2305 0.50264633
2306 0.57491688
2307 0.51788908
2308 0.51853546
2309 0.49509713
2310 0.61419354
2311 0.68744849
2312 0.52624170
2313 0.53027789
2314 0.48612942
2315 0.52515344
2316 0.53223806
2317 0.43344556
2318 0.48868024
2319 0.47559341
2320 0.32985757
2321 0.51500770
2322 0.52410223
2323 0.45290745
2324 0.52284056
2325 0.56348003
2326 0.52891727
2327 0.41964008
2328 0.57259702
2329 0.63373048
2330 0.60097308
2331 0.68744849
2332 0.60524135
2333 0.60597466
2334 0.65253493
2335 0.50674274
2336 0.61978593
2337 0.60708307
2338 0.57911246
2339 0.48389353
2340 0.43686741
2341 0.41443065
2342 0.47247662
2343 0.51054887
2344 0.51871625
2345 0.52896551
2346 0.51207905
2347 0.57161047
2348 0.55218795
2349 0.51541745
2350 0.58040378
2351 0.62501343
2352 0.60524135
2353 0.64028263
2354 0.66789313
2355 0.52657564
2356 0.47189635
2357 0.45435570
2358 0.45675521
2359 0.44887463
2360 0.42342864
2361 0.35870475
2362 0.42588448
2363 0.45069939
2364 0.39237332
2365 0.38937553
2366 0.51868025
2367 0.46704608
2368 0.46470619
2369 0.50366086
2370 0.47286612
2371 0.56031632
2372 0.56167346
2373 0.64028263
2374 0.70441089
2375 0.57303529
2376 0.57508560
2377 0.57867575
2378 0.54460283
2379 0.40122127
2380 0.48532926
2381 0.43933437
2382 0.37095887
2383 0.49475002
2384 0.45414509
2385 0.42012614
2386 0.50913000
2387 0.42874461
2388 0.42992034
2389 0.47709312
2390 0.51137862
2391 0.53297173
2392 0.54593982
2393 0.59190227
2394 0.70441089
2395 0.70878218
2396 0.56840329
2397 0.49762433
2398 0.48647911
2399 0.43228597
2400 0.47119053
2401 0.37221454
2402 0.48404772
2403 0.45758252
2404 0.44863902
2405 0.43052369
2406 0.30562976
2407 0.34914892
2408 0.42455067
2409 0.39563435
2410 0.45816815
2411 0.45417501
2412 0.45942049
2413 0.55620444
2414 0.60884082
2415 0.70878218
2416 0.82514095
2417 0.79223567
2418 0.73415527
2419 0.68433097
2420 0.61368131
2421 0.63834293
2422 0.57277678
2423 0.57917665
2424 0.59657541
2425 0.60498792
2426 0.60412559
2427 0.52164311
2428 0.59753868
2429 0.52515996
2430 0.57862245
2431 0.64821256
2432 0.66210296
2433 0.70535964
2434 0.68178541
2435 0.75863176
2436 0.82514095
2437 0.65934794
2438 0.56978860
2439 0.52743715
2440 0.47840750
2441 0.47615729
2442 0.49698868
2443 0.35399918
2444 0.40567012
2445 0.43533026
2446 0.44483067
2447 0.47913940
2448 0.42291864
2449 0.35234443
2450 0.41733558
2451 0.46305444
2452 0.44168494
2453 0.51626562
2454 0.51484599
2455 0.53592746
2456 0.63802690
2457 0.65934794
2458 0.62915420
2459 0.58622209
2460 0.46274851
2461 0.52567716
2462 0.45685047
2463 0.41224693
2464 0.48562171
2465 0.40352931
2466 0.36889456
2467 0.44150750
2468 0.47879827
2469 0.39632659
2470 0.41813154
2471 0.42008856
2472 0.43203197
2473 0.40799798
2474 0.42481420
2475 0.38320202
2476 0.50814574
2477 0.54157466
2478 0.62915420
2479 0.56677476
2480 0.55338489
2481 0.49943864
2482 0.41178478
2483 0.43439722
2484 0.44676050
2485 0.43528181
2486 0.44946019
2487 0.37011137
2488 0.43030601
2489 0.43809096
2490 0.37256120
2491 0.49593735
2492 0.34149418
2493 0.41686899
2494 0.44439189
2495 0.47562834
2496 0.49700287
2497 0.49969598
2498 0.55739084
2499 0.56677476
2500 0.56272434
2501 0.46265762
2502 0.49154772
2503 0.44104402
2504 0.40765878
2505 0.42560007
2506 0.35213866
2507 0.33212777
2508 0.44303486
2509 0.44507302
2510 0.47920750
2511 0.43209913
2512 0.40749356
2513 0.45609310
2514 0.36702174
2515 0.35695250
2516 0.49874403
2517 0.40694491
2518 0.41379150
2519 0.45480818
2520 0.56272434
2521 0.49049342
2522 0.51769122
2523 0.55988253
2524 0.51438543
2525 0.45923406
2526 0.51419199
2527 0.50726662
2528 0.49981429
2529 0.43494240
2530 0.51858752
2531 0.50935383
2532 0.44817764
2533 0.47868911
2534 0.56501835
2535 0.47087135
2536 0.49282946
2537 0.47343168
2538 0.41383544
2539 0.60869833
2540 0.47080838
2541 0.49049342
2542 0.47747795
2543 0.42613331
2544 0.39629740
2545 0.36606600
2546 0.39917610
2547 0.47479128
2548 0.36273566
2549 0.36298773
2550 0.38845609
2551 0.44599352
2552 0.36468789
2553 0.31614386
2554 0.40949636
2555 0.35030282
2556 0.34947695
2557 0.35360793
2558 0.43749290
2559 0.43671530
2560 0.32263244
2561 0.44626628
2562 0.47747795
2563 0.53695239
2564 0.43589324
2565 0.50670506
2566 0.39074879
2567 0.38286767
2568 0.45535338
2569 0.41038563
2570 0.42555689
2571 0.41846728
2572 0.37870605
2573 0.40462075
2574 0.42043487
2575 0.38901494
2576 0.35131919
2577 0.34043388
2578 0.53453935
2579 0.43639959
2580 0.44556327
2581 0.50081658
2582 0.48836233
2583 0.53695239
2584 0.55459104
2585 0.58492395
2586 0.44689758
2587 0.42069205
2588 0.47853934
2589 0.43431204
2590 0.40293498
2591 0.41550835
2592 0.46866805
2593 0.34639938
2594 0.37609051
2595 0.42610276
2596 0.42208785
2597 0.38766294
2598 0.46217184
2599 0.45550610
2600 0.45632542
2601 0.48403874
2602 0.48493302
2603 0.48680219
2604 0.55459104
2605 0.56883722
2606 0.50716565
2607 0.50065571
2608 0.48422269
2609 0.44620265
2610 0.43591142
2611 0.41335807
2612 0.41770877
2613 0.41003702
2614 0.46535657
2615 0.36054663
2616 0.44225293
2617 0.41610734
2618 0.47155127
2619 0.41719253
2620 0.51956840
2621 0.53284524
2622 0.49064648
2623 0.51185216
2624 0.60081714
2625 0.56883722
2626 0.73853913
2627 0.62158405
2628 0.59489677
2629 0.63405021
2630 0.54405404
2631 0.52120223
2632 0.49275203
2633 0.45222064
2634 0.42587783
2635 0.47620347
2636 0.45634571
2637 0.48698660
2638 0.47342529
2639 0.46484764
2640 0.49381151
2641 0.43397180
2642 0.53328032
2643 0.59530378
2644 0.54687565
2645 0.64006751
2646 0.73853913
2647 0.72697184
2648 0.65221141
2649 0.72378108
2650 0.67348708
2651 0.64041992
2652 0.56388640
2653 0.58092282
2654 0.56910332
2655 0.48144272
2656 0.48588598
2657 0.54616071
2658 0.49945095
2659 0.49562486
2660 0.54408826
2661 0.47807720
2662 0.60590483
2663 0.54499228
2664 0.58956190
2665 0.63539493
2666 0.59726432
2667 0.72697184
2668 0.64453789
2669 0.58047740
2670 0.62685298
2671 0.56924528
2672 0.59102103
2673 0.56022361
2674 0.50065023
2675 0.48504736
2676 0.42998029
2677 0.46097290
2678 0.46142140
2679 0.53011333
2680 0.53803944
2681 0.42218737
2682 0.47308126
2683 0.40810038
2684 0.54321790
2685 0.52159818
2686 0.59005227
2687 0.59291119
2688 0.64453789
2689 0.64895242
2690 0.52829306
2691 0.50966130
2692 0.53258670
2693 0.44773578
2694 0.48286727
2695 0.41155299
2696 0.38341530
2697 0.43542293
2698 0.45204253
2699 0.41375958
2700 0.47937301
2701 0.45773186
2702 0.45500088
2703 0.43932966
2704 0.48668813
2705 0.52860932
2706 0.44247522
2707 0.57445744
2708 0.60179825
2709 0.64895242
2710 0.54564989
2711 0.54488677
2712 0.47008417
2713 0.44570165
2714 0.49996488
2715 0.37291250
2716 0.41064307
2717 0.43563331
2718 0.40727889
2719 0.38222936
2720 0.37891400
2721 0.39089360
2722 0.38147288
2723 0.41082997
2724 0.43072009
2725 0.46375179
2726 0.42793686
2727 0.39001884
2728 0.44791493
2729 0.48376684
2730 0.54564989
2731 0.47001335
2732 0.45948697
2733 0.45364329
2734 0.50092667
2735 0.44736916
2736 0.47358839
2737 0.36017199
2738 0.40603284
2739 0.37425672
2740 0.39565750
2741 0.37442045
2742 0.42577308
2743 0.44349687
2744 0.38769180
2745 0.42295247
2746 0.43130878
2747 0.42528557
2748 0.49287265
2749 0.48885000
2750 0.51986737
2751 0.47001335
2752 0.51919397
2753 0.41323740
2754 0.64228837
2755 0.51967374
2756 0.57306868
2757 0.39914868
2758 0.53869292
2759 0.55344711
2760 0.38888817
2761 0.47033571
2762 0.52014917
2763 0.53352715
2764 0.49918193
2765 0.51640743
2766 0.55945671
2767 0.51718814
2768 0.51346461
2769 0.51256066
2770 0.54542702
2771 0.51918555
2772 0.51919397
2773 0.47952546
2774 0.47004772
2775 0.43834172
2776 0.48350887
2777 0.43091390
2778 0.43094207
2779 0.45459943
2780 0.51753352
2781 0.41221758
2782 0.46354262
2783 0.48619031
2784 0.43995884
2785 0.43881162
2786 0.46481386
2787 0.39252153
2788 0.47948427
2789 0.48616597
2790 0.46195438
2791 0.45462376
2792 0.51178579
2793 0.47952546
2794 0.41142916
2795 0.46047082
2796 0.33123188
2797 0.34813073
2798 0.30437264
2799 0.40366387
2800 0.37701623
2801 0.38049519
2802 0.40274259
2803 0.35531101
2804 0.46155645
2805 0.40746811
2806 0.38290764
2807 0.40846974
2808 0.37230879
2809 0.34226548
2810 0.35048626
2811 0.36277767
2812 0.34873365
2813 0.37362181
2814 0.41142916
2815 0.34699058
2816 0.47451769
2817 0.41228618
2818 0.38912347
2819 0.42543041
2820 0.36252013
2821 0.34196458
2822 0.30374286
2823 0.43545228
2824 0.36788703
2825 0.39565801
2826 0.32298296
2827 0.40614855
2828 0.40896467
2829 0.42936010
2830 0.33552728
2831 0.41612834
2832 0.37019781
2833 0.43312802
2834 0.43836673
2835 0.34699058
2836 0.61007203
2837 0.51393835
2838 0.44728716
2839 0.49067017
2840 0.54220821
2841 0.42173246
2842 0.44270015
2843 0.42982935
2844 0.41576969
2845 0.41752588
2846 0.45619189
2847 0.36995985
2848 0.36049306
2849 0.34659070
2850 0.38362575
2851 0.47618038
2852 0.44059102
2853 0.40450000
2854 0.41701495
2855 0.51452910
2856 0.61007203
2857 0.67851772
2858 0.69512134
2859 0.65145348
2860 0.58764478
2861 0.61655814
2862 0.53967608
2863 0.59224264
2864 0.64455505
2865 0.59485398
2866 0.53686100
2867 0.56079531
2868 0.56985554
2869 0.54782469
2870 0.59742782
2871 0.53729886
2872 0.59450686
2873 0.61623428
2874 0.63172180
2875 0.65223974
2876 0.72050868
2877 0.67851772
2878 0.63940038
2879 0.62553960
2880 0.60643324
2881 0.48585536
2882 0.51236091
2883 0.49840594
2884 0.46609391
2885 0.53289193
2886 0.42524143
2887 0.44264356
2888 0.38197729
2889 0.43425032
2890 0.47912591
2891 0.44859488
2892 0.46974539
2893 0.46350896
2894 0.54339594
2895 0.52567107
2896 0.60885822
2897 0.59036188
2898 0.63940038
2899 0.60039850
2900 0.58203985
2901 0.48648016
2902 0.43933000
2903 0.44902838
2904 0.46023257
2905 0.37977727
2906 0.38765451
2907 0.37360646
2908 0.41295742
2909 0.34921419
2910 0.41809220
2911 0.37936406
2912 0.32121850
2913 0.31739460
2914 0.44381265
2915 0.41053764
2916 0.43268491
2917 0.47311593
2918 0.52187826
2919 0.60039850
2920 0.72935643
2921 0.58513540
2922 0.55128482
2923 0.61624089
2924 0.47056410
2925 0.48545468
2926 0.52250558
2927 0.37802261
2928 0.36960211
2929 0.43445827
2930 0.49526059
2931 0.47369436
2932 0.45436396
2933 0.52534172
2934 0.45806343
2935 0.53102711
2936 0.51311553
2937 0.50854964
2938 0.52465818
2939 0.52941634
2940 0.72935643
2941 0.59070974
2942 0.52149726
2943 0.57936231
2944 0.51697135
2945 0.46777839
2946 0.44872983
2947 0.42297365
2948 0.50352199
2949 0.40712713
2950 0.47935853
2951 0.41096880
2952 0.43990644
2953 0.36737083
2954 0.41695133
2955 0.45786584
2956 0.44172580
2957 0.52945697
2958 0.44025464
2959 0.50878773
2960 0.51092896
2961 0.59070974
2962 0.57452164
2963 0.51637447
2964 0.49490132
2965 0.46198916
2966 0.41671099
2967 0.44239598
2968 0.48538871
2969 0.42138922
2970 0.45612443
2971 0.47705571
2972 0.35068578
2973 0.46010573
2974 0.42970486
2975 0.37049997
2976 0.39329654
2977 0.44177665
2978 0.51166207
2979 0.51757570
2980 0.50610861
2981 0.47398927
2982 0.57452164
2983 0.40646203
2984 0.45226846
2985 0.46355846
2986 0.43992395
2987 0.42051756
2988 0.48496022
2989 0.32883426
2990 0.37402617
2991 0.38969604
2992 0.46049819
2993 0.44123642
2994 0.36113028
2995 0.45396403
2996 0.53378534
2997 0.42343928
2998 0.40275578
2999 0.47901276
3000 0.42621763
3001 0.36745315
3002 0.50097852
3003 0.40646203
3004 0.39815191
3005 0.38986428
3006 0.40421427
3007 0.45050141
3008 0.47940028
3009 0.34659266
3010 0.43944750
3011 0.43988747
3012 0.46546083
3013 0.34649250
3014 0.39117233
3015 0.40643516
3016 0.45085250
3017 0.42629472
3018 0.44337556
3019 0.42112670
3020 0.43609844
3021 0.39994501
3022 0.46294360
3023 0.40013764
3024 0.39815191
