index DenDen_momentum
1 143.18896485
2 143.16601340
3 143.05919721
4 143.16630875
5 143.12176349
6 143.18813478
7 143.17382999
8 143.20372716
9 143.17249121
10 143.12855002
11 143.13180662
12 143.18419801
13 143.21951696
14 143.19421450
15 143.09149753
16 143.21050668
17 143.22240088
18 143.22289537
19 143.13948386
20 143.16873881
21 143.18896485
22 0.40525019
23 0.39668362
24 0.37497837
25 0.46376348
26 0.39568310
27 0.34495905
28 0.46069007
29 0.43987592
30 0.30429176
31 0.34016082
32 0.36835688
33 0.32014957
34 0.38648900
35 0.30313717
36 0.30115428
37 0.32522693
38 0.38114806
39 0.34827947
40 0.37838227
41 0.43500995
42 0.40525019
43 0.48013380
44 0.55385213
45 0.54643450
46 0.45907336
47 0.47962493
48 0.40054962
49 0.54274458
50 0.50144360
51 0.51995842
52 0.46561962
53 0.45979990
54 0.48810014
55 0.46716829
56 0.47793459
57 0.46904981
58 0.45969158
59 0.49355106
60 0.48755967
61 0.53442487
62 0.52542718
63 0.48013380
64 0.55029841
65 0.48017862
66 0.43876126
67 0.56577715
68 0.44412714
69 0.49349981
70 0.44382780
71 0.38906866
72 0.51947086
73 0.43424439
74 0.42133272
75 0.34881277
76 0.40211231
77 0.40819671
78 0.45852654
79 0.43033388
80 0.52469560
81 0.50138429
82 0.52510359
83 0.48051055
84 0.55029841
85 0.57163400
86 0.48366123
87 0.55574300
88 0.50340952
89 0.49597732
90 0.41153935
91 0.50158195
92 0.37121215
93 0.45213691
94 0.45398576
95 0.49388613
96 0.45537773
97 0.39632735
98 0.37254369
99 0.44099051
100 0.44144022
101 0.38738574
102 0.50131258
103 0.54508948
104 0.57984507
105 0.57163400
106 0.54011541
107 0.60225421
108 0.55555765
109 0.40700814
110 0.51712922
111 0.40011769
112 0.38544433
113 0.35074516
114 0.40179829
115 0.37802441
116 0.33300001
117 0.33877067
118 0.40869928
119 0.44630848
120 0.44562656
121 0.36841120
122 0.51890998
123 0.55150137
124 0.44469166
125 0.53588856
126 0.54011541
127 0.67523907
128 0.66424947
129 0.51333015
130 0.55188508
131 0.53012402
132 0.46848481
133 0.51567658
134 0.42145994
135 0.35597216
136 0.48896892
137 0.37387645
138 0.38905391
139 0.51780822
140 0.46433796
141 0.41654857
142 0.42513055
143 0.45263724
144 0.56047867
145 0.59066496
146 0.53677763
147 0.67523907
148 0.54011541
149 0.60225421
150 0.55555765
151 0.40700814
152 0.51712922
153 0.40011769
154 0.38544433
155 0.35074516
156 0.40179829
157 0.37802441
158 0.33300001
159 0.33877067
160 0.40869928
161 0.44630848
162 0.44562656
163 0.36841120
164 0.51890998
165 0.55150137
166 0.44469166
167 0.53588856
168 0.54011541
169 0.57163400
170 0.48366123
171 0.55574300
172 0.50340952
173 0.49597732
174 0.41153935
175 0.50158195
176 0.37121215
177 0.45213691
178 0.45398576
179 0.49388613
180 0.45537773
181 0.39632735
182 0.37254369
183 0.44099051
184 0.44144022
185 0.38738574
186 0.50131258
187 0.54508948
188 0.57984507
189 0.57163400
190 0.55029841
191 0.48017862
192 0.43876126
193 0.56577715
194 0.44412714
195 0.49349981
196 0.44382780
197 0.38906866
198 0.51947086
199 0.43424439
200 0.42133272
201 0.34881277
202 0.40211231
203 0.40819671
204 0.45852654
205 0.43033388
206 0.52469560
207 0.50138429
208 0.52510359
209 0.48051055
210 0.55029841
211 0.48013380
212 0.55385213
213 0.54643450
214 0.45907336
215 0.47962493
216 0.40054962
217 0.54274458
218 0.50144360
219 0.51995842
220 0.46561962
221 0.45979990
222 0.48810014
223 0.46716829
224 0.47793459
225 0.46904981
226 0.45969158
227 0.49355106
228 0.48755967
229 0.53442487
230 0.52542718
231 0.48013380
232 0.40525019
233 0.39668362
234 0.37497837
235 0.46376348
236 0.39568310
237 0.34495905
238 0.46069007
239 0.43987592
240 0.30429176
241 0.34016082
242 0.36835688
243 0.32014957
244 0.38648900
245 0.30313717
246 0.30115428
247 0.32522693
248 0.38114806
249 0.34827947
250 0.37838227
251 0.43500995
252 0.40525019
253 0.42750985
254 0.41484240
255 0.33710213
256 0.39514915
257 0.31615579
258 0.37441394
259 0.39682248
260 0.34593715
261 0.35083415
262 0.40449055
263 0.36721175
264 0.36422562
265 0.40272173
266 0.42037723
267 0.43586939
268 0.37453620
269 0.41030234
270 0.33506628
271 0.36213647
272 0.33422519
273 0.42750985
274 0.44124456
275 0.39728720
276 0.38877534
277 0.41072800
278 0.40227051
279 0.39073705
280 0.37736174
281 0.35960473
282 0.40606302
283 0.38506698
284 0.48069668
285 0.52847281
286 0.34236587
287 0.40188978
288 0.46245922
289 0.29428751
290 0.41498456
291 0.31291954
292 0.47173839
293 0.43983771
294 0.44124456
295 0.37653978
296 0.43876735
297 0.46416817
298 0.38290049
299 0.39609875
300 0.33357255
301 0.39174343
302 0.29737495
303 0.37423578
304 0.30406173
305 0.46887725
306 0.33467121
307 0.39048189
308 0.35353316
309 0.40082740
310 0.39972980
311 0.38820267
312 0.34855046
313 0.40878767
314 0.40688327
315 0.37653978
316 0.61341595
317 0.54525239
318 0.58732318
319 0.49875936
320 0.46908613
321 0.42384400
322 0.51741559
323 0.39959577
324 0.42870221
325 0.46143253
326 0.42651913
327 0.45628395
328 0.43578020
329 0.42351150
330 0.45813635
331 0.42791775
332 0.45478351
333 0.58067233
334 0.56915168
335 0.54803344
336 0.61341595
337 0.57007021
338 0.49318258
339 0.52616926
340 0.44031698
341 0.45491633
342 0.41157355
343 0.42711708
344 0.31988331
345 0.43354204
346 0.43175718
347 0.41689215
348 0.40401786
349 0.44253379
350 0.43176429
351 0.44426419
352 0.42386149
353 0.39802647
354 0.53220180
355 0.52945560
356 0.52476006
357 0.57007021
358 0.58978599
359 0.57247557
360 0.64237925
361 0.47549046
362 0.50821637
363 0.49188659
364 0.45622848
365 0.41314121
366 0.46047423
367 0.42529031
368 0.39810004
369 0.39582189
370 0.40628529
371 0.47134882
372 0.49183115
373 0.43309713
374 0.43485601
375 0.44943970
376 0.52554154
377 0.55337011
378 0.58978599
379 0.63820041
380 0.62702770
381 0.61060390
382 0.56400210
383 0.46493189
384 0.47301654
385 0.51886676
386 0.47643691
387 0.46505469
388 0.45676661
389 0.48868866
390 0.47292350
391 0.45023114
392 0.51479516
393 0.45567972
394 0.49515086
395 0.50255573
396 0.63392238
397 0.61151865
398 0.68207418
399 0.63820041
400 0.67128190
401 0.55985694
402 0.55918635
403 0.54602239
404 0.53729921
405 0.50588139
406 0.47752312
407 0.42076621
408 0.46157866
409 0.44978384
410 0.40875826
411 0.45854272
412 0.44740075
413 0.50956331
414 0.46564403
415 0.47809991
416 0.42117621
417 0.57918168
418 0.50516717
419 0.62212473
420 0.67128190
421 0.55917727
422 0.50936328
423 0.58863325
424 0.47977441
425 0.46286588
426 0.55547805
427 0.40945609
428 0.47743229
429 0.50057298
430 0.44849340
431 0.42385166
432 0.39391242
433 0.42675682
434 0.45328574
435 0.39695351
436 0.45089925
437 0.45197954
438 0.42974788
439 0.54528876
440 0.54796932
441 0.55917727
442 0.41871340
443 0.43616371
444 0.38978717
445 0.45207161
446 0.42909357
447 0.34973227
448 0.30622129
449 0.38739860
450 0.30118001
451 0.35583200
452 0.32274680
453 0.33769807
454 0.33370782
455 0.36711559
456 0.35047315
457 0.37174635
458 0.38158217
459 0.41654948
460 0.46974053
461 0.39897937
462 0.41871340
463 0.51295616
464 0.41926443
465 0.43841681
466 0.46965834
467 0.43889848
468 0.44585296
469 0.39626406
470 0.46440034
471 0.45502170
472 0.40841185
473 0.44438910
474 0.46931379
475 0.42235274
476 0.43513526
477 0.44358572
478 0.36372963
479 0.43145472
480 0.42658080
481 0.49466425
482 0.45354916
483 0.51295616
484 0.44426107
485 0.48257628
486 0.50733832
487 0.49093120
488 0.49751367
489 0.45081175
490 0.47563937
491 0.52349191
492 0.42092797
493 0.41918703
494 0.37353766
495 0.43228127
496 0.40991875
497 0.48103787
498 0.42149764
499 0.44979095
500 0.41898117
501 0.48349743
502 0.50449902
503 0.45336476
504 0.44426107
505 0.50647662
506 0.49662893
507 0.51832506
508 0.36487328
509 0.45918622
510 0.47932833
511 0.40603098
512 0.39218068
513 0.33312163
514 0.38308598
515 0.41298477
516 0.48369964
517 0.42389868
518 0.45627195
519 0.44768430
520 0.36224934
521 0.43723356
522 0.41709995
523 0.44673826
524 0.53499055
525 0.50647662
526 0.47753909
527 0.54964150
528 0.47103948
529 0.42423098
530 0.48891053
531 0.34933097
532 0.42069899
533 0.36656553
534 0.42100029
535 0.50730369
536 0.39349181
537 0.39761301
538 0.40986338
539 0.37424034
540 0.31383706
541 0.46876876
542 0.42013959
543 0.51679012
544 0.44427541
545 0.50240522
546 0.47753909
547 0.50119995
548 0.49829008
549 0.44431055
550 0.41551210
551 0.39412795
552 0.42024314
553 0.47221871
554 0.45543597
555 0.40359771
556 0.41996946
557 0.39703587
558 0.41108138
559 0.41889430
560 0.40986155
561 0.48513325
562 0.42456357
563 0.42603321
564 0.49322217
565 0.50154990
566 0.45999834
567 0.50119995
568 0.57209602
569 0.57066309
570 0.47507916
571 0.47151672
572 0.35560113
573 0.43873867
574 0.41954926
575 0.36496940
576 0.45583675
577 0.42842505
578 0.45923611
579 0.35942638
580 0.39089243
581 0.40166813
582 0.50596444
583 0.43928949
584 0.38060211
585 0.42590844
586 0.42863741
587 0.51904888
588 0.57209602
589 0.59356529
590 0.58009067
591 0.49643820
592 0.48213687
593 0.43634023
594 0.52473102
595 0.48162967
596 0.42281344
597 0.42961091
598 0.46602518
599 0.38887415
600 0.38229811
601 0.36502139
602 0.43909469
603 0.44427389
604 0.49330669
605 0.57199889
606 0.43954975
607 0.47134004
608 0.51268500
609 0.59356529
610 0.60723440
611 0.50861726
612 0.47872450
613 0.41317575
614 0.40166154
615 0.46805990
616 0.41000813
617 0.35269949
618 0.36392551
619 0.25334136
620 0.38672545
621 0.41032576
622 0.40868340
623 0.32089345
624 0.40696037
625 0.39079823
626 0.41089454
627 0.41027223
628 0.44973450
629 0.52935119
630 0.60723440
631 0.65203008
632 0.64081846
633 0.56343899
634 0.63307514
635 0.52900148
636 0.50737666
637 0.49981453
638 0.40663923
639 0.46070612
640 0.51205947
641 0.35940078
642 0.47157051
643 0.42233307
644 0.38551649
645 0.46230812
646 0.44978816
647 0.45532540
648 0.59371640
649 0.55170024
650 0.60188393
651 0.65203008
652 0.67700551
653 0.65371005
654 0.57482738
655 0.58590987
656 0.55231289
657 0.47852525
658 0.52017406
659 0.50797126
660 0.54510264
661 0.45147735
662 0.49533681
663 0.56334142
664 0.49752967
665 0.44753955
666 0.54384735
667 0.44725361
668 0.45934798
669 0.53732164
670 0.57301853
671 0.68229940
672 0.67700551
673 0.57037061
674 0.51696194
675 0.42618323
676 0.52957960
677 0.38847949
678 0.46396812
679 0.42013718
680 0.37436798
681 0.41312462
682 0.40916256
683 0.42573988
684 0.37193620
685 0.34084636
686 0.42185603
687 0.42756840
688 0.50054385
689 0.40855092
690 0.44222530
691 0.53942599
692 0.58095979
693 0.57037061
694 0.57543688
695 0.49516946
696 0.41338871
697 0.48318623
698 0.47258927
699 0.44174895
700 0.37098592
701 0.38186493
702 0.39542177
703 0.36625268
704 0.39663091
705 0.39907588
706 0.35230783
707 0.38744204
708 0.41089268
709 0.41956351
710 0.49904395
711 0.41799609
712 0.47536571
713 0.49301831
714 0.57543688
715 0.49830958
716 0.51834294
717 0.46790762
718 0.50148399
719 0.42552384
720 0.42157584
721 0.51160155
722 0.44164821
723 0.42043942
724 0.33324890
725 0.45324378
726 0.39292322
727 0.43437301
728 0.41410668
729 0.35888347
730 0.38106281
731 0.40176078
732 0.38164446
733 0.43235326
734 0.50955377
735 0.49830958
736 0.41013161
737 0.37260644
738 0.44130508
739 0.45629692
740 0.39250329
741 0.44116879
742 0.32898175
743 0.40305838
744 0.40071992
745 0.46679272
746 0.37109978
747 0.34565629
748 0.40521975
749 0.39672260
750 0.35708668
751 0.40443854
752 0.41564916
753 0.38193889
754 0.39611242
755 0.33664561
756 0.41013161
757 0.52213771
758 0.43440109
759 0.43141410
760 0.45361600
761 0.43994604
762 0.41603659
763 0.44956057
764 0.38260576
765 0.45323093
766 0.40537904
767 0.34401159
768 0.43268913
769 0.41182022
770 0.38540159
771 0.40029632
772 0.36120645
773 0.43177943
774 0.49175943
775 0.51596698
776 0.44678815
777 0.52213771
778 0.42876240
779 0.45896672
780 0.48262317
781 0.45251948
782 0.35545219
783 0.39431358
784 0.37738878
785 0.38479562
786 0.34974387
787 0.30174510
788 0.37030139
789 0.38172314
790 0.43241440
791 0.33971069
792 0.38080531
793 0.41735296
794 0.43134164
795 0.47190904
796 0.42194242
797 0.41626915
798 0.42876240
799 0.59324889
800 0.61245359
801 0.51520110
802 0.45448510
803 0.48224987
804 0.47528623
805 0.49389168
806 0.42257196
807 0.46153341
808 0.48239963
809 0.52474502
810 0.38018017
811 0.42578640
812 0.36409975
813 0.48509219
814 0.51424001
815 0.41643436
816 0.45981257
817 0.57452370
818 0.57627255
819 0.59324889
820 0.77207477
821 0.84566946
822 0.76716535
823 0.72533950
824 0.74735846
825 0.55919640
826 0.61787414
827 0.59671556
828 0.60497168
829 0.63296375
830 0.69082204
831 0.70102021
832 0.62429604
833 0.62879044
834 0.64496684
835 0.69905764
836 0.61455261
837 0.67529099
838 0.78084788
839 0.70250344
840 0.77207477
841 0.69436309
842 0.72674090
843 0.70650066
844 0.66615070
845 0.65698092
846 0.65128179
847 0.57679222
848 0.57203197
849 0.50607660
850 0.59882517
851 0.61537617
852 0.58776119
853 0.60813071
854 0.59578359
855 0.54612551
856 0.60121500
857 0.57938472
858 0.61535116
859 0.64541472
860 0.74362260
861 0.69436309
862 0.65698158
863 0.69065450
864 0.55409458
865 0.56289641
866 0.53817088
867 0.53678319
868 0.41770537
869 0.53017709
870 0.55166917
871 0.46996888
872 0.38257227
873 0.52965040
874 0.43723856
875 0.50215530
876 0.49289196
877 0.49914981
878 0.54170034
879 0.52493273
880 0.65260799
881 0.67344169
882 0.65698158
883 0.69686857
884 0.65754357
885 0.65531347
886 0.50593973
887 0.50120286
888 0.58058831
889 0.49146568
890 0.52797004
891 0.52266726
892 0.44950785
893 0.47114945
894 0.48036858
895 0.52249602
896 0.50460676
897 0.47275387
898 0.52068811
899 0.51169743
900 0.59110352
901 0.60117086
902 0.71658703
903 0.69686857
904 0.65631317
905 0.59330296
906 0.58443058
907 0.58457639
908 0.54212387
909 0.51073379
910 0.47109011
911 0.50148526
912 0.46855783
913 0.44265859
914 0.48739729
915 0.48024140
916 0.40797245
917 0.46458449
918 0.50187390
919 0.50185548
920 0.62071257
921 0.56953594
922 0.56640195
923 0.66569392
924 0.65631317
925 0.65719320
926 0.64289451
927 0.55952261
928 0.62051253
929 0.50915732
930 0.48900338
931 0.46660207
932 0.43682108
933 0.50851279
934 0.45800769
935 0.48159176
936 0.43362092
937 0.46423941
938 0.44565127
939 0.43417229
940 0.47750889
941 0.44105448
942 0.44567770
943 0.55045328
944 0.60027398
945 0.65719320
946 0.65699245
947 0.60843499
948 0.70601767
949 0.56674662
950 0.57799411
951 0.55044291
952 0.50963976
953 0.51586460
954 0.47695209
955 0.53706973
956 0.49343190
957 0.47425338
958 0.51120003
959 0.51101192
960 0.50355911
961 0.50863941
962 0.50264525
963 0.55062721
964 0.61052591
965 0.62678846
966 0.65699245
967 0.63771609
968 0.56215885
969 0.49425162
970 0.53923881
971 0.49529876
972 0.42884429
973 0.42790015
974 0.44757070
975 0.45571083
976 0.44604781
977 0.46343984
978 0.47171033
979 0.39822465
980 0.42392752
981 0.46555786
982 0.43761904
983 0.50398296
984 0.51803425
985 0.55327720
986 0.49620887
987 0.63771609
988 0.46827478
989 0.50475619
990 0.40843644
991 0.38759939
992 0.45420513
993 0.44558160
994 0.41260683
995 0.45639503
996 0.42305727
997 0.41997557
998 0.39896298
999 0.36847138
1000 0.41059476
1001 0.39914614
1002 0.40901780
1003 0.42664544
1004 0.39510368
1005 0.45694628
1006 0.44631609
1007 0.41001182
1008 0.46827478
1009 0.55049367
1010 0.41553406
1011 0.54508852
1012 0.51836730
1013 0.46650143
1014 0.48849531
1015 0.48995187
1016 0.45379448
1017 0.37281084
1018 0.43029711
1019 0.33864028
1020 0.42886593
1021 0.33535031
1022 0.41718490
1023 0.40818304
1024 0.45872520
1025 0.36964818
1026 0.46698335
1027 0.51356975
1028 0.55560137
1029 0.55049367
1030 0.59467104
1031 0.54499779
1032 0.48514134
1033 0.49044008
1034 0.48643561
1035 0.38328175
1036 0.38698597
1037 0.43585974
1038 0.51625698
1039 0.51465014
1040 0.41126798
1041 0.40587656
1042 0.32832724
1043 0.36777191
1044 0.35839431
1045 0.46979530
1046 0.43299443
1047 0.43743767
1048 0.42317348
1049 0.51890276
1050 0.59467104
1051 0.52516529
1052 0.48192499
1053 0.54498670
1054 0.46456570
1055 0.42944864
1056 0.44710338
1057 0.44160730
1058 0.45573338
1059 0.43913565
1060 0.47877907
1061 0.38366534
1062 0.37402413
1063 0.46598424
1064 0.42630091
1065 0.42597429
1066 0.39012350
1067 0.51618853
1068 0.52382213
1069 0.53316690
1070 0.44656683
1071 0.52516529
1072 0.81313205
1073 0.69561217
1074 0.61813288
1075 0.62375793
1076 0.61596576
1077 0.59275607
1078 0.55154985
1079 0.51207290
1080 0.57341284
1081 0.52238190
1082 0.59540734
1083 0.53555056
1084 0.54487048
1085 0.53240667
1086 0.53741655
1087 0.60281874
1088 0.62776300
1089 0.60127285
1090 0.69835921
1091 0.77441414
1092 0.81313205
1093 0.73254226
1094 0.66973848
1095 0.58278408
1096 0.59981005
1097 0.58075072
1098 0.52633496
1099 0.49368296
1100 0.42537631
1101 0.55878997
1102 0.46887381
1103 0.43305343
1104 0.50048604
1105 0.43911212
1106 0.45836562
1107 0.50571621
1108 0.52492472
1109 0.57779114
1110 0.61219884
1111 0.60451871
1112 0.62034933
1113 0.73254226
1114 0.85188696
1115 0.74428106
1116 0.74247238
1117 0.71197380
1118 0.64106318
1119 0.56527769
1120 0.61434949
1121 0.58559607
1122 0.56263938
1123 0.55281205
1124 0.52015140
1125 0.61156979
1126 0.55929297
1127 0.60165643
1128 0.54056796
1129 0.64756658
1130 0.59620885
1131 0.64670832
1132 0.69423216
1133 0.73539779
1134 0.85188696
1135 0.81667166
1136 0.78098863
1137 0.67377700
1138 0.62860370
1139 0.60445386
1140 0.56428916
1141 0.51396289
1142 0.54583435
1143 0.49152271
1144 0.55755173
1145 0.52825451
1146 0.52818286
1147 0.54765495
1148 0.47929833
1149 0.65911663
1150 0.58173411
1151 0.63679024
1152 0.67584266
1153 0.69426915
1154 0.71174546
1155 0.81667166
1156 0.76210918
1157 0.68927247
1158 0.64086846
1159 0.55644614
1160 0.55591328
1161 0.53166829
1162 0.51892341
1163 0.47235724
1164 0.53770380
1165 0.57046244
1166 0.42090924
1167 0.37186782
1168 0.51788590
1169 0.54608977
1170 0.55347978
1171 0.51760033
1172 0.47739431
1173 0.55195243
1174 0.68441143
1175 0.68775190
1176 0.76210918
1177 0.73787914
1178 0.69768171
1179 0.67441678
1180 0.51219310
1181 0.60963298
1182 0.56015732
1183 0.54546465
1184 0.57088157
1185 0.53870201
1186 0.50058102
1187 0.55097132
1188 0.53525792
1189 0.55203295
1190 0.56783490
1191 0.52552392
1192 0.60084925
1193 0.60604949
1194 0.63721507
1195 0.68418860
1196 0.69459880
1197 0.73787914
1198 0.78841372
1199 0.68239972
1200 0.62790589
1201 0.67362510
1202 0.61322798
1203 0.57861913
1204 0.63317235
1205 0.59462356
1206 0.58868125
1207 0.61136590
1208 0.55850547
1209 0.58013582
1210 0.54247929
1211 0.59084679
1212 0.58689465
1213 0.59690750
1214 0.47479143
1215 0.60367984
1216 0.59982362
1217 0.70830082
1218 0.78841372
1219 0.62510321
1220 0.58058498
1221 0.51869407
1222 0.57429993
1223 0.44449106
1224 0.43777205
1225 0.43487917
1226 0.45358124
1227 0.47364746
1228 0.45573039
1229 0.47917173
1230 0.40292472
1231 0.52991657
1232 0.45508754
1233 0.48546690
1234 0.49169160
1235 0.49598964
1236 0.53606431
1237 0.53188810
1238 0.56338872
1239 0.62510321
1240 0.63981050
1241 0.50192440
1242 0.40203076
1243 0.45303688
1244 0.47346600
1245 0.42567960
1246 0.45043726
1247 0.41924351
1248 0.41990807
1249 0.41801098
1250 0.46697250
1251 0.41304997
1252 0.38798933
1253 0.35794825
1254 0.48207883
1255 0.32374648
1256 0.48416229
1257 0.45263267
1258 0.42750634
1259 0.48150808
1260 0.63981050
1261 0.61774312
1262 0.54319237
1263 0.56763080
1264 0.55376975
1265 0.54568963
1266 0.47187880
1267 0.51505212
1268 0.45318269
1269 0.51758155
1270 0.49825308
1271 0.50413981
1272 0.41214481
1273 0.46182369
1274 0.45508727
1275 0.46321572
1276 0.40221557
1277 0.44730817
1278 0.57594052
1279 0.58796563
1280 0.56856771
1281 0.61774312
1282 0.61989245
1283 0.61995410
1284 0.54422772
1285 0.48660038
1286 0.41697813
1287 0.50222289
1288 0.41301491
1289 0.43021005
1290 0.38712629
1291 0.39580299
1292 0.35655828
1293 0.37036268
1294 0.42782092
1295 0.36909360
1296 0.40074060
1297 0.42329750
1298 0.39785908
1299 0.44155905
1300 0.43763424
1301 0.47176432
1302 0.61989245
1303 0.80398695
1304 0.68036856
1305 0.68536009
1306 0.65300645
1307 0.65414471
1308 0.53140613
1309 0.57976391
1310 0.51707204
1311 0.46552236
1312 0.58272786
1313 0.55757891
1314 0.56121098
1315 0.57405480
1316 0.59279842
1317 0.52540246
1318 0.55025832
1319 0.61610505
1320 0.63941497
1321 0.65144229
1322 0.68266992
1323 0.80398695
1324 0.68864264
1325 0.60134747
1326 0.55931530
1327 0.49175421
1328 0.49509622
1329 0.51074921
1330 0.42306641
1331 0.40892872
1332 0.40812302
1333 0.47433357
1334 0.38341681
1335 0.35135539
1336 0.44387361
1337 0.43650862
1338 0.39642754
1339 0.42101427
1340 0.54201393
1341 0.50340545
1342 0.53702964
1343 0.59850862
1344 0.68864264
1345 0.77608139
1346 0.59231469
1347 0.58589261
1348 0.61027496
1349 0.55125905
1350 0.46222301
1351 0.55263600
1352 0.48955656
1353 0.49219684
1354 0.45640285
1355 0.40993576
1356 0.43352768
1357 0.51820288
1358 0.44086072
1359 0.53048758
1360 0.57772627
1361 0.62263578
1362 0.60713888
1363 0.65004864
1364 0.62534195
1365 0.77608139
1366 0.80900995
1367 0.71437882
1368 0.62018752
1369 0.60067832
1370 0.58432603
1371 0.51246881
1372 0.47156378
1373 0.52102528
1374 0.49035044
1375 0.47373821
1376 0.55799525
1377 0.47594737
1378 0.54064781
1379 0.54593923
1380 0.50183830
1381 0.51020510
1382 0.56456628
1383 0.52223984
1384 0.60730632
1385 0.65879790
1386 0.80900995
1387 0.84174105
1388 0.76617369
1389 0.73892651
1390 0.58315416
1391 0.64045196
1392 0.61389675
1393 0.59534240
1394 0.56830768
1395 0.54363473
1396 0.55314001
1397 0.58211840
1398 0.52621403
1399 0.61857492
1400 0.54967593
1401 0.65086096
1402 0.62847733
1403 0.63900621
1404 0.63888173
1405 0.82133952
1406 0.79688236
1407 0.84174105
1408 0.82471437
1409 0.85610797
1410 0.71049073
1411 0.71986731
1412 0.62711580
1413 0.57959403
1414 0.60766107
1415 0.59010450
1416 0.57713121
1417 0.61485142
1418 0.63745102
1419 0.59857907
1420 0.55236883
1421 0.59569183
1422 0.61518816
1423 0.65488483
1424 0.65458086
1425 0.68204462
1426 0.68137411
1427 0.82949840
1428 0.82471437
1429 0.75746751
1430 0.67668010
1431 0.66313575
1432 0.62194510
1433 0.60240142
1434 0.47261916
1435 0.52198920
1436 0.51317362
1437 0.53445040
1438 0.54588463
1439 0.52135521
1440 0.52401864
1441 0.40350484
1442 0.52124700
1443 0.48833449
1444 0.50951674
1445 0.55982890
1446 0.62653211
1447 0.65589683
1448 0.67250087
1449 0.75746751
1450 0.88610426
1451 0.76453790
1452 0.66825409
1453 0.64364791
1454 0.64405308
1455 0.57047772
1456 0.56198818
1457 0.58258884
1458 0.45565483
1459 0.57681721
1460 0.55919037
1461 0.56849852
1462 0.62216470
1463 0.56877858
1464 0.64378616
1465 0.59429028
1466 0.63569589
1467 0.64155713
1468 0.68915531
1469 0.72124389
1470 0.88610426
1471 0.70148929
1472 0.45154780
1473 0.56745021
1474 0.49997473
1475 0.50725172
1476 0.42278478
1477 0.48877056
1478 0.46962916
1479 0.44882899
1480 0.37424125
1481 0.34804920
1482 0.45245749
1483 0.45984650
1484 0.43741231
1485 0.45970200
1486 0.49344600
1487 0.54684615
1488 0.56020570
1489 0.48865733
1490 0.50163413
1491 0.70148929
1492 0.63149322
1493 0.68696565
1494 0.56187841
1495 0.50971445
1496 0.51000725
1497 0.46809874
1498 0.57588346
1499 0.50693182
1500 0.52601240
1501 0.45831723
1502 0.48749092
1503 0.47636966
1504 0.52285580
1505 0.54949272
1506 0.51802973
1507 0.55476203
1508 0.46349134
1509 0.57250896
1510 0.62139925
1511 0.64243734
1512 0.63149322
1513 0.48614851
1514 0.35912106
1515 0.50008943
1516 0.29178205
1517 0.33124196
1518 0.44991151
1519 0.33339432
1520 0.37804302
1521 0.26489351
1522 0.37322138
1523 0.28598967
1524 0.27952713
1525 0.30992200
1526 0.25724969
1527 0.23388520
1528 0.36283022
1529 0.35597213
1530 0.47543404
1531 0.40921318
1532 0.41652263
1533 0.48614851
1534 0.71194128
1535 0.65793646
1536 0.60970746
1537 0.66687941
1538 0.52077657
1539 0.54023336
1540 0.54261804
1541 0.53439148
1542 0.54311140
1543 0.49367136
1544 0.48113948
1545 0.47179794
1546 0.57902628
1547 0.51386070
1548 0.56169648
1549 0.52633743
1550 0.53792888
1551 0.57175565
1552 0.63500643
1553 0.65105553
1554 0.71194128
1555 0.73745492
1556 0.67239698
1557 0.59148148
1558 0.51862616
1559 0.51979504
1560 0.49543181
1561 0.49712361
1562 0.41151813
1563 0.44403310
1564 0.46086014
1565 0.39710990
1566 0.39076878
1567 0.50340630
1568 0.47761094
1569 0.48150579
1570 0.49292824
1571 0.51306066
1572 0.51736940
1573 0.51835856
1574 0.59249232
1575 0.73745492
1576 0.59754929
1577 0.65675631
1578 0.62670693
1579 0.65745160
1580 0.53835743
1581 0.49695156
1582 0.47536702
1583 0.50725057
1584 0.47254774
1585 0.53716912
1586 0.48783540
1587 0.46277659
1588 0.48679894
1589 0.45555768
1590 0.50682553
1591 0.50586947
1592 0.52924089
1593 0.62153684
1594 0.57598799
1595 0.69839591
1596 0.59754929
1597 0.89146242
1598 0.80125450
1599 0.74819601
1600 0.75197897
1601 0.64940765
1602 0.65335834
1603 0.62219652
1604 0.65385517
1605 0.62060319
1606 0.60034741
1607 0.61070697
1608 0.59359091
1609 0.62752125
1610 0.58083277
1611 0.61484586
1612 0.70891562
1613 0.70459839
1614 0.69240975
1615 0.66272644
1616 0.87107120
1617 0.89146242
1618 0.84166923
1619 0.82289892
1620 0.79682923
1621 0.71055321
1622 0.72116297
1623 0.61615620
1624 0.54756162
1625 0.56048630
1626 0.63977560
1627 0.60109604
1628 0.64028347
1629 0.56693540
1630 0.59165194
1631 0.58531073
1632 0.65281022
1633 0.58159204
1634 0.75017632
1635 0.70684120
1636 0.76493861
1637 0.81023705
1638 0.84166923
1639 0.99909052
1640 0.89406447
1641 0.87230639
1642 0.69294564
1643 0.65898205
1644 0.75413344
1645 0.67779527
1646 0.60549006
1647 0.60006678
1648 0.65689908
1649 0.65478959
1650 0.63412745
1651 0.66313563
1652 0.65475690
1653 0.65754346
1654 0.67364476
1655 0.70509863
1656 0.73222999
1657 0.89045060
1658 0.90208588
1659 0.99909052
1660 0.84166923
1661 0.82289892
1662 0.79682923
1663 0.71055321
1664 0.72116297
1665 0.61615620
1666 0.54756162
1667 0.56048630
1668 0.63977560
1669 0.60109604
1670 0.64028347
1671 0.56693540
1672 0.59165194
1673 0.58531073
1674 0.65281022
1675 0.58159204
1676 0.75017632
1677 0.70684120
1678 0.76493861
1679 0.81023705
1680 0.84166923
1681 0.89146242
1682 0.80125450
1683 0.74819601
1684 0.75197897
1685 0.64940765
1686 0.65335834
1687 0.62219652
1688 0.65385517
1689 0.62060319
1690 0.60034741
1691 0.61070697
1692 0.59359091
1693 0.62752125
1694 0.58083277
1695 0.61484586
1696 0.70891562
1697 0.70459839
1698 0.69240975
1699 0.66272644
1700 0.87107120
1701 0.89146242
1702 0.59754929
1703 0.65675631
1704 0.62670693
1705 0.65745160
1706 0.53835743
1707 0.49695156
1708 0.47536702
1709 0.50725057
1710 0.47254774
1711 0.53716912
1712 0.48783540
1713 0.46277659
1714 0.48679894
1715 0.45555768
1716 0.50682553
1717 0.50586947
1718 0.52924089
1719 0.62153684
1720 0.57598799
1721 0.69839591
1722 0.59754929
1723 0.73745492
1724 0.67239698
1725 0.59148148
1726 0.51862616
1727 0.51979504
1728 0.49543181
1729 0.49712361
1730 0.41151813
1731 0.44403310
1732 0.46086014
1733 0.39710990
1734 0.39076878
1735 0.50340630
1736 0.47761094
1737 0.48150579
1738 0.49292824
1739 0.51306066
1740 0.51736940
1741 0.51835856
1742 0.59249232
1743 0.73745492
1744 0.71194128
1745 0.65793646
1746 0.60970746
1747 0.66687941
1748 0.52077657
1749 0.54023336
1750 0.54261804
1751 0.53439148
1752 0.54311140
1753 0.49367136
1754 0.48113948
1755 0.47179794
1756 0.57902628
1757 0.51386070
1758 0.56169648
1759 0.52633743
1760 0.53792888
1761 0.57175565
1762 0.63500643
1763 0.65105553
1764 0.71194128
1765 0.61774312
1766 0.54319237
1767 0.56763080
1768 0.55376975
1769 0.54568963
1770 0.47187880
1771 0.51505212
1772 0.45318269
1773 0.51758155
1774 0.49825308
1775 0.50413981
1776 0.41214481
1777 0.46182369
1778 0.45508727
1779 0.46321572
1780 0.40221557
1781 0.44730817
1782 0.57594052
1783 0.58796563
1784 0.56856771
1785 0.61774312
1786 0.63149322
1787 0.68696565
1788 0.56187841
1789 0.50971445
1790 0.51000725
1791 0.46809874
1792 0.57588346
1793 0.50693182
1794 0.52601240
1795 0.45831723
1796 0.48749092
1797 0.47636966
1798 0.52285580
1799 0.54949272
1800 0.51802973
1801 0.55476203
1802 0.46349134
1803 0.57250896
1804 0.62139925
1805 0.64243734
1806 0.63149322
1807 0.70148929
1808 0.45154780
1809 0.56745021
1810 0.49997473
1811 0.50725172
1812 0.42278478
1813 0.48877056
1814 0.46962916
1815 0.44882899
1816 0.37424125
1817 0.34804920
1818 0.45245749
1819 0.45984650
1820 0.43741231
1821 0.45970200
1822 0.49344600
1823 0.54684615
1824 0.56020570
1825 0.48865733
1826 0.50163413
1827 0.70148929
1828 0.88610426
1829 0.76453790
1830 0.66825409
1831 0.64364791
1832 0.64405308
1833 0.57047772
1834 0.56198818
1835 0.58258884
1836 0.45565483
1837 0.57681721
1838 0.55919037
1839 0.56849852
1840 0.62216470
1841 0.56877858
1842 0.64378616
1843 0.59429028
1844 0.63569589
1845 0.64155713
1846 0.68915531
1847 0.72124389
1848 0.88610426
1849 0.75746751
1850 0.67668010
1851 0.66313575
1852 0.62194510
1853 0.60240142
1854 0.47261916
1855 0.52198920
1856 0.51317362
1857 0.53445040
1858 0.54588463
1859 0.52135521
1860 0.52401864
1861 0.40350484
1862 0.52124700
1863 0.48833449
1864 0.50951674
1865 0.55982890
1866 0.62653211
1867 0.65589683
1868 0.67250087
1869 0.75746751
1870 0.82471437
1871 0.85610797
1872 0.71049073
1873 0.71986731
1874 0.62711580
1875 0.57959403
1876 0.60766107
1877 0.59010450
1878 0.57713121
1879 0.61485142
1880 0.63745102
1881 0.59857907
1882 0.55236883
1883 0.59569183
1884 0.61518816
1885 0.65488483
1886 0.65458086
1887 0.68204462
1888 0.68137411
1889 0.82949840
1890 0.82471437
1891 0.84174105
1892 0.76617369
1893 0.73892651
1894 0.58315416
1895 0.64045196
1896 0.61389675
1897 0.59534240
1898 0.56830768
1899 0.54363473
1900 0.55314001
1901 0.58211840
1902 0.52621403
1903 0.61857492
1904 0.54967593
1905 0.65086096
1906 0.62847733
1907 0.63900621
1908 0.63888173
1909 0.82133952
1910 0.79688236
1911 0.84174105
1912 0.80900995
1913 0.71437882
1914 0.62018752
1915 0.60067832
1916 0.58432603
1917 0.51246881
1918 0.47156378
1919 0.52102528
1920 0.49035044
1921 0.47373821
1922 0.55799525
1923 0.47594737
1924 0.54064781
1925 0.54593923
1926 0.50183830
1927 0.51020510
1928 0.56456628
1929 0.52223984
1930 0.60730632
1931 0.65879790
1932 0.80900995
1933 0.77608139
1934 0.59231469
1935 0.58589261
1936 0.61027496
1937 0.55125905
1938 0.46222301
1939 0.55263600
1940 0.48955656
1941 0.49219684
1942 0.45640285
1943 0.40993576
1944 0.43352768
1945 0.51820288
1946 0.44086072
1947 0.53048758
1948 0.57772627
1949 0.62263578
1950 0.60713888
1951 0.65004864
1952 0.62534195
1953 0.77608139
1954 0.68864264
1955 0.60134747
1956 0.55931530
1957 0.49175421
1958 0.49509622
1959 0.51074921
1960 0.42306641
1961 0.40892872
1962 0.40812302
1963 0.47433357
1964 0.38341681
1965 0.35135539
1966 0.44387361
1967 0.43650862
1968 0.39642754
1969 0.42101427
1970 0.54201393
1971 0.50340545
1972 0.53702964
1973 0.59850862
1974 0.68864264
1975 0.80398695
1976 0.68036856
1977 0.68536009
1978 0.65300645
1979 0.65414471
1980 0.53140613
1981 0.57976391
1982 0.51707204
1983 0.46552236
1984 0.58272786
1985 0.55757891
1986 0.56121098
1987 0.57405480
1988 0.59279842
1989 0.52540246
1990 0.55025832
1991 0.61610505
1992 0.63941497
1993 0.65144229
1994 0.68266992
1995 0.80398695
1996 0.61989245
1997 0.61995410
1998 0.54422772
1999 0.48660038
2000 0.41697813
2001 0.50222289
2002 0.41301491
2003 0.43021005
2004 0.38712629
2005 0.39580299
2006 0.35655828
2007 0.37036268
2008 0.42782092
2009 0.36909360
2010 0.40074060
2011 0.42329750
2012 0.39785908
2013 0.44155905
2014 0.43763424
2015 0.47176432
2016 0.61989245
2017 0.55049367
2018 0.41553406
2019 0.54508852
2020 0.51836730
2021 0.46650143
2022 0.48849531
2023 0.48995187
2024 0.45379448
2025 0.37281084
2026 0.43029711
2027 0.33864028
2028 0.42886593
2029 0.33535031
2030 0.41718490
2031 0.40818304
2032 0.45872520
2033 0.36964818
2034 0.46698335
2035 0.51356975
2036 0.55560137
2037 0.55049367
2038 0.63981050
2039 0.50192440
2040 0.40203076
2041 0.45303688
2042 0.47346600
2043 0.42567960
2044 0.45043726
2045 0.41924351
2046 0.41990807
2047 0.41801098
2048 0.46697250
2049 0.41304997
2050 0.38798933
2051 0.35794825
2052 0.48207883
2053 0.32374648
2054 0.48416229
2055 0.45263267
2056 0.42750634
2057 0.48150808
2058 0.63981050
2059 0.62510321
2060 0.58058498
2061 0.51869407
2062 0.57429993
2063 0.44449106
2064 0.43777205
2065 0.43487917
2066 0.45358124
2067 0.47364746
2068 0.45573039
2069 0.47917173
2070 0.40292472
2071 0.52991657
2072 0.45508754
2073 0.48546690
2074 0.49169160
2075 0.49598964
2076 0.53606431
2077 0.53188810
2078 0.56338872
2079 0.62510321
2080 0.78841372
2081 0.68239972
2082 0.62790589
2083 0.67362510
2084 0.61322798
2085 0.57861913
2086 0.63317235
2087 0.59462356
2088 0.58868125
2089 0.61136590
2090 0.55850547
2091 0.58013582
2092 0.54247929
2093 0.59084679
2094 0.58689465
2095 0.59690750
2096 0.47479143
2097 0.60367984
2098 0.59982362
2099 0.70830082
2100 0.78841372
2101 0.73787914
2102 0.69768171
2103 0.67441678
2104 0.51219310
2105 0.60963298
2106 0.56015732
2107 0.54546465
2108 0.57088157
2109 0.53870201
2110 0.50058102
2111 0.55097132
2112 0.53525792
2113 0.55203295
2114 0.56783490
2115 0.52552392
2116 0.60084925
2117 0.60604949
2118 0.63721507
2119 0.68418860
2120 0.69459880
2121 0.73787914
2122 0.76210918
2123 0.68927247
2124 0.64086846
2125 0.55644614
2126 0.55591328
2127 0.53166829
2128 0.51892341
2129 0.47235724
2130 0.53770380
2131 0.57046244
2132 0.42090924
2133 0.37186782
2134 0.51788590
2135 0.54608977
2136 0.55347978
2137 0.51760033
2138 0.47739431
2139 0.55195243
2140 0.68441143
2141 0.68775190
2142 0.76210918
2143 0.81667166
2144 0.78098863
2145 0.67377700
2146 0.62860370
2147 0.60445386
2148 0.56428916
2149 0.51396289
2150 0.54583435
2151 0.49152271
2152 0.55755173
2153 0.52825451
2154 0.52818286
2155 0.54765495
2156 0.47929833
2157 0.65911663
2158 0.58173411
2159 0.63679024
2160 0.67584266
2161 0.69426915
2162 0.71174546
2163 0.81667166
2164 0.85188696
2165 0.74428106
2166 0.74247238
2167 0.71197380
2168 0.64106318
2169 0.56527769
2170 0.61434949
2171 0.58559607
2172 0.56263938
2173 0.55281205
2174 0.52015140
2175 0.61156979
2176 0.55929297
2177 0.60165643
2178 0.54056796
2179 0.64756658
2180 0.59620885
2181 0.64670832
2182 0.69423216
2183 0.73539779
2184 0.85188696
2185 0.73254226
2186 0.66973848
2187 0.58278408
2188 0.59981005
2189 0.58075072
2190 0.52633496
2191 0.49368296
2192 0.42537631
2193 0.55878997
2194 0.46887381
2195 0.43305343
2196 0.50048604
2197 0.43911212
2198 0.45836562
2199 0.50571621
2200 0.52492472
2201 0.57779114
2202 0.61219884
2203 0.60451871
2204 0.62034933
2205 0.73254226
2206 0.81313205
2207 0.69561217
2208 0.61813288
2209 0.62375793
2210 0.61596576
2211 0.59275607
2212 0.55154985
2213 0.51207290
2214 0.57341284
2215 0.52238190
2216 0.59540734
2217 0.53555056
2218 0.54487048
2219 0.53240667
2220 0.53741655
2221 0.60281874
2222 0.62776300
2223 0.60127285
2224 0.69835921
2225 0.77441414
2226 0.81313205
2227 0.52516529
2228 0.48192499
2229 0.54498670
2230 0.46456570
2231 0.42944864
2232 0.44710338
2233 0.44160730
2234 0.45573338
2235 0.43913565
2236 0.47877907
2237 0.38366534
2238 0.37402413
2239 0.46598424
2240 0.42630091
2241 0.42597429
2242 0.39012350
2243 0.51618853
2244 0.52382213
2245 0.53316690
2246 0.44656683
2247 0.52516529
2248 0.59467104
2249 0.54499779
2250 0.48514134
2251 0.49044008
2252 0.48643561
2253 0.38328175
2254 0.38698597
2255 0.43585974
2256 0.51625698
2257 0.51465014
2258 0.41126798
2259 0.40587656
2260 0.32832724
2261 0.36777191
2262 0.35839431
2263 0.46979530
2264 0.43299443
2265 0.43743767
2266 0.42317348
2267 0.51890276
2268 0.59467104
2269 0.52213771
2270 0.43440109
2271 0.43141410
2272 0.45361600
2273 0.43994604
2274 0.41603659
2275 0.44956057
2276 0.38260576
2277 0.45323093
2278 0.40537904
2279 0.34401159
2280 0.43268913
2281 0.41182022
2282 0.38540159
2283 0.40029632
2284 0.36120645
2285 0.43177943
2286 0.49175943
2287 0.51596698
2288 0.44678815
2289 0.52213771
2290 0.46827478
2291 0.50475619
2292 0.40843644
2293 0.38759939
2294 0.45420513
2295 0.44558160
2296 0.41260683
2297 0.45639503
2298 0.42305727
2299 0.41997557
2300 0.39896298
2301 0.36847138
2302 0.41059476
2303 0.39914614
2304 0.40901780
2305 0.42664544
2306 0.39510368
2307 0.45694628
2308 0.44631609
2309 0.41001182
2310 0.46827478
2311 0.63771609
2312 0.56215885
2313 0.49425162
2314 0.53923881
2315 0.49529876
2316 0.42884429
2317 0.42790015
2318 0.44757070
2319 0.45571083
2320 0.44604781
2321 0.46343984
2322 0.47171033
2323 0.39822465
2324 0.42392752
2325 0.46555786
2326 0.43761904
2327 0.50398296
2328 0.51803425
2329 0.55327720
2330 0.49620887
2331 0.63771609
2332 0.65699245
2333 0.60843499
2334 0.70601767
2335 0.56674662
2336 0.57799411
2337 0.55044291
2338 0.50963976
2339 0.51586460
2340 0.47695209
2341 0.53706973
2342 0.49343190
2343 0.47425338
2344 0.51120003
2345 0.51101192
2346 0.50355911
2347 0.50863941
2348 0.50264525
2349 0.55062721
2350 0.61052591
2351 0.62678846
2352 0.65699245
2353 0.65719320
2354 0.64289451
2355 0.55952261
2356 0.62051253
2357 0.50915732
2358 0.48900338
2359 0.46660207
2360 0.43682108
2361 0.50851279
2362 0.45800769
2363 0.48159176
2364 0.43362092
2365 0.46423941
2366 0.44565127
2367 0.43417229
2368 0.47750889
2369 0.44105448
2370 0.44567770
2371 0.55045328
2372 0.60027398
2373 0.65719320
2374 0.65631317
2375 0.59330296
2376 0.58443058
2377 0.58457639
2378 0.54212387
2379 0.51073379
2380 0.47109011
2381 0.50148526
2382 0.46855783
2383 0.44265859
2384 0.48739729
2385 0.48024140
2386 0.40797245
2387 0.46458449
2388 0.50187390
2389 0.50185548
2390 0.62071257
2391 0.56953594
2392 0.56640195
2393 0.66569392
2394 0.65631317
2395 0.69686857
2396 0.65754357
2397 0.65531347
2398 0.50593973
2399 0.50120286
2400 0.58058831
2401 0.49146568
2402 0.52797004
2403 0.52266726
2404 0.44950785
2405 0.47114945
2406 0.48036858
2407 0.52249602
2408 0.50460676
2409 0.47275387
2410 0.52068811
2411 0.51169743
2412 0.59110352
2413 0.60117086
2414 0.71658703
2415 0.69686857
2416 0.65698158
2417 0.69065450
2418 0.55409458
2419 0.56289641
2420 0.53817088
2421 0.53678319
2422 0.41770537
2423 0.53017709
2424 0.55166917
2425 0.46996888
2426 0.38257227
2427 0.52965040
2428 0.43723856
2429 0.50215530
2430 0.49289196
2431 0.49914981
2432 0.54170034
2433 0.52493273
2434 0.65260799
2435 0.67344169
2436 0.65698158
2437 0.69436309
2438 0.72674090
2439 0.70650066
2440 0.66615070
2441 0.65698092
2442 0.65128179
2443 0.57679222
2444 0.57203197
2445 0.50607660
2446 0.59882517
2447 0.61537617
2448 0.58776119
2449 0.60813071
2450 0.59578359
2451 0.54612551
2452 0.60121500
2453 0.57938472
2454 0.61535116
2455 0.64541472
2456 0.74362260
2457 0.69436309
2458 0.77207477
2459 0.84566946
2460 0.76716535
2461 0.72533950
2462 0.74735846
2463 0.55919640
2464 0.61787414
2465 0.59671556
2466 0.60497168
2467 0.63296375
2468 0.69082204
2469 0.70102021
2470 0.62429604
2471 0.62879044
2472 0.64496684
2473 0.69905764
2474 0.61455261
2475 0.67529099
2476 0.78084788
2477 0.70250344
2478 0.77207477
2479 0.59324889
2480 0.61245359
2481 0.51520110
2482 0.45448510
2483 0.48224987
2484 0.47528623
2485 0.49389168
2486 0.42257196
2487 0.46153341
2488 0.48239963
2489 0.52474502
2490 0.38018017
2491 0.42578640
2492 0.36409975
2493 0.48509219
2494 0.51424001
2495 0.41643436
2496 0.45981257
2497 0.57452370
2498 0.57627255
2499 0.59324889
2500 0.42876240
2501 0.45896672
2502 0.48262317
2503 0.45251948
2504 0.35545219
2505 0.39431358
2506 0.37738878
2507 0.38479562
2508 0.34974387
2509 0.30174510
2510 0.37030139
2511 0.38172314
2512 0.43241440
2513 0.33971069
2514 0.38080531
2515 0.41735296
2516 0.43134164
2517 0.47190904
2518 0.42194242
2519 0.41626915
2520 0.42876240
2521 0.50647662
2522 0.49662893
2523 0.51832506
2524 0.36487328
2525 0.45918622
2526 0.47932833
2527 0.40603098
2528 0.39218068
2529 0.33312163
2530 0.38308598
2531 0.41298477
2532 0.48369964
2533 0.42389868
2534 0.45627195
2535 0.44768430
2536 0.36224934
2537 0.43723356
2538 0.41709995
2539 0.44673826
2540 0.53499055
2541 0.50647662
2542 0.41013161
2543 0.37260644
2544 0.44130508
2545 0.45629692
2546 0.39250329
2547 0.44116879
2548 0.32898175
2549 0.40305838
2550 0.40071992
2551 0.46679272
2552 0.37109978
2553 0.34565629
2554 0.40521975
2555 0.39672260
2556 0.35708668
2557 0.40443854
2558 0.41564916
2559 0.38193889
2560 0.39611242
2561 0.33664561
2562 0.41013161
2563 0.49830958
2564 0.51834294
2565 0.46790762
2566 0.50148399
2567 0.42552384
2568 0.42157584
2569 0.51160155
2570 0.44164821
2571 0.42043942
2572 0.33324890
2573 0.45324378
2574 0.39292322
2575 0.43437301
2576 0.41410668
2577 0.35888347
2578 0.38106281
2579 0.40176078
2580 0.38164446
2581 0.43235326
2582 0.50955377
2583 0.49830958
2584 0.57543688
2585 0.49516946
2586 0.41338871
2587 0.48318623
2588 0.47258927
2589 0.44174895
2590 0.37098592
2591 0.38186493
2592 0.39542177
2593 0.36625268
2594 0.39663091
2595 0.39907588
2596 0.35230783
2597 0.38744204
2598 0.41089268
2599 0.41956351
2600 0.49904395
2601 0.41799609
2602 0.47536571
2603 0.49301831
2604 0.57543688
2605 0.57037061
2606 0.51696194
2607 0.42618323
2608 0.52957960
2609 0.38847949
2610 0.46396812
2611 0.42013718
2612 0.37436798
2613 0.41312462
2614 0.40916256
2615 0.42573988
2616 0.37193620
2617 0.34084636
2618 0.42185603
2619 0.42756840
2620 0.50054385
2621 0.40855092
2622 0.44222530
2623 0.53942599
2624 0.58095979
2625 0.57037061
2626 0.67700551
2627 0.65371005
2628 0.57482738
2629 0.58590987
2630 0.55231289
2631 0.47852525
2632 0.52017406
2633 0.50797126
2634 0.54510264
2635 0.45147735
2636 0.49533681
2637 0.56334142
2638 0.49752967
2639 0.44753955
2640 0.54384735
2641 0.44725361
2642 0.45934798
2643 0.53732164
2644 0.57301853
2645 0.68229940
2646 0.67700551
2647 0.65203008
2648 0.64081846
2649 0.56343899
2650 0.63307514
2651 0.52900148
2652 0.50737666
2653 0.49981453
2654 0.40663923
2655 0.46070612
2656 0.51205947
2657 0.35940078
2658 0.47157051
2659 0.42233307
2660 0.38551649
2661 0.46230812
2662 0.44978816
2663 0.45532540
2664 0.59371640
2665 0.55170024
2666 0.60188393
2667 0.65203008
2668 0.60723440
2669 0.50861726
2670 0.47872450
2671 0.41317575
2672 0.40166154
2673 0.46805990
2674 0.41000813
2675 0.35269949
2676 0.36392551
2677 0.25334136
2678 0.38672545
2679 0.41032576
2680 0.40868340
2681 0.32089345
2682 0.40696037
2683 0.39079823
2684 0.41089454
2685 0.41027223
2686 0.44973450
2687 0.52935119
2688 0.60723440
2689 0.59356529
2690 0.58009067
2691 0.49643820
2692 0.48213687
2693 0.43634023
2694 0.52473102
2695 0.48162967
2696 0.42281344
2697 0.42961091
2698 0.46602518
2699 0.38887415
2700 0.38229811
2701 0.36502139
2702 0.43909469
2703 0.44427389
2704 0.49330669
2705 0.57199889
2706 0.43954975
2707 0.47134004
2708 0.51268500
2709 0.59356529
2710 0.57209602
2711 0.57066309
2712 0.47507916
2713 0.47151672
2714 0.35560113
2715 0.43873867
2716 0.41954926
2717 0.36496940
2718 0.45583675
2719 0.42842505
2720 0.45923611
2721 0.35942638
2722 0.39089243
2723 0.40166813
2724 0.50596444
2725 0.43928949
2726 0.38060211
2727 0.42590844
2728 0.42863741
2729 0.51904888
2730 0.57209602
2731 0.50119995
2732 0.49829008
2733 0.44431055
2734 0.41551210
2735 0.39412795
2736 0.42024314
2737 0.47221871
2738 0.45543597
2739 0.40359771
2740 0.41996946
2741 0.39703587
2742 0.41108138
2743 0.41889430
2744 0.40986155
2745 0.48513325
2746 0.42456357
2747 0.42603321
2748 0.49322217
2749 0.50154990
2750 0.45999834
2751 0.50119995
2752 0.47753909
2753 0.54964150
2754 0.47103948
2755 0.42423098
2756 0.48891053
2757 0.34933097
2758 0.42069899
2759 0.36656553
2760 0.42100029
2761 0.50730369
2762 0.39349181
2763 0.39761301
2764 0.40986338
2765 0.37424034
2766 0.31383706
2767 0.46876876
2768 0.42013959
2769 0.51679012
2770 0.44427541
2771 0.50240522
2772 0.47753909
2773 0.42750985
2774 0.41484240
2775 0.33710213
2776 0.39514915
2777 0.31615579
2778 0.37441394
2779 0.39682248
2780 0.34593715
2781 0.35083415
2782 0.40449055
2783 0.36721175
2784 0.36422562
2785 0.40272173
2786 0.42037723
2787 0.43586939
2788 0.37453620
2789 0.41030234
2790 0.33506628
2791 0.36213647
2792 0.33422519
2793 0.42750985
2794 0.44426107
2795 0.48257628
2796 0.50733832
2797 0.49093120
2798 0.49751367
2799 0.45081175
2800 0.47563937
2801 0.52349191
2802 0.42092797
2803 0.41918703
2804 0.37353766
2805 0.43228127
2806 0.40991875
2807 0.48103787
2808 0.42149764
2809 0.44979095
2810 0.41898117
2811 0.48349743
2812 0.50449902
2813 0.45336476
2814 0.44426107
2815 0.51295616
2816 0.41926443
2817 0.43841681
2818 0.46965834
2819 0.43889848
2820 0.44585296
2821 0.39626406
2822 0.46440034
2823 0.45502170
2824 0.40841185
2825 0.44438910
2826 0.46931379
2827 0.42235274
2828 0.43513526
2829 0.44358572
2830 0.36372963
2831 0.43145472
2832 0.42658080
2833 0.49466425
2834 0.45354916
2835 0.51295616
2836 0.41871340
2837 0.43616371
2838 0.38978717
2839 0.45207161
2840 0.42909357
2841 0.34973227
2842 0.30622129
2843 0.38739860
2844 0.30118001
2845 0.35583200
2846 0.32274680
2847 0.33769807
2848 0.33370782
2849 0.36711559
2850 0.35047315
2851 0.37174635
2852 0.38158217
2853 0.41654948
2854 0.46974053
2855 0.39897937
2856 0.41871340
2857 0.55917727
2858 0.50936328
2859 0.58863325
2860 0.47977441
2861 0.46286588
2862 0.55547805
2863 0.40945609
2864 0.47743229
2865 0.50057298
2866 0.44849340
2867 0.42385166
2868 0.39391242
2869 0.42675682
2870 0.45328574
2871 0.39695351
2872 0.45089925
2873 0.45197954
2874 0.42974788
2875 0.54528876
2876 0.54796932
2877 0.55917727
2878 0.67128190
2879 0.55985694
2880 0.55918635
2881 0.54602239
2882 0.53729921
2883 0.50588139
2884 0.47752312
2885 0.42076621
2886 0.46157866
2887 0.44978384
2888 0.40875826
2889 0.45854272
2890 0.44740075
2891 0.50956331
2892 0.46564403
2893 0.47809991
2894 0.42117621
2895 0.57918168
2896 0.50516717
2897 0.62212473
2898 0.67128190
2899 0.63820041
2900 0.62702770
2901 0.61060390
2902 0.56400210
2903 0.46493189
2904 0.47301654
2905 0.51886676
2906 0.47643691
2907 0.46505469
2908 0.45676661
2909 0.48868866
2910 0.47292350
2911 0.45023114
2912 0.51479516
2913 0.45567972
2914 0.49515086
2915 0.50255573
2916 0.63392238
2917 0.61151865
2918 0.68207418
2919 0.63820041
2920 0.58978599
2921 0.57247557
2922 0.64237925
2923 0.47549046
2924 0.50821637
2925 0.49188659
2926 0.45622848
2927 0.41314121
2928 0.46047423
2929 0.42529031
2930 0.39810004
2931 0.39582189
2932 0.40628529
2933 0.47134882
2934 0.49183115
2935 0.43309713
2936 0.43485601
2937 0.44943970
2938 0.52554154
2939 0.55337011
2940 0.58978599
2941 0.57007021
2942 0.49318258
2943 0.52616926
2944 0.44031698
2945 0.45491633
2946 0.41157355
2947 0.42711708
2948 0.31988331
2949 0.43354204
2950 0.43175718
2951 0.41689215
2952 0.40401786
2953 0.44253379
2954 0.43176429
2955 0.44426419
2956 0.42386149
2957 0.39802647
2958 0.53220180
2959 0.52945560
2960 0.52476006
2961 0.57007021
2962 0.61341595
2963 0.54525239
2964 0.58732318
2965 0.49875936
2966 0.46908613
2967 0.42384400
2968 0.51741559
2969 0.39959577
2970 0.42870221
2971 0.46143253
2972 0.42651913
2973 0.45628395
2974 0.43578020
2975 0.42351150
2976 0.45813635
2977 0.42791775
2978 0.45478351
2979 0.58067233
2980 0.56915168
2981 0.54803344
2982 0.61341595
2983 0.37653978
2984 0.43876735
2985 0.46416817
2986 0.38290049
2987 0.39609875
2988 0.33357255
2989 0.39174343
2990 0.29737495
2991 0.37423578
2992 0.30406173
2993 0.46887725
2994 0.33467121
2995 0.39048189
2996 0.35353316
2997 0.40082740
2998 0.39972980
2999 0.38820267
3000 0.34855046
3001 0.40878767
3002 0.40688327
3003 0.37653978
3004 0.44124456
3005 0.39728720
3006 0.38877534
3007 0.41072800
3008 0.40227051
3009 0.39073705
3010 0.37736174
3011 0.35960473
3012 0.40606302
3013 0.38506698
3014 0.48069668
3015 0.52847281
3016 0.34236587
3017 0.40188978
3018 0.46245922
3019 0.29428751
3020 0.41498456
3021 0.31291954
3022 0.47173839
3023 0.43983771
3024 0.44124456
