index DenDen_momentum
1 142.39847224
2 142.36421773
3 142.28227513
4 142.31880481
5 142.38443187
6 142.45155848
7 142.46447060
8 142.32400709
9 142.36294944
10 142.30390905
11 142.30395789
12 142.47690437
13 142.37608125
14 142.33418137
15 142.43754407
16 142.27125550
17 142.48801830
18 142.27921852
19 142.36961001
20 142.30601630
21 142.39847224
22 0.42368284
23 0.39954793
24 0.35062428
25 0.38296832
26 0.35624541
27 0.34196183
28 0.37172905
29 0.34128937
30 0.40340018
31 0.35062062
32 0.36605725
33 0.39316683
34 0.36549357
35 0.32887554
36 0.36180804
37 0.40295575
38 0.37018409
39 0.32371539
40 0.30107270
41 0.34494324
42 0.42368284
43 0.51947428
44 0.46428888
45 0.49592275
46 0.55445480
47 0.38983712
48 0.37812373
49 0.40333658
50 0.40639333
51 0.44153987
52 0.35465657
53 0.49169617
54 0.50298522
55 0.47188182
56 0.40629316
57 0.40630607
58 0.48029988
59 0.44666680
60 0.47761466
61 0.49861984
62 0.51640580
63 0.51947428
64 0.49507979
65 0.45404391
66 0.43476238
67 0.45591711
68 0.36063232
69 0.45308855
70 0.36189177
71 0.38663135
72 0.37116934
73 0.39949403
74 0.30565836
75 0.35369167
76 0.42991030
77 0.38771502
78 0.39144890
79 0.38138853
80 0.35933825
81 0.39014332
82 0.43493089
83 0.43120669
84 0.49507979
85 0.58688223
86 0.61343609
87 0.50512241
88 0.43157461
89 0.46470110
90 0.43875261
91 0.41365711
92 0.47414737
93 0.47871136
94 0.45994877
95 0.44944290
96 0.50269428
97 0.48628952
98 0.39757666
99 0.45646874
100 0.46481413
101 0.45982398
102 0.52808324
103 0.53369463
104 0.56499873
105 0.58688223
106 0.65205437
107 0.64528765
108 0.58163342
109 0.51824901
110 0.49007842
111 0.52753510
112 0.50763881
113 0.49675371
114 0.57292098
115 0.55965171
116 0.51052532
117 0.50434521
118 0.46060412
119 0.49922425
120 0.56203616
121 0.55527353
122 0.63525645
123 0.57929802
124 0.61346199
125 0.67203962
126 0.65205437
127 0.72749916
128 0.71928208
129 0.71915522
130 0.74696785
131 0.57117856
132 0.57065897
133 0.64786232
134 0.53769400
135 0.56453393
136 0.63949872
137 0.72190407
138 0.54360078
139 0.57432980
140 0.53426826
141 0.67412600
142 0.65281768
143 0.63771450
144 0.62998090
145 0.64254228
146 0.73981161
147 0.72749916
148 0.65205437
149 0.64528765
150 0.58163342
151 0.51824901
152 0.49007842
153 0.52753510
154 0.50763881
155 0.49675371
156 0.57292098
157 0.55965171
158 0.51052532
159 0.50434521
160 0.46060412
161 0.49922425
162 0.56203616
163 0.55527353
164 0.63525645
165 0.57929802
166 0.61346199
167 0.67203962
168 0.65205437
169 0.58688223
170 0.61343609
171 0.50512241
172 0.43157461
173 0.46470110
174 0.43875261
175 0.41365711
176 0.47414737
177 0.47871136
178 0.45994877
179 0.44944290
180 0.50269428
181 0.48628952
182 0.39757666
183 0.45646874
184 0.46481413
185 0.45982398
186 0.52808324
187 0.53369463
188 0.56499873
189 0.58688223
190 0.49507979
191 0.45404391
192 0.43476238
193 0.45591711
194 0.36063232
195 0.45308855
196 0.36189177
197 0.38663135
198 0.37116934
199 0.39949403
200 0.30565836
201 0.35369167
202 0.42991030
203 0.38771502
204 0.39144890
205 0.38138853
206 0.35933825
207 0.39014332
208 0.43493089
209 0.43120669
210 0.49507979
211 0.51947428
212 0.46428888
213 0.49592275
214 0.55445480
215 0.38983712
216 0.37812373
217 0.40333658
218 0.40639333
219 0.44153987
220 0.35465657
221 0.49169617
222 0.50298522
223 0.47188182
224 0.40629316
225 0.40630607
226 0.48029988
227 0.44666680
228 0.47761466
229 0.49861984
230 0.51640580
231 0.51947428
232 0.42368284
233 0.39954793
234 0.35062428
235 0.38296832
236 0.35624541
237 0.34196183
238 0.37172905
239 0.34128937
240 0.40340018
241 0.35062062
242 0.36605725
243 0.39316683
244 0.36549357
245 0.32887554
246 0.36180804
247 0.40295575
248 0.37018409
249 0.32371539
250 0.30107270
251 0.34494324
252 0.42368284
253 0.45982937
254 0.51823216
255 0.50056710
256 0.45654303
257 0.50074267
258 0.49063125
259 0.44134875
260 0.53975122
261 0.42276541
262 0.43210633
263 0.44732545
264 0.48346032
265 0.48719393
266 0.50381857
267 0.46435504
268 0.44125992
269 0.39074879
270 0.46748063
271 0.51698567
272 0.46718892
273 0.45982937
274 0.47373024
275 0.55078234
276 0.40635521
277 0.50300802
278 0.52820694
279 0.43812123
280 0.49338292
281 0.47323434
282 0.48149820
283 0.41855574
284 0.56084082
285 0.47923278
286 0.45142555
287 0.47651770
288 0.51109813
289 0.54091409
290 0.54540043
291 0.49253361
292 0.44023971
293 0.46267924
294 0.47373024
295 0.42072384
296 0.43461992
297 0.34155092
298 0.38414833
299 0.38711126
300 0.39203817
301 0.39149783
302 0.38068023
303 0.31535027
304 0.35523396
305 0.39062612
306 0.33835186
307 0.30435086
308 0.32759190
309 0.42002653
310 0.38975927
311 0.43614796
312 0.41496167
313 0.41150822
314 0.40622283
315 0.42072384
316 0.45491719
317 0.49320804
318 0.50032291
319 0.43027576
320 0.43891215
321 0.50473224
322 0.40295749
323 0.42153541
324 0.42028699
325 0.41575237
326 0.43595866
327 0.46862320
328 0.42321947
329 0.45558946
330 0.52293206
331 0.40424805
332 0.47030592
333 0.45772322
334 0.50940568
335 0.44047664
336 0.45491719
337 0.49015951
338 0.48270759
339 0.42010271
340 0.41440572
341 0.41513694
342 0.39780461
343 0.37350096
344 0.36113061
345 0.39492810
346 0.33840460
347 0.30989858
348 0.36208596
349 0.34772037
350 0.37315785
351 0.33012288
352 0.39343470
353 0.42232884
354 0.38266348
355 0.45917846
356 0.42965835
357 0.49015951
358 0.73148412
359 0.61025790
360 0.56880443
361 0.60174302
362 0.53530552
363 0.45621701
364 0.50593062
365 0.57724654
366 0.47351829
367 0.42844378
368 0.44048392
369 0.49355301
370 0.47169444
371 0.47911838
372 0.53817325
373 0.45044526
374 0.49648801
375 0.59476456
376 0.59309189
377 0.68179605
378 0.73148412
379 0.65602041
380 0.52677732
381 0.57759420
382 0.47111312
383 0.46917256
384 0.46799769
385 0.41390890
386 0.36957483
387 0.43814970
388 0.33474420
389 0.42388238
390 0.40408118
391 0.32631209
392 0.34631694
393 0.42848107
394 0.48453075
395 0.52451772
396 0.42293792
397 0.46427303
398 0.59478312
399 0.65602041
400 0.52332590
401 0.54408720
402 0.48030783
403 0.51959130
404 0.47168298
405 0.34760201
406 0.39351403
407 0.36352701
408 0.37325089
409 0.40456465
410 0.41218701
411 0.38915032
412 0.38351592
413 0.46264638
414 0.44014650
415 0.41551025
416 0.48480561
417 0.52652362
418 0.52910863
419 0.59761401
420 0.52332590
421 0.49402062
422 0.59906793
423 0.49783348
424 0.42539953
425 0.45340383
426 0.46327581
427 0.42127754
428 0.43290015
429 0.45802876
430 0.41572817
431 0.36143040
432 0.41320244
433 0.43039737
434 0.41402947
435 0.38825084
436 0.36911755
437 0.48015275
438 0.43867978
439 0.49791168
440 0.54036163
441 0.49402062
442 0.48994978
443 0.50148703
444 0.40143924
445 0.34587628
446 0.36282102
447 0.34594917
448 0.40795497
449 0.30678089
450 0.26542945
451 0.35803685
452 0.37024079
453 0.35013806
454 0.33756398
455 0.36939713
456 0.41948488
457 0.39638184
458 0.47529049
459 0.42840932
460 0.45745717
461 0.48203803
462 0.48994978
463 0.39769149
464 0.39415687
465 0.39139928
466 0.44844500
467 0.40941910
468 0.40273982
469 0.41637957
470 0.47088148
471 0.35435562
472 0.46151673
473 0.36945654
474 0.46472605
475 0.45825174
476 0.47699279
477 0.38007551
478 0.41880182
479 0.42396475
480 0.45146204
481 0.44689017
482 0.45731902
483 0.39769149
484 0.51538893
485 0.45357392
486 0.61213889
487 0.50605922
488 0.49430154
489 0.54678659
490 0.48087020
491 0.47792819
492 0.49338395
493 0.48702347
494 0.51327147
495 0.55037580
496 0.55191879
497 0.58171084
498 0.52142295
499 0.56670605
500 0.56093152
501 0.65323066
502 0.51813024
503 0.62489587
504 0.51538893
505 0.52024346
506 0.48520511
507 0.40164245
508 0.57194449
509 0.40635403
510 0.45874608
511 0.52871672
512 0.47942930
513 0.49701558
514 0.49981014
515 0.53735790
516 0.44142428
517 0.50533034
518 0.48716047
519 0.42727982
520 0.54538819
521 0.46532001
522 0.52015812
523 0.53581598
524 0.53645842
525 0.52024346
526 0.44927949
527 0.48110319
528 0.49679314
529 0.45172698
530 0.37612301
531 0.45786885
532 0.34439384
533 0.42814405
534 0.42440811
535 0.36649628
536 0.49477499
537 0.40389483
538 0.41275320
539 0.43083396
540 0.37709645
541 0.44951575
542 0.41065217
543 0.36059035
544 0.40568663
545 0.45621807
546 0.44927949
547 0.55445348
548 0.52428903
549 0.48697528
550 0.52029294
551 0.49776897
552 0.52250986
553 0.43046039
554 0.48090981
555 0.40785787
556 0.47629266
557 0.45727992
558 0.47499720
559 0.50042015
560 0.45925294
561 0.41904607
562 0.38426049
563 0.47951948
564 0.49915329
565 0.60678072
566 0.45018817
567 0.55445348
568 0.56185755
569 0.56418401
570 0.52205435
571 0.50573352
572 0.48654048
573 0.49598936
574 0.47978658
575 0.49415079
576 0.48553939
577 0.50396790
578 0.50334285
579 0.45538849
580 0.42046333
581 0.44303776
582 0.44956933
583 0.53184671
584 0.51077620
585 0.52323502
586 0.58359577
587 0.58041806
588 0.56185755
589 0.72437319
590 0.65055223
591 0.62395348
592 0.63870664
593 0.54231659
594 0.61896955
595 0.55611486
596 0.61224000
597 0.62008437
598 0.48168651
599 0.61999487
600 0.53760666
601 0.53693812
602 0.55896880
603 0.52816494
604 0.54909099
605 0.54729762
606 0.60631220
607 0.61582961
608 0.66903813
609 0.72437319
610 0.62948776
611 0.61578779
612 0.57258974
613 0.59232859
614 0.54116966
615 0.51311829
616 0.44775503
617 0.49518478
618 0.38113679
619 0.48390006
620 0.52675272
621 0.53126315
622 0.43703117
623 0.51439222
624 0.47565721
625 0.43083389
626 0.48886268
627 0.58048527
628 0.51834846
629 0.64015529
630 0.62948776
631 0.63300453
632 0.60260311
633 0.57742729
634 0.50701076
635 0.55635137
636 0.47054318
637 0.52779988
638 0.48080942
639 0.52361505
640 0.50009504
641 0.46347278
642 0.43410904
643 0.57134937
644 0.49530221
645 0.50641816
646 0.54292300
647 0.55496970
648 0.54200398
649 0.54305181
650 0.69992033
651 0.63300453
652 0.65291276
653 0.62134544
654 0.55140693
655 0.47601416
656 0.43986518
657 0.46947120
658 0.51118481
659 0.47272849
660 0.49738875
661 0.48404436
662 0.45769806
663 0.38282286
664 0.48713691
665 0.52023089
666 0.49808966
667 0.50760527
668 0.53338095
669 0.48895636
670 0.60887498
671 0.63562428
672 0.65291276
673 0.55578470
674 0.60929272
675 0.60744137
676 0.58206931
677 0.53335082
678 0.40092164
679 0.44296858
680 0.47743976
681 0.48621320
682 0.43184549
683 0.53455621
684 0.47584885
685 0.48999365
686 0.49105699
687 0.48406843
688 0.46587836
689 0.56693665
690 0.51057713
691 0.59012418
692 0.69508685
693 0.55578470
694 0.56472382
695 0.45047769
696 0.41636526
697 0.43674352
698 0.49660478
699 0.39343203
700 0.48009577
701 0.38384084
702 0.46704959
703 0.45927514
704 0.39480889
705 0.45349727
706 0.37184198
707 0.41761534
708 0.41743324
709 0.37223533
710 0.43895243
711 0.36039839
712 0.53332396
713 0.52150893
714 0.56472382
715 0.61701271
716 0.47910376
717 0.59793280
718 0.54221075
719 0.48651651
720 0.38028199
721 0.46929408
722 0.54593114
723 0.43693303
724 0.49142509
725 0.43444075
726 0.44694874
727 0.42226323
728 0.54967063
729 0.47422648
730 0.48778391
731 0.41294906
732 0.51403305
733 0.61433961
734 0.46903851
735 0.61701271
736 0.51165746
737 0.45070058
738 0.43282817
739 0.38983450
740 0.37623271
741 0.43517195
742 0.40875427
743 0.42573582
744 0.46324782
745 0.39349447
746 0.36306076
747 0.41019692
748 0.43481181
749 0.43773624
750 0.43501618
751 0.42964113
752 0.36982456
753 0.43865167
754 0.45071884
755 0.39926161
756 0.51165746
757 0.38947301
758 0.39143870
759 0.41106068
760 0.46881796
761 0.36367530
762 0.35573018
763 0.34061686
764 0.36516294
765 0.33458095
766 0.36577998
767 0.33942134
768 0.32813037
769 0.35709310
770 0.38112184
771 0.38782164
772 0.35580948
773 0.40217499
774 0.32332060
775 0.43347972
776 0.45358262
777 0.38947301
778 0.52105374
779 0.50928376
780 0.44624585
781 0.48622590
782 0.48360730
783 0.46714353
784 0.47485307
785 0.38417842
786 0.41249071
787 0.42620209
788 0.42573834
789 0.35794191
790 0.50768848
791 0.40562155
792 0.45566607
793 0.48283427
794 0.44976128
795 0.51350364
796 0.50623661
797 0.53116023
798 0.52105374
799 0.58260164
800 0.45864696
801 0.51450745
802 0.45187580
803 0.52439614
804 0.41894864
805 0.39845996
806 0.39406913
807 0.45415801
808 0.37975921
809 0.41166296
810 0.41801663
811 0.41559871
812 0.45118112
813 0.47191238
814 0.44765130
815 0.44488598
816 0.46257127
817 0.46859199
818 0.56981447
819 0.58260164
820 0.67185729
821 0.63620106
822 0.60874752
823 0.54653355
824 0.51477056
825 0.50065557
826 0.48013233
827 0.46455801
828 0.51619547
829 0.47951590
830 0.43734910
831 0.46817256
832 0.44667426
833 0.45328411
834 0.48776500
835 0.52565419
836 0.50835854
837 0.52665427
838 0.66473728
839 0.66745283
840 0.67185729
841 0.70409682
842 0.71472291
843 0.61339186
844 0.61156086
845 0.58022202
846 0.49777944
847 0.54989501
848 0.44050008
849 0.45429652
850 0.39358208
851 0.42546945
852 0.42350960
853 0.47859889
854 0.58095471
855 0.46487836
856 0.51497666
857 0.47126813
858 0.57473896
859 0.49551395
860 0.54984316
861 0.70409682
862 0.82879273
863 0.74680602
864 0.74504822
865 0.67996438
866 0.61196536
867 0.61221431
868 0.62847481
869 0.58039606
870 0.58841147
871 0.56940018
872 0.59095311
873 0.62982234
874 0.53457898
875 0.64734404
876 0.63477031
877 0.71630407
878 0.70202044
879 0.71850358
880 0.68110293
881 0.78946329
882 0.82879273
883 0.77861602
884 0.74471412
885 0.67603217
886 0.65450500
887 0.59623473
888 0.51283695
889 0.55288999
890 0.50571047
891 0.58528970
892 0.58318261
893 0.48482201
894 0.51415969
895 0.53587144
896 0.49242822
897 0.56167972
898 0.52729885
899 0.65576170
900 0.67486829
901 0.60110560
902 0.77087605
903 0.77861602
904 0.65770490
905 0.57269474
906 0.52250872
907 0.56341239
908 0.51047048
909 0.47508434
910 0.46386181
911 0.50215316
912 0.44142361
913 0.46079007
914 0.41557512
915 0.41318847
916 0.46035524
917 0.39391333
918 0.46467687
919 0.52027851
920 0.49929839
921 0.51138588
922 0.61208361
923 0.58051242
924 0.65770490
925 0.69947415
926 0.69291501
927 0.59679008
928 0.63232465
929 0.46524052
930 0.55557695
931 0.47052361
932 0.49267807
933 0.50283124
934 0.51787791
935 0.50433693
936 0.52327258
937 0.53516772
938 0.44623782
939 0.52843780
940 0.47319559
941 0.62313007
942 0.56685474
943 0.62723698
944 0.67275447
945 0.69947415
946 0.64737880
947 0.57898384
948 0.60445443
949 0.55585926
950 0.49866248
951 0.47944344
952 0.46979603
953 0.38969802
954 0.46596841
955 0.47162778
956 0.47933421
957 0.48387783
958 0.44373679
959 0.50726529
960 0.46651235
961 0.51220076
962 0.50749688
963 0.52114302
964 0.60818817
965 0.66327728
966 0.64737880
967 0.64649533
968 0.65924440
969 0.57690462
970 0.58984126
971 0.50287887
972 0.53276828
973 0.56293648
974 0.51317866
975 0.54359503
976 0.45148084
977 0.48552365
978 0.53005279
979 0.44605542
980 0.42466988
981 0.51868629
982 0.50512548
983 0.49271153
984 0.47107114
985 0.52570421
986 0.61776486
987 0.64649533
988 0.56792769
989 0.50286929
990 0.50750378
991 0.47027155
992 0.49810171
993 0.54481595
994 0.47140278
995 0.39400780
996 0.48439621
997 0.42818797
998 0.43948089
999 0.35257740
1000 0.56417037
1001 0.46825667
1002 0.42300271
1003 0.57186851
1004 0.41882432
1005 0.43254735
1006 0.52160495
1007 0.56701525
1008 0.56792769
1009 0.62805415
1010 0.60617107
1011 0.56751737
1012 0.47230251
1013 0.47620915
1014 0.53472977
1015 0.48671348
1016 0.43890370
1017 0.45776703
1018 0.46562351
1019 0.48224336
1020 0.50439709
1021 0.53364882
1022 0.53377025
1023 0.52823194
1024 0.44759637
1025 0.46588339
1026 0.62379430
1027 0.47774522
1028 0.54363567
1029 0.62805415
1030 0.53915582
1031 0.52160171
1032 0.52672167
1033 0.49705653
1034 0.48936638
1035 0.49898497
1036 0.38997629
1037 0.45714990
1038 0.36780670
1039 0.42995626
1040 0.34976806
1041 0.43373525
1042 0.45572551
1043 0.40195420
1044 0.46408881
1045 0.43538135
1046 0.38952888
1047 0.51456461
1048 0.52201729
1049 0.54670056
1050 0.53915582
1051 0.78777993
1052 0.69559844
1053 0.69358412
1054 0.57842161
1055 0.56820266
1056 0.59716589
1057 0.64522957
1058 0.56108964
1059 0.51811193
1060 0.55651632
1061 0.60427171
1062 0.53558393
1063 0.52926136
1064 0.54944432
1065 0.51141330
1066 0.64415167
1067 0.59158856
1068 0.58160540
1069 0.64432897
1070 0.74439728
1071 0.78777993
1072 0.72084654
1073 0.67587464
1074 0.57258520
1075 0.52939496
1076 0.52070071
1077 0.52992185
1078 0.50395601
1079 0.50353877
1080 0.45383292
1081 0.42692973
1082 0.46970440
1083 0.51727359
1084 0.43274847
1085 0.47186322
1086 0.46709922
1087 0.52417983
1088 0.53451321
1089 0.55204596
1090 0.63586524
1091 0.56040503
1092 0.72084654
1093 0.72879342
1094 0.56818907
1095 0.56235212
1096 0.57182061
1097 0.51432619
1098 0.49128687
1099 0.52665705
1100 0.46190540
1101 0.40342237
1102 0.38329903
1103 0.35247028
1104 0.39942886
1105 0.48563946
1106 0.38914297
1107 0.42525773
1108 0.43315182
1109 0.49089617
1110 0.51661304
1111 0.53266142
1112 0.61412983
1113 0.72879342
1114 0.77089705
1115 0.74261940
1116 0.61545501
1117 0.60644088
1118 0.59944177
1119 0.51775321
1120 0.53524414
1121 0.53485277
1122 0.45758566
1123 0.49434425
1124 0.48112352
1125 0.50987082
1126 0.56342895
1127 0.61960017
1128 0.51411014
1129 0.55481189
1130 0.55898781
1131 0.70917483
1132 0.57395047
1133 0.63609514
1134 0.77089705
1135 0.81084016
1136 0.71364768
1137 0.68423513
1138 0.55277921
1139 0.62303795
1140 0.57765016
1141 0.56992572
1142 0.56570411
1143 0.54117286
1144 0.50689081
1145 0.49540803
1146 0.49650885
1147 0.53384852
1148 0.57907983
1149 0.53633612
1150 0.54636629
1151 0.61798674
1152 0.58387432
1153 0.68319946
1154 0.69214687
1155 0.81084016
1156 0.65383956
1157 0.57075912
1158 0.52495876
1159 0.47628196
1160 0.40952924
1161 0.43227978
1162 0.38991072
1163 0.42574552
1164 0.33324629
1165 0.31519395
1166 0.32352521
1167 0.36931476
1168 0.39955197
1169 0.46211831
1170 0.46957746
1171 0.46419072
1172 0.45606024
1173 0.44850432
1174 0.57158923
1175 0.56783900
1176 0.65383956
1177 0.84305119
1178 0.67173813
1179 0.61846468
1180 0.61012792
1181 0.57245345
1182 0.55719058
1183 0.52509195
1184 0.57469954
1185 0.52441628
1186 0.51043585
1187 0.54223308
1188 0.52995654
1189 0.50514934
1190 0.61104637
1191 0.54471545
1192 0.50454045
1193 0.59549475
1194 0.59334324
1195 0.66276856
1196 0.69739563
1197 0.84305119
1198 0.67156815
1199 0.72094586
1200 0.57755181
1201 0.59279209
1202 0.54332627
1203 0.46162180
1204 0.53465603
1205 0.52577938
1206 0.47130637
1207 0.47521649
1208 0.50430326
1209 0.44997839
1210 0.51714624
1211 0.54746121
1212 0.54225732
1213 0.54082028
1214 0.55437471
1215 0.57516076
1216 0.60406913
1217 0.68289633
1218 0.67156815
1219 0.60704387
1220 0.62760458
1221 0.53575754
1222 0.56725163
1223 0.45171833
1224 0.42227022
1225 0.49613519
1226 0.51502529
1227 0.48806470
1228 0.42747426
1229 0.47198349
1230 0.45985386
1231 0.42645581
1232 0.54968008
1233 0.46327978
1234 0.55300424
1235 0.50841855
1236 0.53412458
1237 0.49730662
1238 0.54523336
1239 0.60704387
1240 0.50038109
1241 0.49465464
1242 0.47373185
1243 0.37554194
1244 0.49817224
1245 0.38510357
1246 0.34177934
1247 0.35362082
1248 0.34796187
1249 0.32308828
1250 0.36560485
1251 0.32367548
1252 0.43344837
1253 0.37296967
1254 0.38769188
1255 0.37611452
1256 0.43057527
1257 0.38274603
1258 0.44044640
1259 0.43706031
1260 0.50038109
1261 0.57348791
1262 0.54792307
1263 0.54559190
1264 0.43971421
1265 0.47385839
1266 0.41550299
1267 0.45309650
1268 0.41285113
1269 0.39523526
1270 0.44381522
1271 0.36093478
1272 0.46678262
1273 0.39382329
1274 0.39968305
1275 0.41945552
1276 0.41909479
1277 0.48342497
1278 0.44393793
1279 0.54110779
1280 0.53215660
1281 0.57348791
1282 0.64093934
1283 0.58676261
1284 0.55467508
1285 0.46066517
1286 0.48420924
1287 0.41846750
1288 0.43498907
1289 0.50912590
1290 0.40156458
1291 0.42771541
1292 0.45833871
1293 0.49149503
1294 0.41786381
1295 0.38699526
1296 0.43021525
1297 0.44934481
1298 0.44810459
1299 0.58516861
1300 0.52785214
1301 0.61791663
1302 0.64093934
1303 0.61579435
1304 0.58960904
1305 0.51731257
1306 0.39758396
1307 0.45600079
1308 0.45093307
1309 0.34017782
1310 0.35864842
1311 0.37871525
1312 0.41014998
1313 0.40731260
1314 0.42515694
1315 0.41918233
1316 0.37720521
1317 0.43482011
1318 0.53135778
1319 0.42126701
1320 0.42314799
1321 0.48983711
1322 0.56050136
1323 0.61579435
1324 0.73669350
1325 0.58030863
1326 0.57200889
1327 0.55208639
1328 0.44601928
1329 0.47194835
1330 0.46075879
1331 0.39114468
1332 0.38260345
1333 0.39090520
1334 0.43062624
1335 0.38175708
1336 0.45999949
1337 0.39550661
1338 0.40442121
1339 0.44154149
1340 0.49130075
1341 0.60087042
1342 0.51772239
1343 0.61536660
1344 0.73669350
1345 0.86726192
1346 0.80838502
1347 0.73825030
1348 0.60505830
1349 0.66307668
1350 0.63835990
1351 0.57839910
1352 0.60564768
1353 0.56961397
1354 0.55719142
1355 0.63531436
1356 0.53213157
1357 0.52612030
1358 0.58085345
1359 0.58168995
1360 0.62929820
1361 0.69287013
1362 0.72830351
1363 0.62226619
1364 0.77674314
1365 0.86726192
1366 0.75124486
1367 0.68988529
1368 0.59996603
1369 0.65694875
1370 0.52414612
1371 0.51478065
1372 0.44804119
1373 0.48655728
1374 0.40490332
1375 0.39529257
1376 0.48596847
1377 0.46838903
1378 0.47604207
1379 0.41901190
1380 0.45200581
1381 0.48762350
1382 0.53301207
1383 0.55057981
1384 0.60977329
1385 0.69723592
1386 0.75124486
1387 0.90540963
1388 0.74360442
1389 0.80573157
1390 0.67211595
1391 0.63160978
1392 0.60847908
1393 0.58085241
1394 0.57133071
1395 0.56988327
1396 0.58010676
1397 0.49501265
1398 0.58286265
1399 0.52453169
1400 0.63385246
1401 0.67715581
1402 0.59792554
1403 0.65539411
1404 0.72959759
1405 0.65250757
1406 0.79355356
1407 0.90540963
1408 0.75563027
1409 0.70082240
1410 0.61441715
1411 0.62164003
1412 0.55458826
1413 0.57518283
1414 0.49568235
1415 0.47648008
1416 0.49781632
1417 0.41116723
1418 0.55672089
1419 0.50853276
1420 0.46193521
1421 0.47606546
1422 0.47199130
1423 0.52680512
1424 0.49993410
1425 0.56782509
1426 0.63597324
1427 0.65799031
1428 0.75563027
1429 0.80352937
1430 0.64802348
1431 0.63566417
1432 0.60504010
1433 0.63756483
1434 0.58554451
1435 0.56485905
1436 0.58032083
1437 0.57289070
1438 0.51420525
1439 0.53291340
1440 0.50462319
1441 0.49633617
1442 0.58339454
1443 0.57636379
1444 0.54188824
1445 0.57331428
1446 0.69587178
1447 0.61170510
1448 0.73498576
1449 0.80352937
1450 0.67971610
1451 0.67626127
1452 0.60288102
1453 0.54555491
1454 0.56403742
1455 0.46281902
1456 0.48940599
1457 0.49395131
1458 0.48021143
1459 0.45326409
1460 0.44979687
1461 0.47580746
1462 0.41746234
1463 0.49816926
1464 0.59617590
1465 0.41647157
1466 0.53112495
1467 0.57194743
1468 0.52266987
1469 0.58401662
1470 0.67971610
1471 0.56641639
1472 0.58801432
1473 0.51747568
1474 0.51862966
1475 0.51647090
1476 0.46534378
1477 0.43267825
1478 0.43287895
1479 0.46194596
1480 0.47395024
1481 0.44444760
1482 0.43573132
1483 0.42188892
1484 0.47545074
1485 0.43685328
1486 0.49249707
1487 0.49417435
1488 0.46377647
1489 0.57621762
1490 0.58524710
1491 0.56641639
1492 0.60442424
1493 0.53918723
1494 0.50853778
1495 0.42863716
1496 0.44130047
1497 0.42970823
1498 0.36259138
1499 0.38684843
1500 0.42780649
1501 0.43080216
1502 0.37994879
1503 0.38749792
1504 0.41463848
1505 0.43922022
1506 0.36403159
1507 0.43378262
1508 0.43622466
1509 0.48696858
1510 0.52984885
1511 0.47717081
1512 0.60442424
1513 0.69089381
1514 0.49915751
1515 0.50548459
1516 0.46538922
1517 0.57553797
1518 0.55272086
1519 0.44898018
1520 0.54171388
1521 0.49412659
1522 0.42492399
1523 0.34381437
1524 0.35488384
1525 0.41804326
1526 0.49164192
1527 0.51695105
1528 0.62883309
1529 0.44354027
1530 0.50973834
1531 0.51350594
1532 0.53458975
1533 0.69089381
1534 0.65835642
1535 0.69324423
1536 0.57033245
1537 0.59904588
1538 0.54146878
1539 0.51889755
1540 0.57127136
1541 0.50485370
1542 0.42761630
1543 0.53300662
1544 0.47484093
1545 0.51696036
1546 0.51899682
1547 0.53446736
1548 0.45928408
1549 0.47379497
1550 0.51450184
1551 0.58020462
1552 0.60643659
1553 0.59932672
1554 0.65835642
1555 0.66966495
1556 0.62753321
1557 0.51707614
1558 0.53086953
1559 0.50458072
1560 0.50444593
1561 0.47602569
1562 0.48694670
1563 0.43560027
1564 0.38266459
1565 0.40118517
1566 0.45407206
1567 0.46526693
1568 0.49176069
1569 0.47654973
1570 0.45936104
1571 0.44760422
1572 0.51285600
1573 0.65894661
1574 0.57202748
1575 0.66966495
1576 0.74802896
1577 0.61384517
1578 0.72756415
1579 0.61028680
1580 0.65153637
1581 0.53346847
1582 0.60693425
1583 0.50470740
1584 0.54663548
1585 0.51431603
1586 0.51915817
1587 0.59772951
1588 0.52715898
1589 0.55542064
1590 0.58057425
1591 0.59156033
1592 0.53384568
1593 0.63567820
1594 0.65783793
1595 0.72910088
1596 0.74802896
1597 0.85399096
1598 0.81135598
1599 0.78852560
1600 0.75912704
1601 0.65212914
1602 0.66534681
1603 0.69758032
1604 0.67422751
1605 0.65410178
1606 0.63665531
1607 0.64319276
1608 0.59454456
1609 0.58457637
1610 0.61540149
1611 0.72144294
1612 0.67707799
1613 0.70024710
1614 0.69303893
1615 0.75030295
1616 0.85182992
1617 0.85399096
1618 0.86766490
1619 0.76425929
1620 0.73376617
1621 0.64223215
1622 0.67433660
1623 0.58764855
1624 0.55698324
1625 0.60180899
1626 0.53695984
1627 0.48870230
1628 0.54806401
1629 0.60678480
1630 0.55231585
1631 0.55652378
1632 0.54844128
1633 0.60390927
1634 0.57631426
1635 0.62048158
1636 0.72710236
1637 0.76236852
1638 0.86766490
1639 0.80859975
1640 0.66239280
1641 0.61314133
1642 0.54982495
1643 0.52375612
1644 0.47601002
1645 0.41333208
1646 0.41957877
1647 0.46545569
1648 0.36272032
1649 0.43807283
1650 0.36903943
1651 0.41341644
1652 0.49900821
1653 0.44309286
1654 0.49283339
1655 0.52514858
1656 0.51946052
1657 0.52077352
1658 0.62142389
1659 0.80859975
1660 0.86766490
1661 0.76425929
1662 0.73376617
1663 0.64223215
1664 0.67433660
1665 0.58764855
1666 0.55698324
1667 0.60180899
1668 0.53695984
1669 0.48870230
1670 0.54806401
1671 0.60678480
1672 0.55231585
1673 0.55652378
1674 0.54844128
1675 0.60390927
1676 0.57631426
1677 0.62048158
1678 0.72710236
1679 0.76236852
1680 0.86766490
1681 0.85399096
1682 0.81135598
1683 0.78852560
1684 0.75912704
1685 0.65212914
1686 0.66534681
1687 0.69758032
1688 0.67422751
1689 0.65410178
1690 0.63665531
1691 0.64319276
1692 0.59454456
1693 0.58457637
1694 0.61540149
1695 0.72144294
1696 0.67707799
1697 0.70024710
1698 0.69303893
1699 0.75030295
1700 0.85182992
1701 0.85399096
1702 0.74802896
1703 0.61384517
1704 0.72756415
1705 0.61028680
1706 0.65153637
1707 0.53346847
1708 0.60693425
1709 0.50470740
1710 0.54663548
1711 0.51431603
1712 0.51915817
1713 0.59772951
1714 0.52715898
1715 0.55542064
1716 0.58057425
1717 0.59156033
1718 0.53384568
1719 0.63567820
1720 0.65783793
1721 0.72910088
1722 0.74802896
1723 0.66966495
1724 0.62753321
1725 0.51707614
1726 0.53086953
1727 0.50458072
1728 0.50444593
1729 0.47602569
1730 0.48694670
1731 0.43560027
1732 0.38266459
1733 0.40118517
1734 0.45407206
1735 0.46526693
1736 0.49176069
1737 0.47654973
1738 0.45936104
1739 0.44760422
1740 0.51285600
1741 0.65894661
1742 0.57202748
1743 0.66966495
1744 0.65835642
1745 0.69324423
1746 0.57033245
1747 0.59904588
1748 0.54146878
1749 0.51889755
1750 0.57127136
1751 0.50485370
1752 0.42761630
1753 0.53300662
1754 0.47484093
1755 0.51696036
1756 0.51899682
1757 0.53446736
1758 0.45928408
1759 0.47379497
1760 0.51450184
1761 0.58020462
1762 0.60643659
1763 0.59932672
1764 0.65835642
1765 0.57348791
1766 0.54792307
1767 0.54559190
1768 0.43971421
1769 0.47385839
1770 0.41550299
1771 0.45309650
1772 0.41285113
1773 0.39523526
1774 0.44381522
1775 0.36093478
1776 0.46678262
1777 0.39382329
1778 0.39968305
1779 0.41945552
1780 0.41909479
1781 0.48342497
1782 0.44393793
1783 0.54110779
1784 0.53215660
1785 0.57348791
1786 0.60442424
1787 0.53918723
1788 0.50853778
1789 0.42863716
1790 0.44130047
1791 0.42970823
1792 0.36259138
1793 0.38684843
1794 0.42780649
1795 0.43080216
1796 0.37994879
1797 0.38749792
1798 0.41463848
1799 0.43922022
1800 0.36403159
1801 0.43378262
1802 0.43622466
1803 0.48696858
1804 0.52984885
1805 0.47717081
1806 0.60442424
1807 0.56641639
1808 0.58801432
1809 0.51747568
1810 0.51862966
1811 0.51647090
1812 0.46534378
1813 0.43267825
1814 0.43287895
1815 0.46194596
1816 0.47395024
1817 0.44444760
1818 0.43573132
1819 0.42188892
1820 0.47545074
1821 0.43685328
1822 0.49249707
1823 0.49417435
1824 0.46377647
1825 0.57621762
1826 0.58524710
1827 0.56641639
1828 0.67971610
1829 0.67626127
1830 0.60288102
1831 0.54555491
1832 0.56403742
1833 0.46281902
1834 0.48940599
1835 0.49395131
1836 0.48021143
1837 0.45326409
1838 0.44979687
1839 0.47580746
1840 0.41746234
1841 0.49816926
1842 0.59617590
1843 0.41647157
1844 0.53112495
1845 0.57194743
1846 0.52266987
1847 0.58401662
1848 0.67971610
1849 0.80352937
1850 0.64802348
1851 0.63566417
1852 0.60504010
1853 0.63756483
1854 0.58554451
1855 0.56485905
1856 0.58032083
1857 0.57289070
1858 0.51420525
1859 0.53291340
1860 0.50462319
1861 0.49633617
1862 0.58339454
1863 0.57636379
1864 0.54188824
1865 0.57331428
1866 0.69587178
1867 0.61170510
1868 0.73498576
1869 0.80352937
1870 0.75563027
1871 0.70082240
1872 0.61441715
1873 0.62164003
1874 0.55458826
1875 0.57518283
1876 0.49568235
1877 0.47648008
1878 0.49781632
1879 0.41116723
1880 0.55672089
1881 0.50853276
1882 0.46193521
1883 0.47606546
1884 0.47199130
1885 0.52680512
1886 0.49993410
1887 0.56782509
1888 0.63597324
1889 0.65799031
1890 0.75563027
1891 0.90540963
1892 0.74360442
1893 0.80573157
1894 0.67211595
1895 0.63160978
1896 0.60847908
1897 0.58085241
1898 0.57133071
1899 0.56988327
1900 0.58010676
1901 0.49501265
1902 0.58286265
1903 0.52453169
1904 0.63385246
1905 0.67715581
1906 0.59792554
1907 0.65539411
1908 0.72959759
1909 0.65250757
1910 0.79355356
1911 0.90540963
1912 0.75124486
1913 0.68988529
1914 0.59996603
1915 0.65694875
1916 0.52414612
1917 0.51478065
1918 0.44804119
1919 0.48655728
1920 0.40490332
1921 0.39529257
1922 0.48596847
1923 0.46838903
1924 0.47604207
1925 0.41901190
1926 0.45200581
1927 0.48762350
1928 0.53301207
1929 0.55057981
1930 0.60977329
1931 0.69723592
1932 0.75124486
1933 0.86726192
1934 0.80838502
1935 0.73825030
1936 0.60505830
1937 0.66307668
1938 0.63835990
1939 0.57839910
1940 0.60564768
1941 0.56961397
1942 0.55719142
1943 0.63531436
1944 0.53213157
1945 0.52612030
1946 0.58085345
1947 0.58168995
1948 0.62929820
1949 0.69287013
1950 0.72830351
1951 0.62226619
1952 0.77674314
1953 0.86726192
1954 0.73669350
1955 0.58030863
1956 0.57200889
1957 0.55208639
1958 0.44601928
1959 0.47194835
1960 0.46075879
1961 0.39114468
1962 0.38260345
1963 0.39090520
1964 0.43062624
1965 0.38175708
1966 0.45999949
1967 0.39550661
1968 0.40442121
1969 0.44154149
1970 0.49130075
1971 0.60087042
1972 0.51772239
1973 0.61536660
1974 0.73669350
1975 0.61579435
1976 0.58960904
1977 0.51731257
1978 0.39758396
1979 0.45600079
1980 0.45093307
1981 0.34017782
1982 0.35864842
1983 0.37871525
1984 0.41014998
1985 0.40731260
1986 0.42515694
1987 0.41918233
1988 0.37720521
1989 0.43482011
1990 0.53135778
1991 0.42126701
1992 0.42314799
1993 0.48983711
1994 0.56050136
1995 0.61579435
1996 0.64093934
1997 0.58676261
1998 0.55467508
1999 0.46066517
2000 0.48420924
2001 0.41846750
2002 0.43498907
2003 0.50912590
2004 0.40156458
2005 0.42771541
2006 0.45833871
2007 0.49149503
2008 0.41786381
2009 0.38699526
2010 0.43021525
2011 0.44934481
2012 0.44810459
2013 0.58516861
2014 0.52785214
2015 0.61791663
2016 0.64093934
2017 0.62805415
2018 0.60617107
2019 0.56751737
2020 0.47230251
2021 0.47620915
2022 0.53472977
2023 0.48671348
2024 0.43890370
2025 0.45776703
2026 0.46562351
2027 0.48224336
2028 0.50439709
2029 0.53364882
2030 0.53377025
2031 0.52823194
2032 0.44759637
2033 0.46588339
2034 0.62379430
2035 0.47774522
2036 0.54363567
2037 0.62805415
2038 0.50038109
2039 0.49465464
2040 0.47373185
2041 0.37554194
2042 0.49817224
2043 0.38510357
2044 0.34177934
2045 0.35362082
2046 0.34796187
2047 0.32308828
2048 0.36560485
2049 0.32367548
2050 0.43344837
2051 0.37296967
2052 0.38769188
2053 0.37611452
2054 0.43057527
2055 0.38274603
2056 0.44044640
2057 0.43706031
2058 0.50038109
2059 0.60704387
2060 0.62760458
2061 0.53575754
2062 0.56725163
2063 0.45171833
2064 0.42227022
2065 0.49613519
2066 0.51502529
2067 0.48806470
2068 0.42747426
2069 0.47198349
2070 0.45985386
2071 0.42645581
2072 0.54968008
2073 0.46327978
2074 0.55300424
2075 0.50841855
2076 0.53412458
2077 0.49730662
2078 0.54523336
2079 0.60704387
2080 0.67156815
2081 0.72094586
2082 0.57755181
2083 0.59279209
2084 0.54332627
2085 0.46162180
2086 0.53465603
2087 0.52577938
2088 0.47130637
2089 0.47521649
2090 0.50430326
2091 0.44997839
2092 0.51714624
2093 0.54746121
2094 0.54225732
2095 0.54082028
2096 0.55437471
2097 0.57516076
2098 0.60406913
2099 0.68289633
2100 0.67156815
2101 0.84305119
2102 0.67173813
2103 0.61846468
2104 0.61012792
2105 0.57245345
2106 0.55719058
2107 0.52509195
2108 0.57469954
2109 0.52441628
2110 0.51043585
2111 0.54223308
2112 0.52995654
2113 0.50514934
2114 0.61104637
2115 0.54471545
2116 0.50454045
2117 0.59549475
2118 0.59334324
2119 0.66276856
2120 0.69739563
2121 0.84305119
2122 0.65383956
2123 0.57075912
2124 0.52495876
2125 0.47628196
2126 0.40952924
2127 0.43227978
2128 0.38991072
2129 0.42574552
2130 0.33324629
2131 0.31519395
2132 0.32352521
2133 0.36931476
2134 0.39955197
2135 0.46211831
2136 0.46957746
2137 0.46419072
2138 0.45606024
2139 0.44850432
2140 0.57158923
2141 0.56783900
2142 0.65383956
2143 0.81084016
2144 0.71364768
2145 0.68423513
2146 0.55277921
2147 0.62303795
2148 0.57765016
2149 0.56992572
2150 0.56570411
2151 0.54117286
2152 0.50689081
2153 0.49540803
2154 0.49650885
2155 0.53384852
2156 0.57907983
2157 0.53633612
2158 0.54636629
2159 0.61798674
2160 0.58387432
2161 0.68319946
2162 0.69214687
2163 0.81084016
2164 0.77089705
2165 0.74261940
2166 0.61545501
2167 0.60644088
2168 0.59944177
2169 0.51775321
2170 0.53524414
2171 0.53485277
2172 0.45758566
2173 0.49434425
2174 0.48112352
2175 0.50987082
2176 0.56342895
2177 0.61960017
2178 0.51411014
2179 0.55481189
2180 0.55898781
2181 0.70917483
2182 0.57395047
2183 0.63609514
2184 0.77089705
2185 0.72879342
2186 0.56818907
2187 0.56235212
2188 0.57182061
2189 0.51432619
2190 0.49128687
2191 0.52665705
2192 0.46190540
2193 0.40342237
2194 0.38329903
2195 0.35247028
2196 0.39942886
2197 0.48563946
2198 0.38914297
2199 0.42525773
2200 0.43315182
2201 0.49089617
2202 0.51661304
2203 0.53266142
2204 0.61412983
2205 0.72879342
2206 0.72084654
2207 0.67587464
2208 0.57258520
2209 0.52939496
2210 0.52070071
2211 0.52992185
2212 0.50395601
2213 0.50353877
2214 0.45383292
2215 0.42692973
2216 0.46970440
2217 0.51727359
2218 0.43274847
2219 0.47186322
2220 0.46709922
2221 0.52417983
2222 0.53451321
2223 0.55204596
2224 0.63586524
2225 0.56040503
2226 0.72084654
2227 0.78777993
2228 0.69559844
2229 0.69358412
2230 0.57842161
2231 0.56820266
2232 0.59716589
2233 0.64522957
2234 0.56108964
2235 0.51811193
2236 0.55651632
2237 0.60427171
2238 0.53558393
2239 0.52926136
2240 0.54944432
2241 0.51141330
2242 0.64415167
2243 0.59158856
2244 0.58160540
2245 0.64432897
2246 0.74439728
2247 0.78777993
2248 0.53915582
2249 0.52160171
2250 0.52672167
2251 0.49705653
2252 0.48936638
2253 0.49898497
2254 0.38997629
2255 0.45714990
2256 0.36780670
2257 0.42995626
2258 0.34976806
2259 0.43373525
2260 0.45572551
2261 0.40195420
2262 0.46408881
2263 0.43538135
2264 0.38952888
2265 0.51456461
2266 0.52201729
2267 0.54670056
2268 0.53915582
2269 0.38947301
2270 0.39143870
2271 0.41106068
2272 0.46881796
2273 0.36367530
2274 0.35573018
2275 0.34061686
2276 0.36516294
2277 0.33458095
2278 0.36577998
2279 0.33942134
2280 0.32813037
2281 0.35709310
2282 0.38112184
2283 0.38782164
2284 0.35580948
2285 0.40217499
2286 0.32332060
2287 0.43347972
2288 0.45358262
2289 0.38947301
2290 0.56792769
2291 0.50286929
2292 0.50750378
2293 0.47027155
2294 0.49810171
2295 0.54481595
2296 0.47140278
2297 0.39400780
2298 0.48439621
2299 0.42818797
2300 0.43948089
2301 0.35257740
2302 0.56417037
2303 0.46825667
2304 0.42300271
2305 0.57186851
2306 0.41882432
2307 0.43254735
2308 0.52160495
2309 0.56701525
2310 0.56792769
2311 0.64649533
2312 0.65924440
2313 0.57690462
2314 0.58984126
2315 0.50287887
2316 0.53276828
2317 0.56293648
2318 0.51317866
2319 0.54359503
2320 0.45148084
2321 0.48552365
2322 0.53005279
2323 0.44605542
2324 0.42466988
2325 0.51868629
2326 0.50512548
2327 0.49271153
2328 0.47107114
2329 0.52570421
2330 0.61776486
2331 0.64649533
2332 0.64737880
2333 0.57898384
2334 0.60445443
2335 0.55585926
2336 0.49866248
2337 0.47944344
2338 0.46979603
2339 0.38969802
2340 0.46596841
2341 0.47162778
2342 0.47933421
2343 0.48387783
2344 0.44373679
2345 0.50726529
2346 0.46651235
2347 0.51220076
2348 0.50749688
2349 0.52114302
2350 0.60818817
2351 0.66327728
2352 0.64737880
2353 0.69947415
2354 0.69291501
2355 0.59679008
2356 0.63232465
2357 0.46524052
2358 0.55557695
2359 0.47052361
2360 0.49267807
2361 0.50283124
2362 0.51787791
2363 0.50433693
2364 0.52327258
2365 0.53516772
2366 0.44623782
2367 0.52843780
2368 0.47319559
2369 0.62313007
2370 0.56685474
2371 0.62723698
2372 0.67275447
2373 0.69947415
2374 0.65770490
2375 0.57269474
2376 0.52250872
2377 0.56341239
2378 0.51047048
2379 0.47508434
2380 0.46386181
2381 0.50215316
2382 0.44142361
2383 0.46079007
2384 0.41557512
2385 0.41318847
2386 0.46035524
2387 0.39391333
2388 0.46467687
2389 0.52027851
2390 0.49929839
2391 0.51138588
2392 0.61208361
2393 0.58051242
2394 0.65770490
2395 0.77861602
2396 0.74471412
2397 0.67603217
2398 0.65450500
2399 0.59623473
2400 0.51283695
2401 0.55288999
2402 0.50571047
2403 0.58528970
2404 0.58318261
2405 0.48482201
2406 0.51415969
2407 0.53587144
2408 0.49242822
2409 0.56167972
2410 0.52729885
2411 0.65576170
2412 0.67486829
2413 0.60110560
2414 0.77087605
2415 0.77861602
2416 0.82879273
2417 0.74680602
2418 0.74504822
2419 0.67996438
2420 0.61196536
2421 0.61221431
2422 0.62847481
2423 0.58039606
2424 0.58841147
2425 0.56940018
2426 0.59095311
2427 0.62982234
2428 0.53457898
2429 0.64734404
2430 0.63477031
2431 0.71630407
2432 0.70202044
2433 0.71850358
2434 0.68110293
2435 0.78946329
2436 0.82879273
2437 0.70409682
2438 0.71472291
2439 0.61339186
2440 0.61156086
2441 0.58022202
2442 0.49777944
2443 0.54989501
2444 0.44050008
2445 0.45429652
2446 0.39358208
2447 0.42546945
2448 0.42350960
2449 0.47859889
2450 0.58095471
2451 0.46487836
2452 0.51497666
2453 0.47126813
2454 0.57473896
2455 0.49551395
2456 0.54984316
2457 0.70409682
2458 0.67185729
2459 0.63620106
2460 0.60874752
2461 0.54653355
2462 0.51477056
2463 0.50065557
2464 0.48013233
2465 0.46455801
2466 0.51619547
2467 0.47951590
2468 0.43734910
2469 0.46817256
2470 0.44667426
2471 0.45328411
2472 0.48776500
2473 0.52565419
2474 0.50835854
2475 0.52665427
2476 0.66473728
2477 0.66745283
2478 0.67185729
2479 0.58260164
2480 0.45864696
2481 0.51450745
2482 0.45187580
2483 0.52439614
2484 0.41894864
2485 0.39845996
2486 0.39406913
2487 0.45415801
2488 0.37975921
2489 0.41166296
2490 0.41801663
2491 0.41559871
2492 0.45118112
2493 0.47191238
2494 0.44765130
2495 0.44488598
2496 0.46257127
2497 0.46859199
2498 0.56981447
2499 0.58260164
2500 0.52105374
2501 0.50928376
2502 0.44624585
2503 0.48622590
2504 0.48360730
2505 0.46714353
2506 0.47485307
2507 0.38417842
2508 0.41249071
2509 0.42620209
2510 0.42573834
2511 0.35794191
2512 0.50768848
2513 0.40562155
2514 0.45566607
2515 0.48283427
2516 0.44976128
2517 0.51350364
2518 0.50623661
2519 0.53116023
2520 0.52105374
2521 0.52024346
2522 0.48520511
2523 0.40164245
2524 0.57194449
2525 0.40635403
2526 0.45874608
2527 0.52871672
2528 0.47942930
2529 0.49701558
2530 0.49981014
2531 0.53735790
2532 0.44142428
2533 0.50533034
2534 0.48716047
2535 0.42727982
2536 0.54538819
2537 0.46532001
2538 0.52015812
2539 0.53581598
2540 0.53645842
2541 0.52024346
2542 0.51165746
2543 0.45070058
2544 0.43282817
2545 0.38983450
2546 0.37623271
2547 0.43517195
2548 0.40875427
2549 0.42573582
2550 0.46324782
2551 0.39349447
2552 0.36306076
2553 0.41019692
2554 0.43481181
2555 0.43773624
2556 0.43501618
2557 0.42964113
2558 0.36982456
2559 0.43865167
2560 0.45071884
2561 0.39926161
2562 0.51165746
2563 0.61701271
2564 0.47910376
2565 0.59793280
2566 0.54221075
2567 0.48651651
2568 0.38028199
2569 0.46929408
2570 0.54593114
2571 0.43693303
2572 0.49142509
2573 0.43444075
2574 0.44694874
2575 0.42226323
2576 0.54967063
2577 0.47422648
2578 0.48778391
2579 0.41294906
2580 0.51403305
2581 0.61433961
2582 0.46903851
2583 0.61701271
2584 0.56472382
2585 0.45047769
2586 0.41636526
2587 0.43674352
2588 0.49660478
2589 0.39343203
2590 0.48009577
2591 0.38384084
2592 0.46704959
2593 0.45927514
2594 0.39480889
2595 0.45349727
2596 0.37184198
2597 0.41761534
2598 0.41743324
2599 0.37223533
2600 0.43895243
2601 0.36039839
2602 0.53332396
2603 0.52150893
2604 0.56472382
2605 0.55578470
2606 0.60929272
2607 0.60744137
2608 0.58206931
2609 0.53335082
2610 0.40092164
2611 0.44296858
2612 0.47743976
2613 0.48621320
2614 0.43184549
2615 0.53455621
2616 0.47584885
2617 0.48999365
2618 0.49105699
2619 0.48406843
2620 0.46587836
2621 0.56693665
2622 0.51057713
2623 0.59012418
2624 0.69508685
2625 0.55578470
2626 0.65291276
2627 0.62134544
2628 0.55140693
2629 0.47601416
2630 0.43986518
2631 0.46947120
2632 0.51118481
2633 0.47272849
2634 0.49738875
2635 0.48404436
2636 0.45769806
2637 0.38282286
2638 0.48713691
2639 0.52023089
2640 0.49808966
2641 0.50760527
2642 0.53338095
2643 0.48895636
2644 0.60887498
2645 0.63562428
2646 0.65291276
2647 0.63300453
2648 0.60260311
2649 0.57742729
2650 0.50701076
2651 0.55635137
2652 0.47054318
2653 0.52779988
2654 0.48080942
2655 0.52361505
2656 0.50009504
2657 0.46347278
2658 0.43410904
2659 0.57134937
2660 0.49530221
2661 0.50641816
2662 0.54292300
2663 0.55496970
2664 0.54200398
2665 0.54305181
2666 0.69992033
2667 0.63300453
2668 0.62948776
2669 0.61578779
2670 0.57258974
2671 0.59232859
2672 0.54116966
2673 0.51311829
2674 0.44775503
2675 0.49518478
2676 0.38113679
2677 0.48390006
2678 0.52675272
2679 0.53126315
2680 0.43703117
2681 0.51439222
2682 0.47565721
2683 0.43083389
2684 0.48886268
2685 0.58048527
2686 0.51834846
2687 0.64015529
2688 0.62948776
2689 0.72437319
2690 0.65055223
2691 0.62395348
2692 0.63870664
2693 0.54231659
2694 0.61896955
2695 0.55611486
2696 0.61224000
2697 0.62008437
2698 0.48168651
2699 0.61999487
2700 0.53760666
2701 0.53693812
2702 0.55896880
2703 0.52816494
2704 0.54909099
2705 0.54729762
2706 0.60631220
2707 0.61582961
2708 0.66903813
2709 0.72437319
2710 0.56185755
2711 0.56418401
2712 0.52205435
2713 0.50573352
2714 0.48654048
2715 0.49598936
2716 0.47978658
2717 0.49415079
2718 0.48553939
2719 0.50396790
2720 0.50334285
2721 0.45538849
2722 0.42046333
2723 0.44303776
2724 0.44956933
2725 0.53184671
2726 0.51077620
2727 0.52323502
2728 0.58359577
2729 0.58041806
2730 0.56185755
2731 0.55445348
2732 0.52428903
2733 0.48697528
2734 0.52029294
2735 0.49776897
2736 0.52250986
2737 0.43046039
2738 0.48090981
2739 0.40785787
2740 0.47629266
2741 0.45727992
2742 0.47499720
2743 0.50042015
2744 0.45925294
2745 0.41904607
2746 0.38426049
2747 0.47951948
2748 0.49915329
2749 0.60678072
2750 0.45018817
2751 0.55445348
2752 0.44927949
2753 0.48110319
2754 0.49679314
2755 0.45172698
2756 0.37612301
2757 0.45786885
2758 0.34439384
2759 0.42814405
2760 0.42440811
2761 0.36649628
2762 0.49477499
2763 0.40389483
2764 0.41275320
2765 0.43083396
2766 0.37709645
2767 0.44951575
2768 0.41065217
2769 0.36059035
2770 0.40568663
2771 0.45621807
2772 0.44927949
2773 0.45982937
2774 0.51823216
2775 0.50056710
2776 0.45654303
2777 0.50074267
2778 0.49063125
2779 0.44134875
2780 0.53975122
2781 0.42276541
2782 0.43210633
2783 0.44732545
2784 0.48346032
2785 0.48719393
2786 0.50381857
2787 0.46435504
2788 0.44125992
2789 0.39074879
2790 0.46748063
2791 0.51698567
2792 0.46718892
2793 0.45982937
2794 0.51538893
2795 0.45357392
2796 0.61213889
2797 0.50605922
2798 0.49430154
2799 0.54678659
2800 0.48087020
2801 0.47792819
2802 0.49338395
2803 0.48702347
2804 0.51327147
2805 0.55037580
2806 0.55191879
2807 0.58171084
2808 0.52142295
2809 0.56670605
2810 0.56093152
2811 0.65323066
2812 0.51813024
2813 0.62489587
2814 0.51538893
2815 0.39769149
2816 0.39415687
2817 0.39139928
2818 0.44844500
2819 0.40941910
2820 0.40273982
2821 0.41637957
2822 0.47088148
2823 0.35435562
2824 0.46151673
2825 0.36945654
2826 0.46472605
2827 0.45825174
2828 0.47699279
2829 0.38007551
2830 0.41880182
2831 0.42396475
2832 0.45146204
2833 0.44689017
2834 0.45731902
2835 0.39769149
2836 0.48994978
2837 0.50148703
2838 0.40143924
2839 0.34587628
2840 0.36282102
2841 0.34594917
2842 0.40795497
2843 0.30678089
2844 0.26542945
2845 0.35803685
2846 0.37024079
2847 0.35013806
2848 0.33756398
2849 0.36939713
2850 0.41948488
2851 0.39638184
2852 0.47529049
2853 0.42840932
2854 0.45745717
2855 0.48203803
2856 0.48994978
2857 0.49402062
2858 0.59906793
2859 0.49783348
2860 0.42539953
2861 0.45340383
2862 0.46327581
2863 0.42127754
2864 0.43290015
2865 0.45802876
2866 0.41572817
2867 0.36143040
2868 0.41320244
2869 0.43039737
2870 0.41402947
2871 0.38825084
2872 0.36911755
2873 0.48015275
2874 0.43867978
2875 0.49791168
2876 0.54036163
2877 0.49402062
2878 0.52332590
2879 0.54408720
2880 0.48030783
2881 0.51959130
2882 0.47168298
2883 0.34760201
2884 0.39351403
2885 0.36352701
2886 0.37325089
2887 0.40456465
2888 0.41218701
2889 0.38915032
2890 0.38351592
2891 0.46264638
2892 0.44014650
2893 0.41551025
2894 0.48480561
2895 0.52652362
2896 0.52910863
2897 0.59761401
2898 0.52332590
2899 0.65602041
2900 0.52677732
2901 0.57759420
2902 0.47111312
2903 0.46917256
2904 0.46799769
2905 0.41390890
2906 0.36957483
2907 0.43814970
2908 0.33474420
2909 0.42388238
2910 0.40408118
2911 0.32631209
2912 0.34631694
2913 0.42848107
2914 0.48453075
2915 0.52451772
2916 0.42293792
2917 0.46427303
2918 0.59478312
2919 0.65602041
2920 0.73148412
2921 0.61025790
2922 0.56880443
2923 0.60174302
2924 0.53530552
2925 0.45621701
2926 0.50593062
2927 0.57724654
2928 0.47351829
2929 0.42844378
2930 0.44048392
2931 0.49355301
2932 0.47169444
2933 0.47911838
2934 0.53817325
2935 0.45044526
2936 0.49648801
2937 0.59476456
2938 0.59309189
2939 0.68179605
2940 0.73148412
2941 0.49015951
2942 0.48270759
2943 0.42010271
2944 0.41440572
2945 0.41513694
2946 0.39780461
2947 0.37350096
2948 0.36113061
2949 0.39492810
2950 0.33840460
2951 0.30989858
2952 0.36208596
2953 0.34772037
2954 0.37315785
2955 0.33012288
2956 0.39343470
2957 0.42232884
2958 0.38266348
2959 0.45917846
2960 0.42965835
2961 0.49015951
2962 0.45491719
2963 0.49320804
2964 0.50032291
2965 0.43027576
2966 0.43891215
2967 0.50473224
2968 0.40295749
2969 0.42153541
2970 0.42028699
2971 0.41575237
2972 0.43595866
2973 0.46862320
2974 0.42321947
2975 0.45558946
2976 0.52293206
2977 0.40424805
2978 0.47030592
2979 0.45772322
2980 0.50940568
2981 0.44047664
2982 0.45491719
2983 0.42072384
2984 0.43461992
2985 0.34155092
2986 0.38414833
2987 0.38711126
2988 0.39203817
2989 0.39149783
2990 0.38068023
2991 0.31535027
2992 0.35523396
2993 0.39062612
2994 0.33835186
2995 0.30435086
2996 0.32759190
2997 0.42002653
2998 0.38975927
2999 0.43614796
3000 0.41496167
3001 0.41150822
3002 0.40622283
3003 0.42072384
3004 0.47373024
3005 0.55078234
3006 0.40635521
3007 0.50300802
3008 0.52820694
3009 0.43812123
3010 0.49338292
3011 0.47323434
3012 0.48149820
3013 0.41855574
3014 0.56084082
3015 0.47923278
3016 0.45142555
3017 0.47651770
3018 0.51109813
3019 0.54091409
3020 0.54540043
3021 0.49253361
3022 0.44023971
3023 0.46267924
3024 0.47373024
