index DenDen_momentum
1 145.13958067
2 145.14630480
3 145.04883729
4 145.14645674
5 145.14026021
6 145.19880500
7 145.05387387
8 145.20782218
9 145.06793373
10 145.05438323
11 145.14578972
12 145.19214639
13 145.13791165
14 145.14485116
15 145.09801807
16 144.99299370
17 145.12667288
18 145.30861730
19 145.18307541
20 145.14434747
21 145.13958067
22 0.38698844
23 0.44913511
24 0.36133596
25 0.45161825
26 0.44523467
27 0.49965398
28 0.47226061
29 0.46376037
30 0.46978874
31 0.45204415
32 0.40416561
33 0.44651621
34 0.38951480
35 0.39565374
36 0.47356020
37 0.53344870
38 0.45118541
39 0.30689424
40 0.42478267
41 0.42544354
42 0.38698844
43 0.46388293
44 0.50039072
45 0.47513264
46 0.46803030
47 0.42542738
48 0.44810867
49 0.44125407
50 0.39636951
51 0.42666577
52 0.42881939
53 0.30437315
54 0.44123531
55 0.39292608
56 0.37462729
57 0.33626989
58 0.42597253
59 0.36440097
60 0.34502921
61 0.42288115
62 0.36449229
63 0.46388293
64 0.50950804
65 0.58486079
66 0.54502031
67 0.43947838
68 0.49853737
69 0.41738510
70 0.41521662
71 0.49834822
72 0.39707113
73 0.47585330
74 0.46261846
75 0.38135101
76 0.44073782
77 0.44057769
78 0.37649401
79 0.45713808
80 0.39772046
81 0.50270750
82 0.51066097
83 0.44631598
84 0.50950804
85 0.69465246
86 0.53854511
87 0.57424379
88 0.53209639
89 0.48997628
90 0.49411063
91 0.48036262
92 0.46734672
93 0.43754522
94 0.50762371
95 0.49196671
96 0.45406689
97 0.44486886
98 0.43269974
99 0.49992260
100 0.57328227
101 0.54285419
102 0.45181127
103 0.56206173
104 0.55246506
105 0.69465246
106 0.48209558
107 0.47405589
108 0.55351190
109 0.46985092
110 0.39984643
111 0.39138962
112 0.39352882
113 0.38399135
114 0.37675381
115 0.36019586
116 0.41765464
117 0.32123624
118 0.30536594
119 0.44460654
120 0.38418429
121 0.39348291
122 0.46535771
123 0.46344174
124 0.42521885
125 0.47571927
126 0.48209558
127 0.59980024
128 0.47508808
129 0.52733267
130 0.52528771
131 0.40222493
132 0.35649178
133 0.47714280
134 0.40511694
135 0.36573261
136 0.37315837
137 0.40966415
138 0.40516872
139 0.43970259
140 0.42655499
141 0.30035276
142 0.32677008
143 0.40171716
144 0.44410942
145 0.50425758
146 0.56653850
147 0.59980024
148 0.48209558
149 0.47405589
150 0.55351190
151 0.46985092
152 0.39984643
153 0.39138962
154 0.39352882
155 0.38399135
156 0.37675381
157 0.36019586
158 0.41765464
159 0.32123624
160 0.30536594
161 0.44460654
162 0.38418429
163 0.39348291
164 0.46535771
165 0.46344174
166 0.42521885
167 0.47571927
168 0.48209558
169 0.69465246
170 0.53854511
171 0.57424379
172 0.53209639
173 0.48997628
174 0.49411063
175 0.48036262
176 0.46734672
177 0.43754522
178 0.50762371
179 0.49196671
180 0.45406689
181 0.44486886
182 0.43269974
183 0.49992260
184 0.57328227
185 0.54285419
186 0.45181127
187 0.56206173
188 0.55246506
189 0.69465246
190 0.50950804
191 0.58486079
192 0.54502031
193 0.43947838
194 0.49853737
195 0.41738510
196 0.41521662
197 0.49834822
198 0.39707113
199 0.47585330
200 0.46261846
201 0.38135101
202 0.44073782
203 0.44057769
204 0.37649401
205 0.45713808
206 0.39772046
207 0.50270750
208 0.51066097
209 0.44631598
210 0.50950804
211 0.46388293
212 0.50039072
213 0.47513264
214 0.46803030
215 0.42542738
216 0.44810867
217 0.44125407
218 0.39636951
219 0.42666577
220 0.42881939
221 0.30437315
222 0.44123531
223 0.39292608
224 0.37462729
225 0.33626989
226 0.42597253
227 0.36440097
228 0.34502921
229 0.42288115
230 0.36449229
231 0.46388293
232 0.38698844
233 0.44913511
234 0.36133596
235 0.45161825
236 0.44523467
237 0.49965398
238 0.47226061
239 0.46376037
240 0.46978874
241 0.45204415
242 0.40416561
243 0.44651621
244 0.38951480
245 0.39565374
246 0.47356020
247 0.53344870
248 0.45118541
249 0.30689424
250 0.42478267
251 0.42544354
252 0.38698844
253 0.53896118
254 0.48927986
255 0.49546110
256 0.53338647
257 0.44857891
258 0.45737490
259 0.49257606
260 0.49593893
261 0.40571914
262 0.47243388
263 0.53915624
264 0.53593587
265 0.45856617
266 0.48807952
267 0.40179794
268 0.45129267
269 0.42101359
270 0.48659806
271 0.47520817
272 0.45452073
273 0.53896118
274 0.55911191
275 0.45948660
276 0.40627582
277 0.43523194
278 0.45485622
279 0.35001210
280 0.32191181
281 0.41047969
282 0.43501964
283 0.42248904
284 0.49298211
285 0.43889283
286 0.40476172
287 0.31952889
288 0.38614856
289 0.38148900
290 0.39777810
291 0.44230945
292 0.42204251
293 0.40095505
294 0.55911191
295 0.39953349
296 0.39164199
297 0.43675351
298 0.45836637
299 0.40659535
300 0.32062590
301 0.35795571
302 0.46193378
303 0.41175228
304 0.46309139
305 0.40781055
306 0.42371691
307 0.37760389
308 0.40825599
309 0.46529418
310 0.39583907
311 0.42653143
312 0.39749599
313 0.37714701
314 0.38556779
315 0.39953349
316 0.59792348
317 0.53698785
318 0.60235914
319 0.50183154
320 0.49386820
321 0.50096194
322 0.47219003
323 0.43916822
324 0.43394934
325 0.46123050
326 0.49546430
327 0.42838739
328 0.42663360
329 0.45981831
330 0.38171079
331 0.46102346
332 0.43629727
333 0.56086062
334 0.56744166
335 0.55071451
336 0.59792348
337 0.54952312
338 0.59087910
339 0.59883146
340 0.48704742
341 0.43512547
342 0.49322566
343 0.44299066
344 0.43570411
345 0.51614346
346 0.41097682
347 0.39789449
348 0.39846188
349 0.43552880
350 0.48173144
351 0.48691344
352 0.43677490
353 0.42733395
354 0.54782818
355 0.57004682
356 0.53412055
357 0.54952312
358 0.70505188
359 0.69427413
360 0.57656831
361 0.60421327
362 0.52602370
363 0.53619772
364 0.56845938
365 0.55484973
366 0.43542586
367 0.55191165
368 0.55621727
369 0.44609759
370 0.43500119
371 0.51606539
372 0.52576178
373 0.53412449
374 0.55502687
375 0.58793983
376 0.67986540
377 0.60705335
378 0.70505188
379 0.66127898
380 0.59904018
381 0.57565238
382 0.51250220
383 0.48116509
384 0.53158720
385 0.51851725
386 0.46856288
387 0.43471383
388 0.45966193
389 0.40162860
390 0.41433214
391 0.44428128
392 0.43544632
393 0.50551910
394 0.43693957
395 0.55396172
396 0.55436746
397 0.56988260
398 0.53755304
399 0.66127898
400 0.65961887
401 0.53615627
402 0.58056949
403 0.53293703
404 0.61776914
405 0.43622015
406 0.50419151
407 0.41213647
408 0.47495522
409 0.46930526
410 0.50811657
411 0.44860812
412 0.52933148
413 0.46379480
414 0.51228529
415 0.49900197
416 0.43888157
417 0.56808915
418 0.53292936
419 0.61904705
420 0.65961887
421 0.57664213
422 0.48274125
423 0.60012036
424 0.55361995
425 0.50719608
426 0.43233326
427 0.47701575
428 0.44358077
429 0.48937285
430 0.44120426
431 0.44683796
432 0.50783234
433 0.43746468
434 0.48375313
435 0.45882056
436 0.48696037
437 0.46112035
438 0.49570062
439 0.46542809
440 0.60806960
441 0.57664213
442 0.49262322
443 0.46560057
444 0.48177545
445 0.48892784
446 0.37022811
447 0.43701206
448 0.41187596
449 0.42222619
450 0.38893513
451 0.34519670
452 0.42179237
453 0.42870690
454 0.31829224
455 0.41226241
456 0.38036207
457 0.36360070
458 0.38139854
459 0.43760959
460 0.38318451
461 0.54589428
462 0.49262322
463 0.54021248
464 0.47555028
465 0.50810389
466 0.46855942
467 0.52158269
468 0.46485138
469 0.48864182
470 0.43181694
471 0.54469690
472 0.47561430
473 0.50853507
474 0.49638767
475 0.49128026
476 0.48050749
477 0.53041870
478 0.39158298
479 0.49569389
480 0.46900975
481 0.47314042
482 0.47072420
483 0.54021248
484 0.43418237
485 0.53777990
486 0.48225483
487 0.42614768
488 0.44348973
489 0.42357914
490 0.43418325
491 0.50109950
492 0.44946841
493 0.42595783
494 0.45677363
495 0.45765031
496 0.44763267
497 0.40015271
498 0.40084298
499 0.48015888
500 0.46042463
501 0.42119424
502 0.51060906
503 0.45667097
504 0.43418237
505 0.53297016
506 0.49114540
507 0.51797247
508 0.55007368
509 0.55873885
510 0.52699189
511 0.51035380
512 0.48448155
513 0.44536433
514 0.45433724
515 0.49004641
516 0.49522077
517 0.59276530
518 0.53787045
519 0.46516731
520 0.49785055
521 0.47791950
522 0.55378789
523 0.53462048
524 0.55383947
525 0.53297016
526 0.50928455
527 0.50345921
528 0.50454578
529 0.53302836
530 0.49122563
531 0.46776264
532 0.40689716
533 0.47441138
534 0.45271728
535 0.41912741
536 0.46032931
537 0.43610297
538 0.43300498
539 0.40839170
540 0.48648530
541 0.46350519
542 0.40351995
543 0.52177434
544 0.45158376
545 0.47495484
546 0.50928455
547 0.48166630
548 0.51551913
549 0.42312556
550 0.48717616
551 0.36149692
552 0.43353609
553 0.44146323
554 0.35431470
555 0.41373194
556 0.43715588
557 0.43259234
558 0.38435477
559 0.44355483
560 0.36162454
561 0.38446603
562 0.39603667
563 0.45402965
564 0.40929020
565 0.46088373
566 0.52927372
567 0.48166630
568 0.61812427
569 0.51539577
570 0.56873351
571 0.55926195
572 0.49875285
573 0.49661577
574 0.44332921
575 0.59303306
576 0.48443287
577 0.54036556
578 0.49397501
579 0.58225220
580 0.46586648
581 0.47941806
582 0.47367595
583 0.45079938
584 0.51842974
585 0.53758809
586 0.57953701
587 0.61527892
588 0.61812427
589 0.60423604
590 0.59529817
591 0.53811482
592 0.48834296
593 0.47042216
594 0.48315855
595 0.44273200
596 0.41986023
597 0.39958058
598 0.38238326
599 0.46852117
600 0.45445824
601 0.34763789
602 0.48927559
603 0.36707986
604 0.45974614
605 0.42738308
606 0.45049439
607 0.54856838
608 0.59973629
609 0.60423604
610 0.70817859
611 0.68968532
612 0.52986703
613 0.55180810
614 0.60212484
615 0.49667709
616 0.42993987
617 0.53698996
618 0.48452111
619 0.51466528
620 0.41418164
621 0.42077028
622 0.43795925
623 0.53681943
624 0.48536575
625 0.46666986
626 0.49245231
627 0.54149966
628 0.65522799
629 0.69820727
630 0.70817859
631 0.55103649
632 0.57719239
633 0.54202662
634 0.45374151
635 0.42527579
636 0.51450517
637 0.39008607
638 0.50057741
639 0.41887469
640 0.39635907
641 0.40948313
642 0.37784502
643 0.39044697
644 0.39965794
645 0.45691717
646 0.46834644
647 0.56800174
648 0.58288853
649 0.51468228
650 0.51106668
651 0.55103649
652 0.72825538
653 0.69936893
654 0.73535298
655 0.54676259
656 0.53249740
657 0.56833817
658 0.60401396
659 0.53396045
660 0.59771301
661 0.48963384
662 0.58435174
663 0.42753445
664 0.53172764
665 0.56330789
666 0.57873396
667 0.53543962
668 0.58446054
669 0.55433177
670 0.57165567
671 0.60082587
672 0.72825538
673 0.57540103
674 0.58483112
675 0.63092300
676 0.55761751
677 0.50602376
678 0.54187595
679 0.47425361
680 0.48769656
681 0.44185008
682 0.41936779
683 0.48116770
684 0.48748854
685 0.54387888
686 0.47859753
687 0.52844674
688 0.49522735
689 0.47879595
690 0.44931143
691 0.54563247
692 0.56848025
693 0.57540103
694 0.50614859
695 0.58582488
696 0.51691836
697 0.55157994
698 0.36161684
699 0.50869818
700 0.49436149
701 0.48862562
702 0.42301664
703 0.45447718
704 0.45868256
705 0.41755397
706 0.43712619
707 0.40493764
708 0.43246915
709 0.52633881
710 0.46725693
711 0.43210799
712 0.46533430
713 0.55069035
714 0.50614859
715 0.49398316
716 0.46147413
717 0.40875729
718 0.37526560
719 0.41069291
720 0.42095183
721 0.35320494
722 0.31457470
723 0.35867809
724 0.32278291
725 0.28994266
726 0.40962667
727 0.28836498
728 0.38072663
729 0.32962962
730 0.38188997
731 0.36718582
732 0.35711752
733 0.44539197
734 0.35337767
735 0.49398316
736 0.49524210
737 0.42706322
738 0.47515228
739 0.44023951
740 0.52631303
741 0.44768491
742 0.39156078
743 0.48543189
744 0.48946191
745 0.46409709
746 0.43216306
747 0.48229178
748 0.42316985
749 0.39589585
750 0.43095127
751 0.44944369
752 0.40951644
753 0.45641528
754 0.48471878
755 0.56943997
756 0.49524210
757 0.52960098
758 0.46144759
759 0.38909780
760 0.48583926
761 0.41340063
762 0.39358930
763 0.40450321
764 0.40357128
765 0.41917523
766 0.41223748
767 0.39692194
768 0.37368348
769 0.45603124
770 0.48108663
771 0.39343279
772 0.44603056
773 0.39118843
774 0.44020169
775 0.49409617
776 0.49024650
777 0.52960098
778 0.52730508
779 0.47221124
780 0.45165188
781 0.44773294
782 0.52476876
783 0.43496252
784 0.39359662
785 0.40889622
786 0.42090555
787 0.33040210
788 0.41063070
789 0.33902329
790 0.46958823
791 0.43152285
792 0.47394306
793 0.45490047
794 0.44106124
795 0.46701876
796 0.44708873
797 0.52135822
798 0.52730508
799 0.60857599
800 0.61579093
801 0.57840662
802 0.49456100
803 0.48657290
804 0.53786398
805 0.41746263
806 0.49669449
807 0.47931828
808 0.40942805
809 0.50196640
810 0.48769630
811 0.47318928
812 0.51096760
813 0.50665858
814 0.51287857
815 0.51673509
816 0.51390668
817 0.44431162
818 0.59009761
819 0.60857599
820 0.69831440
821 0.51483860
822 0.56120715
823 0.51911121
824 0.49460980
825 0.47240094
826 0.51305465
827 0.42920898
828 0.46632499
829 0.47741937
830 0.44666985
831 0.42076792
832 0.39905808
833 0.50129682
834 0.49659465
835 0.40388180
836 0.49763833
837 0.53525285
838 0.51433951
839 0.49416528
840 0.69831440
841 0.62702145
842 0.57415724
843 0.53364554
844 0.56365803
845 0.55564072
846 0.42935924
847 0.53896213
848 0.45481540
849 0.45243956
850 0.31086373
851 0.40758955
852 0.41671235
853 0.45623303
854 0.40593873
855 0.38801725
856 0.49705883
857 0.48202352
858 0.56517641
859 0.53192405
860 0.58682816
861 0.62702145
862 0.78415167
863 0.66235894
864 0.58850604
865 0.57626295
866 0.51285989
867 0.52852871
868 0.48529600
869 0.52325931
870 0.46508752
871 0.51493488
872 0.49874340
873 0.49593741
874 0.55568195
875 0.43429279
876 0.57406423
877 0.48449287
878 0.57414756
879 0.56689760
880 0.57639710
881 0.64740979
882 0.78415167
883 0.77575921
884 0.72535447
885 0.67289491
886 0.71070175
887 0.62136276
888 0.59575340
889 0.59646558
890 0.57928251
891 0.56179391
892 0.61811354
893 0.55005151
894 0.55694287
895 0.58094078
896 0.57737177
897 0.55949196
898 0.63629404
899 0.65402419
900 0.60728953
901 0.66587075
902 0.74752087
903 0.77575921
904 0.79109285
905 0.71423413
906 0.64352728
907 0.59531917
908 0.59564065
909 0.55986437
910 0.48868038
911 0.49330277
912 0.41390681
913 0.36758969
914 0.46883190
915 0.44013436
916 0.45718483
917 0.50026014
918 0.54152352
919 0.37440148
920 0.49254598
921 0.57354983
922 0.53147231
923 0.61976705
924 0.79109285
925 0.64387717
926 0.68591163
927 0.57077588
928 0.54591878
929 0.52161258
930 0.56380501
931 0.45438188
932 0.49232755
933 0.45011958
934 0.42172575
935 0.47490221
936 0.39977067
937 0.48154841
938 0.50369578
939 0.52027946
940 0.45069881
941 0.58507399
942 0.48972353
943 0.62774248
944 0.61851340
945 0.64387717
946 0.71480722
947 0.62062729
948 0.52954865
949 0.49901197
950 0.60038791
951 0.44745866
952 0.44520441
953 0.51287772
954 0.59555952
955 0.43600616
956 0.41731216
957 0.49484676
958 0.46052943
959 0.47879374
960 0.46727537
961 0.49281527
962 0.52397225
963 0.55782506
964 0.55285350
965 0.52172076
966 0.71480722
967 0.49386339
968 0.43836753
969 0.37561624
970 0.39944955
971 0.41907870
972 0.47501996
973 0.39539329
974 0.33820613
975 0.31904490
976 0.30154437
977 0.35335803
978 0.35930724
979 0.36356255
980 0.38087874
981 0.39317058
982 0.40029342
983 0.41625944
984 0.39722155
985 0.45562635
986 0.44265739
987 0.49386339
988 0.53554344
989 0.50806058
990 0.49558283
991 0.48469501
992 0.43654633
993 0.49748189
994 0.45312250
995 0.39628945
996 0.44932916
997 0.40747880
998 0.44552961
999 0.48784128
1000 0.44589569
1001 0.48730084
1002 0.42742287
1003 0.38022042
1004 0.46137780
1005 0.44686697
1006 0.51606062
1007 0.48329249
1008 0.53554344
1009 0.50890339
1010 0.51430268
1011 0.56177407
1012 0.53225225
1013 0.53781903
1014 0.42959803
1015 0.47401813
1016 0.43111757
1017 0.47333379
1018 0.42458885
1019 0.45013232
1020 0.47416318
1021 0.39386954
1022 0.41767027
1023 0.50951918
1024 0.44047896
1025 0.49239426
1026 0.58543314
1027 0.49642733
1028 0.57818335
1029 0.50890339
1030 0.66016748
1031 0.64166222
1032 0.48969358
1033 0.61381034
1034 0.45142293
1035 0.53434269
1036 0.46004246
1037 0.52051932
1038 0.46142823
1039 0.39553136
1040 0.54648139
1041 0.41464290
1042 0.47498428
1043 0.48087595
1044 0.53135279
1045 0.50636429
1046 0.42619766
1047 0.58139315
1048 0.52217604
1049 0.55575254
1050 0.66016748
1051 0.72471175
1052 0.54464038
1053 0.59946820
1054 0.55025054
1055 0.57391349
1056 0.53829310
1057 0.45314398
1058 0.52832360
1059 0.48910207
1060 0.50420825
1061 0.51303869
1062 0.53823099
1063 0.46976069
1064 0.54622024
1065 0.54272919
1066 0.50328299
1067 0.48347785
1068 0.53578886
1069 0.59195388
1070 0.63390101
1071 0.72471175
1072 0.73710956
1073 0.63904630
1074 0.61891850
1075 0.53577059
1076 0.63398987
1077 0.52906601
1078 0.54669302
1079 0.47300273
1080 0.49574088
1081 0.50801669
1082 0.48446700
1083 0.50768959
1084 0.48245699
1085 0.55905970
1086 0.45420561
1087 0.58055583
1088 0.64780296
1089 0.60188738
1090 0.62027307
1091 0.59809736
1092 0.73710956
1093 0.72645555
1094 0.71039990
1095 0.64827562
1096 0.66203592
1097 0.60575705
1098 0.51740409
1099 0.55432314
1100 0.54431077
1101 0.52469686
1102 0.57215339
1103 0.51400635
1104 0.53772459
1105 0.52542608
1106 0.52389429
1107 0.49113021
1108 0.60062098
1109 0.59319074
1110 0.58993238
1111 0.61602821
1112 0.71007434
1113 0.72645555
1114 0.78605367
1115 0.73288349
1116 0.62336820
1117 0.59745579
1118 0.62716301
1119 0.64759604
1120 0.54595635
1121 0.56910637
1122 0.50102342
1123 0.52417776
1124 0.54421591
1125 0.56260203
1126 0.54252494
1127 0.57785642
1128 0.53025260
1129 0.59219052
1130 0.56702263
1131 0.60213953
1132 0.71124947
1133 0.65486664
1134 0.78605367
1135 0.82666436
1136 0.71423964
1137 0.65492935
1138 0.60007645
1139 0.60974669
1140 0.54865689
1141 0.57120221
1142 0.52762821
1143 0.58189241
1144 0.44810870
1145 0.44661614
1146 0.51255353
1147 0.56523992
1148 0.45252595
1149 0.47306454
1150 0.49116865
1151 0.55454910
1152 0.56910559
1153 0.62560628
1154 0.72315935
1155 0.82666436
1156 0.82253843
1157 0.65595671
1158 0.62335758
1159 0.60309669
1160 0.62000135
1161 0.51011437
1162 0.53969294
1163 0.59026032
1164 0.59730230
1165 0.48063508
1166 0.54367161
1167 0.48704101
1168 0.51766399
1169 0.48129859
1170 0.50922057
1171 0.54044845
1172 0.60837103
1173 0.65623113
1174 0.69475917
1175 0.69821379
1176 0.82253843
1177 0.71892239
1178 0.68633118
1179 0.75577814
1180 0.63187187
1181 0.58497621
1182 0.49052754
1183 0.53790921
1184 0.47171563
1185 0.54620369
1186 0.48334958
1187 0.45920333
1188 0.51395789
1189 0.53558571
1190 0.50809080
1191 0.49094268
1192 0.57933004
1193 0.55808027
1194 0.61753961
1195 0.68553595
1196 0.72378416
1197 0.71892239
1198 0.58953026
1199 0.56198887
1200 0.54465690
1201 0.44905451
1202 0.37425633
1203 0.47872845
1204 0.38645394
1205 0.48097114
1206 0.44294758
1207 0.39271948
1208 0.41287836
1209 0.38451261
1210 0.44176159
1211 0.45232900
1212 0.48694248
1213 0.47293438
1214 0.42853488
1215 0.48540595
1216 0.50704239
1217 0.55908681
1218 0.58953026
1219 0.55284235
1220 0.57153612
1221 0.50041227
1222 0.47612656
1223 0.44261114
1224 0.48153224
1225 0.45263208
1226 0.42238488
1227 0.31553749
1228 0.46969442
1229 0.39042254
1230 0.44301028
1231 0.41349943
1232 0.45937384
1233 0.44596738
1234 0.41160114
1235 0.46019257
1236 0.42425996
1237 0.55195984
1238 0.54484103
1239 0.55284235
1240 0.65122639
1241 0.59823701
1242 0.56898190
1243 0.57622222
1244 0.52053244
1245 0.42381564
1246 0.45919643
1247 0.49971260
1248 0.56609152
1249 0.49699494
1250 0.41192080
1251 0.45514848
1252 0.50495567
1253 0.49382789
1254 0.43420444
1255 0.54300790
1256 0.54206229
1257 0.54356097
1258 0.58466472
1259 0.67313632
1260 0.65122639
1261 0.61057891
1262 0.55586059
1263 0.50845657
1264 0.53688152
1265 0.50499058
1266 0.50664298
1267 0.46252494
1268 0.43397959
1269 0.39814157
1270 0.46867037
1271 0.44613561
1272 0.38021836
1273 0.49822876
1274 0.40474734
1275 0.38253396
1276 0.49740564
1277 0.44333919
1278 0.50534260
1279 0.50830657
1280 0.54525852
1281 0.61057891
1282 0.53284675
1283 0.53934152
1284 0.50413765
1285 0.47812457
1286 0.45532421
1287 0.42601582
1288 0.35561295
1289 0.38212987
1290 0.38502235
1291 0.40610287
1292 0.45861608
1293 0.26912829
1294 0.37523973
1295 0.43536567
1296 0.39382086
1297 0.45484474
1298 0.42351642
1299 0.41130844
1300 0.46755360
1301 0.43611177
1302 0.53284675
1303 0.62901240
1304 0.56121253
1305 0.51128224
1306 0.51317763
1307 0.51848723
1308 0.42221928
1309 0.43243429
1310 0.37043698
1311 0.46732507
1312 0.42692775
1313 0.44578300
1314 0.42154540
1315 0.47038784
1316 0.44731692
1317 0.45804061
1318 0.35935322
1319 0.47062994
1320 0.47802827
1321 0.53670087
1322 0.56954612
1323 0.62901240
1324 0.70539955
1325 0.53876038
1326 0.61127239
1327 0.54047773
1328 0.55291643
1329 0.48614753
1330 0.54011862
1331 0.49948542
1332 0.44158350
1333 0.39004030
1334 0.45352562
1335 0.50398652
1336 0.44357637
1337 0.53012472
1338 0.50543178
1339 0.52446564
1340 0.59402833
1341 0.55390493
1342 0.68191479
1343 0.65438076
1344 0.70539955
1345 0.78346144
1346 0.65045878
1347 0.52522271
1348 0.61467370
1349 0.55853613
1350 0.50353791
1351 0.48167353
1352 0.43841218
1353 0.44037711
1354 0.52441243
1355 0.54196028
1356 0.42946643
1357 0.49344022
1358 0.47631379
1359 0.59667972
1360 0.54991502
1361 0.57352531
1362 0.58297103
1363 0.64970253
1364 0.62370936
1365 0.78346144
1366 0.80714664
1367 0.71382033
1368 0.72638989
1369 0.60392870
1370 0.54385746
1371 0.53800969
1372 0.45397212
1373 0.46115551
1374 0.45063669
1375 0.42411182
1376 0.42610016
1377 0.53493884
1378 0.44148602
1379 0.58734560
1380 0.47095764
1381 0.53094533
1382 0.60204732
1383 0.61058814
1384 0.57945263
1385 0.68108655
1386 0.80714664
1387 0.95404100
1388 0.86485350
1389 0.84467287
1390 0.74556935
1391 0.72917016
1392 0.69643956
1393 0.63928273
1394 0.70225090
1395 0.68320438
1396 0.57721643
1397 0.58979110
1398 0.54951565
1399 0.58793526
1400 0.54387041
1401 0.65722474
1402 0.62932065
1403 0.67983478
1404 0.72367641
1405 0.81392839
1406 0.81931447
1407 0.95404100
1408 0.86403701
1409 0.71522272
1410 0.67081270
1411 0.64954602
1412 0.61411336
1413 0.55594131
1414 0.51252298
1415 0.48055236
1416 0.63618011
1417 0.53223892
1418 0.50806062
1419 0.56723961
1420 0.47836199
1421 0.58129931
1422 0.54032680
1423 0.59175572
1424 0.49035538
1425 0.58892717
1426 0.63736515
1427 0.78066510
1428 0.86403701
1429 0.78184605
1430 0.76335623
1431 0.67631023
1432 0.63589687
1433 0.61124739
1434 0.61361229
1435 0.50384063
1436 0.62861869
1437 0.58639742
1438 0.47364255
1439 0.48691128
1440 0.50634126
1441 0.58517718
1442 0.57203726
1443 0.54401086
1444 0.60438900
1445 0.58610623
1446 0.66806277
1447 0.63209505
1448 0.75680165
1449 0.78184605
1450 0.51465831
1451 0.53260881
1452 0.54036115
1453 0.48516924
1454 0.50440062
1455 0.42198385
1456 0.37555238
1457 0.39920696
1458 0.38743723
1459 0.40241278
1460 0.39836707
1461 0.42379196
1462 0.42830732
1463 0.42214627
1464 0.41525249
1465 0.41900406
1466 0.42642263
1467 0.47347855
1468 0.51707153
1469 0.56489061
1470 0.51465831
1471 0.61635768
1472 0.58513638
1473 0.65316560
1474 0.49963940
1475 0.57445653
1476 0.51503849
1477 0.54107643
1478 0.50305808
1479 0.47948202
1480 0.45131730
1481 0.48235286
1482 0.42496221
1483 0.49368344
1484 0.55002260
1485 0.45251496
1486 0.47699505
1487 0.54321663
1488 0.54559097
1489 0.61247461
1490 0.63688946
1491 0.61635768
1492 0.59600928
1493 0.66136193
1494 0.54880487
1495 0.56944047
1496 0.50492187
1497 0.52005046
1498 0.41860147
1499 0.42491701
1500 0.46278551
1501 0.40489192
1502 0.45312809
1503 0.42076560
1504 0.42605346
1505 0.48272919
1506 0.51393856
1507 0.45999180
1508 0.52308426
1509 0.64696949
1510 0.56516945
1511 0.62062881
1512 0.59600928
1513 0.77941790
1514 0.71904015
1515 0.62651004
1516 0.63083515
1517 0.72779069
1518 0.47479366
1519 0.51904584
1520 0.64404191
1521 0.61482192
1522 0.51502455
1523 0.58933942
1524 0.53843843
1525 0.64508969
1526 0.50774128
1527 0.53148505
1528 0.59162912
1529 0.66289103
1530 0.63978221
1531 0.65853731
1532 0.68836187
1533 0.77941790
1534 0.55965658
1535 0.49824497
1536 0.45787481
1537 0.48712681
1538 0.39421389
1539 0.46672825
1540 0.38562398
1541 0.47192178
1542 0.34552877
1543 0.41596895
1544 0.38800759
1545 0.39358433
1546 0.46542475
1547 0.36592073
1548 0.44382946
1549 0.41628294
1550 0.42607468
1551 0.47436794
1552 0.54112327
1553 0.61255643
1554 0.55965658
1555 0.70066669
1556 0.60356894
1557 0.57884994
1558 0.58413517
1559 0.46963417
1560 0.48383591
1561 0.47306643
1562 0.51676157
1563 0.40122349
1564 0.43739907
1565 0.48653039
1566 0.52123412
1567 0.36771021
1568 0.45753531
1569 0.56569033
1570 0.54558855
1571 0.47189323
1572 0.53284633
1573 0.56273882
1574 0.64839794
1575 0.70066669
1576 0.89506333
1577 0.79987874
1578 0.69284215
1579 0.68638117
1580 0.62503265
1581 0.71353945
1582 0.63463011
1583 0.59616647
1584 0.64489719
1585 0.66308706
1586 0.46954823
1587 0.61680701
1588 0.56617357
1589 0.58435723
1590 0.63284908
1591 0.62186735
1592 0.64019086
1593 0.75084606
1594 0.70455838
1595 0.68644726
1596 0.89506333
1597 0.81517918
1598 0.80796741
1599 0.72778086
1600 0.62595341
1601 0.61177642
1602 0.65016834
1603 0.60037471
1604 0.59471426
1605 0.59197795
1606 0.62094231
1607 0.56365116
1608 0.60104621
1609 0.59989134
1610 0.65257192
1611 0.54679438
1612 0.60614792
1613 0.64097843
1614 0.67378007
1615 0.74085022
1616 0.78726415
1617 0.81517918
1618 0.86543640
1619 0.86631832
1620 0.72574181
1621 0.72118542
1622 0.70040771
1623 0.60243485
1624 0.58012058
1625 0.56391014
1626 0.56284875
1627 0.60114932
1628 0.51687525
1629 0.58085598
1630 0.59853854
1631 0.55332593
1632 0.55253698
1633 0.75121320
1634 0.68017190
1635 0.68466746
1636 0.73395296
1637 0.72454350
1638 0.86543640
1639 0.95123528
1640 0.82626705
1641 0.69902499
1642 0.73637178
1643 0.69549831
1644 0.69205300
1645 0.61805314
1646 0.68713539
1647 0.53686521
1648 0.55180011
1649 0.49863988
1650 0.57669028
1651 0.74385845
1652 0.58200730
1653 0.61550215
1654 0.65614215
1655 0.78361407
1656 0.73682505
1657 0.78549839
1658 0.75478191
1659 0.95123528
1660 0.86543640
1661 0.86631832
1662 0.72574181
1663 0.72118542
1664 0.70040771
1665 0.60243485
1666 0.58012058
1667 0.56391014
1668 0.56284875
1669 0.60114932
1670 0.51687525
1671 0.58085598
1672 0.59853854
1673 0.55332593
1674 0.55253698
1675 0.75121320
1676 0.68017190
1677 0.68466746
1678 0.73395296
1679 0.72454350
1680 0.86543640
1681 0.81517918
1682 0.80796741
1683 0.72778086
1684 0.62595341
1685 0.61177642
1686 0.65016834
1687 0.60037471
1688 0.59471426
1689 0.59197795
1690 0.62094231
1691 0.56365116
1692 0.60104621
1693 0.59989134
1694 0.65257192
1695 0.54679438
1696 0.60614792
1697 0.64097843
1698 0.67378007
1699 0.74085022
1700 0.78726415
1701 0.81517918
1702 0.89506333
1703 0.79987874
1704 0.69284215
1705 0.68638117
1706 0.62503265
1707 0.71353945
1708 0.63463011
1709 0.59616647
1710 0.64489719
1711 0.66308706
1712 0.46954823
1713 0.61680701
1714 0.56617357
1715 0.58435723
1716 0.63284908
1717 0.62186735
1718 0.64019086
1719 0.75084606
1720 0.70455838
1721 0.68644726
1722 0.89506333
1723 0.70066669
1724 0.60356894
1725 0.57884994
1726 0.58413517
1727 0.46963417
1728 0.48383591
1729 0.47306643
1730 0.51676157
1731 0.40122349
1732 0.43739907
1733 0.48653039
1734 0.52123412
1735 0.36771021
1736 0.45753531
1737 0.56569033
1738 0.54558855
1739 0.47189323
1740 0.53284633
1741 0.56273882
1742 0.64839794
1743 0.70066669
1744 0.55965658
1745 0.49824497
1746 0.45787481
1747 0.48712681
1748 0.39421389
1749 0.46672825
1750 0.38562398
1751 0.47192178
1752 0.34552877
1753 0.41596895
1754 0.38800759
1755 0.39358433
1756 0.46542475
1757 0.36592073
1758 0.44382946
1759 0.41628294
1760 0.42607468
1761 0.47436794
1762 0.54112327
1763 0.61255643
1764 0.55965658
1765 0.61057891
1766 0.55586059
1767 0.50845657
1768 0.53688152
1769 0.50499058
1770 0.50664298
1771 0.46252494
1772 0.43397959
1773 0.39814157
1774 0.46867037
1775 0.44613561
1776 0.38021836
1777 0.49822876
1778 0.40474734
1779 0.38253396
1780 0.49740564
1781 0.44333919
1782 0.50534260
1783 0.50830657
1784 0.54525852
1785 0.61057891
1786 0.59600928
1787 0.66136193
1788 0.54880487
1789 0.56944047
1790 0.50492187
1791 0.52005046
1792 0.41860147
1793 0.42491701
1794 0.46278551
1795 0.40489192
1796 0.45312809
1797 0.42076560
1798 0.42605346
1799 0.48272919
1800 0.51393856
1801 0.45999180
1802 0.52308426
1803 0.64696949
1804 0.56516945
1805 0.62062881
1806 0.59600928
1807 0.61635768
1808 0.58513638
1809 0.65316560
1810 0.49963940
1811 0.57445653
1812 0.51503849
1813 0.54107643
1814 0.50305808
1815 0.47948202
1816 0.45131730
1817 0.48235286
1818 0.42496221
1819 0.49368344
1820 0.55002260
1821 0.45251496
1822 0.47699505
1823 0.54321663
1824 0.54559097
1825 0.61247461
1826 0.63688946
1827 0.61635768
1828 0.51465831
1829 0.53260881
1830 0.54036115
1831 0.48516924
1832 0.50440062
1833 0.42198385
1834 0.37555238
1835 0.39920696
1836 0.38743723
1837 0.40241278
1838 0.39836707
1839 0.42379196
1840 0.42830732
1841 0.42214627
1842 0.41525249
1843 0.41900406
1844 0.42642263
1845 0.47347855
1846 0.51707153
1847 0.56489061
1848 0.51465831
1849 0.78184605
1850 0.76335623
1851 0.67631023
1852 0.63589687
1853 0.61124739
1854 0.61361229
1855 0.50384063
1856 0.62861869
1857 0.58639742
1858 0.47364255
1859 0.48691128
1860 0.50634126
1861 0.58517718
1862 0.57203726
1863 0.54401086
1864 0.60438900
1865 0.58610623
1866 0.66806277
1867 0.63209505
1868 0.75680165
1869 0.78184605
1870 0.86403701
1871 0.71522272
1872 0.67081270
1873 0.64954602
1874 0.61411336
1875 0.55594131
1876 0.51252298
1877 0.48055236
1878 0.63618011
1879 0.53223892
1880 0.50806062
1881 0.56723961
1882 0.47836199
1883 0.58129931
1884 0.54032680
1885 0.59175572
1886 0.49035538
1887 0.58892717
1888 0.63736515
1889 0.78066510
1890 0.86403701
1891 0.95404100
1892 0.86485350
1893 0.84467287
1894 0.74556935
1895 0.72917016
1896 0.69643956
1897 0.63928273
1898 0.70225090
1899 0.68320438
1900 0.57721643
1901 0.58979110
1902 0.54951565
1903 0.58793526
1904 0.54387041
1905 0.65722474
1906 0.62932065
1907 0.67983478
1908 0.72367641
1909 0.81392839
1910 0.81931447
1911 0.95404100
1912 0.80714664
1913 0.71382033
1914 0.72638989
1915 0.60392870
1916 0.54385746
1917 0.53800969
1918 0.45397212
1919 0.46115551
1920 0.45063669
1921 0.42411182
1922 0.42610016
1923 0.53493884
1924 0.44148602
1925 0.58734560
1926 0.47095764
1927 0.53094533
1928 0.60204732
1929 0.61058814
1930 0.57945263
1931 0.68108655
1932 0.80714664
1933 0.78346144
1934 0.65045878
1935 0.52522271
1936 0.61467370
1937 0.55853613
1938 0.50353791
1939 0.48167353
1940 0.43841218
1941 0.44037711
1942 0.52441243
1943 0.54196028
1944 0.42946643
1945 0.49344022
1946 0.47631379
1947 0.59667972
1948 0.54991502
1949 0.57352531
1950 0.58297103
1951 0.64970253
1952 0.62370936
1953 0.78346144
1954 0.70539955
1955 0.53876038
1956 0.61127239
1957 0.54047773
1958 0.55291643
1959 0.48614753
1960 0.54011862
1961 0.49948542
1962 0.44158350
1963 0.39004030
1964 0.45352562
1965 0.50398652
1966 0.44357637
1967 0.53012472
1968 0.50543178
1969 0.52446564
1970 0.59402833
1971 0.55390493
1972 0.68191479
1973 0.65438076
1974 0.70539955
1975 0.62901240
1976 0.56121253
1977 0.51128224
1978 0.51317763
1979 0.51848723
1980 0.42221928
1981 0.43243429
1982 0.37043698
1983 0.46732507
1984 0.42692775
1985 0.44578300
1986 0.42154540
1987 0.47038784
1988 0.44731692
1989 0.45804061
1990 0.35935322
1991 0.47062994
1992 0.47802827
1993 0.53670087
1994 0.56954612
1995 0.62901240
1996 0.53284675
1997 0.53934152
1998 0.50413765
1999 0.47812457
2000 0.45532421
2001 0.42601582
2002 0.35561295
2003 0.38212987
2004 0.38502235
2005 0.40610287
2006 0.45861608
2007 0.26912829
2008 0.37523973
2009 0.43536567
2010 0.39382086
2011 0.45484474
2012 0.42351642
2013 0.41130844
2014 0.46755360
2015 0.43611177
2016 0.53284675
2017 0.50890339
2018 0.51430268
2019 0.56177407
2020 0.53225225
2021 0.53781903
2022 0.42959803
2023 0.47401813
2024 0.43111757
2025 0.47333379
2026 0.42458885
2027 0.45013232
2028 0.47416318
2029 0.39386954
2030 0.41767027
2031 0.50951918
2032 0.44047896
2033 0.49239426
2034 0.58543314
2035 0.49642733
2036 0.57818335
2037 0.50890339
2038 0.65122639
2039 0.59823701
2040 0.56898190
2041 0.57622222
2042 0.52053244
2043 0.42381564
2044 0.45919643
2045 0.49971260
2046 0.56609152
2047 0.49699494
2048 0.41192080
2049 0.45514848
2050 0.50495567
2051 0.49382789
2052 0.43420444
2053 0.54300790
2054 0.54206229
2055 0.54356097
2056 0.58466472
2057 0.67313632
2058 0.65122639
2059 0.55284235
2060 0.57153612
2061 0.50041227
2062 0.47612656
2063 0.44261114
2064 0.48153224
2065 0.45263208
2066 0.42238488
2067 0.31553749
2068 0.46969442
2069 0.39042254
2070 0.44301028
2071 0.41349943
2072 0.45937384
2073 0.44596738
2074 0.41160114
2075 0.46019257
2076 0.42425996
2077 0.55195984
2078 0.54484103
2079 0.55284235
2080 0.58953026
2081 0.56198887
2082 0.54465690
2083 0.44905451
2084 0.37425633
2085 0.47872845
2086 0.38645394
2087 0.48097114
2088 0.44294758
2089 0.39271948
2090 0.41287836
2091 0.38451261
2092 0.44176159
2093 0.45232900
2094 0.48694248
2095 0.47293438
2096 0.42853488
2097 0.48540595
2098 0.50704239
2099 0.55908681
2100 0.58953026
2101 0.71892239
2102 0.68633118
2103 0.75577814
2104 0.63187187
2105 0.58497621
2106 0.49052754
2107 0.53790921
2108 0.47171563
2109 0.54620369
2110 0.48334958
2111 0.45920333
2112 0.51395789
2113 0.53558571
2114 0.50809080
2115 0.49094268
2116 0.57933004
2117 0.55808027
2118 0.61753961
2119 0.68553595
2120 0.72378416
2121 0.71892239
2122 0.82253843
2123 0.65595671
2124 0.62335758
2125 0.60309669
2126 0.62000135
2127 0.51011437
2128 0.53969294
2129 0.59026032
2130 0.59730230
2131 0.48063508
2132 0.54367161
2133 0.48704101
2134 0.51766399
2135 0.48129859
2136 0.50922057
2137 0.54044845
2138 0.60837103
2139 0.65623113
2140 0.69475917
2141 0.69821379
2142 0.82253843
2143 0.82666436
2144 0.71423964
2145 0.65492935
2146 0.60007645
2147 0.60974669
2148 0.54865689
2149 0.57120221
2150 0.52762821
2151 0.58189241
2152 0.44810870
2153 0.44661614
2154 0.51255353
2155 0.56523992
2156 0.45252595
2157 0.47306454
2158 0.49116865
2159 0.55454910
2160 0.56910559
2161 0.62560628
2162 0.72315935
2163 0.82666436
2164 0.78605367
2165 0.73288349
2166 0.62336820
2167 0.59745579
2168 0.62716301
2169 0.64759604
2170 0.54595635
2171 0.56910637
2172 0.50102342
2173 0.52417776
2174 0.54421591
2175 0.56260203
2176 0.54252494
2177 0.57785642
2178 0.53025260
2179 0.59219052
2180 0.56702263
2181 0.60213953
2182 0.71124947
2183 0.65486664
2184 0.78605367
2185 0.72645555
2186 0.71039990
2187 0.64827562
2188 0.66203592
2189 0.60575705
2190 0.51740409
2191 0.55432314
2192 0.54431077
2193 0.52469686
2194 0.57215339
2195 0.51400635
2196 0.53772459
2197 0.52542608
2198 0.52389429
2199 0.49113021
2200 0.60062098
2201 0.59319074
2202 0.58993238
2203 0.61602821
2204 0.71007434
2205 0.72645555
2206 0.73710956
2207 0.63904630
2208 0.61891850
2209 0.53577059
2210 0.63398987
2211 0.52906601
2212 0.54669302
2213 0.47300273
2214 0.49574088
2215 0.50801669
2216 0.48446700
2217 0.50768959
2218 0.48245699
2219 0.55905970
2220 0.45420561
2221 0.58055583
2222 0.64780296
2223 0.60188738
2224 0.62027307
2225 0.59809736
2226 0.73710956
2227 0.72471175
2228 0.54464038
2229 0.59946820
2230 0.55025054
2231 0.57391349
2232 0.53829310
2233 0.45314398
2234 0.52832360
2235 0.48910207
2236 0.50420825
2237 0.51303869
2238 0.53823099
2239 0.46976069
2240 0.54622024
2241 0.54272919
2242 0.50328299
2243 0.48347785
2244 0.53578886
2245 0.59195388
2246 0.63390101
2247 0.72471175
2248 0.66016748
2249 0.64166222
2250 0.48969358
2251 0.61381034
2252 0.45142293
2253 0.53434269
2254 0.46004246
2255 0.52051932
2256 0.46142823
2257 0.39553136
2258 0.54648139
2259 0.41464290
2260 0.47498428
2261 0.48087595
2262 0.53135279
2263 0.50636429
2264 0.42619766
2265 0.58139315
2266 0.52217604
2267 0.55575254
2268 0.66016748
2269 0.52960098
2270 0.46144759
2271 0.38909780
2272 0.48583926
2273 0.41340063
2274 0.39358930
2275 0.40450321
2276 0.40357128
2277 0.41917523
2278 0.41223748
2279 0.39692194
2280 0.37368348
2281 0.45603124
2282 0.48108663
2283 0.39343279
2284 0.44603056
2285 0.39118843
2286 0.44020169
2287 0.49409617
2288 0.49024650
2289 0.52960098
2290 0.53554344
2291 0.50806058
2292 0.49558283
2293 0.48469501
2294 0.43654633
2295 0.49748189
2296 0.45312250
2297 0.39628945
2298 0.44932916
2299 0.40747880
2300 0.44552961
2301 0.48784128
2302 0.44589569
2303 0.48730084
2304 0.42742287
2305 0.38022042
2306 0.46137780
2307 0.44686697
2308 0.51606062
2309 0.48329249
2310 0.53554344
2311 0.49386339
2312 0.43836753
2313 0.37561624
2314 0.39944955
2315 0.41907870
2316 0.47501996
2317 0.39539329
2318 0.33820613
2319 0.31904490
2320 0.30154437
2321 0.35335803
2322 0.35930724
2323 0.36356255
2324 0.38087874
2325 0.39317058
2326 0.40029342
2327 0.41625944
2328 0.39722155
2329 0.45562635
2330 0.44265739
2331 0.49386339
2332 0.71480722
2333 0.62062729
2334 0.52954865
2335 0.49901197
2336 0.60038791
2337 0.44745866
2338 0.44520441
2339 0.51287772
2340 0.59555952
2341 0.43600616
2342 0.41731216
2343 0.49484676
2344 0.46052943
2345 0.47879374
2346 0.46727537
2347 0.49281527
2348 0.52397225
2349 0.55782506
2350 0.55285350
2351 0.52172076
2352 0.71480722
2353 0.64387717
2354 0.68591163
2355 0.57077588
2356 0.54591878
2357 0.52161258
2358 0.56380501
2359 0.45438188
2360 0.49232755
2361 0.45011958
2362 0.42172575
2363 0.47490221
2364 0.39977067
2365 0.48154841
2366 0.50369578
2367 0.52027946
2368 0.45069881
2369 0.58507399
2370 0.48972353
2371 0.62774248
2372 0.61851340
2373 0.64387717
2374 0.79109285
2375 0.71423413
2376 0.64352728
2377 0.59531917
2378 0.59564065
2379 0.55986437
2380 0.48868038
2381 0.49330277
2382 0.41390681
2383 0.36758969
2384 0.46883190
2385 0.44013436
2386 0.45718483
2387 0.50026014
2388 0.54152352
2389 0.37440148
2390 0.49254598
2391 0.57354983
2392 0.53147231
2393 0.61976705
2394 0.79109285
2395 0.77575921
2396 0.72535447
2397 0.67289491
2398 0.71070175
2399 0.62136276
2400 0.59575340
2401 0.59646558
2402 0.57928251
2403 0.56179391
2404 0.61811354
2405 0.55005151
2406 0.55694287
2407 0.58094078
2408 0.57737177
2409 0.55949196
2410 0.63629404
2411 0.65402419
2412 0.60728953
2413 0.66587075
2414 0.74752087
2415 0.77575921
2416 0.78415167
2417 0.66235894
2418 0.58850604
2419 0.57626295
2420 0.51285989
2421 0.52852871
2422 0.48529600
2423 0.52325931
2424 0.46508752
2425 0.51493488
2426 0.49874340
2427 0.49593741
2428 0.55568195
2429 0.43429279
2430 0.57406423
2431 0.48449287
2432 0.57414756
2433 0.56689760
2434 0.57639710
2435 0.64740979
2436 0.78415167
2437 0.62702145
2438 0.57415724
2439 0.53364554
2440 0.56365803
2441 0.55564072
2442 0.42935924
2443 0.53896213
2444 0.45481540
2445 0.45243956
2446 0.31086373
2447 0.40758955
2448 0.41671235
2449 0.45623303
2450 0.40593873
2451 0.38801725
2452 0.49705883
2453 0.48202352
2454 0.56517641
2455 0.53192405
2456 0.58682816
2457 0.62702145
2458 0.69831440
2459 0.51483860
2460 0.56120715
2461 0.51911121
2462 0.49460980
2463 0.47240094
2464 0.51305465
2465 0.42920898
2466 0.46632499
2467 0.47741937
2468 0.44666985
2469 0.42076792
2470 0.39905808
2471 0.50129682
2472 0.49659465
2473 0.40388180
2474 0.49763833
2475 0.53525285
2476 0.51433951
2477 0.49416528
2478 0.69831440
2479 0.60857599
2480 0.61579093
2481 0.57840662
2482 0.49456100
2483 0.48657290
2484 0.53786398
2485 0.41746263
2486 0.49669449
2487 0.47931828
2488 0.40942805
2489 0.50196640
2490 0.48769630
2491 0.47318928
2492 0.51096760
2493 0.50665858
2494 0.51287857
2495 0.51673509
2496 0.51390668
2497 0.44431162
2498 0.59009761
2499 0.60857599
2500 0.52730508
2501 0.47221124
2502 0.45165188
2503 0.44773294
2504 0.52476876
2505 0.43496252
2506 0.39359662
2507 0.40889622
2508 0.42090555
2509 0.33040210
2510 0.41063070
2511 0.33902329
2512 0.46958823
2513 0.43152285
2514 0.47394306
2515 0.45490047
2516 0.44106124
2517 0.46701876
2518 0.44708873
2519 0.52135822
2520 0.52730508
2521 0.53297016
2522 0.49114540
2523 0.51797247
2524 0.55007368
2525 0.55873885
2526 0.52699189
2527 0.51035380
2528 0.48448155
2529 0.44536433
2530 0.45433724
2531 0.49004641
2532 0.49522077
2533 0.59276530
2534 0.53787045
2535 0.46516731
2536 0.49785055
2537 0.47791950
2538 0.55378789
2539 0.53462048
2540 0.55383947
2541 0.53297016
2542 0.49524210
2543 0.42706322
2544 0.47515228
2545 0.44023951
2546 0.52631303
2547 0.44768491
2548 0.39156078
2549 0.48543189
2550 0.48946191
2551 0.46409709
2552 0.43216306
2553 0.48229178
2554 0.42316985
2555 0.39589585
2556 0.43095127
2557 0.44944369
2558 0.40951644
2559 0.45641528
2560 0.48471878
2561 0.56943997
2562 0.49524210
2563 0.49398316
2564 0.46147413
2565 0.40875729
2566 0.37526560
2567 0.41069291
2568 0.42095183
2569 0.35320494
2570 0.31457470
2571 0.35867809
2572 0.32278291
2573 0.28994266
2574 0.40962667
2575 0.28836498
2576 0.38072663
2577 0.32962962
2578 0.38188997
2579 0.36718582
2580 0.35711752
2581 0.44539197
2582 0.35337767
2583 0.49398316
2584 0.50614859
2585 0.58582488
2586 0.51691836
2587 0.55157994
2588 0.36161684
2589 0.50869818
2590 0.49436149
2591 0.48862562
2592 0.42301664
2593 0.45447718
2594 0.45868256
2595 0.41755397
2596 0.43712619
2597 0.40493764
2598 0.43246915
2599 0.52633881
2600 0.46725693
2601 0.43210799
2602 0.46533430
2603 0.55069035
2604 0.50614859
2605 0.57540103
2606 0.58483112
2607 0.63092300
2608 0.55761751
2609 0.50602376
2610 0.54187595
2611 0.47425361
2612 0.48769656
2613 0.44185008
2614 0.41936779
2615 0.48116770
2616 0.48748854
2617 0.54387888
2618 0.47859753
2619 0.52844674
2620 0.49522735
2621 0.47879595
2622 0.44931143
2623 0.54563247
2624 0.56848025
2625 0.57540103
2626 0.72825538
2627 0.69936893
2628 0.73535298
2629 0.54676259
2630 0.53249740
2631 0.56833817
2632 0.60401396
2633 0.53396045
2634 0.59771301
2635 0.48963384
2636 0.58435174
2637 0.42753445
2638 0.53172764
2639 0.56330789
2640 0.57873396
2641 0.53543962
2642 0.58446054
2643 0.55433177
2644 0.57165567
2645 0.60082587
2646 0.72825538
2647 0.55103649
2648 0.57719239
2649 0.54202662
2650 0.45374151
2651 0.42527579
2652 0.51450517
2653 0.39008607
2654 0.50057741
2655 0.41887469
2656 0.39635907
2657 0.40948313
2658 0.37784502
2659 0.39044697
2660 0.39965794
2661 0.45691717
2662 0.46834644
2663 0.56800174
2664 0.58288853
2665 0.51468228
2666 0.51106668
2667 0.55103649
2668 0.70817859
2669 0.68968532
2670 0.52986703
2671 0.55180810
2672 0.60212484
2673 0.49667709
2674 0.42993987
2675 0.53698996
2676 0.48452111
2677 0.51466528
2678 0.41418164
2679 0.42077028
2680 0.43795925
2681 0.53681943
2682 0.48536575
2683 0.46666986
2684 0.49245231
2685 0.54149966
2686 0.65522799
2687 0.69820727
2688 0.70817859
2689 0.60423604
2690 0.59529817
2691 0.53811482
2692 0.48834296
2693 0.47042216
2694 0.48315855
2695 0.44273200
2696 0.41986023
2697 0.39958058
2698 0.38238326
2699 0.46852117
2700 0.45445824
2701 0.34763789
2702 0.48927559
2703 0.36707986
2704 0.45974614
2705 0.42738308
2706 0.45049439
2707 0.54856838
2708 0.59973629
2709 0.60423604
2710 0.61812427
2711 0.51539577
2712 0.56873351
2713 0.55926195
2714 0.49875285
2715 0.49661577
2716 0.44332921
2717 0.59303306
2718 0.48443287
2719 0.54036556
2720 0.49397501
2721 0.58225220
2722 0.46586648
2723 0.47941806
2724 0.47367595
2725 0.45079938
2726 0.51842974
2727 0.53758809
2728 0.57953701
2729 0.61527892
2730 0.61812427
2731 0.48166630
2732 0.51551913
2733 0.42312556
2734 0.48717616
2735 0.36149692
2736 0.43353609
2737 0.44146323
2738 0.35431470
2739 0.41373194
2740 0.43715588
2741 0.43259234
2742 0.38435477
2743 0.44355483
2744 0.36162454
2745 0.38446603
2746 0.39603667
2747 0.45402965
2748 0.40929020
2749 0.46088373
2750 0.52927372
2751 0.48166630
2752 0.50928455
2753 0.50345921
2754 0.50454578
2755 0.53302836
2756 0.49122563
2757 0.46776264
2758 0.40689716
2759 0.47441138
2760 0.45271728
2761 0.41912741
2762 0.46032931
2763 0.43610297
2764 0.43300498
2765 0.40839170
2766 0.48648530
2767 0.46350519
2768 0.40351995
2769 0.52177434
2770 0.45158376
2771 0.47495484
2772 0.50928455
2773 0.53896118
2774 0.48927986
2775 0.49546110
2776 0.53338647
2777 0.44857891
2778 0.45737490
2779 0.49257606
2780 0.49593893
2781 0.40571914
2782 0.47243388
2783 0.53915624
2784 0.53593587
2785 0.45856617
2786 0.48807952
2787 0.40179794
2788 0.45129267
2789 0.42101359
2790 0.48659806
2791 0.47520817
2792 0.45452073
2793 0.53896118
2794 0.43418237
2795 0.53777990
2796 0.48225483
2797 0.42614768
2798 0.44348973
2799 0.42357914
2800 0.43418325
2801 0.50109950
2802 0.44946841
2803 0.42595783
2804 0.45677363
2805 0.45765031
2806 0.44763267
2807 0.40015271
2808 0.40084298
2809 0.48015888
2810 0.46042463
2811 0.42119424
2812 0.51060906
2813 0.45667097
2814 0.43418237
2815 0.54021248
2816 0.47555028
2817 0.50810389
2818 0.46855942
2819 0.52158269
2820 0.46485138
2821 0.48864182
2822 0.43181694
2823 0.54469690
2824 0.47561430
2825 0.50853507
2826 0.49638767
2827 0.49128026
2828 0.48050749
2829 0.53041870
2830 0.39158298
2831 0.49569389
2832 0.46900975
2833 0.47314042
2834 0.47072420
2835 0.54021248
2836 0.49262322
2837 0.46560057
2838 0.48177545
2839 0.48892784
2840 0.37022811
2841 0.43701206
2842 0.41187596
2843 0.42222619
2844 0.38893513
2845 0.34519670
2846 0.42179237
2847 0.42870690
2848 0.31829224
2849 0.41226241
2850 0.38036207
2851 0.36360070
2852 0.38139854
2853 0.43760959
2854 0.38318451
2855 0.54589428
2856 0.49262322
2857 0.57664213
2858 0.48274125
2859 0.60012036
2860 0.55361995
2861 0.50719608
2862 0.43233326
2863 0.47701575
2864 0.44358077
2865 0.48937285
2866 0.44120426
2867 0.44683796
2868 0.50783234
2869 0.43746468
2870 0.48375313
2871 0.45882056
2872 0.48696037
2873 0.46112035
2874 0.49570062
2875 0.46542809
2876 0.60806960
2877 0.57664213
2878 0.65961887
2879 0.53615627
2880 0.58056949
2881 0.53293703
2882 0.61776914
2883 0.43622015
2884 0.50419151
2885 0.41213647
2886 0.47495522
2887 0.46930526
2888 0.50811657
2889 0.44860812
2890 0.52933148
2891 0.46379480
2892 0.51228529
2893 0.49900197
2894 0.43888157
2895 0.56808915
2896 0.53292936
2897 0.61904705
2898 0.65961887
2899 0.66127898
2900 0.59904018
2901 0.57565238
2902 0.51250220
2903 0.48116509
2904 0.53158720
2905 0.51851725
2906 0.46856288
2907 0.43471383
2908 0.45966193
2909 0.40162860
2910 0.41433214
2911 0.44428128
2912 0.43544632
2913 0.50551910
2914 0.43693957
2915 0.55396172
2916 0.55436746
2917 0.56988260
2918 0.53755304
2919 0.66127898
2920 0.70505188
2921 0.69427413
2922 0.57656831
2923 0.60421327
2924 0.52602370
2925 0.53619772
2926 0.56845938
2927 0.55484973
2928 0.43542586
2929 0.55191165
2930 0.55621727
2931 0.44609759
2932 0.43500119
2933 0.51606539
2934 0.52576178
2935 0.53412449
2936 0.55502687
2937 0.58793983
2938 0.67986540
2939 0.60705335
2940 0.70505188
2941 0.54952312
2942 0.59087910
2943 0.59883146
2944 0.48704742
2945 0.43512547
2946 0.49322566
2947 0.44299066
2948 0.43570411
2949 0.51614346
2950 0.41097682
2951 0.39789449
2952 0.39846188
2953 0.43552880
2954 0.48173144
2955 0.48691344
2956 0.43677490
2957 0.42733395
2958 0.54782818
2959 0.57004682
2960 0.53412055
2961 0.54952312
2962 0.59792348
2963 0.53698785
2964 0.60235914
2965 0.50183154
2966 0.49386820
2967 0.50096194
2968 0.47219003
2969 0.43916822
2970 0.43394934
2971 0.46123050
2972 0.49546430
2973 0.42838739
2974 0.42663360
2975 0.45981831
2976 0.38171079
2977 0.46102346
2978 0.43629727
2979 0.56086062
2980 0.56744166
2981 0.55071451
2982 0.59792348
2983 0.39953349
2984 0.39164199
2985 0.43675351
2986 0.45836637
2987 0.40659535
2988 0.32062590
2989 0.35795571
2990 0.46193378
2991 0.41175228
2992 0.46309139
2993 0.40781055
2994 0.42371691
2995 0.37760389
2996 0.40825599
2997 0.46529418
2998 0.39583907
2999 0.42653143
3000 0.39749599
3001 0.37714701
3002 0.38556779
3003 0.39953349
3004 0.55911191
3005 0.45948660
3006 0.40627582
3007 0.43523194
3008 0.45485622
3009 0.35001210
3010 0.32191181
3011 0.41047969
3012 0.43501964
3013 0.42248904
3014 0.49298211
3015 0.43889283
3016 0.40476172
3017 0.31952889
3018 0.38614856
3019 0.38148900
3020 0.39777810
3021 0.44230945
3022 0.42204251
3023 0.40095505
3024 0.55911191
