index DenDen_momentum
1 143.42615080
2 143.48723764
3 143.48850597
4 143.46790276
5 143.40647117
6 143.46603331
7 143.45306447
8 143.39861187
9 143.38394704
10 143.51953123
11 143.45022860
12 143.36793647
13 143.47374846
14 143.47744203
15 143.38875497
16 143.48708939
17 143.50469511
18 143.45414750
19 143.41540231
20 143.43603559
21 143.42615080
22 0.50704093
23 0.39470079
24 0.45010217
25 0.36445383
26 0.39791755
27 0.42932075
28 0.48030517
29 0.41620651
30 0.43109204
31 0.44147052
32 0.49177701
33 0.42467460
34 0.46101494
35 0.38476767
36 0.41078440
37 0.43812618
38 0.42618294
39 0.42927171
40 0.42636254
41 0.40045543
42 0.50704093
43 0.37023051
44 0.46488284
45 0.43536622
46 0.38278719
47 0.37718808
48 0.36651520
49 0.33760967
50 0.36767615
51 0.35264474
52 0.34351909
53 0.29813668
54 0.37427598
55 0.40630504
56 0.39734300
57 0.38065869
58 0.43716853
59 0.34125878
60 0.39863633
61 0.43511069
62 0.41517513
63 0.37023051
64 0.45790041
65 0.49842640
66 0.44075018
67 0.40569245
68 0.41583839
69 0.43656538
70 0.31457223
71 0.47600765
72 0.38977024
73 0.39056362
74 0.33220472
75 0.33227690
76 0.40728180
77 0.36452008
78 0.39636556
79 0.36819490
80 0.38773238
81 0.45519632
82 0.46758447
83 0.40356053
84 0.45790041
85 0.65823536
86 0.70763508
87 0.65053432
88 0.56447750
89 0.54386136
90 0.55604376
91 0.62853499
92 0.56627250
93 0.54275717
94 0.60618460
95 0.51780107
96 0.45737683
97 0.54283062
98 0.53911713
99 0.59813353
100 0.64420317
101 0.54692479
102 0.59608398
103 0.62455883
104 0.67422900
105 0.65823536
106 0.62097001
107 0.54377878
108 0.58345196
109 0.45086143
110 0.49994091
111 0.48161325
112 0.44142677
113 0.50148680
114 0.40420699
115 0.48331397
116 0.46771517
117 0.41644933
118 0.40516020
119 0.39909432
120 0.41375922
121 0.50139876
122 0.50908209
123 0.52200551
124 0.56980532
125 0.51509680
126 0.62097001
127 0.69419233
128 0.65958347
129 0.55382541
130 0.45503735
131 0.64786516
132 0.48874969
133 0.52322347
134 0.47064969
135 0.32805868
136 0.51177962
137 0.45335686
138 0.56239542
139 0.37490439
140 0.56164377
141 0.50311505
142 0.43813151
143 0.47133000
144 0.55236665
145 0.57502725
146 0.61893856
147 0.69419233
148 0.62097001
149 0.54377878
150 0.58345196
151 0.45086143
152 0.49994091
153 0.48161325
154 0.44142677
155 0.50148680
156 0.40420699
157 0.48331397
158 0.46771517
159 0.41644933
160 0.40516020
161 0.39909432
162 0.41375922
163 0.50139876
164 0.50908209
165 0.52200551
166 0.56980532
167 0.51509680
168 0.62097001
169 0.65823536
170 0.70763508
171 0.65053432
172 0.56447750
173 0.54386136
174 0.55604376
175 0.62853499
176 0.56627250
177 0.54275717
178 0.60618460
179 0.51780107
180 0.45737683
181 0.54283062
182 0.53911713
183 0.59813353
184 0.64420317
185 0.54692479
186 0.59608398
187 0.62455883
188 0.67422900
189 0.65823536
190 0.45790041
191 0.49842640
192 0.44075018
193 0.40569245
194 0.41583839
195 0.43656538
196 0.31457223
197 0.47600765
198 0.38977024
199 0.39056362
200 0.33220472
201 0.33227690
202 0.40728180
203 0.36452008
204 0.39636556
205 0.36819490
206 0.38773238
207 0.45519632
208 0.46758447
209 0.40356053
210 0.45790041
211 0.37023051
212 0.46488284
213 0.43536622
214 0.38278719
215 0.37718808
216 0.36651520
217 0.33760967
218 0.36767615
219 0.35264474
220 0.34351909
221 0.29813668
222 0.37427598
223 0.40630504
224 0.39734300
225 0.38065869
226 0.43716853
227 0.34125878
228 0.39863633
229 0.43511069
230 0.41517513
231 0.37023051
232 0.50704093
233 0.39470079
234 0.45010217
235 0.36445383
236 0.39791755
237 0.42932075
238 0.48030517
239 0.41620651
240 0.43109204
241 0.44147052
242 0.49177701
243 0.42467460
244 0.46101494
245 0.38476767
246 0.41078440
247 0.43812618
248 0.42618294
249 0.42927171
250 0.42636254
251 0.40045543
252 0.50704093
253 0.47533338
254 0.46735369
255 0.52727453
256 0.45787372
257 0.45714257
258 0.53105221
259 0.47637302
260 0.44915615
261 0.42321936
262 0.44810346
263 0.41820169
264 0.42554645
265 0.46277057
266 0.42649728
267 0.38578979
268 0.41556749
269 0.45244451
270 0.46772791
271 0.45127034
272 0.57365860
273 0.47533338
274 0.39875258
275 0.44214847
276 0.49149132
277 0.47213362
278 0.41366816
279 0.45430376
280 0.46878537
281 0.39738804
282 0.42270588
283 0.43835166
284 0.44440597
285 0.33784687
286 0.37258085
287 0.45621010
288 0.45099853
289 0.43806062
290 0.44490832
291 0.34359169
292 0.46139686
293 0.37157815
294 0.39875258
295 0.39870878
296 0.44258370
297 0.40490240
298 0.41121732
299 0.42538831
300 0.37226784
301 0.44676371
302 0.38520461
303 0.44845920
304 0.39809462
305 0.39344468
306 0.43001400
307 0.38737834
308 0.39376662
309 0.39695681
310 0.32530152
311 0.45451791
312 0.39792004
313 0.42151338
314 0.45674365
315 0.39870878
316 0.55344913
317 0.46489444
318 0.49738039
319 0.45865151
320 0.40419894
321 0.44117225
322 0.41796348
323 0.32961038
324 0.42173702
325 0.32680807
326 0.45438336
327 0.42289276
328 0.43447456
329 0.44247232
330 0.38219233
331 0.43601806
332 0.42163071
333 0.49426893
334 0.45054439
335 0.42140063
336 0.55344913
337 0.61282518
338 0.62190739
339 0.58230695
340 0.55048376
341 0.47099956
342 0.50474677
343 0.47355059
344 0.49190676
345 0.46938488
346 0.52299619
347 0.59374535
348 0.53126060
349 0.52494620
350 0.47917838
351 0.52514960
352 0.47975588
353 0.51437114
354 0.57463329
355 0.59080924
356 0.63867735
357 0.61282518
358 0.51323817
359 0.56280464
360 0.49963116
361 0.36804018
362 0.53233035
363 0.36203753
364 0.46669914
365 0.38916426
366 0.41891470
367 0.33664050
368 0.37027230
369 0.43152489
370 0.38155866
371 0.35584181
372 0.30310838
373 0.42854378
374 0.51987994
375 0.46917460
376 0.48193666
377 0.44203397
378 0.51323817
379 0.56758995
380 0.45616085
381 0.52255340
382 0.47094800
383 0.39888484
384 0.40175299
385 0.41642333
386 0.31255012
387 0.37335245
388 0.34853379
389 0.38205656
390 0.34046123
391 0.39151754
392 0.37848415
393 0.44995810
394 0.43476014
395 0.51905944
396 0.44059770
397 0.51732133
398 0.53404100
399 0.56758995
400 0.66995977
401 0.66498962
402 0.53010901
403 0.49533758
404 0.53849313
405 0.45671852
406 0.44817375
407 0.48494341
408 0.45889115
409 0.41281408
410 0.43226771
411 0.41490573
412 0.43343523
413 0.45369939
414 0.46450329
415 0.50371151
416 0.53994983
417 0.55998500
418 0.53849826
419 0.65549757
420 0.66995977
421 0.51701547
422 0.47059326
423 0.48399873
424 0.50080532
425 0.45576327
426 0.42229196
427 0.39294863
428 0.39196598
429 0.37789352
430 0.32033212
431 0.37233250
432 0.38178504
433 0.41622920
434 0.26800771
435 0.46196194
436 0.33620793
437 0.44940815
438 0.48260055
439 0.46263283
440 0.47718699
441 0.51701547
442 0.45872358
443 0.46098600
444 0.43883393
445 0.47310968
446 0.45811845
447 0.38165184
448 0.38824123
449 0.39084054
450 0.34836122
451 0.39387017
452 0.37411172
453 0.40752202
454 0.32030437
455 0.34236112
456 0.38207426
457 0.34296458
458 0.43941194
459 0.41381314
460 0.48040552
461 0.44955220
462 0.45872358
463 0.31166549
464 0.35701125
465 0.39285845
466 0.36946672
467 0.38078695
468 0.46151304
469 0.39572474
470 0.43742366
471 0.38130059
472 0.36053509
473 0.35769778
474 0.42974807
475 0.33268430
476 0.43501413
477 0.43575254
478 0.40137526
479 0.35038611
480 0.42875917
481 0.43168752
482 0.40288236
483 0.31166549
484 0.43607268
485 0.43107103
486 0.46935396
487 0.35643387
488 0.41053618
489 0.40616044
490 0.46518651
491 0.37372348
492 0.45386414
493 0.44313526
494 0.37575505
495 0.49086329
496 0.41170183
497 0.30206168
498 0.45917437
499 0.43519453
500 0.46797456
501 0.48609713
502 0.46124891
503 0.53042794
504 0.43607268
505 0.44750542
506 0.42712146
507 0.37910737
508 0.34321892
509 0.37215595
510 0.38666671
511 0.41711478
512 0.40444619
513 0.41638550
514 0.41615154
515 0.31837261
516 0.38872887
517 0.42655098
518 0.41903951
519 0.36986465
520 0.45622078
521 0.39840973
522 0.37744146
523 0.44126655
524 0.52027913
525 0.44750542
526 0.51315281
527 0.49094989
528 0.47913514
529 0.48577039
530 0.43979836
531 0.41747418
532 0.43799920
533 0.36798937
534 0.47606568
535 0.41129880
536 0.47470355
537 0.50386984
538 0.49081962
539 0.44221231
540 0.40115721
541 0.52481562
542 0.46762558
543 0.44289675
544 0.43326841
545 0.46804445
546 0.51315281
547 0.57224967
548 0.60027761
549 0.55247146
550 0.55479642
551 0.48037451
552 0.47386059
553 0.48240314
554 0.40780725
555 0.42321840
556 0.47117975
557 0.47586439
558 0.37554068
559 0.36642838
560 0.56807956
561 0.47550701
562 0.55208181
563 0.50783787
564 0.48328843
565 0.55576448
566 0.57719060
567 0.57224967
568 0.68588290
569 0.63290294
570 0.55195740
571 0.61838838
572 0.52632385
573 0.44979067
574 0.50748045
575 0.53255050
576 0.50066075
577 0.54883903
578 0.53852293
579 0.54054882
580 0.49570924
581 0.46818715
582 0.53130310
583 0.53964012
584 0.54804779
585 0.52079431
586 0.63445046
587 0.57914219
588 0.68588290
589 0.66622403
590 0.62647379
591 0.63539878
592 0.61063860
593 0.58230994
594 0.58262637
595 0.54756606
596 0.51130413
597 0.48522874
598 0.52299188
599 0.49459431
600 0.51385238
601 0.52169040
602 0.50925843
603 0.54103199
604 0.60709094
605 0.55931573
606 0.51910858
607 0.56171682
608 0.73482138
609 0.66622403
610 0.49280930
611 0.54630811
612 0.37386371
613 0.48414273
614 0.39243159
615 0.38222486
616 0.33874638
617 0.39159984
618 0.23481356
619 0.29578372
620 0.37365211
621 0.39419543
622 0.35076139
623 0.41309410
624 0.34838805
625 0.40157042
626 0.46234183
627 0.41058748
628 0.41978235
629 0.51406637
630 0.49280930
631 0.69893703
632 0.62836431
633 0.55095520
634 0.55784345
635 0.51137838
636 0.55150483
637 0.39523683
638 0.40325707
639 0.45082020
640 0.47415911
641 0.49468246
642 0.50251628
643 0.47797098
644 0.56787343
645 0.48924743
646 0.49221212
647 0.54075295
648 0.54857057
649 0.54164632
650 0.61605707
651 0.69893703
652 0.57014034
653 0.51554245
654 0.51837235
655 0.51234675
656 0.40501472
657 0.44816750
658 0.36580671
659 0.44594257
660 0.36920722
661 0.39548196
662 0.44799138
663 0.36316185
664 0.40380341
665 0.43365058
666 0.47164896
667 0.42878899
668 0.54826304
669 0.48332203
670 0.53612800
671 0.58262324
672 0.57014034
673 0.61414501
674 0.52097633
675 0.48896490
676 0.53537071
677 0.44368213
678 0.44986651
679 0.39352612
680 0.40955478
681 0.43233967
682 0.47362112
683 0.49381898
684 0.45425917
685 0.45085435
686 0.38394750
687 0.45237791
688 0.41038804
689 0.48215441
690 0.52431039
691 0.62194422
692 0.57982658
693 0.61414501
694 0.54756262
695 0.61188339
696 0.47131791
697 0.52614087
698 0.52892445
699 0.52181334
700 0.41479721
701 0.45052877
702 0.38560260
703 0.43076953
704 0.46190614
705 0.40889462
706 0.46476707
707 0.46171989
708 0.45828036
709 0.45502430
710 0.45661185
711 0.52478326
712 0.46601855
713 0.54431423
714 0.54756262
715 0.54666212
716 0.47853507
717 0.50260386
718 0.53800040
719 0.37248687
720 0.53272285
721 0.46386593
722 0.45346971
723 0.43000606
724 0.44130655
725 0.47511168
726 0.47175020
727 0.36167747
728 0.38864454
729 0.44257297
730 0.43093070
731 0.41488841
732 0.43659701
733 0.44358270
734 0.53951508
735 0.54666212
736 0.49701240
737 0.48425019
738 0.52331682
739 0.48577164
740 0.36626772
741 0.45308339
742 0.39317683
743 0.46911639
744 0.44253690
745 0.38583583
746 0.38407860
747 0.33595862
748 0.43338307
749 0.37338859
750 0.43558736
751 0.48732173
752 0.43817414
753 0.47848158
754 0.44755654
755 0.52699733
756 0.49701240
757 0.49738073
758 0.45027445
759 0.49070862
760 0.42980896
761 0.39769081
762 0.35112673
763 0.37714939
764 0.46669678
765 0.32788843
766 0.37485028
767 0.38743021
768 0.37303909
769 0.34548343
770 0.37547975
771 0.44186465
772 0.43747450
773 0.40683983
774 0.47037038
775 0.51438966
776 0.55641572
777 0.49738073
778 0.54905805
779 0.52976708
780 0.47737648
781 0.46561124
782 0.43506721
783 0.58065534
784 0.41447975
785 0.41277939
786 0.34468351
787 0.40060646
788 0.41534224
789 0.49313127
790 0.41265319
791 0.49415661
792 0.41421373
793 0.40321080
794 0.40599319
795 0.41127279
796 0.52797900
797 0.39777828
798 0.54905805
799 0.68698389
800 0.63953747
801 0.52668723
802 0.54317989
803 0.52636401
804 0.39181278
805 0.45443440
806 0.44517749
807 0.49906346
808 0.42720388
809 0.43409382
810 0.43079681
811 0.48561768
812 0.43421254
813 0.38881406
814 0.49575703
815 0.51139315
816 0.56407697
817 0.53108761
818 0.50448232
819 0.68698389
820 0.69387191
821 0.67770234
822 0.66105813
823 0.65283552
824 0.60350527
825 0.56460594
826 0.61268664
827 0.52585448
828 0.52059651
829 0.52925184
830 0.53417372
831 0.46358156
832 0.50751566
833 0.58627680
834 0.48078709
835 0.56266975
836 0.59468961
837 0.55527302
838 0.57081332
839 0.67222582
840 0.69387191
841 0.81121592
842 0.72235113
843 0.70395148
844 0.66825650
845 0.63191960
846 0.58966225
847 0.54704709
848 0.59984348
849 0.56617645
850 0.54564385
851 0.53988455
852 0.49936754
853 0.57948889
854 0.61233481
855 0.56662024
856 0.59943839
857 0.64988684
858 0.63221983
859 0.71975462
860 0.69417107
861 0.81121592
862 0.70080968
863 0.64533663
864 0.59378600
865 0.49414154
866 0.46498764
867 0.43196820
868 0.45043342
869 0.41679662
870 0.48346629
871 0.42152378
872 0.48344306
873 0.36997997
874 0.45120556
875 0.43385707
876 0.48137826
877 0.37519768
878 0.51241279
879 0.53902896
880 0.64673088
881 0.56251521
882 0.70080968
883 0.84600917
884 0.74181956
885 0.76355671
886 0.62418712
887 0.59394930
888 0.60806261
889 0.56494120
890 0.58930875
891 0.55875703
892 0.62231615
893 0.52895381
894 0.56279076
895 0.59735483
896 0.54799543
897 0.61005062
898 0.58064127
899 0.65222745
900 0.64652787
901 0.74907746
902 0.69767212
903 0.84600917
904 0.66817630
905 0.61913977
906 0.53970518
907 0.55569092
908 0.47200065
909 0.52558302
910 0.35673731
911 0.41712008
912 0.40140644
913 0.42780394
914 0.36950430
915 0.35085317
916 0.42685378
917 0.44180254
918 0.48448544
919 0.38882265
920 0.47767304
921 0.46994186
922 0.51988834
923 0.58238840
924 0.66817630
925 0.68138007
926 0.65062228
927 0.57913667
928 0.57913908
929 0.56811193
930 0.44422619
931 0.54528212
932 0.44424054
933 0.50899869
934 0.47804886
935 0.39987000
936 0.50234897
937 0.49154402
938 0.47700382
939 0.38789230
940 0.43320259
941 0.46517063
942 0.54944144
943 0.51014699
944 0.59674865
945 0.68138007
946 0.54581201
947 0.47255732
948 0.54962701
949 0.42377717
950 0.45880852
951 0.45956598
952 0.38683743
953 0.34307446
954 0.38950612
955 0.37425003
956 0.39837448
957 0.39293983
958 0.45250189
959 0.41820438
960 0.39452031
961 0.47382462
962 0.39262306
963 0.48153356
964 0.51647630
965 0.41962692
966 0.54581201
967 0.54906006
968 0.44071355
969 0.51257948
970 0.40556243
971 0.44025255
972 0.42055171
973 0.40241472
974 0.36346068
975 0.44615635
976 0.37592843
977 0.35362674
978 0.39838637
979 0.42835291
980 0.48935265
981 0.51531430
982 0.42747209
983 0.53368770
984 0.51110067
985 0.53858256
986 0.49619165
987 0.54906006
988 0.55331529
989 0.47916737
990 0.42850750
991 0.55917646
992 0.54186148
993 0.46843552
994 0.49052909
995 0.36436142
996 0.39728373
997 0.51692779
998 0.39231293
999 0.41469732
1000 0.41911058
1001 0.47606405
1002 0.41821155
1003 0.51150373
1004 0.44836047
1005 0.48516904
1006 0.44041426
1007 0.54725451
1008 0.55331529
1009 0.62178255
1010 0.60509320
1011 0.56047595
1012 0.51902435
1013 0.59277450
1014 0.57270927
1015 0.37728411
1016 0.42193466
1017 0.45913812
1018 0.49920243
1019 0.40508286
1020 0.49215027
1021 0.44824022
1022 0.49760880
1023 0.43998837
1024 0.47764117
1025 0.47332915
1026 0.52208262
1027 0.56607324
1028 0.62234825
1029 0.62178255
1030 0.49265918
1031 0.49102837
1032 0.47102641
1033 0.54584578
1034 0.51664132
1035 0.44350723
1036 0.44725842
1037 0.42613470
1038 0.40866197
1039 0.38224855
1040 0.53245525
1041 0.39375275
1042 0.45539626
1043 0.41492751
1044 0.38422152
1045 0.43974170
1046 0.43397813
1047 0.43708294
1048 0.52838172
1049 0.59464525
1050 0.49265918
1051 0.67126286
1052 0.58774293
1053 0.55102340
1054 0.56032701
1055 0.49997068
1056 0.48679274
1057 0.51064212
1058 0.39783825
1059 0.41844481
1060 0.46921374
1061 0.44751335
1062 0.41507900
1063 0.38485379
1064 0.46782813
1065 0.51222618
1066 0.48305040
1067 0.59040502
1068 0.51071532
1069 0.57632343
1070 0.65143783
1071 0.67126286
1072 0.66398358
1073 0.63651279
1074 0.60549490
1075 0.50704256
1076 0.50371635
1077 0.55818253
1078 0.44187616
1079 0.44493520
1080 0.48700541
1081 0.43426204
1082 0.47219375
1083 0.42237969
1084 0.44555117
1085 0.48349485
1086 0.44176520
1087 0.53242239
1088 0.44799694
1089 0.46806570
1090 0.47873135
1091 0.57772620
1092 0.66398358
1093 0.75736311
1094 0.68766179
1095 0.58937627
1096 0.55333932
1097 0.58532173
1098 0.50322506
1099 0.46805291
1100 0.46923418
1101 0.45710526
1102 0.54353827
1103 0.44429298
1104 0.43078922
1105 0.43194989
1106 0.51031347
1107 0.46914861
1108 0.50807738
1109 0.54890318
1110 0.57177064
1111 0.71481055
1112 0.63593485
1113 0.75736311
1114 0.80607391
1115 0.74507420
1116 0.64511898
1117 0.60789752
1118 0.56575252
1119 0.59514940
1120 0.49133666
1121 0.59738601
1122 0.54239522
1123 0.49476304
1124 0.52183933
1125 0.59807663
1126 0.52578770
1127 0.48971385
1128 0.50320849
1129 0.53393098
1130 0.62374315
1131 0.56998671
1132 0.69089601
1133 0.79625076
1134 0.80607391
1135 0.73210562
1136 0.69591366
1137 0.65508568
1138 0.64433078
1139 0.61145589
1140 0.57167587
1141 0.52908223
1142 0.53722252
1143 0.56047538
1144 0.45834425
1145 0.53639070
1146 0.49515950
1147 0.56283377
1148 0.49386817
1149 0.57940560
1150 0.61183052
1151 0.63444852
1152 0.64113805
1153 0.71024128
1154 0.79218895
1155 0.73210562
1156 0.83949786
1157 0.65558805
1158 0.62557975
1159 0.49557301
1160 0.51162218
1161 0.44607623
1162 0.47785621
1163 0.44734679
1164 0.46476339
1165 0.43724809
1166 0.40497504
1167 0.42993307
1168 0.38559415
1169 0.46711590
1170 0.52976912
1171 0.49680575
1172 0.47418244
1173 0.54655217
1174 0.49748186
1175 0.68768070
1176 0.83949786
1177 0.73302930
1178 0.65438754
1179 0.55558171
1180 0.60410856
1181 0.55891676
1182 0.45445934
1183 0.52299232
1184 0.43371098
1185 0.41282527
1186 0.44748284
1187 0.49042109
1188 0.41196151
1189 0.45290342
1190 0.43760462
1191 0.56322908
1192 0.51127576
1193 0.49724788
1194 0.64273813
1195 0.58389624
1196 0.63864773
1197 0.73302930
1198 0.67132978
1199 0.63015418
1200 0.54233564
1201 0.53668495
1202 0.56595198
1203 0.51951735
1204 0.46382745
1205 0.52193110
1206 0.50860063
1207 0.45939817
1208 0.39405535
1209 0.41449902
1210 0.38317493
1211 0.46988763
1212 0.47111569
1213 0.43479353
1214 0.51655065
1215 0.52340522
1216 0.58165582
1217 0.62658251
1218 0.67132978
1219 0.70169707
1220 0.56828230
1221 0.52263039
1222 0.51658875
1223 0.48734295
1224 0.50311166
1225 0.46970041
1226 0.42223161
1227 0.32916747
1228 0.52008520
1229 0.37880327
1230 0.34453597
1231 0.40163310
1232 0.42893973
1233 0.43842906
1234 0.49016479
1235 0.41627059
1236 0.47593942
1237 0.63992115
1238 0.59437317
1239 0.70169707
1240 0.56239058
1241 0.56505084
1242 0.53915094
1243 0.46022078
1244 0.45993138
1245 0.42317591
1246 0.48215394
1247 0.44803843
1248 0.45476077
1249 0.49360146
1250 0.40482619
1251 0.36768082
1252 0.44288190
1253 0.47844568
1254 0.41513647
1255 0.43296538
1256 0.53995144
1257 0.53454236
1258 0.61318394
1259 0.58134943
1260 0.56239058
1261 0.71011730
1262 0.59529736
1263 0.57771070
1264 0.57293549
1265 0.50258590
1266 0.47269755
1267 0.38030308
1268 0.53611783
1269 0.50022698
1270 0.51017290
1271 0.51502966
1272 0.49425754
1273 0.54312878
1274 0.42990935
1275 0.50367157
1276 0.50112396
1277 0.52603602
1278 0.66906906
1279 0.59323832
1280 0.67019978
1281 0.71011730
1282 0.55708831
1283 0.62232073
1284 0.48412782
1285 0.40093766
1286 0.48387571
1287 0.42494989
1288 0.42224274
1289 0.44294936
1290 0.35198806
1291 0.50071178
1292 0.39273537
1293 0.39180762
1294 0.44040360
1295 0.39172620
1296 0.39766251
1297 0.40369319
1298 0.48242015
1299 0.41635618
1300 0.55183827
1301 0.58120130
1302 0.55708831
1303 0.60411719
1304 0.52819037
1305 0.49427466
1306 0.47609583
1307 0.44905909
1308 0.49537481
1309 0.39766088
1310 0.29488381
1311 0.35836615
1312 0.41764223
1313 0.31011920
1314 0.32819755
1315 0.39643036
1316 0.44242823
1317 0.41615310
1318 0.48402244
1319 0.36746877
1320 0.53068495
1321 0.52353568
1322 0.58890263
1323 0.60411719
1324 0.64763041
1325 0.59367131
1326 0.56690824
1327 0.53017122
1328 0.53616743
1329 0.57078440
1330 0.48118943
1331 0.50593927
1332 0.35243329
1333 0.44337001
1334 0.45061150
1335 0.50983115
1336 0.43586373
1337 0.47402120
1338 0.46716335
1339 0.49047203
1340 0.40856731
1341 0.53429320
1342 0.55041181
1343 0.59406548
1344 0.64763041
1345 0.81323738
1346 0.62417454
1347 0.63682121
1348 0.61182423
1349 0.63257538
1350 0.55723003
1351 0.51811935
1352 0.41805619
1353 0.49235286
1354 0.50333826
1355 0.46005684
1356 0.55660060
1357 0.45986297
1358 0.44793564
1359 0.48330999
1360 0.54229244
1361 0.59706467
1362 0.60597387
1363 0.67567502
1364 0.75367606
1365 0.81323738
1366 0.89497200
1367 0.80577800
1368 0.67532116
1369 0.63230847
1370 0.63376717
1371 0.62785841
1372 0.64063305
1373 0.58336618
1374 0.55644165
1375 0.59459291
1376 0.62768689
1377 0.53481976
1378 0.58777284
1379 0.61232840
1380 0.59480342
1381 0.70024696
1382 0.64469641
1383 0.67624651
1384 0.75763135
1385 0.81558364
1386 0.89497200
1387 0.67811838
1388 0.57778463
1389 0.63664316
1390 0.47125226
1391 0.52833960
1392 0.45891346
1393 0.38044090
1394 0.41271044
1395 0.40932999
1396 0.38231166
1397 0.44829142
1398 0.37285141
1399 0.36882871
1400 0.44462598
1401 0.38362374
1402 0.43662948
1403 0.43293610
1404 0.55170470
1405 0.52680780
1406 0.58252428
1407 0.67811838
1408 0.90603131
1409 0.72438394
1410 0.71465109
1411 0.72204699
1412 0.67708889
1413 0.70290788
1414 0.64042842
1415 0.61959900
1416 0.51213935
1417 0.66404892
1418 0.54888792
1419 0.68650192
1420 0.55098279
1421 0.54168039
1422 0.55231054
1423 0.55910055
1424 0.62804288
1425 0.68273982
1426 0.79092624
1427 0.77897435
1428 0.90603131
1429 0.76877297
1430 0.66430138
1431 0.66319702
1432 0.58035556
1433 0.51969615
1434 0.56138306
1435 0.54308257
1436 0.51821981
1437 0.41165701
1438 0.49123180
1439 0.51751568
1440 0.43268617
1441 0.47590074
1442 0.54082328
1443 0.45382802
1444 0.53911042
1445 0.60865560
1446 0.63664515
1447 0.55623343
1448 0.66100467
1449 0.76877297
1450 0.73327376
1451 0.70443717
1452 0.66381663
1453 0.65163585
1454 0.58705518
1455 0.63353926
1456 0.62918543
1457 0.50463559
1458 0.58486028
1459 0.54290068
1460 0.62563528
1461 0.50262792
1462 0.54835418
1463 0.57095226
1464 0.60156544
1465 0.57777526
1466 0.56091928
1467 0.54979672
1468 0.67936075
1469 0.71408619
1470 0.73327376
1471 0.64515947
1472 0.55535263
1473 0.56762692
1474 0.56555106
1475 0.54434803
1476 0.51955269
1477 0.53421426
1478 0.39593875
1479 0.46584565
1480 0.47063443
1481 0.45461878
1482 0.43844233
1483 0.46010875
1484 0.48011155
1485 0.47913197
1486 0.46699988
1487 0.45500183
1488 0.58670724
1489 0.57683814
1490 0.63429166
1491 0.64515947
1492 0.63594845
1493 0.66804221
1494 0.51888127
1495 0.55383067
1496 0.53899727
1497 0.53138883
1498 0.52232267
1499 0.51073908
1500 0.48799863
1501 0.45758765
1502 0.42913319
1503 0.49479960
1504 0.49258867
1505 0.59253095
1506 0.44530919
1507 0.53752398
1508 0.52273432
1509 0.47911334
1510 0.59922362
1511 0.63021385
1512 0.63594845
1513 0.50051262
1514 0.46733094
1515 0.69333771
1516 0.53724182
1517 0.43136041
1518 0.38378723
1519 0.37348578
1520 0.48540066
1521 0.21309792
1522 0.32085554
1523 0.35962576
1524 0.31993009
1525 0.32301269
1526 0.33952917
1527 0.41224913
1528 0.44949384
1529 0.49468813
1530 0.53752489
1531 0.36726616
1532 0.54090943
1533 0.50051262
1534 0.79082917
1535 0.70171136
1536 0.62338267
1537 0.46990107
1538 0.54341290
1539 0.53154533
1540 0.45705265
1541 0.47223479
1542 0.43984545
1543 0.51157858
1544 0.50573293
1545 0.50861504
1546 0.43496013
1547 0.48625956
1548 0.46955573
1549 0.50155961
1550 0.52174740
1551 0.53721483
1552 0.49676198
1553 0.60925708
1554 0.79082917
1555 0.62488727
1556 0.60541852
1557 0.65166463
1558 0.53716802
1559 0.47227866
1560 0.56511828
1561 0.48630029
1562 0.43448727
1563 0.36207312
1564 0.47750215
1565 0.53170645
1566 0.41929096
1567 0.47825168
1568 0.46345342
1569 0.49484536
1570 0.47334597
1571 0.46908086
1572 0.55247760
1573 0.59687164
1574 0.65638983
1575 0.62488727
1576 0.74954359
1577 0.78565239
1578 0.67019161
1579 0.57634254
1580 0.54025190
1581 0.54048552
1582 0.52897273
1583 0.52874642
1584 0.44481995
1585 0.45651644
1586 0.54862880
1587 0.51599700
1588 0.44543590
1589 0.47174200
1590 0.54522460
1591 0.58136535
1592 0.58291927
1593 0.54235825
1594 0.65262355
1595 0.64458327
1596 0.74954359
1597 0.70417540
1598 0.66738403
1599 0.62335709
1600 0.59977707
1601 0.61645832
1602 0.52287196
1603 0.45624350
1604 0.55363794
1605 0.49145292
1606 0.46550743
1607 0.44555904
1608 0.49463130
1609 0.47177812
1610 0.52730762
1611 0.56076845
1612 0.54638500
1613 0.42634507
1614 0.62642662
1615 0.69070421
1616 0.61748964
1617 0.70417540
1618 0.83222642
1619 0.78128143
1620 0.71192867
1621 0.65149528
1622 0.65202212
1623 0.68787587
1624 0.60078233
1625 0.57629658
1626 0.55663239
1627 0.55404419
1628 0.55720932
1629 0.54504497
1630 0.55806810
1631 0.60652267
1632 0.64960402
1633 0.63887053
1634 0.62633478
1635 0.68421309
1636 0.71513912
1637 0.75295892
1638 0.83222642
1639 1.06253627
1640 0.92222360
1641 0.88761453
1642 0.85261724
1643 0.78635941
1644 0.69530134
1645 0.74282431
1646 0.73938611
1647 0.77813566
1648 0.65333190
1649 0.70603541
1650 0.63687747
1651 0.76740686
1652 0.58406098
1653 0.62985353
1654 0.74401260
1655 0.80070843
1656 0.75900507
1657 0.91798969
1658 0.88148460
1659 1.06253627
1660 0.83222642
1661 0.78128143
1662 0.71192867
1663 0.65149528
1664 0.65202212
1665 0.68787587
1666 0.60078233
1667 0.57629658
1668 0.55663239
1669 0.55404419
1670 0.55720932
1671 0.54504497
1672 0.55806810
1673 0.60652267
1674 0.64960402
1675 0.63887053
1676 0.62633478
1677 0.68421309
1678 0.71513912
1679 0.75295892
1680 0.83222642
1681 0.70417540
1682 0.66738403
1683 0.62335709
1684 0.59977707
1685 0.61645832
1686 0.52287196
1687 0.45624350
1688 0.55363794
1689 0.49145292
1690 0.46550743
1691 0.44555904
1692 0.49463130
1693 0.47177812
1694 0.52730762
1695 0.56076845
1696 0.54638500
1697 0.42634507
1698 0.62642662
1699 0.69070421
1700 0.61748964
1701 0.70417540
1702 0.74954359
1703 0.78565239
1704 0.67019161
1705 0.57634254
1706 0.54025190
1707 0.54048552
1708 0.52897273
1709 0.52874642
1710 0.44481995
1711 0.45651644
1712 0.54862880
1713 0.51599700
1714 0.44543590
1715 0.47174200
1716 0.54522460
1717 0.58136535
1718 0.58291927
1719 0.54235825
1720 0.65262355
1721 0.64458327
1722 0.74954359
1723 0.62488727
1724 0.60541852
1725 0.65166463
1726 0.53716802
1727 0.47227866
1728 0.56511828
1729 0.48630029
1730 0.43448727
1731 0.36207312
1732 0.47750215
1733 0.53170645
1734 0.41929096
1735 0.47825168
1736 0.46345342
1737 0.49484536
1738 0.47334597
1739 0.46908086
1740 0.55247760
1741 0.59687164
1742 0.65638983
1743 0.62488727
1744 0.79082917
1745 0.70171136
1746 0.62338267
1747 0.46990107
1748 0.54341290
1749 0.53154533
1750 0.45705265
1751 0.47223479
1752 0.43984545
1753 0.51157858
1754 0.50573293
1755 0.50861504
1756 0.43496013
1757 0.48625956
1758 0.46955573
1759 0.50155961
1760 0.52174740
1761 0.53721483
1762 0.49676198
1763 0.60925708
1764 0.79082917
1765 0.71011730
1766 0.59529736
1767 0.57771070
1768 0.57293549
1769 0.50258590
1770 0.47269755
1771 0.38030308
1772 0.53611783
1773 0.50022698
1774 0.51017290
1775 0.51502966
1776 0.49425754
1777 0.54312878
1778 0.42990935
1779 0.50367157
1780 0.50112396
1781 0.52603602
1782 0.66906906
1783 0.59323832
1784 0.67019978
1785 0.71011730
1786 0.63594845
1787 0.66804221
1788 0.51888127
1789 0.55383067
1790 0.53899727
1791 0.53138883
1792 0.52232267
1793 0.51073908
1794 0.48799863
1795 0.45758765
1796 0.42913319
1797 0.49479960
1798 0.49258867
1799 0.59253095
1800 0.44530919
1801 0.53752398
1802 0.52273432
1803 0.47911334
1804 0.59922362
1805 0.63021385
1806 0.63594845
1807 0.64515947
1808 0.55535263
1809 0.56762692
1810 0.56555106
1811 0.54434803
1812 0.51955269
1813 0.53421426
1814 0.39593875
1815 0.46584565
1816 0.47063443
1817 0.45461878
1818 0.43844233
1819 0.46010875
1820 0.48011155
1821 0.47913197
1822 0.46699988
1823 0.45500183
1824 0.58670724
1825 0.57683814
1826 0.63429166
1827 0.64515947
1828 0.73327376
1829 0.70443717
1830 0.66381663
1831 0.65163585
1832 0.58705518
1833 0.63353926
1834 0.62918543
1835 0.50463559
1836 0.58486028
1837 0.54290068
1838 0.62563528
1839 0.50262792
1840 0.54835418
1841 0.57095226
1842 0.60156544
1843 0.57777526
1844 0.56091928
1845 0.54979672
1846 0.67936075
1847 0.71408619
1848 0.73327376
1849 0.76877297
1850 0.66430138
1851 0.66319702
1852 0.58035556
1853 0.51969615
1854 0.56138306
1855 0.54308257
1856 0.51821981
1857 0.41165701
1858 0.49123180
1859 0.51751568
1860 0.43268617
1861 0.47590074
1862 0.54082328
1863 0.45382802
1864 0.53911042
1865 0.60865560
1866 0.63664515
1867 0.55623343
1868 0.66100467
1869 0.76877297
1870 0.90603131
1871 0.72438394
1872 0.71465109
1873 0.72204699
1874 0.67708889
1875 0.70290788
1876 0.64042842
1877 0.61959900
1878 0.51213935
1879 0.66404892
1880 0.54888792
1881 0.68650192
1882 0.55098279
1883 0.54168039
1884 0.55231054
1885 0.55910055
1886 0.62804288
1887 0.68273982
1888 0.79092624
1889 0.77897435
1890 0.90603131
1891 0.67811838
1892 0.57778463
1893 0.63664316
1894 0.47125226
1895 0.52833960
1896 0.45891346
1897 0.38044090
1898 0.41271044
1899 0.40932999
1900 0.38231166
1901 0.44829142
1902 0.37285141
1903 0.36882871
1904 0.44462598
1905 0.38362374
1906 0.43662948
1907 0.43293610
1908 0.55170470
1909 0.52680780
1910 0.58252428
1911 0.67811838
1912 0.89497200
1913 0.80577800
1914 0.67532116
1915 0.63230847
1916 0.63376717
1917 0.62785841
1918 0.64063305
1919 0.58336618
1920 0.55644165
1921 0.59459291
1922 0.62768689
1923 0.53481976
1924 0.58777284
1925 0.61232840
1926 0.59480342
1927 0.70024696
1928 0.64469641
1929 0.67624651
1930 0.75763135
1931 0.81558364
1932 0.89497200
1933 0.81323738
1934 0.62417454
1935 0.63682121
1936 0.61182423
1937 0.63257538
1938 0.55723003
1939 0.51811935
1940 0.41805619
1941 0.49235286
1942 0.50333826
1943 0.46005684
1944 0.55660060
1945 0.45986297
1946 0.44793564
1947 0.48330999
1948 0.54229244
1949 0.59706467
1950 0.60597387
1951 0.67567502
1952 0.75367606
1953 0.81323738
1954 0.64763041
1955 0.59367131
1956 0.56690824
1957 0.53017122
1958 0.53616743
1959 0.57078440
1960 0.48118943
1961 0.50593927
1962 0.35243329
1963 0.44337001
1964 0.45061150
1965 0.50983115
1966 0.43586373
1967 0.47402120
1968 0.46716335
1969 0.49047203
1970 0.40856731
1971 0.53429320
1972 0.55041181
1973 0.59406548
1974 0.64763041
1975 0.60411719
1976 0.52819037
1977 0.49427466
1978 0.47609583
1979 0.44905909
1980 0.49537481
1981 0.39766088
1982 0.29488381
1983 0.35836615
1984 0.41764223
1985 0.31011920
1986 0.32819755
1987 0.39643036
1988 0.44242823
1989 0.41615310
1990 0.48402244
1991 0.36746877
1992 0.53068495
1993 0.52353568
1994 0.58890263
1995 0.60411719
1996 0.55708831
1997 0.62232073
1998 0.48412782
1999 0.40093766
2000 0.48387571
2001 0.42494989
2002 0.42224274
2003 0.44294936
2004 0.35198806
2005 0.50071178
2006 0.39273537
2007 0.39180762
2008 0.44040360
2009 0.39172620
2010 0.39766251
2011 0.40369319
2012 0.48242015
2013 0.41635618
2014 0.55183827
2015 0.58120130
2016 0.55708831
2017 0.62178255
2018 0.60509320
2019 0.56047595
2020 0.51902435
2021 0.59277450
2022 0.57270927
2023 0.37728411
2024 0.42193466
2025 0.45913812
2026 0.49920243
2027 0.40508286
2028 0.49215027
2029 0.44824022
2030 0.49760880
2031 0.43998837
2032 0.47764117
2033 0.47332915
2034 0.52208262
2035 0.56607324
2036 0.62234825
2037 0.62178255
2038 0.56239058
2039 0.56505084
2040 0.53915094
2041 0.46022078
2042 0.45993138
2043 0.42317591
2044 0.48215394
2045 0.44803843
2046 0.45476077
2047 0.49360146
2048 0.40482619
2049 0.36768082
2050 0.44288190
2051 0.47844568
2052 0.41513647
2053 0.43296538
2054 0.53995144
2055 0.53454236
2056 0.61318394
2057 0.58134943
2058 0.56239058
2059 0.70169707
2060 0.56828230
2061 0.52263039
2062 0.51658875
2063 0.48734295
2064 0.50311166
2065 0.46970041
2066 0.42223161
2067 0.32916747
2068 0.52008520
2069 0.37880327
2070 0.34453597
2071 0.40163310
2072 0.42893973
2073 0.43842906
2074 0.49016479
2075 0.41627059
2076 0.47593942
2077 0.63992115
2078 0.59437317
2079 0.70169707
2080 0.67132978
2081 0.63015418
2082 0.54233564
2083 0.53668495
2084 0.56595198
2085 0.51951735
2086 0.46382745
2087 0.52193110
2088 0.50860063
2089 0.45939817
2090 0.39405535
2091 0.41449902
2092 0.38317493
2093 0.46988763
2094 0.47111569
2095 0.43479353
2096 0.51655065
2097 0.52340522
2098 0.58165582
2099 0.62658251
2100 0.67132978
2101 0.73302930
2102 0.65438754
2103 0.55558171
2104 0.60410856
2105 0.55891676
2106 0.45445934
2107 0.52299232
2108 0.43371098
2109 0.41282527
2110 0.44748284
2111 0.49042109
2112 0.41196151
2113 0.45290342
2114 0.43760462
2115 0.56322908
2116 0.51127576
2117 0.49724788
2118 0.64273813
2119 0.58389624
2120 0.63864773
2121 0.73302930
2122 0.83949786
2123 0.65558805
2124 0.62557975
2125 0.49557301
2126 0.51162218
2127 0.44607623
2128 0.47785621
2129 0.44734679
2130 0.46476339
2131 0.43724809
2132 0.40497504
2133 0.42993307
2134 0.38559415
2135 0.46711590
2136 0.52976912
2137 0.49680575
2138 0.47418244
2139 0.54655217
2140 0.49748186
2141 0.68768070
2142 0.83949786
2143 0.73210562
2144 0.69591366
2145 0.65508568
2146 0.64433078
2147 0.61145589
2148 0.57167587
2149 0.52908223
2150 0.53722252
2151 0.56047538
2152 0.45834425
2153 0.53639070
2154 0.49515950
2155 0.56283377
2156 0.49386817
2157 0.57940560
2158 0.61183052
2159 0.63444852
2160 0.64113805
2161 0.71024128
2162 0.79218895
2163 0.73210562
2164 0.80607391
2165 0.74507420
2166 0.64511898
2167 0.60789752
2168 0.56575252
2169 0.59514940
2170 0.49133666
2171 0.59738601
2172 0.54239522
2173 0.49476304
2174 0.52183933
2175 0.59807663
2176 0.52578770
2177 0.48971385
2178 0.50320849
2179 0.53393098
2180 0.62374315
2181 0.56998671
2182 0.69089601
2183 0.79625076
2184 0.80607391
2185 0.75736311
2186 0.68766179
2187 0.58937627
2188 0.55333932
2189 0.58532173
2190 0.50322506
2191 0.46805291
2192 0.46923418
2193 0.45710526
2194 0.54353827
2195 0.44429298
2196 0.43078922
2197 0.43194989
2198 0.51031347
2199 0.46914861
2200 0.50807738
2201 0.54890318
2202 0.57177064
2203 0.71481055
2204 0.63593485
2205 0.75736311
2206 0.66398358
2207 0.63651279
2208 0.60549490
2209 0.50704256
2210 0.50371635
2211 0.55818253
2212 0.44187616
2213 0.44493520
2214 0.48700541
2215 0.43426204
2216 0.47219375
2217 0.42237969
2218 0.44555117
2219 0.48349485
2220 0.44176520
2221 0.53242239
2222 0.44799694
2223 0.46806570
2224 0.47873135
2225 0.57772620
2226 0.66398358
2227 0.67126286
2228 0.58774293
2229 0.55102340
2230 0.56032701
2231 0.49997068
2232 0.48679274
2233 0.51064212
2234 0.39783825
2235 0.41844481
2236 0.46921374
2237 0.44751335
2238 0.41507900
2239 0.38485379
2240 0.46782813
2241 0.51222618
2242 0.48305040
2243 0.59040502
2244 0.51071532
2245 0.57632343
2246 0.65143783
2247 0.67126286
2248 0.49265918
2249 0.49102837
2250 0.47102641
2251 0.54584578
2252 0.51664132
2253 0.44350723
2254 0.44725842
2255 0.42613470
2256 0.40866197
2257 0.38224855
2258 0.53245525
2259 0.39375275
2260 0.45539626
2261 0.41492751
2262 0.38422152
2263 0.43974170
2264 0.43397813
2265 0.43708294
2266 0.52838172
2267 0.59464525
2268 0.49265918
2269 0.49738073
2270 0.45027445
2271 0.49070862
2272 0.42980896
2273 0.39769081
2274 0.35112673
2275 0.37714939
2276 0.46669678
2277 0.32788843
2278 0.37485028
2279 0.38743021
2280 0.37303909
2281 0.34548343
2282 0.37547975
2283 0.44186465
2284 0.43747450
2285 0.40683983
2286 0.47037038
2287 0.51438966
2288 0.55641572
2289 0.49738073
2290 0.55331529
2291 0.47916737
2292 0.42850750
2293 0.55917646
2294 0.54186148
2295 0.46843552
2296 0.49052909
2297 0.36436142
2298 0.39728373
2299 0.51692779
2300 0.39231293
2301 0.41469732
2302 0.41911058
2303 0.47606405
2304 0.41821155
2305 0.51150373
2306 0.44836047
2307 0.48516904
2308 0.44041426
2309 0.54725451
2310 0.55331529
2311 0.54906006
2312 0.44071355
2313 0.51257948
2314 0.40556243
2315 0.44025255
2316 0.42055171
2317 0.40241472
2318 0.36346068
2319 0.44615635
2320 0.37592843
2321 0.35362674
2322 0.39838637
2323 0.42835291
2324 0.48935265
2325 0.51531430
2326 0.42747209
2327 0.53368770
2328 0.51110067
2329 0.53858256
2330 0.49619165
2331 0.54906006
2332 0.54581201
2333 0.47255732
2334 0.54962701
2335 0.42377717
2336 0.45880852
2337 0.45956598
2338 0.38683743
2339 0.34307446
2340 0.38950612
2341 0.37425003
2342 0.39837448
2343 0.39293983
2344 0.45250189
2345 0.41820438
2346 0.39452031
2347 0.47382462
2348 0.39262306
2349 0.48153356
2350 0.51647630
2351 0.41962692
2352 0.54581201
2353 0.68138007
2354 0.65062228
2355 0.57913667
2356 0.57913908
2357 0.56811193
2358 0.44422619
2359 0.54528212
2360 0.44424054
2361 0.50899869
2362 0.47804886
2363 0.39987000
2364 0.50234897
2365 0.49154402
2366 0.47700382
2367 0.38789230
2368 0.43320259
2369 0.46517063
2370 0.54944144
2371 0.51014699
2372 0.59674865
2373 0.68138007
2374 0.66817630
2375 0.61913977
2376 0.53970518
2377 0.55569092
2378 0.47200065
2379 0.52558302
2380 0.35673731
2381 0.41712008
2382 0.40140644
2383 0.42780394
2384 0.36950430
2385 0.35085317
2386 0.42685378
2387 0.44180254
2388 0.48448544
2389 0.38882265
2390 0.47767304
2391 0.46994186
2392 0.51988834
2393 0.58238840
2394 0.66817630
2395 0.84600917
2396 0.74181956
2397 0.76355671
2398 0.62418712
2399 0.59394930
2400 0.60806261
2401 0.56494120
2402 0.58930875
2403 0.55875703
2404 0.62231615
2405 0.52895381
2406 0.56279076
2407 0.59735483
2408 0.54799543
2409 0.61005062
2410 0.58064127
2411 0.65222745
2412 0.64652787
2413 0.74907746
2414 0.69767212
2415 0.84600917
2416 0.70080968
2417 0.64533663
2418 0.59378600
2419 0.49414154
2420 0.46498764
2421 0.43196820
2422 0.45043342
2423 0.41679662
2424 0.48346629
2425 0.42152378
2426 0.48344306
2427 0.36997997
2428 0.45120556
2429 0.43385707
2430 0.48137826
2431 0.37519768
2432 0.51241279
2433 0.53902896
2434 0.64673088
2435 0.56251521
2436 0.70080968
2437 0.81121592
2438 0.72235113
2439 0.70395148
2440 0.66825650
2441 0.63191960
2442 0.58966225
2443 0.54704709
2444 0.59984348
2445 0.56617645
2446 0.54564385
2447 0.53988455
2448 0.49936754
2449 0.57948889
2450 0.61233481
2451 0.56662024
2452 0.59943839
2453 0.64988684
2454 0.63221983
2455 0.71975462
2456 0.69417107
2457 0.81121592
2458 0.69387191
2459 0.67770234
2460 0.66105813
2461 0.65283552
2462 0.60350527
2463 0.56460594
2464 0.61268664
2465 0.52585448
2466 0.52059651
2467 0.52925184
2468 0.53417372
2469 0.46358156
2470 0.50751566
2471 0.58627680
2472 0.48078709
2473 0.56266975
2474 0.59468961
2475 0.55527302
2476 0.57081332
2477 0.67222582
2478 0.69387191
2479 0.68698389
2480 0.63953747
2481 0.52668723
2482 0.54317989
2483 0.52636401
2484 0.39181278
2485 0.45443440
2486 0.44517749
2487 0.49906346
2488 0.42720388
2489 0.43409382
2490 0.43079681
2491 0.48561768
2492 0.43421254
2493 0.38881406
2494 0.49575703
2495 0.51139315
2496 0.56407697
2497 0.53108761
2498 0.50448232
2499 0.68698389
2500 0.54905805
2501 0.52976708
2502 0.47737648
2503 0.46561124
2504 0.43506721
2505 0.58065534
2506 0.41447975
2507 0.41277939
2508 0.34468351
2509 0.40060646
2510 0.41534224
2511 0.49313127
2512 0.41265319
2513 0.49415661
2514 0.41421373
2515 0.40321080
2516 0.40599319
2517 0.41127279
2518 0.52797900
2519 0.39777828
2520 0.54905805
2521 0.44750542
2522 0.42712146
2523 0.37910737
2524 0.34321892
2525 0.37215595
2526 0.38666671
2527 0.41711478
2528 0.40444619
2529 0.41638550
2530 0.41615154
2531 0.31837261
2532 0.38872887
2533 0.42655098
2534 0.41903951
2535 0.36986465
2536 0.45622078
2537 0.39840973
2538 0.37744146
2539 0.44126655
2540 0.52027913
2541 0.44750542
2542 0.49701240
2543 0.48425019
2544 0.52331682
2545 0.48577164
2546 0.36626772
2547 0.45308339
2548 0.39317683
2549 0.46911639
2550 0.44253690
2551 0.38583583
2552 0.38407860
2553 0.33595862
2554 0.43338307
2555 0.37338859
2556 0.43558736
2557 0.48732173
2558 0.43817414
2559 0.47848158
2560 0.44755654
2561 0.52699733
2562 0.49701240
2563 0.54666212
2564 0.47853507
2565 0.50260386
2566 0.53800040
2567 0.37248687
2568 0.53272285
2569 0.46386593
2570 0.45346971
2571 0.43000606
2572 0.44130655
2573 0.47511168
2574 0.47175020
2575 0.36167747
2576 0.38864454
2577 0.44257297
2578 0.43093070
2579 0.41488841
2580 0.43659701
2581 0.44358270
2582 0.53951508
2583 0.54666212
2584 0.54756262
2585 0.61188339
2586 0.47131791
2587 0.52614087
2588 0.52892445
2589 0.52181334
2590 0.41479721
2591 0.45052877
2592 0.38560260
2593 0.43076953
2594 0.46190614
2595 0.40889462
2596 0.46476707
2597 0.46171989
2598 0.45828036
2599 0.45502430
2600 0.45661185
2601 0.52478326
2602 0.46601855
2603 0.54431423
2604 0.54756262
2605 0.61414501
2606 0.52097633
2607 0.48896490
2608 0.53537071
2609 0.44368213
2610 0.44986651
2611 0.39352612
2612 0.40955478
2613 0.43233967
2614 0.47362112
2615 0.49381898
2616 0.45425917
2617 0.45085435
2618 0.38394750
2619 0.45237791
2620 0.41038804
2621 0.48215441
2622 0.52431039
2623 0.62194422
2624 0.57982658
2625 0.61414501
2626 0.57014034
2627 0.51554245
2628 0.51837235
2629 0.51234675
2630 0.40501472
2631 0.44816750
2632 0.36580671
2633 0.44594257
2634 0.36920722
2635 0.39548196
2636 0.44799138
2637 0.36316185
2638 0.40380341
2639 0.43365058
2640 0.47164896
2641 0.42878899
2642 0.54826304
2643 0.48332203
2644 0.53612800
2645 0.58262324
2646 0.57014034
2647 0.69893703
2648 0.62836431
2649 0.55095520
2650 0.55784345
2651 0.51137838
2652 0.55150483
2653 0.39523683
2654 0.40325707
2655 0.45082020
2656 0.47415911
2657 0.49468246
2658 0.50251628
2659 0.47797098
2660 0.56787343
2661 0.48924743
2662 0.49221212
2663 0.54075295
2664 0.54857057
2665 0.54164632
2666 0.61605707
2667 0.69893703
2668 0.49280930
2669 0.54630811
2670 0.37386371
2671 0.48414273
2672 0.39243159
2673 0.38222486
2674 0.33874638
2675 0.39159984
2676 0.23481356
2677 0.29578372
2678 0.37365211
2679 0.39419543
2680 0.35076139
2681 0.41309410
2682 0.34838805
2683 0.40157042
2684 0.46234183
2685 0.41058748
2686 0.41978235
2687 0.51406637
2688 0.49280930
2689 0.66622403
2690 0.62647379
2691 0.63539878
2692 0.61063860
2693 0.58230994
2694 0.58262637
2695 0.54756606
2696 0.51130413
2697 0.48522874
2698 0.52299188
2699 0.49459431
2700 0.51385238
2701 0.52169040
2702 0.50925843
2703 0.54103199
2704 0.60709094
2705 0.55931573
2706 0.51910858
2707 0.56171682
2708 0.73482138
2709 0.66622403
2710 0.68588290
2711 0.63290294
2712 0.55195740
2713 0.61838838
2714 0.52632385
2715 0.44979067
2716 0.50748045
2717 0.53255050
2718 0.50066075
2719 0.54883903
2720 0.53852293
2721 0.54054882
2722 0.49570924
2723 0.46818715
2724 0.53130310
2725 0.53964012
2726 0.54804779
2727 0.52079431
2728 0.63445046
2729 0.57914219
2730 0.68588290
2731 0.57224967
2732 0.60027761
2733 0.55247146
2734 0.55479642
2735 0.48037451
2736 0.47386059
2737 0.48240314
2738 0.40780725
2739 0.42321840
2740 0.47117975
2741 0.47586439
2742 0.37554068
2743 0.36642838
2744 0.56807956
2745 0.47550701
2746 0.55208181
2747 0.50783787
2748 0.48328843
2749 0.55576448
2750 0.57719060
2751 0.57224967
2752 0.51315281
2753 0.49094989
2754 0.47913514
2755 0.48577039
2756 0.43979836
2757 0.41747418
2758 0.43799920
2759 0.36798937
2760 0.47606568
2761 0.41129880
2762 0.47470355
2763 0.50386984
2764 0.49081962
2765 0.44221231
2766 0.40115721
2767 0.52481562
2768 0.46762558
2769 0.44289675
2770 0.43326841
2771 0.46804445
2772 0.51315281
2773 0.47533338
2774 0.46735369
2775 0.52727453
2776 0.45787372
2777 0.45714257
2778 0.53105221
2779 0.47637302
2780 0.44915615
2781 0.42321936
2782 0.44810346
2783 0.41820169
2784 0.42554645
2785 0.46277057
2786 0.42649728
2787 0.38578979
2788 0.41556749
2789 0.45244451
2790 0.46772791
2791 0.45127034
2792 0.57365860
2793 0.47533338
2794 0.43607268
2795 0.43107103
2796 0.46935396
2797 0.35643387
2798 0.41053618
2799 0.40616044
2800 0.46518651
2801 0.37372348
2802 0.45386414
2803 0.44313526
2804 0.37575505
2805 0.49086329
2806 0.41170183
2807 0.30206168
2808 0.45917437
2809 0.43519453
2810 0.46797456
2811 0.48609713
2812 0.46124891
2813 0.53042794
2814 0.43607268
2815 0.31166549
2816 0.35701125
2817 0.39285845
2818 0.36946672
2819 0.38078695
2820 0.46151304
2821 0.39572474
2822 0.43742366
2823 0.38130059
2824 0.36053509
2825 0.35769778
2826 0.42974807
2827 0.33268430
2828 0.43501413
2829 0.43575254
2830 0.40137526
2831 0.35038611
2832 0.42875917
2833 0.43168752
2834 0.40288236
2835 0.31166549
2836 0.45872358
2837 0.46098600
2838 0.43883393
2839 0.47310968
2840 0.45811845
2841 0.38165184
2842 0.38824123
2843 0.39084054
2844 0.34836122
2845 0.39387017
2846 0.37411172
2847 0.40752202
2848 0.32030437
2849 0.34236112
2850 0.38207426
2851 0.34296458
2852 0.43941194
2853 0.41381314
2854 0.48040552
2855 0.44955220
2856 0.45872358
2857 0.51701547
2858 0.47059326
2859 0.48399873
2860 0.50080532
2861 0.45576327
2862 0.42229196
2863 0.39294863
2864 0.39196598
2865 0.37789352
2866 0.32033212
2867 0.37233250
2868 0.38178504
2869 0.41622920
2870 0.26800771
2871 0.46196194
2872 0.33620793
2873 0.44940815
2874 0.48260055
2875 0.46263283
2876 0.47718699
2877 0.51701547
2878 0.66995977
2879 0.66498962
2880 0.53010901
2881 0.49533758
2882 0.53849313
2883 0.45671852
2884 0.44817375
2885 0.48494341
2886 0.45889115
2887 0.41281408
2888 0.43226771
2889 0.41490573
2890 0.43343523
2891 0.45369939
2892 0.46450329
2893 0.50371151
2894 0.53994983
2895 0.55998500
2896 0.53849826
2897 0.65549757
2898 0.66995977
2899 0.56758995
2900 0.45616085
2901 0.52255340
2902 0.47094800
2903 0.39888484
2904 0.40175299
2905 0.41642333
2906 0.31255012
2907 0.37335245
2908 0.34853379
2909 0.38205656
2910 0.34046123
2911 0.39151754
2912 0.37848415
2913 0.44995810
2914 0.43476014
2915 0.51905944
2916 0.44059770
2917 0.51732133
2918 0.53404100
2919 0.56758995
2920 0.51323817
2921 0.56280464
2922 0.49963116
2923 0.36804018
2924 0.53233035
2925 0.36203753
2926 0.46669914
2927 0.38916426
2928 0.41891470
2929 0.33664050
2930 0.37027230
2931 0.43152489
2932 0.38155866
2933 0.35584181
2934 0.30310838
2935 0.42854378
2936 0.51987994
2937 0.46917460
2938 0.48193666
2939 0.44203397
2940 0.51323817
2941 0.61282518
2942 0.62190739
2943 0.58230695
2944 0.55048376
2945 0.47099956
2946 0.50474677
2947 0.47355059
2948 0.49190676
2949 0.46938488
2950 0.52299619
2951 0.59374535
2952 0.53126060
2953 0.52494620
2954 0.47917838
2955 0.52514960
2956 0.47975588
2957 0.51437114
2958 0.57463329
2959 0.59080924
2960 0.63867735
2961 0.61282518
2962 0.55344913
2963 0.46489444
2964 0.49738039
2965 0.45865151
2966 0.40419894
2967 0.44117225
2968 0.41796348
2969 0.32961038
2970 0.42173702
2971 0.32680807
2972 0.45438336
2973 0.42289276
2974 0.43447456
2975 0.44247232
2976 0.38219233
2977 0.43601806
2978 0.42163071
2979 0.49426893
2980 0.45054439
2981 0.42140063
2982 0.55344913
2983 0.39870878
2984 0.44258370
2985 0.40490240
2986 0.41121732
2987 0.42538831
2988 0.37226784
2989 0.44676371
2990 0.38520461
2991 0.44845920
2992 0.39809462
2993 0.39344468
2994 0.43001400
2995 0.38737834
2996 0.39376662
2997 0.39695681
2998 0.32530152
2999 0.45451791
3000 0.39792004
3001 0.42151338
3002 0.45674365
3003 0.39870878
3004 0.39875258
3005 0.44214847
3006 0.49149132
3007 0.47213362
3008 0.41366816
3009 0.45430376
3010 0.46878537
3011 0.39738804
3012 0.42270588
3013 0.43835166
3014 0.44440597
3015 0.33784687
3016 0.37258085
3017 0.45621010
3018 0.45099853
3019 0.43806062
3020 0.44490832
3021 0.34359169
3022 0.46139686
3023 0.37157815
3024 0.39875258
