index DenDen_momentum
1 144.15528206
2 144.19640845
3 144.14707269
4 144.23545919
5 144.17475335
6 144.24054351
7 144.19031734
8 144.16155987
9 144.28408156
10 144.26188636
11 144.22816425
12 144.24963725
13 144.21336949
14 144.22139580
15 144.18845391
16 144.29662633
17 144.14835111
18 144.09337574
19 144.14920090
20 144.27006864
21 144.15528206
22 0.36303766
23 0.39914050
24 0.36377108
25 0.36935592
26 0.44679838
27 0.34624105
28 0.44103072
29 0.35439347
30 0.45084211
31 0.39122314
32 0.39500110
33 0.30178760
34 0.32606967
35 0.38656502
36 0.41337482
37 0.38823292
38 0.41268335
39 0.43844149
40 0.47150207
41 0.39190473
42 0.36303766
43 0.43738594
44 0.42161106
45 0.49269405
46 0.41020277
47 0.48952765
48 0.38857725
49 0.47759647
50 0.47350165
51 0.41951138
52 0.36829508
53 0.45098034
54 0.42306842
55 0.39527130
56 0.37390772
57 0.45420763
58 0.40609310
59 0.40440209
60 0.44896304
61 0.51708685
62 0.46884682
63 0.43738594
64 0.46981735
65 0.44714210
66 0.43913772
67 0.43532646
68 0.44717099
69 0.46674530
70 0.47165689
71 0.46237961
72 0.46151705
73 0.38446769
74 0.43203235
75 0.36940320
76 0.43606930
77 0.40016483
78 0.38853364
79 0.42698052
80 0.51496124
81 0.48494735
82 0.44622728
83 0.48766094
84 0.46981735
85 0.48227872
86 0.48341598
87 0.41808151
88 0.38216557
89 0.39292923
90 0.35879743
91 0.41884226
92 0.33626103
93 0.30694080
94 0.35566992
95 0.32030980
96 0.38641285
97 0.38102873
98 0.22858342
99 0.30943621
100 0.33308068
101 0.39094114
102 0.48000107
103 0.45234673
104 0.47091458
105 0.48227872
106 0.57934295
107 0.50703572
108 0.40748228
109 0.41088759
110 0.48964202
111 0.42547162
112 0.32762267
113 0.33426756
114 0.41477742
115 0.34368111
116 0.28813832
117 0.32518815
118 0.39512694
119 0.34798137
120 0.37051881
121 0.38061261
122 0.48104930
123 0.48653849
124 0.41143496
125 0.44284905
126 0.57934295
127 0.71669664
128 0.77512292
129 0.72571440
130 0.72334852
131 0.59256818
132 0.63551821
133 0.56595276
134 0.57802057
135 0.59998672
136 0.58679663
137 0.53364328
138 0.60371467
139 0.48352277
140 0.52308584
141 0.70882111
142 0.61755661
143 0.57354181
144 0.68182435
145 0.64877630
146 0.77450208
147 0.71669664
148 0.57934295
149 0.50703572
150 0.40748228
151 0.41088759
152 0.48964202
153 0.42547162
154 0.32762267
155 0.33426756
156 0.41477742
157 0.34368111
158 0.28813832
159 0.32518815
160 0.39512694
161 0.34798137
162 0.37051881
163 0.38061261
164 0.48104930
165 0.48653849
166 0.41143496
167 0.44284905
168 0.57934295
169 0.48227872
170 0.48341598
171 0.41808151
172 0.38216557
173 0.39292923
174 0.35879743
175 0.41884226
176 0.33626103
177 0.30694080
178 0.35566992
179 0.32030980
180 0.38641285
181 0.38102873
182 0.22858342
183 0.30943621
184 0.33308068
185 0.39094114
186 0.48000107
187 0.45234673
188 0.47091458
189 0.48227872
190 0.46981735
191 0.44714210
192 0.43913772
193 0.43532646
194 0.44717099
195 0.46674530
196 0.47165689
197 0.46237961
198 0.46151705
199 0.38446769
200 0.43203235
201 0.36940320
202 0.43606930
203 0.40016483
204 0.38853364
205 0.42698052
206 0.51496124
207 0.48494735
208 0.44622728
209 0.48766094
210 0.46981735
211 0.43738594
212 0.42161106
213 0.49269405
214 0.41020277
215 0.48952765
216 0.38857725
217 0.47759647
218 0.47350165
219 0.41951138
220 0.36829508
221 0.45098034
222 0.42306842
223 0.39527130
224 0.37390772
225 0.45420763
226 0.40609310
227 0.40440209
228 0.44896304
229 0.51708685
230 0.46884682
231 0.43738594
232 0.36303766
233 0.39914050
234 0.36377108
235 0.36935592
236 0.44679838
237 0.34624105
238 0.44103072
239 0.35439347
240 0.45084211
241 0.39122314
242 0.39500110
243 0.30178760
244 0.32606967
245 0.38656502
246 0.41337482
247 0.38823292
248 0.41268335
249 0.43844149
250 0.47150207
251 0.39190473
252 0.36303766
253 0.41617232
254 0.43409594
255 0.45799635
256 0.47860666
257 0.35631189
258 0.54868069
259 0.49323848
260 0.41758493
261 0.36975198
262 0.47258925
263 0.45492165
264 0.41800685
265 0.41411135
266 0.50844625
267 0.31283842
268 0.43512189
269 0.43824436
270 0.47040983
271 0.40176084
272 0.43331478
273 0.41617232
274 0.46261814
275 0.43379787
276 0.46111464
277 0.46659517
278 0.54123220
279 0.39681277
280 0.38129697
281 0.40196289
282 0.43192710
283 0.49843811
284 0.43177034
285 0.47336985
286 0.52695242
287 0.40023911
288 0.49239398
289 0.49332524
290 0.45349905
291 0.50106906
292 0.49482690
293 0.39527165
294 0.46261814
295 0.36853578
296 0.47163317
297 0.44028534
298 0.40842976
299 0.33429088
300 0.34986245
301 0.27087632
302 0.36646436
303 0.35263934
304 0.40369783
305 0.38055654
306 0.39943411
307 0.36732147
308 0.46069314
309 0.40118895
310 0.29453326
311 0.41053046
312 0.41669565
313 0.38689811
314 0.41026730
315 0.36853578
316 0.59960238
317 0.51316300
318 0.46904428
319 0.51405062
320 0.42540353
321 0.42671539
322 0.38020051
323 0.45398704
324 0.39639625
325 0.38628892
326 0.43351888
327 0.41609270
328 0.46104376
329 0.44290528
330 0.45868296
331 0.41312763
332 0.45941993
333 0.38926999
334 0.47626501
335 0.46257116
336 0.59960238
337 0.70406572
338 0.65748346
339 0.55448018
340 0.52470744
341 0.51089247
342 0.54567699
343 0.46239192
344 0.54693561
345 0.49137768
346 0.53674699
347 0.45092205
348 0.53500986
349 0.50068152
350 0.52489024
351 0.42831121
352 0.44382820
353 0.62111694
354 0.53026186
355 0.62006536
356 0.60084487
357 0.70406572
358 0.61184565
359 0.53321438
360 0.56692059
361 0.48793873
362 0.47029189
363 0.47280213
364 0.42396208
365 0.40530465
366 0.45150508
367 0.43102268
368 0.34484132
369 0.42437481
370 0.43783920
371 0.46616787
372 0.46374457
373 0.46921708
374 0.37978280
375 0.42815989
376 0.48958873
377 0.52548807
378 0.61184565
379 0.75663163
380 0.78307357
381 0.72766367
382 0.69140792
383 0.69109905
384 0.73245162
385 0.58235283
386 0.61780446
387 0.65305451
388 0.60697745
389 0.59460417
390 0.61646544
391 0.62308290
392 0.62381715
393 0.58724130
394 0.65514558
395 0.68881977
396 0.72275630
397 0.70860131
398 0.73595047
399 0.75663163
400 0.66966991
401 0.58531973
402 0.62548048
403 0.49934279
404 0.43166631
405 0.36460205
406 0.41919424
407 0.45189734
408 0.43559274
409 0.41284949
410 0.40655616
411 0.52416246
412 0.42882341
413 0.40491535
414 0.44106200
415 0.38868055
416 0.44879235
417 0.38708147
418 0.55728094
419 0.60019833
420 0.66966991
421 0.67516457
422 0.63297739
423 0.59729375
424 0.61509039
425 0.52930172
426 0.48455346
427 0.59220575
428 0.55206234
429 0.55201411
430 0.46226269
431 0.53713884
432 0.43035185
433 0.47881386
434 0.52876628
435 0.53213385
436 0.57927453
437 0.56646866
438 0.54179248
439 0.62461152
440 0.64453704
441 0.67516457
442 0.55691799
443 0.57158425
444 0.44706145
445 0.42644062
446 0.49199654
447 0.46236783
448 0.47866936
449 0.43514531
450 0.43468435
451 0.33675939
452 0.45482271
453 0.36168616
454 0.41517870
455 0.47226691
456 0.47073799
457 0.43840460
458 0.48991919
459 0.49450511
460 0.42372876
461 0.49712233
462 0.55691799
463 0.53942239
464 0.51159421
465 0.47198029
466 0.54558979
467 0.39818219
468 0.44080379
469 0.40965645
470 0.44540763
471 0.41613577
472 0.41245853
473 0.45433629
474 0.40853231
475 0.43365511
476 0.43757264
477 0.47143418
478 0.46020279
479 0.51134033
480 0.43090237
481 0.47928317
482 0.50755361
483 0.53942239
484 0.47955656
485 0.52520005
486 0.43573740
487 0.48097171
488 0.46694026
489 0.37617054
490 0.37252048
491 0.41335277
492 0.40513565
493 0.39263412
494 0.44374087
495 0.39835916
496 0.42265709
497 0.51228452
498 0.44944105
499 0.44988894
500 0.39698406
501 0.51369691
502 0.49236690
503 0.52669832
504 0.47955656
505 0.37640530
506 0.37959330
507 0.47516176
508 0.30658267
509 0.27092436
510 0.38442573
511 0.37312281
512 0.33235347
513 0.36144682
514 0.33232562
515 0.33159425
516 0.31586820
517 0.30541390
518 0.35145391
519 0.36867703
520 0.39720816
521 0.27954358
522 0.36572802
523 0.40644241
524 0.36227078
525 0.37640530
526 0.47554552
527 0.49929038
528 0.46429704
529 0.45160645
530 0.48192065
531 0.44155589
532 0.46709967
533 0.46531776
534 0.44709537
535 0.44017290
536 0.43819907
537 0.42995285
538 0.39718139
539 0.51605520
540 0.34774823
541 0.46576972
542 0.48769671
543 0.45473237
544 0.48597931
545 0.54477386
546 0.47554552
547 0.49455838
548 0.58042277
549 0.57255467
550 0.56377217
551 0.53230310
552 0.53295278
553 0.44685686
554 0.46671974
555 0.49312207
556 0.43552684
557 0.45649025
558 0.46340171
559 0.49701895
560 0.48870983
561 0.44512329
562 0.45293713
563 0.49885946
564 0.42680279
565 0.43922811
566 0.52799609
567 0.49455838
568 0.63866669
569 0.69926438
570 0.51589171
571 0.54512632
572 0.51922475
573 0.49845991
574 0.43398535
575 0.52557407
576 0.48442969
577 0.44779329
578 0.42092455
579 0.51384837
580 0.49650301
581 0.53952474
582 0.56198221
583 0.47068566
584 0.53047288
585 0.58977196
586 0.58406479
587 0.65166515
588 0.63866669
589 0.69406804
590 0.65089105
591 0.58746449
592 0.55834930
593 0.54623297
594 0.48397884
595 0.48041234
596 0.51920792
597 0.49244891
598 0.54087709
599 0.46596084
600 0.47949537
601 0.46567300
602 0.50575501
603 0.50218040
604 0.56819405
605 0.51531416
606 0.57052312
607 0.54108570
608 0.60112511
609 0.69406804
610 0.66191277
611 0.69299633
612 0.54601525
613 0.56140020
614 0.54963740
615 0.51883288
616 0.57320437
617 0.53491035
618 0.48135194
619 0.37148451
620 0.50206085
621 0.43633484
622 0.55005255
623 0.51250600
624 0.50325502
625 0.56989722
626 0.58866776
627 0.63149698
628 0.63273853
629 0.73165583
630 0.66191277
631 0.76047878
632 0.69614054
633 0.66292506
634 0.51945512
635 0.58207888
636 0.60857317
637 0.57008866
638 0.46730899
639 0.51338130
640 0.52290622
641 0.56870224
642 0.45242921
643 0.48718607
644 0.51352981
645 0.51856491
646 0.50920568
647 0.51548176
648 0.46587585
649 0.68902798
650 0.65033731
651 0.76047878
652 0.66965308
653 0.62101779
654 0.62542457
655 0.51202896
656 0.53996012
657 0.56024049
658 0.48756971
659 0.43164144
660 0.56858026
661 0.44708675
662 0.43263714
663 0.49374163
664 0.41443477
665 0.50280552
666 0.53658537
667 0.51968450
668 0.54413499
669 0.62112231
670 0.54313826
671 0.70249071
672 0.66965308
673 0.59091547
674 0.56257979
675 0.49984814
676 0.54983112
677 0.51774015
678 0.53391952
679 0.47910551
680 0.38502581
681 0.46290441
682 0.43039231
683 0.47991867
684 0.43138257
685 0.39110684
686 0.44378891
687 0.48509429
688 0.50210894
689 0.54234802
690 0.51923953
691 0.53901155
692 0.56906811
693 0.59091547
694 0.46630102
695 0.44998830
696 0.41951168
697 0.43555499
698 0.47133729
699 0.43931544
700 0.34299681
701 0.37684464
702 0.33930223
703 0.41268070
704 0.28707716
705 0.36000848
706 0.34619576
707 0.41310577
708 0.37107144
709 0.44882740
710 0.37825506
711 0.43571978
712 0.42951590
713 0.46807595
714 0.46630102
715 0.55333126
716 0.52483457
717 0.53082639
718 0.52833332
719 0.53326119
720 0.48710311
721 0.42999830
722 0.46785036
723 0.46682393
724 0.45246365
725 0.42621385
726 0.46237282
727 0.47558667
728 0.43876907
729 0.50495728
730 0.38781686
731 0.50828463
732 0.50009704
733 0.53097574
734 0.59693944
735 0.55333126
736 0.41852852
737 0.42976926
738 0.43750322
739 0.35937314
740 0.46446815
741 0.41724062
742 0.39234432
743 0.46843430
744 0.43993590
745 0.46613869
746 0.51437979
747 0.37875796
748 0.36895901
749 0.33119480
750 0.43915021
751 0.43428354
752 0.49769064
753 0.40162382
754 0.44002671
755 0.44445014
756 0.41852852
757 0.57618209
758 0.49412937
759 0.53389937
760 0.49032111
761 0.43938015
762 0.42197107
763 0.39984092
764 0.45177077
765 0.40615548
766 0.42107452
767 0.42589551
768 0.36447913
769 0.46183827
770 0.51950246
771 0.44123053
772 0.48220949
773 0.46050037
774 0.48709276
775 0.52069947
776 0.53417094
777 0.57618209
778 0.54979352
779 0.53682475
780 0.47426408
781 0.43627927
782 0.46683039
783 0.47463480
784 0.40123227
785 0.39554454
786 0.41407383
787 0.30974408
788 0.39854402
789 0.45850961
790 0.41131642
791 0.38040211
792 0.40719184
793 0.36464218
794 0.48840290
795 0.39737856
796 0.46650194
797 0.49627346
798 0.54979352
799 0.56962795
800 0.51686929
801 0.45655379
802 0.45636254
803 0.52119691
804 0.43075284
805 0.33176210
806 0.38628128
807 0.43966153
808 0.46492407
809 0.39205497
810 0.47219241
811 0.41350693
812 0.44737901
813 0.54361243
814 0.42691218
815 0.45475009
816 0.43450300
817 0.51963671
818 0.53513435
819 0.56962795
820 0.61409236
821 0.56636863
822 0.47292239
823 0.48754017
824 0.47229789
825 0.48341696
826 0.48448634
827 0.38783744
828 0.44632296
829 0.37522631
830 0.31714756
831 0.43112096
832 0.44921133
833 0.44870346
834 0.47589828
835 0.43321691
836 0.49330016
837 0.47739100
838 0.46909083
839 0.61415640
840 0.61409236
841 0.63548740
842 0.63074187
843 0.51804281
844 0.40836706
845 0.43504519
846 0.41022583
847 0.46814622
848 0.41349655
849 0.40459098
850 0.47915583
851 0.42356745
852 0.39494069
853 0.39859760
854 0.44463675
855 0.44694864
856 0.46538172
857 0.46916953
858 0.44656452
859 0.54016339
860 0.58588455
861 0.63548740
862 0.74386373
863 0.68160791
864 0.71431155
865 0.57605790
866 0.59454102
867 0.61561326
868 0.49575737
869 0.57593805
870 0.50573290
871 0.54268799
872 0.45809195
873 0.51645911
874 0.52078912
875 0.53107297
876 0.44563375
877 0.50370384
878 0.55990643
879 0.56482279
880 0.64053351
881 0.74338646
882 0.74386373
883 0.74169550
884 0.70427831
885 0.65017221
886 0.56556752
887 0.56487601
888 0.56120028
889 0.48451562
890 0.46511855
891 0.52619045
892 0.46539043
893 0.49498477
894 0.43493935
895 0.43744363
896 0.50335707
897 0.44661562
898 0.51656486
899 0.52368388
900 0.53582498
901 0.60838870
902 0.64662280
903 0.74169550
904 0.61612923
905 0.63482898
906 0.60970200
907 0.65261080
908 0.51862665
909 0.59500974
910 0.49232904
911 0.52057567
912 0.50734470
913 0.44432611
914 0.45243825
915 0.45044913
916 0.43651090
917 0.53704683
918 0.52888985
919 0.47352271
920 0.55903156
921 0.57785752
922 0.66374707
923 0.65265046
924 0.61612923
925 0.72972650
926 0.56799066
927 0.59032207
928 0.56728406
929 0.44044625
930 0.52441871
931 0.53198750
932 0.50183190
933 0.53970332
934 0.48138454
935 0.49403268
936 0.50533223
937 0.45922160
938 0.41952064
939 0.54149468
940 0.52686026
941 0.52401995
942 0.57849441
943 0.61777149
944 0.62676979
945 0.72972650
946 0.75890267
947 0.61448443
948 0.61661384
949 0.66103541
950 0.55558574
951 0.53255624
952 0.58474355
953 0.53525379
954 0.49818311
955 0.49940365
956 0.49426636
957 0.56408644
958 0.51871097
959 0.62523471
960 0.51013537
961 0.53064459
962 0.59477393
963 0.61924779
964 0.57902783
965 0.71569572
966 0.75890267
967 0.51851845
968 0.59588097
969 0.45871680
970 0.53794686
971 0.49288756
972 0.47021001
973 0.46257034
974 0.39138417
975 0.43648594
976 0.39456183
977 0.43042052
978 0.39027022
979 0.39935252
980 0.42664949
981 0.43962902
982 0.43611750
983 0.45609260
984 0.51986877
985 0.47903173
986 0.53791641
987 0.51851845
988 0.51941426
989 0.44280304
990 0.38943895
991 0.45123578
992 0.41796745
993 0.42415808
994 0.41296469
995 0.34003060
996 0.42780164
997 0.41251260
998 0.32574072
999 0.32643778
1000 0.40140389
1001 0.43734460
1002 0.41922614
1003 0.35808496
1004 0.33117231
1005 0.46434082
1006 0.43281684
1007 0.44822052
1008 0.51941426
1009 0.56654505
1010 0.51656996
1011 0.57681157
1012 0.51240912
1013 0.55484573
1014 0.48226354
1015 0.46917085
1016 0.50993827
1017 0.44361102
1018 0.42972094
1019 0.45090044
1020 0.34983951
1021 0.41815278
1022 0.45359168
1023 0.43230833
1024 0.47206491
1025 0.52451617
1026 0.44009750
1027 0.52097518
1028 0.50161516
1029 0.56654505
1030 0.52811174
1031 0.56894034
1032 0.52316522
1033 0.39412424
1034 0.42277006
1035 0.46656689
1036 0.46039016
1037 0.33368378
1038 0.30945350
1039 0.43083683
1040 0.23686230
1041 0.32493519
1042 0.45351209
1043 0.39855488
1044 0.46216797
1045 0.40111578
1046 0.41573028
1047 0.49302521
1048 0.53578060
1049 0.48050224
1050 0.52811174
1051 0.51161868
1052 0.57693636
1053 0.51924468
1054 0.50945918
1055 0.49278055
1056 0.49802060
1057 0.43593628
1058 0.41106144
1059 0.40000804
1060 0.47607808
1061 0.46648612
1062 0.43395650
1063 0.49586841
1064 0.40061977
1065 0.44269228
1066 0.47777178
1067 0.50490750
1068 0.54132169
1069 0.52321208
1070 0.62963991
1071 0.51161868
1072 0.68895415
1073 0.61390029
1074 0.53826976
1075 0.56494912
1076 0.55061009
1077 0.53501861
1078 0.48191026
1079 0.49346055
1080 0.44465722
1081 0.51875305
1082 0.43190992
1083 0.51284891
1084 0.51700783
1085 0.50626238
1086 0.48199850
1087 0.45641246
1088 0.60046484
1089 0.56020930
1090 0.65320449
1091 0.67895055
1092 0.68895415
1093 0.68834110
1094 0.65443892
1095 0.64068924
1096 0.56747213
1097 0.53643289
1098 0.49371199
1099 0.49505632
1100 0.48401528
1101 0.56026707
1102 0.53675867
1103 0.43519838
1104 0.50718384
1105 0.50943668
1106 0.58302056
1107 0.44356169
1108 0.51873922
1109 0.57435874
1110 0.51463443
1111 0.62500528
1112 0.69383923
1113 0.68834110
1114 0.77325376
1115 0.62341601
1116 0.57705603
1117 0.57640429
1118 0.46551947
1119 0.47276593
1120 0.49596197
1121 0.44732688
1122 0.36637988
1123 0.39879036
1124 0.43873694
1125 0.45353665
1126 0.43096040
1127 0.46717052
1128 0.44973816
1129 0.47300278
1130 0.49634879
1131 0.52372956
1132 0.57349716
1133 0.64427316
1134 0.77325376
1135 0.87277914
1136 0.76156673
1137 0.70546347
1138 0.66431313
1139 0.60272253
1140 0.58406904
1141 0.53554831
1142 0.48244341
1143 0.47436601
1144 0.58485935
1145 0.52185430
1146 0.41587843
1147 0.54990320
1148 0.52095658
1149 0.62885786
1150 0.54570484
1151 0.63139620
1152 0.71081099
1153 0.69747043
1154 0.73429619
1155 0.87277914
1156 0.72425582
1157 0.65076132
1158 0.64011935
1159 0.61167008
1160 0.61844100
1161 0.50325528
1162 0.53076994
1163 0.52358054
1164 0.49491148
1165 0.46179833
1166 0.51179121
1167 0.47988442
1168 0.50816530
1169 0.46932011
1170 0.50616966
1171 0.49649660
1172 0.51501291
1173 0.61812011
1174 0.68203598
1175 0.65570520
1176 0.72425582
1177 0.64701966
1178 0.75238619
1179 0.61990812
1180 0.60315544
1181 0.50882766
1182 0.48596650
1183 0.52573837
1184 0.59911740
1185 0.49022253
1186 0.51208364
1187 0.54215850
1188 0.46111847
1189 0.48907828
1190 0.49096277
1191 0.52617389
1192 0.45642666
1193 0.43815554
1194 0.55877312
1195 0.64028450
1196 0.57471180
1197 0.64701966
1198 0.70821182
1199 0.59745706
1200 0.58428388
1201 0.55176002
1202 0.48146073
1203 0.53243948
1204 0.36236403
1205 0.50946397
1206 0.40376623
1207 0.42069394
1208 0.41490756
1209 0.46759378
1210 0.43008737
1211 0.45344816
1212 0.41898400
1213 0.51065084
1214 0.57459656
1215 0.51372819
1216 0.66830281
1217 0.60108629
1218 0.70821182
1219 0.78657632
1220 0.58241663
1221 0.63136200
1222 0.55927109
1223 0.52548861
1224 0.46783709
1225 0.50794784
1226 0.52349944
1227 0.47471782
1228 0.51925348
1229 0.45739728
1230 0.44140775
1231 0.49865727
1232 0.45799087
1233 0.47319563
1234 0.56429018
1235 0.53444676
1236 0.61643204
1237 0.59070844
1238 0.60732126
1239 0.78657632
1240 0.57857480
1241 0.54746217
1242 0.54848000
1243 0.48755918
1244 0.47576842
1245 0.44919236
1246 0.36894031
1247 0.42204431
1248 0.36822750
1249 0.41621760
1250 0.48075994
1251 0.45677222
1252 0.44749883
1253 0.45284875
1254 0.38614458
1255 0.43207431
1256 0.43308058
1257 0.57193078
1258 0.50950226
1259 0.57841743
1260 0.57857480
1261 0.69904359
1262 0.59858231
1263 0.60144586
1264 0.45046016
1265 0.43026282
1266 0.62573727
1267 0.58028995
1268 0.40108542
1269 0.47687225
1270 0.47013832
1271 0.52314430
1272 0.48467283
1273 0.40822766
1274 0.45205850
1275 0.49674015
1276 0.49458824
1277 0.56265027
1278 0.50028587
1279 0.54846392
1280 0.63950927
1281 0.69904359
1282 0.57519966
1283 0.47046896
1284 0.49194634
1285 0.45390765
1286 0.46395172
1287 0.39595037
1288 0.44070764
1289 0.35053266
1290 0.38444855
1291 0.30556038
1292 0.35695033
1293 0.39901706
1294 0.42059503
1295 0.32090593
1296 0.42822191
1297 0.38177252
1298 0.38924834
1299 0.45272675
1300 0.53909670
1301 0.57841767
1302 0.57519966
1303 0.59977654
1304 0.54175707
1305 0.46219860
1306 0.45534530
1307 0.43632955
1308 0.42569569
1309 0.48005839
1310 0.44922793
1311 0.40643209
1312 0.32621608
1313 0.35256781
1314 0.34653644
1315 0.33813257
1316 0.34937131
1317 0.34492797
1318 0.38910878
1319 0.49454754
1320 0.43198486
1321 0.45985599
1322 0.56992116
1323 0.59977654
1324 0.74799096
1325 0.66657516
1326 0.63580771
1327 0.59350020
1328 0.54530164
1329 0.56874084
1330 0.56758694
1331 0.43229140
1332 0.49519688
1333 0.49829752
1334 0.48219312
1335 0.45952620
1336 0.56781300
1337 0.51969402
1338 0.48288218
1339 0.54198241
1340 0.59374889
1341 0.57509408
1342 0.66863537
1343 0.59083839
1344 0.74799096
1345 0.78464592
1346 0.67627941
1347 0.77562399
1348 0.62236642
1349 0.53550927
1350 0.64975257
1351 0.61875486
1352 0.56775545
1353 0.57317391
1354 0.53086699
1355 0.51831791
1356 0.56725795
1357 0.53352341
1358 0.53773772
1359 0.60368060
1360 0.64950542
1361 0.62534259
1362 0.60595643
1363 0.69738758
1364 0.73857402
1365 0.78464592
1366 0.78405927
1367 0.60083842
1368 0.63907434
1369 0.53711353
1370 0.51095492
1371 0.51249021
1372 0.49605374
1373 0.38307145
1374 0.48088680
1375 0.47267650
1376 0.43812785
1377 0.50572004
1378 0.46084955
1379 0.44534163
1380 0.49735310
1381 0.54624431
1382 0.48218853
1383 0.52162338
1384 0.53556629
1385 0.63889380
1386 0.78405927
1387 0.91036737
1388 0.82393824
1389 0.74252736
1390 0.76531745
1391 0.70222040
1392 0.56937991
1393 0.62643288
1394 0.65038750
1395 0.60505604
1396 0.62682518
1397 0.68372308
1398 0.58054116
1399 0.64903751
1400 0.70904914
1401 0.63064521
1402 0.60045175
1403 0.67792376
1404 0.67914568
1405 0.74196315
1406 0.79408476
1407 0.91036737
1408 0.78207613
1409 0.67348376
1410 0.61240600
1411 0.50870729
1412 0.57219777
1413 0.53865484
1414 0.51056406
1415 0.47062355
1416 0.49424911
1417 0.49678596
1418 0.40264168
1419 0.44137063
1420 0.44666369
1421 0.44486402
1422 0.48253378
1423 0.52499878
1424 0.54063360
1425 0.55383072
1426 0.62771756
1427 0.68986175
1428 0.78207613
1429 0.80876861
1430 0.77901784
1431 0.63538354
1432 0.57512656
1433 0.54998561
1434 0.55300359
1435 0.61231523
1436 0.55047801
1437 0.49822879
1438 0.48041664
1439 0.44792400
1440 0.58321303
1441 0.49388105
1442 0.48485693
1443 0.57571709
1444 0.63487412
1445 0.62048834
1446 0.58901953
1447 0.62446316
1448 0.68470036
1449 0.80876861
1450 0.75149907
1451 0.53908313
1452 0.55807884
1453 0.55125727
1454 0.57959422
1455 0.57641105
1456 0.49590058
1457 0.42797370
1458 0.49655287
1459 0.55087610
1460 0.39695612
1461 0.51881566
1462 0.48597136
1463 0.46519654
1464 0.49724233
1465 0.56045260
1466 0.47276712
1467 0.54739924
1468 0.64084743
1469 0.71407681
1470 0.75149907
1471 0.56101238
1472 0.50431436
1473 0.53622428
1474 0.43266493
1475 0.49849777
1476 0.36338164
1477 0.45682038
1478 0.35710901
1479 0.35309659
1480 0.36247162
1481 0.33418723
1482 0.29400286
1483 0.35311687
1484 0.37236595
1485 0.43671621
1486 0.47259530
1487 0.45305148
1488 0.47024304
1489 0.52668095
1490 0.50845742
1491 0.56101238
1492 0.62597912
1493 0.56977342
1494 0.51104308
1495 0.50572027
1496 0.46951481
1497 0.40490495
1498 0.41784787
1499 0.45466176
1500 0.37631072
1501 0.37126375
1502 0.33849540
1503 0.39235064
1504 0.33680424
1505 0.43575817
1506 0.40751265
1507 0.45091106
1508 0.50106371
1509 0.44138541
1510 0.54880046
1511 0.52697799
1512 0.62597912
1513 0.55891975
1514 0.59386877
1515 0.44916222
1516 0.52197513
1517 0.50249868
1518 0.45797461
1519 0.48112434
1520 0.34404643
1521 0.37151141
1522 0.46755827
1523 0.43356498
1524 0.49243812
1525 0.35527886
1526 0.36761655
1527 0.47489078
1528 0.46382415
1529 0.40964028
1530 0.49447259
1531 0.50924846
1532 0.56259630
1533 0.55891975
1534 0.57620357
1535 0.54456820
1536 0.48889822
1537 0.46478094
1538 0.45735803
1539 0.47649253
1540 0.44979053
1541 0.38504703
1542 0.36424651
1543 0.36274002
1544 0.37538590
1545 0.40620718
1546 0.45024632
1547 0.39141113
1548 0.43391907
1549 0.41504316
1550 0.41121291
1551 0.51592000
1552 0.51218648
1553 0.57220113
1554 0.57620357
1555 0.73141839
1556 0.57687183
1557 0.51669737
1558 0.64939537
1559 0.55466699
1560 0.47835424
1561 0.45285052
1562 0.49121728
1563 0.51628383
1564 0.44019500
1565 0.44495675
1566 0.51891389
1567 0.49748347
1568 0.46683905
1569 0.44378495
1570 0.54380539
1571 0.55632905
1572 0.61775809
1573 0.50674660
1574 0.67976934
1575 0.73141839
1576 0.85717164
1577 0.75891193
1578 0.72458232
1579 0.69306242
1580 0.58842160
1581 0.54057537
1582 0.55672344
1583 0.50439669
1584 0.66960483
1585 0.58807227
1586 0.57831318
1587 0.54676743
1588 0.59637294
1589 0.56803669
1590 0.56786623
1591 0.66389780
1592 0.59183805
1593 0.62428100
1594 0.77287608
1595 0.82144508
1596 0.85717164
1597 0.81985474
1598 0.71346902
1599 0.69232254
1600 0.67934028
1601 0.57519143
1602 0.52388916
1603 0.54497058
1604 0.54266150
1605 0.49492192
1606 0.53344996
1607 0.51994672
1608 0.53952223
1609 0.53785810
1610 0.48633143
1611 0.56729697
1612 0.59848155
1613 0.58489508
1614 0.65264196
1615 0.64390897
1616 0.80375954
1617 0.81985474
1618 0.89492385
1619 0.82664601
1620 0.58405785
1621 0.62299724
1622 0.52238076
1623 0.53809629
1624 0.55050395
1625 0.50252466
1626 0.45674233
1627 0.54758919
1628 0.51671894
1629 0.47162263
1630 0.52441646
1631 0.49413534
1632 0.55283846
1633 0.59554594
1634 0.57928483
1635 0.66410690
1636 0.74781923
1637 0.72642680
1638 0.89492385
1639 0.98564115
1640 0.95047143
1641 0.81470877
1642 0.71326230
1643 0.77960351
1644 0.68911217
1645 0.66212208
1646 0.84960606
1647 0.67841946
1648 0.74564537
1649 0.60275072
1650 0.66409395
1651 0.71278980
1652 0.77251927
1653 0.75482768
1654 0.69405367
1655 0.90682017
1656 0.83699631
1657 0.82245613
1658 0.90431861
1659 0.98564115
1660 0.89492385
1661 0.82664601
1662 0.58405785
1663 0.62299724
1664 0.52238076
1665 0.53809629
1666 0.55050395
1667 0.50252466
1668 0.45674233
1669 0.54758919
1670 0.51671894
1671 0.47162263
1672 0.52441646
1673 0.49413534
1674 0.55283846
1675 0.59554594
1676 0.57928483
1677 0.66410690
1678 0.74781923
1679 0.72642680
1680 0.89492385
1681 0.81985474
1682 0.71346902
1683 0.69232254
1684 0.67934028
1685 0.57519143
1686 0.52388916
1687 0.54497058
1688 0.54266150
1689 0.49492192
1690 0.53344996
1691 0.51994672
1692 0.53952223
1693 0.53785810
1694 0.48633143
1695 0.56729697
1696 0.59848155
1697 0.58489508
1698 0.65264196
1699 0.64390897
1700 0.80375954
1701 0.81985474
1702 0.85717164
1703 0.75891193
1704 0.72458232
1705 0.69306242
1706 0.58842160
1707 0.54057537
1708 0.55672344
1709 0.50439669
1710 0.66960483
1711 0.58807227
1712 0.57831318
1713 0.54676743
1714 0.59637294
1715 0.56803669
1716 0.56786623
1717 0.66389780
1718 0.59183805
1719 0.62428100
1720 0.77287608
1721 0.82144508
1722 0.85717164
1723 0.73141839
1724 0.57687183
1725 0.51669737
1726 0.64939537
1727 0.55466699
1728 0.47835424
1729 0.45285052
1730 0.49121728
1731 0.51628383
1732 0.44019500
1733 0.44495675
1734 0.51891389
1735 0.49748347
1736 0.46683905
1737 0.44378495
1738 0.54380539
1739 0.55632905
1740 0.61775809
1741 0.50674660
1742 0.67976934
1743 0.73141839
1744 0.57620357
1745 0.54456820
1746 0.48889822
1747 0.46478094
1748 0.45735803
1749 0.47649253
1750 0.44979053
1751 0.38504703
1752 0.36424651
1753 0.36274002
1754 0.37538590
1755 0.40620718
1756 0.45024632
1757 0.39141113
1758 0.43391907
1759 0.41504316
1760 0.41121291
1761 0.51592000
1762 0.51218648
1763 0.57220113
1764 0.57620357
1765 0.69904359
1766 0.59858231
1767 0.60144586
1768 0.45046016
1769 0.43026282
1770 0.62573727
1771 0.58028995
1772 0.40108542
1773 0.47687225
1774 0.47013832
1775 0.52314430
1776 0.48467283
1777 0.40822766
1778 0.45205850
1779 0.49674015
1780 0.49458824
1781 0.56265027
1782 0.50028587
1783 0.54846392
1784 0.63950927
1785 0.69904359
1786 0.62597912
1787 0.56977342
1788 0.51104308
1789 0.50572027
1790 0.46951481
1791 0.40490495
1792 0.41784787
1793 0.45466176
1794 0.37631072
1795 0.37126375
1796 0.33849540
1797 0.39235064
1798 0.33680424
1799 0.43575817
1800 0.40751265
1801 0.45091106
1802 0.50106371
1803 0.44138541
1804 0.54880046
1805 0.52697799
1806 0.62597912
1807 0.56101238
1808 0.50431436
1809 0.53622428
1810 0.43266493
1811 0.49849777
1812 0.36338164
1813 0.45682038
1814 0.35710901
1815 0.35309659
1816 0.36247162
1817 0.33418723
1818 0.29400286
1819 0.35311687
1820 0.37236595
1821 0.43671621
1822 0.47259530
1823 0.45305148
1824 0.47024304
1825 0.52668095
1826 0.50845742
1827 0.56101238
1828 0.75149907
1829 0.53908313
1830 0.55807884
1831 0.55125727
1832 0.57959422
1833 0.57641105
1834 0.49590058
1835 0.42797370
1836 0.49655287
1837 0.55087610
1838 0.39695612
1839 0.51881566
1840 0.48597136
1841 0.46519654
1842 0.49724233
1843 0.56045260
1844 0.47276712
1845 0.54739924
1846 0.64084743
1847 0.71407681
1848 0.75149907
1849 0.80876861
1850 0.77901784
1851 0.63538354
1852 0.57512656
1853 0.54998561
1854 0.55300359
1855 0.61231523
1856 0.55047801
1857 0.49822879
1858 0.48041664
1859 0.44792400
1860 0.58321303
1861 0.49388105
1862 0.48485693
1863 0.57571709
1864 0.63487412
1865 0.62048834
1866 0.58901953
1867 0.62446316
1868 0.68470036
1869 0.80876861
1870 0.78207613
1871 0.67348376
1872 0.61240600
1873 0.50870729
1874 0.57219777
1875 0.53865484
1876 0.51056406
1877 0.47062355
1878 0.49424911
1879 0.49678596
1880 0.40264168
1881 0.44137063
1882 0.44666369
1883 0.44486402
1884 0.48253378
1885 0.52499878
1886 0.54063360
1887 0.55383072
1888 0.62771756
1889 0.68986175
1890 0.78207613
1891 0.91036737
1892 0.82393824
1893 0.74252736
1894 0.76531745
1895 0.70222040
1896 0.56937991
1897 0.62643288
1898 0.65038750
1899 0.60505604
1900 0.62682518
1901 0.68372308
1902 0.58054116
1903 0.64903751
1904 0.70904914
1905 0.63064521
1906 0.60045175
1907 0.67792376
1908 0.67914568
1909 0.74196315
1910 0.79408476
1911 0.91036737
1912 0.78405927
1913 0.60083842
1914 0.63907434
1915 0.53711353
1916 0.51095492
1917 0.51249021
1918 0.49605374
1919 0.38307145
1920 0.48088680
1921 0.47267650
1922 0.43812785
1923 0.50572004
1924 0.46084955
1925 0.44534163
1926 0.49735310
1927 0.54624431
1928 0.48218853
1929 0.52162338
1930 0.53556629
1931 0.63889380
1932 0.78405927
1933 0.78464592
1934 0.67627941
1935 0.77562399
1936 0.62236642
1937 0.53550927
1938 0.64975257
1939 0.61875486
1940 0.56775545
1941 0.57317391
1942 0.53086699
1943 0.51831791
1944 0.56725795
1945 0.53352341
1946 0.53773772
1947 0.60368060
1948 0.64950542
1949 0.62534259
1950 0.60595643
1951 0.69738758
1952 0.73857402
1953 0.78464592
1954 0.74799096
1955 0.66657516
1956 0.63580771
1957 0.59350020
1958 0.54530164
1959 0.56874084
1960 0.56758694
1961 0.43229140
1962 0.49519688
1963 0.49829752
1964 0.48219312
1965 0.45952620
1966 0.56781300
1967 0.51969402
1968 0.48288218
1969 0.54198241
1970 0.59374889
1971 0.57509408
1972 0.66863537
1973 0.59083839
1974 0.74799096
1975 0.59977654
1976 0.54175707
1977 0.46219860
1978 0.45534530
1979 0.43632955
1980 0.42569569
1981 0.48005839
1982 0.44922793
1983 0.40643209
1984 0.32621608
1985 0.35256781
1986 0.34653644
1987 0.33813257
1988 0.34937131
1989 0.34492797
1990 0.38910878
1991 0.49454754
1992 0.43198486
1993 0.45985599
1994 0.56992116
1995 0.59977654
1996 0.57519966
1997 0.47046896
1998 0.49194634
1999 0.45390765
2000 0.46395172
2001 0.39595037
2002 0.44070764
2003 0.35053266
2004 0.38444855
2005 0.30556038
2006 0.35695033
2007 0.39901706
2008 0.42059503
2009 0.32090593
2010 0.42822191
2011 0.38177252
2012 0.38924834
2013 0.45272675
2014 0.53909670
2015 0.57841767
2016 0.57519966
2017 0.56654505
2018 0.51656996
2019 0.57681157
2020 0.51240912
2021 0.55484573
2022 0.48226354
2023 0.46917085
2024 0.50993827
2025 0.44361102
2026 0.42972094
2027 0.45090044
2028 0.34983951
2029 0.41815278
2030 0.45359168
2031 0.43230833
2032 0.47206491
2033 0.52451617
2034 0.44009750
2035 0.52097518
2036 0.50161516
2037 0.56654505
2038 0.57857480
2039 0.54746217
2040 0.54848000
2041 0.48755918
2042 0.47576842
2043 0.44919236
2044 0.36894031
2045 0.42204431
2046 0.36822750
2047 0.41621760
2048 0.48075994
2049 0.45677222
2050 0.44749883
2051 0.45284875
2052 0.38614458
2053 0.43207431
2054 0.43308058
2055 0.57193078
2056 0.50950226
2057 0.57841743
2058 0.57857480
2059 0.78657632
2060 0.58241663
2061 0.63136200
2062 0.55927109
2063 0.52548861
2064 0.46783709
2065 0.50794784
2066 0.52349944
2067 0.47471782
2068 0.51925348
2069 0.45739728
2070 0.44140775
2071 0.49865727
2072 0.45799087
2073 0.47319563
2074 0.56429018
2075 0.53444676
2076 0.61643204
2077 0.59070844
2078 0.60732126
2079 0.78657632
2080 0.70821182
2081 0.59745706
2082 0.58428388
2083 0.55176002
2084 0.48146073
2085 0.53243948
2086 0.36236403
2087 0.50946397
2088 0.40376623
2089 0.42069394
2090 0.41490756
2091 0.46759378
2092 0.43008737
2093 0.45344816
2094 0.41898400
2095 0.51065084
2096 0.57459656
2097 0.51372819
2098 0.66830281
2099 0.60108629
2100 0.70821182
2101 0.64701966
2102 0.75238619
2103 0.61990812
2104 0.60315544
2105 0.50882766
2106 0.48596650
2107 0.52573837
2108 0.59911740
2109 0.49022253
2110 0.51208364
2111 0.54215850
2112 0.46111847
2113 0.48907828
2114 0.49096277
2115 0.52617389
2116 0.45642666
2117 0.43815554
2118 0.55877312
2119 0.64028450
2120 0.57471180
2121 0.64701966
2122 0.72425582
2123 0.65076132
2124 0.64011935
2125 0.61167008
2126 0.61844100
2127 0.50325528
2128 0.53076994
2129 0.52358054
2130 0.49491148
2131 0.46179833
2132 0.51179121
2133 0.47988442
2134 0.50816530
2135 0.46932011
2136 0.50616966
2137 0.49649660
2138 0.51501291
2139 0.61812011
2140 0.68203598
2141 0.65570520
2142 0.72425582
2143 0.87277914
2144 0.76156673
2145 0.70546347
2146 0.66431313
2147 0.60272253
2148 0.58406904
2149 0.53554831
2150 0.48244341
2151 0.47436601
2152 0.58485935
2153 0.52185430
2154 0.41587843
2155 0.54990320
2156 0.52095658
2157 0.62885786
2158 0.54570484
2159 0.63139620
2160 0.71081099
2161 0.69747043
2162 0.73429619
2163 0.87277914
2164 0.77325376
2165 0.62341601
2166 0.57705603
2167 0.57640429
2168 0.46551947
2169 0.47276593
2170 0.49596197
2171 0.44732688
2172 0.36637988
2173 0.39879036
2174 0.43873694
2175 0.45353665
2176 0.43096040
2177 0.46717052
2178 0.44973816
2179 0.47300278
2180 0.49634879
2181 0.52372956
2182 0.57349716
2183 0.64427316
2184 0.77325376
2185 0.68834110
2186 0.65443892
2187 0.64068924
2188 0.56747213
2189 0.53643289
2190 0.49371199
2191 0.49505632
2192 0.48401528
2193 0.56026707
2194 0.53675867
2195 0.43519838
2196 0.50718384
2197 0.50943668
2198 0.58302056
2199 0.44356169
2200 0.51873922
2201 0.57435874
2202 0.51463443
2203 0.62500528
2204 0.69383923
2205 0.68834110
2206 0.68895415
2207 0.61390029
2208 0.53826976
2209 0.56494912
2210 0.55061009
2211 0.53501861
2212 0.48191026
2213 0.49346055
2214 0.44465722
2215 0.51875305
2216 0.43190992
2217 0.51284891
2218 0.51700783
2219 0.50626238
2220 0.48199850
2221 0.45641246
2222 0.60046484
2223 0.56020930
2224 0.65320449
2225 0.67895055
2226 0.68895415
2227 0.51161868
2228 0.57693636
2229 0.51924468
2230 0.50945918
2231 0.49278055
2232 0.49802060
2233 0.43593628
2234 0.41106144
2235 0.40000804
2236 0.47607808
2237 0.46648612
2238 0.43395650
2239 0.49586841
2240 0.40061977
2241 0.44269228
2242 0.47777178
2243 0.50490750
2244 0.54132169
2245 0.52321208
2246 0.62963991
2247 0.51161868
2248 0.52811174
2249 0.56894034
2250 0.52316522
2251 0.39412424
2252 0.42277006
2253 0.46656689
2254 0.46039016
2255 0.33368378
2256 0.30945350
2257 0.43083683
2258 0.23686230
2259 0.32493519
2260 0.45351209
2261 0.39855488
2262 0.46216797
2263 0.40111578
2264 0.41573028
2265 0.49302521
2266 0.53578060
2267 0.48050224
2268 0.52811174
2269 0.57618209
2270 0.49412937
2271 0.53389937
2272 0.49032111
2273 0.43938015
2274 0.42197107
2275 0.39984092
2276 0.45177077
2277 0.40615548
2278 0.42107452
2279 0.42589551
2280 0.36447913
2281 0.46183827
2282 0.51950246
2283 0.44123053
2284 0.48220949
2285 0.46050037
2286 0.48709276
2287 0.52069947
2288 0.53417094
2289 0.57618209
2290 0.51941426
2291 0.44280304
2292 0.38943895
2293 0.45123578
2294 0.41796745
2295 0.42415808
2296 0.41296469
2297 0.34003060
2298 0.42780164
2299 0.41251260
2300 0.32574072
2301 0.32643778
2302 0.40140389
2303 0.43734460
2304 0.41922614
2305 0.35808496
2306 0.33117231
2307 0.46434082
2308 0.43281684
2309 0.44822052
2310 0.51941426
2311 0.51851845
2312 0.59588097
2313 0.45871680
2314 0.53794686
2315 0.49288756
2316 0.47021001
2317 0.46257034
2318 0.39138417
2319 0.43648594
2320 0.39456183
2321 0.43042052
2322 0.39027022
2323 0.39935252
2324 0.42664949
2325 0.43962902
2326 0.43611750
2327 0.45609260
2328 0.51986877
2329 0.47903173
2330 0.53791641
2331 0.51851845
2332 0.75890267
2333 0.61448443
2334 0.61661384
2335 0.66103541
2336 0.55558574
2337 0.53255624
2338 0.58474355
2339 0.53525379
2340 0.49818311
2341 0.49940365
2342 0.49426636
2343 0.56408644
2344 0.51871097
2345 0.62523471
2346 0.51013537
2347 0.53064459
2348 0.59477393
2349 0.61924779
2350 0.57902783
2351 0.71569572
2352 0.75890267
2353 0.72972650
2354 0.56799066
2355 0.59032207
2356 0.56728406
2357 0.44044625
2358 0.52441871
2359 0.53198750
2360 0.50183190
2361 0.53970332
2362 0.48138454
2363 0.49403268
2364 0.50533223
2365 0.45922160
2366 0.41952064
2367 0.54149468
2368 0.52686026
2369 0.52401995
2370 0.57849441
2371 0.61777149
2372 0.62676979
2373 0.72972650
2374 0.61612923
2375 0.63482898
2376 0.60970200
2377 0.65261080
2378 0.51862665
2379 0.59500974
2380 0.49232904
2381 0.52057567
2382 0.50734470
2383 0.44432611
2384 0.45243825
2385 0.45044913
2386 0.43651090
2387 0.53704683
2388 0.52888985
2389 0.47352271
2390 0.55903156
2391 0.57785752
2392 0.66374707
2393 0.65265046
2394 0.61612923
2395 0.74169550
2396 0.70427831
2397 0.65017221
2398 0.56556752
2399 0.56487601
2400 0.56120028
2401 0.48451562
2402 0.46511855
2403 0.52619045
2404 0.46539043
2405 0.49498477
2406 0.43493935
2407 0.43744363
2408 0.50335707
2409 0.44661562
2410 0.51656486
2411 0.52368388
2412 0.53582498
2413 0.60838870
2414 0.64662280
2415 0.74169550
2416 0.74386373
2417 0.68160791
2418 0.71431155
2419 0.57605790
2420 0.59454102
2421 0.61561326
2422 0.49575737
2423 0.57593805
2424 0.50573290
2425 0.54268799
2426 0.45809195
2427 0.51645911
2428 0.52078912
2429 0.53107297
2430 0.44563375
2431 0.50370384
2432 0.55990643
2433 0.56482279
2434 0.64053351
2435 0.74338646
2436 0.74386373
2437 0.63548740
2438 0.63074187
2439 0.51804281
2440 0.40836706
2441 0.43504519
2442 0.41022583
2443 0.46814622
2444 0.41349655
2445 0.40459098
2446 0.47915583
2447 0.42356745
2448 0.39494069
2449 0.39859760
2450 0.44463675
2451 0.44694864
2452 0.46538172
2453 0.46916953
2454 0.44656452
2455 0.54016339
2456 0.58588455
2457 0.63548740
2458 0.61409236
2459 0.56636863
2460 0.47292239
2461 0.48754017
2462 0.47229789
2463 0.48341696
2464 0.48448634
2465 0.38783744
2466 0.44632296
2467 0.37522631
2468 0.31714756
2469 0.43112096
2470 0.44921133
2471 0.44870346
2472 0.47589828
2473 0.43321691
2474 0.49330016
2475 0.47739100
2476 0.46909083
2477 0.61415640
2478 0.61409236
2479 0.56962795
2480 0.51686929
2481 0.45655379
2482 0.45636254
2483 0.52119691
2484 0.43075284
2485 0.33176210
2486 0.38628128
2487 0.43966153
2488 0.46492407
2489 0.39205497
2490 0.47219241
2491 0.41350693
2492 0.44737901
2493 0.54361243
2494 0.42691218
2495 0.45475009
2496 0.43450300
2497 0.51963671
2498 0.53513435
2499 0.56962795
2500 0.54979352
2501 0.53682475
2502 0.47426408
2503 0.43627927
2504 0.46683039
2505 0.47463480
2506 0.40123227
2507 0.39554454
2508 0.41407383
2509 0.30974408
2510 0.39854402
2511 0.45850961
2512 0.41131642
2513 0.38040211
2514 0.40719184
2515 0.36464218
2516 0.48840290
2517 0.39737856
2518 0.46650194
2519 0.49627346
2520 0.54979352
2521 0.37640530
2522 0.37959330
2523 0.47516176
2524 0.30658267
2525 0.27092436
2526 0.38442573
2527 0.37312281
2528 0.33235347
2529 0.36144682
2530 0.33232562
2531 0.33159425
2532 0.31586820
2533 0.30541390
2534 0.35145391
2535 0.36867703
2536 0.39720816
2537 0.27954358
2538 0.36572802
2539 0.40644241
2540 0.36227078
2541 0.37640530
2542 0.41852852
2543 0.42976926
2544 0.43750322
2545 0.35937314
2546 0.46446815
2547 0.41724062
2548 0.39234432
2549 0.46843430
2550 0.43993590
2551 0.46613869
2552 0.51437979
2553 0.37875796
2554 0.36895901
2555 0.33119480
2556 0.43915021
2557 0.43428354
2558 0.49769064
2559 0.40162382
2560 0.44002671
2561 0.44445014
2562 0.41852852
2563 0.55333126
2564 0.52483457
2565 0.53082639
2566 0.52833332
2567 0.53326119
2568 0.48710311
2569 0.42999830
2570 0.46785036
2571 0.46682393
2572 0.45246365
2573 0.42621385
2574 0.46237282
2575 0.47558667
2576 0.43876907
2577 0.50495728
2578 0.38781686
2579 0.50828463
2580 0.50009704
2581 0.53097574
2582 0.59693944
2583 0.55333126
2584 0.46630102
2585 0.44998830
2586 0.41951168
2587 0.43555499
2588 0.47133729
2589 0.43931544
2590 0.34299681
2591 0.37684464
2592 0.33930223
2593 0.41268070
2594 0.28707716
2595 0.36000848
2596 0.34619576
2597 0.41310577
2598 0.37107144
2599 0.44882740
2600 0.37825506
2601 0.43571978
2602 0.42951590
2603 0.46807595
2604 0.46630102
2605 0.59091547
2606 0.56257979
2607 0.49984814
2608 0.54983112
2609 0.51774015
2610 0.53391952
2611 0.47910551
2612 0.38502581
2613 0.46290441
2614 0.43039231
2615 0.47991867
2616 0.43138257
2617 0.39110684
2618 0.44378891
2619 0.48509429
2620 0.50210894
2621 0.54234802
2622 0.51923953
2623 0.53901155
2624 0.56906811
2625 0.59091547
2626 0.66965308
2627 0.62101779
2628 0.62542457
2629 0.51202896
2630 0.53996012
2631 0.56024049
2632 0.48756971
2633 0.43164144
2634 0.56858026
2635 0.44708675
2636 0.43263714
2637 0.49374163
2638 0.41443477
2639 0.50280552
2640 0.53658537
2641 0.51968450
2642 0.54413499
2643 0.62112231
2644 0.54313826
2645 0.70249071
2646 0.66965308
2647 0.76047878
2648 0.69614054
2649 0.66292506
2650 0.51945512
2651 0.58207888
2652 0.60857317
2653 0.57008866
2654 0.46730899
2655 0.51338130
2656 0.52290622
2657 0.56870224
2658 0.45242921
2659 0.48718607
2660 0.51352981
2661 0.51856491
2662 0.50920568
2663 0.51548176
2664 0.46587585
2665 0.68902798
2666 0.65033731
2667 0.76047878
2668 0.66191277
2669 0.69299633
2670 0.54601525
2671 0.56140020
2672 0.54963740
2673 0.51883288
2674 0.57320437
2675 0.53491035
2676 0.48135194
2677 0.37148451
2678 0.50206085
2679 0.43633484
2680 0.55005255
2681 0.51250600
2682 0.50325502
2683 0.56989722
2684 0.58866776
2685 0.63149698
2686 0.63273853
2687 0.73165583
2688 0.66191277
2689 0.69406804
2690 0.65089105
2691 0.58746449
2692 0.55834930
2693 0.54623297
2694 0.48397884
2695 0.48041234
2696 0.51920792
2697 0.49244891
2698 0.54087709
2699 0.46596084
2700 0.47949537
2701 0.46567300
2702 0.50575501
2703 0.50218040
2704 0.56819405
2705 0.51531416
2706 0.57052312
2707 0.54108570
2708 0.60112511
2709 0.69406804
2710 0.63866669
2711 0.69926438
2712 0.51589171
2713 0.54512632
2714 0.51922475
2715 0.49845991
2716 0.43398535
2717 0.52557407
2718 0.48442969
2719 0.44779329
2720 0.42092455
2721 0.51384837
2722 0.49650301
2723 0.53952474
2724 0.56198221
2725 0.47068566
2726 0.53047288
2727 0.58977196
2728 0.58406479
2729 0.65166515
2730 0.63866669
2731 0.49455838
2732 0.58042277
2733 0.57255467
2734 0.56377217
2735 0.53230310
2736 0.53295278
2737 0.44685686
2738 0.46671974
2739 0.49312207
2740 0.43552684
2741 0.45649025
2742 0.46340171
2743 0.49701895
2744 0.48870983
2745 0.44512329
2746 0.45293713
2747 0.49885946
2748 0.42680279
2749 0.43922811
2750 0.52799609
2751 0.49455838
2752 0.47554552
2753 0.49929038
2754 0.46429704
2755 0.45160645
2756 0.48192065
2757 0.44155589
2758 0.46709967
2759 0.46531776
2760 0.44709537
2761 0.44017290
2762 0.43819907
2763 0.42995285
2764 0.39718139
2765 0.51605520
2766 0.34774823
2767 0.46576972
2768 0.48769671
2769 0.45473237
2770 0.48597931
2771 0.54477386
2772 0.47554552
2773 0.41617232
2774 0.43409594
2775 0.45799635
2776 0.47860666
2777 0.35631189
2778 0.54868069
2779 0.49323848
2780 0.41758493
2781 0.36975198
2782 0.47258925
2783 0.45492165
2784 0.41800685
2785 0.41411135
2786 0.50844625
2787 0.31283842
2788 0.43512189
2789 0.43824436
2790 0.47040983
2791 0.40176084
2792 0.43331478
2793 0.41617232
2794 0.47955656
2795 0.52520005
2796 0.43573740
2797 0.48097171
2798 0.46694026
2799 0.37617054
2800 0.37252048
2801 0.41335277
2802 0.40513565
2803 0.39263412
2804 0.44374087
2805 0.39835916
2806 0.42265709
2807 0.51228452
2808 0.44944105
2809 0.44988894
2810 0.39698406
2811 0.51369691
2812 0.49236690
2813 0.52669832
2814 0.47955656
2815 0.53942239
2816 0.51159421
2817 0.47198029
2818 0.54558979
2819 0.39818219
2820 0.44080379
2821 0.40965645
2822 0.44540763
2823 0.41613577
2824 0.41245853
2825 0.45433629
2826 0.40853231
2827 0.43365511
2828 0.43757264
2829 0.47143418
2830 0.46020279
2831 0.51134033
2832 0.43090237
2833 0.47928317
2834 0.50755361
2835 0.53942239
2836 0.55691799
2837 0.57158425
2838 0.44706145
2839 0.42644062
2840 0.49199654
2841 0.46236783
2842 0.47866936
2843 0.43514531
2844 0.43468435
2845 0.33675939
2846 0.45482271
2847 0.36168616
2848 0.41517870
2849 0.47226691
2850 0.47073799
2851 0.43840460
2852 0.48991919
2853 0.49450511
2854 0.42372876
2855 0.49712233
2856 0.55691799
2857 0.67516457
2858 0.63297739
2859 0.59729375
2860 0.61509039
2861 0.52930172
2862 0.48455346
2863 0.59220575
2864 0.55206234
2865 0.55201411
2866 0.46226269
2867 0.53713884
2868 0.43035185
2869 0.47881386
2870 0.52876628
2871 0.53213385
2872 0.57927453
2873 0.56646866
2874 0.54179248
2875 0.62461152
2876 0.64453704
2877 0.67516457
2878 0.66966991
2879 0.58531973
2880 0.62548048
2881 0.49934279
2882 0.43166631
2883 0.36460205
2884 0.41919424
2885 0.45189734
2886 0.43559274
2887 0.41284949
2888 0.40655616
2889 0.52416246
2890 0.42882341
2891 0.40491535
2892 0.44106200
2893 0.38868055
2894 0.44879235
2895 0.38708147
2896 0.55728094
2897 0.60019833
2898 0.66966991
2899 0.75663163
2900 0.78307357
2901 0.72766367
2902 0.69140792
2903 0.69109905
2904 0.73245162
2905 0.58235283
2906 0.61780446
2907 0.65305451
2908 0.60697745
2909 0.59460417
2910 0.61646544
2911 0.62308290
2912 0.62381715
2913 0.58724130
2914 0.65514558
2915 0.68881977
2916 0.72275630
2917 0.70860131
2918 0.73595047
2919 0.75663163
2920 0.61184565
2921 0.53321438
2922 0.56692059
2923 0.48793873
2924 0.47029189
2925 0.47280213
2926 0.42396208
2927 0.40530465
2928 0.45150508
2929 0.43102268
2930 0.34484132
2931 0.42437481
2932 0.43783920
2933 0.46616787
2934 0.46374457
2935 0.46921708
2936 0.37978280
2937 0.42815989
2938 0.48958873
2939 0.52548807
2940 0.61184565
2941 0.70406572
2942 0.65748346
2943 0.55448018
2944 0.52470744
2945 0.51089247
2946 0.54567699
2947 0.46239192
2948 0.54693561
2949 0.49137768
2950 0.53674699
2951 0.45092205
2952 0.53500986
2953 0.50068152
2954 0.52489024
2955 0.42831121
2956 0.44382820
2957 0.62111694
2958 0.53026186
2959 0.62006536
2960 0.60084487
2961 0.70406572
2962 0.59960238
2963 0.51316300
2964 0.46904428
2965 0.51405062
2966 0.42540353
2967 0.42671539
2968 0.38020051
2969 0.45398704
2970 0.39639625
2971 0.38628892
2972 0.43351888
2973 0.41609270
2974 0.46104376
2975 0.44290528
2976 0.45868296
2977 0.41312763
2978 0.45941993
2979 0.38926999
2980 0.47626501
2981 0.46257116
2982 0.59960238
2983 0.36853578
2984 0.47163317
2985 0.44028534
2986 0.40842976
2987 0.33429088
2988 0.34986245
2989 0.27087632
2990 0.36646436
2991 0.35263934
2992 0.40369783
2993 0.38055654
2994 0.39943411
2995 0.36732147
2996 0.46069314
2997 0.40118895
2998 0.29453326
2999 0.41053046
3000 0.41669565
3001 0.38689811
3002 0.41026730
3003 0.36853578
3004 0.46261814
3005 0.43379787
3006 0.46111464
3007 0.46659517
3008 0.54123220
3009 0.39681277
3010 0.38129697
3011 0.40196289
3012 0.43192710
3013 0.49843811
3014 0.43177034
3015 0.47336985
3016 0.52695242
3017 0.40023911
3018 0.49239398
3019 0.49332524
3020 0.45349905
3021 0.50106906
3022 0.49482690
3023 0.39527165
3024 0.46261814
