index DenDen_momentum
1 143.35498710
2 143.30065639
3 143.27581071
4 143.44201410
5 143.27900019
6 143.26226609
7 143.33244045
8 143.23591262
9 143.32629929
10 143.22434915
11 143.33312131
12 143.24117835
13 143.30234029
14 143.27404243
15 143.25577638
16 143.27355647
17 143.32020498
18 143.29534607
19 143.22447347
20 143.20073397
21 143.35498710
22 0.44418194
23 0.43232227
24 0.42308198
25 0.42501629
26 0.43128870
27 0.41028399
28 0.39062557
29 0.49680755
30 0.44257309
31 0.48179613
32 0.45546587
33 0.45948807
34 0.39608202
35 0.43015714
36 0.40991461
37 0.43799012
38 0.40829709
39 0.43063143
40 0.41813013
41 0.39301352
42 0.44418194
43 0.50347923
44 0.39195567
45 0.44402939
46 0.38574393
47 0.34062654
48 0.49459039
49 0.43488122
50 0.36920718
51 0.36345185
52 0.32612908
53 0.41621087
54 0.37028938
55 0.33384433
56 0.42715159
57 0.41954684
58 0.41407124
59 0.41951835
60 0.45114143
61 0.43861866
62 0.41482458
63 0.50347923
64 0.57391855
65 0.48890808
66 0.50501541
67 0.48159893
68 0.47863634
69 0.42959190
70 0.43019557
71 0.39003513
72 0.38492672
73 0.44673876
74 0.38610885
75 0.34042409
76 0.45964637
77 0.51044163
78 0.50642599
79 0.45002342
80 0.41210732
81 0.47274848
82 0.53030082
83 0.49009447
84 0.57391855
85 0.56120377
86 0.53571881
87 0.43248425
88 0.48922526
89 0.44045703
90 0.43894502
91 0.47460255
92 0.48072282
93 0.43752252
94 0.42391117
95 0.44639553
96 0.51954107
97 0.47777771
98 0.50200435
99 0.40478047
100 0.44150109
101 0.46138861
102 0.44153499
103 0.56659450
104 0.48365197
105 0.56120377
106 0.57867086
107 0.49762074
108 0.45519600
109 0.44754543
110 0.55958994
111 0.43412077
112 0.41521856
113 0.45876278
114 0.39394455
115 0.37525984
116 0.35195794
117 0.40402076
118 0.36839269
119 0.41843113
120 0.42094070
121 0.45154935
122 0.45347588
123 0.46751950
124 0.54765580
125 0.53131149
126 0.57867086
127 0.62102808
128 0.80535587
129 0.61900794
130 0.56206997
131 0.51377361
132 0.48519736
133 0.59030175
134 0.50895122
135 0.45990776
136 0.60396196
137 0.50445655
138 0.61253519
139 0.50939928
140 0.65571457
141 0.47174323
142 0.51096414
143 0.61203602
144 0.57878694
145 0.58228289
146 0.55472817
147 0.62102808
148 0.57867086
149 0.49762074
150 0.45519600
151 0.44754543
152 0.55958994
153 0.43412077
154 0.41521856
155 0.45876278
156 0.39394455
157 0.37525984
158 0.35195794
159 0.40402076
160 0.36839269
161 0.41843113
162 0.42094070
163 0.45154935
164 0.45347588
165 0.46751950
166 0.54765580
167 0.53131149
168 0.57867086
169 0.56120377
170 0.53571881
171 0.43248425
172 0.48922526
173 0.44045703
174 0.43894502
175 0.47460255
176 0.48072282
177 0.43752252
178 0.42391117
179 0.44639553
180 0.51954107
181 0.47777771
182 0.50200435
183 0.40478047
184 0.44150109
185 0.46138861
186 0.44153499
187 0.56659450
188 0.48365197
189 0.56120377
190 0.57391855
191 0.48890808
192 0.50501541
193 0.48159893
194 0.47863634
195 0.42959190
196 0.43019557
197 0.39003513
198 0.38492672
199 0.44673876
200 0.38610885
201 0.34042409
202 0.45964637
203 0.51044163
204 0.50642599
205 0.45002342
206 0.41210732
207 0.47274848
208 0.53030082
209 0.49009447
210 0.57391855
211 0.50347923
212 0.39195567
213 0.44402939
214 0.38574393
215 0.34062654
216 0.49459039
217 0.43488122
218 0.36920718
219 0.36345185
220 0.32612908
221 0.41621087
222 0.37028938
223 0.33384433
224 0.42715159
225 0.41954684
226 0.41407124
227 0.41951835
228 0.45114143
229 0.43861866
230 0.41482458
231 0.50347923
232 0.44418194
233 0.43232227
234 0.42308198
235 0.42501629
236 0.43128870
237 0.41028399
238 0.39062557
239 0.49680755
240 0.44257309
241 0.48179613
242 0.45546587
243 0.45948807
244 0.39608202
245 0.43015714
246 0.40991461
247 0.43799012
248 0.40829709
249 0.43063143
250 0.41813013
251 0.39301352
252 0.44418194
253 0.49083776
254 0.51653275
255 0.49719095
256 0.46674662
257 0.48374829
258 0.46159386
259 0.42951600
260 0.41898832
261 0.44481982
262 0.37270924
263 0.43563140
264 0.52790565
265 0.40737925
266 0.46599319
267 0.42654732
268 0.52048463
269 0.49451712
270 0.51088643
271 0.46344991
272 0.46388894
273 0.49083776
274 0.50979999
275 0.44556321
276 0.54203457
277 0.50669746
278 0.38070967
279 0.43128067
280 0.43167681
281 0.43036439
282 0.42248040
283 0.44157980
284 0.38460093
285 0.35227207
286 0.40657132
287 0.40420946
288 0.42884053
289 0.47094870
290 0.49449797
291 0.42700895
292 0.49917961
293 0.51643168
294 0.50979999
295 0.51619355
296 0.45305716
297 0.45953058
298 0.50728523
299 0.45371896
300 0.43712499
301 0.50366904
302 0.44032783
303 0.39948995
304 0.46082796
305 0.52499758
306 0.43875481
307 0.48349070
308 0.41145354
309 0.44050519
310 0.47597508
311 0.45854205
312 0.49959395
313 0.52031296
314 0.59234610
315 0.51619355
316 0.54428706
317 0.55448392
318 0.60868578
319 0.51173564
320 0.50513828
321 0.50049463
322 0.43196276
323 0.47718230
324 0.47933310
325 0.46352196
326 0.45563421
327 0.38650656
328 0.43801927
329 0.41713444
330 0.50514652
331 0.45801255
332 0.46032429
333 0.50074302
334 0.55227815
335 0.46118606
336 0.54428706
337 0.63241727
338 0.52891086
339 0.53544398
340 0.58082880
341 0.47568373
342 0.49006200
343 0.46511803
344 0.40880811
345 0.43058314
346 0.47998987
347 0.40844804
348 0.43864933
349 0.45608747
350 0.44354735
351 0.45450660
352 0.48788787
353 0.51186102
354 0.51966432
355 0.62021840
356 0.50800934
357 0.63241727
358 0.70450074
359 0.55582469
360 0.49784609
361 0.43127788
362 0.47998742
363 0.51839995
364 0.47197665
365 0.39713827
366 0.41158957
367 0.38428199
368 0.41523840
369 0.45595841
370 0.43423853
371 0.34311159
372 0.48277621
373 0.47623551
374 0.53910535
375 0.42197730
376 0.51589513
377 0.61713008
378 0.70450074
379 0.72821514
380 0.70656657
381 0.57961730
382 0.63839136
383 0.54482810
384 0.53696427
385 0.59989283
386 0.52384502
387 0.51627861
388 0.50718926
389 0.50201414
390 0.52169981
391 0.54523093
392 0.57847273
393 0.59782272
394 0.62868809
395 0.51312227
396 0.66284758
397 0.56586524
398 0.69310259
399 0.72821514
400 0.55828306
401 0.55366101
402 0.40530115
403 0.54179954
404 0.44221926
405 0.39165587
406 0.45835612
407 0.36971698
408 0.44279025
409 0.41945575
410 0.40228087
411 0.33137819
412 0.36882029
413 0.45836120
414 0.49453218
415 0.45526110
416 0.47480227
417 0.45193568
418 0.53369534
419 0.55553791
420 0.55828306
421 0.49351840
422 0.56628262
423 0.50190023
424 0.52875049
425 0.52658440
426 0.45244079
427 0.42151611
428 0.36573226
429 0.42306630
430 0.37813149
431 0.37245288
432 0.37441704
433 0.39035441
434 0.51795202
435 0.38719330
436 0.41478080
437 0.45573631
438 0.50025044
439 0.50320219
440 0.46428031
441 0.49351840
442 0.67735879
443 0.53723121
444 0.51608934
445 0.47903171
446 0.48175261
447 0.41161896
448 0.45572786
449 0.51601878
450 0.50810628
451 0.53667008
452 0.51063383
453 0.43289096
454 0.47240568
455 0.40716065
456 0.54410682
457 0.46922576
458 0.59833546
459 0.47511460
460 0.56280527
461 0.57799018
462 0.67735879
463 0.44211964
464 0.42463191
465 0.45733251
466 0.41448642
467 0.50023301
468 0.36659547
469 0.41885671
470 0.43726879
471 0.38079872
472 0.45040089
473 0.44007039
474 0.38828722
475 0.37884032
476 0.41050220
477 0.41766137
478 0.46569685
479 0.38192447
480 0.39031268
481 0.42597468
482 0.43659771
483 0.44211964
484 0.50118766
485 0.42638969
486 0.49531064
487 0.41621394
488 0.52090519
489 0.49915291
490 0.47343841
491 0.45240708
492 0.35451541
493 0.41655738
494 0.43087476
495 0.40338313
496 0.43692436
497 0.52637010
498 0.32856291
499 0.45231543
500 0.43688379
501 0.49084241
502 0.39551046
503 0.43317571
504 0.50118766
505 0.43816482
506 0.46922485
507 0.38591160
508 0.41624628
509 0.37778773
510 0.39983530
511 0.35677677
512 0.40507389
513 0.44119930
514 0.39124618
515 0.34871697
516 0.38797488
517 0.34772844
518 0.34612243
519 0.35097539
520 0.34540448
521 0.32536337
522 0.39783595
523 0.49428600
524 0.48519900
525 0.43816482
526 0.51479043
527 0.45531001
528 0.44404786
529 0.47714360
530 0.40778633
531 0.46124903
532 0.44541659
533 0.45401719
534 0.38682238
535 0.49038844
536 0.43275511
537 0.32854558
538 0.38731763
539 0.49274654
540 0.42694093
541 0.53492565
542 0.45107491
543 0.45428802
544 0.43202121
545 0.49065582
546 0.51479043
547 0.43234689
548 0.50391539
549 0.43520588
550 0.30273343
551 0.32815954
552 0.39120937
553 0.38980508
554 0.44613483
555 0.36282043
556 0.36395918
557 0.41154823
558 0.36620885
559 0.35362247
560 0.33114018
561 0.44970039
562 0.40898765
563 0.38297823
564 0.48260549
565 0.44041993
566 0.53675051
567 0.43234689
568 0.58865995
569 0.54612361
570 0.53497671
571 0.57170108
572 0.51162856
573 0.47859593
574 0.45730646
575 0.52182606
576 0.44726627
577 0.46197354
578 0.41300163
579 0.39934283
580 0.35463942
581 0.42247057
582 0.51290863
583 0.46359328
584 0.46389832
585 0.53848311
586 0.54184488
587 0.55996971
588 0.58865995
589 0.60847291
590 0.67986512
591 0.56809658
592 0.55273065
593 0.52599496
594 0.47658466
595 0.50580197
596 0.43185384
597 0.47637198
598 0.44476920
599 0.44124544
600 0.49674946
601 0.50883157
602 0.43103826
603 0.50169844
604 0.52159297
605 0.53744821
606 0.56824003
607 0.57794307
608 0.65083107
609 0.60847291
610 0.68661544
611 0.72653697
612 0.61248236
613 0.66569770
614 0.55661573
615 0.59079543
616 0.48437349
617 0.44561769
618 0.51918846
619 0.42826374
620 0.53795186
621 0.46694866
622 0.43877756
623 0.45136702
624 0.58520920
625 0.53118209
626 0.61468915
627 0.57523157
628 0.59173994
629 0.58850483
630 0.68661544
631 0.56073228
632 0.53687145
633 0.52849828
634 0.52524183
635 0.47540493
636 0.32842562
637 0.38622892
638 0.38100138
639 0.42593005
640 0.34240840
641 0.45075139
642 0.31700860
643 0.43780468
644 0.30323242
645 0.38545395
646 0.36763740
647 0.40457725
648 0.40672868
649 0.51882500
650 0.49834023
651 0.56073228
652 0.72304904
653 0.69277468
654 0.62870542
655 0.51979315
656 0.55532901
657 0.48408542
658 0.46215443
659 0.43835787
660 0.54346048
661 0.46617881
662 0.41226615
663 0.46628686
664 0.55259979
665 0.53004755
666 0.57508800
667 0.54972855
668 0.51560868
669 0.54376629
670 0.66694536
671 0.57904109
672 0.72304904
673 0.53670610
674 0.41355120
675 0.47931930
676 0.42311462
677 0.43533531
678 0.43158954
679 0.37363414
680 0.39934890
681 0.31596237
682 0.30845652
683 0.31369793
684 0.32845692
685 0.40204802
686 0.43965757
687 0.42140836
688 0.37645667
689 0.37239041
690 0.39633404
691 0.52983630
692 0.47996344
693 0.53670610
694 0.71492911
695 0.65653920
696 0.56837659
697 0.58078300
698 0.53553798
699 0.55130828
700 0.46789431
701 0.46941159
702 0.46157673
703 0.47905238
704 0.53163418
705 0.51243276
706 0.54430684
707 0.46781925
708 0.55667418
709 0.53967194
710 0.50682994
711 0.61638514
712 0.55519134
713 0.65457749
714 0.71492911
715 0.55244595
716 0.43829450
717 0.45449396
718 0.40399753
719 0.40145993
720 0.47910981
721 0.44550542
722 0.38204837
723 0.33780143
724 0.36302437
725 0.32284908
726 0.35429921
727 0.36355624
728 0.36758289
729 0.45821690
730 0.34681271
731 0.41945092
732 0.42995639
733 0.35560351
734 0.39212920
735 0.55244595
736 0.49809634
737 0.40215023
738 0.41230511
739 0.44227231
740 0.42420896
741 0.40486065
742 0.45828064
743 0.36255321
744 0.38911829
745 0.46147079
746 0.37953153
747 0.46746540
748 0.46899399
749 0.37208740
750 0.29573463
751 0.49759815
752 0.43841970
753 0.43489432
754 0.45129398
755 0.49107211
756 0.49809634
757 0.57381360
758 0.49271135
759 0.43963932
760 0.46658101
761 0.47170447
762 0.38036979
763 0.50799279
764 0.43721666
765 0.46526201
766 0.44238834
767 0.49928619
768 0.40051386
769 0.45293404
770 0.42353264
771 0.47063662
772 0.44020411
773 0.51034235
774 0.53482181
775 0.46459325
776 0.55132531
777 0.57381360
778 0.51606369
779 0.46387708
780 0.43457159
781 0.40428905
782 0.40472457
783 0.41982098
784 0.38002387
785 0.41677004
786 0.36483601
787 0.33117491
788 0.34632270
789 0.41929612
790 0.37635380
791 0.43388696
792 0.47316345
793 0.31841304
794 0.38529808
795 0.41981306
796 0.44055243
797 0.52374206
798 0.51606369
799 0.65548401
800 0.60923990
801 0.55032562
802 0.62110561
803 0.49092602
804 0.54195211
805 0.57540691
806 0.42649351
807 0.46377935
808 0.60586361
809 0.41269764
810 0.44679982
811 0.48863840
812 0.56836629
813 0.51033159
814 0.57997246
815 0.55811517
816 0.53729594
817 0.62556830
818 0.61940581
819 0.65548401
820 0.60248416
821 0.58452024
822 0.49757313
823 0.57032363
824 0.47696398
825 0.46894164
826 0.44192304
827 0.40379141
828 0.41369761
829 0.47059491
830 0.37052956
831 0.38070191
832 0.45464006
833 0.44739066
834 0.44083467
835 0.50695346
836 0.45993787
837 0.52777914
838 0.49189320
839 0.58416834
840 0.60248416
841 0.63534083
842 0.58909033
843 0.59007942
844 0.58898612
845 0.46746364
846 0.39661770
847 0.50352422
848 0.46207765
849 0.46173715
850 0.38604641
851 0.47981475
852 0.43178000
853 0.39457339
854 0.43436137
855 0.43761258
856 0.44626046
857 0.48334085
858 0.48623659
859 0.54289395
860 0.59539838
861 0.63534083
862 0.65258475
863 0.60657525
864 0.53685973
865 0.49814012
866 0.46480518
867 0.51540630
868 0.47725124
869 0.42328749
870 0.46225736
871 0.39964343
872 0.42612881
873 0.41769136
874 0.39229696
875 0.41926811
876 0.42652218
877 0.50178691
878 0.54498114
879 0.57329478
880 0.55245160
881 0.62371883
882 0.65258475
883 0.74300821
884 0.71190280
885 0.66471862
886 0.61220922
887 0.57784839
888 0.53688833
889 0.51291555
890 0.56343162
891 0.57013507
892 0.50850872
893 0.52407863
894 0.48515712
895 0.52120032
896 0.45664511
897 0.51486781
898 0.52288917
899 0.50590141
900 0.59287791
901 0.67838741
902 0.66844089
903 0.74300821
904 0.64010158
905 0.59967659
906 0.54674779
907 0.55477588
908 0.55394145
909 0.48946849
910 0.52873958
911 0.49302485
912 0.53405515
913 0.40683498
914 0.44413841
915 0.50784933
916 0.54728489
917 0.46896309
918 0.54146306
919 0.45519065
920 0.51303057
921 0.57340619
922 0.56607877
923 0.64117776
924 0.64010158
925 0.65572697
926 0.65713613
927 0.54874401
928 0.61568716
929 0.58856435
930 0.51595545
931 0.45925369
932 0.56385998
933 0.49193497
934 0.52342834
935 0.46833451
936 0.49510188
937 0.45843713
938 0.51266099
939 0.57429544
940 0.52562106
941 0.54052981
942 0.56850230
943 0.61388451
944 0.69945910
945 0.65572697
946 0.66359975
947 0.63751595
948 0.67214239
949 0.44530756
950 0.54137863
951 0.53572654
952 0.57023425
953 0.45663803
954 0.45385762
955 0.42963028
956 0.55026361
957 0.51622815
958 0.44886215
959 0.54845775
960 0.43207295
961 0.48770693
962 0.53802097
963 0.48529059
964 0.63048204
965 0.63772606
966 0.66359975
967 0.48691119
968 0.45046490
969 0.45549864
970 0.42069665
971 0.39754561
972 0.43050669
973 0.43735072
974 0.41253658
975 0.41854546
976 0.40385713
977 0.40417155
978 0.41091082
979 0.33214543
980 0.37974299
981 0.36283700
982 0.41847451
983 0.43158409
984 0.44361308
985 0.41187689
986 0.47140145
987 0.48691119
988 0.51560734
989 0.56108696
990 0.50848309
991 0.54935445
992 0.49218667
993 0.38880686
994 0.44263854
995 0.46123117
996 0.42187837
997 0.39903062
998 0.48734456
999 0.46306396
1000 0.47754333
1001 0.47724121
1002 0.51524301
1003 0.45932796
1004 0.45475901
1005 0.43698740
1006 0.49092752
1007 0.55814621
1008 0.51560734
1009 0.57492731
1010 0.66728097
1011 0.50114352
1012 0.49777472
1013 0.42207835
1014 0.38875536
1015 0.42977315
1016 0.33814293
1017 0.40410002
1018 0.44457169
1019 0.49320291
1020 0.41842010
1021 0.46898051
1022 0.41644654
1023 0.42182964
1024 0.44130616
1025 0.49970378
1026 0.44021375
1027 0.52907432
1028 0.54664882
1029 0.57492731
1030 0.51511814
1031 0.40660709
1032 0.44312238
1033 0.49532940
1034 0.46761012
1035 0.35821259
1036 0.33759234
1037 0.29050772
1038 0.33729944
1039 0.33994024
1040 0.34247317
1041 0.31609225
1042 0.30790307
1043 0.44798315
1044 0.36054862
1045 0.45189543
1046 0.41686048
1047 0.40202121
1048 0.35037536
1049 0.44534974
1050 0.51511814
1051 0.61913081
1052 0.58422806
1053 0.52317362
1054 0.54276803
1055 0.49361840
1056 0.38184013
1057 0.46970701
1058 0.44294820
1059 0.44489056
1060 0.39532159
1061 0.47869930
1062 0.44794397
1063 0.42446931
1064 0.47865510
1065 0.35627117
1066 0.38084420
1067 0.48783643
1068 0.42070505
1069 0.51840476
1070 0.40884658
1071 0.61913081
1072 0.78611431
1073 0.84532123
1074 0.72206178
1075 0.66308055
1076 0.65981329
1077 0.66109130
1078 0.60329027
1079 0.59620457
1080 0.64713810
1081 0.68491020
1082 0.53947779
1083 0.53058406
1084 0.60390387
1085 0.54018209
1086 0.59119548
1087 0.65562897
1088 0.67056958
1089 0.70899664
1090 0.68417376
1091 0.74742384
1092 0.78611431
1093 0.78343544
1094 0.62042909
1095 0.68170116
1096 0.53887717
1097 0.63878039
1098 0.59032332
1099 0.50591388
1100 0.56193382
1101 0.46611086
1102 0.52559509
1103 0.52440359
1104 0.58869900
1105 0.49214105
1106 0.55601492
1107 0.46530214
1108 0.57066233
1109 0.58405371
1110 0.60553016
1111 0.65044792
1112 0.76661703
1113 0.78343544
1114 0.75557663
1115 0.71299945
1116 0.66427613
1117 0.65093453
1118 0.51901063
1119 0.56579504
1120 0.54690886
1121 0.52651311
1122 0.47229688
1123 0.51886607
1124 0.54964849
1125 0.52911709
1126 0.44370078
1127 0.56310066
1128 0.57889800
1129 0.54831242
1130 0.60648258
1131 0.55675774
1132 0.69400438
1133 0.69732928
1134 0.75557663
1135 0.79262961
1136 0.83549978
1137 0.73651017
1138 0.73839602
1139 0.61609527
1140 0.64731789
1141 0.54091577
1142 0.55190641
1143 0.52575855
1144 0.62047227
1145 0.54004750
1146 0.58347154
1147 0.62004472
1148 0.62047230
1149 0.60678194
1150 0.58065551
1151 0.65614622
1152 0.75729498
1153 0.67243145
1154 0.75266204
1155 0.79262961
1156 0.82831306
1157 0.72677498
1158 0.70032807
1159 0.57394083
1160 0.60302384
1161 0.60009059
1162 0.56975735
1163 0.51529761
1164 0.60374766
1165 0.57716506
1166 0.56371427
1167 0.52651242
1168 0.55750004
1169 0.48613247
1170 0.60163911
1171 0.50922121
1172 0.64136667
1173 0.59086187
1174 0.63214300
1175 0.76880835
1176 0.82831306
1177 0.78925941
1178 0.77412709
1179 0.65858461
1180 0.71587143
1181 0.63928745
1182 0.63506510
1183 0.64172027
1184 0.63205462
1185 0.59031936
1186 0.65172076
1187 0.59460392
1188 0.54049888
1189 0.60371636
1190 0.59824350
1191 0.65586305
1192 0.68459020
1193 0.60647418
1194 0.72350391
1195 0.74386612
1196 0.77730056
1197 0.78925941
1198 0.68012328
1199 0.62208848
1200 0.56448030
1201 0.47196019
1202 0.55423892
1203 0.57190873
1204 0.43379065
1205 0.50817907
1206 0.43886191
1207 0.44048574
1208 0.51469070
1209 0.48925480
1210 0.48839312
1211 0.39701745
1212 0.50432262
1213 0.52949524
1214 0.50694351
1215 0.50999173
1216 0.52190594
1217 0.63644515
1218 0.68012328
1219 0.64110154
1220 0.61627908
1221 0.53039428
1222 0.61407527
1223 0.48567610
1224 0.51671830
1225 0.53860988
1226 0.54932697
1227 0.48519175
1228 0.45038286
1229 0.47581282
1230 0.50878198
1231 0.48102503
1232 0.55169168
1233 0.46661974
1234 0.55121604
1235 0.55307370
1236 0.62534230
1237 0.63409544
1238 0.71343024
1239 0.64110154
1240 0.54610500
1241 0.52504187
1242 0.45263271
1243 0.40342161
1244 0.36792925
1245 0.38350400
1246 0.32926553
1247 0.39548607
1248 0.35220163
1249 0.32621500
1250 0.37428547
1251 0.32100991
1252 0.38650782
1253 0.32488038
1254 0.40417355
1255 0.41258418
1256 0.43997232
1257 0.37813167
1258 0.42740683
1259 0.49312954
1260 0.54610500
1261 0.57013788
1262 0.42556014
1263 0.36930312
1264 0.37754379
1265 0.37978212
1266 0.34852847
1267 0.32692980
1268 0.39682631
1269 0.30837999
1270 0.32615277
1271 0.34162679
1272 0.36466977
1273 0.34293346
1274 0.30368349
1275 0.33951191
1276 0.45789036
1277 0.45642012
1278 0.41913558
1279 0.40955851
1280 0.44321831
1281 0.57013788
1282 0.65669736
1283 0.62548780
1284 0.55575372
1285 0.55549499
1286 0.57995729
1287 0.48791034
1288 0.45182732
1289 0.55123224
1290 0.46038997
1291 0.51527483
1292 0.45231184
1293 0.50500584
1294 0.41270132
1295 0.51788755
1296 0.53302465
1297 0.47781473
1298 0.52802946
1299 0.52712852
1300 0.64682333
1301 0.67724534
1302 0.65669736
1303 0.66138457
1304 0.57056718
1305 0.55151458
1306 0.44451651
1307 0.34442241
1308 0.45991015
1309 0.40072869
1310 0.46554577
1311 0.33057027
1312 0.42795675
1313 0.38018708
1314 0.46018543
1315 0.34854078
1316 0.38859798
1317 0.39006171
1318 0.42067580
1319 0.50467453
1320 0.48122078
1321 0.56163086
1322 0.58839585
1323 0.66138457
1324 0.63563161
1325 0.65001613
1326 0.57366723
1327 0.55886045
1328 0.42291012
1329 0.43504643
1330 0.51358899
1331 0.40675472
1332 0.38360506
1333 0.44038568
1334 0.39591706
1335 0.42439231
1336 0.36707149
1337 0.48046989
1338 0.37309853
1339 0.46243980
1340 0.42698553
1341 0.57782875
1342 0.56831240
1343 0.59257336
1344 0.63563161
1345 0.79936892
1346 0.66939176
1347 0.65192156
1348 0.58555483
1349 0.57755692
1350 0.57942931
1351 0.57448275
1352 0.55675985
1353 0.49769327
1354 0.49221704
1355 0.51146245
1356 0.50590188
1357 0.42698814
1358 0.56564538
1359 0.51570134
1360 0.56055450
1361 0.54163530
1362 0.60079249
1363 0.61624489
1364 0.78847192
1365 0.79936892
1366 0.86566995
1367 0.73790739
1368 0.69181721
1369 0.61699464
1370 0.63573742
1371 0.61628783
1372 0.57325921
1373 0.51891367
1374 0.56709415
1375 0.58598096
1376 0.57788559
1377 0.58416480
1378 0.51272974
1379 0.49460064
1380 0.58740080
1381 0.60004507
1382 0.65000745
1383 0.65414806
1384 0.76409243
1385 0.75985376
1386 0.86566995
1387 0.82811325
1388 0.72216691
1389 0.69067995
1390 0.73921601
1391 0.60507122
1392 0.52974167
1393 0.57094360
1394 0.46663140
1395 0.49882083
1396 0.54608576
1397 0.49873683
1398 0.53893734
1399 0.60616398
1400 0.51567834
1401 0.58498366
1402 0.55987573
1403 0.58916934
1404 0.58638522
1405 0.71240823
1406 0.80083207
1407 0.82811325
1408 0.74440605
1409 0.71070046
1410 0.71879758
1411 0.64900308
1412 0.61752083
1413 0.69225493
1414 0.54363625
1415 0.48591741
1416 0.56986341
1417 0.53830267
1418 0.45911398
1419 0.51773835
1420 0.51697452
1421 0.57336559
1422 0.48288161
1423 0.61406359
1424 0.57789896
1425 0.63842830
1426 0.61359503
1427 0.72856197
1428 0.74440605
1429 0.77928070
1430 0.87211868
1431 0.72144441
1432 0.60367036
1433 0.60392650
1434 0.60688134
1435 0.52416385
1436 0.59458038
1437 0.50273147
1438 0.54061111
1439 0.54652940
1440 0.54808266
1441 0.60769103
1442 0.58535283
1443 0.52734231
1444 0.58753081
1445 0.62923715
1446 0.63390744
1447 0.67668262
1448 0.71412799
1449 0.77928070
1450 0.78515494
1451 0.72481194
1452 0.63380217
1453 0.54107305
1454 0.54143030
1455 0.50684678
1456 0.51138267
1457 0.48796717
1458 0.57611301
1459 0.46875158
1460 0.40501275
1461 0.45581371
1462 0.47772634
1463 0.52313374
1464 0.51410340
1465 0.60145498
1466 0.54846676
1467 0.66773058
1468 0.69247334
1469 0.69713056
1470 0.78515494
1471 0.54766763
1472 0.53229487
1473 0.47531342
1474 0.48516408
1475 0.38839654
1476 0.37347552
1477 0.41031883
1478 0.39729868
1479 0.31403313
1480 0.32485061
1481 0.34556297
1482 0.34104562
1483 0.33547651
1484 0.37805889
1485 0.40271689
1486 0.41841968
1487 0.43056701
1488 0.43081277
1489 0.49432286
1490 0.46727936
1491 0.54766763
1492 0.66116730
1493 0.61178820
1494 0.59324523
1495 0.60329658
1496 0.53142346
1497 0.55002249
1498 0.50234742
1499 0.50581065
1500 0.53421829
1501 0.58198880
1502 0.44417981
1503 0.48603988
1504 0.53366828
1505 0.49204990
1506 0.45909074
1507 0.49079848
1508 0.59298551
1509 0.56203758
1510 0.55982130
1511 0.62006970
1512 0.66116730
1513 0.66730730
1514 0.67972914
1515 0.63652203
1516 0.64071973
1517 0.59153021
1518 0.55458627
1519 0.41054226
1520 0.62148256
1521 0.62021623
1522 0.59273578
1523 0.43955801
1524 0.53451243
1525 0.56119430
1526 0.61386086
1527 0.53547233
1528 0.64462075
1529 0.54659985
1530 0.70583159
1531 0.61384830
1532 0.77939197
1533 0.66730730
1534 0.59061091
1535 0.60165472
1536 0.59398960
1537 0.51982583
1538 0.52013161
1539 0.50097545
1540 0.53180269
1541 0.48587309
1542 0.42995697
1543 0.40122698
1544 0.35487199
1545 0.43085013
1546 0.48964776
1547 0.55936839
1548 0.46966484
1549 0.52082855
1550 0.43388719
1551 0.51642947
1552 0.58761085
1553 0.67524375
1554 0.59061091
1555 0.65035759
1556 0.61996625
1557 0.56694064
1558 0.55159341
1559 0.49817487
1560 0.47650486
1561 0.45009037
1562 0.42599404
1563 0.45277848
1564 0.40418408
1565 0.43615320
1566 0.43241119
1567 0.39454932
1568 0.42186884
1569 0.47210556
1570 0.43502175
1571 0.51980483
1572 0.57963685
1573 0.56883878
1574 0.65013544
1575 0.65035759
1576 0.69086529
1577 0.61254728
1578 0.65260661
1579 0.46377424
1580 0.50882366
1581 0.52858155
1582 0.49466730
1583 0.46581332
1584 0.50483823
1585 0.41265310
1586 0.43867470
1587 0.37854355
1588 0.52535080
1589 0.48293706
1590 0.43414272
1591 0.49113150
1592 0.49833431
1593 0.59001192
1594 0.59827339
1595 0.65311937
1596 0.69086529
1597 0.66323970
1598 0.60810492
1599 0.55916766
1600 0.51633745
1601 0.50818046
1602 0.46521289
1603 0.53250159
1604 0.36960802
1605 0.46356736
1606 0.50723076
1607 0.46249340
1608 0.43721504
1609 0.41294715
1610 0.49932185
1611 0.42979561
1612 0.50111942
1613 0.50286443
1614 0.49805173
1615 0.56593131
1616 0.65926041
1617 0.66323970
1618 0.91681641
1619 0.87213778
1620 0.78939372
1621 0.70698395
1622 0.70136514
1623 0.65960643
1624 0.61569972
1625 0.70966263
1626 0.65406174
1627 0.66241773
1628 0.59806482
1629 0.65787511
1630 0.68569278
1631 0.61369845
1632 0.66637642
1633 0.70561559
1634 0.72850617
1635 0.74837984
1636 0.77248697
1637 0.92750460
1638 0.91681641
1639 0.70863142
1640 0.68799604
1641 0.76251547
1642 0.50568890
1643 0.50044525
1644 0.58968956
1645 0.37856762
1646 0.53626613
1647 0.57499326
1648 0.53878838
1649 0.42920608
1650 0.47750624
1651 0.51617570
1652 0.43793915
1653 0.50395804
1654 0.45789225
1655 0.50065939
1656 0.59464794
1657 0.57870659
1658 0.67619449
1659 0.70863142
1660 0.91681641
1661 0.87213778
1662 0.78939372
1663 0.70698395
1664 0.70136514
1665 0.65960643
1666 0.61569972
1667 0.70966263
1668 0.65406174
1669 0.66241773
1670 0.59806482
1671 0.65787511
1672 0.68569278
1673 0.61369845
1674 0.66637642
1675 0.70561559
1676 0.72850617
1677 0.74837984
1678 0.77248697
1679 0.92750460
1680 0.91681641
1681 0.66323970
1682 0.60810492
1683 0.55916766
1684 0.51633745
1685 0.50818046
1686 0.46521289
1687 0.53250159
1688 0.36960802
1689 0.46356736
1690 0.50723076
1691 0.46249340
1692 0.43721504
1693 0.41294715
1694 0.49932185
1695 0.42979561
1696 0.50111942
1697 0.50286443
1698 0.49805173
1699 0.56593131
1700 0.65926041
1701 0.66323970
1702 0.69086529
1703 0.61254728
1704 0.65260661
1705 0.46377424
1706 0.50882366
1707 0.52858155
1708 0.49466730
1709 0.46581332
1710 0.50483823
1711 0.41265310
1712 0.43867470
1713 0.37854355
1714 0.52535080
1715 0.48293706
1716 0.43414272
1717 0.49113150
1718 0.49833431
1719 0.59001192
1720 0.59827339
1721 0.65311937
1722 0.69086529
1723 0.65035759
1724 0.61996625
1725 0.56694064
1726 0.55159341
1727 0.49817487
1728 0.47650486
1729 0.45009037
1730 0.42599404
1731 0.45277848
1732 0.40418408
1733 0.43615320
1734 0.43241119
1735 0.39454932
1736 0.42186884
1737 0.47210556
1738 0.43502175
1739 0.51980483
1740 0.57963685
1741 0.56883878
1742 0.65013544
1743 0.65035759
1744 0.59061091
1745 0.60165472
1746 0.59398960
1747 0.51982583
1748 0.52013161
1749 0.50097545
1750 0.53180269
1751 0.48587309
1752 0.42995697
1753 0.40122698
1754 0.35487199
1755 0.43085013
1756 0.48964776
1757 0.55936839
1758 0.46966484
1759 0.52082855
1760 0.43388719
1761 0.51642947
1762 0.58761085
1763 0.67524375
1764 0.59061091
1765 0.57013788
1766 0.42556014
1767 0.36930312
1768 0.37754379
1769 0.37978212
1770 0.34852847
1771 0.32692980
1772 0.39682631
1773 0.30837999
1774 0.32615277
1775 0.34162679
1776 0.36466977
1777 0.34293346
1778 0.30368349
1779 0.33951191
1780 0.45789036
1781 0.45642012
1782 0.41913558
1783 0.40955851
1784 0.44321831
1785 0.57013788
1786 0.66116730
1787 0.61178820
1788 0.59324523
1789 0.60329658
1790 0.53142346
1791 0.55002249
1792 0.50234742
1793 0.50581065
1794 0.53421829
1795 0.58198880
1796 0.44417981
1797 0.48603988
1798 0.53366828
1799 0.49204990
1800 0.45909074
1801 0.49079848
1802 0.59298551
1803 0.56203758
1804 0.55982130
1805 0.62006970
1806 0.66116730
1807 0.54766763
1808 0.53229487
1809 0.47531342
1810 0.48516408
1811 0.38839654
1812 0.37347552
1813 0.41031883
1814 0.39729868
1815 0.31403313
1816 0.32485061
1817 0.34556297
1818 0.34104562
1819 0.33547651
1820 0.37805889
1821 0.40271689
1822 0.41841968
1823 0.43056701
1824 0.43081277
1825 0.49432286
1826 0.46727936
1827 0.54766763
1828 0.78515494
1829 0.72481194
1830 0.63380217
1831 0.54107305
1832 0.54143030
1833 0.50684678
1834 0.51138267
1835 0.48796717
1836 0.57611301
1837 0.46875158
1838 0.40501275
1839 0.45581371
1840 0.47772634
1841 0.52313374
1842 0.51410340
1843 0.60145498
1844 0.54846676
1845 0.66773058
1846 0.69247334
1847 0.69713056
1848 0.78515494
1849 0.77928070
1850 0.87211868
1851 0.72144441
1852 0.60367036
1853 0.60392650
1854 0.60688134
1855 0.52416385
1856 0.59458038
1857 0.50273147
1858 0.54061111
1859 0.54652940
1860 0.54808266
1861 0.60769103
1862 0.58535283
1863 0.52734231
1864 0.58753081
1865 0.62923715
1866 0.63390744
1867 0.67668262
1868 0.71412799
1869 0.77928070
1870 0.74440605
1871 0.71070046
1872 0.71879758
1873 0.64900308
1874 0.61752083
1875 0.69225493
1876 0.54363625
1877 0.48591741
1878 0.56986341
1879 0.53830267
1880 0.45911398
1881 0.51773835
1882 0.51697452
1883 0.57336559
1884 0.48288161
1885 0.61406359
1886 0.57789896
1887 0.63842830
1888 0.61359503
1889 0.72856197
1890 0.74440605
1891 0.82811325
1892 0.72216691
1893 0.69067995
1894 0.73921601
1895 0.60507122
1896 0.52974167
1897 0.57094360
1898 0.46663140
1899 0.49882083
1900 0.54608576
1901 0.49873683
1902 0.53893734
1903 0.60616398
1904 0.51567834
1905 0.58498366
1906 0.55987573
1907 0.58916934
1908 0.58638522
1909 0.71240823
1910 0.80083207
1911 0.82811325
1912 0.86566995
1913 0.73790739
1914 0.69181721
1915 0.61699464
1916 0.63573742
1917 0.61628783
1918 0.57325921
1919 0.51891367
1920 0.56709415
1921 0.58598096
1922 0.57788559
1923 0.58416480
1924 0.51272974
1925 0.49460064
1926 0.58740080
1927 0.60004507
1928 0.65000745
1929 0.65414806
1930 0.76409243
1931 0.75985376
1932 0.86566995
1933 0.79936892
1934 0.66939176
1935 0.65192156
1936 0.58555483
1937 0.57755692
1938 0.57942931
1939 0.57448275
1940 0.55675985
1941 0.49769327
1942 0.49221704
1943 0.51146245
1944 0.50590188
1945 0.42698814
1946 0.56564538
1947 0.51570134
1948 0.56055450
1949 0.54163530
1950 0.60079249
1951 0.61624489
1952 0.78847192
1953 0.79936892
1954 0.63563161
1955 0.65001613
1956 0.57366723
1957 0.55886045
1958 0.42291012
1959 0.43504643
1960 0.51358899
1961 0.40675472
1962 0.38360506
1963 0.44038568
1964 0.39591706
1965 0.42439231
1966 0.36707149
1967 0.48046989
1968 0.37309853
1969 0.46243980
1970 0.42698553
1971 0.57782875
1972 0.56831240
1973 0.59257336
1974 0.63563161
1975 0.66138457
1976 0.57056718
1977 0.55151458
1978 0.44451651
1979 0.34442241
1980 0.45991015
1981 0.40072869
1982 0.46554577
1983 0.33057027
1984 0.42795675
1985 0.38018708
1986 0.46018543
1987 0.34854078
1988 0.38859798
1989 0.39006171
1990 0.42067580
1991 0.50467453
1992 0.48122078
1993 0.56163086
1994 0.58839585
1995 0.66138457
1996 0.65669736
1997 0.62548780
1998 0.55575372
1999 0.55549499
2000 0.57995729
2001 0.48791034
2002 0.45182732
2003 0.55123224
2004 0.46038997
2005 0.51527483
2006 0.45231184
2007 0.50500584
2008 0.41270132
2009 0.51788755
2010 0.53302465
2011 0.47781473
2012 0.52802946
2013 0.52712852
2014 0.64682333
2015 0.67724534
2016 0.65669736
2017 0.57492731
2018 0.66728097
2019 0.50114352
2020 0.49777472
2021 0.42207835
2022 0.38875536
2023 0.42977315
2024 0.33814293
2025 0.40410002
2026 0.44457169
2027 0.49320291
2028 0.41842010
2029 0.46898051
2030 0.41644654
2031 0.42182964
2032 0.44130616
2033 0.49970378
2034 0.44021375
2035 0.52907432
2036 0.54664882
2037 0.57492731
2038 0.54610500
2039 0.52504187
2040 0.45263271
2041 0.40342161
2042 0.36792925
2043 0.38350400
2044 0.32926553
2045 0.39548607
2046 0.35220163
2047 0.32621500
2048 0.37428547
2049 0.32100991
2050 0.38650782
2051 0.32488038
2052 0.40417355
2053 0.41258418
2054 0.43997232
2055 0.37813167
2056 0.42740683
2057 0.49312954
2058 0.54610500
2059 0.64110154
2060 0.61627908
2061 0.53039428
2062 0.61407527
2063 0.48567610
2064 0.51671830
2065 0.53860988
2066 0.54932697
2067 0.48519175
2068 0.45038286
2069 0.47581282
2070 0.50878198
2071 0.48102503
2072 0.55169168
2073 0.46661974
2074 0.55121604
2075 0.55307370
2076 0.62534230
2077 0.63409544
2078 0.71343024
2079 0.64110154
2080 0.68012328
2081 0.62208848
2082 0.56448030
2083 0.47196019
2084 0.55423892
2085 0.57190873
2086 0.43379065
2087 0.50817907
2088 0.43886191
2089 0.44048574
2090 0.51469070
2091 0.48925480
2092 0.48839312
2093 0.39701745
2094 0.50432262
2095 0.52949524
2096 0.50694351
2097 0.50999173
2098 0.52190594
2099 0.63644515
2100 0.68012328
2101 0.78925941
2102 0.77412709
2103 0.65858461
2104 0.71587143
2105 0.63928745
2106 0.63506510
2107 0.64172027
2108 0.63205462
2109 0.59031936
2110 0.65172076
2111 0.59460392
2112 0.54049888
2113 0.60371636
2114 0.59824350
2115 0.65586305
2116 0.68459020
2117 0.60647418
2118 0.72350391
2119 0.74386612
2120 0.77730056
2121 0.78925941
2122 0.82831306
2123 0.72677498
2124 0.70032807
2125 0.57394083
2126 0.60302384
2127 0.60009059
2128 0.56975735
2129 0.51529761
2130 0.60374766
2131 0.57716506
2132 0.56371427
2133 0.52651242
2134 0.55750004
2135 0.48613247
2136 0.60163911
2137 0.50922121
2138 0.64136667
2139 0.59086187
2140 0.63214300
2141 0.76880835
2142 0.82831306
2143 0.79262961
2144 0.83549978
2145 0.73651017
2146 0.73839602
2147 0.61609527
2148 0.64731789
2149 0.54091577
2150 0.55190641
2151 0.52575855
2152 0.62047227
2153 0.54004750
2154 0.58347154
2155 0.62004472
2156 0.62047230
2157 0.60678194
2158 0.58065551
2159 0.65614622
2160 0.75729498
2161 0.67243145
2162 0.75266204
2163 0.79262961
2164 0.75557663
2165 0.71299945
2166 0.66427613
2167 0.65093453
2168 0.51901063
2169 0.56579504
2170 0.54690886
2171 0.52651311
2172 0.47229688
2173 0.51886607
2174 0.54964849
2175 0.52911709
2176 0.44370078
2177 0.56310066
2178 0.57889800
2179 0.54831242
2180 0.60648258
2181 0.55675774
2182 0.69400438
2183 0.69732928
2184 0.75557663
2185 0.78343544
2186 0.62042909
2187 0.68170116
2188 0.53887717
2189 0.63878039
2190 0.59032332
2191 0.50591388
2192 0.56193382
2193 0.46611086
2194 0.52559509
2195 0.52440359
2196 0.58869900
2197 0.49214105
2198 0.55601492
2199 0.46530214
2200 0.57066233
2201 0.58405371
2202 0.60553016
2203 0.65044792
2204 0.76661703
2205 0.78343544
2206 0.78611431
2207 0.84532123
2208 0.72206178
2209 0.66308055
2210 0.65981329
2211 0.66109130
2212 0.60329027
2213 0.59620457
2214 0.64713810
2215 0.68491020
2216 0.53947779
2217 0.53058406
2218 0.60390387
2219 0.54018209
2220 0.59119548
2221 0.65562897
2222 0.67056958
2223 0.70899664
2224 0.68417376
2225 0.74742384
2226 0.78611431
2227 0.61913081
2228 0.58422806
2229 0.52317362
2230 0.54276803
2231 0.49361840
2232 0.38184013
2233 0.46970701
2234 0.44294820
2235 0.44489056
2236 0.39532159
2237 0.47869930
2238 0.44794397
2239 0.42446931
2240 0.47865510
2241 0.35627117
2242 0.38084420
2243 0.48783643
2244 0.42070505
2245 0.51840476
2246 0.40884658
2247 0.61913081
2248 0.51511814
2249 0.40660709
2250 0.44312238
2251 0.49532940
2252 0.46761012
2253 0.35821259
2254 0.33759234
2255 0.29050772
2256 0.33729944
2257 0.33994024
2258 0.34247317
2259 0.31609225
2260 0.30790307
2261 0.44798315
2262 0.36054862
2263 0.45189543
2264 0.41686048
2265 0.40202121
2266 0.35037536
2267 0.44534974
2268 0.51511814
2269 0.57381360
2270 0.49271135
2271 0.43963932
2272 0.46658101
2273 0.47170447
2274 0.38036979
2275 0.50799279
2276 0.43721666
2277 0.46526201
2278 0.44238834
2279 0.49928619
2280 0.40051386
2281 0.45293404
2282 0.42353264
2283 0.47063662
2284 0.44020411
2285 0.51034235
2286 0.53482181
2287 0.46459325
2288 0.55132531
2289 0.57381360
2290 0.51560734
2291 0.56108696
2292 0.50848309
2293 0.54935445
2294 0.49218667
2295 0.38880686
2296 0.44263854
2297 0.46123117
2298 0.42187837
2299 0.39903062
2300 0.48734456
2301 0.46306396
2302 0.47754333
2303 0.47724121
2304 0.51524301
2305 0.45932796
2306 0.45475901
2307 0.43698740
2308 0.49092752
2309 0.55814621
2310 0.51560734
2311 0.48691119
2312 0.45046490
2313 0.45549864
2314 0.42069665
2315 0.39754561
2316 0.43050669
2317 0.43735072
2318 0.41253658
2319 0.41854546
2320 0.40385713
2321 0.40417155
2322 0.41091082
2323 0.33214543
2324 0.37974299
2325 0.36283700
2326 0.41847451
2327 0.43158409
2328 0.44361308
2329 0.41187689
2330 0.47140145
2331 0.48691119
2332 0.66359975
2333 0.63751595
2334 0.67214239
2335 0.44530756
2336 0.54137863
2337 0.53572654
2338 0.57023425
2339 0.45663803
2340 0.45385762
2341 0.42963028
2342 0.55026361
2343 0.51622815
2344 0.44886215
2345 0.54845775
2346 0.43207295
2347 0.48770693
2348 0.53802097
2349 0.48529059
2350 0.63048204
2351 0.63772606
2352 0.66359975
2353 0.65572697
2354 0.65713613
2355 0.54874401
2356 0.61568716
2357 0.58856435
2358 0.51595545
2359 0.45925369
2360 0.56385998
2361 0.49193497
2362 0.52342834
2363 0.46833451
2364 0.49510188
2365 0.45843713
2366 0.51266099
2367 0.57429544
2368 0.52562106
2369 0.54052981
2370 0.56850230
2371 0.61388451
2372 0.69945910
2373 0.65572697
2374 0.64010158
2375 0.59967659
2376 0.54674779
2377 0.55477588
2378 0.55394145
2379 0.48946849
2380 0.52873958
2381 0.49302485
2382 0.53405515
2383 0.40683498
2384 0.44413841
2385 0.50784933
2386 0.54728489
2387 0.46896309
2388 0.54146306
2389 0.45519065
2390 0.51303057
2391 0.57340619
2392 0.56607877
2393 0.64117776
2394 0.64010158
2395 0.74300821
2396 0.71190280
2397 0.66471862
2398 0.61220922
2399 0.57784839
2400 0.53688833
2401 0.51291555
2402 0.56343162
2403 0.57013507
2404 0.50850872
2405 0.52407863
2406 0.48515712
2407 0.52120032
2408 0.45664511
2409 0.51486781
2410 0.52288917
2411 0.50590141
2412 0.59287791
2413 0.67838741
2414 0.66844089
2415 0.74300821
2416 0.65258475
2417 0.60657525
2418 0.53685973
2419 0.49814012
2420 0.46480518
2421 0.51540630
2422 0.47725124
2423 0.42328749
2424 0.46225736
2425 0.39964343
2426 0.42612881
2427 0.41769136
2428 0.39229696
2429 0.41926811
2430 0.42652218
2431 0.50178691
2432 0.54498114
2433 0.57329478
2434 0.55245160
2435 0.62371883
2436 0.65258475
2437 0.63534083
2438 0.58909033
2439 0.59007942
2440 0.58898612
2441 0.46746364
2442 0.39661770
2443 0.50352422
2444 0.46207765
2445 0.46173715
2446 0.38604641
2447 0.47981475
2448 0.43178000
2449 0.39457339
2450 0.43436137
2451 0.43761258
2452 0.44626046
2453 0.48334085
2454 0.48623659
2455 0.54289395
2456 0.59539838
2457 0.63534083
2458 0.60248416
2459 0.58452024
2460 0.49757313
2461 0.57032363
2462 0.47696398
2463 0.46894164
2464 0.44192304
2465 0.40379141
2466 0.41369761
2467 0.47059491
2468 0.37052956
2469 0.38070191
2470 0.45464006
2471 0.44739066
2472 0.44083467
2473 0.50695346
2474 0.45993787
2475 0.52777914
2476 0.49189320
2477 0.58416834
2478 0.60248416
2479 0.65548401
2480 0.60923990
2481 0.55032562
2482 0.62110561
2483 0.49092602
2484 0.54195211
2485 0.57540691
2486 0.42649351
2487 0.46377935
2488 0.60586361
2489 0.41269764
2490 0.44679982
2491 0.48863840
2492 0.56836629
2493 0.51033159
2494 0.57997246
2495 0.55811517
2496 0.53729594
2497 0.62556830
2498 0.61940581
2499 0.65548401
2500 0.51606369
2501 0.46387708
2502 0.43457159
2503 0.40428905
2504 0.40472457
2505 0.41982098
2506 0.38002387
2507 0.41677004
2508 0.36483601
2509 0.33117491
2510 0.34632270
2511 0.41929612
2512 0.37635380
2513 0.43388696
2514 0.47316345
2515 0.31841304
2516 0.38529808
2517 0.41981306
2518 0.44055243
2519 0.52374206
2520 0.51606369
2521 0.43816482
2522 0.46922485
2523 0.38591160
2524 0.41624628
2525 0.37778773
2526 0.39983530
2527 0.35677677
2528 0.40507389
2529 0.44119930
2530 0.39124618
2531 0.34871697
2532 0.38797488
2533 0.34772844
2534 0.34612243
2535 0.35097539
2536 0.34540448
2537 0.32536337
2538 0.39783595
2539 0.49428600
2540 0.48519900
2541 0.43816482
2542 0.49809634
2543 0.40215023
2544 0.41230511
2545 0.44227231
2546 0.42420896
2547 0.40486065
2548 0.45828064
2549 0.36255321
2550 0.38911829
2551 0.46147079
2552 0.37953153
2553 0.46746540
2554 0.46899399
2555 0.37208740
2556 0.29573463
2557 0.49759815
2558 0.43841970
2559 0.43489432
2560 0.45129398
2561 0.49107211
2562 0.49809634
2563 0.55244595
2564 0.43829450
2565 0.45449396
2566 0.40399753
2567 0.40145993
2568 0.47910981
2569 0.44550542
2570 0.38204837
2571 0.33780143
2572 0.36302437
2573 0.32284908
2574 0.35429921
2575 0.36355624
2576 0.36758289
2577 0.45821690
2578 0.34681271
2579 0.41945092
2580 0.42995639
2581 0.35560351
2582 0.39212920
2583 0.55244595
2584 0.71492911
2585 0.65653920
2586 0.56837659
2587 0.58078300
2588 0.53553798
2589 0.55130828
2590 0.46789431
2591 0.46941159
2592 0.46157673
2593 0.47905238
2594 0.53163418
2595 0.51243276
2596 0.54430684
2597 0.46781925
2598 0.55667418
2599 0.53967194
2600 0.50682994
2601 0.61638514
2602 0.55519134
2603 0.65457749
2604 0.71492911
2605 0.53670610
2606 0.41355120
2607 0.47931930
2608 0.42311462
2609 0.43533531
2610 0.43158954
2611 0.37363414
2612 0.39934890
2613 0.31596237
2614 0.30845652
2615 0.31369793
2616 0.32845692
2617 0.40204802
2618 0.43965757
2619 0.42140836
2620 0.37645667
2621 0.37239041
2622 0.39633404
2623 0.52983630
2624 0.47996344
2625 0.53670610
2626 0.72304904
2627 0.69277468
2628 0.62870542
2629 0.51979315
2630 0.55532901
2631 0.48408542
2632 0.46215443
2633 0.43835787
2634 0.54346048
2635 0.46617881
2636 0.41226615
2637 0.46628686
2638 0.55259979
2639 0.53004755
2640 0.57508800
2641 0.54972855
2642 0.51560868
2643 0.54376629
2644 0.66694536
2645 0.57904109
2646 0.72304904
2647 0.56073228
2648 0.53687145
2649 0.52849828
2650 0.52524183
2651 0.47540493
2652 0.32842562
2653 0.38622892
2654 0.38100138
2655 0.42593005
2656 0.34240840
2657 0.45075139
2658 0.31700860
2659 0.43780468
2660 0.30323242
2661 0.38545395
2662 0.36763740
2663 0.40457725
2664 0.40672868
2665 0.51882500
2666 0.49834023
2667 0.56073228
2668 0.68661544
2669 0.72653697
2670 0.61248236
2671 0.66569770
2672 0.55661573
2673 0.59079543
2674 0.48437349
2675 0.44561769
2676 0.51918846
2677 0.42826374
2678 0.53795186
2679 0.46694866
2680 0.43877756
2681 0.45136702
2682 0.58520920
2683 0.53118209
2684 0.61468915
2685 0.57523157
2686 0.59173994
2687 0.58850483
2688 0.68661544
2689 0.60847291
2690 0.67986512
2691 0.56809658
2692 0.55273065
2693 0.52599496
2694 0.47658466
2695 0.50580197
2696 0.43185384
2697 0.47637198
2698 0.44476920
2699 0.44124544
2700 0.49674946
2701 0.50883157
2702 0.43103826
2703 0.50169844
2704 0.52159297
2705 0.53744821
2706 0.56824003
2707 0.57794307
2708 0.65083107
2709 0.60847291
2710 0.58865995
2711 0.54612361
2712 0.53497671
2713 0.57170108
2714 0.51162856
2715 0.47859593
2716 0.45730646
2717 0.52182606
2718 0.44726627
2719 0.46197354
2720 0.41300163
2721 0.39934283
2722 0.35463942
2723 0.42247057
2724 0.51290863
2725 0.46359328
2726 0.46389832
2727 0.53848311
2728 0.54184488
2729 0.55996971
2730 0.58865995
2731 0.43234689
2732 0.50391539
2733 0.43520588
2734 0.30273343
2735 0.32815954
2736 0.39120937
2737 0.38980508
2738 0.44613483
2739 0.36282043
2740 0.36395918
2741 0.41154823
2742 0.36620885
2743 0.35362247
2744 0.33114018
2745 0.44970039
2746 0.40898765
2747 0.38297823
2748 0.48260549
2749 0.44041993
2750 0.53675051
2751 0.43234689
2752 0.51479043
2753 0.45531001
2754 0.44404786
2755 0.47714360
2756 0.40778633
2757 0.46124903
2758 0.44541659
2759 0.45401719
2760 0.38682238
2761 0.49038844
2762 0.43275511
2763 0.32854558
2764 0.38731763
2765 0.49274654
2766 0.42694093
2767 0.53492565
2768 0.45107491
2769 0.45428802
2770 0.43202121
2771 0.49065582
2772 0.51479043
2773 0.49083776
2774 0.51653275
2775 0.49719095
2776 0.46674662
2777 0.48374829
2778 0.46159386
2779 0.42951600
2780 0.41898832
2781 0.44481982
2782 0.37270924
2783 0.43563140
2784 0.52790565
2785 0.40737925
2786 0.46599319
2787 0.42654732
2788 0.52048463
2789 0.49451712
2790 0.51088643
2791 0.46344991
2792 0.46388894
2793 0.49083776
2794 0.50118766
2795 0.42638969
2796 0.49531064
2797 0.41621394
2798 0.52090519
2799 0.49915291
2800 0.47343841
2801 0.45240708
2802 0.35451541
2803 0.41655738
2804 0.43087476
2805 0.40338313
2806 0.43692436
2807 0.52637010
2808 0.32856291
2809 0.45231543
2810 0.43688379
2811 0.49084241
2812 0.39551046
2813 0.43317571
2814 0.50118766
2815 0.44211964
2816 0.42463191
2817 0.45733251
2818 0.41448642
2819 0.50023301
2820 0.36659547
2821 0.41885671
2822 0.43726879
2823 0.38079872
2824 0.45040089
2825 0.44007039
2826 0.38828722
2827 0.37884032
2828 0.41050220
2829 0.41766137
2830 0.46569685
2831 0.38192447
2832 0.39031268
2833 0.42597468
2834 0.43659771
2835 0.44211964
2836 0.67735879
2837 0.53723121
2838 0.51608934
2839 0.47903171
2840 0.48175261
2841 0.41161896
2842 0.45572786
2843 0.51601878
2844 0.50810628
2845 0.53667008
2846 0.51063383
2847 0.43289096
2848 0.47240568
2849 0.40716065
2850 0.54410682
2851 0.46922576
2852 0.59833546
2853 0.47511460
2854 0.56280527
2855 0.57799018
2856 0.67735879
2857 0.49351840
2858 0.56628262
2859 0.50190023
2860 0.52875049
2861 0.52658440
2862 0.45244079
2863 0.42151611
2864 0.36573226
2865 0.42306630
2866 0.37813149
2867 0.37245288
2868 0.37441704
2869 0.39035441
2870 0.51795202
2871 0.38719330
2872 0.41478080
2873 0.45573631
2874 0.50025044
2875 0.50320219
2876 0.46428031
2877 0.49351840
2878 0.55828306
2879 0.55366101
2880 0.40530115
2881 0.54179954
2882 0.44221926
2883 0.39165587
2884 0.45835612
2885 0.36971698
2886 0.44279025
2887 0.41945575
2888 0.40228087
2889 0.33137819
2890 0.36882029
2891 0.45836120
2892 0.49453218
2893 0.45526110
2894 0.47480227
2895 0.45193568
2896 0.53369534
2897 0.55553791
2898 0.55828306
2899 0.72821514
2900 0.70656657
2901 0.57961730
2902 0.63839136
2903 0.54482810
2904 0.53696427
2905 0.59989283
2906 0.52384502
2907 0.51627861
2908 0.50718926
2909 0.50201414
2910 0.52169981
2911 0.54523093
2912 0.57847273
2913 0.59782272
2914 0.62868809
2915 0.51312227
2916 0.66284758
2917 0.56586524
2918 0.69310259
2919 0.72821514
2920 0.70450074
2921 0.55582469
2922 0.49784609
2923 0.43127788
2924 0.47998742
2925 0.51839995
2926 0.47197665
2927 0.39713827
2928 0.41158957
2929 0.38428199
2930 0.41523840
2931 0.45595841
2932 0.43423853
2933 0.34311159
2934 0.48277621
2935 0.47623551
2936 0.53910535
2937 0.42197730
2938 0.51589513
2939 0.61713008
2940 0.70450074
2941 0.63241727
2942 0.52891086
2943 0.53544398
2944 0.58082880
2945 0.47568373
2946 0.49006200
2947 0.46511803
2948 0.40880811
2949 0.43058314
2950 0.47998987
2951 0.40844804
2952 0.43864933
2953 0.45608747
2954 0.44354735
2955 0.45450660
2956 0.48788787
2957 0.51186102
2958 0.51966432
2959 0.62021840
2960 0.50800934
2961 0.63241727
2962 0.54428706
2963 0.55448392
2964 0.60868578
2965 0.51173564
2966 0.50513828
2967 0.50049463
2968 0.43196276
2969 0.47718230
2970 0.47933310
2971 0.46352196
2972 0.45563421
2973 0.38650656
2974 0.43801927
2975 0.41713444
2976 0.50514652
2977 0.45801255
2978 0.46032429
2979 0.50074302
2980 0.55227815
2981 0.46118606
2982 0.54428706
2983 0.51619355
2984 0.45305716
2985 0.45953058
2986 0.50728523
2987 0.45371896
2988 0.43712499
2989 0.50366904
2990 0.44032783
2991 0.39948995
2992 0.46082796
2993 0.52499758
2994 0.43875481
2995 0.48349070
2996 0.41145354
2997 0.44050519
2998 0.47597508
2999 0.45854205
3000 0.49959395
3001 0.52031296
3002 0.59234610
3003 0.51619355
3004 0.50979999
3005 0.44556321
3006 0.54203457
3007 0.50669746
3008 0.38070967
3009 0.43128067
3010 0.43167681
3011 0.43036439
3012 0.42248040
3013 0.44157980
3014 0.38460093
3015 0.35227207
3016 0.40657132
3017 0.40420946
3018 0.42884053
3019 0.47094870
3020 0.49449797
3021 0.42700895
3022 0.49917961
3023 0.51643168
3024 0.50979999
