index DenDen_momentum
1 144.80230261
2 144.72154825
3 144.73898632
4 144.73989263
5 144.72706785
6 144.77170933
7 144.63666764
8 144.74748803
9 144.69138815
10 144.67362209
11 144.81346506
12 144.77396038
13 144.71331704
14 144.75447380
15 144.76045690
16 144.73933536
17 144.71051867
18 144.75916756
19 144.67975929
20 144.78248400
21 144.80230261
22 0.35379615
23 0.42236532
24 0.38144827
25 0.29372716
26 0.34041216
27 0.29926009
28 0.41018986
29 0.35123380
30 0.32196863
31 0.31579673
32 0.35343748
33 0.36726891
34 0.32167777
35 0.36396436
36 0.35286291
37 0.33574714
38 0.41573548
39 0.38505472
40 0.36983777
41 0.37527227
42 0.35379615
43 0.50937094
44 0.53167954
45 0.50930711
46 0.45814280
47 0.47023028
48 0.53758482
49 0.48536049
50 0.47771000
51 0.56873427
52 0.56477242
53 0.49347636
54 0.51087713
55 0.52916666
56 0.44471810
57 0.53443621
58 0.46191853
59 0.52038668
60 0.51618827
61 0.55344387
62 0.50224516
63 0.50937094
64 0.52069936
65 0.42612330
66 0.48068202
67 0.44188978
68 0.34511424
69 0.39670454
70 0.37462938
71 0.43286677
72 0.33886457
73 0.35602622
74 0.41879760
75 0.30922416
76 0.41561606
77 0.35596494
78 0.34965682
79 0.42863852
80 0.40628256
81 0.38745599
82 0.48734464
83 0.45198322
84 0.52069936
85 0.54039965
86 0.51254907
87 0.43320645
88 0.46671221
89 0.47581603
90 0.46841230
91 0.45895807
92 0.41035363
93 0.46563220
94 0.40012912
95 0.39415866
96 0.43963394
97 0.34036877
98 0.40181978
99 0.41933129
100 0.41393646
101 0.51874707
102 0.41087341
103 0.43416479
104 0.56397520
105 0.54039965
106 0.68126757
107 0.63847354
108 0.64623625
109 0.52877108
110 0.51980773
111 0.54271710
112 0.53209462
113 0.57368140
114 0.46888714
115 0.54656064
116 0.49011754
117 0.43696511
118 0.53277739
119 0.51622703
120 0.50711856
121 0.50043647
122 0.55628637
123 0.54823634
124 0.63528547
125 0.70838843
126 0.68126757
127 0.50101921
128 0.58703539
129 0.53440104
130 0.52069288
131 0.47430770
132 0.59949841
133 0.57368766
134 0.44413349
135 0.43136585
136 0.33065316
137 0.52645473
138 0.42314980
139 0.43277550
140 0.46375933
141 0.43019021
142 0.44859604
143 0.43154012
144 0.56262880
145 0.48227341
146 0.59762569
147 0.50101921
148 0.68126757
149 0.63847354
150 0.64623625
151 0.52877108
152 0.51980773
153 0.54271710
154 0.53209462
155 0.57368140
156 0.46888714
157 0.54656064
158 0.49011754
159 0.43696511
160 0.53277739
161 0.51622703
162 0.50711856
163 0.50043647
164 0.55628637
165 0.54823634
166 0.63528547
167 0.70838843
168 0.68126757
169 0.54039965
170 0.51254907
171 0.43320645
172 0.46671221
173 0.47581603
174 0.46841230
175 0.45895807
176 0.41035363
177 0.46563220
178 0.40012912
179 0.39415866
180 0.43963394
181 0.34036877
182 0.40181978
183 0.41933129
184 0.41393646
185 0.51874707
186 0.41087341
187 0.43416479
188 0.56397520
189 0.54039965
190 0.52069936
191 0.42612330
192 0.48068202
193 0.44188978
194 0.34511424
195 0.39670454
196 0.37462938
197 0.43286677
198 0.33886457
199 0.35602622
200 0.41879760
201 0.30922416
202 0.41561606
203 0.35596494
204 0.34965682
205 0.42863852
206 0.40628256
207 0.38745599
208 0.48734464
209 0.45198322
210 0.52069936
211 0.50937094
212 0.53167954
213 0.50930711
214 0.45814280
215 0.47023028
216 0.53758482
217 0.48536049
218 0.47771000
219 0.56873427
220 0.56477242
221 0.49347636
222 0.51087713
223 0.52916666
224 0.44471810
225 0.53443621
226 0.46191853
227 0.52038668
228 0.51618827
229 0.55344387
230 0.50224516
231 0.50937094
232 0.35379615
233 0.42236532
234 0.38144827
235 0.29372716
236 0.34041216
237 0.29926009
238 0.41018986
239 0.35123380
240 0.32196863
241 0.31579673
242 0.35343748
243 0.36726891
244 0.32167777
245 0.36396436
246 0.35286291
247 0.33574714
248 0.41573548
249 0.38505472
250 0.36983777
251 0.37527227
252 0.35379615
253 0.32422175
254 0.44241630
255 0.38335102
256 0.38416172
257 0.46278508
258 0.33914953
259 0.40333553
260 0.36234815
261 0.36975348
262 0.43862175
263 0.34429441
264 0.34874921
265 0.38777663
266 0.41118725
267 0.39520746
268 0.38206806
269 0.44187117
270 0.42840399
271 0.44162764
272 0.40395966
273 0.32422175
274 0.43258336
275 0.43946633
276 0.46004878
277 0.35788920
278 0.41340408
279 0.37987800
280 0.41331534
281 0.40362351
282 0.36106451
283 0.38617583
284 0.44739192
285 0.47583231
286 0.43961873
287 0.40502785
288 0.44032840
289 0.37558408
290 0.42996027
291 0.37896480
292 0.40447542
293 0.45742773
294 0.43258336
295 0.47927169
296 0.38338990
297 0.39951784
298 0.39877205
299 0.40695349
300 0.33861980
301 0.46364704
302 0.33028613
303 0.30726914
304 0.36784389
305 0.39786635
306 0.38663145
307 0.41859710
308 0.29294772
309 0.39582341
310 0.30311637
311 0.43452068
312 0.43139383
313 0.40195959
314 0.43769957
315 0.47927169
316 0.49028985
317 0.44721591
318 0.37678783
319 0.42258853
320 0.42499761
321 0.41549527
322 0.41319425
323 0.34797718
324 0.31490042
325 0.40856033
326 0.30693316
327 0.39838224
328 0.35134527
329 0.30323433
330 0.31996758
331 0.38521337
332 0.34616355
333 0.37542370
334 0.47753822
335 0.45074206
336 0.49028985
337 0.51731553
338 0.52714393
339 0.47317067
340 0.49381264
341 0.37162416
342 0.34401979
343 0.40706765
344 0.42388062
345 0.42203456
346 0.36745733
347 0.42115195
348 0.39015901
349 0.42003415
350 0.31377360
351 0.42705234
352 0.41975949
353 0.41681877
354 0.43341141
355 0.45189142
356 0.56406992
357 0.51731553
358 0.71765185
359 0.62976826
360 0.63595540
361 0.55729934
362 0.55112038
363 0.50227239
364 0.57401346
365 0.59833772
366 0.48753702
367 0.44907648
368 0.47830613
369 0.55572753
370 0.52775689
371 0.45762235
372 0.50713079
373 0.54725112
374 0.51489911
375 0.57747370
376 0.58462875
377 0.64838361
378 0.71765185
379 0.63209153
380 0.56853580
381 0.51556108
382 0.47155233
383 0.47122203
384 0.52276834
385 0.45821505
386 0.36221426
387 0.39194017
388 0.32614512
389 0.40568834
390 0.43442140
391 0.42675304
392 0.41781445
393 0.35386909
394 0.41443157
395 0.43638962
396 0.47028791
397 0.51887717
398 0.47453515
399 0.63209153
400 0.62522956
401 0.57186776
402 0.53277625
403 0.46163985
404 0.57007128
405 0.41038605
406 0.47563494
407 0.42835005
408 0.38732254
409 0.41548054
410 0.32614988
411 0.47066146
412 0.37742382
413 0.56983264
414 0.47369571
415 0.45747047
416 0.45016519
417 0.52554674
418 0.46246956
419 0.55434618
420 0.62522956
421 0.52621726
422 0.54772660
423 0.35886606
424 0.38012330
425 0.43875174
426 0.43284854
427 0.39290278
428 0.41588071
429 0.39647376
430 0.40005658
431 0.35657610
432 0.38979165
433 0.37065673
434 0.38658132
435 0.42357963
436 0.41627131
437 0.39691018
438 0.45793464
439 0.51432435
440 0.41226388
441 0.52621726
442 0.66843386
443 0.54846757
444 0.52723397
445 0.55184451
446 0.52949246
447 0.45218020
448 0.47372225
449 0.45385571
450 0.43343629
451 0.49279476
452 0.41605478
453 0.50926105
454 0.43731041
455 0.47401257
456 0.53215219
457 0.51710642
458 0.49166444
459 0.49293761
460 0.55135397
461 0.62263210
462 0.66843386
463 0.51903044
464 0.46473143
465 0.41579584
466 0.46486448
467 0.41333580
468 0.40771782
469 0.43310708
470 0.36529211
471 0.40102601
472 0.42187289
473 0.38280448
474 0.41394485
475 0.32943903
476 0.40698416
477 0.40162477
478 0.40958066
479 0.43201427
480 0.37855336
481 0.40939777
482 0.50738469
483 0.51903044
484 0.41162535
485 0.44607727
486 0.37980771
487 0.37608373
488 0.36717395
489 0.38305747
490 0.41957163
491 0.39073974
492 0.44927881
493 0.39470866
494 0.32588068
495 0.37615861
496 0.40222815
497 0.38750557
498 0.28191044
499 0.35428978
500 0.42064769
501 0.35555265
502 0.38655246
503 0.41295127
504 0.41162535
505 0.45684702
506 0.40407490
507 0.45680287
508 0.51775453
509 0.39503493
510 0.39363320
511 0.41770233
512 0.39795356
513 0.38201516
514 0.27644590
515 0.45308562
516 0.33180862
517 0.38825524
518 0.42236293
519 0.41287014
520 0.42737218
521 0.41842587
522 0.42185696
523 0.46165124
524 0.42163807
525 0.45684702
526 0.54647134
527 0.48621949
528 0.41159514
529 0.41036081
530 0.40344653
531 0.43743564
532 0.46167755
533 0.34598960
534 0.42046575
535 0.53038257
536 0.47658269
537 0.34535965
538 0.43488361
539 0.39119335
540 0.43954186
541 0.46954989
542 0.44954991
543 0.38468846
544 0.47505692
545 0.47659146
546 0.54647134
547 0.56373655
548 0.53576298
549 0.57236224
550 0.49338033
551 0.51325925
552 0.48383794
553 0.49065575
554 0.40172478
555 0.38761180
556 0.41808994
557 0.51780665
558 0.44556721
559 0.52871504
560 0.44655175
561 0.53772892
562 0.55024521
563 0.57333860
564 0.49986730
565 0.56837138
566 0.56574521
567 0.56373655
568 0.64541451
569 0.56942546
570 0.59876017
571 0.57433571
572 0.59477424
573 0.53044611
574 0.54278453
575 0.43655404
576 0.52131623
577 0.42079870
578 0.50807506
579 0.50727008
580 0.52842897
581 0.52747791
582 0.49199480
583 0.53802627
584 0.53116884
585 0.53055301
586 0.54026716
587 0.61309512
588 0.64541451
589 0.70507226
590 0.57425907
591 0.46678282
592 0.44301848
593 0.49583040
594 0.42267461
595 0.44068390
596 0.31373045
597 0.37512030
598 0.43618804
599 0.43076631
600 0.37343100
601 0.43812062
602 0.46854337
603 0.38402211
604 0.45111763
605 0.43171853
606 0.49294111
607 0.58284860
608 0.54081708
609 0.70507226
610 0.63504149
611 0.57884320
612 0.54537822
613 0.52333169
614 0.53279775
615 0.43724227
616 0.44717432
617 0.37391539
618 0.36753378
619 0.37822140
620 0.36369415
621 0.48106819
622 0.45178961
623 0.39040911
624 0.42238887
625 0.43729208
626 0.51891459
627 0.50917963
628 0.54377826
629 0.65713629
630 0.63504149
631 0.68126134
632 0.58341075
633 0.54366197
634 0.59609055
635 0.49535164
636 0.42599607
637 0.40564226
638 0.53495589
639 0.46485016
640 0.41953320
641 0.49410003
642 0.45992947
643 0.43795499
644 0.43765725
645 0.43601551
646 0.46224465
647 0.44063107
648 0.54002720
649 0.54601078
650 0.59270779
651 0.68126134
652 0.70591979
653 0.66025849
654 0.57318929
655 0.59439737
656 0.60220895
657 0.46891121
658 0.54389613
659 0.55691525
660 0.42582448
661 0.50371356
662 0.46082698
663 0.45134574
664 0.55364819
665 0.43427581
666 0.50777431
667 0.63095899
668 0.53621064
669 0.56003123
670 0.54411642
671 0.67118631
672 0.70591979
673 0.66766665
674 0.61511284
675 0.61250060
676 0.60975067
677 0.53620709
678 0.51264864
679 0.47071022
680 0.56213031
681 0.43090321
682 0.50996475
683 0.50059899
684 0.48254211
685 0.56573669
686 0.47651781
687 0.54159784
688 0.53387780
689 0.53949472
690 0.60773107
691 0.56931253
692 0.65409373
693 0.66766665
694 0.62273926
695 0.60472220
696 0.63249274
697 0.56730643
698 0.59996120
699 0.47409224
700 0.54042656
701 0.46660275
702 0.57262822
703 0.51212298
704 0.47225334
705 0.53418052
706 0.45960793
707 0.42733582
708 0.58766279
709 0.55521784
710 0.62456571
711 0.49530816
712 0.55212519
713 0.59743941
714 0.62273926
715 0.64787762
716 0.48014664
717 0.60609873
718 0.47874959
719 0.45754422
720 0.48318465
721 0.46624213
722 0.46530265
723 0.44487504
724 0.48065640
725 0.45314400
726 0.41500485
727 0.50331247
728 0.45439400
729 0.48097527
730 0.50088731
731 0.39861972
732 0.51669726
733 0.49788966
734 0.47826344
735 0.64787762
736 0.51992580
737 0.53027369
738 0.46975273
739 0.49929496
740 0.44822831
741 0.46510109
742 0.44229549
743 0.33138860
744 0.44504328
745 0.38025285
746 0.39742116
747 0.45255218
748 0.38031015
749 0.41224972
750 0.42586531
751 0.44759825
752 0.42303857
753 0.44159660
754 0.44786398
755 0.49577496
756 0.51992580
757 0.65157840
758 0.46556146
759 0.46144036
760 0.43350855
761 0.39861657
762 0.45623275
763 0.43896165
764 0.42867959
765 0.41289337
766 0.37695281
767 0.47608420
768 0.36390813
769 0.40400815
770 0.47140100
771 0.45925838
772 0.40116194
773 0.45693866
774 0.49238600
775 0.47832568
776 0.48757065
777 0.65157840
778 0.57944009
779 0.46233015
780 0.41676547
781 0.53117908
782 0.52570217
783 0.40817174
784 0.42308146
785 0.45030431
786 0.47438870
787 0.43569016
788 0.42619789
789 0.44223021
790 0.37955777
791 0.43137168
792 0.44834945
793 0.41492659
794 0.54504044
795 0.46303497
796 0.50644477
797 0.55089966
798 0.57944009
799 0.55144469
800 0.52773078
801 0.40232767
802 0.49560707
803 0.45290361
804 0.39083001
805 0.38813735
806 0.41368290
807 0.39985683
808 0.41880357
809 0.41551885
810 0.50095670
811 0.49232343
812 0.36144348
813 0.46485830
814 0.40237789
815 0.40793738
816 0.47943928
817 0.52965777
818 0.54974607
819 0.55144469
820 0.53885680
821 0.57360060
822 0.58420840
823 0.53426250
824 0.50008307
825 0.49925616
826 0.44152047
827 0.42587699
828 0.45496819
829 0.48011375
830 0.41505635
831 0.36315095
832 0.46656873
833 0.45902396
834 0.38342647
835 0.38501217
836 0.47956034
837 0.51593316
838 0.49407243
839 0.57629782
840 0.53885680
841 0.75855491
842 0.72453763
843 0.71924882
844 0.69656484
845 0.62701985
846 0.54261359
847 0.53619238
848 0.64348326
849 0.61575559
850 0.54753431
851 0.51875083
852 0.59521263
853 0.60169264
854 0.54487004
855 0.58688710
856 0.54270423
857 0.56639719
858 0.68583571
859 0.69912848
860 0.73097413
861 0.75855491
862 0.75750239
863 0.67809096
864 0.60980748
865 0.52535633
866 0.49586386
867 0.43330452
868 0.47450164
869 0.46829361
870 0.40328046
871 0.50231776
872 0.50064583
873 0.36268060
874 0.45086660
875 0.51022807
876 0.50195964
877 0.46023487
878 0.52484459
879 0.48710992
880 0.56570027
881 0.63809448
882 0.75750239
883 0.75616712
884 0.70203824
885 0.57974830
886 0.50081014
887 0.51535934
888 0.48708081
889 0.46839702
890 0.46008478
891 0.41120428
892 0.41814007
893 0.51921573
894 0.48812731
895 0.54349823
896 0.35785277
897 0.47887758
898 0.51640968
899 0.56521204
900 0.61634386
901 0.63100526
902 0.59293753
903 0.75616712
904 0.68673824
905 0.61503289
906 0.60959563
907 0.54752449
908 0.49107856
909 0.45756964
910 0.52088450
911 0.45284481
912 0.51594959
913 0.44237056
914 0.43920759
915 0.41021878
916 0.49149336
917 0.41151742
918 0.48000170
919 0.45433111
920 0.56578710
921 0.52956273
922 0.63826048
923 0.61812504
924 0.68673824
925 0.66969395
926 0.58190467
927 0.58429527
928 0.54547023
929 0.46039994
930 0.53184620
931 0.42316565
932 0.44322912
933 0.47833003
934 0.47179449
935 0.45726500
936 0.42178387
937 0.48690403
938 0.43228070
939 0.45390070
940 0.47444647
941 0.44713466
942 0.59681184
943 0.56549598
944 0.56129119
945 0.66969395
946 0.60482366
947 0.56907884
948 0.53863063
949 0.50950381
950 0.52091891
951 0.52698829
952 0.55967488
953 0.46584014
954 0.43446190
955 0.52465863
956 0.48286632
957 0.49225791
958 0.43111034
959 0.41454606
960 0.49080703
961 0.48177092
962 0.51051178
963 0.55047232
964 0.60955868
965 0.57875111
966 0.60482366
967 0.59083077
968 0.58839753
969 0.50370125
970 0.48597311
971 0.51886614
972 0.43684794
973 0.49975060
974 0.48999238
975 0.53871818
976 0.38578379
977 0.47676465
978 0.50611079
979 0.50219788
980 0.44581665
981 0.46763968
982 0.41936305
983 0.55098585
984 0.52491081
985 0.56740481
986 0.61518710
987 0.59083077
988 0.50045000
989 0.56555127
990 0.45384091
991 0.40647951
992 0.47048395
993 0.42735162
994 0.42439477
995 0.43205937
996 0.38069411
997 0.40581999
998 0.45338067
999 0.45872559
1000 0.46408638
1001 0.42110135
1002 0.40997796
1003 0.47736091
1004 0.41661224
1005 0.45451524
1006 0.43477423
1007 0.41880063
1008 0.50045000
1009 0.48970123
1010 0.48487024
1011 0.45636895
1012 0.43545731
1013 0.37704086
1014 0.33739173
1015 0.41604441
1016 0.31254562
1017 0.44701947
1018 0.33409342
1019 0.35703991
1020 0.41524231
1021 0.32302805
1022 0.40524824
1023 0.41799637
1024 0.41633290
1025 0.42872772
1026 0.39959897
1027 0.37726958
1028 0.48464375
1029 0.48970123
1030 0.44723593
1031 0.50263938
1032 0.46786206
1033 0.42955573
1034 0.42401435
1035 0.33630617
1036 0.36581206
1037 0.34022710
1038 0.32859699
1039 0.34519415
1040 0.33662316
1041 0.40094991
1042 0.41991801
1043 0.38292544
1044 0.30339392
1045 0.45067776
1046 0.43341709
1047 0.35579542
1048 0.39619709
1049 0.45687389
1050 0.44723593
1051 0.65798353
1052 0.64051374
1053 0.57382813
1054 0.52340344
1055 0.44855917
1056 0.45703075
1057 0.52019203
1058 0.42126771
1059 0.37229007
1060 0.38012451
1061 0.42006019
1062 0.43886465
1063 0.44054664
1064 0.35360623
1065 0.46588647
1066 0.46395003
1067 0.45294189
1068 0.49731904
1069 0.59917137
1070 0.57063122
1071 0.65798353
1072 0.62272598
1073 0.57808261
1074 0.46267079
1075 0.44998553
1076 0.40480632
1077 0.44160773
1078 0.39369041
1079 0.41053743
1080 0.40116756
1081 0.32309239
1082 0.38074736
1083 0.41648291
1084 0.40844181
1085 0.34674364
1086 0.50095626
1087 0.47723454
1088 0.40239790
1089 0.48058235
1090 0.46030767
1091 0.62271006
1092 0.62272598
1093 0.65099616
1094 0.64047324
1095 0.59469152
1096 0.64147435
1097 0.43761030
1098 0.46011792
1099 0.42257632
1100 0.43691370
1101 0.41761450
1102 0.43429906
1103 0.44964817
1104 0.47668724
1105 0.39694010
1106 0.46997245
1107 0.57329806
1108 0.49938688
1109 0.54648700
1110 0.60051522
1111 0.55021364
1112 0.68573373
1113 0.65099616
1114 0.82832509
1115 0.69273403
1116 0.58575694
1117 0.65656538
1118 0.48639027
1119 0.54954976
1120 0.57803641
1121 0.51090510
1122 0.56741272
1123 0.48004287
1124 0.43619929
1125 0.46278078
1126 0.50100423
1127 0.57928914
1128 0.52876196
1129 0.53233982
1130 0.55311895
1131 0.63692941
1132 0.70199277
1133 0.76391676
1134 0.82832509
1135 0.78921245
1136 0.72894407
1137 0.70996193
1138 0.60858305
1139 0.65725003
1140 0.66951612
1141 0.59260793
1142 0.54236674
1143 0.50918773
1144 0.58198783
1145 0.55182660
1146 0.56445137
1147 0.51908853
1148 0.57645703
1149 0.55181175
1150 0.63890774
1151 0.55062742
1152 0.73309881
1153 0.66582288
1154 0.70026728
1155 0.78921245
1156 0.73113523
1157 0.65810739
1158 0.65577201
1159 0.55550759
1160 0.51356855
1161 0.47117668
1162 0.48864665
1163 0.50644818
1164 0.49675417
1165 0.44812560
1166 0.48592690
1167 0.45570282
1168 0.47581549
1169 0.42441883
1170 0.52712005
1171 0.54985597
1172 0.50908081
1173 0.51990921
1174 0.56544796
1175 0.71875743
1176 0.73113523
1177 0.62473406
1178 0.59600196
1179 0.55571534
1180 0.47697204
1181 0.54687515
1182 0.49009401
1183 0.43762124
1184 0.45089558
1185 0.36928553
1186 0.46333915
1187 0.41784593
1188 0.40135499
1189 0.44033365
1190 0.48458795
1191 0.42102957
1192 0.41184156
1193 0.48518181
1194 0.51707410
1195 0.55021402
1196 0.64520543
1197 0.62473406
1198 0.64036086
1199 0.52680455
1200 0.64319656
1201 0.59874535
1202 0.58523385
1203 0.55549622
1204 0.51106211
1205 0.45472757
1206 0.47021110
1207 0.47670149
1208 0.49539130
1209 0.44544354
1210 0.57032464
1211 0.48296818
1212 0.45967216
1213 0.44300679
1214 0.52368370
1215 0.55050699
1216 0.60022728
1217 0.62762630
1218 0.64036086
1219 0.54305884
1220 0.50750108
1221 0.48428818
1222 0.40673499
1223 0.47534266
1224 0.49205255
1225 0.38549560
1226 0.43619597
1227 0.49852854
1228 0.34983785
1229 0.47538032
1230 0.49275573
1231 0.36160228
1232 0.41019333
1233 0.47049080
1234 0.38617608
1235 0.47917057
1236 0.48707645
1237 0.57743528
1238 0.59705514
1239 0.54305884
1240 0.57912332
1241 0.51293333
1242 0.56594444
1243 0.46938729
1244 0.46647756
1245 0.42055636
1246 0.43181995
1247 0.43575324
1248 0.39021821
1249 0.42590174
1250 0.48301447
1251 0.45571348
1252 0.47691797
1253 0.48162171
1254 0.41631203
1255 0.53340436
1256 0.49976255
1257 0.55253960
1258 0.60498740
1259 0.61337351
1260 0.57912332
1261 0.63046889
1262 0.53754920
1263 0.50826647
1264 0.51688161
1265 0.37879998
1266 0.41907212
1267 0.46608787
1268 0.40028686
1269 0.37582939
1270 0.51222608
1271 0.41840127
1272 0.44083208
1273 0.36546547
1274 0.37980590
1275 0.45759008
1276 0.43998854
1277 0.48891420
1278 0.44524803
1279 0.53175356
1280 0.50577739
1281 0.63046889
1282 0.61004900
1283 0.54085918
1284 0.46552851
1285 0.41316016
1286 0.41336257
1287 0.46355389
1288 0.42310883
1289 0.38472082
1290 0.38689677
1291 0.45236839
1292 0.33110708
1293 0.46993913
1294 0.37410547
1295 0.42497742
1296 0.48797443
1297 0.35898414
1298 0.42495847
1299 0.47070750
1300 0.50399447
1301 0.51013233
1302 0.61004900
1303 0.58137572
1304 0.64966235
1305 0.58673769
1306 0.50506055
1307 0.51562299
1308 0.46486741
1309 0.39606727
1310 0.46561654
1311 0.42822721
1312 0.47269098
1313 0.46425194
1314 0.40417479
1315 0.45889787
1316 0.42255616
1317 0.43978837
1318 0.51083750
1319 0.58700207
1320 0.53905908
1321 0.54752845
1322 0.61022077
1323 0.58137572
1324 0.73122313
1325 0.71090914
1326 0.59457259
1327 0.52510388
1328 0.58176303
1329 0.54887773
1330 0.53217926
1331 0.51068602
1332 0.47227585
1333 0.43159978
1334 0.49892879
1335 0.50881462
1336 0.47511007
1337 0.50264631
1338 0.52257848
1339 0.59373746
1340 0.56360968
1341 0.60775505
1342 0.55588116
1343 0.68283539
1344 0.73122313
1345 0.74797360
1346 0.67908658
1347 0.66666476
1348 0.56447152
1349 0.61012857
1350 0.56075106
1351 0.55124903
1352 0.55243222
1353 0.54336243
1354 0.53078201
1355 0.49378336
1356 0.58287805
1357 0.53652864
1358 0.50128411
1359 0.46279036
1360 0.55852499
1361 0.57702513
1362 0.60620493
1363 0.71376815
1364 0.76983884
1365 0.74797360
1366 1.00505350
1367 0.80416122
1368 0.77481541
1369 0.75306979
1370 0.59402317
1371 0.63092666
1372 0.64874033
1373 0.61638869
1374 0.61528287
1375 0.67501015
1376 0.61217153
1377 0.64887983
1378 0.57637628
1379 0.51923990
1380 0.54910431
1381 0.71032890
1382 0.73152286
1383 0.66660067
1384 0.75957150
1385 0.79391964
1386 1.00505350
1387 0.80907488
1388 0.81620770
1389 0.62696919
1390 0.67235371
1391 0.69588347
1392 0.61390775
1393 0.61951180
1394 0.52460399
1395 0.58739496
1396 0.55860497
1397 0.51569562
1398 0.57920967
1399 0.55443156
1400 0.69333160
1401 0.54837353
1402 0.58233342
1403 0.63269208
1404 0.61589470
1405 0.68965323
1406 0.77331389
1407 0.80907488
1408 0.79048026
1409 0.76921939
1410 0.71777853
1411 0.60672773
1412 0.61968341
1413 0.63826262
1414 0.57023566
1415 0.51825392
1416 0.56373662
1417 0.54609509
1418 0.55201699
1419 0.59081245
1420 0.50459517
1421 0.50714146
1422 0.54751589
1423 0.53287228
1424 0.68786052
1425 0.71088148
1426 0.75875416
1427 0.78974542
1428 0.79048026
1429 0.83556530
1430 0.71917650
1431 0.55545942
1432 0.60576820
1433 0.53967324
1434 0.50859800
1435 0.58724988
1436 0.55171131
1437 0.37245193
1438 0.47224740
1439 0.48943561
1440 0.44048322
1441 0.53742400
1442 0.56312725
1443 0.45242344
1444 0.52952840
1445 0.55150133
1446 0.55278726
1447 0.64951426
1448 0.73220502
1449 0.83556530
1450 0.78343770
1451 0.77124423
1452 0.62542371
1453 0.66222240
1454 0.61048071
1455 0.62378646
1456 0.55172807
1457 0.59213005
1458 0.57832525
1459 0.48188323
1460 0.60400447
1461 0.54159039
1462 0.54955311
1463 0.61867182
1464 0.60351756
1465 0.62472378
1466 0.61176502
1467 0.66873628
1468 0.72055706
1469 0.79501943
1470 0.78343770
1471 0.71484318
1472 0.51022923
1473 0.54852400
1474 0.48653783
1475 0.48569513
1476 0.43645288
1477 0.44064317
1478 0.42839018
1479 0.50037512
1480 0.40712322
1481 0.48452333
1482 0.38110420
1483 0.43635169
1484 0.53389697
1485 0.48928694
1486 0.51863678
1487 0.53844751
1488 0.48346631
1489 0.56029919
1490 0.61102297
1491 0.71484318
1492 0.63514201
1493 0.57899800
1494 0.59014596
1495 0.51567405
1496 0.51833478
1497 0.50028241
1498 0.47405725
1499 0.45459874
1500 0.39410662
1501 0.47185793
1502 0.39056687
1503 0.47994833
1504 0.51877369
1505 0.50705981
1506 0.40965780
1507 0.52145384
1508 0.54584291
1509 0.54665931
1510 0.50626994
1511 0.58073692
1512 0.63514201
1513 0.64048690
1514 0.65548905
1515 0.63353162
1516 0.60143290
1517 0.47898010
1518 0.54106683
1519 0.51678487
1520 0.54044774
1521 0.48026483
1522 0.57645118
1523 0.52736376
1524 0.44066650
1525 0.43851521
1526 0.50917483
1527 0.59344570
1528 0.56168695
1529 0.65751184
1530 0.71823135
1531 0.55622218
1532 0.71150809
1533 0.64048690
1534 0.62709679
1535 0.56335019
1536 0.61573017
1537 0.45324576
1538 0.45866182
1539 0.39175249
1540 0.45553761
1541 0.44780144
1542 0.38115863
1543 0.55427489
1544 0.41171576
1545 0.47579084
1546 0.37852508
1547 0.39861904
1548 0.49776588
1549 0.48374437
1550 0.47292861
1551 0.55866587
1552 0.52777730
1553 0.47297476
1554 0.62709679
1555 0.68639860
1556 0.67669862
1557 0.59825880
1558 0.52733581
1559 0.57596776
1560 0.57685203
1561 0.49990895
1562 0.44897349
1563 0.49190015
1564 0.57147381
1565 0.46634562
1566 0.45039563
1567 0.54160336
1568 0.50903572
1569 0.47233741
1570 0.48849483
1571 0.49013086
1572 0.61138648
1573 0.64513109
1574 0.68899098
1575 0.68639860
1576 0.73160306
1577 0.60162943
1578 0.65682930
1579 0.54137568
1580 0.58558010
1581 0.54709761
1582 0.47326784
1583 0.39653539
1584 0.48635845
1585 0.44309511
1586 0.47776456
1587 0.48512388
1588 0.46242957
1589 0.53493955
1590 0.45944292
1591 0.45952310
1592 0.50525015
1593 0.46348800
1594 0.61545682
1595 0.65128186
1596 0.73160306
1597 0.71914415
1598 0.63978029
1599 0.55658368
1600 0.57402228
1601 0.54031318
1602 0.46127262
1603 0.46611927
1604 0.49974923
1605 0.40927534
1606 0.45290099
1607 0.41408308
1608 0.44190299
1609 0.48274251
1610 0.40255697
1611 0.49180145
1612 0.51594555
1613 0.46711886
1614 0.62327035
1615 0.58369515
1616 0.59036890
1617 0.71914415
1618 0.87837911
1619 0.82289061
1620 0.74986321
1621 0.74945847
1622 0.72817941
1623 0.60117988
1624 0.60552999
1625 0.64930274
1626 0.58502862
1627 0.56879050
1628 0.56964854
1629 0.60666301
1630 0.49231206
1631 0.57500641
1632 0.62324076
1633 0.58321639
1634 0.69970693
1635 0.72792824
1636 0.72616195
1637 0.80113845
1638 0.87837911
1639 0.90157872
1640 0.86393201
1641 0.80902176
1642 0.73819564
1643 0.58958149
1644 0.62637626
1645 0.63962682
1646 0.59730813
1647 0.43052362
1648 0.55508698
1649 0.60098240
1650 0.49875264
1651 0.64328750
1652 0.55625411
1653 0.55242856
1654 0.61101704
1655 0.61356910
1656 0.52003672
1657 0.81720154
1658 0.58416122
1659 0.90157872
1660 0.87837911
1661 0.82289061
1662 0.74986321
1663 0.74945847
1664 0.72817941
1665 0.60117988
1666 0.60552999
1667 0.64930274
1668 0.58502862
1669 0.56879050
1670 0.56964854
1671 0.60666301
1672 0.49231206
1673 0.57500641
1674 0.62324076
1675 0.58321639
1676 0.69970693
1677 0.72792824
1678 0.72616195
1679 0.80113845
1680 0.87837911
1681 0.71914415
1682 0.63978029
1683 0.55658368
1684 0.57402228
1685 0.54031318
1686 0.46127262
1687 0.46611927
1688 0.49974923
1689 0.40927534
1690 0.45290099
1691 0.41408308
1692 0.44190299
1693 0.48274251
1694 0.40255697
1695 0.49180145
1696 0.51594555
1697 0.46711886
1698 0.62327035
1699 0.58369515
1700 0.59036890
1701 0.71914415
1702 0.73160306
1703 0.60162943
1704 0.65682930
1705 0.54137568
1706 0.58558010
1707 0.54709761
1708 0.47326784
1709 0.39653539
1710 0.48635845
1711 0.44309511
1712 0.47776456
1713 0.48512388
1714 0.46242957
1715 0.53493955
1716 0.45944292
1717 0.45952310
1718 0.50525015
1719 0.46348800
1720 0.61545682
1721 0.65128186
1722 0.73160306
1723 0.68639860
1724 0.67669862
1725 0.59825880
1726 0.52733581
1727 0.57596776
1728 0.57685203
1729 0.49990895
1730 0.44897349
1731 0.49190015
1732 0.57147381
1733 0.46634562
1734 0.45039563
1735 0.54160336
1736 0.50903572
1737 0.47233741
1738 0.48849483
1739 0.49013086
1740 0.61138648
1741 0.64513109
1742 0.68899098
1743 0.68639860
1744 0.62709679
1745 0.56335019
1746 0.61573017
1747 0.45324576
1748 0.45866182
1749 0.39175249
1750 0.45553761
1751 0.44780144
1752 0.38115863
1753 0.55427489
1754 0.41171576
1755 0.47579084
1756 0.37852508
1757 0.39861904
1758 0.49776588
1759 0.48374437
1760 0.47292861
1761 0.55866587
1762 0.52777730
1763 0.47297476
1764 0.62709679
1765 0.63046889
1766 0.53754920
1767 0.50826647
1768 0.51688161
1769 0.37879998
1770 0.41907212
1771 0.46608787
1772 0.40028686
1773 0.37582939
1774 0.51222608
1775 0.41840127
1776 0.44083208
1777 0.36546547
1778 0.37980590
1779 0.45759008
1780 0.43998854
1781 0.48891420
1782 0.44524803
1783 0.53175356
1784 0.50577739
1785 0.63046889
1786 0.63514201
1787 0.57899800
1788 0.59014596
1789 0.51567405
1790 0.51833478
1791 0.50028241
1792 0.47405725
1793 0.45459874
1794 0.39410662
1795 0.47185793
1796 0.39056687
1797 0.47994833
1798 0.51877369
1799 0.50705981
1800 0.40965780
1801 0.52145384
1802 0.54584291
1803 0.54665931
1804 0.50626994
1805 0.58073692
1806 0.63514201
1807 0.71484318
1808 0.51022923
1809 0.54852400
1810 0.48653783
1811 0.48569513
1812 0.43645288
1813 0.44064317
1814 0.42839018
1815 0.50037512
1816 0.40712322
1817 0.48452333
1818 0.38110420
1819 0.43635169
1820 0.53389697
1821 0.48928694
1822 0.51863678
1823 0.53844751
1824 0.48346631
1825 0.56029919
1826 0.61102297
1827 0.71484318
1828 0.78343770
1829 0.77124423
1830 0.62542371
1831 0.66222240
1832 0.61048071
1833 0.62378646
1834 0.55172807
1835 0.59213005
1836 0.57832525
1837 0.48188323
1838 0.60400447
1839 0.54159039
1840 0.54955311
1841 0.61867182
1842 0.60351756
1843 0.62472378
1844 0.61176502
1845 0.66873628
1846 0.72055706
1847 0.79501943
1848 0.78343770
1849 0.83556530
1850 0.71917650
1851 0.55545942
1852 0.60576820
1853 0.53967324
1854 0.50859800
1855 0.58724988
1856 0.55171131
1857 0.37245193
1858 0.47224740
1859 0.48943561
1860 0.44048322
1861 0.53742400
1862 0.56312725
1863 0.45242344
1864 0.52952840
1865 0.55150133
1866 0.55278726
1867 0.64951426
1868 0.73220502
1869 0.83556530
1870 0.79048026
1871 0.76921939
1872 0.71777853
1873 0.60672773
1874 0.61968341
1875 0.63826262
1876 0.57023566
1877 0.51825392
1878 0.56373662
1879 0.54609509
1880 0.55201699
1881 0.59081245
1882 0.50459517
1883 0.50714146
1884 0.54751589
1885 0.53287228
1886 0.68786052
1887 0.71088148
1888 0.75875416
1889 0.78974542
1890 0.79048026
1891 0.80907488
1892 0.81620770
1893 0.62696919
1894 0.67235371
1895 0.69588347
1896 0.61390775
1897 0.61951180
1898 0.52460399
1899 0.58739496
1900 0.55860497
1901 0.51569562
1902 0.57920967
1903 0.55443156
1904 0.69333160
1905 0.54837353
1906 0.58233342
1907 0.63269208
1908 0.61589470
1909 0.68965323
1910 0.77331389
1911 0.80907488
1912 1.00505350
1913 0.80416122
1914 0.77481541
1915 0.75306979
1916 0.59402317
1917 0.63092666
1918 0.64874033
1919 0.61638869
1920 0.61528287
1921 0.67501015
1922 0.61217153
1923 0.64887983
1924 0.57637628
1925 0.51923990
1926 0.54910431
1927 0.71032890
1928 0.73152286
1929 0.66660067
1930 0.75957150
1931 0.79391964
1932 1.00505350
1933 0.74797360
1934 0.67908658
1935 0.66666476
1936 0.56447152
1937 0.61012857
1938 0.56075106
1939 0.55124903
1940 0.55243222
1941 0.54336243
1942 0.53078201
1943 0.49378336
1944 0.58287805
1945 0.53652864
1946 0.50128411
1947 0.46279036
1948 0.55852499
1949 0.57702513
1950 0.60620493
1951 0.71376815
1952 0.76983884
1953 0.74797360
1954 0.73122313
1955 0.71090914
1956 0.59457259
1957 0.52510388
1958 0.58176303
1959 0.54887773
1960 0.53217926
1961 0.51068602
1962 0.47227585
1963 0.43159978
1964 0.49892879
1965 0.50881462
1966 0.47511007
1967 0.50264631
1968 0.52257848
1969 0.59373746
1970 0.56360968
1971 0.60775505
1972 0.55588116
1973 0.68283539
1974 0.73122313
1975 0.58137572
1976 0.64966235
1977 0.58673769
1978 0.50506055
1979 0.51562299
1980 0.46486741
1981 0.39606727
1982 0.46561654
1983 0.42822721
1984 0.47269098
1985 0.46425194
1986 0.40417479
1987 0.45889787
1988 0.42255616
1989 0.43978837
1990 0.51083750
1991 0.58700207
1992 0.53905908
1993 0.54752845
1994 0.61022077
1995 0.58137572
1996 0.61004900
1997 0.54085918
1998 0.46552851
1999 0.41316016
2000 0.41336257
2001 0.46355389
2002 0.42310883
2003 0.38472082
2004 0.38689677
2005 0.45236839
2006 0.33110708
2007 0.46993913
2008 0.37410547
2009 0.42497742
2010 0.48797443
2011 0.35898414
2012 0.42495847
2013 0.47070750
2014 0.50399447
2015 0.51013233
2016 0.61004900
2017 0.48970123
2018 0.48487024
2019 0.45636895
2020 0.43545731
2021 0.37704086
2022 0.33739173
2023 0.41604441
2024 0.31254562
2025 0.44701947
2026 0.33409342
2027 0.35703991
2028 0.41524231
2029 0.32302805
2030 0.40524824
2031 0.41799637
2032 0.41633290
2033 0.42872772
2034 0.39959897
2035 0.37726958
2036 0.48464375
2037 0.48970123
2038 0.57912332
2039 0.51293333
2040 0.56594444
2041 0.46938729
2042 0.46647756
2043 0.42055636
2044 0.43181995
2045 0.43575324
2046 0.39021821
2047 0.42590174
2048 0.48301447
2049 0.45571348
2050 0.47691797
2051 0.48162171
2052 0.41631203
2053 0.53340436
2054 0.49976255
2055 0.55253960
2056 0.60498740
2057 0.61337351
2058 0.57912332
2059 0.54305884
2060 0.50750108
2061 0.48428818
2062 0.40673499
2063 0.47534266
2064 0.49205255
2065 0.38549560
2066 0.43619597
2067 0.49852854
2068 0.34983785
2069 0.47538032
2070 0.49275573
2071 0.36160228
2072 0.41019333
2073 0.47049080
2074 0.38617608
2075 0.47917057
2076 0.48707645
2077 0.57743528
2078 0.59705514
2079 0.54305884
2080 0.64036086
2081 0.52680455
2082 0.64319656
2083 0.59874535
2084 0.58523385
2085 0.55549622
2086 0.51106211
2087 0.45472757
2088 0.47021110
2089 0.47670149
2090 0.49539130
2091 0.44544354
2092 0.57032464
2093 0.48296818
2094 0.45967216
2095 0.44300679
2096 0.52368370
2097 0.55050699
2098 0.60022728
2099 0.62762630
2100 0.64036086
2101 0.62473406
2102 0.59600196
2103 0.55571534
2104 0.47697204
2105 0.54687515
2106 0.49009401
2107 0.43762124
2108 0.45089558
2109 0.36928553
2110 0.46333915
2111 0.41784593
2112 0.40135499
2113 0.44033365
2114 0.48458795
2115 0.42102957
2116 0.41184156
2117 0.48518181
2118 0.51707410
2119 0.55021402
2120 0.64520543
2121 0.62473406
2122 0.73113523
2123 0.65810739
2124 0.65577201
2125 0.55550759
2126 0.51356855
2127 0.47117668
2128 0.48864665
2129 0.50644818
2130 0.49675417
2131 0.44812560
2132 0.48592690
2133 0.45570282
2134 0.47581549
2135 0.42441883
2136 0.52712005
2137 0.54985597
2138 0.50908081
2139 0.51990921
2140 0.56544796
2141 0.71875743
2142 0.73113523
2143 0.78921245
2144 0.72894407
2145 0.70996193
2146 0.60858305
2147 0.65725003
2148 0.66951612
2149 0.59260793
2150 0.54236674
2151 0.50918773
2152 0.58198783
2153 0.55182660
2154 0.56445137
2155 0.51908853
2156 0.57645703
2157 0.55181175
2158 0.63890774
2159 0.55062742
2160 0.73309881
2161 0.66582288
2162 0.70026728
2163 0.78921245
2164 0.82832509
2165 0.69273403
2166 0.58575694
2167 0.65656538
2168 0.48639027
2169 0.54954976
2170 0.57803641
2171 0.51090510
2172 0.56741272
2173 0.48004287
2174 0.43619929
2175 0.46278078
2176 0.50100423
2177 0.57928914
2178 0.52876196
2179 0.53233982
2180 0.55311895
2181 0.63692941
2182 0.70199277
2183 0.76391676
2184 0.82832509
2185 0.65099616
2186 0.64047324
2187 0.59469152
2188 0.64147435
2189 0.43761030
2190 0.46011792
2191 0.42257632
2192 0.43691370
2193 0.41761450
2194 0.43429906
2195 0.44964817
2196 0.47668724
2197 0.39694010
2198 0.46997245
2199 0.57329806
2200 0.49938688
2201 0.54648700
2202 0.60051522
2203 0.55021364
2204 0.68573373
2205 0.65099616
2206 0.62272598
2207 0.57808261
2208 0.46267079
2209 0.44998553
2210 0.40480632
2211 0.44160773
2212 0.39369041
2213 0.41053743
2214 0.40116756
2215 0.32309239
2216 0.38074736
2217 0.41648291
2218 0.40844181
2219 0.34674364
2220 0.50095626
2221 0.47723454
2222 0.40239790
2223 0.48058235
2224 0.46030767
2225 0.62271006
2226 0.62272598
2227 0.65798353
2228 0.64051374
2229 0.57382813
2230 0.52340344
2231 0.44855917
2232 0.45703075
2233 0.52019203
2234 0.42126771
2235 0.37229007
2236 0.38012451
2237 0.42006019
2238 0.43886465
2239 0.44054664
2240 0.35360623
2241 0.46588647
2242 0.46395003
2243 0.45294189
2244 0.49731904
2245 0.59917137
2246 0.57063122
2247 0.65798353
2248 0.44723593
2249 0.50263938
2250 0.46786206
2251 0.42955573
2252 0.42401435
2253 0.33630617
2254 0.36581206
2255 0.34022710
2256 0.32859699
2257 0.34519415
2258 0.33662316
2259 0.40094991
2260 0.41991801
2261 0.38292544
2262 0.30339392
2263 0.45067776
2264 0.43341709
2265 0.35579542
2266 0.39619709
2267 0.45687389
2268 0.44723593
2269 0.65157840
2270 0.46556146
2271 0.46144036
2272 0.43350855
2273 0.39861657
2274 0.45623275
2275 0.43896165
2276 0.42867959
2277 0.41289337
2278 0.37695281
2279 0.47608420
2280 0.36390813
2281 0.40400815
2282 0.47140100
2283 0.45925838
2284 0.40116194
2285 0.45693866
2286 0.49238600
2287 0.47832568
2288 0.48757065
2289 0.65157840
2290 0.50045000
2291 0.56555127
2292 0.45384091
2293 0.40647951
2294 0.47048395
2295 0.42735162
2296 0.42439477
2297 0.43205937
2298 0.38069411
2299 0.40581999
2300 0.45338067
2301 0.45872559
2302 0.46408638
2303 0.42110135
2304 0.40997796
2305 0.47736091
2306 0.41661224
2307 0.45451524
2308 0.43477423
2309 0.41880063
2310 0.50045000
2311 0.59083077
2312 0.58839753
2313 0.50370125
2314 0.48597311
2315 0.51886614
2316 0.43684794
2317 0.49975060
2318 0.48999238
2319 0.53871818
2320 0.38578379
2321 0.47676465
2322 0.50611079
2323 0.50219788
2324 0.44581665
2325 0.46763968
2326 0.41936305
2327 0.55098585
2328 0.52491081
2329 0.56740481
2330 0.61518710
2331 0.59083077
2332 0.60482366
2333 0.56907884
2334 0.53863063
2335 0.50950381
2336 0.52091891
2337 0.52698829
2338 0.55967488
2339 0.46584014
2340 0.43446190
2341 0.52465863
2342 0.48286632
2343 0.49225791
2344 0.43111034
2345 0.41454606
2346 0.49080703
2347 0.48177092
2348 0.51051178
2349 0.55047232
2350 0.60955868
2351 0.57875111
2352 0.60482366
2353 0.66969395
2354 0.58190467
2355 0.58429527
2356 0.54547023
2357 0.46039994
2358 0.53184620
2359 0.42316565
2360 0.44322912
2361 0.47833003
2362 0.47179449
2363 0.45726500
2364 0.42178387
2365 0.48690403
2366 0.43228070
2367 0.45390070
2368 0.47444647
2369 0.44713466
2370 0.59681184
2371 0.56549598
2372 0.56129119
2373 0.66969395
2374 0.68673824
2375 0.61503289
2376 0.60959563
2377 0.54752449
2378 0.49107856
2379 0.45756964
2380 0.52088450
2381 0.45284481
2382 0.51594959
2383 0.44237056
2384 0.43920759
2385 0.41021878
2386 0.49149336
2387 0.41151742
2388 0.48000170
2389 0.45433111
2390 0.56578710
2391 0.52956273
2392 0.63826048
2393 0.61812504
2394 0.68673824
2395 0.75616712
2396 0.70203824
2397 0.57974830
2398 0.50081014
2399 0.51535934
2400 0.48708081
2401 0.46839702
2402 0.46008478
2403 0.41120428
2404 0.41814007
2405 0.51921573
2406 0.48812731
2407 0.54349823
2408 0.35785277
2409 0.47887758
2410 0.51640968
2411 0.56521204
2412 0.61634386
2413 0.63100526
2414 0.59293753
2415 0.75616712
2416 0.75750239
2417 0.67809096
2418 0.60980748
2419 0.52535633
2420 0.49586386
2421 0.43330452
2422 0.47450164
2423 0.46829361
2424 0.40328046
2425 0.50231776
2426 0.50064583
2427 0.36268060
2428 0.45086660
2429 0.51022807
2430 0.50195964
2431 0.46023487
2432 0.52484459
2433 0.48710992
2434 0.56570027
2435 0.63809448
2436 0.75750239
2437 0.75855491
2438 0.72453763
2439 0.71924882
2440 0.69656484
2441 0.62701985
2442 0.54261359
2443 0.53619238
2444 0.64348326
2445 0.61575559
2446 0.54753431
2447 0.51875083
2448 0.59521263
2449 0.60169264
2450 0.54487004
2451 0.58688710
2452 0.54270423
2453 0.56639719
2454 0.68583571
2455 0.69912848
2456 0.73097413
2457 0.75855491
2458 0.53885680
2459 0.57360060
2460 0.58420840
2461 0.53426250
2462 0.50008307
2463 0.49925616
2464 0.44152047
2465 0.42587699
2466 0.45496819
2467 0.48011375
2468 0.41505635
2469 0.36315095
2470 0.46656873
2471 0.45902396
2472 0.38342647
2473 0.38501217
2474 0.47956034
2475 0.51593316
2476 0.49407243
2477 0.57629782
2478 0.53885680
2479 0.55144469
2480 0.52773078
2481 0.40232767
2482 0.49560707
2483 0.45290361
2484 0.39083001
2485 0.38813735
2486 0.41368290
2487 0.39985683
2488 0.41880357
2489 0.41551885
2490 0.50095670
2491 0.49232343
2492 0.36144348
2493 0.46485830
2494 0.40237789
2495 0.40793738
2496 0.47943928
2497 0.52965777
2498 0.54974607
2499 0.55144469
2500 0.57944009
2501 0.46233015
2502 0.41676547
2503 0.53117908
2504 0.52570217
2505 0.40817174
2506 0.42308146
2507 0.45030431
2508 0.47438870
2509 0.43569016
2510 0.42619789
2511 0.44223021
2512 0.37955777
2513 0.43137168
2514 0.44834945
2515 0.41492659
2516 0.54504044
2517 0.46303497
2518 0.50644477
2519 0.55089966
2520 0.57944009
2521 0.45684702
2522 0.40407490
2523 0.45680287
2524 0.51775453
2525 0.39503493
2526 0.39363320
2527 0.41770233
2528 0.39795356
2529 0.38201516
2530 0.27644590
2531 0.45308562
2532 0.33180862
2533 0.38825524
2534 0.42236293
2535 0.41287014
2536 0.42737218
2537 0.41842587
2538 0.42185696
2539 0.46165124
2540 0.42163807
2541 0.45684702
2542 0.51992580
2543 0.53027369
2544 0.46975273
2545 0.49929496
2546 0.44822831
2547 0.46510109
2548 0.44229549
2549 0.33138860
2550 0.44504328
2551 0.38025285
2552 0.39742116
2553 0.45255218
2554 0.38031015
2555 0.41224972
2556 0.42586531
2557 0.44759825
2558 0.42303857
2559 0.44159660
2560 0.44786398
2561 0.49577496
2562 0.51992580
2563 0.64787762
2564 0.48014664
2565 0.60609873
2566 0.47874959
2567 0.45754422
2568 0.48318465
2569 0.46624213
2570 0.46530265
2571 0.44487504
2572 0.48065640
2573 0.45314400
2574 0.41500485
2575 0.50331247
2576 0.45439400
2577 0.48097527
2578 0.50088731
2579 0.39861972
2580 0.51669726
2581 0.49788966
2582 0.47826344
2583 0.64787762
2584 0.62273926
2585 0.60472220
2586 0.63249274
2587 0.56730643
2588 0.59996120
2589 0.47409224
2590 0.54042656
2591 0.46660275
2592 0.57262822
2593 0.51212298
2594 0.47225334
2595 0.53418052
2596 0.45960793
2597 0.42733582
2598 0.58766279
2599 0.55521784
2600 0.62456571
2601 0.49530816
2602 0.55212519
2603 0.59743941
2604 0.62273926
2605 0.66766665
2606 0.61511284
2607 0.61250060
2608 0.60975067
2609 0.53620709
2610 0.51264864
2611 0.47071022
2612 0.56213031
2613 0.43090321
2614 0.50996475
2615 0.50059899
2616 0.48254211
2617 0.56573669
2618 0.47651781
2619 0.54159784
2620 0.53387780
2621 0.53949472
2622 0.60773107
2623 0.56931253
2624 0.65409373
2625 0.66766665
2626 0.70591979
2627 0.66025849
2628 0.57318929
2629 0.59439737
2630 0.60220895
2631 0.46891121
2632 0.54389613
2633 0.55691525
2634 0.42582448
2635 0.50371356
2636 0.46082698
2637 0.45134574
2638 0.55364819
2639 0.43427581
2640 0.50777431
2641 0.63095899
2642 0.53621064
2643 0.56003123
2644 0.54411642
2645 0.67118631
2646 0.70591979
2647 0.68126134
2648 0.58341075
2649 0.54366197
2650 0.59609055
2651 0.49535164
2652 0.42599607
2653 0.40564226
2654 0.53495589
2655 0.46485016
2656 0.41953320
2657 0.49410003
2658 0.45992947
2659 0.43795499
2660 0.43765725
2661 0.43601551
2662 0.46224465
2663 0.44063107
2664 0.54002720
2665 0.54601078
2666 0.59270779
2667 0.68126134
2668 0.63504149
2669 0.57884320
2670 0.54537822
2671 0.52333169
2672 0.53279775
2673 0.43724227
2674 0.44717432
2675 0.37391539
2676 0.36753378
2677 0.37822140
2678 0.36369415
2679 0.48106819
2680 0.45178961
2681 0.39040911
2682 0.42238887
2683 0.43729208
2684 0.51891459
2685 0.50917963
2686 0.54377826
2687 0.65713629
2688 0.63504149
2689 0.70507226
2690 0.57425907
2691 0.46678282
2692 0.44301848
2693 0.49583040
2694 0.42267461
2695 0.44068390
2696 0.31373045
2697 0.37512030
2698 0.43618804
2699 0.43076631
2700 0.37343100
2701 0.43812062
2702 0.46854337
2703 0.38402211
2704 0.45111763
2705 0.43171853
2706 0.49294111
2707 0.58284860
2708 0.54081708
2709 0.70507226
2710 0.64541451
2711 0.56942546
2712 0.59876017
2713 0.57433571
2714 0.59477424
2715 0.53044611
2716 0.54278453
2717 0.43655404
2718 0.52131623
2719 0.42079870
2720 0.50807506
2721 0.50727008
2722 0.52842897
2723 0.52747791
2724 0.49199480
2725 0.53802627
2726 0.53116884
2727 0.53055301
2728 0.54026716
2729 0.61309512
2730 0.64541451
2731 0.56373655
2732 0.53576298
2733 0.57236224
2734 0.49338033
2735 0.51325925
2736 0.48383794
2737 0.49065575
2738 0.40172478
2739 0.38761180
2740 0.41808994
2741 0.51780665
2742 0.44556721
2743 0.52871504
2744 0.44655175
2745 0.53772892
2746 0.55024521
2747 0.57333860
2748 0.49986730
2749 0.56837138
2750 0.56574521
2751 0.56373655
2752 0.54647134
2753 0.48621949
2754 0.41159514
2755 0.41036081
2756 0.40344653
2757 0.43743564
2758 0.46167755
2759 0.34598960
2760 0.42046575
2761 0.53038257
2762 0.47658269
2763 0.34535965
2764 0.43488361
2765 0.39119335
2766 0.43954186
2767 0.46954989
2768 0.44954991
2769 0.38468846
2770 0.47505692
2771 0.47659146
2772 0.54647134
2773 0.32422175
2774 0.44241630
2775 0.38335102
2776 0.38416172
2777 0.46278508
2778 0.33914953
2779 0.40333553
2780 0.36234815
2781 0.36975348
2782 0.43862175
2783 0.34429441
2784 0.34874921
2785 0.38777663
2786 0.41118725
2787 0.39520746
2788 0.38206806
2789 0.44187117
2790 0.42840399
2791 0.44162764
2792 0.40395966
2793 0.32422175
2794 0.41162535
2795 0.44607727
2796 0.37980771
2797 0.37608373
2798 0.36717395
2799 0.38305747
2800 0.41957163
2801 0.39073974
2802 0.44927881
2803 0.39470866
2804 0.32588068
2805 0.37615861
2806 0.40222815
2807 0.38750557
2808 0.28191044
2809 0.35428978
2810 0.42064769
2811 0.35555265
2812 0.38655246
2813 0.41295127
2814 0.41162535
2815 0.51903044
2816 0.46473143
2817 0.41579584
2818 0.46486448
2819 0.41333580
2820 0.40771782
2821 0.43310708
2822 0.36529211
2823 0.40102601
2824 0.42187289
2825 0.38280448
2826 0.41394485
2827 0.32943903
2828 0.40698416
2829 0.40162477
2830 0.40958066
2831 0.43201427
2832 0.37855336
2833 0.40939777
2834 0.50738469
2835 0.51903044
2836 0.66843386
2837 0.54846757
2838 0.52723397
2839 0.55184451
2840 0.52949246
2841 0.45218020
2842 0.47372225
2843 0.45385571
2844 0.43343629
2845 0.49279476
2846 0.41605478
2847 0.50926105
2848 0.43731041
2849 0.47401257
2850 0.53215219
2851 0.51710642
2852 0.49166444
2853 0.49293761
2854 0.55135397
2855 0.62263210
2856 0.66843386
2857 0.52621726
2858 0.54772660
2859 0.35886606
2860 0.38012330
2861 0.43875174
2862 0.43284854
2863 0.39290278
2864 0.41588071
2865 0.39647376
2866 0.40005658
2867 0.35657610
2868 0.38979165
2869 0.37065673
2870 0.38658132
2871 0.42357963
2872 0.41627131
2873 0.39691018
2874 0.45793464
2875 0.51432435
2876 0.41226388
2877 0.52621726
2878 0.62522956
2879 0.57186776
2880 0.53277625
2881 0.46163985
2882 0.57007128
2883 0.41038605
2884 0.47563494
2885 0.42835005
2886 0.38732254
2887 0.41548054
2888 0.32614988
2889 0.47066146
2890 0.37742382
2891 0.56983264
2892 0.47369571
2893 0.45747047
2894 0.45016519
2895 0.52554674
2896 0.46246956
2897 0.55434618
2898 0.62522956
2899 0.63209153
2900 0.56853580
2901 0.51556108
2902 0.47155233
2903 0.47122203
2904 0.52276834
2905 0.45821505
2906 0.36221426
2907 0.39194017
2908 0.32614512
2909 0.40568834
2910 0.43442140
2911 0.42675304
2912 0.41781445
2913 0.35386909
2914 0.41443157
2915 0.43638962
2916 0.47028791
2917 0.51887717
2918 0.47453515
2919 0.63209153
2920 0.71765185
2921 0.62976826
2922 0.63595540
2923 0.55729934
2924 0.55112038
2925 0.50227239
2926 0.57401346
2927 0.59833772
2928 0.48753702
2929 0.44907648
2930 0.47830613
2931 0.55572753
2932 0.52775689
2933 0.45762235
2934 0.50713079
2935 0.54725112
2936 0.51489911
2937 0.57747370
2938 0.58462875
2939 0.64838361
2940 0.71765185
2941 0.51731553
2942 0.52714393
2943 0.47317067
2944 0.49381264
2945 0.37162416
2946 0.34401979
2947 0.40706765
2948 0.42388062
2949 0.42203456
2950 0.36745733
2951 0.42115195
2952 0.39015901
2953 0.42003415
2954 0.31377360
2955 0.42705234
2956 0.41975949
2957 0.41681877
2958 0.43341141
2959 0.45189142
2960 0.56406992
2961 0.51731553
2962 0.49028985
2963 0.44721591
2964 0.37678783
2965 0.42258853
2966 0.42499761
2967 0.41549527
2968 0.41319425
2969 0.34797718
2970 0.31490042
2971 0.40856033
2972 0.30693316
2973 0.39838224
2974 0.35134527
2975 0.30323433
2976 0.31996758
2977 0.38521337
2978 0.34616355
2979 0.37542370
2980 0.47753822
2981 0.45074206
2982 0.49028985
2983 0.47927169
2984 0.38338990
2985 0.39951784
2986 0.39877205
2987 0.40695349
2988 0.33861980
2989 0.46364704
2990 0.33028613
2991 0.30726914
2992 0.36784389
2993 0.39786635
2994 0.38663145
2995 0.41859710
2996 0.29294772
2997 0.39582341
2998 0.30311637
2999 0.43452068
3000 0.43139383
3001 0.40195959
3002 0.43769957
3003 0.47927169
3004 0.43258336
3005 0.43946633
3006 0.46004878
3007 0.35788920
3008 0.41340408
3009 0.37987800
3010 0.41331534
3011 0.40362351
3012 0.36106451
3013 0.38617583
3014 0.44739192
3015 0.47583231
3016 0.43961873
3017 0.40502785
3018 0.44032840
3019 0.37558408
3020 0.42996027
3021 0.37896480
3022 0.40447542
3023 0.45742773
3024 0.43258336
