index DenDen_momentum
1 143.42226133
2 143.35616069
3 143.47656906
4 143.54764590
5 143.38737106
6 143.42875640
7 143.44949838
8 143.44957240
9 143.31932617
10 143.39668755
11 143.47170186
12 143.43871600
13 143.46609003
14 143.29109497
15 143.42548426
16 143.46581005
17 143.53148559
18 143.45772749
19 143.45604384
20 143.36632993
21 143.42226133
22 0.44966458
23 0.49450904
24 0.52561000
25 0.47039659
26 0.50203767
27 0.38965363
28 0.42514362
29 0.44508880
30 0.39167142
31 0.38021123
32 0.37815251
33 0.46432369
34 0.38676554
35 0.45722305
36 0.42650452
37 0.42806534
38 0.41642140
39 0.46043083
40 0.38652858
41 0.44144342
42 0.44966458
43 0.43074455
44 0.50349634
45 0.39853926
46 0.43204693
47 0.46317425
48 0.38151327
49 0.35709324
50 0.43708563
51 0.43814518
52 0.35509047
53 0.46065421
54 0.35690641
55 0.38484936
56 0.45022168
57 0.41230658
58 0.38379423
59 0.46489968
60 0.43556165
61 0.47788810
62 0.46010654
63 0.43074455
64 0.54064346
65 0.49274133
66 0.54877239
67 0.44613145
68 0.39676952
69 0.41553790
70 0.43717616
71 0.42372897
72 0.36016788
73 0.44756372
74 0.47132307
75 0.37406699
76 0.39056645
77 0.39605167
78 0.41786770
79 0.43289954
80 0.42585732
81 0.43069142
82 0.43395533
83 0.53587464
84 0.54064346
85 0.62144957
86 0.47264332
87 0.50975214
88 0.53912489
89 0.41024200
90 0.50527998
91 0.49866063
92 0.35503951
93 0.47182079
94 0.39775473
95 0.43865106
96 0.44326490
97 0.40956665
98 0.44093960
99 0.35606800
100 0.44883747
101 0.53750902
102 0.47524886
103 0.50443766
104 0.50995855
105 0.62144957
106 0.58827794
107 0.55773074
108 0.54303848
109 0.51599913
110 0.51299428
111 0.45011514
112 0.41428088
113 0.36284343
114 0.41328194
115 0.37919255
116 0.40823408
117 0.33959205
118 0.42452440
119 0.41636100
120 0.53763203
121 0.42348851
122 0.43746032
123 0.49862413
124 0.50924814
125 0.53449116
126 0.58827794
127 0.64240391
128 0.55644684
129 0.54008002
130 0.43543331
131 0.53366092
132 0.42269516
133 0.41826576
134 0.50805286
135 0.49834088
136 0.51575331
137 0.48378057
138 0.39794992
139 0.43103272
140 0.44918406
141 0.47546202
142 0.51584875
143 0.43473252
144 0.55266195
145 0.52330251
146 0.56245582
147 0.64240391
148 0.58827794
149 0.55773074
150 0.54303848
151 0.51599913
152 0.51299428
153 0.45011514
154 0.41428088
155 0.36284343
156 0.41328194
157 0.37919255
158 0.40823408
159 0.33959205
160 0.42452440
161 0.41636100
162 0.53763203
163 0.42348851
164 0.43746032
165 0.49862413
166 0.50924814
167 0.53449116
168 0.58827794
169 0.62144957
170 0.47264332
171 0.50975214
172 0.53912489
173 0.41024200
174 0.50527998
175 0.49866063
176 0.35503951
177 0.47182079
178 0.39775473
179 0.43865106
180 0.44326490
181 0.40956665
182 0.44093960
183 0.35606800
184 0.44883747
185 0.53750902
186 0.47524886
187 0.50443766
188 0.50995855
189 0.62144957
190 0.54064346
191 0.49274133
192 0.54877239
193 0.44613145
194 0.39676952
195 0.41553790
196 0.43717616
197 0.42372897
198 0.36016788
199 0.44756372
200 0.47132307
201 0.37406699
202 0.39056645
203 0.39605167
204 0.41786770
205 0.43289954
206 0.42585732
207 0.43069142
208 0.43395533
209 0.53587464
210 0.54064346
211 0.43074455
212 0.50349634
213 0.39853926
214 0.43204693
215 0.46317425
216 0.38151327
217 0.35709324
218 0.43708563
219 0.43814518
220 0.35509047
221 0.46065421
222 0.35690641
223 0.38484936
224 0.45022168
225 0.41230658
226 0.38379423
227 0.46489968
228 0.43556165
229 0.47788810
230 0.46010654
231 0.43074455
232 0.44966458
233 0.49450904
234 0.52561000
235 0.47039659
236 0.50203767
237 0.38965363
238 0.42514362
239 0.44508880
240 0.39167142
241 0.38021123
242 0.37815251
243 0.46432369
244 0.38676554
245 0.45722305
246 0.42650452
247 0.42806534
248 0.41642140
249 0.46043083
250 0.38652858
251 0.44144342
252 0.44966458
253 0.52478644
254 0.43682702
255 0.38071220
256 0.41224811
257 0.44529684
258 0.42620195
259 0.38114767
260 0.39225268
261 0.39435068
262 0.39563240
263 0.45035183
264 0.40482849
265 0.45364616
266 0.41577356
267 0.50959764
268 0.43431648
269 0.51139273
270 0.42535414
271 0.40064424
272 0.44907599
273 0.52478644
274 0.43689327
275 0.48246823
276 0.46802106
277 0.41611368
278 0.43117932
279 0.48666412
280 0.58631516
281 0.49634675
282 0.44815728
283 0.47143554
284 0.42136331
285 0.43663094
286 0.54502439
287 0.48681511
288 0.52479155
289 0.50950375
290 0.44176296
291 0.50916103
292 0.40141911
293 0.46834948
294 0.43689327
295 0.43762212
296 0.43296595
297 0.42408523
298 0.47221949
299 0.41520026
300 0.40331781
301 0.44324694
302 0.31464970
303 0.47061449
304 0.45121984
305 0.41538608
306 0.43687115
307 0.39304822
308 0.36939386
309 0.42952319
310 0.40862035
311 0.42137311
312 0.48820718
313 0.44862023
314 0.43375801
315 0.43762212
316 0.46839635
317 0.53218123
318 0.42972727
319 0.39105503
320 0.50632201
321 0.46207936
322 0.38729015
323 0.44578924
324 0.40893347
325 0.33602260
326 0.38905558
327 0.35073389
328 0.38188791
329 0.32827490
330 0.46011295
331 0.42270844
332 0.44111813
333 0.37295010
334 0.43739651
335 0.46397529
336 0.46839635
337 0.53870717
338 0.51732147
339 0.50571605
340 0.52846726
341 0.44816790
342 0.45096286
343 0.38989273
344 0.40483311
345 0.42575865
346 0.38043254
347 0.44185765
348 0.52525006
349 0.42150706
350 0.34770331
351 0.41368852
352 0.44213047
353 0.45378351
354 0.46018061
355 0.51442077
356 0.55113501
357 0.53870717
358 0.65527172
359 0.47985809
360 0.52061557
361 0.51597391
362 0.40009063
363 0.44131403
364 0.40738511
365 0.45121639
366 0.41849443
367 0.39926210
368 0.50970876
369 0.38936774
370 0.43575191
371 0.43282343
372 0.45295418
373 0.44114825
374 0.57153431
375 0.41420024
376 0.50043086
377 0.59272170
378 0.65527172
379 0.59487998
380 0.62710738
381 0.54369537
382 0.46005026
383 0.48855806
384 0.52461956
385 0.46225207
386 0.44540704
387 0.44703779
388 0.38237304
389 0.38256645
390 0.37896472
391 0.42389389
392 0.42830623
393 0.40950342
394 0.47555345
395 0.39919861
396 0.53544835
397 0.55853133
398 0.64677077
399 0.59487998
400 0.62358569
401 0.60561166
402 0.48475058
403 0.52584676
404 0.49521384
405 0.41454878
406 0.35697805
407 0.45982513
408 0.38557701
409 0.47876778
410 0.34555318
411 0.47073048
412 0.40894816
413 0.46767411
414 0.44195200
415 0.42543019
416 0.45704003
417 0.53944836
418 0.54448413
419 0.51267330
420 0.62358569
421 0.70514831
422 0.65250104
423 0.64573449
424 0.62011875
425 0.50765326
426 0.53829764
427 0.56573365
428 0.53331204
429 0.50591982
430 0.51432514
431 0.46660179
432 0.55300316
433 0.52817382
434 0.56985537
435 0.60722863
436 0.56621280
437 0.48987191
438 0.59187546
439 0.58909677
440 0.70723873
441 0.70514831
442 0.46892738
443 0.42332794
444 0.47163665
445 0.41349177
446 0.36153582
447 0.38426782
448 0.40404135
449 0.35024127
450 0.39226626
451 0.36285040
452 0.34146789
453 0.29710197
454 0.31974782
455 0.41297246
456 0.43396661
457 0.37712685
458 0.37922614
459 0.39775428
460 0.35190894
461 0.42277718
462 0.46892738
463 0.54023091
464 0.55117535
465 0.42470729
466 0.42289980
467 0.58131557
468 0.41810004
469 0.50320032
470 0.41170250
471 0.40144066
472 0.42281129
473 0.45749778
474 0.38291161
475 0.44192388
476 0.42409050
477 0.38256219
478 0.47474213
479 0.41583657
480 0.43955518
481 0.53004665
482 0.53655457
483 0.54023091
484 0.43503993
485 0.39541656
486 0.44584442
487 0.52027876
488 0.35452901
489 0.40893982
490 0.43241700
491 0.45053766
492 0.35313994
493 0.40028115
494 0.43946215
495 0.43903189
496 0.37138273
497 0.37952370
498 0.46922207
499 0.47084199
500 0.34742755
501 0.49027199
502 0.36428220
503 0.47450662
504 0.43503993
505 0.51648771
506 0.56918728
507 0.50057933
508 0.48842256
509 0.48291833
510 0.48074665
511 0.43708192
512 0.56249741
513 0.41646617
514 0.43831340
515 0.46599059
516 0.48610060
517 0.44524777
518 0.47443669
519 0.44833444
520 0.45324035
521 0.43625489
522 0.50584981
523 0.51188290
524 0.54900917
525 0.51648771
526 0.51658247
527 0.44018516
528 0.50378281
529 0.50363528
530 0.52275224
531 0.48692189
532 0.43015158
533 0.37335120
534 0.38079272
535 0.48664498
536 0.42952621
537 0.46841343
538 0.41824754
539 0.49352530
540 0.52951647
541 0.44693334
542 0.43793664
543 0.40910981
544 0.52202114
545 0.53792596
546 0.51658247
547 0.53741091
548 0.42313304
549 0.46299233
550 0.47191108
551 0.44558016
552 0.45169788
553 0.41326311
554 0.41729694
555 0.39094237
556 0.39166009
557 0.30263272
558 0.42127543
559 0.44116268
560 0.37944572
561 0.45390211
562 0.43152510
563 0.33521183
564 0.41517090
565 0.48951339
566 0.53721855
567 0.53741091
568 0.50731164
569 0.56692098
570 0.52148266
571 0.44820023
572 0.39869519
573 0.46374096
574 0.46033627
575 0.50057278
576 0.50414293
577 0.35799499
578 0.43219561
579 0.47491490
580 0.42182153
581 0.47269272
582 0.48378505
583 0.46989686
584 0.45268318
585 0.50212246
586 0.49359353
587 0.52268667
588 0.50731164
589 0.53433186
590 0.46974102
591 0.54426879
592 0.38521458
593 0.42359842
594 0.36672911
595 0.46185754
596 0.37312644
597 0.35970022
598 0.35359979
599 0.30949734
600 0.40710040
601 0.42214131
602 0.31160552
603 0.42343063
604 0.38763850
605 0.39747049
606 0.40132759
607 0.38192825
608 0.45770259
609 0.53433186
610 0.64315250
611 0.53168061
612 0.45039622
613 0.48039018
614 0.43351694
615 0.41577807
616 0.39613642
617 0.38808220
618 0.34511360
619 0.41736547
620 0.35818506
621 0.46156744
622 0.39207693
623 0.36930433
624 0.39391385
625 0.35674036
626 0.48730202
627 0.54080116
628 0.53586718
629 0.53404189
630 0.64315250
631 0.65643918
632 0.59564416
633 0.58506066
634 0.52077083
635 0.48187198
636 0.53229330
637 0.47661249
638 0.43018318
639 0.47384752
640 0.40756222
641 0.43123971
642 0.49718989
643 0.52568454
644 0.42674413
645 0.45909877
646 0.46427820
647 0.57000023
648 0.55340194
649 0.56971868
650 0.65012638
651 0.65643918
652 0.63403156
653 0.61921566
654 0.56601496
655 0.49863985
656 0.46618330
657 0.46828630
658 0.55957699
659 0.42196412
660 0.50178174
661 0.41565412
662 0.39508705
663 0.45937975
664 0.40836394
665 0.44944460
666 0.40667739
667 0.51048541
668 0.47439885
669 0.57476943
670 0.54310645
671 0.57524799
672 0.63403156
673 0.64209710
674 0.61398251
675 0.48373250
676 0.47829271
677 0.46025906
678 0.46384634
679 0.45879831
680 0.51141613
681 0.50195619
682 0.49530804
683 0.45311003
684 0.43472148
685 0.45656873
686 0.46977647
687 0.41399307
688 0.54590382
689 0.46952968
690 0.54975743
691 0.57670534
692 0.62506780
693 0.64209710
694 0.56288312
695 0.54812414
696 0.48689693
697 0.46403658
698 0.49282301
699 0.43583576
700 0.49895052
701 0.48915266
702 0.45115546
703 0.41417033
704 0.50667208
705 0.44440040
706 0.43038155
707 0.39861427
708 0.44143127
709 0.51914080
710 0.49502536
711 0.50720036
712 0.55122886
713 0.58715186
714 0.56288312
715 0.50528405
716 0.44032035
717 0.52341755
718 0.44431865
719 0.46659051
720 0.36618149
721 0.42776754
722 0.38914549
723 0.41077350
724 0.29529460
725 0.46532800
726 0.39966366
727 0.46773550
728 0.30465007
729 0.43504079
730 0.41242732
731 0.40305084
732 0.44378710
733 0.49593879
734 0.40951040
735 0.50528405
736 0.53701815
737 0.59307774
738 0.54381037
739 0.52486664
740 0.54832907
741 0.55306606
742 0.48757874
743 0.46151417
744 0.50621516
745 0.52854229
746 0.47811806
747 0.46752274
748 0.52212548
749 0.43333895
750 0.53394453
751 0.57276736
752 0.58719534
753 0.55772146
754 0.57893569
755 0.60289631
756 0.53701815
757 0.45614689
758 0.52103885
759 0.54221863
760 0.44748526
761 0.37429061
762 0.38820604
763 0.42365916
764 0.43935610
765 0.40985982
766 0.39355359
767 0.51676362
768 0.43705734
769 0.44661209
770 0.38497100
771 0.36574616
772 0.45813309
773 0.49224771
774 0.42640966
775 0.52716678
776 0.42639799
777 0.45614689
778 0.53232242
779 0.49999217
780 0.45708593
781 0.41229699
782 0.37789854
783 0.41752157
784 0.38544310
785 0.48648786
786 0.39778947
787 0.30741356
788 0.31934025
789 0.39084344
790 0.46640989
791 0.43835630
792 0.40572761
793 0.36718696
794 0.34917377
795 0.44323445
796 0.42223215
797 0.42964903
798 0.53232242
799 0.56724926
800 0.47147666
801 0.49540307
802 0.42350063
803 0.47460067
804 0.45199619
805 0.42623771
806 0.40307507
807 0.31880498
808 0.36428032
809 0.40014670
810 0.46417930
811 0.41465311
812 0.47252212
813 0.44476491
814 0.45782414
815 0.43822990
816 0.42695800
817 0.53246402
818 0.49516868
819 0.56724926
820 0.58222935
821 0.57672258
822 0.53340530
823 0.59890994
824 0.55667811
825 0.52910845
826 0.38177761
827 0.45713604
828 0.49038528
829 0.44430429
830 0.51009540
831 0.44837943
832 0.50207028
833 0.49283142
834 0.50478475
835 0.43549354
836 0.51672825
837 0.55787780
838 0.55232333
839 0.61717154
840 0.58222935
841 0.61915410
842 0.59137812
843 0.52828476
844 0.46288597
845 0.53351064
846 0.41481486
847 0.38371848
848 0.42617343
849 0.44925545
850 0.38822509
851 0.35251599
852 0.31863442
853 0.44171959
854 0.41283203
855 0.49796629
856 0.45457740
857 0.44150306
858 0.46584523
859 0.48155002
860 0.63660456
861 0.61915410
862 0.70876715
863 0.72250389
864 0.60639098
865 0.47253572
866 0.49644689
867 0.53168603
868 0.46745069
869 0.48999274
870 0.53736377
871 0.44993885
872 0.42250814
873 0.41323356
874 0.47604208
875 0.49164338
876 0.46908298
877 0.45724900
878 0.56686169
879 0.43700653
880 0.62830254
881 0.71369749
882 0.70876715
883 0.67529638
884 0.60334086
885 0.59127686
886 0.52103462
887 0.54907441
888 0.46728825
889 0.48869285
890 0.45381287
891 0.46690588
892 0.44668169
893 0.44914965
894 0.51993562
895 0.40739201
896 0.44333680
897 0.47481747
898 0.48405205
899 0.61042486
900 0.48634077
901 0.59909045
902 0.60404770
903 0.67529638
904 0.68606500
905 0.66634377
906 0.52584179
907 0.58820055
908 0.54564740
909 0.55702974
910 0.41547144
911 0.50400683
912 0.43741104
913 0.46030043
914 0.42688531
915 0.44745335
916 0.44263965
917 0.53680254
918 0.55998979
919 0.47138168
920 0.61135732
921 0.51575228
922 0.57264775
923 0.64600566
924 0.68606500
925 0.65757659
926 0.57358719
927 0.54328647
928 0.48683056
929 0.56136243
930 0.48926709
931 0.43886162
932 0.42942942
933 0.39172561
934 0.40210731
935 0.40606772
936 0.38662645
937 0.33841484
938 0.46860672
939 0.36294875
940 0.50308741
941 0.53779271
942 0.57344237
943 0.51460165
944 0.57993137
945 0.65757659
946 0.68504656
947 0.54010905
948 0.52314548
949 0.54008985
950 0.39954020
951 0.46389974
952 0.41913930
953 0.54385351
954 0.40965081
955 0.43333322
956 0.49256289
957 0.28244165
958 0.43190487
959 0.50461182
960 0.39482341
961 0.44647971
962 0.42670366
963 0.48008946
964 0.47071254
965 0.57036198
966 0.68504656
967 0.59810135
968 0.50459969
969 0.46334835
970 0.51921791
971 0.39706198
972 0.44991463
973 0.40409671
974 0.45102444
975 0.44383342
976 0.36399340
977 0.46359989
978 0.45508963
979 0.40066678
980 0.51348601
981 0.48743393
982 0.43375320
983 0.49315260
984 0.41032899
985 0.54966987
986 0.51584280
987 0.59810135
988 0.57456184
989 0.59840531
990 0.54463731
991 0.51577739
992 0.50243457
993 0.51954089
994 0.46191752
995 0.44194446
996 0.42133290
997 0.47138652
998 0.47257790
999 0.43224595
1000 0.37634634
1001 0.42993849
1002 0.46178790
1003 0.52544896
1004 0.52072435
1005 0.53703348
1006 0.47101233
1007 0.52330210
1008 0.57456184
1009 0.46752647
1010 0.49857403
1011 0.52367232
1012 0.47074718
1013 0.47512197
1014 0.35054916
1015 0.40682947
1016 0.39265037
1017 0.45905946
1018 0.40518212
1019 0.35321166
1020 0.40348887
1021 0.30716604
1022 0.48986590
1023 0.48149336
1024 0.45641209
1025 0.51909676
1026 0.45031411
1027 0.51087920
1028 0.53677186
1029 0.46752647
1030 0.61758685
1031 0.53604905
1032 0.45018754
1033 0.44749781
1034 0.44427508
1035 0.49325901
1036 0.42869018
1037 0.40482929
1038 0.42033672
1039 0.41461031
1040 0.47290559
1041 0.38582358
1042 0.39965052
1043 0.44722986
1044 0.49916517
1045 0.48683666
1046 0.48593581
1047 0.47550358
1048 0.48571833
1049 0.56885884
1050 0.61758685
1051 0.58943268
1052 0.58226144
1053 0.59970589
1054 0.57446782
1055 0.53396823
1056 0.43079592
1057 0.58609100
1058 0.53509954
1059 0.43096781
1060 0.46400706
1061 0.43464003
1062 0.47212556
1063 0.49361155
1064 0.50242035
1065 0.49566903
1066 0.43284457
1067 0.52143763
1068 0.56875761
1069 0.58621002
1070 0.67433937
1071 0.58943268
1072 0.66093679
1073 0.65835437
1074 0.62056311
1075 0.52632126
1076 0.53068248
1077 0.42956458
1078 0.48994432
1079 0.59004506
1080 0.49141898
1081 0.51508823
1082 0.50581895
1083 0.43915342
1084 0.51202646
1085 0.51309532
1086 0.48319780
1087 0.60947665
1088 0.54871794
1089 0.59192952
1090 0.56352275
1091 0.58338139
1092 0.66093679
1093 0.66182595
1094 0.59095715
1095 0.56889141
1096 0.57016902
1097 0.52938317
1098 0.47954867
1099 0.41208801
1100 0.49608232
1101 0.41396878
1102 0.49599535
1103 0.46595236
1104 0.42853011
1105 0.42552218
1106 0.38953842
1107 0.45345022
1108 0.48032215
1109 0.52424331
1110 0.62846267
1111 0.62163078
1112 0.65179067
1113 0.66182595
1114 0.85128131
1115 0.78001280
1116 0.53205987
1117 0.66431907
1118 0.58318874
1119 0.61168557
1120 0.59316162
1121 0.54543846
1122 0.59039065
1123 0.54134976
1124 0.49463383
1125 0.55398121
1126 0.54294090
1127 0.56923062
1128 0.60436175
1129 0.52886648
1130 0.57295232
1131 0.67225906
1132 0.72890822
1133 0.72882119
1134 0.85128131
1135 0.92572377
1136 0.79798159
1137 0.76678924
1138 0.70574009
1139 0.69265969
1140 0.63626379
1141 0.64189277
1142 0.63261212
1143 0.65538154
1144 0.64667219
1145 0.57522305
1146 0.66983471
1147 0.60047075
1148 0.57928315
1149 0.64705996
1150 0.65466383
1151 0.66174415
1152 0.72936686
1153 0.76940925
1154 0.79421775
1155 0.92572377
1156 0.78703136
1157 0.75919393
1158 0.61193982
1159 0.54750066
1160 0.56912845
1161 0.49100332
1162 0.60044569
1163 0.61266939
1164 0.58984596
1165 0.49481804
1166 0.57304356
1167 0.42139317
1168 0.60309334
1169 0.52225803
1170 0.53305744
1171 0.51576970
1172 0.63638037
1173 0.56051254
1174 0.69699774
1175 0.71216949
1176 0.78703136
1177 0.74555163
1178 0.71874400
1179 0.68323855
1180 0.52724252
1181 0.57506938
1182 0.51945215
1183 0.58418394
1184 0.55964944
1185 0.53701956
1186 0.44211741
1187 0.56385230
1188 0.45668254
1189 0.54586625
1190 0.50031719
1191 0.49952613
1192 0.55192492
1193 0.57711200
1194 0.64280134
1195 0.61393278
1196 0.64122043
1197 0.74555163
1198 0.78583864
1199 0.76574757
1200 0.69856984
1201 0.60355170
1202 0.58225683
1203 0.64380726
1204 0.52487273
1205 0.50988627
1206 0.51719456
1207 0.49960554
1208 0.53532869
1209 0.53797276
1210 0.62329231
1211 0.58233825
1212 0.69340471
1213 0.53476518
1214 0.67175077
1215 0.63963277
1216 0.66810974
1217 0.73716452
1218 0.78583864
1219 0.66608330
1220 0.60778163
1221 0.58037439
1222 0.58755368
1223 0.54897442
1224 0.59094172
1225 0.53617820
1226 0.45000042
1227 0.43253711
1228 0.44248342
1229 0.56991528
1230 0.51232107
1231 0.50553641
1232 0.48877407
1233 0.48167912
1234 0.49610613
1235 0.60606129
1236 0.55961132
1237 0.56963567
1238 0.63921464
1239 0.66608330
1240 0.59313562
1241 0.47794722
1242 0.51854802
1243 0.48316335
1244 0.44836386
1245 0.46583858
1246 0.49788781
1247 0.38704531
1248 0.46383918
1249 0.35294735
1250 0.37815108
1251 0.44121644
1252 0.50594989
1253 0.38900926
1254 0.34545736
1255 0.47699930
1256 0.51469750
1257 0.48008126
1258 0.45445708
1259 0.53218966
1260 0.59313562
1261 0.61601261
1262 0.54178169
1263 0.50120040
1264 0.49937938
1265 0.51268017
1266 0.40048146
1267 0.33424389
1268 0.41406461
1269 0.30102753
1270 0.37280450
1271 0.39732670
1272 0.48868266
1273 0.38755263
1274 0.51790624
1275 0.38853378
1276 0.36355951
1277 0.46580904
1278 0.48358457
1279 0.46126454
1280 0.50369710
1281 0.61601261
1282 0.60908154
1283 0.51543742
1284 0.49567014
1285 0.49684902
1286 0.39083204
1287 0.40592662
1288 0.41028476
1289 0.43039308
1290 0.38077179
1291 0.40683408
1292 0.35575064
1293 0.31422888
1294 0.39292660
1295 0.44569953
1296 0.37331783
1297 0.39400253
1298 0.44319309
1299 0.45214877
1300 0.44700735
1301 0.57361724
1302 0.60908154
1303 0.67278311
1304 0.62021012
1305 0.57301600
1306 0.56276282
1307 0.53972787
1308 0.55400042
1309 0.58424974
1310 0.45993292
1311 0.45811996
1312 0.51125087
1313 0.36499743
1314 0.54395459
1315 0.45004064
1316 0.51964450
1317 0.50628436
1318 0.50505758
1319 0.50016429
1320 0.52283892
1321 0.61285167
1322 0.57904261
1323 0.67278311
1324 0.65900256
1325 0.55511800
1326 0.61329945
1327 0.48082976
1328 0.53073032
1329 0.41136806
1330 0.45591841
1331 0.40111448
1332 0.45286957
1333 0.40598355
1334 0.38499616
1335 0.39871646
1336 0.38164858
1337 0.41511783
1338 0.45451133
1339 0.47702429
1340 0.44738690
1341 0.59092901
1342 0.52830781
1343 0.65570851
1344 0.65900256
1345 0.81051939
1346 0.78708838
1347 0.62463923
1348 0.60946523
1349 0.55126887
1350 0.61190696
1351 0.53025895
1352 0.49174506
1353 0.53141217
1354 0.39829061
1355 0.53846521
1356 0.45239901
1357 0.45280338
1358 0.49997107
1359 0.59872287
1360 0.54383391
1361 0.58706917
1362 0.62872512
1363 0.59610600
1364 0.73973384
1365 0.81051939
1366 0.77208920
1367 0.68291571
1368 0.64932903
1369 0.61909260
1370 0.64190238
1371 0.52366381
1372 0.62664122
1373 0.48049911
1374 0.51602383
1375 0.49287186
1376 0.49267197
1377 0.41172904
1378 0.52194909
1379 0.53683762
1380 0.51856482
1381 0.56191771
1382 0.61088248
1383 0.60549068
1384 0.64955690
1385 0.70614254
1386 0.77208920
1387 0.84588773
1388 0.75428674
1389 0.76294162
1390 0.64707112
1391 0.65244905
1392 0.58389545
1393 0.58539048
1394 0.60165720
1395 0.62242659
1396 0.52202854
1397 0.71181051
1398 0.52426037
1399 0.42551110
1400 0.55178475
1401 0.59942338
1402 0.59479756
1403 0.61349842
1404 0.73153405
1405 0.69954943
1406 0.72296961
1407 0.84588773
1408 0.83561069
1409 0.77297051
1410 0.63847262
1411 0.66516089
1412 0.58560546
1413 0.53118253
1414 0.57223100
1415 0.56663928
1416 0.55672196
1417 0.51895520
1418 0.52704885
1419 0.53048490
1420 0.57751828
1421 0.57125236
1422 0.50237726
1423 0.60142480
1424 0.59378699
1425 0.59783607
1426 0.69199262
1427 0.76990449
1428 0.83561069
1429 0.72177423
1430 0.63133317
1431 0.61605939
1432 0.47206073
1433 0.57629988
1434 0.46086782
1435 0.47083652
1436 0.41972608
1437 0.47411662
1438 0.47537787
1439 0.54653521
1440 0.41855912
1441 0.50073965
1442 0.43169670
1443 0.50060676
1444 0.52571858
1445 0.56463086
1446 0.58777324
1447 0.58377452
1448 0.69517908
1449 0.72177423
1450 0.65159438
1451 0.59734083
1452 0.48112701
1453 0.45747241
1454 0.46816869
1455 0.43908780
1456 0.42918730
1457 0.39393464
1458 0.36050113
1459 0.36929605
1460 0.35662221
1461 0.42712185
1462 0.24225905
1463 0.37451648
1464 0.36310901
1465 0.47281615
1466 0.54454620
1467 0.51664719
1468 0.48736860
1469 0.61876282
1470 0.65159438
1471 0.68953474
1472 0.67232369
1473 0.52900051
1474 0.55814374
1475 0.47560324
1476 0.50047246
1477 0.55017766
1478 0.51542677
1479 0.42315659
1480 0.50834897
1481 0.55144062
1482 0.45827653
1483 0.53433169
1484 0.46170810
1485 0.45853957
1486 0.53185280
1487 0.57271577
1488 0.63140427
1489 0.57764956
1490 0.61084956
1491 0.68953474
1492 0.60773861
1493 0.54966405
1494 0.43730433
1495 0.40316521
1496 0.48097193
1497 0.39087396
1498 0.43327942
1499 0.35200080
1500 0.33606660
1501 0.36729847
1502 0.37668344
1503 0.36513757
1504 0.38439245
1505 0.32872456
1506 0.34448680
1507 0.38798674
1508 0.39712252
1509 0.46567098
1510 0.50124220
1511 0.48875144
1512 0.60773861
1513 0.50210421
1514 0.44435162
1515 0.42514508
1516 0.37836404
1517 0.32789632
1518 0.37524745
1519 0.34645201
1520 0.33309454
1521 0.36991898
1522 0.35837506
1523 0.31493308
1524 0.32959087
1525 0.37835286
1526 0.24588934
1527 0.31323946
1528 0.32413969
1529 0.52292633
1530 0.31071685
1531 0.48803203
1532 0.47715067
1533 0.50210421
1534 0.70094287
1535 0.59974286
1536 0.56457504
1537 0.59646783
1538 0.39609150
1539 0.46058065
1540 0.42891154
1541 0.44761369
1542 0.43374952
1543 0.41158208
1544 0.54716913
1545 0.44919406
1546 0.42628199
1547 0.46822717
1548 0.45456434
1549 0.44674204
1550 0.51297083
1551 0.54624097
1552 0.53660887
1553 0.62942756
1554 0.70094287
1555 0.69766289
1556 0.62095670
1557 0.76224362
1558 0.56718144
1559 0.54992730
1560 0.56353671
1561 0.56488224
1562 0.54640888
1563 0.51433847
1564 0.50791801
1565 0.57664713
1566 0.56223595
1567 0.51232329
1568 0.52960983
1569 0.58920663
1570 0.60662189
1571 0.62541466
1572 0.63954649
1573 0.72766387
1574 0.73614019
1575 0.69766289
1576 0.76727189
1577 0.66336825
1578 0.63354014
1579 0.55952227
1580 0.58901517
1581 0.47856771
1582 0.53561325
1583 0.53042835
1584 0.54907631
1585 0.48295380
1586 0.47674803
1587 0.48072785
1588 0.48033846
1589 0.51613120
1590 0.49660423
1591 0.50245490
1592 0.55770418
1593 0.56205780
1594 0.62234488
1595 0.57989504
1596 0.76727189
1597 0.85456802
1598 0.73739851
1599 0.60014766
1600 0.63831244
1601 0.57496549
1602 0.47902354
1603 0.55292524
1604 0.51097708
1605 0.49886419
1606 0.54384332
1607 0.49657244
1608 0.42110438
1609 0.55078826
1610 0.53585131
1611 0.56186203
1612 0.50895276
1613 0.63237775
1614 0.61231984
1615 0.68735093
1616 0.70913259
1617 0.85456802
1618 0.96367381
1619 0.87478759
1620 0.72123430
1621 0.66231648
1622 0.70419092
1623 0.67001069
1624 0.59498679
1625 0.60649586
1626 0.58182914
1627 0.58098032
1628 0.59090689
1629 0.60630862
1630 0.57921623
1631 0.67006546
1632 0.60415120
1633 0.65212246
1634 0.61763162
1635 0.70927470
1636 0.78369135
1637 0.82525918
1638 0.96367381
1639 0.81009251
1640 0.71022475
1641 0.71680070
1642 0.66559035
1643 0.57035324
1644 0.56924354
1645 0.55677587
1646 0.53039466
1647 0.51765782
1648 0.53630907
1649 0.55839691
1650 0.56437256
1651 0.48271067
1652 0.55215849
1653 0.61497112
1654 0.52949630
1655 0.63104372
1656 0.65732757
1657 0.60704179
1658 0.78370867
1659 0.81009251
1660 0.96367381
1661 0.87478759
1662 0.72123430
1663 0.66231648
1664 0.70419092
1665 0.67001069
1666 0.59498679
1667 0.60649586
1668 0.58182914
1669 0.58098032
1670 0.59090689
1671 0.60630862
1672 0.57921623
1673 0.67006546
1674 0.60415120
1675 0.65212246
1676 0.61763162
1677 0.70927470
1678 0.78369135
1679 0.82525918
1680 0.96367381
1681 0.85456802
1682 0.73739851
1683 0.60014766
1684 0.63831244
1685 0.57496549
1686 0.47902354
1687 0.55292524
1688 0.51097708
1689 0.49886419
1690 0.54384332
1691 0.49657244
1692 0.42110438
1693 0.55078826
1694 0.53585131
1695 0.56186203
1696 0.50895276
1697 0.63237775
1698 0.61231984
1699 0.68735093
1700 0.70913259
1701 0.85456802
1702 0.76727189
1703 0.66336825
1704 0.63354014
1705 0.55952227
1706 0.58901517
1707 0.47856771
1708 0.53561325
1709 0.53042835
1710 0.54907631
1711 0.48295380
1712 0.47674803
1713 0.48072785
1714 0.48033846
1715 0.51613120
1716 0.49660423
1717 0.50245490
1718 0.55770418
1719 0.56205780
1720 0.62234488
1721 0.57989504
1722 0.76727189
1723 0.69766289
1724 0.62095670
1725 0.76224362
1726 0.56718144
1727 0.54992730
1728 0.56353671
1729 0.56488224
1730 0.54640888
1731 0.51433847
1732 0.50791801
1733 0.57664713
1734 0.56223595
1735 0.51232329
1736 0.52960983
1737 0.58920663
1738 0.60662189
1739 0.62541466
1740 0.63954649
1741 0.72766387
1742 0.73614019
1743 0.69766289
1744 0.70094287
1745 0.59974286
1746 0.56457504
1747 0.59646783
1748 0.39609150
1749 0.46058065
1750 0.42891154
1751 0.44761369
1752 0.43374952
1753 0.41158208
1754 0.54716913
1755 0.44919406
1756 0.42628199
1757 0.46822717
1758 0.45456434
1759 0.44674204
1760 0.51297083
1761 0.54624097
1762 0.53660887
1763 0.62942756
1764 0.70094287
1765 0.61601261
1766 0.54178169
1767 0.50120040
1768 0.49937938
1769 0.51268017
1770 0.40048146
1771 0.33424389
1772 0.41406461
1773 0.30102753
1774 0.37280450
1775 0.39732670
1776 0.48868266
1777 0.38755263
1778 0.51790624
1779 0.38853378
1780 0.36355951
1781 0.46580904
1782 0.48358457
1783 0.46126454
1784 0.50369710
1785 0.61601261
1786 0.60773861
1787 0.54966405
1788 0.43730433
1789 0.40316521
1790 0.48097193
1791 0.39087396
1792 0.43327942
1793 0.35200080
1794 0.33606660
1795 0.36729847
1796 0.37668344
1797 0.36513757
1798 0.38439245
1799 0.32872456
1800 0.34448680
1801 0.38798674
1802 0.39712252
1803 0.46567098
1804 0.50124220
1805 0.48875144
1806 0.60773861
1807 0.68953474
1808 0.67232369
1809 0.52900051
1810 0.55814374
1811 0.47560324
1812 0.50047246
1813 0.55017766
1814 0.51542677
1815 0.42315659
1816 0.50834897
1817 0.55144062
1818 0.45827653
1819 0.53433169
1820 0.46170810
1821 0.45853957
1822 0.53185280
1823 0.57271577
1824 0.63140427
1825 0.57764956
1826 0.61084956
1827 0.68953474
1828 0.65159438
1829 0.59734083
1830 0.48112701
1831 0.45747241
1832 0.46816869
1833 0.43908780
1834 0.42918730
1835 0.39393464
1836 0.36050113
1837 0.36929605
1838 0.35662221
1839 0.42712185
1840 0.24225905
1841 0.37451648
1842 0.36310901
1843 0.47281615
1844 0.54454620
1845 0.51664719
1846 0.48736860
1847 0.61876282
1848 0.65159438
1849 0.72177423
1850 0.63133317
1851 0.61605939
1852 0.47206073
1853 0.57629988
1854 0.46086782
1855 0.47083652
1856 0.41972608
1857 0.47411662
1858 0.47537787
1859 0.54653521
1860 0.41855912
1861 0.50073965
1862 0.43169670
1863 0.50060676
1864 0.52571858
1865 0.56463086
1866 0.58777324
1867 0.58377452
1868 0.69517908
1869 0.72177423
1870 0.83561069
1871 0.77297051
1872 0.63847262
1873 0.66516089
1874 0.58560546
1875 0.53118253
1876 0.57223100
1877 0.56663928
1878 0.55672196
1879 0.51895520
1880 0.52704885
1881 0.53048490
1882 0.57751828
1883 0.57125236
1884 0.50237726
1885 0.60142480
1886 0.59378699
1887 0.59783607
1888 0.69199262
1889 0.76990449
1890 0.83561069
1891 0.84588773
1892 0.75428674
1893 0.76294162
1894 0.64707112
1895 0.65244905
1896 0.58389545
1897 0.58539048
1898 0.60165720
1899 0.62242659
1900 0.52202854
1901 0.71181051
1902 0.52426037
1903 0.42551110
1904 0.55178475
1905 0.59942338
1906 0.59479756
1907 0.61349842
1908 0.73153405
1909 0.69954943
1910 0.72296961
1911 0.84588773
1912 0.77208920
1913 0.68291571
1914 0.64932903
1915 0.61909260
1916 0.64190238
1917 0.52366381
1918 0.62664122
1919 0.48049911
1920 0.51602383
1921 0.49287186
1922 0.49267197
1923 0.41172904
1924 0.52194909
1925 0.53683762
1926 0.51856482
1927 0.56191771
1928 0.61088248
1929 0.60549068
1930 0.64955690
1931 0.70614254
1932 0.77208920
1933 0.81051939
1934 0.78708838
1935 0.62463923
1936 0.60946523
1937 0.55126887
1938 0.61190696
1939 0.53025895
1940 0.49174506
1941 0.53141217
1942 0.39829061
1943 0.53846521
1944 0.45239901
1945 0.45280338
1946 0.49997107
1947 0.59872287
1948 0.54383391
1949 0.58706917
1950 0.62872512
1951 0.59610600
1952 0.73973384
1953 0.81051939
1954 0.65900256
1955 0.55511800
1956 0.61329945
1957 0.48082976
1958 0.53073032
1959 0.41136806
1960 0.45591841
1961 0.40111448
1962 0.45286957
1963 0.40598355
1964 0.38499616
1965 0.39871646
1966 0.38164858
1967 0.41511783
1968 0.45451133
1969 0.47702429
1970 0.44738690
1971 0.59092901
1972 0.52830781
1973 0.65570851
1974 0.65900256
1975 0.67278311
1976 0.62021012
1977 0.57301600
1978 0.56276282
1979 0.53972787
1980 0.55400042
1981 0.58424974
1982 0.45993292
1983 0.45811996
1984 0.51125087
1985 0.36499743
1986 0.54395459
1987 0.45004064
1988 0.51964450
1989 0.50628436
1990 0.50505758
1991 0.50016429
1992 0.52283892
1993 0.61285167
1994 0.57904261
1995 0.67278311
1996 0.60908154
1997 0.51543742
1998 0.49567014
1999 0.49684902
2000 0.39083204
2001 0.40592662
2002 0.41028476
2003 0.43039308
2004 0.38077179
2005 0.40683408
2006 0.35575064
2007 0.31422888
2008 0.39292660
2009 0.44569953
2010 0.37331783
2011 0.39400253
2012 0.44319309
2013 0.45214877
2014 0.44700735
2015 0.57361724
2016 0.60908154
2017 0.46752647
2018 0.49857403
2019 0.52367232
2020 0.47074718
2021 0.47512197
2022 0.35054916
2023 0.40682947
2024 0.39265037
2025 0.45905946
2026 0.40518212
2027 0.35321166
2028 0.40348887
2029 0.30716604
2030 0.48986590
2031 0.48149336
2032 0.45641209
2033 0.51909676
2034 0.45031411
2035 0.51087920
2036 0.53677186
2037 0.46752647
2038 0.59313562
2039 0.47794722
2040 0.51854802
2041 0.48316335
2042 0.44836386
2043 0.46583858
2044 0.49788781
2045 0.38704531
2046 0.46383918
2047 0.35294735
2048 0.37815108
2049 0.44121644
2050 0.50594989
2051 0.38900926
2052 0.34545736
2053 0.47699930
2054 0.51469750
2055 0.48008126
2056 0.45445708
2057 0.53218966
2058 0.59313562
2059 0.66608330
2060 0.60778163
2061 0.58037439
2062 0.58755368
2063 0.54897442
2064 0.59094172
2065 0.53617820
2066 0.45000042
2067 0.43253711
2068 0.44248342
2069 0.56991528
2070 0.51232107
2071 0.50553641
2072 0.48877407
2073 0.48167912
2074 0.49610613
2075 0.60606129
2076 0.55961132
2077 0.56963567
2078 0.63921464
2079 0.66608330
2080 0.78583864
2081 0.76574757
2082 0.69856984
2083 0.60355170
2084 0.58225683
2085 0.64380726
2086 0.52487273
2087 0.50988627
2088 0.51719456
2089 0.49960554
2090 0.53532869
2091 0.53797276
2092 0.62329231
2093 0.58233825
2094 0.69340471
2095 0.53476518
2096 0.67175077
2097 0.63963277
2098 0.66810974
2099 0.73716452
2100 0.78583864
2101 0.74555163
2102 0.71874400
2103 0.68323855
2104 0.52724252
2105 0.57506938
2106 0.51945215
2107 0.58418394
2108 0.55964944
2109 0.53701956
2110 0.44211741
2111 0.56385230
2112 0.45668254
2113 0.54586625
2114 0.50031719
2115 0.49952613
2116 0.55192492
2117 0.57711200
2118 0.64280134
2119 0.61393278
2120 0.64122043
2121 0.74555163
2122 0.78703136
2123 0.75919393
2124 0.61193982
2125 0.54750066
2126 0.56912845
2127 0.49100332
2128 0.60044569
2129 0.61266939
2130 0.58984596
2131 0.49481804
2132 0.57304356
2133 0.42139317
2134 0.60309334
2135 0.52225803
2136 0.53305744
2137 0.51576970
2138 0.63638037
2139 0.56051254
2140 0.69699774
2141 0.71216949
2142 0.78703136
2143 0.92572377
2144 0.79798159
2145 0.76678924
2146 0.70574009
2147 0.69265969
2148 0.63626379
2149 0.64189277
2150 0.63261212
2151 0.65538154
2152 0.64667219
2153 0.57522305
2154 0.66983471
2155 0.60047075
2156 0.57928315
2157 0.64705996
2158 0.65466383
2159 0.66174415
2160 0.72936686
2161 0.76940925
2162 0.79421775
2163 0.92572377
2164 0.85128131
2165 0.78001280
2166 0.53205987
2167 0.66431907
2168 0.58318874
2169 0.61168557
2170 0.59316162
2171 0.54543846
2172 0.59039065
2173 0.54134976
2174 0.49463383
2175 0.55398121
2176 0.54294090
2177 0.56923062
2178 0.60436175
2179 0.52886648
2180 0.57295232
2181 0.67225906
2182 0.72890822
2183 0.72882119
2184 0.85128131
2185 0.66182595
2186 0.59095715
2187 0.56889141
2188 0.57016902
2189 0.52938317
2190 0.47954867
2191 0.41208801
2192 0.49608232
2193 0.41396878
2194 0.49599535
2195 0.46595236
2196 0.42853011
2197 0.42552218
2198 0.38953842
2199 0.45345022
2200 0.48032215
2201 0.52424331
2202 0.62846267
2203 0.62163078
2204 0.65179067
2205 0.66182595
2206 0.66093679
2207 0.65835437
2208 0.62056311
2209 0.52632126
2210 0.53068248
2211 0.42956458
2212 0.48994432
2213 0.59004506
2214 0.49141898
2215 0.51508823
2216 0.50581895
2217 0.43915342
2218 0.51202646
2219 0.51309532
2220 0.48319780
2221 0.60947665
2222 0.54871794
2223 0.59192952
2224 0.56352275
2225 0.58338139
2226 0.66093679
2227 0.58943268
2228 0.58226144
2229 0.59970589
2230 0.57446782
2231 0.53396823
2232 0.43079592
2233 0.58609100
2234 0.53509954
2235 0.43096781
2236 0.46400706
2237 0.43464003
2238 0.47212556
2239 0.49361155
2240 0.50242035
2241 0.49566903
2242 0.43284457
2243 0.52143763
2244 0.56875761
2245 0.58621002
2246 0.67433937
2247 0.58943268
2248 0.61758685
2249 0.53604905
2250 0.45018754
2251 0.44749781
2252 0.44427508
2253 0.49325901
2254 0.42869018
2255 0.40482929
2256 0.42033672
2257 0.41461031
2258 0.47290559
2259 0.38582358
2260 0.39965052
2261 0.44722986
2262 0.49916517
2263 0.48683666
2264 0.48593581
2265 0.47550358
2266 0.48571833
2267 0.56885884
2268 0.61758685
2269 0.45614689
2270 0.52103885
2271 0.54221863
2272 0.44748526
2273 0.37429061
2274 0.38820604
2275 0.42365916
2276 0.43935610
2277 0.40985982
2278 0.39355359
2279 0.51676362
2280 0.43705734
2281 0.44661209
2282 0.38497100
2283 0.36574616
2284 0.45813309
2285 0.49224771
2286 0.42640966
2287 0.52716678
2288 0.42639799
2289 0.45614689
2290 0.57456184
2291 0.59840531
2292 0.54463731
2293 0.51577739
2294 0.50243457
2295 0.51954089
2296 0.46191752
2297 0.44194446
2298 0.42133290
2299 0.47138652
2300 0.47257790
2301 0.43224595
2302 0.37634634
2303 0.42993849
2304 0.46178790
2305 0.52544896
2306 0.52072435
2307 0.53703348
2308 0.47101233
2309 0.52330210
2310 0.57456184
2311 0.59810135
2312 0.50459969
2313 0.46334835
2314 0.51921791
2315 0.39706198
2316 0.44991463
2317 0.40409671
2318 0.45102444
2319 0.44383342
2320 0.36399340
2321 0.46359989
2322 0.45508963
2323 0.40066678
2324 0.51348601
2325 0.48743393
2326 0.43375320
2327 0.49315260
2328 0.41032899
2329 0.54966987
2330 0.51584280
2331 0.59810135
2332 0.68504656
2333 0.54010905
2334 0.52314548
2335 0.54008985
2336 0.39954020
2337 0.46389974
2338 0.41913930
2339 0.54385351
2340 0.40965081
2341 0.43333322
2342 0.49256289
2343 0.28244165
2344 0.43190487
2345 0.50461182
2346 0.39482341
2347 0.44647971
2348 0.42670366
2349 0.48008946
2350 0.47071254
2351 0.57036198
2352 0.68504656
2353 0.65757659
2354 0.57358719
2355 0.54328647
2356 0.48683056
2357 0.56136243
2358 0.48926709
2359 0.43886162
2360 0.42942942
2361 0.39172561
2362 0.40210731
2363 0.40606772
2364 0.38662645
2365 0.33841484
2366 0.46860672
2367 0.36294875
2368 0.50308741
2369 0.53779271
2370 0.57344237
2371 0.51460165
2372 0.57993137
2373 0.65757659
2374 0.68606500
2375 0.66634377
2376 0.52584179
2377 0.58820055
2378 0.54564740
2379 0.55702974
2380 0.41547144
2381 0.50400683
2382 0.43741104
2383 0.46030043
2384 0.42688531
2385 0.44745335
2386 0.44263965
2387 0.53680254
2388 0.55998979
2389 0.47138168
2390 0.61135732
2391 0.51575228
2392 0.57264775
2393 0.64600566
2394 0.68606500
2395 0.67529638
2396 0.60334086
2397 0.59127686
2398 0.52103462
2399 0.54907441
2400 0.46728825
2401 0.48869285
2402 0.45381287
2403 0.46690588
2404 0.44668169
2405 0.44914965
2406 0.51993562
2407 0.40739201
2408 0.44333680
2409 0.47481747
2410 0.48405205
2411 0.61042486
2412 0.48634077
2413 0.59909045
2414 0.60404770
2415 0.67529638
2416 0.70876715
2417 0.72250389
2418 0.60639098
2419 0.47253572
2420 0.49644689
2421 0.53168603
2422 0.46745069
2423 0.48999274
2424 0.53736377
2425 0.44993885
2426 0.42250814
2427 0.41323356
2428 0.47604208
2429 0.49164338
2430 0.46908298
2431 0.45724900
2432 0.56686169
2433 0.43700653
2434 0.62830254
2435 0.71369749
2436 0.70876715
2437 0.61915410
2438 0.59137812
2439 0.52828476
2440 0.46288597
2441 0.53351064
2442 0.41481486
2443 0.38371848
2444 0.42617343
2445 0.44925545
2446 0.38822509
2447 0.35251599
2448 0.31863442
2449 0.44171959
2450 0.41283203
2451 0.49796629
2452 0.45457740
2453 0.44150306
2454 0.46584523
2455 0.48155002
2456 0.63660456
2457 0.61915410
2458 0.58222935
2459 0.57672258
2460 0.53340530
2461 0.59890994
2462 0.55667811
2463 0.52910845
2464 0.38177761
2465 0.45713604
2466 0.49038528
2467 0.44430429
2468 0.51009540
2469 0.44837943
2470 0.50207028
2471 0.49283142
2472 0.50478475
2473 0.43549354
2474 0.51672825
2475 0.55787780
2476 0.55232333
2477 0.61717154
2478 0.58222935
2479 0.56724926
2480 0.47147666
2481 0.49540307
2482 0.42350063
2483 0.47460067
2484 0.45199619
2485 0.42623771
2486 0.40307507
2487 0.31880498
2488 0.36428032
2489 0.40014670
2490 0.46417930
2491 0.41465311
2492 0.47252212
2493 0.44476491
2494 0.45782414
2495 0.43822990
2496 0.42695800
2497 0.53246402
2498 0.49516868
2499 0.56724926
2500 0.53232242
2501 0.49999217
2502 0.45708593
2503 0.41229699
2504 0.37789854
2505 0.41752157
2506 0.38544310
2507 0.48648786
2508 0.39778947
2509 0.30741356
2510 0.31934025
2511 0.39084344
2512 0.46640989
2513 0.43835630
2514 0.40572761
2515 0.36718696
2516 0.34917377
2517 0.44323445
2518 0.42223215
2519 0.42964903
2520 0.53232242
2521 0.51648771
2522 0.56918728
2523 0.50057933
2524 0.48842256
2525 0.48291833
2526 0.48074665
2527 0.43708192
2528 0.56249741
2529 0.41646617
2530 0.43831340
2531 0.46599059
2532 0.48610060
2533 0.44524777
2534 0.47443669
2535 0.44833444
2536 0.45324035
2537 0.43625489
2538 0.50584981
2539 0.51188290
2540 0.54900917
2541 0.51648771
2542 0.53701815
2543 0.59307774
2544 0.54381037
2545 0.52486664
2546 0.54832907
2547 0.55306606
2548 0.48757874
2549 0.46151417
2550 0.50621516
2551 0.52854229
2552 0.47811806
2553 0.46752274
2554 0.52212548
2555 0.43333895
2556 0.53394453
2557 0.57276736
2558 0.58719534
2559 0.55772146
2560 0.57893569
2561 0.60289631
2562 0.53701815
2563 0.50528405
2564 0.44032035
2565 0.52341755
2566 0.44431865
2567 0.46659051
2568 0.36618149
2569 0.42776754
2570 0.38914549
2571 0.41077350
2572 0.29529460
2573 0.46532800
2574 0.39966366
2575 0.46773550
2576 0.30465007
2577 0.43504079
2578 0.41242732
2579 0.40305084
2580 0.44378710
2581 0.49593879
2582 0.40951040
2583 0.50528405
2584 0.56288312
2585 0.54812414
2586 0.48689693
2587 0.46403658
2588 0.49282301
2589 0.43583576
2590 0.49895052
2591 0.48915266
2592 0.45115546
2593 0.41417033
2594 0.50667208
2595 0.44440040
2596 0.43038155
2597 0.39861427
2598 0.44143127
2599 0.51914080
2600 0.49502536
2601 0.50720036
2602 0.55122886
2603 0.58715186
2604 0.56288312
2605 0.64209710
2606 0.61398251
2607 0.48373250
2608 0.47829271
2609 0.46025906
2610 0.46384634
2611 0.45879831
2612 0.51141613
2613 0.50195619
2614 0.49530804
2615 0.45311003
2616 0.43472148
2617 0.45656873
2618 0.46977647
2619 0.41399307
2620 0.54590382
2621 0.46952968
2622 0.54975743
2623 0.57670534
2624 0.62506780
2625 0.64209710
2626 0.63403156
2627 0.61921566
2628 0.56601496
2629 0.49863985
2630 0.46618330
2631 0.46828630
2632 0.55957699
2633 0.42196412
2634 0.50178174
2635 0.41565412
2636 0.39508705
2637 0.45937975
2638 0.40836394
2639 0.44944460
2640 0.40667739
2641 0.51048541
2642 0.47439885
2643 0.57476943
2644 0.54310645
2645 0.57524799
2646 0.63403156
2647 0.65643918
2648 0.59564416
2649 0.58506066
2650 0.52077083
2651 0.48187198
2652 0.53229330
2653 0.47661249
2654 0.43018318
2655 0.47384752
2656 0.40756222
2657 0.43123971
2658 0.49718989
2659 0.52568454
2660 0.42674413
2661 0.45909877
2662 0.46427820
2663 0.57000023
2664 0.55340194
2665 0.56971868
2666 0.65012638
2667 0.65643918
2668 0.64315250
2669 0.53168061
2670 0.45039622
2671 0.48039018
2672 0.43351694
2673 0.41577807
2674 0.39613642
2675 0.38808220
2676 0.34511360
2677 0.41736547
2678 0.35818506
2679 0.46156744
2680 0.39207693
2681 0.36930433
2682 0.39391385
2683 0.35674036
2684 0.48730202
2685 0.54080116
2686 0.53586718
2687 0.53404189
2688 0.64315250
2689 0.53433186
2690 0.46974102
2691 0.54426879
2692 0.38521458
2693 0.42359842
2694 0.36672911
2695 0.46185754
2696 0.37312644
2697 0.35970022
2698 0.35359979
2699 0.30949734
2700 0.40710040
2701 0.42214131
2702 0.31160552
2703 0.42343063
2704 0.38763850
2705 0.39747049
2706 0.40132759
2707 0.38192825
2708 0.45770259
2709 0.53433186
2710 0.50731164
2711 0.56692098
2712 0.52148266
2713 0.44820023
2714 0.39869519
2715 0.46374096
2716 0.46033627
2717 0.50057278
2718 0.50414293
2719 0.35799499
2720 0.43219561
2721 0.47491490
2722 0.42182153
2723 0.47269272
2724 0.48378505
2725 0.46989686
2726 0.45268318
2727 0.50212246
2728 0.49359353
2729 0.52268667
2730 0.50731164
2731 0.53741091
2732 0.42313304
2733 0.46299233
2734 0.47191108
2735 0.44558016
2736 0.45169788
2737 0.41326311
2738 0.41729694
2739 0.39094237
2740 0.39166009
2741 0.30263272
2742 0.42127543
2743 0.44116268
2744 0.37944572
2745 0.45390211
2746 0.43152510
2747 0.33521183
2748 0.41517090
2749 0.48951339
2750 0.53721855
2751 0.53741091
2752 0.51658247
2753 0.44018516
2754 0.50378281
2755 0.50363528
2756 0.52275224
2757 0.48692189
2758 0.43015158
2759 0.37335120
2760 0.38079272
2761 0.48664498
2762 0.42952621
2763 0.46841343
2764 0.41824754
2765 0.49352530
2766 0.52951647
2767 0.44693334
2768 0.43793664
2769 0.40910981
2770 0.52202114
2771 0.53792596
2772 0.51658247
2773 0.52478644
2774 0.43682702
2775 0.38071220
2776 0.41224811
2777 0.44529684
2778 0.42620195
2779 0.38114767
2780 0.39225268
2781 0.39435068
2782 0.39563240
2783 0.45035183
2784 0.40482849
2785 0.45364616
2786 0.41577356
2787 0.50959764
2788 0.43431648
2789 0.51139273
2790 0.42535414
2791 0.40064424
2792 0.44907599
2793 0.52478644
2794 0.43503993
2795 0.39541656
2796 0.44584442
2797 0.52027876
2798 0.35452901
2799 0.40893982
2800 0.43241700
2801 0.45053766
2802 0.35313994
2803 0.40028115
2804 0.43946215
2805 0.43903189
2806 0.37138273
2807 0.37952370
2808 0.46922207
2809 0.47084199
2810 0.34742755
2811 0.49027199
2812 0.36428220
2813 0.47450662
2814 0.43503993
2815 0.54023091
2816 0.55117535
2817 0.42470729
2818 0.42289980
2819 0.58131557
2820 0.41810004
2821 0.50320032
2822 0.41170250
2823 0.40144066
2824 0.42281129
2825 0.45749778
2826 0.38291161
2827 0.44192388
2828 0.42409050
2829 0.38256219
2830 0.47474213
2831 0.41583657
2832 0.43955518
2833 0.53004665
2834 0.53655457
2835 0.54023091
2836 0.46892738
2837 0.42332794
2838 0.47163665
2839 0.41349177
2840 0.36153582
2841 0.38426782
2842 0.40404135
2843 0.35024127
2844 0.39226626
2845 0.36285040
2846 0.34146789
2847 0.29710197
2848 0.31974782
2849 0.41297246
2850 0.43396661
2851 0.37712685
2852 0.37922614
2853 0.39775428
2854 0.35190894
2855 0.42277718
2856 0.46892738
2857 0.70514831
2858 0.65250104
2859 0.64573449
2860 0.62011875
2861 0.50765326
2862 0.53829764
2863 0.56573365
2864 0.53331204
2865 0.50591982
2866 0.51432514
2867 0.46660179
2868 0.55300316
2869 0.52817382
2870 0.56985537
2871 0.60722863
2872 0.56621280
2873 0.48987191
2874 0.59187546
2875 0.58909677
2876 0.70723873
2877 0.70514831
2878 0.62358569
2879 0.60561166
2880 0.48475058
2881 0.52584676
2882 0.49521384
2883 0.41454878
2884 0.35697805
2885 0.45982513
2886 0.38557701
2887 0.47876778
2888 0.34555318
2889 0.47073048
2890 0.40894816
2891 0.46767411
2892 0.44195200
2893 0.42543019
2894 0.45704003
2895 0.53944836
2896 0.54448413
2897 0.51267330
2898 0.62358569
2899 0.59487998
2900 0.62710738
2901 0.54369537
2902 0.46005026
2903 0.48855806
2904 0.52461956
2905 0.46225207
2906 0.44540704
2907 0.44703779
2908 0.38237304
2909 0.38256645
2910 0.37896472
2911 0.42389389
2912 0.42830623
2913 0.40950342
2914 0.47555345
2915 0.39919861
2916 0.53544835
2917 0.55853133
2918 0.64677077
2919 0.59487998
2920 0.65527172
2921 0.47985809
2922 0.52061557
2923 0.51597391
2924 0.40009063
2925 0.44131403
2926 0.40738511
2927 0.45121639
2928 0.41849443
2929 0.39926210
2930 0.50970876
2931 0.38936774
2932 0.43575191
2933 0.43282343
2934 0.45295418
2935 0.44114825
2936 0.57153431
2937 0.41420024
2938 0.50043086
2939 0.59272170
2940 0.65527172
2941 0.53870717
2942 0.51732147
2943 0.50571605
2944 0.52846726
2945 0.44816790
2946 0.45096286
2947 0.38989273
2948 0.40483311
2949 0.42575865
2950 0.38043254
2951 0.44185765
2952 0.52525006
2953 0.42150706
2954 0.34770331
2955 0.41368852
2956 0.44213047
2957 0.45378351
2958 0.46018061
2959 0.51442077
2960 0.55113501
2961 0.53870717
2962 0.46839635
2963 0.53218123
2964 0.42972727
2965 0.39105503
2966 0.50632201
2967 0.46207936
2968 0.38729015
2969 0.44578924
2970 0.40893347
2971 0.33602260
2972 0.38905558
2973 0.35073389
2974 0.38188791
2975 0.32827490
2976 0.46011295
2977 0.42270844
2978 0.44111813
2979 0.37295010
2980 0.43739651
2981 0.46397529
2982 0.46839635
2983 0.43762212
2984 0.43296595
2985 0.42408523
2986 0.47221949
2987 0.41520026
2988 0.40331781
2989 0.44324694
2990 0.31464970
2991 0.47061449
2992 0.45121984
2993 0.41538608
2994 0.43687115
2995 0.39304822
2996 0.36939386
2997 0.42952319
2998 0.40862035
2999 0.42137311
3000 0.48820718
3001 0.44862023
3002 0.43375801
3003 0.43762212
3004 0.43689327
3005 0.48246823
3006 0.46802106
3007 0.41611368
3008 0.43117932
3009 0.48666412
3010 0.58631516
3011 0.49634675
3012 0.44815728
3013 0.47143554
3014 0.42136331
3015 0.43663094
3016 0.54502439
3017 0.48681511
3018 0.52479155
3019 0.50950375
3020 0.44176296
3021 0.50916103
3022 0.40141911
3023 0.46834948
3024 0.43689327
