index DenDen_momentum
1 147.43856426
2 147.48934613
3 147.44242819
4 147.52870939
5 147.49261423
6 147.41998515
7 147.53728310
8 147.54316062
9 147.36333958
10 147.41628199
11 147.43069316
12 147.44496069
13 147.48285868
14 147.39320506
15 147.40836400
16 147.44651238
17 147.41953816
18 147.46397471
19 147.40770319
20 147.55790642
21 147.43856426
22 0.43158767
23 0.40161947
24 0.47395113
25 0.45693367
26 0.37474802
27 0.43973304
28 0.45208671
29 0.43312219
30 0.48660755
31 0.48635405
32 0.45012983
33 0.44466966
34 0.41489812
35 0.47377817
36 0.54530030
37 0.52801575
38 0.43176890
39 0.49362417
40 0.45547852
41 0.45223055
42 0.43158767
43 0.38809316
44 0.45058618
45 0.41111830
46 0.37248428
47 0.47051236
48 0.41730802
49 0.42708330
50 0.35210211
51 0.40434819
52 0.42880474
53 0.40437209
54 0.42497173
55 0.36070281
56 0.33956059
57 0.36673394
58 0.40320989
59 0.42833359
60 0.43592393
61 0.44167732
62 0.43484608
63 0.38809316
64 0.50060348
65 0.52682290
66 0.47164167
67 0.49481554
68 0.51056313
69 0.45099008
70 0.41595636
71 0.44167009
72 0.44107281
73 0.46565749
74 0.44698895
75 0.50323641
76 0.41975041
77 0.46653005
78 0.42261305
79 0.49106904
80 0.56382710
81 0.58307221
82 0.49603091
83 0.53797595
84 0.50060348
85 0.56075850
86 0.58049596
87 0.52480581
88 0.52293192
89 0.52887735
90 0.48704899
91 0.50302343
92 0.44277097
93 0.41005512
94 0.48792153
95 0.45639172
96 0.48230283
97 0.47260496
98 0.47646136
99 0.55315500
100 0.49418184
101 0.49666211
102 0.48629202
103 0.56401243
104 0.57471084
105 0.56075850
106 0.72443452
107 0.60414312
108 0.62140148
109 0.60371234
110 0.53527851
111 0.51121540
112 0.55717916
113 0.46870123
114 0.51466608
115 0.52024011
116 0.51068561
117 0.51794497
118 0.54763948
119 0.45083981
120 0.54598979
121 0.48796127
122 0.56705816
123 0.63218708
124 0.62555215
125 0.69755109
126 0.72443452
127 0.67074763
128 0.64607649
129 0.52268183
130 0.40535286
131 0.51337794
132 0.42667300
133 0.54202890
134 0.52889065
135 0.45748911
136 0.44285271
137 0.45792065
138 0.47199359
139 0.51301863
140 0.47217169
141 0.44268387
142 0.42914384
143 0.46288496
144 0.53917130
145 0.54633233
146 0.49371909
147 0.67074763
148 0.72443452
149 0.60414312
150 0.62140148
151 0.60371234
152 0.53527851
153 0.51121540
154 0.55717916
155 0.46870123
156 0.51466608
157 0.52024011
158 0.51068561
159 0.51794497
160 0.54763948
161 0.45083981
162 0.54598979
163 0.48796127
164 0.56705816
165 0.63218708
166 0.62555215
167 0.69755109
168 0.72443452
169 0.56075850
170 0.58049596
171 0.52480581
172 0.52293192
173 0.52887735
174 0.48704899
175 0.50302343
176 0.44277097
177 0.41005512
178 0.48792153
179 0.45639172
180 0.48230283
181 0.47260496
182 0.47646136
183 0.55315500
184 0.49418184
185 0.49666211
186 0.48629202
187 0.56401243
188 0.57471084
189 0.56075850
190 0.50060348
191 0.52682290
192 0.47164167
193 0.49481554
194 0.51056313
195 0.45099008
196 0.41595636
197 0.44167009
198 0.44107281
199 0.46565749
200 0.44698895
201 0.50323641
202 0.41975041
203 0.46653005
204 0.42261305
205 0.49106904
206 0.56382710
207 0.58307221
208 0.49603091
209 0.53797595
210 0.50060348
211 0.38809316
212 0.45058618
213 0.41111830
214 0.37248428
215 0.47051236
216 0.41730802
217 0.42708330
218 0.35210211
219 0.40434819
220 0.42880474
221 0.40437209
222 0.42497173
223 0.36070281
224 0.33956059
225 0.36673394
226 0.40320989
227 0.42833359
228 0.43592393
229 0.44167732
230 0.43484608
231 0.38809316
232 0.43158767
233 0.40161947
234 0.47395113
235 0.45693367
236 0.37474802
237 0.43973304
238 0.45208671
239 0.43312219
240 0.48660755
241 0.48635405
242 0.45012983
243 0.44466966
244 0.41489812
245 0.47377817
246 0.54530030
247 0.52801575
248 0.43176890
249 0.49362417
250 0.45547852
251 0.45223055
252 0.43158767
253 0.48803334
254 0.44089226
255 0.39481444
256 0.41783899
257 0.36570804
258 0.40474787
259 0.42201343
260 0.39038983
261 0.48957193
262 0.38820928
263 0.38287017
264 0.42849469
265 0.49863209
266 0.40328836
267 0.46918549
268 0.35724705
269 0.41278481
270 0.37471284
271 0.49119416
272 0.42344890
273 0.48803334
274 0.43940392
275 0.46424620
276 0.45627176
277 0.51014819
278 0.40059704
279 0.46849381
280 0.44366268
281 0.42313470
282 0.46945124
283 0.39295192
284 0.39095841
285 0.43915088
286 0.40866439
287 0.41053237
288 0.50169994
289 0.42235859
290 0.42400928
291 0.45089154
292 0.43630877
293 0.44064201
294 0.43940392
295 0.39704498
296 0.43451672
297 0.46002022
298 0.40161399
299 0.47011352
300 0.38659140
301 0.42833337
302 0.36227002
303 0.49881479
304 0.35083367
305 0.41283248
306 0.37899392
307 0.41581903
308 0.42043893
309 0.41375944
310 0.43462148
311 0.39688600
312 0.36803022
313 0.45729929
314 0.44666403
315 0.39704498
316 0.50422613
317 0.51926648
318 0.48622488
319 0.46419899
320 0.40165587
321 0.45381536
322 0.48397945
323 0.48795324
324 0.38423687
325 0.47434596
326 0.48907173
327 0.46906142
328 0.45738511
329 0.45274272
330 0.45179899
331 0.45554402
332 0.54627948
333 0.52838277
334 0.52675600
335 0.53610890
336 0.50422613
337 0.58734129
338 0.51924292
339 0.47934087
340 0.46925519
341 0.45177248
342 0.47395823
343 0.43051650
344 0.50832277
345 0.34585680
346 0.40649793
347 0.41033619
348 0.47777157
349 0.41154885
350 0.47944397
351 0.38585282
352 0.48074029
353 0.49706695
354 0.46831849
355 0.53964179
356 0.55177390
357 0.58734129
358 0.62604235
359 0.60734503
360 0.53912975
361 0.49773914
362 0.53279388
363 0.57570334
364 0.50904423
365 0.48944649
366 0.51444134
367 0.49725331
368 0.45079816
369 0.45001483
370 0.54762165
371 0.52789792
372 0.54694722
373 0.57195664
374 0.54785210
375 0.57976691
376 0.59447880
377 0.69841659
378 0.62604235
379 0.59249448
380 0.69689686
381 0.65690202
382 0.56773568
383 0.46173428
384 0.51546238
385 0.48420186
386 0.50377995
387 0.49631563
388 0.55802778
389 0.48096564
390 0.46948995
391 0.50270983
392 0.53752147
393 0.47038317
394 0.53886477
395 0.61151473
396 0.63852516
397 0.62909360
398 0.69105289
399 0.59249448
400 0.69925550
401 0.56471432
402 0.55044672
403 0.63503479
404 0.55875557
405 0.49102070
406 0.52076861
407 0.48425395
408 0.48116935
409 0.44380664
410 0.46773442
411 0.50356183
412 0.47170936
413 0.45763092
414 0.50849275
415 0.50882241
416 0.53108721
417 0.57109591
418 0.51460586
419 0.58063839
420 0.69925550
421 0.66882187
422 0.59761817
423 0.56362320
424 0.55561245
425 0.55324825
426 0.53333750
427 0.51161635
428 0.46997435
429 0.49072844
430 0.51501323
431 0.49395616
432 0.49060428
433 0.49476326
434 0.49550674
435 0.53296203
436 0.44888243
437 0.57561614
438 0.52897192
439 0.73785991
440 0.56616282
441 0.66882187
442 0.48545234
443 0.52184838
444 0.51301401
445 0.44568931
446 0.40351963
447 0.41492778
448 0.37599593
449 0.45795981
450 0.37490459
451 0.36662737
452 0.46779990
453 0.44823092
454 0.35965452
455 0.40539484
456 0.32607574
457 0.45026113
458 0.40775418
459 0.42127149
460 0.50931538
461 0.44511559
462 0.48545234
463 0.49961578
464 0.54172181
465 0.45868159
466 0.45802916
467 0.48391620
468 0.44425667
469 0.42506104
470 0.47774163
471 0.55929871
472 0.44010170
473 0.48304547
474 0.50303861
475 0.48934225
476 0.44159810
477 0.37472459
478 0.42523398
479 0.45434522
480 0.43454074
481 0.55363198
482 0.37190138
483 0.49961578
484 0.44098414
485 0.38316601
486 0.40526033
487 0.42030803
488 0.35629488
489 0.40937788
490 0.39675982
491 0.38748477
492 0.32060556
493 0.35405751
494 0.34683171
495 0.42957141
496 0.34628794
497 0.41058936
498 0.24911419
499 0.40023509
500 0.42442269
501 0.42539582
502 0.42723170
503 0.42185913
504 0.44098414
505 0.58143704
506 0.43104464
507 0.50156435
508 0.50818512
509 0.52065207
510 0.48101938
511 0.53965033
512 0.48410710
513 0.50108529
514 0.46157090
515 0.50641310
516 0.42578845
517 0.47120563
518 0.43788737
519 0.44667987
520 0.55722827
521 0.51502622
522 0.51573068
523 0.46295795
524 0.52740327
525 0.58143704
526 0.45628657
527 0.42896841
528 0.37604099
529 0.44745083
530 0.38873931
531 0.40337788
532 0.42176027
533 0.42359556
534 0.40007801
535 0.40252429
536 0.35490671
537 0.39786004
538 0.43013748
539 0.34186821
540 0.43514820
541 0.45510325
542 0.41072179
543 0.42402511
544 0.46246210
545 0.47878450
546 0.45628657
547 0.43974628
548 0.48635082
549 0.49160931
550 0.45610171
551 0.38861374
552 0.31860937
553 0.31105838
554 0.30670369
555 0.34615889
556 0.37116600
557 0.39778383
558 0.39172052
559 0.33732034
560 0.36726895
561 0.37713755
562 0.36814567
563 0.36235084
564 0.41242303
565 0.39185437
566 0.42197616
567 0.43974628
568 0.59449351
569 0.59386544
570 0.43292829
571 0.48672090
572 0.37865032
573 0.41435773
574 0.41765218
575 0.40072788
576 0.44790514
577 0.41618528
578 0.33237043
579 0.40796023
580 0.37354714
581 0.43441099
582 0.39529308
583 0.34225414
584 0.50018849
585 0.55703394
586 0.56247077
587 0.49504116
588 0.59449351
589 0.54348160
590 0.47282492
591 0.49315747
592 0.45579815
593 0.40787363
594 0.39407397
595 0.46291729
596 0.36117278
597 0.31342079
598 0.28264602
599 0.38389410
600 0.35375720
601 0.39153638
602 0.39526007
603 0.41911529
604 0.35393780
605 0.43085834
606 0.43900810
607 0.47737497
608 0.53758213
609 0.54348160
610 0.70694268
611 0.54983838
612 0.56629950
613 0.54731967
614 0.48736744
615 0.50383886
616 0.41290557
617 0.41539024
618 0.41798231
619 0.46968443
620 0.43852947
621 0.42172794
622 0.50550339
623 0.43319252
624 0.42625845
625 0.54823783
626 0.44140674
627 0.49303667
628 0.51591368
629 0.72142804
630 0.70694268
631 0.60483159
632 0.55698151
633 0.49914004
634 0.44923559
635 0.53106522
636 0.49555306
637 0.37332713
638 0.50418262
639 0.40099159
640 0.35338191
641 0.35890806
642 0.43411215
643 0.42870076
644 0.41526630
645 0.44439754
646 0.51001548
647 0.47375740
648 0.49198972
649 0.44710623
650 0.56769023
651 0.60483159
652 0.73747538
653 0.71091807
654 0.62438613
655 0.56137920
656 0.63307453
657 0.57768096
658 0.58104022
659 0.61388890
660 0.52484866
661 0.56686147
662 0.51578131
663 0.52448568
664 0.58331909
665 0.56345526
666 0.50788311
667 0.56402133
668 0.58840481
669 0.68930193
670 0.71653100
671 0.70037295
672 0.73747538
673 0.55181362
674 0.46854722
675 0.50274351
676 0.48049085
677 0.46972799
678 0.45503670
679 0.44976825
680 0.43978376
681 0.40748975
682 0.46825083
683 0.40504629
684 0.43139894
685 0.41182418
686 0.39452236
687 0.38701553
688 0.43139815
689 0.50189320
690 0.46991705
691 0.51926549
692 0.61848924
693 0.55181362
694 0.51270624
695 0.46582272
696 0.46979108
697 0.47021614
698 0.45347971
699 0.43760695
700 0.35969472
701 0.36853165
702 0.41654747
703 0.36414264
704 0.39478362
705 0.41159578
706 0.33395041
707 0.40256145
708 0.43278132
709 0.45938115
710 0.40516898
711 0.44687224
712 0.49867577
713 0.46097931
714 0.51270624
715 0.52900278
716 0.49576838
717 0.39917928
718 0.37933785
719 0.40735650
720 0.39470689
721 0.41839770
722 0.39401745
723 0.45172307
724 0.43210141
725 0.42644584
726 0.34522903
727 0.41306473
728 0.36537244
729 0.39750744
730 0.48153747
731 0.49541592
732 0.46791962
733 0.49522314
734 0.39788556
735 0.52900278
736 0.50454070
737 0.50090078
738 0.43250995
739 0.41614608
740 0.46206713
741 0.31668861
742 0.42380877
743 0.41644297
744 0.36996497
745 0.41028016
746 0.40617008
747 0.33223394
748 0.37082031
749 0.28948007
750 0.38432430
751 0.47423258
752 0.37351247
753 0.37959066
754 0.37415799
755 0.35292912
756 0.50454070
757 0.49709039
758 0.56376489
759 0.40787922
760 0.48596891
761 0.48914795
762 0.36955353
763 0.44942802
764 0.44723907
765 0.39624430
766 0.40705900
767 0.43899951
768 0.43911768
769 0.43255342
770 0.45390843
771 0.48288863
772 0.44065600
773 0.39622545
774 0.48723175
775 0.55673891
776 0.49890263
777 0.49709039
778 0.58569846
779 0.53571910
780 0.53127381
781 0.48724075
782 0.53082352
783 0.47768703
784 0.48824876
785 0.52591534
786 0.52647782
787 0.43869033
788 0.48566175
789 0.47544532
790 0.47778030
791 0.44445950
792 0.49113832
793 0.50632355
794 0.52031084
795 0.50890233
796 0.51828311
797 0.52352154
798 0.58569846
799 0.45204332
800 0.49798769
801 0.45253302
802 0.38297099
803 0.41238231
804 0.40173455
805 0.41719806
806 0.34500343
807 0.46725687
808 0.30907254
809 0.41212476
810 0.45784872
811 0.32273708
812 0.37090104
813 0.41630275
814 0.41688481
815 0.41002465
816 0.44259927
817 0.51614944
818 0.51675456
819 0.45204332
820 0.59235809
821 0.55992893
822 0.47969069
823 0.42755819
824 0.37741617
825 0.43217508
826 0.46374130
827 0.44668428
828 0.40893797
829 0.38125783
830 0.33388548
831 0.41278529
832 0.40610354
833 0.40661781
834 0.37198620
835 0.41322071
836 0.39794944
837 0.41807014
838 0.44235679
839 0.52391322
840 0.59235809
841 0.63584316
842 0.52375172
843 0.60852210
844 0.49201242
845 0.43554663
846 0.46584024
847 0.39326129
848 0.47341689
849 0.38244202
850 0.43668223
851 0.44452571
852 0.48784443
853 0.42259823
854 0.41822760
855 0.44930524
856 0.46575857
857 0.46421410
858 0.55018474
859 0.58114894
860 0.53553710
861 0.63584316
862 0.72746819
863 0.60058523
864 0.67685566
865 0.57061011
866 0.53623242
867 0.55056741
868 0.55452397
869 0.49905052
870 0.54125144
871 0.49305735
872 0.53861355
873 0.48928794
874 0.42355620
875 0.48742748
876 0.57051354
877 0.58198812
878 0.61103218
879 0.58576795
880 0.66200998
881 0.68942935
882 0.72746819
883 0.74961010
884 0.81357867
885 0.70480888
886 0.68271560
887 0.64573979
888 0.60161608
889 0.58272416
890 0.62674055
891 0.66999747
892 0.59289359
893 0.64666325
894 0.60453835
895 0.56669694
896 0.73230250
897 0.60164528
898 0.64010780
899 0.68862288
900 0.73597368
901 0.68863989
902 0.80257018
903 0.74961010
904 0.77798501
905 0.68723230
906 0.64288520
907 0.58576525
908 0.58912644
909 0.48364721
910 0.54113052
911 0.52569990
912 0.51530259
913 0.52025614
914 0.55326026
915 0.46794450
916 0.53334517
917 0.52598015
918 0.52511173
919 0.61704055
920 0.50926177
921 0.59579857
922 0.64239029
923 0.73107518
924 0.77798501
925 0.67427923
926 0.56506384
927 0.50025751
928 0.51527288
929 0.57706272
930 0.53201781
931 0.45916948
932 0.42494675
933 0.46451968
934 0.38351216
935 0.44300769
936 0.52584508
937 0.38034564
938 0.43639347
939 0.42406361
940 0.46967291
941 0.47595943
942 0.49936436
943 0.62887889
944 0.61908153
945 0.67427923
946 0.63945445
947 0.63175379
948 0.59794687
949 0.61988940
950 0.57247381
951 0.55188838
952 0.43936915
953 0.50287891
954 0.47570123
955 0.54636882
956 0.47747344
957 0.44001776
958 0.46849867
959 0.47291633
960 0.46034579
961 0.43507886
962 0.51411769
963 0.56027487
964 0.56273632
965 0.48541059
966 0.63945445
967 0.58418073
968 0.59756750
969 0.55008457
970 0.57200769
971 0.57091084
972 0.53604870
973 0.45995849
974 0.42047949
975 0.53432415
976 0.53633252
977 0.47891713
978 0.43151537
979 0.52911382
980 0.48082499
981 0.44018835
982 0.50646528
983 0.51846156
984 0.60537431
985 0.49836952
986 0.66214306
987 0.58418073
988 0.55135728
989 0.64997226
990 0.48731024
991 0.45629107
992 0.47396920
993 0.40761164
994 0.43608555
995 0.42164191
996 0.47177143
997 0.51955644
998 0.41574534
999 0.47690667
1000 0.50151845
1001 0.45708258
1002 0.47583220
1003 0.51779297
1004 0.54721705
1005 0.51251416
1006 0.53739012
1007 0.54660921
1008 0.55135728
1009 0.49347596
1010 0.49684582
1011 0.51031817
1012 0.35264496
1013 0.36872275
1014 0.40280560
1015 0.47617179
1016 0.36764911
1017 0.36645584
1018 0.31649647
1019 0.43537188
1020 0.31559643
1021 0.38589242
1022 0.45980734
1023 0.37808721
1024 0.36535373
1025 0.43341124
1026 0.44533708
1027 0.48448774
1028 0.50309576
1029 0.49347596
1030 0.52842545
1031 0.48486925
1032 0.46808524
1033 0.42159001
1034 0.37446716
1035 0.45622103
1036 0.39020465
1037 0.45583290
1038 0.45383721
1039 0.39707320
1040 0.35596910
1041 0.37841552
1042 0.41137907
1043 0.32797907
1044 0.41296237
1045 0.41357991
1046 0.43887859
1047 0.47284889
1048 0.39432328
1049 0.56046392
1050 0.52842545
1051 0.77807761
1052 0.62988203
1053 0.65096792
1054 0.58766654
1055 0.53908736
1056 0.55335214
1057 0.55024486
1058 0.56356057
1059 0.56919552
1060 0.49113912
1061 0.56427611
1062 0.57424761
1063 0.53721556
1064 0.49532700
1065 0.55238326
1066 0.59803972
1067 0.55504103
1068 0.52768087
1069 0.64404683
1070 0.55841074
1071 0.77807761
1072 0.66150817
1073 0.65615198
1074 0.58516804
1075 0.56878155
1076 0.48706562
1077 0.48704890
1078 0.48401280
1079 0.42938511
1080 0.45259611
1081 0.50619610
1082 0.46930017
1083 0.47058318
1084 0.43776707
1085 0.48694932
1086 0.51360268
1087 0.45799798
1088 0.52175571
1089 0.50325262
1090 0.58971229
1091 0.58666375
1092 0.66150817
1093 0.77795987
1094 0.70541794
1095 0.70262875
1096 0.63075094
1097 0.66067171
1098 0.65312139
1099 0.54786656
1100 0.55669259
1101 0.64276191
1102 0.57234317
1103 0.55644131
1104 0.53593855
1105 0.49602348
1106 0.51700486
1107 0.63303811
1108 0.67455570
1109 0.56175056
1110 0.64903657
1111 0.67068804
1112 0.80055249
1113 0.77795987
1114 0.77652067
1115 0.65401625
1116 0.54478822
1117 0.59766434
1118 0.52328055
1119 0.56892943
1120 0.44964375
1121 0.44549942
1122 0.49983309
1123 0.46614084
1124 0.54902500
1125 0.41902279
1126 0.46653865
1127 0.51946143
1128 0.54196537
1129 0.53122736
1130 0.50157817
1131 0.55007602
1132 0.54526638
1133 0.64375451
1134 0.77652067
1135 0.81054872
1136 0.69099342
1137 0.62570701
1138 0.60183236
1139 0.54178592
1140 0.53300439
1141 0.52653354
1142 0.46883802
1143 0.47709431
1144 0.45639899
1145 0.43199315
1146 0.44097644
1147 0.53010847
1148 0.46622496
1149 0.50245724
1150 0.56382388
1151 0.52635929
1152 0.64870913
1153 0.57431385
1154 0.70239992
1155 0.81054872
1156 0.97126715
1157 0.85493118
1158 0.73325295
1159 0.74317643
1160 0.63218119
1161 0.58499805
1162 0.68380418
1163 0.55834610
1164 0.60858249
1165 0.54347043
1166 0.58656021
1167 0.60498866
1168 0.54795530
1169 0.67468583
1170 0.59376971
1171 0.72712097
1172 0.68828606
1173 0.65270802
1174 0.73342320
1175 0.82730477
1176 0.97126715
1177 0.83796412
1178 0.69639984
1179 0.70677307
1180 0.72219582
1181 0.58950935
1182 0.46538424
1183 0.59536289
1184 0.60097143
1185 0.62576972
1186 0.62883432
1187 0.44107075
1188 0.57475150
1189 0.50846465
1190 0.44803280
1191 0.57166811
1192 0.67036942
1193 0.55299784
1194 0.58797588
1195 0.72524611
1196 0.69056168
1197 0.83796412
1198 0.74321088
1199 0.58427479
1200 0.67186156
1201 0.54769855
1202 0.58767190
1203 0.54288504
1204 0.46967303
1205 0.44231478
1206 0.44827183
1207 0.44270025
1208 0.48170311
1209 0.55646780
1210 0.48264444
1211 0.46302935
1212 0.46763339
1213 0.50128142
1214 0.52728225
1215 0.53729694
1216 0.57934753
1217 0.56780348
1218 0.74321088
1219 0.51006400
1220 0.49800614
1221 0.48234384
1222 0.46116822
1223 0.43741133
1224 0.41992818
1225 0.41989948
1226 0.45114699
1227 0.35346073
1228 0.40385165
1229 0.42151616
1230 0.42285274
1231 0.36427644
1232 0.40478682
1233 0.38395773
1234 0.43130733
1235 0.38479735
1236 0.37248620
1237 0.50304609
1238 0.54366626
1239 0.51006400
1240 0.62840644
1241 0.54689458
1242 0.49895266
1243 0.51997004
1244 0.50256639
1245 0.40997640
1246 0.49146630
1247 0.43044130
1248 0.40650890
1249 0.47949287
1250 0.45165528
1251 0.43766016
1252 0.48056326
1253 0.47980891
1254 0.48324032
1255 0.50358213
1256 0.44136742
1257 0.51809121
1258 0.57832662
1259 0.56808080
1260 0.62840644
1261 0.52694146
1262 0.49120439
1263 0.44036707
1264 0.36904215
1265 0.42090715
1266 0.41807826
1267 0.46680138
1268 0.38385634
1269 0.36375669
1270 0.33447923
1271 0.28013793
1272 0.30677868
1273 0.33857181
1274 0.31115567
1275 0.30975532
1276 0.36852025
1277 0.42566687
1278 0.39484092
1279 0.43120602
1280 0.47039607
1281 0.52694146
1282 0.54493684
1283 0.50055541
1284 0.46814919
1285 0.46347478
1286 0.41526165
1287 0.38308458
1288 0.36833593
1289 0.43071607
1290 0.36295922
1291 0.42279323
1292 0.40235920
1293 0.37033352
1294 0.33978238
1295 0.33853922
1296 0.35237804
1297 0.37297529
1298 0.45183765
1299 0.44232713
1300 0.53722891
1301 0.54819010
1302 0.54493684
1303 0.67345446
1304 0.57029924
1305 0.62305901
1306 0.51628498
1307 0.52391278
1308 0.42934394
1309 0.49971380
1310 0.51387551
1311 0.43489867
1312 0.44881638
1313 0.46248327
1314 0.47580532
1315 0.49954389
1316 0.46756591
1317 0.53443186
1318 0.50221739
1319 0.55279310
1320 0.46974628
1321 0.51598886
1322 0.59450685
1323 0.67345446
1324 0.69979628
1325 0.63932492
1326 0.58819160
1327 0.61505311
1328 0.56588388
1329 0.51429746
1330 0.47809230
1331 0.51632564
1332 0.41306294
1333 0.50643388
1334 0.50503228
1335 0.46458802
1336 0.43328998
1337 0.55371237
1338 0.55183812
1339 0.47015461
1340 0.51459502
1341 0.49117127
1342 0.59280062
1343 0.64771357
1344 0.69979628
1345 0.84603130
1346 0.80105024
1347 0.66857661
1348 0.71706138
1349 0.67062058
1350 0.66613271
1351 0.60632165
1352 0.65740395
1353 0.57195331
1354 0.62113142
1355 0.52414136
1356 0.60840325
1357 0.55584617
1358 0.61489766
1359 0.51569052
1360 0.64215887
1361 0.59990410
1362 0.58956787
1363 0.72150207
1364 0.77302442
1365 0.84603130
1366 0.78988271
1367 0.67430225
1368 0.65949320
1369 0.52425768
1370 0.58732773
1371 0.56155095
1372 0.47274094
1373 0.52867552
1374 0.45722455
1375 0.52318859
1376 0.48634371
1377 0.41594290
1378 0.54452141
1379 0.47825838
1380 0.48782008
1381 0.52876683
1382 0.64518846
1383 0.56117425
1384 0.73295119
1385 0.68963548
1386 0.78988271
1387 0.89661851
1388 0.80194753
1389 0.69477118
1390 0.66739826
1391 0.72022125
1392 0.61316635
1393 0.62497243
1394 0.63334488
1395 0.51745984
1396 0.56320718
1397 0.52230301
1398 0.51932690
1399 0.53518151
1400 0.56339187
1401 0.59526059
1402 0.62566991
1403 0.64032970
1404 0.60228670
1405 0.71780051
1406 0.80092741
1407 0.89661851
1408 0.84605647
1409 0.70998541
1410 0.60679795
1411 0.63845463
1412 0.63199878
1413 0.51216369
1414 0.52394781
1415 0.61701118
1416 0.53351879
1417 0.52483651
1418 0.54465616
1419 0.49320369
1420 0.48524788
1421 0.52789192
1422 0.58348994
1423 0.53996657
1424 0.69810018
1425 0.69161275
1426 0.72889447
1427 0.70417719
1428 0.84605647
1429 0.98216006
1430 0.77979850
1431 0.70011622
1432 0.67930901
1433 0.64150374
1434 0.66715522
1435 0.56611403
1436 0.60955932
1437 0.54439547
1438 0.54453947
1439 0.51247611
1440 0.60380095
1441 0.56045441
1442 0.61815606
1443 0.57432318
1444 0.61928771
1445 0.63695307
1446 0.69491839
1447 0.73744592
1448 0.83527388
1449 0.98216006
1450 0.71837885
1451 0.73521410
1452 0.67497920
1453 0.60372215
1454 0.62235565
1455 0.57608532
1456 0.48489686
1457 0.48871584
1458 0.51294550
1459 0.54116158
1460 0.64369220
1461 0.56442945
1462 0.50577871
1463 0.56217587
1464 0.57406863
1465 0.60518970
1466 0.54555365
1467 0.63086600
1468 0.76072575
1469 0.73969263
1470 0.71837885
1471 0.73028576
1472 0.63496853
1473 0.63954021
1474 0.64705720
1475 0.62051242
1476 0.54394991
1477 0.51021119
1478 0.54904297
1479 0.49108495
1480 0.45321774
1481 0.49322527
1482 0.52145233
1483 0.46497304
1484 0.48725960
1485 0.48007905
1486 0.61828469
1487 0.55408411
1488 0.62019625
1489 0.60331284
1490 0.67632254
1491 0.73028576
1492 0.67228118
1493 0.65116276
1494 0.56525034
1495 0.60150512
1496 0.60926656
1497 0.53347346
1498 0.51070786
1499 0.58689187
1500 0.55312642
1501 0.45454242
1502 0.55627544
1503 0.52144124
1504 0.46400756
1505 0.51362376
1506 0.52899482
1507 0.54420845
1508 0.56652814
1509 0.57945436
1510 0.55489526
1511 0.64422330
1512 0.67228118
1513 0.66423523
1514 0.67493122
1515 0.65015708
1516 0.63857487
1517 0.51221894
1518 0.55231688
1519 0.47995442
1520 0.43308299
1521 0.36657591
1522 0.45963369
1523 0.52160972
1524 0.48386235
1525 0.48515654
1526 0.41603049
1527 0.55872465
1528 0.53184478
1529 0.50617355
1530 0.61644351
1531 0.51969008
1532 0.65513923
1533 0.66423523
1534 0.66225929
1535 0.65688702
1536 0.54083013
1537 0.54194448
1538 0.46450036
1539 0.48185607
1540 0.43119016
1541 0.44848904
1542 0.43611183
1543 0.42234106
1544 0.40504885
1545 0.43996835
1546 0.43396019
1547 0.49021751
1548 0.48753983
1549 0.49259313
1550 0.53258394
1551 0.54629634
1552 0.59002968
1553 0.53923532
1554 0.66225929
1555 0.66708537
1556 0.63955484
1557 0.60090143
1558 0.58687185
1559 0.54449361
1560 0.51457649
1561 0.54385904
1562 0.47717937
1563 0.45496181
1564 0.48450491
1565 0.43805764
1566 0.46932530
1567 0.44195114
1568 0.40596651
1569 0.46956949
1570 0.50856312
1571 0.58138374
1572 0.59983656
1573 0.58034589
1574 0.68367715
1575 0.66708537
1576 0.72165862
1577 0.62866916
1578 0.59347254
1579 0.49320850
1580 0.52250552
1581 0.41064489
1582 0.50749875
1583 0.54044689
1584 0.44851449
1585 0.38107780
1586 0.40146067
1587 0.54370132
1588 0.41899855
1589 0.52889035
1590 0.50555556
1591 0.48024169
1592 0.52387565
1593 0.57556362
1594 0.60040381
1595 0.61436975
1596 0.72165862
1597 0.81210199
1598 0.71864219
1599 0.63684081
1600 0.61318697
1601 0.57242184
1602 0.58383191
1603 0.55925434
1604 0.55572376
1605 0.44551071
1606 0.56538768
1607 0.47452124
1608 0.54192081
1609 0.55777444
1610 0.58712568
1611 0.48494723
1612 0.52153698
1613 0.63240543
1614 0.62622623
1615 0.66017430
1616 0.74736348
1617 0.81210199
1618 0.88082070
1619 0.73933127
1620 0.67750972
1621 0.60562141
1622 0.57982526
1623 0.65944923
1624 0.51977667
1625 0.53540847
1626 0.53122753
1627 0.54733927
1628 0.51098079
1629 0.56299618
1630 0.54257988
1631 0.60268598
1632 0.54424300
1633 0.60531446
1634 0.59072687
1635 0.65469524
1636 0.71713647
1637 0.81278941
1638 0.88082070
1639 0.75810700
1640 0.61118183
1641 0.63063505
1642 0.56066183
1643 0.52299216
1644 0.47935995
1645 0.53887252
1646 0.44438236
1647 0.39945762
1648 0.40796601
1649 0.43458176
1650 0.41754240
1651 0.44579100
1652 0.55122359
1653 0.44701152
1654 0.56613435
1655 0.52615163
1656 0.44893742
1657 0.69386345
1658 0.66742631
1659 0.75810700
1660 0.88082070
1661 0.73933127
1662 0.67750972
1663 0.60562141
1664 0.57982526
1665 0.65944923
1666 0.51977667
1667 0.53540847
1668 0.53122753
1669 0.54733927
1670 0.51098079
1671 0.56299618
1672 0.54257988
1673 0.60268598
1674 0.54424300
1675 0.60531446
1676 0.59072687
1677 0.65469524
1678 0.71713647
1679 0.81278941
1680 0.88082070
1681 0.81210199
1682 0.71864219
1683 0.63684081
1684 0.61318697
1685 0.57242184
1686 0.58383191
1687 0.55925434
1688 0.55572376
1689 0.44551071
1690 0.56538768
1691 0.47452124
1692 0.54192081
1693 0.55777444
1694 0.58712568
1695 0.48494723
1696 0.52153698
1697 0.63240543
1698 0.62622623
1699 0.66017430
1700 0.74736348
1701 0.81210199
1702 0.72165862
1703 0.62866916
1704 0.59347254
1705 0.49320850
1706 0.52250552
1707 0.41064489
1708 0.50749875
1709 0.54044689
1710 0.44851449
1711 0.38107780
1712 0.40146067
1713 0.54370132
1714 0.41899855
1715 0.52889035
1716 0.50555556
1717 0.48024169
1718 0.52387565
1719 0.57556362
1720 0.60040381
1721 0.61436975
1722 0.72165862
1723 0.66708537
1724 0.63955484
1725 0.60090143
1726 0.58687185
1727 0.54449361
1728 0.51457649
1729 0.54385904
1730 0.47717937
1731 0.45496181
1732 0.48450491
1733 0.43805764
1734 0.46932530
1735 0.44195114
1736 0.40596651
1737 0.46956949
1738 0.50856312
1739 0.58138374
1740 0.59983656
1741 0.58034589
1742 0.68367715
1743 0.66708537
1744 0.66225929
1745 0.65688702
1746 0.54083013
1747 0.54194448
1748 0.46450036
1749 0.48185607
1750 0.43119016
1751 0.44848904
1752 0.43611183
1753 0.42234106
1754 0.40504885
1755 0.43996835
1756 0.43396019
1757 0.49021751
1758 0.48753983
1759 0.49259313
1760 0.53258394
1761 0.54629634
1762 0.59002968
1763 0.53923532
1764 0.66225929
1765 0.52694146
1766 0.49120439
1767 0.44036707
1768 0.36904215
1769 0.42090715
1770 0.41807826
1771 0.46680138
1772 0.38385634
1773 0.36375669
1774 0.33447923
1775 0.28013793
1776 0.30677868
1777 0.33857181
1778 0.31115567
1779 0.30975532
1780 0.36852025
1781 0.42566687
1782 0.39484092
1783 0.43120602
1784 0.47039607
1785 0.52694146
1786 0.67228118
1787 0.65116276
1788 0.56525034
1789 0.60150512
1790 0.60926656
1791 0.53347346
1792 0.51070786
1793 0.58689187
1794 0.55312642
1795 0.45454242
1796 0.55627544
1797 0.52144124
1798 0.46400756
1799 0.51362376
1800 0.52899482
1801 0.54420845
1802 0.56652814
1803 0.57945436
1804 0.55489526
1805 0.64422330
1806 0.67228118
1807 0.73028576
1808 0.63496853
1809 0.63954021
1810 0.64705720
1811 0.62051242
1812 0.54394991
1813 0.51021119
1814 0.54904297
1815 0.49108495
1816 0.45321774
1817 0.49322527
1818 0.52145233
1819 0.46497304
1820 0.48725960
1821 0.48007905
1822 0.61828469
1823 0.55408411
1824 0.62019625
1825 0.60331284
1826 0.67632254
1827 0.73028576
1828 0.71837885
1829 0.73521410
1830 0.67497920
1831 0.60372215
1832 0.62235565
1833 0.57608532
1834 0.48489686
1835 0.48871584
1836 0.51294550
1837 0.54116158
1838 0.64369220
1839 0.56442945
1840 0.50577871
1841 0.56217587
1842 0.57406863
1843 0.60518970
1844 0.54555365
1845 0.63086600
1846 0.76072575
1847 0.73969263
1848 0.71837885
1849 0.98216006
1850 0.77979850
1851 0.70011622
1852 0.67930901
1853 0.64150374
1854 0.66715522
1855 0.56611403
1856 0.60955932
1857 0.54439547
1858 0.54453947
1859 0.51247611
1860 0.60380095
1861 0.56045441
1862 0.61815606
1863 0.57432318
1864 0.61928771
1865 0.63695307
1866 0.69491839
1867 0.73744592
1868 0.83527388
1869 0.98216006
1870 0.84605647
1871 0.70998541
1872 0.60679795
1873 0.63845463
1874 0.63199878
1875 0.51216369
1876 0.52394781
1877 0.61701118
1878 0.53351879
1879 0.52483651
1880 0.54465616
1881 0.49320369
1882 0.48524788
1883 0.52789192
1884 0.58348994
1885 0.53996657
1886 0.69810018
1887 0.69161275
1888 0.72889447
1889 0.70417719
1890 0.84605647
1891 0.89661851
1892 0.80194753
1893 0.69477118
1894 0.66739826
1895 0.72022125
1896 0.61316635
1897 0.62497243
1898 0.63334488
1899 0.51745984
1900 0.56320718
1901 0.52230301
1902 0.51932690
1903 0.53518151
1904 0.56339187
1905 0.59526059
1906 0.62566991
1907 0.64032970
1908 0.60228670
1909 0.71780051
1910 0.80092741
1911 0.89661851
1912 0.78988271
1913 0.67430225
1914 0.65949320
1915 0.52425768
1916 0.58732773
1917 0.56155095
1918 0.47274094
1919 0.52867552
1920 0.45722455
1921 0.52318859
1922 0.48634371
1923 0.41594290
1924 0.54452141
1925 0.47825838
1926 0.48782008
1927 0.52876683
1928 0.64518846
1929 0.56117425
1930 0.73295119
1931 0.68963548
1932 0.78988271
1933 0.84603130
1934 0.80105024
1935 0.66857661
1936 0.71706138
1937 0.67062058
1938 0.66613271
1939 0.60632165
1940 0.65740395
1941 0.57195331
1942 0.62113142
1943 0.52414136
1944 0.60840325
1945 0.55584617
1946 0.61489766
1947 0.51569052
1948 0.64215887
1949 0.59990410
1950 0.58956787
1951 0.72150207
1952 0.77302442
1953 0.84603130
1954 0.69979628
1955 0.63932492
1956 0.58819160
1957 0.61505311
1958 0.56588388
1959 0.51429746
1960 0.47809230
1961 0.51632564
1962 0.41306294
1963 0.50643388
1964 0.50503228
1965 0.46458802
1966 0.43328998
1967 0.55371237
1968 0.55183812
1969 0.47015461
1970 0.51459502
1971 0.49117127
1972 0.59280062
1973 0.64771357
1974 0.69979628
1975 0.67345446
1976 0.57029924
1977 0.62305901
1978 0.51628498
1979 0.52391278
1980 0.42934394
1981 0.49971380
1982 0.51387551
1983 0.43489867
1984 0.44881638
1985 0.46248327
1986 0.47580532
1987 0.49954389
1988 0.46756591
1989 0.53443186
1990 0.50221739
1991 0.55279310
1992 0.46974628
1993 0.51598886
1994 0.59450685
1995 0.67345446
1996 0.54493684
1997 0.50055541
1998 0.46814919
1999 0.46347478
2000 0.41526165
2001 0.38308458
2002 0.36833593
2003 0.43071607
2004 0.36295922
2005 0.42279323
2006 0.40235920
2007 0.37033352
2008 0.33978238
2009 0.33853922
2010 0.35237804
2011 0.37297529
2012 0.45183765
2013 0.44232713
2014 0.53722891
2015 0.54819010
2016 0.54493684
2017 0.49347596
2018 0.49684582
2019 0.51031817
2020 0.35264496
2021 0.36872275
2022 0.40280560
2023 0.47617179
2024 0.36764911
2025 0.36645584
2026 0.31649647
2027 0.43537188
2028 0.31559643
2029 0.38589242
2030 0.45980734
2031 0.37808721
2032 0.36535373
2033 0.43341124
2034 0.44533708
2035 0.48448774
2036 0.50309576
2037 0.49347596
2038 0.62840644
2039 0.54689458
2040 0.49895266
2041 0.51997004
2042 0.50256639
2043 0.40997640
2044 0.49146630
2045 0.43044130
2046 0.40650890
2047 0.47949287
2048 0.45165528
2049 0.43766016
2050 0.48056326
2051 0.47980891
2052 0.48324032
2053 0.50358213
2054 0.44136742
2055 0.51809121
2056 0.57832662
2057 0.56808080
2058 0.62840644
2059 0.51006400
2060 0.49800614
2061 0.48234384
2062 0.46116822
2063 0.43741133
2064 0.41992818
2065 0.41989948
2066 0.45114699
2067 0.35346073
2068 0.40385165
2069 0.42151616
2070 0.42285274
2071 0.36427644
2072 0.40478682
2073 0.38395773
2074 0.43130733
2075 0.38479735
2076 0.37248620
2077 0.50304609
2078 0.54366626
2079 0.51006400
2080 0.74321088
2081 0.58427479
2082 0.67186156
2083 0.54769855
2084 0.58767190
2085 0.54288504
2086 0.46967303
2087 0.44231478
2088 0.44827183
2089 0.44270025
2090 0.48170311
2091 0.55646780
2092 0.48264444
2093 0.46302935
2094 0.46763339
2095 0.50128142
2096 0.52728225
2097 0.53729694
2098 0.57934753
2099 0.56780348
2100 0.74321088
2101 0.83796412
2102 0.69639984
2103 0.70677307
2104 0.72219582
2105 0.58950935
2106 0.46538424
2107 0.59536289
2108 0.60097143
2109 0.62576972
2110 0.62883432
2111 0.44107075
2112 0.57475150
2113 0.50846465
2114 0.44803280
2115 0.57166811
2116 0.67036942
2117 0.55299784
2118 0.58797588
2119 0.72524611
2120 0.69056168
2121 0.83796412
2122 0.97126715
2123 0.85493118
2124 0.73325295
2125 0.74317643
2126 0.63218119
2127 0.58499805
2128 0.68380418
2129 0.55834610
2130 0.60858249
2131 0.54347043
2132 0.58656021
2133 0.60498866
2134 0.54795530
2135 0.67468583
2136 0.59376971
2137 0.72712097
2138 0.68828606
2139 0.65270802
2140 0.73342320
2141 0.82730477
2142 0.97126715
2143 0.81054872
2144 0.69099342
2145 0.62570701
2146 0.60183236
2147 0.54178592
2148 0.53300439
2149 0.52653354
2150 0.46883802
2151 0.47709431
2152 0.45639899
2153 0.43199315
2154 0.44097644
2155 0.53010847
2156 0.46622496
2157 0.50245724
2158 0.56382388
2159 0.52635929
2160 0.64870913
2161 0.57431385
2162 0.70239992
2163 0.81054872
2164 0.77652067
2165 0.65401625
2166 0.54478822
2167 0.59766434
2168 0.52328055
2169 0.56892943
2170 0.44964375
2171 0.44549942
2172 0.49983309
2173 0.46614084
2174 0.54902500
2175 0.41902279
2176 0.46653865
2177 0.51946143
2178 0.54196537
2179 0.53122736
2180 0.50157817
2181 0.55007602
2182 0.54526638
2183 0.64375451
2184 0.77652067
2185 0.77795987
2186 0.70541794
2187 0.70262875
2188 0.63075094
2189 0.66067171
2190 0.65312139
2191 0.54786656
2192 0.55669259
2193 0.64276191
2194 0.57234317
2195 0.55644131
2196 0.53593855
2197 0.49602348
2198 0.51700486
2199 0.63303811
2200 0.67455570
2201 0.56175056
2202 0.64903657
2203 0.67068804
2204 0.80055249
2205 0.77795987
2206 0.66150817
2207 0.65615198
2208 0.58516804
2209 0.56878155
2210 0.48706562
2211 0.48704890
2212 0.48401280
2213 0.42938511
2214 0.45259611
2215 0.50619610
2216 0.46930017
2217 0.47058318
2218 0.43776707
2219 0.48694932
2220 0.51360268
2221 0.45799798
2222 0.52175571
2223 0.50325262
2224 0.58971229
2225 0.58666375
2226 0.66150817
2227 0.77807761
2228 0.62988203
2229 0.65096792
2230 0.58766654
2231 0.53908736
2232 0.55335214
2233 0.55024486
2234 0.56356057
2235 0.56919552
2236 0.49113912
2237 0.56427611
2238 0.57424761
2239 0.53721556
2240 0.49532700
2241 0.55238326
2242 0.59803972
2243 0.55504103
2244 0.52768087
2245 0.64404683
2246 0.55841074
2247 0.77807761
2248 0.52842545
2249 0.48486925
2250 0.46808524
2251 0.42159001
2252 0.37446716
2253 0.45622103
2254 0.39020465
2255 0.45583290
2256 0.45383721
2257 0.39707320
2258 0.35596910
2259 0.37841552
2260 0.41137907
2261 0.32797907
2262 0.41296237
2263 0.41357991
2264 0.43887859
2265 0.47284889
2266 0.39432328
2267 0.56046392
2268 0.52842545
2269 0.49709039
2270 0.56376489
2271 0.40787922
2272 0.48596891
2273 0.48914795
2274 0.36955353
2275 0.44942802
2276 0.44723907
2277 0.39624430
2278 0.40705900
2279 0.43899951
2280 0.43911768
2281 0.43255342
2282 0.45390843
2283 0.48288863
2284 0.44065600
2285 0.39622545
2286 0.48723175
2287 0.55673891
2288 0.49890263
2289 0.49709039
2290 0.55135728
2291 0.64997226
2292 0.48731024
2293 0.45629107
2294 0.47396920
2295 0.40761164
2296 0.43608555
2297 0.42164191
2298 0.47177143
2299 0.51955644
2300 0.41574534
2301 0.47690667
2302 0.50151845
2303 0.45708258
2304 0.47583220
2305 0.51779297
2306 0.54721705
2307 0.51251416
2308 0.53739012
2309 0.54660921
2310 0.55135728
2311 0.58418073
2312 0.59756750
2313 0.55008457
2314 0.57200769
2315 0.57091084
2316 0.53604870
2317 0.45995849
2318 0.42047949
2319 0.53432415
2320 0.53633252
2321 0.47891713
2322 0.43151537
2323 0.52911382
2324 0.48082499
2325 0.44018835
2326 0.50646528
2327 0.51846156
2328 0.60537431
2329 0.49836952
2330 0.66214306
2331 0.58418073
2332 0.63945445
2333 0.63175379
2334 0.59794687
2335 0.61988940
2336 0.57247381
2337 0.55188838
2338 0.43936915
2339 0.50287891
2340 0.47570123
2341 0.54636882
2342 0.47747344
2343 0.44001776
2344 0.46849867
2345 0.47291633
2346 0.46034579
2347 0.43507886
2348 0.51411769
2349 0.56027487
2350 0.56273632
2351 0.48541059
2352 0.63945445
2353 0.67427923
2354 0.56506384
2355 0.50025751
2356 0.51527288
2357 0.57706272
2358 0.53201781
2359 0.45916948
2360 0.42494675
2361 0.46451968
2362 0.38351216
2363 0.44300769
2364 0.52584508
2365 0.38034564
2366 0.43639347
2367 0.42406361
2368 0.46967291
2369 0.47595943
2370 0.49936436
2371 0.62887889
2372 0.61908153
2373 0.67427923
2374 0.77798501
2375 0.68723230
2376 0.64288520
2377 0.58576525
2378 0.58912644
2379 0.48364721
2380 0.54113052
2381 0.52569990
2382 0.51530259
2383 0.52025614
2384 0.55326026
2385 0.46794450
2386 0.53334517
2387 0.52598015
2388 0.52511173
2389 0.61704055
2390 0.50926177
2391 0.59579857
2392 0.64239029
2393 0.73107518
2394 0.77798501
2395 0.74961010
2396 0.81357867
2397 0.70480888
2398 0.68271560
2399 0.64573979
2400 0.60161608
2401 0.58272416
2402 0.62674055
2403 0.66999747
2404 0.59289359
2405 0.64666325
2406 0.60453835
2407 0.56669694
2408 0.73230250
2409 0.60164528
2410 0.64010780
2411 0.68862288
2412 0.73597368
2413 0.68863989
2414 0.80257018
2415 0.74961010
2416 0.72746819
2417 0.60058523
2418 0.67685566
2419 0.57061011
2420 0.53623242
2421 0.55056741
2422 0.55452397
2423 0.49905052
2424 0.54125144
2425 0.49305735
2426 0.53861355
2427 0.48928794
2428 0.42355620
2429 0.48742748
2430 0.57051354
2431 0.58198812
2432 0.61103218
2433 0.58576795
2434 0.66200998
2435 0.68942935
2436 0.72746819
2437 0.63584316
2438 0.52375172
2439 0.60852210
2440 0.49201242
2441 0.43554663
2442 0.46584024
2443 0.39326129
2444 0.47341689
2445 0.38244202
2446 0.43668223
2447 0.44452571
2448 0.48784443
2449 0.42259823
2450 0.41822760
2451 0.44930524
2452 0.46575857
2453 0.46421410
2454 0.55018474
2455 0.58114894
2456 0.53553710
2457 0.63584316
2458 0.59235809
2459 0.55992893
2460 0.47969069
2461 0.42755819
2462 0.37741617
2463 0.43217508
2464 0.46374130
2465 0.44668428
2466 0.40893797
2467 0.38125783
2468 0.33388548
2469 0.41278529
2470 0.40610354
2471 0.40661781
2472 0.37198620
2473 0.41322071
2474 0.39794944
2475 0.41807014
2476 0.44235679
2477 0.52391322
2478 0.59235809
2479 0.45204332
2480 0.49798769
2481 0.45253302
2482 0.38297099
2483 0.41238231
2484 0.40173455
2485 0.41719806
2486 0.34500343
2487 0.46725687
2488 0.30907254
2489 0.41212476
2490 0.45784872
2491 0.32273708
2492 0.37090104
2493 0.41630275
2494 0.41688481
2495 0.41002465
2496 0.44259927
2497 0.51614944
2498 0.51675456
2499 0.45204332
2500 0.58569846
2501 0.53571910
2502 0.53127381
2503 0.48724075
2504 0.53082352
2505 0.47768703
2506 0.48824876
2507 0.52591534
2508 0.52647782
2509 0.43869033
2510 0.48566175
2511 0.47544532
2512 0.47778030
2513 0.44445950
2514 0.49113832
2515 0.50632355
2516 0.52031084
2517 0.50890233
2518 0.51828311
2519 0.52352154
2520 0.58569846
2521 0.58143704
2522 0.43104464
2523 0.50156435
2524 0.50818512
2525 0.52065207
2526 0.48101938
2527 0.53965033
2528 0.48410710
2529 0.50108529
2530 0.46157090
2531 0.50641310
2532 0.42578845
2533 0.47120563
2534 0.43788737
2535 0.44667987
2536 0.55722827
2537 0.51502622
2538 0.51573068
2539 0.46295795
2540 0.52740327
2541 0.58143704
2542 0.50454070
2543 0.50090078
2544 0.43250995
2545 0.41614608
2546 0.46206713
2547 0.31668861
2548 0.42380877
2549 0.41644297
2550 0.36996497
2551 0.41028016
2552 0.40617008
2553 0.33223394
2554 0.37082031
2555 0.28948007
2556 0.38432430
2557 0.47423258
2558 0.37351247
2559 0.37959066
2560 0.37415799
2561 0.35292912
2562 0.50454070
2563 0.52900278
2564 0.49576838
2565 0.39917928
2566 0.37933785
2567 0.40735650
2568 0.39470689
2569 0.41839770
2570 0.39401745
2571 0.45172307
2572 0.43210141
2573 0.42644584
2574 0.34522903
2575 0.41306473
2576 0.36537244
2577 0.39750744
2578 0.48153747
2579 0.49541592
2580 0.46791962
2581 0.49522314
2582 0.39788556
2583 0.52900278
2584 0.51270624
2585 0.46582272
2586 0.46979108
2587 0.47021614
2588 0.45347971
2589 0.43760695
2590 0.35969472
2591 0.36853165
2592 0.41654747
2593 0.36414264
2594 0.39478362
2595 0.41159578
2596 0.33395041
2597 0.40256145
2598 0.43278132
2599 0.45938115
2600 0.40516898
2601 0.44687224
2602 0.49867577
2603 0.46097931
2604 0.51270624
2605 0.55181362
2606 0.46854722
2607 0.50274351
2608 0.48049085
2609 0.46972799
2610 0.45503670
2611 0.44976825
2612 0.43978376
2613 0.40748975
2614 0.46825083
2615 0.40504629
2616 0.43139894
2617 0.41182418
2618 0.39452236
2619 0.38701553
2620 0.43139815
2621 0.50189320
2622 0.46991705
2623 0.51926549
2624 0.61848924
2625 0.55181362
2626 0.73747538
2627 0.71091807
2628 0.62438613
2629 0.56137920
2630 0.63307453
2631 0.57768096
2632 0.58104022
2633 0.61388890
2634 0.52484866
2635 0.56686147
2636 0.51578131
2637 0.52448568
2638 0.58331909
2639 0.56345526
2640 0.50788311
2641 0.56402133
2642 0.58840481
2643 0.68930193
2644 0.71653100
2645 0.70037295
2646 0.73747538
2647 0.60483159
2648 0.55698151
2649 0.49914004
2650 0.44923559
2651 0.53106522
2652 0.49555306
2653 0.37332713
2654 0.50418262
2655 0.40099159
2656 0.35338191
2657 0.35890806
2658 0.43411215
2659 0.42870076
2660 0.41526630
2661 0.44439754
2662 0.51001548
2663 0.47375740
2664 0.49198972
2665 0.44710623
2666 0.56769023
2667 0.60483159
2668 0.70694268
2669 0.54983838
2670 0.56629950
2671 0.54731967
2672 0.48736744
2673 0.50383886
2674 0.41290557
2675 0.41539024
2676 0.41798231
2677 0.46968443
2678 0.43852947
2679 0.42172794
2680 0.50550339
2681 0.43319252
2682 0.42625845
2683 0.54823783
2684 0.44140674
2685 0.49303667
2686 0.51591368
2687 0.72142804
2688 0.70694268
2689 0.54348160
2690 0.47282492
2691 0.49315747
2692 0.45579815
2693 0.40787363
2694 0.39407397
2695 0.46291729
2696 0.36117278
2697 0.31342079
2698 0.28264602
2699 0.38389410
2700 0.35375720
2701 0.39153638
2702 0.39526007
2703 0.41911529
2704 0.35393780
2705 0.43085834
2706 0.43900810
2707 0.47737497
2708 0.53758213
2709 0.54348160
2710 0.59449351
2711 0.59386544
2712 0.43292829
2713 0.48672090
2714 0.37865032
2715 0.41435773
2716 0.41765218
2717 0.40072788
2718 0.44790514
2719 0.41618528
2720 0.33237043
2721 0.40796023
2722 0.37354714
2723 0.43441099
2724 0.39529308
2725 0.34225414
2726 0.50018849
2727 0.55703394
2728 0.56247077
2729 0.49504116
2730 0.59449351
2731 0.43974628
2732 0.48635082
2733 0.49160931
2734 0.45610171
2735 0.38861374
2736 0.31860937
2737 0.31105838
2738 0.30670369
2739 0.34615889
2740 0.37116600
2741 0.39778383
2742 0.39172052
2743 0.33732034
2744 0.36726895
2745 0.37713755
2746 0.36814567
2747 0.36235084
2748 0.41242303
2749 0.39185437
2750 0.42197616
2751 0.43974628
2752 0.45628657
2753 0.42896841
2754 0.37604099
2755 0.44745083
2756 0.38873931
2757 0.40337788
2758 0.42176027
2759 0.42359556
2760 0.40007801
2761 0.40252429
2762 0.35490671
2763 0.39786004
2764 0.43013748
2765 0.34186821
2766 0.43514820
2767 0.45510325
2768 0.41072179
2769 0.42402511
2770 0.46246210
2771 0.47878450
2772 0.45628657
2773 0.48803334
2774 0.44089226
2775 0.39481444
2776 0.41783899
2777 0.36570804
2778 0.40474787
2779 0.42201343
2780 0.39038983
2781 0.48957193
2782 0.38820928
2783 0.38287017
2784 0.42849469
2785 0.49863209
2786 0.40328836
2787 0.46918549
2788 0.35724705
2789 0.41278481
2790 0.37471284
2791 0.49119416
2792 0.42344890
2793 0.48803334
2794 0.44098414
2795 0.38316601
2796 0.40526033
2797 0.42030803
2798 0.35629488
2799 0.40937788
2800 0.39675982
2801 0.38748477
2802 0.32060556
2803 0.35405751
2804 0.34683171
2805 0.42957141
2806 0.34628794
2807 0.41058936
2808 0.24911419
2809 0.40023509
2810 0.42442269
2811 0.42539582
2812 0.42723170
2813 0.42185913
2814 0.44098414
2815 0.49961578
2816 0.54172181
2817 0.45868159
2818 0.45802916
2819 0.48391620
2820 0.44425667
2821 0.42506104
2822 0.47774163
2823 0.55929871
2824 0.44010170
2825 0.48304547
2826 0.50303861
2827 0.48934225
2828 0.44159810
2829 0.37472459
2830 0.42523398
2831 0.45434522
2832 0.43454074
2833 0.55363198
2834 0.37190138
2835 0.49961578
2836 0.48545234
2837 0.52184838
2838 0.51301401
2839 0.44568931
2840 0.40351963
2841 0.41492778
2842 0.37599593
2843 0.45795981
2844 0.37490459
2845 0.36662737
2846 0.46779990
2847 0.44823092
2848 0.35965452
2849 0.40539484
2850 0.32607574
2851 0.45026113
2852 0.40775418
2853 0.42127149
2854 0.50931538
2855 0.44511559
2856 0.48545234
2857 0.66882187
2858 0.59761817
2859 0.56362320
2860 0.55561245
2861 0.55324825
2862 0.53333750
2863 0.51161635
2864 0.46997435
2865 0.49072844
2866 0.51501323
2867 0.49395616
2868 0.49060428
2869 0.49476326
2870 0.49550674
2871 0.53296203
2872 0.44888243
2873 0.57561614
2874 0.52897192
2875 0.73785991
2876 0.56616282
2877 0.66882187
2878 0.69925550
2879 0.56471432
2880 0.55044672
2881 0.63503479
2882 0.55875557
2883 0.49102070
2884 0.52076861
2885 0.48425395
2886 0.48116935
2887 0.44380664
2888 0.46773442
2889 0.50356183
2890 0.47170936
2891 0.45763092
2892 0.50849275
2893 0.50882241
2894 0.53108721
2895 0.57109591
2896 0.51460586
2897 0.58063839
2898 0.69925550
2899 0.59249448
2900 0.69689686
2901 0.65690202
2902 0.56773568
2903 0.46173428
2904 0.51546238
2905 0.48420186
2906 0.50377995
2907 0.49631563
2908 0.55802778
2909 0.48096564
2910 0.46948995
2911 0.50270983
2912 0.53752147
2913 0.47038317
2914 0.53886477
2915 0.61151473
2916 0.63852516
2917 0.62909360
2918 0.69105289
2919 0.59249448
2920 0.62604235
2921 0.60734503
2922 0.53912975
2923 0.49773914
2924 0.53279388
2925 0.57570334
2926 0.50904423
2927 0.48944649
2928 0.51444134
2929 0.49725331
2930 0.45079816
2931 0.45001483
2932 0.54762165
2933 0.52789792
2934 0.54694722
2935 0.57195664
2936 0.54785210
2937 0.57976691
2938 0.59447880
2939 0.69841659
2940 0.62604235
2941 0.58734129
2942 0.51924292
2943 0.47934087
2944 0.46925519
2945 0.45177248
2946 0.47395823
2947 0.43051650
2948 0.50832277
2949 0.34585680
2950 0.40649793
2951 0.41033619
2952 0.47777157
2953 0.41154885
2954 0.47944397
2955 0.38585282
2956 0.48074029
2957 0.49706695
2958 0.46831849
2959 0.53964179
2960 0.55177390
2961 0.58734129
2962 0.50422613
2963 0.51926648
2964 0.48622488
2965 0.46419899
2966 0.40165587
2967 0.45381536
2968 0.48397945
2969 0.48795324
2970 0.38423687
2971 0.47434596
2972 0.48907173
2973 0.46906142
2974 0.45738511
2975 0.45274272
2976 0.45179899
2977 0.45554402
2978 0.54627948
2979 0.52838277
2980 0.52675600
2981 0.53610890
2982 0.50422613
2983 0.39704498
2984 0.43451672
2985 0.46002022
2986 0.40161399
2987 0.47011352
2988 0.38659140
2989 0.42833337
2990 0.36227002
2991 0.49881479
2992 0.35083367
2993 0.41283248
2994 0.37899392
2995 0.41581903
2996 0.42043893
2997 0.41375944
2998 0.43462148
2999 0.39688600
3000 0.36803022
3001 0.45729929
3002 0.44666403
3003 0.39704498
3004 0.43940392
3005 0.46424620
3006 0.45627176
3007 0.51014819
3008 0.40059704
3009 0.46849381
3010 0.44366268
3011 0.42313470
3012 0.46945124
3013 0.39295192
3014 0.39095841
3015 0.43915088
3016 0.40866439
3017 0.41053237
3018 0.50169994
3019 0.42235859
3020 0.42400928
3021 0.45089154
3022 0.43630877
3023 0.44064201
3024 0.43940392
