index DenDen_momentum
1 143.78780796
2 143.87195937
3 143.80662607
4 143.93434640
5 143.88491288
6 143.73192858
7 143.85040382
8 144.00650286
9 143.92481183
10 143.93311438
11 143.76504427
12 143.91187931
13 143.94562005
14 143.86472279
15 143.93330097
16 143.92779288
17 143.99677065
18 143.83260668
19 143.80424997
20 143.90844886
21 143.78780796
22 0.36170862
23 0.45875216
24 0.35880580
25 0.40481705
26 0.36309232
27 0.41298279
28 0.38665372
29 0.44666943
30 0.35288775
31 0.30269231
32 0.34491905
33 0.34413830
34 0.37731571
35 0.44182575
36 0.40084684
37 0.37081874
38 0.32787386
39 0.31793571
40 0.47000761
41 0.32414164
42 0.36170862
43 0.53015474
44 0.49588302
45 0.41756687
46 0.37933322
47 0.44342842
48 0.41196563
49 0.40497760
50 0.43564657
51 0.38096600
52 0.39494167
53 0.41401594
54 0.36539021
55 0.44381078
56 0.41942135
57 0.39611973
58 0.34599447
59 0.45389006
60 0.44061480
61 0.42286212
62 0.39478986
63 0.53015474
64 0.55477897
65 0.46690009
66 0.40984882
67 0.42058796
68 0.52193148
69 0.42958122
70 0.37210736
71 0.45587852
72 0.34906813
73 0.42451658
74 0.40983113
75 0.30975691
76 0.36724522
77 0.47973205
78 0.40343620
79 0.37302784
80 0.38574312
81 0.50571258
82 0.42630625
83 0.45944948
84 0.55477897
85 0.54298249
86 0.56980400
87 0.55091333
88 0.54372328
89 0.51332571
90 0.48737668
91 0.45231376
92 0.51695842
93 0.39541087
94 0.47537215
95 0.47493413
96 0.45475357
97 0.44915416
98 0.45498326
99 0.53517571
100 0.46516649
101 0.48196039
102 0.53375517
103 0.52041796
104 0.61957119
105 0.54298249
106 0.63883693
107 0.56078112
108 0.55622762
109 0.44192329
110 0.53458122
111 0.45757350
112 0.47900561
113 0.49540334
114 0.41206040
115 0.40376999
116 0.41472840
117 0.45053295
118 0.36174340
119 0.49197716
120 0.34779627
121 0.40617292
122 0.41207152
123 0.44901718
124 0.55415754
125 0.50224845
126 0.63883693
127 0.66301354
128 0.54845984
129 0.41492953
130 0.50502257
131 0.48272013
132 0.33041063
133 0.36526065
134 0.36669635
135 0.34991436
136 0.37554687
137 0.44792309
138 0.37169207
139 0.32425833
140 0.50217062
141 0.34124633
142 0.43729929
143 0.40824264
144 0.37878192
145 0.55872802
146 0.50396046
147 0.66301354
148 0.63883693
149 0.56078112
150 0.55622762
151 0.44192329
152 0.53458122
153 0.45757350
154 0.47900561
155 0.49540334
156 0.41206040
157 0.40376999
158 0.41472840
159 0.45053295
160 0.36174340
161 0.49197716
162 0.34779627
163 0.40617292
164 0.41207152
165 0.44901718
166 0.55415754
167 0.50224845
168 0.63883693
169 0.54298249
170 0.56980400
171 0.55091333
172 0.54372328
173 0.51332571
174 0.48737668
175 0.45231376
176 0.51695842
177 0.39541087
178 0.47537215
179 0.47493413
180 0.45475357
181 0.44915416
182 0.45498326
183 0.53517571
184 0.46516649
185 0.48196039
186 0.53375517
187 0.52041796
188 0.61957119
189 0.54298249
190 0.55477897
191 0.46690009
192 0.40984882
193 0.42058796
194 0.52193148
195 0.42958122
196 0.37210736
197 0.45587852
198 0.34906813
199 0.42451658
200 0.40983113
201 0.30975691
202 0.36724522
203 0.47973205
204 0.40343620
205 0.37302784
206 0.38574312
207 0.50571258
208 0.42630625
209 0.45944948
210 0.55477897
211 0.53015474
212 0.49588302
213 0.41756687
214 0.37933322
215 0.44342842
216 0.41196563
217 0.40497760
218 0.43564657
219 0.38096600
220 0.39494167
221 0.41401594
222 0.36539021
223 0.44381078
224 0.41942135
225 0.39611973
226 0.34599447
227 0.45389006
228 0.44061480
229 0.42286212
230 0.39478986
231 0.53015474
232 0.36170862
233 0.45875216
234 0.35880580
235 0.40481705
236 0.36309232
237 0.41298279
238 0.38665372
239 0.44666943
240 0.35288775
241 0.30269231
242 0.34491905
243 0.34413830
244 0.37731571
245 0.44182575
246 0.40084684
247 0.37081874
248 0.32787386
249 0.31793571
250 0.47000761
251 0.32414164
252 0.36170862
253 0.39380999
254 0.45332541
255 0.32699670
256 0.43899671
257 0.38262264
258 0.43054456
259 0.43631919
260 0.38755481
261 0.36144742
262 0.44223100
263 0.35512894
264 0.42450071
265 0.47664191
266 0.34844984
267 0.32531270
268 0.48219473
269 0.48343839
270 0.51651403
271 0.39243660
272 0.45319339
273 0.39380999
274 0.38738439
275 0.45338321
276 0.43002223
277 0.34567079
278 0.36639921
279 0.34587857
280 0.36110225
281 0.29498204
282 0.42297671
283 0.41771850
284 0.39050575
285 0.33928364
286 0.33435711
287 0.30815460
288 0.39764100
289 0.42066775
290 0.30381245
291 0.37836276
292 0.39302083
293 0.31224580
294 0.38738439
295 0.44589962
296 0.42747388
297 0.42150489
298 0.41271507
299 0.41657994
300 0.40430947
301 0.34905615
302 0.46495342
303 0.35360410
304 0.44704323
305 0.35777971
306 0.44252036
307 0.38728081
308 0.37420379
309 0.39149787
310 0.39334163
311 0.50005021
312 0.44072094
313 0.43715897
314 0.40442922
315 0.44589962
316 0.57954469
317 0.51654443
318 0.54092680
319 0.53780071
320 0.42740258
321 0.55137710
322 0.49215492
323 0.51983502
324 0.43460164
325 0.50022888
326 0.41480973
327 0.46101964
328 0.46271422
329 0.46533364
330 0.48360614
331 0.51745247
332 0.45031807
333 0.52348923
334 0.52432316
335 0.49912192
336 0.57954469
337 0.48532742
338 0.45767781
339 0.49985005
340 0.47018390
341 0.43767702
342 0.40000464
343 0.41927889
344 0.39214381
345 0.42255550
346 0.39688648
347 0.31694623
348 0.42515677
349 0.34722958
350 0.33626806
351 0.48205237
352 0.39778529
353 0.41271382
354 0.40905906
355 0.51073391
356 0.49006882
357 0.48532742
358 0.70875520
359 0.54325791
360 0.52626142
361 0.56674748
362 0.47423237
363 0.46533085
364 0.50888128
365 0.42770182
366 0.52903948
367 0.40849947
368 0.45247082
369 0.39966641
370 0.46050275
371 0.45102676
372 0.49585295
373 0.43581638
374 0.49318919
375 0.44475695
376 0.52675484
377 0.52326081
378 0.70875520
379 0.62897094
380 0.56263948
381 0.54452750
382 0.50268691
383 0.45671796
384 0.52072377
385 0.43970784
386 0.48992940
387 0.46190718
388 0.43415441
389 0.43218375
390 0.43885072
391 0.43969802
392 0.41054219
393 0.46815925
394 0.49718015
395 0.52183495
396 0.52861131
397 0.56532682
398 0.52914385
399 0.62897094
400 0.57418094
401 0.61197919
402 0.53024305
403 0.46754177
404 0.49324229
405 0.52008723
406 0.51068944
407 0.47048682
408 0.43701046
409 0.47620279
410 0.48112374
411 0.45909211
412 0.50974174
413 0.48279584
414 0.45950323
415 0.46404863
416 0.48369532
417 0.52535615
418 0.57615297
419 0.59700715
420 0.57418094
421 0.68108123
422 0.59493807
423 0.62227205
424 0.50513189
425 0.50328764
426 0.50679054
427 0.51128771
428 0.58617480
429 0.53449644
430 0.49435806
431 0.52127093
432 0.49639982
433 0.48423630
434 0.48839334
435 0.51354225
436 0.45839842
437 0.57223370
438 0.55469096
439 0.58349830
440 0.63419042
441 0.68108123
442 0.53931826
443 0.48219999
444 0.47740670
445 0.44262887
446 0.39637754
447 0.39009093
448 0.34088093
449 0.39508502
450 0.32554101
451 0.37914714
452 0.35230191
453 0.33864801
454 0.40901981
455 0.35636307
456 0.37385462
457 0.37569063
458 0.47833852
459 0.36223006
460 0.45969814
461 0.49601428
462 0.53931826
463 0.39299753
464 0.44403852
465 0.50618650
466 0.43886777
467 0.49485815
468 0.46508486
469 0.47382258
470 0.42516540
471 0.39875727
472 0.43328074
473 0.46934179
474 0.44580731
475 0.51389084
476 0.49254603
477 0.44352831
478 0.39175491
479 0.44381226
480 0.43916410
481 0.46720716
482 0.43997351
483 0.39299753
484 0.42980653
485 0.43883700
486 0.45887016
487 0.35529496
488 0.44412124
489 0.30050934
490 0.38248128
491 0.32620252
492 0.43428545
493 0.29149151
494 0.33602910
495 0.35650050
496 0.40875654
497 0.35776159
498 0.44996257
499 0.36359003
500 0.47967350
501 0.44087137
502 0.32013289
503 0.34385139
504 0.42980653
505 0.45527751
506 0.45031550
507 0.45168539
508 0.41173895
509 0.43120381
510 0.45916811
511 0.48557791
512 0.43798835
513 0.44290906
514 0.49878460
515 0.35518242
516 0.39865210
517 0.42479217
518 0.37391410
519 0.38919273
520 0.39399928
521 0.46441441
522 0.43060039
523 0.41081552
524 0.52956167
525 0.45527751
526 0.48480163
527 0.53964087
528 0.46171059
529 0.51331266
530 0.44469024
531 0.50662961
532 0.44392338
533 0.42804531
534 0.48804934
535 0.46229132
536 0.41589249
537 0.38873670
538 0.41384178
539 0.37688493
540 0.44328019
541 0.47070263
542 0.49890958
543 0.48907142
544 0.49085504
545 0.43644907
546 0.48480163
547 0.64531168
548 0.52341316
549 0.49925418
550 0.52876540
551 0.47937740
552 0.56364940
553 0.47178368
554 0.47008409
555 0.38236073
556 0.40905136
557 0.53547835
558 0.48865793
559 0.44380433
560 0.47573810
561 0.45824591
562 0.51651996
563 0.49754865
564 0.47571643
565 0.56978301
566 0.56372389
567 0.64531168
568 0.55529211
569 0.42033365
570 0.47777899
571 0.50362795
572 0.40804462
573 0.43667432
574 0.47491757
575 0.28337777
576 0.39518020
577 0.39125145
578 0.40966419
579 0.38382482
580 0.38079414
581 0.42304219
582 0.39969461
583 0.43079950
584 0.39987391
585 0.43308570
586 0.52970892
587 0.49099323
588 0.55529211
589 0.69387866
590 0.59967349
591 0.47139097
592 0.51682397
593 0.47076997
594 0.52136577
595 0.48382239
596 0.47391067
597 0.51248466
598 0.43314760
599 0.42700555
600 0.45865631
601 0.39822777
602 0.46868297
603 0.51701826
604 0.48827532
605 0.47027631
606 0.56216040
607 0.63853730
608 0.61874594
609 0.69387866
610 0.66022908
611 0.58598225
612 0.55079579
613 0.54356737
614 0.50074613
615 0.52148669
616 0.55034547
617 0.48444209
618 0.48151766
619 0.47402415
620 0.45432752
621 0.51240163
622 0.41426666
623 0.45465401
624 0.44966955
625 0.58127926
626 0.47228176
627 0.57153237
628 0.62493972
629 0.70504071
630 0.66022908
631 0.68855534
632 0.61452763
633 0.56140182
634 0.50513970
635 0.55144105
636 0.47900526
637 0.58128676
638 0.43163575
639 0.44740729
640 0.48693803
641 0.43597236
642 0.45453342
643 0.47032993
644 0.49892230
645 0.48651748
646 0.54077841
647 0.47775442
648 0.49920439
649 0.64134577
650 0.61081276
651 0.68855534
652 0.68766778
653 0.59021628
654 0.54339957
655 0.53155117
656 0.57790657
657 0.51015211
658 0.51977094
659 0.40033043
660 0.47363043
661 0.40699902
662 0.41958968
663 0.49333981
664 0.48469802
665 0.44420920
666 0.47484270
667 0.44823588
668 0.53574963
669 0.43564579
670 0.59825115
671 0.65162665
672 0.68766778
673 0.67404822
674 0.55956927
675 0.58345232
676 0.55240420
677 0.42868769
678 0.56889531
679 0.54619411
680 0.40935570
681 0.52768694
682 0.48128446
683 0.45795738
684 0.45767086
685 0.47626861
686 0.56156808
687 0.50135047
688 0.51387906
689 0.44290054
690 0.50349663
691 0.52738529
692 0.61626866
693 0.67404822
694 0.52986562
695 0.59752436
696 0.47386195
697 0.40843873
698 0.49894950
699 0.50845613
700 0.40026204
701 0.43254511
702 0.34102935
703 0.39334016
704 0.34753852
705 0.37895950
706 0.41694520
707 0.42082796
708 0.39218972
709 0.42792836
710 0.42917882
711 0.39504267
712 0.49977277
713 0.54770874
714 0.52986562
715 0.50691695
716 0.45140639
717 0.42919234
718 0.47500169
719 0.33268105
720 0.36196809
721 0.33645820
722 0.41793125
723 0.36750182
724 0.41391249
725 0.41383451
726 0.37094131
727 0.36750064
728 0.41700619
729 0.43554795
730 0.45930708
731 0.36767901
732 0.42278203
733 0.38607111
734 0.38554774
735 0.50691695
736 0.43168824
737 0.52341560
738 0.42355914
739 0.37107854
740 0.43547394
741 0.38377984
742 0.41541832
743 0.40905824
744 0.40799169
745 0.42340145
746 0.41286805
747 0.40037113
748 0.43336870
749 0.39977278
750 0.40611467
751 0.44107639
752 0.40942004
753 0.48806784
754 0.46954763
755 0.45875467
756 0.43168824
757 0.57962114
758 0.48324481
759 0.46062199
760 0.35680706
761 0.41979416
762 0.36841238
763 0.39421150
764 0.45020679
765 0.32845661
766 0.40404390
767 0.37177434
768 0.37002041
769 0.41938478
770 0.41388031
771 0.37408953
772 0.35409812
773 0.43145572
774 0.44913416
775 0.41506475
776 0.41284647
777 0.57962114
778 0.48932835
779 0.58498672
780 0.60971204
781 0.58027453
782 0.45763633
783 0.47457854
784 0.46180128
785 0.51500926
786 0.44916867
787 0.44951397
788 0.42964489
789 0.40791083
790 0.49016091
791 0.52969515
792 0.51239487
793 0.56112696
794 0.49737494
795 0.43398893
796 0.52856730
797 0.59674648
798 0.48932835
799 0.66105307
800 0.62279830
801 0.56671956
802 0.57486725
803 0.55572377
804 0.57518705
805 0.50201932
806 0.53879052
807 0.49365571
808 0.57525786
809 0.56831840
810 0.49997439
811 0.57154724
812 0.53604778
813 0.52866544
814 0.53678256
815 0.58599072
816 0.54603268
817 0.66621459
818 0.61701240
819 0.66105307
820 0.72355161
821 0.60673226
822 0.51645555
823 0.53796138
824 0.50684384
825 0.47782699
826 0.52403358
827 0.49767165
828 0.53454476
829 0.47017980
830 0.44150958
831 0.41364617
832 0.49339214
833 0.51076881
834 0.46405112
835 0.40008506
836 0.51876910
837 0.56384488
838 0.58553361
839 0.63149168
840 0.72355161
841 0.80930911
842 0.76082035
843 0.69174024
844 0.56410761
845 0.71808627
846 0.53437825
847 0.60049083
848 0.49090516
849 0.54084723
850 0.52374026
851 0.54761097
852 0.48946347
853 0.56543981
854 0.52426499
855 0.62606458
856 0.58016520
857 0.56225173
858 0.56985865
859 0.62343253
860 0.73339959
861 0.80930911
862 0.77157251
863 0.75075066
864 0.63790681
865 0.68484631
866 0.58928418
867 0.59555330
868 0.53349065
869 0.56289207
870 0.61750135
871 0.52913343
872 0.53895323
873 0.54480494
874 0.53550757
875 0.63410730
876 0.57157047
877 0.50551761
878 0.61018325
879 0.60693579
880 0.65804690
881 0.69107441
882 0.77157251
883 0.72197486
884 0.60744910
885 0.59363858
886 0.53879159
887 0.48622270
888 0.51238882
889 0.42523414
890 0.35032258
891 0.43145405
892 0.45201287
893 0.34590164
894 0.45868229
895 0.42767061
896 0.42181808
897 0.39784250
898 0.42520038
899 0.45750688
900 0.49927873
901 0.57899668
902 0.50993048
903 0.72197486
904 0.54746343
905 0.55573572
906 0.53139842
907 0.52301938
908 0.43636431
909 0.46546198
910 0.45513794
911 0.46536266
912 0.47742203
913 0.44519307
914 0.43662245
915 0.40940537
916 0.40712110
917 0.36760410
918 0.43049158
919 0.49524644
920 0.56155877
921 0.51697832
922 0.56034445
923 0.58755337
924 0.54746343
925 0.67426043
926 0.56110459
927 0.54944883
928 0.52886449
929 0.46030419
930 0.46823914
931 0.49405500
932 0.32514382
933 0.35558892
934 0.45759929
935 0.46990132
936 0.41408899
937 0.36893587
938 0.40877856
939 0.49315306
940 0.50758315
941 0.51415819
942 0.55738622
943 0.57970978
944 0.57248851
945 0.67426043
946 0.59704018
947 0.58044956
948 0.46603078
949 0.44021576
950 0.46927396
951 0.37125664
952 0.41418815
953 0.35115267
954 0.46322278
955 0.39270597
956 0.32848233
957 0.42760140
958 0.43313698
959 0.44994095
960 0.43561871
961 0.41996883
962 0.49386990
963 0.51353903
964 0.53847141
965 0.58812223
966 0.59704018
967 0.47917999
968 0.50635008
969 0.47924611
970 0.38107475
971 0.44885218
972 0.44670294
973 0.48811756
974 0.41200597
975 0.49113027
976 0.40272690
977 0.47116481
978 0.40489483
979 0.43255270
980 0.55388987
981 0.33667379
982 0.47133569
983 0.43058009
984 0.45891461
985 0.53070677
986 0.57652664
987 0.47917999
988 0.56235221
989 0.52428291
990 0.49110704
991 0.44444480
992 0.43744791
993 0.45922704
994 0.45127778
995 0.43198424
996 0.48671250
997 0.47044914
998 0.46033803
999 0.55575138
1000 0.48039514
1001 0.38815755
1002 0.48844525
1003 0.38993669
1004 0.53252296
1005 0.46023029
1006 0.47484699
1007 0.53592377
1008 0.56235221
1009 0.56446916
1010 0.55205106
1011 0.52904084
1012 0.45252465
1013 0.50977882
1014 0.45580520
1015 0.39945152
1016 0.49823294
1017 0.47533504
1018 0.41818509
1019 0.27475446
1020 0.48924003
1021 0.41460024
1022 0.35326000
1023 0.44735392
1024 0.45548476
1025 0.44251016
1026 0.46042421
1027 0.50282265
1028 0.50167832
1029 0.56446916
1030 0.54113829
1031 0.48441499
1032 0.46366719
1033 0.42845827
1034 0.43526276
1035 0.39956899
1036 0.41948041
1037 0.37078559
1038 0.36739433
1039 0.37634820
1040 0.38215396
1041 0.32591761
1042 0.41106270
1043 0.39559849
1044 0.41023561
1045 0.41774821
1046 0.41698003
1047 0.44617028
1048 0.51116011
1049 0.51405070
1050 0.54113829
1051 0.60122691
1052 0.67451696
1053 0.61378852
1054 0.53526011
1055 0.52381917
1056 0.50775253
1057 0.44733961
1058 0.45298056
1059 0.47005273
1060 0.40354964
1061 0.50817927
1062 0.45884691
1063 0.44446461
1064 0.48734084
1065 0.42996720
1066 0.47089145
1067 0.40113064
1068 0.46298224
1069 0.63523911
1070 0.56997394
1071 0.60122691
1072 0.63798976
1073 0.64457213
1074 0.64577253
1075 0.63278339
1076 0.61406775
1077 0.49334071
1078 0.48643105
1079 0.53484353
1080 0.47797980
1081 0.48231573
1082 0.54353020
1083 0.52774381
1084 0.49429965
1085 0.53710367
1086 0.49023427
1087 0.54503134
1088 0.59538768
1089 0.56180263
1090 0.63402266
1091 0.70264675
1092 0.63798976
1093 0.69806434
1094 0.71181718
1095 0.61467736
1096 0.58954190
1097 0.54580750
1098 0.58144110
1099 0.51976767
1100 0.54716519
1101 0.54663934
1102 0.46961361
1103 0.49181488
1104 0.50999597
1105 0.52582066
1106 0.45210851
1107 0.55407235
1108 0.49729124
1109 0.56404224
1110 0.51311188
1111 0.59524333
1112 0.64483009
1113 0.69806434
1114 0.64820640
1115 0.63037719
1116 0.45904152
1117 0.45920119
1118 0.37545021
1119 0.50788655
1120 0.38223428
1121 0.43655924
1122 0.44764306
1123 0.41340702
1124 0.40107154
1125 0.39932857
1126 0.39051331
1127 0.42708089
1128 0.38798861
1129 0.44706596
1130 0.47285057
1131 0.55299516
1132 0.47971189
1133 0.58388721
1134 0.64820640
1135 0.84004134
1136 0.73433645
1137 0.65062765
1138 0.57085487
1139 0.62032037
1140 0.54337478
1141 0.48623575
1142 0.48780494
1143 0.48109463
1144 0.49221461
1145 0.54281629
1146 0.49928520
1147 0.53553074
1148 0.51518830
1149 0.52076027
1150 0.55680178
1151 0.59631427
1152 0.54948950
1153 0.71096211
1154 0.69589455
1155 0.84004134
1156 0.92325068
1157 0.84601035
1158 0.76457800
1159 0.62447425
1160 0.62603499
1161 0.59604681
1162 0.61428337
1163 0.58260565
1164 0.64604519
1165 0.69248285
1166 0.60734980
1167 0.58677911
1168 0.58681166
1169 0.64549694
1170 0.60388863
1171 0.65123843
1172 0.70005393
1173 0.66950020
1174 0.65028655
1175 0.82399978
1176 0.92325068
1177 0.81959366
1178 0.75634396
1179 0.71581878
1180 0.67616751
1181 0.68129479
1182 0.59947420
1183 0.55889994
1184 0.64878807
1185 0.51625109
1186 0.58275670
1187 0.51652563
1188 0.59539986
1189 0.50459419
1190 0.53976972
1191 0.56616881
1192 0.65270140
1193 0.51885774
1194 0.62515106
1195 0.68214865
1196 0.71690180
1197 0.81959366
1198 0.66468010
1199 0.58333680
1200 0.63821819
1201 0.53335640
1202 0.51792635
1203 0.44255456
1204 0.48483357
1205 0.45864658
1206 0.41950401
1207 0.44959039
1208 0.48100013
1209 0.44478399
1210 0.49629232
1211 0.52205177
1212 0.41101535
1213 0.51594388
1214 0.53913619
1215 0.60770908
1216 0.56998419
1217 0.61889221
1218 0.66468010
1219 0.60555000
1220 0.55246600
1221 0.53399547
1222 0.52609784
1223 0.48310261
1224 0.50368666
1225 0.39049375
1226 0.45129170
1227 0.43442129
1228 0.38767534
1229 0.44039608
1230 0.50212141
1231 0.42893997
1232 0.49667847
1233 0.45891048
1234 0.46237434
1235 0.52972627
1236 0.56469176
1237 0.54911374
1238 0.54555987
1239 0.60555000
1240 0.51985826
1241 0.55780066
1242 0.46310381
1243 0.45938264
1244 0.48794724
1245 0.48061521
1246 0.45342501
1247 0.41771438
1248 0.39777865
1249 0.41550574
1250 0.37727259
1251 0.37782826
1252 0.31726115
1253 0.40547377
1254 0.40738768
1255 0.52051475
1256 0.51391578
1257 0.53342710
1258 0.46289731
1259 0.49169008
1260 0.51985826
1261 0.69163038
1262 0.58735254
1263 0.52280779
1264 0.52968932
1265 0.55587356
1266 0.50414903
1267 0.43565047
1268 0.54383077
1269 0.48619261
1270 0.43791500
1271 0.41254428
1272 0.48648369
1273 0.52443509
1274 0.57833113
1275 0.48525288
1276 0.45814597
1277 0.48145089
1278 0.45980977
1279 0.57608035
1280 0.69721427
1281 0.69163038
1282 0.57714173
1283 0.51466168
1284 0.51890115
1285 0.54067348
1286 0.42425309
1287 0.43488266
1288 0.44776374
1289 0.44323686
1290 0.36456919
1291 0.42125787
1292 0.34169364
1293 0.43977033
1294 0.36042118
1295 0.40436973
1296 0.36041788
1297 0.36200307
1298 0.40558052
1299 0.45281624
1300 0.56841016
1301 0.54776951
1302 0.57714173
1303 0.59101925
1304 0.49368806
1305 0.56590369
1306 0.52985282
1307 0.43602633
1308 0.52112046
1309 0.43171785
1310 0.36351733
1311 0.34911529
1312 0.37631820
1313 0.45009563
1314 0.44582622
1315 0.40008849
1316 0.36719076
1317 0.46370639
1318 0.40509383
1319 0.44020522
1320 0.48853300
1321 0.50575535
1322 0.53655104
1323 0.59101925
1324 0.71819984
1325 0.67817202
1326 0.56176428
1327 0.57280507
1328 0.48885794
1329 0.49257013
1330 0.55709747
1331 0.47824569
1332 0.45509201
1333 0.54891862
1334 0.39275190
1335 0.44873520
1336 0.48208397
1337 0.53317649
1338 0.40874548
1339 0.50388159
1340 0.53251713
1341 0.57477649
1342 0.58859556
1343 0.60844926
1344 0.71819984
1345 0.82931674
1346 0.74524328
1347 0.75846485
1348 0.65811436
1349 0.59861464
1350 0.60653770
1351 0.57529844
1352 0.54298006
1353 0.60690789
1354 0.56922517
1355 0.51741191
1356 0.50698453
1357 0.59023377
1358 0.57623528
1359 0.53094492
1360 0.60955085
1361 0.58420637
1362 0.67303363
1363 0.66352233
1364 0.80709500
1365 0.82931674
1366 0.72964124
1367 0.77768298
1368 0.76678821
1369 0.68254909
1370 0.60850668
1371 0.53199530
1372 0.53463604
1373 0.50641426
1374 0.55863490
1375 0.58311601
1376 0.59655555
1377 0.51044407
1378 0.51243852
1379 0.52465520
1380 0.55276897
1381 0.54399134
1382 0.67210812
1383 0.57485315
1384 0.72803513
1385 0.74407640
1386 0.72964124
1387 0.77740266
1388 0.74191862
1389 0.69259862
1390 0.61877085
1391 0.65767777
1392 0.58505845
1393 0.57198895
1394 0.49491939
1395 0.53656343
1396 0.58234676
1397 0.52363887
1398 0.52978675
1399 0.53231541
1400 0.55829687
1401 0.57991176
1402 0.61635701
1403 0.63869607
1404 0.71275974
1405 0.72618190
1406 0.79201978
1407 0.77740266
1408 1.01890704
1409 0.81665195
1410 0.86715274
1411 0.71442524
1412 0.76432643
1413 0.73110048
1414 0.74704965
1415 0.74080969
1416 0.70880512
1417 0.72396664
1418 0.61087702
1419 0.76178418
1420 0.68377098
1421 0.69517505
1422 0.76628125
1423 0.77731778
1424 0.81549577
1425 0.82702872
1426 0.89644644
1427 0.90136520
1428 1.01890704
1429 0.85240660
1430 0.74296169
1431 0.75866161
1432 0.67602559
1433 0.61129451
1434 0.64461544
1435 0.57626854
1436 0.55349289
1437 0.55855177
1438 0.56376790
1439 0.52726758
1440 0.56649605
1441 0.66416427
1442 0.55511170
1443 0.58887335
1444 0.52374092
1445 0.59432556
1446 0.70074214
1447 0.66361606
1448 0.69557892
1449 0.85240660
1450 0.81472536
1451 0.69570801
1452 0.68738386
1453 0.68948956
1454 0.66914356
1455 0.53522970
1456 0.58062869
1457 0.52062204
1458 0.53861616
1459 0.53025824
1460 0.59123462
1461 0.47850252
1462 0.49513995
1463 0.57762254
1464 0.58789254
1465 0.67956526
1466 0.65881060
1467 0.68812889
1468 0.69689054
1469 0.69144225
1470 0.81472536
1471 0.59121412
1472 0.53197220
1473 0.46590487
1474 0.48539244
1475 0.50743486
1476 0.36699484
1477 0.48326157
1478 0.42990382
1479 0.39992147
1480 0.36645346
1481 0.35607040
1482 0.40282033
1483 0.43205624
1484 0.35358128
1485 0.47296452
1486 0.44852994
1487 0.41942824
1488 0.45543539
1489 0.48042722
1490 0.59293394
1491 0.59121412
1492 0.56698748
1493 0.50089790
1494 0.48559542
1495 0.52767255
1496 0.42895814
1497 0.51896679
1498 0.36111332
1499 0.33453238
1500 0.41871282
1501 0.39294452
1502 0.34462009
1503 0.37819711
1504 0.39207926
1505 0.38759960
1506 0.37375560
1507 0.41209403
1508 0.45983232
1509 0.54023328
1510 0.46621391
1511 0.46078206
1512 0.56698748
1513 0.59077314
1514 0.54450931
1515 0.35058419
1516 0.47123208
1517 0.26922651
1518 0.39527381
1519 0.29385386
1520 0.25521951
1521 0.35279755
1522 0.32417145
1523 0.40514954
1524 0.24447044
1525 0.29684696
1526 0.38372674
1527 0.33244589
1528 0.28939821
1529 0.32384656
1530 0.45871758
1531 0.42853006
1532 0.45677941
1533 0.59077314
1534 0.65100383
1535 0.60048882
1536 0.60148603
1537 0.54816344
1538 0.53512554
1539 0.47490113
1540 0.48589454
1541 0.48389041
1542 0.44809556
1543 0.53273229
1544 0.52422475
1545 0.52385221
1546 0.49600468
1547 0.46496650
1548 0.46348110
1549 0.47035572
1550 0.45617221
1551 0.51912049
1552 0.57675652
1553 0.58605619
1554 0.65100383
1555 0.69165027
1556 0.66466184
1557 0.51321418
1558 0.52058656
1559 0.54275574
1560 0.47929311
1561 0.52542095
1562 0.46475628
1563 0.44154998
1564 0.46727051
1565 0.39341260
1566 0.41854695
1567 0.50012432
1568 0.48566110
1569 0.45814848
1570 0.52740747
1571 0.52187574
1572 0.59582137
1573 0.63007776
1574 0.61619872
1575 0.69165027
1576 0.76887650
1577 0.65131989
1578 0.56724487
1579 0.55997394
1580 0.49496240
1581 0.43940151
1582 0.43212891
1583 0.44293203
1584 0.45398348
1585 0.47347591
1586 0.45734805
1587 0.45779268
1588 0.48102600
1589 0.45301592
1590 0.44291645
1591 0.49983277
1592 0.55357632
1593 0.54580975
1594 0.64590870
1595 0.62364504
1596 0.76887650
1597 0.79758195
1598 0.81362430
1599 0.81267828
1600 0.61325846
1601 0.60203865
1602 0.58854824
1603 0.60704365
1604 0.57620188
1605 0.48999251
1606 0.56041596
1607 0.52420916
1608 0.58320957
1609 0.49226840
1610 0.50299726
1611 0.50517558
1612 0.62193441
1613 0.58503736
1614 0.59791468
1615 0.80857192
1616 0.81709620
1617 0.79758195
1618 0.79836039
1619 0.78927727
1620 0.65088112
1621 0.62149583
1622 0.57780007
1623 0.57418444
1624 0.53182988
1625 0.58807517
1626 0.52124943
1627 0.45561121
1628 0.48486229
1629 0.50237709
1630 0.41430721
1631 0.47624217
1632 0.46910476
1633 0.55616368
1634 0.54797504
1635 0.69071363
1636 0.60212295
1637 0.77704639
1638 0.79836039
1639 0.95881198
1640 0.82917586
1641 0.75653591
1642 0.72736698
1643 0.63584935
1644 0.64763253
1645 0.67496928
1646 0.69663803
1647 0.59949811
1648 0.59600693
1649 0.70289490
1650 0.59141248
1651 0.63405162
1652 0.58678114
1653 0.58237388
1654 0.69690930
1655 0.79668166
1656 0.70812524
1657 0.78542189
1658 0.86936424
1659 0.95881198
1660 0.79836039
1661 0.78927727
1662 0.65088112
1663 0.62149583
1664 0.57780007
1665 0.57418444
1666 0.53182988
1667 0.58807517
1668 0.52124943
1669 0.45561121
1670 0.48486229
1671 0.50237709
1672 0.41430721
1673 0.47624217
1674 0.46910476
1675 0.55616368
1676 0.54797504
1677 0.69071363
1678 0.60212295
1679 0.77704639
1680 0.79836039
1681 0.79758195
1682 0.81362430
1683 0.81267828
1684 0.61325846
1685 0.60203865
1686 0.58854824
1687 0.60704365
1688 0.57620188
1689 0.48999251
1690 0.56041596
1691 0.52420916
1692 0.58320957
1693 0.49226840
1694 0.50299726
1695 0.50517558
1696 0.62193441
1697 0.58503736
1698 0.59791468
1699 0.80857192
1700 0.81709620
1701 0.79758195
1702 0.76887650
1703 0.65131989
1704 0.56724487
1705 0.55997394
1706 0.49496240
1707 0.43940151
1708 0.43212891
1709 0.44293203
1710 0.45398348
1711 0.47347591
1712 0.45734805
1713 0.45779268
1714 0.48102600
1715 0.45301592
1716 0.44291645
1717 0.49983277
1718 0.55357632
1719 0.54580975
1720 0.64590870
1721 0.62364504
1722 0.76887650
1723 0.69165027
1724 0.66466184
1725 0.51321418
1726 0.52058656
1727 0.54275574
1728 0.47929311
1729 0.52542095
1730 0.46475628
1731 0.44154998
1732 0.46727051
1733 0.39341260
1734 0.41854695
1735 0.50012432
1736 0.48566110
1737 0.45814848
1738 0.52740747
1739 0.52187574
1740 0.59582137
1741 0.63007776
1742 0.61619872
1743 0.69165027
1744 0.65100383
1745 0.60048882
1746 0.60148603
1747 0.54816344
1748 0.53512554
1749 0.47490113
1750 0.48589454
1751 0.48389041
1752 0.44809556
1753 0.53273229
1754 0.52422475
1755 0.52385221
1756 0.49600468
1757 0.46496650
1758 0.46348110
1759 0.47035572
1760 0.45617221
1761 0.51912049
1762 0.57675652
1763 0.58605619
1764 0.65100383
1765 0.69163038
1766 0.58735254
1767 0.52280779
1768 0.52968932
1769 0.55587356
1770 0.50414903
1771 0.43565047
1772 0.54383077
1773 0.48619261
1774 0.43791500
1775 0.41254428
1776 0.48648369
1777 0.52443509
1778 0.57833113
1779 0.48525288
1780 0.45814597
1781 0.48145089
1782 0.45980977
1783 0.57608035
1784 0.69721427
1785 0.69163038
1786 0.56698748
1787 0.50089790
1788 0.48559542
1789 0.52767255
1790 0.42895814
1791 0.51896679
1792 0.36111332
1793 0.33453238
1794 0.41871282
1795 0.39294452
1796 0.34462009
1797 0.37819711
1798 0.39207926
1799 0.38759960
1800 0.37375560
1801 0.41209403
1802 0.45983232
1803 0.54023328
1804 0.46621391
1805 0.46078206
1806 0.56698748
1807 0.59121412
1808 0.53197220
1809 0.46590487
1810 0.48539244
1811 0.50743486
1812 0.36699484
1813 0.48326157
1814 0.42990382
1815 0.39992147
1816 0.36645346
1817 0.35607040
1818 0.40282033
1819 0.43205624
1820 0.35358128
1821 0.47296452
1822 0.44852994
1823 0.41942824
1824 0.45543539
1825 0.48042722
1826 0.59293394
1827 0.59121412
1828 0.81472536
1829 0.69570801
1830 0.68738386
1831 0.68948956
1832 0.66914356
1833 0.53522970
1834 0.58062869
1835 0.52062204
1836 0.53861616
1837 0.53025824
1838 0.59123462
1839 0.47850252
1840 0.49513995
1841 0.57762254
1842 0.58789254
1843 0.67956526
1844 0.65881060
1845 0.68812889
1846 0.69689054
1847 0.69144225
1848 0.81472536
1849 0.85240660
1850 0.74296169
1851 0.75866161
1852 0.67602559
1853 0.61129451
1854 0.64461544
1855 0.57626854
1856 0.55349289
1857 0.55855177
1858 0.56376790
1859 0.52726758
1860 0.56649605
1861 0.66416427
1862 0.55511170
1863 0.58887335
1864 0.52374092
1865 0.59432556
1866 0.70074214
1867 0.66361606
1868 0.69557892
1869 0.85240660
1870 1.01890704
1871 0.81665195
1872 0.86715274
1873 0.71442524
1874 0.76432643
1875 0.73110048
1876 0.74704965
1877 0.74080969
1878 0.70880512
1879 0.72396664
1880 0.61087702
1881 0.76178418
1882 0.68377098
1883 0.69517505
1884 0.76628125
1885 0.77731778
1886 0.81549577
1887 0.82702872
1888 0.89644644
1889 0.90136520
1890 1.01890704
1891 0.77740266
1892 0.74191862
1893 0.69259862
1894 0.61877085
1895 0.65767777
1896 0.58505845
1897 0.57198895
1898 0.49491939
1899 0.53656343
1900 0.58234676
1901 0.52363887
1902 0.52978675
1903 0.53231541
1904 0.55829687
1905 0.57991176
1906 0.61635701
1907 0.63869607
1908 0.71275974
1909 0.72618190
1910 0.79201978
1911 0.77740266
1912 0.72964124
1913 0.77768298
1914 0.76678821
1915 0.68254909
1916 0.60850668
1917 0.53199530
1918 0.53463604
1919 0.50641426
1920 0.55863490
1921 0.58311601
1922 0.59655555
1923 0.51044407
1924 0.51243852
1925 0.52465520
1926 0.55276897
1927 0.54399134
1928 0.67210812
1929 0.57485315
1930 0.72803513
1931 0.74407640
1932 0.72964124
1933 0.82931674
1934 0.74524328
1935 0.75846485
1936 0.65811436
1937 0.59861464
1938 0.60653770
1939 0.57529844
1940 0.54298006
1941 0.60690789
1942 0.56922517
1943 0.51741191
1944 0.50698453
1945 0.59023377
1946 0.57623528
1947 0.53094492
1948 0.60955085
1949 0.58420637
1950 0.67303363
1951 0.66352233
1952 0.80709500
1953 0.82931674
1954 0.71819984
1955 0.67817202
1956 0.56176428
1957 0.57280507
1958 0.48885794
1959 0.49257013
1960 0.55709747
1961 0.47824569
1962 0.45509201
1963 0.54891862
1964 0.39275190
1965 0.44873520
1966 0.48208397
1967 0.53317649
1968 0.40874548
1969 0.50388159
1970 0.53251713
1971 0.57477649
1972 0.58859556
1973 0.60844926
1974 0.71819984
1975 0.59101925
1976 0.49368806
1977 0.56590369
1978 0.52985282
1979 0.43602633
1980 0.52112046
1981 0.43171785
1982 0.36351733
1983 0.34911529
1984 0.37631820
1985 0.45009563
1986 0.44582622
1987 0.40008849
1988 0.36719076
1989 0.46370639
1990 0.40509383
1991 0.44020522
1992 0.48853300
1993 0.50575535
1994 0.53655104
1995 0.59101925
1996 0.57714173
1997 0.51466168
1998 0.51890115
1999 0.54067348
2000 0.42425309
2001 0.43488266
2002 0.44776374
2003 0.44323686
2004 0.36456919
2005 0.42125787
2006 0.34169364
2007 0.43977033
2008 0.36042118
2009 0.40436973
2010 0.36041788
2011 0.36200307
2012 0.40558052
2013 0.45281624
2014 0.56841016
2015 0.54776951
2016 0.57714173
2017 0.56446916
2018 0.55205106
2019 0.52904084
2020 0.45252465
2021 0.50977882
2022 0.45580520
2023 0.39945152
2024 0.49823294
2025 0.47533504
2026 0.41818509
2027 0.27475446
2028 0.48924003
2029 0.41460024
2030 0.35326000
2031 0.44735392
2032 0.45548476
2033 0.44251016
2034 0.46042421
2035 0.50282265
2036 0.50167832
2037 0.56446916
2038 0.51985826
2039 0.55780066
2040 0.46310381
2041 0.45938264
2042 0.48794724
2043 0.48061521
2044 0.45342501
2045 0.41771438
2046 0.39777865
2047 0.41550574
2048 0.37727259
2049 0.37782826
2050 0.31726115
2051 0.40547377
2052 0.40738768
2053 0.52051475
2054 0.51391578
2055 0.53342710
2056 0.46289731
2057 0.49169008
2058 0.51985826
2059 0.60555000
2060 0.55246600
2061 0.53399547
2062 0.52609784
2063 0.48310261
2064 0.50368666
2065 0.39049375
2066 0.45129170
2067 0.43442129
2068 0.38767534
2069 0.44039608
2070 0.50212141
2071 0.42893997
2072 0.49667847
2073 0.45891048
2074 0.46237434
2075 0.52972627
2076 0.56469176
2077 0.54911374
2078 0.54555987
2079 0.60555000
2080 0.66468010
2081 0.58333680
2082 0.63821819
2083 0.53335640
2084 0.51792635
2085 0.44255456
2086 0.48483357
2087 0.45864658
2088 0.41950401
2089 0.44959039
2090 0.48100013
2091 0.44478399
2092 0.49629232
2093 0.52205177
2094 0.41101535
2095 0.51594388
2096 0.53913619
2097 0.60770908
2098 0.56998419
2099 0.61889221
2100 0.66468010
2101 0.81959366
2102 0.75634396
2103 0.71581878
2104 0.67616751
2105 0.68129479
2106 0.59947420
2107 0.55889994
2108 0.64878807
2109 0.51625109
2110 0.58275670
2111 0.51652563
2112 0.59539986
2113 0.50459419
2114 0.53976972
2115 0.56616881
2116 0.65270140
2117 0.51885774
2118 0.62515106
2119 0.68214865
2120 0.71690180
2121 0.81959366
2122 0.92325068
2123 0.84601035
2124 0.76457800
2125 0.62447425
2126 0.62603499
2127 0.59604681
2128 0.61428337
2129 0.58260565
2130 0.64604519
2131 0.69248285
2132 0.60734980
2133 0.58677911
2134 0.58681166
2135 0.64549694
2136 0.60388863
2137 0.65123843
2138 0.70005393
2139 0.66950020
2140 0.65028655
2141 0.82399978
2142 0.92325068
2143 0.84004134
2144 0.73433645
2145 0.65062765
2146 0.57085487
2147 0.62032037
2148 0.54337478
2149 0.48623575
2150 0.48780494
2151 0.48109463
2152 0.49221461
2153 0.54281629
2154 0.49928520
2155 0.53553074
2156 0.51518830
2157 0.52076027
2158 0.55680178
2159 0.59631427
2160 0.54948950
2161 0.71096211
2162 0.69589455
2163 0.84004134
2164 0.64820640
2165 0.63037719
2166 0.45904152
2167 0.45920119
2168 0.37545021
2169 0.50788655
2170 0.38223428
2171 0.43655924
2172 0.44764306
2173 0.41340702
2174 0.40107154
2175 0.39932857
2176 0.39051331
2177 0.42708089
2178 0.38798861
2179 0.44706596
2180 0.47285057
2181 0.55299516
2182 0.47971189
2183 0.58388721
2184 0.64820640
2185 0.69806434
2186 0.71181718
2187 0.61467736
2188 0.58954190
2189 0.54580750
2190 0.58144110
2191 0.51976767
2192 0.54716519
2193 0.54663934
2194 0.46961361
2195 0.49181488
2196 0.50999597
2197 0.52582066
2198 0.45210851
2199 0.55407235
2200 0.49729124
2201 0.56404224
2202 0.51311188
2203 0.59524333
2204 0.64483009
2205 0.69806434
2206 0.63798976
2207 0.64457213
2208 0.64577253
2209 0.63278339
2210 0.61406775
2211 0.49334071
2212 0.48643105
2213 0.53484353
2214 0.47797980
2215 0.48231573
2216 0.54353020
2217 0.52774381
2218 0.49429965
2219 0.53710367
2220 0.49023427
2221 0.54503134
2222 0.59538768
2223 0.56180263
2224 0.63402266
2225 0.70264675
2226 0.63798976
2227 0.60122691
2228 0.67451696
2229 0.61378852
2230 0.53526011
2231 0.52381917
2232 0.50775253
2233 0.44733961
2234 0.45298056
2235 0.47005273
2236 0.40354964
2237 0.50817927
2238 0.45884691
2239 0.44446461
2240 0.48734084
2241 0.42996720
2242 0.47089145
2243 0.40113064
2244 0.46298224
2245 0.63523911
2246 0.56997394
2247 0.60122691
2248 0.54113829
2249 0.48441499
2250 0.46366719
2251 0.42845827
2252 0.43526276
2253 0.39956899
2254 0.41948041
2255 0.37078559
2256 0.36739433
2257 0.37634820
2258 0.38215396
2259 0.32591761
2260 0.41106270
2261 0.39559849
2262 0.41023561
2263 0.41774821
2264 0.41698003
2265 0.44617028
2266 0.51116011
2267 0.51405070
2268 0.54113829
2269 0.57962114
2270 0.48324481
2271 0.46062199
2272 0.35680706
2273 0.41979416
2274 0.36841238
2275 0.39421150
2276 0.45020679
2277 0.32845661
2278 0.40404390
2279 0.37177434
2280 0.37002041
2281 0.41938478
2282 0.41388031
2283 0.37408953
2284 0.35409812
2285 0.43145572
2286 0.44913416
2287 0.41506475
2288 0.41284647
2289 0.57962114
2290 0.56235221
2291 0.52428291
2292 0.49110704
2293 0.44444480
2294 0.43744791
2295 0.45922704
2296 0.45127778
2297 0.43198424
2298 0.48671250
2299 0.47044914
2300 0.46033803
2301 0.55575138
2302 0.48039514
2303 0.38815755
2304 0.48844525
2305 0.38993669
2306 0.53252296
2307 0.46023029
2308 0.47484699
2309 0.53592377
2310 0.56235221
2311 0.47917999
2312 0.50635008
2313 0.47924611
2314 0.38107475
2315 0.44885218
2316 0.44670294
2317 0.48811756
2318 0.41200597
2319 0.49113027
2320 0.40272690
2321 0.47116481
2322 0.40489483
2323 0.43255270
2324 0.55388987
2325 0.33667379
2326 0.47133569
2327 0.43058009
2328 0.45891461
2329 0.53070677
2330 0.57652664
2331 0.47917999
2332 0.59704018
2333 0.58044956
2334 0.46603078
2335 0.44021576
2336 0.46927396
2337 0.37125664
2338 0.41418815
2339 0.35115267
2340 0.46322278
2341 0.39270597
2342 0.32848233
2343 0.42760140
2344 0.43313698
2345 0.44994095
2346 0.43561871
2347 0.41996883
2348 0.49386990
2349 0.51353903
2350 0.53847141
2351 0.58812223
2352 0.59704018
2353 0.67426043
2354 0.56110459
2355 0.54944883
2356 0.52886449
2357 0.46030419
2358 0.46823914
2359 0.49405500
2360 0.32514382
2361 0.35558892
2362 0.45759929
2363 0.46990132
2364 0.41408899
2365 0.36893587
2366 0.40877856
2367 0.49315306
2368 0.50758315
2369 0.51415819
2370 0.55738622
2371 0.57970978
2372 0.57248851
2373 0.67426043
2374 0.54746343
2375 0.55573572
2376 0.53139842
2377 0.52301938
2378 0.43636431
2379 0.46546198
2380 0.45513794
2381 0.46536266
2382 0.47742203
2383 0.44519307
2384 0.43662245
2385 0.40940537
2386 0.40712110
2387 0.36760410
2388 0.43049158
2389 0.49524644
2390 0.56155877
2391 0.51697832
2392 0.56034445
2393 0.58755337
2394 0.54746343
2395 0.72197486
2396 0.60744910
2397 0.59363858
2398 0.53879159
2399 0.48622270
2400 0.51238882
2401 0.42523414
2402 0.35032258
2403 0.43145405
2404 0.45201287
2405 0.34590164
2406 0.45868229
2407 0.42767061
2408 0.42181808
2409 0.39784250
2410 0.42520038
2411 0.45750688
2412 0.49927873
2413 0.57899668
2414 0.50993048
2415 0.72197486
2416 0.77157251
2417 0.75075066
2418 0.63790681
2419 0.68484631
2420 0.58928418
2421 0.59555330
2422 0.53349065
2423 0.56289207
2424 0.61750135
2425 0.52913343
2426 0.53895323
2427 0.54480494
2428 0.53550757
2429 0.63410730
2430 0.57157047
2431 0.50551761
2432 0.61018325
2433 0.60693579
2434 0.65804690
2435 0.69107441
2436 0.77157251
2437 0.80930911
2438 0.76082035
2439 0.69174024
2440 0.56410761
2441 0.71808627
2442 0.53437825
2443 0.60049083
2444 0.49090516
2445 0.54084723
2446 0.52374026
2447 0.54761097
2448 0.48946347
2449 0.56543981
2450 0.52426499
2451 0.62606458
2452 0.58016520
2453 0.56225173
2454 0.56985865
2455 0.62343253
2456 0.73339959
2457 0.80930911
2458 0.72355161
2459 0.60673226
2460 0.51645555
2461 0.53796138
2462 0.50684384
2463 0.47782699
2464 0.52403358
2465 0.49767165
2466 0.53454476
2467 0.47017980
2468 0.44150958
2469 0.41364617
2470 0.49339214
2471 0.51076881
2472 0.46405112
2473 0.40008506
2474 0.51876910
2475 0.56384488
2476 0.58553361
2477 0.63149168
2478 0.72355161
2479 0.66105307
2480 0.62279830
2481 0.56671956
2482 0.57486725
2483 0.55572377
2484 0.57518705
2485 0.50201932
2486 0.53879052
2487 0.49365571
2488 0.57525786
2489 0.56831840
2490 0.49997439
2491 0.57154724
2492 0.53604778
2493 0.52866544
2494 0.53678256
2495 0.58599072
2496 0.54603268
2497 0.66621459
2498 0.61701240
2499 0.66105307
2500 0.48932835
2501 0.58498672
2502 0.60971204
2503 0.58027453
2504 0.45763633
2505 0.47457854
2506 0.46180128
2507 0.51500926
2508 0.44916867
2509 0.44951397
2510 0.42964489
2511 0.40791083
2512 0.49016091
2513 0.52969515
2514 0.51239487
2515 0.56112696
2516 0.49737494
2517 0.43398893
2518 0.52856730
2519 0.59674648
2520 0.48932835
2521 0.45527751
2522 0.45031550
2523 0.45168539
2524 0.41173895
2525 0.43120381
2526 0.45916811
2527 0.48557791
2528 0.43798835
2529 0.44290906
2530 0.49878460
2531 0.35518242
2532 0.39865210
2533 0.42479217
2534 0.37391410
2535 0.38919273
2536 0.39399928
2537 0.46441441
2538 0.43060039
2539 0.41081552
2540 0.52956167
2541 0.45527751
2542 0.43168824
2543 0.52341560
2544 0.42355914
2545 0.37107854
2546 0.43547394
2547 0.38377984
2548 0.41541832
2549 0.40905824
2550 0.40799169
2551 0.42340145
2552 0.41286805
2553 0.40037113
2554 0.43336870
2555 0.39977278
2556 0.40611467
2557 0.44107639
2558 0.40942004
2559 0.48806784
2560 0.46954763
2561 0.45875467
2562 0.43168824
2563 0.50691695
2564 0.45140639
2565 0.42919234
2566 0.47500169
2567 0.33268105
2568 0.36196809
2569 0.33645820
2570 0.41793125
2571 0.36750182
2572 0.41391249
2573 0.41383451
2574 0.37094131
2575 0.36750064
2576 0.41700619
2577 0.43554795
2578 0.45930708
2579 0.36767901
2580 0.42278203
2581 0.38607111
2582 0.38554774
2583 0.50691695
2584 0.52986562
2585 0.59752436
2586 0.47386195
2587 0.40843873
2588 0.49894950
2589 0.50845613
2590 0.40026204
2591 0.43254511
2592 0.34102935
2593 0.39334016
2594 0.34753852
2595 0.37895950
2596 0.41694520
2597 0.42082796
2598 0.39218972
2599 0.42792836
2600 0.42917882
2601 0.39504267
2602 0.49977277
2603 0.54770874
2604 0.52986562
2605 0.67404822
2606 0.55956927
2607 0.58345232
2608 0.55240420
2609 0.42868769
2610 0.56889531
2611 0.54619411
2612 0.40935570
2613 0.52768694
2614 0.48128446
2615 0.45795738
2616 0.45767086
2617 0.47626861
2618 0.56156808
2619 0.50135047
2620 0.51387906
2621 0.44290054
2622 0.50349663
2623 0.52738529
2624 0.61626866
2625 0.67404822
2626 0.68766778
2627 0.59021628
2628 0.54339957
2629 0.53155117
2630 0.57790657
2631 0.51015211
2632 0.51977094
2633 0.40033043
2634 0.47363043
2635 0.40699902
2636 0.41958968
2637 0.49333981
2638 0.48469802
2639 0.44420920
2640 0.47484270
2641 0.44823588
2642 0.53574963
2643 0.43564579
2644 0.59825115
2645 0.65162665
2646 0.68766778
2647 0.68855534
2648 0.61452763
2649 0.56140182
2650 0.50513970
2651 0.55144105
2652 0.47900526
2653 0.58128676
2654 0.43163575
2655 0.44740729
2656 0.48693803
2657 0.43597236
2658 0.45453342
2659 0.47032993
2660 0.49892230
2661 0.48651748
2662 0.54077841
2663 0.47775442
2664 0.49920439
2665 0.64134577
2666 0.61081276
2667 0.68855534
2668 0.66022908
2669 0.58598225
2670 0.55079579
2671 0.54356737
2672 0.50074613
2673 0.52148669
2674 0.55034547
2675 0.48444209
2676 0.48151766
2677 0.47402415
2678 0.45432752
2679 0.51240163
2680 0.41426666
2681 0.45465401
2682 0.44966955
2683 0.58127926
2684 0.47228176
2685 0.57153237
2686 0.62493972
2687 0.70504071
2688 0.66022908
2689 0.69387866
2690 0.59967349
2691 0.47139097
2692 0.51682397
2693 0.47076997
2694 0.52136577
2695 0.48382239
2696 0.47391067
2697 0.51248466
2698 0.43314760
2699 0.42700555
2700 0.45865631
2701 0.39822777
2702 0.46868297
2703 0.51701826
2704 0.48827532
2705 0.47027631
2706 0.56216040
2707 0.63853730
2708 0.61874594
2709 0.69387866
2710 0.55529211
2711 0.42033365
2712 0.47777899
2713 0.50362795
2714 0.40804462
2715 0.43667432
2716 0.47491757
2717 0.28337777
2718 0.39518020
2719 0.39125145
2720 0.40966419
2721 0.38382482
2722 0.38079414
2723 0.42304219
2724 0.39969461
2725 0.43079950
2726 0.39987391
2727 0.43308570
2728 0.52970892
2729 0.49099323
2730 0.55529211
2731 0.64531168
2732 0.52341316
2733 0.49925418
2734 0.52876540
2735 0.47937740
2736 0.56364940
2737 0.47178368
2738 0.47008409
2739 0.38236073
2740 0.40905136
2741 0.53547835
2742 0.48865793
2743 0.44380433
2744 0.47573810
2745 0.45824591
2746 0.51651996
2747 0.49754865
2748 0.47571643
2749 0.56978301
2750 0.56372389
2751 0.64531168
2752 0.48480163
2753 0.53964087
2754 0.46171059
2755 0.51331266
2756 0.44469024
2757 0.50662961
2758 0.44392338
2759 0.42804531
2760 0.48804934
2761 0.46229132
2762 0.41589249
2763 0.38873670
2764 0.41384178
2765 0.37688493
2766 0.44328019
2767 0.47070263
2768 0.49890958
2769 0.48907142
2770 0.49085504
2771 0.43644907
2772 0.48480163
2773 0.39380999
2774 0.45332541
2775 0.32699670
2776 0.43899671
2777 0.38262264
2778 0.43054456
2779 0.43631919
2780 0.38755481
2781 0.36144742
2782 0.44223100
2783 0.35512894
2784 0.42450071
2785 0.47664191
2786 0.34844984
2787 0.32531270
2788 0.48219473
2789 0.48343839
2790 0.51651403
2791 0.39243660
2792 0.45319339
2793 0.39380999
2794 0.42980653
2795 0.43883700
2796 0.45887016
2797 0.35529496
2798 0.44412124
2799 0.30050934
2800 0.38248128
2801 0.32620252
2802 0.43428545
2803 0.29149151
2804 0.33602910
2805 0.35650050
2806 0.40875654
2807 0.35776159
2808 0.44996257
2809 0.36359003
2810 0.47967350
2811 0.44087137
2812 0.32013289
2813 0.34385139
2814 0.42980653
2815 0.39299753
2816 0.44403852
2817 0.50618650
2818 0.43886777
2819 0.49485815
2820 0.46508486
2821 0.47382258
2822 0.42516540
2823 0.39875727
2824 0.43328074
2825 0.46934179
2826 0.44580731
2827 0.51389084
2828 0.49254603
2829 0.44352831
2830 0.39175491
2831 0.44381226
2832 0.43916410
2833 0.46720716
2834 0.43997351
2835 0.39299753
2836 0.53931826
2837 0.48219999
2838 0.47740670
2839 0.44262887
2840 0.39637754
2841 0.39009093
2842 0.34088093
2843 0.39508502
2844 0.32554101
2845 0.37914714
2846 0.35230191
2847 0.33864801
2848 0.40901981
2849 0.35636307
2850 0.37385462
2851 0.37569063
2852 0.47833852
2853 0.36223006
2854 0.45969814
2855 0.49601428
2856 0.53931826
2857 0.68108123
2858 0.59493807
2859 0.62227205
2860 0.50513189
2861 0.50328764
2862 0.50679054
2863 0.51128771
2864 0.58617480
2865 0.53449644
2866 0.49435806
2867 0.52127093
2868 0.49639982
2869 0.48423630
2870 0.48839334
2871 0.51354225
2872 0.45839842
2873 0.57223370
2874 0.55469096
2875 0.58349830
2876 0.63419042
2877 0.68108123
2878 0.57418094
2879 0.61197919
2880 0.53024305
2881 0.46754177
2882 0.49324229
2883 0.52008723
2884 0.51068944
2885 0.47048682
2886 0.43701046
2887 0.47620279
2888 0.48112374
2889 0.45909211
2890 0.50974174
2891 0.48279584
2892 0.45950323
2893 0.46404863
2894 0.48369532
2895 0.52535615
2896 0.57615297
2897 0.59700715
2898 0.57418094
2899 0.62897094
2900 0.56263948
2901 0.54452750
2902 0.50268691
2903 0.45671796
2904 0.52072377
2905 0.43970784
2906 0.48992940
2907 0.46190718
2908 0.43415441
2909 0.43218375
2910 0.43885072
2911 0.43969802
2912 0.41054219
2913 0.46815925
2914 0.49718015
2915 0.52183495
2916 0.52861131
2917 0.56532682
2918 0.52914385
2919 0.62897094
2920 0.70875520
2921 0.54325791
2922 0.52626142
2923 0.56674748
2924 0.47423237
2925 0.46533085
2926 0.50888128
2927 0.42770182
2928 0.52903948
2929 0.40849947
2930 0.45247082
2931 0.39966641
2932 0.46050275
2933 0.45102676
2934 0.49585295
2935 0.43581638
2936 0.49318919
2937 0.44475695
2938 0.52675484
2939 0.52326081
2940 0.70875520
2941 0.48532742
2942 0.45767781
2943 0.49985005
2944 0.47018390
2945 0.43767702
2946 0.40000464
2947 0.41927889
2948 0.39214381
2949 0.42255550
2950 0.39688648
2951 0.31694623
2952 0.42515677
2953 0.34722958
2954 0.33626806
2955 0.48205237
2956 0.39778529
2957 0.41271382
2958 0.40905906
2959 0.51073391
2960 0.49006882
2961 0.48532742
2962 0.57954469
2963 0.51654443
2964 0.54092680
2965 0.53780071
2966 0.42740258
2967 0.55137710
2968 0.49215492
2969 0.51983502
2970 0.43460164
2971 0.50022888
2972 0.41480973
2973 0.46101964
2974 0.46271422
2975 0.46533364
2976 0.48360614
2977 0.51745247
2978 0.45031807
2979 0.52348923
2980 0.52432316
2981 0.49912192
2982 0.57954469
2983 0.44589962
2984 0.42747388
2985 0.42150489
2986 0.41271507
2987 0.41657994
2988 0.40430947
2989 0.34905615
2990 0.46495342
2991 0.35360410
2992 0.44704323
2993 0.35777971
2994 0.44252036
2995 0.38728081
2996 0.37420379
2997 0.39149787
2998 0.39334163
2999 0.50005021
3000 0.44072094
3001 0.43715897
3002 0.40442922
3003 0.44589962
3004 0.38738439
3005 0.45338321
3006 0.43002223
3007 0.34567079
3008 0.36639921
3009 0.34587857
3010 0.36110225
3011 0.29498204
3012 0.42297671
3013 0.41771850
3014 0.39050575
3015 0.33928364
3016 0.33435711
3017 0.30815460
3018 0.39764100
3019 0.42066775
3020 0.30381245
3021 0.37836276
3022 0.39302083
3023 0.31224580
3024 0.38738439
