index DenDen_momentum
1 141.95717093
2 142.15245911
3 142.00260575
4 141.95064394
5 141.99778808
6 142.06904408
7 142.10586929
8 142.05575028
9 142.05111872
10 142.07230594
11 141.97680737
12 142.08391359
13 142.02926804
14 142.01128870
15 142.02871882
16 142.13175943
17 142.10264604
18 141.91751224
19 141.99682127
20 142.02600888
21 141.95717093
22 0.48307892
23 0.36274851
24 0.37653315
25 0.45177510
26 0.31573988
27 0.38105570
28 0.39147580
29 0.41209312
30 0.35889732
31 0.28356447
32 0.27430973
33 0.34247524
34 0.41189794
35 0.39998110
36 0.43993202
37 0.33478313
38 0.39128169
39 0.39118527
40 0.40266320
41 0.37919699
42 0.48307892
43 0.46964621
44 0.41200648
45 0.43987731
46 0.41004306
47 0.42713609
48 0.33122180
49 0.39508219
50 0.32390021
51 0.36477028
52 0.36451892
53 0.43238005
54 0.38954885
55 0.37737584
56 0.45051026
57 0.48873853
58 0.44597023
59 0.38588709
60 0.44996809
61 0.48810973
62 0.43661963
63 0.46964621
64 0.53415872
65 0.46048443
66 0.42076071
67 0.47088434
68 0.46824080
69 0.47483226
70 0.41953673
71 0.41949094
72 0.40884937
73 0.32371581
74 0.44563261
75 0.39389320
76 0.46359812
77 0.44409316
78 0.43420389
79 0.44641426
80 0.43829167
81 0.37537656
82 0.52486079
83 0.52316835
84 0.53415872
85 0.63579701
86 0.51786051
87 0.40475799
88 0.41654149
89 0.40722254
90 0.41331200
91 0.32185692
92 0.44249920
93 0.39371424
94 0.36150182
95 0.42629568
96 0.36159036
97 0.44153424
98 0.37250977
99 0.35925374
100 0.34137965
101 0.42648526
102 0.50086342
103 0.49001057
104 0.56466973
105 0.63579701
106 0.61050625
107 0.49822409
108 0.48336439
109 0.48876196
110 0.47661081
111 0.40697326
112 0.37200348
113 0.37289109
114 0.40685542
115 0.45228108
116 0.33816325
117 0.36067814
118 0.39880578
119 0.46304763
120 0.37885849
121 0.32195916
122 0.42677100
123 0.47818054
124 0.53762167
125 0.54088425
126 0.61050625
127 0.53093034
128 0.56681561
129 0.46395421
130 0.39768444
131 0.48948559
132 0.31997527
133 0.52163598
134 0.33900709
135 0.38658556
136 0.41674004
137 0.42536768
138 0.28169380
139 0.31119242
140 0.22687121
141 0.25304435
142 0.52172123
143 0.38387401
144 0.38207500
145 0.40613805
146 0.44641655
147 0.53093034
148 0.61050625
149 0.49822409
150 0.48336439
151 0.48876196
152 0.47661081
153 0.40697326
154 0.37200348
155 0.37289109
156 0.40685542
157 0.45228108
158 0.33816325
159 0.36067814
160 0.39880578
161 0.46304763
162 0.37885849
163 0.32195916
164 0.42677100
165 0.47818054
166 0.53762167
167 0.54088425
168 0.61050625
169 0.63579701
170 0.51786051
171 0.40475799
172 0.41654149
173 0.40722254
174 0.41331200
175 0.32185692
176 0.44249920
177 0.39371424
178 0.36150182
179 0.42629568
180 0.36159036
181 0.44153424
182 0.37250977
183 0.35925374
184 0.34137965
185 0.42648526
186 0.50086342
187 0.49001057
188 0.56466973
189 0.63579701
190 0.53415872
191 0.46048443
192 0.42076071
193 0.47088434
194 0.46824080
195 0.47483226
196 0.41953673
197 0.41949094
198 0.40884937
199 0.32371581
200 0.44563261
201 0.39389320
202 0.46359812
203 0.44409316
204 0.43420389
205 0.44641426
206 0.43829167
207 0.37537656
208 0.52486079
209 0.52316835
210 0.53415872
211 0.46964621
212 0.41200648
213 0.43987731
214 0.41004306
215 0.42713609
216 0.33122180
217 0.39508219
218 0.32390021
219 0.36477028
220 0.36451892
221 0.43238005
222 0.38954885
223 0.37737584
224 0.45051026
225 0.48873853
226 0.44597023
227 0.38588709
228 0.44996809
229 0.48810973
230 0.43661963
231 0.46964621
232 0.48307892
233 0.36274851
234 0.37653315
235 0.45177510
236 0.31573988
237 0.38105570
238 0.39147580
239 0.41209312
240 0.35889732
241 0.28356447
242 0.27430973
243 0.34247524
244 0.41189794
245 0.39998110
246 0.43993202
247 0.33478313
248 0.39128169
249 0.39118527
250 0.40266320
251 0.37919699
252 0.48307892
253 0.47675086
254 0.43501014
255 0.44894448
256 0.38646281
257 0.45450703
258 0.42590146
259 0.36764542
260 0.44317539
261 0.45693694
262 0.39997743
263 0.41265660
264 0.36833021
265 0.45720876
266 0.42174397
267 0.38605122
268 0.49190053
269 0.51196662
270 0.44642375
271 0.48014224
272 0.45080037
273 0.47675086
274 0.41244536
275 0.42135603
276 0.42855922
277 0.35106156
278 0.42781884
279 0.30505595
280 0.32083377
281 0.34801496
282 0.39626275
283 0.38915271
284 0.38475520
285 0.36971125
286 0.31578285
287 0.37826670
288 0.39354035
289 0.33952504
290 0.41736951
291 0.40247041
292 0.43269650
293 0.39303263
294 0.41244536
295 0.46128418
296 0.45750524
297 0.50176324
298 0.45058733
299 0.30779091
300 0.39993771
301 0.39848392
302 0.38859559
303 0.45197320
304 0.46617106
305 0.43728247
306 0.34305928
307 0.42582026
308 0.42607864
309 0.42185571
310 0.40506573
311 0.46948519
312 0.45476173
313 0.42911771
314 0.43552050
315 0.46128418
316 0.48701558
317 0.40782306
318 0.42945245
319 0.38123440
320 0.40131277
321 0.29803047
322 0.37858685
323 0.34915304
324 0.33004064
325 0.30447389
326 0.39885379
327 0.28791352
328 0.41862314
329 0.36952158
330 0.38243265
331 0.37536949
332 0.30513651
333 0.37222914
334 0.37137954
335 0.46245513
336 0.48701558
337 0.54570988
338 0.53914464
339 0.48902979
340 0.51805919
341 0.47308493
342 0.49992323
343 0.39500033
344 0.35137238
345 0.42189162
346 0.42146072
347 0.42512052
348 0.38959860
349 0.47776370
350 0.42361636
351 0.47634681
352 0.52875846
353 0.42523439
354 0.51634074
355 0.49345926
356 0.53899816
357 0.54570988
358 0.63895532
359 0.58280055
360 0.53926594
361 0.55315544
362 0.44722476
363 0.44195573
364 0.45395070
365 0.46537075
366 0.39653921
367 0.41281012
368 0.45234412
369 0.44873976
370 0.39377041
371 0.39447496
372 0.41492772
373 0.44543761
374 0.45831641
375 0.54555929
376 0.50472360
377 0.56495794
378 0.63895532
379 0.71051032
380 0.68752979
381 0.64210736
382 0.59235767
383 0.58492730
384 0.58454943
385 0.56421872
386 0.64222800
387 0.47966058
388 0.53511768
389 0.52044651
390 0.51854693
391 0.52908168
392 0.53899591
393 0.57763429
394 0.50232826
395 0.65361028
396 0.65275410
397 0.69848329
398 0.62717839
399 0.71051032
400 0.57794982
401 0.60852755
402 0.60599492
403 0.48739300
404 0.46540049
405 0.44855909
406 0.52018743
407 0.44113687
408 0.46447733
409 0.37118997
410 0.43593271
411 0.41536467
412 0.47229399
413 0.39693195
414 0.47504453
415 0.40541618
416 0.47344703
417 0.49151551
418 0.50710486
419 0.62082150
420 0.57794982
421 0.54453147
422 0.56339260
423 0.51411889
424 0.54570683
425 0.56164016
426 0.51210947
427 0.52278662
428 0.47180982
429 0.50138098
430 0.53825451
431 0.49355592
432 0.44068668
433 0.42376065
434 0.57083430
435 0.45715998
436 0.53889908
437 0.55944503
438 0.47265215
439 0.57624376
440 0.52028662
441 0.54453147
442 0.45869033
443 0.49777725
444 0.49904420
445 0.52465747
446 0.43999243
447 0.48737539
448 0.38884116
449 0.38553177
450 0.53793077
451 0.46501235
452 0.42361506
453 0.40671363
454 0.41893120
455 0.47887249
456 0.38862255
457 0.42679271
458 0.44845596
459 0.49286171
460 0.45910548
461 0.51559831
462 0.45869033
463 0.38704635
464 0.44628360
465 0.38354824
466 0.38600035
467 0.40278043
468 0.39718299
469 0.45622450
470 0.35068298
471 0.46054063
472 0.33644697
473 0.40994777
474 0.38741153
475 0.42373103
476 0.38559213
477 0.40038205
478 0.41583996
479 0.43562417
480 0.36399377
481 0.40590799
482 0.48448659
483 0.38704635
484 0.39554182
485 0.40870774
486 0.45145577
487 0.43963489
488 0.50651487
489 0.40439319
490 0.41524717
491 0.42618530
492 0.47188186
493 0.43688571
494 0.46333416
495 0.42159770
496 0.42010574
497 0.43870339
498 0.47838956
499 0.42791722
500 0.46546159
501 0.42591090
502 0.45012514
503 0.48185380
504 0.39554182
505 0.63459086
506 0.47223843
507 0.51669242
508 0.46618063
509 0.41335443
510 0.49619221
511 0.47880311
512 0.43796498
513 0.54168102
514 0.48871342
515 0.39236006
516 0.41850925
517 0.51840858
518 0.46504962
519 0.45803160
520 0.50839493
521 0.47582226
522 0.41131263
523 0.49110406
524 0.56592951
525 0.63459086
526 0.49498499
527 0.46414492
528 0.41561389
529 0.38302268
530 0.46528829
531 0.42288360
532 0.43113472
533 0.40849981
534 0.38105190
535 0.41351779
536 0.45920308
537 0.44172872
538 0.41605352
539 0.42580955
540 0.41848074
541 0.50782698
542 0.41934393
543 0.45114563
544 0.38084471
545 0.46735457
546 0.49498499
547 0.46340300
548 0.51307212
549 0.47681023
550 0.44358995
551 0.44786472
552 0.51971007
553 0.42895850
554 0.36647317
555 0.37269331
556 0.43726944
557 0.38880915
558 0.42680558
559 0.48630093
560 0.44136104
561 0.42377332
562 0.43161054
563 0.49944522
564 0.46285947
565 0.48722520
566 0.49060285
567 0.46340300
568 0.62420485
569 0.51939845
570 0.46701850
571 0.53324281
572 0.60187776
573 0.49905547
574 0.46771023
575 0.44146063
576 0.50291250
577 0.47907482
578 0.43811776
579 0.36227918
580 0.43759320
581 0.49522272
582 0.47460439
583 0.53613592
584 0.45800153
585 0.41780570
586 0.47683412
587 0.55938830
588 0.62420485
589 0.63142280
590 0.45375063
591 0.50832389
592 0.42932014
593 0.51672137
594 0.36681429
595 0.34126361
596 0.46957642
597 0.34370565
598 0.34898332
599 0.40752360
600 0.39878010
601 0.49182671
602 0.33063016
603 0.34573612
604 0.44996422
605 0.39286899
606 0.48990384
607 0.47977351
608 0.55676077
609 0.63142280
610 0.59335696
611 0.53718422
612 0.48488182
613 0.43488461
614 0.38235814
615 0.42738937
616 0.34296635
617 0.32820187
618 0.34470804
619 0.34466117
620 0.36230234
621 0.29906489
622 0.36046848
623 0.41240715
624 0.41956255
625 0.32842845
626 0.36363874
627 0.46416141
628 0.44473433
629 0.59516560
630 0.59335696
631 0.71243818
632 0.71563565
633 0.56171502
634 0.51925155
635 0.51916552
636 0.46651743
637 0.48259369
638 0.48553516
639 0.46048120
640 0.52270903
641 0.55178014
642 0.53737250
643 0.44636825
644 0.46946669
645 0.59731974
646 0.45475460
647 0.52577563
648 0.52065528
649 0.55394585
650 0.66617574
651 0.71243818
652 0.70911432
653 0.75964591
654 0.63768404
655 0.68494737
656 0.61096720
657 0.60351409
658 0.51296737
659 0.53738563
660 0.54074547
661 0.57302010
662 0.55934818
663 0.52867401
664 0.57930503
665 0.54420970
666 0.58106392
667 0.56248323
668 0.65321006
669 0.68883107
670 0.70217666
671 0.66499616
672 0.70911432
673 0.66717394
674 0.57784764
675 0.57765607
676 0.50052450
677 0.51367372
678 0.48021328
679 0.42751408
680 0.44648960
681 0.42527489
682 0.54561712
683 0.49783020
684 0.45865019
685 0.50182993
686 0.50274682
687 0.53087833
688 0.54799811
689 0.52632432
690 0.57871326
691 0.64503081
692 0.62671800
693 0.66717394
694 0.52660845
695 0.49526895
696 0.53335570
697 0.46277032
698 0.36403924
699 0.41214305
700 0.39316614
701 0.40549654
702 0.34612963
703 0.36173962
704 0.39233619
705 0.38338745
706 0.39175634
707 0.36723096
708 0.42730944
709 0.35399573
710 0.43618645
711 0.42485349
712 0.46713590
713 0.52018445
714 0.52660845
715 0.52812437
716 0.45834969
717 0.30445924
718 0.43617430
719 0.43239611
720 0.43610483
721 0.35973998
722 0.31393704
723 0.44179697
724 0.45172525
725 0.34595420
726 0.39886137
727 0.36216365
728 0.38070556
729 0.35565277
730 0.31792700
731 0.33465312
732 0.36537966
733 0.46103183
734 0.41626847
735 0.52812437
736 0.47717427
737 0.49220698
738 0.51231925
739 0.55584994
740 0.48991184
741 0.52115934
742 0.52365742
743 0.49145324
744 0.55478881
745 0.49070601
746 0.47949076
747 0.46466829
748 0.44268492
749 0.48369449
750 0.55864854
751 0.48694964
752 0.52399387
753 0.56325981
754 0.48688583
755 0.52757364
756 0.47717427
757 0.58323409
758 0.54179823
759 0.51355464
760 0.53356548
761 0.54677529
762 0.56362395
763 0.39851939
764 0.45711907
765 0.43109190
766 0.40075575
767 0.47413840
768 0.42690593
769 0.39182690
770 0.42804041
771 0.46494663
772 0.40232098
773 0.41875736
774 0.59160084
775 0.49192349
776 0.58077315
777 0.58323409
778 0.58489810
779 0.43025046
780 0.50426423
781 0.47352464
782 0.44258556
783 0.45123084
784 0.49756283
785 0.43137226
786 0.42821826
787 0.45395507
788 0.49326323
789 0.44153484
790 0.45046718
791 0.43686187
792 0.41865057
793 0.43463151
794 0.43315421
795 0.41107379
796 0.47870609
797 0.54622791
798 0.58489810
799 0.49060997
800 0.55929183
801 0.54036437
802 0.53295070
803 0.46112208
804 0.49478795
805 0.49965829
806 0.51168678
807 0.45845751
808 0.47120736
809 0.41638049
810 0.39770607
811 0.52490187
812 0.42272646
813 0.54884898
814 0.57724445
815 0.52567269
816 0.48675009
817 0.53579170
818 0.57410379
819 0.49060997
820 0.75276266
821 0.75685413
822 0.65860279
823 0.60276460
824 0.53457831
825 0.59742547
826 0.54211969
827 0.49274326
828 0.44808038
829 0.52691504
830 0.47613256
831 0.54280536
832 0.51382451
833 0.52295084
834 0.51574939
835 0.58453145
836 0.54104680
837 0.52860789
838 0.60107587
839 0.70205202
840 0.75276266
841 0.62646872
842 0.61579848
843 0.47169316
844 0.43136040
845 0.39264625
846 0.37632905
847 0.38075218
848 0.43850057
849 0.38753971
850 0.35623755
851 0.43497885
852 0.40204040
853 0.33010197
854 0.36126782
855 0.47067605
856 0.36292642
857 0.38012837
858 0.40082942
859 0.53639698
860 0.50873853
861 0.62646872
862 0.72114273
863 0.67445248
864 0.62663089
865 0.58192470
866 0.54643487
867 0.43427089
868 0.51244906
869 0.53859152
870 0.46237232
871 0.51473238
872 0.54092148
873 0.46786698
874 0.44322779
875 0.49561498
876 0.52389696
877 0.48582563
878 0.51651611
879 0.59405846
880 0.61196009
881 0.64052205
882 0.72114273
883 0.75249732
884 0.71103329
885 0.65939079
886 0.58503082
887 0.58218650
888 0.57157281
889 0.51506707
890 0.56987235
891 0.56524879
892 0.48838830
893 0.50258416
894 0.47543237
895 0.56775488
896 0.49401821
897 0.58554068
898 0.58555718
899 0.71041429
900 0.55768193
901 0.65699784
902 0.76701836
903 0.75249732
904 0.63302018
905 0.66723665
906 0.62303758
907 0.57488204
908 0.49481363
909 0.46523204
910 0.45272992
911 0.45676034
912 0.44997584
913 0.48329534
914 0.38491819
915 0.41895041
916 0.47092480
917 0.48218549
918 0.44486448
919 0.48465346
920 0.43774160
921 0.56903040
922 0.54055949
923 0.66903525
924 0.63302018
925 0.65675972
926 0.61209456
927 0.60007284
928 0.54753880
929 0.58710397
930 0.47897111
931 0.51628056
932 0.40956602
933 0.53753014
934 0.49506029
935 0.47762441
936 0.46650798
937 0.52290821
938 0.48268372
939 0.50340959
940 0.46352053
941 0.50567301
942 0.55003689
943 0.55452761
944 0.63491210
945 0.65675972
946 0.66379584
947 0.56692906
948 0.58587007
949 0.52253053
950 0.55573495
951 0.49104019
952 0.48284744
953 0.49605288
954 0.45367835
955 0.47762370
956 0.46510084
957 0.44957468
958 0.42759043
959 0.49602865
960 0.48505686
961 0.55489353
962 0.49720132
963 0.55631382
964 0.58950505
965 0.59431137
966 0.66379584
967 0.63432965
968 0.50139949
969 0.51319649
970 0.51293372
971 0.46676424
972 0.39854265
973 0.44314935
974 0.46002030
975 0.36305152
976 0.45056511
977 0.39243239
978 0.37099998
979 0.47982371
980 0.45869226
981 0.44385438
982 0.45466052
983 0.45842165
984 0.50982064
985 0.49846176
986 0.52934993
987 0.63432965
988 0.37913157
989 0.47159252
990 0.38570687
991 0.41976204
992 0.39720299
993 0.42365426
994 0.37824405
995 0.46197925
996 0.35698739
997 0.32536564
998 0.34108092
999 0.34161437
1000 0.35886136
1001 0.38980844
1002 0.35441268
1003 0.34918262
1004 0.42928914
1005 0.48608807
1006 0.44764997
1007 0.39568194
1008 0.37913157
1009 0.50153199
1010 0.41766625
1011 0.53410673
1012 0.40196677
1013 0.46029703
1014 0.41910363
1015 0.46389608
1016 0.43414503
1017 0.42732103
1018 0.40503616
1019 0.39825686
1020 0.39313389
1021 0.40450624
1022 0.42940056
1023 0.43039072
1024 0.37867038
1025 0.50998173
1026 0.50640163
1027 0.51746405
1028 0.44005913
1029 0.50153199
1030 0.62670189
1031 0.56607209
1032 0.50387484
1033 0.53234120
1034 0.47803624
1035 0.48122731
1036 0.45778169
1037 0.44589245
1038 0.50534312
1039 0.45782251
1040 0.42102227
1041 0.37227693
1042 0.38071926
1043 0.43533191
1044 0.41048689
1045 0.47014981
1046 0.40377515
1047 0.47186358
1048 0.53294848
1049 0.51350034
1050 0.62670189
1051 0.62942171
1052 0.60562980
1053 0.56214716
1054 0.52195556
1055 0.52500322
1056 0.50297906
1057 0.47822566
1058 0.44721041
1059 0.48835367
1060 0.50515584
1061 0.48181675
1062 0.46922393
1063 0.52723043
1064 0.56983207
1065 0.44227272
1066 0.49115257
1067 0.48490509
1068 0.54216262
1069 0.48234265
1070 0.64328278
1071 0.62942171
1072 0.67875823
1073 0.70269971
1074 0.63704355
1075 0.67378259
1076 0.58334998
1077 0.52652793
1078 0.54516117
1079 0.43269677
1080 0.55993733
1081 0.46291742
1082 0.54637871
1083 0.60824818
1084 0.57092985
1085 0.52759067
1086 0.54590017
1087 0.63245461
1088 0.54303967
1089 0.54151867
1090 0.57140762
1091 0.65268075
1092 0.67875823
1093 0.86674802
1094 0.75542943
1095 0.64043870
1096 0.55650735
1097 0.59563818
1098 0.60075907
1099 0.56950562
1100 0.54096494
1101 0.54272917
1102 0.47093720
1103 0.51654222
1104 0.52147988
1105 0.48493136
1106 0.60442332
1107 0.60352328
1108 0.60732041
1109 0.57130587
1110 0.61621985
1111 0.66050252
1112 0.70734551
1113 0.86674802
1114 0.80336340
1115 0.74787416
1116 0.65943396
1117 0.65829109
1118 0.54921013
1119 0.50237317
1120 0.54615776
1121 0.49601650
1122 0.54656350
1123 0.51081325
1124 0.57451430
1125 0.51275370
1126 0.47013382
1127 0.56733692
1128 0.52959705
1129 0.64430235
1130 0.55720206
1131 0.58967064
1132 0.63951732
1133 0.72236625
1134 0.80336340
1135 0.66165644
1136 0.61005211
1137 0.59910635
1138 0.54621497
1139 0.55326128
1140 0.47635602
1141 0.51939729
1142 0.36338548
1143 0.37476810
1144 0.44815828
1145 0.35074984
1146 0.47327116
1147 0.37304460
1148 0.50037220
1149 0.43540725
1150 0.50032968
1151 0.52937284
1152 0.57346819
1153 0.59000136
1154 0.63810444
1155 0.66165644
1156 0.75862850
1157 0.63810992
1158 0.59882691
1159 0.61852335
1160 0.44705469
1161 0.51154625
1162 0.45994325
1163 0.46351999
1164 0.41091686
1165 0.49639704
1166 0.45505247
1167 0.35332253
1168 0.42491299
1169 0.41278975
1170 0.42992436
1171 0.58341110
1172 0.54378439
1173 0.50052754
1174 0.57054463
1175 0.60755514
1176 0.75862850
1177 0.82463680
1178 0.77297264
1179 0.77839000
1180 0.69242068
1181 0.54339485
1182 0.60573827
1183 0.60778893
1184 0.59239651
1185 0.60805364
1186 0.46530642
1187 0.60833050
1188 0.51151083
1189 0.60068192
1190 0.51484235
1191 0.61468040
1192 0.65423645
1193 0.65338550
1194 0.66945387
1195 0.70739536
1196 0.69918796
1197 0.82463680
1198 0.77422857
1199 0.71916322
1200 0.68094809
1201 0.53142602
1202 0.61552524
1203 0.59301645
1204 0.56962378
1205 0.54675955
1206 0.63504816
1207 0.50342774
1208 0.44999342
1209 0.43670928
1210 0.52096011
1211 0.54639815
1212 0.51062710
1213 0.54144558
1214 0.63073692
1215 0.63616756
1216 0.62645665
1217 0.69825103
1218 0.77422857
1219 0.59206178
1220 0.48579514
1221 0.52044255
1222 0.51148504
1223 0.46563292
1224 0.44092695
1225 0.38399749
1226 0.50615590
1227 0.33855708
1228 0.33573405
1229 0.44491131
1230 0.32675635
1231 0.41577438
1232 0.35241897
1233 0.41631319
1234 0.45048896
1235 0.45656136
1236 0.49736226
1237 0.42379727
1238 0.55435247
1239 0.59206178
1240 0.65025234
1241 0.58391301
1242 0.59656632
1243 0.54016906
1244 0.46128107
1245 0.46595564
1246 0.48218162
1247 0.54495515
1248 0.41508749
1249 0.50711197
1250 0.48630491
1251 0.47967829
1252 0.42981324
1253 0.47357406
1254 0.47280683
1255 0.50533332
1256 0.43013218
1257 0.66504720
1258 0.58247495
1259 0.62909748
1260 0.65025234
1261 0.63552264
1262 0.53200427
1263 0.55377197
1264 0.55399821
1265 0.42419307
1266 0.41666011
1267 0.45220065
1268 0.46618174
1269 0.31804647
1270 0.59914314
1271 0.40599313
1272 0.50070995
1273 0.46970291
1274 0.42489892
1275 0.48640868
1276 0.42828862
1277 0.52553282
1278 0.53788203
1279 0.54767571
1280 0.56486720
1281 0.63552264
1282 0.53676856
1283 0.53241018
1284 0.51814436
1285 0.47366414
1286 0.46910366
1287 0.44265910
1288 0.44048382
1289 0.41479464
1290 0.40607145
1291 0.30969860
1292 0.31452556
1293 0.42670049
1294 0.38896269
1295 0.36070147
1296 0.36150821
1297 0.50769586
1298 0.38706834
1299 0.45788411
1300 0.45184759
1301 0.49262523
1302 0.53676856
1303 0.78558996
1304 0.62337942
1305 0.60266169
1306 0.59015160
1307 0.60479690
1308 0.57776533
1309 0.51218622
1310 0.56557780
1311 0.52016658
1312 0.50655541
1313 0.57010749
1314 0.53797619
1315 0.49750041
1316 0.58358812
1317 0.56450000
1318 0.55149453
1319 0.61848050
1320 0.62168556
1321 0.72660926
1322 0.64095803
1323 0.78558996
1324 0.77136035
1325 0.72395542
1326 0.61345246
1327 0.60872163
1328 0.51233685
1329 0.62082781
1330 0.53130912
1331 0.54648116
1332 0.48962676
1333 0.53621119
1334 0.47153884
1335 0.50523578
1336 0.50931205
1337 0.51040919
1338 0.58540967
1339 0.59488265
1340 0.53619409
1341 0.61878745
1342 0.60794076
1343 0.69188430
1344 0.77136035
1345 0.87922533
1346 0.69598741
1347 0.67867785
1348 0.53998779
1349 0.64249336
1350 0.58852205
1351 0.52892773
1352 0.53796696
1353 0.50103939
1354 0.50266717
1355 0.53831256
1356 0.53705041
1357 0.51499670
1358 0.54409083
1359 0.54208996
1360 0.66548309
1361 0.70390545
1362 0.63559886
1363 0.74277365
1364 0.80248967
1365 0.87922533
1366 0.92315682
1367 0.77088233
1368 0.67409510
1369 0.73612726
1370 0.69731050
1371 0.65925505
1372 0.67811736
1373 0.61736969
1374 0.54203205
1375 0.63690867
1376 0.63081916
1377 0.64156341
1378 0.56873356
1379 0.56903285
1380 0.62902258
1381 0.64179152
1382 0.64634560
1383 0.74545738
1384 0.79900129
1385 0.73724363
1386 0.92315682
1387 0.78799111
1388 0.77776826
1389 0.61355909
1390 0.60438182
1391 0.65953810
1392 0.61481846
1393 0.59823785
1394 0.50853505
1395 0.55603483
1396 0.57285114
1397 0.43899287
1398 0.45113375
1399 0.53572009
1400 0.49737440
1401 0.59486471
1402 0.61492914
1403 0.57539850
1404 0.68739569
1405 0.65265482
1406 0.73793613
1407 0.78799111
1408 0.80042247
1409 0.71268133
1410 0.67449458
1411 0.56796137
1412 0.48567055
1413 0.52853296
1414 0.54019619
1415 0.46166732
1416 0.49371196
1417 0.47292014
1418 0.42768037
1419 0.43208379
1420 0.46740067
1421 0.54978705
1422 0.54151837
1423 0.50458766
1424 0.58334648
1425 0.60692004
1426 0.63812279
1427 0.74765662
1428 0.80042247
1429 0.71930627
1430 0.62103477
1431 0.55766295
1432 0.52418013
1433 0.53855362
1434 0.48970930
1435 0.48449720
1436 0.51032938
1437 0.50336777
1438 0.38871027
1439 0.40441912
1440 0.43976969
1441 0.47606904
1442 0.48275236
1443 0.45314170
1444 0.50580187
1445 0.42045424
1446 0.48602164
1447 0.63536865
1448 0.65061163
1449 0.71930627
1450 0.75566790
1451 0.63964538
1452 0.61280398
1453 0.53030105
1454 0.56203676
1455 0.51457924
1456 0.61558347
1457 0.51841520
1458 0.37472999
1459 0.45803835
1460 0.47400219
1461 0.41167998
1462 0.50037111
1463 0.46860586
1464 0.45170048
1465 0.47692005
1466 0.50509260
1467 0.59982069
1468 0.56980605
1469 0.62686498
1470 0.75566790
1471 0.72070957
1472 0.66764138
1473 0.61418601
1474 0.57105446
1475 0.60012398
1476 0.44530385
1477 0.53680996
1478 0.50698477
1479 0.52822678
1480 0.55180605
1481 0.46278524
1482 0.47008191
1483 0.56840381
1484 0.48469941
1485 0.47523993
1486 0.55581131
1487 0.54721624
1488 0.59928574
1489 0.61833332
1490 0.68986077
1491 0.72070957
1492 0.66440832
1493 0.67703844
1494 0.60568065
1495 0.57186661
1496 0.56793250
1497 0.55152953
1498 0.58385857
1499 0.45802043
1500 0.59185812
1501 0.48677370
1502 0.48597404
1503 0.53008728
1504 0.51056208
1505 0.47547490
1506 0.54694471
1507 0.68173378
1508 0.49549103
1509 0.52694400
1510 0.62533216
1511 0.63237289
1512 0.66440832
1513 0.65547705
1514 0.53030497
1515 0.50745012
1516 0.63148758
1517 0.47513488
1518 0.48021734
1519 0.44431210
1520 0.53823151
1521 0.45337613
1522 0.47240346
1523 0.52752365
1524 0.44905012
1525 0.44663508
1526 0.34957585
1527 0.39813568
1528 0.53082983
1529 0.41312029
1530 0.48728881
1531 0.63698692
1532 0.51119311
1533 0.65547705
1534 0.56450682
1535 0.53562957
1536 0.49935297
1537 0.47832149
1538 0.38797190
1539 0.38137085
1540 0.38023261
1541 0.43838527
1542 0.37452227
1543 0.35017374
1544 0.36714849
1545 0.35599435
1546 0.40605091
1547 0.40308183
1548 0.47206711
1549 0.45428163
1550 0.48321737
1551 0.41848572
1552 0.46274616
1553 0.47465766
1554 0.56450682
1555 0.64024754
1556 0.53846773
1557 0.48217808
1558 0.44475663
1559 0.48698474
1560 0.46187569
1561 0.39468272
1562 0.46848212
1563 0.42746469
1564 0.45371583
1565 0.45230087
1566 0.41245713
1567 0.40560130
1568 0.42672517
1569 0.50003221
1570 0.46564150
1571 0.48758966
1572 0.51893747
1573 0.61078916
1574 0.59510093
1575 0.64024754
1576 0.76864666
1577 0.73542621
1578 0.70404017
1579 0.62146695
1580 0.64626392
1581 0.56309210
1582 0.53736517
1583 0.57549107
1584 0.53027367
1585 0.44687413
1586 0.52801331
1587 0.56847071
1588 0.48607252
1589 0.56864098
1590 0.56994782
1591 0.56210732
1592 0.61775264
1593 0.62943855
1594 0.70772838
1595 0.72452733
1596 0.76864666
1597 0.78201789
1598 0.61038481
1599 0.64262547
1600 0.61730119
1601 0.56105414
1602 0.46894590
1603 0.49245209
1604 0.50921361
1605 0.45654146
1606 0.43712339
1607 0.41048020
1608 0.42577875
1609 0.39633089
1610 0.48453270
1611 0.49158559
1612 0.51718711
1613 0.56069042
1614 0.58679636
1615 0.48485540
1616 0.66743989
1617 0.78201789
1618 0.66545499
1619 0.68330412
1620 0.68034877
1621 0.58896161
1622 0.53052414
1623 0.57934588
1624 0.49579960
1625 0.54979291
1626 0.45979699
1627 0.54964343
1628 0.49752081
1629 0.41940236
1630 0.47146231
1631 0.45137773
1632 0.46865423
1633 0.49858063
1634 0.57739805
1635 0.60603079
1636 0.68380960
1637 0.64278007
1638 0.66545499
1639 1.06074516
1640 0.77610506
1641 0.90373736
1642 0.73425040
1643 0.66743480
1644 0.72832344
1645 0.67875972
1646 0.57667416
1647 0.59808441
1648 0.64394816
1649 0.63362936
1650 0.64155697
1651 0.67895201
1652 0.68593844
1653 0.71449331
1654 0.70063257
1655 0.76728111
1656 0.78505511
1657 0.79066781
1658 0.73293782
1659 1.06074516
1660 0.66545499
1661 0.68330412
1662 0.68034877
1663 0.58896161
1664 0.53052414
1665 0.57934588
1666 0.49579960
1667 0.54979291
1668 0.45979699
1669 0.54964343
1670 0.49752081
1671 0.41940236
1672 0.47146231
1673 0.45137773
1674 0.46865423
1675 0.49858063
1676 0.57739805
1677 0.60603079
1678 0.68380960
1679 0.64278007
1680 0.66545499
1681 0.78201789
1682 0.61038481
1683 0.64262547
1684 0.61730119
1685 0.56105414
1686 0.46894590
1687 0.49245209
1688 0.50921361
1689 0.45654146
1690 0.43712339
1691 0.41048020
1692 0.42577875
1693 0.39633089
1694 0.48453270
1695 0.49158559
1696 0.51718711
1697 0.56069042
1698 0.58679636
1699 0.48485540
1700 0.66743989
1701 0.78201789
1702 0.76864666
1703 0.73542621
1704 0.70404017
1705 0.62146695
1706 0.64626392
1707 0.56309210
1708 0.53736517
1709 0.57549107
1710 0.53027367
1711 0.44687413
1712 0.52801331
1713 0.56847071
1714 0.48607252
1715 0.56864098
1716 0.56994782
1717 0.56210732
1718 0.61775264
1719 0.62943855
1720 0.70772838
1721 0.72452733
1722 0.76864666
1723 0.64024754
1724 0.53846773
1725 0.48217808
1726 0.44475663
1727 0.48698474
1728 0.46187569
1729 0.39468272
1730 0.46848212
1731 0.42746469
1732 0.45371583
1733 0.45230087
1734 0.41245713
1735 0.40560130
1736 0.42672517
1737 0.50003221
1738 0.46564150
1739 0.48758966
1740 0.51893747
1741 0.61078916
1742 0.59510093
1743 0.64024754
1744 0.56450682
1745 0.53562957
1746 0.49935297
1747 0.47832149
1748 0.38797190
1749 0.38137085
1750 0.38023261
1751 0.43838527
1752 0.37452227
1753 0.35017374
1754 0.36714849
1755 0.35599435
1756 0.40605091
1757 0.40308183
1758 0.47206711
1759 0.45428163
1760 0.48321737
1761 0.41848572
1762 0.46274616
1763 0.47465766
1764 0.56450682
1765 0.63552264
1766 0.53200427
1767 0.55377197
1768 0.55399821
1769 0.42419307
1770 0.41666011
1771 0.45220065
1772 0.46618174
1773 0.31804647
1774 0.59914314
1775 0.40599313
1776 0.50070995
1777 0.46970291
1778 0.42489892
1779 0.48640868
1780 0.42828862
1781 0.52553282
1782 0.53788203
1783 0.54767571
1784 0.56486720
1785 0.63552264
1786 0.66440832
1787 0.67703844
1788 0.60568065
1789 0.57186661
1790 0.56793250
1791 0.55152953
1792 0.58385857
1793 0.45802043
1794 0.59185812
1795 0.48677370
1796 0.48597404
1797 0.53008728
1798 0.51056208
1799 0.47547490
1800 0.54694471
1801 0.68173378
1802 0.49549103
1803 0.52694400
1804 0.62533216
1805 0.63237289
1806 0.66440832
1807 0.72070957
1808 0.66764138
1809 0.61418601
1810 0.57105446
1811 0.60012398
1812 0.44530385
1813 0.53680996
1814 0.50698477
1815 0.52822678
1816 0.55180605
1817 0.46278524
1818 0.47008191
1819 0.56840381
1820 0.48469941
1821 0.47523993
1822 0.55581131
1823 0.54721624
1824 0.59928574
1825 0.61833332
1826 0.68986077
1827 0.72070957
1828 0.75566790
1829 0.63964538
1830 0.61280398
1831 0.53030105
1832 0.56203676
1833 0.51457924
1834 0.61558347
1835 0.51841520
1836 0.37472999
1837 0.45803835
1838 0.47400219
1839 0.41167998
1840 0.50037111
1841 0.46860586
1842 0.45170048
1843 0.47692005
1844 0.50509260
1845 0.59982069
1846 0.56980605
1847 0.62686498
1848 0.75566790
1849 0.71930627
1850 0.62103477
1851 0.55766295
1852 0.52418013
1853 0.53855362
1854 0.48970930
1855 0.48449720
1856 0.51032938
1857 0.50336777
1858 0.38871027
1859 0.40441912
1860 0.43976969
1861 0.47606904
1862 0.48275236
1863 0.45314170
1864 0.50580187
1865 0.42045424
1866 0.48602164
1867 0.63536865
1868 0.65061163
1869 0.71930627
1870 0.80042247
1871 0.71268133
1872 0.67449458
1873 0.56796137
1874 0.48567055
1875 0.52853296
1876 0.54019619
1877 0.46166732
1878 0.49371196
1879 0.47292014
1880 0.42768037
1881 0.43208379
1882 0.46740067
1883 0.54978705
1884 0.54151837
1885 0.50458766
1886 0.58334648
1887 0.60692004
1888 0.63812279
1889 0.74765662
1890 0.80042247
1891 0.78799111
1892 0.77776826
1893 0.61355909
1894 0.60438182
1895 0.65953810
1896 0.61481846
1897 0.59823785
1898 0.50853505
1899 0.55603483
1900 0.57285114
1901 0.43899287
1902 0.45113375
1903 0.53572009
1904 0.49737440
1905 0.59486471
1906 0.61492914
1907 0.57539850
1908 0.68739569
1909 0.65265482
1910 0.73793613
1911 0.78799111
1912 0.92315682
1913 0.77088233
1914 0.67409510
1915 0.73612726
1916 0.69731050
1917 0.65925505
1918 0.67811736
1919 0.61736969
1920 0.54203205
1921 0.63690867
1922 0.63081916
1923 0.64156341
1924 0.56873356
1925 0.56903285
1926 0.62902258
1927 0.64179152
1928 0.64634560
1929 0.74545738
1930 0.79900129
1931 0.73724363
1932 0.92315682
1933 0.87922533
1934 0.69598741
1935 0.67867785
1936 0.53998779
1937 0.64249336
1938 0.58852205
1939 0.52892773
1940 0.53796696
1941 0.50103939
1942 0.50266717
1943 0.53831256
1944 0.53705041
1945 0.51499670
1946 0.54409083
1947 0.54208996
1948 0.66548309
1949 0.70390545
1950 0.63559886
1951 0.74277365
1952 0.80248967
1953 0.87922533
1954 0.77136035
1955 0.72395542
1956 0.61345246
1957 0.60872163
1958 0.51233685
1959 0.62082781
1960 0.53130912
1961 0.54648116
1962 0.48962676
1963 0.53621119
1964 0.47153884
1965 0.50523578
1966 0.50931205
1967 0.51040919
1968 0.58540967
1969 0.59488265
1970 0.53619409
1971 0.61878745
1972 0.60794076
1973 0.69188430
1974 0.77136035
1975 0.78558996
1976 0.62337942
1977 0.60266169
1978 0.59015160
1979 0.60479690
1980 0.57776533
1981 0.51218622
1982 0.56557780
1983 0.52016658
1984 0.50655541
1985 0.57010749
1986 0.53797619
1987 0.49750041
1988 0.58358812
1989 0.56450000
1990 0.55149453
1991 0.61848050
1992 0.62168556
1993 0.72660926
1994 0.64095803
1995 0.78558996
1996 0.53676856
1997 0.53241018
1998 0.51814436
1999 0.47366414
2000 0.46910366
2001 0.44265910
2002 0.44048382
2003 0.41479464
2004 0.40607145
2005 0.30969860
2006 0.31452556
2007 0.42670049
2008 0.38896269
2009 0.36070147
2010 0.36150821
2011 0.50769586
2012 0.38706834
2013 0.45788411
2014 0.45184759
2015 0.49262523
2016 0.53676856
2017 0.50153199
2018 0.41766625
2019 0.53410673
2020 0.40196677
2021 0.46029703
2022 0.41910363
2023 0.46389608
2024 0.43414503
2025 0.42732103
2026 0.40503616
2027 0.39825686
2028 0.39313389
2029 0.40450624
2030 0.42940056
2031 0.43039072
2032 0.37867038
2033 0.50998173
2034 0.50640163
2035 0.51746405
2036 0.44005913
2037 0.50153199
2038 0.65025234
2039 0.58391301
2040 0.59656632
2041 0.54016906
2042 0.46128107
2043 0.46595564
2044 0.48218162
2045 0.54495515
2046 0.41508749
2047 0.50711197
2048 0.48630491
2049 0.47967829
2050 0.42981324
2051 0.47357406
2052 0.47280683
2053 0.50533332
2054 0.43013218
2055 0.66504720
2056 0.58247495
2057 0.62909748
2058 0.65025234
2059 0.59206178
2060 0.48579514
2061 0.52044255
2062 0.51148504
2063 0.46563292
2064 0.44092695
2065 0.38399749
2066 0.50615590
2067 0.33855708
2068 0.33573405
2069 0.44491131
2070 0.32675635
2071 0.41577438
2072 0.35241897
2073 0.41631319
2074 0.45048896
2075 0.45656136
2076 0.49736226
2077 0.42379727
2078 0.55435247
2079 0.59206178
2080 0.77422857
2081 0.71916322
2082 0.68094809
2083 0.53142602
2084 0.61552524
2085 0.59301645
2086 0.56962378
2087 0.54675955
2088 0.63504816
2089 0.50342774
2090 0.44999342
2091 0.43670928
2092 0.52096011
2093 0.54639815
2094 0.51062710
2095 0.54144558
2096 0.63073692
2097 0.63616756
2098 0.62645665
2099 0.69825103
2100 0.77422857
2101 0.82463680
2102 0.77297264
2103 0.77839000
2104 0.69242068
2105 0.54339485
2106 0.60573827
2107 0.60778893
2108 0.59239651
2109 0.60805364
2110 0.46530642
2111 0.60833050
2112 0.51151083
2113 0.60068192
2114 0.51484235
2115 0.61468040
2116 0.65423645
2117 0.65338550
2118 0.66945387
2119 0.70739536
2120 0.69918796
2121 0.82463680
2122 0.75862850
2123 0.63810992
2124 0.59882691
2125 0.61852335
2126 0.44705469
2127 0.51154625
2128 0.45994325
2129 0.46351999
2130 0.41091686
2131 0.49639704
2132 0.45505247
2133 0.35332253
2134 0.42491299
2135 0.41278975
2136 0.42992436
2137 0.58341110
2138 0.54378439
2139 0.50052754
2140 0.57054463
2141 0.60755514
2142 0.75862850
2143 0.66165644
2144 0.61005211
2145 0.59910635
2146 0.54621497
2147 0.55326128
2148 0.47635602
2149 0.51939729
2150 0.36338548
2151 0.37476810
2152 0.44815828
2153 0.35074984
2154 0.47327116
2155 0.37304460
2156 0.50037220
2157 0.43540725
2158 0.50032968
2159 0.52937284
2160 0.57346819
2161 0.59000136
2162 0.63810444
2163 0.66165644
2164 0.80336340
2165 0.74787416
2166 0.65943396
2167 0.65829109
2168 0.54921013
2169 0.50237317
2170 0.54615776
2171 0.49601650
2172 0.54656350
2173 0.51081325
2174 0.57451430
2175 0.51275370
2176 0.47013382
2177 0.56733692
2178 0.52959705
2179 0.64430235
2180 0.55720206
2181 0.58967064
2182 0.63951732
2183 0.72236625
2184 0.80336340
2185 0.86674802
2186 0.75542943
2187 0.64043870
2188 0.55650735
2189 0.59563818
2190 0.60075907
2191 0.56950562
2192 0.54096494
2193 0.54272917
2194 0.47093720
2195 0.51654222
2196 0.52147988
2197 0.48493136
2198 0.60442332
2199 0.60352328
2200 0.60732041
2201 0.57130587
2202 0.61621985
2203 0.66050252
2204 0.70734551
2205 0.86674802
2206 0.67875823
2207 0.70269971
2208 0.63704355
2209 0.67378259
2210 0.58334998
2211 0.52652793
2212 0.54516117
2213 0.43269677
2214 0.55993733
2215 0.46291742
2216 0.54637871
2217 0.60824818
2218 0.57092985
2219 0.52759067
2220 0.54590017
2221 0.63245461
2222 0.54303967
2223 0.54151867
2224 0.57140762
2225 0.65268075
2226 0.67875823
2227 0.62942171
2228 0.60562980
2229 0.56214716
2230 0.52195556
2231 0.52500322
2232 0.50297906
2233 0.47822566
2234 0.44721041
2235 0.48835367
2236 0.50515584
2237 0.48181675
2238 0.46922393
2239 0.52723043
2240 0.56983207
2241 0.44227272
2242 0.49115257
2243 0.48490509
2244 0.54216262
2245 0.48234265
2246 0.64328278
2247 0.62942171
2248 0.62670189
2249 0.56607209
2250 0.50387484
2251 0.53234120
2252 0.47803624
2253 0.48122731
2254 0.45778169
2255 0.44589245
2256 0.50534312
2257 0.45782251
2258 0.42102227
2259 0.37227693
2260 0.38071926
2261 0.43533191
2262 0.41048689
2263 0.47014981
2264 0.40377515
2265 0.47186358
2266 0.53294848
2267 0.51350034
2268 0.62670189
2269 0.58323409
2270 0.54179823
2271 0.51355464
2272 0.53356548
2273 0.54677529
2274 0.56362395
2275 0.39851939
2276 0.45711907
2277 0.43109190
2278 0.40075575
2279 0.47413840
2280 0.42690593
2281 0.39182690
2282 0.42804041
2283 0.46494663
2284 0.40232098
2285 0.41875736
2286 0.59160084
2287 0.49192349
2288 0.58077315
2289 0.58323409
2290 0.37913157
2291 0.47159252
2292 0.38570687
2293 0.41976204
2294 0.39720299
2295 0.42365426
2296 0.37824405
2297 0.46197925
2298 0.35698739
2299 0.32536564
2300 0.34108092
2301 0.34161437
2302 0.35886136
2303 0.38980844
2304 0.35441268
2305 0.34918262
2306 0.42928914
2307 0.48608807
2308 0.44764997
2309 0.39568194
2310 0.37913157
2311 0.63432965
2312 0.50139949
2313 0.51319649
2314 0.51293372
2315 0.46676424
2316 0.39854265
2317 0.44314935
2318 0.46002030
2319 0.36305152
2320 0.45056511
2321 0.39243239
2322 0.37099998
2323 0.47982371
2324 0.45869226
2325 0.44385438
2326 0.45466052
2327 0.45842165
2328 0.50982064
2329 0.49846176
2330 0.52934993
2331 0.63432965
2332 0.66379584
2333 0.56692906
2334 0.58587007
2335 0.52253053
2336 0.55573495
2337 0.49104019
2338 0.48284744
2339 0.49605288
2340 0.45367835
2341 0.47762370
2342 0.46510084
2343 0.44957468
2344 0.42759043
2345 0.49602865
2346 0.48505686
2347 0.55489353
2348 0.49720132
2349 0.55631382
2350 0.58950505
2351 0.59431137
2352 0.66379584
2353 0.65675972
2354 0.61209456
2355 0.60007284
2356 0.54753880
2357 0.58710397
2358 0.47897111
2359 0.51628056
2360 0.40956602
2361 0.53753014
2362 0.49506029
2363 0.47762441
2364 0.46650798
2365 0.52290821
2366 0.48268372
2367 0.50340959
2368 0.46352053
2369 0.50567301
2370 0.55003689
2371 0.55452761
2372 0.63491210
2373 0.65675972
2374 0.63302018
2375 0.66723665
2376 0.62303758
2377 0.57488204
2378 0.49481363
2379 0.46523204
2380 0.45272992
2381 0.45676034
2382 0.44997584
2383 0.48329534
2384 0.38491819
2385 0.41895041
2386 0.47092480
2387 0.48218549
2388 0.44486448
2389 0.48465346
2390 0.43774160
2391 0.56903040
2392 0.54055949
2393 0.66903525
2394 0.63302018
2395 0.75249732
2396 0.71103329
2397 0.65939079
2398 0.58503082
2399 0.58218650
2400 0.57157281
2401 0.51506707
2402 0.56987235
2403 0.56524879
2404 0.48838830
2405 0.50258416
2406 0.47543237
2407 0.56775488
2408 0.49401821
2409 0.58554068
2410 0.58555718
2411 0.71041429
2412 0.55768193
2413 0.65699784
2414 0.76701836
2415 0.75249732
2416 0.72114273
2417 0.67445248
2418 0.62663089
2419 0.58192470
2420 0.54643487
2421 0.43427089
2422 0.51244906
2423 0.53859152
2424 0.46237232
2425 0.51473238
2426 0.54092148
2427 0.46786698
2428 0.44322779
2429 0.49561498
2430 0.52389696
2431 0.48582563
2432 0.51651611
2433 0.59405846
2434 0.61196009
2435 0.64052205
2436 0.72114273
2437 0.62646872
2438 0.61579848
2439 0.47169316
2440 0.43136040
2441 0.39264625
2442 0.37632905
2443 0.38075218
2444 0.43850057
2445 0.38753971
2446 0.35623755
2447 0.43497885
2448 0.40204040
2449 0.33010197
2450 0.36126782
2451 0.47067605
2452 0.36292642
2453 0.38012837
2454 0.40082942
2455 0.53639698
2456 0.50873853
2457 0.62646872
2458 0.75276266
2459 0.75685413
2460 0.65860279
2461 0.60276460
2462 0.53457831
2463 0.59742547
2464 0.54211969
2465 0.49274326
2466 0.44808038
2467 0.52691504
2468 0.47613256
2469 0.54280536
2470 0.51382451
2471 0.52295084
2472 0.51574939
2473 0.58453145
2474 0.54104680
2475 0.52860789
2476 0.60107587
2477 0.70205202
2478 0.75276266
2479 0.49060997
2480 0.55929183
2481 0.54036437
2482 0.53295070
2483 0.46112208
2484 0.49478795
2485 0.49965829
2486 0.51168678
2487 0.45845751
2488 0.47120736
2489 0.41638049
2490 0.39770607
2491 0.52490187
2492 0.42272646
2493 0.54884898
2494 0.57724445
2495 0.52567269
2496 0.48675009
2497 0.53579170
2498 0.57410379
2499 0.49060997
2500 0.58489810
2501 0.43025046
2502 0.50426423
2503 0.47352464
2504 0.44258556
2505 0.45123084
2506 0.49756283
2507 0.43137226
2508 0.42821826
2509 0.45395507
2510 0.49326323
2511 0.44153484
2512 0.45046718
2513 0.43686187
2514 0.41865057
2515 0.43463151
2516 0.43315421
2517 0.41107379
2518 0.47870609
2519 0.54622791
2520 0.58489810
2521 0.63459086
2522 0.47223843
2523 0.51669242
2524 0.46618063
2525 0.41335443
2526 0.49619221
2527 0.47880311
2528 0.43796498
2529 0.54168102
2530 0.48871342
2531 0.39236006
2532 0.41850925
2533 0.51840858
2534 0.46504962
2535 0.45803160
2536 0.50839493
2537 0.47582226
2538 0.41131263
2539 0.49110406
2540 0.56592951
2541 0.63459086
2542 0.47717427
2543 0.49220698
2544 0.51231925
2545 0.55584994
2546 0.48991184
2547 0.52115934
2548 0.52365742
2549 0.49145324
2550 0.55478881
2551 0.49070601
2552 0.47949076
2553 0.46466829
2554 0.44268492
2555 0.48369449
2556 0.55864854
2557 0.48694964
2558 0.52399387
2559 0.56325981
2560 0.48688583
2561 0.52757364
2562 0.47717427
2563 0.52812437
2564 0.45834969
2565 0.30445924
2566 0.43617430
2567 0.43239611
2568 0.43610483
2569 0.35973998
2570 0.31393704
2571 0.44179697
2572 0.45172525
2573 0.34595420
2574 0.39886137
2575 0.36216365
2576 0.38070556
2577 0.35565277
2578 0.31792700
2579 0.33465312
2580 0.36537966
2581 0.46103183
2582 0.41626847
2583 0.52812437
2584 0.52660845
2585 0.49526895
2586 0.53335570
2587 0.46277032
2588 0.36403924
2589 0.41214305
2590 0.39316614
2591 0.40549654
2592 0.34612963
2593 0.36173962
2594 0.39233619
2595 0.38338745
2596 0.39175634
2597 0.36723096
2598 0.42730944
2599 0.35399573
2600 0.43618645
2601 0.42485349
2602 0.46713590
2603 0.52018445
2604 0.52660845
2605 0.66717394
2606 0.57784764
2607 0.57765607
2608 0.50052450
2609 0.51367372
2610 0.48021328
2611 0.42751408
2612 0.44648960
2613 0.42527489
2614 0.54561712
2615 0.49783020
2616 0.45865019
2617 0.50182993
2618 0.50274682
2619 0.53087833
2620 0.54799811
2621 0.52632432
2622 0.57871326
2623 0.64503081
2624 0.62671800
2625 0.66717394
2626 0.70911432
2627 0.75964591
2628 0.63768404
2629 0.68494737
2630 0.61096720
2631 0.60351409
2632 0.51296737
2633 0.53738563
2634 0.54074547
2635 0.57302010
2636 0.55934818
2637 0.52867401
2638 0.57930503
2639 0.54420970
2640 0.58106392
2641 0.56248323
2642 0.65321006
2643 0.68883107
2644 0.70217666
2645 0.66499616
2646 0.70911432
2647 0.71243818
2648 0.71563565
2649 0.56171502
2650 0.51925155
2651 0.51916552
2652 0.46651743
2653 0.48259369
2654 0.48553516
2655 0.46048120
2656 0.52270903
2657 0.55178014
2658 0.53737250
2659 0.44636825
2660 0.46946669
2661 0.59731974
2662 0.45475460
2663 0.52577563
2664 0.52065528
2665 0.55394585
2666 0.66617574
2667 0.71243818
2668 0.59335696
2669 0.53718422
2670 0.48488182
2671 0.43488461
2672 0.38235814
2673 0.42738937
2674 0.34296635
2675 0.32820187
2676 0.34470804
2677 0.34466117
2678 0.36230234
2679 0.29906489
2680 0.36046848
2681 0.41240715
2682 0.41956255
2683 0.32842845
2684 0.36363874
2685 0.46416141
2686 0.44473433
2687 0.59516560
2688 0.59335696
2689 0.63142280
2690 0.45375063
2691 0.50832389
2692 0.42932014
2693 0.51672137
2694 0.36681429
2695 0.34126361
2696 0.46957642
2697 0.34370565
2698 0.34898332
2699 0.40752360
2700 0.39878010
2701 0.49182671
2702 0.33063016
2703 0.34573612
2704 0.44996422
2705 0.39286899
2706 0.48990384
2707 0.47977351
2708 0.55676077
2709 0.63142280
2710 0.62420485
2711 0.51939845
2712 0.46701850
2713 0.53324281
2714 0.60187776
2715 0.49905547
2716 0.46771023
2717 0.44146063
2718 0.50291250
2719 0.47907482
2720 0.43811776
2721 0.36227918
2722 0.43759320
2723 0.49522272
2724 0.47460439
2725 0.53613592
2726 0.45800153
2727 0.41780570
2728 0.47683412
2729 0.55938830
2730 0.62420485
2731 0.46340300
2732 0.51307212
2733 0.47681023
2734 0.44358995
2735 0.44786472
2736 0.51971007
2737 0.42895850
2738 0.36647317
2739 0.37269331
2740 0.43726944
2741 0.38880915
2742 0.42680558
2743 0.48630093
2744 0.44136104
2745 0.42377332
2746 0.43161054
2747 0.49944522
2748 0.46285947
2749 0.48722520
2750 0.49060285
2751 0.46340300
2752 0.49498499
2753 0.46414492
2754 0.41561389
2755 0.38302268
2756 0.46528829
2757 0.42288360
2758 0.43113472
2759 0.40849981
2760 0.38105190
2761 0.41351779
2762 0.45920308
2763 0.44172872
2764 0.41605352
2765 0.42580955
2766 0.41848074
2767 0.50782698
2768 0.41934393
2769 0.45114563
2770 0.38084471
2771 0.46735457
2772 0.49498499
2773 0.47675086
2774 0.43501014
2775 0.44894448
2776 0.38646281
2777 0.45450703
2778 0.42590146
2779 0.36764542
2780 0.44317539
2781 0.45693694
2782 0.39997743
2783 0.41265660
2784 0.36833021
2785 0.45720876
2786 0.42174397
2787 0.38605122
2788 0.49190053
2789 0.51196662
2790 0.44642375
2791 0.48014224
2792 0.45080037
2793 0.47675086
2794 0.39554182
2795 0.40870774
2796 0.45145577
2797 0.43963489
2798 0.50651487
2799 0.40439319
2800 0.41524717
2801 0.42618530
2802 0.47188186
2803 0.43688571
2804 0.46333416
2805 0.42159770
2806 0.42010574
2807 0.43870339
2808 0.47838956
2809 0.42791722
2810 0.46546159
2811 0.42591090
2812 0.45012514
2813 0.48185380
2814 0.39554182
2815 0.38704635
2816 0.44628360
2817 0.38354824
2818 0.38600035
2819 0.40278043
2820 0.39718299
2821 0.45622450
2822 0.35068298
2823 0.46054063
2824 0.33644697
2825 0.40994777
2826 0.38741153
2827 0.42373103
2828 0.38559213
2829 0.40038205
2830 0.41583996
2831 0.43562417
2832 0.36399377
2833 0.40590799
2834 0.48448659
2835 0.38704635
2836 0.45869033
2837 0.49777725
2838 0.49904420
2839 0.52465747
2840 0.43999243
2841 0.48737539
2842 0.38884116
2843 0.38553177
2844 0.53793077
2845 0.46501235
2846 0.42361506
2847 0.40671363
2848 0.41893120
2849 0.47887249
2850 0.38862255
2851 0.42679271
2852 0.44845596
2853 0.49286171
2854 0.45910548
2855 0.51559831
2856 0.45869033
2857 0.54453147
2858 0.56339260
2859 0.51411889
2860 0.54570683
2861 0.56164016
2862 0.51210947
2863 0.52278662
2864 0.47180982
2865 0.50138098
2866 0.53825451
2867 0.49355592
2868 0.44068668
2869 0.42376065
2870 0.57083430
2871 0.45715998
2872 0.53889908
2873 0.55944503
2874 0.47265215
2875 0.57624376
2876 0.52028662
2877 0.54453147
2878 0.57794982
2879 0.60852755
2880 0.60599492
2881 0.48739300
2882 0.46540049
2883 0.44855909
2884 0.52018743
2885 0.44113687
2886 0.46447733
2887 0.37118997
2888 0.43593271
2889 0.41536467
2890 0.47229399
2891 0.39693195
2892 0.47504453
2893 0.40541618
2894 0.47344703
2895 0.49151551
2896 0.50710486
2897 0.62082150
2898 0.57794982
2899 0.71051032
2900 0.68752979
2901 0.64210736
2902 0.59235767
2903 0.58492730
2904 0.58454943
2905 0.56421872
2906 0.64222800
2907 0.47966058
2908 0.53511768
2909 0.52044651
2910 0.51854693
2911 0.52908168
2912 0.53899591
2913 0.57763429
2914 0.50232826
2915 0.65361028
2916 0.65275410
2917 0.69848329
2918 0.62717839
2919 0.71051032
2920 0.63895532
2921 0.58280055
2922 0.53926594
2923 0.55315544
2924 0.44722476
2925 0.44195573
2926 0.45395070
2927 0.46537075
2928 0.39653921
2929 0.41281012
2930 0.45234412
2931 0.44873976
2932 0.39377041
2933 0.39447496
2934 0.41492772
2935 0.44543761
2936 0.45831641
2937 0.54555929
2938 0.50472360
2939 0.56495794
2940 0.63895532
2941 0.54570988
2942 0.53914464
2943 0.48902979
2944 0.51805919
2945 0.47308493
2946 0.49992323
2947 0.39500033
2948 0.35137238
2949 0.42189162
2950 0.42146072
2951 0.42512052
2952 0.38959860
2953 0.47776370
2954 0.42361636
2955 0.47634681
2956 0.52875846
2957 0.42523439
2958 0.51634074
2959 0.49345926
2960 0.53899816
2961 0.54570988
2962 0.48701558
2963 0.40782306
2964 0.42945245
2965 0.38123440
2966 0.40131277
2967 0.29803047
2968 0.37858685
2969 0.34915304
2970 0.33004064
2971 0.30447389
2972 0.39885379
2973 0.28791352
2974 0.41862314
2975 0.36952158
2976 0.38243265
2977 0.37536949
2978 0.30513651
2979 0.37222914
2980 0.37137954
2981 0.46245513
2982 0.48701558
2983 0.46128418
2984 0.45750524
2985 0.50176324
2986 0.45058733
2987 0.30779091
2988 0.39993771
2989 0.39848392
2990 0.38859559
2991 0.45197320
2992 0.46617106
2993 0.43728247
2994 0.34305928
2995 0.42582026
2996 0.42607864
2997 0.42185571
2998 0.40506573
2999 0.46948519
3000 0.45476173
3001 0.42911771
3002 0.43552050
3003 0.46128418
3004 0.41244536
3005 0.42135603
3006 0.42855922
3007 0.35106156
3008 0.42781884
3009 0.30505595
3010 0.32083377
3011 0.34801496
3012 0.39626275
3013 0.38915271
3014 0.38475520
3015 0.36971125
3016 0.31578285
3017 0.37826670
3018 0.39354035
3019 0.33952504
3020 0.41736951
3021 0.40247041
3022 0.43269650
3023 0.39303263
3024 0.41244536
