index DenDen_momentum
1 144.66448364
2 144.72907685
3 144.68057845
4 144.74221389
5 144.75785196
6 144.66413912
7 144.67763664
8 144.67537222
9 144.77599611
10 144.64585088
11 144.65226839
12 144.69479425
13 144.66020067
14 144.73420083
15 144.78584162
16 144.65174672
17 144.64317982
18 144.70747573
19 144.71605188
20 144.76678978
21 144.66448364
22 0.39939525
23 0.38190940
24 0.41716890
25 0.47425231
26 0.41048615
27 0.37214051
28 0.36404137
29 0.38058373
30 0.40628232
31 0.39403782
32 0.39247781
33 0.36179995
34 0.40721921
35 0.34096280
36 0.36213049
37 0.40823688
38 0.40178836
39 0.37041958
40 0.44226742
41 0.42167959
42 0.39939525
43 0.42980174
44 0.45024897
45 0.47351329
46 0.44952259
47 0.41116739
48 0.36437145
49 0.38497867
50 0.33843437
51 0.34976991
52 0.42957057
53 0.42275765
54 0.40399101
55 0.43507408
56 0.46214651
57 0.37599552
58 0.40578383
59 0.40951235
60 0.45325399
61 0.45685911
62 0.39635108
63 0.42980174
64 0.46512302
65 0.44107869
66 0.38612465
67 0.38274294
68 0.36684001
69 0.37179059
70 0.37898397
71 0.41620740
72 0.33977876
73 0.36534584
74 0.27499105
75 0.33660681
76 0.40135880
77 0.40884055
78 0.39549079
79 0.35741348
80 0.41719141
81 0.40271205
82 0.41317157
83 0.41118057
84 0.46512302
85 0.62322405
86 0.53293484
87 0.60846789
88 0.49071980
89 0.56990077
90 0.52095535
91 0.48793913
92 0.47679789
93 0.48394082
94 0.41612785
95 0.41760022
96 0.41184810
97 0.46771989
98 0.36312194
99 0.44545974
100 0.50016997
101 0.47238678
102 0.49214671
103 0.51818417
104 0.64618593
105 0.62322405
106 0.56836419
107 0.50354292
108 0.50110649
109 0.41570347
110 0.34563648
111 0.47267777
112 0.44078642
113 0.40905396
114 0.39965349
115 0.39689652
116 0.42219461
117 0.35113931
118 0.46651372
119 0.39415134
120 0.38514588
121 0.40688562
122 0.43772795
123 0.50696847
124 0.39411221
125 0.45950586
126 0.56836419
127 0.59423376
128 0.49144734
129 0.61123258
130 0.56355472
131 0.61780199
132 0.51029249
133 0.62757855
134 0.47664267
135 0.44031260
136 0.51472036
137 0.55993771
138 0.54949255
139 0.53501641
140 0.57773283
141 0.48905053
142 0.60620457
143 0.54141843
144 0.55147210
145 0.61846843
146 0.73002218
147 0.59423376
148 0.56836419
149 0.50354292
150 0.50110649
151 0.41570347
152 0.34563648
153 0.47267777
154 0.44078642
155 0.40905396
156 0.39965349
157 0.39689652
158 0.42219461
159 0.35113931
160 0.46651372
161 0.39415134
162 0.38514588
163 0.40688562
164 0.43772795
165 0.50696847
166 0.39411221
167 0.45950586
168 0.56836419
169 0.62322405
170 0.53293484
171 0.60846789
172 0.49071980
173 0.56990077
174 0.52095535
175 0.48793913
176 0.47679789
177 0.48394082
178 0.41612785
179 0.41760022
180 0.41184810
181 0.46771989
182 0.36312194
183 0.44545974
184 0.50016997
185 0.47238678
186 0.49214671
187 0.51818417
188 0.64618593
189 0.62322405
190 0.46512302
191 0.44107869
192 0.38612465
193 0.38274294
194 0.36684001
195 0.37179059
196 0.37898397
197 0.41620740
198 0.33977876
199 0.36534584
200 0.27499105
201 0.33660681
202 0.40135880
203 0.40884055
204 0.39549079
205 0.35741348
206 0.41719141
207 0.40271205
208 0.41317157
209 0.41118057
210 0.46512302
211 0.42980174
212 0.45024897
213 0.47351329
214 0.44952259
215 0.41116739
216 0.36437145
217 0.38497867
218 0.33843437
219 0.34976991
220 0.42957057
221 0.42275765
222 0.40399101
223 0.43507408
224 0.46214651
225 0.37599552
226 0.40578383
227 0.40951235
228 0.45325399
229 0.45685911
230 0.39635108
231 0.42980174
232 0.39939525
233 0.38190940
234 0.41716890
235 0.47425231
236 0.41048615
237 0.37214051
238 0.36404137
239 0.38058373
240 0.40628232
241 0.39403782
242 0.39247781
243 0.36179995
244 0.40721921
245 0.34096280
246 0.36213049
247 0.40823688
248 0.40178836
249 0.37041958
250 0.44226742
251 0.42167959
252 0.39939525
253 0.43025551
254 0.42581905
255 0.40548034
256 0.37299864
257 0.36729473
258 0.40244442
259 0.30312954
260 0.37353866
261 0.42427044
262 0.40585889
263 0.40455993
264 0.35528856
265 0.40264560
266 0.40855605
267 0.33174360
268 0.42154699
269 0.39002919
270 0.42591402
271 0.44561526
272 0.46302668
273 0.43025551
274 0.40673274
275 0.47470643
276 0.40831053
277 0.49009082
278 0.50212963
279 0.40534594
280 0.41511128
281 0.46419736
282 0.44616167
283 0.40073176
284 0.49160356
285 0.47741007
286 0.43270822
287 0.41920770
288 0.38234004
289 0.41718521
290 0.42009262
291 0.40853773
292 0.33115912
293 0.42079894
294 0.40673274
295 0.45977043
296 0.39305105
297 0.47951288
298 0.42623151
299 0.47203268
300 0.38522961
301 0.31743506
302 0.46169206
303 0.37960727
304 0.34063154
305 0.44301052
306 0.38598630
307 0.39447551
308 0.40574378
309 0.45770477
310 0.47519635
311 0.40739502
312 0.47875289
313 0.45866012
314 0.43566939
315 0.45977043
316 0.60899677
317 0.53125963
318 0.56576050
319 0.51856456
320 0.50209412
321 0.37225923
322 0.49604545
323 0.45130438
324 0.46237158
325 0.46911675
326 0.44702264
327 0.47083628
328 0.39811784
329 0.49737627
330 0.43444724
331 0.45657894
332 0.44717052
333 0.57028157
334 0.56034282
335 0.51518862
336 0.60899677
337 0.52085930
338 0.54754532
339 0.38745852
340 0.47970035
341 0.44569250
342 0.33927454
343 0.45555577
344 0.40190290
345 0.39846586
346 0.35861317
347 0.38166112
348 0.39071742
349 0.36654723
350 0.38380397
351 0.35366056
352 0.36767375
353 0.42902200
354 0.42496737
355 0.45975541
356 0.53507300
357 0.52085930
358 0.58164056
359 0.49655091
360 0.56194489
361 0.53741328
362 0.49579127
363 0.42698484
364 0.49035690
365 0.41908916
366 0.47185017
367 0.45886921
368 0.40618429
369 0.44200008
370 0.45833281
371 0.46031861
372 0.38783734
373 0.40023479
374 0.52416930
375 0.53869711
376 0.56041816
377 0.55190962
378 0.58164056
379 0.64047857
380 0.59606194
381 0.55861296
382 0.57815714
383 0.41767153
384 0.43729130
385 0.50551201
386 0.44614157
387 0.49728092
388 0.44871472
389 0.41114892
390 0.39643014
391 0.46458330
392 0.41182703
393 0.55893450
394 0.50412526
395 0.48885834
396 0.44317515
397 0.57508410
398 0.57527974
399 0.64047857
400 0.69966504
401 0.63860217
402 0.58575322
403 0.55909489
404 0.55984029
405 0.53799061
406 0.51378378
407 0.51610766
408 0.45902379
409 0.47271287
410 0.39601779
411 0.42784282
412 0.52261156
413 0.54030259
414 0.43259655
415 0.47623371
416 0.59217862
417 0.44975915
418 0.62783435
419 0.62397071
420 0.69966504
421 0.60145720
422 0.68577298
423 0.57425349
424 0.54643478
425 0.57343377
426 0.52724570
427 0.55935075
428 0.50181553
429 0.46922549
430 0.53258116
431 0.54051797
432 0.50599629
433 0.50522731
434 0.47536916
435 0.57584904
436 0.52086029
437 0.61847533
438 0.58878307
439 0.60539540
440 0.59426131
441 0.60145720
442 0.53231157
443 0.46903918
444 0.44247436
445 0.43875593
446 0.38671364
447 0.38718984
448 0.38398129
449 0.38700525
450 0.36707802
451 0.38356278
452 0.33184108
453 0.33881425
454 0.38392872
455 0.40810971
456 0.47882237
457 0.37978055
458 0.43655622
459 0.45736641
460 0.46456604
461 0.52724985
462 0.53231157
463 0.48297678
464 0.37713977
465 0.45496577
466 0.46344994
467 0.45754490
468 0.47852841
469 0.46537592
470 0.37421157
471 0.43551557
472 0.30772707
473 0.34029922
474 0.39205962
475 0.35064654
476 0.43093062
477 0.39018772
478 0.42606093
479 0.43966045
480 0.41845648
481 0.46520426
482 0.45733757
483 0.48297678
484 0.42679649
485 0.40086830
486 0.40924305
487 0.43004398
488 0.40088547
489 0.43856434
490 0.47792129
491 0.36292749
492 0.33966806
493 0.30423964
494 0.41208728
495 0.36359205
496 0.38368354
497 0.43595172
498 0.37724219
499 0.36641472
500 0.41505793
501 0.40503111
502 0.38018283
503 0.46353589
504 0.42679649
505 0.51978677
506 0.47955831
507 0.46783341
508 0.40637391
509 0.49009807
510 0.39194331
511 0.46819704
512 0.41205194
513 0.36791624
514 0.43404556
515 0.43831088
516 0.38207643
517 0.42765564
518 0.41308821
519 0.43767444
520 0.47518961
521 0.45116287
522 0.43582416
523 0.50334489
524 0.46485445
525 0.51978677
526 0.47984644
527 0.48037190
528 0.53295162
529 0.51092045
530 0.47293995
531 0.54169370
532 0.47664831
533 0.48933193
534 0.43241910
535 0.48880423
536 0.48585171
537 0.44808318
538 0.45225366
539 0.46299307
540 0.52377094
541 0.50465218
542 0.50145578
543 0.47949648
544 0.50001684
545 0.45847373
546 0.47984644
547 0.48094076
548 0.50218514
549 0.51005731
550 0.39005926
551 0.38842523
552 0.41625113
553 0.39315722
554 0.39843989
555 0.43231589
556 0.44032716
557 0.46371674
558 0.44134838
559 0.43812188
560 0.46314870
561 0.47727136
562 0.39655877
563 0.44456955
564 0.42361423
565 0.53663389
566 0.50370245
567 0.48094076
568 0.59548227
569 0.54194131
570 0.53333833
571 0.49471560
572 0.42446889
573 0.54033265
574 0.46294758
575 0.46337154
576 0.45033993
577 0.48281630
578 0.47459565
579 0.45286324
580 0.48063198
581 0.51456792
582 0.45282795
583 0.50016926
584 0.42366108
585 0.53849142
586 0.55948741
587 0.56967980
588 0.59548227
589 0.62208143
590 0.61377553
591 0.56109533
592 0.59492956
593 0.43717592
594 0.51450870
595 0.47160961
596 0.48128661
597 0.48561082
598 0.44383880
599 0.44909135
600 0.48522506
601 0.46785628
602 0.62719503
603 0.49882610
604 0.46249349
605 0.54710194
606 0.48896139
607 0.52269006
608 0.66658219
609 0.62208143
610 0.67360391
611 0.63948261
612 0.62908020
613 0.44260953
614 0.48559936
615 0.44701459
616 0.43567467
617 0.42932204
618 0.44480012
619 0.42562879
620 0.41419960
621 0.40530685
622 0.37206821
623 0.42621681
624 0.47414917
625 0.52331048
626 0.51989458
627 0.53583264
628 0.60918349
629 0.54276975
630 0.67360391
631 0.65033509
632 0.55711595
633 0.51969366
634 0.50102730
635 0.46374334
636 0.52206905
637 0.38247679
638 0.46714608
639 0.49686256
640 0.45896574
641 0.40525468
642 0.33767806
643 0.45594627
644 0.55235657
645 0.40590578
646 0.47467220
647 0.50113375
648 0.48703587
649 0.58030114
650 0.49186173
651 0.65033509
652 0.72919067
653 0.62837267
654 0.56454705
655 0.57240313
656 0.56848062
657 0.56137256
658 0.49908708
659 0.46616659
660 0.50965197
661 0.39563789
662 0.53801891
663 0.44975996
664 0.51041061
665 0.58326263
666 0.47474828
667 0.63007193
668 0.51226220
669 0.51522566
670 0.55661442
671 0.70996773
672 0.72919067
673 0.63775557
674 0.49604150
675 0.51883524
676 0.46705711
677 0.44279467
678 0.42353743
679 0.48705875
680 0.34874348
681 0.43971339
682 0.44772988
683 0.41308513
684 0.40870595
685 0.34996596
686 0.45147308
687 0.45584175
688 0.39502809
689 0.52480601
690 0.46767948
691 0.53139972
692 0.54965378
693 0.63775557
694 0.56891494
695 0.52699798
696 0.49057057
697 0.47127377
698 0.45480984
699 0.37771730
700 0.46186135
701 0.38118431
702 0.44170778
703 0.34684960
704 0.36231404
705 0.42656668
706 0.40619580
707 0.39327530
708 0.39118950
709 0.45572280
710 0.44891114
711 0.43848846
712 0.45533564
713 0.44314083
714 0.56891494
715 0.45431824
716 0.39914822
717 0.47809762
718 0.38208348
719 0.37711086
720 0.38218875
721 0.36384812
722 0.38724653
723 0.38071700
724 0.43248935
725 0.36400568
726 0.46481288
727 0.44011816
728 0.44457776
729 0.39649633
730 0.38019337
731 0.36129844
732 0.44515475
733 0.45181305
734 0.45634795
735 0.45431824
736 0.53078474
737 0.57715609
738 0.60292764
739 0.57060629
740 0.51008353
741 0.54284165
742 0.45337908
743 0.42120399
744 0.49032845
745 0.47501323
746 0.53347367
747 0.51726886
748 0.48787310
749 0.45081059
750 0.54116949
751 0.42189891
752 0.52033997
753 0.55722355
754 0.52527616
755 0.61702262
756 0.53078474
757 0.50188519
758 0.50248470
759 0.52715394
760 0.47586561
761 0.50221345
762 0.50921907
763 0.50220015
764 0.50969163
765 0.39335319
766 0.56698694
767 0.42137956
768 0.47581841
769 0.50767138
770 0.52769570
771 0.44052257
772 0.51899732
773 0.52332710
774 0.44642427
775 0.53707469
776 0.54381143
777 0.50188519
778 0.52706825
779 0.52947677
780 0.46138877
781 0.52337975
782 0.44552243
783 0.50005798
784 0.47449506
785 0.48746965
786 0.43208578
787 0.39921087
788 0.39494624
789 0.39050205
790 0.43759627
791 0.39593119
792 0.46628681
793 0.42011037
794 0.47097966
795 0.43663439
796 0.47030271
797 0.50608873
798 0.52706825
799 0.51116215
800 0.59556059
801 0.51495353
802 0.57501345
803 0.52217984
804 0.49427840
805 0.43688548
806 0.36139207
807 0.45330625
808 0.45356468
809 0.39734828
810 0.40235971
811 0.38251843
812 0.43390008
813 0.39062637
814 0.50064449
815 0.45800976
816 0.51637414
817 0.57563129
818 0.53585211
819 0.51116215
820 0.59987366
821 0.56939968
822 0.49854187
823 0.53626215
824 0.47454276
825 0.43443190
826 0.44572296
827 0.41648450
828 0.44312632
829 0.40311347
830 0.48515745
831 0.43494261
832 0.40595854
833 0.47744504
834 0.48310234
835 0.43695620
836 0.52524902
837 0.49368427
838 0.52263407
839 0.50625061
840 0.59987366
841 0.62350925
842 0.60988398
843 0.58969500
844 0.53314132
845 0.56829671
846 0.50879711
847 0.48232552
848 0.48864178
849 0.43412835
850 0.32351131
851 0.45512516
852 0.46694664
853 0.43424162
854 0.52884150
855 0.44232520
856 0.42144355
857 0.53155865
858 0.63799152
859 0.60925494
860 0.55171853
861 0.62350925
862 0.88777107
863 0.82912368
864 0.82298356
865 0.75679436
866 0.79098682
867 0.66711391
868 0.61365636
869 0.59705053
870 0.65469985
871 0.68025732
872 0.66119114
873 0.60288131
874 0.56094994
875 0.63439904
876 0.67651278
877 0.70693014
878 0.76200531
879 0.69018854
880 0.82879134
881 0.76555224
882 0.88777107
883 0.70617503
884 0.59745629
885 0.54064973
886 0.53635022
887 0.45617034
888 0.41739474
889 0.42011200
890 0.35783823
891 0.40920751
892 0.34137315
893 0.44293532
894 0.32091725
895 0.46244515
896 0.40290189
897 0.49860645
898 0.40841183
899 0.44896048
900 0.47398513
901 0.51020184
902 0.63888618
903 0.70617503
904 0.96607482
905 0.83348791
906 0.73002501
907 0.70330737
908 0.71512841
909 0.64848688
910 0.64476025
911 0.62693678
912 0.60368490
913 0.66512012
914 0.59639741
915 0.57969455
916 0.64041116
917 0.72185202
918 0.65347308
919 0.60940701
920 0.68193553
921 0.69798914
922 0.69373187
923 0.83056982
924 0.96607482
925 0.61478567
926 0.73073299
927 0.54103654
928 0.49550045
929 0.55729969
930 0.44692634
931 0.40875641
932 0.42754097
933 0.43797923
934 0.47042361
935 0.39219461
936 0.39082414
937 0.49841626
938 0.51623120
939 0.55860586
940 0.48428754
941 0.46613905
942 0.53081004
943 0.58393617
944 0.61882122
945 0.61478567
946 0.68643263
947 0.53590032
948 0.51111683
949 0.51296036
950 0.54790028
951 0.43826383
952 0.41500447
953 0.43058622
954 0.48099121
955 0.48677347
956 0.43654554
957 0.45470731
958 0.45690039
959 0.43983639
960 0.40095607
961 0.48050200
962 0.53299936
963 0.52975044
964 0.57798205
965 0.56405549
966 0.68643263
967 0.53768552
968 0.51567239
969 0.51282040
970 0.47703770
971 0.42374834
972 0.47380505
973 0.54084824
974 0.39432447
975 0.43590445
976 0.38301983
977 0.43480015
978 0.46060561
979 0.45870717
980 0.37972911
981 0.39856571
982 0.49109381
983 0.47978123
984 0.50979906
985 0.54969843
986 0.49049747
987 0.53768552
988 0.63004756
989 0.56243892
990 0.51789677
991 0.49477259
992 0.40795194
993 0.42411552
994 0.40174498
995 0.47552312
996 0.42190580
997 0.41981832
998 0.40088388
999 0.37922155
1000 0.45397295
1001 0.40698136
1002 0.42858723
1003 0.37357625
1004 0.48527079
1005 0.50673698
1006 0.55796718
1007 0.50937064
1008 0.63004756
1009 0.50304741
1010 0.54309912
1011 0.47569212
1012 0.43266204
1013 0.40036404
1014 0.49764389
1015 0.45322454
1016 0.40367720
1017 0.44621020
1018 0.42264218
1019 0.43456234
1020 0.39850102
1021 0.48733177
1022 0.43904111
1023 0.43953517
1024 0.44302993
1025 0.41254113
1026 0.49588616
1027 0.57085010
1028 0.55148387
1029 0.50304741
1030 0.64218372
1031 0.54862204
1032 0.49658778
1033 0.41668323
1034 0.42060552
1035 0.48032605
1036 0.40920177
1037 0.42228504
1038 0.44764397
1039 0.39452018
1040 0.41787951
1041 0.36566129
1042 0.36721722
1043 0.37324613
1044 0.38581366
1045 0.39709797
1046 0.46018687
1047 0.50459437
1048 0.50208013
1049 0.61108733
1050 0.64218372
1051 0.60952035
1052 0.57994345
1053 0.51408149
1054 0.51589152
1055 0.46394561
1056 0.44185985
1057 0.45854764
1058 0.47106478
1059 0.46322646
1060 0.44762831
1061 0.46340851
1062 0.46965167
1063 0.39646605
1064 0.45644446
1065 0.42867146
1066 0.41662939
1067 0.42136790
1068 0.51947228
1069 0.49582203
1070 0.49453229
1071 0.60952035
1072 0.70186058
1073 0.58510886
1074 0.63829728
1075 0.57668392
1076 0.53490456
1077 0.44529490
1078 0.58931042
1079 0.51620566
1080 0.48772921
1081 0.45156597
1082 0.48573728
1083 0.47981007
1084 0.51613143
1085 0.53222007
1086 0.48210976
1087 0.52055744
1088 0.51451282
1089 0.55780584
1090 0.59785755
1091 0.59964620
1092 0.70186058
1093 0.66111058
1094 0.60001095
1095 0.60680723
1096 0.58381667
1097 0.58500099
1098 0.47850336
1099 0.52820744
1100 0.48393433
1101 0.47736771
1102 0.49303946
1103 0.43300336
1104 0.44612893
1105 0.46734530
1106 0.44856718
1107 0.43735786
1108 0.50178303
1109 0.51991989
1110 0.52107205
1111 0.66676882
1112 0.68082650
1113 0.66111058
1114 0.83963194
1115 0.83192751
1116 0.83240658
1117 0.71303717
1118 0.69682223
1119 0.67323502
1120 0.67946148
1121 0.71609639
1122 0.63519209
1123 0.61292832
1124 0.62965115
1125 0.62426017
1126 0.65545809
1127 0.65222022
1128 0.69743095
1129 0.68327924
1130 0.68497374
1131 0.75433424
1132 0.83355252
1133 0.81456270
1134 0.83963194
1135 0.80618764
1136 0.82061931
1137 0.70702180
1138 0.70103474
1139 0.58173907
1140 0.56846089
1141 0.56330903
1142 0.59080329
1143 0.55882511
1144 0.60277022
1145 0.56952840
1146 0.50858169
1147 0.60992746
1148 0.60266732
1149 0.55652722
1150 0.68109484
1151 0.56352526
1152 0.67905730
1153 0.69975566
1154 0.72258887
1155 0.80618764
1156 0.81733855
1157 0.73611516
1158 0.68133635
1159 0.63053395
1160 0.63536237
1161 0.56088069
1162 0.55954766
1163 0.49008015
1164 0.58147583
1165 0.46792660
1166 0.58940054
1167 0.50816486
1168 0.52252473
1169 0.58854333
1170 0.48880411
1171 0.54443439
1172 0.55947708
1173 0.65147135
1174 0.67464745
1175 0.79363329
1176 0.81733855
1177 0.77950281
1178 0.64462215
1179 0.64704404
1180 0.53257603
1181 0.56347878
1182 0.58346898
1183 0.55545563
1184 0.45672863
1185 0.51282018
1186 0.46717149
1187 0.43111224
1188 0.46133866
1189 0.44512375
1190 0.44663213
1191 0.50544358
1192 0.47809987
1193 0.53742991
1194 0.55500905
1195 0.56318064
1196 0.70862573
1197 0.77950281
1198 0.63566516
1199 0.53220267
1200 0.49368002
1201 0.51587207
1202 0.43935507
1203 0.36943351
1204 0.37615107
1205 0.37850847
1206 0.37236620
1207 0.37437115
1208 0.35162021
1209 0.41593797
1210 0.38967206
1211 0.40914069
1212 0.45661400
1213 0.39195195
1214 0.46431152
1215 0.50429668
1216 0.50718222
1217 0.61769376
1218 0.63566516
1219 0.65731815
1220 0.60935889
1221 0.52735742
1222 0.51301132
1223 0.48326125
1224 0.49009419
1225 0.46301350
1226 0.47489568
1227 0.45531202
1228 0.41101387
1229 0.39046078
1230 0.41536125
1231 0.49605197
1232 0.52872637
1233 0.42837913
1234 0.45472136
1235 0.52081073
1236 0.54542508
1237 0.50261943
1238 0.54913871
1239 0.65731815
1240 0.66467622
1241 0.52890264
1242 0.58914451
1243 0.55859924
1244 0.53785747
1245 0.53348182
1246 0.48387973
1247 0.44069140
1248 0.51091509
1249 0.45519734
1250 0.50594972
1251 0.48844508
1252 0.43032066
1253 0.41527087
1254 0.48534140
1255 0.42705501
1256 0.45932394
1257 0.54452455
1258 0.55995253
1259 0.57987394
1260 0.66467622
1261 0.59931635
1262 0.60847758
1263 0.45417593
1264 0.46775521
1265 0.46840799
1266 0.47706054
1267 0.41110897
1268 0.52800359
1269 0.42431234
1270 0.35624264
1271 0.37379914
1272 0.42928087
1273 0.46309047
1274 0.43619184
1275 0.41829429
1276 0.45115420
1277 0.48427794
1278 0.52526566
1279 0.51173252
1280 0.51169838
1281 0.59931635
1282 0.68273111
1283 0.67449073
1284 0.56100094
1285 0.57117323
1286 0.54169781
1287 0.52786699
1288 0.45882867
1289 0.49781330
1290 0.47515414
1291 0.51080807
1292 0.41811176
1293 0.46502957
1294 0.49317840
1295 0.49145679
1296 0.54447535
1297 0.49147554
1298 0.48205543
1299 0.53366603
1300 0.56659888
1301 0.61261806
1302 0.68273111
1303 0.68623205
1304 0.53557146
1305 0.54229045
1306 0.40387278
1307 0.46202691
1308 0.39790776
1309 0.44693900
1310 0.37966851
1311 0.37714999
1312 0.42804153
1313 0.33011985
1314 0.47754167
1315 0.42451153
1316 0.41604440
1317 0.47014328
1318 0.42851034
1319 0.42962885
1320 0.48441129
1321 0.48389240
1322 0.51449934
1323 0.68623205
1324 0.64384785
1325 0.63323418
1326 0.57791910
1327 0.55184885
1328 0.46908399
1329 0.43478609
1330 0.52571572
1331 0.50215669
1332 0.48447724
1333 0.45438898
1334 0.43116140
1335 0.46278810
1336 0.45589132
1337 0.46032999
1338 0.46464046
1339 0.43693990
1340 0.60214527
1341 0.49976200
1342 0.56886977
1343 0.69528115
1344 0.64384785
1345 0.78150861
1346 0.71131955
1347 0.64825257
1348 0.59110656
1349 0.53477733
1350 0.51759455
1351 0.51145805
1352 0.44910544
1353 0.47831509
1354 0.48152192
1355 0.47532745
1356 0.52417939
1357 0.47081652
1358 0.50388214
1359 0.52311462
1360 0.55144682
1361 0.53043615
1362 0.70498885
1363 0.63210609
1364 0.68716481
1365 0.78150861
1366 0.88789271
1367 0.89781073
1368 0.84890679
1369 0.74382827
1370 0.74607158
1371 0.74088554
1372 0.83903531
1373 0.65187153
1374 0.66620456
1375 0.63617560
1376 0.70392330
1377 0.65002123
1378 0.61364173
1379 0.69264023
1380 0.71336074
1381 0.72660236
1382 0.75773363
1383 0.74639814
1384 0.75995612
1385 0.94875965
1386 0.88789271
1387 0.92544870
1388 0.75355816
1389 0.78773715
1390 0.71304817
1391 0.70643269
1392 0.70593402
1393 0.61698766
1394 0.73210419
1395 0.57384074
1396 0.63014671
1397 0.64757986
1398 0.58274888
1399 0.59775126
1400 0.63183728
1401 0.57276316
1402 0.60460436
1403 0.66875627
1404 0.68533626
1405 0.82392476
1406 0.81999530
1407 0.92544870
1408 0.78169101
1409 0.74146609
1410 0.75947461
1411 0.68821144
1412 0.64775503
1413 0.61628950
1414 0.56822282
1415 0.52141363
1416 0.52478300
1417 0.53300544
1418 0.53075816
1419 0.54078438
1420 0.60147188
1421 0.62442331
1422 0.48660453
1423 0.60509323
1424 0.67568034
1425 0.62433705
1426 0.70429822
1427 0.77943271
1428 0.78169101
1429 0.80129580
1430 0.68075053
1431 0.74334114
1432 0.60442234
1433 0.64031324
1434 0.56423414
1435 0.48185726
1436 0.47398085
1437 0.50087993
1438 0.55857511
1439 0.52494496
1440 0.48331911
1441 0.54856356
1442 0.52434284
1443 0.50508291
1444 0.55889267
1445 0.62005463
1446 0.60536134
1447 0.65953177
1448 0.72108227
1449 0.80129580
1450 0.68747686
1451 0.66062373
1452 0.63273814
1453 0.58645725
1454 0.56254178
1455 0.53043331
1456 0.50425843
1457 0.50264775
1458 0.49323948
1459 0.48436064
1460 0.53078067
1461 0.40722409
1462 0.51070169
1463 0.52977723
1464 0.48096460
1465 0.46096105
1466 0.56466858
1467 0.60008327
1468 0.60096220
1469 0.74452238
1470 0.68747686
1471 0.57735697
1472 0.57778291
1473 0.49498088
1474 0.51117671
1475 0.52233332
1476 0.42516814
1477 0.39122086
1478 0.33978271
1479 0.32706088
1480 0.36624750
1481 0.47753703
1482 0.40703676
1483 0.42924395
1484 0.34582975
1485 0.46507713
1486 0.44830238
1487 0.45468517
1488 0.48205791
1489 0.40908833
1490 0.53186377
1491 0.57735697
1492 0.56325361
1493 0.53885008
1494 0.55390033
1495 0.43457220
1496 0.45019816
1497 0.44934086
1498 0.49374755
1499 0.44287863
1500 0.40083227
1501 0.49442728
1502 0.44323274
1503 0.40042636
1504 0.42951194
1505 0.38993744
1506 0.38111163
1507 0.45356571
1508 0.47150063
1509 0.51722817
1510 0.49765414
1511 0.49747221
1512 0.56325361
1513 0.50032965
1514 0.41428081
1515 0.38749232
1516 0.38478610
1517 0.48176380
1518 0.38445686
1519 0.29533299
1520 0.41857688
1521 0.25614399
1522 0.33017233
1523 0.39736484
1524 0.40979969
1525 0.34927643
1526 0.29171814
1527 0.40302131
1528 0.29817089
1529 0.37892239
1530 0.33449141
1531 0.42430709
1532 0.45605360
1533 0.50032965
1534 0.52256231
1535 0.48031096
1536 0.44840393
1537 0.43474851
1538 0.46197270
1539 0.37169454
1540 0.38236127
1541 0.37535736
1542 0.33725928
1543 0.35441391
1544 0.30171965
1545 0.38102708
1546 0.35994350
1547 0.31582838
1548 0.36208495
1549 0.42560679
1550 0.39327603
1551 0.49209880
1552 0.41809019
1553 0.45341274
1554 0.52256231
1555 0.69064082
1556 0.62414255
1557 0.60323382
1558 0.50684948
1559 0.46723514
1560 0.47197735
1561 0.52081589
1562 0.48982678
1563 0.41082467
1564 0.43892220
1565 0.39677188
1566 0.39329590
1567 0.46630049
1568 0.46712922
1569 0.42283353
1570 0.46421936
1571 0.56364271
1572 0.49976109
1573 0.57718418
1574 0.64167412
1575 0.69064082
1576 0.72969568
1577 0.71090077
1578 0.60951678
1579 0.61621726
1580 0.53053421
1581 0.47203977
1582 0.54112151
1583 0.48102336
1584 0.52005217
1585 0.50766753
1586 0.54856843
1587 0.53230217
1588 0.56909963
1589 0.50014987
1590 0.49524807
1591 0.52787026
1592 0.51289119
1593 0.57140787
1594 0.63835379
1595 0.62406000
1596 0.72969568
1597 0.74533782
1598 0.72397333
1599 0.59556600
1600 0.57388786
1601 0.51051894
1602 0.54691377
1603 0.50758906
1604 0.53353944
1605 0.49013210
1606 0.45730895
1607 0.50692004
1608 0.50220489
1609 0.38344298
1610 0.47373478
1611 0.57359299
1612 0.59337407
1613 0.52559300
1614 0.64305423
1615 0.64894907
1616 0.76109509
1617 0.74533782
1618 0.73286323
1619 0.66518996
1620 0.58891310
1621 0.52385649
1622 0.50656990
1623 0.52979441
1624 0.47118924
1625 0.45783518
1626 0.42600267
1627 0.45790270
1628 0.53698120
1629 0.38298475
1630 0.44015885
1631 0.46620370
1632 0.40478250
1633 0.57423867
1634 0.52837229
1635 0.53135361
1636 0.57553534
1637 0.62045581
1638 0.73286323
1639 0.79484470
1640 0.76115043
1641 0.67361962
1642 0.68424360
1643 0.58450977
1644 0.56522153
1645 0.60605939
1646 0.48672877
1647 0.54763887
1648 0.57172875
1649 0.39929482
1650 0.46951786
1651 0.53508979
1652 0.60824730
1653 0.61679467
1654 0.51632364
1655 0.58228262
1656 0.65514593
1657 0.73405529
1658 0.69766263
1659 0.79484470
1660 0.73286323
1661 0.66518996
1662 0.58891310
1663 0.52385649
1664 0.50656990
1665 0.52979441
1666 0.47118924
1667 0.45783518
1668 0.42600267
1669 0.45790270
1670 0.53698120
1671 0.38298475
1672 0.44015885
1673 0.46620370
1674 0.40478250
1675 0.57423867
1676 0.52837229
1677 0.53135361
1678 0.57553534
1679 0.62045581
1680 0.73286323
1681 0.74533782
1682 0.72397333
1683 0.59556600
1684 0.57388786
1685 0.51051894
1686 0.54691377
1687 0.50758906
1688 0.53353944
1689 0.49013210
1690 0.45730895
1691 0.50692004
1692 0.50220489
1693 0.38344298
1694 0.47373478
1695 0.57359299
1696 0.59337407
1697 0.52559300
1698 0.64305423
1699 0.64894907
1700 0.76109509
1701 0.74533782
1702 0.72969568
1703 0.71090077
1704 0.60951678
1705 0.61621726
1706 0.53053421
1707 0.47203977
1708 0.54112151
1709 0.48102336
1710 0.52005217
1711 0.50766753
1712 0.54856843
1713 0.53230217
1714 0.56909963
1715 0.50014987
1716 0.49524807
1717 0.52787026
1718 0.51289119
1719 0.57140787
1720 0.63835379
1721 0.62406000
1722 0.72969568
1723 0.69064082
1724 0.62414255
1725 0.60323382
1726 0.50684948
1727 0.46723514
1728 0.47197735
1729 0.52081589
1730 0.48982678
1731 0.41082467
1732 0.43892220
1733 0.39677188
1734 0.39329590
1735 0.46630049
1736 0.46712922
1737 0.42283353
1738 0.46421936
1739 0.56364271
1740 0.49976109
1741 0.57718418
1742 0.64167412
1743 0.69064082
1744 0.52256231
1745 0.48031096
1746 0.44840393
1747 0.43474851
1748 0.46197270
1749 0.37169454
1750 0.38236127
1751 0.37535736
1752 0.33725928
1753 0.35441391
1754 0.30171965
1755 0.38102708
1756 0.35994350
1757 0.31582838
1758 0.36208495
1759 0.42560679
1760 0.39327603
1761 0.49209880
1762 0.41809019
1763 0.45341274
1764 0.52256231
1765 0.59931635
1766 0.60847758
1767 0.45417593
1768 0.46775521
1769 0.46840799
1770 0.47706054
1771 0.41110897
1772 0.52800359
1773 0.42431234
1774 0.35624264
1775 0.37379914
1776 0.42928087
1777 0.46309047
1778 0.43619184
1779 0.41829429
1780 0.45115420
1781 0.48427794
1782 0.52526566
1783 0.51173252
1784 0.51169838
1785 0.59931635
1786 0.56325361
1787 0.53885008
1788 0.55390033
1789 0.43457220
1790 0.45019816
1791 0.44934086
1792 0.49374755
1793 0.44287863
1794 0.40083227
1795 0.49442728
1796 0.44323274
1797 0.40042636
1798 0.42951194
1799 0.38993744
1800 0.38111163
1801 0.45356571
1802 0.47150063
1803 0.51722817
1804 0.49765414
1805 0.49747221
1806 0.56325361
1807 0.57735697
1808 0.57778291
1809 0.49498088
1810 0.51117671
1811 0.52233332
1812 0.42516814
1813 0.39122086
1814 0.33978271
1815 0.32706088
1816 0.36624750
1817 0.47753703
1818 0.40703676
1819 0.42924395
1820 0.34582975
1821 0.46507713
1822 0.44830238
1823 0.45468517
1824 0.48205791
1825 0.40908833
1826 0.53186377
1827 0.57735697
1828 0.68747686
1829 0.66062373
1830 0.63273814
1831 0.58645725
1832 0.56254178
1833 0.53043331
1834 0.50425843
1835 0.50264775
1836 0.49323948
1837 0.48436064
1838 0.53078067
1839 0.40722409
1840 0.51070169
1841 0.52977723
1842 0.48096460
1843 0.46096105
1844 0.56466858
1845 0.60008327
1846 0.60096220
1847 0.74452238
1848 0.68747686
1849 0.80129580
1850 0.68075053
1851 0.74334114
1852 0.60442234
1853 0.64031324
1854 0.56423414
1855 0.48185726
1856 0.47398085
1857 0.50087993
1858 0.55857511
1859 0.52494496
1860 0.48331911
1861 0.54856356
1862 0.52434284
1863 0.50508291
1864 0.55889267
1865 0.62005463
1866 0.60536134
1867 0.65953177
1868 0.72108227
1869 0.80129580
1870 0.78169101
1871 0.74146609
1872 0.75947461
1873 0.68821144
1874 0.64775503
1875 0.61628950
1876 0.56822282
1877 0.52141363
1878 0.52478300
1879 0.53300544
1880 0.53075816
1881 0.54078438
1882 0.60147188
1883 0.62442331
1884 0.48660453
1885 0.60509323
1886 0.67568034
1887 0.62433705
1888 0.70429822
1889 0.77943271
1890 0.78169101
1891 0.92544870
1892 0.75355816
1893 0.78773715
1894 0.71304817
1895 0.70643269
1896 0.70593402
1897 0.61698766
1898 0.73210419
1899 0.57384074
1900 0.63014671
1901 0.64757986
1902 0.58274888
1903 0.59775126
1904 0.63183728
1905 0.57276316
1906 0.60460436
1907 0.66875627
1908 0.68533626
1909 0.82392476
1910 0.81999530
1911 0.92544870
1912 0.88789271
1913 0.89781073
1914 0.84890679
1915 0.74382827
1916 0.74607158
1917 0.74088554
1918 0.83903531
1919 0.65187153
1920 0.66620456
1921 0.63617560
1922 0.70392330
1923 0.65002123
1924 0.61364173
1925 0.69264023
1926 0.71336074
1927 0.72660236
1928 0.75773363
1929 0.74639814
1930 0.75995612
1931 0.94875965
1932 0.88789271
1933 0.78150861
1934 0.71131955
1935 0.64825257
1936 0.59110656
1937 0.53477733
1938 0.51759455
1939 0.51145805
1940 0.44910544
1941 0.47831509
1942 0.48152192
1943 0.47532745
1944 0.52417939
1945 0.47081652
1946 0.50388214
1947 0.52311462
1948 0.55144682
1949 0.53043615
1950 0.70498885
1951 0.63210609
1952 0.68716481
1953 0.78150861
1954 0.64384785
1955 0.63323418
1956 0.57791910
1957 0.55184885
1958 0.46908399
1959 0.43478609
1960 0.52571572
1961 0.50215669
1962 0.48447724
1963 0.45438898
1964 0.43116140
1965 0.46278810
1966 0.45589132
1967 0.46032999
1968 0.46464046
1969 0.43693990
1970 0.60214527
1971 0.49976200
1972 0.56886977
1973 0.69528115
1974 0.64384785
1975 0.68623205
1976 0.53557146
1977 0.54229045
1978 0.40387278
1979 0.46202691
1980 0.39790776
1981 0.44693900
1982 0.37966851
1983 0.37714999
1984 0.42804153
1985 0.33011985
1986 0.47754167
1987 0.42451153
1988 0.41604440
1989 0.47014328
1990 0.42851034
1991 0.42962885
1992 0.48441129
1993 0.48389240
1994 0.51449934
1995 0.68623205
1996 0.68273111
1997 0.67449073
1998 0.56100094
1999 0.57117323
2000 0.54169781
2001 0.52786699
2002 0.45882867
2003 0.49781330
2004 0.47515414
2005 0.51080807
2006 0.41811176
2007 0.46502957
2008 0.49317840
2009 0.49145679
2010 0.54447535
2011 0.49147554
2012 0.48205543
2013 0.53366603
2014 0.56659888
2015 0.61261806
2016 0.68273111
2017 0.50304741
2018 0.54309912
2019 0.47569212
2020 0.43266204
2021 0.40036404
2022 0.49764389
2023 0.45322454
2024 0.40367720
2025 0.44621020
2026 0.42264218
2027 0.43456234
2028 0.39850102
2029 0.48733177
2030 0.43904111
2031 0.43953517
2032 0.44302993
2033 0.41254113
2034 0.49588616
2035 0.57085010
2036 0.55148387
2037 0.50304741
2038 0.66467622
2039 0.52890264
2040 0.58914451
2041 0.55859924
2042 0.53785747
2043 0.53348182
2044 0.48387973
2045 0.44069140
2046 0.51091509
2047 0.45519734
2048 0.50594972
2049 0.48844508
2050 0.43032066
2051 0.41527087
2052 0.48534140
2053 0.42705501
2054 0.45932394
2055 0.54452455
2056 0.55995253
2057 0.57987394
2058 0.66467622
2059 0.65731815
2060 0.60935889
2061 0.52735742
2062 0.51301132
2063 0.48326125
2064 0.49009419
2065 0.46301350
2066 0.47489568
2067 0.45531202
2068 0.41101387
2069 0.39046078
2070 0.41536125
2071 0.49605197
2072 0.52872637
2073 0.42837913
2074 0.45472136
2075 0.52081073
2076 0.54542508
2077 0.50261943
2078 0.54913871
2079 0.65731815
2080 0.63566516
2081 0.53220267
2082 0.49368002
2083 0.51587207
2084 0.43935507
2085 0.36943351
2086 0.37615107
2087 0.37850847
2088 0.37236620
2089 0.37437115
2090 0.35162021
2091 0.41593797
2092 0.38967206
2093 0.40914069
2094 0.45661400
2095 0.39195195
2096 0.46431152
2097 0.50429668
2098 0.50718222
2099 0.61769376
2100 0.63566516
2101 0.77950281
2102 0.64462215
2103 0.64704404
2104 0.53257603
2105 0.56347878
2106 0.58346898
2107 0.55545563
2108 0.45672863
2109 0.51282018
2110 0.46717149
2111 0.43111224
2112 0.46133866
2113 0.44512375
2114 0.44663213
2115 0.50544358
2116 0.47809987
2117 0.53742991
2118 0.55500905
2119 0.56318064
2120 0.70862573
2121 0.77950281
2122 0.81733855
2123 0.73611516
2124 0.68133635
2125 0.63053395
2126 0.63536237
2127 0.56088069
2128 0.55954766
2129 0.49008015
2130 0.58147583
2131 0.46792660
2132 0.58940054
2133 0.50816486
2134 0.52252473
2135 0.58854333
2136 0.48880411
2137 0.54443439
2138 0.55947708
2139 0.65147135
2140 0.67464745
2141 0.79363329
2142 0.81733855
2143 0.80618764
2144 0.82061931
2145 0.70702180
2146 0.70103474
2147 0.58173907
2148 0.56846089
2149 0.56330903
2150 0.59080329
2151 0.55882511
2152 0.60277022
2153 0.56952840
2154 0.50858169
2155 0.60992746
2156 0.60266732
2157 0.55652722
2158 0.68109484
2159 0.56352526
2160 0.67905730
2161 0.69975566
2162 0.72258887
2163 0.80618764
2164 0.83963194
2165 0.83192751
2166 0.83240658
2167 0.71303717
2168 0.69682223
2169 0.67323502
2170 0.67946148
2171 0.71609639
2172 0.63519209
2173 0.61292832
2174 0.62965115
2175 0.62426017
2176 0.65545809
2177 0.65222022
2178 0.69743095
2179 0.68327924
2180 0.68497374
2181 0.75433424
2182 0.83355252
2183 0.81456270
2184 0.83963194
2185 0.66111058
2186 0.60001095
2187 0.60680723
2188 0.58381667
2189 0.58500099
2190 0.47850336
2191 0.52820744
2192 0.48393433
2193 0.47736771
2194 0.49303946
2195 0.43300336
2196 0.44612893
2197 0.46734530
2198 0.44856718
2199 0.43735786
2200 0.50178303
2201 0.51991989
2202 0.52107205
2203 0.66676882
2204 0.68082650
2205 0.66111058
2206 0.70186058
2207 0.58510886
2208 0.63829728
2209 0.57668392
2210 0.53490456
2211 0.44529490
2212 0.58931042
2213 0.51620566
2214 0.48772921
2215 0.45156597
2216 0.48573728
2217 0.47981007
2218 0.51613143
2219 0.53222007
2220 0.48210976
2221 0.52055744
2222 0.51451282
2223 0.55780584
2224 0.59785755
2225 0.59964620
2226 0.70186058
2227 0.60952035
2228 0.57994345
2229 0.51408149
2230 0.51589152
2231 0.46394561
2232 0.44185985
2233 0.45854764
2234 0.47106478
2235 0.46322646
2236 0.44762831
2237 0.46340851
2238 0.46965167
2239 0.39646605
2240 0.45644446
2241 0.42867146
2242 0.41662939
2243 0.42136790
2244 0.51947228
2245 0.49582203
2246 0.49453229
2247 0.60952035
2248 0.64218372
2249 0.54862204
2250 0.49658778
2251 0.41668323
2252 0.42060552
2253 0.48032605
2254 0.40920177
2255 0.42228504
2256 0.44764397
2257 0.39452018
2258 0.41787951
2259 0.36566129
2260 0.36721722
2261 0.37324613
2262 0.38581366
2263 0.39709797
2264 0.46018687
2265 0.50459437
2266 0.50208013
2267 0.61108733
2268 0.64218372
2269 0.50188519
2270 0.50248470
2271 0.52715394
2272 0.47586561
2273 0.50221345
2274 0.50921907
2275 0.50220015
2276 0.50969163
2277 0.39335319
2278 0.56698694
2279 0.42137956
2280 0.47581841
2281 0.50767138
2282 0.52769570
2283 0.44052257
2284 0.51899732
2285 0.52332710
2286 0.44642427
2287 0.53707469
2288 0.54381143
2289 0.50188519
2290 0.63004756
2291 0.56243892
2292 0.51789677
2293 0.49477259
2294 0.40795194
2295 0.42411552
2296 0.40174498
2297 0.47552312
2298 0.42190580
2299 0.41981832
2300 0.40088388
2301 0.37922155
2302 0.45397295
2303 0.40698136
2304 0.42858723
2305 0.37357625
2306 0.48527079
2307 0.50673698
2308 0.55796718
2309 0.50937064
2310 0.63004756
2311 0.53768552
2312 0.51567239
2313 0.51282040
2314 0.47703770
2315 0.42374834
2316 0.47380505
2317 0.54084824
2318 0.39432447
2319 0.43590445
2320 0.38301983
2321 0.43480015
2322 0.46060561
2323 0.45870717
2324 0.37972911
2325 0.39856571
2326 0.49109381
2327 0.47978123
2328 0.50979906
2329 0.54969843
2330 0.49049747
2331 0.53768552
2332 0.68643263
2333 0.53590032
2334 0.51111683
2335 0.51296036
2336 0.54790028
2337 0.43826383
2338 0.41500447
2339 0.43058622
2340 0.48099121
2341 0.48677347
2342 0.43654554
2343 0.45470731
2344 0.45690039
2345 0.43983639
2346 0.40095607
2347 0.48050200
2348 0.53299936
2349 0.52975044
2350 0.57798205
2351 0.56405549
2352 0.68643263
2353 0.61478567
2354 0.73073299
2355 0.54103654
2356 0.49550045
2357 0.55729969
2358 0.44692634
2359 0.40875641
2360 0.42754097
2361 0.43797923
2362 0.47042361
2363 0.39219461
2364 0.39082414
2365 0.49841626
2366 0.51623120
2367 0.55860586
2368 0.48428754
2369 0.46613905
2370 0.53081004
2371 0.58393617
2372 0.61882122
2373 0.61478567
2374 0.96607482
2375 0.83348791
2376 0.73002501
2377 0.70330737
2378 0.71512841
2379 0.64848688
2380 0.64476025
2381 0.62693678
2382 0.60368490
2383 0.66512012
2384 0.59639741
2385 0.57969455
2386 0.64041116
2387 0.72185202
2388 0.65347308
2389 0.60940701
2390 0.68193553
2391 0.69798914
2392 0.69373187
2393 0.83056982
2394 0.96607482
2395 0.70617503
2396 0.59745629
2397 0.54064973
2398 0.53635022
2399 0.45617034
2400 0.41739474
2401 0.42011200
2402 0.35783823
2403 0.40920751
2404 0.34137315
2405 0.44293532
2406 0.32091725
2407 0.46244515
2408 0.40290189
2409 0.49860645
2410 0.40841183
2411 0.44896048
2412 0.47398513
2413 0.51020184
2414 0.63888618
2415 0.70617503
2416 0.88777107
2417 0.82912368
2418 0.82298356
2419 0.75679436
2420 0.79098682
2421 0.66711391
2422 0.61365636
2423 0.59705053
2424 0.65469985
2425 0.68025732
2426 0.66119114
2427 0.60288131
2428 0.56094994
2429 0.63439904
2430 0.67651278
2431 0.70693014
2432 0.76200531
2433 0.69018854
2434 0.82879134
2435 0.76555224
2436 0.88777107
2437 0.62350925
2438 0.60988398
2439 0.58969500
2440 0.53314132
2441 0.56829671
2442 0.50879711
2443 0.48232552
2444 0.48864178
2445 0.43412835
2446 0.32351131
2447 0.45512516
2448 0.46694664
2449 0.43424162
2450 0.52884150
2451 0.44232520
2452 0.42144355
2453 0.53155865
2454 0.63799152
2455 0.60925494
2456 0.55171853
2457 0.62350925
2458 0.59987366
2459 0.56939968
2460 0.49854187
2461 0.53626215
2462 0.47454276
2463 0.43443190
2464 0.44572296
2465 0.41648450
2466 0.44312632
2467 0.40311347
2468 0.48515745
2469 0.43494261
2470 0.40595854
2471 0.47744504
2472 0.48310234
2473 0.43695620
2474 0.52524902
2475 0.49368427
2476 0.52263407
2477 0.50625061
2478 0.59987366
2479 0.51116215
2480 0.59556059
2481 0.51495353
2482 0.57501345
2483 0.52217984
2484 0.49427840
2485 0.43688548
2486 0.36139207
2487 0.45330625
2488 0.45356468
2489 0.39734828
2490 0.40235971
2491 0.38251843
2492 0.43390008
2493 0.39062637
2494 0.50064449
2495 0.45800976
2496 0.51637414
2497 0.57563129
2498 0.53585211
2499 0.51116215
2500 0.52706825
2501 0.52947677
2502 0.46138877
2503 0.52337975
2504 0.44552243
2505 0.50005798
2506 0.47449506
2507 0.48746965
2508 0.43208578
2509 0.39921087
2510 0.39494624
2511 0.39050205
2512 0.43759627
2513 0.39593119
2514 0.46628681
2515 0.42011037
2516 0.47097966
2517 0.43663439
2518 0.47030271
2519 0.50608873
2520 0.52706825
2521 0.51978677
2522 0.47955831
2523 0.46783341
2524 0.40637391
2525 0.49009807
2526 0.39194331
2527 0.46819704
2528 0.41205194
2529 0.36791624
2530 0.43404556
2531 0.43831088
2532 0.38207643
2533 0.42765564
2534 0.41308821
2535 0.43767444
2536 0.47518961
2537 0.45116287
2538 0.43582416
2539 0.50334489
2540 0.46485445
2541 0.51978677
2542 0.53078474
2543 0.57715609
2544 0.60292764
2545 0.57060629
2546 0.51008353
2547 0.54284165
2548 0.45337908
2549 0.42120399
2550 0.49032845
2551 0.47501323
2552 0.53347367
2553 0.51726886
2554 0.48787310
2555 0.45081059
2556 0.54116949
2557 0.42189891
2558 0.52033997
2559 0.55722355
2560 0.52527616
2561 0.61702262
2562 0.53078474
2563 0.45431824
2564 0.39914822
2565 0.47809762
2566 0.38208348
2567 0.37711086
2568 0.38218875
2569 0.36384812
2570 0.38724653
2571 0.38071700
2572 0.43248935
2573 0.36400568
2574 0.46481288
2575 0.44011816
2576 0.44457776
2577 0.39649633
2578 0.38019337
2579 0.36129844
2580 0.44515475
2581 0.45181305
2582 0.45634795
2583 0.45431824
2584 0.56891494
2585 0.52699798
2586 0.49057057
2587 0.47127377
2588 0.45480984
2589 0.37771730
2590 0.46186135
2591 0.38118431
2592 0.44170778
2593 0.34684960
2594 0.36231404
2595 0.42656668
2596 0.40619580
2597 0.39327530
2598 0.39118950
2599 0.45572280
2600 0.44891114
2601 0.43848846
2602 0.45533564
2603 0.44314083
2604 0.56891494
2605 0.63775557
2606 0.49604150
2607 0.51883524
2608 0.46705711
2609 0.44279467
2610 0.42353743
2611 0.48705875
2612 0.34874348
2613 0.43971339
2614 0.44772988
2615 0.41308513
2616 0.40870595
2617 0.34996596
2618 0.45147308
2619 0.45584175
2620 0.39502809
2621 0.52480601
2622 0.46767948
2623 0.53139972
2624 0.54965378
2625 0.63775557
2626 0.72919067
2627 0.62837267
2628 0.56454705
2629 0.57240313
2630 0.56848062
2631 0.56137256
2632 0.49908708
2633 0.46616659
2634 0.50965197
2635 0.39563789
2636 0.53801891
2637 0.44975996
2638 0.51041061
2639 0.58326263
2640 0.47474828
2641 0.63007193
2642 0.51226220
2643 0.51522566
2644 0.55661442
2645 0.70996773
2646 0.72919067
2647 0.65033509
2648 0.55711595
2649 0.51969366
2650 0.50102730
2651 0.46374334
2652 0.52206905
2653 0.38247679
2654 0.46714608
2655 0.49686256
2656 0.45896574
2657 0.40525468
2658 0.33767806
2659 0.45594627
2660 0.55235657
2661 0.40590578
2662 0.47467220
2663 0.50113375
2664 0.48703587
2665 0.58030114
2666 0.49186173
2667 0.65033509
2668 0.67360391
2669 0.63948261
2670 0.62908020
2671 0.44260953
2672 0.48559936
2673 0.44701459
2674 0.43567467
2675 0.42932204
2676 0.44480012
2677 0.42562879
2678 0.41419960
2679 0.40530685
2680 0.37206821
2681 0.42621681
2682 0.47414917
2683 0.52331048
2684 0.51989458
2685 0.53583264
2686 0.60918349
2687 0.54276975
2688 0.67360391
2689 0.62208143
2690 0.61377553
2691 0.56109533
2692 0.59492956
2693 0.43717592
2694 0.51450870
2695 0.47160961
2696 0.48128661
2697 0.48561082
2698 0.44383880
2699 0.44909135
2700 0.48522506
2701 0.46785628
2702 0.62719503
2703 0.49882610
2704 0.46249349
2705 0.54710194
2706 0.48896139
2707 0.52269006
2708 0.66658219
2709 0.62208143
2710 0.59548227
2711 0.54194131
2712 0.53333833
2713 0.49471560
2714 0.42446889
2715 0.54033265
2716 0.46294758
2717 0.46337154
2718 0.45033993
2719 0.48281630
2720 0.47459565
2721 0.45286324
2722 0.48063198
2723 0.51456792
2724 0.45282795
2725 0.50016926
2726 0.42366108
2727 0.53849142
2728 0.55948741
2729 0.56967980
2730 0.59548227
2731 0.48094076
2732 0.50218514
2733 0.51005731
2734 0.39005926
2735 0.38842523
2736 0.41625113
2737 0.39315722
2738 0.39843989
2739 0.43231589
2740 0.44032716
2741 0.46371674
2742 0.44134838
2743 0.43812188
2744 0.46314870
2745 0.47727136
2746 0.39655877
2747 0.44456955
2748 0.42361423
2749 0.53663389
2750 0.50370245
2751 0.48094076
2752 0.47984644
2753 0.48037190
2754 0.53295162
2755 0.51092045
2756 0.47293995
2757 0.54169370
2758 0.47664831
2759 0.48933193
2760 0.43241910
2761 0.48880423
2762 0.48585171
2763 0.44808318
2764 0.45225366
2765 0.46299307
2766 0.52377094
2767 0.50465218
2768 0.50145578
2769 0.47949648
2770 0.50001684
2771 0.45847373
2772 0.47984644
2773 0.43025551
2774 0.42581905
2775 0.40548034
2776 0.37299864
2777 0.36729473
2778 0.40244442
2779 0.30312954
2780 0.37353866
2781 0.42427044
2782 0.40585889
2783 0.40455993
2784 0.35528856
2785 0.40264560
2786 0.40855605
2787 0.33174360
2788 0.42154699
2789 0.39002919
2790 0.42591402
2791 0.44561526
2792 0.46302668
2793 0.43025551
2794 0.42679649
2795 0.40086830
2796 0.40924305
2797 0.43004398
2798 0.40088547
2799 0.43856434
2800 0.47792129
2801 0.36292749
2802 0.33966806
2803 0.30423964
2804 0.41208728
2805 0.36359205
2806 0.38368354
2807 0.43595172
2808 0.37724219
2809 0.36641472
2810 0.41505793
2811 0.40503111
2812 0.38018283
2813 0.46353589
2814 0.42679649
2815 0.48297678
2816 0.37713977
2817 0.45496577
2818 0.46344994
2819 0.45754490
2820 0.47852841
2821 0.46537592
2822 0.37421157
2823 0.43551557
2824 0.30772707
2825 0.34029922
2826 0.39205962
2827 0.35064654
2828 0.43093062
2829 0.39018772
2830 0.42606093
2831 0.43966045
2832 0.41845648
2833 0.46520426
2834 0.45733757
2835 0.48297678
2836 0.53231157
2837 0.46903918
2838 0.44247436
2839 0.43875593
2840 0.38671364
2841 0.38718984
2842 0.38398129
2843 0.38700525
2844 0.36707802
2845 0.38356278
2846 0.33184108
2847 0.33881425
2848 0.38392872
2849 0.40810971
2850 0.47882237
2851 0.37978055
2852 0.43655622
2853 0.45736641
2854 0.46456604
2855 0.52724985
2856 0.53231157
2857 0.60145720
2858 0.68577298
2859 0.57425349
2860 0.54643478
2861 0.57343377
2862 0.52724570
2863 0.55935075
2864 0.50181553
2865 0.46922549
2866 0.53258116
2867 0.54051797
2868 0.50599629
2869 0.50522731
2870 0.47536916
2871 0.57584904
2872 0.52086029
2873 0.61847533
2874 0.58878307
2875 0.60539540
2876 0.59426131
2877 0.60145720
2878 0.69966504
2879 0.63860217
2880 0.58575322
2881 0.55909489
2882 0.55984029
2883 0.53799061
2884 0.51378378
2885 0.51610766
2886 0.45902379
2887 0.47271287
2888 0.39601779
2889 0.42784282
2890 0.52261156
2891 0.54030259
2892 0.43259655
2893 0.47623371
2894 0.59217862
2895 0.44975915
2896 0.62783435
2897 0.62397071
2898 0.69966504
2899 0.64047857
2900 0.59606194
2901 0.55861296
2902 0.57815714
2903 0.41767153
2904 0.43729130
2905 0.50551201
2906 0.44614157
2907 0.49728092
2908 0.44871472
2909 0.41114892
2910 0.39643014
2911 0.46458330
2912 0.41182703
2913 0.55893450
2914 0.50412526
2915 0.48885834
2916 0.44317515
2917 0.57508410
2918 0.57527974
2919 0.64047857
2920 0.58164056
2921 0.49655091
2922 0.56194489
2923 0.53741328
2924 0.49579127
2925 0.42698484
2926 0.49035690
2927 0.41908916
2928 0.47185017
2929 0.45886921
2930 0.40618429
2931 0.44200008
2932 0.45833281
2933 0.46031861
2934 0.38783734
2935 0.40023479
2936 0.52416930
2937 0.53869711
2938 0.56041816
2939 0.55190962
2940 0.58164056
2941 0.52085930
2942 0.54754532
2943 0.38745852
2944 0.47970035
2945 0.44569250
2946 0.33927454
2947 0.45555577
2948 0.40190290
2949 0.39846586
2950 0.35861317
2951 0.38166112
2952 0.39071742
2953 0.36654723
2954 0.38380397
2955 0.35366056
2956 0.36767375
2957 0.42902200
2958 0.42496737
2959 0.45975541
2960 0.53507300
2961 0.52085930
2962 0.60899677
2963 0.53125963
2964 0.56576050
2965 0.51856456
2966 0.50209412
2967 0.37225923
2968 0.49604545
2969 0.45130438
2970 0.46237158
2971 0.46911675
2972 0.44702264
2973 0.47083628
2974 0.39811784
2975 0.49737627
2976 0.43444724
2977 0.45657894
2978 0.44717052
2979 0.57028157
2980 0.56034282
2981 0.51518862
2982 0.60899677
2983 0.45977043
2984 0.39305105
2985 0.47951288
2986 0.42623151
2987 0.47203268
2988 0.38522961
2989 0.31743506
2990 0.46169206
2991 0.37960727
2992 0.34063154
2993 0.44301052
2994 0.38598630
2995 0.39447551
2996 0.40574378
2997 0.45770477
2998 0.47519635
2999 0.40739502
3000 0.47875289
3001 0.45866012
3002 0.43566939
3003 0.45977043
3004 0.40673274
3005 0.47470643
3006 0.40831053
3007 0.49009082
3008 0.50212963
3009 0.40534594
3010 0.41511128
3011 0.46419736
3012 0.44616167
3013 0.40073176
3014 0.49160356
3015 0.47741007
3016 0.43270822
3017 0.41920770
3018 0.38234004
3019 0.41718521
3020 0.42009262
3021 0.40853773
3022 0.33115912
3023 0.42079894
3024 0.40673274
