index DenDen_momentum
1 145.05954749
2 145.17637367
3 145.05761083
4 145.09940185
5 144.98582015
6 145.04923132
7 144.98631037
8 145.09822959
9 145.09540491
10 145.04076643
11 145.05625583
12 145.05191071
13 145.09034024
14 145.06544705
15 145.14872234
16 145.02561453
17 144.89206984
18 144.96981877
19 145.06531498
20 145.05940171
21 145.05954749
22 0.49090689
23 0.51442472
24 0.44323307
25 0.45331129
26 0.46220577
27 0.53367635
28 0.43189895
29 0.47384050
30 0.40178216
31 0.44113727
32 0.47453450
33 0.53480167
34 0.47359553
35 0.47969712
36 0.44884665
37 0.43587346
38 0.48408441
39 0.47414960
40 0.40742277
41 0.43334362
42 0.49090689
43 0.53856678
44 0.55314620
45 0.41729193
46 0.44731550
47 0.43173541
48 0.45722872
49 0.40264084
50 0.45882524
51 0.50605554
52 0.42095188
53 0.43668919
54 0.46774664
55 0.37680767
56 0.43890484
57 0.44365628
58 0.50756201
59 0.44407758
60 0.37610812
61 0.55958252
62 0.54352953
63 0.53856678
64 0.49290126
65 0.46358857
66 0.53994263
67 0.50914077
68 0.48501415
69 0.43895591
70 0.48741479
71 0.44298878
72 0.44223024
73 0.40978448
74 0.46665132
75 0.46682124
76 0.42008106
77 0.45570282
78 0.44462347
79 0.45858412
80 0.55951522
81 0.49261120
82 0.51608506
83 0.48753925
84 0.49290126
85 0.52488649
86 0.57527074
87 0.58162690
88 0.42388930
89 0.41035837
90 0.50224600
91 0.41993353
92 0.45366298
93 0.42601772
94 0.52212769
95 0.50002727
96 0.46821439
97 0.46198419
98 0.47295948
99 0.42613050
100 0.49095492
101 0.54562103
102 0.51969097
103 0.56463413
104 0.60628374
105 0.52488649
106 0.53529250
107 0.55124250
108 0.54464313
109 0.44499183
110 0.40032170
111 0.47414830
112 0.45713473
113 0.39678587
114 0.44186992
115 0.40416866
116 0.46506412
117 0.38502218
118 0.35764227
119 0.46219928
120 0.39199396
121 0.48904110
122 0.45770261
123 0.46675801
124 0.54246227
125 0.47911219
126 0.53529250
127 0.62079588
128 0.58556447
129 0.51251167
130 0.56535393
131 0.57801714
132 0.53617985
133 0.49844559
134 0.47487972
135 0.45862185
136 0.53414445
137 0.52674244
138 0.50850016
139 0.34398071
140 0.38158374
141 0.57341433
142 0.49105249
143 0.49446767
144 0.58780916
145 0.53056981
146 0.72405022
147 0.62079588
148 0.53529250
149 0.55124250
150 0.54464313
151 0.44499183
152 0.40032170
153 0.47414830
154 0.45713473
155 0.39678587
156 0.44186992
157 0.40416866
158 0.46506412
159 0.38502218
160 0.35764227
161 0.46219928
162 0.39199396
163 0.48904110
164 0.45770261
165 0.46675801
166 0.54246227
167 0.47911219
168 0.53529250
169 0.52488649
170 0.57527074
171 0.58162690
172 0.42388930
173 0.41035837
174 0.50224600
175 0.41993353
176 0.45366298
177 0.42601772
178 0.52212769
179 0.50002727
180 0.46821439
181 0.46198419
182 0.47295948
183 0.42613050
184 0.49095492
185 0.54562103
186 0.51969097
187 0.56463413
188 0.60628374
189 0.52488649
190 0.49290126
191 0.46358857
192 0.53994263
193 0.50914077
194 0.48501415
195 0.43895591
196 0.48741479
197 0.44298878
198 0.44223024
199 0.40978448
200 0.46665132
201 0.46682124
202 0.42008106
203 0.45570282
204 0.44462347
205 0.45858412
206 0.55951522
207 0.49261120
208 0.51608506
209 0.48753925
210 0.49290126
211 0.53856678
212 0.55314620
213 0.41729193
214 0.44731550
215 0.43173541
216 0.45722872
217 0.40264084
218 0.45882524
219 0.50605554
220 0.42095188
221 0.43668919
222 0.46774664
223 0.37680767
224 0.43890484
225 0.44365628
226 0.50756201
227 0.44407758
228 0.37610812
229 0.55958252
230 0.54352953
231 0.53856678
232 0.49090689
233 0.51442472
234 0.44323307
235 0.45331129
236 0.46220577
237 0.53367635
238 0.43189895
239 0.47384050
240 0.40178216
241 0.44113727
242 0.47453450
243 0.53480167
244 0.47359553
245 0.47969712
246 0.44884665
247 0.43587346
248 0.48408441
249 0.47414960
250 0.40742277
251 0.43334362
252 0.49090689
253 0.28380420
254 0.33144705
255 0.33035071
256 0.36528626
257 0.44309020
258 0.35265429
259 0.41758889
260 0.33165774
261 0.34505442
262 0.35262145
263 0.35352582
264 0.30810553
265 0.39235683
266 0.32437395
267 0.35784756
268 0.42082326
269 0.45548485
270 0.38300754
271 0.29933631
272 0.34554045
273 0.28380420
274 0.39079451
275 0.37991894
276 0.35520256
277 0.36604073
278 0.32872823
279 0.37337761
280 0.28996716
281 0.44893714
282 0.35633907
283 0.37682224
284 0.38504601
285 0.26758693
286 0.37966468
287 0.33712593
288 0.41525523
289 0.29837498
290 0.40890488
291 0.30012646
292 0.31097586
293 0.31657205
294 0.39079451
295 0.45941790
296 0.37398650
297 0.40532551
298 0.42441319
299 0.43978759
300 0.36344577
301 0.40978384
302 0.35702779
303 0.42509336
304 0.38657313
305 0.35135810
306 0.41809101
307 0.42966358
308 0.36620810
309 0.40992227
310 0.33362206
311 0.30316901
312 0.33244900
313 0.42101565
314 0.48100838
315 0.45941790
316 0.45057086
317 0.50491358
318 0.41194423
319 0.40012452
320 0.42432162
321 0.30799922
322 0.43142783
323 0.34546503
324 0.36886823
325 0.31575775
326 0.37100079
327 0.33466853
328 0.35170883
329 0.28534760
330 0.34664929
331 0.34817840
332 0.39655378
333 0.38409507
334 0.47232226
335 0.44680025
336 0.45057086
337 0.56598946
338 0.53063055
339 0.53845658
340 0.40711100
341 0.49289829
342 0.41276147
343 0.37830245
344 0.46297441
345 0.39886452
346 0.47016472
347 0.44841147
348 0.40661833
349 0.45695594
350 0.42665552
351 0.44828446
352 0.49869773
353 0.50609739
354 0.48639263
355 0.53440745
356 0.57695717
357 0.56598946
358 0.67988836
359 0.65901435
360 0.57153971
361 0.55968957
362 0.52941964
363 0.51153177
364 0.42717644
365 0.45527517
366 0.50406570
367 0.39353308
368 0.44522424
369 0.47846208
370 0.38529704
371 0.43773969
372 0.53294977
373 0.51127444
374 0.48372896
375 0.53984090
376 0.52324048
377 0.55569690
378 0.67988836
379 0.64975198
380 0.59431977
381 0.52774564
382 0.56202868
383 0.48149404
384 0.49419586
385 0.44508166
386 0.43777577
387 0.51052453
388 0.36140443
389 0.46670192
390 0.44626583
391 0.48631432
392 0.42950106
393 0.55105933
394 0.50646191
395 0.46841991
396 0.52627958
397 0.47880102
398 0.61364621
399 0.64975198
400 0.57712497
401 0.63877156
402 0.58016674
403 0.54148862
404 0.49166008
405 0.51449567
406 0.50354889
407 0.45365398
408 0.41959667
409 0.46231159
410 0.53539212
411 0.43868252
412 0.46324523
413 0.54724304
414 0.55933748
415 0.42167063
416 0.49472753
417 0.49691393
418 0.55798421
419 0.64848163
420 0.57712497
421 0.66162140
422 0.62570272
423 0.61215437
424 0.48318781
425 0.53091306
426 0.45825007
427 0.56467120
428 0.45515500
429 0.47425143
430 0.51293949
431 0.44373429
432 0.52622076
433 0.45226754
434 0.53422603
435 0.51979273
436 0.54152879
437 0.53158484
438 0.56644025
439 0.59792883
440 0.56658770
441 0.66162140
442 0.55816612
443 0.58622373
444 0.49670750
445 0.40394696
446 0.51782987
447 0.49064760
448 0.43963956
449 0.47782159
450 0.41053365
451 0.50007313
452 0.49933000
453 0.37104709
454 0.37773965
455 0.47373743
456 0.40527773
457 0.40611792
458 0.52598470
459 0.43673307
460 0.48662800
461 0.49159100
462 0.55816612
463 0.56630538
464 0.57622525
465 0.47016469
466 0.47846495
467 0.50094260
468 0.44937146
469 0.47989711
470 0.40340086
471 0.45590666
472 0.37900146
473 0.40795123
474 0.43390922
475 0.50318091
476 0.41967731
477 0.44112423
478 0.51954650
479 0.38183038
480 0.41395880
481 0.51861976
482 0.48163805
483 0.56630538
484 0.42570668
485 0.48899361
486 0.38152886
487 0.32685807
488 0.43792117
489 0.53589361
490 0.36568704
491 0.34909163
492 0.34335599
493 0.41219314
494 0.41072345
495 0.33609306
496 0.39232069
497 0.45361514
498 0.44867153
499 0.41103137
500 0.37367071
501 0.41484208
502 0.43734976
503 0.42277014
504 0.42570668
505 0.42530870
506 0.45051187
507 0.50598074
508 0.46704145
509 0.47804232
510 0.45862555
511 0.46148124
512 0.35464848
513 0.43949947
514 0.44413805
515 0.45262914
516 0.42164774
517 0.43191419
518 0.40495272
519 0.35551825
520 0.45443003
521 0.47260723
522 0.44787057
523 0.53751341
524 0.51918727
525 0.42530870
526 0.50712081
527 0.48746156
528 0.44324933
529 0.47750761
530 0.45125447
531 0.42513851
532 0.40344059
533 0.48552146
534 0.40816292
535 0.37502161
536 0.46685326
537 0.42215187
538 0.47449077
539 0.37783898
540 0.43630185
541 0.44146957
542 0.42509357
543 0.35485504
544 0.53956236
545 0.52973607
546 0.50712081
547 0.52885479
548 0.46217744
549 0.44115148
550 0.41519053
551 0.44629949
552 0.45450792
553 0.37024570
554 0.24731967
555 0.39280994
556 0.44288399
557 0.42763876
558 0.29692032
559 0.35410458
560 0.43741442
561 0.40851026
562 0.38897416
563 0.46948275
564 0.41693847
565 0.36844992
566 0.41931217
567 0.52885479
568 0.54226054
569 0.59842702
570 0.46975397
571 0.44120510
572 0.39593835
573 0.48047140
574 0.34862553
575 0.48442126
576 0.34528289
577 0.41778980
578 0.39342273
579 0.35429359
580 0.40619949
581 0.44720995
582 0.38036375
583 0.37543005
584 0.39175741
585 0.40124493
586 0.51491191
587 0.48504230
588 0.54226054
589 0.64306904
590 0.59771620
591 0.47796524
592 0.49864539
593 0.49239242
594 0.44708493
595 0.42026242
596 0.50198941
597 0.47693448
598 0.49367555
599 0.41750980
600 0.39323462
601 0.50883640
602 0.44567470
603 0.41713830
604 0.42377619
605 0.48177749
606 0.52113511
607 0.57171608
608 0.49438717
609 0.64306904
610 0.75870669
611 0.66634757
612 0.64715191
613 0.58483907
614 0.62180278
615 0.62275618
616 0.54088266
617 0.56256242
618 0.49410978
619 0.54874899
620 0.58969888
621 0.46019684
622 0.56482966
623 0.46391857
624 0.57680776
625 0.52935028
626 0.51636425
627 0.60393631
628 0.63009701
629 0.69695653
630 0.75870669
631 0.67291860
632 0.52668331
633 0.46217384
634 0.43194408
635 0.48689688
636 0.40323573
637 0.42678338
638 0.44540156
639 0.38076290
640 0.36665335
641 0.36196608
642 0.42630966
643 0.37405602
644 0.38090278
645 0.48499571
646 0.35709270
647 0.41966267
648 0.53484640
649 0.54290398
650 0.57788568
651 0.67291860
652 0.67090699
653 0.54307125
654 0.54636529
655 0.56813009
656 0.53086939
657 0.49084874
658 0.53357191
659 0.51994959
660 0.48758336
661 0.46636912
662 0.48640624
663 0.47666974
664 0.63093631
665 0.49712377
666 0.49918034
667 0.44596655
668 0.50602702
669 0.58398101
670 0.70165156
671 0.67842296
672 0.67090699
673 0.70535892
674 0.54537920
675 0.62097359
676 0.55945512
677 0.53477535
678 0.52112232
679 0.42491083
680 0.36314689
681 0.45167908
682 0.39164908
683 0.47506935
684 0.40766330
685 0.50846069
686 0.40258319
687 0.42430173
688 0.52597516
689 0.48023943
690 0.46159879
691 0.47973666
692 0.50511890
693 0.70535892
694 0.63682321
695 0.60534149
696 0.47216509
697 0.48654105
698 0.48593278
699 0.47715607
700 0.42386241
701 0.48783537
702 0.46261080
703 0.52070262
704 0.44163890
705 0.47593377
706 0.44585449
707 0.49570688
708 0.46502505
709 0.47463795
710 0.49349895
711 0.49309104
712 0.57880464
713 0.52495603
714 0.63682321
715 0.60975366
716 0.56310463
717 0.57336105
718 0.52726212
719 0.44674545
720 0.42084126
721 0.49567151
722 0.54226769
723 0.47155135
724 0.51925071
725 0.50325321
726 0.48498342
727 0.46083905
728 0.45382225
729 0.47866553
730 0.51764839
731 0.46985882
732 0.49284486
733 0.54272367
734 0.57334415
735 0.60975366
736 0.38854501
737 0.49390748
738 0.49779987
739 0.37155157
740 0.50132119
741 0.47501354
742 0.49014423
743 0.48945743
744 0.52215726
745 0.38973920
746 0.47765057
747 0.45169208
748 0.45249890
749 0.44905647
750 0.42057301
751 0.45905121
752 0.46173301
753 0.47973723
754 0.51189207
755 0.49674046
756 0.38854501
757 0.46230573
758 0.49151539
759 0.40059624
760 0.46404722
761 0.39693969
762 0.40441663
763 0.44601893
764 0.38041735
765 0.40404389
766 0.39798704
767 0.45863711
768 0.41531849
769 0.42850107
770 0.48018357
771 0.41295294
772 0.51662067
773 0.32238640
774 0.49722908
775 0.47818705
776 0.50087480
777 0.46230573
778 0.54935886
779 0.51611233
780 0.48959044
781 0.50786821
782 0.40670492
783 0.52504933
784 0.48499077
785 0.43865568
786 0.45563479
787 0.43501829
788 0.47012002
789 0.39912269
790 0.42827798
791 0.42470692
792 0.44224915
793 0.47492090
794 0.36119550
795 0.53234729
796 0.49753674
797 0.47923810
798 0.54935886
799 0.54358239
800 0.54724465
801 0.44292807
802 0.45350097
803 0.44644184
804 0.42896783
805 0.35490945
806 0.39690803
807 0.39673713
808 0.46239841
809 0.42543813
810 0.41680810
811 0.32063902
812 0.41825176
813 0.40602265
814 0.40361285
815 0.37374439
816 0.40054151
817 0.49367872
818 0.42155319
819 0.54358239
820 0.62931897
821 0.53060242
822 0.51757001
823 0.53907684
824 0.51694289
825 0.50758103
826 0.44983573
827 0.46253712
828 0.44020328
829 0.46512678
830 0.47453033
831 0.39453854
832 0.52705172
833 0.42280104
834 0.42983278
835 0.51086197
836 0.48573490
837 0.50844965
838 0.53276674
839 0.63267909
840 0.62931897
841 0.67993350
842 0.67325482
843 0.57759772
844 0.47400636
845 0.53323527
846 0.44443692
847 0.41968146
848 0.49313943
849 0.44544122
850 0.47442571
851 0.43558577
852 0.48315882
853 0.44068630
854 0.44739363
855 0.54409844
856 0.42969460
857 0.40840588
858 0.50596371
859 0.57166739
860 0.55831701
861 0.67993350
862 0.59648723
863 0.59735322
864 0.53945745
865 0.49502687
866 0.44091971
867 0.47352604
868 0.49227045
869 0.40681982
870 0.44849430
871 0.40976579
872 0.40055126
873 0.33650233
874 0.45126457
875 0.50878289
876 0.45704113
877 0.46313294
878 0.52249813
879 0.59132581
880 0.58893751
881 0.68664907
882 0.59648723
883 0.70202509
884 0.59481077
885 0.67546907
886 0.60036231
887 0.45954711
888 0.47645187
889 0.46548976
890 0.36559591
891 0.48224779
892 0.43328381
893 0.46290245
894 0.39877019
895 0.49143084
896 0.41855856
897 0.51602917
898 0.49992342
899 0.58271940
900 0.54518457
901 0.59363671
902 0.66549287
903 0.70202509
904 0.66389145
905 0.63732713
906 0.60484341
907 0.55295245
908 0.56644763
909 0.50208758
910 0.52607915
911 0.44833591
912 0.57796483
913 0.43308778
914 0.46169410
915 0.43438392
916 0.47535333
917 0.44057788
918 0.48091287
919 0.53883576
920 0.60103409
921 0.57927011
922 0.58182666
923 0.74622948
924 0.66389145
925 0.70282294
926 0.67395366
927 0.68216624
928 0.61169857
929 0.56061903
930 0.59171834
931 0.56866787
932 0.48692778
933 0.54818008
934 0.42417599
935 0.49592667
936 0.53105616
937 0.55868051
938 0.54804906
939 0.51223358
940 0.56282580
941 0.60824036
942 0.56052453
943 0.57816692
944 0.68835264
945 0.70282294
946 0.63729943
947 0.66743958
948 0.59300222
949 0.51121587
950 0.53209283
951 0.55280801
952 0.45960961
953 0.47528321
954 0.48865724
955 0.48424127
956 0.51947808
957 0.46316626
958 0.51281589
959 0.47966823
960 0.52431321
961 0.49133051
962 0.58256808
963 0.57522871
964 0.52362174
965 0.62430425
966 0.63729943
967 0.66826607
968 0.61123603
969 0.54854789
970 0.55419163
971 0.54174532
972 0.48206520
973 0.53110307
974 0.45912865
975 0.48769204
976 0.50960366
977 0.48161337
978 0.55049561
979 0.46744920
980 0.46807495
981 0.54528418
982 0.52098179
983 0.54635484
984 0.59746782
985 0.53309778
986 0.59244132
987 0.66826607
988 0.56873295
989 0.42910584
990 0.45566936
991 0.46021187
992 0.48436312
993 0.39879100
994 0.40199578
995 0.44376601
996 0.40364529
997 0.39652137
998 0.44311237
999 0.41061953
1000 0.44716969
1001 0.35849579
1002 0.47294606
1003 0.47456365
1004 0.44638558
1005 0.48662310
1006 0.43321021
1007 0.51797766
1008 0.56873295
1009 0.55984963
1010 0.50895231
1011 0.56721351
1012 0.52007567
1013 0.38268676
1014 0.57116360
1015 0.43113233
1016 0.33676827
1017 0.41281697
1018 0.41517267
1019 0.40198808
1020 0.42396019
1021 0.44599691
1022 0.39552232
1023 0.46592184
1024 0.45013153
1025 0.44672325
1026 0.57155441
1027 0.58292919
1028 0.47691151
1029 0.55984963
1030 0.52574969
1031 0.45370464
1032 0.55616629
1033 0.37099338
1034 0.48646262
1035 0.40728790
1036 0.43743226
1037 0.31538493
1038 0.39470389
1039 0.40497218
1040 0.42983141
1041 0.44041352
1042 0.44862116
1043 0.42605727
1044 0.36446527
1045 0.39501126
1046 0.51370641
1047 0.53519344
1048 0.46827237
1049 0.44896823
1050 0.52574969
1051 0.58295737
1052 0.53203882
1053 0.49593755
1054 0.54775767
1055 0.45397859
1056 0.40653682
1057 0.45926671
1058 0.42914139
1059 0.49634950
1060 0.43390832
1061 0.43465317
1062 0.38930571
1063 0.44381096
1064 0.42711086
1065 0.38689665
1066 0.44273122
1067 0.47994347
1068 0.48648460
1069 0.53169449
1070 0.56091319
1071 0.58295737
1072 0.62985233
1073 0.61380754
1074 0.53354225
1075 0.53724685
1076 0.50914827
1077 0.41606237
1078 0.48586895
1079 0.38102909
1080 0.43096249
1081 0.48904292
1082 0.47210315
1083 0.47170692
1084 0.49993871
1085 0.50556732
1086 0.43269585
1087 0.43021529
1088 0.51831350
1089 0.52682301
1090 0.52184573
1091 0.64631804
1092 0.62985233
1093 0.65445937
1094 0.59534839
1095 0.62661077
1096 0.53661457
1097 0.52368728
1098 0.47985441
1099 0.49177624
1100 0.39545292
1101 0.42523359
1102 0.35009976
1103 0.41646432
1104 0.45591262
1105 0.40139957
1106 0.44943785
1107 0.43999639
1108 0.51598844
1109 0.40385174
1110 0.56465987
1111 0.51279678
1112 0.70162891
1113 0.65445937
1114 0.80897713
1115 0.73496312
1116 0.64405144
1117 0.62581439
1118 0.62256176
1119 0.59270352
1120 0.61884644
1121 0.58443109
1122 0.53807553
1123 0.50642916
1124 0.54044116
1125 0.54344378
1126 0.54779438
1127 0.57374308
1128 0.52221285
1129 0.55266661
1130 0.58204526
1131 0.58915973
1132 0.73682712
1133 0.72202259
1134 0.80897713
1135 0.84093922
1136 0.71653518
1137 0.71617398
1138 0.63168799
1139 0.68701708
1140 0.49856862
1141 0.56648984
1142 0.55256357
1143 0.50238777
1144 0.49870612
1145 0.54289819
1146 0.50061977
1147 0.56029941
1148 0.55564724
1149 0.55185632
1150 0.54385022
1151 0.57420917
1152 0.64470727
1153 0.69359890
1154 0.66968176
1155 0.84093922
1156 0.87862645
1157 0.82119605
1158 0.68581911
1159 0.70195673
1160 0.66407066
1161 0.66907945
1162 0.62491099
1163 0.58670468
1164 0.60685870
1165 0.63605271
1166 0.53883023
1167 0.61646779
1168 0.50620636
1169 0.50841372
1170 0.67109011
1171 0.78324925
1172 0.67824792
1173 0.69604569
1174 0.78890763
1175 0.79298808
1176 0.87862645
1177 0.81061068
1178 0.78305371
1179 0.67911361
1180 0.64883606
1181 0.62293418
1182 0.53196031
1183 0.58890837
1184 0.59821997
1185 0.58969360
1186 0.59421444
1187 0.50860681
1188 0.54855064
1189 0.61725837
1190 0.53946315
1191 0.56648180
1192 0.57651158
1193 0.65234665
1194 0.64983678
1195 0.67752647
1196 0.73255062
1197 0.81061068
1198 0.61849146
1199 0.72088970
1200 0.59453821
1201 0.55243407
1202 0.53965560
1203 0.54046720
1204 0.51650559
1205 0.51584565
1206 0.47888057
1207 0.56520412
1208 0.53285066
1209 0.46174267
1210 0.50117060
1211 0.56344349
1212 0.55589672
1213 0.52295107
1214 0.63550684
1215 0.55867650
1216 0.55414806
1217 0.69523985
1218 0.61849146
1219 0.67707394
1220 0.59566857
1221 0.62793550
1222 0.60349308
1223 0.58599750
1224 0.42911838
1225 0.50950855
1226 0.52021636
1227 0.50397216
1228 0.48042925
1229 0.43306435
1230 0.46817296
1231 0.48681281
1232 0.46685881
1233 0.45931735
1234 0.54405472
1235 0.49110520
1236 0.60481756
1237 0.63408237
1238 0.67911744
1239 0.67707394
1240 0.58821694
1241 0.52082753
1242 0.59934395
1243 0.67957926
1244 0.50074589
1245 0.51671124
1246 0.45556625
1247 0.46595123
1248 0.51388390
1249 0.40463084
1250 0.44852443
1251 0.46998277
1252 0.38832878
1253 0.50103656
1254 0.46292319
1255 0.49214591
1256 0.57318912
1257 0.49180801
1258 0.55945269
1259 0.52969321
1260 0.58821694
1261 0.72285989
1262 0.68418039
1263 0.66822838
1264 0.61026340
1265 0.66723419
1266 0.57071896
1267 0.55460473
1268 0.52628065
1269 0.57902498
1270 0.52699319
1271 0.55216297
1272 0.56764823
1273 0.54385188
1274 0.48073229
1275 0.50217933
1276 0.60870302
1277 0.61433459
1278 0.56426379
1279 0.59420182
1280 0.71490686
1281 0.72285989
1282 0.72500100
1283 0.72013464
1284 0.70583677
1285 0.56986119
1286 0.52203234
1287 0.57590315
1288 0.53213169
1289 0.61993039
1290 0.50622595
1291 0.50199396
1292 0.53073320
1293 0.50277965
1294 0.53616698
1295 0.51277278
1296 0.56162080
1297 0.52283276
1298 0.60118986
1299 0.55121906
1300 0.65216038
1301 0.70665112
1302 0.72500100
1303 0.58052226
1304 0.56773556
1305 0.55825894
1306 0.38529298
1307 0.49951985
1308 0.46822797
1309 0.49309264
1310 0.33673167
1311 0.42532862
1312 0.39873011
1313 0.46155438
1314 0.36591428
1315 0.39421678
1316 0.46044456
1317 0.40602960
1318 0.49275894
1319 0.39373188
1320 0.51162017
1321 0.54113120
1322 0.61864342
1323 0.58052226
1324 0.65304251
1325 0.62389033
1326 0.61459358
1327 0.54878964
1328 0.50274469
1329 0.49179232
1330 0.52403873
1331 0.46683137
1332 0.43805139
1333 0.42577744
1334 0.41829687
1335 0.41981477
1336 0.36372998
1337 0.47180048
1338 0.48344395
1339 0.47930035
1340 0.50753740
1341 0.54328806
1342 0.59081727
1343 0.60280012
1344 0.65304251
1345 0.69185950
1346 0.74141729
1347 0.65692359
1348 0.67254985
1349 0.56197116
1350 0.57326337
1351 0.50331205
1352 0.50197778
1353 0.56255024
1354 0.53972802
1355 0.46313916
1356 0.53677002
1357 0.43362311
1358 0.50631797
1359 0.57518543
1360 0.55153568
1361 0.55943883
1362 0.54649285
1363 0.68324979
1364 0.70609006
1365 0.69185950
1366 0.85145258
1367 0.73665351
1368 0.67843394
1369 0.71988995
1370 0.62228115
1371 0.59514577
1372 0.59293615
1373 0.62827986
1374 0.56963771
1375 0.44722160
1376 0.58073484
1377 0.54350170
1378 0.53122833
1379 0.56342064
1380 0.54294617
1381 0.57767099
1382 0.65643175
1383 0.63917036
1384 0.70787862
1385 0.76870617
1386 0.85145258
1387 0.89274159
1388 0.64342994
1389 0.62551684
1390 0.60592641
1391 0.59774525
1392 0.50533323
1393 0.44740884
1394 0.61082500
1395 0.47135150
1396 0.57705785
1397 0.52995903
1398 0.48260775
1399 0.53733526
1400 0.54836628
1401 0.57284393
1402 0.57867966
1403 0.69722095
1404 0.58190297
1405 0.66752296
1406 0.72424663
1407 0.89274159
1408 0.70116407
1409 0.73083862
1410 0.56656005
1411 0.60677244
1412 0.55585769
1413 0.50304288
1414 0.49173213
1415 0.56384958
1416 0.52758562
1417 0.43251721
1418 0.50764859
1419 0.50150009
1420 0.47997306
1421 0.49247739
1422 0.53426419
1423 0.57145455
1424 0.54452247
1425 0.62217510
1426 0.60381665
1427 0.68545361
1428 0.70116407
1429 0.87661431
1430 0.80490206
1431 0.67999211
1432 0.62809082
1433 0.66835531
1434 0.58965330
1435 0.64464104
1436 0.66229392
1437 0.60115205
1438 0.55124780
1439 0.51786432
1440 0.56757440
1441 0.66144486
1442 0.58370005
1443 0.55684755
1444 0.64049591
1445 0.65121826
1446 0.71006583
1447 0.69514269
1448 0.78567821
1449 0.87661431
1450 0.73973168
1451 0.64853947
1452 0.59986373
1453 0.56178451
1454 0.54125007
1455 0.49051181
1456 0.49540510
1457 0.55954881
1458 0.41371959
1459 0.43672974
1460 0.45292677
1461 0.43272117
1462 0.54558442
1463 0.48170250
1464 0.51108304
1465 0.55383897
1466 0.53068678
1467 0.56218118
1468 0.59977131
1469 0.67415504
1470 0.73973168
1471 0.72262863
1472 0.61453942
1473 0.55360976
1474 0.59808162
1475 0.58184217
1476 0.44261147
1477 0.51717332
1478 0.42006784
1479 0.46633425
1480 0.50086821
1481 0.49716241
1482 0.43512327
1483 0.48337113
1484 0.44539060
1485 0.58818126
1486 0.54911498
1487 0.57922259
1488 0.59747234
1489 0.55875000
1490 0.61497000
1491 0.72262863
1492 0.63308319
1493 0.57697516
1494 0.51671908
1495 0.58460875
1496 0.47861353
1497 0.45678363
1498 0.46239532
1499 0.41708616
1500 0.54117438
1501 0.50504202
1502 0.50066622
1503 0.40993882
1504 0.41777396
1505 0.44009302
1506 0.46219457
1507 0.49008512
1508 0.45750600
1509 0.50502012
1510 0.52353743
1511 0.57183565
1512 0.63308319
1513 0.60689821
1514 0.61090439
1515 0.55430774
1516 0.48994530
1517 0.51583324
1518 0.42334710
1519 0.49069170
1520 0.45069592
1521 0.48581970
1522 0.34013451
1523 0.49792962
1524 0.35769271
1525 0.43183319
1526 0.53427841
1527 0.45175925
1528 0.46729225
1529 0.46973484
1530 0.43257043
1531 0.59155661
1532 0.52223702
1533 0.60689821
1534 0.64854283
1535 0.68101866
1536 0.62359441
1537 0.53430950
1538 0.48494166
1539 0.52761149
1540 0.53489341
1541 0.46665775
1542 0.49145497
1543 0.47000342
1544 0.44779274
1545 0.42351324
1546 0.42538406
1547 0.56166645
1548 0.43260540
1549 0.53322733
1550 0.57139461
1551 0.57486634
1552 0.61655397
1553 0.55112522
1554 0.64854283
1555 0.72940453
1556 0.53336894
1557 0.58814857
1558 0.49501687
1559 0.45831079
1560 0.49229133
1561 0.44875388
1562 0.39327489
1563 0.38599640
1564 0.37262197
1565 0.40402561
1566 0.42097083
1567 0.45771325
1568 0.46663981
1569 0.45055092
1570 0.44703840
1571 0.45378353
1572 0.46648740
1573 0.53544409
1574 0.58726804
1575 0.72940453
1576 0.70466221
1577 0.65468517
1578 0.58312013
1579 0.54743630
1580 0.51984456
1581 0.46116440
1582 0.48895417
1583 0.46685434
1584 0.44643531
1585 0.46458019
1586 0.42457391
1587 0.38891110
1588 0.52053506
1589 0.41338837
1590 0.43718538
1591 0.52169168
1592 0.49041254
1593 0.46339902
1594 0.58016922
1595 0.60710899
1596 0.70466221
1597 0.81407679
1598 0.75015889
1599 0.59862145
1600 0.60575158
1601 0.61921632
1602 0.59941135
1603 0.62988688
1604 0.65030996
1605 0.60057480
1606 0.61098565
1607 0.55362990
1608 0.42217815
1609 0.47154754
1610 0.55139626
1611 0.60232283
1612 0.56970852
1613 0.60717924
1614 0.66650033
1615 0.71693830
1616 0.71318057
1617 0.81407679
1618 0.85538419
1619 0.88448583
1620 0.70531367
1621 0.60177355
1622 0.68054425
1623 0.59978386
1624 0.60573229
1625 0.52672924
1626 0.54373852
1627 0.59370805
1628 0.56065899
1629 0.46795535
1630 0.57497421
1631 0.49713967
1632 0.58415676
1633 0.60622571
1634 0.60289687
1635 0.66760386
1636 0.84200921
1637 0.70933833
1638 0.85538419
1639 0.97615355
1640 0.79000600
1641 0.79342504
1642 0.68545434
1643 0.67662848
1644 0.72766444
1645 0.58635418
1646 0.59672135
1647 0.55940836
1648 0.64206606
1649 0.66398077
1650 0.54454409
1651 0.59973656
1652 0.59596573
1653 0.55791172
1654 0.55953016
1655 0.73169400
1656 0.65980979
1657 0.77660676
1658 0.90695641
1659 0.97615355
1660 0.85538419
1661 0.88448583
1662 0.70531367
1663 0.60177355
1664 0.68054425
1665 0.59978386
1666 0.60573229
1667 0.52672924
1668 0.54373852
1669 0.59370805
1670 0.56065899
1671 0.46795535
1672 0.57497421
1673 0.49713967
1674 0.58415676
1675 0.60622571
1676 0.60289687
1677 0.66760386
1678 0.84200921
1679 0.70933833
1680 0.85538419
1681 0.81407679
1682 0.75015889
1683 0.59862145
1684 0.60575158
1685 0.61921632
1686 0.59941135
1687 0.62988688
1688 0.65030996
1689 0.60057480
1690 0.61098565
1691 0.55362990
1692 0.42217815
1693 0.47154754
1694 0.55139626
1695 0.60232283
1696 0.56970852
1697 0.60717924
1698 0.66650033
1699 0.71693830
1700 0.71318057
1701 0.81407679
1702 0.70466221
1703 0.65468517
1704 0.58312013
1705 0.54743630
1706 0.51984456
1707 0.46116440
1708 0.48895417
1709 0.46685434
1710 0.44643531
1711 0.46458019
1712 0.42457391
1713 0.38891110
1714 0.52053506
1715 0.41338837
1716 0.43718538
1717 0.52169168
1718 0.49041254
1719 0.46339902
1720 0.58016922
1721 0.60710899
1722 0.70466221
1723 0.72940453
1724 0.53336894
1725 0.58814857
1726 0.49501687
1727 0.45831079
1728 0.49229133
1729 0.44875388
1730 0.39327489
1731 0.38599640
1732 0.37262197
1733 0.40402561
1734 0.42097083
1735 0.45771325
1736 0.46663981
1737 0.45055092
1738 0.44703840
1739 0.45378353
1740 0.46648740
1741 0.53544409
1742 0.58726804
1743 0.72940453
1744 0.64854283
1745 0.68101866
1746 0.62359441
1747 0.53430950
1748 0.48494166
1749 0.52761149
1750 0.53489341
1751 0.46665775
1752 0.49145497
1753 0.47000342
1754 0.44779274
1755 0.42351324
1756 0.42538406
1757 0.56166645
1758 0.43260540
1759 0.53322733
1760 0.57139461
1761 0.57486634
1762 0.61655397
1763 0.55112522
1764 0.64854283
1765 0.72285989
1766 0.68418039
1767 0.66822838
1768 0.61026340
1769 0.66723419
1770 0.57071896
1771 0.55460473
1772 0.52628065
1773 0.57902498
1774 0.52699319
1775 0.55216297
1776 0.56764823
1777 0.54385188
1778 0.48073229
1779 0.50217933
1780 0.60870302
1781 0.61433459
1782 0.56426379
1783 0.59420182
1784 0.71490686
1785 0.72285989
1786 0.63308319
1787 0.57697516
1788 0.51671908
1789 0.58460875
1790 0.47861353
1791 0.45678363
1792 0.46239532
1793 0.41708616
1794 0.54117438
1795 0.50504202
1796 0.50066622
1797 0.40993882
1798 0.41777396
1799 0.44009302
1800 0.46219457
1801 0.49008512
1802 0.45750600
1803 0.50502012
1804 0.52353743
1805 0.57183565
1806 0.63308319
1807 0.72262863
1808 0.61453942
1809 0.55360976
1810 0.59808162
1811 0.58184217
1812 0.44261147
1813 0.51717332
1814 0.42006784
1815 0.46633425
1816 0.50086821
1817 0.49716241
1818 0.43512327
1819 0.48337113
1820 0.44539060
1821 0.58818126
1822 0.54911498
1823 0.57922259
1824 0.59747234
1825 0.55875000
1826 0.61497000
1827 0.72262863
1828 0.73973168
1829 0.64853947
1830 0.59986373
1831 0.56178451
1832 0.54125007
1833 0.49051181
1834 0.49540510
1835 0.55954881
1836 0.41371959
1837 0.43672974
1838 0.45292677
1839 0.43272117
1840 0.54558442
1841 0.48170250
1842 0.51108304
1843 0.55383897
1844 0.53068678
1845 0.56218118
1846 0.59977131
1847 0.67415504
1848 0.73973168
1849 0.87661431
1850 0.80490206
1851 0.67999211
1852 0.62809082
1853 0.66835531
1854 0.58965330
1855 0.64464104
1856 0.66229392
1857 0.60115205
1858 0.55124780
1859 0.51786432
1860 0.56757440
1861 0.66144486
1862 0.58370005
1863 0.55684755
1864 0.64049591
1865 0.65121826
1866 0.71006583
1867 0.69514269
1868 0.78567821
1869 0.87661431
1870 0.70116407
1871 0.73083862
1872 0.56656005
1873 0.60677244
1874 0.55585769
1875 0.50304288
1876 0.49173213
1877 0.56384958
1878 0.52758562
1879 0.43251721
1880 0.50764859
1881 0.50150009
1882 0.47997306
1883 0.49247739
1884 0.53426419
1885 0.57145455
1886 0.54452247
1887 0.62217510
1888 0.60381665
1889 0.68545361
1890 0.70116407
1891 0.89274159
1892 0.64342994
1893 0.62551684
1894 0.60592641
1895 0.59774525
1896 0.50533323
1897 0.44740884
1898 0.61082500
1899 0.47135150
1900 0.57705785
1901 0.52995903
1902 0.48260775
1903 0.53733526
1904 0.54836628
1905 0.57284393
1906 0.57867966
1907 0.69722095
1908 0.58190297
1909 0.66752296
1910 0.72424663
1911 0.89274159
1912 0.85145258
1913 0.73665351
1914 0.67843394
1915 0.71988995
1916 0.62228115
1917 0.59514577
1918 0.59293615
1919 0.62827986
1920 0.56963771
1921 0.44722160
1922 0.58073484
1923 0.54350170
1924 0.53122833
1925 0.56342064
1926 0.54294617
1927 0.57767099
1928 0.65643175
1929 0.63917036
1930 0.70787862
1931 0.76870617
1932 0.85145258
1933 0.69185950
1934 0.74141729
1935 0.65692359
1936 0.67254985
1937 0.56197116
1938 0.57326337
1939 0.50331205
1940 0.50197778
1941 0.56255024
1942 0.53972802
1943 0.46313916
1944 0.53677002
1945 0.43362311
1946 0.50631797
1947 0.57518543
1948 0.55153568
1949 0.55943883
1950 0.54649285
1951 0.68324979
1952 0.70609006
1953 0.69185950
1954 0.65304251
1955 0.62389033
1956 0.61459358
1957 0.54878964
1958 0.50274469
1959 0.49179232
1960 0.52403873
1961 0.46683137
1962 0.43805139
1963 0.42577744
1964 0.41829687
1965 0.41981477
1966 0.36372998
1967 0.47180048
1968 0.48344395
1969 0.47930035
1970 0.50753740
1971 0.54328806
1972 0.59081727
1973 0.60280012
1974 0.65304251
1975 0.58052226
1976 0.56773556
1977 0.55825894
1978 0.38529298
1979 0.49951985
1980 0.46822797
1981 0.49309264
1982 0.33673167
1983 0.42532862
1984 0.39873011
1985 0.46155438
1986 0.36591428
1987 0.39421678
1988 0.46044456
1989 0.40602960
1990 0.49275894
1991 0.39373188
1992 0.51162017
1993 0.54113120
1994 0.61864342
1995 0.58052226
1996 0.72500100
1997 0.72013464
1998 0.70583677
1999 0.56986119
2000 0.52203234
2001 0.57590315
2002 0.53213169
2003 0.61993039
2004 0.50622595
2005 0.50199396
2006 0.53073320
2007 0.50277965
2008 0.53616698
2009 0.51277278
2010 0.56162080
2011 0.52283276
2012 0.60118986
2013 0.55121906
2014 0.65216038
2015 0.70665112
2016 0.72500100
2017 0.55984963
2018 0.50895231
2019 0.56721351
2020 0.52007567
2021 0.38268676
2022 0.57116360
2023 0.43113233
2024 0.33676827
2025 0.41281697
2026 0.41517267
2027 0.40198808
2028 0.42396019
2029 0.44599691
2030 0.39552232
2031 0.46592184
2032 0.45013153
2033 0.44672325
2034 0.57155441
2035 0.58292919
2036 0.47691151
2037 0.55984963
2038 0.58821694
2039 0.52082753
2040 0.59934395
2041 0.67957926
2042 0.50074589
2043 0.51671124
2044 0.45556625
2045 0.46595123
2046 0.51388390
2047 0.40463084
2048 0.44852443
2049 0.46998277
2050 0.38832878
2051 0.50103656
2052 0.46292319
2053 0.49214591
2054 0.57318912
2055 0.49180801
2056 0.55945269
2057 0.52969321
2058 0.58821694
2059 0.67707394
2060 0.59566857
2061 0.62793550
2062 0.60349308
2063 0.58599750
2064 0.42911838
2065 0.50950855
2066 0.52021636
2067 0.50397216
2068 0.48042925
2069 0.43306435
2070 0.46817296
2071 0.48681281
2072 0.46685881
2073 0.45931735
2074 0.54405472
2075 0.49110520
2076 0.60481756
2077 0.63408237
2078 0.67911744
2079 0.67707394
2080 0.61849146
2081 0.72088970
2082 0.59453821
2083 0.55243407
2084 0.53965560
2085 0.54046720
2086 0.51650559
2087 0.51584565
2088 0.47888057
2089 0.56520412
2090 0.53285066
2091 0.46174267
2092 0.50117060
2093 0.56344349
2094 0.55589672
2095 0.52295107
2096 0.63550684
2097 0.55867650
2098 0.55414806
2099 0.69523985
2100 0.61849146
2101 0.81061068
2102 0.78305371
2103 0.67911361
2104 0.64883606
2105 0.62293418
2106 0.53196031
2107 0.58890837
2108 0.59821997
2109 0.58969360
2110 0.59421444
2111 0.50860681
2112 0.54855064
2113 0.61725837
2114 0.53946315
2115 0.56648180
2116 0.57651158
2117 0.65234665
2118 0.64983678
2119 0.67752647
2120 0.73255062
2121 0.81061068
2122 0.87862645
2123 0.82119605
2124 0.68581911
2125 0.70195673
2126 0.66407066
2127 0.66907945
2128 0.62491099
2129 0.58670468
2130 0.60685870
2131 0.63605271
2132 0.53883023
2133 0.61646779
2134 0.50620636
2135 0.50841372
2136 0.67109011
2137 0.78324925
2138 0.67824792
2139 0.69604569
2140 0.78890763
2141 0.79298808
2142 0.87862645
2143 0.84093922
2144 0.71653518
2145 0.71617398
2146 0.63168799
2147 0.68701708
2148 0.49856862
2149 0.56648984
2150 0.55256357
2151 0.50238777
2152 0.49870612
2153 0.54289819
2154 0.50061977
2155 0.56029941
2156 0.55564724
2157 0.55185632
2158 0.54385022
2159 0.57420917
2160 0.64470727
2161 0.69359890
2162 0.66968176
2163 0.84093922
2164 0.80897713
2165 0.73496312
2166 0.64405144
2167 0.62581439
2168 0.62256176
2169 0.59270352
2170 0.61884644
2171 0.58443109
2172 0.53807553
2173 0.50642916
2174 0.54044116
2175 0.54344378
2176 0.54779438
2177 0.57374308
2178 0.52221285
2179 0.55266661
2180 0.58204526
2181 0.58915973
2182 0.73682712
2183 0.72202259
2184 0.80897713
2185 0.65445937
2186 0.59534839
2187 0.62661077
2188 0.53661457
2189 0.52368728
2190 0.47985441
2191 0.49177624
2192 0.39545292
2193 0.42523359
2194 0.35009976
2195 0.41646432
2196 0.45591262
2197 0.40139957
2198 0.44943785
2199 0.43999639
2200 0.51598844
2201 0.40385174
2202 0.56465987
2203 0.51279678
2204 0.70162891
2205 0.65445937
2206 0.62985233
2207 0.61380754
2208 0.53354225
2209 0.53724685
2210 0.50914827
2211 0.41606237
2212 0.48586895
2213 0.38102909
2214 0.43096249
2215 0.48904292
2216 0.47210315
2217 0.47170692
2218 0.49993871
2219 0.50556732
2220 0.43269585
2221 0.43021529
2222 0.51831350
2223 0.52682301
2224 0.52184573
2225 0.64631804
2226 0.62985233
2227 0.58295737
2228 0.53203882
2229 0.49593755
2230 0.54775767
2231 0.45397859
2232 0.40653682
2233 0.45926671
2234 0.42914139
2235 0.49634950
2236 0.43390832
2237 0.43465317
2238 0.38930571
2239 0.44381096
2240 0.42711086
2241 0.38689665
2242 0.44273122
2243 0.47994347
2244 0.48648460
2245 0.53169449
2246 0.56091319
2247 0.58295737
2248 0.52574969
2249 0.45370464
2250 0.55616629
2251 0.37099338
2252 0.48646262
2253 0.40728790
2254 0.43743226
2255 0.31538493
2256 0.39470389
2257 0.40497218
2258 0.42983141
2259 0.44041352
2260 0.44862116
2261 0.42605727
2262 0.36446527
2263 0.39501126
2264 0.51370641
2265 0.53519344
2266 0.46827237
2267 0.44896823
2268 0.52574969
2269 0.46230573
2270 0.49151539
2271 0.40059624
2272 0.46404722
2273 0.39693969
2274 0.40441663
2275 0.44601893
2276 0.38041735
2277 0.40404389
2278 0.39798704
2279 0.45863711
2280 0.41531849
2281 0.42850107
2282 0.48018357
2283 0.41295294
2284 0.51662067
2285 0.32238640
2286 0.49722908
2287 0.47818705
2288 0.50087480
2289 0.46230573
2290 0.56873295
2291 0.42910584
2292 0.45566936
2293 0.46021187
2294 0.48436312
2295 0.39879100
2296 0.40199578
2297 0.44376601
2298 0.40364529
2299 0.39652137
2300 0.44311237
2301 0.41061953
2302 0.44716969
2303 0.35849579
2304 0.47294606
2305 0.47456365
2306 0.44638558
2307 0.48662310
2308 0.43321021
2309 0.51797766
2310 0.56873295
2311 0.66826607
2312 0.61123603
2313 0.54854789
2314 0.55419163
2315 0.54174532
2316 0.48206520
2317 0.53110307
2318 0.45912865
2319 0.48769204
2320 0.50960366
2321 0.48161337
2322 0.55049561
2323 0.46744920
2324 0.46807495
2325 0.54528418
2326 0.52098179
2327 0.54635484
2328 0.59746782
2329 0.53309778
2330 0.59244132
2331 0.66826607
2332 0.63729943
2333 0.66743958
2334 0.59300222
2335 0.51121587
2336 0.53209283
2337 0.55280801
2338 0.45960961
2339 0.47528321
2340 0.48865724
2341 0.48424127
2342 0.51947808
2343 0.46316626
2344 0.51281589
2345 0.47966823
2346 0.52431321
2347 0.49133051
2348 0.58256808
2349 0.57522871
2350 0.52362174
2351 0.62430425
2352 0.63729943
2353 0.70282294
2354 0.67395366
2355 0.68216624
2356 0.61169857
2357 0.56061903
2358 0.59171834
2359 0.56866787
2360 0.48692778
2361 0.54818008
2362 0.42417599
2363 0.49592667
2364 0.53105616
2365 0.55868051
2366 0.54804906
2367 0.51223358
2368 0.56282580
2369 0.60824036
2370 0.56052453
2371 0.57816692
2372 0.68835264
2373 0.70282294
2374 0.66389145
2375 0.63732713
2376 0.60484341
2377 0.55295245
2378 0.56644763
2379 0.50208758
2380 0.52607915
2381 0.44833591
2382 0.57796483
2383 0.43308778
2384 0.46169410
2385 0.43438392
2386 0.47535333
2387 0.44057788
2388 0.48091287
2389 0.53883576
2390 0.60103409
2391 0.57927011
2392 0.58182666
2393 0.74622948
2394 0.66389145
2395 0.70202509
2396 0.59481077
2397 0.67546907
2398 0.60036231
2399 0.45954711
2400 0.47645187
2401 0.46548976
2402 0.36559591
2403 0.48224779
2404 0.43328381
2405 0.46290245
2406 0.39877019
2407 0.49143084
2408 0.41855856
2409 0.51602917
2410 0.49992342
2411 0.58271940
2412 0.54518457
2413 0.59363671
2414 0.66549287
2415 0.70202509
2416 0.59648723
2417 0.59735322
2418 0.53945745
2419 0.49502687
2420 0.44091971
2421 0.47352604
2422 0.49227045
2423 0.40681982
2424 0.44849430
2425 0.40976579
2426 0.40055126
2427 0.33650233
2428 0.45126457
2429 0.50878289
2430 0.45704113
2431 0.46313294
2432 0.52249813
2433 0.59132581
2434 0.58893751
2435 0.68664907
2436 0.59648723
2437 0.67993350
2438 0.67325482
2439 0.57759772
2440 0.47400636
2441 0.53323527
2442 0.44443692
2443 0.41968146
2444 0.49313943
2445 0.44544122
2446 0.47442571
2447 0.43558577
2448 0.48315882
2449 0.44068630
2450 0.44739363
2451 0.54409844
2452 0.42969460
2453 0.40840588
2454 0.50596371
2455 0.57166739
2456 0.55831701
2457 0.67993350
2458 0.62931897
2459 0.53060242
2460 0.51757001
2461 0.53907684
2462 0.51694289
2463 0.50758103
2464 0.44983573
2465 0.46253712
2466 0.44020328
2467 0.46512678
2468 0.47453033
2469 0.39453854
2470 0.52705172
2471 0.42280104
2472 0.42983278
2473 0.51086197
2474 0.48573490
2475 0.50844965
2476 0.53276674
2477 0.63267909
2478 0.62931897
2479 0.54358239
2480 0.54724465
2481 0.44292807
2482 0.45350097
2483 0.44644184
2484 0.42896783
2485 0.35490945
2486 0.39690803
2487 0.39673713
2488 0.46239841
2489 0.42543813
2490 0.41680810
2491 0.32063902
2492 0.41825176
2493 0.40602265
2494 0.40361285
2495 0.37374439
2496 0.40054151
2497 0.49367872
2498 0.42155319
2499 0.54358239
2500 0.54935886
2501 0.51611233
2502 0.48959044
2503 0.50786821
2504 0.40670492
2505 0.52504933
2506 0.48499077
2507 0.43865568
2508 0.45563479
2509 0.43501829
2510 0.47012002
2511 0.39912269
2512 0.42827798
2513 0.42470692
2514 0.44224915
2515 0.47492090
2516 0.36119550
2517 0.53234729
2518 0.49753674
2519 0.47923810
2520 0.54935886
2521 0.42530870
2522 0.45051187
2523 0.50598074
2524 0.46704145
2525 0.47804232
2526 0.45862555
2527 0.46148124
2528 0.35464848
2529 0.43949947
2530 0.44413805
2531 0.45262914
2532 0.42164774
2533 0.43191419
2534 0.40495272
2535 0.35551825
2536 0.45443003
2537 0.47260723
2538 0.44787057
2539 0.53751341
2540 0.51918727
2541 0.42530870
2542 0.38854501
2543 0.49390748
2544 0.49779987
2545 0.37155157
2546 0.50132119
2547 0.47501354
2548 0.49014423
2549 0.48945743
2550 0.52215726
2551 0.38973920
2552 0.47765057
2553 0.45169208
2554 0.45249890
2555 0.44905647
2556 0.42057301
2557 0.45905121
2558 0.46173301
2559 0.47973723
2560 0.51189207
2561 0.49674046
2562 0.38854501
2563 0.60975366
2564 0.56310463
2565 0.57336105
2566 0.52726212
2567 0.44674545
2568 0.42084126
2569 0.49567151
2570 0.54226769
2571 0.47155135
2572 0.51925071
2573 0.50325321
2574 0.48498342
2575 0.46083905
2576 0.45382225
2577 0.47866553
2578 0.51764839
2579 0.46985882
2580 0.49284486
2581 0.54272367
2582 0.57334415
2583 0.60975366
2584 0.63682321
2585 0.60534149
2586 0.47216509
2587 0.48654105
2588 0.48593278
2589 0.47715607
2590 0.42386241
2591 0.48783537
2592 0.46261080
2593 0.52070262
2594 0.44163890
2595 0.47593377
2596 0.44585449
2597 0.49570688
2598 0.46502505
2599 0.47463795
2600 0.49349895
2601 0.49309104
2602 0.57880464
2603 0.52495603
2604 0.63682321
2605 0.70535892
2606 0.54537920
2607 0.62097359
2608 0.55945512
2609 0.53477535
2610 0.52112232
2611 0.42491083
2612 0.36314689
2613 0.45167908
2614 0.39164908
2615 0.47506935
2616 0.40766330
2617 0.50846069
2618 0.40258319
2619 0.42430173
2620 0.52597516
2621 0.48023943
2622 0.46159879
2623 0.47973666
2624 0.50511890
2625 0.70535892
2626 0.67090699
2627 0.54307125
2628 0.54636529
2629 0.56813009
2630 0.53086939
2631 0.49084874
2632 0.53357191
2633 0.51994959
2634 0.48758336
2635 0.46636912
2636 0.48640624
2637 0.47666974
2638 0.63093631
2639 0.49712377
2640 0.49918034
2641 0.44596655
2642 0.50602702
2643 0.58398101
2644 0.70165156
2645 0.67842296
2646 0.67090699
2647 0.67291860
2648 0.52668331
2649 0.46217384
2650 0.43194408
2651 0.48689688
2652 0.40323573
2653 0.42678338
2654 0.44540156
2655 0.38076290
2656 0.36665335
2657 0.36196608
2658 0.42630966
2659 0.37405602
2660 0.38090278
2661 0.48499571
2662 0.35709270
2663 0.41966267
2664 0.53484640
2665 0.54290398
2666 0.57788568
2667 0.67291860
2668 0.75870669
2669 0.66634757
2670 0.64715191
2671 0.58483907
2672 0.62180278
2673 0.62275618
2674 0.54088266
2675 0.56256242
2676 0.49410978
2677 0.54874899
2678 0.58969888
2679 0.46019684
2680 0.56482966
2681 0.46391857
2682 0.57680776
2683 0.52935028
2684 0.51636425
2685 0.60393631
2686 0.63009701
2687 0.69695653
2688 0.75870669
2689 0.64306904
2690 0.59771620
2691 0.47796524
2692 0.49864539
2693 0.49239242
2694 0.44708493
2695 0.42026242
2696 0.50198941
2697 0.47693448
2698 0.49367555
2699 0.41750980
2700 0.39323462
2701 0.50883640
2702 0.44567470
2703 0.41713830
2704 0.42377619
2705 0.48177749
2706 0.52113511
2707 0.57171608
2708 0.49438717
2709 0.64306904
2710 0.54226054
2711 0.59842702
2712 0.46975397
2713 0.44120510
2714 0.39593835
2715 0.48047140
2716 0.34862553
2717 0.48442126
2718 0.34528289
2719 0.41778980
2720 0.39342273
2721 0.35429359
2722 0.40619949
2723 0.44720995
2724 0.38036375
2725 0.37543005
2726 0.39175741
2727 0.40124493
2728 0.51491191
2729 0.48504230
2730 0.54226054
2731 0.52885479
2732 0.46217744
2733 0.44115148
2734 0.41519053
2735 0.44629949
2736 0.45450792
2737 0.37024570
2738 0.24731967
2739 0.39280994
2740 0.44288399
2741 0.42763876
2742 0.29692032
2743 0.35410458
2744 0.43741442
2745 0.40851026
2746 0.38897416
2747 0.46948275
2748 0.41693847
2749 0.36844992
2750 0.41931217
2751 0.52885479
2752 0.50712081
2753 0.48746156
2754 0.44324933
2755 0.47750761
2756 0.45125447
2757 0.42513851
2758 0.40344059
2759 0.48552146
2760 0.40816292
2761 0.37502161
2762 0.46685326
2763 0.42215187
2764 0.47449077
2765 0.37783898
2766 0.43630185
2767 0.44146957
2768 0.42509357
2769 0.35485504
2770 0.53956236
2771 0.52973607
2772 0.50712081
2773 0.28380420
2774 0.33144705
2775 0.33035071
2776 0.36528626
2777 0.44309020
2778 0.35265429
2779 0.41758889
2780 0.33165774
2781 0.34505442
2782 0.35262145
2783 0.35352582
2784 0.30810553
2785 0.39235683
2786 0.32437395
2787 0.35784756
2788 0.42082326
2789 0.45548485
2790 0.38300754
2791 0.29933631
2792 0.34554045
2793 0.28380420
2794 0.42570668
2795 0.48899361
2796 0.38152886
2797 0.32685807
2798 0.43792117
2799 0.53589361
2800 0.36568704
2801 0.34909163
2802 0.34335599
2803 0.41219314
2804 0.41072345
2805 0.33609306
2806 0.39232069
2807 0.45361514
2808 0.44867153
2809 0.41103137
2810 0.37367071
2811 0.41484208
2812 0.43734976
2813 0.42277014
2814 0.42570668
2815 0.56630538
2816 0.57622525
2817 0.47016469
2818 0.47846495
2819 0.50094260
2820 0.44937146
2821 0.47989711
2822 0.40340086
2823 0.45590666
2824 0.37900146
2825 0.40795123
2826 0.43390922
2827 0.50318091
2828 0.41967731
2829 0.44112423
2830 0.51954650
2831 0.38183038
2832 0.41395880
2833 0.51861976
2834 0.48163805
2835 0.56630538
2836 0.55816612
2837 0.58622373
2838 0.49670750
2839 0.40394696
2840 0.51782987
2841 0.49064760
2842 0.43963956
2843 0.47782159
2844 0.41053365
2845 0.50007313
2846 0.49933000
2847 0.37104709
2848 0.37773965
2849 0.47373743
2850 0.40527773
2851 0.40611792
2852 0.52598470
2853 0.43673307
2854 0.48662800
2855 0.49159100
2856 0.55816612
2857 0.66162140
2858 0.62570272
2859 0.61215437
2860 0.48318781
2861 0.53091306
2862 0.45825007
2863 0.56467120
2864 0.45515500
2865 0.47425143
2866 0.51293949
2867 0.44373429
2868 0.52622076
2869 0.45226754
2870 0.53422603
2871 0.51979273
2872 0.54152879
2873 0.53158484
2874 0.56644025
2875 0.59792883
2876 0.56658770
2877 0.66162140
2878 0.57712497
2879 0.63877156
2880 0.58016674
2881 0.54148862
2882 0.49166008
2883 0.51449567
2884 0.50354889
2885 0.45365398
2886 0.41959667
2887 0.46231159
2888 0.53539212
2889 0.43868252
2890 0.46324523
2891 0.54724304
2892 0.55933748
2893 0.42167063
2894 0.49472753
2895 0.49691393
2896 0.55798421
2897 0.64848163
2898 0.57712497
2899 0.64975198
2900 0.59431977
2901 0.52774564
2902 0.56202868
2903 0.48149404
2904 0.49419586
2905 0.44508166
2906 0.43777577
2907 0.51052453
2908 0.36140443
2909 0.46670192
2910 0.44626583
2911 0.48631432
2912 0.42950106
2913 0.55105933
2914 0.50646191
2915 0.46841991
2916 0.52627958
2917 0.47880102
2918 0.61364621
2919 0.64975198
2920 0.67988836
2921 0.65901435
2922 0.57153971
2923 0.55968957
2924 0.52941964
2925 0.51153177
2926 0.42717644
2927 0.45527517
2928 0.50406570
2929 0.39353308
2930 0.44522424
2931 0.47846208
2932 0.38529704
2933 0.43773969
2934 0.53294977
2935 0.51127444
2936 0.48372896
2937 0.53984090
2938 0.52324048
2939 0.55569690
2940 0.67988836
2941 0.56598946
2942 0.53063055
2943 0.53845658
2944 0.40711100
2945 0.49289829
2946 0.41276147
2947 0.37830245
2948 0.46297441
2949 0.39886452
2950 0.47016472
2951 0.44841147
2952 0.40661833
2953 0.45695594
2954 0.42665552
2955 0.44828446
2956 0.49869773
2957 0.50609739
2958 0.48639263
2959 0.53440745
2960 0.57695717
2961 0.56598946
2962 0.45057086
2963 0.50491358
2964 0.41194423
2965 0.40012452
2966 0.42432162
2967 0.30799922
2968 0.43142783
2969 0.34546503
2970 0.36886823
2971 0.31575775
2972 0.37100079
2973 0.33466853
2974 0.35170883
2975 0.28534760
2976 0.34664929
2977 0.34817840
2978 0.39655378
2979 0.38409507
2980 0.47232226
2981 0.44680025
2982 0.45057086
2983 0.45941790
2984 0.37398650
2985 0.40532551
2986 0.42441319
2987 0.43978759
2988 0.36344577
2989 0.40978384
2990 0.35702779
2991 0.42509336
2992 0.38657313
2993 0.35135810
2994 0.41809101
2995 0.42966358
2996 0.36620810
2997 0.40992227
2998 0.33362206
2999 0.30316901
3000 0.33244900
3001 0.42101565
3002 0.48100838
3003 0.45941790
3004 0.39079451
3005 0.37991894
3006 0.35520256
3007 0.36604073
3008 0.32872823
3009 0.37337761
3010 0.28996716
3011 0.44893714
3012 0.35633907
3013 0.37682224
3014 0.38504601
3015 0.26758693
3016 0.37966468
3017 0.33712593
3018 0.41525523
3019 0.29837498
3020 0.40890488
3021 0.30012646
3022 0.31097586
3023 0.31657205
3024 0.39079451
