index DenDen_momentum
1 142.26647975
2 142.35581609
3 142.32323637
4 142.19195348
5 142.26857913
6 142.22698752
7 142.33959475
8 142.22104512
9 142.35854234
10 142.29588674
11 142.36414941
12 142.23694445
13 142.19021029
14 142.27315101
15 142.28028749
16 142.25680970
17 142.26016895
18 142.25511581
19 142.17515522
20 142.21816073
21 142.26647975
22 0.41201755
23 0.43203459
24 0.50213988
25 0.42969983
26 0.34156989
27 0.44780021
28 0.39455069
29 0.48524097
30 0.45306556
31 0.41374695
32 0.40036590
33 0.40415052
34 0.39227462
35 0.40432647
36 0.46722186
37 0.40270942
38 0.49617722
39 0.41747640
40 0.45400668
41 0.45417697
42 0.41201755
43 0.40992204
44 0.37579301
45 0.35132214
46 0.36650870
47 0.33058010
48 0.37962751
49 0.33564166
50 0.33450151
51 0.32196632
52 0.31159801
53 0.32774961
54 0.37684603
55 0.35356559
56 0.36673040
57 0.39143617
58 0.39923277
59 0.36875845
60 0.31649731
61 0.35477867
62 0.47241150
63 0.40992204
64 0.49230728
65 0.48542702
66 0.44606874
67 0.46272460
68 0.37579976
69 0.43027694
70 0.35978333
71 0.45170885
72 0.38915816
73 0.33412780
74 0.42267029
75 0.41719526
76 0.43102872
77 0.49869570
78 0.43119385
79 0.44926326
80 0.44877760
81 0.45826457
82 0.49179159
83 0.48923200
84 0.49230728
85 0.67873655
86 0.53297797
87 0.59419922
88 0.53751357
89 0.52705403
90 0.49020777
91 0.52054320
92 0.43516440
93 0.54069422
94 0.48859396
95 0.47613530
96 0.44792348
97 0.53338265
98 0.53919730
99 0.52475521
100 0.44019821
101 0.54203820
102 0.49583378
103 0.54011541
104 0.57907574
105 0.67873655
106 0.62687473
107 0.58922150
108 0.56791656
109 0.55713279
110 0.53818815
111 0.50940991
112 0.52370794
113 0.46714796
114 0.45681596
115 0.38866867
116 0.44302308
117 0.51829940
118 0.51119651
119 0.48834853
120 0.46402009
121 0.55979716
122 0.52998432
123 0.49906138
124 0.54149665
125 0.61778730
126 0.62687473
127 0.58206214
128 0.59504470
129 0.51202734
130 0.52664879
131 0.58146444
132 0.40135818
133 0.49113704
134 0.38859475
135 0.50353486
136 0.38367676
137 0.46040164
138 0.46127776
139 0.46507320
140 0.41761054
141 0.42044227
142 0.40488510
143 0.57629033
144 0.37371700
145 0.57963317
146 0.49102775
147 0.58206214
148 0.62687473
149 0.58922150
150 0.56791656
151 0.55713279
152 0.53818815
153 0.50940991
154 0.52370794
155 0.46714796
156 0.45681596
157 0.38866867
158 0.44302308
159 0.51829940
160 0.51119651
161 0.48834853
162 0.46402009
163 0.55979716
164 0.52998432
165 0.49906138
166 0.54149665
167 0.61778730
168 0.62687473
169 0.67873655
170 0.53297797
171 0.59419922
172 0.53751357
173 0.52705403
174 0.49020777
175 0.52054320
176 0.43516440
177 0.54069422
178 0.48859396
179 0.47613530
180 0.44792348
181 0.53338265
182 0.53919730
183 0.52475521
184 0.44019821
185 0.54203820
186 0.49583378
187 0.54011541
188 0.57907574
189 0.67873655
190 0.49230728
191 0.48542702
192 0.44606874
193 0.46272460
194 0.37579976
195 0.43027694
196 0.35978333
197 0.45170885
198 0.38915816
199 0.33412780
200 0.42267029
201 0.41719526
202 0.43102872
203 0.49869570
204 0.43119385
205 0.44926326
206 0.44877760
207 0.45826457
208 0.49179159
209 0.48923200
210 0.49230728
211 0.40992204
212 0.37579301
213 0.35132214
214 0.36650870
215 0.33058010
216 0.37962751
217 0.33564166
218 0.33450151
219 0.32196632
220 0.31159801
221 0.32774961
222 0.37684603
223 0.35356559
224 0.36673040
225 0.39143617
226 0.39923277
227 0.36875845
228 0.31649731
229 0.35477867
230 0.47241150
231 0.40992204
232 0.41201755
233 0.43203459
234 0.50213988
235 0.42969983
236 0.34156989
237 0.44780021
238 0.39455069
239 0.48524097
240 0.45306556
241 0.41374695
242 0.40036590
243 0.40415052
244 0.39227462
245 0.40432647
246 0.46722186
247 0.40270942
248 0.49617722
249 0.41747640
250 0.45400668
251 0.45417697
252 0.41201755
253 0.42231810
254 0.54021283
255 0.47794914
256 0.48043483
257 0.52976664
258 0.49983834
259 0.46095662
260 0.50973586
261 0.44590797
262 0.46757459
263 0.44479598
264 0.56330286
265 0.41666472
266 0.58661905
267 0.49597373
268 0.49464048
269 0.54032749
270 0.53499275
271 0.53687557
272 0.47215953
273 0.42231810
274 0.49948719
275 0.39636741
276 0.44827942
277 0.41887189
278 0.36384157
279 0.44011835
280 0.47234273
281 0.40097139
282 0.48214816
283 0.37609705
284 0.39220860
285 0.43522922
286 0.50558184
287 0.44618054
288 0.37410439
289 0.44629872
290 0.42068835
291 0.41907770
292 0.39538742
293 0.45429919
294 0.49948719
295 0.47602661
296 0.45731883
297 0.38307749
298 0.44429677
299 0.40762110
300 0.43015236
301 0.38461695
302 0.38879053
303 0.42462938
304 0.36055794
305 0.39240984
306 0.41869433
307 0.38702721
308 0.36105002
309 0.43058349
310 0.45440123
311 0.42632899
312 0.43276026
313 0.32132216
314 0.45485867
315 0.47602661
316 0.45136865
317 0.49095310
318 0.51926952
319 0.35708305
320 0.50217672
321 0.40495187
322 0.45572503
323 0.33310915
324 0.50958048
325 0.40610095
326 0.39349782
327 0.39463187
328 0.41949777
329 0.47593297
330 0.48723677
331 0.42359422
332 0.44996765
333 0.42379193
334 0.53188967
335 0.43273464
336 0.45136865
337 0.49880737
338 0.55593824
339 0.48454560
340 0.36458557
341 0.40152284
342 0.40840753
343 0.35722166
344 0.36745206
345 0.41660134
346 0.39774743
347 0.42857195
348 0.43670764
349 0.41386587
350 0.41465951
351 0.37024904
352 0.33699537
353 0.37843433
354 0.39653854
355 0.44134399
356 0.50485233
357 0.49880737
358 0.64523289
359 0.64688425
360 0.60024124
361 0.58876624
362 0.61466353
363 0.56168885
364 0.52568487
365 0.54233779
366 0.54073521
367 0.48510878
368 0.47647598
369 0.51470522
370 0.51405869
371 0.52831428
372 0.49961831
373 0.62471857
374 0.58262445
375 0.54358726
376 0.53901406
377 0.60410090
378 0.64523289
379 0.67191908
380 0.70546405
381 0.58148726
382 0.53415715
383 0.48560054
384 0.49363168
385 0.49461813
386 0.42452590
387 0.48777185
388 0.40482987
389 0.56266933
390 0.49999926
391 0.51060366
392 0.49663426
393 0.49818795
394 0.46564279
395 0.56462502
396 0.53154221
397 0.57451953
398 0.68003559
399 0.67191908
400 0.64739215
401 0.56475150
402 0.51831527
403 0.62917631
404 0.35824051
405 0.52675660
406 0.53488430
407 0.54661863
408 0.49975932
409 0.46459182
410 0.47098546
411 0.50341375
412 0.47189062
413 0.42879349
414 0.48581541
415 0.50856218
416 0.47722662
417 0.57156123
418 0.61254808
419 0.66961561
420 0.64739215
421 0.59348053
422 0.59846724
423 0.58901735
424 0.48917503
425 0.59022420
426 0.57923569
427 0.44589816
428 0.38334136
429 0.46084171
430 0.44278751
431 0.45600166
432 0.42248706
433 0.45454391
434 0.54470586
435 0.45013415
436 0.47787510
437 0.44378460
438 0.53671092
439 0.51347787
440 0.54648752
441 0.59348053
442 0.62108458
443 0.64280429
444 0.55454932
445 0.54938594
446 0.53047447
447 0.55537923
448 0.57565208
449 0.52026537
450 0.57491977
451 0.58923389
452 0.55691676
453 0.46290656
454 0.54720552
455 0.57523599
456 0.45940694
457 0.53344040
458 0.58843446
459 0.52247570
460 0.57075886
461 0.58079109
462 0.62108458
463 0.41705425
464 0.48165153
465 0.48482701
466 0.33035629
467 0.38106238
468 0.39446188
469 0.44839729
470 0.44827797
471 0.38255608
472 0.39790564
473 0.39330045
474 0.40337233
475 0.32383597
476 0.35586664
477 0.32263082
478 0.36148363
479 0.38485203
480 0.41539377
481 0.36088491
482 0.47245327
483 0.41705425
484 0.39975311
485 0.42124487
486 0.45131134
487 0.45454652
488 0.41369092
489 0.43460935
490 0.41786848
491 0.43275040
492 0.42198861
493 0.38189576
494 0.41352425
495 0.51212706
496 0.43510862
497 0.47313163
498 0.46545054
499 0.46250772
500 0.45524461
501 0.43882334
502 0.42994210
503 0.35554843
504 0.39975311
505 0.51188823
506 0.41690030
507 0.39583219
508 0.44940656
509 0.42467321
510 0.44100169
511 0.40338832
512 0.44522577
513 0.37381559
514 0.39949956
515 0.35746589
516 0.41905535
517 0.42696808
518 0.47325169
519 0.36829653
520 0.51475850
521 0.43519187
522 0.45935348
523 0.45330676
524 0.41087097
525 0.51188823
526 0.41070422
527 0.34995148
528 0.49878882
529 0.41259881
530 0.44209682
531 0.43426603
532 0.36694921
533 0.40795704
534 0.42248371
535 0.38236658
536 0.37590417
537 0.46977633
538 0.36184733
539 0.36344688
540 0.36456903
541 0.37513548
542 0.43757645
543 0.37211063
544 0.47175045
545 0.43907558
546 0.41070422
547 0.45465622
548 0.44149041
549 0.43986869
550 0.40031721
551 0.40239596
552 0.44268913
553 0.38432955
554 0.36125066
555 0.37435715
556 0.39558258
557 0.39473553
558 0.43464790
559 0.37166150
560 0.33153607
561 0.27373274
562 0.34890525
563 0.33881481
564 0.40895678
565 0.44517599
566 0.47926955
567 0.45465622
568 0.64386385
569 0.56235994
570 0.51935050
571 0.55078572
572 0.59005372
573 0.44319119
574 0.55755439
575 0.48351624
576 0.49556014
577 0.47910504
578 0.51996318
579 0.60090330
580 0.44120413
581 0.49632523
582 0.44993713
583 0.58156577
584 0.52148306
585 0.60386510
586 0.61303774
587 0.62330728
588 0.64386385
589 0.57018868
590 0.59119929
591 0.51151733
592 0.52540561
593 0.46931137
594 0.43170990
595 0.41138006
596 0.40392030
597 0.35572028
598 0.36460926
599 0.48498051
600 0.39672591
601 0.46012200
602 0.50544744
603 0.49750212
604 0.41908412
605 0.43941629
606 0.53412951
607 0.57081799
608 0.63211903
609 0.57018868
610 0.62183862
611 0.58430928
612 0.59784719
613 0.48779456
614 0.46731927
615 0.49314618
616 0.50980159
617 0.44928967
618 0.36649111
619 0.36406079
620 0.38298434
621 0.44298384
622 0.44951281
623 0.49211671
624 0.47550967
625 0.44180796
626 0.51669871
627 0.58426747
628 0.58291880
629 0.64324229
630 0.62183862
631 0.66433766
632 0.61739046
633 0.55963163
634 0.51277159
635 0.42940403
636 0.50676043
637 0.37806377
638 0.50270606
639 0.38039145
640 0.35945934
641 0.44270474
642 0.49589957
643 0.39500020
644 0.48106077
645 0.43086963
646 0.46841627
647 0.44212153
648 0.56858175
649 0.57448050
650 0.61962121
651 0.66433766
652 0.61203259
653 0.61169930
654 0.48832028
655 0.49580617
656 0.43569682
657 0.45649202
658 0.44757319
659 0.42255354
660 0.36562381
661 0.39281096
662 0.35848416
663 0.45421811
664 0.38887270
665 0.38907426
666 0.48923444
667 0.35188133
668 0.45405436
669 0.46315051
670 0.50783331
671 0.55332439
672 0.61203259
673 0.63765866
674 0.47841959
675 0.51541561
676 0.40881458
677 0.45695688
678 0.41648677
679 0.41104822
680 0.47170915
681 0.42141094
682 0.49790167
683 0.35613450
684 0.45177025
685 0.40652945
686 0.50928094
687 0.46179380
688 0.47065822
689 0.52502985
690 0.44597275
691 0.47283148
692 0.59905465
693 0.63765866
694 0.71361514
695 0.54851960
696 0.55760784
697 0.57297471
698 0.56815245
699 0.46138417
700 0.54406209
701 0.58140590
702 0.48261168
703 0.50090627
704 0.50472752
705 0.53491554
706 0.49439586
707 0.53421231
708 0.54493707
709 0.48995968
710 0.51162475
711 0.50176940
712 0.64854739
713 0.58271968
714 0.71361514
715 0.47428052
716 0.53520968
717 0.44843236
718 0.41381691
719 0.41624425
720 0.43459963
721 0.42042285
722 0.41986623
723 0.39422396
724 0.46516372
725 0.45318505
726 0.41039176
727 0.48173960
728 0.43621632
729 0.40429217
730 0.47029685
731 0.40430929
732 0.42509200
733 0.50467901
734 0.43103125
735 0.47428052
736 0.58539906
737 0.43473547
738 0.43151812
739 0.50770866
740 0.52737287
741 0.49098412
742 0.45651321
743 0.51039413
744 0.48497143
745 0.53521130
746 0.39167893
747 0.47845313
748 0.47165718
749 0.44299046
750 0.48943074
751 0.48451360
752 0.50310023
753 0.53211877
754 0.50609365
755 0.46813674
756 0.58539906
757 0.56350194
758 0.52421069
759 0.52191139
760 0.49625141
761 0.49699508
762 0.40257285
763 0.50654025
764 0.42110059
765 0.47173085
766 0.39854992
767 0.43348985
768 0.28759313
769 0.36015146
770 0.46823728
771 0.53507964
772 0.45832826
773 0.52479623
774 0.57072974
775 0.47481677
776 0.45241412
777 0.56350194
778 0.51539104
779 0.45269065
780 0.36885927
781 0.46188782
782 0.39280277
783 0.46995936
784 0.42199088
785 0.37388578
786 0.39777241
787 0.36483628
788 0.36953613
789 0.32791788
790 0.36916918
791 0.35212932
792 0.41085591
793 0.35196453
794 0.38100898
795 0.36051269
796 0.42096295
797 0.46056818
798 0.51539104
799 0.55335459
800 0.62623741
801 0.58339525
802 0.43944974
803 0.55216926
804 0.54761517
805 0.39469961
806 0.49855626
807 0.45528844
808 0.51643215
809 0.48211525
810 0.40245152
811 0.48259920
812 0.48451794
813 0.47493757
814 0.50863957
815 0.44356888
816 0.47744525
817 0.54187968
818 0.49283549
819 0.55335459
820 0.67250109
821 0.58717138
822 0.46481724
823 0.49222265
824 0.48746940
825 0.40371052
826 0.31235580
827 0.46026363
828 0.51508271
829 0.41392220
830 0.36788385
831 0.38336185
832 0.48851799
833 0.42416879
834 0.53844296
835 0.45153006
836 0.40415093
837 0.51815085
838 0.54856960
839 0.51132589
840 0.67250109
841 0.74403999
842 0.63804095
843 0.55791218
844 0.51977304
845 0.45444790
846 0.48390824
847 0.48444423
848 0.43190641
849 0.50137237
850 0.41458602
851 0.45420429
852 0.50318409
853 0.54006512
854 0.45527975
855 0.50094076
856 0.57911439
857 0.49525332
858 0.53620947
859 0.57707084
860 0.60391412
861 0.74403999
862 0.78261479
863 0.66708481
864 0.61507970
865 0.56646462
866 0.51357180
867 0.53715100
868 0.52832178
869 0.54783383
870 0.53181914
871 0.58538151
872 0.45439178
873 0.53922047
874 0.54200941
875 0.53246929
876 0.48508913
877 0.58105903
878 0.62497661
879 0.58179694
880 0.64266678
881 0.70180070
882 0.78261479
883 0.72881582
884 0.62757221
885 0.65312888
886 0.51848181
887 0.55492572
888 0.52995342
889 0.51473122
890 0.51885700
891 0.41642097
892 0.47619851
893 0.49297569
894 0.55429591
895 0.57513748
896 0.48774843
897 0.46885115
898 0.52986566
899 0.55727687
900 0.49300655
901 0.70904479
902 0.70772542
903 0.72881582
904 0.65541440
905 0.61784805
906 0.60353225
907 0.46612636
908 0.52912738
909 0.44849483
910 0.41483103
911 0.45396484
912 0.46459384
913 0.42392628
914 0.42787310
915 0.50891057
916 0.52547349
917 0.44081318
918 0.44080372
919 0.50263842
920 0.48093310
921 0.47991572
922 0.55245715
923 0.63785877
924 0.65541440
925 0.74374425
926 0.60550135
927 0.68465224
928 0.64029004
929 0.55607709
930 0.60070494
931 0.54910254
932 0.55313711
933 0.54123788
934 0.52191305
935 0.51798805
936 0.52111585
937 0.48783484
938 0.49657481
939 0.54392637
940 0.58897793
941 0.55650411
942 0.61576806
943 0.71307323
944 0.67296304
945 0.74374425
946 0.61766706
947 0.55181721
948 0.55589567
949 0.54781516
950 0.55809683
951 0.48208680
952 0.47414648
953 0.41179849
954 0.47036956
955 0.36163630
956 0.36212388
957 0.46931399
958 0.47211148
959 0.41937228
960 0.48608965
961 0.46044291
962 0.55056938
963 0.47063657
964 0.51295668
965 0.58301110
966 0.61766706
967 0.59974720
968 0.50700916
969 0.57715652
970 0.53423620
971 0.52726274
972 0.50754934
973 0.46377105
974 0.51685090
975 0.43427772
976 0.48334293
977 0.46159710
978 0.48633297
979 0.42196418
980 0.43376754
981 0.51606544
982 0.48086801
983 0.47390181
984 0.54581767
985 0.56526825
986 0.58350322
987 0.59974720
988 0.53776474
989 0.52434809
990 0.46467005
991 0.45493977
992 0.39153987
993 0.38521845
994 0.37719089
995 0.43654433
996 0.42064244
997 0.34265707
998 0.40050733
999 0.30591139
1000 0.37495489
1001 0.35889740
1002 0.41674528
1003 0.46669830
1004 0.37335366
1005 0.47605099
1006 0.44881556
1007 0.48953557
1008 0.53776474
1009 0.60895697
1010 0.58878800
1011 0.58746801
1012 0.59860190
1013 0.58917357
1014 0.54154717
1015 0.51634362
1016 0.41004076
1017 0.52446995
1018 0.42687720
1019 0.44712166
1020 0.42619346
1021 0.43131369
1022 0.40085116
1023 0.49151033
1024 0.48698833
1025 0.50834633
1026 0.56316230
1027 0.51029601
1028 0.58442811
1029 0.60895697
1030 0.57618176
1031 0.57333650
1032 0.53553407
1033 0.45474954
1034 0.43881722
1035 0.34096557
1036 0.43167038
1037 0.38116579
1038 0.43811254
1039 0.35157938
1040 0.29987424
1041 0.38753356
1042 0.37146802
1043 0.53069023
1044 0.38734524
1045 0.39112360
1046 0.45907495
1047 0.44315553
1048 0.49441463
1049 0.48607150
1050 0.57618176
1051 0.59158028
1052 0.67616429
1053 0.55644238
1054 0.59953449
1055 0.57410360
1056 0.49534254
1057 0.51315762
1058 0.48958533
1059 0.42522174
1060 0.49167299
1061 0.54084272
1062 0.51429043
1063 0.51947427
1064 0.57148929
1065 0.48522040
1066 0.54000978
1067 0.51993852
1068 0.57287788
1069 0.62920003
1070 0.61123551
1071 0.59158028
1072 0.67532320
1073 0.56189932
1074 0.51261541
1075 0.51546924
1076 0.48865374
1077 0.56782783
1078 0.35285745
1079 0.40112806
1080 0.42484952
1081 0.42536545
1082 0.45305700
1083 0.46599696
1084 0.54567162
1085 0.41707050
1086 0.41601737
1087 0.52047931
1088 0.45992975
1089 0.50557546
1090 0.48515705
1091 0.65580185
1092 0.67532320
1093 0.74821618
1094 0.60331142
1095 0.59447519
1096 0.46052386
1097 0.51708703
1098 0.44070802
1099 0.52924266
1100 0.53989527
1101 0.40851161
1102 0.57787622
1103 0.44098937
1104 0.38853961
1105 0.34665475
1106 0.47120779
1107 0.53136736
1108 0.53000919
1109 0.55496010
1110 0.57361026
1111 0.55384697
1112 0.62757214
1113 0.74821618
1114 0.70981159
1115 0.67639311
1116 0.54693858
1117 0.53218690
1118 0.54221737
1119 0.44357628
1120 0.47705890
1121 0.51525345
1122 0.45738200
1123 0.46232565
1124 0.45522864
1125 0.44175513
1126 0.39239100
1127 0.48239160
1128 0.53959525
1129 0.55623187
1130 0.46591534
1131 0.61709819
1132 0.56514459
1133 0.66811454
1134 0.70981159
1135 0.90537755
1136 0.84814079
1137 0.78695572
1138 0.76796731
1139 0.72585760
1140 0.65047366
1141 0.63934204
1142 0.65801572
1143 0.65982728
1144 0.59160781
1145 0.63446594
1146 0.62993992
1147 0.69188311
1148 0.63447831
1149 0.67838544
1150 0.73905291
1151 0.69698137
1152 0.84969867
1153 0.79290898
1154 0.85345017
1155 0.90537755
1156 0.92723030
1157 0.82370105
1158 0.78722182
1159 0.79206809
1160 0.72274882
1161 0.70732114
1162 0.71143179
1163 0.70623914
1164 0.61848049
1165 0.62836010
1166 0.57611305
1167 0.73618539
1168 0.64351969
1169 0.70772249
1170 0.65818307
1171 0.76542234
1172 0.73981713
1173 0.82260548
1174 0.89626311
1175 0.82680529
1176 0.92723030
1177 0.73179101
1178 0.58163624
1179 0.60724409
1180 0.55070909
1181 0.49407070
1182 0.48457724
1183 0.54063191
1184 0.56511479
1185 0.39489914
1186 0.47089534
1187 0.38544053
1188 0.43602727
1189 0.50389441
1190 0.48173681
1191 0.50898109
1192 0.53924365
1193 0.52544086
1194 0.55568666
1195 0.57784463
1196 0.65286625
1197 0.73179101
1198 0.61722039
1199 0.67246693
1200 0.58457661
1201 0.53720922
1202 0.50210737
1203 0.51478133
1204 0.43891600
1205 0.43828536
1206 0.40480227
1207 0.45123625
1208 0.47879162
1209 0.41067541
1210 0.45434805
1211 0.44087621
1212 0.49978578
1213 0.44918013
1214 0.58164487
1215 0.51793853
1216 0.56515827
1217 0.65103352
1218 0.61722039
1219 0.66752223
1220 0.58969831
1221 0.61785569
1222 0.54511311
1223 0.50105511
1224 0.45991313
1225 0.52800360
1226 0.51806684
1227 0.51974917
1228 0.45367951
1229 0.44997853
1230 0.45349381
1231 0.53186271
1232 0.48715335
1233 0.51870324
1234 0.49447467
1235 0.47954298
1236 0.50607561
1237 0.55957386
1238 0.57662007
1239 0.66752223
1240 0.58133012
1241 0.54790012
1242 0.47542690
1243 0.52501515
1244 0.37631709
1245 0.44247151
1246 0.44032811
1247 0.41837846
1248 0.36803723
1249 0.41841667
1250 0.49055679
1251 0.42740637
1252 0.42022388
1253 0.41092199
1254 0.47955693
1255 0.48907045
1256 0.45789666
1257 0.45188701
1258 0.50626069
1259 0.58532011
1260 0.58133012
1261 0.58211931
1262 0.62063354
1263 0.50435752
1264 0.51861343
1265 0.53214397
1266 0.43603834
1267 0.44672478
1268 0.45702104
1269 0.44614209
1270 0.45782789
1271 0.39037958
1272 0.46684539
1273 0.41850152
1274 0.31426740
1275 0.47946268
1276 0.49459168
1277 0.51959447
1278 0.49459909
1279 0.58797469
1280 0.55283712
1281 0.58211931
1282 0.60702305
1283 0.66385970
1284 0.63145700
1285 0.54094185
1286 0.41489793
1287 0.46493634
1288 0.53098854
1289 0.47402674
1290 0.51883877
1291 0.49128708
1292 0.52471807
1293 0.44564687
1294 0.50656341
1295 0.51523509
1296 0.45984116
1297 0.55905691
1298 0.52683250
1299 0.52789048
1300 0.54790944
1301 0.63447162
1302 0.60702305
1303 0.75613710
1304 0.69000522
1305 0.68683591
1306 0.61729431
1307 0.54455436
1308 0.59420622
1309 0.53831736
1310 0.50545189
1311 0.65512910
1312 0.51054821
1313 0.60826299
1314 0.53063964
1315 0.58102701
1316 0.52501381
1317 0.56480559
1318 0.51805236
1319 0.55704106
1320 0.63966978
1321 0.65930830
1322 0.69314819
1323 0.75613710
1324 0.78300389
1325 0.74565774
1326 0.68329291
1327 0.64012905
1328 0.57437488
1329 0.63013794
1330 0.49664354
1331 0.54224431
1332 0.54915906
1333 0.47103271
1334 0.57053810
1335 0.56591304
1336 0.48407115
1337 0.55813684
1338 0.61620704
1339 0.60211241
1340 0.61407831
1341 0.66021884
1342 0.62017844
1343 0.77681697
1344 0.78300389
1345 0.66259136
1346 0.71452385
1347 0.58305746
1348 0.51264725
1349 0.44449893
1350 0.53902824
1351 0.47039597
1352 0.45865277
1353 0.45237526
1354 0.50733195
1355 0.47699245
1356 0.43405070
1357 0.48239950
1358 0.42274915
1359 0.47818096
1360 0.50179136
1361 0.44822112
1362 0.58768070
1363 0.57499715
1364 0.62846843
1365 0.66259136
1366 0.91802195
1367 0.76538972
1368 0.79387606
1369 0.70193964
1370 0.60819901
1371 0.66747649
1372 0.60757898
1373 0.62012413
1374 0.61058239
1375 0.66043287
1376 0.58561623
1377 0.67067896
1378 0.63482502
1379 0.56817419
1380 0.69563719
1381 0.63619269
1382 0.56406093
1383 0.74821680
1384 0.76550538
1385 0.86779371
1386 0.91802195
1387 0.98160004
1388 0.89993064
1389 0.83580384
1390 0.81121856
1391 0.78585907
1392 0.71683936
1393 0.71506215
1394 0.70109030
1395 0.69461235
1396 0.71450730
1397 0.70296462
1398 0.70756994
1399 0.77219578
1400 0.69204424
1401 0.75268218
1402 0.72659011
1403 0.74077181
1404 0.82494745
1405 0.89057612
1406 0.91236235
1407 0.98160004
1408 0.86549339
1409 0.75693289
1410 0.76320573
1411 0.62082659
1412 0.62226333
1413 0.56271166
1414 0.61075906
1415 0.55562721
1416 0.65576795
1417 0.56543555
1418 0.56685188
1419 0.55404584
1420 0.61118702
1421 0.59859511
1422 0.58426251
1423 0.61760572
1424 0.61059943
1425 0.69174391
1426 0.77023689
1427 0.80521741
1428 0.86549339
1429 0.71936743
1430 0.65641492
1431 0.65742238
1432 0.60678693
1433 0.53795577
1434 0.51690681
1435 0.44311449
1436 0.35699185
1437 0.47176176
1438 0.46065190
1439 0.46707000
1440 0.45194257
1441 0.53021693
1442 0.50499375
1443 0.49380518
1444 0.52258419
1445 0.56985760
1446 0.50302920
1447 0.55844687
1448 0.67895687
1449 0.71936743
1450 0.74380403
1451 0.72711124
1452 0.62852939
1453 0.63181003
1454 0.66468732
1455 0.54372363
1456 0.47702437
1457 0.53032368
1458 0.54525791
1459 0.52323455
1460 0.55562323
1461 0.48822681
1462 0.49546271
1463 0.52911398
1464 0.50291183
1465 0.58530208
1466 0.60539381
1467 0.60707671
1468 0.57520380
1469 0.63126023
1470 0.74380403
1471 0.58096238
1472 0.53360519
1473 0.55446060
1474 0.43479047
1475 0.52001463
1476 0.45175817
1477 0.38998205
1478 0.38998471
1479 0.43055980
1480 0.50393534
1481 0.44956355
1482 0.42502902
1483 0.35790639
1484 0.46955491
1485 0.37428069
1486 0.45192877
1487 0.46170408
1488 0.49948347
1489 0.48543941
1490 0.62123859
1491 0.58096238
1492 0.46719179
1493 0.36771739
1494 0.45973683
1495 0.41627744
1496 0.35730468
1497 0.34102966
1498 0.33972968
1499 0.31446602
1500 0.26990809
1501 0.32340777
1502 0.27379275
1503 0.34131126
1504 0.38583706
1505 0.36150721
1506 0.32481699
1507 0.38409054
1508 0.37620629
1509 0.39632015
1510 0.43107782
1511 0.48266792
1512 0.46719179
1513 0.57575734
1514 0.46910539
1515 0.34520171
1516 0.44458574
1517 0.43768623
1518 0.28666227
1519 0.25570990
1520 0.25730864
1521 0.34878546
1522 0.42713375
1523 0.39554273
1524 0.38698647
1525 0.34452590
1526 0.35458370
1527 0.37053791
1528 0.43244997
1529 0.40532111
1530 0.48719973
1531 0.40294842
1532 0.50635908
1533 0.57575734
1534 0.61789881
1535 0.54786758
1536 0.57226191
1537 0.53915928
1538 0.49462976
1539 0.42878392
1540 0.50102807
1541 0.37811819
1542 0.43904114
1543 0.49322932
1544 0.42824484
1545 0.43492976
1546 0.44208401
1547 0.43993916
1548 0.43420291
1549 0.40031550
1550 0.47034503
1551 0.49438827
1552 0.64376880
1553 0.61930221
1554 0.61789881
1555 0.72480202
1556 0.61352463
1557 0.63459423
1558 0.63547417
1559 0.54095042
1560 0.57453290
1561 0.55900223
1562 0.56010519
1563 0.46352669
1564 0.51509552
1565 0.48593298
1566 0.44829980
1567 0.52460510
1568 0.56091447
1569 0.50135306
1570 0.53605817
1571 0.55550076
1572 0.64114460
1573 0.61134638
1574 0.74359656
1575 0.72480202
1576 0.67148836
1577 0.65570865
1578 0.59228162
1579 0.58986442
1580 0.60656243
1581 0.52570690
1582 0.53868371
1583 0.42951803
1584 0.49420774
1585 0.45662171
1586 0.50612959
1587 0.48352339
1588 0.41230154
1589 0.53716304
1590 0.43792111
1591 0.51631179
1592 0.53214716
1593 0.56617583
1594 0.64874111
1595 0.68759374
1596 0.67148836
1597 0.79697173
1598 0.74862760
1599 0.71098099
1600 0.69874832
1601 0.59567618
1602 0.66900206
1603 0.53269209
1604 0.58883627
1605 0.58192865
1606 0.55811652
1607 0.57675961
1608 0.46484772
1609 0.47835348
1610 0.59834168
1611 0.59273079
1612 0.54860247
1613 0.62577212
1614 0.65060716
1615 0.66349070
1616 0.73576814
1617 0.79697173
1618 0.81142469
1619 0.72273577
1620 0.65344953
1621 0.52968103
1622 0.66107483
1623 0.61988131
1624 0.46411635
1625 0.45843004
1626 0.49760108
1627 0.52559161
1628 0.44512917
1629 0.56500523
1630 0.51183149
1631 0.51636043
1632 0.48375492
1633 0.51898804
1634 0.64242343
1635 0.64981460
1636 0.67614799
1637 0.73649837
1638 0.81142469
1639 0.79405709
1640 0.54015116
1641 0.53588565
1642 0.50078647
1643 0.47267107
1644 0.41513560
1645 0.44103893
1646 0.31179207
1647 0.45209916
1648 0.30980128
1649 0.35089589
1650 0.41122542
1651 0.40056519
1652 0.48620922
1653 0.50520907
1654 0.48517198
1655 0.65499363
1656 0.46984969
1657 0.53726300
1658 0.63208179
1659 0.79405709
1660 0.81142469
1661 0.72273577
1662 0.65344953
1663 0.52968103
1664 0.66107483
1665 0.61988131
1666 0.46411635
1667 0.45843004
1668 0.49760108
1669 0.52559161
1670 0.44512917
1671 0.56500523
1672 0.51183149
1673 0.51636043
1674 0.48375492
1675 0.51898804
1676 0.64242343
1677 0.64981460
1678 0.67614799
1679 0.73649837
1680 0.81142469
1681 0.79697173
1682 0.74862760
1683 0.71098099
1684 0.69874832
1685 0.59567618
1686 0.66900206
1687 0.53269209
1688 0.58883627
1689 0.58192865
1690 0.55811652
1691 0.57675961
1692 0.46484772
1693 0.47835348
1694 0.59834168
1695 0.59273079
1696 0.54860247
1697 0.62577212
1698 0.65060716
1699 0.66349070
1700 0.73576814
1701 0.79697173
1702 0.67148836
1703 0.65570865
1704 0.59228162
1705 0.58986442
1706 0.60656243
1707 0.52570690
1708 0.53868371
1709 0.42951803
1710 0.49420774
1711 0.45662171
1712 0.50612959
1713 0.48352339
1714 0.41230154
1715 0.53716304
1716 0.43792111
1717 0.51631179
1718 0.53214716
1719 0.56617583
1720 0.64874111
1721 0.68759374
1722 0.67148836
1723 0.72480202
1724 0.61352463
1725 0.63459423
1726 0.63547417
1727 0.54095042
1728 0.57453290
1729 0.55900223
1730 0.56010519
1731 0.46352669
1732 0.51509552
1733 0.48593298
1734 0.44829980
1735 0.52460510
1736 0.56091447
1737 0.50135306
1738 0.53605817
1739 0.55550076
1740 0.64114460
1741 0.61134638
1742 0.74359656
1743 0.72480202
1744 0.61789881
1745 0.54786758
1746 0.57226191
1747 0.53915928
1748 0.49462976
1749 0.42878392
1750 0.50102807
1751 0.37811819
1752 0.43904114
1753 0.49322932
1754 0.42824484
1755 0.43492976
1756 0.44208401
1757 0.43993916
1758 0.43420291
1759 0.40031550
1760 0.47034503
1761 0.49438827
1762 0.64376880
1763 0.61930221
1764 0.61789881
1765 0.58211931
1766 0.62063354
1767 0.50435752
1768 0.51861343
1769 0.53214397
1770 0.43603834
1771 0.44672478
1772 0.45702104
1773 0.44614209
1774 0.45782789
1775 0.39037958
1776 0.46684539
1777 0.41850152
1778 0.31426740
1779 0.47946268
1780 0.49459168
1781 0.51959447
1782 0.49459909
1783 0.58797469
1784 0.55283712
1785 0.58211931
1786 0.46719179
1787 0.36771739
1788 0.45973683
1789 0.41627744
1790 0.35730468
1791 0.34102966
1792 0.33972968
1793 0.31446602
1794 0.26990809
1795 0.32340777
1796 0.27379275
1797 0.34131126
1798 0.38583706
1799 0.36150721
1800 0.32481699
1801 0.38409054
1802 0.37620629
1803 0.39632015
1804 0.43107782
1805 0.48266792
1806 0.46719179
1807 0.58096238
1808 0.53360519
1809 0.55446060
1810 0.43479047
1811 0.52001463
1812 0.45175817
1813 0.38998205
1814 0.38998471
1815 0.43055980
1816 0.50393534
1817 0.44956355
1818 0.42502902
1819 0.35790639
1820 0.46955491
1821 0.37428069
1822 0.45192877
1823 0.46170408
1824 0.49948347
1825 0.48543941
1826 0.62123859
1827 0.58096238
1828 0.74380403
1829 0.72711124
1830 0.62852939
1831 0.63181003
1832 0.66468732
1833 0.54372363
1834 0.47702437
1835 0.53032368
1836 0.54525791
1837 0.52323455
1838 0.55562323
1839 0.48822681
1840 0.49546271
1841 0.52911398
1842 0.50291183
1843 0.58530208
1844 0.60539381
1845 0.60707671
1846 0.57520380
1847 0.63126023
1848 0.74380403
1849 0.71936743
1850 0.65641492
1851 0.65742238
1852 0.60678693
1853 0.53795577
1854 0.51690681
1855 0.44311449
1856 0.35699185
1857 0.47176176
1858 0.46065190
1859 0.46707000
1860 0.45194257
1861 0.53021693
1862 0.50499375
1863 0.49380518
1864 0.52258419
1865 0.56985760
1866 0.50302920
1867 0.55844687
1868 0.67895687
1869 0.71936743
1870 0.86549339
1871 0.75693289
1872 0.76320573
1873 0.62082659
1874 0.62226333
1875 0.56271166
1876 0.61075906
1877 0.55562721
1878 0.65576795
1879 0.56543555
1880 0.56685188
1881 0.55404584
1882 0.61118702
1883 0.59859511
1884 0.58426251
1885 0.61760572
1886 0.61059943
1887 0.69174391
1888 0.77023689
1889 0.80521741
1890 0.86549339
1891 0.98160004
1892 0.89993064
1893 0.83580384
1894 0.81121856
1895 0.78585907
1896 0.71683936
1897 0.71506215
1898 0.70109030
1899 0.69461235
1900 0.71450730
1901 0.70296462
1902 0.70756994
1903 0.77219578
1904 0.69204424
1905 0.75268218
1906 0.72659011
1907 0.74077181
1908 0.82494745
1909 0.89057612
1910 0.91236235
1911 0.98160004
1912 0.91802195
1913 0.76538972
1914 0.79387606
1915 0.70193964
1916 0.60819901
1917 0.66747649
1918 0.60757898
1919 0.62012413
1920 0.61058239
1921 0.66043287
1922 0.58561623
1923 0.67067896
1924 0.63482502
1925 0.56817419
1926 0.69563719
1927 0.63619269
1928 0.56406093
1929 0.74821680
1930 0.76550538
1931 0.86779371
1932 0.91802195
1933 0.66259136
1934 0.71452385
1935 0.58305746
1936 0.51264725
1937 0.44449893
1938 0.53902824
1939 0.47039597
1940 0.45865277
1941 0.45237526
1942 0.50733195
1943 0.47699245
1944 0.43405070
1945 0.48239950
1946 0.42274915
1947 0.47818096
1948 0.50179136
1949 0.44822112
1950 0.58768070
1951 0.57499715
1952 0.62846843
1953 0.66259136
1954 0.78300389
1955 0.74565774
1956 0.68329291
1957 0.64012905
1958 0.57437488
1959 0.63013794
1960 0.49664354
1961 0.54224431
1962 0.54915906
1963 0.47103271
1964 0.57053810
1965 0.56591304
1966 0.48407115
1967 0.55813684
1968 0.61620704
1969 0.60211241
1970 0.61407831
1971 0.66021884
1972 0.62017844
1973 0.77681697
1974 0.78300389
1975 0.75613710
1976 0.69000522
1977 0.68683591
1978 0.61729431
1979 0.54455436
1980 0.59420622
1981 0.53831736
1982 0.50545189
1983 0.65512910
1984 0.51054821
1985 0.60826299
1986 0.53063964
1987 0.58102701
1988 0.52501381
1989 0.56480559
1990 0.51805236
1991 0.55704106
1992 0.63966978
1993 0.65930830
1994 0.69314819
1995 0.75613710
1996 0.60702305
1997 0.66385970
1998 0.63145700
1999 0.54094185
2000 0.41489793
2001 0.46493634
2002 0.53098854
2003 0.47402674
2004 0.51883877
2005 0.49128708
2006 0.52471807
2007 0.44564687
2008 0.50656341
2009 0.51523509
2010 0.45984116
2011 0.55905691
2012 0.52683250
2013 0.52789048
2014 0.54790944
2015 0.63447162
2016 0.60702305
2017 0.60895697
2018 0.58878800
2019 0.58746801
2020 0.59860190
2021 0.58917357
2022 0.54154717
2023 0.51634362
2024 0.41004076
2025 0.52446995
2026 0.42687720
2027 0.44712166
2028 0.42619346
2029 0.43131369
2030 0.40085116
2031 0.49151033
2032 0.48698833
2033 0.50834633
2034 0.56316230
2035 0.51029601
2036 0.58442811
2037 0.60895697
2038 0.58133012
2039 0.54790012
2040 0.47542690
2041 0.52501515
2042 0.37631709
2043 0.44247151
2044 0.44032811
2045 0.41837846
2046 0.36803723
2047 0.41841667
2048 0.49055679
2049 0.42740637
2050 0.42022388
2051 0.41092199
2052 0.47955693
2053 0.48907045
2054 0.45789666
2055 0.45188701
2056 0.50626069
2057 0.58532011
2058 0.58133012
2059 0.66752223
2060 0.58969831
2061 0.61785569
2062 0.54511311
2063 0.50105511
2064 0.45991313
2065 0.52800360
2066 0.51806684
2067 0.51974917
2068 0.45367951
2069 0.44997853
2070 0.45349381
2071 0.53186271
2072 0.48715335
2073 0.51870324
2074 0.49447467
2075 0.47954298
2076 0.50607561
2077 0.55957386
2078 0.57662007
2079 0.66752223
2080 0.61722039
2081 0.67246693
2082 0.58457661
2083 0.53720922
2084 0.50210737
2085 0.51478133
2086 0.43891600
2087 0.43828536
2088 0.40480227
2089 0.45123625
2090 0.47879162
2091 0.41067541
2092 0.45434805
2093 0.44087621
2094 0.49978578
2095 0.44918013
2096 0.58164487
2097 0.51793853
2098 0.56515827
2099 0.65103352
2100 0.61722039
2101 0.73179101
2102 0.58163624
2103 0.60724409
2104 0.55070909
2105 0.49407070
2106 0.48457724
2107 0.54063191
2108 0.56511479
2109 0.39489914
2110 0.47089534
2111 0.38544053
2112 0.43602727
2113 0.50389441
2114 0.48173681
2115 0.50898109
2116 0.53924365
2117 0.52544086
2118 0.55568666
2119 0.57784463
2120 0.65286625
2121 0.73179101
2122 0.92723030
2123 0.82370105
2124 0.78722182
2125 0.79206809
2126 0.72274882
2127 0.70732114
2128 0.71143179
2129 0.70623914
2130 0.61848049
2131 0.62836010
2132 0.57611305
2133 0.73618539
2134 0.64351969
2135 0.70772249
2136 0.65818307
2137 0.76542234
2138 0.73981713
2139 0.82260548
2140 0.89626311
2141 0.82680529
2142 0.92723030
2143 0.90537755
2144 0.84814079
2145 0.78695572
2146 0.76796731
2147 0.72585760
2148 0.65047366
2149 0.63934204
2150 0.65801572
2151 0.65982728
2152 0.59160781
2153 0.63446594
2154 0.62993992
2155 0.69188311
2156 0.63447831
2157 0.67838544
2158 0.73905291
2159 0.69698137
2160 0.84969867
2161 0.79290898
2162 0.85345017
2163 0.90537755
2164 0.70981159
2165 0.67639311
2166 0.54693858
2167 0.53218690
2168 0.54221737
2169 0.44357628
2170 0.47705890
2171 0.51525345
2172 0.45738200
2173 0.46232565
2174 0.45522864
2175 0.44175513
2176 0.39239100
2177 0.48239160
2178 0.53959525
2179 0.55623187
2180 0.46591534
2181 0.61709819
2182 0.56514459
2183 0.66811454
2184 0.70981159
2185 0.74821618
2186 0.60331142
2187 0.59447519
2188 0.46052386
2189 0.51708703
2190 0.44070802
2191 0.52924266
2192 0.53989527
2193 0.40851161
2194 0.57787622
2195 0.44098937
2196 0.38853961
2197 0.34665475
2198 0.47120779
2199 0.53136736
2200 0.53000919
2201 0.55496010
2202 0.57361026
2203 0.55384697
2204 0.62757214
2205 0.74821618
2206 0.67532320
2207 0.56189932
2208 0.51261541
2209 0.51546924
2210 0.48865374
2211 0.56782783
2212 0.35285745
2213 0.40112806
2214 0.42484952
2215 0.42536545
2216 0.45305700
2217 0.46599696
2218 0.54567162
2219 0.41707050
2220 0.41601737
2221 0.52047931
2222 0.45992975
2223 0.50557546
2224 0.48515705
2225 0.65580185
2226 0.67532320
2227 0.59158028
2228 0.67616429
2229 0.55644238
2230 0.59953449
2231 0.57410360
2232 0.49534254
2233 0.51315762
2234 0.48958533
2235 0.42522174
2236 0.49167299
2237 0.54084272
2238 0.51429043
2239 0.51947427
2240 0.57148929
2241 0.48522040
2242 0.54000978
2243 0.51993852
2244 0.57287788
2245 0.62920003
2246 0.61123551
2247 0.59158028
2248 0.57618176
2249 0.57333650
2250 0.53553407
2251 0.45474954
2252 0.43881722
2253 0.34096557
2254 0.43167038
2255 0.38116579
2256 0.43811254
2257 0.35157938
2258 0.29987424
2259 0.38753356
2260 0.37146802
2261 0.53069023
2262 0.38734524
2263 0.39112360
2264 0.45907495
2265 0.44315553
2266 0.49441463
2267 0.48607150
2268 0.57618176
2269 0.56350194
2270 0.52421069
2271 0.52191139
2272 0.49625141
2273 0.49699508
2274 0.40257285
2275 0.50654025
2276 0.42110059
2277 0.47173085
2278 0.39854992
2279 0.43348985
2280 0.28759313
2281 0.36015146
2282 0.46823728
2283 0.53507964
2284 0.45832826
2285 0.52479623
2286 0.57072974
2287 0.47481677
2288 0.45241412
2289 0.56350194
2290 0.53776474
2291 0.52434809
2292 0.46467005
2293 0.45493977
2294 0.39153987
2295 0.38521845
2296 0.37719089
2297 0.43654433
2298 0.42064244
2299 0.34265707
2300 0.40050733
2301 0.30591139
2302 0.37495489
2303 0.35889740
2304 0.41674528
2305 0.46669830
2306 0.37335366
2307 0.47605099
2308 0.44881556
2309 0.48953557
2310 0.53776474
2311 0.59974720
2312 0.50700916
2313 0.57715652
2314 0.53423620
2315 0.52726274
2316 0.50754934
2317 0.46377105
2318 0.51685090
2319 0.43427772
2320 0.48334293
2321 0.46159710
2322 0.48633297
2323 0.42196418
2324 0.43376754
2325 0.51606544
2326 0.48086801
2327 0.47390181
2328 0.54581767
2329 0.56526825
2330 0.58350322
2331 0.59974720
2332 0.61766706
2333 0.55181721
2334 0.55589567
2335 0.54781516
2336 0.55809683
2337 0.48208680
2338 0.47414648
2339 0.41179849
2340 0.47036956
2341 0.36163630
2342 0.36212388
2343 0.46931399
2344 0.47211148
2345 0.41937228
2346 0.48608965
2347 0.46044291
2348 0.55056938
2349 0.47063657
2350 0.51295668
2351 0.58301110
2352 0.61766706
2353 0.74374425
2354 0.60550135
2355 0.68465224
2356 0.64029004
2357 0.55607709
2358 0.60070494
2359 0.54910254
2360 0.55313711
2361 0.54123788
2362 0.52191305
2363 0.51798805
2364 0.52111585
2365 0.48783484
2366 0.49657481
2367 0.54392637
2368 0.58897793
2369 0.55650411
2370 0.61576806
2371 0.71307323
2372 0.67296304
2373 0.74374425
2374 0.65541440
2375 0.61784805
2376 0.60353225
2377 0.46612636
2378 0.52912738
2379 0.44849483
2380 0.41483103
2381 0.45396484
2382 0.46459384
2383 0.42392628
2384 0.42787310
2385 0.50891057
2386 0.52547349
2387 0.44081318
2388 0.44080372
2389 0.50263842
2390 0.48093310
2391 0.47991572
2392 0.55245715
2393 0.63785877
2394 0.65541440
2395 0.72881582
2396 0.62757221
2397 0.65312888
2398 0.51848181
2399 0.55492572
2400 0.52995342
2401 0.51473122
2402 0.51885700
2403 0.41642097
2404 0.47619851
2405 0.49297569
2406 0.55429591
2407 0.57513748
2408 0.48774843
2409 0.46885115
2410 0.52986566
2411 0.55727687
2412 0.49300655
2413 0.70904479
2414 0.70772542
2415 0.72881582
2416 0.78261479
2417 0.66708481
2418 0.61507970
2419 0.56646462
2420 0.51357180
2421 0.53715100
2422 0.52832178
2423 0.54783383
2424 0.53181914
2425 0.58538151
2426 0.45439178
2427 0.53922047
2428 0.54200941
2429 0.53246929
2430 0.48508913
2431 0.58105903
2432 0.62497661
2433 0.58179694
2434 0.64266678
2435 0.70180070
2436 0.78261479
2437 0.74403999
2438 0.63804095
2439 0.55791218
2440 0.51977304
2441 0.45444790
2442 0.48390824
2443 0.48444423
2444 0.43190641
2445 0.50137237
2446 0.41458602
2447 0.45420429
2448 0.50318409
2449 0.54006512
2450 0.45527975
2451 0.50094076
2452 0.57911439
2453 0.49525332
2454 0.53620947
2455 0.57707084
2456 0.60391412
2457 0.74403999
2458 0.67250109
2459 0.58717138
2460 0.46481724
2461 0.49222265
2462 0.48746940
2463 0.40371052
2464 0.31235580
2465 0.46026363
2466 0.51508271
2467 0.41392220
2468 0.36788385
2469 0.38336185
2470 0.48851799
2471 0.42416879
2472 0.53844296
2473 0.45153006
2474 0.40415093
2475 0.51815085
2476 0.54856960
2477 0.51132589
2478 0.67250109
2479 0.55335459
2480 0.62623741
2481 0.58339525
2482 0.43944974
2483 0.55216926
2484 0.54761517
2485 0.39469961
2486 0.49855626
2487 0.45528844
2488 0.51643215
2489 0.48211525
2490 0.40245152
2491 0.48259920
2492 0.48451794
2493 0.47493757
2494 0.50863957
2495 0.44356888
2496 0.47744525
2497 0.54187968
2498 0.49283549
2499 0.55335459
2500 0.51539104
2501 0.45269065
2502 0.36885927
2503 0.46188782
2504 0.39280277
2505 0.46995936
2506 0.42199088
2507 0.37388578
2508 0.39777241
2509 0.36483628
2510 0.36953613
2511 0.32791788
2512 0.36916918
2513 0.35212932
2514 0.41085591
2515 0.35196453
2516 0.38100898
2517 0.36051269
2518 0.42096295
2519 0.46056818
2520 0.51539104
2521 0.51188823
2522 0.41690030
2523 0.39583219
2524 0.44940656
2525 0.42467321
2526 0.44100169
2527 0.40338832
2528 0.44522577
2529 0.37381559
2530 0.39949956
2531 0.35746589
2532 0.41905535
2533 0.42696808
2534 0.47325169
2535 0.36829653
2536 0.51475850
2537 0.43519187
2538 0.45935348
2539 0.45330676
2540 0.41087097
2541 0.51188823
2542 0.58539906
2543 0.43473547
2544 0.43151812
2545 0.50770866
2546 0.52737287
2547 0.49098412
2548 0.45651321
2549 0.51039413
2550 0.48497143
2551 0.53521130
2552 0.39167893
2553 0.47845313
2554 0.47165718
2555 0.44299046
2556 0.48943074
2557 0.48451360
2558 0.50310023
2559 0.53211877
2560 0.50609365
2561 0.46813674
2562 0.58539906
2563 0.47428052
2564 0.53520968
2565 0.44843236
2566 0.41381691
2567 0.41624425
2568 0.43459963
2569 0.42042285
2570 0.41986623
2571 0.39422396
2572 0.46516372
2573 0.45318505
2574 0.41039176
2575 0.48173960
2576 0.43621632
2577 0.40429217
2578 0.47029685
2579 0.40430929
2580 0.42509200
2581 0.50467901
2582 0.43103125
2583 0.47428052
2584 0.71361514
2585 0.54851960
2586 0.55760784
2587 0.57297471
2588 0.56815245
2589 0.46138417
2590 0.54406209
2591 0.58140590
2592 0.48261168
2593 0.50090627
2594 0.50472752
2595 0.53491554
2596 0.49439586
2597 0.53421231
2598 0.54493707
2599 0.48995968
2600 0.51162475
2601 0.50176940
2602 0.64854739
2603 0.58271968
2604 0.71361514
2605 0.63765866
2606 0.47841959
2607 0.51541561
2608 0.40881458
2609 0.45695688
2610 0.41648677
2611 0.41104822
2612 0.47170915
2613 0.42141094
2614 0.49790167
2615 0.35613450
2616 0.45177025
2617 0.40652945
2618 0.50928094
2619 0.46179380
2620 0.47065822
2621 0.52502985
2622 0.44597275
2623 0.47283148
2624 0.59905465
2625 0.63765866
2626 0.61203259
2627 0.61169930
2628 0.48832028
2629 0.49580617
2630 0.43569682
2631 0.45649202
2632 0.44757319
2633 0.42255354
2634 0.36562381
2635 0.39281096
2636 0.35848416
2637 0.45421811
2638 0.38887270
2639 0.38907426
2640 0.48923444
2641 0.35188133
2642 0.45405436
2643 0.46315051
2644 0.50783331
2645 0.55332439
2646 0.61203259
2647 0.66433766
2648 0.61739046
2649 0.55963163
2650 0.51277159
2651 0.42940403
2652 0.50676043
2653 0.37806377
2654 0.50270606
2655 0.38039145
2656 0.35945934
2657 0.44270474
2658 0.49589957
2659 0.39500020
2660 0.48106077
2661 0.43086963
2662 0.46841627
2663 0.44212153
2664 0.56858175
2665 0.57448050
2666 0.61962121
2667 0.66433766
2668 0.62183862
2669 0.58430928
2670 0.59784719
2671 0.48779456
2672 0.46731927
2673 0.49314618
2674 0.50980159
2675 0.44928967
2676 0.36649111
2677 0.36406079
2678 0.38298434
2679 0.44298384
2680 0.44951281
2681 0.49211671
2682 0.47550967
2683 0.44180796
2684 0.51669871
2685 0.58426747
2686 0.58291880
2687 0.64324229
2688 0.62183862
2689 0.57018868
2690 0.59119929
2691 0.51151733
2692 0.52540561
2693 0.46931137
2694 0.43170990
2695 0.41138006
2696 0.40392030
2697 0.35572028
2698 0.36460926
2699 0.48498051
2700 0.39672591
2701 0.46012200
2702 0.50544744
2703 0.49750212
2704 0.41908412
2705 0.43941629
2706 0.53412951
2707 0.57081799
2708 0.63211903
2709 0.57018868
2710 0.64386385
2711 0.56235994
2712 0.51935050
2713 0.55078572
2714 0.59005372
2715 0.44319119
2716 0.55755439
2717 0.48351624
2718 0.49556014
2719 0.47910504
2720 0.51996318
2721 0.60090330
2722 0.44120413
2723 0.49632523
2724 0.44993713
2725 0.58156577
2726 0.52148306
2727 0.60386510
2728 0.61303774
2729 0.62330728
2730 0.64386385
2731 0.45465622
2732 0.44149041
2733 0.43986869
2734 0.40031721
2735 0.40239596
2736 0.44268913
2737 0.38432955
2738 0.36125066
2739 0.37435715
2740 0.39558258
2741 0.39473553
2742 0.43464790
2743 0.37166150
2744 0.33153607
2745 0.27373274
2746 0.34890525
2747 0.33881481
2748 0.40895678
2749 0.44517599
2750 0.47926955
2751 0.45465622
2752 0.41070422
2753 0.34995148
2754 0.49878882
2755 0.41259881
2756 0.44209682
2757 0.43426603
2758 0.36694921
2759 0.40795704
2760 0.42248371
2761 0.38236658
2762 0.37590417
2763 0.46977633
2764 0.36184733
2765 0.36344688
2766 0.36456903
2767 0.37513548
2768 0.43757645
2769 0.37211063
2770 0.47175045
2771 0.43907558
2772 0.41070422
2773 0.42231810
2774 0.54021283
2775 0.47794914
2776 0.48043483
2777 0.52976664
2778 0.49983834
2779 0.46095662
2780 0.50973586
2781 0.44590797
2782 0.46757459
2783 0.44479598
2784 0.56330286
2785 0.41666472
2786 0.58661905
2787 0.49597373
2788 0.49464048
2789 0.54032749
2790 0.53499275
2791 0.53687557
2792 0.47215953
2793 0.42231810
2794 0.39975311
2795 0.42124487
2796 0.45131134
2797 0.45454652
2798 0.41369092
2799 0.43460935
2800 0.41786848
2801 0.43275040
2802 0.42198861
2803 0.38189576
2804 0.41352425
2805 0.51212706
2806 0.43510862
2807 0.47313163
2808 0.46545054
2809 0.46250772
2810 0.45524461
2811 0.43882334
2812 0.42994210
2813 0.35554843
2814 0.39975311
2815 0.41705425
2816 0.48165153
2817 0.48482701
2818 0.33035629
2819 0.38106238
2820 0.39446188
2821 0.44839729
2822 0.44827797
2823 0.38255608
2824 0.39790564
2825 0.39330045
2826 0.40337233
2827 0.32383597
2828 0.35586664
2829 0.32263082
2830 0.36148363
2831 0.38485203
2832 0.41539377
2833 0.36088491
2834 0.47245327
2835 0.41705425
2836 0.62108458
2837 0.64280429
2838 0.55454932
2839 0.54938594
2840 0.53047447
2841 0.55537923
2842 0.57565208
2843 0.52026537
2844 0.57491977
2845 0.58923389
2846 0.55691676
2847 0.46290656
2848 0.54720552
2849 0.57523599
2850 0.45940694
2851 0.53344040
2852 0.58843446
2853 0.52247570
2854 0.57075886
2855 0.58079109
2856 0.62108458
2857 0.59348053
2858 0.59846724
2859 0.58901735
2860 0.48917503
2861 0.59022420
2862 0.57923569
2863 0.44589816
2864 0.38334136
2865 0.46084171
2866 0.44278751
2867 0.45600166
2868 0.42248706
2869 0.45454391
2870 0.54470586
2871 0.45013415
2872 0.47787510
2873 0.44378460
2874 0.53671092
2875 0.51347787
2876 0.54648752
2877 0.59348053
2878 0.64739215
2879 0.56475150
2880 0.51831527
2881 0.62917631
2882 0.35824051
2883 0.52675660
2884 0.53488430
2885 0.54661863
2886 0.49975932
2887 0.46459182
2888 0.47098546
2889 0.50341375
2890 0.47189062
2891 0.42879349
2892 0.48581541
2893 0.50856218
2894 0.47722662
2895 0.57156123
2896 0.61254808
2897 0.66961561
2898 0.64739215
2899 0.67191908
2900 0.70546405
2901 0.58148726
2902 0.53415715
2903 0.48560054
2904 0.49363168
2905 0.49461813
2906 0.42452590
2907 0.48777185
2908 0.40482987
2909 0.56266933
2910 0.49999926
2911 0.51060366
2912 0.49663426
2913 0.49818795
2914 0.46564279
2915 0.56462502
2916 0.53154221
2917 0.57451953
2918 0.68003559
2919 0.67191908
2920 0.64523289
2921 0.64688425
2922 0.60024124
2923 0.58876624
2924 0.61466353
2925 0.56168885
2926 0.52568487
2927 0.54233779
2928 0.54073521
2929 0.48510878
2930 0.47647598
2931 0.51470522
2932 0.51405869
2933 0.52831428
2934 0.49961831
2935 0.62471857
2936 0.58262445
2937 0.54358726
2938 0.53901406
2939 0.60410090
2940 0.64523289
2941 0.49880737
2942 0.55593824
2943 0.48454560
2944 0.36458557
2945 0.40152284
2946 0.40840753
2947 0.35722166
2948 0.36745206
2949 0.41660134
2950 0.39774743
2951 0.42857195
2952 0.43670764
2953 0.41386587
2954 0.41465951
2955 0.37024904
2956 0.33699537
2957 0.37843433
2958 0.39653854
2959 0.44134399
2960 0.50485233
2961 0.49880737
2962 0.45136865
2963 0.49095310
2964 0.51926952
2965 0.35708305
2966 0.50217672
2967 0.40495187
2968 0.45572503
2969 0.33310915
2970 0.50958048
2971 0.40610095
2972 0.39349782
2973 0.39463187
2974 0.41949777
2975 0.47593297
2976 0.48723677
2977 0.42359422
2978 0.44996765
2979 0.42379193
2980 0.53188967
2981 0.43273464
2982 0.45136865
2983 0.47602661
2984 0.45731883
2985 0.38307749
2986 0.44429677
2987 0.40762110
2988 0.43015236
2989 0.38461695
2990 0.38879053
2991 0.42462938
2992 0.36055794
2993 0.39240984
2994 0.41869433
2995 0.38702721
2996 0.36105002
2997 0.43058349
2998 0.45440123
2999 0.42632899
3000 0.43276026
3001 0.32132216
3002 0.45485867
3003 0.47602661
3004 0.49948719
3005 0.39636741
3006 0.44827942
3007 0.41887189
3008 0.36384157
3009 0.44011835
3010 0.47234273
3011 0.40097139
3012 0.48214816
3013 0.37609705
3014 0.39220860
3015 0.43522922
3016 0.50558184
3017 0.44618054
3018 0.37410439
3019 0.44629872
3020 0.42068835
3021 0.41907770
3022 0.39538742
3023 0.45429919
3024 0.49948719
