index DenDen_momentum
1 143.77028007
2 143.77856668
3 143.86079500
4 143.89655590
5 143.83777469
6 143.87742494
7 143.80152196
8 143.86414695
9 143.84924300
10 143.73330944
11 143.85991125
12 143.75924762
13 143.85746479
14 143.89216640
15 143.77752617
16 143.80564297
17 143.80673527
18 143.86357177
19 143.76386306
20 143.93132714
21 143.77028007
22 0.33102146
23 0.36369432
24 0.37892256
25 0.43021389
26 0.30148100
27 0.34023416
28 0.41656759
29 0.41307714
30 0.28914665
31 0.42330257
32 0.37939446
33 0.39819391
34 0.37344146
35 0.32981177
36 0.33614162
37 0.39280512
38 0.28830957
39 0.42294899
40 0.36432742
41 0.37266741
42 0.33102146
43 0.39165140
44 0.48435077
45 0.38944538
46 0.38847388
47 0.43336804
48 0.33579641
49 0.41048237
50 0.39977369
51 0.35445028
52 0.37607527
53 0.35495688
54 0.35787740
55 0.43992911
56 0.37095453
57 0.42959103
58 0.34647751
59 0.38763615
60 0.38970476
61 0.38591767
62 0.39390241
63 0.39165140
64 0.41487857
65 0.45101326
66 0.40571654
67 0.40999278
68 0.35789547
69 0.37248389
70 0.39865393
71 0.45445409
72 0.40551915
73 0.38839883
74 0.36164297
75 0.36276461
76 0.42022005
77 0.33648521
78 0.42358893
79 0.37425535
80 0.43405333
81 0.41478296
82 0.31660259
83 0.50711288
84 0.41487857
85 0.64764041
86 0.57227009
87 0.57617832
88 0.60467037
89 0.52889902
90 0.56040451
91 0.43316886
92 0.58122907
93 0.44102274
94 0.54491036
95 0.53048540
96 0.53830142
97 0.47696104
98 0.52740316
99 0.52394450
100 0.50226445
101 0.58609368
102 0.65882410
103 0.58873061
104 0.57503045
105 0.64764041
106 0.60399557
107 0.60657285
108 0.46485445
109 0.54134059
110 0.42800840
111 0.39449488
112 0.40163856
113 0.39248441
114 0.44536263
115 0.40458340
116 0.37070000
117 0.35063961
118 0.44388794
119 0.44892328
120 0.46623791
121 0.47975365
122 0.44730561
123 0.43177295
124 0.46591942
125 0.52100001
126 0.60399557
127 0.69769381
128 0.59026388
129 0.54015768
130 0.59773878
131 0.57149381
132 0.58120215
133 0.51240708
134 0.47083236
135 0.44020075
136 0.59887074
137 0.62141979
138 0.52049980
139 0.42557437
140 0.56932382
141 0.54667276
142 0.45483730
143 0.53329280
144 0.60197799
145 0.67269117
146 0.61417404
147 0.69769381
148 0.60399557
149 0.60657285
150 0.46485445
151 0.54134059
152 0.42800840
153 0.39449488
154 0.40163856
155 0.39248441
156 0.44536263
157 0.40458340
158 0.37070000
159 0.35063961
160 0.44388794
161 0.44892328
162 0.46623791
163 0.47975365
164 0.44730561
165 0.43177295
166 0.46591942
167 0.52100001
168 0.60399557
169 0.64764041
170 0.57227009
171 0.57617832
172 0.60467037
173 0.52889902
174 0.56040451
175 0.43316886
176 0.58122907
177 0.44102274
178 0.54491036
179 0.53048540
180 0.53830142
181 0.47696104
182 0.52740316
183 0.52394450
184 0.50226445
185 0.58609368
186 0.65882410
187 0.58873061
188 0.57503045
189 0.64764041
190 0.41487857
191 0.45101326
192 0.40571654
193 0.40999278
194 0.35789547
195 0.37248389
196 0.39865393
197 0.45445409
198 0.40551915
199 0.38839883
200 0.36164297
201 0.36276461
202 0.42022005
203 0.33648521
204 0.42358893
205 0.37425535
206 0.43405333
207 0.41478296
208 0.31660259
209 0.50711288
210 0.41487857
211 0.39165140
212 0.48435077
213 0.38944538
214 0.38847388
215 0.43336804
216 0.33579641
217 0.41048237
218 0.39977369
219 0.35445028
220 0.37607527
221 0.35495688
222 0.35787740
223 0.43992911
224 0.37095453
225 0.42959103
226 0.34647751
227 0.38763615
228 0.38970476
229 0.38591767
230 0.39390241
231 0.39165140
232 0.33102146
233 0.36369432
234 0.37892256
235 0.43021389
236 0.30148100
237 0.34023416
238 0.41656759
239 0.41307714
240 0.28914665
241 0.42330257
242 0.37939446
243 0.39819391
244 0.37344146
245 0.32981177
246 0.33614162
247 0.39280512
248 0.28830957
249 0.42294899
250 0.36432742
251 0.37266741
252 0.33102146
253 0.51542023
254 0.45908866
255 0.49953111
256 0.43707872
257 0.40452616
258 0.40562004
259 0.41260115
260 0.46374870
261 0.42883106
262 0.39200200
263 0.36995584
264 0.41422028
265 0.47728684
266 0.40360155
267 0.40237790
268 0.46831829
269 0.39479494
270 0.47433702
271 0.43694127
272 0.35664291
273 0.51542023
274 0.38761746
275 0.44382396
276 0.44875967
277 0.43389469
278 0.35919287
279 0.32437565
280 0.42704391
281 0.38541106
282 0.28848006
283 0.38883696
284 0.39808232
285 0.39663954
286 0.36536097
287 0.33066674
288 0.32455586
289 0.43503019
290 0.38727211
291 0.45934787
292 0.31641981
293 0.40622445
294 0.38761746
295 0.55731662
296 0.53000422
297 0.45038052
298 0.40751543
299 0.45557742
300 0.37168677
301 0.44876666
302 0.42887713
303 0.50440017
304 0.39039122
305 0.43795003
306 0.37484065
307 0.43702177
308 0.49252289
309 0.53862032
310 0.43830971
311 0.47246703
312 0.39877078
313 0.47992296
314 0.43448473
315 0.55731662
316 0.60252755
317 0.54193641
318 0.52214748
319 0.51475837
320 0.53969328
321 0.44535814
322 0.43334030
323 0.47083384
324 0.43485872
325 0.47797784
326 0.42496536
327 0.43091024
328 0.39557137
329 0.42452823
330 0.52958626
331 0.50387489
332 0.54265117
333 0.45985427
334 0.54364349
335 0.56329379
336 0.60252755
337 0.57973321
338 0.56210867
339 0.59353089
340 0.54708821
341 0.49853226
342 0.45447383
343 0.52727925
344 0.50338336
345 0.42761384
346 0.45470596
347 0.44561922
348 0.45627654
349 0.47101332
350 0.46919001
351 0.45081827
352 0.51093296
353 0.56337021
354 0.56227921
355 0.56844541
356 0.56999243
357 0.57973321
358 0.68732680
359 0.51714877
360 0.51037596
361 0.50721524
362 0.50456110
363 0.50535610
364 0.44345968
365 0.44320828
366 0.39669552
367 0.51561081
368 0.45198716
369 0.40683671
370 0.44786572
371 0.54689522
372 0.43564250
373 0.51493258
374 0.46283891
375 0.50649797
376 0.51838245
377 0.62542300
378 0.68732680
379 0.72727596
380 0.61764354
381 0.55330197
382 0.57080975
383 0.52975386
384 0.51666475
385 0.49622136
386 0.52162661
387 0.50567670
388 0.47382023
389 0.45672512
390 0.39624793
391 0.45933184
392 0.54536946
393 0.53600999
394 0.56457829
395 0.50501917
396 0.51440996
397 0.59968945
398 0.68047062
399 0.72727596
400 0.56979552
401 0.52711301
402 0.54052438
403 0.42563412
404 0.43952862
405 0.42693871
406 0.42590823
407 0.43632379
408 0.40923319
409 0.44377779
410 0.35086909
411 0.38288192
412 0.41868502
413 0.45815096
414 0.44126592
415 0.51740432
416 0.48564177
417 0.50701120
418 0.60971695
419 0.57101484
420 0.56979552
421 0.54735290
422 0.51740764
423 0.41830132
424 0.39213454
425 0.42365318
426 0.33568871
427 0.36351951
428 0.34332944
429 0.36941676
430 0.40571989
431 0.34233368
432 0.37459662
433 0.40259254
434 0.38814653
435 0.38404331
436 0.37035180
437 0.43473120
438 0.41944087
439 0.40334908
440 0.48620788
441 0.54735290
442 0.59762788
443 0.54263347
444 0.57398220
445 0.53092471
446 0.44457329
447 0.44518952
448 0.42965123
449 0.39008991
450 0.45134859
451 0.35848907
452 0.39303185
453 0.47983987
454 0.54925620
455 0.46638913
456 0.47770860
457 0.47336317
458 0.48224330
459 0.55894450
460 0.47360451
461 0.49512467
462 0.59762788
463 0.51659332
464 0.45032576
465 0.38504888
466 0.45816429
467 0.41890560
468 0.43713435
469 0.37592057
470 0.47357746
471 0.40338917
472 0.39260793
473 0.36427427
474 0.40031438
475 0.33678766
476 0.41792913
477 0.36152511
478 0.40108780
479 0.47220729
480 0.42230264
481 0.40426007
482 0.45995492
483 0.51659332
484 0.41935068
485 0.48954962
486 0.41151832
487 0.47940332
488 0.52102787
489 0.48393010
490 0.45583963
491 0.37955694
492 0.51603264
493 0.47372534
494 0.41478365
495 0.45649973
496 0.31957143
497 0.53875636
498 0.47135016
499 0.42275486
500 0.41729686
501 0.55230940
502 0.49983971
503 0.46978301
504 0.41935068
505 0.50162604
506 0.49746757
507 0.43215332
508 0.43540409
509 0.37356108
510 0.41665133
511 0.44085919
512 0.41556494
513 0.43269812
514 0.40692999
515 0.43434540
516 0.40665503
517 0.41748067
518 0.42490708
519 0.38783552
520 0.41335433
521 0.48254759
522 0.44756319
523 0.40375327
524 0.50421444
525 0.50162604
526 0.43974171
527 0.43561977
528 0.45402118
529 0.45795397
530 0.45349999
531 0.41048029
532 0.35097486
533 0.44868570
534 0.40336885
535 0.38105317
536 0.42977397
537 0.39764287
538 0.40966016
539 0.37542029
540 0.39867995
541 0.39341947
542 0.44160772
543 0.30701501
544 0.45575994
545 0.39513400
546 0.43974171
547 0.63185897
548 0.56776024
549 0.59799531
550 0.49076468
551 0.45344163
552 0.39767375
553 0.48720475
554 0.46480886
555 0.45257733
556 0.45067568
557 0.44912105
558 0.43321625
559 0.49128094
560 0.47437065
561 0.46761541
562 0.48097830
563 0.47656519
564 0.44683728
565 0.48551292
566 0.48503853
567 0.63185897
568 0.66208005
569 0.66718059
570 0.60240515
571 0.58478667
572 0.52515346
573 0.49766765
574 0.53098221
575 0.45691825
576 0.52036709
577 0.49559901
578 0.53048875
579 0.51953566
580 0.46463662
581 0.53817035
582 0.49266192
583 0.52158527
584 0.46134051
585 0.47446535
586 0.53311432
587 0.63211748
588 0.66208005
589 0.61587786
590 0.57264143
591 0.56540072
592 0.51402157
593 0.56634025
594 0.53064760
595 0.43355694
596 0.45237719
597 0.45814349
598 0.46537810
599 0.48459172
600 0.36978559
601 0.39836911
602 0.46572573
603 0.43412081
604 0.51295121
605 0.50576117
606 0.57185818
607 0.52582214
608 0.54578908
609 0.61587786
610 0.59850014
611 0.56738455
612 0.53878504
613 0.50075199
614 0.49169759
615 0.49152856
616 0.45942427
617 0.44507259
618 0.44306950
619 0.43282937
620 0.41810901
621 0.43245804
622 0.42612773
623 0.46848507
624 0.39453303
625 0.46598886
626 0.46015214
627 0.46145586
628 0.57531107
629 0.61046504
630 0.59850014
631 0.63087858
632 0.56730055
633 0.54218263
634 0.52694857
635 0.45852530
636 0.49767636
637 0.41355348
638 0.45406688
639 0.39287887
640 0.39173830
641 0.43744117
642 0.46287161
643 0.42220663
644 0.45845744
645 0.43453122
646 0.47685086
647 0.46523088
648 0.55064121
649 0.53812397
650 0.59504585
651 0.63087858
652 0.59368105
653 0.52894444
654 0.51679495
655 0.50145900
656 0.51793071
657 0.49458148
658 0.43487278
659 0.38454831
660 0.37720623
661 0.35621216
662 0.40355137
663 0.33417553
664 0.38112874
665 0.45457616
666 0.45959167
667 0.45500613
668 0.48090085
669 0.47443590
670 0.53886472
671 0.51721241
672 0.59368105
673 0.54780107
674 0.50640040
675 0.50840216
676 0.44481052
677 0.47510821
678 0.32016783
679 0.35470949
680 0.39165647
681 0.44322634
682 0.32804163
683 0.46545167
684 0.34948784
685 0.38839987
686 0.49360501
687 0.41036652
688 0.41973085
689 0.38653007
690 0.48192413
691 0.49970643
692 0.56610550
693 0.54780107
694 0.64386030
695 0.53688681
696 0.61657155
697 0.53556618
698 0.45422068
699 0.51135834
700 0.49893860
701 0.51503315
702 0.45661577
703 0.46593761
704 0.41872366
705 0.44772817
706 0.45001536
707 0.47746038
708 0.39316701
709 0.42571690
710 0.54964654
711 0.51878705
712 0.47524060
713 0.55447179
714 0.64386030
715 0.52410826
716 0.45509250
717 0.43594239
718 0.43983738
719 0.39546401
720 0.40622160
721 0.47415431
722 0.40033431
723 0.48424990
724 0.35385233
725 0.42732532
726 0.37594095
727 0.38555008
728 0.39551954
729 0.35422598
730 0.43541385
731 0.43598485
732 0.44926325
733 0.43869253
734 0.54682018
735 0.52410826
736 0.39637432
737 0.36213937
738 0.39066748
739 0.35467924
740 0.34691053
741 0.35540776
742 0.39073789
743 0.36676666
744 0.35742274
745 0.37262707
746 0.33185065
747 0.40201287
748 0.33034636
749 0.33437239
750 0.32112297
751 0.40340148
752 0.36406463
753 0.34455141
754 0.49310856
755 0.40425779
756 0.39637432
757 0.54722656
758 0.53001979
759 0.47701848
760 0.38813732
761 0.46854029
762 0.46410222
763 0.51151899
764 0.51730122
765 0.45416183
766 0.42865062
767 0.47473747
768 0.51306719
769 0.51580336
770 0.44603109
771 0.43124884
772 0.48874775
773 0.45298728
774 0.51668835
775 0.51589476
776 0.53086415
777 0.54722656
778 0.54004356
779 0.52143828
780 0.50424210
781 0.48021768
782 0.52638974
783 0.43911536
784 0.44814973
785 0.43493505
786 0.39070354
787 0.43971200
788 0.41657098
789 0.40924648
790 0.36691149
791 0.46158065
792 0.44616104
793 0.50919764
794 0.46424284
795 0.49837499
796 0.50164507
797 0.50998004
798 0.54004356
799 0.58281238
800 0.51495544
801 0.50425364
802 0.42800190
803 0.44140501
804 0.48778407
805 0.42112692
806 0.41362329
807 0.44695846
808 0.38107341
809 0.44181136
810 0.41223461
811 0.37844948
812 0.44680798
813 0.39834314
814 0.45685458
815 0.43493457
816 0.42073243
817 0.54542507
818 0.45719163
819 0.58281238
820 0.80254401
821 0.68420598
822 0.58907486
823 0.58668988
824 0.58696167
825 0.55297226
826 0.56880018
827 0.52242537
828 0.54803789
829 0.50300837
830 0.62245123
831 0.53775190
832 0.49402680
833 0.58339053
834 0.54941182
835 0.52186096
836 0.66352732
837 0.64344558
838 0.69552998
839 0.67466017
840 0.80254401
841 0.49265071
842 0.50470640
843 0.55652175
844 0.49018716
845 0.32409051
846 0.42412704
847 0.45556190
848 0.39991968
849 0.35952281
850 0.35930187
851 0.31921822
852 0.33656317
853 0.31376969
854 0.37555158
855 0.34634239
856 0.40380255
857 0.33626167
858 0.36377969
859 0.44136607
860 0.46616612
861 0.49265071
862 0.62771106
863 0.64711155
864 0.59711084
865 0.49316612
866 0.51474223
867 0.54119858
868 0.44873004
869 0.36178403
870 0.46984762
871 0.44678339
872 0.33968600
873 0.44336819
874 0.45168537
875 0.44209883
876 0.45158250
877 0.49214150
878 0.57844525
879 0.54645811
880 0.52019105
881 0.57866129
882 0.62771106
883 0.67987932
884 0.66159177
885 0.63241961
886 0.56873608
887 0.56660825
888 0.48421199
889 0.52628965
890 0.54824121
891 0.55669885
892 0.53471584
893 0.52840607
894 0.59429676
895 0.49684280
896 0.55583367
897 0.54444314
898 0.54875634
899 0.55144497
900 0.61124976
901 0.60197087
902 0.70897465
903 0.67987932
904 0.74150104
905 0.64311375
906 0.61260874
907 0.54709515
908 0.58081141
909 0.49532287
910 0.47191983
911 0.56605699
912 0.42799677
913 0.49279132
914 0.46973773
915 0.47856934
916 0.47204781
917 0.43809553
918 0.50249844
919 0.51587822
920 0.53488642
921 0.60013799
922 0.61520358
923 0.67328664
924 0.74150104
925 0.60716649
926 0.67071431
927 0.51637545
928 0.42322665
929 0.54200423
930 0.46945913
931 0.40418183
932 0.36993197
933 0.37086639
934 0.41482502
935 0.45033137
936 0.34933573
937 0.46440714
938 0.43216414
939 0.48792228
940 0.39313792
941 0.32016933
942 0.52934024
943 0.56630099
944 0.49726139
945 0.60716649
946 0.64687649
947 0.66172725
948 0.66519254
949 0.66579509
950 0.57568899
951 0.62013572
952 0.55121128
953 0.57326346
954 0.52897301
955 0.47395923
956 0.52412736
957 0.55448828
958 0.54909580
959 0.54746254
960 0.54422553
961 0.60834125
962 0.56400279
963 0.64211514
964 0.60683977
965 0.64784055
966 0.64687649
967 0.49230763
968 0.50537335
969 0.43295746
970 0.38232074
971 0.40691131
972 0.38567477
973 0.37354160
974 0.39466514
975 0.30365184
976 0.35857280
977 0.30990775
978 0.36181394
979 0.40463622
980 0.34550905
981 0.38538222
982 0.46822340
983 0.43155036
984 0.38812550
985 0.45665419
986 0.54102139
987 0.49230763
988 0.48250472
989 0.51387290
990 0.41739987
991 0.44159332
992 0.41657396
993 0.36537483
994 0.35773119
995 0.34598621
996 0.34100092
997 0.34184828
998 0.35440897
999 0.41081279
1000 0.36426327
1001 0.32461004
1002 0.42198191
1003 0.37414563
1004 0.44458674
1005 0.36347501
1006 0.43712131
1007 0.41803655
1008 0.48250472
1009 0.61779735
1010 0.58563349
1011 0.51168254
1012 0.46554964
1013 0.63334620
1014 0.49261625
1015 0.52318310
1016 0.51241083
1017 0.46438034
1018 0.45720501
1019 0.48110892
1020 0.43753332
1021 0.49458435
1022 0.51065030
1023 0.51159399
1024 0.57825532
1025 0.50104593
1026 0.53779865
1027 0.58127334
1028 0.60545226
1029 0.61779735
1030 0.62077786
1031 0.62395889
1032 0.63727920
1033 0.57738143
1034 0.64297404
1035 0.56350432
1036 0.53843959
1037 0.54365923
1038 0.51321906
1039 0.55986468
1040 0.47220712
1041 0.50149337
1042 0.54473208
1043 0.55938866
1044 0.61089781
1045 0.52321572
1046 0.62984537
1047 0.58085159
1048 0.63358674
1049 0.66266193
1050 0.62077786
1051 0.61869142
1052 0.62864519
1053 0.48717504
1054 0.48185739
1055 0.48397609
1056 0.40664814
1057 0.51984301
1058 0.44077041
1059 0.42508995
1060 0.41229457
1061 0.49881959
1062 0.40917793
1063 0.44554271
1064 0.48478044
1065 0.42042685
1066 0.48704314
1067 0.49829372
1068 0.52736375
1069 0.55056150
1070 0.52209956
1071 0.61869142
1072 0.70982026
1073 0.64038253
1074 0.60493860
1075 0.59736647
1076 0.54198315
1077 0.53274561
1078 0.54826315
1079 0.49430774
1080 0.51025616
1081 0.52383952
1082 0.42061525
1083 0.47812965
1084 0.44462490
1085 0.41640788
1086 0.47394236
1087 0.54609685
1088 0.50001393
1089 0.60590590
1090 0.57364056
1091 0.72380027
1092 0.70982026
1093 0.66370026
1094 0.54948163
1095 0.62604900
1096 0.56100476
1097 0.46068550
1098 0.49539371
1099 0.40275593
1100 0.45165100
1101 0.50566382
1102 0.41834253
1103 0.43571007
1104 0.50606862
1105 0.44537249
1106 0.53058864
1107 0.46464139
1108 0.56111791
1109 0.46583459
1110 0.43608156
1111 0.57838156
1112 0.59662945
1113 0.66370026
1114 0.77382978
1115 0.69777806
1116 0.51350811
1117 0.56481616
1118 0.54194345
1119 0.58694459
1120 0.56011170
1121 0.49026378
1122 0.51771132
1123 0.46754349
1124 0.45413511
1125 0.42694088
1126 0.54322435
1127 0.49881888
1128 0.54437371
1129 0.56245225
1130 0.53858452
1131 0.55454401
1132 0.75596074
1133 0.69040315
1134 0.77382978
1135 0.76979359
1136 0.67526311
1137 0.59675950
1138 0.60448623
1139 0.58099882
1140 0.60934446
1141 0.51966884
1142 0.47612773
1143 0.50455933
1144 0.41952342
1145 0.48625575
1146 0.40763353
1147 0.42347674
1148 0.51469011
1149 0.48300460
1150 0.53064986
1151 0.52580465
1152 0.60124499
1153 0.64510660
1154 0.62000849
1155 0.76979359
1156 0.75401717
1157 0.68322742
1158 0.64040240
1159 0.60671794
1160 0.57765445
1161 0.54999853
1162 0.44492506
1163 0.50969026
1164 0.50439061
1165 0.47619943
1166 0.44645757
1167 0.43791322
1168 0.47050321
1169 0.53613024
1170 0.58038106
1171 0.57469384
1172 0.59463537
1173 0.59791986
1174 0.58796497
1175 0.75603027
1176 0.75401717
1177 0.73420672
1178 0.66771170
1179 0.65594220
1180 0.61647608
1181 0.60685561
1182 0.55437440
1183 0.54807067
1184 0.57521039
1185 0.46256649
1186 0.48563209
1187 0.45067605
1188 0.41118444
1189 0.49717278
1190 0.49270703
1191 0.47803001
1192 0.58415814
1193 0.58286328
1194 0.62845203
1195 0.66041077
1196 0.72367122
1197 0.73420672
1198 0.69726863
1199 0.80097890
1200 0.65520844
1201 0.63981403
1202 0.58614021
1203 0.59731182
1204 0.55288055
1205 0.56143606
1206 0.44995321
1207 0.58280311
1208 0.53276813
1209 0.59226527
1210 0.48745934
1211 0.56256601
1212 0.62944649
1213 0.59111177
1214 0.56250323
1215 0.63018232
1216 0.67582228
1217 0.72740203
1218 0.69726863
1219 0.67661736
1220 0.65499306
1221 0.55902295
1222 0.54114370
1223 0.46201942
1224 0.48397061
1225 0.44075615
1226 0.48773347
1227 0.48987752
1228 0.48517128
1229 0.48739410
1230 0.46129572
1231 0.40982304
1232 0.50700801
1233 0.53708190
1234 0.53056924
1235 0.51193184
1236 0.52372860
1237 0.55201882
1238 0.64230463
1239 0.67661736
1240 0.63569682
1241 0.55824525
1242 0.54522585
1243 0.55461890
1244 0.45447379
1245 0.45475716
1246 0.45759169
1247 0.50668286
1248 0.47830428
1249 0.42110020
1250 0.52456444
1251 0.43523515
1252 0.46064201
1253 0.41353297
1254 0.41383240
1255 0.46157838
1256 0.47623304
1257 0.50185821
1258 0.49995479
1259 0.57987026
1260 0.63569682
1261 0.58399813
1262 0.59126968
1263 0.49084707
1264 0.41234970
1265 0.37667253
1266 0.43415349
1267 0.29171371
1268 0.41183167
1269 0.41101747
1270 0.36376955
1271 0.43562868
1272 0.39743893
1273 0.36391617
1274 0.34850765
1275 0.41689238
1276 0.45014600
1277 0.33020742
1278 0.41838039
1279 0.48698968
1280 0.60258290
1281 0.58399813
1282 0.60138113
1283 0.54113321
1284 0.49827990
1285 0.48199518
1286 0.40691963
1287 0.44720381
1288 0.44364227
1289 0.40900476
1290 0.42650253
1291 0.36366915
1292 0.33964035
1293 0.37545493
1294 0.38498365
1295 0.47607429
1296 0.44132820
1297 0.45373014
1298 0.46816253
1299 0.37857057
1300 0.49260100
1301 0.57532892
1302 0.60138113
1303 0.61149014
1304 0.51417119
1305 0.42292490
1306 0.46900391
1307 0.41710141
1308 0.45662975
1309 0.37230609
1310 0.34983693
1311 0.36249496
1312 0.39493613
1313 0.40016266
1314 0.30976006
1315 0.40388685
1316 0.36261191
1317 0.47501677
1318 0.45420465
1319 0.43005728
1320 0.46857867
1321 0.50654569
1322 0.57251494
1323 0.61149014
1324 0.71755773
1325 0.63935419
1326 0.62280906
1327 0.62695107
1328 0.58788673
1329 0.60610632
1330 0.56343864
1331 0.51252742
1332 0.53092708
1333 0.50777148
1334 0.51364061
1335 0.47839263
1336 0.51859686
1337 0.57214498
1338 0.49732392
1339 0.54298193
1340 0.63005535
1341 0.64931788
1342 0.63848127
1343 0.67496388
1344 0.71755773
1345 0.79495088
1346 0.71683654
1347 0.68429675
1348 0.67403480
1349 0.54591488
1350 0.57907199
1351 0.53595370
1352 0.56264917
1353 0.52630015
1354 0.53023867
1355 0.57321432
1356 0.53160255
1357 0.55554408
1358 0.50218855
1359 0.60389098
1360 0.50934117
1361 0.64286363
1362 0.59010419
1363 0.63700491
1364 0.76847127
1365 0.79495088
1366 0.75420112
1367 0.66173971
1368 0.58488590
1369 0.56071011
1370 0.51351679
1371 0.51069517
1372 0.52857014
1373 0.43033923
1374 0.47246334
1375 0.48111461
1376 0.41685393
1377 0.44234578
1378 0.48539309
1379 0.46174464
1380 0.49715061
1381 0.49612952
1382 0.55113079
1383 0.57116975
1384 0.62205890
1385 0.64886363
1386 0.75420112
1387 0.77748513
1388 0.66550157
1389 0.59650425
1390 0.54408953
1391 0.53006194
1392 0.52332308
1393 0.45267721
1394 0.45443811
1395 0.40814323
1396 0.42221947
1397 0.34940778
1398 0.47004385
1399 0.48142834
1400 0.54100762
1401 0.44365164
1402 0.46672595
1403 0.54913930
1404 0.57493622
1405 0.64434612
1406 0.65201607
1407 0.77748513
1408 0.84974557
1409 0.81888117
1410 0.72269220
1411 0.72921391
1412 0.68371819
1413 0.62572763
1414 0.62945044
1415 0.60073203
1416 0.59542475
1417 0.63674278
1418 0.55741103
1419 0.59256351
1420 0.49462560
1421 0.64682629
1422 0.59781964
1423 0.59075353
1424 0.64900483
1425 0.62143636
1426 0.82216605
1427 0.82364578
1428 0.84974557
1429 0.76860681
1430 0.69157596
1431 0.52759847
1432 0.57784342
1433 0.49730873
1434 0.46544800
1435 0.45998876
1436 0.43501793
1437 0.47738596
1438 0.45490037
1439 0.45849069
1440 0.47067353
1441 0.44045938
1442 0.51266026
1443 0.39267698
1444 0.52567934
1445 0.57413260
1446 0.60337609
1447 0.54564335
1448 0.68448397
1449 0.76860681
1450 0.67712309
1451 0.55504458
1452 0.59434087
1453 0.50003536
1454 0.51370300
1455 0.51070351
1456 0.42358551
1457 0.44673500
1458 0.43335396
1459 0.42206352
1460 0.42033059
1461 0.44949633
1462 0.47602888
1463 0.50749802
1464 0.41042683
1465 0.51133586
1466 0.45762784
1467 0.60306837
1468 0.51304637
1469 0.59714961
1470 0.67712309
1471 0.66360419
1472 0.50279569
1473 0.53279025
1474 0.53060111
1475 0.52652729
1476 0.47101449
1477 0.45709596
1478 0.38670962
1479 0.46917948
1480 0.46445638
1481 0.48776897
1482 0.38678718
1483 0.44865220
1484 0.47821345
1485 0.56592710
1486 0.45675797
1487 0.48014848
1488 0.51940620
1489 0.60574087
1490 0.57418374
1491 0.66360419
1492 0.57280285
1493 0.49727203
1494 0.51235934
1495 0.45020953
1496 0.45325090
1497 0.48913968
1498 0.34340985
1499 0.43776642
1500 0.35009612
1501 0.36151232
1502 0.35491462
1503 0.27935033
1504 0.42444980
1505 0.36394083
1506 0.36823203
1507 0.42385961
1508 0.48228879
1509 0.42667584
1510 0.54079883
1511 0.56221541
1512 0.57280285
1513 0.62558775
1514 0.57200124
1515 0.62402956
1516 0.61808641
1517 0.45759357
1518 0.41588306
1519 0.50626892
1520 0.55275067
1521 0.51060907
1522 0.38680378
1523 0.38643287
1524 0.46112400
1525 0.41423096
1526 0.50198261
1527 0.61125475
1528 0.44393175
1529 0.47358596
1530 0.58290283
1531 0.58942295
1532 0.58084037
1533 0.62558775
1534 0.60135579
1535 0.61410760
1536 0.51538956
1537 0.50789487
1538 0.52022562
1539 0.39487505
1540 0.50689303
1541 0.50151027
1542 0.35997900
1543 0.48608472
1544 0.44938590
1545 0.47506142
1546 0.40727528
1547 0.37874896
1548 0.45140658
1549 0.43512471
1550 0.45819974
1551 0.46354579
1552 0.57462488
1553 0.58570393
1554 0.60135579
1555 0.75200239
1556 0.63518840
1557 0.61205611
1558 0.61995670
1559 0.53694860
1560 0.48014109
1561 0.53688715
1562 0.44081967
1563 0.50074728
1564 0.51739360
1565 0.51126913
1566 0.56045310
1567 0.47831544
1568 0.48127085
1569 0.61232423
1570 0.51840974
1571 0.52844658
1572 0.57303767
1573 0.64245967
1574 0.68723529
1575 0.75200239
1576 0.77929168
1577 0.75345024
1578 0.79130268
1579 0.68154526
1580 0.64364248
1581 0.68893138
1582 0.65121076
1583 0.59232224
1584 0.63460478
1585 0.61431098
1586 0.52301773
1587 0.57252051
1588 0.60316958
1589 0.60087146
1590 0.60489410
1591 0.63405339
1592 0.64191232
1593 0.67240473
1594 0.68307059
1595 0.80155149
1596 0.77929168
1597 0.84188714
1598 0.70387583
1599 0.63256167
1600 0.60357028
1601 0.55755209
1602 0.63971543
1603 0.55219624
1604 0.58854088
1605 0.50212621
1606 0.49217922
1607 0.50379231
1608 0.51475510
1609 0.59576887
1610 0.60581428
1611 0.58014638
1612 0.56853507
1613 0.61264013
1614 0.62152110
1615 0.75861786
1616 0.70680234
1617 0.84188714
1618 0.88079758
1619 0.76868339
1620 0.66766143
1621 0.66950041
1622 0.65824646
1623 0.63881297
1624 0.52541455
1625 0.59943901
1626 0.59374846
1627 0.57564649
1628 0.61731280
1629 0.59483473
1630 0.56746873
1631 0.55711127
1632 0.57076744
1633 0.61584021
1634 0.66376266
1635 0.73298410
1636 0.71764516
1637 0.76607581
1638 0.88079758
1639 1.23503343
1640 1.09666106
1641 1.06683580
1642 0.99013651
1643 1.02757240
1644 0.82926177
1645 0.93218662
1646 0.85656074
1647 0.87598907
1648 0.68632429
1649 0.83403698
1650 0.81231333
1651 0.95827956
1652 0.87487031
1653 0.87773129
1654 0.86382835
1655 0.93418705
1656 0.95052898
1657 1.03340226
1658 1.10053766
1659 1.23503343
1660 0.88079758
1661 0.76868339
1662 0.66766143
1663 0.66950041
1664 0.65824646
1665 0.63881297
1666 0.52541455
1667 0.59943901
1668 0.59374846
1669 0.57564649
1670 0.61731280
1671 0.59483473
1672 0.56746873
1673 0.55711127
1674 0.57076744
1675 0.61584021
1676 0.66376266
1677 0.73298410
1678 0.71764516
1679 0.76607581
1680 0.88079758
1681 0.84188714
1682 0.70387583
1683 0.63256167
1684 0.60357028
1685 0.55755209
1686 0.63971543
1687 0.55219624
1688 0.58854088
1689 0.50212621
1690 0.49217922
1691 0.50379231
1692 0.51475510
1693 0.59576887
1694 0.60581428
1695 0.58014638
1696 0.56853507
1697 0.61264013
1698 0.62152110
1699 0.75861786
1700 0.70680234
1701 0.84188714
1702 0.77929168
1703 0.75345024
1704 0.79130268
1705 0.68154526
1706 0.64364248
1707 0.68893138
1708 0.65121076
1709 0.59232224
1710 0.63460478
1711 0.61431098
1712 0.52301773
1713 0.57252051
1714 0.60316958
1715 0.60087146
1716 0.60489410
1717 0.63405339
1718 0.64191232
1719 0.67240473
1720 0.68307059
1721 0.80155149
1722 0.77929168
1723 0.75200239
1724 0.63518840
1725 0.61205611
1726 0.61995670
1727 0.53694860
1728 0.48014109
1729 0.53688715
1730 0.44081967
1731 0.50074728
1732 0.51739360
1733 0.51126913
1734 0.56045310
1735 0.47831544
1736 0.48127085
1737 0.61232423
1738 0.51840974
1739 0.52844658
1740 0.57303767
1741 0.64245967
1742 0.68723529
1743 0.75200239
1744 0.60135579
1745 0.61410760
1746 0.51538956
1747 0.50789487
1748 0.52022562
1749 0.39487505
1750 0.50689303
1751 0.50151027
1752 0.35997900
1753 0.48608472
1754 0.44938590
1755 0.47506142
1756 0.40727528
1757 0.37874896
1758 0.45140658
1759 0.43512471
1760 0.45819974
1761 0.46354579
1762 0.57462488
1763 0.58570393
1764 0.60135579
1765 0.58399813
1766 0.59126968
1767 0.49084707
1768 0.41234970
1769 0.37667253
1770 0.43415349
1771 0.29171371
1772 0.41183167
1773 0.41101747
1774 0.36376955
1775 0.43562868
1776 0.39743893
1777 0.36391617
1778 0.34850765
1779 0.41689238
1780 0.45014600
1781 0.33020742
1782 0.41838039
1783 0.48698968
1784 0.60258290
1785 0.58399813
1786 0.57280285
1787 0.49727203
1788 0.51235934
1789 0.45020953
1790 0.45325090
1791 0.48913968
1792 0.34340985
1793 0.43776642
1794 0.35009612
1795 0.36151232
1796 0.35491462
1797 0.27935033
1798 0.42444980
1799 0.36394083
1800 0.36823203
1801 0.42385961
1802 0.48228879
1803 0.42667584
1804 0.54079883
1805 0.56221541
1806 0.57280285
1807 0.66360419
1808 0.50279569
1809 0.53279025
1810 0.53060111
1811 0.52652729
1812 0.47101449
1813 0.45709596
1814 0.38670962
1815 0.46917948
1816 0.46445638
1817 0.48776897
1818 0.38678718
1819 0.44865220
1820 0.47821345
1821 0.56592710
1822 0.45675797
1823 0.48014848
1824 0.51940620
1825 0.60574087
1826 0.57418374
1827 0.66360419
1828 0.67712309
1829 0.55504458
1830 0.59434087
1831 0.50003536
1832 0.51370300
1833 0.51070351
1834 0.42358551
1835 0.44673500
1836 0.43335396
1837 0.42206352
1838 0.42033059
1839 0.44949633
1840 0.47602888
1841 0.50749802
1842 0.41042683
1843 0.51133586
1844 0.45762784
1845 0.60306837
1846 0.51304637
1847 0.59714961
1848 0.67712309
1849 0.76860681
1850 0.69157596
1851 0.52759847
1852 0.57784342
1853 0.49730873
1854 0.46544800
1855 0.45998876
1856 0.43501793
1857 0.47738596
1858 0.45490037
1859 0.45849069
1860 0.47067353
1861 0.44045938
1862 0.51266026
1863 0.39267698
1864 0.52567934
1865 0.57413260
1866 0.60337609
1867 0.54564335
1868 0.68448397
1869 0.76860681
1870 0.84974557
1871 0.81888117
1872 0.72269220
1873 0.72921391
1874 0.68371819
1875 0.62572763
1876 0.62945044
1877 0.60073203
1878 0.59542475
1879 0.63674278
1880 0.55741103
1881 0.59256351
1882 0.49462560
1883 0.64682629
1884 0.59781964
1885 0.59075353
1886 0.64900483
1887 0.62143636
1888 0.82216605
1889 0.82364578
1890 0.84974557
1891 0.77748513
1892 0.66550157
1893 0.59650425
1894 0.54408953
1895 0.53006194
1896 0.52332308
1897 0.45267721
1898 0.45443811
1899 0.40814323
1900 0.42221947
1901 0.34940778
1902 0.47004385
1903 0.48142834
1904 0.54100762
1905 0.44365164
1906 0.46672595
1907 0.54913930
1908 0.57493622
1909 0.64434612
1910 0.65201607
1911 0.77748513
1912 0.75420112
1913 0.66173971
1914 0.58488590
1915 0.56071011
1916 0.51351679
1917 0.51069517
1918 0.52857014
1919 0.43033923
1920 0.47246334
1921 0.48111461
1922 0.41685393
1923 0.44234578
1924 0.48539309
1925 0.46174464
1926 0.49715061
1927 0.49612952
1928 0.55113079
1929 0.57116975
1930 0.62205890
1931 0.64886363
1932 0.75420112
1933 0.79495088
1934 0.71683654
1935 0.68429675
1936 0.67403480
1937 0.54591488
1938 0.57907199
1939 0.53595370
1940 0.56264917
1941 0.52630015
1942 0.53023867
1943 0.57321432
1944 0.53160255
1945 0.55554408
1946 0.50218855
1947 0.60389098
1948 0.50934117
1949 0.64286363
1950 0.59010419
1951 0.63700491
1952 0.76847127
1953 0.79495088
1954 0.71755773
1955 0.63935419
1956 0.62280906
1957 0.62695107
1958 0.58788673
1959 0.60610632
1960 0.56343864
1961 0.51252742
1962 0.53092708
1963 0.50777148
1964 0.51364061
1965 0.47839263
1966 0.51859686
1967 0.57214498
1968 0.49732392
1969 0.54298193
1970 0.63005535
1971 0.64931788
1972 0.63848127
1973 0.67496388
1974 0.71755773
1975 0.61149014
1976 0.51417119
1977 0.42292490
1978 0.46900391
1979 0.41710141
1980 0.45662975
1981 0.37230609
1982 0.34983693
1983 0.36249496
1984 0.39493613
1985 0.40016266
1986 0.30976006
1987 0.40388685
1988 0.36261191
1989 0.47501677
1990 0.45420465
1991 0.43005728
1992 0.46857867
1993 0.50654569
1994 0.57251494
1995 0.61149014
1996 0.60138113
1997 0.54113321
1998 0.49827990
1999 0.48199518
2000 0.40691963
2001 0.44720381
2002 0.44364227
2003 0.40900476
2004 0.42650253
2005 0.36366915
2006 0.33964035
2007 0.37545493
2008 0.38498365
2009 0.47607429
2010 0.44132820
2011 0.45373014
2012 0.46816253
2013 0.37857057
2014 0.49260100
2015 0.57532892
2016 0.60138113
2017 0.61779735
2018 0.58563349
2019 0.51168254
2020 0.46554964
2021 0.63334620
2022 0.49261625
2023 0.52318310
2024 0.51241083
2025 0.46438034
2026 0.45720501
2027 0.48110892
2028 0.43753332
2029 0.49458435
2030 0.51065030
2031 0.51159399
2032 0.57825532
2033 0.50104593
2034 0.53779865
2035 0.58127334
2036 0.60545226
2037 0.61779735
2038 0.63569682
2039 0.55824525
2040 0.54522585
2041 0.55461890
2042 0.45447379
2043 0.45475716
2044 0.45759169
2045 0.50668286
2046 0.47830428
2047 0.42110020
2048 0.52456444
2049 0.43523515
2050 0.46064201
2051 0.41353297
2052 0.41383240
2053 0.46157838
2054 0.47623304
2055 0.50185821
2056 0.49995479
2057 0.57987026
2058 0.63569682
2059 0.67661736
2060 0.65499306
2061 0.55902295
2062 0.54114370
2063 0.46201942
2064 0.48397061
2065 0.44075615
2066 0.48773347
2067 0.48987752
2068 0.48517128
2069 0.48739410
2070 0.46129572
2071 0.40982304
2072 0.50700801
2073 0.53708190
2074 0.53056924
2075 0.51193184
2076 0.52372860
2077 0.55201882
2078 0.64230463
2079 0.67661736
2080 0.69726863
2081 0.80097890
2082 0.65520844
2083 0.63981403
2084 0.58614021
2085 0.59731182
2086 0.55288055
2087 0.56143606
2088 0.44995321
2089 0.58280311
2090 0.53276813
2091 0.59226527
2092 0.48745934
2093 0.56256601
2094 0.62944649
2095 0.59111177
2096 0.56250323
2097 0.63018232
2098 0.67582228
2099 0.72740203
2100 0.69726863
2101 0.73420672
2102 0.66771170
2103 0.65594220
2104 0.61647608
2105 0.60685561
2106 0.55437440
2107 0.54807067
2108 0.57521039
2109 0.46256649
2110 0.48563209
2111 0.45067605
2112 0.41118444
2113 0.49717278
2114 0.49270703
2115 0.47803001
2116 0.58415814
2117 0.58286328
2118 0.62845203
2119 0.66041077
2120 0.72367122
2121 0.73420672
2122 0.75401717
2123 0.68322742
2124 0.64040240
2125 0.60671794
2126 0.57765445
2127 0.54999853
2128 0.44492506
2129 0.50969026
2130 0.50439061
2131 0.47619943
2132 0.44645757
2133 0.43791322
2134 0.47050321
2135 0.53613024
2136 0.58038106
2137 0.57469384
2138 0.59463537
2139 0.59791986
2140 0.58796497
2141 0.75603027
2142 0.75401717
2143 0.76979359
2144 0.67526311
2145 0.59675950
2146 0.60448623
2147 0.58099882
2148 0.60934446
2149 0.51966884
2150 0.47612773
2151 0.50455933
2152 0.41952342
2153 0.48625575
2154 0.40763353
2155 0.42347674
2156 0.51469011
2157 0.48300460
2158 0.53064986
2159 0.52580465
2160 0.60124499
2161 0.64510660
2162 0.62000849
2163 0.76979359
2164 0.77382978
2165 0.69777806
2166 0.51350811
2167 0.56481616
2168 0.54194345
2169 0.58694459
2170 0.56011170
2171 0.49026378
2172 0.51771132
2173 0.46754349
2174 0.45413511
2175 0.42694088
2176 0.54322435
2177 0.49881888
2178 0.54437371
2179 0.56245225
2180 0.53858452
2181 0.55454401
2182 0.75596074
2183 0.69040315
2184 0.77382978
2185 0.66370026
2186 0.54948163
2187 0.62604900
2188 0.56100476
2189 0.46068550
2190 0.49539371
2191 0.40275593
2192 0.45165100
2193 0.50566382
2194 0.41834253
2195 0.43571007
2196 0.50606862
2197 0.44537249
2198 0.53058864
2199 0.46464139
2200 0.56111791
2201 0.46583459
2202 0.43608156
2203 0.57838156
2204 0.59662945
2205 0.66370026
2206 0.70982026
2207 0.64038253
2208 0.60493860
2209 0.59736647
2210 0.54198315
2211 0.53274561
2212 0.54826315
2213 0.49430774
2214 0.51025616
2215 0.52383952
2216 0.42061525
2217 0.47812965
2218 0.44462490
2219 0.41640788
2220 0.47394236
2221 0.54609685
2222 0.50001393
2223 0.60590590
2224 0.57364056
2225 0.72380027
2226 0.70982026
2227 0.61869142
2228 0.62864519
2229 0.48717504
2230 0.48185739
2231 0.48397609
2232 0.40664814
2233 0.51984301
2234 0.44077041
2235 0.42508995
2236 0.41229457
2237 0.49881959
2238 0.40917793
2239 0.44554271
2240 0.48478044
2241 0.42042685
2242 0.48704314
2243 0.49829372
2244 0.52736375
2245 0.55056150
2246 0.52209956
2247 0.61869142
2248 0.62077786
2249 0.62395889
2250 0.63727920
2251 0.57738143
2252 0.64297404
2253 0.56350432
2254 0.53843959
2255 0.54365923
2256 0.51321906
2257 0.55986468
2258 0.47220712
2259 0.50149337
2260 0.54473208
2261 0.55938866
2262 0.61089781
2263 0.52321572
2264 0.62984537
2265 0.58085159
2266 0.63358674
2267 0.66266193
2268 0.62077786
2269 0.54722656
2270 0.53001979
2271 0.47701848
2272 0.38813732
2273 0.46854029
2274 0.46410222
2275 0.51151899
2276 0.51730122
2277 0.45416183
2278 0.42865062
2279 0.47473747
2280 0.51306719
2281 0.51580336
2282 0.44603109
2283 0.43124884
2284 0.48874775
2285 0.45298728
2286 0.51668835
2287 0.51589476
2288 0.53086415
2289 0.54722656
2290 0.48250472
2291 0.51387290
2292 0.41739987
2293 0.44159332
2294 0.41657396
2295 0.36537483
2296 0.35773119
2297 0.34598621
2298 0.34100092
2299 0.34184828
2300 0.35440897
2301 0.41081279
2302 0.36426327
2303 0.32461004
2304 0.42198191
2305 0.37414563
2306 0.44458674
2307 0.36347501
2308 0.43712131
2309 0.41803655
2310 0.48250472
2311 0.49230763
2312 0.50537335
2313 0.43295746
2314 0.38232074
2315 0.40691131
2316 0.38567477
2317 0.37354160
2318 0.39466514
2319 0.30365184
2320 0.35857280
2321 0.30990775
2322 0.36181394
2323 0.40463622
2324 0.34550905
2325 0.38538222
2326 0.46822340
2327 0.43155036
2328 0.38812550
2329 0.45665419
2330 0.54102139
2331 0.49230763
2332 0.64687649
2333 0.66172725
2334 0.66519254
2335 0.66579509
2336 0.57568899
2337 0.62013572
2338 0.55121128
2339 0.57326346
2340 0.52897301
2341 0.47395923
2342 0.52412736
2343 0.55448828
2344 0.54909580
2345 0.54746254
2346 0.54422553
2347 0.60834125
2348 0.56400279
2349 0.64211514
2350 0.60683977
2351 0.64784055
2352 0.64687649
2353 0.60716649
2354 0.67071431
2355 0.51637545
2356 0.42322665
2357 0.54200423
2358 0.46945913
2359 0.40418183
2360 0.36993197
2361 0.37086639
2362 0.41482502
2363 0.45033137
2364 0.34933573
2365 0.46440714
2366 0.43216414
2367 0.48792228
2368 0.39313792
2369 0.32016933
2370 0.52934024
2371 0.56630099
2372 0.49726139
2373 0.60716649
2374 0.74150104
2375 0.64311375
2376 0.61260874
2377 0.54709515
2378 0.58081141
2379 0.49532287
2380 0.47191983
2381 0.56605699
2382 0.42799677
2383 0.49279132
2384 0.46973773
2385 0.47856934
2386 0.47204781
2387 0.43809553
2388 0.50249844
2389 0.51587822
2390 0.53488642
2391 0.60013799
2392 0.61520358
2393 0.67328664
2394 0.74150104
2395 0.67987932
2396 0.66159177
2397 0.63241961
2398 0.56873608
2399 0.56660825
2400 0.48421199
2401 0.52628965
2402 0.54824121
2403 0.55669885
2404 0.53471584
2405 0.52840607
2406 0.59429676
2407 0.49684280
2408 0.55583367
2409 0.54444314
2410 0.54875634
2411 0.55144497
2412 0.61124976
2413 0.60197087
2414 0.70897465
2415 0.67987932
2416 0.62771106
2417 0.64711155
2418 0.59711084
2419 0.49316612
2420 0.51474223
2421 0.54119858
2422 0.44873004
2423 0.36178403
2424 0.46984762
2425 0.44678339
2426 0.33968600
2427 0.44336819
2428 0.45168537
2429 0.44209883
2430 0.45158250
2431 0.49214150
2432 0.57844525
2433 0.54645811
2434 0.52019105
2435 0.57866129
2436 0.62771106
2437 0.49265071
2438 0.50470640
2439 0.55652175
2440 0.49018716
2441 0.32409051
2442 0.42412704
2443 0.45556190
2444 0.39991968
2445 0.35952281
2446 0.35930187
2447 0.31921822
2448 0.33656317
2449 0.31376969
2450 0.37555158
2451 0.34634239
2452 0.40380255
2453 0.33626167
2454 0.36377969
2455 0.44136607
2456 0.46616612
2457 0.49265071
2458 0.80254401
2459 0.68420598
2460 0.58907486
2461 0.58668988
2462 0.58696167
2463 0.55297226
2464 0.56880018
2465 0.52242537
2466 0.54803789
2467 0.50300837
2468 0.62245123
2469 0.53775190
2470 0.49402680
2471 0.58339053
2472 0.54941182
2473 0.52186096
2474 0.66352732
2475 0.64344558
2476 0.69552998
2477 0.67466017
2478 0.80254401
2479 0.58281238
2480 0.51495544
2481 0.50425364
2482 0.42800190
2483 0.44140501
2484 0.48778407
2485 0.42112692
2486 0.41362329
2487 0.44695846
2488 0.38107341
2489 0.44181136
2490 0.41223461
2491 0.37844948
2492 0.44680798
2493 0.39834314
2494 0.45685458
2495 0.43493457
2496 0.42073243
2497 0.54542507
2498 0.45719163
2499 0.58281238
2500 0.54004356
2501 0.52143828
2502 0.50424210
2503 0.48021768
2504 0.52638974
2505 0.43911536
2506 0.44814973
2507 0.43493505
2508 0.39070354
2509 0.43971200
2510 0.41657098
2511 0.40924648
2512 0.36691149
2513 0.46158065
2514 0.44616104
2515 0.50919764
2516 0.46424284
2517 0.49837499
2518 0.50164507
2519 0.50998004
2520 0.54004356
2521 0.50162604
2522 0.49746757
2523 0.43215332
2524 0.43540409
2525 0.37356108
2526 0.41665133
2527 0.44085919
2528 0.41556494
2529 0.43269812
2530 0.40692999
2531 0.43434540
2532 0.40665503
2533 0.41748067
2534 0.42490708
2535 0.38783552
2536 0.41335433
2537 0.48254759
2538 0.44756319
2539 0.40375327
2540 0.50421444
2541 0.50162604
2542 0.39637432
2543 0.36213937
2544 0.39066748
2545 0.35467924
2546 0.34691053
2547 0.35540776
2548 0.39073789
2549 0.36676666
2550 0.35742274
2551 0.37262707
2552 0.33185065
2553 0.40201287
2554 0.33034636
2555 0.33437239
2556 0.32112297
2557 0.40340148
2558 0.36406463
2559 0.34455141
2560 0.49310856
2561 0.40425779
2562 0.39637432
2563 0.52410826
2564 0.45509250
2565 0.43594239
2566 0.43983738
2567 0.39546401
2568 0.40622160
2569 0.47415431
2570 0.40033431
2571 0.48424990
2572 0.35385233
2573 0.42732532
2574 0.37594095
2575 0.38555008
2576 0.39551954
2577 0.35422598
2578 0.43541385
2579 0.43598485
2580 0.44926325
2581 0.43869253
2582 0.54682018
2583 0.52410826
2584 0.64386030
2585 0.53688681
2586 0.61657155
2587 0.53556618
2588 0.45422068
2589 0.51135834
2590 0.49893860
2591 0.51503315
2592 0.45661577
2593 0.46593761
2594 0.41872366
2595 0.44772817
2596 0.45001536
2597 0.47746038
2598 0.39316701
2599 0.42571690
2600 0.54964654
2601 0.51878705
2602 0.47524060
2603 0.55447179
2604 0.64386030
2605 0.54780107
2606 0.50640040
2607 0.50840216
2608 0.44481052
2609 0.47510821
2610 0.32016783
2611 0.35470949
2612 0.39165647
2613 0.44322634
2614 0.32804163
2615 0.46545167
2616 0.34948784
2617 0.38839987
2618 0.49360501
2619 0.41036652
2620 0.41973085
2621 0.38653007
2622 0.48192413
2623 0.49970643
2624 0.56610550
2625 0.54780107
2626 0.59368105
2627 0.52894444
2628 0.51679495
2629 0.50145900
2630 0.51793071
2631 0.49458148
2632 0.43487278
2633 0.38454831
2634 0.37720623
2635 0.35621216
2636 0.40355137
2637 0.33417553
2638 0.38112874
2639 0.45457616
2640 0.45959167
2641 0.45500613
2642 0.48090085
2643 0.47443590
2644 0.53886472
2645 0.51721241
2646 0.59368105
2647 0.63087858
2648 0.56730055
2649 0.54218263
2650 0.52694857
2651 0.45852530
2652 0.49767636
2653 0.41355348
2654 0.45406688
2655 0.39287887
2656 0.39173830
2657 0.43744117
2658 0.46287161
2659 0.42220663
2660 0.45845744
2661 0.43453122
2662 0.47685086
2663 0.46523088
2664 0.55064121
2665 0.53812397
2666 0.59504585
2667 0.63087858
2668 0.59850014
2669 0.56738455
2670 0.53878504
2671 0.50075199
2672 0.49169759
2673 0.49152856
2674 0.45942427
2675 0.44507259
2676 0.44306950
2677 0.43282937
2678 0.41810901
2679 0.43245804
2680 0.42612773
2681 0.46848507
2682 0.39453303
2683 0.46598886
2684 0.46015214
2685 0.46145586
2686 0.57531107
2687 0.61046504
2688 0.59850014
2689 0.61587786
2690 0.57264143
2691 0.56540072
2692 0.51402157
2693 0.56634025
2694 0.53064760
2695 0.43355694
2696 0.45237719
2697 0.45814349
2698 0.46537810
2699 0.48459172
2700 0.36978559
2701 0.39836911
2702 0.46572573
2703 0.43412081
2704 0.51295121
2705 0.50576117
2706 0.57185818
2707 0.52582214
2708 0.54578908
2709 0.61587786
2710 0.66208005
2711 0.66718059
2712 0.60240515
2713 0.58478667
2714 0.52515346
2715 0.49766765
2716 0.53098221
2717 0.45691825
2718 0.52036709
2719 0.49559901
2720 0.53048875
2721 0.51953566
2722 0.46463662
2723 0.53817035
2724 0.49266192
2725 0.52158527
2726 0.46134051
2727 0.47446535
2728 0.53311432
2729 0.63211748
2730 0.66208005
2731 0.63185897
2732 0.56776024
2733 0.59799531
2734 0.49076468
2735 0.45344163
2736 0.39767375
2737 0.48720475
2738 0.46480886
2739 0.45257733
2740 0.45067568
2741 0.44912105
2742 0.43321625
2743 0.49128094
2744 0.47437065
2745 0.46761541
2746 0.48097830
2747 0.47656519
2748 0.44683728
2749 0.48551292
2750 0.48503853
2751 0.63185897
2752 0.43974171
2753 0.43561977
2754 0.45402118
2755 0.45795397
2756 0.45349999
2757 0.41048029
2758 0.35097486
2759 0.44868570
2760 0.40336885
2761 0.38105317
2762 0.42977397
2763 0.39764287
2764 0.40966016
2765 0.37542029
2766 0.39867995
2767 0.39341947
2768 0.44160772
2769 0.30701501
2770 0.45575994
2771 0.39513400
2772 0.43974171
2773 0.51542023
2774 0.45908866
2775 0.49953111
2776 0.43707872
2777 0.40452616
2778 0.40562004
2779 0.41260115
2780 0.46374870
2781 0.42883106
2782 0.39200200
2783 0.36995584
2784 0.41422028
2785 0.47728684
2786 0.40360155
2787 0.40237790
2788 0.46831829
2789 0.39479494
2790 0.47433702
2791 0.43694127
2792 0.35664291
2793 0.51542023
2794 0.41935068
2795 0.48954962
2796 0.41151832
2797 0.47940332
2798 0.52102787
2799 0.48393010
2800 0.45583963
2801 0.37955694
2802 0.51603264
2803 0.47372534
2804 0.41478365
2805 0.45649973
2806 0.31957143
2807 0.53875636
2808 0.47135016
2809 0.42275486
2810 0.41729686
2811 0.55230940
2812 0.49983971
2813 0.46978301
2814 0.41935068
2815 0.51659332
2816 0.45032576
2817 0.38504888
2818 0.45816429
2819 0.41890560
2820 0.43713435
2821 0.37592057
2822 0.47357746
2823 0.40338917
2824 0.39260793
2825 0.36427427
2826 0.40031438
2827 0.33678766
2828 0.41792913
2829 0.36152511
2830 0.40108780
2831 0.47220729
2832 0.42230264
2833 0.40426007
2834 0.45995492
2835 0.51659332
2836 0.59762788
2837 0.54263347
2838 0.57398220
2839 0.53092471
2840 0.44457329
2841 0.44518952
2842 0.42965123
2843 0.39008991
2844 0.45134859
2845 0.35848907
2846 0.39303185
2847 0.47983987
2848 0.54925620
2849 0.46638913
2850 0.47770860
2851 0.47336317
2852 0.48224330
2853 0.55894450
2854 0.47360451
2855 0.49512467
2856 0.59762788
2857 0.54735290
2858 0.51740764
2859 0.41830132
2860 0.39213454
2861 0.42365318
2862 0.33568871
2863 0.36351951
2864 0.34332944
2865 0.36941676
2866 0.40571989
2867 0.34233368
2868 0.37459662
2869 0.40259254
2870 0.38814653
2871 0.38404331
2872 0.37035180
2873 0.43473120
2874 0.41944087
2875 0.40334908
2876 0.48620788
2877 0.54735290
2878 0.56979552
2879 0.52711301
2880 0.54052438
2881 0.42563412
2882 0.43952862
2883 0.42693871
2884 0.42590823
2885 0.43632379
2886 0.40923319
2887 0.44377779
2888 0.35086909
2889 0.38288192
2890 0.41868502
2891 0.45815096
2892 0.44126592
2893 0.51740432
2894 0.48564177
2895 0.50701120
2896 0.60971695
2897 0.57101484
2898 0.56979552
2899 0.72727596
2900 0.61764354
2901 0.55330197
2902 0.57080975
2903 0.52975386
2904 0.51666475
2905 0.49622136
2906 0.52162661
2907 0.50567670
2908 0.47382023
2909 0.45672512
2910 0.39624793
2911 0.45933184
2912 0.54536946
2913 0.53600999
2914 0.56457829
2915 0.50501917
2916 0.51440996
2917 0.59968945
2918 0.68047062
2919 0.72727596
2920 0.68732680
2921 0.51714877
2922 0.51037596
2923 0.50721524
2924 0.50456110
2925 0.50535610
2926 0.44345968
2927 0.44320828
2928 0.39669552
2929 0.51561081
2930 0.45198716
2931 0.40683671
2932 0.44786572
2933 0.54689522
2934 0.43564250
2935 0.51493258
2936 0.46283891
2937 0.50649797
2938 0.51838245
2939 0.62542300
2940 0.68732680
2941 0.57973321
2942 0.56210867
2943 0.59353089
2944 0.54708821
2945 0.49853226
2946 0.45447383
2947 0.52727925
2948 0.50338336
2949 0.42761384
2950 0.45470596
2951 0.44561922
2952 0.45627654
2953 0.47101332
2954 0.46919001
2955 0.45081827
2956 0.51093296
2957 0.56337021
2958 0.56227921
2959 0.56844541
2960 0.56999243
2961 0.57973321
2962 0.60252755
2963 0.54193641
2964 0.52214748
2965 0.51475837
2966 0.53969328
2967 0.44535814
2968 0.43334030
2969 0.47083384
2970 0.43485872
2971 0.47797784
2972 0.42496536
2973 0.43091024
2974 0.39557137
2975 0.42452823
2976 0.52958626
2977 0.50387489
2978 0.54265117
2979 0.45985427
2980 0.54364349
2981 0.56329379
2982 0.60252755
2983 0.55731662
2984 0.53000422
2985 0.45038052
2986 0.40751543
2987 0.45557742
2988 0.37168677
2989 0.44876666
2990 0.42887713
2991 0.50440017
2992 0.39039122
2993 0.43795003
2994 0.37484065
2995 0.43702177
2996 0.49252289
2997 0.53862032
2998 0.43830971
2999 0.47246703
3000 0.39877078
3001 0.47992296
3002 0.43448473
3003 0.55731662
3004 0.38761746
3005 0.44382396
3006 0.44875967
3007 0.43389469
3008 0.35919287
3009 0.32437565
3010 0.42704391
3011 0.38541106
3012 0.28848006
3013 0.38883696
3014 0.39808232
3015 0.39663954
3016 0.36536097
3017 0.33066674
3018 0.32455586
3019 0.43503019
3020 0.38727211
3021 0.45934787
3022 0.31641981
3023 0.40622445
3024 0.38761746
