index DenDen_momentum
1 145.30237510
2 145.32899281
3 145.28901900
4 145.25589381
5 145.33383018
6 145.29938311
7 145.29907051
8 145.30405344
9 145.21882992
10 145.36149405
11 145.33368685
12 145.29955725
13 145.32666462
14 145.33056856
15 145.42900605
16 145.34881536
17 145.30764772
18 145.42192975
19 145.19179753
20 145.26620446
21 145.30237510
22 0.53050052
23 0.42666438
24 0.45653177
25 0.47758184
26 0.45490165
27 0.44025062
28 0.47907202
29 0.45011819
30 0.44993831
31 0.53062618
32 0.47073346
33 0.48087351
34 0.46237345
35 0.42385080
36 0.48800757
37 0.47740109
38 0.43061845
39 0.41411076
40 0.49633987
41 0.49265271
42 0.53050052
43 0.44259793
44 0.36392929
45 0.34805830
46 0.42270875
47 0.43342968
48 0.41966098
49 0.35190740
50 0.43975727
51 0.38625700
52 0.32515700
53 0.33050480
54 0.35022473
55 0.35841603
56 0.29832504
57 0.27954369
58 0.37313769
59 0.41006943
60 0.36901734
61 0.38358228
62 0.36761770
63 0.44259793
64 0.60273990
65 0.50182051
66 0.52501797
67 0.54983070
68 0.49298346
69 0.51678800
70 0.55322244
71 0.49921632
72 0.49262066
73 0.48882617
74 0.50391871
75 0.50468193
76 0.42890744
77 0.47696521
78 0.56936462
79 0.43481684
80 0.50395884
81 0.47603573
82 0.55015329
83 0.60324563
84 0.60273990
85 0.51225589
86 0.44895309
87 0.44191928
88 0.38756392
89 0.45054040
90 0.42545005
91 0.36963511
92 0.38337272
93 0.38564708
94 0.30903908
95 0.38781618
96 0.38592315
97 0.42478626
98 0.39554456
99 0.51958654
100 0.37284677
101 0.52602745
102 0.42405781
103 0.49204022
104 0.49305158
105 0.51225589
106 0.55753937
107 0.55832788
108 0.50044308
109 0.45918956
110 0.46781335
111 0.36534762
112 0.39386084
113 0.44785851
114 0.33967364
115 0.37870952
116 0.35197332
117 0.40399533
118 0.40865157
119 0.38921424
120 0.40971284
121 0.49151121
122 0.47073192
123 0.39007163
124 0.49200735
125 0.59714103
126 0.55753937
127 0.60739217
128 0.51572403
129 0.60688218
130 0.41883300
131 0.48176714
132 0.54602545
133 0.50696412
134 0.37930815
135 0.31287086
136 0.33582137
137 0.29359628
138 0.35604246
139 0.49878544
140 0.39625033
141 0.40025147
142 0.39571198
143 0.46217925
144 0.46113785
145 0.42102431
146 0.53741902
147 0.60739217
148 0.55753937
149 0.55832788
150 0.50044308
151 0.45918956
152 0.46781335
153 0.36534762
154 0.39386084
155 0.44785851
156 0.33967364
157 0.37870952
158 0.35197332
159 0.40399533
160 0.40865157
161 0.38921424
162 0.40971284
163 0.49151121
164 0.47073192
165 0.39007163
166 0.49200735
167 0.59714103
168 0.55753937
169 0.51225589
170 0.44895309
171 0.44191928
172 0.38756392
173 0.45054040
174 0.42545005
175 0.36963511
176 0.38337272
177 0.38564708
178 0.30903908
179 0.38781618
180 0.38592315
181 0.42478626
182 0.39554456
183 0.51958654
184 0.37284677
185 0.52602745
186 0.42405781
187 0.49204022
188 0.49305158
189 0.51225589
190 0.60273990
191 0.50182051
192 0.52501797
193 0.54983070
194 0.49298346
195 0.51678800
196 0.55322244
197 0.49921632
198 0.49262066
199 0.48882617
200 0.50391871
201 0.50468193
202 0.42890744
203 0.47696521
204 0.56936462
205 0.43481684
206 0.50395884
207 0.47603573
208 0.55015329
209 0.60324563
210 0.60273990
211 0.44259793
212 0.36392929
213 0.34805830
214 0.42270875
215 0.43342968
216 0.41966098
217 0.35190740
218 0.43975727
219 0.38625700
220 0.32515700
221 0.33050480
222 0.35022473
223 0.35841603
224 0.29832504
225 0.27954369
226 0.37313769
227 0.41006943
228 0.36901734
229 0.38358228
230 0.36761770
231 0.44259793
232 0.53050052
233 0.42666438
234 0.45653177
235 0.47758184
236 0.45490165
237 0.44025062
238 0.47907202
239 0.45011819
240 0.44993831
241 0.53062618
242 0.47073346
243 0.48087351
244 0.46237345
245 0.42385080
246 0.48800757
247 0.47740109
248 0.43061845
249 0.41411076
250 0.49633987
251 0.49265271
252 0.53050052
253 0.42136829
254 0.40760503
255 0.41996394
256 0.42812912
257 0.43998715
258 0.44056323
259 0.37642003
260 0.48824867
261 0.31346107
262 0.36109229
263 0.39557445
264 0.38585854
265 0.44810389
266 0.42153982
267 0.37048238
268 0.42117091
269 0.40293813
270 0.45603644
271 0.43447677
272 0.50546894
273 0.42136829
274 0.46113685
275 0.47696620
276 0.45972822
277 0.49002528
278 0.51964045
279 0.47020434
280 0.38347749
281 0.54600732
282 0.48948159
283 0.48181276
284 0.49232637
285 0.51582941
286 0.47322246
287 0.54916923
288 0.45541398
289 0.45493881
290 0.48090893
291 0.57217693
292 0.54692140
293 0.52881739
294 0.46113685
295 0.50587268
296 0.45886590
297 0.46734932
298 0.41531773
299 0.43777614
300 0.35485822
301 0.35141169
302 0.39652282
303 0.38946242
304 0.39934588
305 0.41024225
306 0.41751336
307 0.42064688
308 0.48692051
309 0.39952752
310 0.37018039
311 0.36848334
312 0.42847942
313 0.42571776
314 0.48408133
315 0.50587268
316 0.58315694
317 0.52572852
318 0.43817259
319 0.52703213
320 0.46499125
321 0.57623974
322 0.50689045
323 0.43546363
324 0.49523674
325 0.51413187
326 0.45502238
327 0.48264131
328 0.47881818
329 0.47865323
330 0.48364550
331 0.43420839
332 0.46619532
333 0.58630626
334 0.50532476
335 0.48914719
336 0.58315694
337 0.56377405
338 0.50049302
339 0.52777756
340 0.53134146
341 0.49600755
342 0.42621055
343 0.46599132
344 0.42889624
345 0.36123041
346 0.46402344
347 0.43609950
348 0.32866090
349 0.36440735
350 0.38106871
351 0.44177057
352 0.49275631
353 0.41428815
354 0.47282500
355 0.44832788
356 0.45678460
357 0.56377405
358 0.65930088
359 0.68516298
360 0.69212105
361 0.58338825
362 0.55989573
363 0.55170110
364 0.52825962
365 0.52388393
366 0.52918760
367 0.47618071
368 0.46866788
369 0.57059881
370 0.44490437
371 0.44271273
372 0.53529762
373 0.52815801
374 0.54131184
375 0.58509487
376 0.59376606
377 0.66843219
378 0.65930088
379 0.64249268
380 0.51223824
381 0.43809177
382 0.47811226
383 0.43180977
384 0.42434052
385 0.38780242
386 0.45353042
387 0.41965598
388 0.41352125
389 0.47256707
390 0.43646434
391 0.43697380
392 0.40038142
393 0.44254302
394 0.43325612
395 0.52826137
396 0.47376629
397 0.48931360
398 0.58392375
399 0.64249268
400 0.65699865
401 0.52794545
402 0.47468441
403 0.49366742
404 0.43083445
405 0.45765457
406 0.48660418
407 0.42894875
408 0.44649146
409 0.34246213
410 0.33373622
411 0.37178513
412 0.47154145
413 0.41034814
414 0.43446723
415 0.42598374
416 0.42894935
417 0.50987747
418 0.60802783
419 0.51954235
420 0.65699865
421 0.57221270
422 0.45333659
423 0.50093275
424 0.43603265
425 0.42442419
426 0.43683657
427 0.47989998
428 0.42043613
429 0.38624570
430 0.39603454
431 0.43521657
432 0.43683488
433 0.35572452
434 0.39415299
435 0.40716351
436 0.36750264
437 0.37996397
438 0.50890141
439 0.44371293
440 0.50674105
441 0.57221270
442 0.58159259
443 0.57715496
444 0.50554204
445 0.50404575
446 0.43387023
447 0.47052265
448 0.41380271
449 0.44349224
450 0.41633495
451 0.38992788
452 0.49769306
453 0.39574435
454 0.42156916
455 0.31721879
456 0.53315938
457 0.45496912
458 0.47491325
459 0.48893794
460 0.48529305
461 0.52622377
462 0.58159259
463 0.53744533
464 0.52933046
465 0.44817362
466 0.48481437
467 0.54456471
468 0.44714220
469 0.44958046
470 0.48527742
471 0.45745117
472 0.53862822
473 0.48757900
474 0.48591476
475 0.43616797
476 0.44521376
477 0.46618729
478 0.49375651
479 0.42309193
480 0.48037284
481 0.48958411
482 0.57073798
483 0.53744533
484 0.50117470
485 0.49766705
486 0.44229612
487 0.42267188
488 0.41025289
489 0.47851371
490 0.50503760
491 0.45317335
492 0.47023134
493 0.44836409
494 0.45787856
495 0.43415967
496 0.43025656
497 0.42501329
498 0.43171933
499 0.47865347
500 0.40849688
501 0.43507957
502 0.39794459
503 0.44308702
504 0.50117470
505 0.44477495
506 0.43096821
507 0.38935845
508 0.38192462
509 0.46858006
510 0.52353959
511 0.36089533
512 0.39330321
513 0.33728041
514 0.33243486
515 0.39823955
516 0.36780785
517 0.30340865
518 0.40465612
519 0.42716054
520 0.34101007
521 0.32864424
522 0.36451036
523 0.33615720
524 0.43810051
525 0.44477495
526 0.47332325
527 0.47467628
528 0.45675001
529 0.29938310
530 0.34088497
531 0.42597886
532 0.42612056
533 0.26798884
534 0.35851376
535 0.38693227
536 0.34689323
537 0.39443534
538 0.36151377
539 0.36580330
540 0.33923792
541 0.42822087
542 0.41187627
543 0.37998947
544 0.44553486
545 0.53729950
546 0.47332325
547 0.65047203
548 0.63573837
549 0.51648867
550 0.50342526
551 0.54486645
552 0.48372744
553 0.51854403
554 0.43256616
555 0.42796159
556 0.47875407
557 0.55931320
558 0.45315474
559 0.45433642
560 0.52920301
561 0.54476854
562 0.46223065
563 0.54311389
564 0.56543183
565 0.55639072
566 0.55738162
567 0.65047203
568 0.69183747
569 0.57489799
570 0.68863043
571 0.59313335
572 0.61452837
573 0.49567958
574 0.57226197
575 0.62289943
576 0.54707704
577 0.53897839
578 0.53175290
579 0.52169618
580 0.58875388
581 0.54474626
582 0.44121993
583 0.50930897
584 0.56953946
585 0.51383818
586 0.56352778
587 0.58434376
588 0.69183747
589 0.57135133
590 0.54996521
591 0.57505597
592 0.52287437
593 0.50537726
594 0.41546552
595 0.42646435
596 0.41848560
597 0.45913657
598 0.47996758
599 0.41728138
600 0.48784588
601 0.43882592
602 0.45370692
603 0.35322229
604 0.47634679
605 0.46422459
606 0.54525775
607 0.50640591
608 0.64235959
609 0.57135133
610 0.64352552
611 0.63443772
612 0.57128043
613 0.56780998
614 0.54975245
615 0.60136364
616 0.50897685
617 0.51323298
618 0.47359431
619 0.41910807
620 0.50716897
621 0.48164825
622 0.49253735
623 0.54410348
624 0.42512566
625 0.51646191
626 0.61389827
627 0.57641683
628 0.55738538
629 0.65864968
630 0.64352552
631 0.70249998
632 0.62017327
633 0.56222373
634 0.55178590
635 0.54037926
636 0.49382254
637 0.48536396
638 0.41996927
639 0.45485328
640 0.51741132
641 0.55389476
642 0.46844029
643 0.57767212
644 0.51602552
645 0.44110320
646 0.52267022
647 0.51439040
648 0.55202511
649 0.60220010
650 0.65168353
651 0.70249998
652 0.57776198
653 0.51996304
654 0.47429806
655 0.43987942
656 0.38153041
657 0.46766585
658 0.45248840
659 0.40481310
660 0.37174126
661 0.38930581
662 0.37779390
663 0.47801492
664 0.34545263
665 0.35980752
666 0.40381844
667 0.42121556
668 0.42120057
669 0.45109903
670 0.53025997
671 0.58387272
672 0.57776198
673 0.59030362
674 0.48135530
675 0.43136500
676 0.43851960
677 0.49791303
678 0.45070286
679 0.38954448
680 0.42716988
681 0.42002249
682 0.43531248
683 0.48127032
684 0.37555688
685 0.34738095
686 0.41176702
687 0.42087494
688 0.44671220
689 0.42214425
690 0.42324632
691 0.47735717
692 0.51703264
693 0.59030362
694 0.57545500
695 0.54310522
696 0.55867592
697 0.45647953
698 0.46832415
699 0.45449425
700 0.47908603
701 0.39836506
702 0.54039714
703 0.44529178
704 0.41688347
705 0.34680335
706 0.38768369
707 0.38167171
708 0.43313734
709 0.41144468
710 0.46365766
711 0.51387180
712 0.52162902
713 0.44300034
714 0.57545500
715 0.47264863
716 0.48975038
717 0.42316307
718 0.52074638
719 0.42254227
720 0.44780843
721 0.50686007
722 0.48107926
723 0.34849777
724 0.43406056
725 0.43141112
726 0.41901266
727 0.35013061
728 0.36709558
729 0.46994548
730 0.44088559
731 0.49382684
732 0.42635249
733 0.41340686
734 0.47176884
735 0.47264863
736 0.41640681
737 0.49671341
738 0.43065792
739 0.35997201
740 0.37698772
741 0.37498743
742 0.35005024
743 0.34138908
744 0.31332249
745 0.41238718
746 0.33824825
747 0.31370914
748 0.43167634
749 0.35445289
750 0.36901862
751 0.32574844
752 0.33153983
753 0.44186893
754 0.43690091
755 0.35884745
756 0.41640681
757 0.52305185
758 0.52605959
759 0.52772189
760 0.45687159
761 0.46849333
762 0.36981541
763 0.37038902
764 0.40897123
765 0.42481349
766 0.45548720
767 0.39609792
768 0.44602269
769 0.49466434
770 0.40423439
771 0.40250939
772 0.52217726
773 0.42699927
774 0.42592700
775 0.50763951
776 0.49211751
777 0.52305185
778 0.55185376
779 0.54227666
780 0.55411275
781 0.56723757
782 0.42890368
783 0.44640997
784 0.45342686
785 0.48404909
786 0.45640106
787 0.46699189
788 0.48693110
789 0.40966990
790 0.42170465
791 0.49262688
792 0.49046657
793 0.45916424
794 0.43259866
795 0.53751764
796 0.54922347
797 0.49964049
798 0.55185376
799 0.51077590
800 0.47967853
801 0.44569967
802 0.41215652
803 0.31754503
804 0.35199741
805 0.40366892
806 0.33607403
807 0.31090363
808 0.40334240
809 0.35299282
810 0.33827756
811 0.36573703
812 0.31782061
813 0.38034999
814 0.36200116
815 0.36816348
816 0.41777530
817 0.41908980
818 0.45817804
819 0.51077590
820 0.62959569
821 0.56008307
822 0.53489700
823 0.50150077
824 0.48094042
825 0.49944707
826 0.51769897
827 0.35961829
828 0.46811105
829 0.42047841
830 0.45301007
831 0.50500575
832 0.44667431
833 0.48577902
834 0.49241324
835 0.50570104
836 0.58949141
837 0.53293277
838 0.50487063
839 0.56089748
840 0.62959569
841 0.65992992
842 0.60000823
843 0.58926799
844 0.54810849
845 0.52280625
846 0.53915142
847 0.45125890
848 0.47467108
849 0.49702294
850 0.44886724
851 0.53833917
852 0.41021714
853 0.45195103
854 0.51321950
855 0.48838949
856 0.48143551
857 0.57213207
858 0.59805849
859 0.52921243
860 0.63883581
861 0.65992992
862 0.68363802
863 0.70516084
864 0.65024541
865 0.58136153
866 0.55412695
867 0.53678814
868 0.53201695
869 0.53172783
870 0.44679970
871 0.49568276
872 0.44557259
873 0.49128346
874 0.53616156
875 0.35788691
876 0.49319324
877 0.48910179
878 0.51229956
879 0.54178669
880 0.60970362
881 0.64163767
882 0.68363802
883 0.71483134
884 0.66566046
885 0.57140934
886 0.56078616
887 0.59420137
888 0.50636220
889 0.57589416
890 0.46640946
891 0.48741034
892 0.49393266
893 0.44635748
894 0.40875133
895 0.50843539
896 0.45554294
897 0.49482272
898 0.45772206
899 0.58910648
900 0.59452746
901 0.62316672
902 0.66569491
903 0.71483134
904 0.67236947
905 0.67695890
906 0.52059399
907 0.50238450
908 0.51712643
909 0.47386328
910 0.48493464
911 0.46401802
912 0.42180449
913 0.45946643
914 0.46077762
915 0.45115277
916 0.47993129
917 0.37051283
918 0.54401384
919 0.45649097
920 0.42366822
921 0.54889868
922 0.55898109
923 0.59401442
924 0.67236947
925 0.62963160
926 0.52086226
927 0.58726564
928 0.51700084
929 0.48598546
930 0.56533224
931 0.46373891
932 0.41661098
933 0.45986056
934 0.49409917
935 0.47524261
936 0.35497760
937 0.51188974
938 0.43216359
939 0.41398827
940 0.54895859
941 0.49892414
942 0.53427529
943 0.46874889
944 0.61076994
945 0.62963160
946 0.64398157
947 0.62560971
948 0.63106505
949 0.57400596
950 0.53739580
951 0.50297619
952 0.52095692
953 0.43090895
954 0.49920881
955 0.48018058
956 0.50630762
957 0.48499245
958 0.38528953
959 0.50260730
960 0.55339937
961 0.47576333
962 0.53843114
963 0.54146345
964 0.59776028
965 0.63965204
966 0.64398157
967 0.55453442
968 0.54081864
969 0.53076986
970 0.44181169
971 0.39794613
972 0.39379847
973 0.40096881
974 0.43292759
975 0.36689376
976 0.40678328
977 0.36447620
978 0.47500919
979 0.39532724
980 0.44372411
981 0.41960663
982 0.43250162
983 0.44926041
984 0.51921808
985 0.52432505
986 0.53329854
987 0.55453442
988 0.53421216
989 0.49652308
990 0.44053297
991 0.40116158
992 0.40534661
993 0.38466113
994 0.45165900
995 0.39118756
996 0.51825717
997 0.40397252
998 0.35862786
999 0.40808540
1000 0.37964274
1001 0.35944399
1002 0.36264761
1003 0.55473987
1004 0.35930790
1005 0.46804412
1006 0.44146277
1007 0.52643371
1008 0.53421216
1009 0.50143953
1010 0.54310823
1011 0.54734080
1012 0.51009415
1013 0.44314480
1014 0.43798977
1015 0.43121936
1016 0.48045330
1017 0.43851019
1018 0.35678237
1019 0.40272839
1020 0.41676045
1021 0.52403569
1022 0.44940806
1023 0.42713912
1024 0.42265120
1025 0.49092302
1026 0.50479324
1027 0.56147453
1028 0.51058510
1029 0.50143953
1030 0.60403189
1031 0.56425817
1032 0.53094812
1033 0.52392233
1034 0.53954933
1035 0.51763340
1036 0.47583045
1037 0.48261736
1038 0.50188742
1039 0.43845792
1040 0.43371894
1041 0.45107240
1042 0.47073956
1043 0.47610504
1044 0.55054449
1045 0.53377775
1046 0.57261480
1047 0.48382486
1048 0.53674839
1049 0.65309462
1050 0.60403189
1051 0.57617836
1052 0.55996222
1053 0.54812563
1054 0.56127956
1055 0.58706230
1056 0.56759978
1057 0.49569189
1058 0.49846975
1059 0.48209781
1060 0.49402232
1061 0.39391481
1062 0.52432870
1063 0.46014412
1064 0.41682060
1065 0.46800400
1066 0.50699358
1067 0.47411055
1068 0.57417929
1069 0.58344986
1070 0.55849790
1071 0.57617836
1072 0.68438543
1073 0.69914036
1074 0.67574532
1075 0.67688352
1076 0.51608560
1077 0.55289925
1078 0.47788434
1079 0.47597097
1080 0.43720918
1081 0.52318664
1082 0.55099144
1083 0.47868696
1084 0.51832274
1085 0.45827035
1086 0.53734083
1087 0.50465514
1088 0.53194242
1089 0.60121956
1090 0.70128606
1091 0.61131249
1092 0.68438543
1093 0.67427238
1094 0.67949556
1095 0.64925618
1096 0.53258702
1097 0.47769142
1098 0.52776559
1099 0.48210995
1100 0.49301705
1101 0.46527266
1102 0.45697666
1103 0.46096732
1104 0.47025778
1105 0.49188913
1106 0.45466613
1107 0.44809568
1108 0.53910322
1109 0.55730041
1110 0.56425439
1111 0.57474825
1112 0.70678495
1113 0.67427238
1114 0.70940594
1115 0.61990159
1116 0.61815168
1117 0.65328830
1118 0.57912028
1119 0.52118532
1120 0.50265799
1121 0.45595779
1122 0.43186431
1123 0.46249185
1124 0.40634015
1125 0.46921183
1126 0.45343406
1127 0.47584700
1128 0.52153133
1129 0.50537423
1130 0.52455908
1131 0.56588965
1132 0.60588598
1133 0.62010228
1134 0.70940594
1135 0.80398448
1136 0.75382422
1137 0.72340647
1138 0.66269389
1139 0.55365513
1140 0.56994373
1141 0.51802195
1142 0.62960540
1143 0.56160285
1144 0.53432331
1145 0.47443248
1146 0.52876349
1147 0.54756202
1148 0.53670002
1149 0.66378986
1150 0.67423557
1151 0.61074755
1152 0.62993337
1153 0.72809067
1154 0.79993632
1155 0.80398448
1156 0.82778443
1157 0.62186437
1158 0.65198163
1159 0.61241283
1160 0.46065827
1161 0.56232625
1162 0.53420092
1163 0.50262295
1164 0.51365835
1165 0.47733029
1166 0.46982454
1167 0.47766072
1168 0.43837278
1169 0.47310888
1170 0.50000592
1171 0.50831598
1172 0.57582910
1173 0.59153679
1174 0.63809618
1175 0.66230907
1176 0.82778443
1177 0.70909571
1178 0.68896896
1179 0.59808159
1180 0.48020629
1181 0.50600544
1182 0.41985351
1183 0.57662670
1184 0.46948922
1185 0.50347668
1186 0.40132594
1187 0.41481493
1188 0.45392669
1189 0.51739224
1190 0.32663344
1191 0.51665505
1192 0.53907696
1193 0.47236559
1194 0.49829507
1195 0.61411411
1196 0.61772440
1197 0.70909571
1198 0.62992199
1199 0.59576663
1200 0.56151875
1201 0.52403068
1202 0.46899646
1203 0.43793766
1204 0.43338126
1205 0.43975000
1206 0.38459012
1207 0.44093787
1208 0.45438651
1209 0.41204362
1210 0.47731121
1211 0.36593657
1212 0.44561288
1213 0.43725020
1214 0.46998446
1215 0.54565768
1216 0.51427431
1217 0.66405575
1218 0.62992199
1219 0.67640669
1220 0.52811746
1221 0.49371290
1222 0.51376214
1223 0.47230486
1224 0.46888556
1225 0.49507219
1226 0.46376243
1227 0.42568637
1228 0.43460235
1229 0.40857564
1230 0.43116784
1231 0.46689434
1232 0.40016468
1233 0.45525975
1234 0.48776627
1235 0.41576206
1236 0.46087199
1237 0.51829031
1238 0.61377368
1239 0.67640669
1240 0.55428922
1241 0.52444320
1242 0.53529027
1243 0.43848285
1244 0.48263453
1245 0.40377710
1246 0.39110487
1247 0.35558502
1248 0.45090456
1249 0.37921124
1250 0.29332930
1251 0.38790726
1252 0.41329912
1253 0.44536104
1254 0.40311615
1255 0.35554617
1256 0.47475166
1257 0.49412581
1258 0.51063206
1259 0.51199359
1260 0.55428922
1261 0.58373998
1262 0.58671430
1263 0.60788324
1264 0.54260434
1265 0.46082415
1266 0.49908949
1267 0.55185319
1268 0.48020075
1269 0.50508992
1270 0.45733733
1271 0.48635351
1272 0.49171337
1273 0.47002516
1274 0.44096203
1275 0.52140929
1276 0.48755339
1277 0.48816446
1278 0.53733439
1279 0.56141948
1280 0.59354451
1281 0.58373998
1282 0.71034115
1283 0.66132638
1284 0.63405533
1285 0.65180904
1286 0.54883556
1287 0.52902333
1288 0.64593165
1289 0.55725464
1290 0.54345353
1291 0.48654295
1292 0.54902981
1293 0.47439804
1294 0.48215513
1295 0.54691153
1296 0.57855577
1297 0.56692383
1298 0.52783726
1299 0.54960615
1300 0.61388215
1301 0.64439519
1302 0.71034115
1303 0.66519712
1304 0.58978348
1305 0.57694870
1306 0.54407139
1307 0.52057594
1308 0.45626526
1309 0.49708915
1310 0.52477943
1311 0.52522632
1312 0.46892664
1313 0.44167843
1314 0.43928084
1315 0.38253252
1316 0.50657410
1317 0.52260369
1318 0.45565303
1319 0.54459320
1320 0.53910166
1321 0.63095158
1322 0.53927378
1323 0.66519712
1324 0.75974744
1325 0.62605267
1326 0.66356577
1327 0.63363137
1328 0.56080505
1329 0.53832719
1330 0.48179874
1331 0.54400272
1332 0.53664604
1333 0.44913014
1334 0.42109768
1335 0.47825081
1336 0.48102752
1337 0.54068267
1338 0.49647731
1339 0.50261871
1340 0.56653723
1341 0.59213746
1342 0.60481365
1343 0.63480904
1344 0.75974744
1345 0.81924577
1346 0.71249015
1347 0.56443841
1348 0.58795277
1349 0.47563357
1350 0.67573902
1351 0.59043650
1352 0.52317318
1353 0.51739299
1354 0.48545000
1355 0.49500221
1356 0.52678397
1357 0.49661844
1358 0.48975801
1359 0.52922063
1360 0.57511035
1361 0.56068463
1362 0.55029506
1363 0.64383702
1364 0.79879404
1365 0.81924577
1366 0.90763561
1367 0.70210701
1368 0.79027243
1369 0.66682745
1370 0.70840318
1371 0.58712094
1372 0.55614705
1373 0.56878521
1374 0.63942768
1375 0.54574030
1376 0.57091170
1377 0.54692590
1378 0.59423881
1379 0.68283233
1380 0.53350188
1381 0.59943313
1382 0.62488841
1383 0.68183617
1384 0.69467987
1385 0.73444674
1386 0.90763561
1387 0.92023130
1388 0.75075029
1389 0.79517784
1390 0.68772548
1391 0.63876402
1392 0.59581224
1393 0.71685971
1394 0.55929184
1395 0.57985797
1396 0.61095598
1397 0.64726009
1398 0.56317095
1399 0.63219213
1400 0.62444589
1401 0.67587792
1402 0.61537920
1403 0.67879181
1404 0.75082049
1405 0.71714679
1406 0.77622060
1407 0.92023130
1408 0.86485268
1409 0.73693976
1410 0.69668312
1411 0.59456849
1412 0.61039390
1413 0.53300863
1414 0.53325259
1415 0.52461381
1416 0.49863005
1417 0.56888204
1418 0.52352717
1419 0.48250500
1420 0.52710019
1421 0.45241352
1422 0.52650208
1423 0.59789568
1424 0.51196547
1425 0.67516058
1426 0.69702625
1427 0.71321873
1428 0.86485268
1429 0.76527033
1430 0.72043592
1431 0.63938183
1432 0.60403650
1433 0.54587499
1434 0.51590651
1435 0.51152301
1436 0.50755054
1437 0.48265972
1438 0.49271914
1439 0.41400772
1440 0.50537890
1441 0.53595415
1442 0.50492166
1443 0.51256099
1444 0.54776967
1445 0.63106733
1446 0.63916984
1447 0.68099929
1448 0.73241420
1449 0.76527033
1450 0.62233264
1451 0.54911313
1452 0.54881032
1453 0.43253738
1454 0.43912881
1455 0.40916587
1456 0.41469733
1457 0.38648765
1458 0.43049288
1459 0.38926383
1460 0.38515068
1461 0.37068785
1462 0.38447621
1463 0.41580882
1464 0.42927217
1465 0.45061595
1466 0.41634248
1467 0.47679119
1468 0.56032624
1469 0.56410908
1470 0.62233264
1471 0.66434478
1472 0.51976893
1473 0.54963646
1474 0.46381156
1475 0.46164693
1476 0.45707849
1477 0.42903934
1478 0.43314416
1479 0.37834331
1480 0.43491240
1481 0.34909081
1482 0.38011538
1483 0.39231838
1484 0.38841201
1485 0.36082289
1486 0.49283734
1487 0.47415509
1488 0.49344058
1489 0.45414453
1490 0.53064014
1491 0.66434478
1492 0.57749475
1493 0.54870745
1494 0.52997594
1495 0.40062711
1496 0.42462381
1497 0.39060388
1498 0.44991854
1499 0.50360170
1500 0.46944547
1501 0.35377077
1502 0.36715042
1503 0.37908201
1504 0.45619607
1505 0.42786350
1506 0.45194825
1507 0.49254843
1508 0.47464852
1509 0.52025773
1510 0.40211217
1511 0.53362752
1512 0.57749475
1513 0.73576513
1514 0.64699974
1515 0.69663488
1516 0.55895459
1517 0.61717151
1518 0.58535298
1519 0.54443675
1520 0.53854840
1521 0.43829863
1522 0.51352737
1523 0.52901565
1524 0.56589838
1525 0.61167861
1526 0.48846822
1527 0.53236266
1528 0.59284278
1529 0.57400470
1530 0.62093058
1531 0.68447730
1532 0.58983658
1533 0.73576513
1534 0.64551526
1535 0.60412852
1536 0.50697430
1537 0.51953709
1538 0.49120988
1539 0.50893008
1540 0.47984593
1541 0.46890988
1542 0.50469131
1543 0.43457010
1544 0.46396586
1545 0.45753208
1546 0.46987257
1547 0.42292976
1548 0.52304854
1549 0.54037310
1550 0.51223669
1551 0.53667890
1552 0.56565186
1553 0.56144091
1554 0.64551526
1555 0.64162123
1556 0.71097899
1557 0.57594278
1558 0.55991962
1559 0.52511234
1560 0.46228220
1561 0.55859376
1562 0.50629660
1563 0.52460774
1564 0.49364047
1565 0.51056870
1566 0.51935170
1567 0.45655341
1568 0.43804314
1569 0.51384312
1570 0.55118776
1571 0.49953108
1572 0.58666485
1573 0.68161227
1574 0.69523779
1575 0.64162123
1576 0.70748249
1577 0.70433724
1578 0.60456670
1579 0.62698361
1580 0.56717843
1581 0.52177034
1582 0.57789063
1583 0.48101214
1584 0.50543334
1585 0.51541345
1586 0.45322808
1587 0.49271831
1588 0.51173039
1589 0.40345893
1590 0.55512992
1591 0.57220708
1592 0.52187977
1593 0.52096594
1594 0.59944759
1595 0.65962294
1596 0.70748249
1597 0.76046353
1598 0.69193935
1599 0.71475441
1600 0.61814462
1601 0.65027590
1602 0.55831098
1603 0.50335050
1604 0.48749785
1605 0.51249546
1606 0.50228399
1607 0.51198566
1608 0.48189202
1609 0.48542848
1610 0.54814405
1611 0.54427284
1612 0.54628183
1613 0.51442306
1614 0.66219341
1615 0.74429576
1616 0.72775873
1617 0.76046353
1618 0.85913024
1619 0.70331250
1620 0.65836900
1621 0.54544915
1622 0.54524330
1623 0.52679479
1624 0.53001003
1625 0.49138281
1626 0.48637375
1627 0.45672182
1628 0.47430846
1629 0.44089240
1630 0.47203962
1631 0.57792972
1632 0.49164458
1633 0.53083421
1634 0.53647017
1635 0.59718244
1636 0.69301234
1637 0.75742828
1638 0.85913024
1639 0.85283923
1640 0.74308737
1641 0.65923603
1642 0.70940586
1643 0.57112379
1644 0.59248492
1645 0.52065009
1646 0.47475996
1647 0.56501728
1648 0.44172604
1649 0.67885431
1650 0.54857156
1651 0.49982830
1652 0.59248015
1653 0.65009230
1654 0.65984545
1655 0.63663580
1656 0.63864279
1657 0.77453233
1658 0.68513524
1659 0.85283923
1660 0.85913024
1661 0.70331250
1662 0.65836900
1663 0.54544915
1664 0.54524330
1665 0.52679479
1666 0.53001003
1667 0.49138281
1668 0.48637375
1669 0.45672182
1670 0.47430846
1671 0.44089240
1672 0.47203962
1673 0.57792972
1674 0.49164458
1675 0.53083421
1676 0.53647017
1677 0.59718244
1678 0.69301234
1679 0.75742828
1680 0.85913024
1681 0.76046353
1682 0.69193935
1683 0.71475441
1684 0.61814462
1685 0.65027590
1686 0.55831098
1687 0.50335050
1688 0.48749785
1689 0.51249546
1690 0.50228399
1691 0.51198566
1692 0.48189202
1693 0.48542848
1694 0.54814405
1695 0.54427284
1696 0.54628183
1697 0.51442306
1698 0.66219341
1699 0.74429576
1700 0.72775873
1701 0.76046353
1702 0.70748249
1703 0.70433724
1704 0.60456670
1705 0.62698361
1706 0.56717843
1707 0.52177034
1708 0.57789063
1709 0.48101214
1710 0.50543334
1711 0.51541345
1712 0.45322808
1713 0.49271831
1714 0.51173039
1715 0.40345893
1716 0.55512992
1717 0.57220708
1718 0.52187977
1719 0.52096594
1720 0.59944759
1721 0.65962294
1722 0.70748249
1723 0.64162123
1724 0.71097899
1725 0.57594278
1726 0.55991962
1727 0.52511234
1728 0.46228220
1729 0.55859376
1730 0.50629660
1731 0.52460774
1732 0.49364047
1733 0.51056870
1734 0.51935170
1735 0.45655341
1736 0.43804314
1737 0.51384312
1738 0.55118776
1739 0.49953108
1740 0.58666485
1741 0.68161227
1742 0.69523779
1743 0.64162123
1744 0.64551526
1745 0.60412852
1746 0.50697430
1747 0.51953709
1748 0.49120988
1749 0.50893008
1750 0.47984593
1751 0.46890988
1752 0.50469131
1753 0.43457010
1754 0.46396586
1755 0.45753208
1756 0.46987257
1757 0.42292976
1758 0.52304854
1759 0.54037310
1760 0.51223669
1761 0.53667890
1762 0.56565186
1763 0.56144091
1764 0.64551526
1765 0.58373998
1766 0.58671430
1767 0.60788324
1768 0.54260434
1769 0.46082415
1770 0.49908949
1771 0.55185319
1772 0.48020075
1773 0.50508992
1774 0.45733733
1775 0.48635351
1776 0.49171337
1777 0.47002516
1778 0.44096203
1779 0.52140929
1780 0.48755339
1781 0.48816446
1782 0.53733439
1783 0.56141948
1784 0.59354451
1785 0.58373998
1786 0.57749475
1787 0.54870745
1788 0.52997594
1789 0.40062711
1790 0.42462381
1791 0.39060388
1792 0.44991854
1793 0.50360170
1794 0.46944547
1795 0.35377077
1796 0.36715042
1797 0.37908201
1798 0.45619607
1799 0.42786350
1800 0.45194825
1801 0.49254843
1802 0.47464852
1803 0.52025773
1804 0.40211217
1805 0.53362752
1806 0.57749475
1807 0.66434478
1808 0.51976893
1809 0.54963646
1810 0.46381156
1811 0.46164693
1812 0.45707849
1813 0.42903934
1814 0.43314416
1815 0.37834331
1816 0.43491240
1817 0.34909081
1818 0.38011538
1819 0.39231838
1820 0.38841201
1821 0.36082289
1822 0.49283734
1823 0.47415509
1824 0.49344058
1825 0.45414453
1826 0.53064014
1827 0.66434478
1828 0.62233264
1829 0.54911313
1830 0.54881032
1831 0.43253738
1832 0.43912881
1833 0.40916587
1834 0.41469733
1835 0.38648765
1836 0.43049288
1837 0.38926383
1838 0.38515068
1839 0.37068785
1840 0.38447621
1841 0.41580882
1842 0.42927217
1843 0.45061595
1844 0.41634248
1845 0.47679119
1846 0.56032624
1847 0.56410908
1848 0.62233264
1849 0.76527033
1850 0.72043592
1851 0.63938183
1852 0.60403650
1853 0.54587499
1854 0.51590651
1855 0.51152301
1856 0.50755054
1857 0.48265972
1858 0.49271914
1859 0.41400772
1860 0.50537890
1861 0.53595415
1862 0.50492166
1863 0.51256099
1864 0.54776967
1865 0.63106733
1866 0.63916984
1867 0.68099929
1868 0.73241420
1869 0.76527033
1870 0.86485268
1871 0.73693976
1872 0.69668312
1873 0.59456849
1874 0.61039390
1875 0.53300863
1876 0.53325259
1877 0.52461381
1878 0.49863005
1879 0.56888204
1880 0.52352717
1881 0.48250500
1882 0.52710019
1883 0.45241352
1884 0.52650208
1885 0.59789568
1886 0.51196547
1887 0.67516058
1888 0.69702625
1889 0.71321873
1890 0.86485268
1891 0.92023130
1892 0.75075029
1893 0.79517784
1894 0.68772548
1895 0.63876402
1896 0.59581224
1897 0.71685971
1898 0.55929184
1899 0.57985797
1900 0.61095598
1901 0.64726009
1902 0.56317095
1903 0.63219213
1904 0.62444589
1905 0.67587792
1906 0.61537920
1907 0.67879181
1908 0.75082049
1909 0.71714679
1910 0.77622060
1911 0.92023130
1912 0.90763561
1913 0.70210701
1914 0.79027243
1915 0.66682745
1916 0.70840318
1917 0.58712094
1918 0.55614705
1919 0.56878521
1920 0.63942768
1921 0.54574030
1922 0.57091170
1923 0.54692590
1924 0.59423881
1925 0.68283233
1926 0.53350188
1927 0.59943313
1928 0.62488841
1929 0.68183617
1930 0.69467987
1931 0.73444674
1932 0.90763561
1933 0.81924577
1934 0.71249015
1935 0.56443841
1936 0.58795277
1937 0.47563357
1938 0.67573902
1939 0.59043650
1940 0.52317318
1941 0.51739299
1942 0.48545000
1943 0.49500221
1944 0.52678397
1945 0.49661844
1946 0.48975801
1947 0.52922063
1948 0.57511035
1949 0.56068463
1950 0.55029506
1951 0.64383702
1952 0.79879404
1953 0.81924577
1954 0.75974744
1955 0.62605267
1956 0.66356577
1957 0.63363137
1958 0.56080505
1959 0.53832719
1960 0.48179874
1961 0.54400272
1962 0.53664604
1963 0.44913014
1964 0.42109768
1965 0.47825081
1966 0.48102752
1967 0.54068267
1968 0.49647731
1969 0.50261871
1970 0.56653723
1971 0.59213746
1972 0.60481365
1973 0.63480904
1974 0.75974744
1975 0.66519712
1976 0.58978348
1977 0.57694870
1978 0.54407139
1979 0.52057594
1980 0.45626526
1981 0.49708915
1982 0.52477943
1983 0.52522632
1984 0.46892664
1985 0.44167843
1986 0.43928084
1987 0.38253252
1988 0.50657410
1989 0.52260369
1990 0.45565303
1991 0.54459320
1992 0.53910166
1993 0.63095158
1994 0.53927378
1995 0.66519712
1996 0.71034115
1997 0.66132638
1998 0.63405533
1999 0.65180904
2000 0.54883556
2001 0.52902333
2002 0.64593165
2003 0.55725464
2004 0.54345353
2005 0.48654295
2006 0.54902981
2007 0.47439804
2008 0.48215513
2009 0.54691153
2010 0.57855577
2011 0.56692383
2012 0.52783726
2013 0.54960615
2014 0.61388215
2015 0.64439519
2016 0.71034115
2017 0.50143953
2018 0.54310823
2019 0.54734080
2020 0.51009415
2021 0.44314480
2022 0.43798977
2023 0.43121936
2024 0.48045330
2025 0.43851019
2026 0.35678237
2027 0.40272839
2028 0.41676045
2029 0.52403569
2030 0.44940806
2031 0.42713912
2032 0.42265120
2033 0.49092302
2034 0.50479324
2035 0.56147453
2036 0.51058510
2037 0.50143953
2038 0.55428922
2039 0.52444320
2040 0.53529027
2041 0.43848285
2042 0.48263453
2043 0.40377710
2044 0.39110487
2045 0.35558502
2046 0.45090456
2047 0.37921124
2048 0.29332930
2049 0.38790726
2050 0.41329912
2051 0.44536104
2052 0.40311615
2053 0.35554617
2054 0.47475166
2055 0.49412581
2056 0.51063206
2057 0.51199359
2058 0.55428922
2059 0.67640669
2060 0.52811746
2061 0.49371290
2062 0.51376214
2063 0.47230486
2064 0.46888556
2065 0.49507219
2066 0.46376243
2067 0.42568637
2068 0.43460235
2069 0.40857564
2070 0.43116784
2071 0.46689434
2072 0.40016468
2073 0.45525975
2074 0.48776627
2075 0.41576206
2076 0.46087199
2077 0.51829031
2078 0.61377368
2079 0.67640669
2080 0.62992199
2081 0.59576663
2082 0.56151875
2083 0.52403068
2084 0.46899646
2085 0.43793766
2086 0.43338126
2087 0.43975000
2088 0.38459012
2089 0.44093787
2090 0.45438651
2091 0.41204362
2092 0.47731121
2093 0.36593657
2094 0.44561288
2095 0.43725020
2096 0.46998446
2097 0.54565768
2098 0.51427431
2099 0.66405575
2100 0.62992199
2101 0.70909571
2102 0.68896896
2103 0.59808159
2104 0.48020629
2105 0.50600544
2106 0.41985351
2107 0.57662670
2108 0.46948922
2109 0.50347668
2110 0.40132594
2111 0.41481493
2112 0.45392669
2113 0.51739224
2114 0.32663344
2115 0.51665505
2116 0.53907696
2117 0.47236559
2118 0.49829507
2119 0.61411411
2120 0.61772440
2121 0.70909571
2122 0.82778443
2123 0.62186437
2124 0.65198163
2125 0.61241283
2126 0.46065827
2127 0.56232625
2128 0.53420092
2129 0.50262295
2130 0.51365835
2131 0.47733029
2132 0.46982454
2133 0.47766072
2134 0.43837278
2135 0.47310888
2136 0.50000592
2137 0.50831598
2138 0.57582910
2139 0.59153679
2140 0.63809618
2141 0.66230907
2142 0.82778443
2143 0.80398448
2144 0.75382422
2145 0.72340647
2146 0.66269389
2147 0.55365513
2148 0.56994373
2149 0.51802195
2150 0.62960540
2151 0.56160285
2152 0.53432331
2153 0.47443248
2154 0.52876349
2155 0.54756202
2156 0.53670002
2157 0.66378986
2158 0.67423557
2159 0.61074755
2160 0.62993337
2161 0.72809067
2162 0.79993632
2163 0.80398448
2164 0.70940594
2165 0.61990159
2166 0.61815168
2167 0.65328830
2168 0.57912028
2169 0.52118532
2170 0.50265799
2171 0.45595779
2172 0.43186431
2173 0.46249185
2174 0.40634015
2175 0.46921183
2176 0.45343406
2177 0.47584700
2178 0.52153133
2179 0.50537423
2180 0.52455908
2181 0.56588965
2182 0.60588598
2183 0.62010228
2184 0.70940594
2185 0.67427238
2186 0.67949556
2187 0.64925618
2188 0.53258702
2189 0.47769142
2190 0.52776559
2191 0.48210995
2192 0.49301705
2193 0.46527266
2194 0.45697666
2195 0.46096732
2196 0.47025778
2197 0.49188913
2198 0.45466613
2199 0.44809568
2200 0.53910322
2201 0.55730041
2202 0.56425439
2203 0.57474825
2204 0.70678495
2205 0.67427238
2206 0.68438543
2207 0.69914036
2208 0.67574532
2209 0.67688352
2210 0.51608560
2211 0.55289925
2212 0.47788434
2213 0.47597097
2214 0.43720918
2215 0.52318664
2216 0.55099144
2217 0.47868696
2218 0.51832274
2219 0.45827035
2220 0.53734083
2221 0.50465514
2222 0.53194242
2223 0.60121956
2224 0.70128606
2225 0.61131249
2226 0.68438543
2227 0.57617836
2228 0.55996222
2229 0.54812563
2230 0.56127956
2231 0.58706230
2232 0.56759978
2233 0.49569189
2234 0.49846975
2235 0.48209781
2236 0.49402232
2237 0.39391481
2238 0.52432870
2239 0.46014412
2240 0.41682060
2241 0.46800400
2242 0.50699358
2243 0.47411055
2244 0.57417929
2245 0.58344986
2246 0.55849790
2247 0.57617836
2248 0.60403189
2249 0.56425817
2250 0.53094812
2251 0.52392233
2252 0.53954933
2253 0.51763340
2254 0.47583045
2255 0.48261736
2256 0.50188742
2257 0.43845792
2258 0.43371894
2259 0.45107240
2260 0.47073956
2261 0.47610504
2262 0.55054449
2263 0.53377775
2264 0.57261480
2265 0.48382486
2266 0.53674839
2267 0.65309462
2268 0.60403189
2269 0.52305185
2270 0.52605959
2271 0.52772189
2272 0.45687159
2273 0.46849333
2274 0.36981541
2275 0.37038902
2276 0.40897123
2277 0.42481349
2278 0.45548720
2279 0.39609792
2280 0.44602269
2281 0.49466434
2282 0.40423439
2283 0.40250939
2284 0.52217726
2285 0.42699927
2286 0.42592700
2287 0.50763951
2288 0.49211751
2289 0.52305185
2290 0.53421216
2291 0.49652308
2292 0.44053297
2293 0.40116158
2294 0.40534661
2295 0.38466113
2296 0.45165900
2297 0.39118756
2298 0.51825717
2299 0.40397252
2300 0.35862786
2301 0.40808540
2302 0.37964274
2303 0.35944399
2304 0.36264761
2305 0.55473987
2306 0.35930790
2307 0.46804412
2308 0.44146277
2309 0.52643371
2310 0.53421216
2311 0.55453442
2312 0.54081864
2313 0.53076986
2314 0.44181169
2315 0.39794613
2316 0.39379847
2317 0.40096881
2318 0.43292759
2319 0.36689376
2320 0.40678328
2321 0.36447620
2322 0.47500919
2323 0.39532724
2324 0.44372411
2325 0.41960663
2326 0.43250162
2327 0.44926041
2328 0.51921808
2329 0.52432505
2330 0.53329854
2331 0.55453442
2332 0.64398157
2333 0.62560971
2334 0.63106505
2335 0.57400596
2336 0.53739580
2337 0.50297619
2338 0.52095692
2339 0.43090895
2340 0.49920881
2341 0.48018058
2342 0.50630762
2343 0.48499245
2344 0.38528953
2345 0.50260730
2346 0.55339937
2347 0.47576333
2348 0.53843114
2349 0.54146345
2350 0.59776028
2351 0.63965204
2352 0.64398157
2353 0.62963160
2354 0.52086226
2355 0.58726564
2356 0.51700084
2357 0.48598546
2358 0.56533224
2359 0.46373891
2360 0.41661098
2361 0.45986056
2362 0.49409917
2363 0.47524261
2364 0.35497760
2365 0.51188974
2366 0.43216359
2367 0.41398827
2368 0.54895859
2369 0.49892414
2370 0.53427529
2371 0.46874889
2372 0.61076994
2373 0.62963160
2374 0.67236947
2375 0.67695890
2376 0.52059399
2377 0.50238450
2378 0.51712643
2379 0.47386328
2380 0.48493464
2381 0.46401802
2382 0.42180449
2383 0.45946643
2384 0.46077762
2385 0.45115277
2386 0.47993129
2387 0.37051283
2388 0.54401384
2389 0.45649097
2390 0.42366822
2391 0.54889868
2392 0.55898109
2393 0.59401442
2394 0.67236947
2395 0.71483134
2396 0.66566046
2397 0.57140934
2398 0.56078616
2399 0.59420137
2400 0.50636220
2401 0.57589416
2402 0.46640946
2403 0.48741034
2404 0.49393266
2405 0.44635748
2406 0.40875133
2407 0.50843539
2408 0.45554294
2409 0.49482272
2410 0.45772206
2411 0.58910648
2412 0.59452746
2413 0.62316672
2414 0.66569491
2415 0.71483134
2416 0.68363802
2417 0.70516084
2418 0.65024541
2419 0.58136153
2420 0.55412695
2421 0.53678814
2422 0.53201695
2423 0.53172783
2424 0.44679970
2425 0.49568276
2426 0.44557259
2427 0.49128346
2428 0.53616156
2429 0.35788691
2430 0.49319324
2431 0.48910179
2432 0.51229956
2433 0.54178669
2434 0.60970362
2435 0.64163767
2436 0.68363802
2437 0.65992992
2438 0.60000823
2439 0.58926799
2440 0.54810849
2441 0.52280625
2442 0.53915142
2443 0.45125890
2444 0.47467108
2445 0.49702294
2446 0.44886724
2447 0.53833917
2448 0.41021714
2449 0.45195103
2450 0.51321950
2451 0.48838949
2452 0.48143551
2453 0.57213207
2454 0.59805849
2455 0.52921243
2456 0.63883581
2457 0.65992992
2458 0.62959569
2459 0.56008307
2460 0.53489700
2461 0.50150077
2462 0.48094042
2463 0.49944707
2464 0.51769897
2465 0.35961829
2466 0.46811105
2467 0.42047841
2468 0.45301007
2469 0.50500575
2470 0.44667431
2471 0.48577902
2472 0.49241324
2473 0.50570104
2474 0.58949141
2475 0.53293277
2476 0.50487063
2477 0.56089748
2478 0.62959569
2479 0.51077590
2480 0.47967853
2481 0.44569967
2482 0.41215652
2483 0.31754503
2484 0.35199741
2485 0.40366892
2486 0.33607403
2487 0.31090363
2488 0.40334240
2489 0.35299282
2490 0.33827756
2491 0.36573703
2492 0.31782061
2493 0.38034999
2494 0.36200116
2495 0.36816348
2496 0.41777530
2497 0.41908980
2498 0.45817804
2499 0.51077590
2500 0.55185376
2501 0.54227666
2502 0.55411275
2503 0.56723757
2504 0.42890368
2505 0.44640997
2506 0.45342686
2507 0.48404909
2508 0.45640106
2509 0.46699189
2510 0.48693110
2511 0.40966990
2512 0.42170465
2513 0.49262688
2514 0.49046657
2515 0.45916424
2516 0.43259866
2517 0.53751764
2518 0.54922347
2519 0.49964049
2520 0.55185376
2521 0.44477495
2522 0.43096821
2523 0.38935845
2524 0.38192462
2525 0.46858006
2526 0.52353959
2527 0.36089533
2528 0.39330321
2529 0.33728041
2530 0.33243486
2531 0.39823955
2532 0.36780785
2533 0.30340865
2534 0.40465612
2535 0.42716054
2536 0.34101007
2537 0.32864424
2538 0.36451036
2539 0.33615720
2540 0.43810051
2541 0.44477495
2542 0.41640681
2543 0.49671341
2544 0.43065792
2545 0.35997201
2546 0.37698772
2547 0.37498743
2548 0.35005024
2549 0.34138908
2550 0.31332249
2551 0.41238718
2552 0.33824825
2553 0.31370914
2554 0.43167634
2555 0.35445289
2556 0.36901862
2557 0.32574844
2558 0.33153983
2559 0.44186893
2560 0.43690091
2561 0.35884745
2562 0.41640681
2563 0.47264863
2564 0.48975038
2565 0.42316307
2566 0.52074638
2567 0.42254227
2568 0.44780843
2569 0.50686007
2570 0.48107926
2571 0.34849777
2572 0.43406056
2573 0.43141112
2574 0.41901266
2575 0.35013061
2576 0.36709558
2577 0.46994548
2578 0.44088559
2579 0.49382684
2580 0.42635249
2581 0.41340686
2582 0.47176884
2583 0.47264863
2584 0.57545500
2585 0.54310522
2586 0.55867592
2587 0.45647953
2588 0.46832415
2589 0.45449425
2590 0.47908603
2591 0.39836506
2592 0.54039714
2593 0.44529178
2594 0.41688347
2595 0.34680335
2596 0.38768369
2597 0.38167171
2598 0.43313734
2599 0.41144468
2600 0.46365766
2601 0.51387180
2602 0.52162902
2603 0.44300034
2604 0.57545500
2605 0.59030362
2606 0.48135530
2607 0.43136500
2608 0.43851960
2609 0.49791303
2610 0.45070286
2611 0.38954448
2612 0.42716988
2613 0.42002249
2614 0.43531248
2615 0.48127032
2616 0.37555688
2617 0.34738095
2618 0.41176702
2619 0.42087494
2620 0.44671220
2621 0.42214425
2622 0.42324632
2623 0.47735717
2624 0.51703264
2625 0.59030362
2626 0.57776198
2627 0.51996304
2628 0.47429806
2629 0.43987942
2630 0.38153041
2631 0.46766585
2632 0.45248840
2633 0.40481310
2634 0.37174126
2635 0.38930581
2636 0.37779390
2637 0.47801492
2638 0.34545263
2639 0.35980752
2640 0.40381844
2641 0.42121556
2642 0.42120057
2643 0.45109903
2644 0.53025997
2645 0.58387272
2646 0.57776198
2647 0.70249998
2648 0.62017327
2649 0.56222373
2650 0.55178590
2651 0.54037926
2652 0.49382254
2653 0.48536396
2654 0.41996927
2655 0.45485328
2656 0.51741132
2657 0.55389476
2658 0.46844029
2659 0.57767212
2660 0.51602552
2661 0.44110320
2662 0.52267022
2663 0.51439040
2664 0.55202511
2665 0.60220010
2666 0.65168353
2667 0.70249998
2668 0.64352552
2669 0.63443772
2670 0.57128043
2671 0.56780998
2672 0.54975245
2673 0.60136364
2674 0.50897685
2675 0.51323298
2676 0.47359431
2677 0.41910807
2678 0.50716897
2679 0.48164825
2680 0.49253735
2681 0.54410348
2682 0.42512566
2683 0.51646191
2684 0.61389827
2685 0.57641683
2686 0.55738538
2687 0.65864968
2688 0.64352552
2689 0.57135133
2690 0.54996521
2691 0.57505597
2692 0.52287437
2693 0.50537726
2694 0.41546552
2695 0.42646435
2696 0.41848560
2697 0.45913657
2698 0.47996758
2699 0.41728138
2700 0.48784588
2701 0.43882592
2702 0.45370692
2703 0.35322229
2704 0.47634679
2705 0.46422459
2706 0.54525775
2707 0.50640591
2708 0.64235959
2709 0.57135133
2710 0.69183747
2711 0.57489799
2712 0.68863043
2713 0.59313335
2714 0.61452837
2715 0.49567958
2716 0.57226197
2717 0.62289943
2718 0.54707704
2719 0.53897839
2720 0.53175290
2721 0.52169618
2722 0.58875388
2723 0.54474626
2724 0.44121993
2725 0.50930897
2726 0.56953946
2727 0.51383818
2728 0.56352778
2729 0.58434376
2730 0.69183747
2731 0.65047203
2732 0.63573837
2733 0.51648867
2734 0.50342526
2735 0.54486645
2736 0.48372744
2737 0.51854403
2738 0.43256616
2739 0.42796159
2740 0.47875407
2741 0.55931320
2742 0.45315474
2743 0.45433642
2744 0.52920301
2745 0.54476854
2746 0.46223065
2747 0.54311389
2748 0.56543183
2749 0.55639072
2750 0.55738162
2751 0.65047203
2752 0.47332325
2753 0.47467628
2754 0.45675001
2755 0.29938310
2756 0.34088497
2757 0.42597886
2758 0.42612056
2759 0.26798884
2760 0.35851376
2761 0.38693227
2762 0.34689323
2763 0.39443534
2764 0.36151377
2765 0.36580330
2766 0.33923792
2767 0.42822087
2768 0.41187627
2769 0.37998947
2770 0.44553486
2771 0.53729950
2772 0.47332325
2773 0.42136829
2774 0.40760503
2775 0.41996394
2776 0.42812912
2777 0.43998715
2778 0.44056323
2779 0.37642003
2780 0.48824867
2781 0.31346107
2782 0.36109229
2783 0.39557445
2784 0.38585854
2785 0.44810389
2786 0.42153982
2787 0.37048238
2788 0.42117091
2789 0.40293813
2790 0.45603644
2791 0.43447677
2792 0.50546894
2793 0.42136829
2794 0.50117470
2795 0.49766705
2796 0.44229612
2797 0.42267188
2798 0.41025289
2799 0.47851371
2800 0.50503760
2801 0.45317335
2802 0.47023134
2803 0.44836409
2804 0.45787856
2805 0.43415967
2806 0.43025656
2807 0.42501329
2808 0.43171933
2809 0.47865347
2810 0.40849688
2811 0.43507957
2812 0.39794459
2813 0.44308702
2814 0.50117470
2815 0.53744533
2816 0.52933046
2817 0.44817362
2818 0.48481437
2819 0.54456471
2820 0.44714220
2821 0.44958046
2822 0.48527742
2823 0.45745117
2824 0.53862822
2825 0.48757900
2826 0.48591476
2827 0.43616797
2828 0.44521376
2829 0.46618729
2830 0.49375651
2831 0.42309193
2832 0.48037284
2833 0.48958411
2834 0.57073798
2835 0.53744533
2836 0.58159259
2837 0.57715496
2838 0.50554204
2839 0.50404575
2840 0.43387023
2841 0.47052265
2842 0.41380271
2843 0.44349224
2844 0.41633495
2845 0.38992788
2846 0.49769306
2847 0.39574435
2848 0.42156916
2849 0.31721879
2850 0.53315938
2851 0.45496912
2852 0.47491325
2853 0.48893794
2854 0.48529305
2855 0.52622377
2856 0.58159259
2857 0.57221270
2858 0.45333659
2859 0.50093275
2860 0.43603265
2861 0.42442419
2862 0.43683657
2863 0.47989998
2864 0.42043613
2865 0.38624570
2866 0.39603454
2867 0.43521657
2868 0.43683488
2869 0.35572452
2870 0.39415299
2871 0.40716351
2872 0.36750264
2873 0.37996397
2874 0.50890141
2875 0.44371293
2876 0.50674105
2877 0.57221270
2878 0.65699865
2879 0.52794545
2880 0.47468441
2881 0.49366742
2882 0.43083445
2883 0.45765457
2884 0.48660418
2885 0.42894875
2886 0.44649146
2887 0.34246213
2888 0.33373622
2889 0.37178513
2890 0.47154145
2891 0.41034814
2892 0.43446723
2893 0.42598374
2894 0.42894935
2895 0.50987747
2896 0.60802783
2897 0.51954235
2898 0.65699865
2899 0.64249268
2900 0.51223824
2901 0.43809177
2902 0.47811226
2903 0.43180977
2904 0.42434052
2905 0.38780242
2906 0.45353042
2907 0.41965598
2908 0.41352125
2909 0.47256707
2910 0.43646434
2911 0.43697380
2912 0.40038142
2913 0.44254302
2914 0.43325612
2915 0.52826137
2916 0.47376629
2917 0.48931360
2918 0.58392375
2919 0.64249268
2920 0.65930088
2921 0.68516298
2922 0.69212105
2923 0.58338825
2924 0.55989573
2925 0.55170110
2926 0.52825962
2927 0.52388393
2928 0.52918760
2929 0.47618071
2930 0.46866788
2931 0.57059881
2932 0.44490437
2933 0.44271273
2934 0.53529762
2935 0.52815801
2936 0.54131184
2937 0.58509487
2938 0.59376606
2939 0.66843219
2940 0.65930088
2941 0.56377405
2942 0.50049302
2943 0.52777756
2944 0.53134146
2945 0.49600755
2946 0.42621055
2947 0.46599132
2948 0.42889624
2949 0.36123041
2950 0.46402344
2951 0.43609950
2952 0.32866090
2953 0.36440735
2954 0.38106871
2955 0.44177057
2956 0.49275631
2957 0.41428815
2958 0.47282500
2959 0.44832788
2960 0.45678460
2961 0.56377405
2962 0.58315694
2963 0.52572852
2964 0.43817259
2965 0.52703213
2966 0.46499125
2967 0.57623974
2968 0.50689045
2969 0.43546363
2970 0.49523674
2971 0.51413187
2972 0.45502238
2973 0.48264131
2974 0.47881818
2975 0.47865323
2976 0.48364550
2977 0.43420839
2978 0.46619532
2979 0.58630626
2980 0.50532476
2981 0.48914719
2982 0.58315694
2983 0.50587268
2984 0.45886590
2985 0.46734932
2986 0.41531773
2987 0.43777614
2988 0.35485822
2989 0.35141169
2990 0.39652282
2991 0.38946242
2992 0.39934588
2993 0.41024225
2994 0.41751336
2995 0.42064688
2996 0.48692051
2997 0.39952752
2998 0.37018039
2999 0.36848334
3000 0.42847942
3001 0.42571776
3002 0.48408133
3003 0.50587268
3004 0.46113685
3005 0.47696620
3006 0.45972822
3007 0.49002528
3008 0.51964045
3009 0.47020434
3010 0.38347749
3011 0.54600732
3012 0.48948159
3013 0.48181276
3014 0.49232637
3015 0.51582941
3016 0.47322246
3017 0.54916923
3018 0.45541398
3019 0.45493881
3020 0.48090893
3021 0.57217693
3022 0.54692140
3023 0.52881739
3024 0.46113685
