index DenDen_momentum
1 144.30613299
2 144.14879754
3 144.36670694
4 144.27640356
5 144.30788546
6 144.22547280
7 144.31986201
8 144.24910918
9 144.28851579
10 144.13936115
11 144.32612355
12 144.21569397
13 144.33553668
14 144.25330421
15 144.22109189
16 144.31042800
17 144.23964710
18 144.32826735
19 144.36879274
20 144.14398541
21 144.30613299
22 0.38020548
23 0.44045828
24 0.42011518
25 0.45226511
26 0.43939764
27 0.39462141
28 0.37946969
29 0.39428400
30 0.43708512
31 0.43920475
32 0.45435090
33 0.51039317
34 0.49660355
35 0.50568205
36 0.35623525
37 0.51220509
38 0.44441829
39 0.42196946
40 0.43518652
41 0.43748454
42 0.38020548
43 0.49321788
44 0.47392707
45 0.46463116
46 0.45640939
47 0.44234066
48 0.46451479
49 0.40149066
50 0.45376071
51 0.42083761
52 0.44933397
53 0.38003734
54 0.33634199
55 0.42069024
56 0.38963256
57 0.33955366
58 0.38820379
59 0.51895582
60 0.43164524
61 0.40696383
62 0.42315802
63 0.49321788
64 0.47085052
65 0.45604909
66 0.49854143
67 0.41894171
68 0.39465754
69 0.37051095
70 0.31571095
71 0.38639492
72 0.40365067
73 0.36331108
74 0.32853353
75 0.30980548
76 0.45693027
77 0.38299339
78 0.40606775
79 0.39971995
80 0.41246723
81 0.47155716
82 0.36597009
83 0.39816064
84 0.47085052
85 0.58650869
86 0.46048019
87 0.41670172
88 0.45432786
89 0.43757081
90 0.47262116
91 0.40074609
92 0.43302945
93 0.33064596
94 0.48341541
95 0.35288848
96 0.36092625
97 0.39008304
98 0.40523538
99 0.34490626
100 0.43787377
101 0.40605951
102 0.42761095
103 0.51861851
104 0.48184048
105 0.58650869
106 0.65177457
107 0.57870102
108 0.63472321
109 0.51591060
110 0.54530055
111 0.46290271
112 0.46626681
113 0.48051006
114 0.39724879
115 0.48413677
116 0.43946245
117 0.40036516
118 0.43433096
119 0.46335306
120 0.51239406
121 0.34244945
122 0.52083829
123 0.44805973
124 0.54023524
125 0.53576022
126 0.65177457
127 0.64071518
128 0.57674734
129 0.40636664
130 0.54878131
131 0.40499002
132 0.48289053
133 0.41011717
134 0.41478830
135 0.52430674
136 0.49181804
137 0.53410087
138 0.48207827
139 0.38356233
140 0.47304610
141 0.37813258
142 0.39861329
143 0.46199710
144 0.46921101
145 0.53280066
146 0.63071879
147 0.64071518
148 0.65177457
149 0.57870102
150 0.63472321
151 0.51591060
152 0.54530055
153 0.46290271
154 0.46626681
155 0.48051006
156 0.39724879
157 0.48413677
158 0.43946245
159 0.40036516
160 0.43433096
161 0.46335306
162 0.51239406
163 0.34244945
164 0.52083829
165 0.44805973
166 0.54023524
167 0.53576022
168 0.65177457
169 0.58650869
170 0.46048019
171 0.41670172
172 0.45432786
173 0.43757081
174 0.47262116
175 0.40074609
176 0.43302945
177 0.33064596
178 0.48341541
179 0.35288848
180 0.36092625
181 0.39008304
182 0.40523538
183 0.34490626
184 0.43787377
185 0.40605951
186 0.42761095
187 0.51861851
188 0.48184048
189 0.58650869
190 0.47085052
191 0.45604909
192 0.49854143
193 0.41894171
194 0.39465754
195 0.37051095
196 0.31571095
197 0.38639492
198 0.40365067
199 0.36331108
200 0.32853353
201 0.30980548
202 0.45693027
203 0.38299339
204 0.40606775
205 0.39971995
206 0.41246723
207 0.47155716
208 0.36597009
209 0.39816064
210 0.47085052
211 0.49321788
212 0.47392707
213 0.46463116
214 0.45640939
215 0.44234066
216 0.46451479
217 0.40149066
218 0.45376071
219 0.42083761
220 0.44933397
221 0.38003734
222 0.33634199
223 0.42069024
224 0.38963256
225 0.33955366
226 0.38820379
227 0.51895582
228 0.43164524
229 0.40696383
230 0.42315802
231 0.49321788
232 0.38020548
233 0.44045828
234 0.42011518
235 0.45226511
236 0.43939764
237 0.39462141
238 0.37946969
239 0.39428400
240 0.43708512
241 0.43920475
242 0.45435090
243 0.51039317
244 0.49660355
245 0.50568205
246 0.35623525
247 0.51220509
248 0.44441829
249 0.42196946
250 0.43518652
251 0.43748454
252 0.38020548
253 0.38721093
254 0.45664314
255 0.40161675
256 0.46148460
257 0.47660798
258 0.41278810
259 0.32944416
260 0.36169397
261 0.41517642
262 0.41752526
263 0.33734182
264 0.43753228
265 0.40129270
266 0.43912325
267 0.35778677
268 0.35066821
269 0.40428375
270 0.38228530
271 0.32542049
272 0.42951924
273 0.38721093
274 0.46601962
275 0.39452471
276 0.43357988
277 0.34082866
278 0.49602216
279 0.46643958
280 0.45778834
281 0.43365396
282 0.44407417
283 0.46435989
284 0.47325798
285 0.39999072
286 0.46561281
287 0.41511624
288 0.43900581
289 0.38754965
290 0.40383820
291 0.41511526
292 0.44896064
293 0.53358753
294 0.46601962
295 0.48789379
296 0.47709839
297 0.37838351
298 0.43617058
299 0.41398093
300 0.45496003
301 0.41610203
302 0.36285944
303 0.46757902
304 0.37872572
305 0.40129277
306 0.45543300
307 0.38514319
308 0.43126969
309 0.42072341
310 0.41074247
311 0.40583355
312 0.46041915
313 0.47219337
314 0.45314450
315 0.48789379
316 0.46576077
317 0.44860672
318 0.50595923
319 0.36675794
320 0.35709978
321 0.42117860
322 0.38849986
323 0.38644366
324 0.43266215
325 0.39574709
326 0.39925000
327 0.42899052
328 0.37620679
329 0.42837608
330 0.43576855
331 0.39054173
332 0.43970351
333 0.41857083
334 0.49163048
335 0.48861242
336 0.46576077
337 0.62114430
338 0.52432110
339 0.53348420
340 0.44821402
341 0.39290126
342 0.46675486
343 0.45129458
344 0.43987078
345 0.42867005
346 0.40779734
347 0.50003197
348 0.45202555
349 0.45555232
350 0.43973456
351 0.45552448
352 0.40181036
353 0.57070945
354 0.52294562
355 0.55337595
356 0.60700985
357 0.62114430
358 0.63282336
359 0.60995691
360 0.50137254
361 0.51737278
362 0.41966940
363 0.48730777
364 0.37409147
365 0.44232731
366 0.54528869
367 0.44821659
368 0.37044754
369 0.39567245
370 0.44249097
371 0.41383846
372 0.42965088
373 0.48764212
374 0.51584526
375 0.47602334
376 0.51227977
377 0.50357575
378 0.63282336
379 0.67885182
380 0.61558610
381 0.57545721
382 0.56125981
383 0.53798985
384 0.50446556
385 0.44541888
386 0.51771027
387 0.45561590
388 0.46316781
389 0.43092151
390 0.50481814
391 0.54535556
392 0.46802095
393 0.52694469
394 0.47010040
395 0.41864255
396 0.56119219
397 0.58846095
398 0.69253127
399 0.67885182
400 0.59707444
401 0.52533705
402 0.49008404
403 0.46944446
404 0.40967487
405 0.47930817
406 0.46275852
407 0.43699188
408 0.38728286
409 0.42588442
410 0.42538681
411 0.42640785
412 0.37594727
413 0.35086621
414 0.40693114
415 0.48637557
416 0.39276609
417 0.48490789
418 0.54802812
419 0.39684805
420 0.59707444
421 0.58160860
422 0.58012998
423 0.56875487
424 0.41359007
425 0.47720785
426 0.36405654
427 0.46653649
428 0.39750221
429 0.50116926
430 0.36947619
431 0.45779074
432 0.49406205
433 0.41736876
434 0.40462503
435 0.44152416
436 0.39285075
437 0.46952214
438 0.43504678
439 0.52743181
440 0.47694336
441 0.58160860
442 0.43874695
443 0.38112680
444 0.41823059
445 0.43397491
446 0.39449108
447 0.36324578
448 0.35447251
449 0.40907242
450 0.27785659
451 0.46035440
452 0.30913572
453 0.31202249
454 0.29895128
455 0.33416451
456 0.35685015
457 0.32141688
458 0.42853363
459 0.41542166
460 0.41260907
461 0.36447593
462 0.43874695
463 0.46940318
464 0.46737568
465 0.54526367
466 0.51079812
467 0.44855226
468 0.53142845
469 0.50555623
470 0.52422437
471 0.43877743
472 0.53409945
473 0.46063879
474 0.46913814
475 0.46210703
476 0.48031972
477 0.46621584
478 0.45563437
479 0.47561842
480 0.51398324
481 0.49926905
482 0.58758857
483 0.46940318
484 0.44353511
485 0.42213814
486 0.41717091
487 0.41861436
488 0.44600641
489 0.44576794
490 0.45271920
491 0.45592873
492 0.46192594
493 0.41705982
494 0.34742722
495 0.43404245
496 0.37468111
497 0.39292817
498 0.34815280
499 0.47027239
500 0.47343016
501 0.41215812
502 0.51027550
503 0.43183396
504 0.44353511
505 0.46050541
506 0.45999705
507 0.47627217
508 0.44770421
509 0.38914745
510 0.41005033
511 0.45399871
512 0.41298046
513 0.43145464
514 0.40424699
515 0.40561790
516 0.33465071
517 0.38143170
518 0.40325838
519 0.40078959
520 0.44198985
521 0.46149882
522 0.42809110
523 0.51002789
524 0.38408951
525 0.46050541
526 0.51069077
527 0.41078648
528 0.47744316
529 0.42129301
530 0.51482320
531 0.43525717
532 0.44193064
533 0.44248340
534 0.45606890
535 0.43999849
536 0.39824894
537 0.44145549
538 0.45874098
539 0.35440393
540 0.46972202
541 0.51147436
542 0.47192412
543 0.42370516
544 0.43813509
545 0.47594432
546 0.51069077
547 0.51631687
548 0.50205199
549 0.44756109
550 0.44260337
551 0.46875530
552 0.42215233
553 0.40936653
554 0.35928387
555 0.45722400
556 0.44936593
557 0.36537975
558 0.39814783
559 0.35935533
560 0.38122313
561 0.43850349
562 0.51804742
563 0.46164865
564 0.40415915
565 0.43811538
566 0.50346403
567 0.51631687
568 0.67243917
569 0.70394029
570 0.61506849
571 0.67496474
572 0.60587221
573 0.58251646
574 0.58646461
575 0.57069886
576 0.63224225
577 0.65091315
578 0.59054750
579 0.54998889
580 0.52100940
581 0.67103346
582 0.55739674
583 0.55991228
584 0.66503988
585 0.60559257
586 0.58039007
587 0.72864722
588 0.67243917
589 0.74976293
590 0.72329233
591 0.59157483
592 0.64058836
593 0.69881294
594 0.58069653
595 0.59550385
596 0.62457477
597 0.49516546
598 0.57309432
599 0.55930108
600 0.60955665
601 0.55669231
602 0.59195680
603 0.58109312
604 0.57469063
605 0.57289354
606 0.72920243
607 0.63739874
608 0.71741404
609 0.74976293
610 0.54666190
611 0.48485062
612 0.51468173
613 0.39432436
614 0.42048399
615 0.43164071
616 0.35965755
617 0.38248908
618 0.28763887
619 0.28422579
620 0.50592321
621 0.33024245
622 0.38670449
623 0.39959523
624 0.33589085
625 0.35368756
626 0.46650533
627 0.49098884
628 0.53533117
629 0.53031395
630 0.54666190
631 0.74280892
632 0.57118780
633 0.53008990
634 0.61465423
635 0.46137261
636 0.52455409
637 0.46259752
638 0.49148713
639 0.51819652
640 0.44359965
641 0.51029904
642 0.48018406
643 0.47541135
644 0.53910721
645 0.53363616
646 0.52282757
647 0.58431317
648 0.60134299
649 0.57028526
650 0.70459857
651 0.74280892
652 0.67675416
653 0.64493830
654 0.57936163
655 0.53699178
656 0.46813217
657 0.53478482
658 0.45788319
659 0.50102329
660 0.43023265
661 0.48895884
662 0.40152464
663 0.46169494
664 0.40450253
665 0.47169274
666 0.44498074
667 0.49797898
668 0.49792292
669 0.54168696
670 0.59608851
671 0.67326799
672 0.67675416
673 0.57192142
674 0.53243425
675 0.53784951
676 0.53767749
677 0.46196249
678 0.42683071
679 0.44074834
680 0.48717340
681 0.44286768
682 0.43831534
683 0.49723881
684 0.41495615
685 0.48260994
686 0.41844106
687 0.49434436
688 0.37279758
689 0.46326350
690 0.48883531
691 0.54136376
692 0.60367442
693 0.57192142
694 0.56751135
695 0.49916402
696 0.38388221
697 0.41539457
698 0.40919133
699 0.41826125
700 0.35158382
701 0.34183621
702 0.43631269
703 0.34545155
704 0.31510409
705 0.37813376
706 0.34665498
707 0.32167192
708 0.35053783
709 0.48646739
710 0.39352085
711 0.42141542
712 0.40389119
713 0.41633007
714 0.56751135
715 0.54684909
716 0.51767243
717 0.53915830
718 0.38548537
719 0.49244250
720 0.39826852
721 0.40983223
722 0.33243122
723 0.37549632
724 0.45809408
725 0.43603039
726 0.31624726
727 0.39570996
728 0.37265614
729 0.39738176
730 0.47118343
731 0.39769532
732 0.40904699
733 0.40486514
734 0.45464618
735 0.54684909
736 0.52482887
737 0.51354001
738 0.61786460
739 0.57792363
740 0.47216770
741 0.50155172
742 0.32894849
743 0.44580273
744 0.50847050
745 0.45887038
746 0.43373011
747 0.48299798
748 0.49061654
749 0.45067672
750 0.40155659
751 0.45543966
752 0.44853039
753 0.50496545
754 0.50507922
755 0.46471985
756 0.52482887
757 0.48302212
758 0.47647845
759 0.46954149
760 0.49011160
761 0.40669780
762 0.46719656
763 0.40525402
764 0.39610463
765 0.37585847
766 0.37876894
767 0.34019344
768 0.51656192
769 0.38773164
770 0.36853742
771 0.36621311
772 0.39884459
773 0.42489932
774 0.48807129
775 0.47000348
776 0.54545669
777 0.48302212
778 0.44460776
779 0.41611622
780 0.39138041
781 0.38371732
782 0.39912402
783 0.39901768
784 0.27982235
785 0.24356521
786 0.35405832
787 0.37403466
788 0.32606342
789 0.41852214
790 0.36743298
791 0.28016270
792 0.32855747
793 0.38651916
794 0.30668398
795 0.37358321
796 0.40143731
797 0.42113298
798 0.44460776
799 0.60613680
800 0.56371417
801 0.46029302
802 0.53271879
803 0.49895781
804 0.53406624
805 0.44151471
806 0.48569678
807 0.45569386
808 0.50897604
809 0.43040677
810 0.46966411
811 0.40821215
812 0.55653249
813 0.38759238
814 0.47442292
815 0.50992338
816 0.51815375
817 0.55882063
818 0.53449910
819 0.60613680
820 0.63932763
821 0.61479934
822 0.67806766
823 0.59109074
824 0.50501611
825 0.55749782
826 0.46255747
827 0.49183142
828 0.53404788
829 0.43167984
830 0.43857562
831 0.53725891
832 0.45924735
833 0.47554515
834 0.46845675
835 0.57158748
836 0.52482209
837 0.58916390
838 0.60693246
839 0.63629322
840 0.63932763
841 0.75492939
842 0.69103830
843 0.61003047
844 0.55994473
845 0.49118866
846 0.53943443
847 0.47654682
848 0.41323899
849 0.52069741
850 0.49047199
851 0.58143709
852 0.52781581
853 0.48826087
854 0.45811220
855 0.50441958
856 0.51409347
857 0.52517059
858 0.63328815
859 0.57221569
860 0.66496516
861 0.75492939
862 0.73089906
863 0.69701326
864 0.61206677
865 0.61407441
866 0.56100698
867 0.48201764
868 0.57388445
869 0.57778166
870 0.56383255
871 0.59291656
872 0.49352639
873 0.57694133
874 0.49359926
875 0.49309903
876 0.57302407
877 0.56687249
878 0.56413483
879 0.52578482
880 0.65735387
881 0.70793419
882 0.73089906
883 0.73966008
884 0.74534589
885 0.56808218
886 0.59236355
887 0.61382614
888 0.45919227
889 0.52782620
890 0.43392322
891 0.41123685
892 0.47371956
893 0.59910211
894 0.54146168
895 0.52880596
896 0.50516182
897 0.52585025
898 0.53813105
899 0.53269122
900 0.64069230
901 0.64283510
902 0.63360462
903 0.73966008
904 0.73637422
905 0.67114382
906 0.54851023
907 0.56766104
908 0.59374415
909 0.47479996
910 0.50644087
911 0.53684185
912 0.48536727
913 0.53277654
914 0.48312697
915 0.55068632
916 0.50892663
917 0.45889635
918 0.52903045
919 0.52329305
920 0.56529375
921 0.60429848
922 0.60900605
923 0.77458815
924 0.73637422
925 0.74636088
926 0.64124238
927 0.56328955
928 0.59006369
929 0.53250090
930 0.52113994
931 0.48801563
932 0.46876405
933 0.50677139
934 0.48977390
935 0.42806023
936 0.59642356
937 0.56118684
938 0.46203893
939 0.49291438
940 0.56898058
941 0.45790677
942 0.53320193
943 0.53278460
944 0.62613521
945 0.74636088
946 0.65228854
947 0.59538705
948 0.48741593
949 0.51252789
950 0.45316398
951 0.43071893
952 0.46315478
953 0.41571451
954 0.41142523
955 0.41110211
956 0.37560212
957 0.39790895
958 0.48060839
959 0.41428024
960 0.50175695
961 0.47016345
962 0.45412448
963 0.44903375
964 0.51262037
965 0.58288150
966 0.65228854
967 0.57163988
968 0.54527075
969 0.49329371
970 0.56346237
971 0.46789788
972 0.46596988
973 0.48278318
974 0.42214525
975 0.38554293
976 0.34554706
977 0.39555929
978 0.39667881
979 0.45040450
980 0.40542732
981 0.44077926
982 0.46425833
983 0.45175970
984 0.43925757
985 0.47984923
986 0.50741100
987 0.57163988
988 0.52643225
989 0.62124451
990 0.49743405
991 0.53924143
992 0.42157462
993 0.50001045
994 0.36680169
995 0.41679392
996 0.42163240
997 0.43836819
998 0.41643719
999 0.48019202
1000 0.37424570
1001 0.44551895
1002 0.45134128
1003 0.49365438
1004 0.40557634
1005 0.50407714
1006 0.49641976
1007 0.53057046
1008 0.52643225
1009 0.57579953
1010 0.53694174
1011 0.50730337
1012 0.48538124
1013 0.51245651
1014 0.47266999
1015 0.41079259
1016 0.45374657
1017 0.40811469
1018 0.43964577
1019 0.41298169
1020 0.45998575
1021 0.49778998
1022 0.48548433
1023 0.39761725
1024 0.47328903
1025 0.50027340
1026 0.46169001
1027 0.54404118
1028 0.59199211
1029 0.57579953
1030 0.64928105
1031 0.58154587
1032 0.50197331
1033 0.49466312
1034 0.47526542
1035 0.42292164
1036 0.51160812
1037 0.47757267
1038 0.47041317
1039 0.41029117
1040 0.45202634
1041 0.46007069
1042 0.45499127
1043 0.47560809
1044 0.54305595
1045 0.49444893
1046 0.41196331
1047 0.50046577
1048 0.58336799
1049 0.56501432
1050 0.64928105
1051 0.60789617
1052 0.52762658
1053 0.58369184
1054 0.50894200
1055 0.53809612
1056 0.44587244
1057 0.41710682
1058 0.36442224
1059 0.42775119
1060 0.51660213
1061 0.32909597
1062 0.38364966
1063 0.44937868
1064 0.43768594
1065 0.31186326
1066 0.45782656
1067 0.48694691
1068 0.47781240
1069 0.56416208
1070 0.55937028
1071 0.60789617
1072 0.80319209
1073 0.71716642
1074 0.74781348
1075 0.67860910
1076 0.54963644
1077 0.63192785
1078 0.61974897
1079 0.57857348
1080 0.57624418
1081 0.65674680
1082 0.52174566
1083 0.56819150
1084 0.51889349
1085 0.59875496
1086 0.61408122
1087 0.62121359
1088 0.58005117
1089 0.60628541
1090 0.64530361
1091 0.82104363
1092 0.80319209
1093 0.68632989
1094 0.58385594
1095 0.60140103
1096 0.60034911
1097 0.54993693
1098 0.51051028
1099 0.47521956
1100 0.56101091
1101 0.52408029
1102 0.45687943
1103 0.44115082
1104 0.42386174
1105 0.54167847
1106 0.56988870
1107 0.48836761
1108 0.54674570
1109 0.59555817
1110 0.62710996
1111 0.63717352
1112 0.66892167
1113 0.68632989
1114 0.64084776
1115 0.64150382
1116 0.54077069
1117 0.60988950
1118 0.51368691
1119 0.48499846
1120 0.53991315
1121 0.51003096
1122 0.41160221
1123 0.43544000
1124 0.39122706
1125 0.41449642
1126 0.48087507
1127 0.47974107
1128 0.50220754
1129 0.45893750
1130 0.57519444
1131 0.51077265
1132 0.64149621
1133 0.64227027
1134 0.64084776
1135 0.74906872
1136 0.68709791
1137 0.67280633
1138 0.57893320
1139 0.52723010
1140 0.49741114
1141 0.47530052
1142 0.49549900
1143 0.42618271
1144 0.43844826
1145 0.45061506
1146 0.51556327
1147 0.51890868
1148 0.52721677
1149 0.39977589
1150 0.55793504
1151 0.48974658
1152 0.51613073
1153 0.64578766
1154 0.71832111
1155 0.74906872
1156 0.71574890
1157 0.71531198
1158 0.74779911
1159 0.65257415
1160 0.56303952
1161 0.51872430
1162 0.46313085
1163 0.51294602
1164 0.49824143
1165 0.47955499
1166 0.49811826
1167 0.50047394
1168 0.47208273
1169 0.60217565
1170 0.56461526
1171 0.53538530
1172 0.62122609
1173 0.64424887
1174 0.64167612
1175 0.73704518
1176 0.71574890
1177 0.75110871
1178 0.57591793
1179 0.68840429
1180 0.51123834
1181 0.48769674
1182 0.49678890
1183 0.51333024
1184 0.45661082
1185 0.47842173
1186 0.47348730
1187 0.45994063
1188 0.44096674
1189 0.52301801
1190 0.46770944
1191 0.50028301
1192 0.43516257
1193 0.48489586
1194 0.59669278
1195 0.61306399
1196 0.68846472
1197 0.75110871
1198 0.71046334
1199 0.70635850
1200 0.58096501
1201 0.50031787
1202 0.46562619
1203 0.48763785
1204 0.48053563
1205 0.44592511
1206 0.41163673
1207 0.38107590
1208 0.39043409
1209 0.44248396
1210 0.33889834
1211 0.46904216
1212 0.42451211
1213 0.43564371
1214 0.42015925
1215 0.47822998
1216 0.54604209
1217 0.56877120
1218 0.71046334
1219 0.63994317
1220 0.65630750
1221 0.68486157
1222 0.52568396
1223 0.51567050
1224 0.54178264
1225 0.51279097
1226 0.48417799
1227 0.45847439
1228 0.47067810
1229 0.52825895
1230 0.49242564
1231 0.43689098
1232 0.47621221
1233 0.50217628
1234 0.45646294
1235 0.51597108
1236 0.50010836
1237 0.53306209
1238 0.60241804
1239 0.63994317
1240 0.42498680
1241 0.47202726
1242 0.52524462
1243 0.43828567
1244 0.42243067
1245 0.37349914
1246 0.41609404
1247 0.39907731
1248 0.39775374
1249 0.44036858
1250 0.38310649
1251 0.39793193
1252 0.41738323
1253 0.37736446
1254 0.47155488
1255 0.45763300
1256 0.49046212
1257 0.42188096
1258 0.40482344
1259 0.45688616
1260 0.42498680
1261 0.66000237
1262 0.60439237
1263 0.53573425
1264 0.56583113
1265 0.46531829
1266 0.59518865
1267 0.51154423
1268 0.43962442
1269 0.55742228
1270 0.45259029
1271 0.48261149
1272 0.50969203
1273 0.44834679
1274 0.44011951
1275 0.49349220
1276 0.55166422
1277 0.53475061
1278 0.54038541
1279 0.61321944
1280 0.59083361
1281 0.66000237
1282 0.70687455
1283 0.65739029
1284 0.58784504
1285 0.57922138
1286 0.57033067
1287 0.58849830
1288 0.47459269
1289 0.51789736
1290 0.51662104
1291 0.55231202
1292 0.49603684
1293 0.48872881
1294 0.54093834
1295 0.50744941
1296 0.47916369
1297 0.52078548
1298 0.63125894
1299 0.58559396
1300 0.55273439
1301 0.69420610
1302 0.70687455
1303 0.62834193
1304 0.59096086
1305 0.57169395
1306 0.57939769
1307 0.49686680
1308 0.44487417
1309 0.44533422
1310 0.43059245
1311 0.42617929
1312 0.43864714
1313 0.41210644
1314 0.49066238
1315 0.47389806
1316 0.49090874
1317 0.45048987
1318 0.52124842
1319 0.49707103
1320 0.44810858
1321 0.56839768
1322 0.59838453
1323 0.62834193
1324 0.73719138
1325 0.64631965
1326 0.66409403
1327 0.58425224
1328 0.57237310
1329 0.48972201
1330 0.48929389
1331 0.54120804
1332 0.49271111
1333 0.40817513
1334 0.52210179
1335 0.48888269
1336 0.48383090
1337 0.55164284
1338 0.54647176
1339 0.47597236
1340 0.53132001
1341 0.55283293
1342 0.62599310
1343 0.65027614
1344 0.73719138
1345 0.69897138
1346 0.62936946
1347 0.57411191
1348 0.52141113
1349 0.42470242
1350 0.53357677
1351 0.51323601
1352 0.41961244
1353 0.47436697
1354 0.41865591
1355 0.40734614
1356 0.36903255
1357 0.50014738
1358 0.48732468
1359 0.46002339
1360 0.48387118
1361 0.54943932
1362 0.52169791
1363 0.59696063
1364 0.69048422
1365 0.69897138
1366 0.69816998
1367 0.63903764
1368 0.62435415
1369 0.58661194
1370 0.49298639
1371 0.50530951
1372 0.50271481
1373 0.51017920
1374 0.47910777
1375 0.46234394
1376 0.47171596
1377 0.46352290
1378 0.45969514
1379 0.47680124
1380 0.46361906
1381 0.50244751
1382 0.45310194
1383 0.56862188
1384 0.62487704
1385 0.76059891
1386 0.69816998
1387 0.90252608
1388 0.86748964
1389 0.73208017
1390 0.63155769
1391 0.62362731
1392 0.67041375
1393 0.65043117
1394 0.55250827
1395 0.57287664
1396 0.55087879
1397 0.55863190
1398 0.63626956
1399 0.52205881
1400 0.58127437
1401 0.66473767
1402 0.70879612
1403 0.65939053
1404 0.70362848
1405 0.73522845
1406 0.81709250
1407 0.90252608
1408 0.90534444
1409 0.87071173
1410 0.82561790
1411 0.75621570
1412 0.74974461
1413 0.66694381
1414 0.64534217
1415 0.62530777
1416 0.62500245
1417 0.71429144
1418 0.66652118
1419 0.74252960
1420 0.62771034
1421 0.65967831
1422 0.72350608
1423 0.68574635
1424 0.71923094
1425 0.78171939
1426 0.82313780
1427 0.92816191
1428 0.90534444
1429 0.67823450
1430 0.62839111
1431 0.52700583
1432 0.50563086
1433 0.49625603
1434 0.50486430
1435 0.47533940
1436 0.47323531
1437 0.41757970
1438 0.40249218
1439 0.43374499
1440 0.50517364
1441 0.44439567
1442 0.44828180
1443 0.42738246
1444 0.52399232
1445 0.45677105
1446 0.52818075
1447 0.52742923
1448 0.63818671
1449 0.67823450
1450 0.62449224
1451 0.61028304
1452 0.53710967
1453 0.52999550
1454 0.45947945
1455 0.38999752
1456 0.48756231
1457 0.44457013
1458 0.38261071
1459 0.40058021
1460 0.36571918
1461 0.44852117
1462 0.45934996
1463 0.39528866
1464 0.44426947
1465 0.42451105
1466 0.42834962
1467 0.54956495
1468 0.52048978
1469 0.58881771
1470 0.62449224
1471 0.70578103
1472 0.60616595
1473 0.51175671
1474 0.51516990
1475 0.50777136
1476 0.47487307
1477 0.42699003
1478 0.46172370
1479 0.42250770
1480 0.43746874
1481 0.36895003
1482 0.41656890
1483 0.41038361
1484 0.37918072
1485 0.48930359
1486 0.38746203
1487 0.54825205
1488 0.52410441
1489 0.57315163
1490 0.60232005
1491 0.70578103
1492 0.62745318
1493 0.62220043
1494 0.46382977
1495 0.59468430
1496 0.39909839
1497 0.52137042
1498 0.51976406
1499 0.41342703
1500 0.46063354
1501 0.36345879
1502 0.44877875
1503 0.40262907
1504 0.46494703
1505 0.43202870
1506 0.44731791
1507 0.45973909
1508 0.52902258
1509 0.58312689
1510 0.51885332
1511 0.55672995
1512 0.62745318
1513 0.65597465
1514 0.43325643
1515 0.51687148
1516 0.45998066
1517 0.64878211
1518 0.46499050
1519 0.45700806
1520 0.47476319
1521 0.42457583
1522 0.47416745
1523 0.45153135
1524 0.43168877
1525 0.45220427
1526 0.52368524
1527 0.43362064
1528 0.53375108
1529 0.44886863
1530 0.45535231
1531 0.42700781
1532 0.60617925
1533 0.65597465
1534 0.64201178
1535 0.52970064
1536 0.54989111
1537 0.46375054
1538 0.39386745
1539 0.47715120
1540 0.51517026
1541 0.42700037
1542 0.37568014
1543 0.42790799
1544 0.51299011
1545 0.34509156
1546 0.42152517
1547 0.46232402
1548 0.40111054
1549 0.41963114
1550 0.44392496
1551 0.45341981
1552 0.52635331
1553 0.61782605
1554 0.64201178
1555 0.72752343
1556 0.71911625
1557 0.61776275
1558 0.56277594
1559 0.51847904
1560 0.49760478
1561 0.53265232
1562 0.58225164
1563 0.48639435
1564 0.42852471
1565 0.53786239
1566 0.46645891
1567 0.51394820
1568 0.55053134
1569 0.52613021
1570 0.52971544
1571 0.63535132
1572 0.64903148
1573 0.59474991
1574 0.63905450
1575 0.72752343
1576 0.69504258
1577 0.66170469
1578 0.59903356
1579 0.50530439
1580 0.49630492
1581 0.51069405
1582 0.44485070
1583 0.43520763
1584 0.45332105
1585 0.36148912
1586 0.43002807
1587 0.40612431
1588 0.39039101
1589 0.40548839
1590 0.40632456
1591 0.52761868
1592 0.47430202
1593 0.55791734
1594 0.58742172
1595 0.57156781
1596 0.69504258
1597 0.90092024
1598 0.74908370
1599 0.69128471
1600 0.64626618
1601 0.58201119
1602 0.58545987
1603 0.64258671
1604 0.63312333
1605 0.48603138
1606 0.55156447
1607 0.56569364
1608 0.56380713
1609 0.58501457
1610 0.62573624
1611 0.63167038
1612 0.63890587
1613 0.62193397
1614 0.69583750
1615 0.69254955
1616 0.78181481
1617 0.90092024
1618 0.86664039
1619 0.69160296
1620 0.72047683
1621 0.67324039
1622 0.66490114
1623 0.54277020
1624 0.59169919
1625 0.57185225
1626 0.50701399
1627 0.52772961
1628 0.63309500
1629 0.50811994
1630 0.51051597
1631 0.60190879
1632 0.55321739
1633 0.59446233
1634 0.65624287
1635 0.64344920
1636 0.62765871
1637 0.74823949
1638 0.86664039
1639 0.92084346
1640 0.76936261
1641 0.67407300
1642 0.69260545
1643 0.71939866
1644 0.61134084
1645 0.52550972
1646 0.59964488
1647 0.57246231
1648 0.57850947
1649 0.61606974
1650 0.58030092
1651 0.51685732
1652 0.51682064
1653 0.53735777
1654 0.65599463
1655 0.66238966
1656 0.61473638
1657 0.69347842
1658 0.80329224
1659 0.92084346
1660 0.86664039
1661 0.69160296
1662 0.72047683
1663 0.67324039
1664 0.66490114
1665 0.54277020
1666 0.59169919
1667 0.57185225
1668 0.50701399
1669 0.52772961
1670 0.63309500
1671 0.50811994
1672 0.51051597
1673 0.60190879
1674 0.55321739
1675 0.59446233
1676 0.65624287
1677 0.64344920
1678 0.62765871
1679 0.74823949
1680 0.86664039
1681 0.90092024
1682 0.74908370
1683 0.69128471
1684 0.64626618
1685 0.58201119
1686 0.58545987
1687 0.64258671
1688 0.63312333
1689 0.48603138
1690 0.55156447
1691 0.56569364
1692 0.56380713
1693 0.58501457
1694 0.62573624
1695 0.63167038
1696 0.63890587
1697 0.62193397
1698 0.69583750
1699 0.69254955
1700 0.78181481
1701 0.90092024
1702 0.69504258
1703 0.66170469
1704 0.59903356
1705 0.50530439
1706 0.49630492
1707 0.51069405
1708 0.44485070
1709 0.43520763
1710 0.45332105
1711 0.36148912
1712 0.43002807
1713 0.40612431
1714 0.39039101
1715 0.40548839
1716 0.40632456
1717 0.52761868
1718 0.47430202
1719 0.55791734
1720 0.58742172
1721 0.57156781
1722 0.69504258
1723 0.72752343
1724 0.71911625
1725 0.61776275
1726 0.56277594
1727 0.51847904
1728 0.49760478
1729 0.53265232
1730 0.58225164
1731 0.48639435
1732 0.42852471
1733 0.53786239
1734 0.46645891
1735 0.51394820
1736 0.55053134
1737 0.52613021
1738 0.52971544
1739 0.63535132
1740 0.64903148
1741 0.59474991
1742 0.63905450
1743 0.72752343
1744 0.64201178
1745 0.52970064
1746 0.54989111
1747 0.46375054
1748 0.39386745
1749 0.47715120
1750 0.51517026
1751 0.42700037
1752 0.37568014
1753 0.42790799
1754 0.51299011
1755 0.34509156
1756 0.42152517
1757 0.46232402
1758 0.40111054
1759 0.41963114
1760 0.44392496
1761 0.45341981
1762 0.52635331
1763 0.61782605
1764 0.64201178
1765 0.66000237
1766 0.60439237
1767 0.53573425
1768 0.56583113
1769 0.46531829
1770 0.59518865
1771 0.51154423
1772 0.43962442
1773 0.55742228
1774 0.45259029
1775 0.48261149
1776 0.50969203
1777 0.44834679
1778 0.44011951
1779 0.49349220
1780 0.55166422
1781 0.53475061
1782 0.54038541
1783 0.61321944
1784 0.59083361
1785 0.66000237
1786 0.62745318
1787 0.62220043
1788 0.46382977
1789 0.59468430
1790 0.39909839
1791 0.52137042
1792 0.51976406
1793 0.41342703
1794 0.46063354
1795 0.36345879
1796 0.44877875
1797 0.40262907
1798 0.46494703
1799 0.43202870
1800 0.44731791
1801 0.45973909
1802 0.52902258
1803 0.58312689
1804 0.51885332
1805 0.55672995
1806 0.62745318
1807 0.70578103
1808 0.60616595
1809 0.51175671
1810 0.51516990
1811 0.50777136
1812 0.47487307
1813 0.42699003
1814 0.46172370
1815 0.42250770
1816 0.43746874
1817 0.36895003
1818 0.41656890
1819 0.41038361
1820 0.37918072
1821 0.48930359
1822 0.38746203
1823 0.54825205
1824 0.52410441
1825 0.57315163
1826 0.60232005
1827 0.70578103
1828 0.62449224
1829 0.61028304
1830 0.53710967
1831 0.52999550
1832 0.45947945
1833 0.38999752
1834 0.48756231
1835 0.44457013
1836 0.38261071
1837 0.40058021
1838 0.36571918
1839 0.44852117
1840 0.45934996
1841 0.39528866
1842 0.44426947
1843 0.42451105
1844 0.42834962
1845 0.54956495
1846 0.52048978
1847 0.58881771
1848 0.62449224
1849 0.67823450
1850 0.62839111
1851 0.52700583
1852 0.50563086
1853 0.49625603
1854 0.50486430
1855 0.47533940
1856 0.47323531
1857 0.41757970
1858 0.40249218
1859 0.43374499
1860 0.50517364
1861 0.44439567
1862 0.44828180
1863 0.42738246
1864 0.52399232
1865 0.45677105
1866 0.52818075
1867 0.52742923
1868 0.63818671
1869 0.67823450
1870 0.90534444
1871 0.87071173
1872 0.82561790
1873 0.75621570
1874 0.74974461
1875 0.66694381
1876 0.64534217
1877 0.62530777
1878 0.62500245
1879 0.71429144
1880 0.66652118
1881 0.74252960
1882 0.62771034
1883 0.65967831
1884 0.72350608
1885 0.68574635
1886 0.71923094
1887 0.78171939
1888 0.82313780
1889 0.92816191
1890 0.90534444
1891 0.90252608
1892 0.86748964
1893 0.73208017
1894 0.63155769
1895 0.62362731
1896 0.67041375
1897 0.65043117
1898 0.55250827
1899 0.57287664
1900 0.55087879
1901 0.55863190
1902 0.63626956
1903 0.52205881
1904 0.58127437
1905 0.66473767
1906 0.70879612
1907 0.65939053
1908 0.70362848
1909 0.73522845
1910 0.81709250
1911 0.90252608
1912 0.69816998
1913 0.63903764
1914 0.62435415
1915 0.58661194
1916 0.49298639
1917 0.50530951
1918 0.50271481
1919 0.51017920
1920 0.47910777
1921 0.46234394
1922 0.47171596
1923 0.46352290
1924 0.45969514
1925 0.47680124
1926 0.46361906
1927 0.50244751
1928 0.45310194
1929 0.56862188
1930 0.62487704
1931 0.76059891
1932 0.69816998
1933 0.69897138
1934 0.62936946
1935 0.57411191
1936 0.52141113
1937 0.42470242
1938 0.53357677
1939 0.51323601
1940 0.41961244
1941 0.47436697
1942 0.41865591
1943 0.40734614
1944 0.36903255
1945 0.50014738
1946 0.48732468
1947 0.46002339
1948 0.48387118
1949 0.54943932
1950 0.52169791
1951 0.59696063
1952 0.69048422
1953 0.69897138
1954 0.73719138
1955 0.64631965
1956 0.66409403
1957 0.58425224
1958 0.57237310
1959 0.48972201
1960 0.48929389
1961 0.54120804
1962 0.49271111
1963 0.40817513
1964 0.52210179
1965 0.48888269
1966 0.48383090
1967 0.55164284
1968 0.54647176
1969 0.47597236
1970 0.53132001
1971 0.55283293
1972 0.62599310
1973 0.65027614
1974 0.73719138
1975 0.62834193
1976 0.59096086
1977 0.57169395
1978 0.57939769
1979 0.49686680
1980 0.44487417
1981 0.44533422
1982 0.43059245
1983 0.42617929
1984 0.43864714
1985 0.41210644
1986 0.49066238
1987 0.47389806
1988 0.49090874
1989 0.45048987
1990 0.52124842
1991 0.49707103
1992 0.44810858
1993 0.56839768
1994 0.59838453
1995 0.62834193
1996 0.70687455
1997 0.65739029
1998 0.58784504
1999 0.57922138
2000 0.57033067
2001 0.58849830
2002 0.47459269
2003 0.51789736
2004 0.51662104
2005 0.55231202
2006 0.49603684
2007 0.48872881
2008 0.54093834
2009 0.50744941
2010 0.47916369
2011 0.52078548
2012 0.63125894
2013 0.58559396
2014 0.55273439
2015 0.69420610
2016 0.70687455
2017 0.57579953
2018 0.53694174
2019 0.50730337
2020 0.48538124
2021 0.51245651
2022 0.47266999
2023 0.41079259
2024 0.45374657
2025 0.40811469
2026 0.43964577
2027 0.41298169
2028 0.45998575
2029 0.49778998
2030 0.48548433
2031 0.39761725
2032 0.47328903
2033 0.50027340
2034 0.46169001
2035 0.54404118
2036 0.59199211
2037 0.57579953
2038 0.42498680
2039 0.47202726
2040 0.52524462
2041 0.43828567
2042 0.42243067
2043 0.37349914
2044 0.41609404
2045 0.39907731
2046 0.39775374
2047 0.44036858
2048 0.38310649
2049 0.39793193
2050 0.41738323
2051 0.37736446
2052 0.47155488
2053 0.45763300
2054 0.49046212
2055 0.42188096
2056 0.40482344
2057 0.45688616
2058 0.42498680
2059 0.63994317
2060 0.65630750
2061 0.68486157
2062 0.52568396
2063 0.51567050
2064 0.54178264
2065 0.51279097
2066 0.48417799
2067 0.45847439
2068 0.47067810
2069 0.52825895
2070 0.49242564
2071 0.43689098
2072 0.47621221
2073 0.50217628
2074 0.45646294
2075 0.51597108
2076 0.50010836
2077 0.53306209
2078 0.60241804
2079 0.63994317
2080 0.71046334
2081 0.70635850
2082 0.58096501
2083 0.50031787
2084 0.46562619
2085 0.48763785
2086 0.48053563
2087 0.44592511
2088 0.41163673
2089 0.38107590
2090 0.39043409
2091 0.44248396
2092 0.33889834
2093 0.46904216
2094 0.42451211
2095 0.43564371
2096 0.42015925
2097 0.47822998
2098 0.54604209
2099 0.56877120
2100 0.71046334
2101 0.75110871
2102 0.57591793
2103 0.68840429
2104 0.51123834
2105 0.48769674
2106 0.49678890
2107 0.51333024
2108 0.45661082
2109 0.47842173
2110 0.47348730
2111 0.45994063
2112 0.44096674
2113 0.52301801
2114 0.46770944
2115 0.50028301
2116 0.43516257
2117 0.48489586
2118 0.59669278
2119 0.61306399
2120 0.68846472
2121 0.75110871
2122 0.71574890
2123 0.71531198
2124 0.74779911
2125 0.65257415
2126 0.56303952
2127 0.51872430
2128 0.46313085
2129 0.51294602
2130 0.49824143
2131 0.47955499
2132 0.49811826
2133 0.50047394
2134 0.47208273
2135 0.60217565
2136 0.56461526
2137 0.53538530
2138 0.62122609
2139 0.64424887
2140 0.64167612
2141 0.73704518
2142 0.71574890
2143 0.74906872
2144 0.68709791
2145 0.67280633
2146 0.57893320
2147 0.52723010
2148 0.49741114
2149 0.47530052
2150 0.49549900
2151 0.42618271
2152 0.43844826
2153 0.45061506
2154 0.51556327
2155 0.51890868
2156 0.52721677
2157 0.39977589
2158 0.55793504
2159 0.48974658
2160 0.51613073
2161 0.64578766
2162 0.71832111
2163 0.74906872
2164 0.64084776
2165 0.64150382
2166 0.54077069
2167 0.60988950
2168 0.51368691
2169 0.48499846
2170 0.53991315
2171 0.51003096
2172 0.41160221
2173 0.43544000
2174 0.39122706
2175 0.41449642
2176 0.48087507
2177 0.47974107
2178 0.50220754
2179 0.45893750
2180 0.57519444
2181 0.51077265
2182 0.64149621
2183 0.64227027
2184 0.64084776
2185 0.68632989
2186 0.58385594
2187 0.60140103
2188 0.60034911
2189 0.54993693
2190 0.51051028
2191 0.47521956
2192 0.56101091
2193 0.52408029
2194 0.45687943
2195 0.44115082
2196 0.42386174
2197 0.54167847
2198 0.56988870
2199 0.48836761
2200 0.54674570
2201 0.59555817
2202 0.62710996
2203 0.63717352
2204 0.66892167
2205 0.68632989
2206 0.80319209
2207 0.71716642
2208 0.74781348
2209 0.67860910
2210 0.54963644
2211 0.63192785
2212 0.61974897
2213 0.57857348
2214 0.57624418
2215 0.65674680
2216 0.52174566
2217 0.56819150
2218 0.51889349
2219 0.59875496
2220 0.61408122
2221 0.62121359
2222 0.58005117
2223 0.60628541
2224 0.64530361
2225 0.82104363
2226 0.80319209
2227 0.60789617
2228 0.52762658
2229 0.58369184
2230 0.50894200
2231 0.53809612
2232 0.44587244
2233 0.41710682
2234 0.36442224
2235 0.42775119
2236 0.51660213
2237 0.32909597
2238 0.38364966
2239 0.44937868
2240 0.43768594
2241 0.31186326
2242 0.45782656
2243 0.48694691
2244 0.47781240
2245 0.56416208
2246 0.55937028
2247 0.60789617
2248 0.64928105
2249 0.58154587
2250 0.50197331
2251 0.49466312
2252 0.47526542
2253 0.42292164
2254 0.51160812
2255 0.47757267
2256 0.47041317
2257 0.41029117
2258 0.45202634
2259 0.46007069
2260 0.45499127
2261 0.47560809
2262 0.54305595
2263 0.49444893
2264 0.41196331
2265 0.50046577
2266 0.58336799
2267 0.56501432
2268 0.64928105
2269 0.48302212
2270 0.47647845
2271 0.46954149
2272 0.49011160
2273 0.40669780
2274 0.46719656
2275 0.40525402
2276 0.39610463
2277 0.37585847
2278 0.37876894
2279 0.34019344
2280 0.51656192
2281 0.38773164
2282 0.36853742
2283 0.36621311
2284 0.39884459
2285 0.42489932
2286 0.48807129
2287 0.47000348
2288 0.54545669
2289 0.48302212
2290 0.52643225
2291 0.62124451
2292 0.49743405
2293 0.53924143
2294 0.42157462
2295 0.50001045
2296 0.36680169
2297 0.41679392
2298 0.42163240
2299 0.43836819
2300 0.41643719
2301 0.48019202
2302 0.37424570
2303 0.44551895
2304 0.45134128
2305 0.49365438
2306 0.40557634
2307 0.50407714
2308 0.49641976
2309 0.53057046
2310 0.52643225
2311 0.57163988
2312 0.54527075
2313 0.49329371
2314 0.56346237
2315 0.46789788
2316 0.46596988
2317 0.48278318
2318 0.42214525
2319 0.38554293
2320 0.34554706
2321 0.39555929
2322 0.39667881
2323 0.45040450
2324 0.40542732
2325 0.44077926
2326 0.46425833
2327 0.45175970
2328 0.43925757
2329 0.47984923
2330 0.50741100
2331 0.57163988
2332 0.65228854
2333 0.59538705
2334 0.48741593
2335 0.51252789
2336 0.45316398
2337 0.43071893
2338 0.46315478
2339 0.41571451
2340 0.41142523
2341 0.41110211
2342 0.37560212
2343 0.39790895
2344 0.48060839
2345 0.41428024
2346 0.50175695
2347 0.47016345
2348 0.45412448
2349 0.44903375
2350 0.51262037
2351 0.58288150
2352 0.65228854
2353 0.74636088
2354 0.64124238
2355 0.56328955
2356 0.59006369
2357 0.53250090
2358 0.52113994
2359 0.48801563
2360 0.46876405
2361 0.50677139
2362 0.48977390
2363 0.42806023
2364 0.59642356
2365 0.56118684
2366 0.46203893
2367 0.49291438
2368 0.56898058
2369 0.45790677
2370 0.53320193
2371 0.53278460
2372 0.62613521
2373 0.74636088
2374 0.73637422
2375 0.67114382
2376 0.54851023
2377 0.56766104
2378 0.59374415
2379 0.47479996
2380 0.50644087
2381 0.53684185
2382 0.48536727
2383 0.53277654
2384 0.48312697
2385 0.55068632
2386 0.50892663
2387 0.45889635
2388 0.52903045
2389 0.52329305
2390 0.56529375
2391 0.60429848
2392 0.60900605
2393 0.77458815
2394 0.73637422
2395 0.73966008
2396 0.74534589
2397 0.56808218
2398 0.59236355
2399 0.61382614
2400 0.45919227
2401 0.52782620
2402 0.43392322
2403 0.41123685
2404 0.47371956
2405 0.59910211
2406 0.54146168
2407 0.52880596
2408 0.50516182
2409 0.52585025
2410 0.53813105
2411 0.53269122
2412 0.64069230
2413 0.64283510
2414 0.63360462
2415 0.73966008
2416 0.73089906
2417 0.69701326
2418 0.61206677
2419 0.61407441
2420 0.56100698
2421 0.48201764
2422 0.57388445
2423 0.57778166
2424 0.56383255
2425 0.59291656
2426 0.49352639
2427 0.57694133
2428 0.49359926
2429 0.49309903
2430 0.57302407
2431 0.56687249
2432 0.56413483
2433 0.52578482
2434 0.65735387
2435 0.70793419
2436 0.73089906
2437 0.75492939
2438 0.69103830
2439 0.61003047
2440 0.55994473
2441 0.49118866
2442 0.53943443
2443 0.47654682
2444 0.41323899
2445 0.52069741
2446 0.49047199
2447 0.58143709
2448 0.52781581
2449 0.48826087
2450 0.45811220
2451 0.50441958
2452 0.51409347
2453 0.52517059
2454 0.63328815
2455 0.57221569
2456 0.66496516
2457 0.75492939
2458 0.63932763
2459 0.61479934
2460 0.67806766
2461 0.59109074
2462 0.50501611
2463 0.55749782
2464 0.46255747
2465 0.49183142
2466 0.53404788
2467 0.43167984
2468 0.43857562
2469 0.53725891
2470 0.45924735
2471 0.47554515
2472 0.46845675
2473 0.57158748
2474 0.52482209
2475 0.58916390
2476 0.60693246
2477 0.63629322
2478 0.63932763
2479 0.60613680
2480 0.56371417
2481 0.46029302
2482 0.53271879
2483 0.49895781
2484 0.53406624
2485 0.44151471
2486 0.48569678
2487 0.45569386
2488 0.50897604
2489 0.43040677
2490 0.46966411
2491 0.40821215
2492 0.55653249
2493 0.38759238
2494 0.47442292
2495 0.50992338
2496 0.51815375
2497 0.55882063
2498 0.53449910
2499 0.60613680
2500 0.44460776
2501 0.41611622
2502 0.39138041
2503 0.38371732
2504 0.39912402
2505 0.39901768
2506 0.27982235
2507 0.24356521
2508 0.35405832
2509 0.37403466
2510 0.32606342
2511 0.41852214
2512 0.36743298
2513 0.28016270
2514 0.32855747
2515 0.38651916
2516 0.30668398
2517 0.37358321
2518 0.40143731
2519 0.42113298
2520 0.44460776
2521 0.46050541
2522 0.45999705
2523 0.47627217
2524 0.44770421
2525 0.38914745
2526 0.41005033
2527 0.45399871
2528 0.41298046
2529 0.43145464
2530 0.40424699
2531 0.40561790
2532 0.33465071
2533 0.38143170
2534 0.40325838
2535 0.40078959
2536 0.44198985
2537 0.46149882
2538 0.42809110
2539 0.51002789
2540 0.38408951
2541 0.46050541
2542 0.52482887
2543 0.51354001
2544 0.61786460
2545 0.57792363
2546 0.47216770
2547 0.50155172
2548 0.32894849
2549 0.44580273
2550 0.50847050
2551 0.45887038
2552 0.43373011
2553 0.48299798
2554 0.49061654
2555 0.45067672
2556 0.40155659
2557 0.45543966
2558 0.44853039
2559 0.50496545
2560 0.50507922
2561 0.46471985
2562 0.52482887
2563 0.54684909
2564 0.51767243
2565 0.53915830
2566 0.38548537
2567 0.49244250
2568 0.39826852
2569 0.40983223
2570 0.33243122
2571 0.37549632
2572 0.45809408
2573 0.43603039
2574 0.31624726
2575 0.39570996
2576 0.37265614
2577 0.39738176
2578 0.47118343
2579 0.39769532
2580 0.40904699
2581 0.40486514
2582 0.45464618
2583 0.54684909
2584 0.56751135
2585 0.49916402
2586 0.38388221
2587 0.41539457
2588 0.40919133
2589 0.41826125
2590 0.35158382
2591 0.34183621
2592 0.43631269
2593 0.34545155
2594 0.31510409
2595 0.37813376
2596 0.34665498
2597 0.32167192
2598 0.35053783
2599 0.48646739
2600 0.39352085
2601 0.42141542
2602 0.40389119
2603 0.41633007
2604 0.56751135
2605 0.57192142
2606 0.53243425
2607 0.53784951
2608 0.53767749
2609 0.46196249
2610 0.42683071
2611 0.44074834
2612 0.48717340
2613 0.44286768
2614 0.43831534
2615 0.49723881
2616 0.41495615
2617 0.48260994
2618 0.41844106
2619 0.49434436
2620 0.37279758
2621 0.46326350
2622 0.48883531
2623 0.54136376
2624 0.60367442
2625 0.57192142
2626 0.67675416
2627 0.64493830
2628 0.57936163
2629 0.53699178
2630 0.46813217
2631 0.53478482
2632 0.45788319
2633 0.50102329
2634 0.43023265
2635 0.48895884
2636 0.40152464
2637 0.46169494
2638 0.40450253
2639 0.47169274
2640 0.44498074
2641 0.49797898
2642 0.49792292
2643 0.54168696
2644 0.59608851
2645 0.67326799
2646 0.67675416
2647 0.74280892
2648 0.57118780
2649 0.53008990
2650 0.61465423
2651 0.46137261
2652 0.52455409
2653 0.46259752
2654 0.49148713
2655 0.51819652
2656 0.44359965
2657 0.51029904
2658 0.48018406
2659 0.47541135
2660 0.53910721
2661 0.53363616
2662 0.52282757
2663 0.58431317
2664 0.60134299
2665 0.57028526
2666 0.70459857
2667 0.74280892
2668 0.54666190
2669 0.48485062
2670 0.51468173
2671 0.39432436
2672 0.42048399
2673 0.43164071
2674 0.35965755
2675 0.38248908
2676 0.28763887
2677 0.28422579
2678 0.50592321
2679 0.33024245
2680 0.38670449
2681 0.39959523
2682 0.33589085
2683 0.35368756
2684 0.46650533
2685 0.49098884
2686 0.53533117
2687 0.53031395
2688 0.54666190
2689 0.74976293
2690 0.72329233
2691 0.59157483
2692 0.64058836
2693 0.69881294
2694 0.58069653
2695 0.59550385
2696 0.62457477
2697 0.49516546
2698 0.57309432
2699 0.55930108
2700 0.60955665
2701 0.55669231
2702 0.59195680
2703 0.58109312
2704 0.57469063
2705 0.57289354
2706 0.72920243
2707 0.63739874
2708 0.71741404
2709 0.74976293
2710 0.67243917
2711 0.70394029
2712 0.61506849
2713 0.67496474
2714 0.60587221
2715 0.58251646
2716 0.58646461
2717 0.57069886
2718 0.63224225
2719 0.65091315
2720 0.59054750
2721 0.54998889
2722 0.52100940
2723 0.67103346
2724 0.55739674
2725 0.55991228
2726 0.66503988
2727 0.60559257
2728 0.58039007
2729 0.72864722
2730 0.67243917
2731 0.51631687
2732 0.50205199
2733 0.44756109
2734 0.44260337
2735 0.46875530
2736 0.42215233
2737 0.40936653
2738 0.35928387
2739 0.45722400
2740 0.44936593
2741 0.36537975
2742 0.39814783
2743 0.35935533
2744 0.38122313
2745 0.43850349
2746 0.51804742
2747 0.46164865
2748 0.40415915
2749 0.43811538
2750 0.50346403
2751 0.51631687
2752 0.51069077
2753 0.41078648
2754 0.47744316
2755 0.42129301
2756 0.51482320
2757 0.43525717
2758 0.44193064
2759 0.44248340
2760 0.45606890
2761 0.43999849
2762 0.39824894
2763 0.44145549
2764 0.45874098
2765 0.35440393
2766 0.46972202
2767 0.51147436
2768 0.47192412
2769 0.42370516
2770 0.43813509
2771 0.47594432
2772 0.51069077
2773 0.38721093
2774 0.45664314
2775 0.40161675
2776 0.46148460
2777 0.47660798
2778 0.41278810
2779 0.32944416
2780 0.36169397
2781 0.41517642
2782 0.41752526
2783 0.33734182
2784 0.43753228
2785 0.40129270
2786 0.43912325
2787 0.35778677
2788 0.35066821
2789 0.40428375
2790 0.38228530
2791 0.32542049
2792 0.42951924
2793 0.38721093
2794 0.44353511
2795 0.42213814
2796 0.41717091
2797 0.41861436
2798 0.44600641
2799 0.44576794
2800 0.45271920
2801 0.45592873
2802 0.46192594
2803 0.41705982
2804 0.34742722
2805 0.43404245
2806 0.37468111
2807 0.39292817
2808 0.34815280
2809 0.47027239
2810 0.47343016
2811 0.41215812
2812 0.51027550
2813 0.43183396
2814 0.44353511
2815 0.46940318
2816 0.46737568
2817 0.54526367
2818 0.51079812
2819 0.44855226
2820 0.53142845
2821 0.50555623
2822 0.52422437
2823 0.43877743
2824 0.53409945
2825 0.46063879
2826 0.46913814
2827 0.46210703
2828 0.48031972
2829 0.46621584
2830 0.45563437
2831 0.47561842
2832 0.51398324
2833 0.49926905
2834 0.58758857
2835 0.46940318
2836 0.43874695
2837 0.38112680
2838 0.41823059
2839 0.43397491
2840 0.39449108
2841 0.36324578
2842 0.35447251
2843 0.40907242
2844 0.27785659
2845 0.46035440
2846 0.30913572
2847 0.31202249
2848 0.29895128
2849 0.33416451
2850 0.35685015
2851 0.32141688
2852 0.42853363
2853 0.41542166
2854 0.41260907
2855 0.36447593
2856 0.43874695
2857 0.58160860
2858 0.58012998
2859 0.56875487
2860 0.41359007
2861 0.47720785
2862 0.36405654
2863 0.46653649
2864 0.39750221
2865 0.50116926
2866 0.36947619
2867 0.45779074
2868 0.49406205
2869 0.41736876
2870 0.40462503
2871 0.44152416
2872 0.39285075
2873 0.46952214
2874 0.43504678
2875 0.52743181
2876 0.47694336
2877 0.58160860
2878 0.59707444
2879 0.52533705
2880 0.49008404
2881 0.46944446
2882 0.40967487
2883 0.47930817
2884 0.46275852
2885 0.43699188
2886 0.38728286
2887 0.42588442
2888 0.42538681
2889 0.42640785
2890 0.37594727
2891 0.35086621
2892 0.40693114
2893 0.48637557
2894 0.39276609
2895 0.48490789
2896 0.54802812
2897 0.39684805
2898 0.59707444
2899 0.67885182
2900 0.61558610
2901 0.57545721
2902 0.56125981
2903 0.53798985
2904 0.50446556
2905 0.44541888
2906 0.51771027
2907 0.45561590
2908 0.46316781
2909 0.43092151
2910 0.50481814
2911 0.54535556
2912 0.46802095
2913 0.52694469
2914 0.47010040
2915 0.41864255
2916 0.56119219
2917 0.58846095
2918 0.69253127
2919 0.67885182
2920 0.63282336
2921 0.60995691
2922 0.50137254
2923 0.51737278
2924 0.41966940
2925 0.48730777
2926 0.37409147
2927 0.44232731
2928 0.54528869
2929 0.44821659
2930 0.37044754
2931 0.39567245
2932 0.44249097
2933 0.41383846
2934 0.42965088
2935 0.48764212
2936 0.51584526
2937 0.47602334
2938 0.51227977
2939 0.50357575
2940 0.63282336
2941 0.62114430
2942 0.52432110
2943 0.53348420
2944 0.44821402
2945 0.39290126
2946 0.46675486
2947 0.45129458
2948 0.43987078
2949 0.42867005
2950 0.40779734
2951 0.50003197
2952 0.45202555
2953 0.45555232
2954 0.43973456
2955 0.45552448
2956 0.40181036
2957 0.57070945
2958 0.52294562
2959 0.55337595
2960 0.60700985
2961 0.62114430
2962 0.46576077
2963 0.44860672
2964 0.50595923
2965 0.36675794
2966 0.35709978
2967 0.42117860
2968 0.38849986
2969 0.38644366
2970 0.43266215
2971 0.39574709
2972 0.39925000
2973 0.42899052
2974 0.37620679
2975 0.42837608
2976 0.43576855
2977 0.39054173
2978 0.43970351
2979 0.41857083
2980 0.49163048
2981 0.48861242
2982 0.46576077
2983 0.48789379
2984 0.47709839
2985 0.37838351
2986 0.43617058
2987 0.41398093
2988 0.45496003
2989 0.41610203
2990 0.36285944
2991 0.46757902
2992 0.37872572
2993 0.40129277
2994 0.45543300
2995 0.38514319
2996 0.43126969
2997 0.42072341
2998 0.41074247
2999 0.40583355
3000 0.46041915
3001 0.47219337
3002 0.45314450
3003 0.48789379
3004 0.46601962
3005 0.39452471
3006 0.43357988
3007 0.34082866
3008 0.49602216
3009 0.46643958
3010 0.45778834
3011 0.43365396
3012 0.44407417
3013 0.46435989
3014 0.47325798
3015 0.39999072
3016 0.46561281
3017 0.41511624
3018 0.43900581
3019 0.38754965
3020 0.40383820
3021 0.41511526
3022 0.44896064
3023 0.53358753
3024 0.46601962
