index DenDen_momentum
1 146.45481537
2 146.37884811
3 146.34796927
4 146.41982715
5 146.42776457
6 146.42163053
7 146.51464747
8 146.55923645
9 146.43748971
10 146.34182416
11 146.41933269
12 146.33235803
13 146.39902808
14 146.43180803
15 146.42888292
16 146.42557175
17 146.42102449
18 146.34581182
19 146.41208412
20 146.48049629
21 146.45481537
22 0.37552343
23 0.40559446
24 0.38917251
25 0.44061386
26 0.52412803
27 0.44603363
28 0.37845383
29 0.39651862
30 0.35654705
31 0.42816875
32 0.40366390
33 0.42355173
34 0.39334092
35 0.40325757
36 0.40226947
37 0.35141147
38 0.38187309
39 0.40995417
40 0.31537905
41 0.42082948
42 0.37552343
43 0.38235813
44 0.40469202
45 0.43151819
46 0.34191243
47 0.36251258
48 0.32456790
49 0.36671201
50 0.39392470
51 0.45662412
52 0.32237505
53 0.39945235
54 0.40236197
55 0.34235117
56 0.43519204
57 0.34057281
58 0.38331892
59 0.41974277
60 0.35321530
61 0.42489323
62 0.42317222
63 0.38235813
64 0.61484383
65 0.54135676
66 0.51772139
67 0.51519839
68 0.57027799
69 0.49962799
70 0.49493753
71 0.49141387
72 0.56536407
73 0.50439460
74 0.51660489
75 0.42684642
76 0.49410452
77 0.56609818
78 0.47889915
79 0.51621519
80 0.45948508
81 0.54158353
82 0.57371169
83 0.59158864
84 0.61484383
85 0.63021375
86 0.57317087
87 0.55838536
88 0.45741689
89 0.51766431
90 0.48702102
91 0.55439999
92 0.49977162
93 0.43047318
94 0.44868378
95 0.49396948
96 0.43043881
97 0.47162317
98 0.52475514
99 0.47970862
100 0.49184248
101 0.54196976
102 0.52297883
103 0.50921733
104 0.59035007
105 0.63021375
106 0.67513282
107 0.58847853
108 0.58614775
109 0.57462404
110 0.45556150
111 0.49144713
112 0.45692041
113 0.40430477
114 0.46702868
115 0.42937670
116 0.45090892
117 0.47309438
118 0.40985142
119 0.40740126
120 0.43619315
121 0.51164600
122 0.53249837
123 0.58437623
124 0.53206311
125 0.63075102
126 0.67513282
127 0.52519073
128 0.53854500
129 0.52410866
130 0.45058355
131 0.38771251
132 0.38701541
133 0.39883632
134 0.38059494
135 0.37798587
136 0.44721098
137 0.41062401
138 0.34347176
139 0.53155211
140 0.35144300
141 0.39968611
142 0.36650687
143 0.47343773
144 0.59005564
145 0.57519368
146 0.55665531
147 0.52519073
148 0.67513282
149 0.58847853
150 0.58614775
151 0.57462404
152 0.45556150
153 0.49144713
154 0.45692041
155 0.40430477
156 0.46702868
157 0.42937670
158 0.45090892
159 0.47309438
160 0.40985142
161 0.40740126
162 0.43619315
163 0.51164600
164 0.53249837
165 0.58437623
166 0.53206311
167 0.63075102
168 0.67513282
169 0.63021375
170 0.57317087
171 0.55838536
172 0.45741689
173 0.51766431
174 0.48702102
175 0.55439999
176 0.49977162
177 0.43047318
178 0.44868378
179 0.49396948
180 0.43043881
181 0.47162317
182 0.52475514
183 0.47970862
184 0.49184248
185 0.54196976
186 0.52297883
187 0.50921733
188 0.59035007
189 0.63021375
190 0.61484383
191 0.54135676
192 0.51772139
193 0.51519839
194 0.57027799
195 0.49962799
196 0.49493753
197 0.49141387
198 0.56536407
199 0.50439460
200 0.51660489
201 0.42684642
202 0.49410452
203 0.56609818
204 0.47889915
205 0.51621519
206 0.45948508
207 0.54158353
208 0.57371169
209 0.59158864
210 0.61484383
211 0.38235813
212 0.40469202
213 0.43151819
214 0.34191243
215 0.36251258
216 0.32456790
217 0.36671201
218 0.39392470
219 0.45662412
220 0.32237505
221 0.39945235
222 0.40236197
223 0.34235117
224 0.43519204
225 0.34057281
226 0.38331892
227 0.41974277
228 0.35321530
229 0.42489323
230 0.42317222
231 0.38235813
232 0.37552343
233 0.40559446
234 0.38917251
235 0.44061386
236 0.52412803
237 0.44603363
238 0.37845383
239 0.39651862
240 0.35654705
241 0.42816875
242 0.40366390
243 0.42355173
244 0.39334092
245 0.40325757
246 0.40226947
247 0.35141147
248 0.38187309
249 0.40995417
250 0.31537905
251 0.42082948
252 0.37552343
253 0.34642702
254 0.38559968
255 0.34851311
256 0.43161205
257 0.41111437
258 0.36201025
259 0.46444244
260 0.42369172
261 0.31734663
262 0.39032002
263 0.42181696
264 0.40269239
265 0.37681327
266 0.39607298
267 0.37408092
268 0.33143535
269 0.34803918
270 0.43069054
271 0.39458743
272 0.38346303
273 0.34642702
274 0.40622378
275 0.44945383
276 0.48084440
277 0.44256146
278 0.46496755
279 0.51263584
280 0.51909659
281 0.43544163
282 0.51780665
283 0.44959918
284 0.47435902
285 0.46455494
286 0.42406364
287 0.46437281
288 0.38741056
289 0.39775439
290 0.48583696
291 0.49967243
292 0.50903850
293 0.50878667
294 0.40622378
295 0.49911963
296 0.36262335
297 0.40375962
298 0.34059218
299 0.38865305
300 0.41733819
301 0.46030355
302 0.46118678
303 0.39911785
304 0.43590672
305 0.38449273
306 0.39384700
307 0.36669827
308 0.44229654
309 0.39815779
310 0.38350332
311 0.42585174
312 0.40864507
313 0.42326191
314 0.43455474
315 0.49911963
316 0.43603086
317 0.37804893
318 0.37711447
319 0.45198965
320 0.36094750
321 0.38055807
322 0.33922885
323 0.44658037
324 0.30553237
325 0.38577381
326 0.39850031
327 0.38577426
328 0.30480287
329 0.37873873
330 0.38926134
331 0.38372171
332 0.40948881
333 0.43876997
334 0.46094419
335 0.44424224
336 0.43603086
337 0.64040101
338 0.59915310
339 0.56340202
340 0.52499373
341 0.60217054
342 0.58951342
343 0.45556007
344 0.49020715
345 0.48463295
346 0.43302263
347 0.53628712
348 0.50628026
349 0.52367659
350 0.49674280
351 0.53541298
352 0.50343604
353 0.52442090
354 0.50399892
355 0.56681911
356 0.64284557
357 0.64040101
358 0.66391081
359 0.60315289
360 0.54758699
361 0.48988256
362 0.52082796
363 0.44479518
364 0.50954849
365 0.44956503
366 0.53759321
367 0.49222597
368 0.44587797
369 0.37584663
370 0.45573783
371 0.48635404
372 0.45530368
373 0.44824036
374 0.50481333
375 0.59671919
376 0.53904691
377 0.58456445
378 0.66391081
379 0.62596422
380 0.67298267
381 0.57592038
382 0.53583415
383 0.49027164
384 0.49384388
385 0.47376884
386 0.42125211
387 0.43124638
388 0.45065550
389 0.55901481
390 0.52368176
391 0.43722453
392 0.43605579
393 0.47657814
394 0.45692737
395 0.48340180
396 0.61684772
397 0.55678765
398 0.61621432
399 0.62596422
400 0.60574880
401 0.58377329
402 0.54718757
403 0.52328545
404 0.42874760
405 0.52339796
406 0.41459747
407 0.41955867
408 0.42632768
409 0.38484448
410 0.43379761
411 0.42137387
412 0.47654835
413 0.48007407
414 0.51345625
415 0.46365749
416 0.54942792
417 0.45067124
418 0.48689359
419 0.58743933
420 0.60574880
421 0.57897136
422 0.47142072
423 0.40492053
424 0.38443071
425 0.40644158
426 0.38170575
427 0.39674895
428 0.37076731
429 0.37256011
430 0.26114718
431 0.34888340
432 0.37401018
433 0.42087406
434 0.34273362
435 0.39041214
436 0.40648001
437 0.40371461
438 0.44537610
439 0.37735213
440 0.48518620
441 0.57897136
442 0.57912626
443 0.44869667
444 0.54268339
445 0.52002626
446 0.40932624
447 0.51024380
448 0.44976586
449 0.39642978
450 0.39006147
451 0.42540247
452 0.36704821
453 0.45995841
454 0.48103423
455 0.43304611
456 0.43678730
457 0.44714861
458 0.46378876
459 0.42886820
460 0.42273362
461 0.49549397
462 0.57912626
463 0.44916908
464 0.45157631
465 0.45849129
466 0.40186688
467 0.38359105
468 0.38805329
469 0.32672054
470 0.42510848
471 0.41688481
472 0.37956554
473 0.40595416
474 0.40269708
475 0.34686113
476 0.36380487
477 0.43677869
478 0.38629435
479 0.31627424
480 0.38925286
481 0.46468267
482 0.44034586
483 0.44916908
484 0.51222730
485 0.38859178
486 0.47451221
487 0.44346159
488 0.39862444
489 0.45439041
490 0.46377502
491 0.41103866
492 0.46111064
493 0.45581875
494 0.45013303
495 0.44000742
496 0.42317824
497 0.35950220
498 0.43359104
499 0.46286641
500 0.47985333
501 0.46468722
502 0.47442178
503 0.45900453
504 0.51222730
505 0.53992871
506 0.49491315
507 0.47586666
508 0.46242393
509 0.51393585
510 0.42538944
511 0.45176286
512 0.45223737
513 0.40071207
514 0.39763104
515 0.45917299
516 0.41674346
517 0.40221927
518 0.46604978
519 0.40879681
520 0.38617209
521 0.50757173
522 0.49649739
523 0.42064980
524 0.47988370
525 0.53992871
526 0.43237179
527 0.43687246
528 0.42378482
529 0.35691118
530 0.41570450
531 0.41177337
532 0.42349913
533 0.37993558
534 0.42148869
535 0.36802077
536 0.32469705
537 0.40297403
538 0.38925587
539 0.32378606
540 0.40527102
541 0.45257372
542 0.39963153
543 0.35799552
544 0.41965572
545 0.49499128
546 0.43237179
547 0.55470595
548 0.59772395
549 0.53874033
550 0.59218273
551 0.41489949
552 0.47126377
553 0.46138106
554 0.44294922
555 0.44482695
556 0.48867170
557 0.45157613
558 0.47536027
559 0.47783959
560 0.54031653
561 0.47678586
562 0.48061827
563 0.54901831
564 0.49406776
565 0.58083273
566 0.47059701
567 0.55470595
568 0.53143707
569 0.57564806
570 0.53789716
571 0.50274108
572 0.52060063
573 0.43933868
574 0.49862133
575 0.42462371
576 0.41579852
577 0.39357557
578 0.35359257
579 0.38600203
580 0.40373083
581 0.43889021
582 0.43695881
583 0.50986663
584 0.48460911
585 0.43975101
586 0.49870893
587 0.53813350
588 0.53143707
589 0.55652164
590 0.56708954
591 0.54720816
592 0.41741756
593 0.45534016
594 0.43934551
595 0.35663090
596 0.44537475
597 0.47323706
598 0.43639957
599 0.45225545
600 0.36936623
601 0.37991996
602 0.45209262
603 0.37822305
604 0.44676215
605 0.49626984
606 0.45341650
607 0.44652520
608 0.49094332
609 0.55652164
610 0.56221419
611 0.60003858
612 0.53191593
613 0.48103832
614 0.45319019
615 0.43238797
616 0.40114740
617 0.43274820
618 0.42694509
619 0.40900649
620 0.45513886
621 0.36892021
622 0.37970440
623 0.37585918
624 0.45301036
625 0.38586298
626 0.44690922
627 0.50985916
628 0.54614673
629 0.59402855
630 0.56221419
631 0.65777499
632 0.61140174
633 0.63463163
634 0.56536414
635 0.47183347
636 0.57580262
637 0.43767663
638 0.44795811
639 0.41942334
640 0.45755046
641 0.41610885
642 0.49076044
643 0.50388370
644 0.45234943
645 0.51277620
646 0.45797386
647 0.49115115
648 0.50490741
649 0.52044541
650 0.61096958
651 0.65777499
652 0.63574693
653 0.52599265
654 0.55158117
655 0.39111870
656 0.47894314
657 0.50379844
658 0.45877705
659 0.49452096
660 0.39943895
661 0.35141360
662 0.46443832
663 0.48274667
664 0.36262611
665 0.44846864
666 0.43520654
667 0.44327506
668 0.49479854
669 0.52720956
670 0.50493914
671 0.51487537
672 0.63574693
673 0.58731257
674 0.57861729
675 0.48600283
676 0.47569714
677 0.41719449
678 0.45491446
679 0.41211445
680 0.45875778
681 0.43393053
682 0.36444754
683 0.39697376
684 0.43517288
685 0.42354331
686 0.42749464
687 0.43451341
688 0.48508759
689 0.43508640
690 0.49084172
691 0.50046127
692 0.60377470
693 0.58731257
694 0.65695430
695 0.67350147
696 0.65856664
697 0.58291406
698 0.63614551
699 0.61322889
700 0.49805754
701 0.49005294
702 0.53191998
703 0.55400762
704 0.51681688
705 0.50952622
706 0.48843368
707 0.53166356
708 0.50216962
709 0.57651507
710 0.58780456
711 0.61513931
712 0.66293366
713 0.62165170
714 0.65695430
715 0.57758497
716 0.52344425
717 0.50820437
718 0.55482567
719 0.46264583
720 0.47229834
721 0.56384837
722 0.54631563
723 0.47528963
724 0.54629151
725 0.52349907
726 0.44196863
727 0.44274025
728 0.44237097
729 0.56506377
730 0.53318599
731 0.43933050
732 0.55746030
733 0.52953923
734 0.47013799
735 0.57758497
736 0.47482643
737 0.40151981
738 0.36158789
739 0.42058206
740 0.49251654
741 0.47073410
742 0.48453256
743 0.47715513
744 0.45991099
745 0.40693444
746 0.44847920
747 0.35739505
748 0.43591365
749 0.40505485
750 0.43010871
751 0.41897564
752 0.39826805
753 0.49369465
754 0.52901359
755 0.45472982
756 0.47482643
757 0.50238500
758 0.53570986
759 0.52935376
760 0.48030334
761 0.39023638
762 0.54453465
763 0.37136849
764 0.37359285
765 0.38306586
766 0.42202981
767 0.45891517
768 0.41278177
769 0.43849288
770 0.34300120
771 0.41689632
772 0.36183472
773 0.42100958
774 0.48122449
775 0.54837515
776 0.41334099
777 0.50238500
778 0.55161802
779 0.55868209
780 0.45985293
781 0.45518953
782 0.54930479
783 0.51972197
784 0.45436061
785 0.46579327
786 0.34452766
787 0.34815146
788 0.37892991
789 0.44870074
790 0.39659678
791 0.45842994
792 0.45342658
793 0.44262030
794 0.45093020
795 0.53157804
796 0.56584172
797 0.55475612
798 0.55161802
799 0.58030611
800 0.59253820
801 0.54959540
802 0.44663537
803 0.49555484
804 0.55397819
805 0.51955255
806 0.53001024
807 0.49826347
808 0.51894072
809 0.39932570
810 0.47112371
811 0.54928642
812 0.48449955
813 0.44633700
814 0.41888353
815 0.50522812
816 0.46969763
817 0.47084578
818 0.53797345
819 0.58030611
820 0.53230828
821 0.48062965
822 0.43384933
823 0.37131636
824 0.44292013
825 0.46281353
826 0.39232498
827 0.33522233
828 0.38860772
829 0.33740038
830 0.31034954
831 0.36994438
832 0.39198186
833 0.37282563
834 0.37378593
835 0.44456534
836 0.46039041
837 0.45552362
838 0.38696122
839 0.43948587
840 0.53230828
841 0.60036642
842 0.55175288
843 0.57873005
844 0.47465394
845 0.50346688
846 0.57900804
847 0.44008796
848 0.43822032
849 0.45618168
850 0.43995637
851 0.53622615
852 0.45991034
853 0.45774680
854 0.46425944
855 0.43283434
856 0.48576129
857 0.44641977
858 0.53425890
859 0.62978508
860 0.66542182
861 0.60036642
862 0.91131795
863 0.69945689
864 0.59544139
865 0.55129157
866 0.64876204
867 0.64689890
868 0.59281432
869 0.55898712
870 0.51791216
871 0.52093243
872 0.51128833
873 0.55164205
874 0.50975933
875 0.48119834
876 0.56345230
877 0.59034041
878 0.63111634
879 0.59505463
880 0.70546876
881 0.73132449
882 0.91131795
883 0.77822367
884 0.68965565
885 0.61426887
886 0.55554354
887 0.56136358
888 0.54991159
889 0.52632304
890 0.51354819
891 0.52730489
892 0.51712016
893 0.52278269
894 0.47865693
895 0.49397212
896 0.52844182
897 0.52866994
898 0.59449310
899 0.56151623
900 0.55523868
901 0.65483693
902 0.65780913
903 0.77822367
904 0.66864527
905 0.61345228
906 0.62827472
907 0.54141137
908 0.56744971
909 0.48000477
910 0.49712875
911 0.49992771
912 0.47781811
913 0.41063694
914 0.50414856
915 0.41905155
916 0.50226038
917 0.50302315
918 0.44585790
919 0.50754499
920 0.54452338
921 0.58122483
922 0.56596002
923 0.69236237
924 0.66864527
925 0.64515644
926 0.63701329
927 0.60513658
928 0.57103639
929 0.50950136
930 0.52284155
931 0.47536243
932 0.43131688
933 0.51538620
934 0.47516015
935 0.47496191
936 0.42666391
937 0.60667446
938 0.49902367
939 0.39420061
940 0.51362674
941 0.53120586
942 0.56261925
943 0.49412991
944 0.64493068
945 0.64515644
946 0.54836110
947 0.47846687
948 0.53456049
949 0.45567281
950 0.36207441
951 0.37781159
952 0.41404520
953 0.35606783
954 0.49280671
955 0.38632423
956 0.39394503
957 0.40787687
958 0.39438690
959 0.42712058
960 0.48730868
961 0.47557685
962 0.45179416
963 0.47570730
964 0.50972558
965 0.53336582
966 0.54836110
967 0.55759696
968 0.53443316
969 0.45254134
970 0.42708882
971 0.45960905
972 0.38716222
973 0.43810864
974 0.41327460
975 0.45258502
976 0.34014829
977 0.42302181
978 0.45077604
979 0.34857362
980 0.45491200
981 0.40266139
982 0.32061401
983 0.36759454
984 0.46824662
985 0.45117772
986 0.48162804
987 0.55759696
988 0.53384489
989 0.53327030
990 0.41559898
991 0.54695488
992 0.45601067
993 0.40514910
994 0.35964011
995 0.38960298
996 0.39730132
997 0.45292295
998 0.42341864
999 0.46870260
1000 0.41667354
1001 0.52271489
1002 0.35946570
1003 0.41889135
1004 0.43268060
1005 0.45061561
1006 0.50598857
1007 0.52396687
1008 0.53384489
1009 0.53348245
1010 0.48813833
1011 0.54569866
1012 0.49376137
1013 0.53434507
1014 0.39080694
1015 0.42365006
1016 0.38535624
1017 0.45810970
1018 0.40860526
1019 0.38694061
1020 0.42023867
1021 0.44863982
1022 0.45819773
1023 0.35834829
1024 0.53584909
1025 0.40149083
1026 0.46057942
1027 0.51573165
1028 0.45585925
1029 0.53348245
1030 0.64770572
1031 0.58705167
1032 0.56608074
1033 0.54542806
1034 0.51355435
1035 0.49663792
1036 0.53823667
1037 0.47534993
1038 0.43717693
1039 0.50691810
1040 0.46364562
1041 0.53146438
1042 0.51518579
1043 0.48544158
1044 0.46877082
1045 0.49100499
1046 0.51120428
1047 0.62998385
1048 0.58655008
1049 0.68468904
1050 0.64770572
1051 0.74234530
1052 0.65336836
1053 0.60390446
1054 0.50185796
1055 0.57063053
1056 0.52405266
1057 0.42222024
1058 0.48811989
1059 0.49973775
1060 0.49614693
1061 0.38976515
1062 0.52524141
1063 0.49123045
1064 0.49646064
1065 0.49916419
1066 0.51572656
1067 0.54418091
1068 0.61299455
1069 0.58763043
1070 0.66940185
1071 0.74234530
1072 0.67642606
1073 0.71939055
1074 0.65641160
1075 0.56214291
1076 0.51291270
1077 0.54032116
1078 0.49092379
1079 0.56168042
1080 0.48950218
1081 0.51428983
1082 0.52513207
1083 0.51296689
1084 0.50344985
1085 0.48297143
1086 0.52328849
1087 0.49580575
1088 0.52892597
1089 0.61369460
1090 0.60494907
1091 0.60526363
1092 0.67642606
1093 0.64541131
1094 0.55936047
1095 0.55056977
1096 0.49750698
1097 0.32968578
1098 0.36237684
1099 0.41803804
1100 0.37686044
1101 0.33691449
1102 0.35750567
1103 0.31427790
1104 0.35713515
1105 0.32462946
1106 0.37609348
1107 0.34931109
1108 0.47711816
1109 0.40455988
1110 0.38847759
1111 0.46130145
1112 0.50385249
1113 0.64541131
1114 0.78372014
1115 0.71401099
1116 0.70872475
1117 0.62226959
1118 0.52511401
1119 0.54924805
1120 0.43777803
1121 0.48735201
1122 0.49380035
1123 0.47017054
1124 0.56425497
1125 0.54372703
1126 0.52498647
1127 0.47720855
1128 0.52638614
1129 0.52515098
1130 0.52869095
1131 0.60414952
1132 0.65561023
1133 0.72565033
1134 0.78372014
1135 0.74885596
1136 0.68298476
1137 0.64647233
1138 0.58868330
1139 0.63001268
1140 0.55910515
1141 0.44684259
1142 0.50585605
1143 0.55221570
1144 0.47991640
1145 0.48074881
1146 0.42796954
1147 0.51750857
1148 0.42150659
1149 0.53592660
1150 0.60039570
1151 0.54773525
1152 0.58754089
1153 0.58395780
1154 0.62499232
1155 0.74885596
1156 0.94090401
1157 0.97531284
1158 0.83220777
1159 0.68113655
1160 0.65106985
1161 0.69319478
1162 0.67128272
1163 0.61793086
1164 0.65959904
1165 0.65163972
1166 0.67699282
1167 0.63626639
1168 0.60573545
1169 0.71056227
1170 0.68782759
1171 0.66948614
1172 0.71806068
1173 0.73538317
1174 0.76920170
1175 0.89926353
1176 0.94090401
1177 0.77486336
1178 0.68957768
1179 0.70644988
1180 0.67599222
1181 0.59054324
1182 0.61166174
1183 0.62727247
1184 0.56776562
1185 0.55855618
1186 0.53397376
1187 0.52850183
1188 0.54656915
1189 0.48157785
1190 0.63027127
1191 0.60787194
1192 0.61901186
1193 0.66162394
1194 0.68745326
1195 0.78619427
1196 0.74929785
1197 0.77486336
1198 0.64301753
1199 0.61062488
1200 0.69373697
1201 0.53019975
1202 0.52392348
1203 0.49684157
1204 0.49017919
1205 0.41595727
1206 0.41911247
1207 0.45751123
1208 0.44739371
1209 0.54546517
1210 0.45359203
1211 0.55338876
1212 0.54932413
1213 0.55437815
1214 0.56676407
1215 0.55110410
1216 0.51614468
1217 0.67189938
1218 0.64301753
1219 0.57570010
1220 0.55926586
1221 0.58021518
1222 0.58565313
1223 0.49317688
1224 0.45575933
1225 0.48853096
1226 0.43011215
1227 0.41606919
1228 0.48320162
1229 0.47404695
1230 0.38624626
1231 0.38216017
1232 0.47041384
1233 0.44373509
1234 0.52427621
1235 0.58943566
1236 0.51523820
1237 0.64354886
1238 0.54140377
1239 0.57570010
1240 0.57938181
1241 0.49017909
1242 0.45215831
1243 0.55745345
1244 0.41802966
1245 0.47600115
1246 0.35502948
1247 0.41682441
1248 0.44332528
1249 0.44146575
1250 0.46829474
1251 0.39919117
1252 0.50300609
1253 0.44695943
1254 0.41619687
1255 0.47885903
1256 0.43987122
1257 0.50362423
1258 0.49660760
1259 0.55613223
1260 0.57938181
1261 0.66056942
1262 0.59695344
1263 0.50599273
1264 0.51889490
1265 0.46356980
1266 0.49550618
1267 0.40173527
1268 0.34733436
1269 0.43694986
1270 0.40479742
1271 0.43100491
1272 0.44331552
1273 0.38823832
1274 0.42403840
1275 0.46699528
1276 0.52144965
1277 0.45556869
1278 0.47924867
1279 0.55711757
1280 0.55532182
1281 0.66056942
1282 0.53848299
1283 0.49508496
1284 0.45016254
1285 0.40381908
1286 0.42255909
1287 0.37777870
1288 0.30632658
1289 0.40361160
1290 0.38105012
1291 0.39092096
1292 0.34088427
1293 0.36565560
1294 0.28053204
1295 0.33097057
1296 0.38450481
1297 0.40689248
1298 0.39667276
1299 0.40197761
1300 0.43061292
1301 0.52359633
1302 0.53848299
1303 0.65239581
1304 0.53990079
1305 0.53586290
1306 0.52288161
1307 0.57975428
1308 0.46835595
1309 0.42056562
1310 0.51843415
1311 0.44867645
1312 0.41247931
1313 0.39922849
1314 0.43287717
1315 0.38739457
1316 0.43743023
1317 0.45537619
1318 0.49560622
1319 0.41808724
1320 0.47393633
1321 0.60611133
1322 0.55191239
1323 0.65239581
1324 0.77909548
1325 0.72577891
1326 0.73198971
1327 0.59344786
1328 0.62136126
1329 0.59510532
1330 0.59428270
1331 0.58049234
1332 0.61199038
1333 0.55490160
1334 0.58092865
1335 0.58587547
1336 0.57591324
1337 0.56878681
1338 0.59839744
1339 0.58336950
1340 0.70214096
1341 0.62076667
1342 0.64937530
1343 0.74696735
1344 0.77909548
1345 0.79511301
1346 0.73736270
1347 0.62214264
1348 0.63139743
1349 0.60552248
1350 0.62642109
1351 0.56888223
1352 0.53782157
1353 0.51128508
1354 0.51918679
1355 0.53995566
1356 0.53712866
1357 0.60288234
1358 0.50731722
1359 0.46088387
1360 0.60911896
1361 0.65144369
1362 0.61403272
1363 0.72716543
1364 0.76838839
1365 0.79511301
1366 0.81372341
1367 0.69484155
1368 0.71495022
1369 0.60999791
1370 0.62188598
1371 0.59581582
1372 0.51668360
1373 0.50644574
1374 0.54615698
1375 0.59028847
1376 0.48659731
1377 0.48749334
1378 0.52914134
1379 0.55358909
1380 0.53591753
1381 0.59075811
1382 0.60441278
1383 0.59696089
1384 0.67627778
1385 0.76853621
1386 0.81372341
1387 0.75815388
1388 0.74934821
1389 0.58305189
1390 0.48930108
1391 0.50289358
1392 0.52181848
1393 0.44749405
1394 0.50078347
1395 0.45970221
1396 0.49022182
1397 0.44660591
1398 0.47374395
1399 0.50995270
1400 0.48976093
1401 0.55062984
1402 0.54684375
1403 0.55589090
1404 0.55468096
1405 0.61933499
1406 0.77918222
1407 0.75815388
1408 0.82632749
1409 0.75231354
1410 0.66965981
1411 0.73071919
1412 0.64179170
1413 0.56215122
1414 0.60626957
1415 0.64210145
1416 0.58244857
1417 0.53423677
1418 0.52218601
1419 0.58658970
1420 0.58126567
1421 0.53711185
1422 0.52821081
1423 0.63771979
1424 0.57611908
1425 0.60087398
1426 0.69078381
1427 0.82878000
1428 0.82632749
1429 0.77792407
1430 0.68839019
1431 0.59740666
1432 0.59941639
1433 0.57471001
1434 0.63228317
1435 0.57846250
1436 0.56649140
1437 0.51562910
1438 0.54134996
1439 0.47581058
1440 0.49230605
1441 0.46083754
1442 0.50162250
1443 0.59437221
1444 0.54158711
1445 0.51240489
1446 0.64296893
1447 0.65936184
1448 0.74944498
1449 0.77792407
1450 0.63439289
1451 0.55127933
1452 0.56260591
1453 0.46939542
1454 0.44098680
1455 0.43843303
1456 0.40859508
1457 0.40877441
1458 0.37578993
1459 0.47290838
1460 0.46500554
1461 0.40116167
1462 0.36063239
1463 0.43640041
1464 0.36065882
1465 0.43650109
1466 0.43194695
1467 0.44008996
1468 0.51183056
1469 0.55774267
1470 0.63439289
1471 0.70754921
1472 0.59639141
1473 0.54858210
1474 0.48862134
1475 0.51735954
1476 0.39427294
1477 0.48023518
1478 0.46558080
1479 0.37985910
1480 0.35000593
1481 0.42574785
1482 0.43971398
1483 0.42971634
1484 0.39903328
1485 0.44329055
1486 0.53913267
1487 0.50772403
1488 0.44462546
1489 0.49500124
1490 0.58410812
1491 0.70754921
1492 0.66033930
1493 0.62828924
1494 0.52164184
1495 0.56692644
1496 0.51799020
1497 0.44367464
1498 0.40276562
1499 0.49532780
1500 0.42775579
1501 0.50882498
1502 0.40005461
1503 0.43799296
1504 0.43764097
1505 0.44534951
1506 0.45015151
1507 0.49078178
1508 0.51119595
1509 0.50395802
1510 0.57177556
1511 0.57924303
1512 0.66033930
1513 0.59570725
1514 0.43608304
1515 0.50273361
1516 0.51498257
1517 0.39879173
1518 0.36235164
1519 0.46257926
1520 0.35602082
1521 0.37063605
1522 0.26982038
1523 0.41583386
1524 0.43477639
1525 0.29754459
1526 0.37926274
1527 0.37950273
1528 0.35779351
1529 0.45366074
1530 0.45606266
1531 0.44745052
1532 0.49811512
1533 0.59570725
1534 0.65041627
1535 0.48604673
1536 0.53772632
1537 0.41582084
1538 0.55755984
1539 0.36352671
1540 0.39037931
1541 0.38341650
1542 0.34158894
1543 0.43689038
1544 0.47383371
1545 0.40334648
1546 0.47213860
1547 0.38282447
1548 0.36028519
1549 0.44345633
1550 0.47349558
1551 0.52103976
1552 0.50532622
1553 0.47637942
1554 0.65041627
1555 0.70458893
1556 0.64883277
1557 0.65400074
1558 0.65798962
1559 0.56770217
1560 0.51378121
1561 0.49529668
1562 0.58337939
1563 0.41706741
1564 0.49097836
1565 0.53552166
1566 0.50099859
1567 0.50236155
1568 0.47448701
1569 0.54604924
1570 0.56856332
1571 0.49050027
1572 0.63691010
1573 0.55403984
1574 0.65272613
1575 0.70458893
1576 0.90731734
1577 0.82644167
1578 0.72991528
1579 0.71649019
1580 0.69757788
1581 0.55837421
1582 0.65917197
1583 0.58969203
1584 0.62888802
1585 0.55978343
1586 0.55807298
1587 0.57798700
1588 0.60983037
1589 0.66225577
1590 0.61313874
1591 0.57417413
1592 0.64353258
1593 0.66409719
1594 0.65895931
1595 0.80160909
1596 0.90731734
1597 0.77743776
1598 0.60192063
1599 0.60541658
1600 0.61954060
1601 0.53152957
1602 0.50444987
1603 0.50263159
1604 0.51637257
1605 0.39636301
1606 0.53693693
1607 0.55868820
1608 0.43256207
1609 0.46327726
1610 0.47057344
1611 0.53635519
1612 0.59048408
1613 0.55211497
1614 0.59940340
1615 0.61728061
1616 0.69845023
1617 0.77743776
1618 0.82812120
1619 0.71146874
1620 0.61770575
1621 0.67710223
1622 0.55707542
1623 0.57250996
1624 0.52372105
1625 0.54844241
1626 0.53174867
1627 0.48122595
1628 0.52990113
1629 0.53222390
1630 0.59291074
1631 0.59331639
1632 0.52666619
1633 0.55261578
1634 0.52627569
1635 0.62874999
1636 0.70268700
1637 0.74308673
1638 0.82812120
1639 0.98488716
1640 0.99926800
1641 0.77986547
1642 0.80889340
1643 0.68971247
1644 0.65924570
1645 0.63560259
1646 0.70312354
1647 0.57363401
1648 0.64910321
1649 0.76414253
1650 0.78593972
1651 0.75623047
1652 0.64872332
1653 0.70695991
1654 0.61069392
1655 0.81301099
1656 0.73249241
1657 0.86886210
1658 0.82828655
1659 0.98488716
1660 0.82812120
1661 0.71146874
1662 0.61770575
1663 0.67710223
1664 0.55707542
1665 0.57250996
1666 0.52372105
1667 0.54844241
1668 0.53174867
1669 0.48122595
1670 0.52990113
1671 0.53222390
1672 0.59291074
1673 0.59331639
1674 0.52666619
1675 0.55261578
1676 0.52627569
1677 0.62874999
1678 0.70268700
1679 0.74308673
1680 0.82812120
1681 0.77743776
1682 0.60192063
1683 0.60541658
1684 0.61954060
1685 0.53152957
1686 0.50444987
1687 0.50263159
1688 0.51637257
1689 0.39636301
1690 0.53693693
1691 0.55868820
1692 0.43256207
1693 0.46327726
1694 0.47057344
1695 0.53635519
1696 0.59048408
1697 0.55211497
1698 0.59940340
1699 0.61728061
1700 0.69845023
1701 0.77743776
1702 0.90731734
1703 0.82644167
1704 0.72991528
1705 0.71649019
1706 0.69757788
1707 0.55837421
1708 0.65917197
1709 0.58969203
1710 0.62888802
1711 0.55978343
1712 0.55807298
1713 0.57798700
1714 0.60983037
1715 0.66225577
1716 0.61313874
1717 0.57417413
1718 0.64353258
1719 0.66409719
1720 0.65895931
1721 0.80160909
1722 0.90731734
1723 0.70458893
1724 0.64883277
1725 0.65400074
1726 0.65798962
1727 0.56770217
1728 0.51378121
1729 0.49529668
1730 0.58337939
1731 0.41706741
1732 0.49097836
1733 0.53552166
1734 0.50099859
1735 0.50236155
1736 0.47448701
1737 0.54604924
1738 0.56856332
1739 0.49050027
1740 0.63691010
1741 0.55403984
1742 0.65272613
1743 0.70458893
1744 0.65041627
1745 0.48604673
1746 0.53772632
1747 0.41582084
1748 0.55755984
1749 0.36352671
1750 0.39037931
1751 0.38341650
1752 0.34158894
1753 0.43689038
1754 0.47383371
1755 0.40334648
1756 0.47213860
1757 0.38282447
1758 0.36028519
1759 0.44345633
1760 0.47349558
1761 0.52103976
1762 0.50532622
1763 0.47637942
1764 0.65041627
1765 0.66056942
1766 0.59695344
1767 0.50599273
1768 0.51889490
1769 0.46356980
1770 0.49550618
1771 0.40173527
1772 0.34733436
1773 0.43694986
1774 0.40479742
1775 0.43100491
1776 0.44331552
1777 0.38823832
1778 0.42403840
1779 0.46699528
1780 0.52144965
1781 0.45556869
1782 0.47924867
1783 0.55711757
1784 0.55532182
1785 0.66056942
1786 0.66033930
1787 0.62828924
1788 0.52164184
1789 0.56692644
1790 0.51799020
1791 0.44367464
1792 0.40276562
1793 0.49532780
1794 0.42775579
1795 0.50882498
1796 0.40005461
1797 0.43799296
1798 0.43764097
1799 0.44534951
1800 0.45015151
1801 0.49078178
1802 0.51119595
1803 0.50395802
1804 0.57177556
1805 0.57924303
1806 0.66033930
1807 0.70754921
1808 0.59639141
1809 0.54858210
1810 0.48862134
1811 0.51735954
1812 0.39427294
1813 0.48023518
1814 0.46558080
1815 0.37985910
1816 0.35000593
1817 0.42574785
1818 0.43971398
1819 0.42971634
1820 0.39903328
1821 0.44329055
1822 0.53913267
1823 0.50772403
1824 0.44462546
1825 0.49500124
1826 0.58410812
1827 0.70754921
1828 0.63439289
1829 0.55127933
1830 0.56260591
1831 0.46939542
1832 0.44098680
1833 0.43843303
1834 0.40859508
1835 0.40877441
1836 0.37578993
1837 0.47290838
1838 0.46500554
1839 0.40116167
1840 0.36063239
1841 0.43640041
1842 0.36065882
1843 0.43650109
1844 0.43194695
1845 0.44008996
1846 0.51183056
1847 0.55774267
1848 0.63439289
1849 0.77792407
1850 0.68839019
1851 0.59740666
1852 0.59941639
1853 0.57471001
1854 0.63228317
1855 0.57846250
1856 0.56649140
1857 0.51562910
1858 0.54134996
1859 0.47581058
1860 0.49230605
1861 0.46083754
1862 0.50162250
1863 0.59437221
1864 0.54158711
1865 0.51240489
1866 0.64296893
1867 0.65936184
1868 0.74944498
1869 0.77792407
1870 0.82632749
1871 0.75231354
1872 0.66965981
1873 0.73071919
1874 0.64179170
1875 0.56215122
1876 0.60626957
1877 0.64210145
1878 0.58244857
1879 0.53423677
1880 0.52218601
1881 0.58658970
1882 0.58126567
1883 0.53711185
1884 0.52821081
1885 0.63771979
1886 0.57611908
1887 0.60087398
1888 0.69078381
1889 0.82878000
1890 0.82632749
1891 0.75815388
1892 0.74934821
1893 0.58305189
1894 0.48930108
1895 0.50289358
1896 0.52181848
1897 0.44749405
1898 0.50078347
1899 0.45970221
1900 0.49022182
1901 0.44660591
1902 0.47374395
1903 0.50995270
1904 0.48976093
1905 0.55062984
1906 0.54684375
1907 0.55589090
1908 0.55468096
1909 0.61933499
1910 0.77918222
1911 0.75815388
1912 0.81372341
1913 0.69484155
1914 0.71495022
1915 0.60999791
1916 0.62188598
1917 0.59581582
1918 0.51668360
1919 0.50644574
1920 0.54615698
1921 0.59028847
1922 0.48659731
1923 0.48749334
1924 0.52914134
1925 0.55358909
1926 0.53591753
1927 0.59075811
1928 0.60441278
1929 0.59696089
1930 0.67627778
1931 0.76853621
1932 0.81372341
1933 0.79511301
1934 0.73736270
1935 0.62214264
1936 0.63139743
1937 0.60552248
1938 0.62642109
1939 0.56888223
1940 0.53782157
1941 0.51128508
1942 0.51918679
1943 0.53995566
1944 0.53712866
1945 0.60288234
1946 0.50731722
1947 0.46088387
1948 0.60911896
1949 0.65144369
1950 0.61403272
1951 0.72716543
1952 0.76838839
1953 0.79511301
1954 0.77909548
1955 0.72577891
1956 0.73198971
1957 0.59344786
1958 0.62136126
1959 0.59510532
1960 0.59428270
1961 0.58049234
1962 0.61199038
1963 0.55490160
1964 0.58092865
1965 0.58587547
1966 0.57591324
1967 0.56878681
1968 0.59839744
1969 0.58336950
1970 0.70214096
1971 0.62076667
1972 0.64937530
1973 0.74696735
1974 0.77909548
1975 0.65239581
1976 0.53990079
1977 0.53586290
1978 0.52288161
1979 0.57975428
1980 0.46835595
1981 0.42056562
1982 0.51843415
1983 0.44867645
1984 0.41247931
1985 0.39922849
1986 0.43287717
1987 0.38739457
1988 0.43743023
1989 0.45537619
1990 0.49560622
1991 0.41808724
1992 0.47393633
1993 0.60611133
1994 0.55191239
1995 0.65239581
1996 0.53848299
1997 0.49508496
1998 0.45016254
1999 0.40381908
2000 0.42255909
2001 0.37777870
2002 0.30632658
2003 0.40361160
2004 0.38105012
2005 0.39092096
2006 0.34088427
2007 0.36565560
2008 0.28053204
2009 0.33097057
2010 0.38450481
2011 0.40689248
2012 0.39667276
2013 0.40197761
2014 0.43061292
2015 0.52359633
2016 0.53848299
2017 0.53348245
2018 0.48813833
2019 0.54569866
2020 0.49376137
2021 0.53434507
2022 0.39080694
2023 0.42365006
2024 0.38535624
2025 0.45810970
2026 0.40860526
2027 0.38694061
2028 0.42023867
2029 0.44863982
2030 0.45819773
2031 0.35834829
2032 0.53584909
2033 0.40149083
2034 0.46057942
2035 0.51573165
2036 0.45585925
2037 0.53348245
2038 0.57938181
2039 0.49017909
2040 0.45215831
2041 0.55745345
2042 0.41802966
2043 0.47600115
2044 0.35502948
2045 0.41682441
2046 0.44332528
2047 0.44146575
2048 0.46829474
2049 0.39919117
2050 0.50300609
2051 0.44695943
2052 0.41619687
2053 0.47885903
2054 0.43987122
2055 0.50362423
2056 0.49660760
2057 0.55613223
2058 0.57938181
2059 0.57570010
2060 0.55926586
2061 0.58021518
2062 0.58565313
2063 0.49317688
2064 0.45575933
2065 0.48853096
2066 0.43011215
2067 0.41606919
2068 0.48320162
2069 0.47404695
2070 0.38624626
2071 0.38216017
2072 0.47041384
2073 0.44373509
2074 0.52427621
2075 0.58943566
2076 0.51523820
2077 0.64354886
2078 0.54140377
2079 0.57570010
2080 0.64301753
2081 0.61062488
2082 0.69373697
2083 0.53019975
2084 0.52392348
2085 0.49684157
2086 0.49017919
2087 0.41595727
2088 0.41911247
2089 0.45751123
2090 0.44739371
2091 0.54546517
2092 0.45359203
2093 0.55338876
2094 0.54932413
2095 0.55437815
2096 0.56676407
2097 0.55110410
2098 0.51614468
2099 0.67189938
2100 0.64301753
2101 0.77486336
2102 0.68957768
2103 0.70644988
2104 0.67599222
2105 0.59054324
2106 0.61166174
2107 0.62727247
2108 0.56776562
2109 0.55855618
2110 0.53397376
2111 0.52850183
2112 0.54656915
2113 0.48157785
2114 0.63027127
2115 0.60787194
2116 0.61901186
2117 0.66162394
2118 0.68745326
2119 0.78619427
2120 0.74929785
2121 0.77486336
2122 0.94090401
2123 0.97531284
2124 0.83220777
2125 0.68113655
2126 0.65106985
2127 0.69319478
2128 0.67128272
2129 0.61793086
2130 0.65959904
2131 0.65163972
2132 0.67699282
2133 0.63626639
2134 0.60573545
2135 0.71056227
2136 0.68782759
2137 0.66948614
2138 0.71806068
2139 0.73538317
2140 0.76920170
2141 0.89926353
2142 0.94090401
2143 0.74885596
2144 0.68298476
2145 0.64647233
2146 0.58868330
2147 0.63001268
2148 0.55910515
2149 0.44684259
2150 0.50585605
2151 0.55221570
2152 0.47991640
2153 0.48074881
2154 0.42796954
2155 0.51750857
2156 0.42150659
2157 0.53592660
2158 0.60039570
2159 0.54773525
2160 0.58754089
2161 0.58395780
2162 0.62499232
2163 0.74885596
2164 0.78372014
2165 0.71401099
2166 0.70872475
2167 0.62226959
2168 0.52511401
2169 0.54924805
2170 0.43777803
2171 0.48735201
2172 0.49380035
2173 0.47017054
2174 0.56425497
2175 0.54372703
2176 0.52498647
2177 0.47720855
2178 0.52638614
2179 0.52515098
2180 0.52869095
2181 0.60414952
2182 0.65561023
2183 0.72565033
2184 0.78372014
2185 0.64541131
2186 0.55936047
2187 0.55056977
2188 0.49750698
2189 0.32968578
2190 0.36237684
2191 0.41803804
2192 0.37686044
2193 0.33691449
2194 0.35750567
2195 0.31427790
2196 0.35713515
2197 0.32462946
2198 0.37609348
2199 0.34931109
2200 0.47711816
2201 0.40455988
2202 0.38847759
2203 0.46130145
2204 0.50385249
2205 0.64541131
2206 0.67642606
2207 0.71939055
2208 0.65641160
2209 0.56214291
2210 0.51291270
2211 0.54032116
2212 0.49092379
2213 0.56168042
2214 0.48950218
2215 0.51428983
2216 0.52513207
2217 0.51296689
2218 0.50344985
2219 0.48297143
2220 0.52328849
2221 0.49580575
2222 0.52892597
2223 0.61369460
2224 0.60494907
2225 0.60526363
2226 0.67642606
2227 0.74234530
2228 0.65336836
2229 0.60390446
2230 0.50185796
2231 0.57063053
2232 0.52405266
2233 0.42222024
2234 0.48811989
2235 0.49973775
2236 0.49614693
2237 0.38976515
2238 0.52524141
2239 0.49123045
2240 0.49646064
2241 0.49916419
2242 0.51572656
2243 0.54418091
2244 0.61299455
2245 0.58763043
2246 0.66940185
2247 0.74234530
2248 0.64770572
2249 0.58705167
2250 0.56608074
2251 0.54542806
2252 0.51355435
2253 0.49663792
2254 0.53823667
2255 0.47534993
2256 0.43717693
2257 0.50691810
2258 0.46364562
2259 0.53146438
2260 0.51518579
2261 0.48544158
2262 0.46877082
2263 0.49100499
2264 0.51120428
2265 0.62998385
2266 0.58655008
2267 0.68468904
2268 0.64770572
2269 0.50238500
2270 0.53570986
2271 0.52935376
2272 0.48030334
2273 0.39023638
2274 0.54453465
2275 0.37136849
2276 0.37359285
2277 0.38306586
2278 0.42202981
2279 0.45891517
2280 0.41278177
2281 0.43849288
2282 0.34300120
2283 0.41689632
2284 0.36183472
2285 0.42100958
2286 0.48122449
2287 0.54837515
2288 0.41334099
2289 0.50238500
2290 0.53384489
2291 0.53327030
2292 0.41559898
2293 0.54695488
2294 0.45601067
2295 0.40514910
2296 0.35964011
2297 0.38960298
2298 0.39730132
2299 0.45292295
2300 0.42341864
2301 0.46870260
2302 0.41667354
2303 0.52271489
2304 0.35946570
2305 0.41889135
2306 0.43268060
2307 0.45061561
2308 0.50598857
2309 0.52396687
2310 0.53384489
2311 0.55759696
2312 0.53443316
2313 0.45254134
2314 0.42708882
2315 0.45960905
2316 0.38716222
2317 0.43810864
2318 0.41327460
2319 0.45258502
2320 0.34014829
2321 0.42302181
2322 0.45077604
2323 0.34857362
2324 0.45491200
2325 0.40266139
2326 0.32061401
2327 0.36759454
2328 0.46824662
2329 0.45117772
2330 0.48162804
2331 0.55759696
2332 0.54836110
2333 0.47846687
2334 0.53456049
2335 0.45567281
2336 0.36207441
2337 0.37781159
2338 0.41404520
2339 0.35606783
2340 0.49280671
2341 0.38632423
2342 0.39394503
2343 0.40787687
2344 0.39438690
2345 0.42712058
2346 0.48730868
2347 0.47557685
2348 0.45179416
2349 0.47570730
2350 0.50972558
2351 0.53336582
2352 0.54836110
2353 0.64515644
2354 0.63701329
2355 0.60513658
2356 0.57103639
2357 0.50950136
2358 0.52284155
2359 0.47536243
2360 0.43131688
2361 0.51538620
2362 0.47516015
2363 0.47496191
2364 0.42666391
2365 0.60667446
2366 0.49902367
2367 0.39420061
2368 0.51362674
2369 0.53120586
2370 0.56261925
2371 0.49412991
2372 0.64493068
2373 0.64515644
2374 0.66864527
2375 0.61345228
2376 0.62827472
2377 0.54141137
2378 0.56744971
2379 0.48000477
2380 0.49712875
2381 0.49992771
2382 0.47781811
2383 0.41063694
2384 0.50414856
2385 0.41905155
2386 0.50226038
2387 0.50302315
2388 0.44585790
2389 0.50754499
2390 0.54452338
2391 0.58122483
2392 0.56596002
2393 0.69236237
2394 0.66864527
2395 0.77822367
2396 0.68965565
2397 0.61426887
2398 0.55554354
2399 0.56136358
2400 0.54991159
2401 0.52632304
2402 0.51354819
2403 0.52730489
2404 0.51712016
2405 0.52278269
2406 0.47865693
2407 0.49397212
2408 0.52844182
2409 0.52866994
2410 0.59449310
2411 0.56151623
2412 0.55523868
2413 0.65483693
2414 0.65780913
2415 0.77822367
2416 0.91131795
2417 0.69945689
2418 0.59544139
2419 0.55129157
2420 0.64876204
2421 0.64689890
2422 0.59281432
2423 0.55898712
2424 0.51791216
2425 0.52093243
2426 0.51128833
2427 0.55164205
2428 0.50975933
2429 0.48119834
2430 0.56345230
2431 0.59034041
2432 0.63111634
2433 0.59505463
2434 0.70546876
2435 0.73132449
2436 0.91131795
2437 0.60036642
2438 0.55175288
2439 0.57873005
2440 0.47465394
2441 0.50346688
2442 0.57900804
2443 0.44008796
2444 0.43822032
2445 0.45618168
2446 0.43995637
2447 0.53622615
2448 0.45991034
2449 0.45774680
2450 0.46425944
2451 0.43283434
2452 0.48576129
2453 0.44641977
2454 0.53425890
2455 0.62978508
2456 0.66542182
2457 0.60036642
2458 0.53230828
2459 0.48062965
2460 0.43384933
2461 0.37131636
2462 0.44292013
2463 0.46281353
2464 0.39232498
2465 0.33522233
2466 0.38860772
2467 0.33740038
2468 0.31034954
2469 0.36994438
2470 0.39198186
2471 0.37282563
2472 0.37378593
2473 0.44456534
2474 0.46039041
2475 0.45552362
2476 0.38696122
2477 0.43948587
2478 0.53230828
2479 0.58030611
2480 0.59253820
2481 0.54959540
2482 0.44663537
2483 0.49555484
2484 0.55397819
2485 0.51955255
2486 0.53001024
2487 0.49826347
2488 0.51894072
2489 0.39932570
2490 0.47112371
2491 0.54928642
2492 0.48449955
2493 0.44633700
2494 0.41888353
2495 0.50522812
2496 0.46969763
2497 0.47084578
2498 0.53797345
2499 0.58030611
2500 0.55161802
2501 0.55868209
2502 0.45985293
2503 0.45518953
2504 0.54930479
2505 0.51972197
2506 0.45436061
2507 0.46579327
2508 0.34452766
2509 0.34815146
2510 0.37892991
2511 0.44870074
2512 0.39659678
2513 0.45842994
2514 0.45342658
2515 0.44262030
2516 0.45093020
2517 0.53157804
2518 0.56584172
2519 0.55475612
2520 0.55161802
2521 0.53992871
2522 0.49491315
2523 0.47586666
2524 0.46242393
2525 0.51393585
2526 0.42538944
2527 0.45176286
2528 0.45223737
2529 0.40071207
2530 0.39763104
2531 0.45917299
2532 0.41674346
2533 0.40221927
2534 0.46604978
2535 0.40879681
2536 0.38617209
2537 0.50757173
2538 0.49649739
2539 0.42064980
2540 0.47988370
2541 0.53992871
2542 0.47482643
2543 0.40151981
2544 0.36158789
2545 0.42058206
2546 0.49251654
2547 0.47073410
2548 0.48453256
2549 0.47715513
2550 0.45991099
2551 0.40693444
2552 0.44847920
2553 0.35739505
2554 0.43591365
2555 0.40505485
2556 0.43010871
2557 0.41897564
2558 0.39826805
2559 0.49369465
2560 0.52901359
2561 0.45472982
2562 0.47482643
2563 0.57758497
2564 0.52344425
2565 0.50820437
2566 0.55482567
2567 0.46264583
2568 0.47229834
2569 0.56384837
2570 0.54631563
2571 0.47528963
2572 0.54629151
2573 0.52349907
2574 0.44196863
2575 0.44274025
2576 0.44237097
2577 0.56506377
2578 0.53318599
2579 0.43933050
2580 0.55746030
2581 0.52953923
2582 0.47013799
2583 0.57758497
2584 0.65695430
2585 0.67350147
2586 0.65856664
2587 0.58291406
2588 0.63614551
2589 0.61322889
2590 0.49805754
2591 0.49005294
2592 0.53191998
2593 0.55400762
2594 0.51681688
2595 0.50952622
2596 0.48843368
2597 0.53166356
2598 0.50216962
2599 0.57651507
2600 0.58780456
2601 0.61513931
2602 0.66293366
2603 0.62165170
2604 0.65695430
2605 0.58731257
2606 0.57861729
2607 0.48600283
2608 0.47569714
2609 0.41719449
2610 0.45491446
2611 0.41211445
2612 0.45875778
2613 0.43393053
2614 0.36444754
2615 0.39697376
2616 0.43517288
2617 0.42354331
2618 0.42749464
2619 0.43451341
2620 0.48508759
2621 0.43508640
2622 0.49084172
2623 0.50046127
2624 0.60377470
2625 0.58731257
2626 0.63574693
2627 0.52599265
2628 0.55158117
2629 0.39111870
2630 0.47894314
2631 0.50379844
2632 0.45877705
2633 0.49452096
2634 0.39943895
2635 0.35141360
2636 0.46443832
2637 0.48274667
2638 0.36262611
2639 0.44846864
2640 0.43520654
2641 0.44327506
2642 0.49479854
2643 0.52720956
2644 0.50493914
2645 0.51487537
2646 0.63574693
2647 0.65777499
2648 0.61140174
2649 0.63463163
2650 0.56536414
2651 0.47183347
2652 0.57580262
2653 0.43767663
2654 0.44795811
2655 0.41942334
2656 0.45755046
2657 0.41610885
2658 0.49076044
2659 0.50388370
2660 0.45234943
2661 0.51277620
2662 0.45797386
2663 0.49115115
2664 0.50490741
2665 0.52044541
2666 0.61096958
2667 0.65777499
2668 0.56221419
2669 0.60003858
2670 0.53191593
2671 0.48103832
2672 0.45319019
2673 0.43238797
2674 0.40114740
2675 0.43274820
2676 0.42694509
2677 0.40900649
2678 0.45513886
2679 0.36892021
2680 0.37970440
2681 0.37585918
2682 0.45301036
2683 0.38586298
2684 0.44690922
2685 0.50985916
2686 0.54614673
2687 0.59402855
2688 0.56221419
2689 0.55652164
2690 0.56708954
2691 0.54720816
2692 0.41741756
2693 0.45534016
2694 0.43934551
2695 0.35663090
2696 0.44537475
2697 0.47323706
2698 0.43639957
2699 0.45225545
2700 0.36936623
2701 0.37991996
2702 0.45209262
2703 0.37822305
2704 0.44676215
2705 0.49626984
2706 0.45341650
2707 0.44652520
2708 0.49094332
2709 0.55652164
2710 0.53143707
2711 0.57564806
2712 0.53789716
2713 0.50274108
2714 0.52060063
2715 0.43933868
2716 0.49862133
2717 0.42462371
2718 0.41579852
2719 0.39357557
2720 0.35359257
2721 0.38600203
2722 0.40373083
2723 0.43889021
2724 0.43695881
2725 0.50986663
2726 0.48460911
2727 0.43975101
2728 0.49870893
2729 0.53813350
2730 0.53143707
2731 0.55470595
2732 0.59772395
2733 0.53874033
2734 0.59218273
2735 0.41489949
2736 0.47126377
2737 0.46138106
2738 0.44294922
2739 0.44482695
2740 0.48867170
2741 0.45157613
2742 0.47536027
2743 0.47783959
2744 0.54031653
2745 0.47678586
2746 0.48061827
2747 0.54901831
2748 0.49406776
2749 0.58083273
2750 0.47059701
2751 0.55470595
2752 0.43237179
2753 0.43687246
2754 0.42378482
2755 0.35691118
2756 0.41570450
2757 0.41177337
2758 0.42349913
2759 0.37993558
2760 0.42148869
2761 0.36802077
2762 0.32469705
2763 0.40297403
2764 0.38925587
2765 0.32378606
2766 0.40527102
2767 0.45257372
2768 0.39963153
2769 0.35799552
2770 0.41965572
2771 0.49499128
2772 0.43237179
2773 0.34642702
2774 0.38559968
2775 0.34851311
2776 0.43161205
2777 0.41111437
2778 0.36201025
2779 0.46444244
2780 0.42369172
2781 0.31734663
2782 0.39032002
2783 0.42181696
2784 0.40269239
2785 0.37681327
2786 0.39607298
2787 0.37408092
2788 0.33143535
2789 0.34803918
2790 0.43069054
2791 0.39458743
2792 0.38346303
2793 0.34642702
2794 0.51222730
2795 0.38859178
2796 0.47451221
2797 0.44346159
2798 0.39862444
2799 0.45439041
2800 0.46377502
2801 0.41103866
2802 0.46111064
2803 0.45581875
2804 0.45013303
2805 0.44000742
2806 0.42317824
2807 0.35950220
2808 0.43359104
2809 0.46286641
2810 0.47985333
2811 0.46468722
2812 0.47442178
2813 0.45900453
2814 0.51222730
2815 0.44916908
2816 0.45157631
2817 0.45849129
2818 0.40186688
2819 0.38359105
2820 0.38805329
2821 0.32672054
2822 0.42510848
2823 0.41688481
2824 0.37956554
2825 0.40595416
2826 0.40269708
2827 0.34686113
2828 0.36380487
2829 0.43677869
2830 0.38629435
2831 0.31627424
2832 0.38925286
2833 0.46468267
2834 0.44034586
2835 0.44916908
2836 0.57912626
2837 0.44869667
2838 0.54268339
2839 0.52002626
2840 0.40932624
2841 0.51024380
2842 0.44976586
2843 0.39642978
2844 0.39006147
2845 0.42540247
2846 0.36704821
2847 0.45995841
2848 0.48103423
2849 0.43304611
2850 0.43678730
2851 0.44714861
2852 0.46378876
2853 0.42886820
2854 0.42273362
2855 0.49549397
2856 0.57912626
2857 0.57897136
2858 0.47142072
2859 0.40492053
2860 0.38443071
2861 0.40644158
2862 0.38170575
2863 0.39674895
2864 0.37076731
2865 0.37256011
2866 0.26114718
2867 0.34888340
2868 0.37401018
2869 0.42087406
2870 0.34273362
2871 0.39041214
2872 0.40648001
2873 0.40371461
2874 0.44537610
2875 0.37735213
2876 0.48518620
2877 0.57897136
2878 0.60574880
2879 0.58377329
2880 0.54718757
2881 0.52328545
2882 0.42874760
2883 0.52339796
2884 0.41459747
2885 0.41955867
2886 0.42632768
2887 0.38484448
2888 0.43379761
2889 0.42137387
2890 0.47654835
2891 0.48007407
2892 0.51345625
2893 0.46365749
2894 0.54942792
2895 0.45067124
2896 0.48689359
2897 0.58743933
2898 0.60574880
2899 0.62596422
2900 0.67298267
2901 0.57592038
2902 0.53583415
2903 0.49027164
2904 0.49384388
2905 0.47376884
2906 0.42125211
2907 0.43124638
2908 0.45065550
2909 0.55901481
2910 0.52368176
2911 0.43722453
2912 0.43605579
2913 0.47657814
2914 0.45692737
2915 0.48340180
2916 0.61684772
2917 0.55678765
2918 0.61621432
2919 0.62596422
2920 0.66391081
2921 0.60315289
2922 0.54758699
2923 0.48988256
2924 0.52082796
2925 0.44479518
2926 0.50954849
2927 0.44956503
2928 0.53759321
2929 0.49222597
2930 0.44587797
2931 0.37584663
2932 0.45573783
2933 0.48635404
2934 0.45530368
2935 0.44824036
2936 0.50481333
2937 0.59671919
2938 0.53904691
2939 0.58456445
2940 0.66391081
2941 0.64040101
2942 0.59915310
2943 0.56340202
2944 0.52499373
2945 0.60217054
2946 0.58951342
2947 0.45556007
2948 0.49020715
2949 0.48463295
2950 0.43302263
2951 0.53628712
2952 0.50628026
2953 0.52367659
2954 0.49674280
2955 0.53541298
2956 0.50343604
2957 0.52442090
2958 0.50399892
2959 0.56681911
2960 0.64284557
2961 0.64040101
2962 0.43603086
2963 0.37804893
2964 0.37711447
2965 0.45198965
2966 0.36094750
2967 0.38055807
2968 0.33922885
2969 0.44658037
2970 0.30553237
2971 0.38577381
2972 0.39850031
2973 0.38577426
2974 0.30480287
2975 0.37873873
2976 0.38926134
2977 0.38372171
2978 0.40948881
2979 0.43876997
2980 0.46094419
2981 0.44424224
2982 0.43603086
2983 0.49911963
2984 0.36262335
2985 0.40375962
2986 0.34059218
2987 0.38865305
2988 0.41733819
2989 0.46030355
2990 0.46118678
2991 0.39911785
2992 0.43590672
2993 0.38449273
2994 0.39384700
2995 0.36669827
2996 0.44229654
2997 0.39815779
2998 0.38350332
2999 0.42585174
3000 0.40864507
3001 0.42326191
3002 0.43455474
3003 0.49911963
3004 0.40622378
3005 0.44945383
3006 0.48084440
3007 0.44256146
3008 0.46496755
3009 0.51263584
3010 0.51909659
3011 0.43544163
3012 0.51780665
3013 0.44959918
3014 0.47435902
3015 0.46455494
3016 0.42406364
3017 0.46437281
3018 0.38741056
3019 0.39775439
3020 0.48583696
3021 0.49967243
3022 0.50903850
3023 0.50878667
3024 0.40622378
